6.309524774551391602e-01
6.358127593994140625e-01
6.412144899368286133e-01
6.632860302925109863e-01
6.455930471420288086e-01
6.676552295684814453e-01
6.546016335487365723e-01
6.599435806274414062e-01
6.795113086700439453e-01
6.637250781059265137e-01
6.776774525642395020e-01
6.626130342483520508e-01
6.635621190071105957e-01
6.545416116714477539e-01
6.813262104988098145e-01
6.814933419227600098e-01
6.755884289741516113e-01
6.827505826950073242e-01
6.699806451797485352e-01
6.843210458755493164e-01
6.800538301467895508e-01
6.802825331687927246e-01
6.749833226203918457e-01
7.064725756645202637e-01
6.966059207916259766e-01
6.925680041313171387e-01
6.904173493385314941e-01
7.041334509849548340e-01
6.877900362014770508e-01
6.895338296890258789e-01
6.922913193702697754e-01
7.020954489707946777e-01
7.017874121665954590e-01
6.980717182159423828e-01
7.002978920936584473e-01
6.925432682037353516e-01
7.006449103355407715e-01
6.973177790641784668e-01
7.092423439025878906e-01
7.186087369918823242e-01
7.145929932594299316e-01
6.902349591255187988e-01
6.992297768592834473e-01
6.939551234245300293e-01
6.926383972167968750e-01
6.933777928352355957e-01
7.008451223373413086e-01
7.176019549369812012e-01
7.077742218971252441e-01
6.952100992202758789e-01
7.176619172096252441e-01
7.075912952423095703e-01
7.126944661140441895e-01
7.178997993469238281e-01
7.204238772392272949e-01
7.211401462554931641e-01
7.050832509994506836e-01
6.940156817436218262e-01
6.941512227058410645e-01
7.282625436782836914e-01
7.140184044837951660e-01
7.185688018798828125e-01
7.301062345504760742e-01
7.194700837135314941e-01
7.323542237281799316e-01
7.377711534500122070e-01
7.356435060501098633e-01
7.266563773155212402e-01
7.383513450622558594e-01
7.291306257247924805e-01
7.428674697875976562e-01
7.308911681175231934e-01
7.373409867286682129e-01
7.402368783950805664e-01
7.542778849601745605e-01
7.422903776168823242e-01
7.619192004203796387e-01
7.357085943222045898e-01
7.585537433624267578e-01
7.357705235481262207e-01
7.367402315139770508e-01
7.624419927597045898e-01
7.635098695755004883e-01
7.622932791709899902e-01
7.643654346466064453e-01
7.739105820655822754e-01
7.722088694572448730e-01
7.752708792686462402e-01
7.511470317840576172e-01
7.736390233039855957e-01
7.852206826210021973e-01
7.675163149833679199e-01
7.743815183639526367e-01
7.496967315673828125e-01
7.984140515327453613e-01
7.947558164596557617e-01
7.737887501716613770e-01
7.972762584686279297e-01
7.649466991424560547e-01
8.084375858306884766e-01
8.039986491203308105e-01
7.986289262771606445e-01
7.943475246429443359e-01
7.749850749969482422e-01
8.109778761863708496e-01
7.823147773742675781e-01
8.075810074806213379e-01
8.015518784523010254e-01
8.120767474174499512e-01
7.786847949028015137e-01
8.218107819557189941e-01
8.013885021209716797e-01
7.998107671737670898e-01
8.228578567504882812e-01
8.190295696258544922e-01
8.322315812110900879e-01
8.276088833808898926e-01
8.399519324302673340e-01
8.103973865509033203e-01
8.479934930801391602e-01
8.440435528755187988e-01
7.773661017417907715e-01
8.499881029129028320e-01
8.492737412452697754e-01
8.526655435562133789e-01
8.584278225898742676e-01
8.586930036544799805e-01
8.562632203102111816e-01
8.403405547142028809e-01
8.278254270553588867e-01
8.591190576553344727e-01
8.363232016563415527e-01
8.579294085502624512e-01
8.748559355735778809e-01
8.748994469642639160e-01
8.665980100631713867e-01
8.587282299995422363e-01
8.371803760528564453e-01
8.672452569007873535e-01
8.567116260528564453e-01
8.827344775199890137e-01
8.830882310867309570e-01
8.895614147186279297e-01
8.678869009017944336e-01
9.073162674903869629e-01
8.812282085418701172e-01
9.034523367881774902e-01
9.042939543724060059e-01
8.475898504257202148e-01
8.939123749732971191e-01
8.917179703712463379e-01
8.829749822616577148e-01
9.019284248352050781e-01
8.880705237388610840e-01
8.902102708816528320e-01
8.964785337448120117e-01
8.668532371520996094e-01
9.151890873908996582e-01
8.269931674003601074e-01
9.118372201919555664e-01
9.151090979576110840e-01
8.037409782409667969e-01
9.178572297096252441e-01
8.968957662582397461e-01
9.139286279678344727e-01
9.013950228691101074e-01
9.179124236106872559e-01
9.174842238426208496e-01
9.194343686103820801e-01
9.276088476181030273e-01
9.189859628677368164e-01
8.972231745719909668e-01
9.094998240470886230e-01
9.314351081848144531e-01
9.369834065437316895e-01
9.453459382057189941e-01
9.482472538948059082e-01
9.323899745941162109e-01
9.614450335502624512e-01
9.566971659660339355e-01
9.493071436882019043e-01
9.379939436912536621e-01
9.474179148674011230e-01
9.461008906364440918e-01
9.457423686981201172e-01
8.751552700996398926e-01
9.597057700157165527e-01
9.532142281532287598e-01
9.474008083343505859e-01
9.825610518455505371e-01
8.658963441848754883e-01
9.116702675819396973e-01
9.836584329605102539e-01
-9.899900000000000000e+04
9.845551252365112305e-01
9.701635241508483887e-01
9.762696027755737305e-01
9.558473229408264160e-01
9.310258626937866211e-01
