6.309524774551391602e-01
6.358127593994140625e-01
6.412144899368286133e-01
6.632860302925109863e-01
6.627352833747863770e-01
6.518133878707885742e-01
6.705154776573181152e-01
6.599628925323486328e-01
6.592803001403808594e-01
6.632599234580993652e-01
6.744015216827392578e-01
6.636283397674560547e-01
6.817724108695983887e-01
6.722197532653808594e-01
6.665367484092712402e-01
6.734188199043273926e-01
6.741776466369628906e-01
6.710654497146606445e-01
6.719922423362731934e-01
6.821352243423461914e-01
6.899451017379760742e-01
6.802825331687927246e-01
6.835269927978515625e-01
7.017838954925537109e-01
6.934527754783630371e-01
6.925680041313171387e-01
7.009305357933044434e-01
7.027965784072875977e-01
6.873935461044311523e-01
7.025297880172729492e-01
6.917791366577148438e-01
7.000041604042053223e-01
6.976609826087951660e-01
6.944863796234130859e-01
6.966232061386108398e-01
6.886520981788635254e-01
6.888669133186340332e-01
6.970299482345581055e-01
6.976799964904785156e-01
7.023650407791137695e-01
7.003411650657653809e-01
7.170026898384094238e-01
7.136890292167663574e-01
7.103461027145385742e-01
7.121258974075317383e-01
7.112607955932617188e-01
7.098347544670104980e-01
7.128633856773376465e-01
7.089892029762268066e-01
7.116708159446716309e-01
7.121945619583129883e-01
7.098785638809204102e-01
7.173650860786437988e-01
7.130986452102661133e-01
7.189743518829345703e-01
6.825362443923950195e-01
7.219367623329162598e-01
7.096686959266662598e-01
6.973686218261718750e-01
7.277929186820983887e-01
7.153614163398742676e-01
7.342826128005981445e-01
7.273294329643249512e-01
7.309132814407348633e-01
7.229405045509338379e-01
7.362228035926818848e-01
7.236180901527404785e-01
7.396434545516967773e-01
7.410874962806701660e-01
7.302644848823547363e-01
7.283077239990234375e-01
7.350275516510009766e-01
7.107103466987609863e-01
7.469471693038940430e-01
7.483115792274475098e-01
7.442253232002258301e-01
7.286862730979919434e-01
7.342194914817810059e-01
7.678353190422058105e-01
7.609095573425292969e-01
7.529090642929077148e-01
7.476347684860229492e-01
7.413649559020996094e-01
7.523734569549560547e-01
7.735560536384582520e-01
7.777838110923767090e-01
7.817548513412475586e-01
7.654370069503784180e-01
7.710867524147033691e-01
7.996421456336975098e-01
7.732915878295898438e-01
7.650076746940612793e-01
7.914138436317443848e-01
7.668375968933105469e-01
7.589001655578613281e-01
7.858550548553466797e-01
7.933259606361389160e-01
7.901759743690490723e-01
7.670965790748596191e-01
7.601607441902160645e-01
7.873013019561767578e-01
8.038156032562255859e-01
7.799478173255920410e-01
7.981881499290466309e-01
7.768211960792541504e-01
8.021829128265380859e-01
8.067949414253234863e-01
7.866913676261901855e-01
8.145403265953063965e-01
7.930910587310791016e-01
7.981968522071838379e-01
8.148351311683654785e-01
7.814775109291076660e-01
8.059163689613342285e-01
8.231903314590454102e-01
8.236204981803894043e-01
8.228443264961242676e-01
7.921371459960937500e-01
8.458202481269836426e-01
8.144657611846923828e-01
8.414412736892700195e-01
8.493595719337463379e-01
8.557226061820983887e-01
8.671091198921203613e-01
8.466004133224487305e-01
8.476287722587585449e-01
8.650696873664855957e-01
8.446933031082153320e-01
8.323913216590881348e-01
8.566857576370239258e-01
8.588182330131530762e-01
8.584358096122741699e-01
8.665522933006286621e-01
8.564960956573486328e-01
8.685933947563171387e-01
8.710365891456604004e-01
8.505652546882629395e-01
8.845472335815429688e-01
8.793142437934875488e-01
8.760674595832824707e-01
8.759294748306274414e-01
8.609629869461059570e-01
8.709945082664489746e-01
8.937330842018127441e-01
8.943240642547607422e-01
8.933473229408264160e-01
8.819014430046081543e-01
9.087333083152770996e-01
8.801459074020385742e-01
8.915685415267944336e-01
8.775434494018554688e-01
9.074316620826721191e-01
8.972867131233215332e-01
8.995923399925231934e-01
9.147146344184875488e-01
9.049156308174133301e-01
9.178404808044433594e-01
9.008707404136657715e-01
8.719098567962646484e-01
8.073217272758483887e-01
8.959352970123291016e-01
9.196774959564208984e-01
9.212450981140136719e-01
8.852843642234802246e-01
9.142702817916870117e-01
9.130106568336486816e-01
9.123111367225646973e-01
8.873360157012939453e-01
8.732844591140747070e-01
9.245063066482543945e-01
8.577995896339416504e-01
9.302692413330078125e-01
9.332246184349060059e-01
9.416192770004272461e-01
9.374947547912597656e-01
9.452047348022460938e-01
8.021206855773925781e-01
9.261886477470397949e-01
9.208092093467712402e-01
9.385973215103149414e-01
9.416068792343139648e-01
9.727485775947570801e-01
9.763995409011840820e-01
8.543552160263061523e-01
9.267635941505432129e-01
9.339074492454528809e-01
9.709746241569519043e-01
8.896870017051696777e-01
9.504515528678894043e-01
9.636836647987365723e-01
9.283006191253662109e-01
8.483901619911193848e-01
9.613431692123413086e-01
8.991883397102355957e-01
9.879435896873474121e-01
9.495069384574890137e-01
9.692069888114929199e-01
9.514914751052856445e-01
9.280884265899658203e-01
9.694327712059020996e-01
9.758208990097045898e-01
9.666264057159423828e-01
9.834364056587219238e-01
-9.899900000000000000e+04
8.508875966072082520e-01
8.294413685798645020e-01
-9.899900000000000000e+04
9.503911733627319336e-01
-9.899900000000000000e+04
9.763207435607910156e-01
-9.899900000000000000e+04
-9.899900000000000000e+04
-9.899900000000000000e+04
-9.899900000000000000e+04
-9.899900000000000000e+04
-9.899900000000000000e+04
-9.899900000000000000e+04
-9.899900000000000000e+04
8.578280210494995117e-01
-9.899900000000000000e+04
-9.899900000000000000e+04
9.790908694267272949e-01
9.700697660446166992e-01
9.725855588912963867e-01
-9.899900000000000000e+04
-9.899900000000000000e+04
8.421877622604370117e-01
-9.899900000000000000e+04
-9.899900000000000000e+04
-9.899900000000000000e+04
-9.899900000000000000e+04
-9.899900000000000000e+04
-9.899900000000000000e+04
-9.899900000000000000e+04
-9.899900000000000000e+04
