6.225892305374145508e-01
6.517849564552307129e-01
6.407510042190551758e-01
6.632860302925109863e-01
6.476992368698120117e-01
6.692129373550415039e-01
6.557057499885559082e-01
6.678663492202758789e-01
6.592803001403808594e-01
6.793448328971862793e-01
6.664795279502868652e-01
6.636283397674560547e-01
6.676720976829528809e-01
6.785833835601806641e-01
6.672530174255371094e-01
6.785594224929809570e-01
6.825008392333984375e-01
6.839639544486999512e-01
6.643912196159362793e-01
6.862480640411376953e-01
6.881055235862731934e-01
6.750268340110778809e-01
6.752519607543945312e-01
6.880162358283996582e-01
6.965461969375610352e-01
6.890242099761962891e-01
7.025768756866455078e-01
6.875617504119873047e-01
6.853101253509521484e-01
6.984028220176696777e-01
6.946620345115661621e-01
6.885969638824462891e-01
6.974868178367614746e-01
6.847968697547912598e-01
7.006164789199829102e-01
6.950627565383911133e-01
6.961060762405395508e-01
6.871090531349182129e-01
7.055524587631225586e-01
7.160422801971435547e-01
7.075406312942504883e-01
7.170456647872924805e-01
7.048313617706298828e-01
7.040396928787231445e-01
6.981349587440490723e-01
7.025952935218811035e-01
6.999198198318481445e-01
7.082886099815368652e-01
7.115908265113830566e-01
6.961525678634643555e-01
7.103578448295593262e-01
7.148156166076660156e-01
7.024288773536682129e-01
6.919817328453063965e-01
7.071678638458251953e-01
7.051076292991638184e-01
7.207508087158203125e-01
7.127095460891723633e-01
7.268612384796142578e-01
7.273748517036437988e-01
7.327701449394226074e-01
7.128459811210632324e-01
7.183405756950378418e-01
7.323846817016601562e-01
7.256417870521545410e-01
7.381295561790466309e-01
7.243728637695312500e-01
7.235089540481567383e-01
7.271496057510375977e-01
7.120821475982666016e-01
7.504755258560180664e-01
7.404218912124633789e-01
7.194863557815551758e-01
7.468099594116210938e-01
7.209286689758300781e-01
7.463522553443908691e-01
7.475688457489013672e-01
7.043257355690002441e-01
7.580733299255371094e-01
7.189810276031494141e-01
7.558596134185791016e-01
7.678055763244628906e-01
7.711164951324462891e-01
7.507187128067016602e-01
7.663409709930419922e-01
7.507307529449462891e-01
7.764973044395446777e-01
7.412836551666259766e-01
7.874271869659423828e-01
7.915925979614257812e-01
7.662780880928039551e-01
7.481231093406677246e-01
7.797020077705383301e-01
7.758065462112426758e-01
7.909457087516784668e-01
7.573601007461547852e-01
7.657226324081420898e-01
7.850660085678100586e-01
7.913484573364257812e-01
7.440311908721923828e-01
7.941853404045104980e-01
7.688858509063720703e-01
7.866646051406860352e-01
8.003590703010559082e-01
7.878380417823791504e-01
8.126515150070190430e-01
7.705523967742919922e-01
8.026024103164672852e-01
8.159046173095703125e-01
8.152219653129577637e-01
8.052895665168762207e-01
8.100769519805908203e-01
7.731105685234069824e-01
8.154587745666503906e-01
7.934938669204711914e-01
8.073217272758483887e-01
8.378102779388427734e-01
8.124850988388061523e-01
8.355019688606262207e-01
8.403167128562927246e-01
8.264360427856445312e-01
8.532756567001342773e-01
8.575545549392700195e-01
8.594762086868286133e-01
8.500343561172485352e-01
8.355560898780822754e-01
8.534241318702697754e-01
8.613824248313903809e-01
8.632295131683349609e-01
8.712647557258605957e-01
8.734195232391357422e-01
8.526600003242492676e-01
8.718309402465820312e-01
8.511762619018554688e-01
8.718500733375549316e-01
8.553177118301391602e-01
8.761867880821228027e-01
8.906818628311157227e-01
8.704259395599365234e-01
8.790645003318786621e-01
8.873913884162902832e-01
8.852956891059875488e-01
8.919073343276977539e-01
8.804411888122558594e-01
9.011211991310119629e-01
8.575401306152343750e-01
8.864370584487915039e-01
8.881690502166748047e-01
9.008473753929138184e-01
8.932060003280639648e-01
8.860526680946350098e-01
8.824871182441711426e-01
8.865065574645996094e-01
8.970486521720886230e-01
8.954658508300781250e-01
8.739071488380432129e-01
9.013880491256713867e-01
9.109915494918823242e-01
8.407503366470336914e-01
8.965440392494201660e-01
9.271325469017028809e-01
9.204440116882324219e-01
9.113407135009765625e-01
9.237529635429382324e-01
9.183995127677917480e-01
8.626633286476135254e-01
7.641898393630981445e-01
9.007269144058227539e-01
9.340805411338806152e-01
8.187869787216186523e-01
7.298134565353393555e-01
8.578374981880187988e-01
9.308115839958190918e-01
8.758677244186401367e-01
9.339116811752319336e-01
9.468102455139160156e-01
9.159492850303649902e-01
9.420702457427978516e-01
9.441103935241699219e-01
9.517002701759338379e-01
9.307529926300048828e-01
9.238695502281188965e-01
9.480696320533752441e-01
7.676234245300292969e-01
9.318078160285949707e-01
9.645347595214843750e-01
8.178099989891052246e-01
9.486801028251647949e-01
9.794719815254211426e-01
9.540619254112243652e-01
9.633976817131042480e-01
9.657860994338989258e-01
9.944604635238647461e-01
5.956331491470336914e-01
8.393549919128417969e-01
9.672062397003173828e-01
9.936886429786682129e-01
9.821440577507019043e-01
9.004810452461242676e-01
9.787084460258483887e-01
9.969567656517028809e-01
-9.899900000000000000e+04
9.959080815315246582e-01
9.796039462089538574e-01
9.974196553230285645e-01
-9.899900000000000000e+04
-9.899900000000000000e+04
