6.461329460144042969e-01
6.358127593994140625e-01
6.562239527702331543e-01
6.632860302925109863e-01
6.512370109558105469e-01
6.472339630126953125e-01
6.616687774658203125e-01
6.678663492202758789e-01
6.756522655487060547e-01
6.655529737472534180e-01
6.664795279502868652e-01
6.613467335700988770e-01
6.734328269958496094e-01
6.589918732643127441e-01
6.626079082489013672e-01
6.849688887596130371e-01
6.809154748916625977e-01
6.631103157997131348e-01
6.890469193458557129e-01
6.843210458755493164e-01
6.876175999641418457e-01
6.750268340110778809e-01
6.533963680267333984e-01
7.030632495880126953e-01
6.930550932884216309e-01
7.028971314430236816e-01
6.876901388168334961e-01
6.919270753860473633e-01
6.877900362014770508e-01
6.918540596961975098e-01
6.958304047584533691e-01
6.999827027320861816e-01
6.844068169593811035e-01
6.986690759658813477e-01
6.918588876724243164e-01
6.955763697624206543e-01
6.960754394531250000e-01
6.996907591819763184e-01
7.092423439025878906e-01
7.093481421470642090e-01
7.072127461433410645e-01
7.002965211868286133e-01
7.037900090217590332e-01
7.054382562637329102e-01
7.092535495758056641e-01
6.992997527122497559e-01
7.033313512802124023e-01
7.088883519172668457e-01
7.090901136398315430e-01
7.131176590919494629e-01
7.189781665802001953e-01
6.914680600166320801e-01
7.080810666084289551e-01
7.027162909507751465e-01
7.065972089767456055e-01
7.190780639648437500e-01
6.874689459800720215e-01
7.089971303939819336e-01
7.151052951812744141e-01
7.179008126258850098e-01
7.244558334350585938e-01
7.132679224014282227e-01
7.288339138031005859e-01
7.166382670402526855e-01
7.345626950263977051e-01
7.389413714408874512e-01
7.380816340446472168e-01
7.260871529579162598e-01
7.349624037742614746e-01
7.265440225601196289e-01
7.114962339401245117e-01
7.344954609870910645e-01
7.484713792800903320e-01
7.454124689102172852e-01
7.574412226676940918e-01
7.515769600868225098e-01
7.348144054412841797e-01
7.388890981674194336e-01
7.512949109077453613e-01
7.472760677337646484e-01
7.631307840347290039e-01
7.520000934600830078e-01
7.760465145111083984e-01
7.672162055969238281e-01
7.705231308937072754e-01
7.526136636734008789e-01
7.522726058959960938e-01
7.650886774063110352e-01
7.925485372543334961e-01
7.423881888389587402e-01
7.657527923583984375e-01
7.935260534286499023e-01
7.957518100738525391e-01
8.066695332527160645e-01
7.453123331069946289e-01
7.956631779670715332e-01
7.662984728813171387e-01
7.966247200965881348e-01
7.450728416442871094e-01
7.706668376922607422e-01
7.663031220436096191e-01
8.007903099060058594e-01
8.099123835563659668e-01
7.652864456176757812e-01
8.117537498474121094e-01
8.070228099822998047e-01
8.033623695373535156e-01
7.942651510238647461e-01
8.099234104156494141e-01
7.978451848030090332e-01
8.105875849723815918e-01
8.040651679039001465e-01
8.272089362144470215e-01
8.117130398750305176e-01
7.913631200790405273e-01
8.082681298255920410e-01
8.110901117324829102e-01
8.347133994102478027e-01
8.246499896049499512e-01
8.404685258865356445e-01
8.429170846939086914e-01
8.471426963806152344e-01
8.281142115592956543e-01
8.279951214790344238e-01
8.374763727188110352e-01
8.558588624000549316e-01
8.712609410285949707e-01
8.628850579261779785e-01
8.545593023300170898e-01
8.562433719635009766e-01
8.482018709182739258e-01
8.415169715881347656e-01
8.554291725158691406e-01
8.682922124862670898e-01
8.300104141235351562e-01
8.721693754196166992e-01
8.739525675773620605e-01
8.490146994590759277e-01
8.575825691223144531e-01
8.750836849212646484e-01
8.771946430206298828e-01
8.801928758621215820e-01
8.870177865028381348e-01
8.961259126663208008e-01
8.800972700119018555e-01
8.729637265205383301e-01
8.732792735099792480e-01
8.961324691772460938e-01
8.948698639869689941e-01
9.001049399375915527e-01
8.880887031555175781e-01
8.900827765464782715e-01
9.051240086555480957e-01
9.010145068168640137e-01
9.124872088432312012e-01
8.812826275825500488e-01
9.152666330337524414e-01
9.085225462913513184e-01
9.139056205749511719e-01
9.179828763008117676e-01
9.008594155311584473e-01
9.046329259872436523e-01
9.206519722938537598e-01
8.997992277145385742e-01
9.131689667701721191e-01
9.134487509727478027e-01
9.201928973197937012e-01
9.287568330764770508e-01
9.317630529403686523e-01
9.310171008110046387e-01
8.863549232482910156e-01
9.289200305938720703e-01
8.940173983573913574e-01
8.700860738754272461e-01
9.224533438682556152e-01
9.271923899650573730e-01
9.139959216117858887e-01
9.448888301849365234e-01
9.204893708229064941e-01
9.042472243309020996e-01
9.506422877311706543e-01
9.068205952644348145e-01
9.466111660003662109e-01
9.316625595092773438e-01
9.106724858283996582e-01
9.457513093948364258e-01
9.510847330093383789e-01
9.599221944808959961e-01
9.395790100097656250e-01
9.793271422386169434e-01
9.786933064460754395e-01
9.920360445976257324e-01
9.987619519233703613e-01
9.789942502975463867e-01
9.609434008598327637e-01
9.125822186470031738e-01
-9.899900000000000000e+04
9.676285982131958008e-01
9.903681278228759766e-01
9.813748002052307129e-01
9.829823374748229980e-01
1.009004592895507812e+00
9.846411347389221191e-01
