6.309524774551391602e-01
6.517849564552307129e-01
6.388311982154846191e-01
6.476886868476867676e-01
6.469347476959228516e-01
6.503523588180541992e-01
6.603446006774902344e-01
6.703080534934997559e-01
6.649832725524902344e-01
6.655529737472534180e-01
6.664010882377624512e-01
6.803489923477172852e-01
6.676720976829528809e-01
6.584621667861938477e-01
6.811007857322692871e-01
6.849688887596130371e-01
6.764168143272399902e-01
6.863613128662109375e-01
6.890469193458557129e-01
6.797250509262084961e-01
6.757770180702209473e-01
6.768280863761901855e-01
6.810171008110046387e-01
6.878445744514465332e-01
7.060412764549255371e-01
6.886332631111145020e-01
6.913393735885620117e-01
6.934535503387451172e-01
6.871928572654724121e-01
6.945109963417053223e-01
7.041864991188049316e-01
6.982316970825195312e-01
7.080880999565124512e-01
6.864180564880371094e-01
6.920434832572937012e-01
6.928925514221191406e-01
6.940272450447082520e-01
7.035740017890930176e-01
7.092423439025878906e-01
7.160856723785400391e-01
7.057248950004577637e-01
7.134009003639221191e-01
7.100052833557128906e-01
6.972997188568115234e-01
6.925696134567260742e-01
7.102794647216796875e-01
7.028254270553588867e-01
7.114526033401489258e-01
7.095615863800048828e-01
7.127594947814941406e-01
6.995068788528442383e-01
7.039172053337097168e-01
6.988503336906433105e-01
7.054668664932250977e-01
7.180589437484741211e-01
7.079237699508666992e-01
6.976429820060729980e-01
7.248042821884155273e-01
7.244064807891845703e-01
7.265850305557250977e-01
7.271986603736877441e-01
7.336467504501342773e-01
7.278559207916259766e-01
7.319179177284240723e-01
7.158753275871276855e-01
7.388725876808166504e-01
7.210340499877929688e-01
7.163198590278625488e-01
7.331118583679199219e-01
7.315359115600585938e-01
7.361110448837280273e-01
7.280356287956237793e-01
7.329845428466796875e-01
7.520327568054199219e-01
7.677041292190551758e-01
7.533255815505981445e-01
7.592394948005676270e-01
7.376433610916137695e-01
7.492318749427795410e-01
7.498031854629516602e-01
7.459525465965270996e-01
7.654425501823425293e-01
7.536052465438842773e-01
7.478336691856384277e-01
7.757289409637451172e-01
7.915740609169006348e-01
7.666856646537780762e-01
7.869031429290771484e-01
7.826600670814514160e-01
7.862511873245239258e-01
7.883781790733337402e-01
7.877219319343566895e-01
7.999787330627441406e-01
7.588232755661010742e-01
7.914084196090698242e-01
7.662230730056762695e-01
7.953442931175231934e-01
7.431688904762268066e-01
7.743023037910461426e-01
7.541303038597106934e-01
7.965743541717529297e-01
8.026676177978515625e-01
7.851116061210632324e-01
7.832189202308654785e-01
7.943984270095825195e-01
7.958827614784240723e-01
7.725154161453247070e-01
8.008197546005249023e-01
8.088473677635192871e-01
8.155801296234130859e-01
8.241719007492065430e-01
7.981302738189697266e-01
7.860688567161560059e-01
7.953126430511474609e-01
8.211619257926940918e-01
8.203870654106140137e-01
8.434086441993713379e-01
7.628360390663146973e-01
8.271411657333374023e-01
7.912027835845947266e-01
8.051040768623352051e-01
8.587648272514343262e-01
8.474779725074768066e-01
7.652626037597656250e-01
8.328238129615783691e-01
8.358471393585205078e-01
8.552317023277282715e-01
8.540394306182861328e-01
8.653558492660522461e-01
8.696446418762207031e-01
8.497641086578369141e-01
8.597764968872070312e-01
8.702130317687988281e-01
8.556210398674011230e-01
8.748252987861633301e-01
8.815014362335205078e-01
8.712719678878784180e-01
8.574435710906982422e-01
8.302143812179565430e-01
8.807620406150817871e-01
8.854239583015441895e-01
8.821981549263000488e-01
8.552411198616027832e-01
8.792105913162231445e-01
8.719886541366577148e-01
9.053378105163574219e-01
8.075048327445983887e-01
8.916875123977661133e-01
8.956241011619567871e-01
8.669653534889221191e-01
8.964437842369079590e-01
8.970804214477539062e-01
8.960310220718383789e-01
8.813128471374511719e-01
8.265603184700012207e-01
8.923271298408508301e-01
8.865060210227966309e-01
8.962030410766601562e-01
8.454490900039672852e-01
8.928698897361755371e-01
8.958654999732971191e-01
9.235367178916931152e-01
9.104524850845336914e-01
9.165310859680175781e-01
9.323726296424865723e-01
9.199820160865783691e-01
9.226091504096984863e-01
8.567285537719726562e-01
9.277718663215637207e-01
9.117974042892456055e-01
9.342023730278015137e-01
9.128981232643127441e-01
9.025625586509704590e-01
9.348960518836975098e-01
9.455761313438415527e-01
9.270902872085571289e-01
9.378474354743957520e-01
9.446293115615844727e-01
9.516514539718627930e-01
9.603760838508605957e-01
9.505060911178588867e-01
9.535415768623352051e-01
9.634609818458557129e-01
9.483696222305297852e-01
8.975299596786499023e-01
8.650645017623901367e-01
9.370309114456176758e-01
9.352574348449707031e-01
9.392942190170288086e-01
9.678499102592468262e-01
9.550409913063049316e-01
9.677194356918334961e-01
9.814621210098266602e-01
9.481185674667358398e-01
9.511716961860656738e-01
9.920414686203002930e-01
9.857305288314819336e-01
9.799129962921142578e-01
8.683288097381591797e-01
7.737176418304443359e-01
9.266543388366699219e-01
9.906432032585144043e-01
9.013921618461608887e-01
9.847666025161743164e-01
9.974468946456909180e-01
-9.899900000000000000e+04
-9.899900000000000000e+04
-9.899900000000000000e+04
9.649785757064819336e-01
-9.899900000000000000e+04
-9.899900000000000000e+04
9.362208247184753418e-01
9.805934429168701172e-01
9.989902973175048828e-01
-9.899900000000000000e+04
9.646126031875610352e-01
-9.899900000000000000e+04
-9.899900000000000000e+04
9.018468856811523438e-01
-9.899900000000000000e+04
9.184404611587524414e-01
-9.899900000000000000e+04
-9.899900000000000000e+04
-9.899900000000000000e+04
9.635769724845886230e-01
-9.899900000000000000e+04
8.447228074073791504e-01
-9.899900000000000000e+04
-9.899900000000000000e+04
-9.899900000000000000e+04
-9.899900000000000000e+04
1.009003877639770508e+00
-9.899900000000000000e+04
-9.899900000000000000e+04
-9.899900000000000000e+04
-9.899900000000000000e+04
-9.899900000000000000e+04
-9.899900000000000000e+04
-9.899900000000000000e+04
-9.899900000000000000e+04
-9.899900000000000000e+04
-9.899900000000000000e+04
-9.899900000000000000e+04
-9.899900000000000000e+04
-9.899900000000000000e+04
-9.899900000000000000e+04
-9.899900000000000000e+04
-9.899900000000000000e+04
9.222746491432189941e-01
-9.899900000000000000e+04
-9.899900000000000000e+04
-9.899900000000000000e+04
-9.899900000000000000e+04
-9.899900000000000000e+04
-9.899900000000000000e+04
