6.461329460144042969e-01
6.358127593994140625e-01
6.406359076499938965e-01
6.476886868476867676e-01
6.627352833747863770e-01
6.472339630126953125e-01
6.616687774658203125e-01
6.678663492202758789e-01
6.592803001403808594e-01
6.654602885246276855e-01
6.664795279502868652e-01
6.563256978988647461e-01
6.677441000938415527e-01
6.659889221191406250e-01
6.813262104988098145e-01
6.849688887596130371e-01
6.825008392333984375e-01
6.882724761962890625e-01
6.662587523460388184e-01
6.806299686431884766e-01
6.768352389335632324e-01
6.810644865036010742e-01
6.533963680267333984e-01
7.064725756645202637e-01
6.812600493431091309e-01
6.925680041313171387e-01
6.933497786521911621e-01
6.889230608940124512e-01
6.877900362014770508e-01
6.949440836906433105e-01
6.944646835327148438e-01
7.020954489707946777e-01
7.023843526840209961e-01
6.899996399879455566e-01
6.902229189872741699e-01
6.937428116798400879e-01
7.005476951599121094e-01
7.035740017890930176e-01
7.011813521385192871e-01
7.186087369918823242e-01
6.990890502929687500e-01
7.060784101486206055e-01
7.081742286682128906e-01
7.054645419120788574e-01
6.722495555877685547e-01
7.169273495674133301e-01
7.067170739173889160e-01
7.159903645515441895e-01
7.116008400917053223e-01
7.082427740097045898e-01
7.004072666168212891e-01
6.925367712974548340e-01
7.008561491966247559e-01
7.172777652740478516e-01
7.150884270668029785e-01
7.086223959922790527e-01
7.051139473915100098e-01
7.234825491905212402e-01
7.218348383903503418e-01
7.256067395210266113e-01
7.319070100784301758e-01
7.194103598594665527e-01
7.275491952896118164e-01
6.902974247932434082e-01
7.278545498847961426e-01
7.308064103126525879e-01
7.160349488258361816e-01
7.267948389053344727e-01
7.334470748901367188e-01
7.412582635879516602e-01
7.334167361259460449e-01
7.384412884712219238e-01
7.346473336219787598e-01
7.318881750106811523e-01
7.190393209457397461e-01
7.510213851928710938e-01
7.386425733566284180e-01
7.632282376289367676e-01
7.454226016998291016e-01
7.452065348625183105e-01
7.610624432563781738e-01
7.454264163970947266e-01
7.691808938980102539e-01
7.697461843490600586e-01
7.791014909744262695e-01
7.818434834480285645e-01
7.762335538864135742e-01
7.606769204139709473e-01
7.478564977645874023e-01
7.776691913604736328e-01
7.850105762481689453e-01
7.805840969085693359e-01
7.411719560623168945e-01
7.923017740249633789e-01
7.406043410301208496e-01
7.839300036430358887e-01
7.782139778137207031e-01
7.997242212295532227e-01
7.617909312248229980e-01
7.805376052856445312e-01
7.939459085464477539e-01
7.828332781791687012e-01
8.079960942268371582e-01
7.247378826141357422e-01
7.780580520629882812e-01
8.047324419021606445e-01
7.914398908615112305e-01
8.132941126823425293e-01
8.082126379013061523e-01
7.965303063392639160e-01
7.995702028274536133e-01
7.945601344108581543e-01
8.131332397460937500e-01
8.158676624298095703e-01
8.029404282569885254e-01
8.116768598556518555e-01
7.948644161224365234e-01
8.373911976814270020e-01
8.262730836868286133e-01
8.120977878570556641e-01
8.014691472053527832e-01
8.562003374099731445e-01
8.248971700668334961e-01
8.692979216575622559e-01
8.610219359397888184e-01
8.595827817916870117e-01
8.511163592338562012e-01
8.537041544914245605e-01
8.158034086227416992e-01
8.682334423065185547e-01
8.674839138984680176e-01
8.668116331100463867e-01
8.667183518409729004e-01
8.565353155136108398e-01
8.702211380004882812e-01
8.596450686454772949e-01
8.830050826072692871e-01
8.708998560905456543e-01
8.641430139541625977e-01
8.676922321319580078e-01
8.816512227058410645e-01
8.806335330009460449e-01
8.754328489303588867e-01
8.780500292778015137e-01
8.838887810707092285e-01
8.724236488342285156e-01
8.828482031822204590e-01
8.765721917152404785e-01
8.985054492950439453e-01
9.095021486282348633e-01
8.841025829315185547e-01
8.926680088043212891e-01
9.103482365608215332e-01
9.012414813041687012e-01
9.161669015884399414e-01
8.912595510482788086e-01
9.134444594383239746e-01
9.153331518173217773e-01
8.612173199653625488e-01
8.858811855316162109e-01
9.052431583404541016e-01
9.274911880493164062e-01
8.798830509185791016e-01
8.903779387474060059e-01
8.985336422920227051e-01
9.102427959442138672e-01
9.028257131576538086e-01
8.767209053039550781e-01
9.312124252319335938e-01
9.185450673103332520e-01
9.315084218978881836e-01
9.302424192428588867e-01
8.155800700187683105e-01
9.295257925987243652e-01
9.199592471122741699e-01
9.368860721588134766e-01
9.067028164863586426e-01
9.251682162284851074e-01
9.286764860153198242e-01
9.315322041511535645e-01
9.374006390571594238e-01
9.501657485961914062e-01
9.324985742568969727e-01
9.132663607597351074e-01
9.352966547012329102e-01
9.675305485725402832e-01
9.499800205230712891e-01
9.657047986984252930e-01
9.570802450180053711e-01
9.614603519439697266e-01
9.778352379798889160e-01
9.787957072257995605e-01
9.874800443649291992e-01
9.666498899459838867e-01
9.701104164123535156e-01
9.853076934814453125e-01
9.865780472755432129e-01
-9.899900000000000000e+04
9.851993918418884277e-01
9.533694982528686523e-01
9.799101948738098145e-01
9.220949411392211914e-01
9.783817529678344727e-01
-9.899900000000000000e+04
9.910613298416137695e-01
9.823499321937561035e-01
1.010049104690551758e+00
9.744637012481689453e-01
1.007638931274414062e+00
-9.899900000000000000e+04
