6.309524774551391602e-01
6.358127593994140625e-01
6.402796506881713867e-01
6.595162153244018555e-01
6.469347476959228516e-01
6.639208197593688965e-01
6.616687774658203125e-01
6.570597290992736816e-01
6.649832725524902344e-01
6.654602885246276855e-01
6.664795279502868652e-01
6.613467335700988770e-01
6.633976101875305176e-01
6.840402483940124512e-01
6.836334466934204102e-01
6.849688887596130371e-01
6.809154748916625977e-01
6.631777286529541016e-01
6.719922423362731934e-01
6.843210458755493164e-01
6.871049404144287109e-01
6.800579428672790527e-01
6.810171008110046387e-01
6.880162358283996582e-01
6.966059207916259766e-01
6.884635090827941895e-01
7.084707617759704590e-01
6.916248798370361328e-01
6.875582337379455566e-01
6.898700594902038574e-01
7.081957459449768066e-01
6.959274411201477051e-01
6.950100660324096680e-01
6.914362907409667969e-01
6.901051998138427734e-01
7.008562088012695312e-01
7.002396583557128906e-01
6.986254453659057617e-01
7.068926692008972168e-01
7.130557894706726074e-01
7.067958712577819824e-01
6.962976455688476562e-01
7.136164307594299316e-01
7.026267647743225098e-01
7.092535495758056641e-01
7.054996490478515625e-01
7.042379975318908691e-01
7.203785777091979980e-01
7.143822312355041504e-01
7.045661807060241699e-01
6.863702535629272461e-01
6.880333423614501953e-01
7.065005302429199219e-01
6.937549114227294922e-01
6.882570385932922363e-01
7.064672708511352539e-01
7.047879099845886230e-01
7.078414559364318848e-01
7.109770178794860840e-01
7.141944766044616699e-01
7.221355438232421875e-01
7.377112507820129395e-01
7.141759991645812988e-01
7.248889803886413574e-01
7.319073677062988281e-01
7.194437384605407715e-01
7.386302947998046875e-01
7.280824780464172363e-01
7.354075312614440918e-01
7.335799932479858398e-01
7.403137087821960449e-01
7.128219604492187500e-01
7.482382059097290039e-01
7.487140297889709473e-01
7.422419786453247070e-01
7.527226805686950684e-01
7.544662952423095703e-01
7.656379342079162598e-01
7.587990760803222656e-01
7.461083531379699707e-01
7.307552099227905273e-01
7.532052397727966309e-01
7.750058174133300781e-01
7.545149326324462891e-01
7.431427836418151855e-01
7.655839323997497559e-01
7.555849552154541016e-01
7.455593347549438477e-01
7.876682877540588379e-01
7.859445214271545410e-01
7.334315180778503418e-01
7.558091282844543457e-01
7.924945354461669922e-01
7.656520605087280273e-01
7.727907299995422363e-01
7.407248616218566895e-01
7.746158838272094727e-01
7.805278301239013672e-01
7.856820821762084961e-01
7.720554471015930176e-01
7.858552336692810059e-01
8.019879460334777832e-01
7.866576313972473145e-01
7.916393876075744629e-01
7.609148621559143066e-01
8.104288578033447266e-01
7.858055233955383301e-01
7.984316945075988770e-01
8.063986897468566895e-01
8.327172398567199707e-01
7.886967062950134277e-01
8.121670484542846680e-01
8.080327510833740234e-01
8.246887326240539551e-01
8.088961243629455566e-01
8.293129205703735352e-01
8.289388418197631836e-01
8.212710618972778320e-01
8.378368616104125977e-01
8.520483374595642090e-01
8.472034335136413574e-01
8.349992632865905762e-01
8.407728672027587891e-01
8.385075330734252930e-01
8.433684110641479492e-01
8.603507280349731445e-01
8.472353219985961914e-01
8.636385798454284668e-01
8.350738286972045898e-01
8.330126404762268066e-01
8.571062088012695312e-01
8.640339374542236328e-01
8.662265539169311523e-01
8.671474456787109375e-01
8.605759143829345703e-01
8.655824661254882812e-01
8.622716665267944336e-01
8.768107891082763672e-01
8.828699588775634766e-01
8.690871596336364746e-01
8.862282633781433105e-01
8.783456087112426758e-01
9.056740403175354004e-01
8.980355262756347656e-01
8.883310556411743164e-01
8.891226053237915039e-01
8.935787081718444824e-01
8.837637305259704590e-01
8.939557671546936035e-01
9.042879343032836914e-01
8.871690034866333008e-01
8.917117118835449219e-01
8.876480460166931152e-01
9.073044657707214355e-01
8.914027214050292969e-01
8.895429968833923340e-01
9.184421896934509277e-01
8.624843358993530273e-01
8.955425024032592773e-01
8.902438879013061523e-01
8.871696591377258301e-01
8.880662322044372559e-01
9.051670432090759277e-01
9.023104906082153320e-01
9.196084737777709961e-01
8.929098248481750488e-01
9.049484729766845703e-01
9.252914786338806152e-01
9.021717309951782227e-01
9.211763143539428711e-01
9.245040416717529297e-01
9.351827502250671387e-01
9.276773333549499512e-01
9.400586485862731934e-01
9.257668256759643555e-01
9.385806918144226074e-01
8.083744049072265625e-01
8.646652102470397949e-01
9.077161550521850586e-01
9.336701035499572754e-01
9.376497864723205566e-01
9.573315382003784180e-01
9.293518066406250000e-01
9.332040548324584961e-01
9.644860625267028809e-01
9.442782998085021973e-01
9.677283167839050293e-01
9.660927653312683105e-01
9.303754568099975586e-01
9.539893865585327148e-01
9.609481096267700195e-01
8.486231565475463867e-01
9.512035250663757324e-01
8.679700493812561035e-01
1.012767076492309570e+00
8.318717479705810547e-01
9.841433763504028320e-01
1.005022406578063965e+00
9.857016205787658691e-01
9.945904016494750977e-01
9.976983666419982910e-01
9.777559041976928711e-01
9.792353510856628418e-01
-9.899900000000000000e+04
1.000124692916870117e+00
9.760220050811767578e-01
-9.899900000000000000e+04
-9.899900000000000000e+04
-9.899900000000000000e+04
-9.899900000000000000e+04
9.306849241256713867e-01
-9.899900000000000000e+04
-9.899900000000000000e+04
-9.899900000000000000e+04
-9.899900000000000000e+04
9.622567296028137207e-01
-9.899900000000000000e+04
-9.899900000000000000e+04
-9.899900000000000000e+04
-9.899900000000000000e+04
9.623051881790161133e-01
-9.899900000000000000e+04
-9.899900000000000000e+04
-9.899900000000000000e+04
-9.899900000000000000e+04
-9.899900000000000000e+04
-9.899900000000000000e+04
-9.899900000000000000e+04
-9.899900000000000000e+04
-9.899900000000000000e+04
-9.899900000000000000e+04
-9.899900000000000000e+04
-9.899900000000000000e+04
-9.899900000000000000e+04
-9.899900000000000000e+04
9.148735404014587402e-01
-9.899900000000000000e+04
-9.899900000000000000e+04
-9.899900000000000000e+04
-9.899900000000000000e+04
-9.899900000000000000e+04
-9.899900000000000000e+04
-9.899900000000000000e+04
9.387442469596862793e-01
-9.899900000000000000e+04
-9.899900000000000000e+04
-9.899900000000000000e+04
-9.899900000000000000e+04
-9.899900000000000000e+04
-9.899900000000000000e+04
-9.899900000000000000e+04
7.202048897743225098e-01
-9.899900000000000000e+04
-9.899900000000000000e+04
-9.899900000000000000e+04
-9.899900000000000000e+04
9.091487526893615723e-01
-9.899900000000000000e+04
-9.899900000000000000e+04
-9.899900000000000000e+04
-9.899900000000000000e+04
-9.899900000000000000e+04
-9.899900000000000000e+04
-9.899900000000000000e+04
-9.899900000000000000e+04
-9.899900000000000000e+04
-9.899900000000000000e+04
9.382824301719665527e-01
-9.899900000000000000e+04
-9.899900000000000000e+04
-9.899900000000000000e+04
-9.899900000000000000e+04
-9.899900000000000000e+04
-9.899900000000000000e+04
-9.899900000000000000e+04
-9.899900000000000000e+04
-9.899900000000000000e+04
-9.899900000000000000e+04
-9.899900000000000000e+04
-9.899900000000000000e+04
-9.899900000000000000e+04
-9.899900000000000000e+04
-9.899900000000000000e+04
-9.899900000000000000e+04
-9.899900000000000000e+04
-9.899900000000000000e+04
-9.899900000000000000e+04
-9.899900000000000000e+04
-9.899900000000000000e+04
-9.899900000000000000e+04
-9.899900000000000000e+04
-9.899900000000000000e+04
-9.899900000000000000e+04
-9.899900000000000000e+04
-9.899900000000000000e+04
-9.899900000000000000e+04
-9.899900000000000000e+04
-9.899900000000000000e+04
-9.899900000000000000e+04
-9.899900000000000000e+04
-9.899900000000000000e+04
-9.899900000000000000e+04
-9.899900000000000000e+04
-9.899900000000000000e+04
-9.899900000000000000e+04
-9.899900000000000000e+04
-9.899900000000000000e+04
-9.899900000000000000e+04
-9.899900000000000000e+04
-9.899900000000000000e+04
-9.899900000000000000e+04
-9.899900000000000000e+04
-9.899900000000000000e+04
-9.899900000000000000e+04
-9.899900000000000000e+04
-9.899900000000000000e+04
-9.899900000000000000e+04
-9.899900000000000000e+04
-9.899900000000000000e+04
-9.899900000000000000e+04
-9.899900000000000000e+04
3.033249080181121826e-01
-9.899900000000000000e+04
-9.899900000000000000e+04
-9.899900000000000000e+04
-9.899900000000000000e+04
-9.899900000000000000e+04
-9.899900000000000000e+04
-9.899900000000000000e+04
-9.899900000000000000e+04
-9.899900000000000000e+04
-9.899900000000000000e+04
-9.899900000000000000e+04
-9.899900000000000000e+04
-9.899900000000000000e+04
-9.899900000000000000e+04
-9.899900000000000000e+04
-9.899900000000000000e+04
-9.899900000000000000e+04
-9.899900000000000000e+04
-9.899900000000000000e+04
-9.899900000000000000e+04
-9.899900000000000000e+04
-9.899900000000000000e+04
-9.899900000000000000e+04
-9.899900000000000000e+04
-9.899900000000000000e+04
-9.899900000000000000e+04
-9.899900000000000000e+04
-9.899900000000000000e+04
-9.899900000000000000e+04
-9.899900000000000000e+04
-9.899900000000000000e+04
-9.899900000000000000e+04
-9.899900000000000000e+04
5.578901171684265137e-01
-9.899900000000000000e+04
-9.899900000000000000e+04
-9.899900000000000000e+04
-9.899900000000000000e+04
-9.899900000000000000e+04
-9.899900000000000000e+04
-9.899900000000000000e+04
-9.899900000000000000e+04
-9.899900000000000000e+04
