6.225892305374145508e-01
6.257067918777465820e-01
6.562239527702331543e-01
6.602879762649536133e-01
6.469347476959228516e-01
6.468650102615356445e-01
6.613437533378601074e-01
6.692662835121154785e-01
6.592803001403808594e-01
6.654602885246276855e-01
6.664795279502868652e-01
6.596245169639587402e-01
6.633976101875305176e-01
6.840402483940124512e-01
6.742440462112426758e-01
6.724083423614501953e-01
6.762954592704772949e-01
6.660752892494201660e-01
6.732835769653320312e-01
6.759077906608581543e-01
6.891955137252807617e-01
6.875352263450622559e-01
6.752519607543945312e-01
6.934551596641540527e-01
6.966059207916259766e-01
6.991040706634521484e-01
6.933497786521911621e-01
6.921780109405517578e-01
7.028515934944152832e-01
7.054604291915893555e-01
6.901414990425109863e-01
7.123299241065979004e-01
6.974868178367614746e-01
6.963711977005004883e-01
6.918588876724243164e-01
6.928925514221191406e-01
7.019261717796325684e-01
6.967431306838989258e-01
7.076935768127441406e-01
7.071730494499206543e-01
7.067168951034545898e-01
7.064243555068969727e-01
6.985769271850585938e-01
7.025112509727478027e-01
7.041571736335754395e-01
7.063958644866943359e-01
7.095435261726379395e-01
6.913587450981140137e-01
7.226361036300659180e-01
7.033638954162597656e-01
7.184615731239318848e-01
7.024693489074707031e-01
6.952949762344360352e-01
7.185490727424621582e-01
7.203100323677062988e-01
7.037547826766967773e-01
7.084433436393737793e-01
7.264676690101623535e-01
7.263199687004089355e-01
7.158068418502807617e-01
7.100468873977661133e-01
7.319307923316955566e-01
7.291567921638488770e-01
7.300736904144287109e-01
7.113175392150878906e-01
7.212401032447814941e-01
7.074355483055114746e-01
7.167830467224121094e-01
7.277029752731323242e-01
7.161909937858581543e-01
7.374030351638793945e-01
7.270126342773437500e-01
7.134265303611755371e-01
7.398054003715515137e-01
7.351333498954772949e-01
7.423871755599975586e-01
7.562828660011291504e-01
7.538436651229858398e-01
7.482568025588989258e-01
7.422292232513427734e-01
7.138365507125854492e-01
7.739011049270629883e-01
7.560577988624572754e-01
7.616271972656250000e-01
7.748599052429199219e-01
7.737281322479248047e-01
7.869059443473815918e-01
7.638217210769653320e-01
7.743073105812072754e-01
7.751109600067138672e-01
7.917594909667968750e-01
7.814821600914001465e-01
7.884027957916259766e-01
7.873516082763671875e-01
7.820416092872619629e-01
7.975834012031555176e-01
7.617808580398559570e-01
7.971744537353515625e-01
7.670492529869079590e-01
7.915488481521606445e-01
7.924601435661315918e-01
7.982733249664306641e-01
7.746273875236511230e-01
7.821133732795715332e-01
8.038313388824462891e-01
8.128901124000549316e-01
8.284976482391357422e-01
7.909223437309265137e-01
8.150081634521484375e-01
7.995107769966125488e-01
8.060464262962341309e-01
8.185119032859802246e-01
7.936535477638244629e-01
8.209285736083984375e-01
8.220071196556091309e-01
8.271548151969909668e-01
7.847247123718261719e-01
8.458833694458007812e-01
8.202896714210510254e-01
8.492292761802673340e-01
8.505923748016357422e-01
8.459033370018005371e-01
8.463154435157775879e-01
8.553885817527770996e-01
8.109527826309204102e-01
8.598633408546447754e-01
8.720795512199401855e-01
8.670720458030700684e-01
8.611372113227844238e-01
8.578220605850219727e-01
8.616151809692382812e-01
8.567225337028503418e-01
8.725908994674682617e-01
8.720983862876892090e-01
8.390535712242126465e-01
8.759521245956420898e-01
8.928108811378479004e-01
8.887687921524047852e-01
8.765110969543457031e-01
8.598194122314453125e-01
8.844292759895324707e-01
8.921536803245544434e-01
8.699573278427124023e-01
8.778747320175170898e-01
8.933101296424865723e-01
8.646383881568908691e-01
8.911930918693542480e-01
8.642997145652770996e-01
8.927224874496459961e-01
8.798328042030334473e-01
8.829703927040100098e-01
8.712458610534667969e-01
8.917993903160095215e-01
8.894622921943664551e-01
8.887146115303039551e-01
8.855574727058410645e-01
8.054731488227844238e-01
9.064041972160339355e-01
8.718160986900329590e-01
8.601620197296142578e-01
8.505570292472839355e-01
9.189584255218505859e-01
9.199950695037841797e-01
9.164440631866455078e-01
8.654029369354248047e-01
8.999751210212707520e-01
9.124381542205810547e-01
9.258760213851928711e-01
8.141207098960876465e-01
9.001168608665466309e-01
9.284271001815795898e-01
9.362484216690063477e-01
8.794726133346557617e-01
9.439167380332946777e-01
9.271200299263000488e-01
9.171661734580993652e-01
9.328820109367370605e-01
9.385148286819458008e-01
9.506497979164123535e-01
9.392977356910705566e-01
9.419950842857360840e-01
9.476309418678283691e-01
8.653055429458618164e-01
9.533116817474365234e-01
9.083269834518432617e-01
9.363849759101867676e-01
8.861395120620727539e-01
8.791724443435668945e-01
9.866612553596496582e-01
9.563580751419067383e-01
9.677017331123352051e-01
9.616090059280395508e-01
9.162575006484985352e-01
9.648758172988891602e-01
8.090907931327819824e-01
-9.899900000000000000e+04
9.904716014862060547e-01
9.825288653373718262e-01
-9.899900000000000000e+04
8.496636152267456055e-01
9.304997920989990234e-01
-9.899900000000000000e+04
9.734787344932556152e-01
9.694260954856872559e-01
-9.899900000000000000e+04
9.627197384834289551e-01
7.569795846939086914e-01
-9.899900000000000000e+04
