6.291534900665283203e-01
6.257067918777465820e-01
6.407510042190551758e-01
6.632860302925109863e-01
6.476992368698120117e-01
6.468650102615356445e-01
6.616687774658203125e-01
6.678663492202758789e-01
6.592803001403808594e-01
6.673698425292968750e-01
6.752379536628723145e-01
6.803489923477172852e-01
6.639200448989868164e-01
6.767228245735168457e-01
6.808091402053833008e-01
6.744443178176879883e-01
6.758943796157836914e-01
6.658515334129333496e-01
6.833943128585815430e-01
6.764035224914550781e-01
6.899451017379760742e-01
6.757819652557373047e-01
6.786067485809326172e-01
6.928482651710510254e-01
7.024981975555419922e-01
6.883097290992736816e-01
6.911751627922058105e-01
6.909219622611999512e-01
6.996704936027526855e-01
6.920197010040283203e-01
6.927626132965087891e-01
6.869691014289855957e-01
7.013624906539916992e-01
7.011776566505432129e-01
6.992788314819335938e-01
7.025547623634338379e-01
7.019448876380920410e-01
6.971993446350097656e-01
7.080863118171691895e-01
7.040447592735290527e-01
7.065399885177612305e-01
6.981589794158935547e-01
7.133802771568298340e-01
7.058326005935668945e-01
6.936661005020141602e-01
7.180742621421813965e-01
6.912939548492431641e-01
7.155278325080871582e-01
7.119213342666625977e-01
7.100039124488830566e-01
6.940011382102966309e-01
7.065669298171997070e-01
7.027440667152404785e-01
6.970355510711669922e-01
7.151211500167846680e-01
7.167975902557373047e-01
7.048728466033935547e-01
7.072249650955200195e-01
7.255162000656127930e-01
7.072214484214782715e-01
7.195101976394653320e-01
7.251608967781066895e-01
7.176949977874755859e-01
7.038270831108093262e-01
7.064659595489501953e-01
7.185619473457336426e-01
7.227793335914611816e-01
7.231289744377136230e-01
7.263252735137939453e-01
7.369576096534729004e-01
7.408200502395629883e-01
7.455419898033142090e-01
7.268573641777038574e-01
7.523732781410217285e-01
7.241776585578918457e-01
7.637859582901000977e-01
7.470381855964660645e-01
7.357059717178344727e-01
7.575648427009582520e-01
7.557161450386047363e-01
7.545135021209716797e-01
7.629531025886535645e-01
7.721567749977111816e-01
7.610846161842346191e-01
7.376563549041748047e-01
7.380089163780212402e-01
7.694342136383056641e-01
7.798728346824645996e-01
7.964273095130920410e-01
7.435752153396606445e-01
7.407882809638977051e-01
7.790446281433105469e-01
7.920309901237487793e-01
7.474554777145385742e-01
7.654747366905212402e-01
7.659677267074584961e-01
7.834760546684265137e-01
7.866190075874328613e-01
7.756530642509460449e-01
7.930525541305541992e-01
7.989981770515441895e-01
7.961266040802001953e-01
7.886477708816528320e-01
8.096185326576232910e-01
7.796931862831115723e-01
8.106766939163208008e-01
8.050578236579895020e-01
7.985202074050903320e-01
7.697541117668151855e-01
8.061337471008300781e-01
8.187611103057861328e-01
8.145043849945068359e-01
8.304239511489868164e-01
8.225655555725097656e-01
8.158653378486633301e-01
8.090931773185729980e-01
8.071283102035522461e-01
8.133887648582458496e-01
8.334618210792541504e-01
8.385332822799682617e-01
8.383163809776306152e-01
8.355453610420227051e-01
7.893186211585998535e-01
7.865898013114929199e-01
8.497126698493957520e-01
8.531646728515625000e-01
8.541083335876464844e-01
8.660759925842285156e-01
8.563897013664245605e-01
8.513563871383666992e-01
8.720284104347229004e-01
8.462476730346679688e-01
8.593209981918334961e-01
8.582758903503417969e-01
8.774993419647216797e-01
8.978475928306579590e-01
8.656232953071594238e-01
8.624659776687622070e-01
8.830646872520446777e-01
8.710805177688598633e-01
8.474541902542114258e-01
9.013999700546264648e-01
8.783699274063110352e-01
8.870165944099426270e-01
9.016805887222290039e-01
8.738455176353454590e-01
8.867766857147216797e-01
8.960554599761962891e-01
8.815159797668457031e-01
8.747197985649108887e-01
8.978740572929382324e-01
8.984113931655883789e-01
9.115875363349914551e-01
8.923937082290649414e-01
8.948243856430053711e-01
9.193313717842102051e-01
8.932774066925048828e-01
9.360376000404357910e-01
8.994840979576110840e-01
9.049531221389770508e-01
9.251694083213806152e-01
9.099567532539367676e-01
9.218619465827941895e-01
9.028034210205078125e-01
8.392632007598876953e-01
9.061585068702697754e-01
8.583402037620544434e-01
9.137181043624877930e-01
9.175504446029663086e-01
9.223433136940002441e-01
9.182248115539550781e-01
9.151231646537780762e-01
9.332126975059509277e-01
9.477699398994445801e-01
9.005147218704223633e-01
8.719021677970886230e-01
7.750068902969360352e-01
9.446333050727844238e-01
8.494055867195129395e-01
9.139001965522766113e-01
9.485550522804260254e-01
9.175289869308471680e-01
8.015556335449218750e-01
9.337229728698730469e-01
9.383302330970764160e-01
9.645282030105590820e-01
9.059810042381286621e-01
9.354147911071777344e-01
9.542067646980285645e-01
9.579692482948303223e-01
9.879457354545593262e-01
-9.899900000000000000e+04
9.240520000457763672e-01
9.614400267601013184e-01
8.536270856857299805e-01
9.832237958908081055e-01
9.750118851661682129e-01
9.753443002700805664e-01
9.894764423370361328e-01
9.606723785400390625e-01
-9.899900000000000000e+04
9.863674044609069824e-01
9.659628272056579590e-01
9.770838618278503418e-01
9.381109476089477539e-01
9.794164896011352539e-01
-9.899900000000000000e+04
8.771002888679504395e-01
1.006115317344665527e+00
8.226219415664672852e-01
-9.899900000000000000e+04
-9.899900000000000000e+04
-9.899900000000000000e+04
9.762030243873596191e-01
-9.899900000000000000e+04
-9.899900000000000000e+04
-9.899900000000000000e+04
-9.899900000000000000e+04
-9.899900000000000000e+04
-9.899900000000000000e+04
8.523275852203369141e-01
9.778601527214050293e-01
-9.899900000000000000e+04
-9.899900000000000000e+04
-9.899900000000000000e+04
8.401820659637451172e-01
-9.899900000000000000e+04
-9.899900000000000000e+04
-9.899900000000000000e+04
-9.899900000000000000e+04
