6.309524774551391602e-01
6.517849564552307129e-01
6.388311982154846191e-01
6.632860302925109863e-01
6.476992368698120117e-01
6.639208197593688965e-01
6.616687774658203125e-01
6.678663492202758789e-01
6.734914183616638184e-01
6.793448328971862793e-01
6.764816641807556152e-01
6.740006208419799805e-01
6.819658279418945312e-01
6.571822762489318848e-01
6.736790537834167480e-01
6.734188199043273926e-01
6.856209635734558105e-01
6.658515334129333496e-01
6.890469193458557129e-01
6.843210458755493164e-01
6.787393689155578613e-01
6.825303435325622559e-01
6.752519607543945312e-01
6.934555768966674805e-01
6.882070302963256836e-01
6.991040706634521484e-01
7.059762477874755859e-01
6.934535503387451172e-01
6.905452609062194824e-01
6.922778487205505371e-01
6.941789984703063965e-01
7.012380361557006836e-01
6.952818632125854492e-01
6.873801946640014648e-01
6.992788314819335938e-01
6.987829208374023438e-01
6.958599090576171875e-01
6.950572729110717773e-01
6.989026069641113281e-01
7.048711180686950684e-01
7.042630314826965332e-01
6.980413198471069336e-01
7.163586020469665527e-01
6.961033940315246582e-01
6.990275382995605469e-01
7.151008248329162598e-01
7.094507217407226562e-01
7.137104868888854980e-01
7.184113860130310059e-01
7.193343639373779297e-01
7.088149189949035645e-01
7.128240466117858887e-01
7.163930535316467285e-01
7.173483371734619141e-01
7.200399637222290039e-01
7.194600701332092285e-01
6.968917250633239746e-01
7.253451943397521973e-01
7.145457863807678223e-01
7.282625436782836914e-01
7.285352349281311035e-01
7.126436233520507812e-01
7.292203903198242188e-01
7.314685583114624023e-01
7.226217389106750488e-01
7.377935647964477539e-01
7.304960489273071289e-01
7.100490927696228027e-01
7.291079759597778320e-01
7.287040352821350098e-01
7.386015057563781738e-01
7.462155818939208984e-01
7.258036732673645020e-01
7.420735955238342285e-01
7.167935967445373535e-01
7.558002471923828125e-01
7.386454343795776367e-01
7.413954138755798340e-01
7.487847208976745605e-01
7.653184533119201660e-01
7.574537992477416992e-01
7.614761590957641602e-01
7.450048327445983887e-01
7.688191533088684082e-01
7.544759511947631836e-01
7.685217261314392090e-01
7.822071909904479980e-01
7.595827579498291016e-01
7.921605706214904785e-01
7.564396262168884277e-01
7.578841447830200195e-01
7.673103809356689453e-01
7.826690077781677246e-01
7.652142643928527832e-01
7.877678275108337402e-01
7.671837806701660156e-01
7.525743842124938965e-01
7.937684059143066406e-01
7.942008972167968750e-01
7.633838653564453125e-01
7.865223884582519531e-01
7.997352480888366699e-01
7.603113055229187012e-01
8.113473057746887207e-01
8.038118481636047363e-01
8.119569420814514160e-01
7.776753306388854980e-01
7.958222627639770508e-01
8.154626488685607910e-01
8.111224770545959473e-01
8.105236291885375977e-01
8.113762140274047852e-01
8.119601607322692871e-01
8.185108900070190430e-01
8.046007156372070312e-01
8.259397745132446289e-01
8.369333148002624512e-01
8.432767987251281738e-01
8.360356688499450684e-01
8.424390554428100586e-01
8.376929759979248047e-01
8.320088386535644531e-01
8.487368822097778320e-01
8.343087434768676758e-01
8.659014105796813965e-01
7.979049086570739746e-01
8.576287031173706055e-01
8.566862940788269043e-01
8.451721072196960449e-01
8.424086570739746094e-01
8.600218296051025391e-01
8.616992235183715820e-01
8.607928156852722168e-01
8.675417900085449219e-01
8.739235401153564453e-01
8.881123065948486328e-01
8.727932572364807129e-01
8.626442551612854004e-01
8.571562767028808594e-01
8.776127099990844727e-01
8.803197145462036133e-01
8.850115537643432617e-01
8.723262548446655273e-01
8.842691183090209961e-01
7.775992751121520996e-01
9.011569619178771973e-01
8.917427659034729004e-01
8.842793107032775879e-01
8.970798850059509277e-01
8.898901939392089844e-01
8.894542455673217773e-01
9.105989933013916016e-01
9.068245291709899902e-01
8.264600634574890137e-01
8.809219598770141602e-01
8.988860249519348145e-01
9.136729240417480469e-01
8.857180476188659668e-01
9.068046212196350098e-01
8.932536840438842773e-01
9.150301218032836914e-01
9.103359580039978027e-01
9.136534333229064941e-01
9.237016439437866211e-01
9.213275909423828125e-01
9.350014328956604004e-01
9.094383716583251953e-01
8.707864284515380859e-01
9.094308614730834961e-01
9.378851652145385742e-01
9.160730242729187012e-01
8.986940383911132812e-01
9.204635024070739746e-01
9.375389218330383301e-01
9.376071691513061523e-01
9.457250237464904785e-01
9.308330416679382324e-01
9.202469587326049805e-01
9.230410456657409668e-01
9.245585799217224121e-01
9.300130009651184082e-01
9.442690014839172363e-01
9.584791660308837891e-01
9.385886192321777344e-01
9.612623453140258789e-01
9.302632212638854980e-01
9.646095633506774902e-01
9.412811398506164551e-01
9.624759554862976074e-01
9.746724367141723633e-01
9.763633012771606445e-01
8.519383668899536133e-01
9.763802289962768555e-01
1.000472426414489746e+00
9.566614031791687012e-01
1.002081274986267090e+00
9.888240098953247070e-01
9.920832514762878418e-01
-9.899900000000000000e+04
8.647283315658569336e-01
9.858323335647583008e-01
-9.899900000000000000e+04
