6.309524774551391602e-01
6.358127593994140625e-01
6.562239527702331543e-01
6.632860302925109863e-01
6.458758711814880371e-01
6.493827104568481445e-01
6.616687774658203125e-01
6.766836643218994141e-01
6.734914183616638184e-01
6.793448328971862793e-01
6.664795279502868652e-01
6.650627255439758301e-01
6.751718521118164062e-01
6.840402483940124512e-01
6.808091402053833008e-01
6.848210692405700684e-01
6.786848902702331543e-01
6.710654497146606445e-01
6.750604510307312012e-01
6.843210458755493164e-01
6.730217337608337402e-01
6.783048510551452637e-01
6.574354171752929688e-01
7.045492529869079590e-01
6.966059207916259766e-01
6.925680041313171387e-01
6.818634271621704102e-01
6.890015006065368652e-01
6.983751058578491211e-01
7.025297880172729492e-01
7.099953293800354004e-01
6.994097232818603516e-01
7.017874121665954590e-01
6.906448006629943848e-01
6.911317706108093262e-01
6.923815608024597168e-01
6.955317258834838867e-01
7.035480737686157227e-01
6.880967617034912109e-01
7.186087369918823242e-01
7.091292738914489746e-01
7.106630206108093262e-01
7.098948359489440918e-01
7.050446867942810059e-01
7.053074240684509277e-01
7.193337082862854004e-01
6.983445286750793457e-01
7.044208645820617676e-01
7.145139575004577637e-01
7.188674807548522949e-01
7.171977758407592773e-01
7.132545709609985352e-01
6.991780996322631836e-01
6.985120773315429688e-01
7.168117165565490723e-01
7.038766145706176758e-01
7.210134863853454590e-01
7.249380350112915039e-01
7.139106392860412598e-01
7.270344495773315430e-01
7.295101284980773926e-01
7.267777323722839355e-01
7.278751134872436523e-01
7.139283418655395508e-01
7.216222882270812988e-01
7.373410463333129883e-01
7.102971673011779785e-01
7.377834320068359375e-01
7.435834407806396484e-01
7.382013201713562012e-01
7.394364476203918457e-01
7.598745822906494141e-01
7.457524538040161133e-01
7.479057312011718750e-01
7.566012144088745117e-01
7.570390701293945312e-01
7.469115257263183594e-01
7.401518821716308594e-01
7.517582774162292480e-01
7.549794316291809082e-01
7.478279471397399902e-01
7.605414390563964844e-01
7.558371424674987793e-01
7.667155861854553223e-01
7.629913091659545898e-01
7.668898105621337891e-01
7.341191768646240234e-01
7.919102311134338379e-01
7.500857114791870117e-01
7.671124935150146484e-01
7.781857252120971680e-01
7.832001447677612305e-01
7.433319091796875000e-01
7.567989826202392578e-01
7.764124274253845215e-01
8.061488270759582520e-01
7.805957198143005371e-01
7.989044189453125000e-01
7.908943295478820801e-01
7.899156808853149414e-01
7.695562243461608887e-01
7.831642031669616699e-01
7.925040721893310547e-01
8.010412454605102539e-01
7.954465150833129883e-01
8.071323037147521973e-01
8.135125637054443359e-01
8.083875179290771484e-01
7.898421287536621094e-01
8.118379712104797363e-01
8.230832815170288086e-01
8.069670796394348145e-01
8.291091322898864746e-01
8.024961352348327637e-01
8.121926188468933105e-01
8.331373333930969238e-01
8.329429030418395996e-01
8.392982482910156250e-01
8.416519761085510254e-01
8.445501923561096191e-01
8.378971219062805176e-01
8.446575403213500977e-01
8.488892316818237305e-01
8.613186478614807129e-01
8.521856665611267090e-01
8.600006699562072754e-01
8.546773791313171387e-01
8.529137372970581055e-01
8.566312193870544434e-01
8.661708831787109375e-01
8.608806133270263672e-01
8.508374691009521484e-01
8.519757986068725586e-01
8.410866856575012207e-01
8.771722316741943359e-01
8.622379302978515625e-01
8.746497035026550293e-01
8.844730854034423828e-01
8.808569312095642090e-01
8.756147027015686035e-01
8.822389245033264160e-01
8.873705267906188965e-01
8.830773830413818359e-01
8.843393921852111816e-01
8.914763331413269043e-01
8.838478922843933105e-01
8.878728151321411133e-01
8.918069601058959961e-01
8.870947360992431641e-01
9.095821380615234375e-01
8.809058666229248047e-01
8.888275623321533203e-01
9.096806645393371582e-01
9.044461846351623535e-01
8.977389931678771973e-01
8.846547603607177734e-01
9.172380566596984863e-01
9.149465560913085938e-01
9.121097326278686523e-01
8.750554323196411133e-01
9.168420433998107910e-01
9.184888601303100586e-01
7.691040039062500000e-01
9.208706617355346680e-01
8.997610807418823242e-01
9.191651940345764160e-01
9.099302291870117188e-01
9.223532676696777344e-01
9.287973046302795410e-01
8.930823206901550293e-01
9.371250867843627930e-01
9.263560175895690918e-01
7.994319796562194824e-01
8.111763000488281250e-01
9.204397201538085938e-01
9.243159294128417969e-01
9.427423477172851562e-01
9.602023363113403320e-01
9.288799166679382324e-01
7.974283099174499512e-01
9.456626772880554199e-01
9.447332620620727539e-01
9.038849472999572754e-01
9.417350292205810547e-01
9.568294882774353027e-01
9.513087272644042969e-01
8.590462803840637207e-01
7.125817537307739258e-01
9.409167170524597168e-01
9.144849181175231934e-01
9.653226733207702637e-01
9.715725779533386230e-01
8.795770406723022461e-01
9.810290336608886719e-01
9.841723442077636719e-01
9.844865798950195312e-01
-9.899900000000000000e+04
-9.899900000000000000e+04
9.777031540870666504e-01
9.879117608070373535e-01
9.724632501602172852e-01
9.166297912597656250e-01
1.016555547714233398e+00
-9.899900000000000000e+04
9.798341989517211914e-01
-9.899900000000000000e+04
9.721719026565551758e-01
-9.899900000000000000e+04
9.710760116577148438e-01
