6.291534900665283203e-01
6.358127593994140625e-01
6.412144899368286133e-01
6.606395840644836426e-01
6.627352833747863770e-01
6.656777262687683105e-01
6.603446006774902344e-01
6.678663492202758789e-01
6.592803001403808594e-01
6.654602885246276855e-01
6.752379536628723145e-01
6.596245169639587402e-01
6.817724108695983887e-01
6.659889221191406250e-01
6.713212132453918457e-01
6.695431470870971680e-01
6.755884289741516113e-01
6.737642884254455566e-01
6.717495918273925781e-01
6.858556270599365234e-01
6.897858977317810059e-01
6.750268340110778809e-01
6.752519607543945312e-01
6.878223419189453125e-01
6.794004440307617188e-01
6.904674768447875977e-01
7.008069157600402832e-01
6.989399194717407227e-01
7.004201412200927734e-01
6.975581645965576172e-01
6.952600479125976562e-01
6.879810690879821777e-01
6.910280585289001465e-01
6.935343146324157715e-01
6.980296373367309570e-01
6.928925514221191406e-01
6.958599090576171875e-01
7.038456797599792480e-01
6.965888738632202148e-01
7.103593945503234863e-01
6.809315681457519531e-01
6.984429359436035156e-01
7.038055062294006348e-01
6.986060142517089844e-01
7.057213187217712402e-01
7.142729759216308594e-01
7.046806216239929199e-01
7.178595662117004395e-01
7.093520760536193848e-01
7.140738368034362793e-01
7.136259078979492188e-01
7.019130587577819824e-01
7.010306119918823242e-01
7.165403366088867188e-01
7.159767746925354004e-01
7.097996473312377930e-01
7.181223034858703613e-01
7.230017185211181641e-01
7.265409827232360840e-01
6.932861804962158203e-01
7.156069278717041016e-01
6.963946223258972168e-01
7.179211378097534180e-01
7.174440622329711914e-01
7.177229523658752441e-01
7.248686552047729492e-01
7.067522406578063965e-01
7.366572618484497070e-01
7.195662856101989746e-01
7.202949523925781250e-01
7.273591160774230957e-01
7.350430488586425781e-01
7.398569583892822266e-01
7.222832441329956055e-01
7.562181949615478516e-01
7.478314042091369629e-01
7.230830788612365723e-01
7.143745422363281250e-01
7.622227072715759277e-01
7.512131929397583008e-01
7.661051154136657715e-01
7.590836286544799805e-01
7.443920969963073730e-01
7.680831551551818848e-01
7.448638081550598145e-01
7.632016539573669434e-01
7.600382566452026367e-01
7.907441854476928711e-01
7.575752139091491699e-01
7.880325317382812500e-01
7.772563099861145020e-01
7.822163105010986328e-01
8.015489578247070312e-01
7.787653207778930664e-01
7.763198018074035645e-01
7.965305447578430176e-01
7.759677767753601074e-01
8.005994558334350586e-01
7.842153906822204590e-01
8.058626651763916016e-01
7.920892834663391113e-01
7.946717143058776855e-01
7.936908006668090820e-01
8.004441261291503906e-01
7.829144597053527832e-01
8.086121082305908203e-01
8.098059296607971191e-01
8.101944923400878906e-01
8.118807673454284668e-01
8.192200064659118652e-01
8.101649284362792969e-01
7.938587665557861328e-01
8.215814828872680664e-01
8.175026178359985352e-01
8.296136260032653809e-01
8.287119865417480469e-01
8.237912654876708984e-01
8.479078412055969238e-01
8.312032222747802734e-01
8.367318511009216309e-01
8.412528634071350098e-01
8.278374671936035156e-01
8.428956866264343262e-01
8.588266372680664062e-01
8.570585250854492188e-01
8.653197288513183594e-01
8.731987476348876953e-01
8.576381206512451172e-01
8.550775647163391113e-01
8.569716215133666992e-01
8.633796572685241699e-01
8.544948697090148926e-01
8.722848892211914062e-01
8.731049895286560059e-01
8.591517806053161621e-01
8.727238774299621582e-01
8.735702037811279297e-01
8.596284985542297363e-01
8.800150156021118164e-01
8.761610984802246094e-01
8.795510530471801758e-01
8.637325167655944824e-01
8.653051257133483887e-01
8.938401341438293457e-01
8.967039585113525391e-01
9.088031053543090820e-01
8.633593320846557617e-01
8.903346657752990723e-01
8.944379687309265137e-01
8.874098658561706543e-01
8.852816224098205566e-01
8.973184823989868164e-01
8.007280826568603516e-01
8.789879679679870605e-01
8.985705971717834473e-01
8.818675279617309570e-01
9.123429656028747559e-01
8.004338145256042480e-01
9.205887317657470703e-01
8.990005850791931152e-01
9.165263772010803223e-01
9.026461243629455566e-01
9.194487929344177246e-01
8.975180387496948242e-01
8.869840502738952637e-01
8.863971233367919922e-01
9.214660525321960449e-01
9.118186831474304199e-01
9.304485321044921875e-01
9.284155368804931641e-01
9.342315196990966797e-01
8.263290524482727051e-01
8.863260746002197266e-01
9.337168335914611816e-01
8.764773011207580566e-01
9.396341443061828613e-01
8.184707164764404297e-01
9.279302358627319336e-01
8.999934792518615723e-01
9.426463246345520020e-01
9.139049053192138672e-01
9.431906938552856445e-01
9.529904127120971680e-01
9.580701589584350586e-01
9.795117378234863281e-01
9.736652374267578125e-01
9.938650727272033691e-01
8.354544043540954590e-01
8.109476566314697266e-01
9.756492972373962402e-01
9.702802896499633789e-01
9.763420224189758301e-01
9.526991248130798340e-01
9.744468331336975098e-01
9.955952167510986328e-01
9.786698818206787109e-01
9.598941802978515625e-01
9.825468063354492188e-01
8.128541111946105957e-01
-9.899900000000000000e+04
9.423794150352478027e-01
9.738063216209411621e-01
9.829171895980834961e-01
9.697025418281555176e-01
6.736263632774353027e-01
9.719430804252624512e-01
9.298272132873535156e-01
9.870162606239318848e-01
-9.899900000000000000e+04
8.441926836967468262e-01
-9.899900000000000000e+04
-9.899900000000000000e+04
-9.899900000000000000e+04
-9.899900000000000000e+04
9.994619488716125488e-01
9.509616494178771973e-01
-9.899900000000000000e+04
-9.899900000000000000e+04
9.635396599769592285e-01
-9.899900000000000000e+04
-9.899900000000000000e+04
9.454572200775146484e-01
-9.899900000000000000e+04
-9.899900000000000000e+04
-9.899900000000000000e+04
