6.309524774551391602e-01
6.257067918777465820e-01
6.562239527702331543e-01
6.606395840644836426e-01
6.627352833747863770e-01
6.639208197593688965e-01
6.613437533378601074e-01
6.605220437049865723e-01
6.592803001403808594e-01
6.748409867286682129e-01
6.734725236892700195e-01
6.803489923477172852e-01
6.633976101875305176e-01
6.567332148551940918e-01
6.669101715087890625e-01
6.690617203712463379e-01
6.755884289741516113e-01
6.695446372032165527e-01
6.746504306793212891e-01
6.797250509262084961e-01
6.811931729316711426e-01
6.771843433380126953e-01
6.750503778457641602e-01
6.878223419189453125e-01
7.004052400588989258e-01
7.013657093048095703e-01
7.026354074478149414e-01
6.982430219650268555e-01
6.875582337379455566e-01
6.901693344116210938e-01
6.826096773147583008e-01
6.762169003486633301e-01
6.914205551147460938e-01
6.984742283821105957e-01
6.906443834304809570e-01
6.928925514221191406e-01
7.021296024322509766e-01
6.992508769035339355e-01
7.086678743362426758e-01
7.078589200973510742e-01
7.053436636924743652e-01
7.021706104278564453e-01
6.838155388832092285e-01
6.931822299957275391e-01
7.104141712188720703e-01
7.026485800743103027e-01
7.015414834022521973e-01
7.164863348007202148e-01
7.064397931098937988e-01
7.097156643867492676e-01
6.992989778518676758e-01
6.983457207679748535e-01
7.142857909202575684e-01
7.185201048851013184e-01
7.105660438537597656e-01
7.072114944458007812e-01
7.053039073944091797e-01
7.226364612579345703e-01
7.260581254959106445e-01
7.152826189994812012e-01
6.998545527458190918e-01
7.318779826164245605e-01
7.196701169013977051e-01
7.195527553558349609e-01
7.203994393348693848e-01
7.239308953285217285e-01
7.313123941421508789e-01
7.184938788414001465e-01
7.283794283866882324e-01
7.418705224990844727e-01
7.420747280120849609e-01
7.442301511764526367e-01
7.178129553794860840e-01
7.190245389938354492e-01
7.568570971488952637e-01
7.265396714210510254e-01
7.580649852752685547e-01
7.628166079521179199e-01
7.313429117202758789e-01
7.530094981193542480e-01
7.587009072303771973e-01
7.478137612342834473e-01
7.594289183616638184e-01
7.676348090171813965e-01
7.425953149795532227e-01
7.436859011650085449e-01
7.828667759895324707e-01
7.582758069038391113e-01
7.844930887222290039e-01
7.770611047744750977e-01
7.740921974182128906e-01
7.898840904235839844e-01
7.738624215126037598e-01
7.788560986518859863e-01
7.754939198493957520e-01
7.931917309761047363e-01
7.876175045967102051e-01
8.105709552764892578e-01
7.675098180770874023e-01
7.715824246406555176e-01
7.894433140754699707e-01
7.730975747108459473e-01
7.962751388549804688e-01
7.991333603858947754e-01
8.010133504867553711e-01
8.095852732658386230e-01
8.066427111625671387e-01
8.089388608932495117e-01
8.211988806724548340e-01
8.043291568756103516e-01
7.941963076591491699e-01
8.153653740882873535e-01
8.157883882522583008e-01
8.057641386985778809e-01
8.318962454795837402e-01
8.171327114105224609e-01
8.350393176078796387e-01
8.186298012733459473e-01
8.258078694343566895e-01
8.200311660766601562e-01
8.515586853027343750e-01
8.356814384460449219e-01
8.558706641197204590e-01
8.537067770957946777e-01
8.415062427520751953e-01
8.552641868591308594e-01
8.575352430343627930e-01
8.507661223411560059e-01
8.596007227897644043e-01
8.695173859596252441e-01
8.576190471649169922e-01
8.507585525512695312e-01
8.387492299079895020e-01
8.733274340629577637e-01
8.445820212364196777e-01
8.673176765441894531e-01
8.755144476890563965e-01
8.739491701126098633e-01
8.768904805183410645e-01
8.673900961875915527e-01
8.777678012847900391e-01
8.909805417060852051e-01
8.492817878723144531e-01
8.750075101852416992e-01
8.778795003890991211e-01
9.016228914260864258e-01
8.954512476921081543e-01
9.003618955612182617e-01
8.817709684371948242e-01
8.864715695381164551e-01
8.910362720489501953e-01
9.126706719398498535e-01
9.019563198089599609e-01
8.894426822662353516e-01
8.965125083923339844e-01
9.210052490234375000e-01
8.931007385253906250e-01
9.050284028053283691e-01
9.125261902809143066e-01
9.190466403961181641e-01
9.209573864936828613e-01
7.966147661209106445e-01
8.883789181709289551e-01
8.948282599449157715e-01
9.326984882354736328e-01
8.748805522918701172e-01
9.173710346221923828e-01
8.882228732109069824e-01
9.207573533058166504e-01
9.155484437942504883e-01
9.178152084350585938e-01
7.616432905197143555e-01
9.185938835144042969e-01
9.036551713943481445e-01
9.239100813865661621e-01
8.387227654457092285e-01
9.458930492401123047e-01
8.138921856880187988e-01
9.395934939384460449e-01
9.421915411949157715e-01
9.283705949783325195e-01
9.545221924781799316e-01
8.800434470176696777e-01
9.164893031120300293e-01
9.449441432952880859e-01
9.429816603660583496e-01
9.027165770530700684e-01
9.519482851028442383e-01
9.407160878181457520e-01
9.575295448303222656e-01
9.271362423896789551e-01
9.574499726295471191e-01
9.683558940887451172e-01
9.833075404167175293e-01
9.517812132835388184e-01
9.568751454353332520e-01
9.785581827163696289e-01
8.713735938072204590e-01
9.733732938766479492e-01
9.446521401405334473e-01
9.992560744285583496e-01
9.730762839317321777e-01
1.001036524772644043e+00
9.621419906616210938e-01
-9.899900000000000000e+04
