6.225892305374145508e-01
6.517849564552307129e-01
6.407510042190551758e-01
6.606395840644836426e-01
6.469347476959228516e-01
6.493827104568481445e-01
6.615265011787414551e-01
6.678663492202758789e-01
6.592803001403808594e-01
6.603376865386962891e-01
6.664795279502868652e-01
6.596245169639587402e-01
6.820835471153259277e-01
6.546568870544433594e-01
6.668683290481567383e-01
6.785594224929809570e-01
6.765583157539367676e-01
6.735684275627136230e-01
6.686673164367675781e-01
6.832796931266784668e-01
6.880489587783813477e-01
6.750268340110778809e-01
6.763271093368530273e-01
6.907753348350524902e-01
6.988223791122436523e-01
6.927474141120910645e-01
6.916337013244628906e-01
6.876263022422790527e-01
6.958838105201721191e-01
6.848940253257751465e-01
6.940954327583312988e-01
7.123299241065979004e-01
7.013365626335144043e-01
7.093622088432312012e-01
6.770730018615722656e-01
7.018034458160400391e-01
6.940272450447082520e-01
7.037529349327087402e-01
7.027180194854736328e-01
7.130557894706726074e-01
6.996781229972839355e-01
6.998253464698791504e-01
6.982665657997131348e-01
7.035742402076721191e-01
6.840797662734985352e-01
6.841769218444824219e-01
7.127655148506164551e-01
7.105683088302612305e-01
7.129645943641662598e-01
7.108576297760009766e-01
7.034406065940856934e-01
7.121486663818359375e-01
6.987991333007812500e-01
7.023916244506835938e-01
7.070941925048828125e-01
7.215849161148071289e-01
7.211138010025024414e-01
7.109168171882629395e-01
6.962690353393554688e-01
7.264667749404907227e-01
7.315659523010253906e-01
7.335999011993408203e-01
7.313378453254699707e-01
7.177400588989257812e-01
7.217419147491455078e-01
7.214971184730529785e-01
7.259079217910766602e-01
7.282780408859252930e-01
7.403081059455871582e-01
7.316659688949584961e-01
7.370007634162902832e-01
7.264822721481323242e-01
7.249407172203063965e-01
7.496879100799560547e-01
7.527486085891723633e-01
7.397911548614501953e-01
7.365122437477111816e-01
7.434055805206298828e-01
7.326183915138244629e-01
7.342237830162048340e-01
7.477018833160400391e-01
7.564321160316467285e-01
7.351571321487426758e-01
7.737179398536682129e-01
7.631006836891174316e-01
7.506766319274902344e-01
7.703026533126831055e-01
7.984423041343688965e-01
7.825435996055603027e-01
7.866386175155639648e-01
7.860452532768249512e-01
7.850540280342102051e-01
7.795987725257873535e-01
7.930827140808105469e-01
7.802174091339111328e-01
7.830880880355834961e-01
7.639973759651184082e-01
7.967886924743652344e-01
7.693496942520141602e-01
7.840908765792846680e-01
7.822685241699218750e-01
7.923889756202697754e-01
7.771314382553100586e-01
8.031430840492248535e-01
8.098437786102294922e-01
8.055592775344848633e-01
7.963290214538574219e-01
8.069955110549926758e-01
7.958434820175170898e-01
7.824069857597351074e-01
8.041105866432189941e-01
8.134875297546386719e-01
7.996566891670227051e-01
7.997083663940429688e-01
8.109221458435058594e-01
8.065435886383056641e-01
8.348791003227233887e-01
8.357688784599304199e-01
8.329741358757019043e-01
8.247921466827392578e-01
8.409339785575866699e-01
8.411998748779296875e-01
8.432222604751586914e-01
8.429581522941589355e-01
8.449094295501708984e-01
8.523254990577697754e-01
8.653715252876281738e-01
8.499984145164489746e-01
8.557299971580505371e-01
8.570269942283630371e-01
8.391107320785522461e-01
8.797783851623535156e-01
8.574336171150207520e-01
8.694753646850585938e-01
8.578887581825256348e-01
8.749758005142211914e-01
8.675134181976318359e-01
8.702391982078552246e-01
8.667656779289245605e-01
8.794209957122802734e-01
8.838489055633544922e-01
8.464286923408508301e-01
8.774657845497131348e-01
8.911989927291870117e-01
8.784904479980468750e-01
8.990202546119689941e-01
9.023585915565490723e-01
8.831449151039123535e-01
8.572308421134948730e-01
8.968738317489624023e-01
8.777680993080139160e-01
8.795532584190368652e-01
8.921625614166259766e-01
9.144102931022644043e-01
7.971360683441162109e-01
8.701893091201782227e-01
9.052198529243469238e-01
9.114941358566284180e-01
8.853006362915039062e-01
8.342860937118530273e-01
9.089722037315368652e-01
9.202079772949218750e-01
8.966386914253234863e-01
8.011464476585388184e-01
8.967669010162353516e-01
9.188420772552490234e-01
9.072694182395935059e-01
9.221299290657043457e-01
9.139906167984008789e-01
9.328115582466125488e-01
9.048005342483520508e-01
9.244886040687561035e-01
9.399377703666687012e-01
9.185281395912170410e-01
9.098128080368041992e-01
7.879704236984252930e-01
9.213120341300964355e-01
9.482749104499816895e-01
9.299811124801635742e-01
9.345626831054687500e-01
9.653095602989196777e-01
9.055422544479370117e-01
9.145178198814392090e-01
9.525396227836608887e-01
9.608059525489807129e-01
8.826124072074890137e-01
8.908008933067321777e-01
9.322129487991333008e-01
9.297760725021362305e-01
9.209000468254089355e-01
-9.899900000000000000e+04
9.595378041267395020e-01
9.548693895339965820e-01
9.442253112792968750e-01
9.862918257713317871e-01
9.298015236854553223e-01
9.549385905265808105e-01
9.729052782058715820e-01
9.772515892982482910e-01
9.602059125900268555e-01
-9.899900000000000000e+04
9.831834435462951660e-01
-9.899900000000000000e+04
9.394242763519287109e-01
