6.225892305374145508e-01
6.517849564552307129e-01
6.388311982154846191e-01
6.632860302925109863e-01
6.470496654510498047e-01
6.503523588180541992e-01
6.686866879463195801e-01
6.693965792655944824e-01
6.734914183616638184e-01
6.806339025497436523e-01
6.641452312469482422e-01
6.613467335700988770e-01
6.751718521118164062e-01
6.571822762489318848e-01
6.669101715087890625e-01
6.648148894309997559e-01
6.755884289741516113e-01
6.691499948501586914e-01
6.732423305511474609e-01
6.843210458755493164e-01
6.755523085594177246e-01
6.802825331687927246e-01
6.810171008110046387e-01
6.879782676696777344e-01
7.014323472976684570e-01
7.009621262550354004e-01
6.893593072891235352e-01
6.988013386726379395e-01
6.832567453384399414e-01
6.918540596961975098e-01
6.908670067787170410e-01
6.884792447090148926e-01
6.646079421043395996e-01
6.965417861938476562e-01
6.935407519340515137e-01
7.048809528350830078e-01
6.957610249519348145e-01
7.013447284698486328e-01
7.082526683807373047e-01
7.130557894706726074e-01
6.838994622230529785e-01
7.112235426902770996e-01
7.177578806877136230e-01
7.035019397735595703e-01
7.131761908531188965e-01
6.959053874015808105e-01
7.113076448440551758e-01
7.179567217826843262e-01
7.081658840179443359e-01
7.180870771408081055e-01
7.022693157196044922e-01
6.986243128776550293e-01
7.020036578178405762e-01
7.016034722328186035e-01
7.207016944885253906e-01
7.221171855926513672e-01
7.236331701278686523e-01
7.130717039108276367e-01
7.100941538810729980e-01
7.149806618690490723e-01
7.137174606323242188e-01
7.122300267219543457e-01
7.026990652084350586e-01
7.290108203887939453e-01
7.294088006019592285e-01
7.239761352539062500e-01
7.069047689437866211e-01
7.273785471916198730e-01
7.252067923545837402e-01
7.396051287651062012e-01
7.221176624298095703e-01
7.472496628761291504e-01
7.296726107597351074e-01
7.454879283905029297e-01
7.662971615791320801e-01
7.262284159660339355e-01
7.526889443397521973e-01
7.320682406425476074e-01
7.574023604393005371e-01
7.373907566070556641e-01
7.560045123100280762e-01
7.373732328414916992e-01
7.594909071922302246e-01
7.500753402709960938e-01
7.749080061912536621e-01
7.590287327766418457e-01
7.558689117431640625e-01
7.817363739013671875e-01
7.902247309684753418e-01
7.719687223434448242e-01
7.876554727554321289e-01
7.830699682235717773e-01
7.770314216613769531e-01
7.800925970077514648e-01
7.924425601959228516e-01
7.874769568443298340e-01
7.878992557525634766e-01
7.876232266426086426e-01
7.924717068672180176e-01
7.956716418266296387e-01
7.961846590042114258e-01
7.891494035720825195e-01
7.877823710441589355e-01
7.959871888160705566e-01
7.945273518562316895e-01
8.110837340354919434e-01
7.999536991119384766e-01
8.041984438896179199e-01
8.045017123222351074e-01
8.164836168289184570e-01
8.165742754936218262e-01
8.086600899696350098e-01
7.946485877037048340e-01
7.955082058906555176e-01
8.166081309318542480e-01
7.942857146263122559e-01
8.378088474273681641e-01
8.218113183975219727e-01
8.327286839485168457e-01
8.215649724006652832e-01
8.298500180244445801e-01
8.540054559707641602e-01
8.454302549362182617e-01
8.274725675582885742e-01
8.519291877746582031e-01
8.568616509437561035e-01
8.603289723396301270e-01
8.391152024269104004e-01
8.391883969306945801e-01
8.444458246231079102e-01
8.539494872093200684e-01
8.637944459915161133e-01
8.680377602577209473e-01
8.725906610488891602e-01
8.639169335365295410e-01
8.744924068450927734e-01
8.699133992195129395e-01
8.775516152381896973e-01
8.755290508270263672e-01
8.641535043716430664e-01
8.947094678878784180e-01
8.785543441772460938e-01
8.886815905570983887e-01
8.802773952484130859e-01
8.802250027656555176e-01
8.913939595222473145e-01
8.905519247055053711e-01
8.832497596740722656e-01
8.537009358406066895e-01
9.068849682807922363e-01
8.760691881179809570e-01
8.736923336982727051e-01
8.676233291625976562e-01
8.858079314231872559e-01
8.942834138870239258e-01
8.969289660453796387e-01
8.792745471000671387e-01
8.867363333702087402e-01
9.100373983383178711e-01
8.972529172897338867e-01
9.094134569168090820e-01
9.036715626716613770e-01
9.089347124099731445e-01
8.340870738029479980e-01
8.264060616493225098e-01
9.150227308273315430e-01
9.378531575202941895e-01
9.388799667358398438e-01
9.242812395095825195e-01
8.048002719879150391e-01
9.160566926002502441e-01
9.170884490013122559e-01
8.055242896080017090e-01
9.263916015625000000e-01
9.325855374336242676e-01
9.313227534294128418e-01
9.027569293975830078e-01
8.904469013214111328e-01
9.052561521530151367e-01
9.510347247123718262e-01
9.433382749557495117e-01
9.192366003990173340e-01
9.533435106277465820e-01
9.373202323913574219e-01
9.296821951866149902e-01
9.606264233589172363e-01
9.845426082611083984e-01
9.444615840911865234e-01
9.139040112495422363e-01
8.585554957389831543e-01
9.531473517417907715e-01
9.780305027961730957e-01
9.580231308937072754e-01
9.935601353645324707e-01
9.961342811584472656e-01
9.829299449920654297e-01
1.007545471191406250e+00
9.693254828453063965e-01
9.993565082550048828e-01
9.716541767120361328e-01
