6.461329460144042969e-01
6.517849564552307129e-01
6.412144899368286133e-01
6.595162153244018555e-01
6.469347476959228516e-01
6.639208197593688965e-01
6.616687774658203125e-01
6.678663492202758789e-01
6.734914183616638184e-01
6.655529737472534180e-01
6.664795279502868652e-01
6.650627255439758301e-01
6.681141257286071777e-01
6.547865271568298340e-01
6.688993573188781738e-01
6.690617203712463379e-01
6.745044589042663574e-01
6.694166660308837891e-01
6.670411825180053711e-01
6.843210458755493164e-01
6.899451017379760742e-01
6.802825331687927246e-01
6.531196832656860352e-01
7.064725756645202637e-01
7.015699148178100586e-01
6.991040706634521484e-01
7.095837593078613281e-01
6.889230608940124512e-01
6.877900362014770508e-01
7.025297880172729492e-01
6.735384464263916016e-01
6.949328780174255371e-01
6.994485855102539062e-01
6.959541440010070801e-01
6.997989416122436523e-01
6.991676688194274902e-01
6.987966299057006836e-01
6.968074440956115723e-01
7.013962268829345703e-01
6.794131398200988770e-01
7.072004079818725586e-01
7.027769088745117188e-01
7.144544720649719238e-01
7.138353586196899414e-01
7.092535495758056641e-01
7.122985124588012695e-01
7.159293293952941895e-01
7.074484825134277344e-01
7.073889970779418945e-01
7.076849341392517090e-01
6.697704195976257324e-01
6.982275843620300293e-01
7.158262729644775391e-01
7.173826694488525391e-01
7.189158797264099121e-01
7.100039720535278320e-01
6.861514449119567871e-01
7.239047884941101074e-01
7.066247463226318359e-01
7.257253527641296387e-01
7.056671380996704102e-01
7.075700163841247559e-01
7.034699916839599609e-01
7.313982248306274414e-01
7.335677146911621094e-01
7.298191189765930176e-01
7.124549150466918945e-01
7.367528676986694336e-01
7.403159737586975098e-01
7.352524995803833008e-01
7.435150146484375000e-01
7.409485578536987305e-01
7.311052680015563965e-01
7.408150434494018555e-01
7.514410614967346191e-01
7.525286674499511719e-01
7.288052439689636230e-01
7.635773420333862305e-01
7.263008952140808105e-01
7.362232208251953125e-01
7.202329635620117188e-01
7.548750638961791992e-01
7.620442509651184082e-01
7.695317268371582031e-01
7.495384812355041504e-01
7.530611157417297363e-01
7.803273200988769531e-01
7.476579546928405762e-01
7.637664079666137695e-01
7.678207755088806152e-01
7.622769474983215332e-01
7.769259214401245117e-01
7.906256914138793945e-01
7.848368287086486816e-01
7.861448526382446289e-01
7.775471210479736328e-01
7.718187570571899414e-01
7.916617989540100098e-01
8.026679754257202148e-01
7.878489494323730469e-01
7.897747159004211426e-01
8.020013570785522461e-01
8.036073446273803711e-01
7.641425132751464844e-01
7.969344258308410645e-01
7.999955415725708008e-01
7.952356338500976562e-01
8.062959313392639160e-01
8.012936115264892578e-01
8.068065047264099121e-01
8.041369915008544922e-01
8.035358190536499023e-01
8.128424286842346191e-01
8.037191033363342285e-01
8.066233992576599121e-01
8.389675617218017578e-01
8.295942544937133789e-01
8.368907570838928223e-01
8.412597179412841797e-01
8.528054356575012207e-01
8.509403467178344727e-01
8.497688174247741699e-01
8.511653542518615723e-01
8.161379694938659668e-01
6.822908520698547363e-01
8.512246012687683105e-01
8.451339602470397949e-01
8.534265756607055664e-01
8.638359308242797852e-01
7.652426958084106445e-01
8.596480488777160645e-01
8.309490680694580078e-01
8.667252063751220703e-01
8.341072797775268555e-01
8.681477308273315430e-01
8.606573343276977539e-01
8.388422131538391113e-01
8.730739355087280273e-01
7.775813937187194824e-01
8.772444725036621094e-01
7.790503501892089844e-01
8.788737654685974121e-01
8.924102187156677246e-01
8.656126856803894043e-01
8.548991680145263672e-01
8.602588176727294922e-01
8.910805583000183105e-01
8.950315117835998535e-01
8.820340037345886230e-01
8.610175251960754395e-01
8.794235587120056152e-01
8.926622867584228516e-01
8.987379670143127441e-01
8.966706395149230957e-01
8.982845544815063477e-01
8.781863451004028320e-01
9.129774570465087891e-01
9.115030765533447266e-01
9.172555208206176758e-01
9.226807355880737305e-01
9.316585063934326172e-01
9.017217755317687988e-01
8.979439139366149902e-01
9.269545674324035645e-01
8.709949254989624023e-01
9.277606010437011719e-01
8.622435927391052246e-01
9.293408393859863281e-01
9.234592318534851074e-01
9.207782745361328125e-01
9.321109652519226074e-01
9.017464518547058105e-01
9.353552460670471191e-01
9.389345049858093262e-01
9.207600355148315430e-01
9.240821599960327148e-01
9.321552515029907227e-01
9.475367069244384766e-01
9.352292418479919434e-01
9.208663105964660645e-01
9.571779966354370117e-01
9.614031910896301270e-01
9.389124512672424316e-01
9.338259100914001465e-01
9.543018937110900879e-01
9.516869187355041504e-01
9.629189968109130859e-01
9.569840431213378906e-01
9.460883736610412598e-01
9.769180417060852051e-01
9.231432080268859863e-01
9.899828433990478516e-01
9.653944373130798340e-01
9.816370010375976562e-01
-9.899900000000000000e+04
9.808527827262878418e-01
8.776360154151916504e-01
9.412243366241455078e-01
9.733868837356567383e-01
9.730459451675415039e-01
-9.899900000000000000e+04
9.779427051544189453e-01
8.500229716300964355e-01
-9.899900000000000000e+04
9.598667621612548828e-01
9.896140098571777344e-01
9.871682524681091309e-01
9.804933071136474609e-01
-9.899900000000000000e+04
9.650715589523315430e-01
9.742250442504882812e-01
-9.899900000000000000e+04
-9.899900000000000000e+04
-9.899900000000000000e+04
9.271563887596130371e-01
-9.899900000000000000e+04
9.774441719055175781e-01
9.020283818244934082e-01
-9.899900000000000000e+04
-9.899900000000000000e+04
-9.899900000000000000e+04
-9.899900000000000000e+04
9.256765842437744141e-01
-9.899900000000000000e+04
-9.899900000000000000e+04
-9.899900000000000000e+04
-9.899900000000000000e+04
-9.899900000000000000e+04
8.327868580818176270e-01
-9.899900000000000000e+04
-9.899900000000000000e+04
