6.291534900665283203e-01
6.257067918777465820e-01
6.562239527702331543e-01
6.595162153244018555e-01
6.627352833747863770e-01
6.525678634643554688e-01
6.603446006774902344e-01
6.693965792655944824e-01
6.592803001403808594e-01
6.654602885246276855e-01
6.664795279502868652e-01
6.566753387451171875e-01
6.751718521118164062e-01
6.547865271568298340e-01
6.621386408805847168e-01
6.734188199043273926e-01
6.825699806213378906e-01
6.880912780761718750e-01
6.878682374954223633e-01
6.843210458755493164e-01
6.901529431343078613e-01
6.783048510551452637e-01
6.747049689292907715e-01
6.880162358283996582e-01
6.930550932884216309e-01
6.991040706634521484e-01
7.025479078292846680e-01
6.887384653091430664e-01
7.024238705635070801e-01
7.054466605186462402e-01
6.852235794067382812e-01
7.083271741867065430e-01
7.045224905014038086e-01
6.923822760581970215e-01
7.002978920936584473e-01
6.997620463371276855e-01
6.945292353630065918e-01
7.035896182060241699e-01
6.973666548728942871e-01
6.960374116897583008e-01
7.149715423583984375e-01
7.110769152641296387e-01
7.126315236091613770e-01
6.987031698226928711e-01
7.048960328102111816e-01
7.016676664352416992e-01
7.045609354972839355e-01
7.188168764114379883e-01
7.111009955406188965e-01
7.115294933319091797e-01
7.085480690002441406e-01
7.045180797576904297e-01
7.042816281318664551e-01
7.058039903640747070e-01
7.240864038467407227e-01
7.064459323883056641e-01
7.030100822448730469e-01
6.926683187484741211e-01
7.034941911697387695e-01
7.145623564720153809e-01
7.119087576866149902e-01
7.336089611053466797e-01
7.283598184585571289e-01
7.282296419143676758e-01
7.198298573493957520e-01
7.234551310539245605e-01
7.351023554801940918e-01
7.394364476203918457e-01
7.263110876083374023e-01
7.259501814842224121e-01
7.075325250625610352e-01
7.469302415847778320e-01
7.436850070953369141e-01
7.517791986465454102e-01
7.590942382812500000e-01
7.354130148887634277e-01
7.474467754364013672e-01
7.499556541442871094e-01
7.443244457244873047e-01
7.526692748069763184e-01
7.568668723106384277e-01
7.234607934951782227e-01
7.621577382087707520e-01
7.607693672180175781e-01
7.550222277641296387e-01
7.561691999435424805e-01
7.478550672531127930e-01
7.666344046592712402e-01
7.787248492240905762e-01
7.705838680267333984e-01
7.851590514183044434e-01
7.837582826614379883e-01
7.769981622695922852e-01
7.881110906600952148e-01
7.909194231033325195e-01
7.761691808700561523e-01
7.908669114112854004e-01
7.949833273887634277e-01
7.774140238761901855e-01
7.899066209793090820e-01
7.556559443473815918e-01
8.011875152587890625e-01
7.983109951019287109e-01
7.942162156105041504e-01
7.920473217964172363e-01
8.055023550987243652e-01
7.933998107910156250e-01
8.045066595077514648e-01
7.988961935043334961e-01
7.850262522697448730e-01
7.987458705902099609e-01
8.197368383407592773e-01
7.888184189796447754e-01
8.103961348533630371e-01
8.109627962112426758e-01
8.258246779441833496e-01
8.215602040290832520e-01
8.375106453895568848e-01
8.068719506263732910e-01
8.496093153953552246e-01
8.006739020347595215e-01
8.352609276771545410e-01
8.511900901794433594e-01
8.587123751640319824e-01
8.744620680809020996e-01
8.159953951835632324e-01
8.553382158279418945e-01
8.563708662986755371e-01
8.635451793670654297e-01
8.526584506034851074e-01
8.755465149879455566e-01
8.489447236061096191e-01
8.748317956924438477e-01
8.547320365905761719e-01
8.559564948081970215e-01
8.656172156333923340e-01
8.774705529212951660e-01
8.766185045242309570e-01
8.966107964515686035e-01
8.895462155342102051e-01
8.751341700553894043e-01
8.839763402938842773e-01
8.637647628784179688e-01
8.816435337066650391e-01
8.883760571479797363e-01
8.821722269058227539e-01
8.894101381301879883e-01
8.851373195648193359e-01
8.970127701759338379e-01
9.019755721092224121e-01
8.970980048179626465e-01
8.833048343658447266e-01
8.956833481788635254e-01
8.769243955612182617e-01
8.756877183914184570e-01
8.936104178428649902e-01
9.034904241561889648e-01
9.017924070358276367e-01
9.156791567802429199e-01
8.945554494857788086e-01
8.778674006462097168e-01
8.656612038612365723e-01
9.025446176528930664e-01
9.120554924011230469e-01
8.741347789764404297e-01
8.760182261466979980e-01
9.266277551651000977e-01
8.387429714202880859e-01
8.637983202934265137e-01
8.525613546371459961e-01
9.445226192474365234e-01
9.392288327217102051e-01
9.195923805236816406e-01
9.301838874816894531e-01
9.246228933334350586e-01
9.494633674621582031e-01
9.322568774223327637e-01
9.155568480491638184e-01
9.362568855285644531e-01
9.408578872680664062e-01
9.227255582809448242e-01
9.126290678977966309e-01
8.945870995521545410e-01
9.719936847686767578e-01
9.710103869438171387e-01
8.426254987716674805e-01
9.113139510154724121e-01
7.784886956214904785e-01
8.617377877235412598e-01
8.314079642295837402e-01
9.861721992492675781e-01
9.525678753852844238e-01
9.727493524551391602e-01
9.868220686912536621e-01
9.680200815200805664e-01
9.659916758537292480e-01
-9.899900000000000000e+04
9.716916680335998535e-01
9.940137863159179688e-01
9.604715704917907715e-01
9.807630181312561035e-01
9.854586720466613770e-01
9.671636223793029785e-01
-9.899900000000000000e+04
-9.899900000000000000e+04
9.697329998016357422e-01
-9.899900000000000000e+04
-9.899900000000000000e+04
-9.899900000000000000e+04
-9.899900000000000000e+04
9.355207085609436035e-01
9.767229557037353516e-01
-9.899900000000000000e+04
-9.899900000000000000e+04
-9.899900000000000000e+04
-9.899900000000000000e+04
-9.899900000000000000e+04
-9.899900000000000000e+04
-9.899900000000000000e+04
-9.899900000000000000e+04
9.511170983314514160e-01
-9.899900000000000000e+04
-9.899900000000000000e+04
-9.899900000000000000e+04
-9.899900000000000000e+04
-9.899900000000000000e+04
-9.899900000000000000e+04
9.608112573623657227e-01
-9.899900000000000000e+04
9.101098775863647461e-01
-9.899900000000000000e+04
-9.899900000000000000e+04
9.327605962753295898e-01
-9.899900000000000000e+04
-9.899900000000000000e+04
-9.899900000000000000e+04
-9.899900000000000000e+04
-9.899900000000000000e+04
-9.899900000000000000e+04
-9.899900000000000000e+04
7.704119086265563965e-01
-9.899900000000000000e+04
-9.899900000000000000e+04
8.974429368972778320e-01
7.265385985374450684e-01
-9.899900000000000000e+04
-9.899900000000000000e+04
-9.899900000000000000e+04
-9.899900000000000000e+04
-9.899900000000000000e+04
-9.899900000000000000e+04
-9.899900000000000000e+04
-9.899900000000000000e+04
