6.461329460144042969e-01
6.257067918777465820e-01
6.562239527702331543e-01
6.632860302925109863e-01
6.458758711814880371e-01
6.468650102615356445e-01
6.616687774658203125e-01
6.678663492202758789e-01
6.592803001403808594e-01
6.637250781059265137e-01
6.664795279502868652e-01
6.636283397674560547e-01
6.678974032402038574e-01
6.589918732643127441e-01
6.822105050086975098e-01
6.849688887596130371e-01
6.809154748916625977e-01
6.668570041656494141e-01
6.878952383995056152e-01
6.797250509262084961e-01
6.768352389335632324e-01
6.802825331687927246e-01
6.518429517745971680e-01
6.920308470726013184e-01
7.065337896347045898e-01
6.839175224304199219e-01
7.024117112159729004e-01
7.019785046577453613e-01
6.882573962211608887e-01
7.054466605186462402e-01
6.934413909912109375e-01
6.996800899505615234e-01
6.994485855102539062e-01
6.926406025886535645e-01
6.898364424705505371e-01
6.955422163009643555e-01
6.958599090576171875e-01
6.964154839515686035e-01
7.095757722854614258e-01
7.031278610229492188e-01
7.083502411842346191e-01
7.124544382095336914e-01
7.053004503250122070e-01
7.122208476066589355e-01
6.976173520088195801e-01
6.951057910919189453e-01
6.952671408653259277e-01
7.179600596427917480e-01
7.075152993202209473e-01
7.070254087448120117e-01
7.192225456237792969e-01
6.942287087440490723e-01
7.116579413414001465e-01
7.074739933013916016e-01
7.190415859222412109e-01
7.261081933975219727e-01
7.074928879737854004e-01
7.105134129524230957e-01
7.234073281288146973e-01
7.125824689865112305e-01
7.218676209449768066e-01
7.339496612548828125e-01
7.318212389945983887e-01
7.292264103889465332e-01
7.221062183380126953e-01
7.146529555320739746e-01
7.400289177894592285e-01
7.269915342330932617e-01
7.144896984100341797e-01
7.309103012084960938e-01
7.275030016899108887e-01
7.265998125076293945e-01
7.402036786079406738e-01
7.487421035766601562e-01
7.567638158798217773e-01
7.214078307151794434e-01
7.438295483589172363e-01
7.328496575355529785e-01
7.467871308326721191e-01
7.381973862648010254e-01
7.353852391242980957e-01
7.555816173553466797e-01
7.552423477172851562e-01
7.664060592651367188e-01
7.479913830757141113e-01
7.401571869850158691e-01
7.636266350746154785e-01
7.817370891571044922e-01
7.882843017578125000e-01
7.849076986312866211e-01
7.727293968200683594e-01
7.884526848793029785e-01
7.954466342926025391e-01
7.831836342811584473e-01
7.791401147842407227e-01
7.799013853073120117e-01
7.955629825592041016e-01
7.564414143562316895e-01
7.854862809181213379e-01
8.003053665161132812e-01
7.847936749458312988e-01
8.038125634193420410e-01
7.946071624755859375e-01
8.052948713302612305e-01
7.809225320816040039e-01
7.885565757751464844e-01
7.811416387557983398e-01
8.011105060577392578e-01
8.062133789062500000e-01
7.957600951194763184e-01
8.238584995269775391e-01
8.028646111488342285e-01
8.219845890998840332e-01
8.187626600265502930e-01
7.979068756103515625e-01
7.916189432144165039e-01
8.141067624092102051e-01
8.429264426231384277e-01
8.402262926101684570e-01
8.239464163780212402e-01
8.604341149330139160e-01
8.448778390884399414e-01
7.893735170364379883e-01
8.222074508666992188e-01
8.655633926391601562e-01
8.530606031417846680e-01
8.547415733337402344e-01
8.441492319107055664e-01
8.644866347312927246e-01
8.511419892311096191e-01
8.599662780761718750e-01
8.551043868064880371e-01
8.573884963989257812e-01
8.326475620269775391e-01
8.503161668777465820e-01
8.594732880592346191e-01
8.788104057312011719e-01
8.617098331451416016e-01
8.840782046318054199e-01
8.839408755302429199e-01
8.781180977821350098e-01
8.629599213600158691e-01
8.161114454269409180e-01
8.744581341743469238e-01
8.715260028839111328e-01
8.858194351196289062e-01
9.006489515304565430e-01
8.817509412765502930e-01
9.003883004188537598e-01
8.949633240699768066e-01
8.848996162414550781e-01
8.978410959243774414e-01
8.922631144523620605e-01
9.034030437469482422e-01
8.816713094711303711e-01
9.093697071075439453e-01
8.940019011497497559e-01
8.907278180122375488e-01
7.751271724700927734e-01
9.126353859901428223e-01
9.171303510665893555e-01
9.026923775672912598e-01
9.178453087806701660e-01
9.030569791793823242e-01
9.076564908027648926e-01
8.487520217895507812e-01
9.261304736137390137e-01
9.302487969398498535e-01
9.350315332412719727e-01
9.399755001068115234e-01
8.995692729949951172e-01
9.227620363235473633e-01
9.181281924247741699e-01
9.222688078880310059e-01
8.819658160209655762e-01
9.444961547851562500e-01
9.263343811035156250e-01
9.606667757034301758e-01
9.215899705886840820e-01
9.280886054039001465e-01
9.529190659523010254e-01
7.490410804748535156e-01
9.108588695526123047e-01
9.463558793067932129e-01
9.421305060386657715e-01
9.413697123527526855e-01
9.489580392837524414e-01
9.136855006217956543e-01
9.452177882194519043e-01
9.691069722175598145e-01
9.760324954986572266e-01
9.703166484832763672e-01
9.160063266754150391e-01
9.887320995330810547e-01
9.694030880928039551e-01
9.711182117462158203e-01
9.763860702514648438e-01
9.611644744873046875e-01
9.921304583549499512e-01
9.457482099533081055e-01
9.725354313850402832e-01
9.097368717193603516e-01
