6.225892305374145508e-01
6.517849564552307129e-01
6.412144899368286133e-01
6.632860302925109863e-01
6.469347476959228516e-01
6.481469869613647461e-01
6.616687774658203125e-01
6.693965792655944824e-01
6.592803001403808594e-01
6.637250781059265137e-01
6.664795279502868652e-01
6.636283397674560547e-01
6.751718521118164062e-01
6.657763719558715820e-01
6.808091402053833008e-01
6.814933419227600098e-01
6.809154748916625977e-01
6.876502633094787598e-01
6.745790243148803711e-01
6.883132457733154297e-01
6.901529431343078613e-01
6.810644865036010742e-01
6.799424290657043457e-01
7.064043879508972168e-01
6.930550932884216309e-01
6.888324022293090820e-01
7.021903395652770996e-01
6.945103406906127930e-01
6.996704936027526855e-01
6.918540596961975098e-01
6.839743852615356445e-01
7.020954489707946777e-01
7.017874121665954590e-01
6.889101266860961914e-01
6.930493712425231934e-01
6.926329731941223145e-01
6.940272450447082520e-01
7.035740017890930176e-01
7.092423439025878906e-01
7.047275900840759277e-01
7.043752670288085938e-01
6.895621418952941895e-01
7.132956385612487793e-01
7.115209698677062988e-01
7.106346487998962402e-01
7.024098634719848633e-01
7.109020352363586426e-01
7.146368026733398438e-01
7.108166813850402832e-01
7.158595919609069824e-01
7.044661641120910645e-01
7.120898962020874023e-01
7.025352120399475098e-01
7.177888154983520508e-01
6.921156644821166992e-01
7.060492634773254395e-01
7.036370635032653809e-01
7.253294587135314941e-01
7.237301468849182129e-01
7.129715681076049805e-01
7.067463397979736328e-01
7.281351685523986816e-01
7.253645062446594238e-01
7.340351939201354980e-01
7.090904712677001953e-01
7.370742559432983398e-01
7.358998656272888184e-01
7.376660704612731934e-01
7.305123209953308105e-01
7.397208213806152344e-01
7.268037796020507812e-01
7.364302873611450195e-01
7.501544952392578125e-01
7.431986331939697266e-01
7.340554594993591309e-01
7.444478273391723633e-01
7.602188587188720703e-01
7.219427227973937988e-01
7.413726449012756348e-01
7.255794405937194824e-01
7.653660178184509277e-01
7.439331412315368652e-01
7.509098052978515625e-01
7.384883165359497070e-01
7.679831981658935547e-01
7.678388953208923340e-01
7.690523862838745117e-01
7.798303365707397461e-01
7.750331759452819824e-01
7.387588024139404297e-01
7.724244594573974609e-01
7.959293723106384277e-01
7.867565155029296875e-01
7.938793897628784180e-01
7.807070612907409668e-01
7.848913073539733887e-01
7.604443430900573730e-01
7.614734768867492676e-01
7.650619149208068848e-01
7.886500358581542969e-01
7.976064085960388184e-01
7.826933264732360840e-01
8.004987835884094238e-01
7.956967949867248535e-01
7.811828255653381348e-01
7.954863905906677246e-01
8.051244616508483887e-01
7.973233461380004883e-01
8.164489269256591797e-01
8.175220489501953125e-01
8.141656517982482910e-01
8.004079461097717285e-01
8.130400776863098145e-01
7.892878651618957520e-01
8.235577940940856934e-01
8.076694011688232422e-01
8.229233622550964355e-01
8.353622555732727051e-01
8.374093770980834961e-01
8.468548655509948730e-01
8.109307289123535156e-01
7.928051352500915527e-01
8.318757414817810059e-01
8.545302748680114746e-01
8.415208458900451660e-01
8.447010517120361328e-01
7.702594995498657227e-01
8.250229954719543457e-01
8.545753359794616699e-01
8.484904170036315918e-01
8.539761900901794434e-01
8.493547439575195312e-01
8.750417232513427734e-01
8.742932081222534180e-01
8.771540522575378418e-01
8.598451614379882812e-01
8.749269247055053711e-01
8.895179629325866699e-01
8.308791518211364746e-01
8.887244462966918945e-01
8.870511651039123535e-01
8.875670433044433594e-01
8.758670687675476074e-01
8.947551846504211426e-01
8.968132734298706055e-01
8.917474746704101562e-01
8.979490995407104492e-01
8.837174177169799805e-01
8.861113786697387695e-01
9.002886414527893066e-01
8.882980346679687500e-01
8.853762745857238770e-01
8.851082921028137207e-01
9.045956134796142578e-01
8.679555058479309082e-01
8.927912116050720215e-01
8.856850862503051758e-01
8.788954615592956543e-01
9.116997718811035156e-01
8.592150807380676270e-01
9.122729897499084473e-01
8.969893455505371094e-01
9.214888215065002441e-01
9.136168360710144043e-01
9.161107540130615234e-01
9.107739329338073730e-01
9.122251868247985840e-01
9.146602153778076172e-01
9.082129597663879395e-01
8.932298421859741211e-01
9.212454557418823242e-01
9.224432110786437988e-01
8.687407374382019043e-01
9.019691348075866699e-01
9.202194213867187500e-01
8.600913286209106445e-01
8.934236168861389160e-01
9.098311066627502441e-01
9.302434921264648438e-01
8.984642624855041504e-01
9.136418104171752930e-01
9.596692323684692383e-01
6.308236718177795410e-01
9.460695981979370117e-01
9.020122289657592773e-01
8.219705820083618164e-01
9.433872699737548828e-01
9.726804494857788086e-01
9.793386459350585938e-01
9.359757304191589355e-01
9.172570705413818359e-01
-9.899900000000000000e+04
9.105547666549682617e-01
9.478139877319335938e-01
8.776775598526000977e-01
9.901894330978393555e-01
9.445861577987670898e-01
1.005938053131103516e+00
9.702587723731994629e-01
9.754328727722167969e-01
9.751329421997070312e-01
-9.899900000000000000e+04
9.970392584800720215e-01
9.591076374053955078e-01
9.925390481948852539e-01
