6.461329460144042969e-01
6.517849564552307129e-01
6.406359076499938965e-01
6.606395840644836426e-01
6.466499567031860352e-01
6.481469869613647461e-01
6.616687774658203125e-01
6.707251071929931641e-01
6.649832725524902344e-01
6.654602885246276855e-01
6.589284539222717285e-01
6.803489923477172852e-01
6.678974032402038574e-01
6.785833835601806641e-01
6.657516956329345703e-01
6.734188199043273926e-01
6.762954592704772949e-01
6.668570041656494141e-01
6.773480176925659180e-01
6.843210458755493164e-01
6.768352389335632324e-01
6.759751439094543457e-01
6.749833226203918457e-01
7.045492529869079590e-01
6.966059207916259766e-01
6.931847333908081055e-01
7.027961015701293945e-01
6.989399194717407227e-01
6.857309937477111816e-01
7.063283920288085938e-01
6.940954327583312988e-01
6.761613488197326660e-01
6.945170760154724121e-01
6.984742283821105957e-01
6.989853978157043457e-01
6.926329731941223145e-01
7.021296024322509766e-01
6.985812187194824219e-01
6.819224357604980469e-01
7.000924944877624512e-01
7.016430497169494629e-01
6.921777725219726562e-01
7.037900090217590332e-01
7.021890878677368164e-01
7.056814432144165039e-01
6.991670727729797363e-01
7.024117708206176758e-01
7.113054990768432617e-01
7.086456418037414551e-01
7.242348790168762207e-01
7.099297642707824707e-01
7.120898962020874023e-01
7.144674062728881836e-01
7.050845026969909668e-01
7.086619138717651367e-01
7.170867919921875000e-01
7.226141095161437988e-01
6.933015584945678711e-01
7.211211323738098145e-01
7.122499942779541016e-01
7.217462062835693359e-01
7.293909192085266113e-01
7.183977365493774414e-01
7.296570539474487305e-01
7.154060602188110352e-01
7.346828579902648926e-01
7.241985797882080078e-01
7.374543547630310059e-01
7.405025959014892578e-01
7.318179607391357422e-01
7.398952245712280273e-01
7.363542914390563965e-01
7.340913414955139160e-01
7.504394650459289551e-01
7.511506676673889160e-01
7.497587800025939941e-01
7.403935194015502930e-01
7.204490303993225098e-01
7.443932294845581055e-01
7.647141814231872559e-01
7.317774891853332520e-01
7.743902206420898438e-01
7.682021856307983398e-01
7.388334870338439941e-01
7.785689830780029297e-01
7.497539520263671875e-01
7.723684906959533691e-01
7.775504589080810547e-01
7.708207964897155762e-01
7.896044850349426270e-01
7.766947150230407715e-01
7.896890044212341309e-01
7.809647321701049805e-01
7.953095436096191406e-01
7.802659273147583008e-01
7.855774760246276855e-01
7.991520166397094727e-01
7.774489521980285645e-01
7.572541236877441406e-01
7.960892319679260254e-01
8.031945228576660156e-01
7.817757725715637207e-01
8.032854199409484863e-01
7.740850448608398438e-01
8.000699281692504883e-01
7.902233600616455078e-01
8.186413645744323730e-01
7.995198965072631836e-01
8.107710480690002441e-01
8.058708906173706055e-01
8.047508001327514648e-01
7.932940125465393066e-01
7.915265560150146484e-01
8.261697888374328613e-01
8.019612431526184082e-01
8.316037654876708984e-01
8.319271206855773926e-01
8.368556499481201172e-01
8.328676223754882812e-01
8.370575904846191406e-01
8.493191599845886230e-01
8.556740283966064453e-01
8.439036607742309570e-01
8.201833963394165039e-01
8.506997823715209961e-01
8.569330573081970215e-01
8.596323728561401367e-01
8.601800203323364258e-01
8.590566515922546387e-01
8.560664653778076172e-01
8.776401281356811523e-01
8.225021362304687500e-01
8.594977259635925293e-01
8.709974288940429688e-01
8.492484092712402344e-01
8.598494529724121094e-01
8.672242760658264160e-01
8.753522634506225586e-01
8.859213590621948242e-01
8.897832036018371582e-01
8.822822570800781250e-01
8.729751706123352051e-01
8.902300000190734863e-01
8.747003078460693359e-01
8.873976469039916992e-01
8.939290046691894531e-01
8.966969847679138184e-01
8.993635773658752441e-01
8.755644559860229492e-01
8.755990266799926758e-01
8.993676304817199707e-01
9.108444452285766602e-01
8.944265842437744141e-01
8.742319345474243164e-01
9.063480496406555176e-01
8.885967135429382324e-01
9.053905010223388672e-01
8.896781206130981445e-01
8.916822671890258789e-01
9.086400866508483887e-01
9.195890426635742188e-01
9.045650362968444824e-01
8.830569982528686523e-01
9.030418992042541504e-01
9.156013131141662598e-01
9.350552558898925781e-01
9.226768016815185547e-01
9.277192354202270508e-01
9.254729747772216797e-01
8.542698025703430176e-01
9.262507557868957520e-01
9.198322892189025879e-01
9.269450306892395020e-01
9.313823580741882324e-01
9.403482675552368164e-01
9.180203080177307129e-01
8.358324170112609863e-01
8.205785751342773438e-01
7.731763720512390137e-01
9.458558559417724609e-01
9.368399381637573242e-01
9.579241871833801270e-01
9.585214853286743164e-01
7.784025669097900391e-01
6.641525030136108398e-01
9.528447985649108887e-01
9.468837976455688477e-01
9.708745479583740234e-01
9.386039376258850098e-01
9.785385727882385254e-01
9.691569209098815918e-01
9.902936220169067383e-01
9.684568643569946289e-01
9.824910163879394531e-01
-9.899900000000000000e+04
1.002587199211120605e+00
9.724215865135192871e-01
9.760973453521728516e-01
9.452108144760131836e-01
1.012384414672851562e+00
9.705134034156799316e-01
9.310137629508972168e-01
9.975963234901428223e-01
9.653142690658569336e-01
8.694295883178710938e-01
9.846547842025756836e-01
9.759425520896911621e-01
9.892967939376831055e-01
9.779783487319946289e-01
