6.309524774551391602e-01
6.358127593994140625e-01
6.407510042190551758e-01
6.632860302925109863e-01
6.469347476959228516e-01
6.656777262687683105e-01
6.616687774658203125e-01
6.678663492202758789e-01
6.633487343788146973e-01
6.793448328971862793e-01
6.752379536628723145e-01
6.803489923477172852e-01
6.608202457427978516e-01
6.840402483940124512e-01
6.713212132453918457e-01
6.695431470870971680e-01
6.809154748916625977e-01
6.583394408226013184e-01
6.753183007240295410e-01
6.924183964729309082e-01
6.745329499244689941e-01
6.762703061103820801e-01
6.810171008110046387e-01
6.934555768966674805e-01
7.024981975555419922e-01
7.001323699951171875e-01
6.893593072891235352e-01
6.996856331825256348e-01
6.932216286659240723e-01
6.968621015548706055e-01
6.826096773147583008e-01
6.891896724700927734e-01
6.944994926452636719e-01
6.980717182159423828e-01
6.922292709350585938e-01
7.048809528350830078e-01
6.946555376052856445e-01
6.970299482345581055e-01
6.993761658668518066e-01
7.155197858810424805e-01
7.008877992630004883e-01
6.991039514541625977e-01
7.096167206764221191e-01
7.094638943672180176e-01
7.019581198692321777e-01
7.131643891334533691e-01
6.984995007514953613e-01
7.107487916946411133e-01
7.111535072326660156e-01
6.998258829116821289e-01
6.956205964088439941e-01
6.922635436058044434e-01
7.148525118827819824e-01
6.921782493591308594e-01
6.967856287956237793e-01
7.201446890830993652e-01
7.217378020286560059e-01
7.176957130432128906e-01
7.121173739433288574e-01
7.308828830718994141e-01
7.150748968124389648e-01
7.220873236656188965e-01
7.278357744216918945e-01
7.266823649406433105e-01
7.230030298233032227e-01
7.362809181213378906e-01
7.280859947204589844e-01
7.369983196258544922e-01
7.258518934249877930e-01
7.402055859565734863e-01
7.269076704978942871e-01
7.322276234626770020e-01
7.418016791343688965e-01
7.370915412902832031e-01
7.342271208763122559e-01
7.156757116317749023e-01
7.419896125793457031e-01
7.053825855255126953e-01
7.353995442390441895e-01
7.411831021308898926e-01
7.349108457565307617e-01
7.410273551940917969e-01
7.465718388557434082e-01
7.635689973831176758e-01
7.563161253929138184e-01
7.741290926933288574e-01
7.685291171073913574e-01
7.739930748939514160e-01
7.826442122459411621e-01
7.999358177185058594e-01
7.850801944732666016e-01
7.792426347732543945e-01
7.854059338569641113e-01
7.628406882286071777e-01
7.818897366523742676e-01
7.852331399917602539e-01
7.725560665130615234e-01
7.890918254852294922e-01
7.956998348236083984e-01
7.962033152580261230e-01
8.023789525032043457e-01
8.035002350807189941e-01
7.708548307418823242e-01
7.746779322624206543e-01
7.965324521064758301e-01
8.005102276802062988e-01
8.160575628280639648e-01
8.149603605270385742e-01
7.817967534065246582e-01
7.885587811470031738e-01
8.067093491554260254e-01
7.881653904914855957e-01
8.106181621551513672e-01
8.202357292175292969e-01
8.088886141777038574e-01
8.378510475158691406e-01
8.403989672660827637e-01
7.717653512954711914e-01
8.415675759315490723e-01
8.436174392700195312e-01
8.362294435501098633e-01
8.286979198455810547e-01
8.346799015998840332e-01
8.377553224563598633e-01
7.643094658851623535e-01
8.480431437492370605e-01
8.448718190193176270e-01
8.453606963157653809e-01
8.607355952262878418e-01
8.595799803733825684e-01
8.233781456947326660e-01
8.576672673225402832e-01
8.755869865417480469e-01
8.821165561676025391e-01
8.611959815025329590e-01
8.546057939529418945e-01
8.684741854667663574e-01
8.876750469207763672e-01
8.929119110107421875e-01
8.507153391838073730e-01
8.602359294891357422e-01
8.811020255088806152e-01
8.834578394889831543e-01
8.868919014930725098e-01
8.724937438964843750e-01
8.986325860023498535e-01
8.710323572158813477e-01
8.791469335556030273e-01
8.804907798767089844e-01
8.806587457656860352e-01
9.086872339248657227e-01
8.872058391571044922e-01
8.770209550857543945e-01
9.084075689315795898e-01
8.747518062591552734e-01
7.972074151039123535e-01
8.770253658294677734e-01
8.368251323699951172e-01
8.749850988388061523e-01
9.135940670967102051e-01
8.878348469734191895e-01
8.128736019134521484e-01
9.076119065284729004e-01
9.240027666091918945e-01
9.278787970542907715e-01
9.241121411323547363e-01
9.204692840576171875e-01
9.420904517173767090e-01
8.958368301391601562e-01
9.159736633300781250e-01
9.100816845893859863e-01
9.164841771125793457e-01
9.030736684799194336e-01
9.243014454841613770e-01
9.200798273086547852e-01
9.498388171195983887e-01
9.404057264328002930e-01
9.483049511909484863e-01
9.073276519775390625e-01
9.365513324737548828e-01
9.526299834251403809e-01
9.420188665390014648e-01
9.600152969360351562e-01
9.500814676284790039e-01
9.583480954170227051e-01
8.728476166725158691e-01
9.543965458869934082e-01
9.269893765449523926e-01
9.363862872123718262e-01
9.583708643913269043e-01
9.595307707786560059e-01
8.331160545349121094e-01
9.411587715148925781e-01
-9.899900000000000000e+04
8.182126879692077637e-01
9.916571974754333496e-01
9.783953428268432617e-01
9.211350083351135254e-01
9.522289037704467773e-01
9.572709202766418457e-01
9.900209903717041016e-01
9.681706428527832031e-01
9.848778247833251953e-01
9.539799094200134277e-01
9.850901961326599121e-01
