6.309524774551391602e-01
6.358127593994140625e-01
6.407510042190551758e-01
6.632860302925109863e-01
6.476992368698120117e-01
6.468650102615356445e-01
6.616687774658203125e-01
6.678663492202758789e-01
6.734914183616638184e-01
6.793448328971862793e-01
6.738380193710327148e-01
6.598390936851501465e-01
6.817724108695983887e-01
6.537017822265625000e-01
6.655953526496887207e-01
6.849688887596130371e-01
6.809154748916625977e-01
6.735684275627136230e-01
6.878682374954223633e-01
6.855593919754028320e-01
6.855949759483337402e-01
6.802825331687927246e-01
6.749833226203918457e-01
7.025358080863952637e-01
6.978565454483032227e-01
6.991040706634521484e-01
7.006487846374511719e-01
6.892330050468444824e-01
6.848294138908386230e-01
6.913687586784362793e-01
6.805362105369567871e-01
6.888970136642456055e-01
6.974868178367614746e-01
6.873801946640014648e-01
6.997472047805786133e-01
6.926329731941223145e-01
6.961126923561096191e-01
6.964154839515686035e-01
7.026504874229431152e-01
6.812466382980346680e-01
7.065399885177612305e-01
7.073824405670166016e-01
7.081735730171203613e-01
7.017534971237182617e-01
7.120400071144104004e-01
7.158182859420776367e-01
7.179931998252868652e-01
7.210072278976440430e-01
7.147347331047058105e-01
7.021246552467346191e-01
7.014581561088562012e-01
7.116413116455078125e-01
7.143729329109191895e-01
7.162388563156127930e-01
7.244644165039062500e-01
6.986202597618103027e-01
7.025446295738220215e-01
7.244276404380798340e-01
7.123211026191711426e-01
7.117323875427246094e-01
7.307796478271484375e-01
7.342826128005981445e-01
7.143766880035400391e-01
7.226721048355102539e-01
7.324429750442504883e-01
7.266857624053955078e-01
7.354803085327148438e-01
7.249504327774047852e-01
7.413580417633056641e-01
7.269883751869201660e-01
7.241564393043518066e-01
7.308854460716247559e-01
7.476091384887695312e-01
7.593113780021667480e-01
7.488087415695190430e-01
7.608698010444641113e-01
7.576892971992492676e-01
7.383114099502563477e-01
7.485559582710266113e-01
7.394461035728454590e-01
7.394629716873168945e-01
7.506511807441711426e-01
7.193867564201354980e-01
7.447136044502258301e-01
7.724771499633789062e-01
7.669453024864196777e-01
7.665362954139709473e-01
7.875857949256896973e-01
7.860631346702575684e-01
7.730018496513366699e-01
7.858726382255554199e-01
7.861003279685974121e-01
7.809427976608276367e-01
7.777112722396850586e-01
7.182900309562683105e-01
7.989401221275329590e-01
7.853320837020874023e-01
7.837107181549072266e-01
7.865192294120788574e-01
7.875723838806152344e-01
7.981837987899780273e-01
7.882636189460754395e-01
7.871732115745544434e-01
8.022030591964721680e-01
8.075172901153564453e-01
8.020031452178955078e-01
7.987297177314758301e-01
8.066655397415161133e-01
7.915548682212829590e-01
8.164065480232238770e-01
8.122751712799072266e-01
8.188502788543701172e-01
8.012132644653320312e-01
8.117942810058593750e-01
8.143801093101501465e-01
8.102617859840393066e-01
8.077648282051086426e-01
7.991062998771667480e-01
8.424232006072998047e-01
8.324787616729736328e-01
7.910477519035339355e-01
8.234577178955078125e-01
8.333725333213806152e-01
8.588539361953735352e-01
8.590930104255676270e-01
8.601363301277160645e-01
8.549456596374511719e-01
8.671607971191406250e-01
8.613940477371215820e-01
8.491540551185607910e-01
7.841866612434387207e-01
8.618297576904296875e-01
8.600443005561828613e-01
8.738185763359069824e-01
8.577145934104919434e-01
8.642170429229736328e-01
8.764476776123046875e-01
8.525092601776123047e-01
8.454871177673339844e-01
8.709428906440734863e-01
8.862551450729370117e-01
8.550468683242797852e-01
8.834022283554077148e-01
8.865497112274169922e-01
8.496336936950683594e-01
8.771621584892272949e-01
8.973948359489440918e-01
8.821856975555419922e-01
8.685221672058105469e-01
8.886860013008117676e-01
8.441674113273620605e-01
8.868356347084045410e-01
9.022494554519653320e-01
8.928629159927368164e-01
8.931372165679931641e-01
8.902160525321960449e-01
8.916803002357482910e-01
9.046654105186462402e-01
9.035927057266235352e-01
8.571967482566833496e-01
9.007598757743835449e-01
9.139209389686584473e-01
9.240393042564392090e-01
9.319047331809997559e-01
9.024225473403930664e-01
9.246547818183898926e-01
9.351322054862976074e-01
9.314031004905700684e-01
9.167450070381164551e-01
9.417939186096191406e-01
9.030762314796447754e-01
7.865797281265258789e-01
9.311692118644714355e-01
8.919147253036499023e-01
8.401624560356140137e-01
9.385539889335632324e-01
9.432944059371948242e-01
8.011046051979064941e-01
9.284877181053161621e-01
7.448105216026306152e-01
9.447804093360900879e-01
9.488695859909057617e-01
8.790205717086791992e-01
8.417834639549255371e-01
9.573364257812500000e-01
9.752517342567443848e-01
9.477082490921020508e-01
9.650602340698242188e-01
9.578119516372680664e-01
9.559747576713562012e-01
9.954094290733337402e-01
8.889269232749938965e-01
9.903793334960937500e-01
9.805218577384948730e-01
9.403002858161926270e-01
9.328535199165344238e-01
9.581297039985656738e-01
8.707079291343688965e-01
-9.899900000000000000e+04
9.957167506217956543e-01
9.344443082809448242e-01
-9.899900000000000000e+04
9.829686880111694336e-01
1.016047120094299316e+00
8.334686160087585449e-01
-9.899900000000000000e+04
-9.899900000000000000e+04
8.409973978996276855e-01
9.916493892669677734e-01
9.765232801437377930e-01
-9.899900000000000000e+04
9.695222377777099609e-01
-9.899900000000000000e+04
1.003663659095764160e+00
-9.899900000000000000e+04
-9.899900000000000000e+04
9.870330095291137695e-01
-9.899900000000000000e+04
-9.899900000000000000e+04
-9.899900000000000000e+04
9.925935268402099609e-01
-9.899900000000000000e+04
-9.899900000000000000e+04
9.836288690567016602e-01
-9.899900000000000000e+04
-9.899900000000000000e+04
