6.309524774551391602e-01
6.257067918777465820e-01
6.388311982154846191e-01
6.632860302925109863e-01
6.469347476959228516e-01
6.525678634643554688e-01
6.616687774658203125e-01
6.693965792655944824e-01
6.795113086700439453e-01
6.704614162445068359e-01
6.752379536628723145e-01
6.636283397674560547e-01
6.751718521118164062e-01
6.659889221191406250e-01
6.813262104988098145e-01
6.734188199043273926e-01
6.810971498489379883e-01
6.658515334129333496e-01
6.693997979164123535e-01
6.827094554901123047e-01
6.731029152870178223e-01
6.750268340110778809e-01
6.752519607543945312e-01
6.958659887313842773e-01
6.956504583358764648e-01
6.991040706634521484e-01
7.054849267005920410e-01
6.989399194717407227e-01
6.846235394477844238e-01
6.901693344116210938e-01
7.041864991188049316e-01
6.891896724700927734e-01
6.994485855102539062e-01
6.914362907409667969e-01
6.948417425155639648e-01
6.928925514221191406e-01
6.998991370201110840e-01
7.063325643539428711e-01
6.841679215431213379e-01
7.162116169929504395e-01
7.075406312942504883e-01
6.992223262786865234e-01
6.986897587776184082e-01
6.867031455039978027e-01
6.981349587440490723e-01
7.012776732444763184e-01
7.161631584167480469e-01
6.995095610618591309e-01
7.178474068641662598e-01
7.225285768508911133e-01
7.089921236038208008e-01
7.262219786643981934e-01
7.028564214706420898e-01
7.101141214370727539e-01
7.194337248802185059e-01
7.228156328201293945e-01
7.010886073112487793e-01
7.080696821212768555e-01
7.130775451660156250e-01
7.260541319847106934e-01
7.153590917587280273e-01
7.269502282142639160e-01
7.300675511360168457e-01
7.211373448371887207e-01
7.319903969764709473e-01
7.187626957893371582e-01
7.267172336578369141e-01
7.258782386779785156e-01
7.299497723579406738e-01
7.418268918991088867e-01
7.269017100334167480e-01
7.426293492317199707e-01
7.288252711296081543e-01
7.479252815246582031e-01
7.145604491233825684e-01
7.245942950248718262e-01
7.405532002449035645e-01
7.411800622940063477e-01
7.373309731483459473e-01
7.326760888099670410e-01
7.584568262100219727e-01
7.390261888504028320e-01
7.292868494987487793e-01
7.476627230644226074e-01
7.587127089500427246e-01
7.521994113922119141e-01
7.771757841110229492e-01
7.945150732994079590e-01
7.791031599044799805e-01
7.776904106140136719e-01
7.546485066413879395e-01
7.928016781806945801e-01
7.794153094291687012e-01
7.780235409736633301e-01
7.727956771850585938e-01
7.884162068367004395e-01
7.831577658653259277e-01
7.990451455116271973e-01
7.907910346984863281e-01
7.879517674446105957e-01
7.913438677787780762e-01
7.918658852577209473e-01
7.773180603981018066e-01
8.009017705917358398e-01
7.901733517646789551e-01
8.011408448219299316e-01
7.878009080886840820e-01
8.132346272468566895e-01
7.990425229072570801e-01
8.158568143844604492e-01
8.230849504470825195e-01
8.067371845245361328e-01
8.297005891799926758e-01
8.083035945892333984e-01
7.830706238746643066e-01
8.266220688819885254e-01
8.060644865036010742e-01
8.369647860527038574e-01
8.328784704208374023e-01
8.223840594291687012e-01
8.310354948043823242e-01
8.265656828880310059e-01
8.567606210708618164e-01
8.226620554924011230e-01
8.596467971801757812e-01
8.389196991920471191e-01
8.458878993988037109e-01
8.473201990127563477e-01
8.426810503005981445e-01
8.618611693382263184e-01
8.559635877609252930e-01
8.624989986419677734e-01
8.457955718040466309e-01
8.764812350273132324e-01
8.863466382026672363e-01
8.650932908058166504e-01
8.659991025924682617e-01
8.655174970626831055e-01
8.651106953620910645e-01
8.943733572959899902e-01
8.850405216217041016e-01
8.744688034057617188e-01
8.913097381591796875e-01
8.817136883735656738e-01
8.851787447929382324e-01
8.895572423934936523e-01
8.757832646369934082e-01
8.746182322502136230e-01
9.016738533973693848e-01
8.769627213478088379e-01
9.013363718986511230e-01
8.700419664382934570e-01
8.915792703628540039e-01
8.940623402595520020e-01
8.816758394241333008e-01
8.994607925415039062e-01
9.145810604095458984e-01
9.084260463714599609e-01
8.990974426269531250e-01
9.130738973617553711e-01
9.069542884826660156e-01
9.277068376541137695e-01
8.194529414176940918e-01
8.866763710975646973e-01
9.228584766387939453e-01
9.254435300827026367e-01
9.266704916954040527e-01
9.291312098503112793e-01
7.886270880699157715e-01
9.284946918487548828e-01
9.186239242553710938e-01
8.921591639518737793e-01
9.228662848472595215e-01
9.271038770675659180e-01
9.294764995574951172e-01
9.378513097763061523e-01
9.267420768737792969e-01
9.485830068588256836e-01
8.821518421173095703e-01
9.604035019874572754e-01
9.451937079429626465e-01
9.285676479339599609e-01
9.362187981605529785e-01
9.488878250122070312e-01
9.231092333793640137e-01
9.200575351715087891e-01
9.191455245018005371e-01
7.519451379776000977e-01
9.793524146080017090e-01
9.650579094886779785e-01
9.825026988983154297e-01
9.545199275016784668e-01
9.903708100318908691e-01
8.379239439964294434e-01
9.907378554344177246e-01
9.668505191802978516e-01
9.731227755546569824e-01
9.847740530967712402e-01
9.963479042053222656e-01
8.552428483963012695e-01
9.773004651069641113e-01
8.855242729187011719e-01
9.921182990074157715e-01
1.014747142791748047e+00
-9.899900000000000000e+04
9.917683601379394531e-01
1.012712359428405762e+00
-9.899900000000000000e+04
