6.225892305374145508e-01
6.517849564552307129e-01
6.406359076499938965e-01
6.606395840644836426e-01
6.510597467422485352e-01
6.493827104568481445e-01
6.615265011787414551e-01
6.678663492202758789e-01
6.734914183616638184e-01
6.766340136528015137e-01
6.664795279502868652e-01
6.538548469543457031e-01
6.633976101875305176e-01
6.657763719558715820e-01
6.672530174255371094e-01
6.814933419227600098e-01
6.809154748916625977e-01
6.658515334129333496e-01
6.890469193458557129e-01
6.843210458755493164e-01
6.739029288291931152e-01
6.833278536796569824e-01
6.750503778457641602e-01
7.032761573791503906e-01
7.035616636276245117e-01
6.991040706634521484e-01
6.898013949394226074e-01
6.890015006065368652e-01
6.845994591712951660e-01
7.025297880172729492e-01
6.952600479125976562e-01
6.994097232818603516e-01
7.017874121665954590e-01
6.820781230926513672e-01
6.791307330131530762e-01
6.923667192459106445e-01
6.987966299057006836e-01
6.970299482345581055e-01
7.011813521385192871e-01
7.088504433631896973e-01
7.060853242874145508e-01
7.028153538703918457e-01
7.050594091415405273e-01
7.088486552238464355e-01
7.054488062858581543e-01
7.081639766693115234e-01
7.000682353973388672e-01
6.985955238342285156e-01
7.121319770812988281e-01
7.156966924667358398e-01
6.978924274444580078e-01
6.998849511146545410e-01
6.969731450080871582e-01
7.190791964530944824e-01
6.943147182464599609e-01
7.101014852523803711e-01
7.077919244766235352e-01
7.076007127761840820e-01
7.277360558509826660e-01
7.170881628990173340e-01
7.268767952919006348e-01
7.318563461303710938e-01
7.179008126258850098e-01
7.218539118766784668e-01
7.212006449699401855e-01
7.390263080596923828e-01
7.348796725273132324e-01
7.283101081848144531e-01
7.083830237388610840e-01
7.253780364990234375e-01
7.153365015983581543e-01
7.255216240882873535e-01
7.322944402694702148e-01
7.530246973037719727e-01
7.467798590660095215e-01
7.487605214118957520e-01
7.250339388847351074e-01
7.529061436653137207e-01
7.387747168540954590e-01
7.428976893424987793e-01
7.665824890136718750e-01
7.081256508827209473e-01
7.759340405464172363e-01
7.532005310058593750e-01
7.733907103538513184e-01
7.696516513824462891e-01
7.759714126586914062e-01
7.897144556045532227e-01
7.809499502182006836e-01
7.843683958053588867e-01
7.826279997825622559e-01
7.670336961746215820e-01
7.881364226341247559e-01
7.741520404815673828e-01
7.901107072830200195e-01
7.964459657669067383e-01
7.691626548767089844e-01
7.881690859794616699e-01
7.785807251930236816e-01
7.416786551475524902e-01
7.968133091926574707e-01
7.998559474945068359e-01
7.822257280349731445e-01
7.883360981941223145e-01
8.014175891876220703e-01
8.035145998001098633e-01
7.884453535079956055e-01
8.034323453903198242e-01
7.977838516235351562e-01
8.257493376731872559e-01
7.988007664680480957e-01
7.984681725502014160e-01
8.110132217407226562e-01
8.114193081855773926e-01
8.338643908500671387e-01
8.302735090255737305e-01
8.255752921104431152e-01
7.993675470352172852e-01
8.085370063781738281e-01
8.299843072891235352e-01
8.415839672088623047e-01
8.321821689605712891e-01
8.418073058128356934e-01
8.559035658836364746e-01
8.584852218627929688e-01
8.457645177841186523e-01
8.248920440673828125e-01
8.716886043548583984e-01
8.483291268348693848e-01
8.546001315116882324e-01
8.715813755989074707e-01
8.616141080856323242e-01
8.507122397422790527e-01
8.709357380867004395e-01
8.700589537620544434e-01
8.639020919799804688e-01
8.724361658096313477e-01
8.816686868667602539e-01
8.666809797286987305e-01
8.798838257789611816e-01
8.500028252601623535e-01
8.796514272689819336e-01
8.885910511016845703e-01
8.918543457984924316e-01
8.801841139793395996e-01
9.038669466972351074e-01
8.875333070755004883e-01
8.780418634414672852e-01
8.876778483390808105e-01
8.930597305297851562e-01
8.793780803680419922e-01
9.057946801185607910e-01
8.855786323547363281e-01
9.025711417198181152e-01
9.159285426139831543e-01
9.221614003181457520e-01
8.966567516326904297e-01
9.076967835426330566e-01
9.203574657440185547e-01
9.221824407577514648e-01
8.754575252532958984e-01
9.136027097702026367e-01
9.062589406967163086e-01
9.015498161315917969e-01
9.114031195640563965e-01
9.244617819786071777e-01
8.674511313438415527e-01
8.586503863334655762e-01
9.355909824371337891e-01
9.154804944992065430e-01
9.396486282348632812e-01
9.283809661865234375e-01
9.219983220100402832e-01
9.147550463676452637e-01
9.560184478759765625e-01
9.054304361343383789e-01
9.571746587753295898e-01
9.567010402679443359e-01
9.031417965888977051e-01
9.661563634872436523e-01
9.343547821044921875e-01
9.129801988601684570e-01
9.650202393531799316e-01
9.357361197471618652e-01
8.428475856781005859e-01
9.502565860748291016e-01
9.241431951522827148e-01
9.200063943862915039e-01
9.769384264945983887e-01
9.630166888236999512e-01
9.792222380638122559e-01
9.819866418838500977e-01
9.194973111152648926e-01
9.810273051261901855e-01
9.770911335945129395e-01
9.801673889160156250e-01
-9.899900000000000000e+04
9.908530116081237793e-01
9.699146151542663574e-01
9.487195611000061035e-01
9.809169769287109375e-01
8.097720146179199219e-01
9.758758544921875000e-01
9.767728447914123535e-01
-9.899900000000000000e+04
9.374113678932189941e-01
-9.899900000000000000e+04
9.807587265968322754e-01
9.633143544197082520e-01
