6.461329460144042969e-01
6.358127593994140625e-01
6.406359076499938965e-01
6.651226878166198730e-01
6.657932400703430176e-01
6.639208197593688965e-01
6.705154776573181152e-01
6.766836643218994141e-01
6.761762499809265137e-01
6.654602885246276855e-01
6.641452312469482422e-01
6.596245169639587402e-01
6.633976101875305176e-01
6.589918732643127441e-01
6.836334466934204102e-01
6.893771290779113770e-01
6.766312718391418457e-01
6.880912780761718750e-01
6.750097870826721191e-01
6.778044700622558594e-01
6.816808581352233887e-01
6.847827434539794922e-01
6.810171008110046387e-01
6.923526525497436523e-01
6.810624599456787109e-01
6.888324022293090820e-01
6.886549592018127441e-01
6.890015006065368652e-01
7.004201412200927734e-01
6.898700594902038574e-01
6.940954327583312988e-01
6.858766674995422363e-01
7.124272584915161133e-01
6.914362907409667969e-01
6.912078857421875000e-01
6.961479783058166504e-01
6.955612301826477051e-01
6.985812187194824219e-01
7.054988741874694824e-01
7.188727855682373047e-01
7.130106091499328613e-01
7.064243555068969727e-01
7.093734741210937500e-01
6.978463530540466309e-01
7.018299102783203125e-01
6.995125412940979004e-01
7.030318379402160645e-01
7.086169719696044922e-01
7.127290368080139160e-01
7.094280123710632324e-01
6.958449482917785645e-01
7.023605108261108398e-01
7.154687047004699707e-01
7.265398502349853516e-01
7.210592031478881836e-01
7.106107473373413086e-01
7.182244062423706055e-01
7.239070534706115723e-01
7.127215862274169922e-01
7.282625436782836914e-01
7.266880869865417480e-01
7.338945865631103516e-01
7.158133387565612793e-01
7.311264872550964355e-01
7.362353801727294922e-01
7.238376140594482422e-01
7.359384298324584961e-01
7.369126677513122559e-01
7.258642911911010742e-01
7.347072958946228027e-01
7.305282950401306152e-01
7.324209809303283691e-01
7.181432247161865234e-01
7.401322722434997559e-01
7.192977666854858398e-01
7.525464892387390137e-01
7.371940016746520996e-01
7.350744009017944336e-01
7.341709733009338379e-01
7.541882395744323730e-01
7.468738555908203125e-01
7.546576857566833496e-01
7.670878767967224121e-01
7.646168470382690430e-01
7.799324989318847656e-01
7.588075995445251465e-01
7.908378839492797852e-01
7.887965440750122070e-01
7.754985690116882324e-01
7.691271901130676270e-01
7.787283062934875488e-01
7.706400752067565918e-01
7.816404700279235840e-01
7.821957468986511230e-01
7.702382802963256836e-01
7.573125362396240234e-01
7.930012345314025879e-01
7.763401865959167480e-01
7.717114090919494629e-01
7.947052121162414551e-01
7.971054911613464355e-01
7.855204939842224121e-01
7.917519807815551758e-01
7.962205410003662109e-01
7.915684580802917480e-01
7.707585692405700684e-01
8.096035122871398926e-01
8.077400922775268555e-01
8.019897937774658203e-01
8.047165870666503906e-01
8.192542791366577148e-01
7.954596877098083496e-01
7.983003854751586914e-01
8.271075487136840820e-01
8.059747815132141113e-01
8.299334645271301270e-01
8.217769861221313477e-01
8.208746314048767090e-01
8.331350088119506836e-01
8.093326091766357422e-01
8.459393978118896484e-01
8.369781374931335449e-01
8.241146206855773926e-01
8.361096978187561035e-01
8.353075981140136719e-01
8.554188609123229980e-01
8.500871658325195312e-01
8.429350852966308594e-01
8.410030007362365723e-01
8.535727262496948242e-01
8.574613332748413086e-01
8.538658618927001953e-01
8.486375212669372559e-01
8.339205384254455566e-01
8.650988936424255371e-01
8.419365286827087402e-01
8.768843412399291992e-01
8.609385490417480469e-01
8.684931993484497070e-01
8.757576942443847656e-01
8.924257159233093262e-01
8.776602149009704590e-01
8.554002642631530762e-01
8.967005610466003418e-01
7.886264324188232422e-01
8.983782529830932617e-01
9.069817662239074707e-01
8.793486952781677246e-01
8.844343423843383789e-01
8.955457806587219238e-01
8.574029803276062012e-01
8.875601887702941895e-01
8.804348707199096680e-01
8.914254903793334961e-01
8.983851075172424316e-01
8.657710552215576172e-01
8.984419703483581543e-01
8.890429735183715820e-01
8.972454667091369629e-01
8.075050115585327148e-01
9.145755767822265625e-01
8.950666785240173340e-01
9.231986403465270996e-01
9.132710099220275879e-01
9.258899688720703125e-01
8.636011481285095215e-01
8.986046910285949707e-01
9.011341929435729980e-01
9.146142005920410156e-01
9.245476722717285156e-01
9.232161641120910645e-01
9.152858853340148926e-01
8.210458755493164062e-01
9.466127157211303711e-01
9.269291162490844727e-01
9.074724316596984863e-01
9.397838115692138672e-01
9.201610088348388672e-01
9.543208479881286621e-01
8.491668701171875000e-01
9.501413106918334961e-01
9.531611204147338867e-01
9.561287760734558105e-01
9.489415287971496582e-01
9.469319581985473633e-01
9.701043367385864258e-01
9.564554691314697266e-01
9.218466877937316895e-01
9.371417164802551270e-01
9.475445747375488281e-01
9.536433815956115723e-01
9.792000055313110352e-01
9.165985584259033203e-01
9.412695765495300293e-01
9.889975190162658691e-01
9.888521432876586914e-01
9.722673892974853516e-01
9.819242954254150391e-01
9.392355680465698242e-01
8.654933571815490723e-01
9.859009981155395508e-01
9.802803397178649902e-01
9.699551463127136230e-01
7.580825686454772949e-01
-9.899900000000000000e+04
-9.899900000000000000e+04
-9.899900000000000000e+04
-9.899900000000000000e+04
-9.899900000000000000e+04
-9.899900000000000000e+04
9.829508066177368164e-01
-9.899900000000000000e+04
-9.899900000000000000e+04
-9.899900000000000000e+04
-9.899900000000000000e+04
8.892309665679931641e-01
-9.899900000000000000e+04
-9.899900000000000000e+04
-9.899900000000000000e+04
-9.899900000000000000e+04
9.049387574195861816e-01
9.326592683792114258e-01
-9.899900000000000000e+04
-9.899900000000000000e+04
-9.899900000000000000e+04
-9.899900000000000000e+04
-9.899900000000000000e+04
9.774727225303649902e-01
-9.899900000000000000e+04
9.579799771308898926e-01
-9.899900000000000000e+04
-9.899900000000000000e+04
-9.899900000000000000e+04
-9.899900000000000000e+04
-9.899900000000000000e+04
9.895335435867309570e-01
-9.899900000000000000e+04
-9.899900000000000000e+04
9.816708564758300781e-01
-9.899900000000000000e+04
8.150400519371032715e-01
9.382401108741760254e-01
-9.899900000000000000e+04
-9.899900000000000000e+04
-9.899900000000000000e+04
-9.899900000000000000e+04
-9.899900000000000000e+04
-9.899900000000000000e+04
-9.899900000000000000e+04
-9.899900000000000000e+04
-9.899900000000000000e+04
-9.899900000000000000e+04
-9.899900000000000000e+04
-9.899900000000000000e+04
-9.899900000000000000e+04
-9.899900000000000000e+04
-9.899900000000000000e+04
-9.899900000000000000e+04
-9.899900000000000000e+04
-9.899900000000000000e+04
-9.899900000000000000e+04
-9.899900000000000000e+04
-9.899900000000000000e+04
9.140984416007995605e-01
-9.899900000000000000e+04
-9.899900000000000000e+04
-9.899900000000000000e+04
-9.899900000000000000e+04
-9.899900000000000000e+04
-9.899900000000000000e+04
-9.899900000000000000e+04
-9.899900000000000000e+04
-9.899900000000000000e+04
-9.899900000000000000e+04
9.595403075218200684e-01
-9.899900000000000000e+04
-9.899900000000000000e+04
-9.899900000000000000e+04
-9.899900000000000000e+04
