6.309524774551391602e-01
6.245424747467041016e-01
6.407510042190551758e-01
6.651226878166198730e-01
6.627352833747863770e-01
6.458131670951843262e-01
6.615265011787414551e-01
6.678663492202758789e-01
6.649832725524902344e-01
6.654602885246276855e-01
6.752379536628723145e-01
6.596245169639587402e-01
6.750172972679138184e-01
6.775087118148803711e-01
6.714826226234436035e-01
6.848210692405700684e-01
6.773794889450073242e-01
6.710654497146606445e-01
6.753183007240295410e-01
6.739071607589721680e-01
6.882823705673217773e-01
6.750268340110778809e-01
6.749833226203918457e-01
6.874404549598693848e-01
6.666137576103210449e-01
6.888324022293090820e-01
6.867516040802001953e-01
6.996856331825256348e-01
6.843441128730773926e-01
6.993750333786010742e-01
6.826096773147583008e-01
6.952854990959167480e-01
6.887850165367126465e-01
6.870712637901306152e-01
6.920434832572937012e-01
6.926264762878417969e-01
6.960754394531250000e-01
7.037529349327087402e-01
7.098177075386047363e-01
6.902157068252563477e-01
6.961901187896728516e-01
7.048092484474182129e-01
7.044899463653564453e-01
7.030638456344604492e-01
7.068166732788085938e-01
7.171862125396728516e-01
7.085341215133666992e-01
6.986947059631347656e-01
7.145519852638244629e-01
6.959819197654724121e-01
7.105302214622497559e-01
7.126516103744506836e-01
7.132623791694641113e-01
7.003157138824462891e-01
6.889576911926269531e-01
7.088217139244079590e-01
7.035306096076965332e-01
6.872057318687438965e-01
7.251721620559692383e-01
7.142789363861083984e-01
7.229208946228027344e-01
7.111182808876037598e-01
7.146451473236083984e-01
7.321692705154418945e-01
7.308350205421447754e-01
7.339860200881958008e-01
7.355242967605590820e-01
7.215329408645629883e-01
7.364268302917480469e-01
7.323960065841674805e-01
7.413404583930969238e-01
7.327471375465393066e-01
7.418646216392517090e-01
7.409035563468933105e-01
7.227404117584228516e-01
7.434875965118408203e-01
7.723504900932312012e-01
7.367781400680541992e-01
7.401822805404663086e-01
7.523946166038513184e-01
7.467240095138549805e-01
7.516077160835266113e-01
7.719741463661193848e-01
7.503986954689025879e-01
7.662791013717651367e-01
7.782520055770874023e-01
7.575057744979858398e-01
7.540071010589599609e-01
7.776809930801391602e-01
7.583450675010681152e-01
7.706589102745056152e-01
7.814105749130249023e-01
7.936932444572448730e-01
7.385696172714233398e-01
7.983942627906799316e-01
8.021313548088073730e-01
7.770541906356811523e-01
7.859431505203247070e-01
7.734168171882629395e-01
7.857775092124938965e-01
7.737103104591369629e-01
8.060390353202819824e-01
7.926624417304992676e-01
7.707857489585876465e-01
8.053685426712036133e-01
8.091118931770324707e-01
8.124403357505798340e-01
8.164181113243103027e-01
8.101378679275512695e-01
8.093947172164916992e-01
8.142542243003845215e-01
8.077640533447265625e-01
8.249849677085876465e-01
7.904202938079833984e-01
8.130732774734497070e-01
8.255677223205566406e-01
8.247980475425720215e-01
8.478935956954956055e-01
8.413741588592529297e-01
8.266144394874572754e-01
8.492906689643859863e-01
8.337023854255676270e-01
8.452075123786926270e-01
8.594947457313537598e-01
8.491395711898803711e-01
8.353720307350158691e-01
8.507800102233886719e-01
8.651744127273559570e-01
8.531578183174133301e-01
8.548043370246887207e-01
8.574091792106628418e-01
8.563973903656005859e-01
8.660560846328735352e-01
8.411537408828735352e-01
8.611073493957519531e-01
8.490179777145385742e-01
8.663691282272338867e-01
8.546486496925354004e-01
8.584332466125488281e-01
8.509941697120666504e-01
8.905466794967651367e-01
8.603621721267700195e-01
8.912038803100585938e-01
8.598009943962097168e-01
8.946282863616943359e-01
8.884935975074768066e-01
9.014584422111511230e-01
8.828991055488586426e-01
8.958962559700012207e-01
8.685035109519958496e-01
8.913390040397644043e-01
8.504002690315246582e-01
8.988234996795654297e-01
8.771324753761291504e-01
8.983533382415771484e-01
8.904918432235717773e-01
9.252734780311584473e-01
9.235312342643737793e-01
8.947539925575256348e-01
9.072015285491943359e-01
8.535469174385070801e-01
9.195678830146789551e-01
9.156726002693176270e-01
9.198921918869018555e-01
9.097093939781188965e-01
8.999987244606018066e-01
9.014113545417785645e-01
9.026804566383361816e-01
9.381673932075500488e-01
9.297217130661010742e-01
9.263914227485656738e-01
9.392132163047790527e-01
9.171395301818847656e-01
9.453212618827819824e-01
8.401625156402587891e-01
8.835865259170532227e-01
9.281806945800781250e-01
9.166451692581176758e-01
9.173744916915893555e-01
8.852921128273010254e-01
9.507278800010681152e-01
9.572398066520690918e-01
9.422557353973388672e-01
9.425672888755798340e-01
9.638126492500305176e-01
9.698335528373718262e-01
9.520999789237976074e-01
9.855666160583496094e-01
9.586004018783569336e-01
9.564208388328552246e-01
9.734593033790588379e-01
9.344632625579833984e-01
8.727973103523254395e-01
9.447878003120422363e-01
-9.899900000000000000e+04
9.549687504768371582e-01
9.704028964042663574e-01
9.727408885955810547e-01
9.903280735015869141e-01
9.763695001602172852e-01
9.892983436584472656e-01
9.781559705734252930e-01
1.022247791290283203e+00
-9.899900000000000000e+04
-9.899900000000000000e+04
9.938936233520507812e-01
9.846892356872558594e-01
-9.899900000000000000e+04
