6.309524774551391602e-01
6.245424747467041016e-01
6.412144899368286133e-01
6.595162153244018555e-01
6.476992368698120117e-01
6.521380543708801270e-01
6.616687774658203125e-01
6.678663492202758789e-01
6.760308146476745605e-01
6.793448328971862793e-01
6.664795279502868652e-01
6.803489923477172852e-01
6.678974032402038574e-01
6.722197532653808594e-01
6.636700034141540527e-01
6.849688887596130371e-01
6.741776466369628906e-01
6.876502633094787598e-01
6.668014526367187500e-01
6.819898486137390137e-01
6.811931729316711426e-01
6.753953099250793457e-01
6.804964542388916016e-01
6.934555768966674805e-01
6.845775246620178223e-01
7.015670537948608398e-01
7.030092477798461914e-01
6.996856331825256348e-01
6.958838105201721191e-01
6.929410696029663086e-01
6.870552301406860352e-01
6.891896724700927734e-01
6.992442607879638672e-01
6.881421208381652832e-01
7.019448876380920410e-01
6.926329731941223145e-01
6.965832710266113281e-01
6.952646374702453613e-01
6.971252560615539551e-01
7.009490728378295898e-01
6.986343860626220703e-01
7.022889256477355957e-01
7.097298502922058105e-01
7.079262137413024902e-01
7.027766704559326172e-01
6.995428800582885742e-01
7.012058496475219727e-01
7.181465029716491699e-01
7.112807631492614746e-01
7.112045288085937500e-01
7.226886153221130371e-01
7.000160217285156250e-01
7.005926966667175293e-01
7.135439515113830566e-01
7.189269661903381348e-01
7.231846451759338379e-01
7.152936458587646484e-01
7.047551870346069336e-01
7.256452441215515137e-01
7.239144444465637207e-01
7.008818984031677246e-01
7.277362346649169922e-01
7.179828882217407227e-01
7.015593051910400391e-01
7.319903969764709473e-01
7.354616522789001465e-01
7.188808917999267578e-01
7.261828184127807617e-01
7.281183600425720215e-01
7.298663258552551270e-01
7.440086603164672852e-01
7.306554913520812988e-01
7.382140755653381348e-01
7.499049305915832520e-01
7.496166825294494629e-01
7.321494221687316895e-01
7.554637193679809570e-01
7.379044294357299805e-01
7.433823347091674805e-01
7.335568666458129883e-01
7.519453763961791992e-01
7.660037875175476074e-01
7.574319839477539062e-01
7.590646147727966309e-01
7.788109183311462402e-01
7.467459440231323242e-01
7.868849039077758789e-01
7.849553227424621582e-01
7.967655658721923828e-01
7.834384441375732422e-01
7.748228907585144043e-01
7.821749448776245117e-01
7.704576253890991211e-01
7.751736044883728027e-01
7.970220446586608887e-01
7.627553343772888184e-01
7.762908935546875000e-01
8.062924146652221680e-01
7.748762965202331543e-01
7.718666791915893555e-01
7.448307871818542480e-01
8.094338774681091309e-01
8.050776124000549316e-01
8.038622736930847168e-01
8.097633123397827148e-01
7.957811355590820312e-01
8.160468935966491699e-01
7.967787981033325195e-01
7.895414829254150391e-01
7.975320816040039062e-01
8.071191906929016113e-01
8.196851611137390137e-01
7.944288849830627441e-01
8.265523910522460938e-01
8.130032420158386230e-01
8.299701213836669922e-01
8.427921533584594727e-01
8.230455517768859863e-01
8.030196428298950195e-01
8.293619751930236816e-01
8.232416510581970215e-01
8.524524569511413574e-01
8.423154950141906738e-01
8.458256125450134277e-01
8.187436461448669434e-01
8.515571355819702148e-01
8.545044064521789551e-01
8.599256277084350586e-01
8.675201535224914551e-01
8.573793172836303711e-01
8.570315837860107422e-01
8.837106227874755859e-01
8.710882067680358887e-01
8.604188561439514160e-01
8.423347473144531250e-01
8.784677386283874512e-01
8.666809201240539551e-01
8.698336482048034668e-01
8.453530073165893555e-01
8.847917318344116211e-01
8.628556728363037109e-01
8.736086487770080566e-01
8.664840459823608398e-01
8.767538070678710938e-01
8.919369578361511230e-01
8.850113749504089355e-01
8.901261687278747559e-01
8.847463726997375488e-01
8.845029473304748535e-01
8.985716700553894043e-01
9.001606702804565430e-01
8.797307610511779785e-01
8.895899057388305664e-01
9.005225300788879395e-01
9.030759930610656738e-01
8.648753762245178223e-01
9.032785296440124512e-01
8.655052781105041504e-01
9.091448187828063965e-01
8.791283965110778809e-01
9.098625779151916504e-01
8.730857372283935547e-01
9.165017008781433105e-01
9.065496325492858887e-01
8.962011933326721191e-01
8.731478452682495117e-01
9.053009748458862305e-01
9.452138543128967285e-01
9.176123738288879395e-01
9.197962284088134766e-01
9.577323198318481445e-01
8.821251392364501953e-01
9.261322617530822754e-01
9.094980359077453613e-01
8.887896537780761719e-01
8.480135202407836914e-01
9.160525798797607422e-01
8.306924700736999512e-01
9.497059583663940430e-01
9.308413863182067871e-01
9.179121851921081543e-01
9.556146860122680664e-01
8.944702148437500000e-01
9.380214810371398926e-01
9.054346084594726562e-01
9.676243662834167480e-01
9.273087382316589355e-01
9.612178206443786621e-01
9.593614935874938965e-01
9.769666194915771484e-01
9.870655536651611328e-01
9.055582284927368164e-01
9.212253689765930176e-01
9.734162688255310059e-01
9.738717079162597656e-01
9.640238881111145020e-01
9.648078680038452148e-01
8.275170326232910156e-01
9.839406609535217285e-01
9.871649146080017090e-01
9.647822976112365723e-01
8.359770774841308594e-01
9.547349810600280762e-01
9.819785952568054199e-01
9.682660102844238281e-01
