6.291534900665283203e-01
6.257067918777465820e-01
6.402796506881713867e-01
6.632860302925109863e-01
6.455930471420288086e-01
6.521380543708801270e-01
6.613437533378601074e-01
6.678663492202758789e-01
6.734914183616638184e-01
6.654602885246276855e-01
6.639269590377807617e-01
6.650627255439758301e-01
6.681141257286071777e-01
6.722197532653808594e-01
6.824732422828674316e-01
6.687693595886230469e-01
6.749550700187683105e-01
6.743296980857849121e-01
6.750097870826721191e-01
6.715466976165771484e-01
6.671040654182434082e-01
6.750268340110778809e-01
6.740958690643310547e-01
6.846538782119750977e-01
7.008396387100219727e-01
6.890242099761962891e-01
7.006487846374511719e-01
6.996856331825256348e-01
6.846235394477844238e-01
6.978022456169128418e-01
6.826096773147583008e-01
6.968304514884948730e-01
6.987695097923278809e-01
7.021601200103759766e-01
6.956847906112670898e-01
6.950627565383911133e-01
6.960791945457458496e-01
7.004896402359008789e-01
7.092423439025878906e-01
7.087800502777099609e-01
6.988992094993591309e-01
7.052692770957946777e-01
7.027724385261535645e-01
6.988543272018432617e-01
6.966465115547180176e-01
7.036374211311340332e-01
7.068323493003845215e-01
7.031739950180053711e-01
7.156503200531005859e-01
6.995118260383605957e-01
7.041099071502685547e-01
7.003142833709716797e-01
7.029623985290527344e-01
7.019505500793457031e-01
7.167484760284423828e-01
7.197645902633666992e-01
7.228016853332519531e-01
7.015538811683654785e-01
7.104325294494628906e-01
7.017096877098083496e-01
7.172501087188720703e-01
7.240295410156250000e-01
7.270535826683044434e-01
7.289120554924011230e-01
7.218766808509826660e-01
7.388134598731994629e-01
7.384999990463256836e-01
7.183132767677307129e-01
7.318931221961975098e-01
7.360066175460815430e-01
7.113034725189208984e-01
7.445761561393737793e-01
7.381635308265686035e-01
7.341355085372924805e-01
7.437143325805664062e-01
7.432634234428405762e-01
7.245349884033203125e-01
7.405004501342773438e-01
7.716021537780761719e-01
7.437319159507751465e-01
7.445809841156005859e-01
7.395749092102050781e-01
7.484980821609497070e-01
7.706640958786010742e-01
7.491754293441772461e-01
7.838467359542846680e-01
7.680680751800537109e-01
7.919031381607055664e-01
7.896875143051147461e-01
7.485511898994445801e-01
7.864791750907897949e-01
7.730513215065002441e-01
7.903248667716979980e-01
7.848958969116210938e-01
7.716851830482482910e-01
7.867277264595031738e-01
7.660995125770568848e-01
7.658979892730712891e-01
7.737134099006652832e-01
7.992082834243774414e-01
7.804371714591979980e-01
8.012956380844116211e-01
7.642780542373657227e-01
7.907662987709045410e-01
8.009790182113647461e-01
8.101687431335449219e-01
8.117957115173339844e-01
8.255275487899780273e-01
8.163925409317016602e-01
7.937841415405273438e-01
8.073568940162658691e-01
7.519059181213378906e-01
8.243847489356994629e-01
8.058019876480102539e-01
8.058810830116271973e-01
8.033130764961242676e-01
8.382274508476257324e-01
8.385823965072631836e-01
8.486577272415161133e-01
8.417499661445617676e-01
8.473905324935913086e-01
8.562263846397399902e-01
8.356723785400390625e-01
8.391498923301696777e-01
8.586798310279846191e-01
8.561363220214843750e-01
8.435533046722412109e-01
8.570085167884826660e-01
8.532270789146423340e-01
8.649161458015441895e-01
8.654237389564514160e-01
8.654522895812988281e-01
8.529961705207824707e-01
8.397961854934692383e-01
8.750898241996765137e-01
8.706902265548706055e-01
8.824638724327087402e-01
8.848479986190795898e-01
8.558713793754577637e-01
8.750551939010620117e-01
8.825907111167907715e-01
8.696662783622741699e-01
8.727249503135681152e-01
8.777813911437988281e-01
8.737284541130065918e-01
8.999996781349182129e-01
8.434005379676818848e-01
8.802005052566528320e-01
8.935017585754394531e-01
8.908627629280090332e-01
8.840404748916625977e-01
8.836752772331237793e-01
8.986693024635314941e-01
8.996626138687133789e-01
9.013945460319519043e-01
7.935527563095092773e-01
8.310310244560241699e-01
8.883737325668334961e-01
9.096266031265258789e-01
9.063172340393066406e-01
9.124765992164611816e-01
8.962906599044799805e-01
9.061890840530395508e-01
8.848626613616943359e-01
8.793106675148010254e-01
9.013124108314514160e-01
8.905640840530395508e-01
9.312164187431335449e-01
9.264345765113830566e-01
9.192582964897155762e-01
9.289616942405700684e-01
7.878552079200744629e-01
8.978737592697143555e-01
7.645773291587829590e-01
8.945559263229370117e-01
8.831624984741210938e-01
9.389542937278747559e-01
9.473655223846435547e-01
8.971071243286132812e-01
9.603809118270874023e-01
9.478909373283386230e-01
9.410829544067382812e-01
9.720988869667053223e-01
9.553071260452270508e-01
9.503839612007141113e-01
9.749867916107177734e-01
9.493312239646911621e-01
9.430652260780334473e-01
9.640920162200927734e-01
9.592605829238891602e-01
7.751045227050781250e-01
9.776778221130371094e-01
8.751584887504577637e-01
9.911363720893859863e-01
-9.899900000000000000e+04
9.650838971138000488e-01
9.687908291816711426e-01
9.630604982376098633e-01
8.729365468025207520e-01
-9.899900000000000000e+04
1.003549337387084961e+00
9.531553983688354492e-01
9.134067296981811523e-01
9.768341779708862305e-01
9.874650835990905762e-01
9.825929999351501465e-01
9.847238659858703613e-01
9.751929044723510742e-01
-9.899900000000000000e+04
9.906663298606872559e-01
8.586535453796386719e-01
-9.899900000000000000e+04
9.438135623931884766e-01
-9.899900000000000000e+04
-9.899900000000000000e+04
-9.899900000000000000e+04
8.528291583061218262e-01
9.915284514427185059e-01
6.355496048927307129e-01
-9.899900000000000000e+04
-9.899900000000000000e+04
