6.225892305374145508e-01
6.245424747467041016e-01
6.412144899368286133e-01
6.632860302925109863e-01
6.467798352241516113e-01
6.493827104568481445e-01
6.616687774658203125e-01
6.703080534934997559e-01
6.592803001403808594e-01
6.673698425292968750e-01
6.664795279502868652e-01
6.636283397674560547e-01
6.678974032402038574e-01
6.657763719558715820e-01
6.669101715087890625e-01
6.848675608634948730e-01
6.750710010528564453e-01
6.710654497146606445e-01
6.750097870826721191e-01
6.883132457733154297e-01
6.739029288291931152e-01
6.750268340110778809e-01
6.533963680267333984e-01
7.025358080863952637e-01
6.794004440307617188e-01
7.015670537948608398e-01
7.006487846374511719e-01
7.043316960334777832e-01
6.891703009605407715e-01
7.060276269912719727e-01
7.110580205917358398e-01
6.809264421463012695e-01
7.024661898612976074e-01
6.902403831481933594e-01
6.918588876724243164e-01
6.957734823226928711e-01
7.006449103355407715e-01
7.013345360755920410e-01
7.051448225975036621e-01
6.979539990425109863e-01
6.990890502929687500e-01
6.981589794158935547e-01
7.001023888587951660e-01
7.038873434066772461e-01
7.120600342750549316e-01
7.026397585868835449e-01
7.039925456047058105e-01
7.223531603813171387e-01
7.038570046424865723e-01
7.099634408950805664e-01
6.952413320541381836e-01
6.834893226623535156e-01
7.152656912803649902e-01
7.046256065368652344e-01
7.077213525772094727e-01
7.195418477058410645e-01
7.227673530578613281e-01
7.146006822586059570e-01
7.029184699058532715e-01
7.277349829673767090e-01
7.156568169593811035e-01
7.073557376861572266e-01
7.304334044456481934e-01
7.305225729942321777e-01
7.346630096435546875e-01
7.313219308853149414e-01
7.255457043647766113e-01
7.241149544715881348e-01
7.379109859466552734e-01
7.391079068183898926e-01
7.411669492721557617e-01
7.362253069877624512e-01
7.501828074455261230e-01
7.451095581054687500e-01
7.385855317115783691e-01
7.320570945739746094e-01
7.352463603019714355e-01
7.446398138999938965e-01
7.364562749862670898e-01
7.271158099174499512e-01
7.507428526878356934e-01
7.412185072898864746e-01
7.724909782409667969e-01
7.038660645484924316e-01
7.694122791290283203e-01
7.477566003799438477e-01
7.740582227706909180e-01
7.931206226348876953e-01
7.824825048446655273e-01
7.927632331848144531e-01
7.790010571479797363e-01
7.740326523780822754e-01
8.042705059051513672e-01
7.777032256126403809e-01
7.838533520698547363e-01
7.898379564285278320e-01
7.506874203681945801e-01
7.578195333480834961e-01
7.842399477958679199e-01
7.978656291961669922e-01
7.488352060317993164e-01
7.731322646141052246e-01
8.072311878204345703e-01
7.922152876853942871e-01
7.881857752799987793e-01
7.870036363601684570e-01
7.612284421920776367e-01
8.135592341423034668e-01
8.133848905563354492e-01
7.903154492378234863e-01
7.954432368278503418e-01
8.108307719230651855e-01
8.312854766845703125e-01
7.610720992088317871e-01
7.996495962142944336e-01
8.087168931961059570e-01
8.222269415855407715e-01
8.197242617607116699e-01
8.165047764778137207e-01
8.426329493522644043e-01
8.411330580711364746e-01
8.500009775161743164e-01
8.217309713363647461e-01
8.549853563308715820e-01
8.667039871215820312e-01
8.559376597404479980e-01
8.601948618888854980e-01
8.653062582015991211e-01
8.597394227981567383e-01
8.592858910560607910e-01
8.674464225769042969e-01
8.785202503204345703e-01
8.670973181724548340e-01
8.641546964645385742e-01
8.685398101806640625e-01
8.655158877372741699e-01
8.580494523048400879e-01
8.712716102600097656e-01
8.742640018463134766e-01
8.699841499328613281e-01
8.749455809593200684e-01
8.811267018318176270e-01
8.799354434013366699e-01
9.026828408241271973e-01
9.134825468063354492e-01
8.820766210556030273e-01
8.882691860198974609e-01
8.944532871246337891e-01
9.036864638328552246e-01
8.773159384727478027e-01
8.953967094421386719e-01
8.806409835815429688e-01
9.126884341239929199e-01
9.083312153816223145e-01
9.095262289047241211e-01
9.047745466232299805e-01
9.051636457443237305e-01
8.867243528366088867e-01
9.120548367500305176e-01
9.020135998725891113e-01
9.285777211189270020e-01
9.216318726539611816e-01
9.057897329330444336e-01
9.115125536918640137e-01
8.948407769203186035e-01
9.214402437210083008e-01
9.089422821998596191e-01
9.212507605552673340e-01
8.998355269432067871e-01
9.297791123390197754e-01
8.479948639869689941e-01
9.307810664176940918e-01
9.420318603515625000e-01
9.212933182716369629e-01
9.157575368881225586e-01
9.324288368225097656e-01
7.523195147514343262e-01
9.235247373580932617e-01
9.654719829559326172e-01
7.475186586380004883e-01
9.651331305503845215e-01
9.426340460777282715e-01
9.482765197753906250e-01
9.623102545738220215e-01
9.740347266197204590e-01
8.758399486541748047e-01
9.667894840240478516e-01
9.660630822181701660e-01
9.355992078781127930e-01
9.788858294486999512e-01
9.642392992973327637e-01
9.813033938407897949e-01
9.489080905914306641e-01
8.407226800918579102e-01
8.082525134086608887e-01
9.869880080223083496e-01
9.662692546844482422e-01
9.543454051017761230e-01
9.795085787773132324e-01
9.981994628906250000e-01
-9.899900000000000000e+04
9.721205234527587891e-01
9.729602932929992676e-01
-9.899900000000000000e+04
8.719778060913085938e-01
-9.899900000000000000e+04
9.703429341316223145e-01
9.100347757339477539e-01
8.823081851005554199e-01
9.777141213417053223e-01
