6.461329460144042969e-01
6.257067918777465820e-01
6.402796506881713867e-01
6.632860302925109863e-01
6.671371459960937500e-01
6.493827104568481445e-01
6.616687774658203125e-01
6.678663492202758789e-01
6.592803001403808594e-01
6.673698425292968750e-01
6.752379536628723145e-01
6.636283397674560547e-01
6.751718521118164062e-01
6.711479425430297852e-01
6.669101715087890625e-01
6.695050001144409180e-01
6.789344549179077148e-01
6.863613128662109375e-01
6.717495918273925781e-01
6.843210458755493164e-01
6.811931729316711426e-01
6.759751439094543457e-01
6.804964542388916016e-01
6.873584985733032227e-01
7.024981975555419922e-01
6.954489946365356445e-01
6.933497786521911621e-01
6.934535503387451172e-01
6.891703009605407715e-01
7.054466605186462402e-01
6.864455342292785645e-01
6.954005360603332520e-01
7.017874121665954590e-01
6.978828907012939453e-01
7.038936614990234375e-01
7.050077915191650391e-01
7.019261717796325684e-01
6.962381601333618164e-01
6.967304944992065430e-01
6.944854855537414551e-01
7.106660008430480957e-01
6.983842849731445312e-01
7.098107337951660156e-01
7.030977606773376465e-01
7.047303318977355957e-01
7.096132040023803711e-01
7.083439230918884277e-01
7.081085443496704102e-01
7.045759558677673340e-01
7.010393142700195312e-01
7.060102224349975586e-01
6.969895958900451660e-01
6.996302008628845215e-01
6.911593079566955566e-01
7.049219608306884766e-01
7.219165563583374023e-01
7.028613090515136719e-01
7.103961110115051270e-01
7.257966399192810059e-01
7.163539528846740723e-01
7.192416787147521973e-01
7.265236377716064453e-01
7.174408435821533203e-01
7.184836864471435547e-01
7.304771542549133301e-01
7.258921861648559570e-01
7.241656184196472168e-01
7.165961265563964844e-01
7.387079596519470215e-01
7.265269756317138672e-01
7.483260035514831543e-01
7.428325414657592773e-01
7.486998438835144043e-01
7.236094474792480469e-01
7.216373682022094727e-01
7.393473982810974121e-01
7.192271947860717773e-01
7.216498255729675293e-01
7.583182454109191895e-01
7.457746863365173340e-01
7.669318914413452148e-01
7.606832385063171387e-01
7.472307682037353516e-01
7.672865390777587891e-01
7.691272497177124023e-01
7.891193628311157227e-01
7.771532535552978516e-01
7.730576395988464355e-01
7.969400286674499512e-01
7.705592513084411621e-01
7.767317891120910645e-01
7.729680538177490234e-01
7.858003377914428711e-01
7.745605707168579102e-01
8.003775477409362793e-01
7.754674553871154785e-01
7.845104336738586426e-01
7.980397343635559082e-01
7.905866503715515137e-01
8.104351162910461426e-01
7.681231498718261719e-01
7.861706018447875977e-01
8.063573837280273438e-01
7.989517450332641602e-01
7.883811593055725098e-01
7.778249979019165039e-01
8.045094609260559082e-01
7.793198227882385254e-01
8.115819096565246582e-01
8.054435849189758301e-01
8.168797492980957031e-01
7.550603747367858887e-01
8.158071637153625488e-01
7.875745296478271484e-01
7.906619906425476074e-01
8.176010847091674805e-01
8.148950934410095215e-01
8.211280107498168945e-01
8.295989632606506348e-01
8.318290114402770996e-01
8.254601359367370605e-01
8.452560901641845703e-01
8.435556888580322266e-01
8.439422249794006348e-01
8.526517748832702637e-01
8.555985689163208008e-01
8.657825589179992676e-01
8.585908412933349609e-01
8.481072783470153809e-01
8.650851249694824219e-01
8.653404116630554199e-01
8.584584593772888184e-01
8.759004473686218262e-01
8.784993290901184082e-01
8.734865188598632812e-01
8.633490800857543945e-01
8.717957139015197754e-01
8.722129464149475098e-01
8.847543597221374512e-01
9.051576256752014160e-01
8.812190294265747070e-01
8.677636981010437012e-01
7.891589403152465820e-01
8.705614805221557617e-01
8.886799216270446777e-01
8.873811364173889160e-01
9.135203957557678223e-01
8.427019715309143066e-01
8.997131586074829102e-01
8.779355883598327637e-01
8.882212042808532715e-01
9.076521396636962891e-01
8.974443674087524414e-01
8.236095309257507324e-01
8.953357338905334473e-01
8.723771572113037109e-01
8.838878870010375977e-01
9.242488145828247070e-01
8.792265057563781738e-01
9.189488887786865234e-01
9.016696214675903320e-01
8.902669548988342285e-01
9.166877269744873047e-01
8.802047967910766602e-01
9.159457087516784668e-01
9.080832004547119141e-01
7.679806947708129883e-01
9.277125000953674316e-01
9.123374223709106445e-01
9.213988184928894043e-01
8.566620349884033203e-01
9.276835918426513672e-01
9.301557540893554688e-01
8.565645217895507812e-01
9.527636766433715820e-01
9.343220591545104980e-01
9.265975952148437500e-01
9.326100349426269531e-01
9.505528211593627930e-01
9.657806754112243652e-01
9.660090804100036621e-01
9.457589983940124512e-01
9.431130886077880859e-01
9.019294977188110352e-01
8.465649485588073730e-01
9.638740420341491699e-01
9.342024326324462891e-01
9.638912677764892578e-01
8.601164817810058594e-01
9.403816461563110352e-01
9.726327657699584961e-01
9.559930562973022461e-01
7.804301977157592773e-01
9.706529378890991211e-01
9.621362686157226562e-01
-9.899900000000000000e+04
9.626985788345336914e-01
9.787582159042358398e-01
9.854202866554260254e-01
