6.225892305374145508e-01
6.358127593994140625e-01
6.406359076499938965e-01
6.632860302925109863e-01
6.627352833747863770e-01
6.676552295684814453e-01
6.616687774658203125e-01
6.678663492202758789e-01
6.592803001403808594e-01
6.617267727851867676e-01
6.639269590377807617e-01
6.598390936851501465e-01
6.678974032402038574e-01
6.533682942390441895e-01
6.688993573188781738e-01
6.849688887596130371e-01
6.809154748916625977e-01
6.735684275627136230e-01
6.753183007240295410e-01
6.806299686431884766e-01
6.811931729316711426e-01
6.750268340110778809e-01
6.510673165321350098e-01
6.922023892402648926e-01
7.060412764549255371e-01
6.925680041313171387e-01
6.933497786521911621e-01
6.890015006065368652e-01
6.988062858581542969e-01
6.948990821838378906e-01
6.864455342292785645e-01
6.975577473640441895e-01
7.045224905014038086e-01
6.902403831481933594e-01
6.992788314819335938e-01
7.039820551872253418e-01
6.940272450447082520e-01
6.952646374702453613e-01
6.993525028228759766e-01
7.090047001838684082e-01
7.016214132308959961e-01
7.170026898384094238e-01
6.985709071159362793e-01
6.897091269493103027e-01
7.068717479705810547e-01
7.004412412643432617e-01
6.893006563186645508e-01
7.059271335601806641e-01
7.150431275367736816e-01
7.004880905151367188e-01
6.971965432167053223e-01
6.918127536773681641e-01
6.997139453887939453e-01
7.166299819946289062e-01
7.185232043266296387e-01
7.094824910163879395e-01
6.987487077713012695e-01
7.059174180030822754e-01
6.901988387107849121e-01
6.940503716468811035e-01
7.161322832107543945e-01
7.345696687698364258e-01
7.145667076110839844e-01
7.108276486396789551e-01
7.335677146911621094e-01
7.370340824127197266e-01
7.372185587882995605e-01
7.324588298797607422e-01
7.274324893951416016e-01
7.427191734313964844e-01
7.386153936386108398e-01
7.504101395606994629e-01
7.330237030982971191e-01
7.266104221343994141e-01
7.321647405624389648e-01
7.360958456993103027e-01
7.245833873748779297e-01
7.419550418853759766e-01
7.404470443725585938e-01
7.346939444541931152e-01
7.361778616905212402e-01
7.506372332572937012e-01
7.415691018104553223e-01
7.142989635467529297e-01
7.745583653450012207e-01
7.692978382110595703e-01
7.575265765190124512e-01
7.672210335731506348e-01
7.854186296463012695e-01
7.758311033248901367e-01
7.741952538490295410e-01
7.894987463951110840e-01
7.792368531227111816e-01
7.949865460395812988e-01
7.692497372627258301e-01
7.833182811737060547e-01
7.845879793167114258e-01
7.858552336692810059e-01
7.903534770011901855e-01
7.708184123039245605e-01
7.863701581954956055e-01
7.713337540626525879e-01
7.967395782470703125e-01
7.940574288368225098e-01
7.796722054481506348e-01
8.117276430130004883e-01
7.897385358810424805e-01
7.986797690391540527e-01
7.903923988342285156e-01
8.209097385406494141e-01
7.877673506736755371e-01
8.137719631195068359e-01
8.017371892929077148e-01
7.958233952522277832e-01
7.931456565856933594e-01
8.170635104179382324e-01
8.170604109764099121e-01
8.399100899696350098e-01
8.034102916717529297e-01
8.231850266456604004e-01
8.221079707145690918e-01
8.433358669281005859e-01
8.512483239173889160e-01
8.487684130668640137e-01
7.791103124618530273e-01
8.581618666648864746e-01
8.586952090263366699e-01
8.489363789558410645e-01
8.356662392616271973e-01
8.631733655929565430e-01
7.873318195343017578e-01
8.367311954498291016e-01
8.449787497520446777e-01
8.606097698211669922e-01
8.702456355094909668e-01
8.728458881378173828e-01
8.744382858276367188e-01
8.521614074707031250e-01
8.754233717918395996e-01
8.778932690620422363e-01
8.837476372718811035e-01
8.884892463684082031e-01
8.788368105888366699e-01
8.747808337211608887e-01
8.792149424552917480e-01
8.924057483673095703e-01
8.910615444183349609e-01
8.839070796966552734e-01
8.736094236373901367e-01
9.046154618263244629e-01
8.730731010437011719e-01
8.503139615058898926e-01
8.969157934188842773e-01
8.925327062606811523e-01
8.915576934814453125e-01
8.660972118377685547e-01
9.236296415328979492e-01
8.915060758590698242e-01
9.169347882270812988e-01
8.788744807243347168e-01
9.081635475158691406e-01
9.031108617782592773e-01
8.975096344947814941e-01
9.193109869956970215e-01
9.153405427932739258e-01
9.249582886695861816e-01
9.008065462112426758e-01
8.459846377372741699e-01
9.239658117294311523e-01
9.206479191780090332e-01
8.226904273033142090e-01
9.057989120483398438e-01
9.242203235626220703e-01
9.385988712310791016e-01
9.555864930152893066e-01
9.346940517425537109e-01
9.422451257705688477e-01
7.957698702812194824e-01
9.525395035743713379e-01
7.711889147758483887e-01
9.461389780044555664e-01
8.878218531608581543e-01
9.290342330932617188e-01
9.120823144912719727e-01
9.409082531929016113e-01
9.439809918403625488e-01
9.359910488128662109e-01
9.523562192916870117e-01
8.491228818893432617e-01
9.167041778564453125e-01
9.398863315582275391e-01
9.687669277191162109e-01
9.590326547622680664e-01
9.773526191711425781e-01
9.804226160049438477e-01
9.765840172767639160e-01
9.747429490089416504e-01
9.713340997695922852e-01
9.811187982559204102e-01
9.783939123153686523e-01
9.839425086975097656e-01
9.750282168388366699e-01
-9.899900000000000000e+04
9.827303290367126465e-01
1.019302487373352051e+00
9.766736626625061035e-01
9.749401211738586426e-01
-9.899900000000000000e+04
-9.899900000000000000e+04
9.980090260505676270e-01
-9.899900000000000000e+04
-9.899900000000000000e+04
9.626624584197998047e-01
9.833337664604187012e-01
-9.899900000000000000e+04
-9.899900000000000000e+04
-9.899900000000000000e+04
-9.899900000000000000e+04
8.427098989486694336e-01
-9.899900000000000000e+04
-9.899900000000000000e+04
-9.899900000000000000e+04
-9.899900000000000000e+04
-9.899900000000000000e+04
1.000460863113403320e+00
-9.899900000000000000e+04
