6.225892305374145508e-01
6.358127593994140625e-01
6.412144899368286133e-01
6.606395840644836426e-01
6.476992368698120117e-01
6.503523588180541992e-01
6.613437533378601074e-01
6.703080534934997559e-01
6.590787768363952637e-01
6.654602885246276855e-01
6.664795279502868652e-01
6.636283397674560547e-01
6.710210442543029785e-01
6.659889221191406250e-01
6.657516956329345703e-01
6.849688887596130371e-01
6.765583157539367676e-01
6.717467904090881348e-01
6.750097870826721191e-01
6.883132457733154297e-01
6.822868585586547852e-01
6.750973463058471680e-01
6.840452551841735840e-01
7.001656293869018555e-01
6.923391222953796387e-01
6.974252462387084961e-01
7.022464275360107422e-01
7.043316960334777832e-01
6.877900362014770508e-01
6.901693344116210938e-01
7.059190869331359863e-01
6.907146573066711426e-01
7.045224905014038086e-01
6.858384013175964355e-01
6.920434832572937012e-01
6.937671303749084473e-01
7.003414034843444824e-01
6.952646374702453613e-01
6.980406641960144043e-01
7.116122245788574219e-01
7.080223560333251953e-01
7.052692770957946777e-01
7.037900090217590332e-01
6.942784190177917480e-01
7.118631601333618164e-01
7.149046063423156738e-01
7.071505188941955566e-01
7.046808600425720215e-01
7.148600220680236816e-01
6.901376247406005859e-01
6.994782090187072754e-01
6.836832165718078613e-01
7.138414978981018066e-01
7.149350643157958984e-01
7.185923457145690918e-01
7.182013988494873047e-01
7.176812887191772461e-01
7.231230735778808594e-01
6.987426877021789551e-01
7.272065281867980957e-01
7.086256146430969238e-01
7.060152888298034668e-01
7.317413091659545898e-01
7.041214704513549805e-01
7.334223985671997070e-01
7.320702075958251953e-01
7.260403037071228027e-01
7.300663590431213379e-01
7.395769953727722168e-01
7.380234599113464355e-01
7.232215404510498047e-01
7.294807434082031250e-01
7.256002426147460938e-01
7.499098181724548340e-01
7.222531437873840332e-01
7.319305539131164551e-01
7.416696548461914062e-01
7.581564188003540039e-01
7.620695829391479492e-01
7.370988726615905762e-01
7.193391919136047363e-01
7.352374196052551270e-01
7.655445337295532227e-01
7.590622901916503906e-01
7.779155969619750977e-01
7.579206824302673340e-01
7.829991579055786133e-01
7.841788530349731445e-01
7.288748621940612793e-01
7.750015258789062500e-01
7.804092168807983398e-01
7.780051827430725098e-01
7.987013459205627441e-01
7.753921151161193848e-01
7.789081335067749023e-01
7.660849094390869141e-01
7.738292217254638672e-01
7.738979458808898926e-01
7.795937061309814453e-01
7.748510837554931641e-01
7.817496061325073242e-01
7.741103768348693848e-01
8.019192218780517578e-01
7.692648172378540039e-01
8.086978197097778320e-01
8.085488080978393555e-01
7.939321994781494141e-01
7.847849130630493164e-01
8.114255070686340332e-01
8.003246784210205078e-01
7.862167954444885254e-01
8.051040768623352051e-01
8.143516778945922852e-01
8.083178997039794922e-01
8.361703157424926758e-01
8.205140233039855957e-01
8.164264559745788574e-01
8.367101550102233887e-01
8.257213234901428223e-01
8.430029153823852539e-01
8.502562046051025391e-01
8.494046330451965332e-01
8.489515185356140137e-01
8.521613478660583496e-01
8.606900572776794434e-01
8.456543087959289551e-01
8.724218010902404785e-01
8.535444736480712891e-01
8.649071455001831055e-01
8.622944355010986328e-01
8.288756012916564941e-01
8.495876789093017578e-01
8.750102519989013672e-01
8.574041128158569336e-01
8.582575917243957520e-01
8.749780058860778809e-01
8.835059404373168945e-01
8.618748188018798828e-01
8.570887446403503418e-01
8.766308426856994629e-01
8.097141981124877930e-01
8.414660096168518066e-01
8.902914524078369141e-01
8.883674144744873047e-01
8.985401391983032227e-01
8.039566874504089355e-01
9.097070693969726562e-01
9.149806499481201172e-01
9.040073156356811523e-01
8.661082386970520020e-01
8.409230709075927734e-01
9.063675403594970703e-01
9.074755907058715820e-01
8.884835839271545410e-01
9.041143655776977539e-01
9.070484638214111328e-01
8.556962609291076660e-01
8.983842730522155762e-01
8.721065521240234375e-01
8.835477232933044434e-01
8.933876156806945801e-01
9.066831469535827637e-01
8.727224469184875488e-01
9.279608130455017090e-01
8.821465373039245605e-01
9.276670813560485840e-01
9.275370240211486816e-01
9.162671566009521484e-01
9.259162545204162598e-01
9.251511096954345703e-01
9.289231896400451660e-01
9.185538291931152344e-01
9.206169843673706055e-01
8.672432899475097656e-01
9.161377549171447754e-01
9.410525560379028320e-01
9.554299712181091309e-01
8.167853951454162598e-01
8.770296573638916016e-01
9.111559391021728516e-01
9.704279899597167969e-01
9.529987573623657227e-01
9.567624330520629883e-01
9.359861016273498535e-01
9.732339382171630859e-01
9.514307975769042969e-01
9.655902385711669922e-01
9.842664003372192383e-01
9.482305049896240234e-01
9.585194587707519531e-01
9.651920199394226074e-01
9.643451571464538574e-01
9.601684808731079102e-01
-9.899900000000000000e+04
9.646624326705932617e-01
9.826173186302185059e-01
8.462908864021301270e-01
9.741030335426330566e-01
-9.899900000000000000e+04
9.938634037971496582e-01
9.749211072921752930e-01
9.748951196670532227e-01
9.991796016693115234e-01
8.735252022743225098e-01
8.505308032035827637e-01
-9.899900000000000000e+04
1.000996947288513184e+00
-9.899900000000000000e+04
-9.899900000000000000e+04
-9.899900000000000000e+04
-9.899900000000000000e+04
9.066267013549804688e-01
