6.309524774551391602e-01
6.257067918777465820e-01
6.402796506881713867e-01
6.595162153244018555e-01
6.455930471420288086e-01
6.503523588180541992e-01
6.616687774658203125e-01
6.678663492202758789e-01
6.592803001403808594e-01
6.673698425292968750e-01
6.664795279502868652e-01
6.636283397674560547e-01
6.633976101875305176e-01
6.547865271568298340e-01
6.808091402053833008e-01
6.734188199043273926e-01
6.750710010528564453e-01
6.710654497146606445e-01
6.763575077056884766e-01
6.819898486137390137e-01
6.747629046440124512e-01
6.802825331687927246e-01
6.810171008110046387e-01
6.878223419189453125e-01
6.969578266143798828e-01
6.980926394462585449e-01
6.947360038757324219e-01
7.027965784072875977e-01
6.843441128730773926e-01
7.054787278175354004e-01
6.902094483375549316e-01
7.080256938934326172e-01
6.870533227920532227e-01
6.953520178794860840e-01
6.933560371398925781e-01
6.957291364669799805e-01
6.987966299057006836e-01
6.954494118690490723e-01
7.092423439025878906e-01
7.130557894706726074e-01
6.932061910629272461e-01
7.053254842758178711e-01
7.044302821159362793e-01
7.012672424316406250e-01
7.039046287536621094e-01
7.160515785217285156e-01
7.017933130264282227e-01
7.066541314125061035e-01
7.150050401687622070e-01
6.904920935630798340e-01
7.162271142005920410e-01
7.250177264213562012e-01
7.006199359893798828e-01
7.173796296119689941e-01
7.128688097000122070e-01
7.225968241691589355e-01
7.032907009124755859e-01
7.120923995971679688e-01
6.948111057281494141e-01
7.055393457412719727e-01
7.165400385856628418e-01
7.314776778221130371e-01
7.291567921638488770e-01
7.291975021362304688e-01
7.224423289299011230e-01
7.254985570907592773e-01
7.235344648361206055e-01
7.233907580375671387e-01
7.418423295021057129e-01
7.419618368148803711e-01
7.249885797500610352e-01
7.511079907417297363e-01
7.371769547462463379e-01
7.453461885452270508e-01
7.211576104164123535e-01
7.390649318695068359e-01
7.508794069290161133e-01
7.545160651206970215e-01
7.382102608680725098e-01
7.450788617134094238e-01
7.530786991119384766e-01
7.630965709686279297e-01
7.600130438804626465e-01
7.649879455566406250e-01
7.632931470870971680e-01
7.730000019073486328e-01
7.753509879112243652e-01
7.800439596176147461e-01
7.466101050376892090e-01
7.596189379692077637e-01
7.874156236648559570e-01
7.804147601127624512e-01
7.770845293998718262e-01
7.783033847808837891e-01
7.971222996711730957e-01
7.874493002891540527e-01
7.576180696487426758e-01
7.648653388023376465e-01
7.910136580467224121e-01
7.929258942604064941e-01
7.908260822296142578e-01
8.025317788124084473e-01
7.674769759178161621e-01
8.010270595550537109e-01
8.061423897743225098e-01
7.875966429710388184e-01
7.751933336257934570e-01
7.826495170593261719e-01
7.781540751457214355e-01
7.723860144615173340e-01
8.112253546714782715e-01
7.860012054443359375e-01
8.105306029319763184e-01
7.752591371536254883e-01
8.045210838317871094e-01
8.145222663879394531e-01
8.229474425315856934e-01
8.310176730155944824e-01
8.355940580368041992e-01
8.543058633804321289e-01
8.189869523048400879e-01
8.452138304710388184e-01
8.535069823265075684e-01
8.479214310646057129e-01
8.279191255569458008e-01
8.603212237358093262e-01
8.501780033111572266e-01
8.457671403884887695e-01
8.484219908714294434e-01
8.645536899566650391e-01
8.506380915641784668e-01
8.346697092056274414e-01
8.781509399414062500e-01
8.770212531089782715e-01
8.718342781066894531e-01
8.790672421455383301e-01
8.723859190940856934e-01
8.576741218566894531e-01
8.848780393600463867e-01
8.776547908782958984e-01
8.760211467742919922e-01
8.830702900886535645e-01
8.651403784751892090e-01
8.658576011657714844e-01
8.899848461151123047e-01
8.868275284767150879e-01
8.932902812957763672e-01
8.978447914123535156e-01
8.872643113136291504e-01
8.943695425987243652e-01
8.897979259490966797e-01
8.531362414360046387e-01
8.785555362701416016e-01
8.990700840950012207e-01
8.825775980949401855e-01
8.867569565773010254e-01
8.960706591606140137e-01
9.254603385925292969e-01
9.113517403602600098e-01
9.064782261848449707e-01
9.145833849906921387e-01
8.489246964454650879e-01
9.264900088310241699e-01
9.191958904266357422e-01
9.142716526985168457e-01
9.025430679321289062e-01
8.982154130935668945e-01
9.237124323844909668e-01
7.914127707481384277e-01
8.442254662513732910e-01
8.748530149459838867e-01
9.497125148773193359e-01
9.209110140800476074e-01
9.164918661117553711e-01
9.328049421310424805e-01
9.455872774124145508e-01
9.370090961456298828e-01
9.320603609085083008e-01
9.388038516044616699e-01
9.395595192909240723e-01
9.449670910835266113e-01
9.529340267181396484e-01
8.787275552749633789e-01
9.577993154525756836e-01
9.653295278549194336e-01
9.475978016853332520e-01
8.928691148757934570e-01
9.626415371894836426e-01
7.944476604461669922e-01
9.722992777824401855e-01
9.326496720314025879e-01
9.882082343101501465e-01
9.827731847763061523e-01
9.671064615249633789e-01
9.488769173622131348e-01
8.494000434875488281e-01
9.696549773216247559e-01
9.717304110527038574e-01
9.571676850318908691e-01
9.721065759658813477e-01
9.790452122688293457e-01
9.911174178123474121e-01
9.725255370140075684e-01
9.849385619163513184e-01
9.932647347450256348e-01
-9.899900000000000000e+04
9.904069304466247559e-01
9.665692448616027832e-01
-9.899900000000000000e+04
-9.899900000000000000e+04
-9.899900000000000000e+04
9.806194901466369629e-01
9.246567487716674805e-01
-9.899900000000000000e+04
-9.899900000000000000e+04
1.004120826721191406e+00
-9.899900000000000000e+04
9.734540581703186035e-01
1.000318288803100586e+00
9.732258319854736328e-01
-9.899900000000000000e+04
-9.899900000000000000e+04
-9.899900000000000000e+04
-9.899900000000000000e+04
-9.899900000000000000e+04
-9.899900000000000000e+04
-9.899900000000000000e+04
-9.899900000000000000e+04
-9.899900000000000000e+04
9.645586013793945312e-01
9.000006318092346191e-01
-9.899900000000000000e+04
8.466030359268188477e-01
-9.899900000000000000e+04
-9.899900000000000000e+04
