6.225892305374145508e-01
6.358127593994140625e-01
6.402796506881713867e-01
6.632860302925109863e-01
6.627352833747863770e-01
6.676552295684814453e-01
6.548080444335937500e-01
6.710209250450134277e-01
6.592803001403808594e-01
6.655529737472534180e-01
6.664795279502868652e-01
6.598390936851501465e-01
6.751718521118164062e-01
6.770243048667907715e-01
6.695140600204467773e-01
6.690617203712463379e-01
6.750710010528564453e-01
6.876502633094787598e-01
6.668014526367187500e-01
6.843210458755493164e-01
6.753231287002563477e-01
6.802825331687927246e-01
6.518429517745971680e-01
7.011625170707702637e-01
7.060412764549255371e-01
6.932350397109985352e-01
7.028447985649108887e-01
6.916248798370361328e-01
7.032768130302429199e-01
6.776729822158813477e-01
6.940954327583312988e-01
6.891896724700927734e-01
6.987777352333068848e-01
6.854333281517028809e-01
6.941215991973876953e-01
6.825507879257202148e-01
7.008129358291625977e-01
7.064615488052368164e-01
7.089041471481323242e-01
7.084788680076599121e-01
6.627318859100341797e-01
7.019870877265930176e-01
7.011026740074157715e-01
7.026267647743225098e-01
7.123273611068725586e-01
7.079415917396545410e-01
7.124000191688537598e-01
7.060096263885498047e-01
7.100890874862670898e-01
7.105173468589782715e-01
7.033053636550903320e-01
7.027150988578796387e-01
7.178531289100646973e-01
7.056397795677185059e-01
7.201272845268249512e-01
7.069903612136840820e-01
7.076331377029418945e-01
6.953796744346618652e-01
7.113288640975952148e-01
7.162967324256896973e-01
7.158794999122619629e-01
7.134301662445068359e-01
7.103980779647827148e-01
7.319000959396362305e-01
7.322577834129333496e-01
6.994443535804748535e-01
7.380144596099853516e-01
7.348386049270629883e-01
7.307128906250000000e-01
7.411208152770996094e-01
7.268632650375366211e-01
7.313604354858398438e-01
7.240012884140014648e-01
7.469586133956909180e-01
7.593858242034912109e-01
7.335269451141357422e-01
7.662397027015686035e-01
7.290059924125671387e-01
7.256057262420654297e-01
7.309530377388000488e-01
7.610454559326171875e-01
7.623379230499267578e-01
7.730813622474670410e-01
7.452688813209533691e-01
7.831038832664489746e-01
7.771465778350830078e-01
7.751916050910949707e-01
7.806025147438049316e-01
7.821689248085021973e-01
7.786602973937988281e-01
7.858588695526123047e-01
7.834038734436035156e-01
7.627280950546264648e-01
7.837666869163513184e-01
7.941550016403198242e-01
7.790477275848388672e-01
7.885282635688781738e-01
7.972534298896789551e-01
7.899116277694702148e-01
7.645400762557983398e-01
7.947288155555725098e-01
7.681974768638610840e-01
7.747545838356018066e-01
8.016359806060791016e-01
7.992586493492126465e-01
8.044736385345458984e-01
8.084610104560852051e-01
7.991092205047607422e-01
7.930510640144348145e-01
7.837288379669189453e-01
8.032458424568176270e-01
8.195207118988037109e-01
8.058449625968933105e-01
8.098208308219909668e-01
8.292204141616821289e-01
8.050286173820495605e-01
7.998373508453369141e-01
8.216813802719116211e-01
8.067648410797119141e-01
7.807517647743225098e-01
8.261985182762145996e-01
8.333286046981811523e-01
8.482424020767211914e-01
8.365756869316101074e-01
8.457991480827331543e-01
8.641781806945800781e-01
8.574630022048950195e-01
8.542502522468566895e-01
8.590614795684814453e-01
8.613816499710083008e-01
8.573324084281921387e-01
8.630641102790832520e-01
8.520630002021789551e-01
8.789212703704833984e-01
8.690519332885742188e-01
8.725278973579406738e-01
8.359801769256591797e-01
8.642756938934326172e-01
7.781784534454345703e-01
8.845325708389282227e-01
8.860638141632080078e-01
8.738864660263061523e-01
8.643018603324890137e-01
9.044113755226135254e-01
8.838104605674743652e-01
8.960928916931152344e-01
8.977432250976562500e-01
8.904074430465698242e-01
8.929493427276611328e-01
8.879159092903137207e-01
9.090962409973144531e-01
8.811411857604980469e-01
8.753619790077209473e-01
8.997224569320678711e-01
9.201756715774536133e-01
9.047375917434692383e-01
8.968005776405334473e-01
9.104831814765930176e-01
9.081155061721801758e-01
9.150496125221252441e-01
9.170555472373962402e-01
8.616126775741577148e-01
9.338112473487854004e-01
8.835120797157287598e-01
9.171097874641418457e-01
9.042267203330993652e-01
8.998276591300964355e-01
9.111294150352478027e-01
9.224634170532226562e-01
9.337615966796875000e-01
9.345570206642150879e-01
9.196756482124328613e-01
8.961607813835144043e-01
9.671257734298706055e-01
9.346037507057189941e-01
9.144235253334045410e-01
9.457056522369384766e-01
9.176374673843383789e-01
9.404442906379699707e-01
9.239231944084167480e-01
8.463810682296752930e-01
8.868172764778137207e-01
9.773796200752258301e-01
8.951160311698913574e-01
9.697968959808349609e-01
9.294482469558715820e-01
9.737073779106140137e-01
9.752880334854125977e-01
9.887493252754211426e-01
9.875010251998901367e-01
9.609222412109375000e-01
8.295726180076599121e-01
9.797524213790893555e-01
9.803858995437622070e-01
9.744432568550109863e-01
9.743036031723022461e-01
8.394418954849243164e-01
9.572338461875915527e-01
9.562555551528930664e-01
9.674545526504516602e-01
9.911537170410156250e-01
9.843684434890747070e-01
