6.309524774551391602e-01
6.257067918777465820e-01
6.412144899368286133e-01
6.632860302925109863e-01
6.470496654510498047e-01
6.676552295684814453e-01
6.557057499885559082e-01
6.678663492202758789e-01
6.592803001403808594e-01
6.806339025497436523e-01
6.664795279502868652e-01
6.801465153694152832e-01
6.676720976829528809e-01
6.568657159805297852e-01
6.657516956329345703e-01
6.695431470870971680e-01
6.765583157539367676e-01
6.710654497146606445e-01
6.686673164367675781e-01
6.926084160804748535e-01
6.755523085594177246e-01
6.810644865036010742e-01
6.810171008110046387e-01
6.884498596191406250e-01
6.917254328727722168e-01
6.974731683731079102e-01
7.026354074478149414e-01
6.890015006065368652e-01
6.996704936027526855e-01
6.875993609428405762e-01
6.930751800537109375e-01
6.945180296897888184e-01
6.926338076591491699e-01
6.951933503150939941e-01
6.919946074485778809e-01
6.928925514221191406e-01
7.000192999839782715e-01
6.992508769035339355e-01
6.979346275329589844e-01
7.002582550048828125e-01
7.057657241821289062e-01
7.118548750877380371e-01
7.144544720649719238e-01
7.118294239044189453e-01
7.155688405036926270e-01
6.971011757850646973e-01
7.090253233909606934e-01
7.233583927154541016e-01
7.068583965301513672e-01
7.031928896903991699e-01
7.108892202377319336e-01
7.137948870658874512e-01
7.068175673484802246e-01
7.163907885551452637e-01
7.062474489212036133e-01
7.075044512748718262e-01
6.975899338722229004e-01
7.136296629905700684e-01
7.254125475883483887e-01
7.012065649032592773e-01
7.344985008239746094e-01
7.205848693847656250e-01
7.290933132171630859e-01
7.299442291259765625e-01
7.227837443351745605e-01
7.374877333641052246e-01
7.360872626304626465e-01
7.389401793479919434e-01
7.173708677291870117e-01
7.241881489753723145e-01
7.294595837593078613e-01
7.497113943099975586e-01
7.288012504577636719e-01
7.366788983345031738e-01
7.626751661300659180e-01
7.490014433860778809e-01
7.216427326202392578e-01
7.591260671615600586e-01
7.431456446647644043e-01
7.374357581138610840e-01
7.474089860916137695e-01
7.385049462318420410e-01
7.771958708763122559e-01
7.789570093154907227e-01
7.377316951751708984e-01
7.777807116508483887e-01
7.652794718742370605e-01
7.877410650253295898e-01
7.917100787162780762e-01
7.766079902648925781e-01
7.650222778320312500e-01
7.876223325729370117e-01
7.826776504516601562e-01
7.740641236305236816e-01
7.755966782569885254e-01
8.000912666320800781e-01
7.995316386222839355e-01
7.840276956558227539e-01
7.848032116889953613e-01
7.942260503768920898e-01
8.023432493209838867e-01
7.771967649459838867e-01
8.013739585876464844e-01
7.630516886711120605e-01
7.999045252799987793e-01
7.826824188232421875e-01
7.737721204757690430e-01
8.061225414276123047e-01
7.888128757476806641e-01
8.032128810882568359e-01
7.970819473266601562e-01
8.077245354652404785e-01
8.136482834815979004e-01
8.132784962654113770e-01
8.202990293502807617e-01
8.251236677169799805e-01
8.140632510185241699e-01
8.277553915977478027e-01
8.261228203773498535e-01
8.527657389640808105e-01
8.216951489448547363e-01
8.277717232704162598e-01
8.482420444488525391e-01
8.466809988021850586e-01
8.517328500747680664e-01
8.052493929862976074e-01
8.497917652130126953e-01
8.564758896827697754e-01
8.430133461952209473e-01
8.540627956390380859e-01
8.516544699668884277e-01
8.706703186035156250e-01
8.727829456329345703e-01
8.668498992919921875e-01
8.333575129508972168e-01
8.686553239822387695e-01
8.731772899627685547e-01
8.875476121902465820e-01
8.844970464706420898e-01
8.876299262046813965e-01
8.770506381988525391e-01
8.849892020225524902e-01
8.899118304252624512e-01
8.470124602317810059e-01
8.709398508071899414e-01
8.907228112220764160e-01
8.813232183456420898e-01
8.988966345787048340e-01
8.736265897750854492e-01
8.853870034217834473e-01
9.088592529296875000e-01
8.910654783248901367e-01
9.037334322929382324e-01
8.877053260803222656e-01
9.091509580612182617e-01
9.164165854454040527e-01
8.849707841873168945e-01
9.175525903701782227e-01
7.805933952331542969e-01
8.904597759246826172e-01
8.835131525993347168e-01
9.144083857536315918e-01
9.181331396102905273e-01
9.092341661453247070e-01
9.255065321922302246e-01
7.801198363304138184e-01
8.431216478347778320e-01
9.307948350906372070e-01
9.142764210700988770e-01
9.176834821701049805e-01
9.228911399841308594e-01
9.334605336189270020e-01
9.439490437507629395e-01
9.296838641166687012e-01
9.112123847007751465e-01
9.365254044532775879e-01
9.445407986640930176e-01
8.237583637237548828e-01
9.338716864585876465e-01
8.903756737709045410e-01
9.081359505653381348e-01
7.974958419799804688e-01
7.720696330070495605e-01
7.245762944221496582e-01
9.366473555564880371e-01
8.003254532814025879e-01
9.155838489532470703e-01
8.410153985023498535e-01
-9.899900000000000000e+04
9.687545895576477051e-01
9.625556468963623047e-01
9.286486506462097168e-01
9.783979058265686035e-01
9.463967084884643555e-01
9.806953668594360352e-01
9.946210980415344238e-01
9.650330543518066406e-01
9.756799936294555664e-01
9.978735446929931641e-01
9.151504635810852051e-01
9.750903844833374023e-01
8.153738975524902344e-01
8.852310180664062500e-01
9.656229615211486816e-01
-9.899900000000000000e+04
9.291574954986572266e-01
7.975143194198608398e-01
