6.225892305374145508e-01
6.257067918777465820e-01
6.562239527702331543e-01
6.476886868476867676e-01
6.476992368698120117e-01
6.490440964698791504e-01
6.723116040229797363e-01
6.678663492202758789e-01
6.734914183616638184e-01
6.637250781059265137e-01
6.752379536628723145e-01
6.650627255439758301e-01
6.681141257286071777e-01
6.711479425430297852e-01
6.657516956329345703e-01
6.715213656425476074e-01
6.701728701591491699e-01
6.673178076744079590e-01
6.878682374954223633e-01
6.757357120513916016e-01
6.881055235862731934e-01
6.842587590217590332e-01
6.799424290657043457e-01
6.934551596641540527e-01
7.024981975555419922e-01
7.018926143646240234e-01
6.893593072891235352e-01
7.003745436668395996e-01
6.843441128730773926e-01
6.918540596961975098e-01
6.917235255241394043e-01
6.921018958091735840e-01
6.915193796157836914e-01
6.921889781951904297e-01
6.912685632705688477e-01
6.976695656776428223e-01
7.006449103355407715e-01
6.952646374702453613e-01
7.032983899116516113e-01
7.162116169929504395e-01
7.075406312942504883e-01
7.054046392440795898e-01
7.142788767814636230e-01
7.037679553031921387e-01
7.055399417877197266e-01
6.966837644577026367e-01
7.060338854789733887e-01
7.138652205467224121e-01
7.092024087905883789e-01
7.037509679794311523e-01
7.100015282630920410e-01
7.134450078010559082e-01
7.085867524147033691e-01
7.035499215126037598e-01
7.038068175315856934e-01
7.058244347572326660e-01
6.851059198379516602e-01
6.924419403076171875e-01
6.963894367218017578e-01
7.263484597206115723e-01
7.337032556533813477e-01
7.272220253944396973e-01
7.258327603340148926e-01
7.286611199378967285e-01
7.231293916702270508e-01
7.354292869567871094e-01
7.260503768920898438e-01
7.344510555267333984e-01
7.280519008636474609e-01
7.316503524780273438e-01
7.415856719017028809e-01
7.427454590797424316e-01
7.505233883857727051e-01
7.268776297569274902e-01
7.400448322296142578e-01
7.488831281661987305e-01
7.370450496673583984e-01
7.518453001976013184e-01
7.198018431663513184e-01
7.553341388702392578e-01
7.253425121307373047e-01
7.181901335716247559e-01
7.736307382583618164e-01
7.640559077262878418e-01
7.692821621894836426e-01
7.338141202926635742e-01
7.820778489112854004e-01
7.847927212715148926e-01
7.716953754425048828e-01
7.505987882614135742e-01
7.867415547370910645e-01
7.667453885078430176e-01
7.822620868682861328e-01
7.802861928939819336e-01
7.892898917198181152e-01
7.779239416122436523e-01
7.623636722564697266e-01
7.942761182785034180e-01
7.657393217086791992e-01
7.779502868652343750e-01
7.715766429901123047e-01
7.668274044990539551e-01
7.759252786636352539e-01
8.052711486816406250e-01
7.979518771171569824e-01
7.953040003776550293e-01
8.084386587142944336e-01
8.065950870513916016e-01
7.910965681076049805e-01
8.119788169860839844e-01
7.982928752899169922e-01
7.943936586380004883e-01
8.070421218872070312e-01
8.158798813819885254e-01
8.221554160118103027e-01
8.031688332557678223e-01
8.322704434394836426e-01
8.351171016693115234e-01
8.349083065986633301e-01
8.344830274581909180e-01
8.543586730957031250e-01
8.428150415420532227e-01
8.628379702568054199e-01
8.619093298912048340e-01
7.907131314277648926e-01
8.545090556144714355e-01
8.441769480705261230e-01
8.631047010421752930e-01
8.647444248199462891e-01
8.430260419845581055e-01
8.476567864418029785e-01
8.672013282775878906e-01
8.533439636230468750e-01
8.634067773818969727e-01
8.464668989181518555e-01
8.712551593780517578e-01
7.984141111373901367e-01
8.968393206596374512e-01
8.752318620681762695e-01
8.710143566131591797e-01
8.699047565460205078e-01
8.657058477401733398e-01
8.769760727882385254e-01
8.879100084304809570e-01
8.900375962257385254e-01
9.012045264244079590e-01
8.916468024253845215e-01
8.949128985404968262e-01
8.932175636291503906e-01
8.960447311401367188e-01
9.108617305755615234e-01
9.035822153091430664e-01
8.840007781982421875e-01
8.707010746002197266e-01
9.002297520637512207e-01
9.133976101875305176e-01
9.100112915039062500e-01
9.020869135856628418e-01
9.159156084060668945e-01
9.058351516723632812e-01
9.216008782386779785e-01
8.384197354316711426e-01
9.190725088119506836e-01
9.300508499145507812e-01
8.993092775344848633e-01
9.286744594573974609e-01
9.138967394828796387e-01
8.973815441131591797e-01
8.758829832077026367e-01
9.347117543220520020e-01
9.072787165641784668e-01
9.292645454406738281e-01
9.317047595977783203e-01
9.340711236000061035e-01
8.136891722679138184e-01
9.204113483428955078e-01
9.126704931259155273e-01
9.252337217330932617e-01
9.399279952049255371e-01
9.300985336303710938e-01
9.553049802780151367e-01
9.527256488800048828e-01
7.219325900077819824e-01
9.408475160598754883e-01
8.963734507560729980e-01
9.444013833999633789e-01
9.474282264709472656e-01
9.375205636024475098e-01
9.797974824905395508e-01
9.304162263870239258e-01
9.583727717399597168e-01
9.915972352027893066e-01
9.484138488769531250e-01
9.441348314285278320e-01
8.391185998916625977e-01
8.468587398529052734e-01
9.554110765457153320e-01
9.740697741508483887e-01
9.666243791580200195e-01
9.793789386749267578e-01
9.436725378036499023e-01
9.774929285049438477e-01
-9.899900000000000000e+04
