6.225892305374145508e-01
6.517849564552307129e-01
6.388311982154846191e-01
6.632860302925109863e-01
6.469347476959228516e-01
6.468650102615356445e-01
6.616687774658203125e-01
6.678663492202758789e-01
6.592803001403808594e-01
6.793448328971862793e-01
6.644717454910278320e-01
6.636283397674560547e-01
6.678974032402038574e-01
6.519362330436706543e-01
6.669101715087890625e-01
6.744443178176879883e-01
6.809154748916625977e-01
6.863613128662109375e-01
6.686673164367675781e-01
6.838296055793762207e-01
6.876512169837951660e-01
6.898627877235412598e-01
6.752519607543945312e-01
6.826367378234863281e-01
6.984673738479614258e-01
6.893761157989501953e-01
7.026354074478149414e-01
6.931471824645996094e-01
6.982014775276184082e-01
6.945591568946838379e-01
6.870552301406860352e-01
7.012935280799865723e-01
6.974868178367614746e-01
6.888869404792785645e-01
7.019448876380920410e-01
6.945666670799255371e-01
6.957610249519348145e-01
6.986222863197326660e-01
7.049353122711181641e-01
7.157986760139465332e-01
7.057248950004577637e-01
6.902349591255187988e-01
7.148153781890869141e-01
7.012753486633300781e-01
7.025428414344787598e-01
7.121799588203430176e-01
7.146052122116088867e-01
7.097466588020324707e-01
7.152666449546813965e-01
7.148395776748657227e-01
7.154117226600646973e-01
7.123839855194091797e-01
6.910660266876220703e-01
7.029234766960144043e-01
6.920691728591918945e-01
7.072555422782897949e-01
6.865654587745666504e-01
6.924552321434020996e-01
7.259813547134399414e-01
7.148525118827819824e-01
7.337587475776672363e-01
7.350888252258300781e-01
7.146040797233581543e-01
7.318646907806396484e-01
7.228913903236389160e-01
7.380485534667968750e-01
7.229568958282470703e-01
7.274459004402160645e-01
7.275383472442626953e-01
7.121587991714477539e-01
7.242262959480285645e-01
7.336212396621704102e-01
7.316181659698486328e-01
7.424979209899902344e-01
7.401677966117858887e-01
7.421265244483947754e-01
7.214463949203491211e-01
7.588955760002136230e-01
7.505818009376525879e-01
7.536990642547607422e-01
7.464820742607116699e-01
7.681892514228820801e-01
7.442780137062072754e-01
7.659383416175842285e-01
7.499905824661254883e-01
7.775068283081054688e-01
7.755838036537170410e-01
7.616375088691711426e-01
7.722508907318115234e-01
7.777026891708374023e-01
7.672439217567443848e-01
7.664206027984619141e-01
7.793042063713073730e-01
7.839288115501403809e-01
7.731931805610656738e-01
7.583307027816772461e-01
7.963594794273376465e-01
7.850549221038818359e-01
7.975488901138305664e-01
7.767596244812011719e-01
7.779307961463928223e-01
7.900727987289428711e-01
7.961333394050598145e-01
8.034547567367553711e-01
7.728746533393859863e-01
8.077517747879028320e-01
7.922596335411071777e-01
8.014585971832275391e-01
7.435597777366638184e-01
7.978799343109130859e-01
8.043492436408996582e-01
8.097463846206665039e-01
8.112126588821411133e-01
8.072072267532348633e-01
8.107371330261230469e-01
7.783890962600708008e-01
8.340405821800231934e-01
8.282889723777770996e-01
8.345779776573181152e-01
8.259892463684082031e-01
8.117976188659667969e-01
8.478111624717712402e-01
8.523693680763244629e-01
8.440084457397460938e-01
8.587583899497985840e-01
8.422417640686035156e-01
8.542461991310119629e-01
8.547798991203308105e-01
8.541738390922546387e-01
8.545749187469482422e-01
8.480788469314575195e-01
8.594499230384826660e-01
8.579415082931518555e-01
8.710016608238220215e-01
8.747421503067016602e-01
8.780713677406311035e-01
8.756136894226074219e-01
8.478866815567016602e-01
8.652622699737548828e-01
8.766748309135437012e-01
8.890859484672546387e-01
8.496832847595214844e-01
8.790287375450134277e-01
8.999698758125305176e-01
8.826587796211242676e-01
9.021692276000976562e-01
8.944270014762878418e-01
8.779478073120117188e-01
8.731548786163330078e-01
8.764184713363647461e-01
8.913180828094482422e-01
8.962383866310119629e-01
9.113849401473999023e-01
8.986400365829467773e-01
9.043251276016235352e-01
9.022102355957031250e-01
9.021082520484924316e-01
9.114645719528198242e-01
8.688122034072875977e-01
9.120845198631286621e-01
9.150857925415039062e-01
9.169861078262329102e-01
8.910965919494628906e-01
9.221351742744445801e-01
9.223859906196594238e-01
9.196111559867858887e-01
9.223004579544067383e-01
9.316834807395935059e-01
9.340814948081970215e-01
9.089024066925048828e-01
9.238556623458862305e-01
9.318778514862060547e-01
9.278191924095153809e-01
9.278042912483215332e-01
9.444348216056823730e-01
7.399695515632629395e-01
9.455193281173706055e-01
9.233767390251159668e-01
9.485637545585632324e-01
9.364895224571228027e-01
9.289232492446899414e-01
9.507507681846618652e-01
9.663744568824768066e-01
9.517371058464050293e-01
9.553377032279968262e-01
9.592747688293457031e-01
9.739582538604736328e-01
9.211434721946716309e-01
8.503863215446472168e-01
9.784523844718933105e-01
9.599301815032958984e-01
8.413582444190979004e-01
9.477603435516357422e-01
9.892781376838684082e-01
9.612889885902404785e-01
8.617237210273742676e-01
9.672149419784545898e-01
7.341221570968627930e-01
9.780386090278625488e-01
8.468311429023742676e-01
9.782103896141052246e-01
9.762993454933166504e-01
9.814245104789733887e-01
9.545194506645202637e-01
9.402665495872497559e-01
-9.899900000000000000e+04
-9.899900000000000000e+04
9.913911819458007812e-01
9.266453385353088379e-01
9.744981527328491211e-01
1.014851570129394531e+00
9.677286148071289062e-01
9.879639148712158203e-01
-9.899900000000000000e+04
-9.899900000000000000e+04
6.947246193885803223e-01
9.017608761787414551e-01
9.716646671295166016e-01
-9.899900000000000000e+04
-9.899900000000000000e+04
-9.899900000000000000e+04
-9.899900000000000000e+04
-9.899900000000000000e+04
-9.899900000000000000e+04
-9.899900000000000000e+04
-9.899900000000000000e+04
-9.899900000000000000e+04
9.581857919692993164e-01
-9.899900000000000000e+04
-9.899900000000000000e+04
-9.899900000000000000e+04
-9.899900000000000000e+04
-9.899900000000000000e+04
8.977080583572387695e-01
-9.899900000000000000e+04
-9.899900000000000000e+04
-9.899900000000000000e+04
-9.899900000000000000e+04
-9.899900000000000000e+04
-9.899900000000000000e+04
-9.899900000000000000e+04
-9.899900000000000000e+04
-9.899900000000000000e+04
-9.899900000000000000e+04
-9.899900000000000000e+04
-9.899900000000000000e+04
-9.899900000000000000e+04
-9.899900000000000000e+04
-9.899900000000000000e+04
-9.899900000000000000e+04
-9.899900000000000000e+04
-9.899900000000000000e+04
8.014940023422241211e-01
-9.899900000000000000e+04
-9.899900000000000000e+04
