6.461329460144042969e-01
6.358127593994140625e-01
6.562239527702331543e-01
6.606395840644836426e-01
6.512370109558105469e-01
6.490440964698791504e-01
6.616687774658203125e-01
6.678663492202758789e-01
6.748499274253845215e-01
6.654602885246276855e-01
6.664795279502868652e-01
6.636283397674560547e-01
6.751718521118164062e-01
6.547865271568298340e-01
6.705845594406127930e-01
6.848675608634948730e-01
6.809154748916625977e-01
6.681502461433410645e-01
6.878682374954223633e-01
6.843210458755493164e-01
6.674628257751464844e-01
6.769244670867919922e-01
6.587352156639099121e-01
7.070810198783874512e-01
6.930550932884216309e-01
6.970321536064147949e-01
6.927559375762939453e-01
6.996856331825256348e-01
6.889561414718627930e-01
6.945591568946838379e-01
6.911118626594543457e-01
6.870106458663940430e-01
6.918962597846984863e-01
7.025691270828247070e-01
6.918588876724243164e-01
6.955252885818481445e-01
6.940272450447082520e-01
6.988803148269653320e-01
7.092423439025878906e-01
7.160250544548034668e-01
7.132812738418579102e-01
7.112235426902770996e-01
7.122830748558044434e-01
7.066874504089355469e-01
6.944494843482971191e-01
7.054484486579895020e-01
6.840461492538452148e-01
7.214711904525756836e-01
7.110878229141235352e-01
7.160654067993164062e-01
7.116354703903198242e-01
6.999032497406005859e-01
7.014247775077819824e-01
7.057186365127563477e-01
6.810983419418334961e-01
7.034302949905395508e-01
7.106347084045410156e-01
6.910712718963623047e-01
7.126237750053405762e-01
7.289490699768066406e-01
7.333220243453979492e-01
7.241579294204711914e-01
7.115734219551086426e-01
7.331911325454711914e-01
7.325568795204162598e-01
7.134906053543090820e-01
7.352559566497802734e-01
7.349257469177246094e-01
7.383455038070678711e-01
7.257057428359985352e-01
7.443816661834716797e-01
7.289660573005676270e-01
7.333079576492309570e-01
7.508094906806945801e-01
7.234325408935546875e-01
7.384570240974426270e-01
7.547873854637145996e-01
7.579538822174072266e-01
6.816689372062683105e-01
7.527847290039062500e-01
7.630008459091186523e-01
7.505341172218322754e-01
7.530243992805480957e-01
7.645488381385803223e-01
7.620514631271362305e-01
7.739931344985961914e-01
7.744808197021484375e-01
7.624055147171020508e-01
7.884116172790527344e-01
7.564198374748229980e-01
7.689018249511718750e-01
7.733421921730041504e-01
7.946062684059143066e-01
7.809307575225830078e-01
7.404639124870300293e-01
7.800651192665100098e-01
7.862493991851806641e-01
7.872252464294433594e-01
7.939494252204895020e-01
7.644559741020202637e-01
7.752647399902343750e-01
8.015944957733154297e-01
7.971423864364624023e-01
7.847899794578552246e-01
7.996082305908203125e-01
7.966044545173645020e-01
8.047764897346496582e-01
7.323360443115234375e-01
7.940216064453125000e-01
8.067087531089782715e-01
7.842437028884887695e-01
8.028445243835449219e-01
8.073295950889587402e-01
7.738389372825622559e-01
8.086137771606445312e-01
8.099214434623718262e-01
8.102672100067138672e-01
8.392469286918640137e-01
8.437587022781372070e-01
8.459137082099914551e-01
8.492963910102844238e-01
8.474676012992858887e-01
8.597403168678283691e-01
8.556790947914123535e-01
8.626779913902282715e-01
8.463295698165893555e-01
8.679946660995483398e-01
8.455559611320495605e-01
8.534387946128845215e-01
8.699955940246582031e-01
8.673136830329895020e-01
8.555143475532531738e-01
8.517049551010131836e-01
8.697171807289123535e-01
8.611095547676086426e-01
8.532583713531494141e-01
8.745039105415344238e-01
8.742420077323913574e-01
8.770119547843933105e-01
8.535176515579223633e-01
8.726659417152404785e-01
8.914766311645507812e-01
8.816718459129333496e-01
8.873271346092224121e-01
9.049544334411621094e-01
8.865621089935302734e-01
8.663416504859924316e-01
8.899304270744323730e-01
9.141402840614318848e-01
8.913875818252563477e-01
8.911077976226806641e-01
8.933263421058654785e-01
8.716633915901184082e-01
8.836618661880493164e-01
8.963657617568969727e-01
9.217624664306640625e-01
9.021651744842529297e-01
9.149590730667114258e-01
9.027364850044250488e-01
9.024155735969543457e-01
8.159893751144409180e-01
9.186649322509765625e-01
8.972303867340087891e-01
9.159532785415649414e-01
8.620385527610778809e-01
8.701427578926086426e-01
8.348657488822937012e-01
9.230018258094787598e-01
9.371081590652465820e-01
9.284281730651855469e-01
9.381957054138183594e-01
9.390875697135925293e-01
9.293067455291748047e-01
9.360600709915161133e-01
9.323201179504394531e-01
9.370058774948120117e-01
9.520019292831420898e-01
8.951279520988464355e-01
9.420806169509887695e-01
7.640771269798278809e-01
9.359606504440307617e-01
9.368343949317932129e-01
8.810337185859680176e-01
9.581097960472106934e-01
9.564155936241149902e-01
9.263810515403747559e-01
9.235250353813171387e-01
9.582608342170715332e-01
9.565029144287109375e-01
9.767544269561767578e-01
9.732006192207336426e-01
9.592478275299072266e-01
9.492315053939819336e-01
9.694033265113830566e-01
9.759444594383239746e-01
9.542970061302185059e-01
9.474167823791503906e-01
9.853994250297546387e-01
9.779006838798522949e-01
9.509078264236450195e-01
-9.899900000000000000e+04
-9.899900000000000000e+04
9.752314686775207520e-01
9.945179224014282227e-01
9.888873100280761719e-01
-9.899900000000000000e+04
9.506664276123046875e-01
9.784785509109497070e-01
-9.899900000000000000e+04
-9.899900000000000000e+04
