6.309524774551391602e-01
6.517849564552307129e-01
6.388311982154846191e-01
6.632860302925109863e-01
6.470496654510498047e-01
6.503523588180541992e-01
6.548080444335937500e-01
6.678663492202758789e-01
6.592803001403808594e-01
6.654602885246276855e-01
6.664795279502868652e-01
6.803489923477172852e-01
6.693949103355407715e-01
6.722197532653808594e-01
6.808091402053833008e-01
6.849688887596130371e-01
6.825699806213378906e-01
6.882724761962890625e-01
6.878952383995056152e-01
6.883132457733154297e-01
6.776902079582214355e-01
6.750268340110778809e-01
6.810171008110046387e-01
6.846538782119750977e-01
6.965461969375610352e-01
6.890242099761962891e-01
6.884799003601074219e-01
6.931471824645996094e-01
6.868521571159362793e-01
6.918540596961975098e-01
6.963772773742675781e-01
7.006686329841613770e-01
6.943333745002746582e-01
6.951933503150939941e-01
6.987056732177734375e-01
6.986911296844482422e-01
6.946555376052856445e-01
7.030968666076660156e-01
7.025626897811889648e-01
7.186087369918823242e-01
7.083363533020019531e-01
7.135530114173889160e-01
7.004514932632446289e-01
6.973731517791748047e-01
6.991412043571472168e-01
7.094253897666931152e-01
6.972567439079284668e-01
7.131640315055847168e-01
7.026084065437316895e-01
7.127590775489807129e-01
6.856527924537658691e-01
7.065380811691284180e-01
6.930811405181884766e-01
7.059510350227355957e-01
7.158612608909606934e-01
7.070156931877136230e-01
6.992223262786865234e-01
7.252216339111328125e-01
7.256735563278198242e-01
7.261447906494140625e-01
7.134401798248291016e-01
7.246132493019104004e-01
7.249508500099182129e-01
7.322919964790344238e-01
7.193199396133422852e-01
7.247470617294311523e-01
7.254129052162170410e-01
7.078696489334106445e-01
7.386898994445800781e-01
7.240328192710876465e-01
7.358347177505493164e-01
7.318201065063476562e-01
7.384437322616577148e-01
7.404129505157470703e-01
7.429515719413757324e-01
7.478042244911193848e-01
7.542580366134643555e-01
7.207169532775878906e-01
7.387015819549560547e-01
7.702488303184509277e-01
7.535152435302734375e-01
7.740969061851501465e-01
7.261654138565063477e-01
7.767692208290100098e-01
7.709548473358154297e-01
7.786228656768798828e-01
7.855283021926879883e-01
7.733716368675231934e-01
7.424108982086181641e-01
7.453365325927734375e-01
7.655753493309020996e-01
7.930557727813720703e-01
7.913129925727844238e-01
7.661653757095336914e-01
7.946473360061645508e-01
7.723788022994995117e-01
7.938655614852905273e-01
7.756475806236267090e-01
7.802262902259826660e-01
7.776914834976196289e-01
7.965208888053894043e-01
7.979031205177307129e-01
7.713794112205505371e-01
8.034166693687438965e-01
7.965153455734252930e-01
8.078985810279846191e-01
7.848277688026428223e-01
7.741773128509521484e-01
8.090691566467285156e-01
8.096229434013366699e-01
7.939748167991638184e-01
8.263890743255615234e-01
7.854770421981811523e-01
7.871482968330383301e-01
8.175751566886901855e-01
8.256500363349914551e-01
8.321614265441894531e-01
8.027325272560119629e-01
8.494137525558471680e-01
8.227087259292602539e-01
8.327282071113586426e-01
8.446735739707946777e-01
8.343475461006164551e-01
8.690821528434753418e-01
8.501827120780944824e-01
8.583302497863769531e-01
8.504354953765869141e-01
8.237079381942749023e-01
8.562672138214111328e-01
8.735589981079101562e-01
8.750929832458496094e-01
8.639543056488037109e-01
8.569015264511108398e-01
8.762012720108032227e-01
8.742579817771911621e-01
8.529009819030761719e-01
8.636626601219177246e-01
8.781518936157226562e-01
8.332776427268981934e-01
8.667846918106079102e-01
8.742965459823608398e-01
8.023246526718139648e-01
8.830118179321289062e-01
8.836414217948913574e-01
9.003942608833312988e-01
8.825043439865112305e-01
8.863393068313598633e-01
8.903594613075256348e-01
8.978035449981689453e-01
8.997956514358520508e-01
9.057726263999938965e-01
9.020816087722778320e-01
9.043154716491699219e-01
8.997135758399963379e-01
8.854247927665710449e-01
9.051738381385803223e-01
9.149841070175170898e-01
9.206065535545349121e-01
8.945966958999633789e-01
9.220865964889526367e-01
9.143442511558532715e-01
7.542657256126403809e-01
7.713904976844787598e-01
8.371645212173461914e-01
9.237264990806579590e-01
9.234717488288879395e-01
9.134058356285095215e-01
9.149619936943054199e-01
9.056884646415710449e-01
9.046151041984558105e-01
8.962588906288146973e-01
9.409114718437194824e-01
9.249847531318664551e-01
9.339216947555541992e-01
9.219996333122253418e-01
9.496958255767822266e-01
9.244656562805175781e-01
9.282711744308471680e-01
9.275873303413391113e-01
9.199159145355224609e-01
9.530708193778991699e-01
9.638816714286804199e-01
7.856328487396240234e-01
9.187787771224975586e-01
9.375028610229492188e-01
9.807104468345642090e-01
8.526965379714965820e-01
9.422257542610168457e-01
9.701057076454162598e-01
9.700045585632324219e-01
9.392277598381042480e-01
7.490437030792236328e-01
9.812479615211486816e-01
9.815059900283813477e-01
9.798787236213684082e-01
9.725756645202636719e-01
9.655222892761230469e-01
9.825553894042968750e-01
9.876015782356262207e-01
1.010012865066528320e+00
9.630689024925231934e-01
9.799167513847351074e-01
8.611617684364318848e-01
8.847010135650634766e-01
8.702359795570373535e-01
9.333555698394775391e-01
9.828027486801147461e-01
9.925231933593750000e-01
-9.899900000000000000e+04
9.783676266670227051e-01
-9.899900000000000000e+04
-9.899900000000000000e+04
-9.899900000000000000e+04
-9.899900000000000000e+04
7.994626164436340332e-01
-9.899900000000000000e+04
9.695736765861511230e-01
-9.899900000000000000e+04
-9.899900000000000000e+04
-9.899900000000000000e+04
-9.899900000000000000e+04
-9.899900000000000000e+04
-9.899900000000000000e+04
-9.899900000000000000e+04
-9.899900000000000000e+04
-9.899900000000000000e+04
-9.899900000000000000e+04
-9.899900000000000000e+04
-9.899900000000000000e+04
8.924703598022460938e-01
-9.899900000000000000e+04
-9.899900000000000000e+04
-9.899900000000000000e+04
-9.899900000000000000e+04
-9.899900000000000000e+04
9.032666087150573730e-01
-9.899900000000000000e+04
-9.899900000000000000e+04
9.495006799697875977e-01
-9.899900000000000000e+04
-9.899900000000000000e+04
-9.899900000000000000e+04
-9.899900000000000000e+04
-9.899900000000000000e+04
7.739523649215698242e-01
-9.899900000000000000e+04
-9.899900000000000000e+04
-9.899900000000000000e+04
-9.899900000000000000e+04
-9.899900000000000000e+04
-9.899900000000000000e+04
-9.899900000000000000e+04
-9.899900000000000000e+04
-9.899900000000000000e+04
-9.899900000000000000e+04
-9.899900000000000000e+04
-9.899900000000000000e+04
-9.899900000000000000e+04
-9.899900000000000000e+04
-9.899900000000000000e+04
-9.899900000000000000e+04
-9.899900000000000000e+04
-9.899900000000000000e+04
-9.899900000000000000e+04
-9.900100000000000000e+04
-9.899900000000000000e+04
-9.899900000000000000e+04
-9.899900000000000000e+04
-9.899900000000000000e+04
-9.899900000000000000e+04
-9.899900000000000000e+04
-9.899900000000000000e+04
-9.899900000000000000e+04
-9.899900000000000000e+04
-9.899900000000000000e+04
-9.899900000000000000e+04
-9.899900000000000000e+04
-9.899900000000000000e+04
-9.899900000000000000e+04
-9.899900000000000000e+04
-9.899900000000000000e+04
-9.899900000000000000e+04
-9.899900000000000000e+04
-9.899900000000000000e+04
-9.899900000000000000e+04
1.013040065765380859e+00
-9.899900000000000000e+04
-9.899900000000000000e+04
-9.899900000000000000e+04
-9.899900000000000000e+04
-9.899900000000000000e+04
-9.899900000000000000e+04
-9.899900000000000000e+04
-9.899900000000000000e+04
-9.899900000000000000e+04
-9.899900000000000000e+04
-9.899900000000000000e+04
-9.899900000000000000e+04
-9.899900000000000000e+04
-9.899900000000000000e+04
-9.899900000000000000e+04
-9.899900000000000000e+04
-9.899900000000000000e+04
-9.899900000000000000e+04
-9.899900000000000000e+04
-9.899900000000000000e+04
-9.899900000000000000e+04
-9.899900000000000000e+04
-9.899900000000000000e+04
-9.899900000000000000e+04
1.004470825195312500e+00
-9.899900000000000000e+04
-9.899900000000000000e+04
-9.899900000000000000e+04
-9.899900000000000000e+04
-9.899900000000000000e+04
-9.899900000000000000e+04
-9.899900000000000000e+04
-9.899900000000000000e+04
-9.899900000000000000e+04
-9.899900000000000000e+04
-9.899900000000000000e+04
-9.899900000000000000e+04
-9.899900000000000000e+04
4.772514998912811279e-01
-9.899900000000000000e+04
-9.899900000000000000e+04
-9.899900000000000000e+04
-9.899900000000000000e+04
-9.899900000000000000e+04
-9.899900000000000000e+04
-9.899900000000000000e+04
-9.899900000000000000e+04
-9.899900000000000000e+04
-9.899900000000000000e+04
-9.899900000000000000e+04
-9.899900000000000000e+04
-9.899900000000000000e+04
-9.899900000000000000e+04
-9.899900000000000000e+04
-9.899900000000000000e+04
-9.899900000000000000e+04
-9.899900000000000000e+04
-9.899900000000000000e+04
-9.899900000000000000e+04
-9.899900000000000000e+04
-9.899900000000000000e+04
-9.899900000000000000e+04
-9.899900000000000000e+04
-9.899900000000000000e+04
-9.899900000000000000e+04
-9.899900000000000000e+04
-9.899900000000000000e+04
-9.899900000000000000e+04
-9.899900000000000000e+04
-9.899900000000000000e+04
-9.899900000000000000e+04
-9.899900000000000000e+04
-9.899900000000000000e+04
-9.899900000000000000e+04
-9.899900000000000000e+04
-9.899900000000000000e+04
-9.899900000000000000e+04
-9.899900000000000000e+04
-9.899900000000000000e+04
