6.461329460144042969e-01
6.358127593994140625e-01
6.402796506881713867e-01
6.606395840644836426e-01
6.466499567031860352e-01
6.692129373550415039e-01
6.708678007125854492e-01
6.678663492202758789e-01
6.592803001403808594e-01
6.637250781059265137e-01
6.664795279502868652e-01
6.636283397674560547e-01
6.676720976829528809e-01
6.772983670234680176e-01
6.808091402053833008e-01
6.848675608634948730e-01
6.809154748916625977e-01
6.869531869888305664e-01
6.746504306793212891e-01
6.806299686431884766e-01
6.811931729316711426e-01
6.802825331687927246e-01
6.553434133529663086e-01
7.040821909904479980e-01
6.923391222953796387e-01
7.005965709686279297e-01
6.882068514823913574e-01
6.890015006065368652e-01
6.861440539360046387e-01
6.945591568946838379e-01
6.823386549949645996e-01
7.020954489707946777e-01
6.935439109802246094e-01
6.910005211830139160e-01
6.877849102020263672e-01
6.928925514221191406e-01
7.045052051544189453e-01
7.040290236473083496e-01
7.061207890510559082e-01
7.055878043174743652e-01
7.023470997810363770e-01
7.072494029998779297e-01
7.084654569625854492e-01
7.057476043701171875e-01
6.908203959465026855e-01
7.137567996978759766e-01
7.076039314270019531e-01
7.126851677894592285e-01
7.107736468315124512e-01
7.147992253303527832e-01
7.035086154937744141e-01
7.078801393508911133e-01
6.993963122367858887e-01
6.753639578819274902e-01
7.034655213356018066e-01
6.945711374282836914e-01
7.040359973907470703e-01
7.246700525283813477e-01
7.252453565597534180e-01
7.288793325424194336e-01
7.336912751197814941e-01
7.303827404975891113e-01
7.136588692665100098e-01
7.067462801933288574e-01
7.248536348342895508e-01
7.224034070968627930e-01
7.374383211135864258e-01
7.354026436805725098e-01
7.327451109886169434e-01
7.362312674522399902e-01
7.399395704269409180e-01
7.277657985687255859e-01
7.496338486671447754e-01
7.674435377120971680e-01
7.411752343177795410e-01
7.354173660278320312e-01
7.377542853355407715e-01
7.605969309806823730e-01
7.386546730995178223e-01
7.588000297546386719e-01
7.564635276794433594e-01
7.528581023216247559e-01
7.499351501464843750e-01
7.777581810951232910e-01
7.733995914459228516e-01
7.647874951362609863e-01
7.301235198974609375e-01
7.700738310813903809e-01
7.774052619934082031e-01
7.832026481628417969e-01
7.638311982154846191e-01
7.894526124000549316e-01
7.527702450752258301e-01
7.917958498001098633e-01
7.383204102516174316e-01
7.814972996711730957e-01
7.815988063812255859e-01
7.785434722900390625e-01
7.871685028076171875e-01
7.976542115211486816e-01
7.851514816284179688e-01
7.701882123947143555e-01
8.081257343292236328e-01
7.845847606658935547e-01
7.788707017898559570e-01
8.034814596176147461e-01
8.077325224876403809e-01
7.997553348541259766e-01
7.815778255462646484e-01
7.983815670013427734e-01
8.244555592536926270e-01
7.947856187820434570e-01
8.120005130767822266e-01
8.172251582145690918e-01
8.174618482589721680e-01
8.099475502967834473e-01
8.224982619285583496e-01
8.287593722343444824e-01
8.279414772987365723e-01
8.305962085723876953e-01
8.454900383949279785e-01
8.413518667221069336e-01
8.482317924499511719e-01
8.454519510269165039e-01
8.192546367645263672e-01
8.515137434005737305e-01
8.255987167358398438e-01
8.820396065711975098e-01
8.468495011329650879e-01
8.642674684524536133e-01
8.617670536041259766e-01
8.615255951881408691e-01
8.778551816940307617e-01
8.361676335334777832e-01
8.718873858451843262e-01
8.809246420860290527e-01
8.784256577491760254e-01
8.445871472358703613e-01
8.826949000358581543e-01
8.666737675666809082e-01
8.715054392814636230e-01
8.703968524932861328e-01
8.832117915153503418e-01
8.878855705261230469e-01
8.900297284126281738e-01
8.835082054138183594e-01
8.828371167182922363e-01
9.116790890693664551e-01
8.987803459167480469e-01
9.140383005142211914e-01
8.888640403747558594e-01
8.829821944236755371e-01
8.824121952056884766e-01
9.132556319236755371e-01
8.734894990921020508e-01
9.016092419624328613e-01
9.153180718421936035e-01
9.195278882980346680e-01
9.101405739784240723e-01
8.278703093528747559e-01
9.077504873275756836e-01
9.166035056114196777e-01
8.913542032241821289e-01
9.075013399124145508e-01
8.928511142730712891e-01
8.784652352333068848e-01
9.162023663520812988e-01
9.137943387031555176e-01
9.161326289176940918e-01
9.104138612747192383e-01
9.155090451240539551e-01
8.812618255615234375e-01
9.164038896560668945e-01
9.233832359313964844e-01
8.868901133537292480e-01
9.536315202713012695e-01
9.304952025413513184e-01
9.076678752899169922e-01
9.402745366096496582e-01
9.187381863594055176e-01
8.053115606307983398e-01
9.322353005409240723e-01
8.388912081718444824e-01
9.146909117698669434e-01
9.416866898536682129e-01
9.576102495193481445e-01
9.171624779701232910e-01
9.795510768890380859e-01
9.873410463333129883e-01
9.801359176635742188e-01
9.586288928985595703e-01
9.837216734886169434e-01
9.335815906524658203e-01
9.401398301124572754e-01
9.728392362594604492e-01
9.757899641990661621e-01
9.986408948898315430e-01
9.781053662300109863e-01
9.623634219169616699e-01
9.607186913490295410e-01
9.922562837600708008e-01
8.325735330581665039e-01
9.835551381111145020e-01
1.001398086547851562e+00
9.698271155357360840e-01
9.866358041763305664e-01
9.751835465431213379e-01
-9.899900000000000000e+04
-9.899900000000000000e+04
-9.899900000000000000e+04
-9.899900000000000000e+04
-9.899900000000000000e+04
8.920294642448425293e-01
