6.291534900665283203e-01
6.358127593994140625e-01
6.407510042190551758e-01
6.632860302925109863e-01
6.469347476959228516e-01
6.639208197593688965e-01
6.579081416130065918e-01
6.605220437049865723e-01
6.592803001403808594e-01
6.764131784439086914e-01
6.601687669754028320e-01
6.636283397674560547e-01
6.632134318351745605e-01
6.840402483940124512e-01
6.808091402053833008e-01
6.814933419227600098e-01
6.825008392333984375e-01
6.668570041656494141e-01
6.717842817306518555e-01
6.873620748519897461e-01
6.899451017379760742e-01
6.875352263450622559e-01
6.810171008110046387e-01
6.878223419189453125e-01
6.896346211433410645e-01
6.907371878623962402e-01
6.898013949394226074e-01
6.898468136787414551e-01
6.877900362014770508e-01
6.901693344116210938e-01
6.940954327583312988e-01
6.950945854187011719e-01
6.944019198417663574e-01
7.033570408821105957e-01
6.916729211807250977e-01
7.028777599334716797e-01
7.000192999839782715e-01
6.986222863197326660e-01
7.086678743362426758e-01
7.106437087059020996e-01
7.127283215522766113e-01
7.117246389389038086e-01
7.108007073402404785e-01
7.026211023330688477e-01
7.165236473083496094e-01
6.968363523483276367e-01
7.085341215133666992e-01
7.106832861900329590e-01
7.181863784790039062e-01
7.129322886466979980e-01
7.055980563163757324e-01
6.866242289543151855e-01
6.952725052833557129e-01
7.042666077613830566e-01
6.919251084327697754e-01
7.070523500442504883e-01
7.190040349960327148e-01
7.245934605598449707e-01
7.115779519081115723e-01
7.282531261444091797e-01
7.155643105506896973e-01
7.335707545280456543e-01
7.175513505935668945e-01
7.011438012123107910e-01
7.335677146911621094e-01
7.053817510604858398e-01
7.264332175254821777e-01
7.221210598945617676e-01
7.406116724014282227e-01
7.279367446899414062e-01
7.358239889144897461e-01
7.465995550155639648e-01
7.351224422454833984e-01
7.414309978485107422e-01
7.492975592613220215e-01
7.210524678230285645e-01
7.626249790191650391e-01
7.411472201347351074e-01
7.688242793083190918e-01
7.475869655609130859e-01
7.295446991920471191e-01
7.595820426940917969e-01
7.661727666854858398e-01
7.559248805046081543e-01
7.800483107566833496e-01
7.524366378784179688e-01
7.632673382759094238e-01
7.425854802131652832e-01
7.703917026519775391e-01
7.863095998764038086e-01
7.430620789527893066e-01
7.317867279052734375e-01
7.864422202110290527e-01
7.565040588378906250e-01
7.885820269584655762e-01
7.758404612541198730e-01
7.907234430313110352e-01
7.728939652442932129e-01
7.947080135345458984e-01
7.959854602813720703e-01
7.803452610969543457e-01
7.958562374114990234e-01
8.061001896858215332e-01
7.636644840240478516e-01
7.942788004875183105e-01
7.940237522125244141e-01
7.789154648780822754e-01
8.120840787887573242e-01
7.829906344413757324e-01
8.124712705612182617e-01
8.119955658912658691e-01
7.967297434806823730e-01
8.005946278572082520e-01
8.169450759887695312e-01
8.331899642944335938e-01
8.411999344825744629e-01
8.411282300949096680e-01
8.326532244682312012e-01
7.979873418807983398e-01
7.995746731758117676e-01
8.465669155120849609e-01
8.534806370735168457e-01
8.515651822090148926e-01
8.609277009963989258e-01
8.565910458564758301e-01
8.644703030586242676e-01
8.582732677459716797e-01
8.550555109977722168e-01
8.723279237747192383e-01
8.576964139938354492e-01
8.622840642929077148e-01
8.583432435989379883e-01
8.645308017730712891e-01
8.713600039482116699e-01
8.587159514427185059e-01
8.713357448577880859e-01
8.707257509231567383e-01
8.688314557075500488e-01
8.848105669021606445e-01
8.696482181549072266e-01
8.913343548774719238e-01
8.899554610252380371e-01
8.631582260131835938e-01
8.865848183631896973e-01
8.865325450897216797e-01
8.901190161705017090e-01
8.988877534866333008e-01
8.997328281402587891e-01
9.016560316085815430e-01
8.736082315444946289e-01
9.026447534561157227e-01
8.779488801956176758e-01
7.289276123046875000e-01
9.001560807228088379e-01
8.981308937072753906e-01
9.094839692115783691e-01
9.129344224929809570e-01
9.068459272384643555e-01
9.029827117919921875e-01
8.956149816513061523e-01
9.219725131988525391e-01
8.595651984214782715e-01
8.832666277885437012e-01
9.221966862678527832e-01
8.663130998611450195e-01
9.241288900375366211e-01
9.251219034194946289e-01
9.143293499946594238e-01
9.417948126792907715e-01
9.281006455421447754e-01
8.736980557441711426e-01
9.091621041297912598e-01
9.253904819488525391e-01
9.263106584548950195e-01
9.002986550331115723e-01
9.331198930740356445e-01
8.971199393272399902e-01
9.438925385475158691e-01
7.564156055450439453e-01
9.281678199768066406e-01
9.178782105445861816e-01
8.992688059806823730e-01
9.185714721679687500e-01
9.481371641159057617e-01
9.575820565223693848e-01
9.146493077278137207e-01
9.303263425827026367e-01
9.476433396339416504e-01
8.271990418434143066e-01
9.147149920463562012e-01
8.591507077217102051e-01
9.420725703239440918e-01
9.564709663391113281e-01
9.090826511383056641e-01
9.594285488128662109e-01
9.673064351081848145e-01
9.745311141014099121e-01
1.009328603744506836e+00
9.578831791877746582e-01
9.846688508987426758e-01
8.649694323539733887e-01
7.454992532730102539e-01
-9.899900000000000000e+04
3.595357835292816162e-01
9.675777554512023926e-01
-9.899900000000000000e+04
9.750586748123168945e-01
8.230217695236206055e-01
9.393101930618286133e-01
-9.899900000000000000e+04
9.872428178787231445e-01
-9.899900000000000000e+04
-9.899900000000000000e+04
-9.899900000000000000e+04
-9.899900000000000000e+04
-9.899900000000000000e+04
-9.899900000000000000e+04
-9.899900000000000000e+04
-9.899900000000000000e+04
-9.899900000000000000e+04
-9.899900000000000000e+04
8.381892442703247070e-01
-9.899900000000000000e+04
-9.899900000000000000e+04
-9.899900000000000000e+04
-9.899900000000000000e+04
-9.899900000000000000e+04
9.743555784225463867e-01
-9.899900000000000000e+04
-9.899900000000000000e+04
