6.309524774551391602e-01
6.358127593994140625e-01
6.412144899368286133e-01
6.606395840644836426e-01
6.627352833747863770e-01
6.487110853195190430e-01
6.616687774658203125e-01
6.693965792655944824e-01
6.755206584930419922e-01
6.673698425292968750e-01
6.641452312469482422e-01
6.596245169639587402e-01
6.804722547531127930e-01
6.772983670234680176e-01
6.808091402053833008e-01
6.814933419227600098e-01
6.692777276039123535e-01
6.710654497146606445e-01
6.762902736663818359e-01
6.843210458755493164e-01
6.899451017379760742e-01
6.855055689811706543e-01
6.472196578979492188e-01
6.887806653976440430e-01
6.896346211433410645e-01
6.991040706634521484e-01
6.893593072891235352e-01
6.996856331825256348e-01
6.843441128730773926e-01
7.019232511520385742e-01
6.995295882225036621e-01
6.949396729469299316e-01
7.017874121665954590e-01
6.874572038650512695e-01
6.935819983482360840e-01
7.050077915191650391e-01
6.935874223709106445e-01
7.035740017890930176e-01
6.996251344680786133e-01
7.073274850845336914e-01
7.061018943786621094e-01
7.110769152641296387e-01
6.982665657997131348e-01
6.988939046859741211e-01
6.995537877082824707e-01
6.858175992965698242e-01
7.055798768997192383e-01
6.941174864768981934e-01
7.034832239151000977e-01
6.934949159622192383e-01
7.013711333274841309e-01
7.166248559951782227e-01
7.082651257514953613e-01
7.147728204727172852e-01
7.185018658638000488e-01
7.254041433334350586e-01
7.255390882492065430e-01
7.241598367691040039e-01
7.249060869216918945e-01
7.328844070434570312e-01
7.276195287704467773e-01
7.206704020500183105e-01
7.340596914291381836e-01
7.280412912368774414e-01
7.249121069908142090e-01
7.330000400543212891e-01
7.254624962806701660e-01
7.222186326980590820e-01
7.311432957649230957e-01
7.235206365585327148e-01
7.421885132789611816e-01
7.408363223075866699e-01
7.532153129577636719e-01
7.419369220733642578e-01
7.329941391944885254e-01
7.205229401588439941e-01
7.592391371726989746e-01
7.612624168395996094e-01
7.487565279006958008e-01
7.299199104309082031e-01
7.691736221313476562e-01
7.525879144668579102e-01
7.545513510704040527e-01
7.585241794586181641e-01
7.784987092018127441e-01
7.387142181396484375e-01
7.418662905693054199e-01
7.750155925750732422e-01
7.805237174034118652e-01
7.868589758872985840e-01
7.784364819526672363e-01
7.771317362785339355e-01
7.718220353126525879e-01
7.886227369308471680e-01
7.526560425758361816e-01
7.602544426918029785e-01
7.833976149559020996e-01
7.974710464477539062e-01
7.592597007751464844e-01
7.900418639183044434e-01
7.939106225967407227e-01
7.912139296531677246e-01
7.958323359489440918e-01
7.624965310096740723e-01
8.115431666374206543e-01
7.977652549743652344e-01
8.042673468589782715e-01
8.028403520584106445e-01
8.055598139762878418e-01
7.814366817474365234e-01
8.041703701019287109e-01
8.163800239562988281e-01
8.259612321853637695e-01
8.218478560447692871e-01
8.252171874046325684e-01
8.073478937149047852e-01
8.030835986137390137e-01
8.262974619865417480e-01
8.330543041229248047e-01
8.358204364776611328e-01
8.388338088989257812e-01
8.286213278770446777e-01
8.514974117279052734e-01
8.512299060821533203e-01
8.556795716285705566e-01
8.557479381561279297e-01
8.757568001747131348e-01
8.510492444038391113e-01
8.322699666023254395e-01
8.605090975761413574e-01
8.541523814201354980e-01
8.489508628845214844e-01
8.739243745803833008e-01
8.630266785621643066e-01
8.782986402511596680e-01
8.779217600822448730e-01
8.637760877609252930e-01
7.720845341682434082e-01
8.638530969619750977e-01
8.679316043853759766e-01
8.566952943801879883e-01
8.932518362998962402e-01
8.601341843605041504e-01
8.877975344657897949e-01
8.924357891082763672e-01
8.993127346038818359e-01
9.155063033103942871e-01
8.952903151512145996e-01
8.710280060768127441e-01
8.949397206306457520e-01
8.852490782737731934e-01
8.281787633895874023e-01
9.070082902908325195e-01
8.807170391082763672e-01
8.799810409545898438e-01
9.237558245658874512e-01
9.071627259254455566e-01
8.698235750198364258e-01
8.967068791389465332e-01
9.175631403923034668e-01
9.191474914550781250e-01
9.017215371131896973e-01
9.209362864494323730e-01
8.495627045631408691e-01
8.827592730522155762e-01
9.131850004196166992e-01
8.940941691398620605e-01
9.145836830139160156e-01
9.172454476356506348e-01
9.273260235786437988e-01
9.224910140037536621e-01
9.094587564468383789e-01
8.486549258232116699e-01
9.165700078010559082e-01
8.869697451591491699e-01
9.348880052566528320e-01
9.413113594055175781e-01
9.123957753181457520e-01
9.329718351364135742e-01
9.480546116828918457e-01
9.469706416130065918e-01
9.505124092102050781e-01
9.377519488334655762e-01
9.674507379531860352e-01
9.631361365318298340e-01
8.381658196449279785e-01
9.240325689315795898e-01
8.582309484481811523e-01
7.793724536895751953e-01
9.189225435256958008e-01
9.269778728485107422e-01
9.837449193000793457e-01
9.857471585273742676e-01
9.872300624847412109e-01
9.637284874916076660e-01
1.001409530639648438e+00
9.882397055625915527e-01
9.861084222793579102e-01
-9.899900000000000000e+04
9.525976181030273438e-01
-9.899900000000000000e+04
9.338412284851074219e-01
1.013336300849914551e+00
-9.899900000000000000e+04
9.724616408348083496e-01
9.648970961570739746e-01
9.696084856986999512e-01
7.393928170204162598e-01
9.687215685844421387e-01
9.812328219413757324e-01
9.810984730720520020e-01
8.682473897933959961e-01
8.873607516288757324e-01
8.717694282531738281e-01
9.959852695465087891e-01
9.777497053146362305e-01
8.666520714759826660e-01
9.393239021301269531e-01
-9.899900000000000000e+04
-9.899900000000000000e+04
8.760942816734313965e-01
-9.899900000000000000e+04
-9.899900000000000000e+04
-9.899900000000000000e+04
-9.899900000000000000e+04
8.419007062911987305e-01
-9.899900000000000000e+04
-9.899900000000000000e+04
-9.899900000000000000e+04
-9.899900000000000000e+04
9.605994820594787598e-01
-9.899900000000000000e+04
-9.899900000000000000e+04
-9.899900000000000000e+04
8.391842246055603027e-01
-9.899900000000000000e+04
-9.899900000000000000e+04
-9.899900000000000000e+04
9.673350453376770020e-01
-9.899900000000000000e+04
9.343219399452209473e-01
-9.899900000000000000e+04
-9.899900000000000000e+04
-9.899900000000000000e+04
-9.899900000000000000e+04
-9.899900000000000000e+04
-9.899900000000000000e+04
9.736313223838806152e-01
9.566446542739868164e-01
-9.899900000000000000e+04
-9.899900000000000000e+04
-9.899900000000000000e+04
-9.899900000000000000e+04
9.430887103080749512e-01
-9.899900000000000000e+04
-9.899900000000000000e+04
9.408767223358154297e-01
9.730795621871948242e-01
-9.899900000000000000e+04
-9.899900000000000000e+04
-9.899900000000000000e+04
-9.899900000000000000e+04
-9.899900000000000000e+04
-9.899900000000000000e+04
-9.899900000000000000e+04
-9.899900000000000000e+04
-9.899900000000000000e+04
-9.899900000000000000e+04
-9.899900000000000000e+04
-9.899900000000000000e+04
-9.899900000000000000e+04
1.437225379049777985e-02
-9.899900000000000000e+04
9.652113914489746094e-01
-9.899900000000000000e+04
-9.899900000000000000e+04
9.413706064224243164e-01
-9.899900000000000000e+04
-9.899900000000000000e+04
