6.225892305374145508e-01
6.358127593994140625e-01
6.562239527702331543e-01
6.606395840644836426e-01
6.512370109558105469e-01
6.487110853195190430e-01
6.686866879463195801e-01
6.575104594230651855e-01
6.592803001403808594e-01
6.793448328971862793e-01
6.752379536628723145e-01
6.596245169639587402e-01
6.750109195709228516e-01
6.840402483940124512e-01
6.669101715087890625e-01
6.774383783340454102e-01
6.758943796157836914e-01
6.863613128662109375e-01
6.686673164367675781e-01
6.832796931266784668e-01
6.899451017379760742e-01
6.750268340110778809e-01
6.752519607543945312e-01
6.965808868408203125e-01
6.912087798118591309e-01
6.925680041313171387e-01
7.008076906204223633e-01
6.898468136787414551e-01
6.918529272079467773e-01
6.945591568946838379e-01
6.909787654876708984e-01
6.830685138702392578e-01
6.974868178367614746e-01
6.971195936203002930e-01
6.916729211807250977e-01
7.021046876907348633e-01
6.987966299057006836e-01
7.027794122695922852e-01
7.013955116271972656e-01
7.188727855682373047e-01
7.016341090202331543e-01
7.123758792877197266e-01
7.104921340942382812e-01
7.132142186164855957e-01
7.094777822494506836e-01
7.084091305732727051e-01
7.030372023582458496e-01
7.135877609252929688e-01
7.142342329025268555e-01
7.042832374572753906e-01
7.036466002464294434e-01
7.124484181404113770e-01
6.981422901153564453e-01
7.180315852165222168e-01
7.217977046966552734e-01
7.231842875480651855e-01
7.207099795341491699e-01
7.227025628089904785e-01
6.950336694717407227e-01
7.132043242454528809e-01
7.228755950927734375e-01
7.331860065460205078e-01
7.174352407455444336e-01
7.071133255958557129e-01
7.366452813148498535e-01
7.341483831405639648e-01
7.253584265708923340e-01
7.188726663589477539e-01
7.169738411903381348e-01
7.282569408416748047e-01
6.909763813018798828e-01
7.345831394195556641e-01
7.444356679916381836e-01
7.585178613662719727e-01
7.584493160247802734e-01
7.475395202636718750e-01
7.707589268684387207e-01
7.087490558624267578e-01
7.702116966247558594e-01
7.566033601760864258e-01
7.520003914833068848e-01
7.479143738746643066e-01
7.601395249366760254e-01
7.429326772689819336e-01
7.384752631187438965e-01
7.702940106391906738e-01
7.811889648437500000e-01
7.794311046600341797e-01
7.420707345008850098e-01
7.717950940132141113e-01
7.650707364082336426e-01
7.701078057289123535e-01
7.413440942764282227e-01
7.766069173812866211e-01
7.854791283607482910e-01
7.815181016921997070e-01
7.862421870231628418e-01
7.873163819313049316e-01
7.773876190185546875e-01
8.000093102455139160e-01
7.745684385299682617e-01
7.907395958900451660e-01
7.918599247932434082e-01
7.929961085319519043e-01
8.076816797256469727e-01
8.060842156410217285e-01
8.112775087356567383e-01
8.152289986610412598e-01
7.770721912384033203e-01
8.122559785842895508e-01
8.006601929664611816e-01
8.215205073356628418e-01
8.134013414382934570e-01
8.087765574455261230e-01
8.131803870201110840e-01
8.160606622695922852e-01
8.387829661369323730e-01
8.339620828628540039e-01
8.456873893737792969e-01
8.361941576004028320e-01
8.457728028297424316e-01
8.312344551086425781e-01
8.385177850723266602e-01
8.063114881515502930e-01
8.672448992729187012e-01
8.443831205368041992e-01
8.524517416954040527e-01
8.505643010139465332e-01
8.659446239471435547e-01
8.512876033782958984e-01
8.643279671669006348e-01
8.461846709251403809e-01
8.140487074851989746e-01
8.375550508499145508e-01
8.563730716705322266e-01
8.805977106094360352e-01
8.563105463981628418e-01
8.806984424591064453e-01
8.585289120674133301e-01
8.728942275047302246e-01
8.901565670967102051e-01
8.874533772468566895e-01
8.857946991920471191e-01
8.862478733062744141e-01
8.389191031455993652e-01
8.908377885818481445e-01
8.902312517166137695e-01
8.807836174964904785e-01
8.961341381072998047e-01
8.925772905349731445e-01
8.879128098487854004e-01
8.979845643043518066e-01
8.356527090072631836e-01
8.964230418205261230e-01
9.227490425109863281e-01
9.181605577468872070e-01
8.992893099784851074e-01
7.996447086334228516e-01
8.722057342529296875e-01
9.283571839332580566e-01
9.078719019889831543e-01
9.135885238647460938e-01
8.710119724273681641e-01
9.024958610534667969e-01
9.173375964164733887e-01
9.273290634155273438e-01
9.115907549858093262e-01
7.903807163238525391e-01
9.279362559318542480e-01
9.262114167213439941e-01
9.002609848976135254e-01
9.250868558883666992e-01
9.401196837425231934e-01
9.284879565238952637e-01
9.250513911247253418e-01
8.983352184295654297e-01
9.161385297775268555e-01
9.412960410118103027e-01
9.273079037666320801e-01
9.589282870292663574e-01
9.483013153076171875e-01
9.490505456924438477e-01
9.692077040672302246e-01
9.476693868637084961e-01
9.437923431396484375e-01
9.751222729682922363e-01
9.773836731910705566e-01
9.423145055770874023e-01
9.532621502876281738e-01
9.578856825828552246e-01
9.755652546882629395e-01
9.567217826843261719e-01
9.597319960594177246e-01
8.883683681488037109e-01
9.603207707405090332e-01
9.292651414871215820e-01
9.910397529602050781e-01
9.611492156982421875e-01
9.238852858543395996e-01
9.807566404342651367e-01
9.934981465339660645e-01
9.458895921707153320e-01
1.013595104217529297e+00
9.810595512390136719e-01
1.006149530410766602e+00
8.491018414497375488e-01
9.651919007301330566e-01
9.919620752334594727e-01
9.805196523666381836e-01
9.538171887397766113e-01
-9.899900000000000000e+04
9.754046797752380371e-01
-9.899900000000000000e+04
-9.899900000000000000e+04
9.770291447639465332e-01
-9.899900000000000000e+04
9.810436367988586426e-01
-9.899900000000000000e+04
-9.899900000000000000e+04
