6.291534900665283203e-01
6.517849564552307129e-01
6.402796506881713867e-01
6.606395840644836426e-01
6.469347476959228516e-01
6.676552295684814453e-01
6.525503396987915039e-01
6.602364182472229004e-01
6.734914183616638184e-01
6.728320121765136719e-01
6.752379536628723145e-01
6.737769842147827148e-01
6.817724108695983887e-01
6.530868411064147949e-01
6.669101715087890625e-01
6.687693595886230469e-01
6.825008392333984375e-01
6.667888164520263672e-01
6.876142621040344238e-01
6.759077906608581543e-01
6.757770180702209473e-01
6.801605224609375000e-01
6.758947968482971191e-01
6.938704252243041992e-01
6.900914907455444336e-01
6.991040706634521484e-01
7.027961015701293945e-01
6.876841187477111816e-01
6.882863640785217285e-01
6.967334747314453125e-01
6.826096773147583008e-01
7.080256938934326172e-01
6.962212920188903809e-01
6.895725131034851074e-01
7.027268409729003906e-01
6.950627565383911133e-01
7.001667618751525879e-01
6.961650848388671875e-01
7.080863118171691895e-01
6.955897808074951172e-01
7.086195945739746094e-01
6.959177255630493164e-01
6.986553668975830078e-01
7.115209698677062988e-01
7.127702832221984863e-01
7.130578756332397461e-01
7.054307460784912109e-01
7.108997106552124023e-01
7.156361341476440430e-01
6.937298178672790527e-01
6.891607642173767090e-01
7.146586179733276367e-01
7.147135734558105469e-01
7.033926248550415039e-01
7.210190296173095703e-01
7.200536727905273438e-01
7.193775177001953125e-01
7.023811936378479004e-01
7.170609831809997559e-01
7.254575490951538086e-01
7.341046929359436035e-01
7.102366089820861816e-01
7.290858626365661621e-01
7.249402999877929688e-01
7.371675968170166016e-01
7.253594994544982910e-01
7.285016775131225586e-01
7.149390578269958496e-01
7.341253161430358887e-01
7.401852607727050781e-01
7.410311102867126465e-01
7.371298074722290039e-01
7.486335039138793945e-01
7.406664490699768066e-01
7.392224073410034180e-01
7.531689405441284180e-01
7.533832788467407227e-01
7.563759088516235352e-01
7.417290806770324707e-01
7.592368125915527344e-01
7.287479043006896973e-01
7.388270497322082520e-01
7.496396303176879883e-01
7.383836507797241211e-01
7.609681487083435059e-01
7.807396650314331055e-01
7.811332941055297852e-01
7.539212107658386230e-01
7.849878072738647461e-01
7.727515101432800293e-01
7.767718434333801270e-01
7.583574652671813965e-01
7.788728475570678711e-01
7.470302581787109375e-01
7.876738309860229492e-01
7.745589017868041992e-01
7.754418253898620605e-01
7.892141938209533691e-01
7.905615568161010742e-01
7.598379850387573242e-01
7.865834236145019531e-01
7.964475154876708984e-01
7.972010374069213867e-01
7.998124957084655762e-01
7.892988324165344238e-01
7.830582261085510254e-01
7.563358545303344727e-01
8.055478334426879883e-01
8.194327354431152344e-01
8.014695048332214355e-01
8.057205677032470703e-01
8.189953565597534180e-01
8.154854178428649902e-01
7.921386361122131348e-01
8.018163442611694336e-01
8.181388378143310547e-01
8.331393003463745117e-01
8.207349777221679688e-01
8.198775649070739746e-01
8.351465463638305664e-01
8.324083685874938965e-01
8.514826893806457520e-01
8.371462821960449219e-01
8.534049391746520996e-01
8.273610472679138184e-01
8.507447838783264160e-01
8.632385730743408203e-01
8.529595136642456055e-01
8.441541790962219238e-01
8.576238155364990234e-01
8.599500656127929688e-01
8.527820706367492676e-01
8.684830665588378906e-01
8.726035356521606445e-01
8.832740187644958496e-01
8.688408136367797852e-01
8.715884685516357422e-01
8.752622008323669434e-01
8.682628273963928223e-01
8.717153072357177734e-01
8.685850501060485840e-01
8.655683398246765137e-01
8.845816850662231445e-01
8.799883127212524414e-01
8.723407387733459473e-01
8.888392448425292969e-01
8.919443488121032715e-01
8.942601680755615234e-01
8.804333806037902832e-01
8.853409886360168457e-01
8.906054496765136719e-01
8.993700146675109863e-01
9.032263755798339844e-01
8.836551308631896973e-01
8.722888827323913574e-01
8.849325180053710938e-01
8.052538037300109863e-01
9.129394292831420898e-01
9.047115445137023926e-01
9.250908493995666504e-01
9.246592521667480469e-01
8.983347415924072266e-01
9.224961400032043457e-01
9.046301245689392090e-01
9.063196182250976562e-01
7.842078208923339844e-01
9.180513024330139160e-01
8.348910212516784668e-01
8.782961368560791016e-01
9.240679740905761719e-01
8.179723024368286133e-01
9.307131767272949219e-01
8.975860476493835449e-01
8.072913289070129395e-01
8.959010243415832520e-01
9.440155029296875000e-01
9.351291060447692871e-01
9.528895020484924316e-01
9.459581971168518066e-01
7.861305475234985352e-01
9.276037812232971191e-01
9.090592861175537109e-01
9.567827582359313965e-01
9.503949284553527832e-01
9.445638656616210938e-01
9.414798021316528320e-01
8.693229556083679199e-01
9.296920895576477051e-01
9.008951783180236816e-01
9.751919507980346680e-01
9.614893794059753418e-01
8.440377712249755859e-01
9.665442109107971191e-01
-9.899900000000000000e+04
9.945034384727478027e-01
8.877551555633544922e-01
9.874929785728454590e-01
9.824221730232238770e-01
-9.899900000000000000e+04
9.971564412117004395e-01
9.794256687164306641e-01
