6.291534900665283203e-01
6.358127593994140625e-01
6.388311982154846191e-01
6.632860302925109863e-01
6.512063741683959961e-01
6.525678634643554688e-01
6.705154776573181152e-01
6.766836643218994141e-01
6.748499274253845215e-01
6.793448328971862793e-01
6.641452312469482422e-01
6.614516377449035645e-01
6.751718521118164062e-01
6.840402483940124512e-01
6.808091402053833008e-01
6.848210692405700684e-01
6.826283931732177734e-01
6.677614450454711914e-01
6.701015233993530273e-01
6.855593919754028320e-01
6.744753122329711914e-01
6.750268340110778809e-01
6.590098738670349121e-01
7.045492529869079590e-01
6.839741468429565430e-01
6.908357143402099609e-01
7.049759626388549805e-01
6.795616149902343750e-01
6.789994835853576660e-01
7.048460245132446289e-01
6.823386549949645996e-01
7.020954489707946777e-01
6.908361315727233887e-01
6.898482441902160645e-01
6.902229189872741699e-01
6.923815608024597168e-01
6.986758112907409668e-01
7.049526572227478027e-01
7.092423439025878906e-01
6.979539990425109863e-01
7.075406312942504883e-01
7.037339806556701660e-01
7.083740234375000000e-01
7.066247463226318359e-01
6.988590955734252930e-01
7.058564424514770508e-01
7.083935737609863281e-01
7.121877670288085938e-01
7.122215032577514648e-01
7.121317982673645020e-01
6.988559961318969727e-01
7.119511961936950684e-01
7.147942185401916504e-01
6.993444561958312988e-01
7.081551551818847656e-01
7.012870907783508301e-01
7.193891406059265137e-01
7.227237820625305176e-01
7.124534249305725098e-01
7.293059825897216797e-01
7.347674369812011719e-01
7.217203974723815918e-01
7.171091437339782715e-01
7.206897735595703125e-01
7.062514424324035645e-01
7.380129098892211914e-01
7.216925024986267090e-01
7.239668369293212891e-01
7.371838688850402832e-01
7.334731817245483398e-01
7.424593567848205566e-01
7.181259989738464355e-01
7.486215233802795410e-01
7.359205484390258789e-01
7.345509529113769531e-01
7.496652603149414062e-01
7.432983517646789551e-01
7.449913620948791504e-01
7.402794957160949707e-01
7.491346001625061035e-01
7.509279847145080566e-01
7.598200440406799316e-01
7.577866911888122559e-01
7.402811646461486816e-01
7.619459033012390137e-01
7.651246190071105957e-01
7.725728750228881836e-01
7.677516341209411621e-01
7.825000286102294922e-01
7.954357266426086426e-01
7.807307839393615723e-01
7.851226925849914551e-01
7.950696349143981934e-01
7.471481561660766602e-01
7.829828262329101562e-01
7.899669408798217773e-01
7.738456130027770996e-01
7.836974859237670898e-01
7.909447550773620605e-01
7.887957692146301270e-01
7.746478319168090820e-01
7.703129649162292480e-01
8.073422312736511230e-01
7.774011492729187012e-01
8.070762753486633301e-01
8.021922111511230469e-01
8.074121475219726562e-01
7.901598811149597168e-01
8.114300370216369629e-01
7.988091707229614258e-01
8.057011961936950684e-01
8.053883910179138184e-01
8.151236772537231445e-01
8.079312443733215332e-01
8.240876793861389160e-01
8.138020634651184082e-01
7.964306473731994629e-01
8.331845998764038086e-01
8.168135881423950195e-01
8.113920092582702637e-01
8.278390765190124512e-01
8.271154761314392090e-01
8.586728572845458984e-01
8.547627329826354980e-01
8.554977774620056152e-01
8.564405441284179688e-01
8.567016720771789551e-01
8.635110259056091309e-01
8.570567369461059570e-01
8.658975362777709961e-01
8.544515371322631836e-01
8.668887019157409668e-01
8.589692711830139160e-01
8.782265782356262207e-01
8.572183251380920410e-01
8.748878836631774902e-01
8.744283318519592285e-01
8.716464638710021973e-01
8.604624867439270020e-01
8.685461878776550293e-01
8.497105240821838379e-01
8.666089773178100586e-01
8.840881586074829102e-01
8.433221578598022461e-01
8.832466006278991699e-01
8.982065320014953613e-01
8.994083404541015625e-01
8.907288908958435059e-01
8.928952217102050781e-01
8.933725953102111816e-01
8.881029486656188965e-01
9.004068374633789062e-01
8.893606662750244141e-01
8.874980211257934570e-01
9.154557585716247559e-01
9.221782088279724121e-01
9.042283296585083008e-01
9.174671173095703125e-01
9.066771864891052246e-01
9.084270596504211426e-01
9.140964746475219727e-01
8.403654694557189941e-01
8.579606413841247559e-01
8.892421126365661621e-01
9.179095029830932617e-01
9.086920619010925293e-01
9.290563464164733887e-01
9.275978803634643555e-01
9.158730506896972656e-01
9.274653196334838867e-01
9.201457500457763672e-01
8.822245001792907715e-01
9.064850807189941406e-01
9.371749758720397949e-01
9.146795272827148438e-01
9.078960418701171875e-01
9.321694970130920410e-01
9.187132120132446289e-01
9.404534697532653809e-01
8.257569670677185059e-01
9.555430412292480469e-01
9.302057027816772461e-01
9.501445889472961426e-01
9.394114613533020020e-01
8.948681950569152832e-01
9.177178144454956055e-01
9.432634711265563965e-01
9.564746618270874023e-01
9.762481451034545898e-01
9.440757036209106445e-01
9.869460463523864746e-01
9.908492565155029297e-01
9.753792881965637207e-01
9.542244672775268555e-01
9.695276021957397461e-01
9.662876725196838379e-01
9.815926551818847656e-01
9.765064716339111328e-01
9.934973120689392090e-01
8.538464307785034180e-01
-9.899900000000000000e+04
9.330227971076965332e-01
9.720750451087951660e-01
9.780289530754089355e-01
9.810827374458312988e-01
9.465320706367492676e-01
-9.899900000000000000e+04
9.968197345733642578e-01
8.713942170143127441e-01
-9.899900000000000000e+04
-9.899900000000000000e+04
-9.899900000000000000e+04
9.613541364669799805e-01
-9.899900000000000000e+04
-9.899900000000000000e+04
8.389164805412292480e-01
-9.899900000000000000e+04
9.965035915374755859e-01
-9.899900000000000000e+04
-9.899900000000000000e+04
8.924620151519775391e-01
