6.291534900665283203e-01
6.517849564552307129e-01
6.407510042190551758e-01
6.632860302925109863e-01
6.627352833747863770e-01
6.656777262687683105e-01
6.603446006774902344e-01
6.711410880088806152e-01
6.746804118156433105e-01
6.654602885246276855e-01
6.664795279502868652e-01
6.596245169639587402e-01
6.817724108695983887e-01
6.767228245735168457e-01
6.808091402053833008e-01
6.848210692405700684e-01
6.770184636116027832e-01
6.710654497146606445e-01
6.662587523460388184e-01
6.816264390945434570e-01
6.814482212066650391e-01
6.750268340110778809e-01
6.744313240051269531e-01
6.926614642143249512e-01
6.966059207916259766e-01
6.991040706634521484e-01
6.846418976783752441e-01
6.987124085426330566e-01
6.936869025230407715e-01
6.904824376106262207e-01
7.028314471244812012e-01
6.954005360603332520e-01
6.865002512931823730e-01
6.897674202919006348e-01
6.912078857421875000e-01
6.959061026573181152e-01
7.005476951599121094e-01
6.983587145805358887e-01
7.084416747093200684e-01
7.186087369918823242e-01
7.067168951034545898e-01
7.053254842758178711e-01
7.044899463653564453e-01
6.948034763336181641e-01
7.015292644500732422e-01
7.102388739585876465e-01
7.047120332717895508e-01
7.143719792366027832e-01
7.147235870361328125e-01
7.097156643867492676e-01
7.114052772521972656e-01
7.182856798171997070e-01
7.138318419456481934e-01
7.018286585807800293e-01
7.174700498580932617e-01
7.182346582412719727e-01
7.202186584472656250e-01
7.148084044456481934e-01
6.943968534469604492e-01
7.169597744941711426e-01
7.264443039894104004e-01
7.295385003089904785e-01
7.069472670555114746e-01
7.179550528526306152e-01
7.311232089996337891e-01
7.387450337409973145e-01
7.230584025382995605e-01
7.245409488677978516e-01
7.094780206680297852e-01
7.389094233512878418e-01
7.270214557647705078e-01
7.395361661911010742e-01
7.425070405006408691e-01
7.668519020080566406e-01
7.490841150283813477e-01
7.440662980079650879e-01
7.467390894889831543e-01
7.448683381080627441e-01
7.293725609779357910e-01
7.315441370010375977e-01
7.615550160408020020e-01
7.663952112197875977e-01
7.589251399040222168e-01
7.445715665817260742e-01
7.517957091331481934e-01
7.382731437683105469e-01
7.820405960083007812e-01
7.495636940002441406e-01
7.480637431144714355e-01
7.339308857917785645e-01
7.565728425979614258e-01
7.759494781494140625e-01
7.557449936866760254e-01
7.896471023559570312e-01
8.018741607666015625e-01
7.764641046524047852e-01
7.937172055244445801e-01
7.890286445617675781e-01
7.825972437858581543e-01
7.814943790435791016e-01
7.910209298133850098e-01
7.853698134422302246e-01
7.798920273780822754e-01
7.928358316421508789e-01
8.141831755638122559e-01
7.992700338363647461e-01
7.939960360527038574e-01
8.154363632202148438e-01
8.120083808898925781e-01
8.084423542022705078e-01
7.896370291709899902e-01
8.084442019462585449e-01
8.148113489151000977e-01
7.973662614822387695e-01
8.171373009681701660e-01
8.147538304328918457e-01
8.189130425453186035e-01
8.151186704635620117e-01
8.426119089126586914e-01
8.350418806076049805e-01
8.292480707168579102e-01
8.458190560340881348e-01
8.460089564323425293e-01
8.513309359550476074e-01
8.524937033653259277e-01
8.556315898895263672e-01
8.596888780593872070e-01
8.702057003974914551e-01
8.612335324287414551e-01
8.277022838592529297e-01
7.980095744132995605e-01
8.545477390289306641e-01
8.640614151954650879e-01
8.677033185958862305e-01
8.706693649291992188e-01
8.501949906349182129e-01
8.616535067558288574e-01
8.830619454383850098e-01
8.323090076446533203e-01
8.684678673744201660e-01
8.805907368659973145e-01
8.712132573127746582e-01
8.927862644195556641e-01
8.824069499969482422e-01
8.563254475593566895e-01
8.758395314216613770e-01
8.568421602249145508e-01
8.971483111381530762e-01
8.870665431022644043e-01
8.933161497116088867e-01
8.812906146049499512e-01
8.455905914306640625e-01
8.753181695938110352e-01
8.840959668159484863e-01
8.972508907318115234e-01
8.851029872894287109e-01
9.198997616767883301e-01
9.142060279846191406e-01
9.029868245124816895e-01
8.515607118606567383e-01
9.279844164848327637e-01
9.296389818191528320e-01
9.222136735916137695e-01
9.228338599205017090e-01
9.137833118438720703e-01
9.029869437217712402e-01
9.219010472297668457e-01
9.269039630889892578e-01
8.650766015052795410e-01
9.006333351135253906e-01
9.087328314781188965e-01
8.983764648437500000e-01
9.500150084495544434e-01
7.965773344039916992e-01
9.473055601119995117e-01
9.359663724899291992e-01
9.087388515472412109e-01
9.287931323051452637e-01
9.357743263244628906e-01
9.434332251548767090e-01
9.433354139328002930e-01
8.107951879501342773e-01
9.256170988082885742e-01
9.144586920738220215e-01
9.268931150436401367e-01
8.824657201766967773e-01
8.853588700294494629e-01
9.039987921714782715e-01
9.549521803855895996e-01
9.624183177947998047e-01
9.742021560668945312e-01
9.598450064659118652e-01
9.312302470207214355e-01
9.189127683639526367e-01
9.940409064292907715e-01
9.782490730285644531e-01
9.555019140243530273e-01
9.946435093879699707e-01
9.062530398368835449e-01
8.438794612884521484e-01
1.003236293792724609e+00
8.485894799232482910e-01
-9.899900000000000000e+04
8.434367179870605469e-01
9.877337813377380371e-01
-9.899900000000000000e+04
9.862056374549865723e-01
9.779099225997924805e-01
-9.899900000000000000e+04
9.535495638847351074e-01
-9.899900000000000000e+04
-9.899900000000000000e+04
-9.899900000000000000e+04
-9.899900000000000000e+04
-9.899900000000000000e+04
9.663885831832885742e-01
-9.899900000000000000e+04
-9.899900000000000000e+04
9.473186135292053223e-01
-9.899900000000000000e+04
-9.899900000000000000e+04
-9.899900000000000000e+04
-9.899900000000000000e+04
9.930970072746276855e-01
9.684218168258666992e-01
