6.461329460144042969e-01
6.358127593994140625e-01
6.407510042190551758e-01
6.606395840644836426e-01
6.617763042449951172e-01
6.493827104568481445e-01
6.686866879463195801e-01
6.703080534934997559e-01
6.592803001403808594e-01
6.673698425292968750e-01
6.664795279502868652e-01
6.715624332427978516e-01
6.635732054710388184e-01
6.775087118148803711e-01
6.813262104988098145e-01
6.695431470870971680e-01
6.755884289741516113e-01
6.710654497146606445e-01
6.757262945175170898e-01
6.843210458755493164e-01
6.787980198860168457e-01
6.785908937454223633e-01
6.749833226203918457e-01
6.922982931137084961e-01
7.024981975555419922e-01
6.888324022293090820e-01
7.006276845932006836e-01
6.996856331825256348e-01
6.651045083999633789e-01
7.038441896438598633e-01
6.866462826728820801e-01
7.015020847320556641e-01
7.017874121665954590e-01
6.898482441902160645e-01
6.955842375755310059e-01
7.021046876907348633e-01
6.962276697158813477e-01
6.951841711997985840e-01
7.071206569671630859e-01
7.107880115509033203e-01
7.042242288589477539e-01
7.086316347122192383e-01
7.088007330894470215e-01
7.030638456344604492e-01
7.092709541320800781e-01
7.130771279335021973e-01
6.937935948371887207e-01
7.054915428161621094e-01
7.159442901611328125e-01
7.181866765022277832e-01
6.937249898910522461e-01
7.046077847480773926e-01
7.007408142089843750e-01
7.057327628135681152e-01
7.072753310203552246e-01
7.208265066146850586e-01
7.115406990051269531e-01
6.974385976791381836e-01
7.118116617202758789e-01
7.138196825981140137e-01
7.337159514427185059e-01
7.142298817634582520e-01
7.184234857559204102e-01
7.194423675537109375e-01
7.294750809669494629e-01
7.237042784690856934e-01
7.409085035324096680e-01
7.078693509101867676e-01
7.321124672889709473e-01
7.313050031661987305e-01
7.410116791725158691e-01
7.294266819953918457e-01
7.278755307197570801e-01
7.568726539611816406e-01
7.347118258476257324e-01
7.404617667198181152e-01
7.490128874778747559e-01
7.283090353012084961e-01
7.574909925460815430e-01
7.309335470199584961e-01
7.595117688179016113e-01
7.544479966163635254e-01
7.504262328147888184e-01
7.703310251235961914e-01
7.436946630477905273e-01
7.797973155975341797e-01
7.904410958290100098e-01
7.704910635948181152e-01
7.474687099456787109e-01
7.818009853363037109e-01
7.897947430610656738e-01
7.879052162170410156e-01
7.753580808639526367e-01
7.821257114410400391e-01
7.700313925743103027e-01
7.858251333236694336e-01
7.614880800247192383e-01
7.590125799179077148e-01
7.789192795753479004e-01
7.943583130836486816e-01
7.955081462860107422e-01
7.691587805747985840e-01
7.942864894866943359e-01
7.830047011375427246e-01
8.037445545196533203e-01
7.937978506088256836e-01
8.021677732467651367e-01
8.024323582649230957e-01
8.204117417335510254e-01
8.177689909934997559e-01
8.196688890457153320e-01
7.633948326110839844e-01
7.794199585914611816e-01
8.186872601509094238e-01
8.170838356018066406e-01
8.139008879661560059e-01
8.292179703712463379e-01
8.391501307487487793e-01
8.334894180297851562e-01
8.237996101379394531e-01
8.467856049537658691e-01
8.245877623558044434e-01
8.457297086715698242e-01
8.538514971733093262e-01
8.538469076156616211e-01
8.217331767082214355e-01
8.498990535736083984e-01
8.504579663276672363e-01
8.646273016929626465e-01
8.525088429450988770e-01
8.579819202423095703e-01
8.617689609527587891e-01
8.678854107856750488e-01
8.530189394950866699e-01
8.631584048271179199e-01
8.644053339958190918e-01
8.754081726074218750e-01
8.686859607696533203e-01
8.813785910606384277e-01
8.718408346176147461e-01
8.848556280136108398e-01
8.690937757492065430e-01
8.659356832504272461e-01
8.951934576034545898e-01
8.960616588592529297e-01
8.925750255584716797e-01
9.110690951347351074e-01
8.734561800956726074e-01
8.894284367561340332e-01
8.903668522834777832e-01
9.120255112648010254e-01
8.989965319633483887e-01
8.367694020271301270e-01
8.748047351837158203e-01
8.571124076843261719e-01
9.033693075180053711e-01
9.196443557739257812e-01
8.653377294540405273e-01
9.166331291198730469e-01
9.158558845520019531e-01
8.969317078590393066e-01
9.195441603660583496e-01
9.189786314964294434e-01
9.000043869018554688e-01
8.236809968948364258e-01
9.147803187370300293e-01
8.853502869606018066e-01
9.200109839439392090e-01
9.228411912918090820e-01
9.287267923355102539e-01
9.183952808380126953e-01
9.135267138481140137e-01
9.357827305793762207e-01
9.203151464462280273e-01
9.413529038429260254e-01
9.237619638442993164e-01
9.500452876091003418e-01
9.359726905822753906e-01
9.486613273620605469e-01
9.300600290298461914e-01
7.688661813735961914e-01
9.247606396675109863e-01
9.482754468917846680e-01
9.620714187622070312e-01
9.486464858055114746e-01
9.368472695350646973e-01
9.801676869392395020e-01
9.694857597351074219e-01
9.545840620994567871e-01
9.417488574981689453e-01
9.549567699432373047e-01
9.763067364692687988e-01
9.864482879638671875e-01
9.494309425354003906e-01
1.011171340942382812e+00
9.522551298141479492e-01
9.815049767494201660e-01
7.913643717765808105e-01
9.801642894744873047e-01
-9.899900000000000000e+04
9.659956097602844238e-01
-9.899900000000000000e+04
9.823237657546997070e-01
-9.899900000000000000e+04
9.746268391609191895e-01
