6.291534900665283203e-01
6.257067918777465820e-01
6.412144899368286133e-01
6.632860302925109863e-01
6.627352833747863770e-01
6.472339630126953125e-01
6.557057499885559082e-01
6.678663492202758789e-01
6.592803001403808594e-01
6.673698425292968750e-01
6.639269590377807617e-01
6.614516377449035645e-01
6.751718521118164062e-01
6.657763719558715820e-01
6.822105050086975098e-01
6.686975359916687012e-01
6.741776466369628906e-01
6.710654497146606445e-01
6.750097870826721191e-01
6.653511524200439453e-01
6.899451017379760742e-01
6.855170130729675293e-01
6.871144175529479980e-01
6.907753348350524902e-01
6.971731781959533691e-01
6.896528005599975586e-01
7.030092477798461914e-01
6.892330050468444824e-01
6.874123811721801758e-01
6.932346820831298828e-01
7.032066583633422852e-01
6.876907348632812500e-01
6.965100765228271484e-01
6.991788148880004883e-01
6.904101967811584473e-01
6.957734823226928711e-01
6.958599090576171875e-01
7.049033045768737793e-01
7.117148041725158691e-01
6.965234875679016113e-01
6.997057199478149414e-01
6.964943408966064453e-01
6.860904693603515625e-01
7.026211023330688477e-01
7.068717479705810547e-01
7.008962631225585938e-01
7.042613029479980469e-01
7.072033286094665527e-01
7.069681882858276367e-01
7.200874090194702148e-01
7.034026384353637695e-01
7.018133997917175293e-01
7.137974500656127930e-01
7.118613719940185547e-01
7.013303637504577637e-01
7.073898911476135254e-01
7.080751061439514160e-01
7.115743160247802734e-01
7.121905088424682617e-01
7.294543385505676270e-01
7.156588435173034668e-01
7.287956476211547852e-01
7.274169921875000000e-01
7.292461991310119629e-01
7.162855863571166992e-01
7.235068082809448242e-01
7.410484552383422852e-01
7.356874942779541016e-01
7.425209283828735352e-01
7.428978681564331055e-01
7.268071770668029785e-01
7.506502270698547363e-01
7.483513355255126953e-01
7.188589572906494141e-01
7.358105778694152832e-01
7.521932125091552734e-01
7.443907260894775391e-01
7.254279255867004395e-01
7.503747344017028809e-01
7.091060280799865723e-01
7.243716716766357422e-01
7.250273823738098145e-01
7.574547529220581055e-01
7.559120655059814453e-01
7.718582749366760254e-01
7.730754017829895020e-01
7.562068104743957520e-01
7.849379777908325195e-01
7.600601315498352051e-01
7.821021676063537598e-01
7.715309262275695801e-01
7.898966670036315918e-01
7.707756757736206055e-01
7.875212430953979492e-01
7.861485481262207031e-01
7.941675186157226562e-01
7.954885363578796387e-01
7.710548043251037598e-01
7.920231819152832031e-01
7.953581809997558594e-01
7.970451116561889648e-01
7.930424213409423828e-01
8.000268936157226562e-01
8.044985532760620117e-01
7.594209909439086914e-01
7.534157633781433105e-01
8.143627047538757324e-01
8.123601078987121582e-01
7.996948957443237305e-01
8.083474040031433105e-01
7.893578410148620605e-01
8.163563013076782227e-01
8.036578893661499023e-01
8.204867839813232422e-01
8.269463181495666504e-01
8.027875423431396484e-01
8.238483667373657227e-01
8.040823936462402344e-01
8.047505617141723633e-01
8.168644905090332031e-01
8.367136120796203613e-01
8.120875954627990723e-01
8.459869623184204102e-01
8.513537049293518066e-01
8.568550944328308105e-01
8.749123811721801758e-01
8.576219081878662109e-01
8.390542864799499512e-01
8.486794233322143555e-01
8.674967885017395020e-01
8.302465677261352539e-01
8.486895561218261719e-01
8.363533616065979004e-01
8.689160943031311035e-01
8.725134134292602539e-01
8.753700852394104004e-01
8.286445140838623047e-01
8.707338571548461914e-01
8.667215704917907715e-01
8.730401992797851562e-01
8.808415532112121582e-01
8.715518712997436523e-01
8.845361471176147461e-01
8.915796279907226562e-01
8.956096172332763672e-01
8.858397603034973145e-01
8.853585720062255859e-01
8.894610404968261719e-01
8.929746150970458984e-01
8.775314688682556152e-01
9.010697603225708008e-01
8.825778961181640625e-01
8.834693431854248047e-01
8.897861838340759277e-01
9.064561128616333008e-01
8.899778127670288086e-01
9.105334877967834473e-01
9.167453646659851074e-01
9.007493257522583008e-01
8.890312314033508301e-01
9.136642813682556152e-01
9.058221578598022461e-01
9.017192125320434570e-01
8.850656747817993164e-01
9.064092040061950684e-01
8.992263078689575195e-01
9.236551523208618164e-01
9.224640130996704102e-01
9.076163172721862793e-01
9.413803815841674805e-01
9.187397360801696777e-01
9.254596233367919922e-01
9.076702594757080078e-01
8.364396095275878906e-01
7.801325917243957520e-01
9.048540592193603516e-01
9.434852600097656250e-01
9.398747682571411133e-01
9.312101006507873535e-01
8.984323740005493164e-01
9.416659474372863770e-01
9.541886448860168457e-01
7.918618321418762207e-01
9.680466651916503906e-01
9.143673181533813477e-01
9.395096898078918457e-01
9.609403610229492188e-01
9.476445913314819336e-01
9.591656327247619629e-01
9.673389792442321777e-01
9.345715641975402832e-01
9.664981961250305176e-01
9.017038345336914062e-01
9.531688094139099121e-01
9.730159640312194824e-01
9.796596169471740723e-01
8.370057344436645508e-01
9.712598323822021484e-01
8.704656362533569336e-01
9.792057275772094727e-01
9.791609644889831543e-01
9.893475770950317383e-01
1.003194689750671387e+00
-9.899900000000000000e+04
