6.291534900665283203e-01
6.257067918777465820e-01
6.407510042190551758e-01
6.606395840644836426e-01
6.617763042449951172e-01
6.639208197593688965e-01
6.617761850357055664e-01
6.678663492202758789e-01
6.592803001403808594e-01
6.793448328971862793e-01
6.770343780517578125e-01
6.801465153694152832e-01
6.633976101875305176e-01
6.722197532653808594e-01
6.655953526496887207e-01
6.734188199043273926e-01
6.741776466369628906e-01
6.710654497146606445e-01
6.753183007240295410e-01
6.843210458755493164e-01
6.811931729316711426e-01
6.750268340110778809e-01
6.518429517745971680e-01
6.897810101509094238e-01
7.060412764549255371e-01
7.069317102432250977e-01
7.026354074478149414e-01
6.988013386726379395e-01
6.861440539360046387e-01
6.921910047531127930e-01
6.950358152389526367e-01
6.917415857315063477e-01
7.017874121665954590e-01
6.975266337394714355e-01
6.797505617141723633e-01
6.928925514221191406e-01
7.019261717796325684e-01
6.992508769035339355e-01
7.068926692008972168e-01
7.000137567520141602e-01
7.022657990455627441e-01
7.124544382095336914e-01
7.050594091415405273e-01
7.029286623001098633e-01
7.120600342750549316e-01
6.878201961517333984e-01
7.038303613662719727e-01
7.114604711532592773e-01
7.149152159690856934e-01
7.094280123710632324e-01
6.866065263748168945e-01
6.971490979194641113e-01
7.149564027786254883e-01
7.192362546920776367e-01
7.068527340888977051e-01
6.959149241447448730e-01
7.027586102485656738e-01
7.212536931037902832e-01
7.262923121452331543e-01
7.153092026710510254e-01
7.148576974868774414e-01
7.231044173240661621e-01
7.293404936790466309e-01
6.979632377624511719e-01
7.303509116172790527e-01
7.170498967170715332e-01
7.366462349891662598e-01
7.244138717651367188e-01
7.364917397499084473e-01
7.421704530715942383e-01
7.367156744003295898e-01
7.458244562149047852e-01
7.246292829513549805e-01
7.420957088470458984e-01
7.439219951629638672e-01
7.229748368263244629e-01
7.424020767211914062e-01
7.421344518661499023e-01
7.618364691734313965e-01
7.468657493591308594e-01
7.170300483703613281e-01
7.640604972839355469e-01
7.171031236648559570e-01
7.433855533599853516e-01
7.655141353607177734e-01
7.620332241058349609e-01
7.709272503852844238e-01
7.810535430908203125e-01
7.815598845481872559e-01
7.695185542106628418e-01
7.862771749496459961e-01
7.902452349662780762e-01
7.831600308418273926e-01
7.796300053596496582e-01
7.763737440109252930e-01
7.729455232620239258e-01
7.847591638565063477e-01
8.018007278442382812e-01
7.949437499046325684e-01
7.599108219146728516e-01
7.910312414169311523e-01
8.063405156135559082e-01
7.806491851806640625e-01
8.011713624000549316e-01
7.875715494155883789e-01
8.096975088119506836e-01
8.037737607955932617e-01
8.133310079574584961e-01
8.181425929069519043e-01
7.864575982093811035e-01
8.049740791320800781e-01
8.144277930259704590e-01
8.239697813987731934e-01
8.199242353439331055e-01
8.159118294715881348e-01
8.219715356826782227e-01
8.038277029991149902e-01
8.451257944107055664e-01
8.300371766090393066e-01
8.215403556823730469e-01
8.446953892707824707e-01
8.452472090721130371e-01
8.160880804061889648e-01
8.356716632843017578e-01
8.542706370353698730e-01
8.480499386787414551e-01
8.280172944068908691e-01
8.650144338607788086e-01
8.547437787055969238e-01
8.727265000343322754e-01
8.655911684036254883e-01
8.747308850288391113e-01
8.678781390190124512e-01
8.631707429885864258e-01
8.788095116615295410e-01
8.781872987747192383e-01
8.518148064613342285e-01
8.690317273139953613e-01
8.815286159515380859e-01
8.657423257827758789e-01
8.531407117843627930e-01
8.621277213096618652e-01
8.919684290885925293e-01
8.755033612251281738e-01
8.709856271743774414e-01
8.863556981086730957e-01
9.006683826446533203e-01
8.928033709526062012e-01
8.789343833923339844e-01
8.790035247802734375e-01
8.782999515533447266e-01
9.035303592681884766e-01
8.931154608726501465e-01
8.668580651283264160e-01
9.044512510299682617e-01
8.812194466590881348e-01
9.029415845870971680e-01
9.062274694442749023e-01
8.712359070777893066e-01
8.931126594543457031e-01
9.168441891670227051e-01
9.178553223609924316e-01
8.961319923400878906e-01
8.852708339691162109e-01
8.984319567680358887e-01
9.241770505905151367e-01
9.260274767875671387e-01
9.305480122566223145e-01
9.222725629806518555e-01
9.298291206359863281e-01
9.085531234741210938e-01
8.317903280258178711e-01
8.814194798469543457e-01
9.175285100936889648e-01
9.022738933563232422e-01
9.485127925872802734e-01
9.417169690132141113e-01
9.516258239746093750e-01
9.070534706115722656e-01
9.305690526962280273e-01
9.441320896148681641e-01
8.861750364303588867e-01
9.687604904174804688e-01
9.467508792877197266e-01
7.775447964668273926e-01
9.276363253593444824e-01
9.454648494720458984e-01
9.535922408103942871e-01
9.910119175910949707e-01
9.272056221961975098e-01
9.247918128967285156e-01
9.452252984046936035e-01
9.483845829963684082e-01
9.795041084289550781e-01
1.006720066070556641e+00
1.004089713096618652e+00
9.413372278213500977e-01
9.537712931632995605e-01
9.523761868476867676e-01
9.684103727340698242e-01
-9.899900000000000000e+04
-9.899900000000000000e+04
9.820963144302368164e-01
