6.461329460144042969e-01
6.517849564552307129e-01
6.407510042190551758e-01
6.632860302925109863e-01
6.476992368698120117e-01
6.639208197593688965e-01
6.616687774658203125e-01
6.693965792655944824e-01
6.734914183616638184e-01
6.654602885246276855e-01
6.664795279502868652e-01
6.636283397674560547e-01
6.690333485603332520e-01
6.722197532653808594e-01
6.657516956329345703e-01
6.695431470870971680e-01
6.770184636116027832e-01
6.743230819702148438e-01
6.746504306793212891e-01
6.838296055793762207e-01
6.928628683090209961e-01
6.802825331687927246e-01
6.510673165321350098e-01
7.036659121513366699e-01
6.718822717666625977e-01
6.880461573600769043e-01
6.878142356872558594e-01
6.887050867080688477e-01
6.877900362014770508e-01
7.082548737525939941e-01
6.835753321647644043e-01
7.015020847320556641e-01
7.024661898612976074e-01
6.905837655067443848e-01
6.992788314819335938e-01
6.886520981788635254e-01
6.956791281700134277e-01
6.986204385757446289e-01
6.969548463821411133e-01
7.107880115509033203e-01
7.067958712577819824e-01
7.066019773483276367e-01
7.087279558181762695e-01
7.111676931381225586e-01
7.092535495758056641e-01
7.029966711997985840e-01
7.051894068717956543e-01
6.898772120475769043e-01
7.090941071510314941e-01
7.183129787445068359e-01
6.936106085777282715e-01
7.078801393508911133e-01
7.154973745346069336e-01
7.152258753776550293e-01
7.179201245307922363e-01
7.248621582984924316e-01
7.076546549797058105e-01
7.239528894424438477e-01
7.102078199386596680e-01
7.249126434326171875e-01
7.031456828117370605e-01
7.018263936042785645e-01
7.299176454544067383e-01
7.279139161109924316e-01
7.350956201553344727e-01
7.135550379753112793e-01
7.241731882095336914e-01
7.353715896606445312e-01
7.382709980010986328e-01
7.210384011268615723e-01
7.331934571266174316e-01
7.350364327430725098e-01
7.374940514564514160e-01
7.444887757301330566e-01
7.322839498519897461e-01
7.548153996467590332e-01
7.438952922821044922e-01
7.446503639221191406e-01
7.558934092521667480e-01
7.545773386955261230e-01
7.303330898284912109e-01
7.463145256042480469e-01
7.641392946243286133e-01
7.457533478736877441e-01
7.348336577415466309e-01
7.526673078536987305e-01
7.824710011482238770e-01
7.800717949867248535e-01
7.703433632850646973e-01
7.697080969810485840e-01
7.531664371490478516e-01
7.771638631820678711e-01
7.882407903671264648e-01
7.826728820800781250e-01
7.843868136405944824e-01
7.815169095993041992e-01
8.036319017410278320e-01
7.828217148780822754e-01
7.817372083663940430e-01
7.806447744369506836e-01
8.016296029090881348e-01
7.916504740715026855e-01
7.959125638008117676e-01
7.932348251342773438e-01
8.020195364952087402e-01
7.773317694664001465e-01
8.140553832054138184e-01
8.095065951347351074e-01
8.171854019165039062e-01
8.050022721290588379e-01
7.967129349708557129e-01
7.907558679580688477e-01
8.076307773590087891e-01
8.195335268974304199e-01
8.305138945579528809e-01
8.266845345497131348e-01
7.877673506736755371e-01
8.339759707450866699e-01
7.564215064048767090e-01
8.257194757461547852e-01
8.448046445846557617e-01
8.483953475952148438e-01
8.523104786872863770e-01
8.475447893142700195e-01
8.550953269004821777e-01
8.441625833511352539e-01
8.591866493225097656e-01
8.754267096519470215e-01
8.586245775222778320e-01
8.631883263587951660e-01
8.473795652389526367e-01
8.697886466979980469e-01
8.735070228576660156e-01
8.734323382377624512e-01
8.736836314201354980e-01
8.741075396537780762e-01
8.777846693992614746e-01
8.496901392936706543e-01
8.704135417938232422e-01
8.803426027297973633e-01
8.696254491806030273e-01
8.083362579345703125e-01
8.971937894821166992e-01
8.903701901435852051e-01
8.854444026947021484e-01
9.040888547897338867e-01
8.860605359077453613e-01
8.791230320930480957e-01
8.728876113891601562e-01
9.008610844612121582e-01
8.893015980720520020e-01
8.847977519035339355e-01
9.015048146247863770e-01
8.862578272819519043e-01
8.727457523345947266e-01
8.889188170433044434e-01
8.959283232688903809e-01
8.483659625053405762e-01
9.143400788307189941e-01
8.970870375633239746e-01
9.235372543334960938e-01
9.178782105445861816e-01
8.823785185813903809e-01
9.065901041030883789e-01
9.137905836105346680e-01
9.011947512626647949e-01
9.296778440475463867e-01
8.832140564918518066e-01
9.427831768989562988e-01
9.138355255126953125e-01
9.031285047531127930e-01
9.162949919700622559e-01
9.220460057258605957e-01
9.137773513793945312e-01
8.311490416526794434e-01
8.885193467140197754e-01
9.074905514717102051e-01
8.495168685913085938e-01
9.623155593872070312e-01
8.432979583740234375e-01
8.371868133544921875e-01
9.556953310966491699e-01
9.503829479217529297e-01
9.463180303573608398e-01
9.566394686698913574e-01
9.654947519302368164e-01
9.656239151954650879e-01
9.660499095916748047e-01
9.544412493705749512e-01
9.789109826087951660e-01
9.512021541595458984e-01
9.189882278442382812e-01
9.601709246635437012e-01
9.833168983459472656e-01
9.264323115348815918e-01
9.372979998588562012e-01
9.682718515396118164e-01
9.906830787658691406e-01
9.429537653923034668e-01
9.765359759330749512e-01
9.968263506889343262e-01
-9.899900000000000000e+04
8.765184283256530762e-01
-9.899900000000000000e+04
9.851658344268798828e-01
-9.899900000000000000e+04
-9.899900000000000000e+04
9.012482762336730957e-01
-9.899900000000000000e+04
9.755876660346984863e-01
9.898266792297363281e-01
