6.461329460144042969e-01
6.257067918777465820e-01
6.402796506881713867e-01
6.606395840644836426e-01
6.627352833747863770e-01
6.493827104568481445e-01
6.616687774658203125e-01
6.678663492202758789e-01
6.608548164367675781e-01
6.654602885246276855e-01
6.664795279502868652e-01
6.642193198204040527e-01
6.678974032402038574e-01
6.568657159805297852e-01
6.713212132453918457e-01
6.695431470870971680e-01
6.741776466369628906e-01
6.668570041656494141e-01
6.690734028816223145e-01
6.879771351814270020e-01
6.876512169837951660e-01
6.875352263450622559e-01
6.871144175529479980e-01
6.934555768966674805e-01
6.954293847084045410e-01
7.013126611709594727e-01
6.882761716842651367e-01
7.043316960334777832e-01
7.004201412200927734e-01
6.908096075057983398e-01
6.826096773147583008e-01
7.080256938934326172e-01
6.880559325218200684e-01
6.991131901741027832e-01
6.935407519340515137e-01
6.957734823226928711e-01
7.019261717796325684e-01
6.980213522911071777e-01
7.092423439025878906e-01
7.188727855682373047e-01
7.072004079818725586e-01
6.958550214767456055e-01
7.137171030044555664e-01
7.014772891998291016e-01
6.927986145019531250e-01
6.945353150367736816e-01
7.042672038078308105e-01
7.144372463226318359e-01
7.112807631492614746e-01
7.182552218437194824e-01
6.977912187576293945e-01
7.128530740737915039e-01
7.027285099029541016e-01
7.220390439033508301e-01
7.190405726432800293e-01
7.102440595626831055e-01
7.206498980522155762e-01
7.121791839599609375e-01
7.247247695922851562e-01
7.118191123008728027e-01
7.149978280067443848e-01
7.122454047203063965e-01
7.183146476745605469e-01
7.304494976997375488e-01
7.088550329208374023e-01
7.368817329406738281e-01
7.279108166694641113e-01
7.355785965919494629e-01
7.373397350311279297e-01
7.118106484413146973e-01
7.273690700531005859e-01
7.264465093612670898e-01
7.207522392272949219e-01
7.606168985366821289e-01
7.601137757301330566e-01
7.167519927024841309e-01
7.522527575492858887e-01
7.454690337181091309e-01
7.457112073898315430e-01
7.526797652244567871e-01
7.350733876228332520e-01
7.338337302207946777e-01
7.634645104408264160e-01
7.616608142852783203e-01
7.718996405601501465e-01
7.740027308464050293e-01
7.600947618484497070e-01
7.785934209823608398e-01
7.664888501167297363e-01
7.730417251586914062e-01
7.705810070037841797e-01
7.849023342132568359e-01
8.009017109870910645e-01
7.860879302024841309e-01
7.908662557601928711e-01
7.782552838325500488e-01
8.008627295494079590e-01
7.908319830894470215e-01
7.783302664756774902e-01
7.906447052955627441e-01
8.014871478080749512e-01
7.940537929534912109e-01
7.957698702812194824e-01
7.948953509330749512e-01
7.790503501892089844e-01
7.825490832328796387e-01
7.984641194343566895e-01
8.039105534553527832e-01
7.989962100982666016e-01
8.062036633491516113e-01
8.147358298301696777e-01
8.201198577880859375e-01
8.006600141525268555e-01
8.150919675827026367e-01
8.337346315383911133e-01
8.250222802162170410e-01
8.274073004722595215e-01
8.528314232826232910e-01
8.375841975212097168e-01
8.285272121429443359e-01
8.416555523872375488e-01
8.254141211509704590e-01
8.496738076210021973e-01
8.267178535461425781e-01
8.735488653182983398e-01
8.571533560752868652e-01
8.338053822517395020e-01
8.578228950500488281e-01
8.674168586730957031e-01
8.439652323722839355e-01
8.494059443473815918e-01
8.698771595954895020e-01
8.649476170539855957e-01
8.800001144409179688e-01
8.773977756500244141e-01
8.649656772613525391e-01
8.670565485954284668e-01
8.746327161788940430e-01
8.481215238571166992e-01
8.903896808624267578e-01
8.890597224235534668e-01
8.857191205024719238e-01
8.817592859268188477e-01
8.879951834678649902e-01
8.898872137069702148e-01
8.922289013862609863e-01
8.804681897163391113e-01
8.937294483184814453e-01
8.812256455421447754e-01
8.912432789802551270e-01
8.812566399574279785e-01
8.878014087677001953e-01
8.514834046363830566e-01
8.969566822052001953e-01
8.862904310226440430e-01
8.714669942855834961e-01
8.793130517005920410e-01
8.883788585662841797e-01
9.068027734756469727e-01
9.182077050209045410e-01
9.134797453880310059e-01
9.066603779792785645e-01
8.167273402214050293e-01
9.156065583229064941e-01
9.225227832794189453e-01
9.168499112129211426e-01
9.232779741287231445e-01
9.242765307426452637e-01
9.056816101074218750e-01
8.804992437362670898e-01
9.441377520561218262e-01
9.346693158149719238e-01
9.269676804542541504e-01
9.277262687683105469e-01
9.381616711616516113e-01
9.202023148536682129e-01
9.196264147758483887e-01
9.374490380287170410e-01
8.514347672462463379e-01
8.672839999198913574e-01
8.558473587036132812e-01
9.656224846839904785e-01
9.609203934669494629e-01
8.341860175132751465e-01
9.651308059692382812e-01
8.824519515037536621e-01
9.638103246688842773e-01
9.848850965499877930e-01
8.205274939537048340e-01
9.597463607788085938e-01
8.107123970985412598e-01
9.894101023674011230e-01
9.749072194099426270e-01
-9.899900000000000000e+04
9.753500223159790039e-01
9.920225739479064941e-01
9.836555719375610352e-01
1.006839513778686523e+00
9.572825431823730469e-01
9.949375987052917480e-01
8.766016364097595215e-01
9.846826791763305664e-01
9.807291030883789062e-01
9.932487607002258301e-01
9.655461907386779785e-01
-9.899900000000000000e+04
8.784356713294982910e-01
-9.899900000000000000e+04
8.397414088249206543e-01
9.475891590118408203e-01
-9.899900000000000000e+04
-9.899900000000000000e+04
-9.899900000000000000e+04
-9.899900000000000000e+04
9.843243956565856934e-01
-9.899900000000000000e+04
9.752544760704040527e-01
9.956919550895690918e-01
-9.899900000000000000e+04
9.099043607711791992e-01
-9.899900000000000000e+04
-9.899900000000000000e+04
-9.899900000000000000e+04
-9.899900000000000000e+04
-9.899900000000000000e+04
-9.899900000000000000e+04
-9.899900000000000000e+04
9.879894256591796875e-01
-9.899900000000000000e+04
-9.899900000000000000e+04
-9.899900000000000000e+04
8.833380341529846191e-01
-9.899900000000000000e+04
9.416260123252868652e-01
-9.899900000000000000e+04
9.747148752212524414e-01
-9.899900000000000000e+04
-9.899900000000000000e+04
-9.899900000000000000e+04
-9.899900000000000000e+04
-9.899900000000000000e+04
-9.899900000000000000e+04
-9.899900000000000000e+04
-9.899900000000000000e+04
-9.899900000000000000e+04
-9.899900000000000000e+04
-9.899900000000000000e+04
-9.899900000000000000e+04
9.739933013916015625e-01
9.494899511337280273e-01
-9.899900000000000000e+04
-9.899900000000000000e+04
-9.899900000000000000e+04
