6.225892305374145508e-01
6.358127593994140625e-01
6.412144899368286133e-01
6.632860302925109863e-01
6.627352833747863770e-01
6.680822372436523438e-01
6.624276041984558105e-01
6.678663492202758789e-01
6.562860608100891113e-01
6.654602885246276855e-01
6.639269590377807617e-01
6.614516377449035645e-01
6.751718521118164062e-01
6.785833835601806641e-01
6.669101715087890625e-01
6.695431470870971680e-01
6.755884289741516113e-01
6.668570041656494141e-01
6.890469193458557129e-01
6.843210458755493164e-01
6.871049404144287109e-01
6.875352263450622559e-01
6.752519607543945312e-01
6.873584985733032227e-01
6.781988739967346191e-01
6.885937452316284180e-01
7.072806954383850098e-01
6.907999515533447266e-01
6.869600415229797363e-01
6.924921870231628418e-01
6.930101513862609863e-01
6.860645413398742676e-01
6.974868178367614746e-01
6.869093775749206543e-01
7.011713385581970215e-01
7.021046876907348633e-01
6.989961266517639160e-01
6.986204385757446289e-01
7.098177075386047363e-01
7.164593338966369629e-01
7.138149142265319824e-01
7.161423563957214355e-01
7.144544720649719238e-01
7.085477113723754883e-01
7.042039632797241211e-01
7.171270847320556641e-01
7.101861238479614258e-01
7.202785611152648926e-01
7.050244808197021484e-01
7.009470462799072266e-01
7.041727304458618164e-01
7.218872904777526855e-01
7.166328430175781250e-01
7.168921232223510742e-01
6.941488981246948242e-01
7.214699983596801758e-01
7.082422971725463867e-01
7.040220499038696289e-01
7.135798931121826172e-01
7.080843448638916016e-01
7.140361666679382324e-01
7.223652601242065430e-01
7.315307259559631348e-01
7.296074032783508301e-01
7.407579421997070312e-01
7.286091446876525879e-01
7.278846502304077148e-01
7.379558086395263672e-01
7.047488093376159668e-01
7.378432154655456543e-01
7.343097925186157227e-01
7.492522001266479492e-01
7.374210953712463379e-01
7.433975934982299805e-01
7.356685996055603027e-01
7.258362770080566406e-01
7.507622838020324707e-01
7.421568632125854492e-01
7.197059392929077148e-01
7.473580837249755859e-01
7.592753767967224121e-01
7.408202290534973145e-01
7.506377696990966797e-01
7.418718934059143066e-01
7.784789204597473145e-01
7.600061297416687012e-01
7.725147604942321777e-01
7.600611448287963867e-01
7.603494524955749512e-01
7.341415882110595703e-01
7.617289423942565918e-01
7.949457764625549316e-01
7.808807492256164551e-01
7.951499223709106445e-01
7.737010717391967773e-01
7.947949171066284180e-01
7.636384963989257812e-01
7.699159383773803711e-01
7.499828934669494629e-01
7.989469766616821289e-01
7.918504476547241211e-01
7.582069635391235352e-01
8.020287156105041504e-01
7.815720438957214355e-01
8.064819574356079102e-01
7.932289242744445801e-01
8.144266605377197266e-01
8.132739067077636719e-01
8.139219284057617188e-01
7.916589379310607910e-01
8.103599548339843750e-01
8.080065846443176270e-01
8.238640427589416504e-01
8.249770998954772949e-01
8.089540600776672363e-01
8.242009282112121582e-01
8.233481049537658691e-01
8.349645733833312988e-01
8.113932013511657715e-01
8.476091623306274414e-01
8.530537486076354980e-01
8.156159520149230957e-01
8.423326611518859863e-01
8.611794114112854004e-01
8.041938543319702148e-01
8.470889925956726074e-01
8.501148819923400879e-01
8.586822152137756348e-01
8.585922122001647949e-01
8.639598488807678223e-01
8.607621788978576660e-01
8.709583878517150879e-01
8.580486178398132324e-01
8.571221828460693359e-01
8.732824921607971191e-01
8.718512654304504395e-01
8.744602203369140625e-01
8.735114336013793945e-01
8.757423162460327148e-01
8.843116164207458496e-01
8.770527839660644531e-01
8.729224801063537598e-01
8.550528287887573242e-01
8.840819001197814941e-01
8.953802585601806641e-01
8.952317833900451660e-01
8.994086980819702148e-01
8.683784008026123047e-01
8.823394775390625000e-01
8.909198641777038574e-01
9.035913944244384766e-01
8.988838791847229004e-01
8.866307139396667480e-01
8.941514492034912109e-01
8.659850358963012695e-01
8.708534240722656250e-01
9.134809970855712891e-01
9.035253524780273438e-01
8.990898132324218750e-01
8.753498196601867676e-01
8.858376145362854004e-01
8.903313875198364258e-01
9.204151034355163574e-01
8.820098638534545898e-01
9.277378916740417480e-01
9.151918888092041016e-01
9.378029704093933105e-01
9.114164113998413086e-01
9.053651094436645508e-01
9.234691858291625977e-01
9.408106803894042969e-01
8.773139715194702148e-01
9.444248676300048828e-01
9.104074239730834961e-01
9.094966650009155273e-01
9.284460544586181641e-01
8.970714211463928223e-01
9.624207615852355957e-01
9.036309719085693359e-01
9.230891466140747070e-01
9.224618077278137207e-01
9.626992940902709961e-01
9.426495432853698730e-01
9.528855085372924805e-01
9.323798418045043945e-01
9.315590262413024902e-01
9.691914916038513184e-01
9.772052168846130371e-01
9.680442810058593750e-01
1.011091947555541992e+00
9.528173804283142090e-01
9.439820051193237305e-01
9.520896673202514648e-01
9.472739696502685547e-01
9.341311454772949219e-01
9.933305978775024414e-01
-9.899900000000000000e+04
9.725078940391540527e-01
9.848361611366271973e-01
9.086090326309204102e-01
9.939767122268676758e-01
-9.899900000000000000e+04
9.943029284477233887e-01
9.598335623741149902e-01
9.366009235382080078e-01
-9.899900000000000000e+04
8.513227105140686035e-01
9.871526956558227539e-01
9.853476881980895996e-01
7.004899382591247559e-01
