6.309524774551391602e-01
6.257067918777465820e-01
6.562239527702331543e-01
6.632860302925109863e-01
6.627352833747863770e-01
6.503523588180541992e-01
6.616687774658203125e-01
6.693965792655944824e-01
6.592803001403808594e-01
6.654602885246276855e-01
6.664795279502868652e-01
6.563141345977783203e-01
6.751718521118164062e-01
6.568657159805297852e-01
6.665367484092712402e-01
6.734188199043273926e-01
6.809154748916625977e-01
6.837844848632812500e-01
6.878952383995056152e-01
6.764035224914550781e-01
6.899451017379760742e-01
6.783048510551452637e-01
6.518429517745971680e-01
6.880162358283996582e-01
6.930550932884216309e-01
7.005990147590637207e-01
7.002098560333251953e-01
6.971027255058288574e-01
6.866396665573120117e-01
7.025297880172729492e-01
6.866462826728820801e-01
6.994097232818603516e-01
6.824141144752502441e-01
6.926406025886535645e-01
6.992788314819335938e-01
6.955252885818481445e-01
6.950838565826416016e-01
6.984028816223144531e-01
7.056393027305603027e-01
7.098127603530883789e-01
7.075406312942504883e-01
6.890361309051513672e-01
7.118402123451232910e-01
6.909992098808288574e-01
7.024405598640441895e-01
6.932142376899719238e-01
7.121088504791259766e-01
6.962888240814208984e-01
7.043396830558776855e-01
7.133939862251281738e-01
7.219691872596740723e-01
6.984640955924987793e-01
7.126502394676208496e-01
6.802219748497009277e-01
7.189269661903381348e-01
7.005159854888916016e-01
7.170552611351013184e-01
7.013435959815979004e-01
7.145268321037292480e-01
7.269678115844726562e-01
7.111203670501708984e-01
7.062333822250366211e-01
7.285876274108886719e-01
7.322919964790344238e-01
7.243521213531494141e-01
7.044062614440917969e-01
7.288704514503479004e-01
7.022127509117126465e-01
7.243193387985229492e-01
7.250464558601379395e-01
7.117525339126586914e-01
7.366802096366882324e-01
7.362800836563110352e-01
7.282440662384033203e-01
7.563434839248657227e-01
7.362561225891113281e-01
7.346535921096801758e-01
7.380131483078002930e-01
7.263780236244201660e-01
7.573210000991821289e-01
7.543017864227294922e-01
7.520695924758911133e-01
7.560299634933471680e-01
7.724741697311401367e-01
7.538222670555114746e-01
7.668836116790771484e-01
7.781030535697937012e-01
7.710835933685302734e-01
7.773652672767639160e-01
7.909333705902099609e-01
7.879455089569091797e-01
7.924485802650451660e-01
7.863302230834960938e-01
7.744841575622558594e-01
7.873828411102294922e-01
7.853799462318420410e-01
7.829348444938659668e-01
8.000401258468627930e-01
7.888037562370300293e-01
7.895820736885070801e-01
7.674137949943542480e-01
7.953407168388366699e-01
7.935608625411987305e-01
7.951408028602600098e-01
7.957314252853393555e-01
8.131704330444335938e-01
8.092458248138427734e-01
8.064101338386535645e-01
8.147518038749694824e-01
7.997169494628906250e-01
8.164542317390441895e-01
8.173790574073791504e-01
8.172398805618286133e-01
8.153409957885742188e-01
8.214896321296691895e-01
8.055002689361572266e-01
8.154900670051574707e-01
7.972956299781799316e-01
8.208792805671691895e-01
8.157873749732971191e-01
8.499469757080078125e-01
8.366602659225463867e-01
8.229546546936035156e-01
8.383976817131042480e-01
8.620700240135192871e-01
8.307178020477294922e-01
7.937809824943542480e-01
8.195924162864685059e-01
8.651499152183532715e-01
8.736140727996826172e-01
8.501222133636474609e-01
8.455145359039306641e-01
8.533645868301391602e-01
8.307684063911437988e-01
8.729588985443115234e-01
8.576028347015380859e-01
8.668245673179626465e-01
8.854363560676574707e-01
8.631481528282165527e-01
8.651745319366455078e-01
8.801225423812866211e-01
8.827914595603942871e-01
8.728523850440979004e-01
8.713238239288330078e-01
8.925845623016357422e-01
8.665072321891784668e-01
8.825420141220092773e-01
8.870992064476013184e-01
8.921653628349304199e-01
8.825585842132568359e-01
8.259413242340087891e-01
8.789627552032470703e-01
9.140634536743164062e-01
9.040723443031311035e-01
9.050475358963012695e-01
9.106541872024536133e-01
9.100231528282165527e-01
9.084736704826354980e-01
8.919060826301574707e-01
8.889549970626831055e-01
8.959805965423583984e-01
9.038039445877075195e-01
8.550399541854858398e-01
8.496775627136230469e-01
9.094536304473876953e-01
8.823138475418090820e-01
9.169679880142211914e-01
9.189632534980773926e-01
9.192541837692260742e-01
9.111624956130981445e-01
9.234508872032165527e-01
9.340165257453918457e-01
9.237573742866516113e-01
9.321804046630859375e-01
9.411267638206481934e-01
9.196392893791198730e-01
9.161909222602844238e-01
9.583080410957336426e-01
8.723015189170837402e-01
8.993635177612304688e-01
9.455255270004272461e-01
9.291191697120666504e-01
8.326275348663330078e-01
9.437266588211059570e-01
8.520708680152893066e-01
9.571051001548767090e-01
9.319323301315307617e-01
9.478259682655334473e-01
9.371055960655212402e-01
9.459440112113952637e-01
9.782114624977111816e-01
9.942374229431152344e-01
9.851220250129699707e-01
9.687452912330627441e-01
8.400269746780395508e-01
9.626274108886718750e-01
1.000338077545166016e+00
9.382062554359436035e-01
9.199306368827819824e-01
9.965238571166992188e-01
9.433845281600952148e-01
9.799606800079345703e-01
