6.225892305374145508e-01
6.517849564552307129e-01
6.412144899368286133e-01
6.606395840644836426e-01
6.617763042449951172e-01
6.472339630126953125e-01
6.579081416130065918e-01
6.678663492202758789e-01
6.592803001403808594e-01
6.637250781059265137e-01
6.673815250396728516e-01
6.803489923477172852e-01
6.677441000938415527e-01
6.584621667861938477e-01
6.675803661346435547e-01
6.893771290779113770e-01
6.809154748916625977e-01
6.863613128662109375e-01
6.701426506042480469e-01
6.843210458755493164e-01
6.768352389335632324e-01
6.750268340110778809e-01
6.602112650871276855e-01
6.874404549598693848e-01
6.986852288246154785e-01
7.012339830398559570e-01
6.863834857940673828e-01
6.811354160308837891e-01
7.000590562820434570e-01
6.918540596961975098e-01
6.992936730384826660e-01
6.867141723632812500e-01
6.911605000495910645e-01
6.997878551483154297e-01
6.934235692024230957e-01
6.930131912231445312e-01
6.935344338417053223e-01
6.988803148269653320e-01
7.049353122711181641e-01
7.049190998077392578e-01
7.046388387680053711e-01
7.131278514862060547e-01
7.020964026451110840e-01
7.059296965599060059e-01
7.098612189292907715e-01
7.076324820518493652e-01
7.057802081108093262e-01
6.958566904067993164e-01
7.085383534431457520e-01
7.156860828399658203e-01
7.185956835746765137e-01
7.129596471786499023e-01
6.984903812408447266e-01
7.199600934982299805e-01
7.140049338340759277e-01
7.228156328201293945e-01
7.082780003547668457e-01
7.108904123306274414e-01
7.088778614997863770e-01
7.333363890647888184e-01
7.282612919807434082e-01
7.193859219551086426e-01
7.282414436340332031e-01
7.225331664085388184e-01
7.340219020843505859e-01
7.107165455818176270e-01
7.381625175476074219e-01
7.235811948776245117e-01
7.251095175743103027e-01
7.359454035758972168e-01
7.428064346313476562e-01
7.309537529945373535e-01
7.280625700950622559e-01
7.339793443679809570e-01
7.501114606857299805e-01
7.505080103874206543e-01
7.431474924087524414e-01
7.380945682525634766e-01
7.524114847183227539e-01
7.439253330230712891e-01
7.288379073143005371e-01
7.468078136444091797e-01
7.772547602653503418e-01
7.599649429321289062e-01
7.636544108390808105e-01
7.377394437789916992e-01
7.493450045585632324e-01
7.717335820198059082e-01
7.714077234268188477e-01
7.704637050628662109e-01
7.925374507904052734e-01
7.775467038154602051e-01
7.677052021026611328e-01
7.766054868698120117e-01
7.849707603454589844e-01
7.745300531387329102e-01
7.365810275077819824e-01
8.003320097923278809e-01
7.803778052330017090e-01
7.780543565750122070e-01
7.868260145187377930e-01
7.757996320724487305e-01
7.859397530555725098e-01
7.975621819496154785e-01
7.802075743675231934e-01
8.099369406700134277e-01
8.106942176818847656e-01
8.006345033645629883e-01
7.983015775680541992e-01
8.199446201324462891e-01
8.247144222259521484e-01
8.219391703605651855e-01
7.891320586204528809e-01
8.331519365310668945e-01
8.266043066978454590e-01
8.274528980255126953e-01
8.145500421524047852e-01
8.218708634376525879e-01
8.334540128707885742e-01
8.537356853485107422e-01
8.414213657379150391e-01
8.183374404907226562e-01
8.131381869316101074e-01
8.183870911598205566e-01
8.512095808982849121e-01
8.585220575332641602e-01
8.496497869491577148e-01
8.602475523948669434e-01
8.638157248497009277e-01
8.542577028274536133e-01
8.458586335182189941e-01
8.669710755348205566e-01
8.623085021972656250e-01
8.626896142959594727e-01
8.658859729766845703e-01
8.631449937820434570e-01
8.832600712776184082e-01
8.655627369880676270e-01
8.690795302391052246e-01
8.720509409904479980e-01
8.870397806167602539e-01
8.480938076972961426e-01
8.821598887443542480e-01
9.041888117790222168e-01
8.704684972763061523e-01
9.162819385528564453e-01
8.832851648330688477e-01
8.866077065467834473e-01
9.119244813919067383e-01
8.859120607376098633e-01
8.871303200721740723e-01
8.840371370315551758e-01
8.946496844291687012e-01
8.898500800132751465e-01
9.055258631706237793e-01
9.089594483375549316e-01
9.034042954444885254e-01
7.988004088401794434e-01
9.001849889755249023e-01
8.993915319442749023e-01
9.045662283897399902e-01
9.135808348655700684e-01
9.234835505485534668e-01
9.085598587989807129e-01
9.128795862197875977e-01
9.130848646163940430e-01
8.909384012222290039e-01
8.825086951255798340e-01
9.406055808067321777e-01
8.927864432334899902e-01
8.787601590156555176e-01
9.359903931617736816e-01
9.271134138107299805e-01
9.318171143531799316e-01
9.242166876792907715e-01
9.304666519165039062e-01
9.361053705215454102e-01
9.216524362564086914e-01
9.493680000305175781e-01
9.207252860069274902e-01
9.703641533851623535e-01
9.382307529449462891e-01
9.451146125793457031e-01
9.484578967094421387e-01
9.252347946166992188e-01
9.261531829833984375e-01
9.590664505958557129e-01
9.574443101882934570e-01
9.534097313880920410e-01
9.520782828330993652e-01
9.497227668762207031e-01
9.826696515083312988e-01
9.834966659545898438e-01
9.652735590934753418e-01
9.774247407913208008e-01
8.523063063621520996e-01
9.679211974143981934e-01
8.568590283393859863e-01
9.752578139305114746e-01
-9.899900000000000000e+04
-9.899900000000000000e+04
-9.899900000000000000e+04
1.008936762809753418e+00
-9.899900000000000000e+04
9.737536907196044922e-01
