6.225892305374145508e-01
6.257067918777465820e-01
6.388311982154846191e-01
6.632860302925109863e-01
6.476992368698120117e-01
6.521380543708801270e-01
6.603446006774902344e-01
6.678663492202758789e-01
6.592803001403808594e-01
6.637250781059265137e-01
6.641452312469482422e-01
6.596245169639587402e-01
6.539099812507629395e-01
6.840402483940124512e-01
6.671554446220397949e-01
6.695431470870971680e-01
6.741776466369628906e-01
6.710654497146606445e-01
6.732835769653320312e-01
6.853554844856262207e-01
6.927218437194824219e-01
6.802825331687927246e-01
6.758947968482971191e-01
6.907803416252136230e-01
6.966059207916259766e-01
6.991040706634521484e-01
6.885696649551391602e-01
6.937755942344665527e-01
6.846235394477844238e-01
7.025297880172729492e-01
6.918739080429077148e-01
7.020954489707946777e-01
7.083101272583007812e-01
6.912381052970886230e-01
6.918588876724243164e-01
6.919738650321960449e-01
6.928185820579528809e-01
6.985812187194824219e-01
7.084416747093200684e-01
7.160422801971435547e-01
7.063642740249633789e-01
7.014990448951721191e-01
7.048807144165039062e-01
7.022345066070556641e-01
6.999580264091491699e-01
7.033459544181823730e-01
7.110611796379089355e-01
7.099838852882385254e-01
7.101725935935974121e-01
7.021246552467346191e-01
7.201671004295349121e-01
7.204689979553222656e-01
7.138190269470214844e-01
7.159974575042724609e-01
7.008776664733886719e-01
7.192419767379760742e-01
6.848598122596740723e-01
7.108554244041442871e-01
7.238653302192687988e-01
7.051615118980407715e-01
7.274591326713562012e-01
7.250102758407592773e-01
7.288857102394104004e-01
7.303563356399536133e-01
7.223753929138183594e-01
7.383313179016113281e-01
7.397140860557556152e-01
7.393657565116882324e-01
7.401982545852661133e-01
7.406095266342163086e-01
7.263084650039672852e-01
7.322883605957031250e-01
7.493895888328552246e-01
7.383072376251220703e-01
7.359887361526489258e-01
7.472001314163208008e-01
7.517410516738891602e-01
7.339342832565307617e-01
7.452877759933471680e-01
7.452009916305541992e-01
7.486792802810668945e-01
7.606521844863891602e-01
7.490212321281433105e-01
7.390162348747253418e-01
7.619876861572265625e-01
7.639756798744201660e-01
7.716720104217529297e-01
7.657405734062194824e-01
7.890349030494689941e-01
7.833455801010131836e-01
7.758669257164001465e-01
7.456910610198974609e-01
7.908910512924194336e-01
7.893719077110290527e-01
7.981513142585754395e-01
7.852472066879272461e-01
7.718423008918762207e-01
7.940514087677001953e-01
7.809063792228698730e-01
7.645152211189270020e-01
7.946901321411132812e-01
8.065910935401916504e-01
8.127471208572387695e-01
8.033355474472045898e-01
7.938311696052551270e-01
7.917267680168151855e-01
7.856430411338806152e-01
8.114553093910217285e-01
8.025765419006347656e-01
7.940362691879272461e-01
7.999854087829589844e-01
7.604056000709533691e-01
8.241931200027465820e-01
8.194376230239868164e-01
8.358159065246582031e-01
7.864559888839721680e-01
7.760308980941772461e-01
8.112570643424987793e-01
8.216302394866943359e-01
8.218956589698791504e-01
8.336871266365051270e-01
8.384667038917541504e-01
8.391278386116027832e-01
8.594295978546142578e-01
8.529806137084960938e-01
8.590779304504394531e-01
8.655405640602111816e-01
8.582860231399536133e-01
8.558304309844970703e-01
8.605714440345764160e-01
8.578491806983947754e-01
8.756042122840881348e-01
8.612807989120483398e-01
8.648172616958618164e-01
8.662344813346862793e-01
8.794646859169006348e-01
8.657789230346679688e-01
8.590244054794311523e-01
8.868764042854309082e-01
8.558840751647949219e-01
8.717719912528991699e-01
8.815237879753112793e-01
8.657172322273254395e-01
8.920739293098449707e-01
8.861058950424194336e-01
8.885695934295654297e-01
9.001157283782958984e-01
9.034606814384460449e-01
8.761920928955078125e-01
8.830044269561767578e-01
8.977670073509216309e-01
8.762333989143371582e-01
9.017869234085083008e-01
8.690193891525268555e-01
8.829738497734069824e-01
8.838079571723937988e-01
8.908929228782653809e-01
8.924909830093383789e-01
8.633091449737548828e-01
9.166507124900817871e-01
8.604160547256469727e-01
8.631108999252319336e-01
9.199780821800231934e-01
9.013352990150451660e-01
8.821076750755310059e-01
9.380009770393371582e-01
9.247663617134094238e-01
9.294399023056030273e-01
9.114024043083190918e-01
8.586270809173583984e-01
9.361478686332702637e-01
9.019568562507629395e-01
9.248614311218261719e-01
9.006184339523315430e-01
9.229529500007629395e-01
9.194077253341674805e-01
9.295427799224853516e-01
9.327471852302551270e-01
9.414640069007873535e-01
9.454245567321777344e-01
9.419667124748229980e-01
8.144710659980773926e-01
8.370617032051086426e-01
9.318192601203918457e-01
9.492757916450500488e-01
9.720566272735595703e-01
9.388613700866699219e-01
9.324301481246948242e-01
9.838000535964965820e-01
9.713612794876098633e-01
9.611504673957824707e-01
9.646897315979003906e-01
9.664197564125061035e-01
9.043171405792236328e-01
8.569019436836242676e-01
9.720615148544311523e-01
1.002963542938232422e+00
-9.899900000000000000e+04
9.708064198493957520e-01
9.311744570732116699e-01
1.004259705543518066e+00
9.819626212120056152e-01
9.595680236816406250e-01
6.061449050903320312e-01
1.006180167198181152e+00
-9.899900000000000000e+04
9.661602973937988281e-01
8.744980692863464355e-01
9.816645383834838867e-01
