6.461329460144042969e-01
6.245424747467041016e-01
6.407510042190551758e-01
6.632860302925109863e-01
6.455930471420288086e-01
6.472339630126953125e-01
6.616687774658203125e-01
6.605220437049865723e-01
6.592803001403808594e-01
6.654602885246276855e-01
6.664795279502868652e-01
6.614516377449035645e-01
6.678974032402038574e-01
6.785833835601806641e-01
6.782366037368774414e-01
6.849688887596130371e-01
6.826283931732177734e-01
6.548805236816406250e-01
6.878682374954223633e-01
6.875582337379455566e-01
6.742619872093200684e-01
6.802825331687927246e-01
6.472196578979492188e-01
6.934551596641540527e-01
7.068085074424743652e-01
6.880461573600769043e-01
7.030092477798461914e-01
6.989031434059143066e-01
6.874318122863769531e-01
7.090559601783752441e-01
6.870552301406860352e-01
6.954005360603332520e-01
6.994485855102539062e-01
6.898846626281738281e-01
6.898364424705505371e-01
6.923815608024597168e-01
6.940272450447082520e-01
6.964154839515686035e-01
7.040941715240478516e-01
7.157986760139465332e-01
6.970530152320861816e-01
6.959204673767089844e-01
7.052563428878784180e-01
7.013128995895385742e-01
7.116324305534362793e-01
6.784793734550476074e-01
7.097597122192382812e-01
7.106276750564575195e-01
7.087432146072387695e-01
7.127594947814941406e-01
7.213646173477172852e-01
7.117355465888977051e-01
6.971148848533630371e-01
6.850322484970092773e-01
7.190415859222412109e-01
6.954929828643798828e-01
6.926459670066833496e-01
7.230278849601745605e-01
7.276018857955932617e-01
7.288835048675537109e-01
7.157437205314636230e-01
7.214114665985107422e-01
7.207044363021850586e-01
7.289640307426452637e-01
7.220488786697387695e-01
7.176957130432128906e-01
7.257950305938720703e-01
7.228568196296691895e-01
7.223051786422729492e-01
7.212871909141540527e-01
7.344807386398315430e-01
7.295560240745544434e-01
7.387393116950988770e-01
7.487126588821411133e-01
7.317638993263244629e-01
7.575005292892456055e-01
7.292333841323852539e-01
7.504951357841491699e-01
7.380084395408630371e-01
7.472244501113891602e-01
7.034649848937988281e-01
7.516070008277893066e-01
7.362872362136840820e-01
7.507882118225097656e-01
7.252855896949768066e-01
7.650794982910156250e-01
7.763194441795349121e-01
7.892876267433166504e-01
7.781845927238464355e-01
7.874765396118164062e-01
7.531923651695251465e-01
7.631520032882690430e-01
7.845009565353393555e-01
7.735849618911743164e-01
7.815394997596740723e-01
8.026994466781616211e-01
7.648301124572753906e-01
7.671257853507995605e-01
7.688582539558410645e-01
8.021563887596130371e-01
7.897416353225708008e-01
7.909455299377441406e-01
7.940790057182312012e-01
7.751146554946899414e-01
7.562718391418457031e-01
7.894956469535827637e-01
7.842037677764892578e-01
8.057126998901367188e-01
8.242955207824707031e-01
7.691255211830139160e-01
8.221923708915710449e-01
8.252705931663513184e-01
8.149922490119934082e-01
7.954646348953247070e-01
7.970553636550903320e-01
8.134205341339111328e-01
8.126511573791503906e-01
8.114946484565734863e-01
8.163412213325500488e-01
8.400747179985046387e-01
8.211411833763122559e-01
8.488702774047851562e-01
8.468957543373107910e-01
8.530728816986083984e-01
8.495185971260070801e-01
8.624927401542663574e-01
8.524704575538635254e-01
8.663454651832580566e-01
8.634777665138244629e-01
8.391740322113037109e-01
8.726584315299987793e-01
8.625271916389465332e-01
8.443443179130554199e-01
8.534239530563354492e-01
8.748186826705932617e-01
8.713613748550415039e-01
8.654535412788391113e-01
8.714041709899902344e-01
8.833635449409484863e-01
8.447435498237609863e-01
8.556476235389709473e-01
8.716861009597778320e-01
8.791097998619079590e-01
8.843942284584045410e-01
8.943681716918945312e-01
8.855245709419250488e-01
8.812933564186096191e-01
8.971030712127685547e-01
8.777521848678588867e-01
9.015743136405944824e-01
9.136035442352294922e-01
9.008815288543701172e-01
8.872816562652587891e-01
8.641827702522277832e-01
9.009204506874084473e-01
9.071745872497558594e-01
8.823047280311584473e-01
9.023888111114501953e-01
8.922171592712402344e-01
9.196538925170898438e-01
9.208269715309143066e-01
9.226204156875610352e-01
9.177512526512145996e-01
8.955795764923095703e-01
9.145959615707397461e-01
9.248281121253967285e-01
9.115797877311706543e-01
8.959473371505737305e-01
9.260496497154235840e-01
9.183867573738098145e-01
9.278469085693359375e-01
8.721519112586975098e-01
8.617664575576782227e-01
9.119937419891357422e-01
8.908851146697998047e-01
9.387757778167724609e-01
9.242553114891052246e-01
9.305329322814941406e-01
9.116555452346801758e-01
9.539921283721923828e-01
9.538668990135192871e-01
8.120967149734497070e-01
8.383803367614746094e-01
9.380021691322326660e-01
9.378121495246887207e-01
9.683923125267028809e-01
9.633560776710510254e-01
-9.899900000000000000e+04
9.430719017982482910e-01
9.587727785110473633e-01
9.882521033287048340e-01
8.683760166168212891e-01
9.765966534614562988e-01
9.599613547325134277e-01
9.755833148956298828e-01
9.381064772605895996e-01
8.114071488380432129e-01
9.629437923431396484e-01
8.726723194122314453e-01
9.894140958786010742e-01
-9.899900000000000000e+04
9.955955743789672852e-01
9.850832223892211914e-01
-9.899900000000000000e+04
9.741162657737731934e-01
1.003677010536193848e+00
9.889653921127319336e-01
-9.899900000000000000e+04
-9.899900000000000000e+04
-9.899900000000000000e+04
9.794015288352966309e-01
-9.899900000000000000e+04
-9.899900000000000000e+04
-9.899900000000000000e+04
-9.899900000000000000e+04
8.785712718963623047e-01
-9.899900000000000000e+04
-9.899900000000000000e+04
9.125800132751464844e-01
-9.899900000000000000e+04
-9.899900000000000000e+04
-9.899900000000000000e+04
-9.899900000000000000e+04
-9.899900000000000000e+04
-9.899900000000000000e+04
-9.899900000000000000e+04
-9.899900000000000000e+04
-9.899900000000000000e+04
-9.899900000000000000e+04
-9.899900000000000000e+04
-9.899900000000000000e+04
