6.461329460144042969e-01
6.257067918777465820e-01
6.406359076499938965e-01
6.632860302925109863e-01
6.476992368698120117e-01
6.478809714317321777e-01
6.616687774658203125e-01
6.678663492202758789e-01
6.592803001403808594e-01
6.654602885246276855e-01
6.664010882377624512e-01
6.596245169639587402e-01
6.633976101875305176e-01
6.840402483940124512e-01
6.822105050086975098e-01
6.848210692405700684e-01
6.809154748916625977e-01
6.695758104324340820e-01
6.742816567420959473e-01
6.843210458755493164e-01
6.881055235862731934e-01
6.750268340110778809e-01
6.810171008110046387e-01
6.878223419189453125e-01
6.843749880790710449e-01
7.015670537948608398e-01
6.933497786521911621e-01
6.940569281578063965e-01
6.912037730216979980e-01
6.954091787338256836e-01
7.072785496711730957e-01
6.995531320571899414e-01
7.013365626335144043e-01
6.914362907409667969e-01
6.898364424705505371e-01
6.934018731117248535e-01
7.019261717796325684e-01
6.986254453659057617e-01
7.066551446914672852e-01
7.084788680076599121e-01
7.004706263542175293e-01
7.024710178375244141e-01
7.139601707458496094e-01
6.986747384071350098e-01
7.024715542793273926e-01
7.027223706245422363e-01
7.004690170288085938e-01
7.171047329902648926e-01
7.112430930137634277e-01
7.010393142700195312e-01
7.181960940361022949e-01
7.097806930541992188e-01
7.144674062728881836e-01
7.034499645233154297e-01
7.048430442810058594e-01
7.219113111495971680e-01
7.212448120117187500e-01
7.222302556037902832e-01
7.142915725708007812e-01
7.149134874343872070e-01
7.265990972518920898e-01
7.304105162620544434e-01
7.247148752212524414e-01
7.074508666992187500e-01
7.367644309997558594e-01
7.234147787094116211e-01
7.342190146446228027e-01
7.234968543052673340e-01
7.310414314270019531e-01
7.341932058334350586e-01
7.300953865051269531e-01
7.506626248359680176e-01
7.392513751983642578e-01
7.549425959587097168e-01
7.566837668418884277e-01
7.368581295013427734e-01
7.240889072418212891e-01
7.188017368316650391e-01
7.264608144760131836e-01
7.432405948638916016e-01
7.691332697868347168e-01
7.633289098739624023e-01
7.659648656845092773e-01
7.395375967025756836e-01
7.536503076553344727e-01
7.771103382110595703e-01
7.933848500251770020e-01
7.795851230621337891e-01
7.641070485115051270e-01
7.838561534881591797e-01
7.908884286880493164e-01
7.925373315811157227e-01
7.833063006401062012e-01
8.022443652153015137e-01
7.848083376884460449e-01
7.687215209007263184e-01
7.849282026290893555e-01
7.438855767250061035e-01
7.564094662666320801e-01
7.823501229286193848e-01
7.890485525131225586e-01
7.988337278366088867e-01
7.939017415046691895e-01
8.024911880493164062e-01
8.075052499771118164e-01
8.047081232070922852e-01
7.933574318885803223e-01
8.053224682807922363e-01
8.177845478057861328e-01
8.191894292831420898e-01
8.197008967399597168e-01
8.171228766441345215e-01
7.964315414428710938e-01
7.997825145721435547e-01
8.213163614273071289e-01
8.535842299461364746e-01
8.138699531555175781e-01
8.331986069679260254e-01
8.385838270187377930e-01
8.447155952453613281e-01
8.338378667831420898e-01
8.496448397636413574e-01
8.230972886085510254e-01
8.481376767158508301e-01
8.432381749153137207e-01
8.415915966033935547e-01
8.301579356193542480e-01
8.561992645263671875e-01
8.644145727157592773e-01
8.759413957595825195e-01
8.634768128395080566e-01
8.547950387001037598e-01
8.746845722198486328e-01
8.702136874198913574e-01
8.666900396347045898e-01
8.789806365966796875e-01
8.756222724914550781e-01
8.823009729385375977e-01
8.486134409904479980e-01
8.674752712249755859e-01
8.703455924987792969e-01
8.865373134613037109e-01
8.662621974945068359e-01
8.937374353408813477e-01
8.839672803878784180e-01
8.678633570671081543e-01
8.979718089103698730e-01
8.991078138351440430e-01
8.927378654479980469e-01
9.001132845878601074e-01
8.690278530120849609e-01
8.960181474685668945e-01
9.127886295318603516e-01
8.589641451835632324e-01
9.084650278091430664e-01
9.186131954193115234e-01
8.941115140914916992e-01
8.035961985588073730e-01
9.059416055679321289e-01
9.120792150497436523e-01
9.073752164840698242e-01
8.957703709602355957e-01
9.277711510658264160e-01
9.185971021652221680e-01
9.061040878295898438e-01
8.475713729858398438e-01
9.247435331344604492e-01
9.315414428710937500e-01
9.248008728027343750e-01
9.160352945327758789e-01
9.373920559883117676e-01
9.073145985603332520e-01
9.371552467346191406e-01
7.383360862731933594e-01
9.072949290275573730e-01
9.378235340118408203e-01
9.067779183387756348e-01
9.010309576988220215e-01
9.242039322853088379e-01
9.411675333976745605e-01
9.216185212135314941e-01
9.228219985961914062e-01
7.955393791198730469e-01
9.660257697105407715e-01
8.324593901634216309e-01
9.414059519767761230e-01
9.128445982933044434e-01
9.838719367980957031e-01
9.060658812522888184e-01
9.721719622611999512e-01
9.815257787704467773e-01
9.779932498931884766e-01
9.654852747917175293e-01
9.270555973052978516e-01
8.425473570823669434e-01
9.875665307044982910e-01
9.843083620071411133e-01
9.963862895965576172e-01
9.915143847465515137e-01
-9.899900000000000000e+04
9.576280713081359863e-01
9.649665951728820801e-01
9.808377623558044434e-01
9.684534072875976562e-01
