6.225892305374145508e-01
6.358127593994140625e-01
6.402796506881713867e-01
6.632860302925109863e-01
6.458758711814880371e-01
6.472339630126953125e-01
6.616687774658203125e-01
6.678663492202758789e-01
6.592803001403808594e-01
6.655529737472534180e-01
6.664795279502868652e-01
6.596245169639587402e-01
6.799548864364624023e-01
6.767832636833190918e-01
6.808091402053833008e-01
6.813394427299499512e-01
6.722669005393981934e-01
6.660917401313781738e-01
6.693271994590759277e-01
6.843210458755493164e-01
6.811931729316711426e-01
6.802825331687927246e-01
6.515519618988037109e-01
6.849752068519592285e-01
6.973636746406555176e-01
6.931847333908081055e-01
6.894884109497070312e-01
6.898468136787414551e-01
6.871928572654724121e-01
7.090559601783752441e-01
7.054528594017028809e-01
6.832043528556823730e-01
6.861273646354675293e-01
6.914362907409667969e-01
6.904101967811584473e-01
7.018082737922668457e-01
7.038754820823669434e-01
7.035740017890930176e-01
7.025626897811889648e-01
7.092915177345275879e-01
7.065399885177612305e-01
7.057164311408996582e-01
7.025352120399475098e-01
7.066366672515869141e-01
6.910002827644348145e-01
7.155970335006713867e-01
7.073280811309814453e-01
7.123351097106933594e-01
7.155000567436218262e-01
7.173541188240051270e-01
7.030835151672363281e-01
7.211283445358276367e-01
7.008805871009826660e-01
7.036763429641723633e-01
7.214088439941406250e-01
7.205038666725158691e-01
7.198790907859802246e-01
7.117293477058410645e-01
7.236860990524291992e-01
7.274795770645141602e-01
7.221810817718505859e-01
7.298028469085693359e-01
7.215451598167419434e-01
7.280529737472534180e-01
7.344239950180053711e-01
7.038198709487915039e-01
7.257992029190063477e-01
7.352662086486816406e-01
7.239093780517578125e-01
7.377668023109436035e-01
7.246365547180175781e-01
7.247055768966674805e-01
7.038001418113708496e-01
7.651382088661193848e-01
7.580715417861938477e-01
7.459708452224731445e-01
7.438508868217468262e-01
7.472071647644042969e-01
7.351661324501037598e-01
7.495605349540710449e-01
7.419829368591308594e-01
7.322320938110351562e-01
7.476695179939270020e-01
7.505996227264404297e-01
7.757411599159240723e-01
7.769097685813903809e-01
7.603628635406494141e-01
7.848068475723266602e-01
7.848060727119445801e-01
7.927207350730895996e-01
7.773162126541137695e-01
7.879154682159423828e-01
7.848534584045410156e-01
7.925075888633728027e-01
7.852195501327514648e-01
7.580749988555908203e-01
7.910665273666381836e-01
7.609845995903015137e-01
7.967363595962524414e-01
7.895710468292236328e-01
7.896611690521240234e-01
7.992413043975830078e-01
7.874971628189086914e-01
8.030786514282226562e-01
7.749996185302734375e-01
7.913503050804138184e-01
8.161800503730773926e-01
8.080573678016662598e-01
8.019205927848815918e-01
8.156197667121887207e-01
8.196876049041748047e-01
7.735787034034729004e-01
7.955669760704040527e-01
8.220806121826171875e-01
8.159921169281005859e-01
8.030228614807128906e-01
8.189195990562438965e-01
8.508804440498352051e-01
8.375760316848754883e-01
8.262295722961425781e-01
8.107225298881530762e-01
8.600744605064392090e-01
8.472962379455566406e-01
8.572821021080017090e-01
8.470545411109924316e-01
8.289842605590820312e-01
8.664168715476989746e-01
8.410357832908630371e-01
8.407233953475952148e-01
8.492540717124938965e-01
8.604921102523803711e-01
8.662841320037841797e-01
8.717653751373291016e-01
8.778491616249084473e-01
8.730453252792358398e-01
8.727492690086364746e-01
8.756567239761352539e-01
8.565971255302429199e-01
8.778613209724426270e-01
8.333964943885803223e-01
8.753318190574645996e-01
8.691342473030090332e-01
8.534137010574340820e-01
8.630087375640869141e-01
8.734526634216308594e-01
8.880401849746704102e-01
8.780270218849182129e-01
8.467941880226135254e-01
8.935921788215637207e-01
8.856815695762634277e-01
8.834959268569946289e-01
8.843273520469665527e-01
8.935639262199401855e-01
8.894687294960021973e-01
9.150943756103515625e-01
8.204497694969177246e-01
8.866899013519287109e-01
8.461177945137023926e-01
9.212476015090942383e-01
8.523439764976501465e-01
9.126619100570678711e-01
9.267267584800720215e-01
9.131363034248352051e-01
9.026474952697753906e-01
8.945368528366088867e-01
9.209925532341003418e-01
9.098460078239440918e-01
9.152356386184692383e-01
9.225228428840637207e-01
9.130540490150451660e-01
7.841613292694091797e-01
9.347860813140869141e-01
8.315293192863464355e-01
9.339889883995056152e-01
9.398755431175231934e-01
9.201391935348510742e-01
9.369584321975708008e-01
9.440119266510009766e-01
9.479251503944396973e-01
9.274293780326843262e-01
9.379607439041137695e-01
9.605439305305480957e-01
9.606493115425109863e-01
9.706475734710693359e-01
8.425347208976745605e-01
8.996251225471496582e-01
8.961853384971618652e-01
9.763060808181762695e-01
9.497359991073608398e-01
9.533228874206542969e-01
9.511490464210510254e-01
9.385679364204406738e-01
7.478017807006835938e-01
9.676333069801330566e-01
8.187826871871948242e-01
9.829553365707397461e-01
9.435626268386840820e-01
9.810437560081481934e-01
9.761391878128051758e-01
9.668053984642028809e-01
9.509935975074768066e-01
9.691588282585144043e-01
9.796412587165832520e-01
9.882832765579223633e-01
9.511321783065795898e-01
