6.309524774551391602e-01
6.358127593994140625e-01
6.406359076499938965e-01
6.632860302925109863e-01
6.512370109558105469e-01
6.676552295684814453e-01
6.574916243553161621e-01
6.599435806274414062e-01
6.592803001403808594e-01
6.793448328971862793e-01
6.752379536628723145e-01
6.803489923477172852e-01
6.576867103576660156e-01
6.840402483940124512e-01
6.636700034141540527e-01
6.687693595886230469e-01
6.768579483032226562e-01
6.668570041656494141e-01
6.708685755729675293e-01
6.843210458755493164e-01
6.747097969055175781e-01
6.802825331687927246e-01
6.823424696922302246e-01
6.934555768966674805e-01
7.024981975555419922e-01
6.966674327850341797e-01
6.893593072891235352e-01
6.996856331825256348e-01
6.882573962211608887e-01
6.924921870231628418e-01
6.967647671699523926e-01
6.961577534675598145e-01
6.714537143707275391e-01
6.984149217605590820e-01
6.883437037467956543e-01
7.021046876907348633e-01
6.958599090576171875e-01
6.970299482345581055e-01
6.989704966545104980e-01
7.058485746383666992e-01
6.986343860626220703e-01
7.023962736129760742e-01
7.010470032691955566e-01
7.100849747657775879e-01
7.000353336334228516e-01
7.034658789634704590e-01
7.176957130432128906e-01
7.155779004096984863e-01
7.110245227813720703e-01
7.087876200675964355e-01
6.987579464912414551e-01
7.080757617950439453e-01
7.016382813453674316e-01
7.153623700141906738e-01
7.189158797264099121e-01
7.324964404106140137e-01
7.206498980522155762e-01
7.096473574638366699e-01
7.251673340797424316e-01
7.271676063537597656e-01
7.195118069648742676e-01
7.219907045364379883e-01
7.285393476486206055e-01
7.148263454437255859e-01
7.259777784347534180e-01
7.348887920379638672e-01
7.398251891136169434e-01
7.399573922157287598e-01
7.229695916175842285e-01
7.321570515632629395e-01
7.527286410331726074e-01
7.263885736465454102e-01
7.254441976547241211e-01
7.596378922462463379e-01
7.618328928947448730e-01
7.468560934066772461e-01
7.147545814514160156e-01
7.303017377853393555e-01
7.268812656402587891e-01
6.699987649917602539e-01
7.516089677810668945e-01
7.456599473953247070e-01
7.235909104347229004e-01
7.548003196716308594e-01
7.673913240432739258e-01
7.668271660804748535e-01
7.418018579483032227e-01
7.942723035812377930e-01
7.795097827911376953e-01
7.933651208877563477e-01
7.855231761932373047e-01
7.877625823020935059e-01
7.855873703956604004e-01
7.414833307266235352e-01
7.863017320632934570e-01
7.775457501411437988e-01
7.620784044265747070e-01
7.870401144027709961e-01
7.930958271026611328e-01
7.977729439735412598e-01
8.028492331504821777e-01
7.986450791358947754e-01
7.974839210510253906e-01
7.750005125999450684e-01
8.109976053237915039e-01
7.776395678520202637e-01
8.027280569076538086e-01
7.963573932647705078e-01
8.123012781143188477e-01
7.840993404388427734e-01
8.037275075912475586e-01
8.188363313674926758e-01
8.176513314247131348e-01
7.906254529953002930e-01
8.176783323287963867e-01
8.265548944473266602e-01
8.281261324882507324e-01
8.145423531532287598e-01
7.944275140762329102e-01
8.306846618652343750e-01
8.354411125183105469e-01
8.342691659927368164e-01
8.468532562255859375e-01
8.546725511550903320e-01
8.409264087677001953e-01
8.588793277740478516e-01
8.718985915184020996e-01
8.558010458946228027e-01
8.575263619422912598e-01
8.548243045806884766e-01
8.523352742195129395e-01
8.595672845840454102e-01
8.581405878067016602e-01
8.444695472717285156e-01
8.603806495666503906e-01
8.831263184547424316e-01
8.685098886489868164e-01
8.653749823570251465e-01
8.804376721382141113e-01
8.827502131462097168e-01
8.748129010200500488e-01
8.665906786918640137e-01
8.884496688842773438e-01
8.710786104202270508e-01
8.767081499099731445e-01
9.001899957656860352e-01
8.840778470039367676e-01
9.069979786872863770e-01
8.790321946144104004e-01
8.990002870559692383e-01
8.335044384002685547e-01
8.898992538452148438e-01
8.757579326629638672e-01
9.076011776924133301e-01
9.143801927566528320e-01
9.131821990013122559e-01
8.902863860130310059e-01
9.048523306846618652e-01
8.990938663482666016e-01
8.921175599098205566e-01
8.961440324783325195e-01
8.897036314010620117e-01
8.951789140701293945e-01
9.124124646186828613e-01
8.974406123161315918e-01
9.063392281532287598e-01
9.370965957641601562e-01
9.163909554481506348e-01
8.194941282272338867e-01
9.319584965705871582e-01
9.304351210594177246e-01
9.253354668617248535e-01
9.023855328559875488e-01
8.992342352867126465e-01
9.297204017639160156e-01
9.388861060142517090e-01
9.292815327644348145e-01
9.101924896240234375e-01
9.099186062812805176e-01
9.312307238578796387e-01
8.873503208160400391e-01
9.462602734565734863e-01
9.466877579689025879e-01
9.258674979209899902e-01
9.253714680671691895e-01
9.114564657211303711e-01
9.651010632514953613e-01
9.622145891189575195e-01
9.522399306297302246e-01
8.467105627059936523e-01
7.956070303916931152e-01
8.215993642807006836e-01
9.383431077003479004e-01
9.629760384559631348e-01
9.135189056396484375e-01
9.485357999801635742e-01
9.553213119506835938e-01
9.511982798576354980e-01
