6.291534900665283203e-01
6.358127593994140625e-01
6.402796506881713867e-01
6.651226878166198730e-01
6.476992368698120117e-01
6.468650102615356445e-01
6.616687774658203125e-01
6.693965792655944824e-01
6.734914183616638184e-01
6.793448328971862793e-01
6.764816641807556152e-01
6.514687538146972656e-01
6.817724108695983887e-01
6.785833835601806641e-01
6.672530174255371094e-01
6.893771290779113770e-01
6.809154748916625977e-01
6.695758104324340820e-01
6.895406842231750488e-01
6.843210458755493164e-01
6.894129514694213867e-01
6.935253143310546875e-01
6.786067485809326172e-01
7.070810198783874512e-01
6.890687942504882812e-01
6.878126263618469238e-01
6.889412999153137207e-01
6.916248798370361328e-01
6.846235394477844238e-01
6.947638988494873047e-01
6.826096773147583008e-01
6.823578476905822754e-01
6.974868178367614746e-01
6.881421208381652832e-01
7.007209062576293945e-01
6.968523859977722168e-01
6.985479593276977539e-01
6.948182582855224609e-01
7.025626897811889648e-01
7.099087834358215332e-01
6.913989186286926270e-01
7.111771106719970703e-01
6.971634030342102051e-01
6.981225013732910156e-01
7.006196379661560059e-01
7.015755772590637207e-01
7.078868746757507324e-01
7.161909937858581543e-01
7.198094725608825684e-01
6.935229301452636719e-01
6.920713782310485840e-01
7.209853529930114746e-01
7.205926775932312012e-01
7.174225449562072754e-01
7.167890071868896484e-01
7.216153740882873535e-01
7.114854454994201660e-01
7.107721567153930664e-01
7.099243402481079102e-01
7.162967324256896973e-01
7.296974658966064453e-01
7.332935333251953125e-01
7.185589671134948730e-01
7.212121486663818359e-01
7.314437627792358398e-01
7.342734336853027344e-01
7.229452729225158691e-01
7.260781526565551758e-01
7.413437366485595703e-01
7.278920412063598633e-01
7.264348864555358887e-01
7.320604920387268066e-01
7.186077833175659180e-01
7.314974665641784668e-01
7.256100177764892578e-01
7.328653335571289062e-01
7.341727614402770996e-01
7.283647060394287109e-01
7.357482314109802246e-01
7.444727420806884766e-01
7.363470196723937988e-01
7.612427473068237305e-01
7.567159533500671387e-01
7.626984715461730957e-01
7.210342884063720703e-01
7.582820653915405273e-01
7.749453783035278320e-01
7.715040445327758789e-01
7.770275473594665527e-01
7.915049195289611816e-01
7.860327959060668945e-01
7.800183892250061035e-01
7.916007637977600098e-01
7.934290766716003418e-01
7.715750336647033691e-01
7.859904766082763672e-01
7.737001776695251465e-01
7.772566676139831543e-01
7.916070818901062012e-01
7.984591126441955566e-01
7.915881276130676270e-01
7.877655625343322754e-01
7.567043900489807129e-01
7.822825312614440918e-01
7.856386303901672363e-01
7.853627204895019531e-01
8.147145509719848633e-01
7.793611884117126465e-01
7.951767444610595703e-01
7.292811274528503418e-01
8.126065135002136230e-01
8.075411319732666016e-01
8.206813335418701172e-01
7.930210828781127930e-01
8.244506120681762695e-01
8.116520047187805176e-01
8.068560361862182617e-01
8.151618838310241699e-01
8.121801614761352539e-01
8.488252758979797363e-01
8.566886782646179199e-01
8.413177728652954102e-01
8.501410484313964844e-01
8.384455442428588867e-01
8.504831194877624512e-01
8.644123077392578125e-01
8.555855154991149902e-01
8.507789373397827148e-01
8.641787767410278320e-01
8.638091087341308594e-01
8.525109887123107910e-01
8.630761504173278809e-01
8.602509498596191406e-01
8.789905309677124023e-01
8.660395741462707520e-01
8.634880781173706055e-01
8.359931707382202148e-01
8.626396059989929199e-01
8.471490740776062012e-01
8.802790045738220215e-01
8.770179748535156250e-01
8.559134602546691895e-01
8.612622022628784180e-01
8.923417925834655762e-01
8.747522830963134766e-01
8.789700865745544434e-01
8.860768675804138184e-01
8.924826979637145996e-01
8.748672604560852051e-01
8.928021788597106934e-01
8.810396790504455566e-01
8.994143009185791016e-01
9.010678529739379883e-01
8.858141303062438965e-01
9.027227759361267090e-01
9.006288051605224609e-01
9.245293140411376953e-01
9.245129227638244629e-01
8.887710571289062500e-01
9.044274687767028809e-01
9.301025867462158203e-01
9.169800877571105957e-01
8.969070911407470703e-01
8.977900147438049316e-01
9.171745181083679199e-01
9.179660677909851074e-01
9.309419989585876465e-01
9.228389859199523926e-01
9.486430883407592773e-01
9.350072741508483887e-01
9.213488698005676270e-01
9.215350151062011719e-01
9.279054403305053711e-01
9.482514262199401855e-01
8.060990571975708008e-01
9.257167577743530273e-01
9.348862171173095703e-01
9.519559144973754883e-01
9.527561068534851074e-01
9.344469904899597168e-01
9.098930954933166504e-01
9.368456006050109863e-01
9.006178379058837891e-01
9.698970317840576172e-01
9.084699153900146484e-01
9.349465966224670410e-01
9.490867853164672852e-01
9.633219838142395020e-01
9.755139350891113281e-01
8.938331007957458496e-01
9.359007477760314941e-01
9.695578217506408691e-01
9.243184924125671387e-01
8.760811686515808105e-01
9.612955451011657715e-01
9.525678753852844238e-01
9.682605862617492676e-01
9.629678130149841309e-01
-9.899900000000000000e+04
9.835193753242492676e-01
9.682995080947875977e-01
9.847340583801269531e-01
9.942417740821838379e-01
9.770110845565795898e-01
-9.899900000000000000e+04
9.715138077735900879e-01
-9.899900000000000000e+04
-9.899900000000000000e+04
