6.309524774551391602e-01
6.358127593994140625e-01
6.412144899368286133e-01
6.602879762649536133e-01
6.469347476959228516e-01
6.472339630126953125e-01
6.616687774658203125e-01
6.678663492202758789e-01
6.734914183616638184e-01
6.641169786453247070e-01
6.752379536628723145e-01
6.803489923477172852e-01
6.751718521118164062e-01
6.785833835601806641e-01
6.822105050086975098e-01
6.788282990455627441e-01
6.710588932037353516e-01
6.882724761962890625e-01
6.697576045989990234e-01
6.757357120513916016e-01
6.891989111900329590e-01
6.825303435325622559e-01
6.810171008110046387e-01
6.952834725379943848e-01
6.971365213394165039e-01
6.930370330810546875e-01
7.093890905380249023e-01
7.043316960334777832e-01
6.843441128730773926e-01
6.899188756942749023e-01
6.918739080429077148e-01
7.020954489707946777e-01
6.819819211959838867e-01
7.038123011589050293e-01
6.922292709350585938e-01
6.954257488250732422e-01
6.931675672531127930e-01
6.986222863197326660e-01
7.025626897811889648e-01
6.989042758941650391e-01
7.113095521926879883e-01
7.137159109115600586e-01
7.114655375480651855e-01
7.121275067329406738e-01
6.946889162063598633e-01
7.184479236602783203e-01
7.033743858337402344e-01
7.244124412536621094e-01
7.201548218727111816e-01
7.111457586288452148e-01
7.054743170738220215e-01
7.131346464157104492e-01
6.944904327392578125e-01
7.035499215126037598e-01
7.193821668624877930e-01
7.063125967979431152e-01
7.055447101593017578e-01
7.225853800773620605e-01
6.994459033012390137e-01
7.149400115013122559e-01
7.215300202369689941e-01
7.027577757835388184e-01
7.362522482872009277e-01
7.218642830848693848e-01
7.334223985671997070e-01
7.308902144432067871e-01
7.249417901039123535e-01
7.355546355247497559e-01
7.270197272300720215e-01
7.343450784683227539e-01
7.343559265136718750e-01
7.313543558120727539e-01
7.478333711624145508e-01
7.396050095558166504e-01
7.571033835411071777e-01
7.506198883056640625e-01
7.399240732192993164e-01
7.351998090744018555e-01
7.403932809829711914e-01
7.501429915428161621e-01
7.449126839637756348e-01
7.387795448303222656e-01
7.536082863807678223e-01
7.577664256095886230e-01
7.679915428161621094e-01
7.596127390861511230e-01
7.799552083015441895e-01
7.876551151275634766e-01
7.846385836601257324e-01
7.890751361846923828e-01
7.532320022583007812e-01
7.626600861549377441e-01
7.784187197685241699e-01
7.759454250335693359e-01
7.950148582458496094e-01
7.724485397338867188e-01
7.547839283943176270e-01
7.967318296432495117e-01
7.845368385314941406e-01
7.920879125595092773e-01
7.762928009033203125e-01
7.738549709320068359e-01
8.039804697036743164e-01
7.956474423408508301e-01
8.104758262634277344e-01
7.937255501747131348e-01
8.122395277023315430e-01
8.134284615516662598e-01
7.940681576728820801e-01
8.222987651824951172e-01
8.119365572929382324e-01
8.134198784828186035e-01
8.256775140762329102e-01
8.165112733840942383e-01
7.992527484893798828e-01
7.892381548881530762e-01
8.360765576362609863e-01
8.138344883918762207e-01
8.306734561920166016e-01
7.974554896354675293e-01
8.539838194847106934e-01
8.483355641365051270e-01
8.458234071731567383e-01
8.572242259979248047e-01
8.454777598381042480e-01
8.434351086616516113e-01
8.601734638214111328e-01
8.465026617050170898e-01
8.160923123359680176e-01
8.558835387229919434e-01
8.520963788032531738e-01
8.682320713996887207e-01
8.597016334533691406e-01
8.453602790832519531e-01
8.697157502174377441e-01
8.793302774429321289e-01
8.559747934341430664e-01
8.797668814659118652e-01
8.578040599822998047e-01
8.584212660789489746e-01
8.750043511390686035e-01
8.530403971672058105e-01
8.854008316993713379e-01
8.370752930641174316e-01
8.941562175750732422e-01
8.984382152557373047e-01
8.842878341674804688e-01
8.903126716613769531e-01
8.920049667358398438e-01
8.910754323005676270e-01
8.932262063026428223e-01
8.962849974632263184e-01
8.927405476570129395e-01
8.978556990623474121e-01
8.929967880249023438e-01
8.952820897102355957e-01
8.914610147476196289e-01
9.187347888946533203e-01
9.317054748535156250e-01
8.818582892417907715e-01
9.112609028816223145e-01
9.096637964248657227e-01
9.215061664581298828e-01
8.266432881355285645e-01
9.129133820533752441e-01
8.955535888671875000e-01
9.257543087005615234e-01
9.307321906089782715e-01
9.266920685768127441e-01
9.236438870429992676e-01
8.019734025001525879e-01
9.280619621276855469e-01
9.377003908157348633e-01
9.313806295394897461e-01
9.393116831779479980e-01
9.629459977149963379e-01
9.451693296432495117e-01
9.535933732986450195e-01
9.415471553802490234e-01
9.420146942138671875e-01
9.554332494735717773e-01
9.354721903800964355e-01
9.413338899612426758e-01
7.950779795646667480e-01
9.315776228904724121e-01
9.547449350357055664e-01
9.578859806060791016e-01
9.730828404426574707e-01
9.785285592079162598e-01
9.836704134941101074e-01
9.638010859489440918e-01
9.702357053756713867e-01
9.881552457809448242e-01
9.764947891235351562e-01
9.625186920166015625e-01
9.616057276725769043e-01
9.696852564811706543e-01
8.621231317520141602e-01
9.245034456253051758e-01
8.814259767532348633e-01
9.858527183532714844e-01
9.430287480354309082e-01
9.760598540306091309e-01
7.404334545135498047e-01
1.002165198326110840e+00
8.988682031631469727e-01
9.752059578895568848e-01
9.707403779029846191e-01
9.183107018470764160e-01
