6.291534900665283203e-01
6.257067918777465820e-01
6.562239527702331543e-01
6.632860302925109863e-01
6.485855579376220703e-01
6.692129373550415039e-01
6.616687774658203125e-01
6.705638170242309570e-01
6.734914183616638184e-01
6.766340136528015137e-01
6.734725236892700195e-01
6.650627255439758301e-01
6.697334647178649902e-01
6.657763719558715820e-01
6.822105050086975098e-01
6.715213656425476074e-01
6.826283931732177734e-01
6.643540859222412109e-01
6.686673164367675781e-01
6.926084160804748535e-01
6.811931729316711426e-01
6.756991147994995117e-01
6.752519607543945312e-01
6.934551596641540527e-01
6.943342089653015137e-01
6.991040706634521484e-01
6.990892291069030762e-01
6.890015006065368652e-01
6.857199668884277344e-01
6.901693344116210938e-01
6.940954327583312988e-01
6.888970136642456055e-01
7.024661898612976074e-01
6.898482441902160645e-01
6.924089789390563965e-01
6.926329731941223145e-01
6.945686936378479004e-01
7.005456089973449707e-01
7.020526528358459473e-01
7.160422801971435547e-01
7.075406312942504883e-01
7.170026898384094238e-01
7.105011343955993652e-01
6.741761565208435059e-01
7.078623771667480469e-01
7.024427056312561035e-01
7.180314660072326660e-01
7.078297734260559082e-01
7.081781625747680664e-01
7.116890549659729004e-01
7.101681828498840332e-01
7.041698694229125977e-01
7.003280520439147949e-01
7.117897272109985352e-01
7.115896940231323242e-01
7.228205800056457520e-01
7.032173275947570801e-01
6.937015056610107422e-01
7.248250246047973633e-01
7.280490994453430176e-01
7.176939845085144043e-01
7.343337535858154297e-01
7.261586785316467285e-01
7.287729382514953613e-01
7.287566065788269043e-01
7.268663048744201660e-01
7.422872781753540039e-01
7.240391373634338379e-01
7.194718122482299805e-01
7.373658418655395508e-01
7.301266193389892578e-01
7.439991831779479980e-01
7.371189594268798828e-01
7.486254572868347168e-01
7.428998947143554688e-01
7.335047125816345215e-01
7.148554921150207520e-01
7.157843112945556641e-01
7.394509315490722656e-01
7.430665493011474609e-01
7.255481481552124023e-01
7.484149932861328125e-01
7.470101714134216309e-01
7.690126895904541016e-01
7.717455029487609863e-01
7.683320641517639160e-01
7.732739448547363281e-01
7.731438875198364258e-01
7.775307297706604004e-01
7.784810662269592285e-01
7.786772847175598145e-01
7.879672646522521973e-01
7.855603098869323730e-01
7.725687026977539062e-01
7.740089297294616699e-01
7.924390435218811035e-01
7.928611636161804199e-01
7.668148875236511230e-01
7.935448288917541504e-01
7.903342247009277344e-01
7.507991790771484375e-01
8.000530004501342773e-01
7.790864109992980957e-01
7.844192981719970703e-01
7.942673563957214355e-01
8.014099001884460449e-01
7.786453962326049805e-01
8.051794767379760742e-01
8.008135557174682617e-01
7.957106828689575195e-01
8.130432367324829102e-01
7.890360355377197266e-01
8.177936077117919922e-01
8.188704848289489746e-01
8.207938671112060547e-01
7.863890528678894043e-01
7.886465787887573242e-01
8.253233432769775391e-01
8.380247354507446289e-01
8.471921682357788086e-01
7.700683474540710449e-01
8.382490873336791992e-01
8.254733681678771973e-01
8.449705243110656738e-01
8.501226902008056641e-01
8.286527395248413086e-01
8.519584536552429199e-01
8.673537373542785645e-01
8.561072945594787598e-01
8.629201054573059082e-01
8.600831031799316406e-01
8.748824596405029297e-01
8.494660854339599609e-01
8.770579695701599121e-01
8.690631389617919922e-01
8.333730697631835938e-01
8.441999554634094238e-01
8.655804991722106934e-01
8.800513744354248047e-01
8.927188515663146973e-01
8.707699775695800781e-01
8.705965280532836914e-01
8.964672088623046875e-01
8.708158731460571289e-01
8.810345530509948730e-01
8.803804516792297363e-01
8.974418044090270996e-01
8.883808255195617676e-01
8.833773136138916016e-01
8.830228447914123535e-01
8.820986747741699219e-01
8.703877925872802734e-01
8.749873042106628418e-01
8.732611536979675293e-01
8.906914591789245605e-01
9.124572873115539551e-01
9.221999049186706543e-01
9.083216190338134766e-01
9.169160127639770508e-01
9.176505804061889648e-01
9.268900156021118164e-01
8.840119242668151855e-01
9.115585088729858398e-01
9.106705784797668457e-01
8.803579807281494141e-01
9.230125546455383301e-01
8.867176175117492676e-01
8.649064302444458008e-01
9.287024140357971191e-01
9.125002026557922363e-01
9.354297518730163574e-01
9.054591655731201172e-01
9.283659458160400391e-01
9.344396591186523438e-01
9.458991885185241699e-01
8.909731507301330566e-01
9.474322199821472168e-01
8.687133193016052246e-01
9.536288380622863770e-01
9.206508398056030273e-01
8.998107314109802246e-01
9.636841416358947754e-01
9.595050215721130371e-01
8.814101815223693848e-01
9.042777419090270996e-01
9.398384094238281250e-01
9.464049935340881348e-01
9.255688786506652832e-01
8.939291238784790039e-01
9.677111506462097168e-01
9.756308794021606445e-01
9.516148567199707031e-01
9.351460337638854980e-01
9.512223005294799805e-01
9.786161184310913086e-01
9.605945348739624023e-01
9.998161792755126953e-01
9.670984745025634766e-01
9.826295971870422363e-01
9.708166718482971191e-01
9.654567837715148926e-01
9.758077859878540039e-01
9.769361615180969238e-01
9.663345813751220703e-01
9.894022941589355469e-01
-9.899900000000000000e+04
-9.899900000000000000e+04
9.662444591522216797e-01
-9.899900000000000000e+04
-9.899900000000000000e+04
-9.899900000000000000e+04
8.482341766357421875e-01
-9.899900000000000000e+04
-9.899900000000000000e+04
-9.899900000000000000e+04
9.783455729484558105e-01
-9.899900000000000000e+04
8.218126893043518066e-01
-9.899900000000000000e+04
-9.899900000000000000e+04
-9.899900000000000000e+04
-9.899900000000000000e+04
-9.899900000000000000e+04
-9.899900000000000000e+04
1.125258505344390869e-01
-9.899900000000000000e+04
-9.899900000000000000e+04
-9.899900000000000000e+04
-9.899900000000000000e+04
-9.899900000000000000e+04
-9.899900000000000000e+04
-9.899900000000000000e+04
-9.899900000000000000e+04
-9.899900000000000000e+04
-9.899900000000000000e+04
-9.899900000000000000e+04
-9.899900000000000000e+04
-9.899900000000000000e+04
-9.899900000000000000e+04
-9.899900000000000000e+04
8.259095549583435059e-01
-9.899900000000000000e+04
8.955737948417663574e-01
-9.899900000000000000e+04
-9.899900000000000000e+04
-9.899900000000000000e+04
-9.899900000000000000e+04
-9.899900000000000000e+04
-9.899900000000000000e+04
-9.899900000000000000e+04
-9.899900000000000000e+04
-9.899900000000000000e+04
-9.899900000000000000e+04
-9.899900000000000000e+04
-9.899900000000000000e+04
-9.899900000000000000e+04
-9.899900000000000000e+04
-9.899900000000000000e+04
9.237145781517028809e-01
-9.899900000000000000e+04
-9.899900000000000000e+04
-9.899900000000000000e+04
6.981759071350097656e-01
-9.899900000000000000e+04
-9.899900000000000000e+04
-9.899900000000000000e+04
9.400379657745361328e-01
-9.899900000000000000e+04
-9.899900000000000000e+04
-9.899900000000000000e+04
-9.899900000000000000e+04
-9.899900000000000000e+04
-9.899900000000000000e+04
-9.899900000000000000e+04
-9.899900000000000000e+04
-9.899900000000000000e+04
-9.899900000000000000e+04
-9.899900000000000000e+04
-9.899900000000000000e+04
