6.225892305374145508e-01
6.517849564552307129e-01
6.406359076499938965e-01
6.606395840644836426e-01
6.476992368698120117e-01
6.493827104568481445e-01
6.616687774658203125e-01
6.678663492202758789e-01
6.746804118156433105e-01
6.766340136528015137e-01
6.759932637214660645e-01
6.596245169639587402e-01
6.632134318351745605e-01
6.657763719558715820e-01
6.657516956329345703e-01
6.849688887596130371e-01
6.766312718391418457e-01
6.660917401313781738e-01
6.895406842231750488e-01
6.843210458755493164e-01
6.739029288291931152e-01
6.750268340110778809e-01
6.749833226203918457e-01
7.011119723320007324e-01
7.024981975555419922e-01
6.981906890869140625e-01
6.904702782630920410e-01
6.887050867080688477e-01
6.742102503776550293e-01
7.028540968894958496e-01
6.855580806732177734e-01
7.020954489707946777e-01
6.930845379829406738e-01
6.951933503150939941e-01
6.895970106124877930e-01
6.919738650321960449e-01
7.006449103355407715e-01
6.970299482345581055e-01
7.009665369987487793e-01
7.186087369918823242e-01
7.037557363510131836e-01
6.980413198471069336e-01
6.995400786399841309e-01
7.104035019874572754e-01
7.088013291358947754e-01
7.202957272529602051e-01
7.095435261726379395e-01
7.038907408714294434e-01
7.129029035568237305e-01
7.162263989448547363e-01
6.973032355308532715e-01
7.091028690338134766e-01
6.934204101562500000e-01
6.975586414337158203e-01
7.194386720657348633e-01
7.210308313369750977e-01
7.017836570739746094e-01
7.243327498435974121e-01
7.258557677268981934e-01
7.134500145912170410e-01
7.293769121170043945e-01
7.293791770935058594e-01
7.282460927963256836e-01
7.293746471405029297e-01
7.336751222610473633e-01
7.180185914039611816e-01
7.211815714836120605e-01
7.258738875389099121e-01
7.143111824989318848e-01
7.215949892997741699e-01
7.430896759033203125e-01
7.359666824340820312e-01
7.431809306144714355e-01
7.356473803520202637e-01
7.217717766761779785e-01
7.377400994300842285e-01
7.708554863929748535e-01
7.130591869354248047e-01
7.558497190475463867e-01
7.603745460510253906e-01
7.527424693107604980e-01
7.388937473297119141e-01
7.595405578613281250e-01
7.768661975860595703e-01
7.456032037734985352e-01
7.686682343482971191e-01
7.689905166625976562e-01
7.935044169425964355e-01
7.940670251846313477e-01
7.814241051673889160e-01
7.814162969589233398e-01
7.715062499046325684e-01
7.783269882202148438e-01
7.626394629478454590e-01
7.814435958862304688e-01
7.872540950775146484e-01
7.892046570777893066e-01
7.995494008064270020e-01
7.958120703697204590e-01
7.869815826416015625e-01
7.979458570480346680e-01
8.009611368179321289e-01
8.020213246345520020e-01
8.058786988258361816e-01
7.912455201148986816e-01
7.979238629341125488e-01
8.056139945983886719e-01
8.100954294204711914e-01
8.103444576263427734e-01
8.150976300239562988e-01
8.072701692581176758e-01
8.126240372657775879e-01
8.161298632621765137e-01
8.020627498626708984e-01
8.242561221122741699e-01
7.930368185043334961e-01
8.106563687324523926e-01
8.019764423370361328e-01
8.300718069076538086e-01
8.139859437942504883e-01
8.420064449310302734e-01
8.211199641227722168e-01
7.977641224861145020e-01
8.339607119560241699e-01
8.595757484436035156e-01
7.953929901123046875e-01
8.473086357116699219e-01
8.619845509529113770e-01
8.748471736907958984e-01
8.572535514831542969e-01
8.614758849143981934e-01
8.624176383018493652e-01
8.608099818229675293e-01
8.718934655189514160e-01
8.487344384193420410e-01
8.524044156074523926e-01
8.380808830261230469e-01
8.713242411613464355e-01
8.736110329627990723e-01
8.885422348976135254e-01
8.725352287292480469e-01
8.804770112037658691e-01
8.621323108673095703e-01
8.496949672698974609e-01
8.883992433547973633e-01
8.997541666030883789e-01
8.595082163810729980e-01
9.072620272636413574e-01
8.998034596443176270e-01
8.989358544349670410e-01
8.567276597023010254e-01
8.683156967163085938e-01
8.925643563270568848e-01
8.802542686462402344e-01
8.737500309944152832e-01
9.034195542335510254e-01
8.907910585403442383e-01
8.996835947036743164e-01
9.054944515228271484e-01
8.867982029914855957e-01
9.176028966903686523e-01
8.836275339126586914e-01
9.085632562637329102e-01
9.057566523551940918e-01
9.180097579956054688e-01
9.277251958847045898e-01
9.300824999809265137e-01
8.820692300796508789e-01
9.350714683532714844e-01
9.155490994453430176e-01
9.165259599685668945e-01
8.542971611022949219e-01
9.020089507102966309e-01
9.482854008674621582e-01
9.229221343994140625e-01
9.370238780975341797e-01
9.366331696510314941e-01
9.412310123443603516e-01
9.517332315444946289e-01
8.932759165763854980e-01
9.503564238548278809e-01
9.503738284111022949e-01
9.197123646736145020e-01
9.692330956459045410e-01
8.025271892547607422e-01
9.608919620513916016e-01
9.346877336502075195e-01
9.603540301322937012e-01
9.011186957359313965e-01
8.862045407295227051e-01
9.638553857803344727e-01
9.818993806838989258e-01
1.010478019714355469e+00
9.674572348594665527e-01
9.167248606681823730e-01
9.831452369689941406e-01
-9.899900000000000000e+04
9.464818835258483887e-01
9.922565221786499023e-01
8.561559319496154785e-01
8.580667376518249512e-01
9.736738204956054688e-01
9.640301465988159180e-01
9.063026905059814453e-01
9.605429768562316895e-01
-9.899900000000000000e+04
-9.899900000000000000e+04
-9.899900000000000000e+04
