6.225892305374145508e-01
6.517849564552307129e-01
6.388311982154846191e-01
6.595162153244018555e-01
6.671371459960937500e-01
6.481469869613647461e-01
6.548080444335937500e-01
6.734821796417236328e-01
6.592803001403808594e-01
6.654602885246276855e-01
6.664795279502868652e-01
6.548527479171752930e-01
6.802445650100708008e-01
6.547865271568298340e-01
6.665863394737243652e-01
6.690617203712463379e-01
6.755884289741516113e-01
6.717467904090881348e-01
6.697040796279907227e-01
6.860671043395996094e-01
6.899451017379760742e-01
6.792764067649841309e-01
6.799424290657043457e-01
6.900692582130432129e-01
6.988223791122436523e-01
6.894702911376953125e-01
6.881512403488159180e-01
7.043316960334777832e-01
6.969946026802062988e-01
6.911318898200988770e-01
7.072785496711730957e-01
7.020954489707946777e-01
7.017874121665954590e-01
6.902734041213989258e-01
7.001552581787109375e-01
7.028777599334716797e-01
6.960754394531250000e-01
7.035740017890930176e-01
7.085254788398742676e-01
7.084727287292480469e-01
6.969113945960998535e-01
6.969820857048034668e-01
6.990426182746887207e-01
6.928139328956604004e-01
7.017681002616882324e-01
7.024098634719848633e-01
7.087383270263671875e-01
7.016353011131286621e-01
7.182042598724365234e-01
7.156854867935180664e-01
7.035258412361145020e-01
7.098199129104614258e-01
7.209656238555908203e-01
7.249098420143127441e-01
6.942239403724670410e-01
7.216502428054809570e-01
7.207239866256713867e-01
7.060104608535766602e-01
7.125770449638366699e-01
7.266548275947570801e-01
7.285352349281311035e-01
7.145135402679443359e-01
7.234120965003967285e-01
7.183375954627990723e-01
7.230288982391357422e-01
7.161633372306823730e-01
7.102147340774536133e-01
7.265925407409667969e-01
7.413448095321655273e-01
7.338191866874694824e-01
7.282181978225708008e-01
7.260972261428833008e-01
7.439014315605163574e-01
7.415080070495605469e-01
7.450947761535644531e-01
7.633456587791442871e-01
7.479510307312011719e-01
7.543657422065734863e-01
7.252659797668457031e-01
7.437481880187988281e-01
7.513203024864196777e-01
7.447333335876464844e-01
7.794514298439025879e-01
7.675263285636901855e-01
7.739977836608886719e-01
7.688076496124267578e-01
7.676520943641662598e-01
7.788586616516113281e-01
7.857458591461181641e-01
7.876361012458801270e-01
7.676671147346496582e-01
7.792041301727294922e-01
7.923875451087951660e-01
8.036788105964660645e-01
7.778977751731872559e-01
7.674146890640258789e-01
7.752615213394165039e-01
8.095580339431762695e-01
7.832233309745788574e-01
7.921145558357238770e-01
7.819216251373291016e-01
7.741893529891967773e-01
7.578302621841430664e-01
7.724458575248718262e-01
8.089287877082824707e-01
8.164366483688354492e-01
7.918930053710937500e-01
7.978075146675109863e-01
7.778242826461791992e-01
7.952468395233154297e-01
7.971467375755310059e-01
8.158831596374511719e-01
8.254380822181701660e-01
8.191428184509277344e-01
8.140500187873840332e-01
8.029021024703979492e-01
8.013582229614257812e-01
7.886872887611389160e-01
8.107725381851196289e-01
8.010767102241516113e-01
8.320648670196533203e-01
8.287184834480285645e-01
8.553224802017211914e-01
8.575087785720825195e-01
8.481766581535339355e-01
8.560415506362915039e-01
8.568189740180969238e-01
8.670511841773986816e-01
8.584882020950317383e-01
8.551523089408874512e-01
8.620876669883728027e-01
8.647759556770324707e-01
8.691064119338989258e-01
8.779899477958679199e-01
8.818231225013732910e-01
8.537189960479736328e-01
8.655817508697509766e-01
8.764168620109558105e-01
8.632785677909851074e-01
8.828245401382446289e-01
8.912843465805053711e-01
8.348191976547241211e-01
8.837695717811584473e-01
8.780692815780639648e-01
8.935086131095886230e-01
8.971941471099853516e-01
8.902416825294494629e-01
8.935832381248474121e-01
8.981391191482543945e-01
8.875808715820312500e-01
8.981141448020935059e-01
8.607355952262878418e-01
8.583374619483947754e-01
9.069549441337585449e-01
8.997477293014526367e-01
9.026440978050231934e-01
8.602228760719299316e-01
8.687662482261657715e-01
8.779982924461364746e-01
9.176856279373168945e-01
8.823990821838378906e-01
8.992912173271179199e-01
9.106037616729736328e-01
8.574110269546508789e-01
9.052414298057556152e-01
9.141056537628173828e-01
9.192834496498107910e-01
9.216859340667724609e-01
9.286258220672607422e-01
9.010576009750366211e-01
9.097020626068115234e-01
9.154285192489624023e-01
9.351684451103210449e-01
9.172714948654174805e-01
9.042387604713439941e-01
7.609859108924865723e-01
9.348108768463134766e-01
8.162707686424255371e-01
9.101834893226623535e-01
9.427269697189331055e-01
9.329240918159484863e-01
9.512440562248229980e-01
9.321460127830505371e-01
8.144323825836181641e-01
9.268690347671508789e-01
9.135710597038269043e-01
9.589520692825317383e-01
8.306419253349304199e-01
8.259202837944030762e-01
9.265401959419250488e-01
9.366083741188049316e-01
9.575021266937255859e-01
9.331501126289367676e-01
9.852021932601928711e-01
9.637891054153442383e-01
9.872273802757263184e-01
9.662924408912658691e-01
9.580571651458740234e-01
9.804053306579589844e-01
-9.899900000000000000e+04
-9.899900000000000000e+04
9.899941682815551758e-01
9.738268852233886719e-01
