6.461329460144042969e-01
6.517849564552307129e-01
6.402796506881713867e-01
6.632860302925109863e-01
6.627352833747863770e-01
6.472339630126953125e-01
6.723116040229797363e-01
6.615436673164367676e-01
6.592803001403808594e-01
6.654602885246276855e-01
6.752379536628723145e-01
6.803489923477172852e-01
6.676720976829528809e-01
6.785833835601806641e-01
6.669101715087890625e-01
6.695050001144409180e-01
6.755884289741516113e-01
6.622969508171081543e-01
6.753183007240295410e-01
6.926084160804748535e-01
6.806809306144714355e-01
6.750268340110778809e-01
6.767608523368835449e-01
7.044342160224914551e-01
6.912087798118591309e-01
6.858091950416564941e-01
7.090699672698974609e-01
6.942092180252075195e-01
6.846235394477844238e-01
7.025297880172729492e-01
6.940954327583312988e-01
6.891896724700927734e-01
7.024661898612976074e-01
6.872619986534118652e-01
6.992788314819335938e-01
6.928925514221191406e-01
7.047542929649353027e-01
6.961650848388671875e-01
6.965888738632202148e-01
6.978431940078735352e-01
7.095009684562683105e-01
7.076021432876586914e-01
7.087279558181762695e-01
6.979382634162902832e-01
7.150775194168090820e-01
7.052802443504333496e-01
7.070297598838806152e-01
7.016704678535461426e-01
7.112807631492614746e-01
7.261433601379394531e-01
7.091557383537292480e-01
7.248051762580871582e-01
7.147982120513916016e-01
7.047326564788818359e-01
6.868460178375244141e-01
7.082468271255493164e-01
7.243101000785827637e-01
7.082624435424804688e-01
7.246092557907104492e-01
7.139572501182556152e-01
7.132471203804016113e-01
7.287226319313049316e-01
7.178561687469482422e-01
7.169665098190307617e-01
7.218748927116394043e-01
7.252090573310852051e-01
7.240335941314697266e-01
7.410222291946411133e-01
7.369611859321594238e-01
7.258122563362121582e-01
7.222054600715637207e-01
7.317669987678527832e-01
7.406436800956726074e-01
7.447727918624877930e-01
7.505735754966735840e-01
7.287970781326293945e-01
7.488747239112854004e-01
7.552611231803894043e-01
7.398154139518737793e-01
7.275040745735168457e-01
7.477167248725891113e-01
7.276133298873901367e-01
7.741000652313232422e-01
7.369852662086486816e-01
7.557932138442993164e-01
7.695301771163940430e-01
7.848761677742004395e-01
7.791594862937927246e-01
7.940413951873779297e-01
7.599818110466003418e-01
7.878656983375549316e-01
7.763929367065429688e-01
7.909740805625915527e-01
7.906212210655212402e-01
7.614102959632873535e-01
7.877797484397888184e-01
7.980493903160095215e-01
7.612609267234802246e-01
7.274243235588073730e-01
7.876361012458801270e-01
7.873663306236267090e-01
7.883492708206176758e-01
7.370386719703674316e-01
7.558586597442626953e-01
7.723944187164306641e-01
7.679538130760192871e-01
7.931482195854187012e-01
7.900806069374084473e-01
8.085966706275939941e-01
8.036437034606933594e-01
8.142036199569702148e-01
8.195186257362365723e-01
7.966381311416625977e-01
7.710129618644714355e-01
8.109654188156127930e-01
8.104690313339233398e-01
8.268238306045532227e-01
8.382489681243896484e-01
8.069145679473876953e-01
8.048999905586242676e-01
8.446999192237854004e-01
8.421899676322937012e-01
8.549467325210571289e-01
8.489269018173217773e-01
8.407728672027587891e-01
8.407963514328002930e-01
8.543931245803833008e-01
8.526586890220642090e-01
8.662108778953552246e-01
8.569247126579284668e-01
8.648932576179504395e-01
8.637353181838989258e-01
8.651934862136840820e-01
8.768563866615295410e-01
8.669505715370178223e-01
8.657746315002441406e-01
8.718723058700561523e-01
8.735297322273254395e-01
8.780884146690368652e-01
8.794809579849243164e-01
8.691912889480590820e-01
8.753160238265991211e-01
8.817182183265686035e-01
8.793537616729736328e-01
8.655164837837219238e-01
9.004188776016235352e-01
8.912081122398376465e-01
8.947997093200683594e-01
9.078174233436584473e-01
8.445566296577453613e-01
8.940277695655822754e-01
8.645908832550048828e-01
9.045329093933105469e-01
8.770893812179565430e-01
7.993622422218322754e-01
9.097523093223571777e-01
8.859589099884033203e-01
9.102916121482849121e-01
9.008135199546813965e-01
9.109002351760864258e-01
9.237059354782104492e-01
9.170642495155334473e-01
9.164399504661560059e-01
9.175465703010559082e-01
9.206586480140686035e-01
9.307340383529663086e-01
9.272373914718627930e-01
9.259424805641174316e-01
7.951719760894775391e-01
8.463069200515747070e-01
9.145292639732360840e-01
9.296713471412658691e-01
9.156231284141540527e-01
9.480586647987365723e-01
9.024138450622558594e-01
9.466227293014526367e-01
9.225304722785949707e-01
9.005791544914245605e-01
9.198956489562988281e-01
9.196364283561706543e-01
9.389204978942871094e-01
9.350960254669189453e-01
9.393096566200256348e-01
9.517090916633605957e-01
8.732451796531677246e-01
8.015978336334228516e-01
9.380285143852233887e-01
9.534369707107543945e-01
7.737969160079956055e-01
9.689107537269592285e-01
9.818162918090820312e-01
9.743962287902832031e-01
9.436078667640686035e-01
9.829807877540588379e-01
9.695907831192016602e-01
9.899212121963500977e-01
-9.899900000000000000e+04
9.719332456588745117e-01
1.017617225646972656e+00
9.627778530120849609e-01
9.771893024444580078e-01
1.003872513771057129e+00
9.731444120407104492e-01
-9.899900000000000000e+04
8.655643463134765625e-01
