6.461329460144042969e-01
6.358127593994140625e-01
6.407510042190551758e-01
6.632860302925109863e-01
6.469347476959228516e-01
6.493827104568481445e-01
6.616687774658203125e-01
6.678663492202758789e-01
6.592803001403808594e-01
6.793448328971862793e-01
6.752379536628723145e-01
6.614516377449035645e-01
6.697334647178649902e-01
6.463881731033325195e-01
6.646534204483032227e-01
6.726527810096740723e-01
6.809154748916625977e-01
6.746398210525512695e-01
6.878952383995056152e-01
6.843210458755493164e-01
6.768352389335632324e-01
6.780090332031250000e-01
6.810171008110046387e-01
6.926614642143249512e-01
6.882556080818176270e-01
7.004000544548034668e-01
7.030507326126098633e-01
7.040576338768005371e-01
6.996704936027526855e-01
7.019232511520385742e-01
6.823386549949645996e-01
6.966461539268493652e-01
7.011056542396545410e-01
7.016736865043640137e-01
6.916729211807250977e-01
7.028777599334716797e-01
6.940272450447082520e-01
6.986321806907653809e-01
7.034604549407958984e-01
6.885528564453125000e-01
7.035059332847595215e-01
6.981600522994995117e-01
7.041783332824707031e-01
6.998745203018188477e-01
7.041571736335754395e-01
6.769313216209411621e-01
7.169617414474487305e-01
7.150127291679382324e-01
7.147365212440490723e-01
7.172905206680297852e-01
7.031775712966918945e-01
7.143567204475402832e-01
6.942457556724548340e-01
6.926304697990417480e-01
7.209488749504089355e-01
6.955217719078063965e-01
7.073146700859069824e-01
7.045324444770812988e-01
7.236760258674621582e-01
7.294539809226989746e-01
7.273209095001220703e-01
7.179003357887268066e-01
7.131820917129516602e-01
7.011100053787231445e-01
7.167135477066040039e-01
7.254394292831420898e-01
7.382543683052062988e-01
7.392722368240356445e-01
7.266689538955688477e-01
7.277892231941223145e-01
7.038015127182006836e-01
7.385255694389343262e-01
7.527319192886352539e-01
7.593617439270019531e-01
7.460891008377075195e-01
7.468728423118591309e-01
7.485079765319824219e-01
7.359949946403503418e-01
7.503318190574645996e-01
7.451360821723937988e-01
7.513657212257385254e-01
7.429004311561584473e-01
7.508384585380554199e-01
7.189665436744689941e-01
7.581210732460021973e-01
7.779633998870849609e-01
7.676305174827575684e-01
7.939274907112121582e-01
7.604267001152038574e-01
7.591215968132019043e-01
7.949092388153076172e-01
7.835094332695007324e-01
7.984309196472167969e-01
7.663419246673583984e-01
7.902550697326660156e-01
7.872006893157958984e-01
7.616554498672485352e-01
7.921655774116516113e-01
7.860299348831176758e-01
7.975175380706787109e-01
7.729086279869079590e-01
7.750351428985595703e-01
8.085817098617553711e-01
8.116273283958435059e-01
7.592507004737854004e-01
7.877773046493530273e-01
7.838542461395263672e-01
8.198982477188110352e-01
8.016133308410644531e-01
7.988134026527404785e-01
7.985321283340454102e-01
8.145025968551635742e-01
8.011266589164733887e-01
8.019663095474243164e-01
8.338755965232849121e-01
8.141159415245056152e-01
8.350514769554138184e-01
8.189359903335571289e-01
8.342596292495727539e-01
8.460937738418579102e-01
8.475512862205505371e-01
7.588674426078796387e-01
8.478502631187438965e-01
8.349188566207885742e-01
8.448163270950317383e-01
8.346239328384399414e-01
8.548563122749328613e-01
8.609412312507629395e-01
8.424059748649597168e-01
8.617188334465026855e-01
8.588877916336059570e-01
8.516452312469482422e-01
8.700132966041564941e-01
8.720552325248718262e-01
8.654189109802246094e-01
8.703052401542663574e-01
8.458984494209289551e-01
8.816087245941162109e-01
8.617981076240539551e-01
8.764279484748840332e-01
8.656052350997924805e-01
8.811448216438293457e-01
8.781514167785644531e-01
8.736575245857238770e-01
8.811963200569152832e-01
8.902365565299987793e-01
9.073849320411682129e-01
8.833703398704528809e-01
8.975207209587097168e-01
8.827092647552490234e-01
8.748648762702941895e-01
8.964980244636535645e-01
9.165955185890197754e-01
8.929852843284606934e-01
8.842724561691284180e-01
8.758173584938049316e-01
9.181039929389953613e-01
8.847713470458984375e-01
9.026887416839599609e-01
8.379405736923217773e-01
9.038224220275878906e-01
8.932536840438842773e-01
9.065665006637573242e-01
9.147630333900451660e-01
9.162086844444274902e-01
9.154556393623352051e-01
9.254730939865112305e-01
9.219652414321899414e-01
9.147465229034423828e-01
9.051668047904968262e-01
9.144682288169860840e-01
9.342885017395019531e-01
9.010874629020690918e-01
9.087005257606506348e-01
9.419286251068115234e-01
9.343746304512023926e-01
9.483402371406555176e-01
9.498010277748107910e-01
9.559220075607299805e-01
9.145787954330444336e-01
9.595934152603149414e-01
9.332728385925292969e-01
9.564943909645080566e-01
9.596947431564331055e-01
9.296538829803466797e-01
8.098121881484985352e-01
9.624505639076232910e-01
9.344216585159301758e-01
9.034301042556762695e-01
9.727967381477355957e-01
9.141859412193298340e-01
9.587289094924926758e-01
9.683511257171630859e-01
9.677001833915710449e-01
8.678320050239562988e-01
9.442768096923828125e-01
9.385313391685485840e-01
9.792454838752746582e-01
-9.899900000000000000e+04
9.754150509834289551e-01
-9.899900000000000000e+04
-9.899900000000000000e+04
9.758439064025878906e-01
9.608371853828430176e-01
9.853160977363586426e-01
-9.899900000000000000e+04
9.872775077819824219e-01
1.013840675354003906e+00
-9.899900000000000000e+04
-9.899900000000000000e+04
9.661524295806884766e-01
-9.899900000000000000e+04
-9.899900000000000000e+04
-9.899900000000000000e+04
8.599007129669189453e-01
-9.899900000000000000e+04
1.001370906829833984e+00
-9.899900000000000000e+04
9.850532412528991699e-01
-9.899900000000000000e+04
-9.899900000000000000e+04
