6.309524774551391602e-01
6.245424747467041016e-01
6.412144899368286133e-01
6.606395840644836426e-01
6.510597467422485352e-01
6.518133878707885742e-01
6.616687774658203125e-01
6.678663492202758789e-01
6.734914183616638184e-01
6.803293228149414062e-01
6.641452312469482422e-01
6.803489923477172852e-01
6.676720976829528809e-01
6.722197532653808594e-01
6.657516956329345703e-01
6.848210692405700684e-01
6.748010516166687012e-01
6.874428987503051758e-01
6.750604510307312012e-01
6.810218691825866699e-01
6.768352389335632324e-01
6.790152192115783691e-01
6.795096993446350098e-01
6.943907141685485840e-01
6.923391222953796387e-01
7.027370333671569824e-01
6.807001233100891113e-01
6.976824402809143066e-01
7.000448703765869141e-01
6.890816688537597656e-01
6.872646808624267578e-01
7.117307782173156738e-01
7.024661898612976074e-01
6.898482441902160645e-01
7.007209062576293945e-01
6.922577619552612305e-01
6.957610249519348145e-01
6.952646374702453613e-01
7.078642845153808594e-01
7.072014808654785156e-01
6.996781229972839355e-01
7.020039558410644531e-01
7.139235138893127441e-01
7.012753486633300781e-01
7.051392197608947754e-01
7.075155973434448242e-01
7.066740393638610840e-01
7.080546021461486816e-01
7.080470919609069824e-01
7.097156643867492676e-01
7.136083841323852539e-01
7.028881311416625977e-01
7.267718315124511719e-01
7.155053019523620605e-01
7.192488908767700195e-01
7.052844166755676270e-01
7.011395692825317383e-01
7.049160599708557129e-01
7.242558598518371582e-01
7.132944464683532715e-01
7.165794968605041504e-01
7.312121987342834473e-01
7.003453969955444336e-01
7.057505846023559570e-01
7.310297489166259766e-01
7.387664914131164551e-01
7.398071289062500000e-01
7.256041169166564941e-01
7.306402921676635742e-01
7.321291565895080566e-01
7.321172356605529785e-01
7.443936467170715332e-01
7.522246241569519043e-01
7.230281233787536621e-01
7.596127390861511230e-01
7.213504314422607422e-01
7.462099194526672363e-01
7.583479285240173340e-01
7.408833503723144531e-01
7.618420124053955078e-01
7.664602398872375488e-01
7.527900934219360352e-01
7.467653155326843262e-01
7.371906042098999023e-01
7.773851156234741211e-01
7.795872092247009277e-01
7.840139269828796387e-01
7.761242389678955078e-01
7.916540503501892090e-01
7.751809358596801758e-01
7.763178944587707520e-01
7.903679609298706055e-01
7.855645418167114258e-01
8.050448894500732422e-01
7.838402986526489258e-01
7.927670478820800781e-01
7.801000475883483887e-01
7.748825550079345703e-01
7.814727425575256348e-01
7.706334590911865234e-01
8.009076118469238281e-01
7.991806268692016602e-01
7.967154979705810547e-01
7.788380384445190430e-01
8.174491524696350098e-01
7.777655720710754395e-01
7.999078631401062012e-01
8.037012815475463867e-01
7.852417230606079102e-01
8.075142502784729004e-01
7.891023755073547363e-01
8.178442120552062988e-01
7.925608158111572266e-01
8.209292888641357422e-01
8.043418526649475098e-01
8.241353034973144531e-01
8.227523565292358398e-01
8.156855106353759766e-01
8.356730937957763672e-01
8.534667491912841797e-01
8.008791208267211914e-01
8.490150570869445801e-01
8.403303027153015137e-01
8.461467623710632324e-01
8.585488796234130859e-01
8.529222607612609863e-01
8.537983298301696777e-01
8.515079617500305176e-01
8.427499532699584961e-01
8.693400025367736816e-01
8.611757755279541016e-01
8.665843009948730469e-01
8.550431132316589355e-01
8.525781631469726562e-01
8.557629585266113281e-01
8.715883493423461914e-01
8.660936951637268066e-01
8.880510330200195312e-01
8.753128647804260254e-01
8.695400953292846680e-01
8.727129697799682617e-01
8.810679912567138672e-01
8.931890130043029785e-01
9.019094705581665039e-01
8.990303874015808105e-01
8.982354402542114258e-01
9.028747081756591797e-01
9.019963741302490234e-01
8.935458660125732422e-01
9.036927819252014160e-01
8.747321963310241699e-01
8.919856548309326172e-01
8.852561116218566895e-01
8.958137631416320801e-01
9.103497862815856934e-01
8.828390836715698242e-01
8.895685672760009766e-01
8.890088200569152832e-01
8.214003443717956543e-01
9.089658856391906738e-01
8.637941479682922363e-01
9.009335637092590332e-01
9.092254638671875000e-01
9.067261219024658203e-01
9.273262619972229004e-01
8.812349438667297363e-01
8.891560435295104980e-01
9.038566946983337402e-01
9.211523532867431641e-01
9.102405309677124023e-01
9.082422852516174316e-01
9.161658883094787598e-01
8.568222522735595703e-01
9.171099066734313965e-01
9.185582995414733887e-01
9.384771585464477539e-01
9.461500048637390137e-01
9.339153170585632324e-01
7.707521319389343262e-01
9.492103457450866699e-01
8.531035184860229492e-01
9.064853191375732422e-01
7.429196238517761230e-01
9.070987105369567871e-01
8.581150174140930176e-01
7.731412053108215332e-01
8.316548466682434082e-01
9.247948527336120605e-01
-9.899900000000000000e+04
-9.899900000000000000e+04
8.455954194068908691e-01
9.685820937156677246e-01
9.494310021400451660e-01
9.899950027465820312e-01
9.827136993408203125e-01
9.778901934623718262e-01
9.715398550033569336e-01
-9.899900000000000000e+04
9.701368212699890137e-01
9.878067970275878906e-01
9.720519185066223145e-01
9.697833657264709473e-01
-9.899900000000000000e+04
-9.899900000000000000e+04
9.773854613304138184e-01
9.116348624229431152e-01
9.801408052444458008e-01
9.715698957443237305e-01
9.476166367530822754e-01
-9.899900000000000000e+04
