6.291534900665283203e-01
6.257067918777465820e-01
6.407510042190551758e-01
6.632860302925109863e-01
6.455930471420288086e-01
6.521380543708801270e-01
6.624276041984558105e-01
6.678663492202758789e-01
6.748499274253845215e-01
6.673698425292968750e-01
6.639269590377807617e-01
6.636283397674560547e-01
6.678974032402038574e-01
6.578110456466674805e-01
6.822105050086975098e-01
6.695431470870971680e-01
6.809154748916625977e-01
6.743230819702148438e-01
6.750097870826721191e-01
6.838296055793762207e-01
6.768352389335632324e-01
6.750973463058471680e-01
6.763271093368530273e-01
6.878445744514465332e-01
6.950142979621887207e-01
7.009621262550354004e-01
6.958700418472290039e-01
6.977508664131164551e-01
6.846235394477844238e-01
6.918540596961975098e-01
7.092536091804504395e-01
7.020954489707946777e-01
6.915193796157836914e-01
6.966689825057983398e-01
6.911209821701049805e-01
6.957734823226928711e-01
6.967389583587646484e-01
6.970299482345581055e-01
7.082309722900390625e-01
7.011606693267822266e-01
6.986343860626220703e-01
7.089697122573852539e-01
7.048807144165039062e-01
6.922372579574584961e-01
6.971150040626525879e-01
6.994452476501464844e-01
7.061874866485595703e-01
7.212721705436706543e-01
7.136965394020080566e-01
7.108981013298034668e-01
6.956262588500976562e-01
7.013382315635681152e-01
7.180903553962707520e-01
7.171571254730224609e-01
7.072452902793884277e-01
7.033974528312683105e-01
7.199879288673400879e-01
7.243598103523254395e-01
7.228163480758666992e-01
7.171104550361633301e-01
7.265276312828063965e-01
7.062345743179321289e-01
7.171723842620849609e-01
7.285028696060180664e-01
7.198205590248107910e-01
7.383517622947692871e-01
7.239269614219665527e-01
7.271394133567810059e-01
7.323866486549377441e-01
7.340688705444335938e-01
7.431750297546386719e-01
7.376541495323181152e-01
7.199506163597106934e-01
7.476570010185241699e-01
7.487120032310485840e-01
7.361909747123718262e-01
7.562384605407714844e-01
7.379436492919921875e-01
7.325880527496337891e-01
7.437119483947753906e-01
7.211365699768066406e-01
7.175433635711669922e-01
7.504678964614868164e-01
7.762575745582580566e-01
7.423727512359619141e-01
7.658298611640930176e-01
7.620603442192077637e-01
7.745929360389709473e-01
7.436317801475524902e-01
7.837542891502380371e-01
7.850727438926696777e-01
7.787145972251892090e-01
7.850352525711059570e-01
7.910269498825073242e-01
7.802625894546508789e-01
7.799905538558959961e-01
7.761847376823425293e-01
7.664762139320373535e-01
7.844497561454772949e-01
7.929688096046447754e-01
8.080587387084960938e-01
8.008666038513183594e-01
7.834250330924987793e-01
7.929680943489074707e-01
7.873650193214416504e-01
7.938306927680969238e-01
7.902172207832336426e-01
8.024721145629882812e-01
7.822164893150329590e-01
8.150383234024047852e-01
8.237929344177246094e-01
8.011214733123779297e-01
8.151673078536987305e-01
8.126130104064941406e-01
8.067966699600219727e-01
8.216931223869323730e-01
8.283685445785522461e-01
8.254938721656799316e-01
8.239846229553222656e-01
8.253290057182312012e-01
8.462092280387878418e-01
8.427408337593078613e-01
8.563902974128723145e-01
8.454028367996215820e-01
8.551871180534362793e-01
8.475747704505920410e-01
8.604275584220886230e-01
8.728671669960021973e-01
8.619687557220458984e-01
8.583964705467224121e-01
8.703075051307678223e-01
8.621486425399780273e-01
8.580667376518249512e-01
8.562703132629394531e-01
8.776896595954895020e-01
8.476172685623168945e-01
8.529719710350036621e-01
8.712863326072692871e-01
8.827143907546997070e-01
8.688277602195739746e-01
8.755829930305480957e-01
8.495480418205261230e-01
8.888028264045715332e-01
8.898393511772155762e-01
8.991825580596923828e-01
8.682361841201782227e-01
8.940411806106567383e-01
8.850340843200683594e-01
8.813560009002685547e-01
8.636383414268493652e-01
8.993744254112243652e-01
8.812257647514343262e-01
8.925468921661376953e-01
9.032174944877624512e-01
9.114729166030883789e-01
8.894591927528381348e-01
7.808801531791687012e-01
9.235733747482299805e-01
9.195319414138793945e-01
8.810796737670898438e-01
9.112679958343505859e-01
8.984907269477844238e-01
8.844220638275146484e-01
9.086359739303588867e-01
9.009545445442199707e-01
8.995350003242492676e-01
9.270390272140502930e-01
9.338963627815246582e-01
8.422883152961730957e-01
9.212511777877807617e-01
9.361097216606140137e-01
9.342349767684936523e-01
8.955438137054443359e-01
9.258959293365478516e-01
7.664830684661865234e-01
9.600335359573364258e-01
9.179595708847045898e-01
9.526253938674926758e-01
9.327439069747924805e-01
9.182706475257873535e-01
9.256121516227722168e-01
9.463708996772766113e-01
9.514349102973937988e-01
8.259884119033813477e-01
9.533883929252624512e-01
9.614147543907165527e-01
9.398100376129150391e-01
9.540383815765380859e-01
9.235621690750122070e-01
9.490033984184265137e-01
9.764419794082641602e-01
9.657912850379943848e-01
9.681051373481750488e-01
9.541412591934204102e-01
-9.899900000000000000e+04
9.759609699249267578e-01
9.778316020965576172e-01
9.774879813194274902e-01
9.706375598907470703e-01
9.723318219184875488e-01
9.877662658691406250e-01
-9.899900000000000000e+04
-9.899900000000000000e+04
9.713152050971984863e-01
1.008813381195068359e+00
