6.309524774551391602e-01
6.517849564552307129e-01
6.407510042190551758e-01
6.606395840644836426e-01
6.476992368698120117e-01
6.493827104568481445e-01
6.616687774658203125e-01
6.693965792655944824e-01
6.734914183616638184e-01
6.654602885246276855e-01
6.664795279502868652e-01
6.599124670028686523e-01
6.633976101875305176e-01
6.785833835601806641e-01
6.822105050086975098e-01
6.690617203712463379e-01
6.705589294433593750e-01
6.660917401313781738e-01
6.750097870826721191e-01
6.838296055793762207e-01
6.806579828262329102e-01
6.568084955215454102e-01
6.592737436294555664e-01
6.878223419189453125e-01
7.065337896347045898e-01
6.925680041313171387e-01
7.027961015701293945e-01
6.934535503387451172e-01
7.024238705635070801e-01
6.945591568946838379e-01
6.835753321647644043e-01
6.950945854187011719e-01
6.994920969009399414e-01
6.962742805480957031e-01
6.928227543830871582e-01
6.942955851554870605e-01
7.059494853019714355e-01
6.981197595596313477e-01
7.092423439025878906e-01
7.070034146308898926e-01
7.075406312942504883e-01
6.934712529182434082e-01
7.095502614974975586e-01
7.018863558769226074e-01
7.085403800010681152e-01
7.046654820442199707e-01
6.771553754806518555e-01
7.117093205451965332e-01
7.050768136978149414e-01
7.191715836524963379e-01
7.074884772300720215e-01
6.997839808464050293e-01
6.999983787536621094e-01
6.869439482688903809e-01
7.050322294235229492e-01
7.113691568374633789e-01
6.892425417900085449e-01
7.207562327384948730e-01
7.145601511001586914e-01
6.710223555564880371e-01
7.255636453628540039e-01
7.263091206550598145e-01
7.245700359344482422e-01
7.291630506515502930e-01
7.291372418403625488e-01
7.374137043952941895e-01
7.412780523300170898e-01
7.374613285064697266e-01
7.282299995422363281e-01
7.260478734970092773e-01
7.427936792373657227e-01
7.389258146286010742e-01
7.571486830711364746e-01
7.567985057830810547e-01
7.528449296951293945e-01
7.368747591972351074e-01
7.489743828773498535e-01
7.367962598800659180e-01
7.304002642631530762e-01
7.608391642570495605e-01
7.193276286125183105e-01
7.499204874038696289e-01
7.326096296310424805e-01
7.171953916549682617e-01
7.557412385940551758e-01
7.473526000976562500e-01
7.778322696685791016e-01
7.818318009376525879e-01
7.732231020927429199e-01
7.731984257698059082e-01
7.887692451477050781e-01
7.784898281097412109e-01
7.856628298759460449e-01
7.687383294105529785e-01
7.752550840377807617e-01
7.574109435081481934e-01
7.644369602203369141e-01
8.076308965682983398e-01
7.970511317253112793e-01
8.037980794906616211e-01
7.826170921325683594e-01
8.011712431907653809e-01
7.985156178474426270e-01
7.965620756149291992e-01
8.100729584693908691e-01
8.075731396675109863e-01
8.070337772369384766e-01
8.031420111656188965e-01
8.122088313102722168e-01
8.065471649169921875e-01
8.059322834014892578e-01
8.123516440391540527e-01
8.180500864982604980e-01
8.028333187103271484e-01
7.751122713088989258e-01
8.369578719139099121e-01
8.219898343086242676e-01
8.382214307785034180e-01
8.082470893859863281e-01
8.449733853340148926e-01
8.315518498420715332e-01
8.442118763923645020e-01
8.494744300842285156e-01
8.449547886848449707e-01
8.448465466499328613e-01
8.679776191711425781e-01
8.288232684135437012e-01
8.353585600852966309e-01
8.664770126342773438e-01
8.510451912879943848e-01
8.524469733238220215e-01
8.557417392730712891e-01
8.364754915237426758e-01
8.735724091529846191e-01
8.660463690757751465e-01
8.874012231826782227e-01
8.716745972633361816e-01
8.792052865028381348e-01
8.701323866844177246e-01
8.654237985610961914e-01
8.839679956436157227e-01
8.965243697166442871e-01
8.954693675041198730e-01
8.913595080375671387e-01
8.728736042976379395e-01
8.882948756217956543e-01
7.672994732856750488e-01
8.849295973777770996e-01
8.890889286994934082e-01
8.902480602264404297e-01
9.074266552925109863e-01
9.042930006980895996e-01
8.797461390495300293e-01
8.226479291915893555e-01
8.941561579704284668e-01
9.148244261741638184e-01
8.962113261222839355e-01
8.947385549545288086e-01
9.003723263740539551e-01
8.855583667755126953e-01
9.270069599151611328e-01
9.194490313529968262e-01
9.175550937652587891e-01
9.251568913459777832e-01
9.144755005836486816e-01
8.817678093910217285e-01
9.101997613906860352e-01
9.238106608390808105e-01
9.198527932167053223e-01
9.195758104324340820e-01
7.840957045555114746e-01
9.417623877525329590e-01
9.399518966674804688e-01
8.570782542228698730e-01
9.515507817268371582e-01
9.418689012527465820e-01
6.946989893913269043e-01
8.897655606269836426e-01
7.763810753822326660e-01
9.009661078453063965e-01
9.161908030509948730e-01
8.515940308570861816e-01
9.535422325134277344e-01
9.432342648506164551e-01
9.814931750297546387e-01
9.461115002632141113e-01
9.694359898567199707e-01
8.430452942848205566e-01
9.632982015609741211e-01
9.504625201225280762e-01
9.080248475074768066e-01
9.901441335678100586e-01
9.628655910491943359e-01
9.927938580513000488e-01
8.431727886199951172e-01
9.718679189682006836e-01
9.632433056831359863e-01
-9.899900000000000000e+04
9.732431769371032715e-01
