6.309524774551391602e-01
6.257067918777465820e-01
6.412144899368286133e-01
6.632860302925109863e-01
6.617763042449951172e-01
6.521380543708801270e-01
6.557057499885559082e-01
6.712651252746582031e-01
6.596282720565795898e-01
6.673698425292968750e-01
6.664795279502868652e-01
6.636283397674560547e-01
6.750172972679138184e-01
6.659889221191406250e-01
6.797096729278564453e-01
6.695431470870971680e-01
6.755884289741516113e-01
6.695758104324340820e-01
6.750604510307312012e-01
6.843210458755493164e-01
6.899451017379760742e-01
6.750268340110778809e-01
6.837700009346008301e-01
6.907803416252136230e-01
6.966059207916259766e-01
6.890242099761962891e-01
7.027961015701293945e-01
6.946866512298583984e-01
6.901446580886840820e-01
6.901693344116210938e-01
6.940954327583312988e-01
6.876907348632812500e-01
6.955528259277343750e-01
7.021601200103759766e-01
6.902229189872741699e-01
6.961593031883239746e-01
6.947717666625976562e-01
7.035740017890930176e-01
7.122806310653686523e-01
7.157986760139465332e-01
7.062050700187683105e-01
6.869369745254516602e-01
7.036337256431579590e-01
6.942454576492309570e-01
6.901481151580810547e-01
6.991564631462097168e-01
7.083868980407714844e-01
7.149475216865539551e-01
7.093731164932250977e-01
7.090495824813842773e-01
6.999928951263427734e-01
7.130755186080932617e-01
7.129049897193908691e-01
7.188344597816467285e-01
6.858850717544555664e-01
7.072507143020629883e-01
7.060683369636535645e-01
6.956872344017028809e-01
7.240340113639831543e-01
7.237400412559509277e-01
7.245426774024963379e-01
7.162814140319824219e-01
7.158326506614685059e-01
7.309235930442810059e-01
7.327018976211547852e-01
7.069444060325622559e-01
7.401635646820068359e-01
7.056217193603515625e-01
7.362893223762512207e-01
7.272782921791076660e-01
7.426533699035644531e-01
7.498255372047424316e-01
7.372868657112121582e-01
7.451838850975036621e-01
7.411001920700073242e-01
7.431605458259582520e-01
7.432901263236999512e-01
7.548622488975524902e-01
7.469342350959777832e-01
7.186918854713439941e-01
7.536185979843139648e-01
7.477411031723022461e-01
7.730684280395507812e-01
7.316426038742065430e-01
7.722688913345336914e-01
7.431771159172058105e-01
7.689501643180847168e-01
7.737564444541931152e-01
7.700835466384887695e-01
7.564115524291992188e-01
7.744631171226501465e-01
7.924641966819763184e-01
7.857108712196350098e-01
7.904109358787536621e-01
7.906289696693420410e-01
7.878367900848388672e-01
7.932175993919372559e-01
7.715815305709838867e-01
7.897239923477172852e-01
8.114276528358459473e-01
7.704343795776367188e-01
7.912614941596984863e-01
7.994551062583923340e-01
7.966732978820800781e-01
7.684476375579833984e-01
7.994261384010314941e-01
7.962744832038879395e-01
8.087427020072937012e-01
7.961286902427673340e-01
7.874757051467895508e-01
7.991488575935363770e-01
7.872088551521301270e-01
8.158721327781677246e-01
8.104764819145202637e-01
7.772091031074523926e-01
8.178985118865966797e-01
8.072471618652343750e-01
8.138450980186462402e-01
8.199124336242675781e-01
8.454274535179138184e-01
8.434824943542480469e-01
8.447884321212768555e-01
8.487202525138854980e-01
8.651962280273437500e-01
8.568533658981323242e-01
8.463654518127441406e-01
8.635339140892028809e-01
8.390605449676513672e-01
8.570133447647094727e-01
8.569518923759460449e-01
8.454613685607910156e-01
8.662484288215637207e-01
8.641116023063659668e-01
8.684705495834350586e-01
8.673837184906005859e-01
8.361725807189941406e-01
8.585746884346008301e-01
8.492728471755981445e-01
8.530756831169128418e-01
8.595000505447387695e-01
8.715256452560424805e-01
8.668327927589416504e-01
8.616230487823486328e-01
8.977910876274108887e-01
8.773578405380249023e-01
9.122927784919738770e-01
8.914474844932556152e-01
8.322291374206542969e-01
8.944757580757141113e-01
8.927983641624450684e-01
8.858808279037475586e-01
8.954321742057800293e-01
9.003964066505432129e-01
8.755208253860473633e-01
8.444645404815673828e-01
8.397313952445983887e-01
9.065356254577636719e-01
8.820235729217529297e-01
9.058101177215576172e-01
9.296287298202514648e-01
9.108052253723144531e-01
8.810219168663024902e-01
8.979406952857971191e-01
8.599222302436828613e-01
9.191722869873046875e-01
9.237515926361083984e-01
9.182332158088684082e-01
7.525901198387145996e-01
9.195659756660461426e-01
9.306161403656005859e-01
7.665873765945434570e-01
9.305295348167419434e-01
9.325838685035705566e-01
8.703551888465881348e-01
9.360091090202331543e-01
9.234848022460937500e-01
8.981657624244689941e-01
9.402101039886474609e-01
9.033912420272827148e-01
9.381381869316101074e-01
8.946349024772644043e-01
9.191789031028747559e-01
9.655761718750000000e-01
9.269402027130126953e-01
9.027277827262878418e-01
9.702146053314208984e-01
9.382227659225463867e-01
9.480379819869995117e-01
9.793816804885864258e-01
9.627324342727661133e-01
9.758556485176086426e-01
9.249094724655151367e-01
9.531871080398559570e-01
9.752519130706787109e-01
-9.899900000000000000e+04
9.948410987854003906e-01
9.502221941947937012e-01
9.889960885047912598e-01
9.808916449546813965e-01
9.695127010345458984e-01
9.699312448501586914e-01
-9.899900000000000000e+04
9.823691844940185547e-01
9.786267280578613281e-01
9.783855080604553223e-01
9.781368970870971680e-01
-9.899900000000000000e+04
9.752521514892578125e-01
-9.899900000000000000e+04
-9.899900000000000000e+04
8.098514080047607422e-01
-9.899900000000000000e+04
