6.225892305374145508e-01
6.257067918777465820e-01
6.562239527702331543e-01
6.632860302925109863e-01
6.469347476959228516e-01
6.480431556701660156e-01
6.616687774658203125e-01
6.678663492202758789e-01
6.802015900611877441e-01
6.654602885246276855e-01
6.720508933067321777e-01
6.596245169639587402e-01
6.706004142761230469e-01
6.766728758811950684e-01
6.669101715087890625e-01
6.715213656425476074e-01
6.770184636116027832e-01
6.737642884254455566e-01
6.680296063423156738e-01
6.757357120513916016e-01
6.811931729316711426e-01
6.825096607208251953e-01
6.752519607543945312e-01
6.934551596641540527e-01
6.966059207916259766e-01
6.943004727363586426e-01
6.933497786521911621e-01
6.934535503387451172e-01
7.024238705635070801e-01
7.025297880172729492e-01
6.855580806732177734e-01
7.133567333221435547e-01
7.106655240058898926e-01
6.892899870872497559e-01
6.939059495925903320e-01
6.928925514221191406e-01
7.009580135345458984e-01
6.998625993728637695e-01
7.071206569671630859e-01
7.186087369918823242e-01
7.004706263542175293e-01
7.132615447044372559e-01
7.087279558181762695e-01
6.774426698684692383e-01
7.053089737892150879e-01
6.968008279800415039e-01
6.865940690040588379e-01
6.851404309272766113e-01
7.077690958976745605e-01
6.965594291687011719e-01
7.177870273590087891e-01
7.125616073608398438e-01
6.954331398010253906e-01
7.168438434600830078e-01
7.290185093879699707e-01
7.033432126045227051e-01
7.041273713111877441e-01
6.972181797027587891e-01
7.235581874847412109e-01
7.000441551208496094e-01
7.131268978118896484e-01
7.271997332572937012e-01
7.075215578079223633e-01
7.199462652206420898e-01
7.202281951904296875e-01
7.320891618728637695e-01
7.213410139083862305e-01
7.240853905677795410e-01
7.428266406059265137e-01
7.382733821868896484e-01
7.420860528945922852e-01
7.360907196998596191e-01
7.406055331230163574e-01
7.416719198226928711e-01
7.502966523170471191e-01
7.360736131668090820e-01
7.710154056549072266e-01
7.380002140998840332e-01
7.335652709007263184e-01
7.164530754089355469e-01
7.264703512191772461e-01
7.527090311050415039e-01
7.478074431419372559e-01
7.715542316436767578e-01
7.770422697067260742e-01
7.448363304138183594e-01
7.671908736228942871e-01
7.731302380561828613e-01
7.927963137626647949e-01
7.699226737022399902e-01
7.830885648727416992e-01
7.912463545799255371e-01
7.851801514625549316e-01
7.900648713111877441e-01
7.915320396423339844e-01
7.666145563125610352e-01
7.935881614685058594e-01
7.953865528106689453e-01
7.921739816665649414e-01
7.662253975868225098e-01
7.735757231712341309e-01
7.832740545272827148e-01
7.761348485946655273e-01
7.656484842300415039e-01
8.054642677307128906e-01
7.822208404541015625e-01
8.100177049636840820e-01
7.775008082389831543e-01
7.967432141304016113e-01
8.057207465171813965e-01
7.952862977981567383e-01
8.018736243247985840e-01
8.218834996223449707e-01
8.143823146820068359e-01
8.288463950157165527e-01
7.909196615219116211e-01
8.094119429588317871e-01
8.071317076683044434e-01
8.461763262748718262e-01
8.295643925666809082e-01
8.454134464263916016e-01
8.397949337959289551e-01
8.569692969322204590e-01
8.196386098861694336e-01
8.325150609016418457e-01
8.215970396995544434e-01
8.570351004600524902e-01
8.498145341873168945e-01
8.438576459884643555e-01
8.512835502624511719e-01
8.628615140914916992e-01
8.558061122894287109e-01
8.771852254867553711e-01
8.655717968940734863e-01
8.616798520088195801e-01
8.768765926361083984e-01
8.695067167282104492e-01
8.668358325958251953e-01
8.603692650794982910e-01
8.869154453277587891e-01
8.900541067123413086e-01
8.659918308258056641e-01
8.694770336151123047e-01
8.909357786178588867e-01
8.805440664291381836e-01
8.862267732620239258e-01
8.987553119659423828e-01
8.764286637306213379e-01
8.920477032661437988e-01
8.853253126144409180e-01
9.067752957344055176e-01
8.765989542007446289e-01
8.957275748252868652e-01
8.795159459114074707e-01
8.573070764541625977e-01
9.045274853706359863e-01
8.898172974586486816e-01
9.008547067642211914e-01
8.732542991638183594e-01
9.220008850097656250e-01
9.098448157310485840e-01
8.907961845397949219e-01
9.087464213371276855e-01
9.184875488281250000e-01
9.280761480331420898e-01
9.181980490684509277e-01
8.184867501258850098e-01
9.293568730354309082e-01
9.320884346961975098e-01
9.410516023635864258e-01
9.116159677505493164e-01
9.206863045692443848e-01
9.232017397880554199e-01
9.413589239120483398e-01
9.383185505867004395e-01
9.121320843696594238e-01
9.436786174774169922e-01
9.069592952728271484e-01
9.495924115180969238e-01
9.156936407089233398e-01
9.373891949653625488e-01
9.302887916564941406e-01
9.357749223709106445e-01
9.435573816299438477e-01
9.274239540100097656e-01
9.029667973518371582e-01
9.241698384284973145e-01
9.566842317581176758e-01
9.651550650596618652e-01
9.575799107551574707e-01
9.774695038795471191e-01
9.556567072868347168e-01
9.640585184097290039e-01
9.218611121177673340e-01
9.459137916564941406e-01
9.459898471832275391e-01
9.605606794357299805e-01
9.536103010177612305e-01
9.800593256950378418e-01
9.984937310218811035e-01
9.785217642784118652e-01
1.009541749954223633e+00
9.788001179695129395e-01
9.337666630744934082e-01
8.357921838760375977e-01
9.638218283653259277e-01
9.804369211196899414e-01
-9.899900000000000000e+04
9.773358702659606934e-01
9.696848392486572266e-01
9.789527058601379395e-01
-9.899900000000000000e+04
9.761166572570800781e-01
-9.899900000000000000e+04
-9.899900000000000000e+04
8.960351347923278809e-01
-9.899900000000000000e+04
-9.899900000000000000e+04
-9.899900000000000000e+04
-9.899900000000000000e+04
-9.899900000000000000e+04
-9.899900000000000000e+04
-9.899900000000000000e+04
9.171301126480102539e-01
9.769908189773559570e-01
-9.899900000000000000e+04
-9.899900000000000000e+04
-9.899900000000000000e+04
-9.899900000000000000e+04
9.083598852157592773e-01
-9.899900000000000000e+04
-9.899900000000000000e+04
-9.899900000000000000e+04
-9.899900000000000000e+04
-9.899900000000000000e+04
