6.225892305374145508e-01
6.517849564552307129e-01
6.562239527702331543e-01
6.476886868476867676e-01
6.476992368698120117e-01
6.493827104568481445e-01
6.561157107353210449e-01
6.678663492202758789e-01
6.596282720565795898e-01
6.622903943061828613e-01
6.664795279502868652e-01
6.596245169639587402e-01
6.802445650100708008e-01
6.589918732643127441e-01
6.657516956329345703e-01
6.695431470870971680e-01
6.722669005393981934e-01
6.710654497146606445e-01
6.685377955436706543e-01
6.883132457733154297e-01
6.899451017379760742e-01
6.750268340110778809e-01
6.780844926834106445e-01
6.728077530860900879e-01
6.889013648033142090e-01
6.925680041313171387e-01
6.933497786521911621e-01
7.040576338768005371e-01
6.979781985282897949e-01
7.086676955223083496e-01
6.992936730384826660e-01
6.989364027976989746e-01
6.846123337745666504e-01
6.938831210136413574e-01
6.898364424705505371e-01
7.008562088012695312e-01
7.052585482597351074e-01
7.034287452697753906e-01
7.095757722854614258e-01
7.007040381431579590e-01
7.012850642204284668e-01
7.034052610397338867e-01
7.051421999931335449e-01
6.940495371818542480e-01
7.017863988876342773e-01
7.009233832359313965e-01
7.014923691749572754e-01
6.929219961166381836e-01
7.107968926429748535e-01
7.088150382041931152e-01
7.107636332511901855e-01
7.289279699325561523e-01
7.137355208396911621e-01
7.173114418983459473e-01
6.950300335884094238e-01
7.054079771041870117e-01
7.211138010025024414e-01
7.113698720932006836e-01
7.166747450828552246e-01
7.281782031059265137e-01
7.288261055946350098e-01
7.161172032356262207e-01
7.343914508819580078e-01
7.207512855529785156e-01
7.335768342018127441e-01
7.104828357696533203e-01
7.238095402717590332e-01
7.053330540657043457e-01
7.413861155509948730e-01
7.418705224990844727e-01
7.118460536003112793e-01
7.266193628311157227e-01
7.306603789329528809e-01
7.439117431640625000e-01
7.616167068481445312e-01
7.660709023475646973e-01
7.427696585655212402e-01
7.427803277969360352e-01
7.314116358757019043e-01
7.240964174270629883e-01
7.365846037864685059e-01
7.532729506492614746e-01
7.558205723762512207e-01
7.797704935073852539e-01
7.457737326622009277e-01
7.809836864471435547e-01
7.683354020118713379e-01
7.882202863693237305e-01
7.615081071853637695e-01
7.910158634185791016e-01
7.763455510139465332e-01
7.994975447654724121e-01
7.924416661262512207e-01
7.880027890205383301e-01
7.905695438385009766e-01
7.634122967720031738e-01
7.753281593322753906e-01
7.964465618133544922e-01
7.845405340194702148e-01
7.873652577400207520e-01
7.938200831413269043e-01
7.831298708915710449e-01
7.731321454048156738e-01
7.975820302963256836e-01
7.798636555671691895e-01
8.111066222190856934e-01
7.921255826950073242e-01
8.135088682174682617e-01
8.134993314743041992e-01
7.731683254241943359e-01
8.110205531120300293e-01
8.081192970275878906e-01
8.173092603683471680e-01
8.220980763435363770e-01
8.104842305183410645e-01
7.927970290184020996e-01
8.285637497901916504e-01
8.415915966033935547e-01
8.164845705032348633e-01
8.377949595451354980e-01
8.229640126228332520e-01
8.454462885856628418e-01
8.524116277694702148e-01
8.588106632232666016e-01
8.457019925117492676e-01
8.635988235473632812e-01
8.592709898948669434e-01
8.578476905822753906e-01
8.602277636528015137e-01
8.687627315521240234e-01
8.569256663322448730e-01
8.573355674743652344e-01
8.692566752433776855e-01
8.584322333335876465e-01
8.700830340385437012e-01
8.669337034225463867e-01
8.683134913444519043e-01
8.708057999610900879e-01
8.747224211692810059e-01
8.793727159500122070e-01
8.678858876228332520e-01
8.745053410530090332e-01
8.832495808601379395e-01
8.906207680702209473e-01
8.735440969467163086e-01
8.942419886589050293e-01
8.850504755973815918e-01
8.904482126235961914e-01
8.703281283378601074e-01
8.826073408126831055e-01
8.950778841972351074e-01
8.756330013275146484e-01
8.919098377227783203e-01
9.041398167610168457e-01
9.125288724899291992e-01
8.965350389480590820e-01
9.205437898635864258e-01
9.061204195022583008e-01
8.784530162811279297e-01
8.934368491172790527e-01
8.331646323204040527e-01
9.043864607810974121e-01
9.010267853736877441e-01
9.183545112609863281e-01
9.095983505249023438e-01
9.196537137031555176e-01
9.255438446998596191e-01
9.183819890022277832e-01
9.001560807228088379e-01
9.135516285896301270e-01
8.816277384757995605e-01
9.292033910751342773e-01
9.236298799514770508e-01
9.441603422164916992e-01
9.363568425178527832e-01
8.703658580780029297e-01
8.297222256660461426e-01
9.339749217033386230e-01
9.041720628738403320e-01
9.575835466384887695e-01
8.983199596405029297e-01
9.506050944328308105e-01
7.916196584701538086e-01
9.191487431526184082e-01
9.572359323501586914e-01
9.657447934150695801e-01
9.531541466712951660e-01
9.597893357276916504e-01
9.593414068222045898e-01
9.480684399604797363e-01
9.635110497474670410e-01
9.382425546646118164e-01
9.818063974380493164e-01
9.860485792160034180e-01
9.774483442306518555e-01
9.765703678131103516e-01
9.811889529228210449e-01
9.618552327156066895e-01
9.736715555191040039e-01
-9.899900000000000000e+04
-9.899900000000000000e+04
9.728938937187194824e-01
