6.461329460144042969e-01
6.517849564552307129e-01
6.406359076499938965e-01
6.595162153244018555e-01
6.617763042449951172e-01
6.468650102615356445e-01
6.617761850357055664e-01
6.615436673164367676e-01
6.592803001403808594e-01
6.654602885246276855e-01
6.734725236892700195e-01
6.803489923477172852e-01
6.707508563995361328e-01
6.779532432556152344e-01
6.657516956329345703e-01
6.690617203712463379e-01
6.741776466369628906e-01
6.668570041656494141e-01
6.753183007240295410e-01
6.926084160804748535e-01
6.768352389335632324e-01
6.746621131896972656e-01
6.752519607543945312e-01
7.030976414680480957e-01
6.971731781959533691e-01
6.897909641265869141e-01
6.893821954727172852e-01
7.003745436668395996e-01
6.843441128730773926e-01
7.025297880172729492e-01
7.057832479476928711e-01
6.883153915405273438e-01
7.130468487739562988e-01
7.038123011589050293e-01
7.015504240989685059e-01
6.829656958580017090e-01
7.002396583557128906e-01
6.964154839515686035e-01
7.012871503829956055e-01
7.002503871917724609e-01
7.053188681602478027e-01
7.048430442810058594e-01
7.009765505790710449e-01
6.814486980438232422e-01
6.989243626594543457e-01
6.990778446197509766e-01
7.003550529479980469e-01
7.085984349250793457e-01
7.156509160995483398e-01
7.100490331649780273e-01
7.173982858657836914e-01
7.202357649803161621e-01
7.117689251899719238e-01
7.052449584007263184e-01
6.952220201492309570e-01
7.260148525238037109e-01
7.046751976013183594e-01
7.147513628005981445e-01
7.229087352752685547e-01
7.137106657028198242e-01
7.263048291206359863e-01
7.244618535041809082e-01
7.150558233261108398e-01
7.188681960105895996e-01
7.218522429466247559e-01
7.380966544151306152e-01
7.385354042053222656e-01
7.384403347969055176e-01
7.345258593559265137e-01
7.317578792572021484e-01
7.199512720108032227e-01
7.277838587760925293e-01
7.250682115554809570e-01
7.356749773025512695e-01
7.650414109230041504e-01
7.470963597297668457e-01
7.441505193710327148e-01
7.520638704299926758e-01
7.160797119140625000e-01
7.539889216423034668e-01
7.490100860595703125e-01
7.700873017311096191e-01
7.421653270721435547e-01
7.299579381942749023e-01
7.631623744964599609e-01
7.581096887588500977e-01
7.859028577804565430e-01
7.684934139251708984e-01
7.769053578376770020e-01
7.760173082351684570e-01
7.828412652015686035e-01
7.962341308593750000e-01
7.854828834533691406e-01
8.012760281562805176e-01
7.667196393013000488e-01
7.866428494453430176e-01
7.872521877288818359e-01
7.862092852592468262e-01
7.794677615165710449e-01
7.910864949226379395e-01
7.993668317794799805e-01
7.531303763389587402e-01
7.818995118141174316e-01
8.082187771797180176e-01
8.078325986862182617e-01
8.006452322006225586e-01
8.106765151023864746e-01
7.837997674942016602e-01
7.886745333671569824e-01
7.965946197509765625e-01
8.083631992340087891e-01
7.925662994384765625e-01
8.213460445404052734e-01
8.226112127304077148e-01
8.108170032501220703e-01
8.155910372734069824e-01
8.239875435829162598e-01
8.092104196548461914e-01
8.327203392982482910e-01
8.142808675765991211e-01
8.393305540084838867e-01
8.480291366577148438e-01
8.525963425636291504e-01
8.539593815803527832e-01
8.367404341697692871e-01
8.601456284523010254e-01
8.471217751502990723e-01
8.606277704238891602e-01
8.460546135902404785e-01
8.611117005348205566e-01
8.248711228370666504e-01
8.622339367866516113e-01
8.547524213790893555e-01
8.620800375938415527e-01
8.710481524467468262e-01
8.704882860183715820e-01
8.785455822944641113e-01
7.984886169433593750e-01
8.805119395256042480e-01
8.924401998519897461e-01
8.809533119201660156e-01
8.751852512359619141e-01
8.739336729049682617e-01
8.799661397933959961e-01
8.874666094779968262e-01
8.875652551651000977e-01
8.742430210113525391e-01
9.051356315612792969e-01
8.859826326370239258e-01
8.763995170593261719e-01
8.764577507972717285e-01
8.753057718276977539e-01
9.086527824401855469e-01
8.813946247100830078e-01
9.062189459800720215e-01
8.875993490219116211e-01
9.080496430397033691e-01
8.696928024291992188e-01
8.675035238265991211e-01
9.204521775245666504e-01
8.032519221305847168e-01
9.011045694351196289e-01
9.178728461265563965e-01
7.782593369483947754e-01
8.890410065650939941e-01
9.147731661796569824e-01
8.841742873191833496e-01
9.131038784980773926e-01
9.112603664398193359e-01
8.642725348472595215e-01
9.187347888946533203e-01
8.053840994834899902e-01
9.367359876632690430e-01
9.058248996734619141e-01
8.755282163619995117e-01
9.221371412277221680e-01
9.265652894973754883e-01
8.838440179824829102e-01
9.501504302024841309e-01
9.450116157531738281e-01
9.380791187286376953e-01
9.330756068229675293e-01
8.014020919799804688e-01
9.450559616088867188e-01
8.343819975852966309e-01
9.371617436408996582e-01
9.615997672080993652e-01
9.908686280250549316e-01
9.439504146575927734e-01
9.645944833755493164e-01
9.681763052940368652e-01
9.707803726196289062e-01
-9.899900000000000000e+04
9.875665307044982910e-01
9.847874641418457031e-01
8.702246546745300293e-01
-9.899900000000000000e+04
8.302345275878906250e-01
-9.899900000000000000e+04
9.322929382324218750e-01
9.993048310279846191e-01
9.770225882530212402e-01
