6.461329460144042969e-01
6.358127593994140625e-01
6.406359076499938965e-01
6.632860302925109863e-01
6.476992368698120117e-01
6.493827104568481445e-01
6.616687774658203125e-01
6.678663492202758789e-01
6.802015900611877441e-01
6.793448328971862793e-01
6.752379536628723145e-01
6.614516377449035645e-01
6.751718521118164062e-01
6.584621667861938477e-01
6.705845594406127930e-01
6.729526519775390625e-01
6.773794889450073242e-01
6.744850873947143555e-01
6.878682374954223633e-01
6.843210458755493164e-01
6.800538301467895508e-01
6.750268340110778809e-01
6.835269927978515625e-01
6.934551596641540527e-01
6.884194016456604004e-01
6.888324022293090820e-01
7.026354074478149414e-01
6.823875308036804199e-01
7.003911733627319336e-01
7.025297880172729492e-01
6.826096773147583008e-01
7.046317458152770996e-01
6.865002512931823730e-01
6.971195936203002930e-01
6.898364424705505371e-01
7.029964327812194824e-01
6.940272450447082520e-01
7.005456089973449707e-01
6.974970698356628418e-01
7.033981680870056152e-01
6.925269365310668945e-01
7.093932628631591797e-01
7.040937542915344238e-01
6.940495371818542480e-01
7.054488062858581543e-01
6.981019973754882812e-01
7.122296690940856934e-01
7.199530005455017090e-01
7.045320272445678711e-01
7.102606296539306641e-01
7.110669612884521484e-01
6.955135464668273926e-01
7.015699148178100586e-01
6.915407180786132812e-01
7.190313339233398438e-01
7.171748876571655273e-01
7.084310054779052734e-01
7.069548964500427246e-01
7.236146926879882812e-01
7.269529104232788086e-01
7.266672253608703613e-01
6.967691779136657715e-01
7.241048216819763184e-01
7.166086435317993164e-01
7.358281016349792480e-01
7.268232703208923340e-01
7.396839261054992676e-01
7.194201350212097168e-01
7.221649885177612305e-01
7.268666028976440430e-01
7.219380736351013184e-01
7.408756017684936523e-01
7.647516131401062012e-01
7.476173639297485352e-01
7.506981492042541504e-01
7.462220788002014160e-01
7.496568560600280762e-01
7.380002140998840332e-01
7.363696694374084473e-01
7.358960509300231934e-01
7.311797738075256348e-01
7.545045018196105957e-01
7.527180910110473633e-01
7.199162840843200684e-01
7.651360034942626953e-01
7.643463611602783203e-01
7.759662270545959473e-01
7.913125753402709961e-01
7.831048369407653809e-01
7.784259915351867676e-01
7.847537398338317871e-01
7.838571667671203613e-01
7.907774448394775391e-01
7.822836637496948242e-01
7.810496091842651367e-01
7.745218873023986816e-01
7.772971391677856445e-01
7.916719317436218262e-01
7.925057411193847656e-01
7.893276214599609375e-01
7.831982970237731934e-01
7.984960079193115234e-01
8.055218458175659180e-01
7.776020169258117676e-01
7.750341296195983887e-01
8.130200505256652832e-01
7.754178643226623535e-01
8.073119521141052246e-01
8.022008538246154785e-01
8.229116201400756836e-01
8.219062685966491699e-01
8.134024739265441895e-01
8.020985126495361328e-01
7.864958047866821289e-01
8.183151483535766602e-01
8.011370301246643066e-01
8.220522999763488770e-01
8.066955208778381348e-01
8.175985217094421387e-01
8.221613168716430664e-01
8.409109711647033691e-01
8.498453497886657715e-01
8.610256314277648926e-01
8.499467968940734863e-01
8.516934514045715332e-01
8.302418589591979980e-01
8.323407173156738281e-01
8.628620505332946777e-01
8.272714018821716309e-01
8.668322563171386719e-01
8.591136932373046875e-01
8.712470531463623047e-01
8.618655204772949219e-01
8.551784157752990723e-01
8.673932552337646484e-01
8.178698420524597168e-01
8.703656196594238281e-01
8.475691080093383789e-01
8.828875422477722168e-01
8.849992752075195312e-01
8.575112819671630859e-01
8.730622529983520508e-01
8.895587921142578125e-01
8.780971169471740723e-01
8.793650865554809570e-01
8.830888867378234863e-01
9.110543131828308105e-01
8.815894722938537598e-01
8.921197056770324707e-01
9.113786220550537109e-01
9.132946729660034180e-01
8.875762224197387695e-01
8.875364661216735840e-01
7.786602973937988281e-01
9.064421057701110840e-01
8.860189914703369141e-01
8.907543420791625977e-01
8.876052498817443848e-01
8.959162831306457520e-01
9.230835437774658203e-01
9.262279272079467773e-01
9.011052846908569336e-01
8.990671038627624512e-01
9.047254323959350586e-01
9.141402840614318848e-01
9.219339489936828613e-01
9.321950078010559082e-01
9.367858767509460449e-01
7.922499775886535645e-01
9.180943965911865234e-01
9.320624470710754395e-01
9.062659740447998047e-01
9.151853919029235840e-01
8.533878326416015625e-01
9.165551066398620605e-01
9.211248755455017090e-01
8.381434679031372070e-01
9.427840113639831543e-01
8.982013463973999023e-01
9.492796063423156738e-01
8.378503918647766113e-01
7.764388322830200195e-01
8.163049221038818359e-01
9.569634199142456055e-01
8.592110872268676758e-01
9.331055879592895508e-01
9.548779129981994629e-01
9.742805957794189453e-01
9.688501954078674316e-01
9.715509414672851562e-01
8.444834351539611816e-01
9.274078607559204102e-01
9.631213545799255371e-01
8.505155444145202637e-01
9.949505925178527832e-01
9.608529806137084961e-01
9.681053161621093750e-01
9.627411961555480957e-01
1.009237051010131836e+00
9.749950170516967773e-01
-9.899900000000000000e+04
-9.899900000000000000e+04
9.780377149581909180e-01
9.611912369728088379e-01
-9.899900000000000000e+04
-9.899900000000000000e+04
-9.899900000000000000e+04
