6.291534900665283203e-01
6.358127593994140625e-01
6.388311982154846191e-01
6.606395840644836426e-01
6.512370109558105469e-01
6.468650102615356445e-01
6.579081416130065918e-01
6.678663492202758789e-01
6.618557572364807129e-01
6.793448328971862793e-01
6.664795279502868652e-01
6.803489923477172852e-01
6.678974032402038574e-01
6.722197532653808594e-01
6.654166579246520996e-01
6.814933419227600098e-01
6.770184636116027832e-01
6.827505826950073242e-01
6.717842817306518555e-01
6.807863116264343262e-01
6.768352389335632324e-01
6.750268340110778809e-01
6.753197908401489258e-01
6.934551596641540527e-01
6.794004440307617188e-01
6.995808482170104980e-01
6.886549592018127441e-01
6.996856331825256348e-01
6.996704936027526855e-01
6.898700594902038574e-01
6.872646808624267578e-01
7.014163732528686523e-01
7.024661898612976074e-01
6.854111552238464355e-01
7.007209062576293945e-01
6.926329731941223145e-01
6.978567838668823242e-01
7.004896402359008789e-01
7.013962268829345703e-01
7.002582550048828125e-01
6.871674656867980957e-01
7.085919380187988281e-01
6.908295750617980957e-01
6.970932483673095703e-01
7.069339156150817871e-01
7.067790031433105469e-01
7.058834433555603027e-01
7.198243737220764160e-01
7.113590836524963379e-01
7.122380733489990234e-01
7.218614816665649414e-01
6.964026689529418945e-01
7.183036208152770996e-01
6.980711221694946289e-01
7.190755009651184082e-01
7.077524065971374512e-01
7.190223932266235352e-01
7.238907814025878906e-01
7.229618430137634277e-01
7.279102802276611328e-01
7.156770229339599609e-01
7.302966117858886719e-01
7.053772807121276855e-01
7.033377885818481445e-01
7.214859127998352051e-01
7.177820801734924316e-01
7.419672608375549316e-01
7.225911617279052734e-01
7.263986468315124512e-01
7.237685918807983398e-01
7.446038126945495605e-01
7.284573912620544434e-01
7.331998348236083984e-01
7.537515759468078613e-01
7.277739048004150391e-01
7.312449812889099121e-01
7.399598360061645508e-01
7.363870143890380859e-01
7.394111752510070801e-01
7.579438090324401855e-01
7.637597322463989258e-01
7.357778549194335938e-01
7.547103762626647949e-01
7.632161378860473633e-01
7.721174359321594238e-01
7.468489408493041992e-01
7.844504714012145996e-01
7.831231355667114258e-01
7.978907823562622070e-01
7.582352161407470703e-01
7.724732756614685059e-01
7.829592823982238770e-01
7.827953696250915527e-01
7.715765237808227539e-01
8.014405965805053711e-01
7.750106453895568848e-01
7.773463129997253418e-01
7.927754521369934082e-01
7.719134688377380371e-01
7.691309452056884766e-01
7.886493802070617676e-01
7.686625719070434570e-01
7.693511843681335449e-01
7.867280840873718262e-01
7.718383669853210449e-01
8.007795810699462891e-01
7.880070209503173828e-01
7.842677831649780273e-01
8.051875233650207520e-01
8.232539296150207520e-01
7.917788624763488770e-01
8.106471300125122070e-01
7.920296192169189453e-01
8.173435926437377930e-01
8.050689101219177246e-01
8.142788410186767578e-01
8.217776417732238770e-01
7.973695993423461914e-01
8.189678788185119629e-01
8.392696976661682129e-01
8.317059874534606934e-01
8.445087075233459473e-01
8.462414145469665527e-01
8.298108577728271484e-01
8.575984835624694824e-01
8.049765825271606445e-01
8.601021170616149902e-01
8.523792624473571777e-01
8.724532723426818848e-01
8.677219748497009277e-01
8.680105805397033691e-01
8.580513000488281250e-01
8.832395076751708984e-01
8.788650035858154297e-01
8.381030559539794922e-01
8.227364420890808105e-01
8.727008104324340820e-01
8.605946898460388184e-01
8.601747751235961914e-01
9.048078656196594238e-01
8.669115304946899414e-01
8.879675865173339844e-01
8.836482763290405273e-01
8.793303966522216797e-01
9.075096845626831055e-01
9.017480015754699707e-01
8.966441750526428223e-01
8.624790906906127930e-01
9.046229124069213867e-01
9.064939022064208984e-01
8.681682348251342773e-01
8.963943719863891602e-01
9.117228984832763672e-01
9.017142653465270996e-01
8.886318206787109375e-01
9.064388871192932129e-01
8.985723257064819336e-01
9.114816784858703613e-01
8.926816582679748535e-01
9.066473245620727539e-01
9.063737988471984863e-01
9.171459674835205078e-01
8.910879492759704590e-01
9.173207879066467285e-01
9.174127578735351562e-01
9.180757403373718262e-01
9.180973768234252930e-01
9.307225346565246582e-01
8.514012098312377930e-01
9.222454428672790527e-01
9.152997732162475586e-01
9.245933890342712402e-01
9.357896447181701660e-01
8.719763755798339844e-01
9.312573671340942383e-01
9.258722662925720215e-01
9.115292429924011230e-01
9.405526518821716309e-01
9.406574368476867676e-01
8.021467328071594238e-01
9.417821168899536133e-01
8.043953180313110352e-01
9.257257580757141113e-01
9.613802433013916016e-01
7.464289665222167969e-01
9.577254056930541992e-01
9.806976914405822754e-01
9.246364831924438477e-01
9.451454877853393555e-01
9.610969424247741699e-01
8.136586546897888184e-01
9.377124905586242676e-01
9.228863120079040527e-01
9.167690873146057129e-01
8.411325812339782715e-01
9.749644994735717773e-01
9.818606972694396973e-01
1.009217381477355957e+00
9.284074902534484863e-01
9.539073705673217773e-01
7.806116938591003418e-01
-9.899900000000000000e+04
9.693786501884460449e-01
