6.309524774551391602e-01
6.257067918777465820e-01
6.407510042190551758e-01
6.606395840644836426e-01
6.469347476959228516e-01
6.468650102615356445e-01
6.616687774658203125e-01
6.578138470649719238e-01
6.748499274253845215e-01
6.654602885246276855e-01
6.664795279502868652e-01
6.636283397674560547e-01
6.852729916572570801e-01
6.568657159805297852e-01
6.808091402053833008e-01
6.695431470870971680e-01
6.809154748916625977e-01
6.710654497146606445e-01
6.750604510307312012e-01
6.751683354377746582e-01
6.891955137252807617e-01
6.825303435325622559e-01
6.766778826713562012e-01
6.899821162223815918e-01
7.065337896347045898e-01
6.890242099761962891e-01
7.009306550025939941e-01
6.996856331825256348e-01
6.825704574584960938e-01
6.911410093307495117e-01
6.857607364654541016e-01
7.020954489707946777e-01
7.027031183242797852e-01
7.021601200103759766e-01
6.916729211807250977e-01
6.957734823226928711e-01
6.982364654541015625e-01
6.985288858413696289e-01
7.092423439025878906e-01
7.020101547241210938e-01
7.046388387680053711e-01
6.899814605712890625e-01
7.019237279891967773e-01
7.081156969070434570e-01
6.991146802902221680e-01
7.029966711997985840e-01
7.016888856887817383e-01
7.218027114868164062e-01
7.130001187324523926e-01
6.995118260383605957e-01
6.955323815345764160e-01
6.992124319076538086e-01
7.143906950950622559e-01
7.018640041351318359e-01
7.149654626846313477e-01
7.215757966041564941e-01
7.230060696601867676e-01
7.287551760673522949e-01
7.247303128242492676e-01
7.167245149612426758e-01
7.143744230270385742e-01
7.207408547401428223e-01
7.286326885223388672e-01
7.095860242843627930e-01
7.221611142158508301e-01
7.261370420455932617e-01
7.254264950752258301e-01
7.322076559066772461e-01
7.194036245346069336e-01
7.217369675636291504e-01
7.271945476531982422e-01
7.429243326187133789e-01
7.376232147216796875e-01
7.369692325592041016e-01
7.456778883934020996e-01
7.425023317337036133e-01
7.241246104240417480e-01
7.359144687652587891e-01
7.655589580535888672e-01
7.640380859375000000e-01
7.101843357086181641e-01
7.582401037216186523e-01
7.321995496749877930e-01
7.595665454864501953e-01
7.502046227455139160e-01
7.740293741226196289e-01
7.749664783477783203e-01
7.841114997863769531e-01
7.952184081077575684e-01
7.868719100952148438e-01
7.880973219871520996e-01
7.740983366966247559e-01
7.697492241859436035e-01
7.828080058097839355e-01
7.741614580154418945e-01
7.805957794189453125e-01
7.831306457519531250e-01
7.709363102912902832e-01
7.686938643455505371e-01
7.866748571395874023e-01
7.940609455108642578e-01
7.967157959938049316e-01
7.713941931724548340e-01
7.798647880554199219e-01
7.719902396202087402e-01
7.872022390365600586e-01
8.156628012657165527e-01
7.826908230781555176e-01
8.134582638740539551e-01
7.853782176971435547e-01
8.069384098052978516e-01
8.010460138320922852e-01
8.157740831375122070e-01
8.160921931266784668e-01
8.139727115631103516e-01
7.950474023818969727e-01
8.265716433525085449e-01
8.343771696090698242e-01
8.436825275421142578e-01
8.320810198783874512e-01
8.357965350151062012e-01
8.438261747360229492e-01
8.509191274642944336e-01
8.533511161804199219e-01
8.400110602378845215e-01
8.637347817420959473e-01
8.470118641853332520e-01
8.577151894569396973e-01
8.602588176727294922e-01
8.698928356170654297e-01
8.549531102180480957e-01
8.615704178810119629e-01
8.615208268165588379e-01
8.480204939842224121e-01
8.726509809494018555e-01
8.709276318550109863e-01
8.668750524520874023e-01
8.631027936935424805e-01
8.917244076728820801e-01
8.757296800613403320e-01
9.062448143959045410e-01
8.794709444046020508e-01
8.676227927207946777e-01
8.770262002944946289e-01
8.837714791297912598e-01
8.957462310791015625e-01
8.988586068153381348e-01
8.807888031005859375e-01
8.880055546760559082e-01
8.943040370941162109e-01
8.775981664657592773e-01
8.710178732872009277e-01
9.064362049102783203e-01
9.100390076637268066e-01
8.619825839996337891e-01
8.908720016479492188e-01
9.047639369964599609e-01
9.152246117591857910e-01
9.125802516937255859e-01
9.201238751411437988e-01
8.961380124092102051e-01
9.066611528396606445e-01
8.778027296066284180e-01
8.644754290580749512e-01
9.164971709251403809e-01
9.135895967483520508e-01
7.464031577110290527e-01
9.287156462669372559e-01
8.913543224334716797e-01
9.059929847717285156e-01
9.325515031814575195e-01
9.183373451232910156e-01
9.161711931228637695e-01
8.451607227325439453e-01
9.547366499900817871e-01
9.043974876403808594e-01
9.415106773376464844e-01
9.045243859291076660e-01
9.492573738098144531e-01
8.262402415275573730e-01
9.079914689064025879e-01
8.871661424636840820e-01
9.323960542678833008e-01
9.672882556915283203e-01
9.774398803710937500e-01
9.709864258766174316e-01
8.504660725593566895e-01
9.843976497650146484e-01
9.755574464797973633e-01
9.648486375808715820e-01
9.840177893638610840e-01
9.958706498146057129e-01
9.666269421577453613e-01
9.728164076805114746e-01
9.671048521995544434e-01
9.769790172576904297e-01
8.255313634872436523e-01
9.986314177513122559e-01
8.336852192878723145e-01
-9.899900000000000000e+04
8.481702208518981934e-01
9.734942913055419922e-01
9.377892017364501953e-01
9.910881519317626953e-01
1.013570427894592285e+00
1.000730276107788086e+00
8.669407963752746582e-01
-9.899900000000000000e+04
-9.899900000000000000e+04
9.753898978233337402e-01
9.405478239059448242e-01
-9.899900000000000000e+04
9.933465123176574707e-01
-9.899900000000000000e+04
-9.899900000000000000e+04
-9.899900000000000000e+04
-9.899900000000000000e+04
9.781169295310974121e-01
-9.899900000000000000e+04
-9.899900000000000000e+04
-9.899900000000000000e+04
9.742055535316467285e-01
-9.899900000000000000e+04
-9.899900000000000000e+04
-9.899900000000000000e+04
-9.899900000000000000e+04
-9.899900000000000000e+04
-9.899900000000000000e+04
-9.899900000000000000e+04
-9.899900000000000000e+04
-9.899900000000000000e+04
-9.899900000000000000e+04
-9.899900000000000000e+04
-9.899900000000000000e+04
-9.899900000000000000e+04
-9.899900000000000000e+04
-9.899900000000000000e+04
-9.899900000000000000e+04
-9.899900000000000000e+04
-9.899900000000000000e+04
-9.899900000000000000e+04
-9.899900000000000000e+04
-9.899900000000000000e+04
-9.899900000000000000e+04
8.749242424964904785e-01
-9.899900000000000000e+04
-9.899900000000000000e+04
-9.899900000000000000e+04
-9.899900000000000000e+04
-9.899900000000000000e+04
-9.899900000000000000e+04
-9.899900000000000000e+04
-9.899900000000000000e+04
-9.899900000000000000e+04
-9.899900000000000000e+04
