6.225892305374145508e-01
6.358127593994140625e-01
6.412144899368286133e-01
6.476886868476867676e-01
6.476992368698120117e-01
6.692129373550415039e-01
6.616687774658203125e-01
6.678663492202758789e-01
6.592803001403808594e-01
6.654602885246276855e-01
6.664795279502868652e-01
6.547077894210815430e-01
6.678974032402038574e-01
6.744965314865112305e-01
6.657516956329345703e-01
6.804526448249816895e-01
6.692088842391967773e-01
6.710654497146606445e-01
6.717495918273925781e-01
6.758552193641662598e-01
6.820154190063476562e-01
6.819897294044494629e-01
6.468741893768310547e-01
7.045492529869079590e-01
6.801640987396240234e-01
7.015670537948608398e-01
7.006487846374511719e-01
6.876263022422790527e-01
6.875582337379455566e-01
6.932346820831298828e-01
7.064192891120910645e-01
6.855598092079162598e-01
7.013947963714599609e-01
6.902403831481933594e-01
6.975541710853576660e-01
6.966797709465026855e-01
6.965429782867431641e-01
6.953140497207641602e-01
6.891696453094482422e-01
7.112755775451660156e-01
7.072585821151733398e-01
7.027163505554199219e-01
7.047892212867736816e-01
6.925911903381347656e-01
6.891674995422363281e-01
7.219237089157104492e-01
7.062668204307556152e-01
7.208118438720703125e-01
7.066900134086608887e-01
6.961950063705444336e-01
6.854482889175415039e-01
7.087244391441345215e-01
7.165110111236572266e-01
7.067681550979614258e-01
7.207867503166198730e-01
7.214577198028564453e-01
7.019926905632019043e-01
7.243598699569702148e-01
6.938857436180114746e-01
7.265427708625793457e-01
7.273053526878356934e-01
7.175891399383544922e-01
7.292972207069396973e-01
7.174092531204223633e-01
7.312554717063903809e-01
6.922450661659240723e-01
7.255634665489196777e-01
7.388178110122680664e-01
7.242410778999328613e-01
7.256165146827697754e-01
7.355372905731201172e-01
7.492483258247375488e-01
7.325859069824218750e-01
7.499132752418518066e-01
7.363337874412536621e-01
7.618287205696105957e-01
7.443052530288696289e-01
7.421326637268066406e-01
7.462019324302673340e-01
7.414970993995666504e-01
7.672541737556457520e-01
7.250794768333435059e-01
7.745325565338134766e-01
7.427741289138793945e-01
7.540246844291687012e-01
7.644013166427612305e-01
7.851327061653137207e-01
7.775211930274963379e-01
7.314091324806213379e-01
7.775763273239135742e-01
7.669926881790161133e-01
7.870928645133972168e-01
7.907209396362304688e-01
7.791315317153930664e-01
7.691622972488403320e-01
7.766077518463134766e-01
7.814397215843200684e-01
7.843759059906005859e-01
7.856101989746093750e-01
7.818791270256042480e-01
8.031938076019287109e-01
7.578281164169311523e-01
7.963581085205078125e-01
7.985790967941284180e-01
8.063925504684448242e-01
7.789657115936279297e-01
8.020816445350646973e-01
8.245333433151245117e-01
7.999867200851440430e-01
8.202247619628906250e-01
7.932844758033752441e-01
8.140368461608886719e-01
8.053370118141174316e-01
8.021832108497619629e-01
8.018591403961181641e-01
8.116028904914855957e-01
8.097159266471862793e-01
8.208617568016052246e-01
8.230494856834411621e-01
8.367930650711059570e-01
8.420763015747070312e-01
8.272260427474975586e-01
8.494019508361816406e-01
8.226888775825500488e-01
8.382301330566406250e-01
8.610169291496276855e-01
8.587753772735595703e-01
8.545179367065429688e-01
8.568194508552551270e-01
8.580378293991088867e-01
8.653142452239990234e-01
8.531625270843505859e-01
8.582379817962646484e-01
8.562273383140563965e-01
8.597835302352905273e-01
8.758721351623535156e-01
8.640112876892089844e-01
8.584806919097900391e-01
8.748493194580078125e-01
8.778854608535766602e-01
9.008130431175231934e-01
8.889603018760681152e-01
8.877152800559997559e-01
8.711773753166198730e-01
8.936947584152221680e-01
8.569808006286621094e-01
8.794134855270385742e-01
9.052702784538269043e-01
8.934723734855651855e-01
8.993203639984130859e-01
9.123244881629943848e-01
8.897365927696228027e-01
8.870978355407714844e-01
8.945943117141723633e-01
8.977144360542297363e-01
9.026354551315307617e-01
8.905403614044189453e-01
8.731183409690856934e-01
9.099504351615905762e-01
8.943501710891723633e-01
9.188850522041320801e-01
9.073019027709960938e-01
9.168393015861511230e-01
9.077448248863220215e-01
9.156991839408874512e-01
9.115777015686035156e-01
9.318766593933105469e-01
9.220257401466369629e-01
9.221845865249633789e-01
8.844171762466430664e-01
9.090749025344848633e-01
9.105175137519836426e-01
9.195166826248168945e-01
7.885046601295471191e-01
9.510176777839660645e-01
9.258736968040466309e-01
7.729274034500122070e-01
9.381011724472045898e-01
8.833429813385009766e-01
9.496811628341674805e-01
9.029725193977355957e-01
9.536300301551818848e-01
8.788124918937683105e-01
9.365665912628173828e-01
9.682342410087585449e-01
9.467420578002929688e-01
9.683294892311096191e-01
9.001327157020568848e-01
9.842788577079772949e-01
9.273355603218078613e-01
9.622744321823120117e-01
9.695910215377807617e-01
9.524361491203308105e-01
-9.899900000000000000e+04
8.843864798545837402e-01
9.630234837532043457e-01
9.561294913291931152e-01
9.671411514282226562e-01
9.711285829544067383e-01
9.724717140197753906e-01
-9.899900000000000000e+04
-9.899900000000000000e+04
-9.899900000000000000e+04
9.780254960060119629e-01
9.793152213096618652e-01
9.625727534294128418e-01
9.872167706489562988e-01
-9.899900000000000000e+04
-9.899900000000000000e+04
-9.899900000000000000e+04
