6.291534900665283203e-01
6.245424747467041016e-01
6.402796506881713867e-01
6.606395840644836426e-01
6.455930471420288086e-01
6.478809714317321777e-01
6.616687774658203125e-01
6.678663492202758789e-01
6.592803001403808594e-01
6.654602885246276855e-01
6.641452312469482422e-01
6.724315285682678223e-01
6.608202457427978516e-01
6.785833835601806641e-01
6.822105050086975098e-01
6.741617321968078613e-01
6.709856390953063965e-01
6.710654497146606445e-01
6.746504306793212891e-01
6.816264390945434570e-01
6.806809306144714355e-01
6.802825331687927246e-01
6.835269927978515625e-01
6.899821162223815918e-01
7.060412764549255371e-01
7.015670537948608398e-01
7.027961015701293945e-01
6.836944222450256348e-01
6.843441128730773926e-01
7.073808312416076660e-01
6.817052364349365234e-01
7.020954489707946777e-01
6.977667808532714844e-01
6.997878551483154297e-01
6.936407089233398438e-01
6.986033916473388672e-01
6.984021067619323730e-01
7.013345360755920410e-01
6.968225836753845215e-01
7.164435386657714844e-01
7.027752399444580078e-01
7.053254842758178711e-01
7.022243738174438477e-01
7.111676931381225586e-01
6.977625489234924316e-01
7.056262493133544922e-01
7.028697729110717773e-01
7.230473160743713379e-01
6.911706328392028809e-01
7.163667082786560059e-01
7.101300954818725586e-01
6.964488029479980469e-01
7.102174162864685059e-01
6.991675496101379395e-01
7.057186365127563477e-01
7.207003831863403320e-01
7.241325974464416504e-01
7.132373452186584473e-01
7.137954235076904297e-01
7.140192389488220215e-01
7.152737379074096680e-01
7.314977645874023438e-01
7.156930565834045410e-01
7.314685583114624023e-01
7.272881269454956055e-01
7.400330901145935059e-01
7.293704748153686523e-01
7.197620272636413574e-01
7.274249792098999023e-01
7.265971302986145020e-01
7.403814792633056641e-01
7.287927269935607910e-01
7.273597717285156250e-01
7.408061027526855469e-01
7.628095149993896484e-01
7.290137410163879395e-01
7.715491652488708496e-01
7.543099522590637207e-01
7.441828846931457520e-01
7.458313107490539551e-01
7.384393215179443359e-01
7.650966644287109375e-01
7.430316209793090820e-01
7.589052915573120117e-01
7.455385327339172363e-01
7.333726286888122559e-01
7.593423128128051758e-01
7.841780185699462891e-01
7.848150134086608887e-01
7.756565213203430176e-01
7.911526560783386230e-01
7.867029309272766113e-01
7.535111904144287109e-01
7.603437900543212891e-01
7.666298151016235352e-01
7.741637825965881348e-01
7.560737729072570801e-01
7.939344644546508789e-01
7.751393318176269531e-01
7.741508483886718750e-01
7.692281007766723633e-01
7.874422073364257812e-01
7.780659198760986328e-01
8.045530915260314941e-01
7.883464694023132324e-01
8.105789422988891602e-01
7.907433509826660156e-01
8.051487803459167480e-01
8.086076974868774414e-01
7.921186685562133789e-01
8.164414763450622559e-01
8.129703402519226074e-01
8.152215480804443359e-01
8.050579428672790527e-01
8.037082552909851074e-01
8.056245446205139160e-01
8.206630349159240723e-01
8.241420388221740723e-01
8.056499958038330078e-01
8.548309803009033203e-01
8.486832976341247559e-01
8.462724685668945312e-01
8.375142216682434082e-01
8.389225006103515625e-01
8.550260663032531738e-01
8.609291315078735352e-01
8.518041372299194336e-01
8.544002771377563477e-01
8.423767089843750000e-01
8.548555374145507812e-01
8.524774909019470215e-01
8.655834197998046875e-01
8.723011016845703125e-01
8.765794634819030762e-01
8.694790005683898926e-01
8.824713230133056641e-01
8.640612959861755371e-01
8.819556832313537598e-01
8.836556673049926758e-01
8.848314285278320312e-01
8.787255883216857910e-01
8.669326901435852051e-01
8.799079060554504395e-01
8.706048727035522461e-01
8.907104134559631348e-01
8.873233199119567871e-01
8.935800194740295410e-01
8.544220924377441406e-01
9.161260128021240234e-01
9.031597375869750977e-01
8.833273649215698242e-01
8.976898789405822754e-01
8.560887575149536133e-01
8.787957429885864258e-01
9.057021737098693848e-01
9.161938428878784180e-01
8.895986080169677734e-01
9.186668992042541504e-01
9.173744320869445801e-01
8.935403823852539062e-01
8.903102278709411621e-01
8.895960450172424316e-01
9.095326662063598633e-01
9.220260977745056152e-01
9.208990931510925293e-01
8.590781092643737793e-01
9.024702310562133789e-01
9.259350299835205078e-01
9.048186540603637695e-01
9.369378685951232910e-01
9.071347713470458984e-01
9.344606399536132812e-01
9.318119883537292480e-01
8.037176132202148438e-01
9.291084408760070801e-01
9.212732315063476562e-01
9.204001426696777344e-01
9.538209438323974609e-01
9.742825627326965332e-01
8.372034430503845215e-01
8.873357772827148438e-01
7.929661870002746582e-01
9.406635761260986328e-01
8.525431752204895020e-01
9.441931843757629395e-01
9.649479985237121582e-01
9.662991762161254883e-01
9.188080430030822754e-01
9.871023893356323242e-01
9.297794699668884277e-01
9.632327556610107422e-01
9.762923717498779297e-01
9.828740954399108887e-01
8.361780047416687012e-01
9.564762115478515625e-01
1.003786325454711914e+00
9.573638439178466797e-01
-9.899900000000000000e+04
9.658173322677612305e-01
9.581723809242248535e-01
9.625065922737121582e-01
9.762496352195739746e-01
9.877145290374755859e-01
9.775134921073913574e-01
9.849619269371032715e-01
9.691616296768188477e-01
9.825266003608703613e-01
-9.899900000000000000e+04
8.668283224105834961e-01
9.704359769821166992e-01
-9.899900000000000000e+04
-9.899900000000000000e+04
9.796220660209655762e-01
-9.899900000000000000e+04
-9.899900000000000000e+04
9.737852215766906738e-01
-9.899900000000000000e+04
9.578288197517395020e-01
-9.899900000000000000e+04
-9.899900000000000000e+04
-9.899900000000000000e+04
-9.899900000000000000e+04
-9.899900000000000000e+04
8.419253826141357422e-01
9.689545631408691406e-01
-9.899900000000000000e+04
-9.899900000000000000e+04
-9.899900000000000000e+04
-9.899900000000000000e+04
-9.899900000000000000e+04
-9.899900000000000000e+04
-9.899900000000000000e+04
-9.899900000000000000e+04
-9.899900000000000000e+04
9.196836352348327637e-01
-9.899900000000000000e+04
-9.899900000000000000e+04
-9.899900000000000000e+04
-9.899900000000000000e+04
-9.899900000000000000e+04
-9.899900000000000000e+04
-9.899900000000000000e+04
-9.899900000000000000e+04
-9.899900000000000000e+04
9.281351566314697266e-01
-9.899900000000000000e+04
-9.899900000000000000e+04
7.530575394630432129e-01
-9.899900000000000000e+04
-9.899900000000000000e+04
-9.899900000000000000e+04
-9.899900000000000000e+04
-9.899900000000000000e+04
-9.899900000000000000e+04
-9.899900000000000000e+04
-9.899900000000000000e+04
-9.899900000000000000e+04
-9.899900000000000000e+04
-9.899900000000000000e+04
-9.899900000000000000e+04
-9.899900000000000000e+04
-9.899900000000000000e+04
-9.899900000000000000e+04
-9.899900000000000000e+04
-9.899900000000000000e+04
-9.899900000000000000e+04
-9.899900000000000000e+04
-9.899900000000000000e+04
-9.899900000000000000e+04
-9.899900000000000000e+04
-9.899900000000000000e+04
-9.899900000000000000e+04
-9.899900000000000000e+04
-9.899900000000000000e+04
-9.899900000000000000e+04
-9.899900000000000000e+04
-9.899900000000000000e+04
-9.899900000000000000e+04
-9.899900000000000000e+04
-9.899900000000000000e+04
-9.899900000000000000e+04
-9.899900000000000000e+04
-9.899900000000000000e+04
-9.899900000000000000e+04
7.797107100486755371e-01
-9.899900000000000000e+04
9.458802938461303711e-01
-9.899900000000000000e+04
-9.899900000000000000e+04
-9.899900000000000000e+04
7.668000459671020508e-01
-9.899900000000000000e+04
-9.899900000000000000e+04
-9.899900000000000000e+04
-9.899900000000000000e+04
-9.899900000000000000e+04
-9.899900000000000000e+04
-9.899900000000000000e+04
-9.899900000000000000e+04
-9.899900000000000000e+04
-9.899900000000000000e+04
-9.899900000000000000e+04
-9.899900000000000000e+04
-9.899900000000000000e+04
-9.899900000000000000e+04
-9.899900000000000000e+04
-9.899900000000000000e+04
-9.899900000000000000e+04
-9.899900000000000000e+04
-9.899900000000000000e+04
-9.899900000000000000e+04
-9.899900000000000000e+04
-9.899900000000000000e+04
-9.899900000000000000e+04
-9.899900000000000000e+04
-9.899900000000000000e+04
-9.899900000000000000e+04
-9.899900000000000000e+04
-9.899900000000000000e+04
-9.899900000000000000e+04
-9.899900000000000000e+04
-9.899900000000000000e+04
-9.899900000000000000e+04
-9.899900000000000000e+04
-9.899900000000000000e+04
-9.899900000000000000e+04
-9.899900000000000000e+04
-9.899900000000000000e+04
-9.899900000000000000e+04
3.351814448833465576e-01
-9.899900000000000000e+04
5.620461702346801758e-01
-9.899900000000000000e+04
-9.899900000000000000e+04
-9.899900000000000000e+04
-9.899900000000000000e+04
-9.899900000000000000e+04
-9.899900000000000000e+04
-9.899900000000000000e+04
-9.899900000000000000e+04
-9.899900000000000000e+04
-9.899900000000000000e+04
-9.899900000000000000e+04
-9.899900000000000000e+04
-9.899900000000000000e+04
-9.899900000000000000e+04
-9.899900000000000000e+04
-9.899900000000000000e+04
-9.899900000000000000e+04
-9.899900000000000000e+04
-9.899900000000000000e+04
-9.899900000000000000e+04
-9.899900000000000000e+04
-9.899900000000000000e+04
-9.899900000000000000e+04
-9.899900000000000000e+04
-9.899900000000000000e+04
-9.899900000000000000e+04
-9.899900000000000000e+04
-9.899900000000000000e+04
-9.899900000000000000e+04
-9.899900000000000000e+04
-9.899900000000000000e+04
-9.899900000000000000e+04
-9.899900000000000000e+04
