6.225892305374145508e-01
6.358127593994140625e-01
6.402796506881713867e-01
6.632860302925109863e-01
6.661324501037597656e-01
6.639208197593688965e-01
6.525709033012390137e-01
6.678663492202758789e-01
6.619309782981872559e-01
6.673698425292968750e-01
6.664795279502868652e-01
6.596245169639587402e-01
6.724217534065246582e-01
6.840402483940124512e-01
6.669101715087890625e-01
6.685896515846252441e-01
6.755884289741516113e-01
6.874313354492187500e-01
6.732423305511474609e-01
6.810218691825866699e-01
6.742177009582519531e-01
6.947395801544189453e-01
6.553434133529663086e-01
7.017528414726257324e-01
7.060412764549255371e-01
7.005909085273742676e-01
6.896844506263732910e-01
7.027965784072875977e-01
7.024860382080078125e-01
6.914926767349243164e-01
6.950305104255676270e-01
6.959274411201477051e-01
6.974686980247497559e-01
6.926406025886535645e-01
6.928109526634216309e-01
6.957734823226928711e-01
6.965429782867431641e-01
6.954759359359741211e-01
7.084416747093200684e-01
7.007040381431579590e-01
6.882658600807189941e-01
7.134009003639221191e-01
7.140887379646301270e-01
7.130592465400695801e-01
7.139016389846801758e-01
6.982945799827575684e-01
7.163718342781066895e-01
7.213259935379028320e-01
7.140669822692871094e-01
7.006134986877441406e-01
7.158833146095275879e-01
7.030426859855651855e-01
7.132456302642822266e-01
7.162407636642456055e-01
7.055435776710510254e-01
7.206180095672607422e-01
7.073926925659179688e-01
7.122300267219543457e-01
6.984289288520812988e-01
7.164357304573059082e-01
7.265985012054443359e-01
7.058003544807434082e-01
7.247955799102783203e-01
7.311683893203735352e-01
7.213417291641235352e-01
7.282961010932922363e-01
7.397008538246154785e-01
7.230505943298339844e-01
7.248985171318054199e-01
7.397649288177490234e-01
7.437785863876342773e-01
7.303135991096496582e-01
7.328057885169982910e-01
7.297890782356262207e-01
7.362588644027709961e-01
7.345405817031860352e-01
7.482007741928100586e-01
7.275288701057434082e-01
7.371689677238464355e-01
7.322320938110351562e-01
7.595462203025817871e-01
7.391154170036315918e-01
7.441609501838684082e-01
7.667787671089172363e-01
7.743826508522033691e-01
7.804532647132873535e-01
7.822138071060180664e-01
7.808572053909301758e-01
7.592343688011169434e-01
7.856488823890686035e-01
7.868453860282897949e-01
7.787874937057495117e-01
7.865623831748962402e-01
7.762868404388427734e-01
7.688994407653808594e-01
7.793009877204895020e-01
7.838529348373413086e-01
7.741327881813049316e-01
8.001965284347534180e-01
7.801371216773986816e-01
7.947053313255310059e-01
7.683161497116088867e-01
8.006024360656738281e-01
7.750219702720642090e-01
7.607096433639526367e-01
7.798799872398376465e-01
8.043403625488281250e-01
8.005770444869995117e-01
7.719526886940002441e-01
8.122875690460205078e-01
7.856180667877197266e-01
8.088204264640808105e-01
8.110547661781311035e-01
7.978690862655639648e-01
8.001939654350280762e-01
8.213362693786621094e-01
8.025065660476684570e-01
8.409949541091918945e-01
8.079074025154113770e-01
8.341393470764160156e-01
8.436772823333740234e-01
8.444117903709411621e-01
8.512134552001953125e-01
8.523443341255187988e-01
8.318810462951660156e-01
8.631389141082763672e-01
8.383771181106567383e-01
8.675476908683776855e-01
8.611380457878112793e-01
8.620222210884094238e-01
8.529087901115417480e-01
8.624827265739440918e-01
8.607255220413208008e-01
8.724436163902282715e-01
8.641139268875122070e-01
8.701753616333007812e-01
8.703305125236511230e-01
8.932266831398010254e-01
8.745847940444946289e-01
8.557798862457275391e-01
8.777683973312377930e-01
8.813880085945129395e-01
9.087154269218444824e-01
8.783069252967834473e-01
8.669313192367553711e-01
8.833527565002441406e-01
8.813627958297729492e-01
8.931284546852111816e-01
8.971365094184875488e-01
9.009272456169128418e-01
8.998130559921264648e-01
8.621721267700195312e-01
8.822774887084960938e-01
9.105849862098693848e-01
8.965420126914978027e-01
8.420400023460388184e-01
8.941015601158142090e-01
9.005633592605590820e-01
9.089857935905456543e-01
9.074074625968933105e-01
9.199069738388061523e-01
9.118886590003967285e-01
8.804031014442443848e-01
9.045872688293457031e-01
8.977947831153869629e-01
8.562469482421875000e-01
9.320217370986938477e-01
7.751817107200622559e-01
8.497080802917480469e-01
9.202244877815246582e-01
9.213715195655822754e-01
9.273992776870727539e-01
9.230008125305175781e-01
9.419455528259277344e-01
9.144005179405212402e-01
9.079633951187133789e-01
9.260845780372619629e-01
7.982751727104187012e-01
8.106487393379211426e-01
9.378034472465515137e-01
9.450178146362304688e-01
9.470784068107604980e-01
9.376306533813476562e-01
9.675305485725402832e-01
9.377593994140625000e-01
9.345020055770874023e-01
9.386103153228759766e-01
9.330018162727355957e-01
9.797318577766418457e-01
9.485858678817749023e-01
8.640477061271667480e-01
9.783310890197753906e-01
1.001955509185791016e+00
8.452124595642089844e-01
8.642933964729309082e-01
9.836018681526184082e-01
9.928785562515258789e-01
9.514045715332031250e-01
8.796711564064025879e-01
9.685962796211242676e-01
-9.899900000000000000e+04
9.838840961456298828e-01
-9.899900000000000000e+04
-9.899900000000000000e+04
1.002229452133178711e+00
-9.899900000000000000e+04
8.683449029922485352e-01
9.774854779243469238e-01
-9.899900000000000000e+04
9.668699502944946289e-01
8.785468339920043945e-01
-9.899900000000000000e+04
9.448083043098449707e-01
