6.291534900665283203e-01
6.257067918777465820e-01
6.412144899368286133e-01
6.632860302925109863e-01
6.476992368698120117e-01
6.639208197593688965e-01
6.580078601837158203e-01
6.693965792655944824e-01
6.592803001403808594e-01
6.793448328971862793e-01
6.664795279502868652e-01
6.801465153694152832e-01
6.710210442543029785e-01
6.532153487205505371e-01
6.665367484092712402e-01
6.695431470870971680e-01
6.741776466369628906e-01
6.710654497146606445e-01
6.643912196159362793e-01
6.843210458755493164e-01
6.753231287002563477e-01
6.789492964744567871e-01
6.823445558547973633e-01
6.881994009017944336e-01
6.892843246459960938e-01
7.035980820655822754e-01
7.027851939201354980e-01
6.795616149902343750e-01
6.996704936027526855e-01
6.901693344116210938e-01
6.961628794670104980e-01
6.954005360603332520e-01
6.906207799911499023e-01
6.935343146324157715e-01
6.918588876724243164e-01
6.926329731941223145e-01
7.019448876380920410e-01
6.998248100280761719e-01
7.073213458061218262e-01
7.057856917381286621e-01
7.138360142707824707e-01
7.170026898384094238e-01
7.110867500305175781e-01
7.089502811431884766e-01
7.025787234306335449e-01
6.980091333389282227e-01
7.055147886276245117e-01
7.157871723175048828e-01
6.960933804512023926e-01
7.055268287658691406e-01
7.029741406440734863e-01
7.134863734245300293e-01
6.918188333511352539e-01
6.936768293380737305e-01
7.065808176994323730e-01
7.184887528419494629e-01
7.025274038314819336e-01
6.948865652084350586e-01
7.247581481933593750e-01
7.006470561027526855e-01
7.368232011795043945e-01
7.282026410102844238e-01
7.268214225769042969e-01
7.192609906196594238e-01
7.212637066841125488e-01
7.171379923820495605e-01
7.366233468055725098e-01
7.385088205337524414e-01
7.400354146957397461e-01
7.123069167137145996e-01
7.337929010391235352e-01
7.376955151557922363e-01
7.190036177635192871e-01
7.181342244148254395e-01
7.414145469665527344e-01
7.384665608406066895e-01
7.430502176284790039e-01
7.219432592391967773e-01
7.405509948730468750e-01
7.302771210670471191e-01
7.286612391471862793e-01
7.465384006500244141e-01
7.574076652526855469e-01
7.773268818855285645e-01
7.539147138595581055e-01
7.537705898284912109e-01
7.725480794906616211e-01
7.875415682792663574e-01
7.830514907836914062e-01
7.694703340530395508e-01
7.889570593833923340e-01
7.822168469429016113e-01
7.599439620971679688e-01
7.860375642776489258e-01
7.956701517105102539e-01
8.036127686500549316e-01
8.047861456871032715e-01
7.411049008369445801e-01
7.815695405006408691e-01
7.744849920272827148e-01
7.932074666023254395e-01
7.914660573005676270e-01
7.996037602424621582e-01
7.954010367393493652e-01
7.856014370918273926e-01
8.040215373039245605e-01
7.463898658752441406e-01
8.076788187026977539e-01
7.803457379341125488e-01
7.993170619010925293e-01
7.936232089996337891e-01
8.006336688995361328e-01
8.192853331565856934e-01
8.121092319488525391e-01
8.107998967170715332e-01
8.133721351623535156e-01
7.972996830940246582e-01
8.278350830078125000e-01
8.457499146461486816e-01
8.406603932380676270e-01
8.590464591979980469e-01
8.465250134468078613e-01
8.258433938026428223e-01
8.457602858543395996e-01
8.566579222679138184e-01
8.585403561592102051e-01
8.807584643363952637e-01
8.501207232475280762e-01
8.651708960533142090e-01
8.630499243736267090e-01
8.653587102890014648e-01
8.770907521247863770e-01
8.714915513992309570e-01
8.601430058479309082e-01
8.824147582054138184e-01
8.729169964790344238e-01
8.645901083946228027e-01
8.726949691772460938e-01
8.784796595573425293e-01
8.842005133628845215e-01
8.646600246429443359e-01
8.895168304443359375e-01
8.754447698593139648e-01
8.540471792221069336e-01
8.659655451774597168e-01
8.830620050430297852e-01
8.855340480804443359e-01
8.784332275390625000e-01
8.844152688980102539e-01
8.938190340995788574e-01
9.062454104423522949e-01
8.599825501441955566e-01
8.840951323509216309e-01
8.918192982673645020e-01
8.994301557540893555e-01
9.093011021614074707e-01
8.913861513137817383e-01
7.761279344558715820e-01
8.973360061645507812e-01
9.056105613708496094e-01
9.154477715492248535e-01
8.996050357818603516e-01
9.158049821853637695e-01
8.851315379142761230e-01
7.207975387573242188e-01
9.347609281539916992e-01
9.110690951347351074e-01
9.131911993026733398e-01
8.565284013748168945e-01
9.236815571784973145e-01
9.239744544029235840e-01
9.388391375541687012e-01
9.303552508354187012e-01
8.626146912574768066e-01
9.236134886741638184e-01
9.151582717895507812e-01
9.559152722358703613e-01
9.317433238029479980e-01
9.526267647743225098e-01
9.521371722221374512e-01
9.569574594497680664e-01
9.546461105346679688e-01
7.605031728744506836e-01
9.195310473442077637e-01
9.730411767959594727e-01
8.298713564872741699e-01
9.333502650260925293e-01
9.412289857864379883e-01
9.684214591979980469e-01
8.339424133300781250e-01
9.555667638778686523e-01
9.606404304504394531e-01
9.098607301712036133e-01
7.488096356391906738e-01
9.923707246780395508e-01
9.518343210220336914e-01
9.725480675697326660e-01
9.700818061828613281e-01
9.586042165756225586e-01
9.795166254043579102e-01
9.800267815589904785e-01
9.865410923957824707e-01
8.390908837318420410e-01
-9.899900000000000000e+04
9.725422263145446777e-01
8.790026307106018066e-01
9.799841642379760742e-01
9.861164689064025879e-01
-9.899900000000000000e+04
9.930207729339599609e-01
-9.899900000000000000e+04
9.819000363349914551e-01
-9.899900000000000000e+04
-9.899900000000000000e+04
-9.899900000000000000e+04
-9.899900000000000000e+04
-9.899900000000000000e+04
-9.899900000000000000e+04
8.925560116767883301e-01
-9.899900000000000000e+04
-9.899900000000000000e+04
-9.899900000000000000e+04
9.812469482421875000e-01
-9.899900000000000000e+04
-9.899900000000000000e+04
-9.899900000000000000e+04
-9.899900000000000000e+04
-9.899900000000000000e+04
8.385295867919921875e-01
-9.899900000000000000e+04
-9.899900000000000000e+04
-9.899900000000000000e+04
-9.899900000000000000e+04
-9.899900000000000000e+04
-9.899900000000000000e+04
-9.899900000000000000e+04
-9.899900000000000000e+04
9.889798164367675781e-01
-9.899900000000000000e+04
-9.899900000000000000e+04
-9.899900000000000000e+04
-9.899900000000000000e+04
-9.899900000000000000e+04
-9.899900000000000000e+04
-9.899900000000000000e+04
-9.899900000000000000e+04
-9.899900000000000000e+04
-9.899900000000000000e+04
-9.899900000000000000e+04
-9.899900000000000000e+04
-9.899900000000000000e+04
-9.899900000000000000e+04
9.313791990280151367e-01
-9.899900000000000000e+04
-9.899900000000000000e+04
-9.899900000000000000e+04
-9.899900000000000000e+04
-9.899900000000000000e+04
-9.899900000000000000e+04
-9.899900000000000000e+04
-9.899900000000000000e+04
-9.899900000000000000e+04
-9.899900000000000000e+04
-9.899900000000000000e+04
-9.899900000000000000e+04
-9.899900000000000000e+04
-9.899900000000000000e+04
-9.899900000000000000e+04
-9.899900000000000000e+04
-9.899900000000000000e+04
9.695075750350952148e-01
-9.899900000000000000e+04
-9.899900000000000000e+04
-9.899900000000000000e+04
-9.899900000000000000e+04
-9.899900000000000000e+04
-9.899900000000000000e+04
-9.899900000000000000e+04
9.057180285453796387e-01
