6.225892305374145508e-01
6.257067918777465820e-01
6.562239527702331543e-01
6.595162153244018555e-01
6.671371459960937500e-01
6.468650102615356445e-01
6.603446006774902344e-01
6.693965792655944824e-01
6.734914183616638184e-01
6.654602885246276855e-01
6.752379536628723145e-01
6.642193198204040527e-01
6.676720976829528809e-01
6.711479425430297852e-01
6.706655025482177734e-01
6.734188199043273926e-01
6.712474226951599121e-01
6.681502461433410645e-01
6.881949305534362793e-01
6.843210458755493164e-01
6.881055235862731934e-01
6.802825331687927246e-01
6.592737436294555664e-01
6.930087208747863770e-01
6.943342089653015137e-01
7.015670537948608398e-01
6.910738945007324219e-01
7.027965784072875977e-01
6.920527219772338867e-01
6.918540596961975098e-01
6.872646808624267578e-01
6.884792447090148926e-01
6.905598044395446777e-01
6.927826404571533203e-01
6.912078857421875000e-01
7.039820551872253418e-01
6.987966299057006836e-01
7.012985944747924805e-01
6.964613199234008789e-01
7.116838693618774414e-01
6.982759833335876465e-01
7.101835608482360840e-01
7.140044569969177246e-01
7.085477113723754883e-01
7.047488093376159668e-01
7.054454684257507324e-01
7.047452926635742188e-01
7.157248258590698242e-01
7.022304534912109375e-01
7.110368013381958008e-01
7.059739828109741211e-01
7.166205048561096191e-01
7.210841774940490723e-01
7.101908326148986816e-01
7.150534987449645996e-01
6.944640278816223145e-01
7.076331377029418945e-01
6.947016716003417969e-01
7.139106392860412598e-01
7.297284603118896484e-01
7.141406536102294922e-01
7.222245931625366211e-01
7.259580492973327637e-01
7.300443053245544434e-01
7.324688434600830078e-01
7.350937724113464355e-01
7.283155918121337891e-01
7.410604953765869141e-01
7.277291417121887207e-01
7.311938405036926270e-01
7.143228054046630859e-01
7.436231374740600586e-01
7.260013818740844727e-01
7.411195039749145508e-01
7.331538796424865723e-01
7.283254861831665039e-01
7.187440991401672363e-01
7.374888062477111816e-01
7.498254179954528809e-01
7.641968131065368652e-01
7.496584057807922363e-01
7.462813854217529297e-01
7.467289566993713379e-01
7.630755901336669922e-01
7.708687186241149902e-01
7.643706798553466797e-01
7.810748219490051270e-01
7.744078040122985840e-01
7.918311357498168945e-01
7.622508406639099121e-01
7.893403768539428711e-01
7.687124609947204590e-01
7.695613503456115723e-01
7.990605235099792480e-01
7.861393690109252930e-01
7.893251776695251465e-01
7.708826065063476562e-01
8.059778213500976562e-01
7.382421493530273438e-01
7.995380759239196777e-01
7.899455428123474121e-01
8.117330074310302734e-01
7.641685605049133301e-01
8.053156733512878418e-01
7.979969978332519531e-01
8.179485797882080078e-01
8.119311928749084473e-01
7.987835407257080078e-01
7.847889661788940430e-01
7.889252305030822754e-01
8.059760332107543945e-01
8.230631947517395020e-01
8.096540570259094238e-01
8.008359670639038086e-01
8.276687264442443848e-01
8.149491548538208008e-01
8.507050871849060059e-01
8.257055878639221191e-01
8.254757523536682129e-01
8.327438235282897949e-01
8.239679336547851562e-01
8.541910648345947266e-01
7.891587615013122559e-01
8.473157286643981934e-01
8.439112901687622070e-01
8.501338362693786621e-01
8.454463481903076172e-01
8.607661724090576172e-01
8.295578360557556152e-01
8.570876121520996094e-01
8.461019396781921387e-01
8.630744218826293945e-01
8.676553964614868164e-01
8.658150434494018555e-01
8.755334615707397461e-01
8.639025688171386719e-01
8.777472972869873047e-01
8.544616699218750000e-01
8.774346709251403809e-01
8.734244704246520996e-01
8.533857464790344238e-01
8.889828920364379883e-01
8.776264786720275879e-01
8.927916884422302246e-01
8.949875831604003906e-01
8.467631936073303223e-01
9.025171399116516113e-01
9.020540714263916016e-01
9.046775102615356445e-01
8.842512369155883789e-01
8.884571194648742676e-01
9.155331254005432129e-01
8.932947516441345215e-01
9.033094048500061035e-01
9.189704656600952148e-01
8.685930967330932617e-01
8.981395959854125977e-01
9.076665043830871582e-01
9.112368822097778320e-01
9.210107922554016113e-01
9.242542982101440430e-01
9.089593887329101562e-01
9.033351540565490723e-01
8.740506768226623535e-01
7.723312973976135254e-01
9.192548990249633789e-01
9.069135785102844238e-01
9.223647713661193848e-01
9.317337870597839355e-01
9.117786288261413574e-01
8.297325968742370605e-01
9.200381040573120117e-01
9.345229864120483398e-01
9.424406886100769043e-01
9.266567826271057129e-01
9.228297472000122070e-01
8.841595649719238281e-01
8.137495517730712891e-01
8.161078691482543945e-01
9.369425177574157715e-01
7.949914932250976562e-01
8.893402218818664551e-01
9.337745308876037598e-01
9.249427318572998047e-01
9.090006351470947266e-01
9.586214423179626465e-01
8.656430840492248535e-01
9.563920497894287109e-01
9.409216642379760742e-01
9.580649733543395996e-01
9.494196176528930664e-01
9.541499614715576172e-01
9.624294638633728027e-01
9.386606812477111816e-01
9.851467013359069824e-01
8.863131403923034668e-01
9.480524063110351562e-01
9.578045010566711426e-01
9.708712697029113770e-01
9.860889911651611328e-01
9.746000766754150391e-01
9.703201055526733398e-01
