6.225892305374145508e-01
6.517849564552307129e-01
6.402796506881713867e-01
6.595162153244018555e-01
6.476992368698120117e-01
6.518133878707885742e-01
6.548080444335937500e-01
6.678663492202758789e-01
6.592803001403808594e-01
6.793448328971862793e-01
6.664795279502868652e-01
6.636283397674560547e-01
6.678974032402038574e-01
6.785833835601806641e-01
6.665367484092712402e-01
6.695431470870971680e-01
6.826283931732177734e-01
6.869045495986938477e-01
6.701969504356384277e-01
6.927700638771057129e-01
6.861168146133422852e-01
6.750268340110778809e-01
6.752519607543945312e-01
6.878223419189453125e-01
7.060412764549255371e-01
6.881611347198486328e-01
7.002821564674377441e-01
6.972305774688720703e-01
6.889561414718627930e-01
6.918540596961975098e-01
6.943779587745666504e-01
6.954005360603332520e-01
6.974868178367614746e-01
6.914362907409667969e-01
6.992788314819335938e-01
6.942955851554870605e-01
6.965429782867431641e-01
6.980213522911071777e-01
7.032992839813232422e-01
7.164435386657714844e-01
6.954415440559387207e-01
7.036030292510986328e-01
6.994345188140869141e-01
7.040088772773742676e-01
7.006266713142395020e-01
7.018173336982727051e-01
7.021619677543640137e-01
6.679306626319885254e-01
7.053996920585632324e-01
7.066637873649597168e-01
7.093411087989807129e-01
7.184842824935913086e-01
7.012659907341003418e-01
7.165358066558837891e-01
7.068075537681579590e-01
7.189950346946716309e-01
7.115496993064880371e-01
7.087477445602416992e-01
7.017694115638732910e-01
7.122814059257507324e-01
7.152417898178100586e-01
7.264782190322875977e-01
7.330818176269531250e-01
7.304521799087524414e-01
7.297543287277221680e-01
7.266470789909362793e-01
7.252370119094848633e-01
7.248507142066955566e-01
7.148575782775878906e-01
7.159212827682495117e-01
7.397918105125427246e-01
7.281979918479919434e-01
7.459647059440612793e-01
7.258969545364379883e-01
7.357018589973449707e-01
7.256063222885131836e-01
7.555913329124450684e-01
7.654610872268676758e-01
7.509150505065917969e-01
7.474726438522338867e-01
7.749300599098205566e-01
7.475180029869079590e-01
7.591204047203063965e-01
7.764084935188293457e-01
7.601016163825988770e-01
7.637895345687866211e-01
7.778601646423339844e-01
7.757797837257385254e-01
7.439309954643249512e-01
7.387491464614868164e-01
7.553780078887939453e-01
7.633274793624877930e-01
7.950033545494079590e-01
7.819207310676574707e-01
7.891876101493835449e-01
7.534582614898681641e-01
7.710905671119689941e-01
7.354923486709594727e-01
7.897751331329345703e-01
7.522554993629455566e-01
8.060681223869323730e-01
7.781192660331726074e-01
8.092111349105834961e-01
7.805109024047851562e-01
7.927442193031311035e-01
8.045417070388793945e-01
8.095211386680603027e-01
8.005402088165283203e-01
8.159904479980468750e-01
8.033199310302734375e-01
8.026341199874877930e-01
8.142367601394653320e-01
8.080821037292480469e-01
8.214988112449645996e-01
8.022022247314453125e-01
8.246300220489501953e-01
8.418603539466857910e-01
8.342109918594360352e-01
8.439006805419921875e-01
8.457597494125366211e-01
8.391413092613220215e-01
8.472234606742858887e-01
8.411592841148376465e-01
8.483285903930664062e-01
8.576571941375732422e-01
8.646627068519592285e-01
8.161164522171020508e-01
8.550419807434082031e-01
8.605877161026000977e-01
8.618956804275512695e-01
8.537021279335021973e-01
8.483616113662719727e-01
8.570290207862854004e-01
8.615974783897399902e-01
8.718181252479553223e-01
8.659635186195373535e-01
8.710574507713317871e-01
8.749992251396179199e-01
8.750211596488952637e-01
8.796876668930053711e-01
8.774119615554809570e-01
8.845155835151672363e-01
8.883783817291259766e-01
8.701818585395812988e-01
8.887645602226257324e-01
9.067407846450805664e-01
8.840146064758300781e-01
8.870514631271362305e-01
8.998765945434570312e-01
8.978967070579528809e-01
8.846433758735656738e-01
8.871824741363525391e-01
8.993369936943054199e-01
8.824736475944519043e-01
9.113821983337402344e-01
8.715713024139404297e-01
8.950955867767333984e-01
8.858305215835571289e-01
9.013432860374450684e-01
9.124233722686767578e-01
9.104452133178710938e-01
8.710997104644775391e-01
9.159098267555236816e-01
9.105108976364135742e-01
9.226293563842773438e-01
9.206739664077758789e-01
9.170410633087158203e-01
8.022835254669189453e-01
8.518743515014648438e-01
9.333531856536865234e-01
9.166527390480041504e-01
9.235520958900451660e-01
9.161044359207153320e-01
8.929436802864074707e-01
9.209843277931213379e-01
9.463088512420654297e-01
9.423391222953796387e-01
8.693149685859680176e-01
9.452688694000244141e-01
8.790836930274963379e-01
9.307836890220642090e-01
9.491961002349853516e-01
9.279174804687500000e-01
9.578009843826293945e-01
9.616506695747375488e-01
9.331933259963989258e-01
9.319031238555908203e-01
9.524771571159362793e-01
9.588296413421630859e-01
9.861595630645751953e-01
9.794787168502807617e-01
9.477219581604003906e-01
8.904465436935424805e-01
9.686315059661865234e-01
9.674865603446960449e-01
9.710776209831237793e-01
8.386055827140808105e-01
9.674931168556213379e-01
8.570437431335449219e-01
8.302179574966430664e-01
-9.899900000000000000e+04
9.032287597656250000e-01
-9.899900000000000000e+04
-9.899900000000000000e+04
8.840110301971435547e-01
-9.899900000000000000e+04
9.839242100715637207e-01
9.918327927589416504e-01
-9.899900000000000000e+04
8.334892392158508301e-01
8.203076124191284180e-01
-9.899900000000000000e+04
-9.899900000000000000e+04
9.303811192512512207e-01
-9.899900000000000000e+04
-9.899900000000000000e+04
-9.899900000000000000e+04
9.564069509506225586e-01
-9.899900000000000000e+04
