6.461329460144042969e-01
6.358127593994140625e-01
6.562239527702331543e-01
6.476886868476867676e-01
6.469347476959228516e-01
6.468650102615356445e-01
6.613437533378601074e-01
6.678663492202758789e-01
6.734914183616638184e-01
6.654602885246276855e-01
6.664795279502868652e-01
6.636283397674560547e-01
6.751718521118164062e-01
6.711479425430297852e-01
6.657516956329345703e-01
6.848675608634948730e-01
6.809154748916625977e-01
6.660917401313781738e-01
6.890469193458557129e-01
6.926084160804748535e-01
6.768352389335632324e-01
6.750268340110778809e-01
6.753197908401489258e-01
7.045492529869079590e-01
6.923391222953796387e-01
7.015670537948608398e-01
6.933497786521911621e-01
6.840358972549438477e-01
6.877900362014770508e-01
6.918475627899169922e-01
6.927626132965087891e-01
7.106320261955261230e-01
6.911310553550720215e-01
7.016736865043640137e-01
6.941599845886230469e-01
6.932958960533142090e-01
6.958599090576171875e-01
6.967431306838989258e-01
7.054988741874694824e-01
7.188727855682373047e-01
7.132812738418579102e-01
7.117246389389038086e-01
7.096563577651977539e-01
7.030977606773376465e-01
6.971596479415893555e-01
6.924430727958679199e-01
7.118402719497680664e-01
6.937360167503356934e-01
7.135168313980102539e-01
7.105173468589782715e-01
7.174091935157775879e-01
6.993119120597839355e-01
7.091636657714843750e-01
7.034101486206054688e-01
7.178347110748291016e-01
7.175357341766357422e-01
6.869966387748718262e-01
7.238239645957946777e-01
7.262401580810546875e-01
7.121294140815734863e-01
7.135604023933410645e-01
7.322412133216857910e-01
7.270338535308837891e-01
7.226035594940185547e-01
7.299522161483764648e-01
7.036364078521728516e-01
7.367844581604003906e-01
7.228283882141113281e-01
7.205599546432495117e-01
7.431709766387939453e-01
7.428412437438964844e-01
7.265063524246215820e-01
7.224988341331481934e-01
7.312640547752380371e-01
7.431631088256835938e-01
7.421092987060546875e-01
7.353086471557617188e-01
7.475206255912780762e-01
7.367605566978454590e-01
7.443365454673767090e-01
7.381502389907836914e-01
7.542942166328430176e-01
7.430262565612792969e-01
7.720711827278137207e-01
7.744821310043334961e-01
7.747582793235778809e-01
7.561899423599243164e-01
7.668207287788391113e-01
7.858484387397766113e-01
7.777836918830871582e-01
7.813782691955566406e-01
7.824788689613342285e-01
7.866427302360534668e-01
7.929391264915466309e-01
7.630851268768310547e-01
7.630000114440917969e-01
7.661098837852478027e-01
7.948672175407409668e-01
7.706425786018371582e-01
7.793886065483093262e-01
7.851715683937072754e-01
8.041141033172607422e-01
7.615670561790466309e-01
7.631469368934631348e-01
8.058384656906127930e-01
8.007537722587585449e-01
7.857316732406616211e-01
8.085499405860900879e-01
7.914373874664306641e-01
8.135561347007751465e-01
8.057934641838073730e-01
7.991543412208557129e-01
8.160315155982971191e-01
8.013442158699035645e-01
8.148760795593261719e-01
8.095408082008361816e-01
8.313390612602233887e-01
8.275719285011291504e-01
8.178146481513977051e-01
8.513498306274414062e-01
8.444707989692687988e-01
8.454999327659606934e-01
8.300963640213012695e-01
8.594873547554016113e-01
8.446584343910217285e-01
8.614137768745422363e-01
8.597457408905029297e-01
8.529868125915527344e-01
8.584744930267333984e-01
8.581236004829406738e-01
8.342302441596984863e-01
8.691976666450500488e-01
8.795169591903686523e-01
8.478118777275085449e-01
8.712013959884643555e-01
8.828345537185668945e-01
8.418991565704345703e-01
8.770188689231872559e-01
8.519455790519714355e-01
8.620225787162780762e-01
8.535678386688232422e-01
8.767873644828796387e-01
8.778219819068908691e-01
8.443616628646850586e-01
8.905348181724548340e-01
8.703461289405822754e-01
8.856390714645385742e-01
8.930894732475280762e-01
8.844773173332214355e-01
8.847180604934692383e-01
8.904011845588684082e-01
8.817783594131469727e-01
8.978120088577270508e-01
9.039871096611022949e-01
9.001531600952148438e-01
8.856139779090881348e-01
8.726072311401367188e-01
8.034926056861877441e-01
9.184317588806152344e-01
9.022190570831298828e-01
9.020196199417114258e-01
9.179195761680603027e-01
9.025686979293823242e-01
9.172030687332153320e-01
9.157539606094360352e-01
8.942717313766479492e-01
9.105412960052490234e-01
9.224714040756225586e-01
9.360417723655700684e-01
9.179852604866027832e-01
8.868647813796997070e-01
9.295552968978881836e-01
9.248629808425903320e-01
9.279827475547790527e-01
9.234248995780944824e-01
9.258860349655151367e-01
9.137347340583801270e-01
9.510886073112487793e-01
9.585855603218078613e-01
9.410743713378906250e-01
9.370054602622985840e-01
9.398309588432312012e-01
8.772498369216918945e-01
9.522591233253479004e-01
9.607357382774353027e-01
9.697654247283935547e-01
9.566692113876342773e-01
9.727067947387695312e-01
9.670917987823486328e-01
9.810958504676818848e-01
9.305447936058044434e-01
-9.899900000000000000e+04
9.855919480323791504e-01
9.504106640815734863e-01
9.307237863540649414e-01
9.727340936660766602e-01
9.652113318443298340e-01
9.775940775871276855e-01
9.721968173980712891e-01
1.000817298889160156e+00
-9.899900000000000000e+04
