6.461329460144042969e-01
6.358127593994140625e-01
6.406359076499938965e-01
6.632860302925109863e-01
6.617763042449951172e-01
6.487110853195190430e-01
6.705154776573181152e-01
6.599435806274414062e-01
6.592803001403808594e-01
6.654602885246276855e-01
6.664795279502868652e-01
6.636283397674560547e-01
6.702851653099060059e-01
6.659889221191406250e-01
6.786237359046936035e-01
6.849688887596130371e-01
6.789344549179077148e-01
6.863613128662109375e-01
6.753183007240295410e-01
6.816264390945434570e-01
6.891955137252807617e-01
6.802825331687927246e-01
6.834138631820678711e-01
7.045492529869079590e-01
6.923391222953796387e-01
6.925680041313171387e-01
6.933497786521911621e-01
6.890015006065368652e-01
6.853690147399902344e-01
6.954091787338256836e-01
6.952600479125976562e-01
6.952485442161560059e-01
6.943687200546264648e-01
6.935343146324157715e-01
6.906653642654418945e-01
6.930131912231445312e-01
7.005476951599121094e-01
7.035740017890930176e-01
7.027180194854736328e-01
7.045266032218933105e-01
7.000289559364318848e-01
6.954816579818725586e-01
7.140887379646301270e-01
7.121303677558898926e-01
7.086854577064514160e-01
6.989493370056152344e-01
7.014923691749572754e-01
7.121502757072448730e-01
7.139464616775512695e-01
6.952100992202758789e-01
7.038725614547729492e-01
7.078956365585327148e-01
7.081304788589477539e-01
6.830309629440307617e-01
7.050350308418273926e-01
7.191634774208068848e-01
7.004857659339904785e-01
7.246984243392944336e-01
7.146642804145812988e-01
7.152955532073974609e-01
7.254643440246582031e-01
7.291063070297241211e-01
7.300037145614624023e-01
7.181242108345031738e-01
7.083369493484497070e-01
7.230174541473388672e-01
7.078614234924316406e-01
7.392016053199768066e-01
7.288334369659423828e-01
7.348515391349792480e-01
7.405869960784912109e-01
7.313382625579833984e-01
7.367111444473266602e-01
7.479075789451599121e-01
7.510637640953063965e-01
7.514299750328063965e-01
7.572897672653198242e-01
7.476249337196350098e-01
7.498100399971008301e-01
7.408356666564941406e-01
7.459714412689208984e-01
7.360943555831909180e-01
7.717843651771545410e-01
7.708391547203063965e-01
7.748171091079711914e-01
7.413344383239746094e-01
7.806641459465026855e-01
7.668982744216918945e-01
7.744153141975402832e-01
7.833755612373352051e-01
7.975748181343078613e-01
7.921228408813476562e-01
7.652575373649597168e-01
7.684857249259948730e-01
7.386243939399719238e-01
7.889825701713562012e-01
7.891194224357604980e-01
7.934960126876831055e-01
7.757555842399597168e-01
7.858193516731262207e-01
7.973085641860961914e-01
7.461019754409790039e-01
7.995563149452209473e-01
7.985374331474304199e-01
7.962508201599121094e-01
7.929521799087524414e-01
7.910565733909606934e-01
7.913650870323181152e-01
8.164922595024108887e-01
8.122252225875854492e-01
8.043567538261413574e-01
7.828243970870971680e-01
8.266673088073730469e-01
8.142175674438476562e-01
8.172296285629272461e-01
8.173842430114746094e-01
8.216682076454162598e-01
8.482152819633483887e-01
8.338702917098999023e-01
8.295982480049133301e-01
7.917553782463073730e-01
8.372831940650939941e-01
8.485147953033447266e-01
8.504329323768615723e-01
8.450154066085815430e-01
8.600566387176513672e-01
8.656466007232666016e-01
8.544031977653503418e-01
8.520972728729248047e-01
8.650490045547485352e-01
8.475574254989624023e-01
8.575159311294555664e-01
8.775272965431213379e-01
8.357241153717041016e-01
8.748190402984619141e-01
8.708449006080627441e-01
8.677308559417724609e-01
8.729916810989379883e-01
8.836184144020080566e-01
8.869218230247497559e-01
8.447910547256469727e-01
8.683336973190307617e-01
8.830012083053588867e-01
8.896551728248596191e-01
8.835856318473815918e-01
8.774167895317077637e-01
8.781619071960449219e-01
8.823695778846740723e-01
8.882033824920654297e-01
8.963117599487304688e-01
8.770766854286193848e-01
8.866904973983764648e-01
8.703761100769042969e-01
9.068220257759094238e-01
9.037188291549682617e-01
9.011077284812927246e-01
8.961180448532104492e-01
9.033570289611816406e-01
9.209958910942077637e-01
9.159658551216125488e-01
8.889766335487365723e-01
9.135349988937377930e-01
9.159901142120361328e-01
8.991509079933166504e-01
9.249860644340515137e-01
9.133168458938598633e-01
9.312598705291748047e-01
8.913032412528991699e-01
9.240504503250122070e-01
8.403293490409851074e-01
8.779469728469848633e-01
9.352885484695434570e-01
9.350606799125671387e-01
9.236139655113220215e-01
9.108357429504394531e-01
9.407694339752197266e-01
9.397642612457275391e-01
7.666100263595581055e-01
9.328667521476745605e-01
9.182353019714355469e-01
9.455459713935852051e-01
9.535487294197082520e-01
8.283715248107910156e-01
9.214192032814025879e-01
8.620884418487548828e-01
9.359078407287597656e-01
8.260521292686462402e-01
9.321086406707763672e-01
9.561776518821716309e-01
9.681383371353149414e-01
9.618158936500549316e-01
9.514109492301940918e-01
6.132474541664123535e-01
9.640918970108032227e-01
-9.899900000000000000e+04
9.513866305351257324e-01
9.553840756416320801e-01
9.823412299156188965e-01
9.690823554992675781e-01
9.437353014945983887e-01
8.622772693634033203e-01
9.731035828590393066e-01
9.858078360557556152e-01
9.802038669586181641e-01
7.759962677955627441e-01
9.767344594001770020e-01
9.854643344879150391e-01
9.931513071060180664e-01
-9.899900000000000000e+04
-9.899900000000000000e+04
9.226850271224975586e-01
-9.899900000000000000e+04
-9.899900000000000000e+04
9.160192608833312988e-01
1.015905857086181641e+00
9.874794483184814453e-01
-9.899900000000000000e+04
9.006415605545043945e-01
9.512445330619812012e-01
