6.309524774551391602e-01
6.358127593994140625e-01
6.412144899368286133e-01
6.632860302925109863e-01
6.617763042449951172e-01
6.468650102615356445e-01
6.525503396987915039e-01
6.602364182472229004e-01
6.592803001403808594e-01
6.654602885246276855e-01
6.664795279502868652e-01
6.566753387451171875e-01
6.817724108695983887e-01
6.659889221191406250e-01
6.822105050086975098e-01
6.849688887596130371e-01
6.765583157539367676e-01
6.692530512809753418e-01
6.753183007240295410e-01
6.879771351814270020e-01
6.899451017379760742e-01
6.804949045181274414e-01
6.515519618988037109e-01
6.952832341194152832e-01
6.924607157707214355e-01
6.875677704811096191e-01
6.792831420898437500e-01
6.996856331825256348e-01
6.843441128730773926e-01
7.063283920288085938e-01
6.866462826728820801e-01
6.950945854187011719e-01
7.124272584915161133e-01
6.898482441902160645e-01
7.005242109298706055e-01
7.021046876907348633e-01
6.863468885421752930e-01
7.059254646301269531e-01
6.881454586982727051e-01
7.049852609634399414e-01
6.954224109649658203e-01
7.117894291877746582e-01
7.123405933380126953e-01
7.130815982818603516e-01
6.974425315856933594e-01
6.952677369117736816e-01
7.159058451652526855e-01
7.011013031005859375e-01
7.171358466148376465e-01
6.945875883102416992e-01
6.964297890663146973e-01
7.113046050071716309e-01
7.018743157386779785e-01
7.075461149215698242e-01
7.193765640258789062e-01
7.205824851989746094e-01
7.196620702743530273e-01
7.233755588531494141e-01
7.251721620559692383e-01
7.277120947837829590e-01
7.152771353721618652e-01
7.268219590187072754e-01
7.170472741127014160e-01
7.312812209129333496e-01
7.113986611366271973e-01
7.384621500968933105e-01
7.240711450576782227e-01
7.361884117126464844e-01
7.305969595909118652e-01
7.266110777854919434e-01
7.140222191810607910e-01
7.417872548103332520e-01
7.500293254852294922e-01
7.418842315673828125e-01
7.595673203468322754e-01
7.611610889434814453e-01
7.436990141868591309e-01
7.652266621589660645e-01
7.705591917037963867e-01
7.652363777160644531e-01
7.324280738830566406e-01
7.709758281707763672e-01
7.540411353111267090e-01
7.465257644653320312e-01
7.717105150222778320e-01
7.680272459983825684e-01
7.590048313140869141e-01
7.893642187118530273e-01
7.875741124153137207e-01
7.791341543197631836e-01
7.384805083274841309e-01
7.868658304214477539e-01
7.623293995857238770e-01
7.909865975379943848e-01
7.784950137138366699e-01
7.859670519828796387e-01
7.704002857208251953e-01
7.871072292327880859e-01
7.948465943336486816e-01
7.772933244705200195e-01
7.670340538024902344e-01
7.977657318115234375e-01
7.954820990562438965e-01
7.774553298950195312e-01
7.611809968948364258e-01
7.966610193252563477e-01
8.109050393104553223e-01
7.910944819450378418e-01
7.699468731880187988e-01
7.939503788948059082e-01
8.065206408500671387e-01
8.363619446754455566e-01
8.035955429077148438e-01
8.166917562484741211e-01
8.308418393135070801e-01
8.305776119232177734e-01
8.074424266815185547e-01
8.221207261085510254e-01
8.330192565917968750e-01
8.196909427642822266e-01
8.160361647605895996e-01
8.310252428054809570e-01
8.595144748687744141e-01
8.427843451499938965e-01
8.566148877143859863e-01
8.497443199157714844e-01
8.553001880645751953e-01
8.582854270935058594e-01
8.351938724517822266e-01
8.748075962066650391e-01
8.441085219383239746e-01
8.664596676826477051e-01
8.655712604522705078e-01
8.716768622398376465e-01
8.658552765846252441e-01
8.742576241493225098e-01
8.789550662040710449e-01
8.672223091125488281e-01
8.701359629631042480e-01
8.777051568031311035e-01
8.577118515968322754e-01
8.777685165405273438e-01
8.983799219131469727e-01
8.731302618980407715e-01
8.884360194206237793e-01
8.985656499862670898e-01
8.937903046607971191e-01
9.025408625602722168e-01
8.775343298912048340e-01
8.989874720573425293e-01
8.822476267814636230e-01
8.862792849540710449e-01
8.739148378372192383e-01
8.729577064514160156e-01
8.878766894340515137e-01
9.024292230606079102e-01
8.910738229751586914e-01
8.954347372055053711e-01
8.182166218757629395e-01
8.997303247451782227e-01
8.762057423591613770e-01
9.162337779998779297e-01
8.723922371864318848e-01
7.965006232261657715e-01
8.765499591827392578e-01
7.929138541221618652e-01
9.218999147415161133e-01
9.324617385864257812e-01
9.162781834602355957e-01
9.150229096412658691e-01
9.112125635147094727e-01
9.002680182456970215e-01
8.125239610671997070e-01
9.419067502021789551e-01
9.437610507011413574e-01
7.894049286842346191e-01
9.237132668495178223e-01
9.519280791282653809e-01
9.214624166488647461e-01
9.224607348442077637e-01
9.147906303405761719e-01
9.336535930633544922e-01
9.333095550537109375e-01
9.216246604919433594e-01
8.507664799690246582e-01
9.594287872314453125e-01
9.201304912567138672e-01
8.834211230278015137e-01
9.528313279151916504e-01
9.698804616928100586e-01
9.760664701461791992e-01
9.746100306510925293e-01
9.751518368721008301e-01
9.738862514495849609e-01
9.829831719398498535e-01
9.648993611335754395e-01
9.432044625282287598e-01
9.680300951004028320e-01
9.883099198341369629e-01
9.686047434806823730e-01
9.820977449417114258e-01
9.815760254859924316e-01
-9.899900000000000000e+04
9.850493669509887695e-01
9.299544692039489746e-01
-9.899900000000000000e+04
-9.899900000000000000e+04
1.008527040481567383e+00
-9.899900000000000000e+04
-9.899900000000000000e+04
9.845538139343261719e-01
-9.899900000000000000e+04
-9.899900000000000000e+04
9.591711163520812988e-01
-9.899900000000000000e+04
-9.899900000000000000e+04
-9.899900000000000000e+04
-9.899900000000000000e+04
-9.899900000000000000e+04
-9.899900000000000000e+04
-9.899900000000000000e+04
1.000860214233398438e+00
-9.899900000000000000e+04
-9.899900000000000000e+04
9.324909448623657227e-01
