6.309524774551391602e-01
6.257067918777465820e-01
6.402796506881713867e-01
6.632860302925109863e-01
6.512063741683959961e-01
6.490440964698791504e-01
6.616687774658203125e-01
6.703080534934997559e-01
6.596282720565795898e-01
6.610577702522277832e-01
6.752379536628723145e-01
6.782299280166625977e-01
6.568321585655212402e-01
6.744965314865112305e-01
6.808091402053833008e-01
6.666733026504516602e-01
6.755884289741516113e-01
6.668570041656494141e-01
6.890469193458557129e-01
6.757357120513916016e-01
6.862538456916809082e-01
6.895257830619812012e-01
6.749833226203918457e-01
6.934551596641540527e-01
6.970977187156677246e-01
6.925680041313171387e-01
6.913393735885620117e-01
7.027965784072875977e-01
6.996704936027526855e-01
6.973811984062194824e-01
6.924442052841186523e-01
6.879810690879821777e-01
6.861273646354675293e-01
6.997822523117065430e-01
7.040212154388427734e-01
6.922577619552612305e-01
7.007414102554321289e-01
6.985288858413696289e-01
7.095757722854614258e-01
7.118384838104248047e-01
7.071599960327148438e-01
7.134009003639221191e-01
7.143231630325317383e-01
7.037993669509887695e-01
7.098551392555236816e-01
7.174567580223083496e-01
7.169873714447021484e-01
7.218985557556152344e-01
7.126041650772094727e-01
6.973645091056823730e-01
7.046442031860351562e-01
7.065350413322448730e-01
7.041856646537780762e-01
7.167189121246337891e-01
7.079927921295166016e-01
7.018984556198120117e-01
7.220150828361511230e-01
7.086706757545471191e-01
7.308959960937500000e-01
7.280666828155517578e-01
7.160342335700988770e-01
7.250351905822753906e-01
7.192643880844116211e-01
7.003356814384460449e-01
7.314565181732177734e-01
7.253105044364929199e-01
7.183836102485656738e-01
7.279609441757202148e-01
7.183514833450317383e-01
7.343968749046325684e-01
7.245004773139953613e-01
7.483593225479125977e-01
7.388851046562194824e-01
7.588645815849304199e-01
7.299266457557678223e-01
7.431116700172424316e-01
7.342020273208618164e-01
7.731887698173522949e-01
7.324239611625671387e-01
7.304605245590209961e-01
7.426787018775939941e-01
7.521692514419555664e-01
7.495018839836120605e-01
7.704868912696838379e-01
7.713342905044555664e-01
7.508311271667480469e-01
7.844632267951965332e-01
7.725348472595214844e-01
7.865891456604003906e-01
7.627951502799987793e-01
7.791098356246948242e-01
7.890203595161437988e-01
7.899571657180786133e-01
7.764174938201904297e-01
7.664989829063415527e-01
7.938232421875000000e-01
7.606073021888732910e-01
7.954354882240295410e-01
7.476055026054382324e-01
7.973426580429077148e-01
8.079495429992675781e-01
7.972268462181091309e-01
7.737728953361511230e-01
7.865493893623352051e-01
7.935240268707275391e-01
8.053545951843261719e-01
7.917950153350830078e-01
8.016834259033203125e-01
7.635812759399414062e-01
8.191999793052673340e-01
8.125230669975280762e-01
7.935705184936523438e-01
8.276082277297973633e-01
7.808503508567810059e-01
8.105726242065429688e-01
8.199441432952880859e-01
8.350554704666137695e-01
8.070386052131652832e-01
8.070918321609497070e-01
8.390194773674011230e-01
8.441039323806762695e-01
8.372455835342407227e-01
8.376938700675964355e-01
8.448832631111145020e-01
8.606235980987548828e-01
8.601953983306884766e-01
8.631805777549743652e-01
8.496633172035217285e-01
8.613226413726806641e-01
8.794951438903808594e-01
8.018476963043212891e-01
8.648939132690429688e-01
8.680530190467834473e-01
8.730540871620178223e-01
8.658321499824523926e-01
8.710172772407531738e-01
8.734360337257385254e-01
8.558363914489746094e-01
8.622766733169555664e-01
8.788147568702697754e-01
8.598676919937133789e-01
8.859049081802368164e-01
8.594705462455749512e-01
8.876247406005859375e-01
9.086096286773681641e-01
8.830887079238891602e-01
8.841734528541564941e-01
8.938537836074829102e-01
8.967923521995544434e-01
8.944612145423889160e-01
8.886623978614807129e-01
8.833720088005065918e-01
8.901236057281494141e-01
8.726785182952880859e-01
8.751781582832336426e-01
9.057053327560424805e-01
9.093495607376098633e-01
9.011775851249694824e-01
8.798969984054565430e-01
8.606809377670288086e-01
9.057300090789794922e-01
8.871871232986450195e-01
8.932008147239685059e-01
9.212464094161987305e-01
9.235913157463073730e-01
8.812180161476135254e-01
9.013633728027343750e-01
8.719932436943054199e-01
9.012254476547241211e-01
9.131085276603698730e-01
9.237009286880493164e-01
9.406082630157470703e-01
8.745809197425842285e-01
9.330866336822509766e-01
9.128669500350952148e-01
9.458663463592529297e-01
8.063499927520751953e-01
9.327764511108398438e-01
7.812498211860656738e-01
9.271291494369506836e-01
9.479521512985229492e-01
9.369642138481140137e-01
9.666721820831298828e-01
9.728112816810607910e-01
9.156894683837890625e-01
9.574026465415954590e-01
9.142124056816101074e-01
9.808255434036254883e-01
9.140511751174926758e-01
9.515517354011535645e-01
9.778473377227783203e-01
9.765542149543762207e-01
9.647070765495300293e-01
9.646490216255187988e-01
9.641714096069335938e-01
9.708831906318664551e-01
9.735094904899597168e-01
9.497164487838745117e-01
9.863834381103515625e-01
9.843685626983642578e-01
9.883485436439514160e-01
7.578421831130981445e-01
9.765233397483825684e-01
8.824426531791687012e-01
9.770255684852600098e-01
