6.225892305374145508e-01
6.358127593994140625e-01
6.407510042190551758e-01
6.632860302925109863e-01
6.476992368698120117e-01
6.468650102615356445e-01
6.615265011787414551e-01
6.678663492202758789e-01
6.649832725524902344e-01
6.793448328971862793e-01
6.752379536628723145e-01
6.596245169639587402e-01
6.820835471153259277e-01
6.840402483940124512e-01
6.669101715087890625e-01
6.695431470870971680e-01
6.745044589042663574e-01
6.876502633094787598e-01
6.686673164367675781e-01
6.924183964729309082e-01
6.899451017379760742e-01
6.750268340110778809e-01
6.755794286727905273e-01
6.934555768966674805e-01
6.912003159523010254e-01
6.929497122764587402e-01
7.025768756866455078e-01
6.919564008712768555e-01
6.868521571159362793e-01
6.953777074813842773e-01
6.826096773147583008e-01
6.820944547653198242e-01
6.974868178367614746e-01
6.997209191322326660e-01
6.904785633087158203e-01
7.048809528350830078e-01
7.006449103355407715e-01
6.970299482345581055e-01
7.061207890510559082e-01
7.164593338966369629e-01
7.145929932594299316e-01
7.000488042831420898e-01
7.048719525337219238e-01
6.994535326957702637e-01
7.051846385002136230e-01
7.097898721694946289e-01
7.087383270263671875e-01
6.845557093620300293e-01
7.142440080642700195e-01
6.905330419540405273e-01
7.050166726112365723e-01
6.992526650428771973e-01
7.016611099243164062e-01
7.167189121246337891e-01
7.217826843261718750e-01
7.037871479988098145e-01
7.219119668006896973e-01
7.193524241447448730e-01
6.981459259986877441e-01
6.995661258697509766e-01
7.292280197143554688e-01
7.210263609886169434e-01
7.138381004333496094e-01
7.325963973999023438e-01
7.343490123748779297e-01
7.230458855628967285e-01
7.376105189323425293e-01
7.243275642395019531e-01
7.164930105209350586e-01
7.133321762084960938e-01
7.238499522209167480e-01
7.383383512496948242e-01
7.344593405723571777e-01
7.424627542495727539e-01
7.344003915786743164e-01
7.007325887680053711e-01
7.501165270805358887e-01
7.382609248161315918e-01
7.426514625549316406e-01
7.515492439270019531e-01
7.651188373565673828e-01
7.732399106025695801e-01
7.728770971298217773e-01
7.539029121398925781e-01
7.654841542243957520e-01
7.575941085815429688e-01
7.739558219909667969e-01
7.854671478271484375e-01
7.818820476531982422e-01
7.846261262893676758e-01
7.300077080726623535e-01
7.884333133697509766e-01
7.607897520065307617e-01
7.852818965911865234e-01
7.550958991050720215e-01
7.913143038749694824e-01
7.906941771507263184e-01
7.504585981369018555e-01
7.879567742347717285e-01
7.816674709320068359e-01
7.905085086822509766e-01
7.941902875900268555e-01
7.823589444160461426e-01
7.785097360610961914e-01
7.748062014579772949e-01
8.106591701507568359e-01
8.001606464385986328e-01
7.875590324401855469e-01
8.109378218650817871e-01
8.224397301673889160e-01
8.015543222427368164e-01
8.183170557022094727e-01
8.193970322608947754e-01
8.276716470718383789e-01
8.149713277816772461e-01
8.196938037872314453e-01
8.262412548065185547e-01
8.160930871963500977e-01
8.139152526855468750e-01
8.330417275428771973e-01
7.827994227409362793e-01
8.421400189399719238e-01
8.522080183029174805e-01
8.585999608039855957e-01
8.576886057853698730e-01
8.494243621826171875e-01
8.526929616928100586e-01
8.491160273551940918e-01
8.643608689308166504e-01
8.764772415161132812e-01
8.690549731254577637e-01
8.715099692344665527e-01
8.638773560523986816e-01
8.691670894622802734e-01
8.789242506027221680e-01
8.765981793403625488e-01
8.767731189727783203e-01
8.812769651412963867e-01
8.192201256752014160e-01
8.811282515525817871e-01
8.846633434295654297e-01
8.649389147758483887e-01
8.668584227561950684e-01
8.920548558235168457e-01
8.894076347351074219e-01
9.055080413818359375e-01
8.860710263252258301e-01
8.866999149322509766e-01
8.696899414062500000e-01
8.988934159278869629e-01
8.796041607856750488e-01
8.796924352645874023e-01
8.931053876876831055e-01
8.934696912765502930e-01
8.951119780540466309e-01
8.540322184562683105e-01
9.049672484397888184e-01
8.958880901336669922e-01
9.025974869728088379e-01
9.097114205360412598e-01
8.354693651199340820e-01
8.743547201156616211e-01
9.016326069831848145e-01
8.748356103897094727e-01
8.955634236335754395e-01
9.235185384750366211e-01
9.143551588058471680e-01
9.286169409751892090e-01
9.286294579505920410e-01
9.113618135452270508e-01
9.272797703742980957e-01
9.414140582084655762e-01
9.196615219116210938e-01
9.563965797424316406e-01
9.203935265541076660e-01
9.600922465324401855e-01
9.187737703323364258e-01
9.110348820686340332e-01
9.302558898925781250e-01
9.253750443458557129e-01
9.409380555152893066e-01
9.302192926406860352e-01
9.298844933509826660e-01
9.619769454002380371e-01
9.557153582572937012e-01
9.359223246574401855e-01
9.390220642089843750e-01
9.642584919929504395e-01
9.525949954986572266e-01
9.699327945709228516e-01
9.746654033660888672e-01
9.638453722000122070e-01
9.807954430580139160e-01
9.750072360038757324e-01
9.641245007514953613e-01
9.601250886917114258e-01
9.667705893516540527e-01
9.808151721954345703e-01
9.786083698272705078e-01
9.814486503601074219e-01
9.776855707168579102e-01
1.010472178459167480e+00
9.808937907218933105e-01
9.515433311462402344e-01
1.001773595809936523e+00
9.743943810462951660e-01
9.773949980735778809e-01
9.242546558380126953e-01
-9.899900000000000000e+04
8.020837306976318359e-01
-9.899900000000000000e+04
8.604308962821960449e-01
9.693211317062377930e-01
-9.899900000000000000e+04
9.040260910987854004e-01
-9.899900000000000000e+04
-9.899900000000000000e+04
7.898980379104614258e-01
-9.899900000000000000e+04
-9.899900000000000000e+04
-9.899900000000000000e+04
-9.899900000000000000e+04
-9.899900000000000000e+04
-9.899900000000000000e+04
9.914938807487487793e-01
-9.899900000000000000e+04
-9.899900000000000000e+04
-9.899900000000000000e+04
-9.899900000000000000e+04
-9.899900000000000000e+04
-9.899900000000000000e+04
-9.899900000000000000e+04
-9.899900000000000000e+04
-9.899900000000000000e+04
-9.899900000000000000e+04
-9.899900000000000000e+04
-9.899900000000000000e+04
-9.899900000000000000e+04
-9.899900000000000000e+04
-9.899900000000000000e+04
-9.899900000000000000e+04
-9.899900000000000000e+04
-9.899900000000000000e+04
-9.899900000000000000e+04
-9.899900000000000000e+04
-9.899900000000000000e+04
-9.899900000000000000e+04
-9.899900000000000000e+04
-9.899900000000000000e+04
7.262195348739624023e-01
-9.899900000000000000e+04
-9.899900000000000000e+04
-9.899900000000000000e+04
7.108757495880126953e-01
9.212943315505981445e-01
-9.899900000000000000e+04
-9.899900000000000000e+04
-9.899900000000000000e+04
-9.899900000000000000e+04
-9.899900000000000000e+04
-9.899900000000000000e+04
-9.899900000000000000e+04
-9.899900000000000000e+04
-9.899900000000000000e+04
-9.899900000000000000e+04
-9.899900000000000000e+04
-9.899900000000000000e+04
-9.899900000000000000e+04
7.058079838752746582e-01
-9.899900000000000000e+04
-9.899900000000000000e+04
