6.309524774551391602e-01
6.517849564552307129e-01
6.406359076499938965e-01
6.595162153244018555e-01
6.458758711814880371e-01
6.676552295684814453e-01
6.579081416130065918e-01
6.678663492202758789e-01
6.734914183616638184e-01
6.733172535896301270e-01
6.752379536628723145e-01
6.808035969734191895e-01
6.802445650100708008e-01
6.785833835601806641e-01
6.669101715087890625e-01
6.734188199043273926e-01
6.809154748916625977e-01
6.668570041656494141e-01
6.890469193458557129e-01
6.855593919754028320e-01
6.820154190063476562e-01
6.798946857452392578e-01
6.766778826713562012e-01
6.964374780654907227e-01
6.974132061004638672e-01
6.991040706634521484e-01
7.030092477798461914e-01
6.833422780036926270e-01
6.877900362014770508e-01
6.904824376106262207e-01
6.826096773147583008e-01
7.032759189605712891e-01
6.994485855102539062e-01
6.914362907409667969e-01
7.023847699165344238e-01
6.945666670799255371e-01
6.956231594085693359e-01
6.986867785453796387e-01
7.084416747093200684e-01
6.986529827117919922e-01
7.083502411842346191e-01
7.175849676132202148e-01
7.136890292167663574e-01
7.011688351631164551e-01
6.906446814537048340e-01
6.893058419227600098e-01
6.885350346565246582e-01
7.005023360252380371e-01
7.202035784721374512e-01
6.847959756851196289e-01
6.932826638221740723e-01
7.135180830955505371e-01
6.966886520385742188e-01
7.170165181159973145e-01
7.190405726432800293e-01
7.176822423934936523e-01
7.140215635299682617e-01
7.254004478454589844e-01
6.972542405128479004e-01
7.284334301948547363e-01
7.133139371871948242e-01
7.278301715850830078e-01
7.297248244285583496e-01
7.210452556610107422e-01
7.192490100860595703e-01
7.314965128898620605e-01
7.262398600578308105e-01
7.303453683853149414e-01
7.341233491897583008e-01
7.411143779754638672e-01
7.356441617012023926e-01
7.394532561302185059e-01
7.126473784446716309e-01
7.641099095344543457e-01
7.386432886123657227e-01
7.501446008682250977e-01
7.449186444282531738e-01
7.349643111228942871e-01
7.591646909713745117e-01
7.568066120147705078e-01
7.491288185119628906e-01
7.430962920188903809e-01
7.573886513710021973e-01
7.183551192283630371e-01
7.803873419761657715e-01
7.744358777999877930e-01
7.789474129676818848e-01
7.399227023124694824e-01
7.895289063453674316e-01
7.806705832481384277e-01
7.831149697303771973e-01
7.538403272628784180e-01
7.673328518867492676e-01
7.669619321823120117e-01
7.777274847030639648e-01
7.691857814788818359e-01
7.511506676673889160e-01
7.649360299110412598e-01
7.906428575515747070e-01
7.855228781700134277e-01
7.928692102432250977e-01
7.809034585952758789e-01
7.921227812767028809e-01
8.039284348487854004e-01
7.917254567146301270e-01
8.091416954994201660e-01
8.094670772552490234e-01
8.144440650939941406e-01
8.125095963478088379e-01
8.123792409896850586e-01
8.166193962097167969e-01
7.589741945266723633e-01
7.883673310279846191e-01
8.033340573310852051e-01
7.976913452148437500e-01
8.114493489265441895e-01
8.042232990264892578e-01
8.209947347640991211e-01
8.201984763145446777e-01
8.392019271850585938e-01
8.487338423728942871e-01
8.258989453315734863e-01
8.451350927352905273e-01
8.316234350204467773e-01
8.565402626991271973e-01
8.595052957534790039e-01
8.360996246337890625e-01
8.497258424758911133e-01
8.637668490409851074e-01
8.654693961143493652e-01
8.815876841545104980e-01
8.523930311203002930e-01
8.660312891006469727e-01
8.545411229133605957e-01
8.697003126144409180e-01
8.518671393394470215e-01
8.759365081787109375e-01
8.628543615341186523e-01
8.740054368972778320e-01
8.827536106109619141e-01
8.846659064292907715e-01
8.905571103096008301e-01
8.734498023986816406e-01
8.883643746376037598e-01
9.014622569084167480e-01
8.822305798530578613e-01
8.936015367507934570e-01
8.791904449462890625e-01
8.732143044471740723e-01
8.993535041809082031e-01
8.253190517425537109e-01
9.045630693435668945e-01
9.017586112022399902e-01
8.897556662559509277e-01
8.791416883468627930e-01
8.691537976264953613e-01
8.698160648345947266e-01
9.135940670967102051e-01
8.024284243583679199e-01
9.195662140846252441e-01
8.957979679107666016e-01
9.140467643737792969e-01
9.079542756080627441e-01
8.937215209007263184e-01
9.185108542442321777e-01
9.164698123931884766e-01
8.988935947418212891e-01
9.293928146362304688e-01
8.952181935310363770e-01
9.295003414154052734e-01
8.445056676864624023e-01
9.419897794723510742e-01
9.354030489921569824e-01
9.353457689285278320e-01
9.478401541709899902e-01
9.331871271133422852e-01
9.370038509368896484e-01
9.305551648139953613e-01
9.465445876121520996e-01
9.475678801536560059e-01
9.391846656799316406e-01
8.829583525657653809e-01
9.512954950332641602e-01
9.766280651092529297e-01
9.090740084648132324e-01
9.656220078468322754e-01
9.836226105690002441e-01
9.781217575073242188e-01
9.420340061187744141e-01
9.500112533569335938e-01
9.587557911872863770e-01
9.858013987541198730e-01
9.227958917617797852e-01
9.114359021186828613e-01
6.803379654884338379e-01
9.780877232551574707e-01
9.441991448402404785e-01
9.609508514404296875e-01
9.836966395378112793e-01
9.679872393608093262e-01
9.673395156860351562e-01
-9.899900000000000000e+04
1.004424214363098145e+00
