6.461329460144042969e-01
6.245424747467041016e-01
6.388311982154846191e-01
6.632860302925109863e-01
6.476992368698120117e-01
6.521380543708801270e-01
6.616687774658203125e-01
6.678663492202758789e-01
6.746804118156433105e-01
6.806339025497436523e-01
6.744015216827392578e-01
6.803489923477172852e-01
6.750172972679138184e-01
6.547865271568298340e-01
6.709099411964416504e-01
6.814933419227600098e-01
6.810971498489379883e-01
6.876502633094787598e-01
6.686673164367675781e-01
6.843210458755493164e-01
6.732512712478637695e-01
6.750268340110778809e-01
6.755794286727905273e-01
6.934551596641540527e-01
7.024981975555419922e-01
6.991040706634521484e-01
6.857871413230895996e-01
6.905534863471984863e-01
6.809648275375366211e-01
6.932346820831298828e-01
6.992936730384826660e-01
7.032759189605712891e-01
7.135375738143920898e-01
6.992625594139099121e-01
6.920434832572937012e-01
6.919738650321960449e-01
6.955612301826477051e-01
6.950572729110717773e-01
6.999636888504028320e-01
7.135104537010192871e-01
7.057657241821289062e-01
6.980413198471069336e-01
7.088007330894470215e-01
6.937710046768188477e-01
7.042388916015625000e-01
7.062832117080688477e-01
7.073335051536560059e-01
7.174353599548339844e-01
7.105338573455810547e-01
6.968414187431335449e-01
7.207007408142089844e-01
7.038201689720153809e-01
7.139147520065307617e-01
7.020423412322998047e-01
7.163750529289245605e-01
7.011733651161193848e-01
7.108185887336730957e-01
6.913813352584838867e-01
7.135847806930541992e-01
7.270344495773315430e-01
7.158280611038208008e-01
7.214663624763488770e-01
7.058752179145812988e-01
7.314020991325378418e-01
7.333154678344726562e-01
7.238098382949829102e-01
7.365728616714477539e-01
7.190904021263122559e-01
7.157464623451232910e-01
7.233395576477050781e-01
7.383642792701721191e-01
7.445168495178222656e-01
7.464957833290100098e-01
7.124775648117065430e-01
7.744781970977783203e-01
7.410507798194885254e-01
7.532555460929870605e-01
7.529509067535400391e-01
7.580548524856567383e-01
7.551677227020263672e-01
7.474918961524963379e-01
7.344742417335510254e-01
7.482174634933471680e-01
7.588363885879516602e-01
7.584316730499267578e-01
7.724467515945434570e-01
7.713109850883483887e-01
7.389038801193237305e-01
7.837346792221069336e-01
7.911394238471984863e-01
7.771160602569580078e-01
7.785990238189697266e-01
7.724076509475708008e-01
7.900204658508300781e-01
7.906308174133300781e-01
7.502621412277221680e-01
7.812979221343994141e-01
7.890528440475463867e-01
7.616845965385437012e-01
7.989016771316528320e-01
7.556272149085998535e-01
7.761524319648742676e-01
8.026037216186523438e-01
8.021735548973083496e-01
8.026205301284790039e-01
7.764191627502441406e-01
8.137409687042236328e-01
8.076957464218139648e-01
7.976145744323730469e-01
8.201229572296142578e-01
8.195133209228515625e-01
8.086747527122497559e-01
7.948079705238342285e-01
8.063340783119201660e-01
8.264521956443786621e-01
8.226211071014404297e-01
8.158190250396728516e-01
8.337352871894836426e-01
8.501973748207092285e-01
8.442023396492004395e-01
7.791110873222351074e-01
8.593307137489318848e-01
8.398008346557617188e-01
8.400812149047851562e-01
8.579657673835754395e-01
8.625527024269104004e-01
8.085780739784240723e-01
8.689458966255187988e-01
8.687813282012939453e-01
8.731275200843811035e-01
8.403241634368896484e-01
8.770914673805236816e-01
8.660658001899719238e-01
8.665092587471008301e-01
8.526025414466857910e-01
8.591102957725524902e-01
8.702758550643920898e-01
8.781179785728454590e-01
8.667106628417968750e-01
8.578709363937377930e-01
8.994924426078796387e-01
8.758860230445861816e-01
8.773255348205566406e-01
8.948899507522583008e-01
8.908495903015136719e-01
8.628464937210083008e-01
8.990037441253662109e-01
9.044705629348754883e-01
8.694632053375244141e-01
8.618602752685546875e-01
8.423232436180114746e-01
9.100844860076904297e-01
8.858530521392822266e-01
9.050039649009704590e-01
9.139467477798461914e-01
9.144139289855957031e-01
8.798043131828308105e-01
8.627832531929016113e-01
8.878877162933349609e-01
9.221410751342773438e-01
8.981546163558959961e-01
9.084132313728332520e-01
9.165271520614624023e-01
8.946144580841064453e-01
9.275175929069519043e-01
9.157281517982482910e-01
9.267637133598327637e-01
9.183841943740844727e-01
9.309452772140502930e-01
9.206539988517761230e-01
8.731634020805358887e-01
7.305166125297546387e-01
9.138733148574829102e-01
8.540228009223937988e-01
9.314550161361694336e-01
9.295789599418640137e-01
7.806163430213928223e-01
9.540971517562866211e-01
8.965066075325012207e-01
9.350519776344299316e-01
8.185767531394958496e-01
9.334392547607421875e-01
9.320178627967834473e-01
9.329510331153869629e-01
9.460815191268920898e-01
9.730483293533325195e-01
9.693543910980224609e-01
9.573890566825866699e-01
9.252157211303710938e-01
9.742001295089721680e-01
9.125228524208068848e-01
9.851924180984497070e-01
9.631595611572265625e-01
9.340039491653442383e-01
9.861007928848266602e-01
9.682283997535705566e-01
9.987835288047790527e-01
9.717941284179687500e-01
-9.899900000000000000e+04
7.997751235961914062e-01
