6.309524774551391602e-01
6.358127593994140625e-01
6.562239527702331543e-01
6.476886868476867676e-01
6.469347476959228516e-01
6.525678634643554688e-01
6.616687774658203125e-01
6.721740961074829102e-01
6.734914183616638184e-01
6.632599234580993652e-01
6.673815250396728516e-01
6.636283397674560547e-01
6.724217534065246582e-01
6.772983670234680176e-01
6.808091402053833008e-01
6.848675608634948730e-01
6.809154748916625977e-01
6.737642884254455566e-01
6.732835769653320312e-01
6.843210458755493164e-01
6.768352389335632324e-01
6.759751439094543457e-01
6.796241402626037598e-01
7.028384804725646973e-01
6.941433548927307129e-01
6.907371878623962402e-01
7.064307332038879395e-01
6.989399194717407227e-01
6.958838105201721191e-01
7.025297880172729492e-01
6.826096773147583008e-01
6.999827027320861816e-01
7.017874121665954590e-01
6.856771707534790039e-01
6.898364424705505371e-01
6.926264762878417969e-01
6.965429782867431641e-01
7.049526572227478027e-01
6.925720572471618652e-01
7.186087369918823242e-01
6.963319778442382812e-01
7.028040885925292969e-01
7.032004594802856445e-01
7.038929462432861328e-01
7.112835645675659180e-01
7.058891057968139648e-01
7.044145464897155762e-01
7.181870937347412109e-01
7.040540575981140137e-01
7.053776383399963379e-01
7.104213237762451172e-01
7.258256673812866211e-01
7.137693762779235840e-01
7.164668440818786621e-01
7.068485021591186523e-01
7.210088968276977539e-01
7.226960062980651855e-01
7.264151573181152344e-01
7.154793739318847656e-01
7.153550386428833008e-01
7.281877398490905762e-01
7.327533364295959473e-01
7.265753746032714844e-01
7.319262027740478516e-01
7.206482291221618652e-01
7.175258994102478027e-01
7.392022013664245605e-01
7.347210645675659180e-01
7.393348813056945801e-01
7.433003783226013184e-01
7.330513596534729004e-01
7.341457009315490723e-01
7.595589756965637207e-01
7.434852719306945801e-01
7.523263096809387207e-01
7.517198920249938965e-01
7.379625439643859863e-01
7.408702969551086426e-01
7.578074932098388672e-01
7.313793301582336426e-01
7.463666796684265137e-01
7.442692518234252930e-01
7.623903155326843262e-01
7.696312665939331055e-01
7.640206813812255859e-01
7.743533849716186523e-01
7.673754096031188965e-01
7.888701558113098145e-01
7.534634470939636230e-01
7.895099520683288574e-01
7.847197651863098145e-01
7.872183322906494141e-01
7.749551534652709961e-01
7.692551612854003906e-01
7.854207754135131836e-01
7.790600061416625977e-01
7.827655673027038574e-01
8.027867674827575684e-01
7.875884175300598145e-01
7.863160371780395508e-01
7.967242598533630371e-01
8.046183586120605469e-01
7.842300534248352051e-01
7.831405997276306152e-01
7.734476327896118164e-01
7.953655123710632324e-01
7.895163297653198242e-01
8.070186376571655273e-01
7.942498326301574707e-01
8.022608160972595215e-01
7.712864279747009277e-01
7.912768721580505371e-01
8.294434547424316406e-01
8.340666294097900391e-01
8.171188235282897949e-01
8.143956661224365234e-01
8.366824388504028320e-01
7.903835177421569824e-01
8.428915143013000488e-01
8.118290901184082031e-01
8.291276693344116211e-01
8.439186215400695801e-01
7.924698591232299805e-01
8.425522446632385254e-01
8.602094650268554688e-01
8.650075793266296387e-01
8.434174060821533203e-01
8.594152331352233887e-01
8.599504232406616211e-01
8.696886301040649414e-01
8.348615169525146484e-01
8.509401679039001465e-01
8.725479245185852051e-01
8.745204806327819824e-01
7.871968150138854980e-01
8.742529153823852539e-01
8.737711310386657715e-01
8.733563423156738281e-01
8.805288672447204590e-01
8.788306713104248047e-01
8.783323764801025391e-01
8.666679859161376953e-01
8.888205289840698242e-01
8.895038366317749023e-01
8.697788715362548828e-01
8.745666742324829102e-01
8.835558891296386719e-01
9.007369279861450195e-01
8.932967782020568848e-01
8.225281834602355957e-01
8.778070211410522461e-01
8.945223689079284668e-01
8.849534988403320312e-01
8.570360541343688965e-01
8.920467495918273926e-01
8.935033082962036133e-01
8.910819292068481445e-01
9.020918607711791992e-01
9.072167873382568359e-01
9.283803105354309082e-01
8.987576961517333984e-01
8.704344630241394043e-01
9.177538156509399414e-01
9.101324081420898438e-01
9.145197868347167969e-01
9.176311492919921875e-01
9.198947548866271973e-01
9.077954292297363281e-01
9.037954807281494141e-01
9.176834225654602051e-01
9.090650677680969238e-01
9.188648462295532227e-01
9.390009641647338867e-01
9.437161087989807129e-01
9.276849627494812012e-01
9.250302314758300781e-01
9.406453967094421387e-01
9.497166872024536133e-01
9.602922201156616211e-01
9.338816404342651367e-01
9.335052371025085449e-01
9.321865439414978027e-01
8.984882831573486328e-01
9.489727616310119629e-01
8.124784827232360840e-01
9.558421373367309570e-01
7.772056460380554199e-01
9.536893367767333984e-01
8.541594743728637695e-01
9.777594804763793945e-01
9.626483321189880371e-01
9.777300357818603516e-01
8.308947086334228516e-01
9.491269588470458984e-01
9.836016297340393066e-01
9.610866904258728027e-01
9.624882936477661133e-01
9.924565553665161133e-01
9.674655795097351074e-01
-9.899900000000000000e+04
-9.899900000000000000e+04
8.495310544967651367e-01
-9.899900000000000000e+04
1.007704973220825195e+00
9.836267232894897461e-01
9.823912382125854492e-01
9.708116650581359863e-01
-9.899900000000000000e+04
1.007864832878112793e+00
-9.899900000000000000e+04
-9.899900000000000000e+04
9.802005290985107422e-01
8.999491930007934570e-01
8.131744265556335449e-01
9.454688429832458496e-01
7.439545989036560059e-01
-9.899900000000000000e+04
9.262211918830871582e-01
-9.899900000000000000e+04
-9.899900000000000000e+04
-9.899900000000000000e+04
-9.899900000000000000e+04
-9.899900000000000000e+04
-9.899900000000000000e+04
-9.899900000000000000e+04
