6.461329460144042969e-01
6.358127593994140625e-01
6.402796506881713867e-01
6.632860302925109863e-01
6.617763042449951172e-01
6.503523588180541992e-01
6.603446006774902344e-01
6.703080534934997559e-01
6.592803001403808594e-01
6.655529737472534180e-01
6.664795279502868652e-01
6.803489923477172852e-01
6.633976101875305176e-01
6.772983670234680176e-01
6.811007857322692871e-01
6.785594224929809570e-01
6.741776466369628906e-01
6.743296980857849121e-01
6.750097870826721191e-01
6.843210458755493164e-01
6.790222525596618652e-01
6.750268340110778809e-01
6.750503778457641602e-01
6.950982213020324707e-01
6.961308717727661133e-01
6.878817677497863770e-01
7.017228007316589355e-01
6.996856331825256348e-01
6.887585520744323730e-01
6.846439242362976074e-01
6.735795140266418457e-01
6.979426145553588867e-01
7.017874121665954590e-01
6.925975084304809570e-01
6.936407089233398438e-01
7.023339867591857910e-01
6.905077099800109863e-01
6.967431306838989258e-01
7.122806310653686523e-01
7.023650407791137695e-01
6.980717778205871582e-01
7.042520046234130859e-01
6.981077194213867188e-01
6.978654861450195312e-01
6.776770949363708496e-01
7.160018086433410645e-01
7.030119895935058594e-01
7.113940119743347168e-01
7.131483554840087891e-01
6.972936987876892090e-01
7.188336849212646484e-01
7.127624750137329102e-01
7.017557024955749512e-01
7.046440243721008301e-01
7.188697457313537598e-01
7.191962599754333496e-01
7.122170925140380859e-01
7.251208424568176270e-01
7.140940427780151367e-01
7.265672683715820312e-01
7.282590270042419434e-01
7.320295572280883789e-01
7.061920762062072754e-01
7.192066311836242676e-01
7.172075510025024414e-01
7.371101975440979004e-01
7.114105820655822754e-01
7.336800694465637207e-01
7.259932160377502441e-01
7.276543378829956055e-01
7.327067852020263672e-01
7.267241477966308594e-01
7.415861487388610840e-01
7.315477132797241211e-01
7.624761462211608887e-01
7.434563636779785156e-01
7.421699762344360352e-01
7.416798472404479980e-01
7.292604446411132812e-01
7.585633993148803711e-01
7.331695556640625000e-01
7.712114453315734863e-01
7.458233833312988281e-01
7.644419670104980469e-01
7.528380155563354492e-01
7.628448009490966797e-01
7.662651538848876953e-01
7.688980698585510254e-01
7.719442248344421387e-01
7.760571241378784180e-01
7.927488088607788086e-01
7.566864490509033203e-01
7.803336381912231445e-01
7.906756401062011719e-01
7.629401683807373047e-01
7.780575752258300781e-01
7.851921916007995605e-01
7.830636501312255859e-01
7.896386384963989258e-01
7.762560844421386719e-01
7.872076034545898438e-01
7.919848561286926270e-01
7.920510172843933105e-01
7.987445592880249023e-01
7.786985635757446289e-01
8.112635016441345215e-01
7.868240475654602051e-01
8.015516400337219238e-01
8.071393966674804688e-01
8.055561780929565430e-01
8.188456296920776367e-01
8.111214041709899902e-01
7.827997803688049316e-01
7.762953639030456543e-01
8.156886696815490723e-01
8.383644223213195801e-01
8.248681426048278809e-01
8.200315833091735840e-01
8.443704843521118164e-01
8.088620901107788086e-01
8.454152345657348633e-01
8.465669155120849609e-01
8.385123014450073242e-01
8.552849888801574707e-01
8.402366042137145996e-01
8.600274920463562012e-01
8.522797226905822754e-01
8.559319376945495605e-01
8.549094796180725098e-01
8.562626242637634277e-01
8.473238348960876465e-01
8.739033937454223633e-01
8.509223461151123047e-01
8.444175720214843750e-01
8.576845526695251465e-01
8.690330982208251953e-01
8.644763231277465820e-01
7.768238782882690430e-01
8.532647490501403809e-01
8.693779110908508301e-01
8.720713257789611816e-01
8.876152038574218750e-01
8.592825531959533691e-01
8.769462108612060547e-01
8.570390343666076660e-01
8.996820449829101562e-01
8.899590373039245605e-01
8.964326381683349609e-01
9.000232219696044922e-01
8.901275396347045898e-01
8.915319442749023438e-01
8.874923586845397949e-01
8.568393588066101074e-01
9.012117981910705566e-01
8.900343775749206543e-01
8.697778582572937012e-01
9.066122770309448242e-01
8.928673267364501953e-01
9.238540530204772949e-01
9.167434573173522949e-01
9.199432730674743652e-01
8.879685997962951660e-01
8.250098824501037598e-01
8.992532491683959961e-01
9.192044138908386230e-01
9.143273830413818359e-01
8.918734788894653320e-01
9.162897467613220215e-01
9.123901128768920898e-01
8.902627229690551758e-01
9.210689663887023926e-01
9.310919046401977539e-01
9.040691256523132324e-01
9.248965978622436523e-01
9.315530061721801758e-01
9.222320318222045898e-01
9.306762218475341797e-01
9.149140119552612305e-01
9.329442977905273438e-01
7.916487455368041992e-01
9.285143017768859863e-01
8.148615360260009766e-01
9.675577878952026367e-01
9.315821528434753418e-01
9.018830060958862305e-01
9.505426287651062012e-01
9.786148071289062500e-01
9.936529994010925293e-01
9.545751810073852539e-01
9.579612612724304199e-01
9.872364401817321777e-01
9.758582115173339844e-01
9.499083161354064941e-01
9.470292329788208008e-01
9.898082017898559570e-01
9.456133842468261719e-01
-9.899900000000000000e+04
-9.899900000000000000e+04
9.696846008300781250e-01
9.767558574676513672e-01
-9.899900000000000000e+04
9.813348650932312012e-01
8.297793269157409668e-01
8.559191823005676270e-01
9.739699363708496094e-01
9.686077833175659180e-01
9.588338732719421387e-01
9.850565791130065918e-01
-9.899900000000000000e+04
9.877794384956359863e-01
9.915335178375244141e-01
-9.899900000000000000e+04
-9.899900000000000000e+04
9.681642651557922363e-01
9.754363894462585449e-01
9.920731186866760254e-01
-9.899900000000000000e+04
-9.899900000000000000e+04
-9.899900000000000000e+04
-9.899900000000000000e+04
1.000958323478698730e+00
-9.899900000000000000e+04
-9.899900000000000000e+04
-9.899900000000000000e+04
-9.899900000000000000e+04
-9.899900000000000000e+04
-9.899900000000000000e+04
-9.899900000000000000e+04
-9.899900000000000000e+04
-9.899900000000000000e+04
-9.899900000000000000e+04
9.610936641693115234e-01
-9.899900000000000000e+04
1.001773357391357422e+00
-9.899900000000000000e+04
-9.899900000000000000e+04
-9.899900000000000000e+04
-9.899900000000000000e+04
-9.899900000000000000e+04
-9.899900000000000000e+04
9.729944467544555664e-01
-9.899900000000000000e+04
-9.899900000000000000e+04
-9.899900000000000000e+04
-9.899900000000000000e+04
-9.899900000000000000e+04
8.996438384056091309e-01
-9.899900000000000000e+04
9.618297219276428223e-01
-9.899900000000000000e+04
-9.899900000000000000e+04
9.771574735641479492e-01
-9.899900000000000000e+04
