6.291534900665283203e-01
6.257067918777465820e-01
6.562239527702331543e-01
6.632860302925109863e-01
6.617763042449951172e-01
6.676552295684814453e-01
6.613437533378601074e-01
6.678663492202758789e-01
6.592803001403808594e-01
6.793448328971862793e-01
6.752379536628723145e-01
6.803489923477172852e-01
6.608202457427978516e-01
6.711479425430297852e-01
6.669101715087890625e-01
6.724083423614501953e-01
6.734913587570190430e-01
6.710654497146606445e-01
6.662587523460388184e-01
6.838296055793762207e-01
6.801033020019531250e-01
6.819897294044494629e-01
6.518429517745971680e-01
6.878223419189453125e-01
6.984673738479614258e-01
6.980926394462585449e-01
7.026354074478149414e-01
6.996856331825256348e-01
6.877900362014770508e-01
6.901693344116210938e-01
6.826096773147583008e-01
7.017663121223449707e-01
6.926734447479248047e-01
7.021601200103759766e-01
6.910286545753479004e-01
6.919745206832885742e-01
7.004526853561401367e-01
6.992242336273193359e-01
6.998379230499267578e-01
7.096793055534362793e-01
7.008877992630004883e-01
7.032505869865417480e-01
7.032732367515563965e-01
7.041575908660888672e-01
6.975703239440917969e-01
6.990584731101989746e-01
6.926034688949584961e-01
7.229075431823730469e-01
7.186887860298156738e-01
7.082532644271850586e-01
6.960259675979614258e-01
6.904153823852539062e-01
6.973167061805725098e-01
7.132870554924011230e-01
7.093436121940612793e-01
7.198574542999267578e-01
7.203000187873840332e-01
6.946482062339782715e-01
7.259525060653686523e-01
7.291715145111083984e-01
7.174059748649597168e-01
7.316577434539794922e-01
7.281543612480163574e-01
7.296570539474487305e-01
7.296293377876281738e-01
7.143217921257019043e-01
7.183877825736999512e-01
7.247951030731201172e-01
7.294018268585205078e-01
7.419511675834655762e-01
7.429875731468200684e-01
7.491973638534545898e-01
7.442303895950317383e-01
7.439384460449218750e-01
7.593510150909423828e-01
7.333580255508422852e-01
7.565849423408508301e-01
7.654178142547607422e-01
7.562571167945861816e-01
7.572958469390869141e-01
7.427340745925903320e-01
7.417405247688293457e-01
7.213360667228698730e-01
7.322101593017578125e-01
7.672241926193237305e-01
7.648773193359375000e-01
7.628491520881652832e-01
7.601430416107177734e-01
7.514151930809020996e-01
7.795202732086181641e-01
7.867947220802307129e-01
7.700679302215576172e-01
7.937765121459960938e-01
7.687039375305175781e-01
7.634463310241699219e-01
7.673562765121459961e-01
7.865124940872192383e-01
7.737122774124145508e-01
7.936158776283264160e-01
8.084000349044799805e-01
7.946345210075378418e-01
7.926451563835144043e-01
8.073138594627380371e-01
7.912326455116271973e-01
7.940260171890258789e-01
8.037820458412170410e-01
8.062118291854858398e-01
7.948185205459594727e-01
8.146881461143493652e-01
7.980699539184570312e-01
7.989925146102905273e-01
8.234086632728576660e-01
8.277062773704528809e-01
8.115668296813964844e-01
8.136085867881774902e-01
8.238641619682312012e-01
8.413004279136657715e-01
8.229609131813049316e-01
8.368049860000610352e-01
8.474202156066894531e-01
8.611804246902465820e-01
8.332503437995910645e-01
8.283920884132385254e-01
7.515582442283630371e-01
8.393602371215820312e-01
8.509885668754577637e-01
8.533151149749755859e-01
8.356163501739501953e-01
8.587392568588256836e-01
8.235972523689270020e-01
8.532499074935913086e-01
8.484835028648376465e-01
8.796533942222595215e-01
8.596326112747192383e-01
8.675954341888427734e-01
8.558210730552673340e-01
8.824723958969116211e-01
8.767830133438110352e-01
8.809649348258972168e-01
8.630198240280151367e-01
8.366923928260803223e-01
8.637083768844604492e-01
8.868985176086425781e-01
9.069605469703674316e-01
8.784189224243164062e-01
9.084731936454772949e-01
8.910315036773681641e-01
9.041148424148559570e-01
9.121363162994384766e-01
9.004383087158203125e-01
8.758468031883239746e-01
8.797472119331359863e-01
8.984847068786621094e-01
9.131954312324523926e-01
8.816984891891479492e-01
9.148495197296142578e-01
9.010000824928283691e-01
9.140251278877258301e-01
8.705229163169860840e-01
8.790832757949829102e-01
8.970348238945007324e-01
8.965217471122741699e-01
9.087224006652832031e-01
8.734939694404602051e-01
9.049191474914550781e-01
9.125392436981201172e-01
9.184550642967224121e-01
9.015884399414062500e-01
8.509195446968078613e-01
7.989364862442016602e-01
8.696535825729370117e-01
9.179922938346862793e-01
8.411976695060729980e-01
9.271684288978576660e-01
9.386569261550903320e-01
9.442687630653381348e-01
9.025067090988159180e-01
9.340477585792541504e-01
9.258470535278320312e-01
8.724040985107421875e-01
9.550328850746154785e-01
9.297702908515930176e-01
9.830452203750610352e-01
9.476869106292724609e-01
9.619701504707336426e-01
9.586345553398132324e-01
8.269466757774353027e-01
9.486683607101440430e-01
9.716466665267944336e-01
9.646970629692077637e-01
9.780952930450439453e-01
9.751462340354919434e-01
9.494080543518066406e-01
9.792688488960266113e-01
9.120408892631530762e-01
9.819731116294860840e-01
9.665473103523254395e-01
9.957149028778076172e-01
9.526644349098205566e-01
1.003795266151428223e+00
9.528934359550476074e-01
9.739864468574523926e-01
