6.225892305374145508e-01
6.517849564552307129e-01
6.412144899368286133e-01
6.632860302925109863e-01
6.627352833747863770e-01
6.503523588180541992e-01
6.616687774658203125e-01
6.678663492202758789e-01
6.734914183616638184e-01
6.753770709037780762e-01
6.734725236892700195e-01
6.651871204376220703e-01
6.674644351005554199e-01
6.546568870544433594e-01
6.669101715087890625e-01
6.669390797615051270e-01
6.709856390953063965e-01
6.668570041656494141e-01
6.746504306793212891e-01
6.843210458755493164e-01
6.768352389335632324e-01
6.753953099250793457e-01
6.518429517745971680e-01
7.032761573791503906e-01
7.060412764549255371e-01
7.035980820655822754e-01
7.006487846374511719e-01
6.921780109405517578e-01
6.846235394477844238e-01
6.890816688537597656e-01
6.832624673843383789e-01
6.954005360603332520e-01
7.024661898612976074e-01
6.862919926643371582e-01
7.032247185707092285e-01
6.991950869560241699e-01
6.982364654541015625e-01
7.016269564628601074e-01
7.084416747093200684e-01
6.963827610015869141e-01
6.864858865737915039e-01
7.102316021919250488e-01
6.996609568595886230e-01
7.035176753997802734e-01
6.940810084342956543e-01
7.002494931221008301e-01
7.160965204238891602e-01
7.060943841934204102e-01
7.027205824851989746e-01
6.973832845687866211e-01
7.163862586021423340e-01
7.134425640106201172e-01
7.137974500656127930e-01
7.043298482894897461e-01
7.068485021591186523e-01
7.214622497558593750e-01
7.140519618988037109e-01
7.233138680458068848e-01
7.163333892822265625e-01
7.087903618812561035e-01
7.249293327331542969e-01
7.095093727111816406e-01
7.321941256523132324e-01
7.078168392181396484e-01
7.146890759468078613e-01
7.315714359283447266e-01
7.250279784202575684e-01
7.267366647720336914e-01
7.280087471008300781e-01
7.431793808937072754e-01
7.417496442794799805e-01
7.452826499938964844e-01
7.364191412925720215e-01
7.306023836135864258e-01
7.320115566253662109e-01
7.292160391807556152e-01
7.555610537528991699e-01
7.483016252517700195e-01
7.594509720802307129e-01
7.364600300788879395e-01
7.294957637786865234e-01
7.271132469177246094e-01
7.424052953720092773e-01
7.291249632835388184e-01
7.517793178558349609e-01
7.776696681976318359e-01
7.911127805709838867e-01
7.567381262779235840e-01
7.577974796295166016e-01
7.898994088172912598e-01
7.695568799972534180e-01
7.695653438568115234e-01
7.883350849151611328e-01
7.836548089981079102e-01
7.727376818656921387e-01
7.998300790786743164e-01
7.786006927490234375e-01
8.018913865089416504e-01
7.758163809776306152e-01
7.922667264938354492e-01
7.974200844764709473e-01
7.613805532455444336e-01
7.856526374816894531e-01
7.916933298110961914e-01
8.121388554573059082e-01
7.852936983108520508e-01
8.154432177543640137e-01
8.097070455551147461e-01
8.008587956428527832e-01
8.168046474456787109e-01
8.019931316375732422e-01
8.075147867202758789e-01
8.090505599975585938e-01
8.105193972587585449e-01
7.683853507041931152e-01
8.394675850868225098e-01
8.198811411857604980e-01
8.283068537712097168e-01
8.265609741210937500e-01
8.388592600822448730e-01
8.315334320068359375e-01
8.438569903373718262e-01
8.487038612365722656e-01
8.370183706283569336e-01
8.537717461585998535e-01
8.455037474632263184e-01
8.312956094741821289e-01
8.197394609451293945e-01
8.429055809974670410e-01
8.408779501914978027e-01
8.537077903747558594e-01
8.703782558441162109e-01
8.319140672683715820e-01
8.463821411132812500e-01
8.642375469207763672e-01
8.583983778953552246e-01
8.579241633415222168e-01
8.616655468940734863e-01
8.764726519584655762e-01
8.754290342330932617e-01
8.869576454162597656e-01
8.361623883247375488e-01
8.757045865058898926e-01
8.766074776649475098e-01
8.684973716735839844e-01
8.609685897827148438e-01
8.882935643196105957e-01
8.813392519950866699e-01
9.005833864212036133e-01
8.937634229660034180e-01
8.939054608345031738e-01
8.958802819252014160e-01
8.993900418281555176e-01
9.063978791236877441e-01
9.082710146903991699e-01
9.096966981887817383e-01
8.954315185546875000e-01
8.694877624511718750e-01
8.729049563407897949e-01
8.751634955406188965e-01
9.190070629119873047e-01
9.172016978263854980e-01
9.020861983299255371e-01
9.093290567398071289e-01
9.140493869781494141e-01
9.275503158569335938e-01
9.147501587867736816e-01
9.321159124374389648e-01
9.175961017608642578e-01
9.279459714889526367e-01
9.309263229370117188e-01
9.047955870628356934e-01
8.858678340911865234e-01
9.389314055442810059e-01
9.397497773170471191e-01
8.237057328224182129e-01
9.274231195449829102e-01
8.691939115524291992e-01
9.510263204574584961e-01
9.517463445663452148e-01
9.616729021072387695e-01
9.386556148529052734e-01
9.653862714767456055e-01
9.750992059707641602e-01
9.667157530784606934e-01
9.567342400550842285e-01
8.228294849395751953e-01
9.472931623458862305e-01
9.465931057929992676e-01
9.791607260704040527e-01
7.792298793792724609e-01
9.815359711647033691e-01
8.812968134880065918e-01
9.670361876487731934e-01
9.673411846160888672e-01
8.246493339538574219e-01
9.505634903907775879e-01
8.938986063003540039e-01
9.811584949493408203e-01
9.653741717338562012e-01
9.682262539863586426e-01
-9.899900000000000000e+04
9.976910948753356934e-01
9.722350835800170898e-01
9.292492270469665527e-01
