6.225892305374145508e-01
6.257067918777465820e-01
6.562239527702331543e-01
6.632860302925109863e-01
6.661324501037597656e-01
6.490440964698791504e-01
6.557057499885559082e-01
6.678663492202758789e-01
6.734914183616638184e-01
6.673698425292968750e-01
6.752379536628723145e-01
6.650627255439758301e-01
6.753827929496765137e-01
6.657763719558715820e-01
6.713212132453918457e-01
6.690617203712463379e-01
6.704714298248291016e-01
6.694270968437194824e-01
6.753183007240295410e-01
6.843210458755493164e-01
6.871049404144287109e-01
6.772478818893432617e-01
6.845593452453613281e-01
6.965808868408203125e-01
6.966059207916259766e-01
6.929475665092468262e-01
6.893593072891235352e-01
6.916248798370361328e-01
7.008697390556335449e-01
6.945591568946838379e-01
6.870552301406860352e-01
6.965593695640563965e-01
7.034649848937988281e-01
6.910005211830139160e-01
6.932494640350341797e-01
6.951496005058288574e-01
7.019261717796325684e-01
6.948182582855224609e-01
7.072203159332275391e-01
7.164593338966369629e-01
6.990890502929687500e-01
7.048052549362182617e-01
7.043865323066711426e-01
7.051201462745666504e-01
6.987974643707275391e-01
7.066195011138916016e-01
7.121078372001647949e-01
6.947541236877441406e-01
7.117948532104492188e-01
6.987634897232055664e-01
7.012538313865661621e-01
7.095043063163757324e-01
7.028582692146301270e-01
6.937493085861206055e-01
6.857751011848449707e-01
6.956806182861328125e-01
7.219119668006896973e-01
6.953250765800476074e-01
7.251250743865966797e-01
7.132612466812133789e-01
7.337587475776672363e-01
7.318131923675537109e-01
7.271165251731872559e-01
7.285330295562744141e-01
7.213417291641235352e-01
7.381295561790466309e-01
7.410185933113098145e-01
7.309382557868957520e-01
7.231288552284240723e-01
7.268364429473876953e-01
7.326645851135253906e-01
7.443005442619323730e-01
7.378097176551818848e-01
7.559726834297180176e-01
7.625952363014221191e-01
7.446654438972473145e-01
7.537893056869506836e-01
7.588045001029968262e-01
7.544041275978088379e-01
7.314295172691345215e-01
7.573331594467163086e-01
7.371833920478820801e-01
7.710794210433959961e-01
7.802535295486450195e-01
7.372241020202636719e-01
7.695112228393554688e-01
7.750430703163146973e-01
7.445581555366516113e-01
7.883223295211791992e-01
7.798375487327575684e-01
7.840978503227233887e-01
7.878438234329223633e-01
7.825724482536315918e-01
7.906907200813293457e-01
7.906751036643981934e-01
7.844934463500976562e-01
7.737359404563903809e-01
7.972195744514465332e-01
7.917800545692443848e-01
7.774750590324401855e-01
7.851467728614807129e-01
7.984717488288879395e-01
7.992018461227416992e-01
7.782909274101257324e-01
8.042170405387878418e-01
8.086316585540771484e-01
8.062341809272766113e-01
8.046473264694213867e-01
8.130295872688293457e-01
8.177834153175354004e-01
7.844215631484985352e-01
8.188161849975585938e-01
8.190472126007080078e-01
8.137441277503967285e-01
7.961085438728332520e-01
8.088084459304809570e-01
7.806734442710876465e-01
8.283799886703491211e-01
8.314914107322692871e-01
8.364139199256896973e-01
8.365644812583923340e-01
8.519106507301330566e-01
8.522645831108093262e-01
8.404466509819030762e-01
8.616648912429809570e-01
8.383463025093078613e-01
8.594316244125366211e-01
8.372398018836975098e-01
8.346757292747497559e-01
8.632685542106628418e-01
8.711312413215637207e-01
8.596758842468261719e-01
8.723232746124267578e-01
8.520942926406860352e-01
8.730078935623168945e-01
8.728052973747253418e-01
8.744632601737976074e-01
8.821194171905517578e-01
8.507645726203918457e-01
8.597826361656188965e-01
8.809846043586730957e-01
8.841799497604370117e-01
8.434494733810424805e-01
8.893469572067260742e-01
8.818521499633789062e-01
8.849058747291564941e-01
8.925235271453857422e-01
8.993293642997741699e-01
8.896584510803222656e-01
9.011195898056030273e-01
9.059128761291503906e-01
9.051669836044311523e-01
8.833603262901306152e-01
8.678269982337951660e-01
8.870991468429565430e-01
8.959482908248901367e-01
8.864086866378784180e-01
9.084010720252990723e-01
9.184589982032775879e-01
8.937001228332519531e-01
9.013442397117614746e-01
9.206361770629882812e-01
9.097714424133300781e-01
9.123879671096801758e-01
9.084559679031372070e-01
8.736455440521240234e-01
9.112553000450134277e-01
8.817376494407653809e-01
8.816853165626525879e-01
9.085079431533813477e-01
9.318988919258117676e-01
9.167210459709167480e-01
9.238952398300170898e-01
9.430748820304870605e-01
9.351773262023925781e-01
6.933389306068420410e-01
9.524520635604858398e-01
7.969635725021362305e-01
7.709035277366638184e-01
9.532099366188049316e-01
9.263579249382019043e-01
9.756149649620056152e-01
9.270070791244506836e-01
9.121322035789489746e-01
9.473162889480590820e-01
9.787961244583129883e-01
9.761115312576293945e-01
9.461708664894104004e-01
9.485779404640197754e-01
9.372122883796691895e-01
9.867808222770690918e-01
9.575184583663940430e-01
9.729847311973571777e-01
9.504300951957702637e-01
9.367417693138122559e-01
9.735745191574096680e-01
9.747673869132995605e-01
9.809036850929260254e-01
9.948535561561584473e-01
7.399380803108215332e-01
1.000653386116027832e+00
9.794220924377441406e-01
9.543349146842956543e-01
8.733747005462646484e-01
9.732257723808288574e-01
8.490166664123535156e-01
-9.899900000000000000e+04
9.192442893981933594e-01
9.862335324287414551e-01
