6.461329460144042969e-01
6.257067918777465820e-01
6.407510042190551758e-01
6.632860302925109863e-01
6.455930471420288086e-01
6.472339630126953125e-01
6.624276041984558105e-01
6.693965792655944824e-01
6.746804118156433105e-01
6.806339025497436523e-01
6.734725236892700195e-01
6.650627255439758301e-01
6.684089899063110352e-01
6.785833835601806641e-01
6.705845594406127930e-01
6.774383783340454102e-01
6.741776466369628906e-01
6.863613128662109375e-01
6.750097870826721191e-01
6.819898486137390137e-01
6.768352389335632324e-01
6.802825331687927246e-01
6.855162978172302246e-01
7.045492529869079590e-01
6.833528876304626465e-01
6.983188390731811523e-01
7.053651213645935059e-01
6.912838816642761230e-01
6.843441128730773926e-01
6.963743567466735840e-01
6.864455342292785645e-01
6.994097232818603516e-01
6.915193796157836914e-01
7.027143836021423340e-01
7.023847699165344238e-01
6.950627565383911133e-01
7.007786035537719727e-01
7.031906843185424805e-01
7.095757722854614258e-01
7.092915177345275879e-01
7.115198373794555664e-01
7.027257680892944336e-01
6.794880032539367676e-01
7.026211023330688477e-01
6.951504945755004883e-01
7.164541482925415039e-01
7.082573771476745605e-01
7.084118723869323730e-01
7.094082236289978027e-01
6.943470239639282227e-01
7.181076407432556152e-01
7.208164930343627930e-01
7.027175426483154297e-01
7.056812047958374023e-01
7.093091607093811035e-01
7.223461270332336426e-01
7.212780714035034180e-01
7.237300276756286621e-01
6.998786926269531250e-01
7.174759507179260254e-01
7.211363315582275391e-01
7.261748909950256348e-01
7.191536426544189453e-01
7.041020989418029785e-01
7.288176417350769043e-01
7.400703430175781250e-01
7.207686305046081543e-01
7.387024164199829102e-01
7.303301095962524414e-01
7.288346290588378906e-01
7.487136125564575195e-01
7.478659749031066895e-01
7.355030775070190430e-01
7.380107045173645020e-01
7.403277158737182617e-01
7.130059003829956055e-01
7.592124342918395996e-01
7.577036023139953613e-01
7.303428649902343750e-01
7.509768009185791016e-01
7.422589063644409180e-01
7.674930691719055176e-01
7.491379976272583008e-01
7.681506276130676270e-01
7.330452203750610352e-01
7.406139969825744629e-01
7.756427526473999023e-01
7.779867053031921387e-01
7.887507081031799316e-01
7.811443209648132324e-01
7.785723209381103516e-01
7.722644805908203125e-01
7.778942584991455078e-01
7.763185501098632812e-01
7.930091619491577148e-01
7.881720662117004395e-01
7.846241593360900879e-01
7.950248122215270996e-01
7.789425849914550781e-01
7.839621305465698242e-01
8.067667484283447266e-01
8.032594323158264160e-01
7.906260490417480469e-01
7.958999872207641602e-01
8.005797863006591797e-01
7.833464741706848145e-01
8.086684942245483398e-01
8.003846406936645508e-01
8.093068599700927734e-01
7.923140525817871094e-01
8.210195302963256836e-01
8.196577429771423340e-01
8.132811188697814941e-01
7.851644754409790039e-01
8.189721107482910156e-01
8.170425891876220703e-01
8.184630274772644043e-01
8.304681777954101562e-01
8.431910276412963867e-01
8.527984023094177246e-01
8.233228325843811035e-01
8.461898565292358398e-01
8.287279009819030762e-01
8.629786372184753418e-01
8.642071485519409180e-01
8.358804583549499512e-01
8.517942428588867188e-01
8.737497925758361816e-01
8.586465716361999512e-01
8.541384339332580566e-01
8.786879777908325195e-01
8.602061867713928223e-01
8.711808323860168457e-01
8.597402572631835938e-01
8.778851628303527832e-01
8.655827045440673828e-01
8.628158569335937500e-01
8.640397787094116211e-01
8.916282653808593750e-01
8.586056232452392578e-01
8.834044337272644043e-01
8.775088787078857422e-01
8.890666961669921875e-01
8.936899304389953613e-01
8.870208263397216797e-01
8.845444917678833008e-01
8.881872296333312988e-01
9.071945548057556152e-01
8.618617057800292969e-01
8.338240385055541992e-01
8.982608318328857422e-01
8.892601132392883301e-01
8.966245055198669434e-01
8.969846963882446289e-01
9.136986732482910156e-01
9.011697769165039062e-01
7.697342038154602051e-01
9.237344861030578613e-01
9.060199856758117676e-01
9.150757789611816406e-01
8.700136542320251465e-01
9.212058186531066895e-01
9.107358455657958984e-01
8.896308541297912598e-01
9.265151023864746094e-01
8.728906512260437012e-01
9.334580302238464355e-01
8.895839452743530273e-01
9.211980104446411133e-01
9.332597851753234863e-01
9.271847009658813477e-01
9.170443415641784668e-01
9.187194108963012695e-01
9.063743948936462402e-01
8.286826610565185547e-01
9.211798906326293945e-01
9.271116256713867188e-01
9.307705163955688477e-01
9.386197328567504883e-01
9.532763957977294922e-01
9.452575445175170898e-01
8.160868287086486816e-01
9.019035696983337402e-01
9.334340095520019531e-01
9.486240744590759277e-01
9.281722903251647949e-01
9.653249382972717285e-01
9.372285604476928711e-01
9.702925086021423340e-01
9.876346588134765625e-01
9.864711165428161621e-01
9.559844732284545898e-01
9.856404066085815430e-01
9.014689922332763672e-01
9.342194795608520508e-01
9.598853588104248047e-01
9.713826179504394531e-01
9.748874902725219727e-01
7.975478768348693848e-01
-9.899900000000000000e+04
9.985269904136657715e-01
9.735768437385559082e-01
9.887140393257141113e-01
-9.899900000000000000e+04
-9.899900000000000000e+04
9.743551015853881836e-01
8.666512966156005859e-01
9.776210784912109375e-01
-9.899900000000000000e+04
-9.899900000000000000e+04
-9.899900000000000000e+04
-9.899900000000000000e+04
9.741425514221191406e-01
-9.899900000000000000e+04
-9.899900000000000000e+04
-9.899900000000000000e+04
-9.899900000000000000e+04
-9.899900000000000000e+04
-9.899900000000000000e+04
-9.899900000000000000e+04
9.640713334083557129e-01
-9.899900000000000000e+04
-9.899900000000000000e+04
-9.899900000000000000e+04
-9.899900000000000000e+04
9.704766869544982910e-01
-9.899900000000000000e+04
9.552801251411437988e-01
-9.899900000000000000e+04
-9.899900000000000000e+04
9.283713102340698242e-01
