6.225892305374145508e-01
6.517849564552307129e-01
6.562239527702331543e-01
6.651226878166198730e-01
6.469347476959228516e-01
6.503523588180541992e-01
6.616687774658203125e-01
6.693965792655944824e-01
6.795113086700439453e-01
6.793448328971862793e-01
6.664795279502868652e-01
6.636283397674560547e-01
6.751718521118164062e-01
6.722197532653808594e-01
6.656725406646728516e-01
6.787751913070678711e-01
6.705589294433593750e-01
6.710654497146606445e-01
6.573534607887268066e-01
6.843210458755493164e-01
6.871049404144287109e-01
6.802825331687927246e-01
6.876494288444519043e-01
6.878223419189453125e-01
7.060412764549255371e-01
7.037653923034667969e-01
6.768780350685119629e-01
6.987124085426330566e-01
6.859198212623596191e-01
6.973811984062194824e-01
6.940954327583312988e-01
6.891896724700927734e-01
6.944994926452636719e-01
6.980717182159423828e-01
6.924448609352111816e-01
7.023394107818603516e-01
7.006449103355407715e-01
6.970299482345581055e-01
6.996251344680786133e-01
6.987419724464416504e-01
7.054634690284729004e-01
7.077159285545349121e-01
7.148153781890869141e-01
7.027747631072998047e-01
6.980910897254943848e-01
7.034836411476135254e-01
7.085065841674804688e-01
7.162234187126159668e-01
7.083740830421447754e-01
7.150565981864929199e-01
7.212699055671691895e-01
6.993298530578613281e-01
7.018743157386779785e-01
7.206248641014099121e-01
7.039749026298522949e-01
7.195000648498535156e-01
7.188706994056701660e-01
6.939816474914550781e-01
7.127891182899475098e-01
7.095248699188232422e-01
7.140361666679382324e-01
7.021528482437133789e-01
7.069847583770751953e-01
7.272123694419860840e-01
7.339466214179992676e-01
7.289416790008544922e-01
7.298126220703125000e-01
7.230311036109924316e-01
7.389581799507141113e-01
7.302922606468200684e-01
7.460643053054809570e-01
7.380999326705932617e-01
7.502474188804626465e-01
7.304294109344482422e-01
7.620577216148376465e-01
7.473860979080200195e-01
7.616291642189025879e-01
7.263413667678833008e-01
7.621690034866333008e-01
7.462697029113769531e-01
7.446961402893066406e-01
7.342225909233093262e-01
7.298985719680786133e-01
7.513235807418823242e-01
7.523647546768188477e-01
7.689149379730224609e-01
7.532603144645690918e-01
7.828489542007446289e-01
7.761574983596801758e-01
7.770218253135681152e-01
7.725799083709716797e-01
7.612188458442687988e-01
7.766022682189941406e-01
7.775129079818725586e-01
7.876924872398376465e-01
7.863276600837707520e-01
7.843441367149353027e-01
7.874246239662170410e-01
7.986135482788085938e-01
7.887824177742004395e-01
7.845245599746704102e-01
7.973660826683044434e-01
7.979314327239990234e-01
7.752102017402648926e-01
7.731487751007080078e-01
8.082326650619506836e-01
7.980306744575500488e-01
7.881491184234619141e-01
8.154641985893249512e-01
8.015815019607543945e-01
8.142520189285278320e-01
8.091624379158020020e-01
7.963084578514099121e-01
8.179516196250915527e-01
8.059266209602355957e-01
8.394482731819152832e-01
8.222060203552246094e-01
8.347032666206359863e-01
8.374969363212585449e-01
8.500851392745971680e-01
8.450377583503723145e-01
8.453811407089233398e-01
8.528971076011657715e-01
8.395123481750488281e-01
8.593538403511047363e-01
8.549669384956359863e-01
8.700817227363586426e-01
8.561037182807922363e-01
8.617500066757202148e-01
8.569715619087219238e-01
8.383427262306213379e-01
8.604588508605957031e-01
8.468635082244873047e-01
8.707129359245300293e-01
8.666351437568664551e-01
8.657099604606628418e-01
8.763194084167480469e-01
8.778187632560729980e-01
8.578873872756958008e-01
8.862861394882202148e-01
8.874064087867736816e-01
8.798279166221618652e-01
8.732614517211914062e-01
8.840626478195190430e-01
8.675936460494995117e-01
8.849661946296691895e-01
8.954564929008483887e-01
8.883497118949890137e-01
9.005358815193176270e-01
8.493440747261047363e-01
8.705345392227172852e-01
9.092407226562500000e-01
8.997078537940979004e-01
9.053299427032470703e-01
8.946560025215148926e-01
9.052475690841674805e-01
8.990851640701293945e-01
8.914569020271301270e-01
8.855548501014709473e-01
8.747439384460449219e-01
9.068158864974975586e-01
9.135695099830627441e-01
9.191697835922241211e-01
8.839657902717590332e-01
9.077228903770446777e-01
9.046436548233032227e-01
9.083079695701599121e-01
9.295254945755004883e-01
9.190831780433654785e-01
9.016742110252380371e-01
9.005466699600219727e-01
8.037189841270446777e-01
9.301000833511352539e-01
9.409112334251403809e-01
9.408816099166870117e-01
9.149970412254333496e-01
9.431412220001220703e-01
9.561260342597961426e-01
8.904474973678588867e-01
9.412471652030944824e-01
9.645503759384155273e-01
9.172611236572265625e-01
9.439904093742370605e-01
9.459123015403747559e-01
9.586802721023559570e-01
9.158044457435607910e-01
9.905933737754821777e-01
9.770773649215698242e-01
9.418584108352661133e-01
9.556121230125427246e-01
9.703119397163391113e-01
9.265337586402893066e-01
8.338549137115478516e-01
9.479215741157531738e-01
9.695163965225219727e-01
-9.899900000000000000e+04
9.744508266448974609e-01
9.156668186187744141e-01
9.903558492660522461e-01
8.712095022201538086e-01
8.598903417587280273e-01
9.846925139427185059e-01
9.850627779960632324e-01
9.810899496078491211e-01
9.778984785079956055e-01
-9.899900000000000000e+04
-9.899900000000000000e+04
-9.899900000000000000e+04
9.847069978713989258e-01
-9.899900000000000000e+04
8.428785800933837891e-01
9.664264321327209473e-01
-9.899900000000000000e+04
-9.899900000000000000e+04
-9.899900000000000000e+04
9.826120734214782715e-01
8.356652259826660156e-01
-9.899900000000000000e+04
