6.461329460144042969e-01
6.517849564552307129e-01
6.412144899368286133e-01
6.632860302925109863e-01
6.467798352241516113e-01
6.639208197593688965e-01
6.617761850357055664e-01
6.678663492202758789e-01
6.726477742195129395e-01
6.654602885246276855e-01
6.664795279502868652e-01
6.636283397674560547e-01
6.678974032402038574e-01
6.545416116714477539e-01
6.669101715087890625e-01
6.785594224929809570e-01
6.762954592704772949e-01
6.744850873947143555e-01
6.762902736663818359e-01
6.843210458755493164e-01
6.899451017379760742e-01
6.810644865036010742e-01
6.518429517745971680e-01
7.070810198783874512e-01
6.999624371528625488e-01
6.878126263618469238e-01
7.027961015701293945e-01
6.914336681365966797e-01
6.855747103691101074e-01
7.050117850303649902e-01
6.964626312255859375e-01
6.891896724700927734e-01
7.014117240905761719e-01
6.935343146324157715e-01
7.002978920936584473e-01
6.957734823226928711e-01
6.956791281700134277e-01
6.986113786697387695e-01
7.080863118171691895e-01
7.033981680870056152e-01
6.978430747985839844e-01
6.920599341392517090e-01
7.138000726699829102e-01
7.030977606773376465e-01
7.088053226470947266e-01
7.172281146049499512e-01
7.002257108688354492e-01
7.102368474006652832e-01
6.970166563987731934e-01
7.107689380645751953e-01
6.942859292030334473e-01
7.062884569168090820e-01
7.149529457092285156e-01
7.169153094291687012e-01
7.153646349906921387e-01
7.220683693885803223e-01
6.833925247192382812e-01
7.108554244041442871e-01
6.971204280853271484e-01
7.274003624916076660e-01
6.956985592842102051e-01
7.202255129814147949e-01
7.157166004180908203e-01
7.321180701255798340e-01
7.311607599258422852e-01
7.200375199317932129e-01
7.265911102294921875e-01
7.339915633201599121e-01
7.400708198547363281e-01
7.264388203620910645e-01
7.412428259849548340e-01
7.397733926773071289e-01
7.246661782264709473e-01
7.256217002868652344e-01
7.219531536102294922e-01
7.540712952613830566e-01
7.309417128562927246e-01
7.547384500503540039e-01
7.458032369613647461e-01
7.563040852546691895e-01
7.346920371055603027e-01
7.709065675735473633e-01
7.352846264839172363e-01
7.568805813789367676e-01
7.723626494407653809e-01
7.702299952507019043e-01
7.716054320335388184e-01
7.621472477912902832e-01
7.659282684326171875e-01
7.712726593017578125e-01
7.882295250892639160e-01
7.696383595466613770e-01
7.826109528541564941e-01
7.937961220741271973e-01
7.874590754508972168e-01
7.353402376174926758e-01
7.873792648315429688e-01
7.918668985366821289e-01
7.918999195098876953e-01
7.909481525421142578e-01
7.998623251914978027e-01
7.993106245994567871e-01
8.042107820510864258e-01
7.725774645805358887e-01
8.006757497787475586e-01
8.010706901550292969e-01
7.849228978157043457e-01
7.871592044830322266e-01
8.241402506828308105e-01
8.149554133415222168e-01
7.935379147529602051e-01
8.065493702888488770e-01
8.249506950378417969e-01
8.120360374450683594e-01
8.261819481849670410e-01
8.221545815467834473e-01
8.278450369834899902e-01
8.003913164138793945e-01
8.289319872856140137e-01
8.082835674285888672e-01
8.118342161178588867e-01
8.446907401084899902e-01
8.578678369522094727e-01
8.462349176406860352e-01
8.493741750717163086e-01
8.432755470275878906e-01
8.591200709342956543e-01
8.617758750915527344e-01
8.581863045692443848e-01
8.384341001510620117e-01
8.607404232025146484e-01
8.586959838867187500e-01
8.754549622535705566e-01
8.780466914176940918e-01
8.738442659378051758e-01
8.695631623268127441e-01
8.500946760177612305e-01
8.680911660194396973e-01
8.837401866912841797e-01
8.519961237907409668e-01
8.960903286933898926e-01
8.882724046707153320e-01
8.781654238700866699e-01
9.075435996055603027e-01
8.963360190391540527e-01
8.934059143066406250e-01
8.960192203521728516e-01
9.018453955650329590e-01
8.822338581085205078e-01
8.691182732582092285e-01
8.794057369232177734e-01
9.034315943717956543e-01
8.370216488838195801e-01
8.990427851676940918e-01
8.720681071281433105e-01
8.947867155075073242e-01
8.908800482749938965e-01
9.038694500923156738e-01
9.134851098060607910e-01
9.076698422431945801e-01
9.298433065414428711e-01
9.182074069976806641e-01
9.167102575302124023e-01
9.192152619361877441e-01
9.158789515495300293e-01
9.266220927238464355e-01
9.136933684349060059e-01
7.564107775688171387e-01
9.172667860984802246e-01
9.329875111579895020e-01
8.145211338996887207e-01
9.218995571136474609e-01
9.233007431030273438e-01
9.488604068756103516e-01
9.129184484481811523e-01
9.205831289291381836e-01
9.089622497558593750e-01
9.349821805953979492e-01
9.480276107788085938e-01
9.429290294647216797e-01
9.268453121185302734e-01
9.512311816215515137e-01
9.401908516883850098e-01
9.366591572761535645e-01
9.725561738014221191e-01
9.227060675621032715e-01
9.354961514472961426e-01
9.696309566497802734e-01
9.486405849456787109e-01
9.507985711097717285e-01
9.379559159278869629e-01
9.505371451377868652e-01
8.418713808059692383e-01
9.406517148017883301e-01
9.943459033966064453e-01
9.040069580078125000e-01
9.720747470855712891e-01
9.311826825141906738e-01
9.895318746566772461e-01
9.803681373596191406e-01
9.783998131752014160e-01
9.759525656700134277e-01
8.758627772331237793e-01
9.110195636749267578e-01
