6.461329460144042969e-01
6.257067918777465820e-01
6.407510042190551758e-01
6.632860302925109863e-01
6.627352833747863770e-01
6.525678634643554688e-01
6.616687774658203125e-01
6.693965792655944824e-01
6.592803001403808594e-01
6.611856222152709961e-01
6.664795279502868652e-01
6.636283397674560547e-01
6.677441000938415527e-01
6.546568870544433594e-01
6.731881499290466309e-01
6.695431470870971680e-01
6.755884289741516113e-01
6.668570041656494141e-01
6.686673164367675781e-01
6.926084160804748535e-01
6.901529431343078613e-01
6.835260391235351562e-01
6.810171008110046387e-01
6.947993040084838867e-01
6.986525058746337891e-01
7.004000544548034668e-01
6.891645193099975586e-01
7.043316960334777832e-01
6.961067914962768555e-01
6.901693344116210938e-01
6.823386549949645996e-01
7.020954489707946777e-01
6.943687200546264648e-01
6.994096040725708008e-01
6.918588876724243164e-01
6.957291364669799805e-01
7.019261717796325684e-01
6.811314821243286133e-01
6.983853578567504883e-01
7.049537897109985352e-01
7.067958712577819824e-01
6.931684613227844238e-01
7.140887379646301270e-01
7.026211023330688477e-01
6.997200250625610352e-01
7.056560516357421875e-01
7.040354013442993164e-01
7.041870951652526855e-01
7.162247300148010254e-01
6.921856999397277832e-01
7.061400413513183594e-01
7.214388251304626465e-01
7.223445177078247070e-01
7.166668176651000977e-01
7.189939022064208984e-01
6.887943148612976074e-01
7.209566235542297363e-01
6.895076036453247070e-01
7.118712067604064941e-01
7.172818779945373535e-01
7.027068138122558594e-01
7.283487319946289062e-01
7.145818471908569336e-01
7.213059663772583008e-01
7.242774963378906250e-01
7.180241346359252930e-01
7.399646043777465820e-01
7.208353877067565918e-01
7.288514971733093262e-01
7.170775532722473145e-01
7.271072268486022949e-01
7.334476709365844727e-01
7.348508238792419434e-01
7.406356334686279297e-01
7.612442374229431152e-01
7.044581770896911621e-01
7.663061022758483887e-01
7.501929402351379395e-01
7.400093078613281250e-01
7.556619644165039062e-01
7.396630644798278809e-01
7.629411220550537109e-01
7.463535070419311523e-01
7.405290007591247559e-01
7.470750212669372559e-01
7.799447774887084961e-01
7.481126189231872559e-01
7.687816023826599121e-01
7.618042826652526855e-01
7.753354310989379883e-01
7.706457972526550293e-01
7.791597247123718262e-01
7.910366058349609375e-01
7.760817408561706543e-01
7.832399606704711914e-01
7.810826301574707031e-01
7.839507460594177246e-01
7.990355491638183594e-01
7.861815690994262695e-01
7.962610125541687012e-01
8.003616333007812500e-01
7.982054948806762695e-01
7.742446660995483398e-01
8.080891966819763184e-01
7.887437939643859863e-01
7.840594649314880371e-01
7.965183258056640625e-01
8.026699423789978027e-01
8.150607943534851074e-01
8.149264454841613770e-01
8.117020130157470703e-01
8.115314841270446777e-01
8.238550424575805664e-01
8.112173676490783691e-01
8.253535628318786621e-01
8.202375173568725586e-01
8.437396883964538574e-01
8.200924396514892578e-01
8.145381212234497070e-01
8.349639773368835449e-01
8.413664698600769043e-01
8.503986597061157227e-01
8.436065316200256348e-01
7.802671194076538086e-01
8.545508980751037598e-01
7.916527986526489258e-01
8.618092536926269531e-01
7.895163893699645996e-01
8.666363954544067383e-01
8.430843949317932129e-01
8.557605743408203125e-01
8.688979148864746094e-01
8.573653101921081543e-01
8.640753030776977539e-01
8.423276543617248535e-01
8.725694417953491211e-01
8.656196594238281250e-01
8.759624361991882324e-01
8.651499152183532715e-01
8.445371389389038086e-01
8.864406943321228027e-01
8.867135047912597656e-01
8.803154826164245605e-01
8.952134847640991211e-01
8.889498114585876465e-01
8.799901008605957031e-01
8.726430535316467285e-01
8.915725350379943848e-01
8.871443867683410645e-01
8.464626073837280273e-01
8.853771090507507324e-01
8.949199318885803223e-01
8.636062741279602051e-01
9.015282988548278809e-01
8.989553451538085938e-01
9.120742082595825195e-01
8.826127052307128906e-01
9.162868261337280273e-01
9.302777647972106934e-01
9.050528407096862793e-01
9.256098866462707520e-01
7.346914410591125488e-01
9.205732345581054688e-01
9.178004860877990723e-01
8.579592704772949219e-01
9.175554513931274414e-01
9.188458323478698730e-01
9.199472069740295410e-01
9.206755757331848145e-01
9.175924062728881836e-01
9.018050432205200195e-01
7.904362082481384277e-01
9.273828268051147461e-01
9.439243078231811523e-01
9.186467528343200684e-01
9.184510111808776855e-01
9.401439428329467773e-01
9.090225696563720703e-01
9.323705434799194336e-01
9.002361893653869629e-01
9.177234768867492676e-01
9.342375397682189941e-01
8.132196664810180664e-01
9.359598755836486816e-01
8.857284784317016602e-01
9.297565221786499023e-01
9.325895309448242188e-01
9.580162167549133301e-01
9.777202606201171875e-01
9.687191247940063477e-01
9.725931286811828613e-01
9.737327098846435547e-01
9.749970436096191406e-01
9.413341879844665527e-01
9.747659564018249512e-01
9.861955046653747559e-01
9.357408285140991211e-01
9.963105320930480957e-01
9.446510076522827148e-01
9.857079982757568359e-01
9.703522324562072754e-01
-9.899900000000000000e+04
9.717735648155212402e-01
9.324587583541870117e-01
9.831869602203369141e-01
