6.225892305374145508e-01
6.358127593994140625e-01
6.407510042190551758e-01
6.595162153244018555e-01
6.617763042449951172e-01
6.639208197593688965e-01
6.616687774658203125e-01
6.711410880088806152e-01
6.649832725524902344e-01
6.655529737472534180e-01
6.664795279502868652e-01
6.636283397674560547e-01
6.751718521118164062e-01
6.785833835601806641e-01
6.708399653434753418e-01
6.690617203712463379e-01
6.745044589042663574e-01
6.668570041656494141e-01
6.878952383995056152e-01
6.927700638771057129e-01
6.899451017379760742e-01
6.881617307662963867e-01
6.752519607543945312e-01
6.823988556861877441e-01
6.807197332382202148e-01
6.875677704811096191e-01
6.959459185600280762e-01
6.996625661849975586e-01
6.846235394477844238e-01
6.904824376106262207e-01
6.940954327583312988e-01
7.006876468658447266e-01
6.974868178367614746e-01
6.907361745834350586e-01
6.905968785285949707e-01
6.979723572731018066e-01
6.965429782867431641e-01
6.974913477897644043e-01
6.765462160110473633e-01
7.155658006668090820e-01
7.127283215522766113e-01
6.988564729690551758e-01
7.144544720649719238e-01
7.099145650863647461e-01
6.977422237396240234e-01
6.997563242912292480e-01
7.132841348648071289e-01
7.024824619293212891e-01
7.027700543403625488e-01
7.180890440940856934e-01
7.085279822349548340e-01
7.217814922332763672e-01
6.997585296630859375e-01
6.989397406578063965e-01
7.082960605621337891e-01
7.223458886146545410e-01
6.999189257621765137e-01
7.197633981704711914e-01
6.976705193519592285e-01
7.016611695289611816e-01
7.265664339065551758e-01
7.352966666221618652e-01
7.284827828407287598e-01
7.323524951934814453e-01
7.359765768051147461e-01
7.348089218139648438e-01
7.378036975860595703e-01
7.223516106605529785e-01
7.392126917839050293e-01
7.268946766853332520e-01
7.331070899963378906e-01
7.515627145767211914e-01
7.344596982002258301e-01
7.442782521247863770e-01
7.418058514595031738e-01
7.379514575004577637e-01
7.455022335052490234e-01
7.699906826019287109e-01
7.585862278938293457e-01
7.292560935020446777e-01
7.707219719886779785e-01
7.309958338737487793e-01
7.290306687355041504e-01
7.559516429901123047e-01
7.893659472465515137e-01
7.741521000862121582e-01
7.657298445701599121e-01
7.701828479766845703e-01
7.741536498069763184e-01
7.685849666595458984e-01
7.662242054939270020e-01
7.685629129409790039e-01
7.975943684577941895e-01
7.840600013732910156e-01
7.843666672706604004e-01
7.791446447372436523e-01
7.895277142524719238e-01
7.876117825508117676e-01
7.803161740303039551e-01
7.924539446830749512e-01
7.984656095504760742e-01
7.702227830886840820e-01
7.997455000877380371e-01
7.930042147636413574e-01
8.073894977569580078e-01
8.028824329376220703e-01
8.117414712905883789e-01
7.582399249076843262e-01
7.881600856781005859e-01
8.058462142944335938e-01
8.056745529174804688e-01
7.995738983154296875e-01
7.898125648498535156e-01
8.231099247932434082e-01
7.982758879661560059e-01
8.353139758110046387e-01
8.398398160934448242e-01
8.163793683052062988e-01
8.214030265808105469e-01
8.402622342109680176e-01
8.377869725227355957e-01
8.583541512489318848e-01
8.350543379783630371e-01
8.564059138298034668e-01
8.480512499809265137e-01
8.437271714210510254e-01
8.490450978279113770e-01
8.603461384773254395e-01
8.422066569328308105e-01
8.659688234329223633e-01
8.632275462150573730e-01
8.661291599273681641e-01
8.709695935249328613e-01
8.502548336982727051e-01
8.617992401123046875e-01
8.629317283630371094e-01
8.671730756759643555e-01
8.845418095588684082e-01
8.690533041954040527e-01
8.689115643501281738e-01
8.779429197311401367e-01
8.874092698097229004e-01
8.542301654815673828e-01
8.740215897560119629e-01
8.977624773979187012e-01
9.005382061004638672e-01
8.872623443603515625e-01
8.925023674964904785e-01
8.887313008308410645e-01
9.130856990814208984e-01
8.913142085075378418e-01
8.669453263282775879e-01
8.673698306083679199e-01
8.857108950614929199e-01
8.957629799842834473e-01
8.740791082382202148e-01
8.812063932418823242e-01
8.737030625343322754e-01
9.125120043754577637e-01
9.037038087844848633e-01
9.189317226409912109e-01
8.991171717643737793e-01
9.229653477668762207e-01
9.249049425125122070e-01
9.120884537696838379e-01
9.116208553314208984e-01
9.286767840385437012e-01
9.378378987312316895e-01
9.307929277420043945e-01
9.052773118019104004e-01
8.506657481193542480e-01
9.177715182304382324e-01
9.283847212791442871e-01
9.166778922080993652e-01
9.231774210929870605e-01
9.366544485092163086e-01
9.315199255943298340e-01
9.282645583152770996e-01
9.448277950286865234e-01
9.239417314529418945e-01
8.892226815223693848e-01
9.538260102272033691e-01
9.458966255187988281e-01
9.503340721130371094e-01
9.556332230567932129e-01
9.647356271743774414e-01
9.330874681472778320e-01
9.526169300079345703e-01
9.682727456092834473e-01
9.717806577682495117e-01
9.869832992553710938e-01
9.906340241432189941e-01
9.336347579956054688e-01
9.627494215965270996e-01
-9.899900000000000000e+04
9.527474641799926758e-01
8.931735157966613770e-01
9.368515014648437500e-01
9.739249348640441895e-01
9.914426803588867188e-01
9.945467114448547363e-01
9.709157347679138184e-01
-9.899900000000000000e+04
9.651759862899780273e-01
8.842493295669555664e-01
8.735648989677429199e-01
9.740918278694152832e-01
8.681679964065551758e-01
1.017235279083251953e+00
9.488406777381896973e-01
9.741000533103942871e-01
-9.899900000000000000e+04
-9.899900000000000000e+04
-9.899900000000000000e+04
-9.899900000000000000e+04
-9.899900000000000000e+04
-9.899900000000000000e+04
-9.899900000000000000e+04
-9.899900000000000000e+04
1.004866123199462891e+00
-9.899900000000000000e+04
-9.899900000000000000e+04
-9.899900000000000000e+04
-9.899900000000000000e+04
-9.899900000000000000e+04
-9.899900000000000000e+04
