6.225892305374145508e-01
6.517849564552307129e-01
6.412144899368286133e-01
6.606395840644836426e-01
6.627352833747863770e-01
6.468650102615356445e-01
6.525709033012390137e-01
6.678663492202758789e-01
6.596282720565795898e-01
6.654602885246276855e-01
6.664795279502868652e-01
6.803489923477172852e-01
6.690735220909118652e-01
6.711479425430297852e-01
6.705845594406127930e-01
6.846336126327514648e-01
6.809154748916625977e-01
6.863613128662109375e-01
6.686673164367675781e-01
6.838296055793762207e-01
6.755511760711669922e-01
6.906421184539794922e-01
6.518429517745971680e-01
6.884498596191406250e-01
6.937367320060729980e-01
7.001323699951171875e-01
6.893137693405151367e-01
7.043316960334777832e-01
6.958838105201721191e-01
6.909702420234680176e-01
7.104821205139160156e-01
7.012935280799865723e-01
6.915193796157836914e-01
7.011776566505432129e-01
6.918588876724243164e-01
6.829656958580017090e-01
6.932809352874755859e-01
6.964544653892517090e-01
7.063192725181579590e-01
7.131103873252868652e-01
7.065399885177612305e-01
7.137159109115600586e-01
7.048807144165039062e-01
7.072386741638183594e-01
6.738053560256958008e-01
7.163318991661071777e-01
7.078362703323364258e-01
7.188551425933837891e-01
7.151274681091308594e-01
7.164754271507263184e-01
7.133966684341430664e-01
7.087244391441345215e-01
7.003501057624816895e-01
6.916847825050354004e-01
7.080827355384826660e-01
7.185512185096740723e-01
7.079169750213623047e-01
6.886270642280578613e-01
7.244737744331359863e-01
7.140790224075317383e-01
7.283238172531127930e-01
7.207549214363098145e-01
7.125025987625122070e-01
7.185658216476440430e-01
7.319414019584655762e-01
7.274174094200134277e-01
7.353491187095642090e-01
7.250179648399353027e-01
7.301707863807678223e-01
7.371275424957275391e-01
7.256240844726562500e-01
7.363144755363464355e-01
7.462322115898132324e-01
7.405432462692260742e-01
7.422715425491333008e-01
7.311879396438598633e-01
7.675933837890625000e-01
7.428268194198608398e-01
7.432726025581359863e-01
7.457688450813293457e-01
7.398699522018432617e-01
7.340638637542724609e-01
7.697695493698120117e-01
7.692692875862121582e-01
7.664846181869506836e-01
7.391659021377563477e-01
7.771282792091369629e-01
7.759119272232055664e-01
7.679792046546936035e-01
7.760602235794067383e-01
7.735890746116638184e-01
7.599959373474121094e-01
7.934855222702026367e-01
7.867995500564575195e-01
7.879601716995239258e-01
7.873578071594238281e-01
8.049422502517700195e-01
7.791176438331604004e-01
7.649540305137634277e-01
7.546197175979614258e-01
7.729845643043518066e-01
7.746735811233520508e-01
7.927845716476440430e-01
7.936947345733642578e-01
8.015546798706054688e-01
8.156249523162841797e-01
8.007309436798095703e-01
8.184356689453125000e-01
8.118925094604492188e-01
7.727499604225158691e-01
7.587959766387939453e-01
8.153088688850402832e-01
8.195347189903259277e-01
8.199816346168518066e-01
8.224410414695739746e-01
8.141936063766479492e-01
8.229447007179260254e-01
8.410211801528930664e-01
8.161012530326843262e-01
8.280677795410156250e-01
8.157376646995544434e-01
8.429201245307922363e-01
8.287109732627868652e-01
8.442264199256896973e-01
8.658276796340942383e-01
8.564445972442626953e-01
8.528721332550048828e-01
8.476317524909973145e-01
8.595188260078430176e-01
8.734712600708007812e-01
8.312430381774902344e-01
8.753165602684020996e-01
8.651279807090759277e-01
8.555200695991516113e-01
8.799681663513183594e-01
8.751702904701232910e-01
8.755716681480407715e-01
8.693247437477111816e-01
8.107104897499084473e-01
8.639612197875976562e-01
8.715528249740600586e-01
8.541141748428344727e-01
8.971701264381408691e-01
8.623747229576110840e-01
8.583816289901733398e-01
8.889556527137756348e-01
9.001408219337463379e-01
8.830984234809875488e-01
8.700703978538513184e-01
8.923518061637878418e-01
8.864904046058654785e-01
8.881743550300598145e-01
8.953585624694824219e-01
8.852971196174621582e-01
9.070563912391662598e-01
8.947138190269470215e-01
9.128287434577941895e-01
8.889177441596984863e-01
9.076525568962097168e-01
9.013767838478088379e-01
9.330477714538574219e-01
9.108497500419616699e-01
9.060627222061157227e-01
9.023633003234863281e-01
8.801214694976806641e-01
9.063814282417297363e-01
9.143261313438415527e-01
8.991187810897827148e-01
9.203484058380126953e-01
9.024834632873535156e-01
9.228392839431762695e-01
9.160166978836059570e-01
9.258059859275817871e-01
9.367682933807373047e-01
9.389034509658813477e-01
9.220244288444519043e-01
9.445450305938720703e-01
9.385789036750793457e-01
9.160373806953430176e-01
9.569793939590454102e-01
7.899478077888488770e-01
9.639293551445007324e-01
9.594445228576660156e-01
9.343966841697692871e-01
9.352856278419494629e-01
9.625001549720764160e-01
9.296101331710815430e-01
9.542081952095031738e-01
9.180435538291931152e-01
9.464867115020751953e-01
9.698603153228759766e-01
9.555809497833251953e-01
9.944517612457275391e-01
9.586004018783569336e-01
9.740113019943237305e-01
9.550286531448364258e-01
9.627104997634887695e-01
9.597217440605163574e-01
9.758980870246887207e-01
-9.899900000000000000e+04
1.008182168006896973e+00
9.558544158935546875e-01
9.801113009452819824e-01
8.776451945304870605e-01
-9.899900000000000000e+04
8.731876611709594727e-01
8.869679570198059082e-01
9.799270629882812500e-01
