6.225892305374145508e-01
6.517849564552307129e-01
6.412144899368286133e-01
6.476886868476867676e-01
6.510597467422485352e-01
6.487110853195190430e-01
6.616687774658203125e-01
6.605220437049865723e-01
6.649832725524902344e-01
6.654602885246276855e-01
6.664795279502868652e-01
6.636283397674560547e-01
6.751718521118164062e-01
6.662051081657409668e-01
6.822105050086975098e-01
6.815913319587707520e-01
6.810971498489379883e-01
6.874428987503051758e-01
6.746504306793212891e-01
6.843210458755493164e-01
6.744791269302368164e-01
6.835260391235351562e-01
6.786067485809326172e-01
7.010521888732910156e-01
6.833528876304626465e-01
7.013078927993774414e-01
7.027851939201354980e-01
6.931471824645996094e-01
7.000448703765869141e-01
6.945591568946838379e-01
6.934693455696105957e-01
6.987908482551574707e-01
7.017874121665954590e-01
7.033570408821105957e-01
6.908600926399230957e-01
6.916142106056213379e-01
6.958599090576171875e-01
7.035740017890930176e-01
7.092423439025878906e-01
7.135104537010192871e-01
7.067958712577819824e-01
7.009387612342834473e-01
7.098107337951660156e-01
7.091175913810729980e-01
6.812343597412109375e-01
7.038025856018066406e-01
7.040533423423767090e-01
7.079454660415649414e-01
7.116258144378662109e-01
7.112840414047241211e-01
6.972917318344116211e-01
7.117931842803955078e-01
7.016051411628723145e-01
7.172529101371765137e-01
7.012318968772888184e-01
6.999742984771728516e-01
7.226418256759643555e-01
7.095318436622619629e-01
7.269154191017150879e-01
7.169966697692871094e-01
7.155182957649230957e-01
7.287914752960205078e-01
7.199029922485351562e-01
7.282280921936035156e-01
7.195303440093994141e-01
7.235648036003112793e-01
7.282481789588928223e-01
7.074717283248901367e-01
7.383342385292053223e-01
7.330636382102966309e-01
7.275142669677734375e-01
7.337853908538818359e-01
7.292416691780090332e-01
7.270536422729492188e-01
7.458226680755615234e-01
7.190788388252258301e-01
7.437375783920288086e-01
7.273871898651123047e-01
7.547083497047424316e-01
6.850448846817016602e-01
7.406202554702758789e-01
7.491431236267089844e-01
7.308542728424072266e-01
7.602667212486267090e-01
7.459850907325744629e-01
7.357788681983947754e-01
7.582740187644958496e-01
7.883939743041992188e-01
7.876076102256774902e-01
7.784015536308288574e-01
7.836140990257263184e-01
7.776339054107666016e-01
7.950277924537658691e-01
7.840242981910705566e-01
7.808630466461181641e-01
7.849192023277282715e-01
7.760347723960876465e-01
7.826515436172485352e-01
7.660471200942993164e-01
7.924883365631103516e-01
7.754596471786499023e-01
7.932484149932861328e-01
8.047682046890258789e-01
7.747381329536437988e-01
8.108319044113159180e-01
7.971333265304565430e-01
7.917469739913940430e-01
7.978163361549377441e-01
8.094576597213745117e-01
8.146159052848815918e-01
7.819584012031555176e-01
8.050327301025390625e-01
7.969589829444885254e-01
7.922620177268981934e-01
8.072780370712280273e-01
8.208492994308471680e-01
8.444584608078002930e-01
8.366034626960754395e-01
8.348754048347473145e-01
7.890666723251342773e-01
7.856807708740234375e-01
8.367385864257812500e-01
8.266565203666687012e-01
8.503531813621520996e-01
8.714643716812133789e-01
8.007124662399291992e-01
8.262218236923217773e-01
8.321174979209899902e-01
8.494563102722167969e-01
8.695191144943237305e-01
8.676112890243530273e-01
8.668126463890075684e-01
8.655187487602233887e-01
8.734597563743591309e-01
8.704397678375244141e-01
8.972844481468200684e-01
8.763032555580139160e-01
8.786898851394653320e-01
7.850117683410644531e-01
8.602334260940551758e-01
8.756054639816284180e-01
8.692917227745056152e-01
8.708801269531250000e-01
8.779321908950805664e-01
8.897818922996520996e-01
8.964568972587585449e-01
8.675137162208557129e-01
8.879196047782897949e-01
8.784967660903930664e-01
9.083330631256103516e-01
8.602597713470458984e-01
8.900019526481628418e-01
9.024534821510314941e-01
9.175783991813659668e-01
8.908984661102294922e-01
8.934957385063171387e-01
8.941202759742736816e-01
8.874913454055786133e-01
8.453662395477294922e-01
9.119736552238464355e-01
9.225847721099853516e-01
9.069373011589050293e-01
8.757194280624389648e-01
9.137358069419860840e-01
9.092394709587097168e-01
9.110133051872253418e-01
7.509245872497558594e-01
9.347050189971923828e-01
9.081557393074035645e-01
9.307718276977539062e-01
9.057652950286865234e-01
9.095336794853210449e-01
9.245404601097106934e-01
9.373633265495300293e-01
9.539825916290283203e-01
9.171906709671020508e-01
8.791221380233764648e-01
9.281218647956848145e-01
9.381370544433593750e-01
9.401941299438476562e-01
9.119217991828918457e-01
9.537799358367919922e-01
9.292436242103576660e-01
8.744269013404846191e-01
9.428879618644714355e-01
9.573174715042114258e-01
9.605366587638854980e-01
9.103471636772155762e-01
9.737753272056579590e-01
9.805629253387451172e-01
9.704620838165283203e-01
9.783420562744140625e-01
9.802594184875488281e-01
9.533457756042480469e-01
9.744141697883605957e-01
9.791669249534606934e-01
8.384668231010437012e-01
9.303315281867980957e-01
9.700428843498229980e-01
-9.899900000000000000e+04
8.149349689483642578e-01
1.003803730010986328e+00
7.373924255371093750e-01
9.458563327789306641e-01
9.528338909149169922e-01
9.639499187469482422e-01
-9.899900000000000000e+04
9.767367839813232422e-01
8.608348369598388672e-01
-9.899900000000000000e+04
9.643540978431701660e-01
9.979272484779357910e-01
-9.899900000000000000e+04
-9.899900000000000000e+04
-9.899900000000000000e+04
9.753583073616027832e-01
9.679223895072937012e-01
-9.899900000000000000e+04
-9.899900000000000000e+04
9.339399933815002441e-01
-9.899900000000000000e+04
-9.899900000000000000e+04
-9.899900000000000000e+04
9.119010567665100098e-01
-9.899900000000000000e+04
-9.899900000000000000e+04
-9.899900000000000000e+04
-9.899900000000000000e+04
-9.899900000000000000e+04
9.317417740821838379e-01
8.985592722892761230e-01
-9.899900000000000000e+04
-9.899900000000000000e+04
-9.899900000000000000e+04
-9.899900000000000000e+04
-9.899900000000000000e+04
-9.899900000000000000e+04
-9.899900000000000000e+04
-5.635769367218017578e-01
8.102864027023315430e-01
-9.899900000000000000e+04
-9.899900000000000000e+04
-9.899900000000000000e+04
-9.899900000000000000e+04
-9.899900000000000000e+04
-9.899900000000000000e+04
-9.899900000000000000e+04
-9.899900000000000000e+04
-9.899900000000000000e+04
-9.899900000000000000e+04
7.519432902336120605e-01
-9.899900000000000000e+04
8.751574754714965820e-01
-9.899900000000000000e+04
-9.899900000000000000e+04
-9.899900000000000000e+04
-9.899900000000000000e+04
-9.899900000000000000e+04
-9.899900000000000000e+04
-9.899900000000000000e+04
-9.899900000000000000e+04
-9.899900000000000000e+04
-9.899900000000000000e+04
-9.899900000000000000e+04
-9.899900000000000000e+04
-9.899900000000000000e+04
-9.899900000000000000e+04
-9.899900000000000000e+04
-9.899900000000000000e+04
-9.899900000000000000e+04
-9.899900000000000000e+04
-9.899900000000000000e+04
-9.899900000000000000e+04
-9.899900000000000000e+04
-9.899900000000000000e+04
-9.899900000000000000e+04
-9.899900000000000000e+04
-9.899900000000000000e+04
-9.899900000000000000e+04
