6.461329460144042969e-01
6.257067918777465820e-01
6.406359076499938965e-01
6.632860302925109863e-01
6.469347476959228516e-01
6.487110853195190430e-01
6.616687774658203125e-01
6.693965792655944824e-01
6.784340739250183105e-01
6.654602885246276855e-01
6.664795279502868652e-01
6.596245169639587402e-01
6.633976101875305176e-01
6.840402483940124512e-01
6.808091402053833008e-01
6.805133223533630371e-01
6.825699806213378906e-01
6.737642884254455566e-01
6.745790243148803711e-01
6.725370883941650391e-01
6.755523085594177246e-01
6.804156899452209473e-01
6.819240450859069824e-01
6.880162358283996582e-01
6.923391222953796387e-01
7.001323699951171875e-01
6.895312070846557617e-01
6.917837262153625488e-01
7.003341317176818848e-01
6.984028220176696777e-01
6.935380101203918457e-01
6.890408992767333984e-01
6.844068169593811035e-01
6.944863796234130859e-01
6.923813819885253906e-01
6.926264762878417969e-01
7.019261717796325684e-01
6.986222863197326660e-01
7.011813521385192871e-01
7.080664634704589844e-01
6.992847919464111328e-01
7.117894291877746582e-01
7.095223069190979004e-01
7.125239372253417969e-01
7.038128376007080078e-01
6.986900568008422852e-01
7.105466723442077637e-01
7.089045047760009766e-01
7.171663641929626465e-01
7.096224427223205566e-01
7.173946499824523926e-01
7.031642198562622070e-01
7.170365452766418457e-01
6.841371655464172363e-01
6.852487921714782715e-01
7.002902626991271973e-01
7.201893329620361328e-01
7.039255499839782715e-01
7.089905142784118652e-01
7.276586890220642090e-01
7.276976108551025391e-01
7.195408940315246582e-01
7.343321442604064941e-01
7.219915390014648438e-01
7.045683264732360840e-01
7.243555188179016113e-01
7.006431818008422852e-01
7.228758335113525391e-01
7.208874225616455078e-01
7.227019071578979492e-01
7.260103821754455566e-01
7.463982701301574707e-01
7.082622647285461426e-01
7.271501421928405762e-01
7.641983628273010254e-01
7.471846342086791992e-01
7.679232358932495117e-01
7.249470353126525879e-01
7.330137491226196289e-01
7.586752176284790039e-01
7.321051359176635742e-01
7.301644086837768555e-01
7.405884861946105957e-01
7.499961853027343750e-01
7.449273467063903809e-01
7.576206326484680176e-01
7.858547568321228027e-01
7.845556735992431641e-01
7.419692277908325195e-01
7.784045338630676270e-01
7.964246273040771484e-01
7.742034792900085449e-01
7.874642610549926758e-01
7.915248870849609375e-01
7.877684235572814941e-01
7.820206284523010254e-01
7.722787261009216309e-01
7.912114262580871582e-01
7.477896213531494141e-01
7.959036827087402344e-01
7.870331406593322754e-01
7.993479967117309570e-01
7.784989476203918457e-01
7.958205342292785645e-01
7.919208407402038574e-01
8.103567957878112793e-01
7.890997529029846191e-01
8.175764679908752441e-01
8.053414821624755859e-01
7.997940182685852051e-01
8.237122893333435059e-01
8.215557932853698730e-01
8.236551880836486816e-01
8.138830065727233887e-01
8.132563233375549316e-01
8.105591535568237305e-01
8.274889588356018066e-01
8.148040175437927246e-01
8.405812978744506836e-01
8.473469018936157227e-01
8.457941412925720215e-01
8.472056984901428223e-01
8.302559852600097656e-01
8.546026349067687988e-01
8.526785969734191895e-01
8.462647199630737305e-01
7.801849246025085449e-01
8.347545862197875977e-01
8.695246577262878418e-01
8.689306378364562988e-01
8.597392439842224121e-01
8.630691766738891602e-01
8.615655303001403809e-01
8.731970787048339844e-01
8.703207373619079590e-01
8.670604825019836426e-01
8.665804862976074219e-01
8.756458759307861328e-01
7.967764139175415039e-01
8.910782337188720703e-01
8.784492611885070801e-01
8.651031851768493652e-01
8.423520326614379883e-01
8.791430592536926270e-01
8.844379782676696777e-01
8.847428560256958008e-01
8.946638703346252441e-01
9.000657200813293457e-01
8.955507874488830566e-01
8.978428244590759277e-01
8.808345794677734375e-01
8.210955858230590820e-01
8.625124692916870117e-01
8.554383516311645508e-01
8.856864571571350098e-01
9.196984767913818359e-01
8.877789378166198730e-01
9.139748215675354004e-01
8.750764727592468262e-01
8.852222561836242676e-01
8.833137154579162598e-01
9.169702529907226562e-01
8.975000381469726562e-01
8.361012935638427734e-01
9.337805509567260742e-01
9.281550049781799316e-01
9.040117859840393066e-01
9.095858931541442871e-01
9.175567030906677246e-01
9.181509613990783691e-01
9.207795858383178711e-01
8.006556034088134766e-01
8.453823924064636230e-01
8.440849781036376953e-01
9.341884255409240723e-01
9.411417841911315918e-01
9.242135286331176758e-01
9.480150938034057617e-01
9.447872638702392578e-01
9.017814993858337402e-01
8.980353474617004395e-01
9.182616472244262695e-01
9.502453804016113281e-01
9.244934320449829102e-01
9.555317163467407227e-01
9.531766772270202637e-01
9.181906580924987793e-01
9.675439596176147461e-01
9.575530886650085449e-01
9.826444983482360840e-01
9.646302461624145508e-01
9.447894692420959473e-01
9.645974636077880859e-01
9.531294703483581543e-01
9.735227227210998535e-01
9.423986673355102539e-01
9.252920150756835938e-01
9.625831246376037598e-01
9.304866194725036621e-01
9.870176911354064941e-01
-9.899900000000000000e+04
-9.899900000000000000e+04
9.194533824920654297e-01
9.724900722503662109e-01
9.712619781494140625e-01
-9.899900000000000000e+04
9.977778196334838867e-01
9.825078248977661133e-01
