6.225892305374145508e-01
6.517849564552307129e-01
6.562239527702331543e-01
6.606395840644836426e-01
6.467798352241516113e-01
6.518133878707885742e-01
6.616687774658203125e-01
6.678663492202758789e-01
6.592803001403808594e-01
6.753047108650207520e-01
6.663048863410949707e-01
6.636283397674560547e-01
6.633976101875305176e-01
6.722197532653808594e-01
6.669101715087890625e-01
6.714707612991333008e-01
6.755884289741516113e-01
6.668570041656494141e-01
6.686673164367675781e-01
6.850484609603881836e-01
6.801033020019531250e-01
6.847827434539794922e-01
6.749833226203918457e-01
6.964374780654907227e-01
6.822829842567443848e-01
6.838369965553283691e-01
7.057690620422363281e-01
6.972305774688720703e-01
6.915048360824584961e-01
6.945591568946838379e-01
6.864455342292785645e-01
7.010990977287292480e-01
6.960031986236572266e-01
6.966037750244140625e-01
6.902229189872741699e-01
7.028777599334716797e-01
6.960754394531250000e-01
7.049033045768737793e-01
7.080863118171691895e-01
7.107880115509033203e-01
7.031820416450500488e-01
7.012857198715209961e-01
7.148153781890869141e-01
6.995773911476135254e-01
7.038831710815429688e-01
6.926869153976440430e-01
6.944286823272705078e-01
7.037876248359680176e-01
7.067710161209106445e-01
6.958270668983459473e-01
7.037312984466552734e-01
7.074244022369384766e-01
7.007348537445068359e-01
7.053648829460144043e-01
6.833881735801696777e-01
6.886889934539794922e-01
7.201263904571533203e-01
7.230723500251770020e-01
7.252328395843505859e-01
7.146295905113220215e-01
7.253581881523132324e-01
7.053962349891662598e-01
7.294225692749023438e-01
7.041440010070800781e-01
7.323444485664367676e-01
7.228688001632690430e-01
7.380065321922302246e-01
7.204396724700927734e-01
7.179681062698364258e-01
7.041022777557373047e-01
7.095554471015930176e-01
7.415493130683898926e-01
7.386652231216430664e-01
7.453969717025756836e-01
7.427793145179748535e-01
7.379261255264282227e-01
7.599294185638427734e-01
7.314694523811340332e-01
7.266888022422790527e-01
7.219998836517333984e-01
7.410196065902709961e-01
7.420521378517150879e-01
7.751993536949157715e-01
7.651175856590270996e-01
7.662280201911926270e-01
7.497339844703674316e-01
7.754713296890258789e-01
7.881682515144348145e-01
7.508496046066284180e-01
7.578492760658264160e-01
7.764177322387695312e-01
7.576777935028076172e-01
7.899497747421264648e-01
7.862733602523803711e-01
7.735347151756286621e-01
7.781826853752136230e-01
7.781010866165161133e-01
7.790698409080505371e-01
7.721272110939025879e-01
7.936052083969116211e-01
7.957313656806945801e-01
7.997993230819702148e-01
7.675628662109375000e-01
8.137165904045104980e-01
7.811647057533264160e-01
7.970173954963684082e-01
7.926477789878845215e-01
8.244512081146240234e-01
7.830632925033569336e-01
7.947652935981750488e-01
8.201907873153686523e-01
8.217225670814514160e-01
8.237861990928649902e-01
7.975334525108337402e-01
8.189231753349304199e-01
8.070459365844726562e-01
8.062186241149902344e-01
8.160572648048400879e-01
8.328124880790710449e-01
8.407331705093383789e-01
7.974162101745605469e-01
8.334314823150634766e-01
8.299579024314880371e-01
8.599954247474670410e-01
8.537973761558532715e-01
8.541692495346069336e-01
8.432528376579284668e-01
8.667675852775573730e-01
8.599455356597900391e-01
7.531475424766540527e-01
8.522900342941284180e-01
8.723431825637817383e-01
8.639386296272277832e-01
8.723015189170837402e-01
8.692095875740051270e-01
8.728563189506530762e-01
8.690047264099121094e-01
8.550471067428588867e-01
8.697253465652465820e-01
8.868846297264099121e-01
8.857914209365844727e-01
8.829414844512939453e-01
9.009693264961242676e-01
8.864379525184631348e-01
8.598837256431579590e-01
8.851171135902404785e-01
8.886108398437500000e-01
8.970777988433837891e-01
8.618440032005310059e-01
8.650096654891967773e-01
8.785755634307861328e-01
8.970165848731994629e-01
9.029025435447692871e-01
8.815718889236450195e-01
9.057317376136779785e-01
8.860687017440795898e-01
9.079000949859619141e-01
8.728589415550231934e-01
9.119499921798706055e-01
9.169526100158691406e-01
9.305989742279052734e-01
8.954936861991882324e-01
8.988758921623229980e-01
8.873255252838134766e-01
9.040423631668090820e-01
9.268398284912109375e-01
9.167724847793579102e-01
8.899160623550415039e-01
9.246408343315124512e-01
9.518577456474304199e-01
8.633725643157958984e-01
9.242964982986450195e-01
9.275395870208740234e-01
8.141984939575195312e-01
9.152389764785766602e-01
9.403793811798095703e-01
9.181520342826843262e-01
9.251047372817993164e-01
9.400548338890075684e-01
8.245568275451660156e-01
8.690522909164428711e-01
9.112640023231506348e-01
9.497121572494506836e-01
9.044262170791625977e-01
9.500198364257812500e-01
9.708832502365112305e-01
9.350934028625488281e-01
9.531216025352478027e-01
9.614413380622863770e-01
9.284852743148803711e-01
9.818543791770935059e-01
9.910588860511779785e-01
9.736711382865905762e-01
9.773978590965270996e-01
9.750971198081970215e-01
9.772186875343322754e-01
9.881151914596557617e-01
8.323357105255126953e-01
9.466457366943359375e-01
9.784920215606689453e-01
8.318267464637756348e-01
9.702177047729492188e-01
9.406811594963073730e-01
