6.461329460144042969e-01
6.517849564552307129e-01
6.412144899368286133e-01
6.632860302925109863e-01
6.476992368698120117e-01
6.493827104568481445e-01
6.616687774658203125e-01
6.678663492202758789e-01
6.734914183616638184e-01
6.654602885246276855e-01
6.619139313697814941e-01
6.596245169639587402e-01
6.678974032402038574e-01
6.533682942390441895e-01
6.657516956329345703e-01
6.680523157119750977e-01
6.741776466369628906e-01
6.673178076744079590e-01
6.890469193458557129e-01
6.810756325721740723e-01
6.897858977317810059e-01
6.822617650032043457e-01
6.749833226203918457e-01
6.934551596641540527e-01
6.761153936386108398e-01
6.982384324073791504e-01
6.976380944252014160e-01
6.934535503387451172e-01
6.875582337379455566e-01
6.918540596961975098e-01
6.992936730384826660e-01
6.976238489151000977e-01
6.944019198417663574e-01
6.908084154129028320e-01
7.019448876380920410e-01
6.926264762878417969e-01
7.041640877723693848e-01
7.040290236473083496e-01
6.987740397453308105e-01
7.047371864318847656e-01
6.958971023559570312e-01
7.095066905021667480e-01
6.944857239723205566e-01
7.107511758804321289e-01
6.970506310462951660e-01
7.105945944786071777e-01
6.827250123023986816e-01
7.056823372840881348e-01
7.085481882095336914e-01
6.911712288856506348e-01
7.151758074760437012e-01
7.093455791473388672e-01
7.022090554237365723e-01
7.056911587715148926e-01
7.085940837860107422e-01
7.193553447723388672e-01
7.051104903221130371e-01
7.229664921760559082e-01
7.253112196922302246e-01
6.991760134696960449e-01
7.203499078750610352e-01
7.257295250892639160e-01
7.278771400451660156e-01
7.220610380172729492e-01
7.201766371726989746e-01
7.357487678527832031e-01
7.279028892517089844e-01
7.233592867851257324e-01
7.315346002578735352e-01
7.371655702590942383e-01
7.410431504249572754e-01
7.350286245346069336e-01
7.275102734565734863e-01
7.219751477241516113e-01
7.417762875556945801e-01
7.571481466293334961e-01
7.521678209304809570e-01
7.625803351402282715e-01
7.445458769798278809e-01
7.536988258361816406e-01
7.439935803413391113e-01
7.598773241043090820e-01
7.486428618431091309e-01
7.599927783012390137e-01
7.641361355781555176e-01
7.736332416534423828e-01
7.905055880546569824e-01
7.617946267127990723e-01
7.775252461433410645e-01
7.804855704307556152e-01
7.695782780647277832e-01
7.732205390930175781e-01
7.918207645416259766e-01
7.829987406730651855e-01
7.720336318016052246e-01
7.880369424819946289e-01
7.727066874504089355e-01
7.840087413787841797e-01
7.946226000785827637e-01
8.016557097434997559e-01
7.944138050079345703e-01
7.881069183349609375e-01
7.989850044250488281e-01
8.101094961166381836e-01
7.793642878532409668e-01
7.950033545494079590e-01
8.133396506309509277e-01
7.985936403274536133e-01
7.879757285118103027e-01
7.933590412139892578e-01
7.999005913734436035e-01
8.138265013694763184e-01
7.980682253837585449e-01
8.269749879837036133e-01
8.044705390930175781e-01
7.813642024993896484e-01
8.303102254867553711e-01
8.458915948867797852e-01
8.385860919952392578e-01
8.481609821319580078e-01
8.268874287605285645e-01
8.300252556800842285e-01
8.469442725181579590e-01
8.450971245765686035e-01
8.580032587051391602e-01
8.451845049858093262e-01
8.385270833969116211e-01
8.666492104530334473e-01
8.559713363647460938e-01
8.559548258781433105e-01
8.651002645492553711e-01
8.635442852973937988e-01
8.681750893592834473e-01
8.657481670379638672e-01
8.811198472976684570e-01
8.847129344940185547e-01
8.709766864776611328e-01
8.546357750892639160e-01
8.786662220954895020e-01
8.770326972007751465e-01
8.835554122924804688e-01
8.740861415863037109e-01
8.966598510742187500e-01
8.915619254112243652e-01
8.938822150230407715e-01
8.946397900581359863e-01
8.827570676803588867e-01
9.041794538497924805e-01
9.027506709098815918e-01
8.991947770118713379e-01
8.982462882995605469e-01
8.967479467391967773e-01
8.892102241516113281e-01
8.897521495819091797e-01
8.568072915077209473e-01
8.739111423492431641e-01
9.078438282012939453e-01
8.895062804222106934e-01
9.009109139442443848e-01
8.766499161720275879e-01
8.910303711891174316e-01
9.002398252487182617e-01
8.924354910850524902e-01
8.560741543769836426e-01
9.063786268234252930e-01
8.982580900192260742e-01
9.085128903388977051e-01
8.994721174240112305e-01
9.380599260330200195e-01
9.176950454711914062e-01
8.350734710693359375e-01
8.712618947029113770e-01
8.811024427413940430e-01
7.775477766990661621e-01
9.413343667984008789e-01
9.441549181938171387e-01
9.411889910697937012e-01
9.524984359741210938e-01
9.325266480445861816e-01
8.621144294738769531e-01
9.197875261306762695e-01
9.007855653762817383e-01
9.742596149444580078e-01
8.444034457206726074e-01
9.622282981872558594e-01
9.364155530929565430e-01
9.877676367759704590e-01
9.516730308532714844e-01
9.360398650169372559e-01
9.740289449691772461e-01
9.613568782806396484e-01
8.327380418777465820e-01
-9.899900000000000000e+04
9.763626456260681152e-01
9.741596579551696777e-01
9.657728672027587891e-01
9.782012104988098145e-01
9.610179066658020020e-01
9.113178253173828125e-01
1.002125144004821777e+00
9.719130992889404297e-01
9.707953333854675293e-01
-9.899900000000000000e+04
9.723560214042663574e-01
9.818488359451293945e-01
