6.461329460144042969e-01
6.245424747467041016e-01
6.388311982154846191e-01
6.632860302925109863e-01
6.469347476959228516e-01
6.493827104568481445e-01
6.666500568389892578e-01
6.693965792655944824e-01
6.649832725524902344e-01
6.673698425292968750e-01
6.734725236892700195e-01
6.641093492507934570e-01
6.753827929496765137e-01
6.589918732643127441e-01
6.641516089439392090e-01
6.687693595886230469e-01
6.809154748916625977e-01
6.880912780761718750e-01
6.717842817306518555e-01
6.555432677268981934e-01
6.811931729316711426e-01
6.750268340110778809e-01
6.749833226203918457e-01
6.878223419189453125e-01
6.959241032600402832e-01
6.976066827774047852e-01
6.933497786521911621e-01
6.934535503387451172e-01
6.925098896026611328e-01
7.023329734802246094e-01
6.940201520919799805e-01
6.958774924278259277e-01
6.844068169593811035e-01
7.021601200103759766e-01
6.776037812232971191e-01
7.018082737922668457e-01
7.019261717796325684e-01
6.970301866531372070e-01
7.000898718833923340e-01
7.130557894706726074e-01
6.960175633430480957e-01
6.980413198471069336e-01
7.098899483680725098e-01
6.956033110618591309e-01
7.047148942947387695e-01
7.101860046386718750e-01
6.830759048461914062e-01
7.102351188659667969e-01
7.184695005416870117e-01
7.116767168045043945e-01
7.047271728515625000e-01
7.080757617950439453e-01
7.021458745002746582e-01
6.851094961166381836e-01
7.117782831192016602e-01
7.218694686889648438e-01
7.206850647926330566e-01
6.959336996078491211e-01
7.249320149421691895e-01
7.110049724578857422e-01
7.287509441375732422e-01
7.267457246780395508e-01
6.985865831375122070e-01
7.174378037452697754e-01
7.120322585105895996e-01
7.268963456153869629e-01
7.251719832420349121e-01
7.382860183715820312e-01
7.133368253707885742e-01
7.423564195632934570e-01
7.502570748329162598e-01
7.343989014625549316e-01
7.365578413009643555e-01
7.494789958000183105e-01
7.433199882507324219e-01
7.379080653190612793e-01
7.517961263656616211e-01
7.558583021163940430e-01
7.498518228530883789e-01
7.392026782035827637e-01
7.714594602584838867e-01
7.610035538673400879e-01
7.497255802154541016e-01
7.301207780838012695e-01
7.694007754325866699e-01
7.667134404182434082e-01
7.512701749801635742e-01
7.698680162429809570e-01
7.799522280693054199e-01
7.590740323066711426e-01
7.621388435363769531e-01
7.945368289947509766e-01
7.895290851593017578e-01
7.793247103691101074e-01
7.852067947387695312e-01
7.770255208015441895e-01
7.775610685348510742e-01
7.771596908569335938e-01
7.664264440536499023e-01
8.064729571342468262e-01
7.738579511642456055e-01
8.016121983528137207e-01
8.091113567352294922e-01
8.037800192832946777e-01
8.059286475181579590e-01
8.153179883956909180e-01
7.601990103721618652e-01
7.726832032203674316e-01
8.034737110137939453e-01
8.206870555877685547e-01
8.158661127090454102e-01
8.007336258888244629e-01
8.080772757530212402e-01
8.051030635833740234e-01
8.019382953643798828e-01
7.976534962654113770e-01
8.254372477531433105e-01
8.345305919647216797e-01
8.280618786811828613e-01
8.345652222633361816e-01
8.310751914978027344e-01
8.491730690002441406e-01
8.261569738388061523e-01
8.555737733840942383e-01
8.395975232124328613e-01
8.514315485954284668e-01
8.573665618896484375e-01
8.696571588516235352e-01
8.525882959365844727e-01
8.630142807960510254e-01
8.534758090972900391e-01
8.711725473403930664e-01
8.492504358291625977e-01
8.776414990425109863e-01
8.228602409362792969e-01
8.771695494651794434e-01
8.860929012298583984e-01
8.766645789146423340e-01
8.559461236000061035e-01
8.466100096702575684e-01
8.791055679321289062e-01
8.869575858116149902e-01
8.932093977928161621e-01
8.903087973594665527e-01
8.782027363777160645e-01
8.961582779884338379e-01
8.903968930244445801e-01
9.057442545890808105e-01
8.295903801918029785e-01
8.828845024108886719e-01
8.952363729476928711e-01
9.189742207527160645e-01
9.061073064804077148e-01
9.015762805938720703e-01
8.977714180946350098e-01
9.139512777328491211e-01
9.189527630805969238e-01
8.578577041625976562e-01
8.852154016494750977e-01
8.920403122901916504e-01
8.684552311897277832e-01
9.246640801429748535e-01
9.225415587425231934e-01
8.836221694946289062e-01
9.161453247070312500e-01
9.174115657806396484e-01
9.273717999458312988e-01
8.608317971229553223e-01
8.965824246406555176e-01
7.618002891540527344e-01
9.246508479118347168e-01
9.360135793685913086e-01
9.509907960891723633e-01
9.462869167327880859e-01
9.022669196128845215e-01
9.270831346511840820e-01
9.281630516052246094e-01
9.310734272003173828e-01
9.485400319099426270e-01
9.607949256896972656e-01
9.613121747970581055e-01
9.236688017845153809e-01
9.358712434768676758e-01
9.698375463485717773e-01
9.453482627868652344e-01
9.310432076454162598e-01
8.599709272384643555e-01
9.179182052612304688e-01
9.382464885711669922e-01
8.318678736686706543e-01
9.777287840843200684e-01
9.913296103477478027e-01
9.773721098899841309e-01
9.006855487823486328e-01
9.723781943321228027e-01
9.862389564514160156e-01
9.487991929054260254e-01
8.807089924812316895e-01
9.925978183746337891e-01
9.856079220771789551e-01
8.549463748931884766e-01
7.421398162841796875e-01
9.802680015563964844e-01
9.768360257148742676e-01
-9.899900000000000000e+04
-9.899900000000000000e+04
-9.899900000000000000e+04
9.772746562957763672e-01
1.007714271545410156e+00
7.398165464401245117e-01
8.690904378890991211e-01
-9.899900000000000000e+04
9.683424234390258789e-01
-9.899900000000000000e+04
-9.899900000000000000e+04
9.320138692855834961e-01
-9.899900000000000000e+04
-9.899900000000000000e+04
-9.899900000000000000e+04
-9.899900000000000000e+04
-9.899900000000000000e+04
