6.225892305374145508e-01
6.358127593994140625e-01
6.406359076499938965e-01
6.632860302925109863e-01
6.627352833747863770e-01
6.676552295684814453e-01
6.616687774658203125e-01
6.678663492202758789e-01
6.802015900611877441e-01
6.766340136528015137e-01
6.664795279502868652e-01
6.596245169639587402e-01
6.676720976829528809e-01
6.722992658615112305e-01
6.665367484092712402e-01
6.849688887596130371e-01
6.809154748916625977e-01
6.710654497146606445e-01
6.773480176925659180e-01
6.843210458755493164e-01
6.806809306144714355e-01
6.768280863761901855e-01
6.518429517745971680e-01
6.957134604454040527e-01
6.793398857116699219e-01
6.925680041313171387e-01
6.866199970245361328e-01
6.889230608940124512e-01
7.029356956481933594e-01
6.945591568946838379e-01
6.961628794670104980e-01
6.891896724700927734e-01
7.024661898612976074e-01
7.033570408821105957e-01
6.984798908233642578e-01
7.028777599334716797e-01
6.963337659835815430e-01
7.014652490615844727e-01
7.015569210052490234e-01
7.082052826881408691e-01
6.997738480567932129e-01
7.089309096336364746e-01
7.119007110595703125e-01
7.096457481384277344e-01
6.977289319038391113e-01
7.088963389396667480e-01
6.897857785224914551e-01
7.018466591835021973e-01
7.063956856727600098e-01
6.937298178672790527e-01
7.029691338539123535e-01
6.970431208610534668e-01
6.992028355598449707e-01
7.002602815628051758e-01
7.185813188552856445e-01
7.221828103065490723e-01
7.098012566566467285e-01
7.092385292053222656e-01
7.158406972885131836e-01
7.206196784973144531e-01
7.254372835159301758e-01
7.256193757057189941e-01
7.147825360298156738e-01
7.120780944824218750e-01
7.330716252326965332e-01
7.365434169769287109e-01
7.277178168296813965e-01
7.188593149185180664e-01
7.273826599121093750e-01
7.395050525665283203e-01
7.478314638137817383e-01
7.422907948493957520e-01
7.446293234825134277e-01
7.368574142456054688e-01
7.255946397781372070e-01
7.497656941413879395e-01
7.316198348999023438e-01
7.598221898078918457e-01
7.426009774208068848e-01
7.659465670585632324e-01
7.315725684165954590e-01
7.274766564369201660e-01
7.420492768287658691e-01
7.596440911293029785e-01
7.827507257461547852e-01
7.557786703109741211e-01
7.893290519714355469e-01
7.777456641197204590e-01
7.752983570098876953e-01
7.576954960823059082e-01
7.608916163444519043e-01
7.774370908737182617e-01
7.748274803161621094e-01
7.856621146202087402e-01
7.761477828025817871e-01
7.661375999450683594e-01
7.974263429641723633e-01
7.972114086151123047e-01
7.964334487915039062e-01
7.808241844177246094e-01
7.817784547805786133e-01
7.939845919609069824e-01
7.949671149253845215e-01
7.960252165794372559e-01
7.865841984748840332e-01
8.098624348640441895e-01
7.982171773910522461e-01
8.046228289604187012e-01
7.959899306297302246e-01
8.155156373977661133e-01
7.933151125907897949e-01
8.258820772171020508e-01
7.966291308403015137e-01
7.875053286552429199e-01
8.205360770225524902e-01
8.226669430732727051e-01
8.316866159439086914e-01
8.129487633705139160e-01
8.330005407333374023e-01
8.074622750282287598e-01
8.375216722488403320e-01
8.513965606689453125e-01
8.463549613952636719e-01
8.486303091049194336e-01
8.542156219482421875e-01
8.509873747825622559e-01
8.427767753601074219e-01
8.584128618240356445e-01
8.607413768768310547e-01
8.491811156272888184e-01
8.618434071540832520e-01
8.634225130081176758e-01
8.641420602798461914e-01
8.746989369392395020e-01
8.669265508651733398e-01
8.605197668075561523e-01
8.504848480224609375e-01
8.648954629898071289e-01
8.617225289344787598e-01
8.694688677787780762e-01
7.447245717048645020e-01
8.764323592185974121e-01
8.872681260108947754e-01
9.001125097274780273e-01
8.828688859939575195e-01
8.922172784805297852e-01
8.921296000480651855e-01
8.950495719909667969e-01
8.839809894561767578e-01
9.118449091911315918e-01
8.837750554084777832e-01
8.895193934440612793e-01
8.866084814071655273e-01
8.987861275672912598e-01
9.086706638336181641e-01
8.965020179748535156e-01
9.000549316406250000e-01
8.741149902343750000e-01
8.833057284355163574e-01
8.743875622749328613e-01
9.155616164207458496e-01
8.935246467590332031e-01
9.236181974411010742e-01
8.271997570991516113e-01
9.016077518463134766e-01
8.075918555259704590e-01
8.546572923660278320e-01
9.212149381637573242e-01
9.198365807533264160e-01
9.230869412422180176e-01
8.672416806221008301e-01
8.779667019844055176e-01
9.261850714683532715e-01
9.089872241020202637e-01
9.172941446304321289e-01
9.331888556480407715e-01
9.172029495239257812e-01
9.296789169311523438e-01
9.603030085563659668e-01
9.695545434951782227e-01
9.638534784317016602e-01
9.486929178237915039e-01
9.259530901908874512e-01
8.124381303787231445e-01
9.455408453941345215e-01
9.593192338943481445e-01
9.563679695129394531e-01
9.371979832649230957e-01
9.574601054191589355e-01
9.800159931182861328e-01
9.041793942451477051e-01
9.772469401359558105e-01
9.652123451232910156e-01
-9.899900000000000000e+04
-9.899900000000000000e+04
9.851599335670471191e-01
9.134776592254638672e-01
9.993979334831237793e-01
9.742810130119323730e-01
9.798441529273986816e-01
-9.899900000000000000e+04
9.750862717628479004e-01
-9.899900000000000000e+04
-9.899900000000000000e+04
9.796141982078552246e-01
-9.899900000000000000e+04
9.887580275535583496e-01
9.993785023689270020e-01
9.825403094291687012e-01
-9.899900000000000000e+04
