6.309524774551391602e-01
6.245424747467041016e-01
6.412144899368286133e-01
6.632860302925109863e-01
6.671371459960937500e-01
6.639208197593688965e-01
6.574916243553161621e-01
6.678663492202758789e-01
6.734914183616638184e-01
6.654602885246276855e-01
6.641452312469482422e-01
6.587275862693786621e-01
6.696252822875976562e-01
6.533682942390441895e-01
6.802141070365905762e-01
6.814933419227600098e-01
6.755884289741516113e-01
6.863613128662109375e-01
6.757262945175170898e-01
6.843210458755493164e-01
6.768352389335632324e-01
6.765149831771850586e-01
6.756352782249450684e-01
7.070810198783874512e-01
6.917254328727722168e-01
6.947357654571533203e-01
6.893593072891235352e-01
7.040576338768005371e-01
6.914812326431274414e-01
6.923171281814575195e-01
6.854330897331237793e-01
7.020954489707946777e-01
6.865838766098022461e-01
7.021601200103759766e-01
7.005242109298706055e-01
6.926264762878417969e-01
7.006449103355407715e-01
6.969068646430969238e-01
7.071206569671630859e-01
7.186087369918823242e-01
7.163191437721252441e-01
6.962976455688476562e-01
7.037900090217590332e-01
7.032791972160339355e-01
6.795955896377563477e-01
7.088963389396667480e-01
7.068157792091369629e-01
7.195293307304382324e-01
7.093102335929870605e-01
6.980640292167663574e-01
7.028424739837646484e-01
7.010046243667602539e-01
7.154155969619750977e-01
7.216907739639282227e-01
7.246087193489074707e-01
7.002011537551879883e-01
7.081142663955688477e-01
6.943919658660888672e-01
7.262912988662719727e-01
7.260734438896179199e-01
7.298656105995178223e-01
7.071409821510314941e-01
7.320317029953002930e-01
7.321069836616516113e-01
7.241376638412475586e-01
7.257295846939086914e-01
7.391386032104492188e-01
7.363930344581604004e-01
7.403517961502075195e-01
7.255702018737792969e-01
7.437727451324462891e-01
7.202854752540588379e-01
7.335487008094787598e-01
7.259427905082702637e-01
7.359856963157653809e-01
7.315046191215515137e-01
7.480382919311523438e-01
7.340627312660217285e-01
7.535666227340698242e-01
7.344652414321899414e-01
7.425697445869445801e-01
7.510163784027099609e-01
7.371802926063537598e-01
7.778572440147399902e-01
7.637495994567871094e-01
7.660494446754455566e-01
7.507593631744384766e-01
7.742390036582946777e-01
7.541589736938476562e-01
7.481973767280578613e-01
7.858157157897949219e-01
7.813361883163452148e-01
7.833974957466125488e-01
7.896751165390014648e-01
7.790853381156921387e-01
7.707732915878295898e-01
7.976992130279541016e-01
7.853651046752929688e-01
7.787566781044006348e-01
7.918198704719543457e-01
7.581514120101928711e-01
7.757081985473632812e-01
7.898073792457580566e-01
7.791520953178405762e-01
8.049368858337402344e-01
7.851507663726806641e-01
7.845643758773803711e-01
8.220731019973754883e-01
8.165423274040222168e-01
7.790150046348571777e-01
8.189327120780944824e-01
8.010409474372863770e-01
7.950850129127502441e-01
7.903203964233398438e-01
7.998504638671875000e-01
7.763264179229736328e-01
8.067551255226135254e-01
8.181723356246948242e-01
8.225439190864562988e-01
8.475010991096496582e-01
8.293665051460266113e-01
8.222644329071044922e-01
8.405645489692687988e-01
8.541193604469299316e-01
8.555005192756652832e-01
8.438493013381958008e-01
8.612344861030578613e-01
8.553691506385803223e-01
8.600808382034301758e-01
8.550608754158020020e-01
8.578919768333435059e-01
8.510447740554809570e-01
8.586440086364746094e-01
8.775137662887573242e-01
8.726193904876708984e-01
8.770658969879150391e-01
8.636764883995056152e-01
8.546773195266723633e-01
8.773047327995300293e-01
8.762827515602111816e-01
8.865046501159667969e-01
8.857113718986511230e-01
8.754758238792419434e-01
8.774849772453308105e-01
8.756726980209350586e-01
8.790183067321777344e-01
8.956282138824462891e-01
8.580143451690673828e-01
9.037292599678039551e-01
8.949236273765563965e-01
9.148158431053161621e-01
8.853664994239807129e-01
8.878684043884277344e-01
8.856819272041320801e-01
8.919498920440673828e-01
8.867177963256835938e-01
9.069815874099731445e-01
9.041340947151184082e-01
9.015448093414306641e-01
9.193732738494873047e-01
8.741039037704467773e-01
9.178435206413269043e-01
9.288035631179809570e-01
9.125108718872070312e-01
9.233854413032531738e-01
8.932456970214843750e-01
9.323719739913940430e-01
8.983676433563232422e-01
9.083750247955322266e-01
9.209956526756286621e-01
9.259832501411437988e-01
9.157328009605407715e-01
9.120945334434509277e-01
9.252995252609252930e-01
9.269791245460510254e-01
9.304585456848144531e-01
9.317334890365600586e-01
9.353715181350708008e-01
9.476769566535949707e-01
9.567999839782714844e-01
9.345895648002624512e-01
9.131624698638916016e-01
9.434173107147216797e-01
9.454036355018615723e-01
9.502843022346496582e-01
9.284608364105224609e-01
9.555414915084838867e-01
9.228001236915588379e-01
9.639256000518798828e-01
9.629635214805603027e-01
9.560273885726928711e-01
9.130784869194030762e-01
8.282735943794250488e-01
9.853898882865905762e-01
-9.899900000000000000e+04
9.969770908355712891e-01
9.748766422271728516e-01
-9.899900000000000000e+04
9.600275754928588867e-01
9.863370656967163086e-01
-9.899900000000000000e+04
9.757812619209289551e-01
9.661272168159484863e-01
-9.899900000000000000e+04
-9.899900000000000000e+04
