1.480000000000000000e+02
9.600000000000000000e+01
3.800000000000000000e+01
4.000000000000000000e+01
1.060000000000000000e+02
6.800000000000000000e+01
3.700000000000000000e+01
1.060000000000000000e+02
3.800000000000000000e+01
3.800000000000000000e+01
3.800000000000000000e+01
3.700000000000000000e+01
4.000000000000000000e+01
7.100000000000000000e+01
9.600000000000000000e+01
3.700000000000000000e+01
7.100000000000000000e+01
3.700000000000000000e+01
3.700000000000000000e+01
1.070000000000000000e+02
3.800000000000000000e+01
4.500000000000000000e+01
7.300000000000000000e+01
3.700000000000000000e+01
3.900000000000000000e+01
1.060000000000000000e+02
7.200000000000000000e+01
3.800000000000000000e+01
7.600000000000000000e+01
7.000000000000000000e+01
3.700000000000000000e+01
3.700000000000000000e+01
3.700000000000000000e+01
3.800000000000000000e+01
3.700000000000000000e+01
7.200000000000000000e+01
3.700000000000000000e+01
3.900000000000000000e+01
3.700000000000000000e+01
3.900000000000000000e+01
3.700000000000000000e+01
1.280000000000000000e+02
9.500000000000000000e+01
4.100000000000000000e+01
1.050000000000000000e+02
6.900000000000000000e+01
3.700000000000000000e+01
1.050000000000000000e+02
9.800000000000000000e+01
9.800000000000000000e+01
