9.961766004562377930e-01
9.970693588256835938e-01
9.985863566398620605e-01
9.985475540161132812e-01
9.888774156570434570e-01
9.962951540946960449e-01
9.985373020172119141e-01
9.988109469413757324e-01
9.997157454490661621e-01
9.998130202293395996e-01
9.997883439064025879e-01
9.998253583908081055e-01
9.998214244842529297e-01
9.957538843154907227e-01
9.980084300041198730e-01
9.993894696235656738e-01
9.994751214981079102e-01
9.998387098312377930e-01
9.998492598533630371e-01
9.998777508735656738e-01
9.998931884765625000e-01
9.998809099197387695e-01
9.997652173042297363e-01
9.996943473815917969e-01
9.999222755432128906e-01
9.999418258666992188e-01
9.999222755432128906e-01
9.987923502922058105e-01
9.998577237129211426e-01
9.999144077301025391e-01
9.999079704284667969e-01
9.999169111251831055e-01
9.999127388000488281e-01
9.999144673347473145e-01
9.999438524246215820e-01
9.999018311500549316e-01
9.998922348022460938e-01
9.997408390045166016e-01
9.860767722129821777e-01
5.009642839431762695e-01
9.848792552947998047e-01
9.922309517860412598e-01
7.803257703781127930e-01
9.790217075496912003e-01
5.781581401824951172e-01
6.708707213401794434e-01
9.213406443595886230e-01
9.956719875335693359e-01
9.956327676773071289e-01
9.998204708099365234e-01
9.998095631599426270e-01
9.988046884536743164e-01
9.674490690231323242e-01
9.873543977737426758e-01
9.989187121391296387e-01
9.995406866073608398e-01
9.998125433921813965e-01
9.980320930480957031e-01
9.975045323371887207e-01
9.997730851173400879e-01
9.993928074836730957e-01
9.997926950454711914e-01
9.976617693901062012e-01
9.997195005416870117e-01
9.996731281280517578e-01
9.973743557929992676e-01
9.985092878341674805e-01
9.994598031044006348e-01
9.995933175086975098e-01
9.993138313293457031e-01
9.990784525871276855e-01
9.998391270637512207e-01
9.986109733581542969e-01
9.994932413101196289e-01
9.985110759735107422e-01
9.995666742324829102e-01
9.986930489540100098e-01
9.590860605239868164e-01
9.334048032760620117e-01
9.993625283241271973e-01
9.993416666984558105e-01
9.700736999511718750e-01
8.552174717187881470e-01
9.931866526603698730e-01
9.848524332046508789e-01
9.992012977600097656e-01
9.995879530906677246e-01
9.996488690376281738e-01
9.995020627975463867e-01
9.997652173042297363e-01
9.996661543846130371e-01
9.996053576469421387e-01
9.997474551200866699e-01
9.995815157890319824e-01
9.994354844093322754e-01
9.997009038925170898e-01
9.996316432952880859e-01
9.997286796569824219e-01
9.993360638618469238e-01
9.996633529663085938e-01
9.992570281028747559e-01
9.974711537361145020e-01
9.987890720367431641e-01
9.992484450340270996e-01
9.993530511856079102e-01
9.993554949760437012e-01
9.993444085121154785e-01
9.992058277130126953e-01
9.993455410003662109e-01
9.920947551727294922e-01
9.969087243080139160e-01
9.958533644676208496e-01
9.986777305603027344e-01
9.993013739585876465e-01
9.997152686119079590e-01
9.995875954627990723e-01
9.981752634048461914e-01
9.988722801208496094e-01
9.953014254570007324e-01
9.992191195487976074e-01
9.993458986282348633e-01
9.997221231460571289e-01
9.996362924575805664e-01
9.980126023292541504e-01
9.984660148620605469e-01
9.935207366943359375e-01
8.544704914093017578e-01
9.916542768478393555e-01
9.692851305007934570e-01
8.715926408767700195e-01
8.667938709259033203e-01
9.574701786041259766e-01
9.058656096458435059e-01
6.586824655532836914e-01
6.345079541206359863e-01
9.323016405105590820e-01
8.609166145324707031e-01
9.947370290756225586e-01
9.100619554519653320e-01
9.520559906959533691e-01
9.178859591484069824e-01
9.290081858634948730e-01
7.471939027309417725e-01
9.606409668922424316e-01
9.789012074470520020e-01
9.573031067848205566e-01
9.640768766403198242e-01
7.928604483604431152e-01
9.477493762969970703e-01
2.439849972724914551e-01
3.631973266601562500e-01
4.112316370010375977e-01
5.001692175865173340e-01
7.138227224349975586e-01
5.741575658321380615e-01
6.472522616386413574e-01
4.807630777359008789e-01
5.015109777450561523e-01
3.339723944664001465e-01
4.868132472038269043e-01
4.942129552364349365e-01
7.375770211219787598e-01
7.212260961532592773e-01
5.718272626399993896e-01
6.480725407600402832e-01
5.841311216354370117e-01
3.694579601287841797e-01
4.222494363784790039e-01
2.871541976928710938e-01
2.458593845367431641e-01
2.869151830673217773e-01
3.618680238723754883e-01
4.187728762626647949e-01
3.945240378379821777e-01
3.567845821380615234e-01
3.341641426086425781e-01
5.458999872207641602e-01
3.225407302379608154e-01
3.181322813034057617e-01
2.677477598190307617e-01
3.437462747097015381e-01
3.165414929389953613e-01
4.487368762493133545e-01
3.424670100212097168e-01
4.467090666294097900e-01
4.650816917419433594e-01
4.447986483573913574e-01
4.845520257949829102e-01
4.147290587425231934e-01
3.485132455825805664e-01
4.557128548622131348e-01
2.985135912895202637e-01
3.603481650352478027e-01
4.624808430671691895e-01
4.510696232318878174e-01
3.668762743473052979e-01
4.799535572528839111e-01
3.893313705921173096e-01
4.562748670578002930e-01
4.631945192813873291e-01
6.067526936531066895e-01
3.995685279369354248e-01
6.358207762241363525e-01
4.742801785469055176e-01
4.770274460315704346e-01
4.587373137474060059e-01
3.918960690498352051e-01
3.723951578140258789e-01
3.730082511901855469e-01
3.753409981727600098e-01
3.676376938819885254e-01
4.535818696022033691e-01
4.698012471199035645e-01
4.287364482879638672e-01
4.982706308364868164e-01
3.733391165733337402e-01
3.483583927154541016e-01
3.139152824878692627e-01
3.789504170417785645e-01
3.435868620872497559e-01
3.873457014560699463e-01
3.450008630752563477e-01
