9.961766004562377930e-01
9.970693588256835938e-01
9.985863566398620605e-01
6.561009287834167480e-01
9.846214652061462402e-01
9.987663626670837402e-01
4.852566421031951904e-01
7.445484995841979980e-01
9.955805540084838867e-01
9.956941008567810059e-01
9.976858496665954590e-01
9.995087981224060059e-01
9.998688101768493652e-01
9.998847842216491699e-01
9.987072944641113281e-01
9.982871413230895996e-01
9.994984865188598633e-01
9.998257160186767578e-01
9.998814463615417480e-01
9.585264921188354492e-01
9.979286193847656250e-01
9.996428489685058594e-01
9.998295903205871582e-01
9.998399615287780762e-01
9.999109506607055664e-01
9.999142289161682129e-01
9.999448657035827637e-01
9.999305605888366699e-01
9.999287724494934082e-01
9.998864531517028809e-01
9.998669624328613281e-01
9.999229907989501953e-01
9.999395012855529785e-01
9.999026060104370117e-01
9.998983144760131836e-01
9.999214410781860352e-01
9.999217987060546875e-01
9.997813701629638672e-01
8.393104225397109985e-01
9.897111058235168457e-01
9.991248846054077148e-01
9.996002316474914551e-01
9.925641417503356934e-01
9.915255308151245117e-01
9.996561408042907715e-01
9.996566176414489746e-01
9.992426633834838867e-01
9.997661709785461426e-01
9.998294711112976074e-01
9.997935295104980469e-01
9.881554841995239258e-01
9.979623556137084961e-01
9.990801215171813965e-01
9.990087151527404785e-01
9.787499904632568359e-01
9.995876550674438477e-01
9.996739625930786133e-01
9.981986880302429199e-01
9.988319873809814453e-01
9.992695450782775879e-01
9.990427494049072266e-01
9.997803568840026855e-01
9.997985959053039551e-01
9.997890591621398926e-01
9.990875720977783203e-01
9.986629486083984375e-01
9.996758103370666504e-01
9.996092319488525391e-01
9.990681409835815430e-01
9.997418522834777832e-01
9.998508095741271973e-01
9.997187256813049316e-01
9.996128678321838379e-01
9.982888102531433105e-01
9.966207742691040039e-01
9.783018231391906738e-01
9.622282385826110840e-01
8.969964608550071716e-01
9.991788268089294434e-01
9.993459582328796387e-01
9.996845126152038574e-01
9.377669692039489746e-01
8.870204091072082520e-01
9.985129833221435547e-01
9.992041587829589844e-01
9.997524023056030273e-01
9.996479153633117676e-01
9.995779395103454590e-01
9.997178912162780762e-01
9.996646642684936523e-01
9.997310042381286621e-01
9.987686276435852051e-01
9.995237588882446289e-01
9.995833635330200195e-01
9.994297027587890625e-01
9.996520280838012695e-01
9.996054768562316895e-01
9.996153712272644043e-01
9.995679855346679688e-01
9.986530542373657227e-01
9.996196627616882324e-01
9.996148943901062012e-01
9.993357062339782715e-01
9.997548460960388184e-01
9.991799592971801758e-01
8.497312664985656738e-01
9.785202145576477051e-01
9.975087642669677734e-01
9.654220268130302429e-01
8.340426683425903320e-01
9.256319403648376465e-01
9.945553541183471680e-01
9.993420839309692383e-01
9.990230202674865723e-01
9.991674423217773438e-01
9.997853040695190430e-01
9.960616230964660645e-01
9.948366284370422363e-01
9.993920922279357910e-01
9.611743688583374023e-01
7.829617857933044434e-01
9.665105342864990234e-01
9.923133254051208496e-01
9.736405014991760254e-01
9.992052912712097168e-01
9.706445932388305664e-01
9.626163467764854431e-01
9.713518023490905762e-01
7.349666953086853027e-01
7.810525298118591309e-01
8.759071901440620422e-01
9.958846569061279297e-01
5.641839802265167236e-01
9.821501970291137695e-01
9.459069967269897461e-01
9.796640276908874512e-01
9.506226778030395508e-01
9.932511448860168457e-01
9.973268508911132812e-01
9.892610311508178711e-01
9.866574397310614586e-01
9.872254133224487305e-01
9.877470731735229492e-01
9.673084616661071777e-01
9.060024023056030273e-01
9.384619593620300293e-01
9.477683305740356445e-01
9.079589247703552246e-01
9.103830456733703613e-01
8.387418389320373535e-01
9.310743808746337891e-01
9.320992827415466309e-01
9.086144566535949707e-01
9.472733139991760254e-01
9.780339002609252930e-01
9.288957118988037109e-01
9.535135030746459961e-01
8.797090649604797363e-01
8.258970975875854492e-01
8.215160965919494629e-01
8.441662788391113281e-01
9.691268019378185272e-01
9.515214227139949799e-01
9.571427702903747559e-01
8.467965722084045410e-01
8.533839583396911621e-01
7.517627477645874023e-01
6.750953793525695801e-01
6.603175997734069824e-01
9.120933413505554199e-01
6.742833256721496582e-01
7.858107686042785645e-01
6.838071346282958984e-01
7.782217264175415039e-01
5.489690899848937988e-01
6.331711411476135254e-01
7.708357572555541992e-01
6.993194222450256348e-01
7.018681168556213379e-01
6.371576786041259766e-01
6.827511191368103027e-01
6.397770047187805176e-01
7.011219561100006104e-01
7.194631695747375488e-01
6.103803813457489014e-01
5.046726167201995850e-01
5.077340602874755859e-01
4.839810729026794434e-01
6.524607539176940918e-01
6.867406368255615234e-01
5.654664635658264160e-01
5.694737434387207031e-01
6.074503660202026367e-01
6.987024545669555664e-01
7.594007849693298340e-01
6.124978065490722656e-01
5.369679629802703857e-01
5.036410391330718994e-01
4.845882058143615723e-01
5.068651735782623291e-01
6.573705673217773438e-01
5.906131267547607422e-01
7.186897397041320801e-01
6.297935247421264648e-01
6.125491261482238770e-01
4.037497639656066895e-01
4.480943083763122559e-01
3.889862000942230225e-01
3.332675397396087646e-01
4.702752232551574707e-01
3.069009780883789062e-01
3.455030918121337891e-01
3.641213774681091309e-01
4.040428996086120605e-01
3.608677685260772705e-01
5.129981637001037598e-01
4.668749570846557617e-01
5.055746138095855713e-01
4.781137704849243164e-01
4.605211615562438965e-01
4.082460403442382812e-01
2.945600152015686035e-01
