9.961766004562377930e-01
9.970693588256835938e-01
9.985863566398620605e-01
6.561009287834167480e-01
9.846214652061462402e-01
9.987663626670837402e-01
4.852566719055175781e-01
7.445484995841979980e-01
9.955805540084838867e-01
9.956941008567810059e-01
9.976858496665954590e-01
9.995087981224060059e-01
9.998688101768493652e-01
9.998847842216491699e-01
9.987072944641113281e-01
9.982871413230895996e-01
9.994984865188598633e-01
9.998257160186767578e-01
9.998814463615417480e-01
9.585264921188354492e-01
9.979286193847656250e-01
9.996428489685058594e-01
9.998295903205871582e-01
9.998399615287780762e-01
9.999109506607055664e-01
9.999142289161682129e-01
9.999448657035827637e-01
9.999305605888366699e-01
9.998197555541992188e-01
9.998757839202880859e-01
9.999055266380310059e-01
9.999178051948547363e-01
9.999440312385559082e-01
9.998990893363952637e-01
9.998912811279296875e-01
9.999257326126098633e-01
9.999186992645263672e-01
9.997813701629638672e-01
9.997540116310119629e-01
9.891883730888366699e-01
9.972794651985168457e-01
9.997960925102233887e-01
9.756562709808349609e-01
9.615240693092346191e-01
3.471108675003051758e-01
5.892312824726104736e-01
7.514989823102951050e-01
9.973142743110656738e-01
7.710133045911788940e-01
9.967575669288635254e-01
9.995530843734741211e-01
9.993035197257995605e-01
9.996780157089233398e-01
9.996387362480163574e-01
9.996423721313476562e-01
9.998578429222106934e-01
9.993754625320434570e-01
9.991765022277832031e-01
9.996619224548339844e-01
9.996345639228820801e-01
9.997004270553588867e-01
9.996764659881591797e-01
9.997959733009338379e-01
9.991717338562011719e-01
9.987519979476928711e-01
9.995529055595397949e-01
9.993730187416076660e-01
9.992879033088684082e-01
9.988884329795837402e-01
9.990606904029846191e-01
9.995885491371154785e-01
9.977294802665710449e-01
9.959791898727416992e-01
9.995614290237426758e-01
9.982105493545532227e-01
9.982509016990661621e-01
9.990785121917724609e-01
9.998217225074768066e-01
9.991372227668762207e-01
9.996562600135803223e-01
6.560640633106231689e-01
9.989259243011474609e-01
9.989085197448730469e-01
9.978310465812683105e-01
9.996126890182495117e-01
9.997597932815551758e-01
9.997274279594421387e-01
9.998152256011962891e-01
9.996884465217590332e-01
9.997925162315368652e-01
9.995379447937011719e-01
9.998583793640136719e-01
9.997214674949645996e-01
9.997323751449584961e-01
9.996075034141540527e-01
9.996735453605651855e-01
9.995909929275512695e-01
9.996957182884216309e-01
9.996975064277648926e-01
9.995574951171875000e-01
9.984876513481140137e-01
9.996606111526489258e-01
9.997547268867492676e-01
9.994528889656066895e-01
9.994826912879943848e-01
9.989381432533264160e-01
9.996401667594909668e-01
9.996076822280883789e-01
9.994371533393859863e-01
9.960139393806457520e-01
9.925516247749328613e-01
9.902774691581726074e-01
9.994212388992309570e-01
9.989674687385559082e-01
9.998043775558471680e-01
9.984704852104187012e-01
9.944774508476257324e-01
9.963483810424804688e-01
9.947453141212463379e-01
9.991124272346496582e-01
9.997649192810058594e-01
9.987176060676574707e-01
9.987410902976989746e-01
9.193867444992065430e-01
8.380815386772155762e-01
9.625445008277893066e-01
9.836220741271972656e-01
9.952688217163085938e-01
9.988572001457214355e-01
9.975756406784057617e-01
9.995218515396118164e-01
9.982166886329650879e-01
9.899889826774597168e-01
8.515156507492065430e-01
9.277172088623046875e-01
9.551261067390441895e-01
9.944878816604614258e-01
9.669394493103027344e-01
7.945828437805175781e-01
6.122305989265441895e-01
8.022403120994567871e-01
8.524031639099121094e-01
9.739939570426940918e-01
9.402247071266174316e-01
9.184131622314453125e-01
9.184331893920898438e-01
7.536845803260803223e-01
6.430866718292236328e-01
7.444320321083068848e-01
5.928662717342376709e-01
2.701802849769592285e-01
3.894353508949279785e-01
6.336455345153808594e-01
7.666284590959548950e-01
6.330825090408325195e-01
7.493251562118530273e-01
5.816456675529479980e-01
5.962559282779693604e-01
6.422215700149536133e-01
6.320336461067199707e-01
7.023209929466247559e-01
4.554109573364257812e-01
4.701132178306579590e-01
5.016864240169525146e-01
3.645300567150115967e-01
3.154514133930206299e-01
3.789593875408172607e-01
3.536875844001770020e-01
3.754461407661437988e-01
4.111437201499938965e-01
3.262761831283569336e-01
3.585938215255737305e-01
2.383636832237243652e-01
3.173922896385192871e-01
3.046345114707946777e-01
3.289490342140197754e-01
3.192780017852783203e-01
3.099452853202819824e-01
2.822133898735046387e-01
2.089261412620544434e-01
3.312131166458129883e-01
1.810793727636337280e-01
2.957994341850280762e-01
3.099084496498107910e-01
2.919039130210876465e-01
3.522781729698181152e-01
3.328694105148315430e-01
3.389008045196533203e-01
3.491110205650329590e-01
3.545821905136108398e-01
4.130007028579711914e-01
4.060083031654357910e-01
3.858224153518676758e-01
3.086634278297424316e-01
3.461812138557434082e-01
3.773405551910400391e-01
3.259765505790710449e-01
4.268642067909240723e-01
3.167537748813629150e-01
3.298861086368560791e-01
3.679428994655609131e-01
4.043320417404174805e-01
