9.961766004562377930e-01
9.970693588256835938e-01
9.985863566398620605e-01
6.561008989810943604e-01
9.846214652061462402e-01
9.987663626670837402e-01
4.852566719055175781e-01
7.445484995841979980e-01
9.955805540084838867e-01
9.956941008567810059e-01
9.976858496665954590e-01
9.995087981224060059e-01
9.998688101768493652e-01
9.998847842216491699e-01
9.987072944641113281e-01
9.982871413230895996e-01
9.994984865188598633e-01
9.998257160186767578e-01
9.998814463615417480e-01
9.585264921188354492e-01
9.979286193847656250e-01
9.996428489685058594e-01
9.998295903205871582e-01
9.998399615287780762e-01
9.999109506607055664e-01
9.999142289161682129e-01
9.999448657035827637e-01
9.999305605888366699e-01
9.998197555541992188e-01
9.998757839202880859e-01
9.999055266380310059e-01
9.999178051948547363e-01
9.999440312385559082e-01
9.999418854713439941e-01
9.999035596847534180e-01
9.998966455459594727e-01
9.999222755432128906e-01
9.997323155403137207e-01
8.764570951461791992e-01
9.904291629791259766e-01
9.989987015724182129e-01
9.996576309204101562e-01
9.932143092155456543e-01
9.327992796897888184e-01
9.825701117515563965e-01
9.992966055870056152e-01
7.164712548255920410e-01
9.923343062400817871e-01
7.274622321128845215e-01
9.975605607032775879e-01
9.419645667076110840e-01
9.695441126823425293e-01
9.875805974006652832e-01
9.886443614959716797e-01
9.994888901710510254e-01
9.997527003288269043e-01
9.996996521949768066e-01
9.995818734169006348e-01
9.990842342376708984e-01
9.996488690376281738e-01
9.996142387390136719e-01
9.996749758720397949e-01
9.997996091842651367e-01
9.988567233085632324e-01
9.988318085670471191e-01
9.995111227035522461e-01
9.990770220756530762e-01
9.997593164443969727e-01
9.992929697036743164e-01
9.996932148933410645e-01
9.997264742851257324e-01
9.998222589492797852e-01
9.997504353523254395e-01
9.877564311027526855e-01
9.989031553268432617e-01
9.996253848075866699e-01
9.996962547302246094e-01
9.997388124465942383e-01
9.996803998947143555e-01
9.997388124465942383e-01
9.813655614852905273e-01
9.993125796318054199e-01
9.992522001266479492e-01
9.997527003288269043e-01
9.997704625129699707e-01
9.995627403259277344e-01
9.996498823165893555e-01
9.997080564498901367e-01
9.996592402458190918e-01
9.990692734718322754e-01
9.997297525405883789e-01
9.995692968368530273e-01
9.997890591621398926e-01
9.995636343955993652e-01
9.991993904113769531e-01
9.997268915176391602e-01
9.996680021286010742e-01
9.984200596809387207e-01
9.975868463516235352e-01
9.993230104446411133e-01
9.998127222061157227e-01
9.996789097785949707e-01
9.997630715370178223e-01
9.995275735855102539e-01
8.420549035072326660e-01
9.974152445793151855e-01
9.996597170829772949e-01
8.284653425216674805e-01
8.320993185043334961e-01
8.326954841613769531e-01
9.980850219726562500e-01
9.994463920593261719e-01
9.841548204421997070e-01
6.350970268249511719e-01
9.979658722877502441e-01
9.927743673324584961e-01
9.984958171844482422e-01
9.995244741439819336e-01
9.893333315849304199e-01
9.845534563064575195e-01
9.992005228996276855e-01
9.820004701614379883e-01
7.585870027542114258e-01
9.665107727050781250e-01
9.730123281478881836e-01
9.706453680992126465e-01
9.817530512809753418e-01
7.301727235317230225e-01
8.303551077842712402e-01
7.951384186744689941e-01
9.152669310569763184e-01
8.553417325019836426e-01
5.560934543609619141e-01
8.871589899063110352e-01
9.238503575325012207e-01
9.927877187728881836e-01
9.507637023925781250e-01
9.878417253494262695e-01
9.286471605300903320e-01
9.771381020545959473e-01
9.814974069595336914e-01
9.546452760696411133e-01
7.808421254158020020e-01
8.594731092453002930e-01
8.507098555564880371e-01
8.401721119880676270e-01
6.508925557136535645e-01
9.258698225021362305e-01
8.903096914291381836e-01
4.684597253799438477e-01
8.039082884788513184e-01
9.270727634429931641e-01
4.833354353904724121e-01
6.487911343574523926e-01
6.353223919868469238e-01
6.310470402240753174e-01
5.322453379631042480e-01
6.005666255950927734e-01
4.946312010288238525e-01
6.089975535869598389e-01
4.889214038848876953e-01
5.978137850761413574e-01
4.302792251110076904e-01
5.041849613189697266e-01
4.035889804363250732e-01
6.433664560317993164e-01
4.686527848243713379e-01
5.072304904460906982e-01
5.482069849967956543e-01
6.072797775268554688e-01
3.392363786697387695e-01
4.027616381645202637e-01
3.785914182662963867e-01
2.877079248428344727e-01
3.435052037239074707e-01
3.869692087173461914e-01
4.328311681747436523e-01
2.971584796905517578e-01
2.209535241127014160e-01
3.156200647354125977e-01
3.762544989585876465e-01
2.602726221084594727e-01
2.838999629020690918e-01
2.782293558120727539e-01
2.898506820201873779e-01
2.850905656814575195e-01
3.667159080505371094e-01
3.667054176330566406e-01
4.607709050178527832e-01
3.960883319377899170e-01
4.253128170967102051e-01
3.195976912975311279e-01
3.333662152290344238e-01
4.103992581367492676e-01
3.393069207668304443e-01
4.581180810928344727e-01
3.672716617584228516e-01
4.188976287841796875e-01
3.882580399513244629e-01
4.555872082710266113e-01
4.641663134098052979e-01
3.787578344345092773e-01
3.601356148719787598e-01
4.516309797763824463e-01
4.107178151607513428e-01
