9.961766004562377930e-01
9.970693588256835938e-01
9.985863566398620605e-01
6.561008989810943604e-01
9.846214652061462402e-01
9.987663626670837402e-01
4.852566421031951904e-01
7.445484995841979980e-01
9.955805540084838867e-01
9.956941008567810059e-01
9.976858496665954590e-01
9.995087981224060059e-01
9.998688101768493652e-01
9.998847842216491699e-01
9.987072944641113281e-01
9.982871413230895996e-01
9.994984865188598633e-01
9.998257160186767578e-01
9.998814463615417480e-01
9.585265293717384338e-01
9.979286193847656250e-01
9.996428489685058594e-01
9.998295903205871582e-01
9.998399615287780762e-01
9.999109506607055664e-01
9.999142289161682129e-01
9.999448657035827637e-01
9.999305605888366699e-01
9.998197555541992188e-01
9.998757839202880859e-01
9.999055266380310059e-01
9.999178051948547363e-01
9.999440312385559082e-01
9.999418854713439941e-01
9.999035596847534180e-01
9.998966455459594727e-01
9.999222755432128906e-01
9.997323155403137207e-01
8.683731555938720703e-01
9.902617931365966797e-01
9.990102052688598633e-01
9.996582865715026855e-01
9.928505420684814453e-01
5.615967512130737305e-01
9.828512072563171387e-01
9.992821216583251953e-01
7.097563743591308594e-01
9.923343062400817871e-01
7.298776507377624512e-01
9.974495768547058105e-01
9.989109635353088379e-01
9.993789792060852051e-01
9.995722770690917969e-01
9.994072914123535156e-01
9.996424913406372070e-01
9.998568892478942871e-01
9.993855357170104980e-01
9.991880059242248535e-01
9.996643662452697754e-01
9.996414780616760254e-01
9.997032284736633301e-01
9.996743798255920410e-01
9.997941255569458008e-01
9.991982579231262207e-01
9.987820386886596680e-01
9.994508028030395508e-01
9.993630051612854004e-01
9.992802739143371582e-01
9.988903999328613281e-01
9.993590116500854492e-01
9.997395873069763184e-01
9.996061921119689941e-01
9.982365369796752930e-01
9.991118311882019043e-01
9.978417158126831055e-01
9.995354413986206055e-01
9.928631186485290527e-01
9.997934699058532715e-01
9.995831251144409180e-01
9.995040893554687500e-01
9.988448619842529297e-01
9.990499019622802734e-01
9.987989664077758789e-01
9.979267716407775879e-01
9.994120597839355469e-01
9.996584057807922363e-01
9.997432231903076172e-01
9.997642636299133301e-01
9.994410276412963867e-01
9.998072981834411621e-01
9.997342824935913086e-01
9.998201131820678711e-01
9.996331334114074707e-01
9.985613822937011719e-01
9.995558261871337891e-01
9.994924068450927734e-01
9.995887875556945801e-01
9.989746212959289551e-01
9.969086050987243652e-01
9.996546506881713867e-01
9.997764229774475098e-01
9.995035529136657715e-01
9.994741082191467285e-01
9.994024634361267090e-01
9.997549057006835938e-01
9.910575747489929199e-01
9.925105571746826172e-01
9.997200369834899902e-01
9.988387823104858398e-01
9.984572529792785645e-01
9.992626905441284180e-01
9.991236329078674316e-01
9.983230829238891602e-01
9.994252324104309082e-01
9.984554648399353027e-01
9.998166561126708984e-01
9.997884035110473633e-01
9.996679425239562988e-01
9.997895359992980957e-01
9.995557069778442383e-01
9.436107873916625977e-01
9.448795914649963379e-01
9.974744915962219238e-01
9.481506347656250000e-01
9.274752140045166016e-01
9.964019656181335449e-01
9.912722110748291016e-01
9.991970658302307129e-01
9.887459278106689453e-01
9.443783164024353027e-01
9.922096729278564453e-01
9.826101064682006836e-01
9.924781322479248047e-01
5.559894442558288574e-01
6.764782667160034180e-01
6.966562867164611816e-01
9.909701347351074219e-01
9.735065698623657227e-01
9.935566782951354980e-01
9.954871535301208496e-01
9.942792057991027832e-01
9.558966755867004395e-01
7.737982869148254395e-01
9.064417481422424316e-01
8.356679677963256836e-01
7.456859350204467773e-01
7.936069369316101074e-01
9.642064571380615234e-01
9.060032740235328674e-01
4.674078524112701416e-01
8.524288535118103027e-01
9.182444214820861816e-01
8.720692396163940430e-01
9.587132930755615234e-01
8.675965666770935059e-01
9.362137913703918457e-01
8.622233271598815918e-01
7.156431674957275391e-01
9.003589749336242676e-01
8.199530541896820068e-01
9.293222427368164062e-01
9.367840290069580078e-01
8.979117274284362793e-01
7.130538821220397949e-01
5.522111654281616211e-01
3.523860275745391846e-01
4.489074647426605225e-01
5.369978547096252441e-01
5.115442872047424316e-01
6.813145875930786133e-01
7.495930194854736328e-01
5.574656724929809570e-01
7.057807743549346924e-01
3.887336850166320801e-01
7.801467180252075195e-01
5.451472699642181396e-01
7.487283349037170410e-01
7.284404635429382324e-01
8.534266799688339233e-01
7.175719738006591797e-01
6.692317128181457520e-01
6.463153958320617676e-01
6.070488095283508301e-01
3.559272289276123047e-01
4.269416630268096924e-01
7.731514573097229004e-01
4.714671373367309570e-01
6.981103122234344482e-01
6.677553653717041016e-01
6.384588181972503662e-01
7.953504920005798340e-01
4.845147728919982910e-01
5.560338497161865234e-01
3.706849217414855957e-01
5.371739864349365234e-01
4.102455377578735352e-01
4.714251756668090820e-01
5.294036567211151123e-01
3.789415359497070312e-01
4.342353940010070801e-01
5.007885694503784180e-01
4.626950621604919434e-01
3.878814578056335449e-01
4.598962664604187012e-01
4.858349561691284180e-01
3.532863259315490723e-01
4.724420905113220215e-01
3.074842691421508789e-01
3.790973424911499023e-01
3.285278081893920898e-01
3.316124081611633301e-01
4.017084240913391113e-01
3.594148159027099609e-01
4.829590618610382080e-01
2.911011576652526855e-01
3.814371824264526367e-01
3.686193227767944336e-01
4.059442877769470215e-01
3.251866698265075684e-01
4.244595468044281006e-01
