9.961766004562377930e-01
9.970693588256835938e-01
9.985863566398620605e-01
6.561009287834167480e-01
9.846214652061462402e-01
9.987663626670837402e-01
4.852566719055175781e-01
7.445484995841979980e-01
9.955805540084838867e-01
9.956941008567810059e-01
9.976858496665954590e-01
9.995087981224060059e-01
9.998688101768493652e-01
9.998847842216491699e-01
9.987072944641113281e-01
9.982871413230895996e-01
9.994984865188598633e-01
9.998257160186767578e-01
9.998814463615417480e-01
9.585264921188354492e-01
9.979286193847656250e-01
9.996428489685058594e-01
9.998295903205871582e-01
9.998399615287780762e-01
9.986125826835632324e-01
9.998939037322998047e-01
9.998039603233337402e-01
9.998888373374938965e-01
9.995836019515991211e-01
9.998582601547241211e-01
9.999114274978637695e-01
9.998900890350341797e-01
9.999414086341857910e-01
9.999020695686340332e-01
9.998810291290283203e-01
9.999231696128845215e-01
9.999160170555114746e-01
9.997959733009338379e-01
9.997706413269042969e-01
9.997344613075256348e-01
9.890468120574951172e-01
9.882061481475830078e-01
9.986802339553833008e-01
9.967399835586547852e-01
9.824038743972778320e-01
9.951558113098144531e-01
9.779121279716491699e-01
9.998225569725036621e-01
9.997495412826538086e-01
9.998352527618408203e-01
9.907899498939514160e-01
9.985358119010925293e-01
9.991648197174072266e-01
9.974265694618225098e-01
9.991962909698486328e-01
9.997726678848266602e-01
9.997667074203491211e-01
9.997874498367309570e-01
9.992991685867309570e-01
9.998621940612792969e-01
9.997327327728271484e-01
9.984400272369384766e-01
9.994934201240539551e-01
9.997158050537109375e-01
9.997777342796325684e-01
9.997315406799316406e-01
9.998256564140319824e-01
9.996752738952636719e-01
9.998425841331481934e-01
9.997006654739379883e-01
9.994775652885437012e-01
9.991138577461242676e-01
9.994624257087707520e-01
9.988869428634643555e-01
9.974762201309204102e-01
9.979771971702575684e-01
9.966237545013427734e-01
9.188681244850158691e-01
9.986104369163513184e-01
8.342712521553039551e-01
9.880735278129577637e-01
9.929374456405639648e-01
9.990215897560119629e-01
9.951411485671997070e-01
9.976773858070373535e-01
9.997026324272155762e-01
9.995211362838745117e-01
9.996796250343322754e-01
9.997249841690063477e-01
9.996602535247802734e-01
9.951999187469482422e-01
9.990501999855041504e-01
9.993925094604492188e-01
9.995729327201843262e-01
9.996948242187500000e-01
9.993469119071960449e-01
9.994905591011047363e-01
9.995095133781433105e-01
9.991689324378967285e-01
9.994525909423828125e-01
9.995558261871337891e-01
9.995777010917663574e-01
9.982466101646423340e-01
9.986460804939270020e-01
9.996613860130310059e-01
9.997638463973999023e-01
9.951104521751403809e-01
9.994823932647705078e-01
9.930961132049560547e-01
9.933181405067443848e-01
9.988844990730285645e-01
9.982568025588989258e-01
9.992601275444030762e-01
9.990745782852172852e-01
9.981362223625183105e-01
9.997221231460571289e-01
9.987588524818420410e-01
9.944950342178344727e-01
9.970976114273071289e-01
9.963147111702710390e-01
9.984317421913146973e-01
9.990020394325256348e-01
9.993994832038879395e-01
9.995242953300476074e-01
9.984981417655944824e-01
9.978161454200744629e-01
9.991094470024108887e-01
9.971299767494201660e-01
9.276500493288040161e-01
9.907680153846740723e-01
9.916210770606994629e-01
9.983574748039245605e-01
9.635308384895324707e-01
9.767271876335144043e-01
9.909085035324096680e-01
9.954378008842468262e-01
9.942119121551513672e-01
9.881155490875244141e-01
9.982322454452514648e-01
9.860225915908813477e-01
9.930014610290527344e-01
9.797659516334533691e-01
9.923725724220275879e-01
9.747716784477233887e-01
9.871906042098999023e-01
9.961873292922973633e-01
9.945729374885559082e-01
9.877291321754455566e-01
9.824227690696716309e-01
8.950979709625244141e-01
7.779234647750854492e-01
6.521234512329101562e-01
5.870217084884643555e-01
7.478136420249938965e-01
8.241842985153198242e-01
7.635378241539001465e-01
6.659175753593444824e-01
8.109032511711120605e-01
6.814621388912200928e-01
7.683101296424865723e-01
9.026449918746948242e-01
8.027545809745788574e-01
9.579861760139465332e-01
8.827825784683227539e-01
9.176077842712402344e-01
9.147317335009574890e-01
8.932638168334960938e-01
7.895690202713012695e-01
6.003902554512023926e-01
5.431688725948333740e-01
3.807571530342102051e-01
4.548834562301635742e-01
3.997595310211181641e-01
6.875630617141723633e-01
6.897867023944854736e-01
5.245200991630554199e-01
6.617434322834014893e-01
8.158031105995178223e-01
6.616047024726867676e-01
6.920212507247924805e-01
6.171237826347351074e-01
6.596365571022033691e-01
5.420631766319274902e-01
6.425513029098510742e-01
6.563411355018615723e-01
7.082381248474121094e-01
7.076151669025421143e-01
7.432063221931457520e-01
6.894360482692718506e-01
5.431194305419921875e-01
4.715256094932556152e-01
4.345315992832183838e-01
2.464402914047241211e-01
2.253590375185012817e-01
4.356074333190917969e-01
3.781922459602355957e-01
2.408937811851501465e-01
3.860041201114654541e-01
4.281029701232910156e-01
2.952043116092681885e-01
4.701222181320190430e-01
4.059771895408630371e-01
4.575931429862976074e-01
3.515182137489318848e-01
3.976323604583740234e-01
2.959852814674377441e-01
4.199522137641906738e-01
3.954698741436004639e-01
3.364235758781433105e-01
3.597266674041748047e-01
2.572853565216064453e-01
3.403141498565673828e-01
2.771520018577575684e-01
3.362070322036743164e-01
3.744958043098449707e-01
3.911525011062622070e-01
4.850488901138305664e-01
4.563121795654296875e-01
4.865834712982177734e-01
