9.961766004562377930e-01
9.970693588256835938e-01
9.985863566398620605e-01
6.561008989810943604e-01
9.846214652061462402e-01
9.987663626670837402e-01
4.852566421031951904e-01
7.445484995841979980e-01
9.955805540084838867e-01
9.956941008567810059e-01
9.976858496665954590e-01
9.995087981224060059e-01
9.998688101768493652e-01
9.988949298858642578e-01
9.980537891387939453e-01
9.995019435882568359e-01
9.994032979011535645e-01
9.998383522033691406e-01
9.998545050621032715e-01
9.998666644096374512e-01
9.991444349288940430e-01
9.982780814170837402e-01
9.998444914817810059e-01
9.998291730880737305e-01
9.999231100082397461e-01
9.999374747276306152e-01
9.999262094497680664e-01
9.994128346443176270e-01
9.998719096183776855e-01
9.999049305915832520e-01
9.999081492424011230e-01
9.999170303344726562e-01
9.999417066574096680e-01
9.999031424522399902e-01
9.998953342437744141e-01
9.999220967292785645e-01
9.999186992645263672e-01
9.997808337211608887e-01
9.997560381889343262e-01
9.997566938400268555e-01
9.971131086349487305e-01
9.781440496444702148e-01
9.920223355293273926e-01
4.989009201526641846e-01
9.818003773689270020e-01
6.617989540100097656e-01
9.472340941429138184e-01
4.304287433624267578e-01
6.154012680053710938e-01
9.804166555404663086e-01
9.331920817494392395e-01
9.667103886604309082e-01
9.759476184844970703e-01
9.988017678260803223e-01
9.997675418853759766e-01
9.998422861099243164e-01
9.992436170578002930e-01
9.992436766624450684e-01
9.996408820152282715e-01
9.996096491813659668e-01
9.996810555458068848e-01
9.996623992919921875e-01
9.997875690460205078e-01
9.990755319595336914e-01
9.985610842704772949e-01
9.996761679649353027e-01
9.996098279953002930e-01
9.990909695625305176e-01
9.997301101684570312e-01
9.996751546859741211e-01
9.995560050010681152e-01
9.998529553413391113e-01
9.995403885841369629e-01
9.997934699058532715e-01
9.997996091842651367e-01
9.997510910034179688e-01
9.380236268043518066e-01
9.961841362528502941e-01
9.997543692588806152e-01
9.997579455375671387e-01
9.961463212966918945e-01
9.993904829025268555e-01
9.991478323936462402e-01
9.997321367263793945e-01
9.992023110389709473e-01
9.136691093444824219e-01
9.978906512260437012e-01
9.995692968368530273e-01
9.996679425239562988e-01
9.996925592422485352e-01
9.984205365180969238e-01
9.995923042297363281e-01
9.995658993721008301e-01
9.994210600852966309e-01
9.994366765022277832e-01
9.991654753684997559e-01
9.994872808456420898e-01
9.995341897010803223e-01
9.995358586311340332e-01
9.996375441551208496e-01
9.997209906578063965e-01
9.997466206550598145e-01
9.997351765632629395e-01
9.991275072097778320e-01
9.993102550506591797e-01
9.997603893280029297e-01
9.992126822471618652e-01
9.497103691101074219e-01
9.626528024673461914e-01
9.908586740493774414e-01
9.981537461280822754e-01
9.982174634933471680e-01
9.994298815727233887e-01
9.987003207206726074e-01
9.962836503982543945e-01
9.990459084510803223e-01
9.974190592765808105e-01
9.991138577461242676e-01
9.990858435630798340e-01
9.995692968368530273e-01
9.981268048286437988e-01
9.985269308090209961e-01
9.986142516136169434e-01
7.891535162925720215e-01
8.681573867797851562e-01
9.503427147865295410e-01
9.826970696449279785e-01
9.980310201644897461e-01
9.874855279922485352e-01
5.808879733085632324e-01
7.454932034015655518e-01
6.641359329223632812e-01
9.511067867279052734e-01
7.220362424850463867e-01
7.291833758354187012e-01
7.837238907814025879e-01
7.524054646492004395e-01
8.637481331825256348e-01
5.488404631614685059e-01
9.061155319213867188e-01
8.978019952774047852e-01
9.178490042686462402e-01
9.580226540565490723e-01
9.861687421798706055e-01
8.627849817276000977e-01
9.151946902275085449e-01
7.802303582429885864e-01
6.236649155616760254e-01
6.923758983612060547e-01
5.808896422386169434e-01
3.668203353881835938e-01
6.702480316162109375e-01
7.777149677276611328e-01
4.212703108787536621e-01
4.956033229827880859e-01
3.764193654060363770e-01
3.492203354835510254e-01
5.000478029251098633e-01
2.185254693031311035e-01
3.109650015830993652e-01
4.537647366523742676e-01
2.224833369255065918e-01
4.858916401863098145e-01
4.687704443931579590e-01
5.352578759193420410e-01
4.950745701789855957e-01
4.772047400474548340e-01
5.286198854446411133e-01
4.362626969814300537e-01
3.744349479675292969e-01
4.088920950889587402e-01
5.175340473651885986e-01
4.293416738510131836e-01
2.959432601928710938e-01
2.400585860013961792e-01
1.664545536041259766e-01
2.896875739097595215e-01
2.142198681831359863e-01
2.177776098251342773e-01
3.606491684913635254e-01
3.616514205932617188e-01
3.565471768379211426e-01
4.373490810394287109e-01
3.431594371795654297e-01
4.627928733825683594e-01
4.010064005851745605e-01
2.583048343658447266e-01
4.708266258239746094e-01
3.883655965328216553e-01
4.118897318840026855e-01
4.643067121505737305e-01
5.485811829566955566e-01
4.588157534599304199e-01
5.659182071685791016e-01
5.252690911293029785e-01
4.973937273025512695e-01
5.331991910934448242e-01
4.582221508026123047e-01
5.095437169075012207e-01
4.788406789302825928e-01
5.193342566490173340e-01
4.437707662582397461e-01
4.978676736354827881e-01
4.467954933643341064e-01
4.423168003559112549e-01
3.992604017257690430e-01
4.619482159614562988e-01
5.797516703605651855e-01
4.875274896621704102e-01
4.250174164772033691e-01
4.647076427936553955e-01
