9.961766004562377930e-01
9.970693588256835938e-01
9.985863566398620605e-01
6.561008989810943604e-01
9.846214652061462402e-01
9.987663626670837402e-01
4.852566719055175781e-01
7.445484995841979980e-01
9.955805540084838867e-01
9.956941008567810059e-01
9.976858496665954590e-01
9.995087981224060059e-01
9.998688101768493652e-01
9.998847842216491699e-01
9.987072944641113281e-01
9.982871413230895996e-01
9.994984865188598633e-01
9.998257160186767578e-01
9.998814463615417480e-01
9.585264921188354492e-01
9.979286193847656250e-01
9.996428489685058594e-01
9.998295903205871582e-01
9.998399615287780762e-01
9.999109506607055664e-01
9.999142289161682129e-01
9.999448657035827637e-01
9.999305605888366699e-01
9.998197555541992188e-01
9.998757839202880859e-01
9.999055266380310059e-01
9.999178051948547363e-01
9.999440312385559082e-01
9.998990893363952637e-01
9.998912811279296875e-01
9.999257326126098633e-01
9.999186992645263672e-01
9.997813701629638672e-01
9.997540116310119629e-01
9.997556209564208984e-01
9.972718358039855957e-01
9.789246320724487305e-01
9.221591353416442871e-01
9.506477713584899902e-01
9.925390481948852539e-01
9.994336962699890137e-01
5.347612500190734863e-01
9.853595495223999023e-01
8.292440772056579590e-01
9.963290691375732422e-01
9.993474483489990234e-01
9.993911385536193848e-01
9.995744824409484863e-01
9.994198083877563477e-01
9.996417760848999023e-01
9.998571276664733887e-01
9.993860125541687012e-01
9.991784691810607910e-01
9.996685385704040527e-01
9.996331334114074707e-01
9.997043609619140625e-01
9.996745586395263672e-01
9.997959733009338379e-01
9.991718530654907227e-01
9.987807869911193848e-01
9.995505809783935547e-01
9.993522167205810547e-01
9.992700815200805664e-01
9.988739490509033203e-01
9.990749955177307129e-01
9.994212388992309570e-01
9.946334958076477051e-01
9.949316382408142090e-01
9.985831379890441895e-01
9.990901947021484375e-01
9.934787154197692871e-01
9.939680695533752441e-01
9.992603659629821777e-01
9.991266727447509766e-01
9.987897276878356934e-01
9.978659749031066895e-01
9.989352226257324219e-01
9.993578195571899414e-01
9.991780519485473633e-01
9.977446198463439941e-01
9.996952414512634277e-01
9.995792508125305176e-01
9.995857477188110352e-01
9.988409876823425293e-01
9.963478446006774902e-01
9.995180964469909668e-01
9.991658329963684082e-01
9.997909069061279297e-01
9.973515272140502930e-01
9.996101260185241699e-01
9.994281530380249023e-01
9.996431469917297363e-01
9.994204640388488770e-01
9.992429614067077637e-01
9.966332316398620605e-01
9.996548295021057129e-01
9.973793625831604004e-01
9.986381530761718750e-01
9.996148943901062012e-01
9.996787309646606445e-01
9.997292160987854004e-01
9.981786012649536133e-01
9.988476037979125977e-01
9.874283671379089355e-01
9.944298863410949707e-01
9.983423352241516113e-01
9.882123470306396484e-01
9.993526935577392578e-01
9.991404414176940918e-01
9.992266893386840820e-01
9.997647404670715332e-01
9.996843934059143066e-01
9.969987869262695312e-01
9.917623400688171387e-01
9.983571767807006836e-01
9.988832473754882812e-01
9.994320869445800781e-01
9.991912841796875000e-01
9.959135055541992188e-01
9.465053081512451172e-01
8.023213744163513184e-01
9.960848689079284668e-01
8.246076107025146484e-01
9.787942767143249512e-01
9.530889987945556641e-01
9.760206937789916992e-01
9.975824952125549316e-01
7.963688373565673828e-01
9.148705005645751953e-01
9.897071719169616699e-01
9.963105320930480957e-01
9.450722932815551758e-01
9.952915906906127930e-01
9.954975247383117676e-01
9.914628863334655762e-01
9.912041425704956055e-01
9.884548187255859375e-01
9.923265576362609863e-01
9.852023124694824219e-01
9.911763072013854980e-01
9.853029251098632812e-01
9.643158912658691406e-01
8.967093229293823242e-01
8.374100327491760254e-01
5.165005922317504883e-01
6.532687544822692871e-01
6.011464595794677734e-01
8.176974058151245117e-01
7.314158082008361816e-01
9.425912499427795410e-01
7.934710383415222168e-01
9.071826934814453125e-01
9.282816052436828613e-01
9.184312224388122559e-01
7.821451425552368164e-01
8.823382258415222168e-01
9.647311568260192871e-01
9.571810364723205566e-01
9.875443577766418457e-01
9.471140503883361816e-01
9.541751146316528320e-01
7.330733537673950195e-01
8.497392535209655762e-01
7.638317942619323730e-01
9.026330709457397461e-01
6.968193650245666504e-01
7.542301416397094727e-01
7.979592680931091309e-01
7.189794182777404785e-01
7.208880782127380371e-01
7.291180491447448730e-01
7.693570852279663086e-01
7.690449953079223633e-01
6.956529319286346436e-01
6.691555976867675781e-01
6.068117618560791016e-01
6.246153712272644043e-01
4.987357258796691895e-01
5.865078568458557129e-01
6.945614218711853027e-01
6.622108817100524902e-01
6.845625638961791992e-01
7.256182730197906494e-01
7.027670145034790039e-01
6.498486101627349854e-01
5.295653045177459717e-01
6.820907592773437500e-01
6.958212852478027344e-01
6.040332019329071045e-01
6.018109917640686035e-01
6.003416180610656738e-01
5.849418342113494873e-01
6.565582156181335449e-01
3.731482625007629395e-01
5.007710456848144531e-01
5.006897449493408203e-01
5.698295831680297852e-01
5.826349258422851562e-01
4.628354907035827637e-01
6.346070170402526855e-01
6.399497985839843750e-01
5.599313676357269287e-01
4.671499431133270264e-01
5.765267610549926758e-01
4.814942181110382080e-01
4.506766796112060547e-01
4.445006847381591797e-01
4.049472212791442871e-01
4.560811519622802734e-01
5.494618415832519531e-01
4.179269373416900635e-01
4.105716645717620850e-01
4.174301028251647949e-01
5.310871601104736328e-01
3.554581403732299805e-01
4.956684112548828125e-01
4.738706946372985840e-01
5.034483671188354492e-01
3.927732706069946289e-01
