9.961766004562377930e-01
2.928562760353088379e-01
4.109065830707550049e-01
8.505931496620178223e-01
9.950274825096130371e-01
9.988708496093750000e-01
5.628299713134765625e-01
6.676136255264282227e-01
9.964333772659301758e-01
9.957265853881835938e-01
9.970041513442993164e-01
9.995087981224060059e-01
9.998688101768493652e-01
9.998847842216491699e-01
9.987072944641113281e-01
9.981560707092285156e-01
9.994923472404479980e-01
9.998260140419006348e-01
9.998813867568969727e-01
9.631966352462768555e-01
9.979286193847656250e-01
9.996344447135925293e-01
9.998296499252319336e-01
9.998421072959899902e-01
9.999101161956787109e-01
9.999140501022338867e-01
9.999448657035827637e-01
9.999305605888366699e-01
9.998207688331604004e-01
9.998749494552612305e-01
9.999300837516784668e-01
9.998927712440490723e-01
9.998977780342102051e-01
9.999200105667114258e-01
9.999199509620666504e-01
9.999278783798217773e-01
9.999235868453979492e-01
9.997517466545104980e-01
9.998874664306640625e-01
9.998821616172790527e-01
9.963124990463256836e-01
6.922059059143066406e-01
9.913601875305175781e-01
5.395753681659698486e-01
9.802899956703186035e-01
8.210654854774475098e-01
3.662341833114624023e-01
4.601377844810485840e-01
8.762111961841583252e-01
9.989328980445861816e-01
9.991718530654907227e-01
9.995239973068237305e-01
9.994224309921264648e-01
9.998553991317749023e-01
9.992828965187072754e-01
9.991526007652282715e-01
9.996418356895446777e-01
9.996320009231567383e-01
9.996932744979858398e-01
9.996827244758605957e-01
9.998526573181152344e-01
9.994810223579406738e-01
9.986851811408996582e-01
9.996771216392517090e-01
9.996148347854614258e-01
9.994139075279235840e-01
9.996408820152282715e-01
9.996387362480163574e-01
9.997284412384033203e-01
9.997221827507019043e-01
9.993574023246765137e-01
9.997670054435729980e-01
9.960185289382934570e-01
9.979904294013977051e-01
9.985468983650207520e-01
9.954180121421813965e-01
9.991028904914855957e-01
5.155858695507049561e-01
9.940915107727050781e-01
9.988935589790344238e-01
9.982368946075439453e-01
9.988673925399780273e-01
9.986991882324218750e-01
9.997392892837524414e-01
9.989633560180664062e-01
9.974901676177978516e-01
9.994018077850341797e-01
9.992783069610595703e-01
9.991683363914489746e-01
9.974464178085327148e-01
9.996452927589416504e-01
9.996978640556335449e-01
9.993873834609985352e-01
9.995697140693664551e-01
9.991754293441772461e-01
9.972921609878540039e-01
9.977488517761230469e-01
9.970279932022094727e-01
9.993005394935607910e-01
9.996857047080993652e-01
9.993395209312438965e-01
9.974113702774047852e-01
9.991887211799621582e-01
9.996397495269775391e-01
9.990677833557128906e-01
9.996685385704040527e-01
9.994955062866210938e-01
9.973388910293579102e-01
9.965632557868957520e-01
9.958775043487548828e-01
9.994228482246398926e-01
9.986336827278137207e-01
9.995655417442321777e-01
9.997652769088745117e-01
9.992305040359497070e-01
9.930728077888488770e-01
9.986817836761474609e-01
9.986279010772705078e-01
9.961301684379577637e-01
9.993160963058471680e-01
9.974758028984069824e-01
9.997954368591308594e-01
9.981011748313903809e-01
9.980142712593078613e-01
9.929339885711669922e-01
9.848520755767822266e-01
9.827409982681274414e-01
9.489533305168151855e-01
9.963349699974060059e-01
9.983450174331665039e-01
9.985876083374023438e-01
9.851556420326232910e-01
9.535768032073974609e-01
9.925022721290588379e-01
9.213695526123046875e-01
7.976454943418502808e-01
9.802851080894470215e-01
9.815223813056945801e-01
9.122989177703857422e-01
8.743121027946472168e-01
9.442540407180786133e-01
9.588069319725036621e-01
9.848027825355529785e-01
9.928382039070129395e-01
9.889301061630249023e-01
9.855834245681762695e-01
9.722589850425720215e-01
8.793312907218933105e-01
7.017658352851867676e-01
5.478326678276062012e-01
4.675523042678833008e-01
5.778571963310241699e-01
9.500322937965393066e-01
5.314240455627441406e-01
7.733620405197143555e-01
5.464243292808532715e-01
8.813924193382263184e-01
7.741969823837280273e-01
8.792660236358642578e-01
8.945792838931083679e-01
9.631769061088562012e-01
9.081278443336486816e-01
9.082029461860656738e-01
9.392033219337463379e-01
9.550195932388305664e-01
9.196323156356811523e-01
7.983430027961730957e-01
8.150299638509750366e-01
8.269219994544982910e-01
7.677650153636932373e-01
6.785554289817810059e-01
7.395563125610351562e-01
9.393767453730106354e-01
7.005030214786529541e-01
9.015545248985290527e-01
9.958243370056152344e-01
9.671782255172729492e-01
8.630464524030685425e-01
9.782687425613403320e-01
9.771467447280883789e-01
9.219228625297546387e-01
9.783017039299011230e-01
9.312542676925659180e-01
9.919429421424865723e-01
9.926415085792541504e-01
7.963253259658813477e-01
7.928009629249572754e-01
6.967737078666687012e-01
9.661288261413574219e-01
5.184295773506164551e-01
5.413471758365631104e-01
8.865838050842285156e-01
9.451870322227478027e-01
9.609576463699340820e-01
7.949195504188537598e-01
3.699777722358703613e-01
9.645316004753112793e-01
5.764687657356262207e-01
8.245492428541183472e-01
9.698499441146850586e-01
8.270173072814941406e-01
4.962427616119384766e-01
3.946879506111145020e-01
8.599216341972351074e-01
9.175118803977966309e-01
8.671478033065795898e-01
5.989753007888793945e-01
7.501131296157836914e-01
5.602941513061523438e-01
8.766453266143798828e-01
7.001205980777740479e-01
8.698886334896087646e-01
9.515296816825866699e-01
5.181073844432830811e-01
8.141536712646484375e-01
5.453600883483886719e-01
7.258519530296325684e-01
4.978929758071899414e-01
5.640155076980590820e-01
6.334230899810791016e-01
5.092244446277618408e-01
7.495331764221191406e-01
8.278513550758361816e-01
7.303874492645263672e-01
7.504218816757202148e-01
5.894022881984710693e-01
6.445076763629913330e-01
3.371949195861816406e-01
5.403348803520202637e-01
4.712657332420349121e-01
4.219853878021240234e-01
6.863209009170532227e-01
6.696326136589050293e-01
5.974354743957519531e-01
5.283285081386566162e-01
6.372381448745727539e-01
5.136029124259948730e-01
5.659962892532348633e-01
5.359793901443481445e-01
6.027663350105285645e-01
5.445339679718017578e-01
5.024221539497375488e-01
6.075986623764038086e-01
4.164194464683532715e-01
5.729293525218963623e-01
3.825137615203857422e-01
3.951400518417358398e-01
4.136589765548706055e-01
3.768880963325500488e-01
4.198194742202758789e-01
4.027932286262512207e-01
5.017028152942657471e-01
4.101818799972534180e-01
4.603673815727233887e-01
4.310830235481262207e-01
5.651035904884338379e-01
4.750901460647583008e-01
4.531731605529785156e-01
4.595645070075988770e-01
5.027239322662353516e-01
4.030866026878356934e-01
4.266536235809326172e-01
