9.961766004562377930e-01
9.970693588256835938e-01
9.985863566398620605e-01
6.561008989810943604e-01
9.846214652061462402e-01
9.987663626670837402e-01
4.852566421031951904e-01
7.445484995841979980e-01
9.955805540084838867e-01
9.956941008567810059e-01
9.976858496665954590e-01
9.995087981224060059e-01
9.998688101768493652e-01
9.998847842216491699e-01
9.987072944641113281e-01
9.982871413230895996e-01
9.994984865188598633e-01
9.998257160186767578e-01
9.998814463615417480e-01
9.585264921188354492e-01
9.979286193847656250e-01
9.996428489685058594e-01
9.998295903205871582e-01
9.998399615287780762e-01
9.999109506607055664e-01
9.999142289161682129e-01
9.999448657035827637e-01
9.999305605888366699e-01
9.999287724494934082e-01
9.998864531517028809e-01
9.998669624328613281e-01
9.999229907989501953e-01
9.999395012855529785e-01
9.999026060104370117e-01
9.998983144760131836e-01
9.999214410781860352e-01
9.999217987060546875e-01
9.997813701629638672e-01
9.992370605468750000e-01
9.992473721504211426e-01
9.798458218574523926e-01
9.901050925254821777e-01
4.636655449867248535e-01
6.090173125267028809e-01
9.950079917907714844e-01
6.349245309829711914e-01
6.236718893051147461e-01
9.974081516265869141e-01
8.426411151885986328e-01
9.821906685829162598e-01
9.996254444122314453e-01
9.996061921119689941e-01
9.997023344039916992e-01
9.996287226676940918e-01
9.996367096900939941e-01
9.998557567596435547e-01
9.993050694465637207e-01
9.990175962448120117e-01
9.996960163116455078e-01
9.997625350952148438e-01
9.997665882110595703e-01
9.996743202209472656e-01
9.995718002319335938e-01
9.998020529747009277e-01
9.997260570526123047e-01
9.986976981163024902e-01
9.982039928436279297e-01
9.989834427833557129e-01
9.990116357803344727e-01
9.995602965354919434e-01
9.998072981834411621e-01
9.997351765632629395e-01
9.972618222236633301e-01
9.990728497505187988e-01
9.995082020759582520e-01
9.960389137268066406e-01
9.373751878738403320e-01
9.981468319892883301e-01
9.994968175888061523e-01
9.989941120147705078e-01
9.996769428253173828e-01
7.308730483055114746e-01
9.586009979248046875e-01
9.988051652908325195e-01
9.995853304862976074e-01
9.996858239173889160e-01
9.996054768562316895e-01
9.997457861900329590e-01
9.997806549072265625e-01
9.998148083686828613e-01
9.996761083602905273e-01
9.998284578323364258e-01
9.997117519378662109e-01
9.994646310806274414e-01
9.997221231460571289e-01
9.995085000991821289e-01
9.996713399887084961e-01
9.994854331016540527e-01
9.995946884155273438e-01
9.992226362228393555e-01
9.991096258163452148e-01
9.988840818405151367e-01
9.996176958084106445e-01
9.997208118438720703e-01
9.993565678596496582e-01
9.996620416641235352e-01
9.993956089019775391e-01
9.988943338394165039e-01
9.963660836219787598e-01
9.935122132301330566e-01
9.915106296539306641e-01
9.992950558662414551e-01
9.992201924324035645e-01
9.998015165328979492e-01
9.992421269416809082e-01
9.974916577339172363e-01
9.983736276626586914e-01
9.978219866752624512e-01
9.985001087188720703e-01
9.992397427558898926e-01
9.995458126068115234e-01
9.994949698448181152e-01
9.780542254447937012e-01
9.983914494514465332e-01
7.341341376304626465e-01
8.359006643295288086e-01
9.932528138160705566e-01
9.937534332275390625e-01
9.991232752799987793e-01
9.561822414398193359e-01
7.701733708381652832e-01
9.905236959457397461e-01
9.331654906272888184e-01
5.879008173942565918e-01
8.518779873847961426e-01
7.112699449062347412e-01
9.965354204177856445e-01
8.398314714431762695e-01
9.918105006217956543e-01
9.867138266563415527e-01
9.901200532913208008e-01
9.809684753417968750e-01
9.832018613815307617e-01
9.861620068550109863e-01
9.517069458961486816e-01
9.585165381431579590e-01
8.893421292304992676e-01
8.153836727142333984e-01
5.581085085868835449e-01
5.631020665168762207e-01
5.211108922958374023e-01
6.224987506866455078e-01
7.959340214729309082e-01
3.782507181167602539e-01
6.416454911231994629e-01
2.655920088291168213e-01
6.050691604614257812e-01
3.959560394287109375e-01
6.599857807159423828e-01
7.594605088233947754e-01
2.890056371688842773e-01
5.954450964927673340e-01
5.460888743400573730e-01
6.116113662719726562e-01
5.030077099800109863e-01
5.836182236671447754e-01
4.026215374469757080e-01
5.954908132553100586e-01
3.749892711639404297e-01
5.565191507339477539e-01
6.026966571807861328e-01
4.592418968677520752e-01
4.658319950103759766e-01
5.247925817966461182e-01
2.275374680757522583e-01
6.781544685363769531e-01
3.560814261436462402e-01
4.180818498134613037e-01
4.649961590766906738e-01
5.600153207778930664e-01
4.396984875202178955e-01
5.927473902702331543e-01
7.533355951309204102e-01
7.198388576507568359e-01
6.848523914813995361e-01
5.979086160659790039e-01
5.856815576553344727e-01
6.928098201751708984e-01
5.337589383125305176e-01
4.219255447387695312e-01
5.081329345703125000e-01
3.436178565025329590e-01
5.689792037010192871e-01
4.760276675224304199e-01
4.485779404640197754e-01
4.808657169342041016e-01
4.517303705215454102e-01
5.277161300182342529e-01
3.439586162567138672e-01
4.331230521202087402e-01
4.451632201671600342e-01
2.580046057701110840e-01
4.269030690193176270e-01
4.024977087974548340e-01
5.048689246177673340e-01
4.734229743480682373e-01
3.551437556743621826e-01
4.520276486873626709e-01
3.354343175888061523e-01
3.650518953800201416e-01
4.132977724075317383e-01
4.809076786041259766e-01
3.233790993690490723e-01
3.842748999595642090e-01
3.921726942062377930e-01
4.040515720844268799e-01
4.364841580390930176e-01
3.665713965892791748e-01
4.135082960128784180e-01
3.667415380477905273e-01
3.712058067321777344e-01
3.312398195266723633e-01
3.468119502067565918e-01
3.358187079429626465e-01
3.874918222427368164e-01
3.862342834472656250e-01
