9.961766004562377930e-01
9.970693588256835938e-01
9.985863566398620605e-01
6.561009287834167480e-01
9.846214605495333672e-01
9.987663626670837402e-01
4.852566421031951904e-01
7.445484995841979980e-01
9.955805540084838867e-01
9.956941008567810059e-01
9.976858496665954590e-01
9.995087981224060059e-01
9.998688101768493652e-01
9.998847842216491699e-01
9.987072944641113281e-01
9.982871413230895996e-01
9.994984865188598633e-01
9.998257160186767578e-01
9.998814463615417480e-01
9.585264921188354492e-01
9.979286193847656250e-01
9.996428489685058594e-01
9.998295903205871582e-01
9.998399615287780762e-01
9.999109506607055664e-01
9.999142289161682129e-01
9.999448657035827637e-01
9.999305605888366699e-01
9.998197555541992188e-01
9.998757839202880859e-01
9.999055266380310059e-01
9.999178051948547363e-01
9.999440312385559082e-01
9.999418854713439941e-01
9.999035596847534180e-01
9.998966455459594727e-01
9.999222755432128906e-01
9.997323155403137207e-01
8.683731555938720703e-01
9.898205399513244629e-01
9.990102052688598633e-01
9.825883507728576660e-01
9.904158711433410645e-01
7.784621715545654297e-01
9.804669022560119629e-01
6.172233819961547852e-01
7.413945198059082031e-01
9.963222742080688477e-01
7.892541289329528809e-01
9.969690442085266113e-01
9.990393519401550293e-01
9.994371533393859863e-01
9.994727969169616699e-01
9.996309280395507812e-01
9.996454715728759766e-01
9.998575448989868164e-01
9.993760585784912109e-01
9.991632103919982910e-01
9.996654987335205078e-01
9.996424913406372070e-01
9.996980428695678711e-01
9.996749758720397949e-01
9.997954368591308594e-01
9.991982579231262207e-01
9.987681508064270020e-01
9.994595050811767578e-01
9.993603825569152832e-01
9.992817044258117676e-01
9.988903999328613281e-01
9.990575909614562988e-01
9.995913505554199219e-01
9.976623654365539551e-01
9.991219639778137207e-01
9.986149072647094727e-01
9.975209832191467285e-01
9.978353381156921387e-01
9.995753765106201172e-01
9.998074769973754883e-01
9.995605945587158203e-01
9.988614320755004883e-01
9.979108572006225586e-01
9.987013339996337891e-01
9.987054467201232910e-01
9.991454482078552246e-01
9.990924596786499023e-01
9.997678399085998535e-01
9.997788667678833008e-01
9.996467828750610352e-01
9.998186230659484863e-01
9.994494318962097168e-01
9.996999502182006836e-01
9.977362155914306641e-01
9.995011687278747559e-01
9.996631741523742676e-01
9.994041323661804199e-01
9.997106194496154785e-01
9.994805455207824707e-01
9.988683462142944336e-01
9.990211725234985352e-01
9.984886646270751953e-01
9.993569254875183105e-01
9.995462894439697266e-01
9.979785680770874023e-01
9.996848106384277344e-01
9.993873238563537598e-01
9.805288892239332199e-01
9.908846020698547363e-01
9.994836449623107910e-01
9.906909465789794922e-01
9.975445866584777832e-01
9.982482790946960449e-01
9.981714487075805664e-01
9.995196461677551270e-01
9.994806647300720215e-01
9.991640448570251465e-01
9.998394846916198730e-01
9.989652633666992188e-01
9.942594170570373535e-01
9.995214939117431641e-01
9.990672469139099121e-01
7.938321232795715332e-01
9.776744842529296875e-01
9.810874462127685547e-01
9.975976943969726562e-01
9.897932410240173340e-01
9.281675219535827637e-01
9.946799874305725098e-01
8.853095173835754395e-01
8.161172270774841309e-01
8.943697810173034668e-01
8.323073238134384155e-01
9.520928859710693359e-01
5.544641017913818359e-01
8.299434781074523926e-01
8.413136601448059082e-01
9.621294140815734863e-01
9.609121680259704590e-01
9.823734164237976074e-01
9.982403516769409180e-01
9.732355475425720215e-01
9.817286729812622070e-01
9.537160992622375488e-01
9.608095884323120117e-01
9.735613465309143066e-01
8.500828742980957031e-01
8.809606432914733887e-01
9.287192225456237793e-01
7.153497338294982910e-01
6.793171167373657227e-01
7.859112918376922607e-01
7.667752206325531006e-01
5.032455921173095703e-01
8.044199943542480469e-01
8.277488946914672852e-01
7.629522383213043213e-01
7.519378066062927246e-01
6.190102696418762207e-01
5.279278159141540527e-01
6.848113536834716797e-01
7.039263248443603516e-01
7.072460651397705078e-01
7.367075085639953613e-01
5.969427824020385742e-01
7.030649781227111816e-01
5.784926712512969971e-01
4.948088526725769043e-01
3.213991820812225342e-01
2.639858126640319824e-01
4.218259155750274658e-01
5.312914252281188965e-01
4.745268523693084717e-01
4.596773087978363037e-01
4.729100167751312256e-01
4.031045138835906982e-01
3.731820583343505859e-01
6.274626851081848145e-01
5.875959098339080811e-01
5.289953351020812988e-01
3.732401132583618164e-01
3.411569595336914062e-01
4.916626811027526855e-01
3.085590004920959473e-01
3.794367313385009766e-01
3.842806220054626465e-01
3.681734204292297363e-01
3.377781808376312256e-01
5.076092481613159180e-01
3.808814287185668945e-01
4.229111075401306152e-01
2.407920956611633301e-01
2.781351804733276367e-01
4.156407117843627930e-01
3.705475926399230957e-01
4.739530682563781738e-01
4.747255146503448486e-01
3.530898094177246094e-01
3.695323467254638672e-01
3.323089480400085449e-01
3.182483017444610596e-01
3.498928844928741455e-01
4.042135179042816162e-01
4.187869429588317871e-01
4.191368818283081055e-01
3.984618186950683594e-01
4.672219157218933105e-01
4.859997332096099854e-01
3.745915889739990234e-01
5.906001329421997070e-01
5.624334812164306641e-01
5.971046686172485352e-01
4.962415397167205811e-01
4.980765283107757568e-01
