9.961766004562377930e-01
9.970693588256835938e-01
9.985863566398620605e-01
6.561009287834167480e-01
9.846214652061462402e-01
9.987663626670837402e-01
4.852566421031951904e-01
7.445484995841979980e-01
9.955805540084838867e-01
9.956941008567810059e-01
9.976858496665954590e-01
9.995087981224060059e-01
9.998688101768493652e-01
9.998847842216491699e-01
9.987072944641113281e-01
9.982871413230895996e-01
9.994984865188598633e-01
9.998257160186767578e-01
9.997482299804687500e-01
9.997482895851135254e-01
9.998583793640136719e-01
9.983866810798645020e-01
9.966679811477661133e-01
9.996253848075866699e-01
9.994340538978576660e-01
9.991831183433532715e-01
9.998596906661987305e-01
9.997041225433349609e-01
9.997799396514892578e-01
9.998375177383422852e-01
9.999157190322875977e-01
9.999256134033203125e-01
9.999424815177917480e-01
9.999392032623291016e-01
9.998953342437744141e-01
9.998812675476074219e-01
9.999182224273681641e-01
9.997395277023315430e-01
9.997830986976623535e-01
9.997408986091613770e-01
9.998930096626281738e-01
9.997581839561462402e-01
9.995731115341186523e-01
9.994668960571289062e-01
9.969426393508911133e-01
9.662779569625854492e-01
9.971763491630554199e-01
9.995489120483398438e-01
9.203051328659057617e-01
9.989819526672363281e-01
9.422491788864135742e-01
9.509512186050415039e-01
9.979988336563110352e-01
9.991745948791503906e-01
9.989525675773620605e-01
9.998303055763244629e-01
9.998278021812438965e-01
9.994751214981079102e-01
9.997370839118957520e-01
9.988993406295776367e-01
9.986636042594909668e-01
9.993641972541809082e-01
9.995887279510498047e-01
9.996823668479919434e-01
9.978421330451965332e-01
9.983114004135131836e-01
9.995068311691284180e-01
9.993456006050109863e-01
9.994849562644958496e-01
9.993324279785156250e-01
9.996533393859863281e-01
9.976141452789306641e-01
9.966463446617126465e-01
9.980617761611938477e-01
9.957287311553955078e-01
9.968689084053039551e-01
9.882103800773620605e-01
9.984112381935119629e-01
9.996235966682434082e-01
9.983012080192565918e-01
9.987842440605163574e-01
9.887918233871459961e-01
9.925940632820129395e-01
9.988930821418762207e-01
9.985901713371276855e-01
9.996892809867858887e-01
9.997288584709167480e-01
9.996371269226074219e-01
9.995883703231811523e-01
9.969190955162048340e-01
9.990689158439636230e-01
9.990307688713073730e-01
9.996510148048400879e-01
9.993926286697387695e-01
9.992561340332031250e-01
9.996161460876464844e-01
9.994055032730102539e-01
9.994938373565673828e-01
9.995192289352416992e-01
9.996290206909179688e-01
9.993673563003540039e-01
9.997670054435729980e-01
9.994155168533325195e-01
9.995865821838378906e-01
9.987422823905944824e-01
9.956907629966735840e-01
9.991401433944702148e-01
9.995606541633605957e-01
9.989120960235595703e-01
9.995394349098205566e-01
9.987823367118835449e-01
9.994701743125915527e-01
9.944957494735717773e-01
9.943565726280212402e-01
9.910354018211364746e-01
9.991332292556762695e-01
9.982087016105651855e-01
9.995548725128173828e-01
9.990205764770507812e-01
9.951238632202148438e-01
9.979237914085388184e-01
9.958448410034179688e-01
9.960713386535644531e-01
9.989847540855407715e-01
9.994265437126159668e-01
9.997696280479431152e-01
9.996311664581298828e-01
9.992100596427917480e-01
9.962683916091918945e-01
8.828442692756652832e-01
9.214712977409362793e-01
9.932114481925964355e-01
9.586651921272277832e-01
9.640674591064453125e-01
7.859433293342590332e-01
8.099910020828247070e-01
9.622510671615600586e-01
9.619521498680114746e-01
8.196718096733093262e-01
9.426630735397338867e-01
9.877089262008666992e-01
9.243840575218200684e-01
9.769388437271118164e-01
8.266973495483398438e-01
9.743851423263549805e-01
8.491469025611877441e-01
9.335770010948181152e-01
9.753661751747131348e-01
9.484900236129760742e-01
8.951775953173637390e-01
3.129388093948364258e-01
8.056342005729675293e-01
2.789552211761474609e-01
3.591218590736389160e-01
3.017163276672363281e-01
3.680333495140075684e-01
5.486255288124084473e-01
5.756298899650573730e-01
4.156454503536224365e-01
5.393376648426055908e-01
4.726879596710205078e-01
3.418815135955810547e-01
5.310071408748626709e-01
3.998108506202697754e-01
5.268444418907165527e-01
3.680939376354217529e-01
4.343519806861877441e-01
3.768233656883239746e-01
4.132714867591857910e-01
2.543106079101562500e-01
3.211616873741149902e-01
3.665829896926879883e-01
3.044633269309997559e-01
4.127637147903442383e-01
2.816120386123657227e-01
2.195736765861511230e-01
3.211994767189025879e-01
2.358300089836120605e-01
2.875717580318450928e-01
2.484805583953857422e-01
2.942307591438293457e-01
2.331199496984481812e-01
3.207782506942749023e-01
3.406362533569335938e-01
2.563793063163757324e-01
3.892929553985595703e-01
3.556100130081176758e-01
3.881207108497619629e-01
3.440602421760559082e-01
4.072091579437255859e-01
3.861301541328430176e-01
3.893756270408630371e-01
3.893050551414489746e-01
4.351149499416351318e-01
4.622606933116912842e-01
3.601961135864257812e-01
4.352246224880218506e-01
4.928166866302490234e-01
3.081631660461425781e-01
4.225863814353942871e-01
2.877628803253173828e-01
4.655718207359313965e-01
3.447025418281555176e-01
4.181232452392578125e-01
4.516153931617736816e-01
5.194659233093261719e-01
4.443408250808715820e-01
4.966554045677185059e-01
4.415812790393829346e-01
4.908159375190734863e-01
3.515379428863525391e-01
3.500346541404724121e-01
3.837903439998626709e-01
4.217207431793212891e-01
3.370593786239624023e-01
