9.961766004562377930e-01
2.928562760353088379e-01
4.109065532684326172e-01
8.505931496620178223e-01
9.950274825096130371e-01
9.988708496093750000e-01
9.985769391059875488e-01
9.988923072814941406e-01
9.909592270851135254e-01
9.864619374275207520e-01
9.960792660713195801e-01
9.994250535964965820e-01
9.998773932456970215e-01
9.986487627029418945e-01
9.978906512260437012e-01
9.995633959770202637e-01
9.993893504142761230e-01
9.998386502265930176e-01
9.998543262481689453e-01
9.998669028282165527e-01
9.991062879562377930e-01
9.982229471206665039e-01
9.995137453079223633e-01
9.998281598091125488e-01
9.999223351478576660e-01
9.999373555183410645e-01
9.999122619628906250e-01
9.993687868118286133e-01
9.998704195022583008e-01
9.999043941497802734e-01
9.999305009841918945e-01
9.998890757560729980e-01
9.998853802680969238e-01
9.999234080314636230e-01
9.999205470085144043e-01
9.999247193336486816e-01
9.999231696128845215e-01
9.997866153717041016e-01
9.998871088027954102e-01
9.998812675476074219e-01
9.996309876441955566e-01
6.258458495140075684e-01
9.914640784263610840e-01
9.766865372657775879e-01
9.671051502227783203e-01
9.978566169738769531e-01
9.996681213378906250e-01
9.865657091140747070e-01
9.818717837333679199e-01
9.730613827705383301e-01
9.977099895477294922e-01
9.994884729385375977e-01
9.993848800659179688e-01
9.997614622116088867e-01
9.990501999855041504e-01
9.986807703971862793e-01
9.994249939918518066e-01
9.996198415756225586e-01
9.996843338012695312e-01
9.996754527091979980e-01
9.998531341552734375e-01
9.994860291481018066e-01
9.986815452575683594e-01
9.995137453079223633e-01
9.994560480117797852e-01
9.995506405830383301e-01
9.994230866432189941e-01
9.991495609283447266e-01
9.995719790458679199e-01
9.971565008163452148e-01
9.974365234375000000e-01
9.986800551414489746e-01
9.972280859947204590e-01
9.962705969810485840e-01
9.938177466392517090e-01
9.996973872184753418e-01
9.988678097724914551e-01
9.976977705955505371e-01
9.813081622123718262e-01
9.973525404930114746e-01
9.978687763214111328e-01
9.995566606521606445e-01
9.985231757164001465e-01
9.994739890098571777e-01
9.998151659965515137e-01
9.995415210723876953e-01
9.997355937957763672e-01
9.995823502540588379e-01
9.970928430557250977e-01
9.982424378395080566e-01
9.994976520538330078e-01
9.996787905693054199e-01
9.997355937957763672e-01
9.993360042572021484e-01
9.996514916419982910e-01
9.997134804725646973e-01
9.996691346168518066e-01
9.996144175529479980e-01
9.996932744979858398e-01
9.995555281639099121e-01
9.997140765190124512e-01
9.994029402732849121e-01
9.991572499275207520e-01
9.993624687194824219e-01
9.997627735137939453e-01
9.996344447135925293e-01
9.994585514068603516e-01
9.990841150283813477e-01
9.975085258483886719e-01
9.905344843864440918e-01
9.959434866905212402e-01
9.990484714508056641e-01
9.992622733116149902e-01
9.998003840446472168e-01
9.989151954650878906e-01
9.958495497703552246e-01
9.981207847595214844e-01
9.905167818069458008e-01
9.991666078567504883e-01
9.988489151000976562e-01
9.995875954627990723e-01
9.993370175361633301e-01
9.996813535690307617e-01
9.988232254981994629e-01
9.990017414093017578e-01
9.979775547981262207e-01
9.504261016845703125e-01
9.951238632202148438e-01
9.959779381752014160e-01
9.949493408203125000e-01
9.985401630401611328e-01
9.906927943229675293e-01
9.864361286163330078e-01
9.844313859939575195e-01
9.893426299095153809e-01
9.786430597305297852e-01
9.934262633323669434e-01
9.971612691879272461e-01
9.930195808410644531e-01
9.929046034812927246e-01
9.655334353446960449e-01
9.964684844017028809e-01
9.450057744979858398e-01
9.811249375343322754e-01
9.925532937049865723e-01
9.829443097114562988e-01
9.756165146827697754e-01
9.778850078582763672e-01
9.099762439727783203e-01
7.391074299812316895e-01
5.952815413475036621e-01
5.850298404693603516e-01
7.354952692985534668e-01
8.161184787750244141e-01
8.105346560478210449e-01
7.870323061943054199e-01
8.126194179058074951e-01
8.484003543853759766e-01
6.205103099346160889e-01
8.394569158554077148e-01
7.954921126365661621e-01
5.206098258495330811e-01
7.285461425781250000e-01
5.814883708953857422e-01
7.272826135158538818e-01
4.825306534767150879e-01
5.941329300403594971e-01
4.527853727340698242e-01
3.309544920921325684e-01
4.516429007053375244e-01
2.482057213783264160e-01
4.372582435607910156e-01
3.746801316738128662e-01
2.895053029060363770e-01
3.562514185905456543e-01
4.022488594055175781e-01
4.280031323432922363e-01
2.510393261909484863e-01
3.701483607292175293e-01
3.879637718200683594e-01
2.891127467155456543e-01
3.181018829345703125e-01
3.722094297409057617e-01
2.984125018119812012e-01
5.052236318588256836e-01
3.313768506050109863e-01
4.504218697547912598e-01
4.431230425834655762e-01
4.362623393535614014e-01
5.978068411350250244e-01
4.290116131305694580e-01
3.949442505836486816e-01
3.816766142845153809e-01
4.354638457298278809e-01
4.820182323455810547e-01
5.286031365394592285e-01
5.148364007472991943e-01
4.262740015983581543e-01
3.859794139862060547e-01
3.793137669563293457e-01
3.381324708461761475e-01
4.344592988491058350e-01
3.561803996562957764e-01
4.005401134490966797e-01
4.125230908393859863e-01
4.329969286918640137e-01
3.551666736602783203e-01
5.464033782482147217e-01
5.270935297012329102e-01
4.679059982299804688e-01
4.648168981075286865e-01
