9.961766004562377930e-01
9.970693220384418964e-01
9.985863566398620605e-01
6.561009287834167480e-01
9.846214652061462402e-01
9.987663626670837402e-01
4.852566421031951904e-01
7.445484995841979980e-01
9.955805540084838867e-01
9.956941008567810059e-01
9.976858496665954590e-01
9.995087981224060059e-01
9.998688101768493652e-01
9.998847842216491699e-01
9.987072944641113281e-01
9.982871413230895996e-01
9.994984865188598633e-01
9.998257160186767578e-01
9.998814463615417480e-01
9.585264921188354492e-01
9.979286193847656250e-01
9.996428489685058594e-01
9.998295903205871582e-01
9.998399615287780762e-01
9.999109506607055664e-01
9.999142289161682129e-01
9.999448657035827637e-01
9.999305605888366699e-01
9.998197555541992188e-01
9.998757839202880859e-01
9.999055266380310059e-01
9.999178051948547363e-01
9.999440312385559082e-01
9.998990893363952637e-01
9.998912811279296875e-01
9.999257326126098633e-01
9.999186992645263672e-01
9.997813701629638672e-01
8.393104076385498047e-01
9.890288114547729492e-01
8.143429756164550781e-01
9.819319248199462891e-01
7.293892502784729004e-01
9.744598865509033203e-01
4.763823747634887695e-01
6.357875466346740723e-01
9.189464449882507324e-01
9.966104626655578613e-01
8.286835551261901855e-01
9.986920952796936035e-01
9.994950890541076660e-01
9.993487596511840820e-01
9.996715188026428223e-01
9.996436834335327148e-01
9.996445178985595703e-01
9.998571276664733887e-01
9.993608593940734863e-01
9.992158412933349609e-01
9.997603893280029297e-01
9.997556209564208984e-01
9.997918009757995605e-01
9.992505311965942383e-01
9.997529983520507812e-01
9.997742772102355957e-01
9.988600015640258789e-01
9.984959363937377930e-01
9.990980625152587891e-01
9.991285204887390137e-01
9.991632103919982910e-01
9.980741143226623535e-01
9.996150135993957520e-01
9.996884465217590332e-01
9.997614026069641113e-01
9.995331764221191406e-01
9.976167678833007812e-01
9.992222785949707031e-01
9.996424913406372070e-01
9.994576573371887207e-01
9.990230202674865723e-01
9.984795451164245605e-01
9.995449781417846680e-01
9.995006322860717773e-01
9.996845722198486328e-01
9.998227357864379883e-01
9.995520710945129395e-01
9.997429847717285156e-01
9.996214509010314941e-01
9.993278384208679199e-01
9.995746016502380371e-01
9.996079206466674805e-01
9.995021224021911621e-01
9.998127222061157227e-01
9.994940161705017090e-01
9.998139739036560059e-01
9.990709424018859863e-01
9.992591142654418945e-01
9.993977546691894531e-01
9.996298551559448242e-01
9.984694719314575195e-01
9.990155696868896484e-01
9.996283650398254395e-01
9.996071457862854004e-01
9.992188215255737305e-01
9.991900324821472168e-01
9.988102912902832031e-01
9.996019005775451660e-01
9.995080232620239258e-01
9.994637966156005859e-01
9.989733099937438965e-01
9.960008859634399414e-01
9.968121647834777832e-01
9.988899827003479004e-01
9.990967512130737305e-01
9.997884035110473633e-01
9.995106458663940430e-01
9.964128732681274414e-01
9.994094371795654297e-01
9.979807138442993164e-01
9.993391633033752441e-01
9.997954368591308594e-01
9.990733861923217773e-01
9.986269474029541016e-01
9.362354874610900879e-01
9.230672717094421387e-01
9.641560912132263184e-01
9.916301965713500977e-01
9.692558050155639648e-01
9.402363896369934082e-01
9.058977365493774414e-01
9.970725178718566895e-01
9.536609053611755371e-01
8.883751630783081055e-01
8.177397251129150391e-01
9.766382575035095215e-01
9.674150347709655762e-01
9.910465478897094727e-01
9.964991807937622070e-01
9.862871766090393066e-01
9.900436401367187500e-01
9.728069901466369629e-01
9.913232326507568359e-01
9.749296307563781738e-01
9.905506968498229980e-01
9.961113929748535156e-01
9.868309497833251953e-01
9.846875667572021484e-01
9.574238657951354980e-01
9.328756332397460938e-01
7.669821381568908691e-01
2.464861869812011719e-01
5.283378362655639648e-01
6.835322380065917969e-01
7.846472859382629395e-01
8.517948985099792480e-01
8.101937770843505859e-01
7.770358324050903320e-01
8.164182305335998535e-01
6.264796257019042969e-01
8.348909020423889160e-01
8.445973992347717285e-01
8.091508746147155762e-01
7.776790857315063477e-01
7.467004060745239258e-01
7.850769162178039551e-01
7.225867509841918945e-01
6.477157473564147949e-01
4.097745418548583984e-01
4.585548639297485352e-01
6.391420662403106689e-01
3.757879137992858887e-01
4.007391929626464844e-01
3.835793435573577881e-01
3.799253106117248535e-01
1.999993324279785156e-01
3.629978299140930176e-01
4.273508787155151367e-01
5.880407989025115967e-01
3.234668672084808350e-01
4.159198403358459473e-01
3.661519885063171387e-01
3.763923346996307373e-01
3.620252311229705811e-01
3.494107127189636230e-01
4.122317433357238770e-01
4.988037645816802979e-01
5.117592513561248779e-01
4.693636298179626465e-01
5.367041230201721191e-01
5.157643556594848633e-01
4.955300390720367432e-01
4.878920912742614746e-01
5.514413118362426758e-01
5.506026744842529297e-01
5.575185418128967285e-01
4.966383576393127441e-01
4.354324340820312500e-01
5.136407017707824707e-01
6.435938477516174316e-01
3.576836585998535156e-01
3.816740214824676514e-01
4.307240247726440430e-01
3.512992858886718750e-01
3.722224831581115723e-01
3.818260431289672852e-01
3.722631335258483887e-01
4.687206149101257324e-01
3.373975157737731934e-01
5.146815776824951172e-01
4.845349192619323730e-01
4.873230457305908203e-01
5.933002233505249023e-01
5.054101943969726562e-01
4.842883944511413574e-01
4.105376303195953369e-01
4.844306111335754395e-01
