9.961766004562377930e-01
2.928562760353088379e-01
4.109065532684326172e-01
8.505931496620178223e-01
9.950274825096130371e-01
9.988708496093750000e-01
9.985769391059875488e-01
9.988923072814941406e-01
9.909592270851135254e-01
9.864619374275207520e-01
9.960792660713195801e-01
9.994250535964965820e-01
9.998773932456970215e-01
9.986487627029418945e-01
9.978906512260437012e-01
9.995633959770202637e-01
9.993893504142761230e-01
9.998386502265930176e-01
9.998543262481689453e-01
9.998669028282165527e-01
9.991062879562377930e-01
9.982229471206665039e-01
9.995137453079223633e-01
9.998281598091125488e-01
9.999223351478576660e-01
9.999373555183410645e-01
9.999122619628906250e-01
9.993687868118286133e-01
9.998704195022583008e-01
9.999043941497802734e-01
9.999305009841918945e-01
9.998890757560729980e-01
9.998853802680969238e-01
9.999234080314636230e-01
9.999205470085144043e-01
9.999247193336486816e-01
9.999231696128845215e-01
9.997866153717041016e-01
9.998871088027954102e-01
9.998812675476074219e-01
9.996309876441955566e-01
6.279054284095764160e-01
9.905580878257751465e-01
9.973332285881042480e-01
9.994416236877441406e-01
9.997960925102233887e-01
9.998621344566345215e-01
9.994360208511352539e-01
9.992682337760925293e-01
9.997618198394775391e-01
9.997897148132324219e-01
9.998708963394165039e-01
9.967561960220336914e-01
9.994064569473266602e-01
9.982542395591735840e-01
9.972402453422546387e-01
9.989871978759765625e-01
9.994436502456665039e-01
9.995844364166259766e-01
9.994940757751464844e-01
9.998549222946166992e-01
9.994988441467285156e-01
9.986811876296997070e-01
9.995024204254150391e-01
9.994475245475769043e-01
9.995563626289367676e-01
9.994357824325561523e-01
9.991740584373474121e-01
9.995694756507873535e-01
9.971335530281066895e-01
9.974437952041625977e-01
9.986861348152160645e-01
9.974038600921630859e-01
9.961442947387695312e-01
9.982661008834838867e-01
9.997274279594421387e-01
9.964641332626342773e-01
3.629888296127319336e-01
9.934425354003906250e-01
9.994542598724365234e-01
9.981319308280944824e-01
9.991207718849182129e-01
9.983490109443664551e-01
9.996623992919921875e-01
9.996694326400756836e-01
9.991702437400817871e-01
9.996830224990844727e-01
9.995857477188110352e-01
9.997429847717285156e-01
9.986737966537475586e-01
9.991130828857421875e-01
9.996919631958007812e-01
9.995619058609008789e-01
9.994350075721740723e-01
9.991648793220520020e-01
9.994866251945495605e-01
9.996578097343444824e-01
9.993870258331298828e-01
9.996144175529479980e-01
9.997709393501281738e-01
9.994228482246398926e-01
9.995584487915039062e-01
9.994623064994812012e-01
9.984346628189086914e-01
9.994060993194580078e-01
9.997361302375793457e-01
9.975445866584777832e-01
9.996531605720520020e-01
9.818547368049621582e-01
9.965337514877319336e-01
9.982312321662902832e-01
9.910967350006103516e-01
9.994640946388244629e-01
9.997639060020446777e-01
9.992543458938598633e-01
9.977380633354187012e-01
9.987879395484924316e-01
9.981675744056701660e-01
9.977421760559082031e-01
9.992321729660034180e-01
9.994934201240539551e-01
9.995198249816894531e-01
9.991673231124877930e-01
9.972882270812988281e-01
9.462608098983764648e-01
8.945220112800598145e-01
9.323964118957519531e-01
9.974221587181091309e-01
9.740703105926513672e-01
9.730089902877807617e-01
9.865830540657043457e-01
9.081858396530151367e-01
9.679222702980041504e-01
5.807865262031555176e-01
9.805853366851806641e-01
9.861111640930175781e-01
9.979085326194763184e-01
9.809148311614990234e-01
9.942062497138977051e-01
9.561851620674133301e-01
9.893816113471984863e-01
9.651799798011779785e-01
9.814871549606323242e-01
9.846240282058715820e-01
9.860893487930297852e-01
9.899532198905944824e-01
9.713954329490661621e-01
9.629629850387573242e-01
8.714201450347900391e-01
3.041201829910278320e-01
2.536397576332092285e-01
2.742043137550354004e-01
3.956562280654907227e-01
7.354300618171691895e-01
5.716744959354400635e-01
5.013736486434936523e-01
6.011145114898681641e-01
6.680948138236999512e-01
3.789206743240356445e-01
5.110111832618713379e-01
6.545227169990539551e-01
3.316474556922912598e-01
6.310727596282958984e-01
3.462355434894561768e-01
5.307541787624359131e-01
3.426756262779235840e-01
3.591819405555725098e-01
3.847743868827819824e-01
3.247956633567810059e-01
2.947166264057159424e-01
3.237535953521728516e-01
2.426729798316955566e-01
2.929951548576354980e-01
3.652467727661132812e-01
2.424963712692260742e-01
3.002512454986572266e-01
3.538310527801513672e-01
2.651934623718261719e-01
3.379911184310913086e-01
3.230015039443969727e-01
2.720021903514862061e-01
3.225722312927246094e-01
2.565180659294128418e-01
4.396029412746429443e-01
5.419205427169799805e-01
3.499566316604614258e-01
4.031109511852264404e-01
3.745063543319702148e-01
4.140719473361968994e-01
3.985811471939086914e-01
2.420763373374938965e-01
2.584304809570312500e-01
3.049655556678771973e-01
3.813393712043762207e-01
3.849278986454010010e-01
4.108987152576446533e-01
5.414860844612121582e-01
4.198115766048431396e-01
4.285491108894348145e-01
4.004405140876770020e-01
4.093326032161712646e-01
3.424009680747985840e-01
3.755578100681304932e-01
3.983162045478820801e-01
4.379311501979827881e-01
4.943594336509704590e-01
