9.961766004562377930e-01
2.928562760353088379e-01
4.109065830707550049e-01
8.505931496620178223e-01
9.950274825096130371e-01
9.988708496093750000e-01
9.985769391059875488e-01
9.988923072814941406e-01
9.909592270851135254e-01
9.864619374275207520e-01
9.960792660713195801e-01
9.994250535964965820e-01
9.998773932456970215e-01
9.986487627029418945e-01
9.978906512260437012e-01
9.995633959770202637e-01
9.993893504142761230e-01
9.998386502265930176e-01
9.998543262481689453e-01
9.712257385253906250e-01
9.987111687660217285e-01
9.994915127754211426e-01
9.994297027587890625e-01
9.998396635055541992e-01
9.999099373817443848e-01
9.999387860298156738e-01
9.999240040779113770e-01
9.991251230239868164e-01
9.998704195022583008e-01
9.999043941497802734e-01
9.999305009841918945e-01
9.999001026153564453e-01
9.998853802680969238e-01
9.999234080314636230e-01
9.999205470085144043e-01
9.999247193336486816e-01
9.999231696128845215e-01
9.997866153717041016e-01
9.998871088027954102e-01
9.998812675476074219e-01
9.961012601852416992e-01
6.751945614814758301e-01
9.908046126365661621e-01
5.229738950729370117e-01
9.826851487159729004e-01
9.983353018760681152e-01
9.805590510368347168e-01
2.373117804527282715e-01
8.079360872507095337e-01
9.879133105278015137e-01
9.990273118019104004e-01
9.717178940773010254e-01
9.743150472640991211e-01
9.950760602951049805e-01
9.625716805458068848e-01
9.804658889770507812e-01
9.892144203186035156e-01
9.989039897918701172e-01
9.997760653495788574e-01
9.996464252471923828e-01
9.998412728309631348e-01
9.994239211082458496e-01
9.984668493270874023e-01
9.996470808982849121e-01
9.995766878128051758e-01
9.990562796592712402e-01
9.997231960296630859e-01
9.996617436408996582e-01
9.998008608818054199e-01
9.969203472137451172e-01
9.990345835685729980e-01
9.972613453865051270e-01
9.995911717414855957e-01
9.980395436286926270e-01
9.995799064636230469e-01
9.993532896041870117e-01
9.989843964576721191e-01
9.755966663360595703e-01
9.849383234977722168e-01
7.583230733871459961e-01
9.638082385063171387e-01
8.666847944259643555e-01
9.989720582962036133e-01
9.995461702346801758e-01
9.997588396072387695e-01
9.990659356117248535e-01
9.986782670021057129e-01
9.886958599090576172e-01
9.991801977157592773e-01
9.990855455398559570e-01
9.995366334915161133e-01
9.996074438095092773e-01
9.996349811553955078e-01
9.996543526649475098e-01
9.991129040718078613e-01
9.995079636573791504e-01
9.993348717689514160e-01
9.995239973068237305e-01
9.995433688163757324e-01
9.995828866958618164e-01
9.994524717330932617e-01
9.996892809867858887e-01
9.979800581932067871e-01
9.986404776573181152e-01
9.995059370994567871e-01
9.979007244110107422e-01
9.990351796150207520e-01
9.986217617988586426e-01
9.989047646522521973e-01
9.991760253906250000e-01
9.984979629516601562e-01
9.988988041877746582e-01
9.925817251205444336e-01
9.989407062530517578e-01
9.970256090164184570e-01
9.995338320732116699e-01
9.989750385284423828e-01
9.948325157165527344e-01
9.987292885780334473e-01
9.979727268218994141e-01
9.996766448020935059e-01
9.997514486312866211e-01
9.955903291702270508e-01
9.792869687080383301e-01
9.895402193069458008e-01
6.366828680038452148e-01
9.632691144943237305e-01
9.487772583961486816e-01
8.715680241584777832e-01
6.824847459793090820e-01
8.305092453956604004e-01
9.803775660693645477e-01
9.926996827125549316e-01
7.467854022979736328e-01
8.763209581375122070e-01
9.259083271026611328e-01
9.249616265296936035e-01
8.842937350273132324e-01
9.828332662582397461e-01
8.956044316291809082e-01
8.624248504638671875e-01
9.027589559555053711e-01
8.195732235908508301e-01
9.437929391860961914e-01
9.237114787101745605e-01
9.486752934753894806e-01
8.333376646041870117e-01
7.725545167922973633e-01
5.310711562633514404e-01
3.295446038246154785e-01
4.903331100940704346e-01
3.653845191001892090e-01
4.723715782165527344e-01
5.740728974342346191e-01
5.610731840133666992e-01
5.890529751777648926e-01
4.666824936866760254e-01
5.439509749412536621e-01
5.867161750793457031e-01
3.696975111961364746e-01
5.706819295883178711e-01
6.931301355361938477e-01
5.110841989517211914e-01
7.376225590705871582e-01
5.195052027702331543e-01
5.599902868270874023e-01
3.932055830955505371e-01
3.606441020965576172e-01
2.953189611434936523e-01
2.568259239196777344e-01
4.238907098770141602e-01
2.931641340255737305e-01
3.585542738437652588e-01
3.397294282913208008e-01
1.913092136383056641e-01
2.726250886917114258e-01
2.598254680633544922e-01
2.902524471282958984e-01
2.912728786468505859e-01
3.299163579940795898e-01
2.687074542045593262e-01
2.225879430770874023e-01
2.233477830886840820e-01
2.231937646865844727e-01
2.712256312370300293e-01
3.859780132770538330e-01
3.897351026535034180e-01
3.860931992530822754e-01
4.606411457061767578e-01
4.574950933456420898e-01
4.053481221199035645e-01
3.878803551197052002e-01
3.712043762207031250e-01
3.975217342376708984e-01
3.815266788005828857e-01
3.608851432800292969e-01
4.217499494552612305e-01
3.464401364326477051e-01
3.272544741630554199e-01
3.340769708156585693e-01
3.233291804790496826e-01
3.811996281147003174e-01
4.247394502162933350e-01
3.861176967620849609e-01
4.706820845603942871e-01
4.785559475421905518e-01
4.237015247344970703e-01
