9.961766004562377930e-01
9.970693588256835938e-01
9.985863566398620605e-01
9.985475540161132812e-01
9.996557831764221191e-01
9.997925162315368652e-01
9.964882135391235352e-01
9.971145987510681152e-01
9.997074007987976074e-01
9.891753792762756348e-01
9.896013140678405762e-01
9.994846582412719727e-01
9.998534321784973145e-01
9.990628957748413086e-01
9.980738162994384766e-01
9.994744658470153809e-01
9.994963407516479492e-01
9.998399615287780762e-01
9.998552799224853516e-01
9.998674392700195312e-01
9.998927712440490723e-01
9.998809099197387695e-01
9.988817572593688965e-01
9.996901154518127441e-01
9.999225735664367676e-01
9.999418258666992188e-01
9.999083280563354492e-01
9.998808503150939941e-01
9.999381899833679199e-01
9.998931884765625000e-01
9.998812079429626465e-01
9.999126195907592773e-01
9.999055862426757812e-01
9.999191761016845703e-01
9.999223351478576660e-01
9.999392628669738770e-01
9.999065399169921875e-01
9.995601177215576172e-01
9.997379779815673828e-01
9.877383708953857422e-01
9.406669139862060547e-01
9.849510192871093750e-01
3.036411404609680176e-01
8.237065225839614868e-01
5.643729567527770996e-01
4.686349630355834961e-01
8.001824021339416504e-01
8.750545978546142578e-01
9.972627162933349609e-01
9.993876218795776367e-01
9.998339414596557617e-01
9.993541240692138672e-01
9.990851283073425293e-01
9.996080398559570312e-01
9.995915889739990234e-01
9.996685385704040527e-01
9.996592998504638672e-01
9.996444582939147949e-01
9.998578429222106934e-01
9.993826150894165039e-01
9.992013573646545410e-01
9.996652007102966309e-01
9.990668296813964844e-01
9.997600913047790527e-01
9.995542168617248535e-01
9.998643398284912109e-01
9.978374242782592773e-01
9.983303546905517578e-01
9.987291097640991211e-01
9.992777705192565918e-01
9.994212985038757324e-01
9.986304044723510742e-01
9.993615746498107910e-01
9.996887445449829102e-01
9.990667700767517090e-01
7.662165164947509766e-01
9.330447912216186523e-01
9.632382988929748535e-01
9.889909625053405762e-01
9.988158941268920898e-01
9.993604421615600586e-01
9.996209740638732910e-01
9.998184442520141602e-01
9.995793700218200684e-01
9.997323751449584961e-01
9.996148347854614258e-01
9.996497035026550293e-01
9.997600913047790527e-01
9.996879696846008301e-01
9.992291331291198730e-01
9.993370175361633301e-01
9.995685219764709473e-01
9.993936419486999512e-01
9.993368387222290039e-01
9.993904829025268555e-01
9.994769096374511719e-01
9.995885491371154785e-01
9.994233846664428711e-01
9.993452429771423340e-01
9.989576935768127441e-01
9.958270192146301270e-01
9.995380640029907227e-01
9.992938041687011719e-01
9.993537664413452148e-01
9.908668398857116699e-01
9.760003089904785156e-01
9.870012402534484863e-01
9.987280964851379395e-01
9.986867904663085938e-01
9.992804527282714844e-01
9.993720054626464844e-01
9.992640018463134766e-01
9.877117872238159180e-01
9.991580843925476074e-01
9.895222187042236328e-01
9.988527297973632812e-01
9.992283582687377930e-01
9.985206723213195801e-01
9.997079968452453613e-01
9.993209242820739746e-01
9.993695616722106934e-01
9.871326088905334473e-01
9.882227778434753418e-01
9.920806884765625000e-01
9.983513951301574707e-01
9.972639083862304688e-01
9.995505809783935547e-01
9.973114728927612305e-01
9.937459826469421387e-01
8.547943830490112305e-01
7.804526686668395996e-01
9.663455486297607422e-01
9.960867166519165039e-01
9.948892593383789062e-01
9.717851877212524414e-01
8.353525400161743164e-01
9.740755558013916016e-01
9.711664915084838867e-01
9.819689989089965820e-01
9.769992232322692871e-01
9.580800533294677734e-01
9.603409767150878906e-01
9.029241800308227539e-01
9.565891027450561523e-01
9.121906608343124390e-01
7.178055346012115479e-01
5.925897955894470215e-01
7.261673212051391602e-01
7.327637076377868652e-01
5.570333898067474365e-01
5.562572479248046875e-01
4.680098891258239746e-01
3.091801404953002930e-01
5.545564293861389160e-01
5.083592832088470459e-01
6.488040685653686523e-01
3.293913900852203369e-01
4.113568663597106934e-01
6.428543627262115479e-01
6.068719625473022461e-01
3.419414162635803223e-01
5.510237216949462891e-01
6.085051000118255615e-01
6.996130943298339844e-01
5.068099498748779297e-01
6.883088350296020508e-01
5.387851893901824951e-01
6.464711427688598633e-01
4.223271608352661133e-01
7.052329778671264648e-01
6.180376708507537842e-01
6.639544963836669922e-01
6.097638309001922607e-01
6.382036507129669189e-01
5.328415632247924805e-01
3.419046700000762939e-01
3.867455720901489258e-01
4.357998967170715332e-01
4.556347727775573730e-01
2.067131996154785156e-01
3.336389958858489990e-01
3.811421394348144531e-01
3.830539584159851074e-01
5.125123858451843262e-01
4.145426452159881592e-01
5.969250500202178955e-01
4.211058020591735840e-01
4.750372767448425293e-01
5.851429104804992676e-01
4.600107073783874512e-01
5.410406589508056641e-01
6.145448088645935059e-01
5.506292283535003662e-01
5.336683392524719238e-01
5.798965692520141602e-01
4.048494100570678711e-01
3.945544958114624023e-01
