9.961766004562377930e-01
9.970693588256835938e-01
4.997427463531494141e-01
5.682862997055053711e-01
9.958591461181640625e-01
9.985280632972717285e-01
9.986448287963867188e-01
9.990281462669372559e-01
9.996793270111083984e-01
9.928966164588928223e-01
9.857288599014282227e-01
9.994789361953735352e-01
9.998585581779479980e-01
9.988344311714172363e-01
9.980738162994384766e-01
9.994714856147766113e-01
9.994907379150390625e-01
9.998394846916198730e-01
9.998552203178405762e-01
9.712257385253906250e-01
9.986985325813293457e-01
9.995135664939880371e-01
9.998295903205871582e-01
9.998425841331481934e-01
9.999101161956787109e-01
9.999390840530395508e-01
9.999344944953918457e-01
9.991489052772521973e-01
9.998721480369567871e-01
9.999051690101623535e-01
9.999091625213623047e-01
9.999434351921081543e-01
9.999417066574096680e-01
9.999030232429504395e-01
9.998956918716430664e-01
9.999222755432128906e-01
9.999190568923950195e-01
9.997770786285400391e-01
9.881455898284912109e-01
9.964085817337036133e-01
9.050971269607543945e-01
9.675757288932800293e-01
9.972572326660156250e-01
9.996432065963745117e-01
9.832826256752014160e-01
9.990003705024719238e-01
9.905306696891784668e-01
6.703405380249023438e-01
6.930962800979614258e-01
9.991197586059570312e-01
9.990653395652770996e-01
9.992730021476745605e-01
9.995532035827636719e-01
9.994093775749206543e-01
9.998566508293151855e-01
9.993633627891540527e-01
9.991504549980163574e-01
9.996492862701416016e-01
9.996343851089477539e-01
9.997006058692932129e-01
9.996838569641113281e-01
9.998537898063659668e-01
9.991831183433532715e-01
9.987112283706665039e-01
9.995371699333190918e-01
9.993333816528320312e-01
9.992609620094299316e-01
9.988508820533752441e-01
9.989935159683227539e-01
9.995731115341186523e-01
9.987324476242065430e-01
9.976379275321960449e-01
9.989664554595947266e-01
9.995724558830261230e-01
9.858838915824890137e-01
9.768446087837219238e-01
9.996891021728515625e-01
9.645783305168151855e-01
8.182780742645263672e-01
9.948903322219848633e-01
9.970594644546508789e-01
9.992418885231018066e-01
9.988415241241455078e-01
9.992108345031738281e-01
9.995620846748352051e-01
9.998018145561218262e-01
9.998105764389038086e-01
9.998526573181152344e-01
9.993260502815246582e-01
9.998030662536621094e-01
9.998207688331604004e-01
9.998205900192260742e-01
9.998407959938049316e-01
9.996558427810668945e-01
9.992336034774780273e-01
9.985457658767700195e-01
9.995887279510498047e-01
9.996296763420104980e-01
9.993500113487243652e-01
9.992288351058959961e-01
9.987421035766601562e-01
9.995862841606140137e-01
9.997330307960510254e-01
9.988657236099243164e-01
9.988936185836791992e-01
9.991150498390197754e-01
9.960724711418151855e-01
9.853655099868774414e-01
9.959649443626403809e-01
9.985415935516357422e-01
9.997690320014953613e-01
9.987530112266540527e-01
9.949882626533508301e-01
9.988130331039428711e-01
9.966554641723632812e-01
9.967901706695556641e-01
9.989911913871765137e-01
9.988965392112731934e-01
9.993273615837097168e-01
9.986957311630249023e-01
9.995735883712768555e-01
7.188227772712707520e-01
9.017280936241149902e-01
9.845018982887268066e-01
9.982372522354125977e-01
9.298000335693359375e-01
9.215355515480041504e-01
9.887542724609375000e-01
9.950869679450988770e-01
9.429165124893188477e-01
9.136313199996948242e-01
9.666621685028076172e-01
9.945560693740844727e-01
9.991549253463745117e-01
9.695032238960266113e-01
9.398393034934997559e-01
6.784712672233581543e-01
6.644952595233917236e-01
9.681997895240783691e-01
9.707356691360473633e-01
9.770262241363525391e-01
9.881318211555480957e-01
9.917510747909545898e-01
9.130459427833557129e-01
7.973175048828125000e-01
8.482854366302490234e-01
5.513608455657958984e-01
6.901012063026428223e-01
8.734048008918762207e-01
8.249269723892211914e-01
5.174668133258819580e-01
7.972298264503479004e-01
6.959570050239562988e-01
6.582663655281066895e-01
2.748509347438812256e-01
7.045313715934753418e-01
7.509950399398803711e-01
7.492717802524566650e-01
6.687107980251312256e-01
6.568077206611633301e-01
6.461081504821777344e-01
6.240790784358978271e-01
7.801487445831298828e-01
5.471714735031127930e-01
4.847342967987060547e-01
2.813548445701599121e-01
4.953194260597229004e-01
3.054226040840148926e-01
3.585859239101409912e-01
3.904803097248077393e-01
4.023210704326629639e-01
2.839643359184265137e-01
3.245729506015777588e-01
3.385792076587677002e-01
2.140256464481353760e-01
2.726889848709106445e-01
3.651915788650512695e-01
2.534447312355041504e-01
2.913112044334411621e-01
3.167703151702880859e-01
2.904853820800781250e-01
2.233151793479919434e-01
3.460289835929870605e-01
3.967390656471252441e-01
3.772931694984436035e-01
4.884108006954193115e-01
4.338528811931610107e-01
4.887525439262390137e-01
4.916945695877075195e-01
4.512934684753417969e-01
4.856976866722106934e-01
4.089950919151306152e-01
3.764615654945373535e-01
3.828160762786865234e-01
3.093717098236083984e-01
3.525474071502685547e-01
2.642353773117065430e-01
3.013386130332946777e-01
3.208409547805786133e-01
3.918089270591735840e-01
4.070689976215362549e-01
4.522699117660522461e-01
4.497251808643341064e-01
5.428218543529510498e-01
3.702668547630310059e-01
4.313145875930786133e-01
