9.961766004562377930e-01
9.970693588256835938e-01
9.985863566398620605e-01
6.561009287834167480e-01
9.846214652061462402e-01
9.987663626670837402e-01
4.852566421031951904e-01
7.445484995841979980e-01
9.955805540084838867e-01
9.956941008567810059e-01
9.976858496665954590e-01
9.995087981224060059e-01
9.998688101768493652e-01
9.998847842216491699e-01
9.987072944641113281e-01
9.982871413230895996e-01
9.994984865188598633e-01
9.998257160186767578e-01
9.998814463615417480e-01
9.585264921188354492e-01
9.979286193847656250e-01
9.996428489685058594e-01
9.998295903205871582e-01
9.998399615287780762e-01
9.999109506607055664e-01
9.999142289161682129e-01
9.999448657035827637e-01
9.999305605888366699e-01
9.998197555541992188e-01
9.998757839202880859e-01
9.999055266380310059e-01
9.999178051948547363e-01
9.999440312385559082e-01
9.998990893363952637e-01
9.998912811279296875e-01
9.999257326126098633e-01
9.999186992645263672e-01
9.997813701629638672e-01
8.393104076385498047e-01
9.890288114547729492e-01
8.143429756164550781e-01
9.819319248199462891e-01
9.975158572196960449e-01
9.996566772460937500e-01
9.795686006546020508e-01
9.983752965927124023e-01
7.356258332729339600e-01
9.911072850227355957e-01
9.993176460266113281e-01
9.997796416282653809e-01
9.986109137535095215e-01
9.987658262252807617e-01
9.995298385620117188e-01
9.993500709533691406e-01
9.996784925460815430e-01
9.998490214347839355e-01
9.993593692779541016e-01
9.992976784706115723e-01
9.996606111526489258e-01
9.996311664581298828e-01
9.997023344039916992e-01
9.996765851974487305e-01
9.997928142547607422e-01
9.991862177848815918e-01
9.987128973007202148e-01
9.995466470718383789e-01
9.993581175804138184e-01
9.992733597755432129e-01
9.988295435905456543e-01
9.993529319763183594e-01
9.996693134307861328e-01
9.956020712852478027e-01
9.991976022720336914e-01
9.995498061180114746e-01
9.982912540435791016e-01
9.986429810523986816e-01
9.976003170013427734e-01
9.997262954711914062e-01
9.996567964553833008e-01
9.995264410972595215e-01
9.985815882682800293e-01
9.986252784729003906e-01
9.996249079704284668e-01
9.997549057006835938e-01
9.976323246955871582e-01
9.996912479400634766e-01
9.994987845420837402e-01
9.996679425239562988e-01
9.992141723632812500e-01
9.995604753494262695e-01
9.997183680534362793e-01
9.996614456176757812e-01
9.996176362037658691e-01
9.995388984680175781e-01
9.965501427650451660e-01
9.993596076965332031e-01
9.989019632339477539e-01
9.987653493881225586e-01
9.994125366210937500e-01
9.926800727844238281e-01
9.891068935394287109e-01
9.974842667579650879e-01
9.986169934272766113e-01
9.979596138000488281e-01
9.985103011131286621e-01
9.952994585037231445e-01
9.981446266174316406e-01
9.975955486297607422e-01
9.988352656364440918e-01
9.964632391929626465e-01
9.904737472534179688e-01
9.983003139495849609e-01
9.983240365982055664e-01
9.938782453536987305e-01
9.988626241683959961e-01
9.979371428489685059e-01
9.991979002952575684e-01
9.991189837455749512e-01
9.995619058609008789e-01
9.995788335800170898e-01
9.991164803504943848e-01
9.601498842239379883e-01
9.561304450035095215e-01
9.985327720642089844e-01
9.250099062919616699e-01
9.598312377929687500e-01
9.866561293601989746e-01
9.958399534225463867e-01
9.897806644439697266e-01
8.597630858421325684e-01
9.787381291389465332e-01
9.311283826828002930e-01
9.974381923675537109e-01
9.844541549682617188e-01
9.955955743789672852e-01
9.874230623245239258e-01
9.739795923233032227e-01
9.887868762016296387e-01
9.909111857414245605e-01
9.765573740005493164e-01
9.855917096138000488e-01
9.934254884719848633e-01
9.965887069702148438e-01
9.957491159439086914e-01
9.860113859176635742e-01
9.575781226158142090e-01
8.454664647579193115e-01
8.302958011627197266e-01
7.940382361412048340e-01
6.550440788269042969e-01
5.352129638195037842e-01
7.065547108650207520e-01
8.165913224220275879e-01
5.903005897998809814e-01
5.943838953971862793e-01
5.400689244270324707e-01
5.868123471736907959e-01
4.699605703353881836e-01
7.135753035545349121e-01
7.474901080131530762e-01
5.559571385383605957e-01
6.654036641120910645e-01
4.419867992401123047e-01
5.250633955001831055e-01
2.366634607315063477e-01
4.693200886249542236e-01
4.739306867122650146e-01
4.321468472480773926e-01
4.675877690315246582e-01
5.439608395099639893e-01
3.414056599140167236e-01
5.000228285789489746e-01
2.547741234302520752e-01
2.688686847686767578e-01
4.564773440361022949e-01
3.041334152221679688e-01
4.431195259094238281e-01
5.420787930488586426e-01
6.213048696517944336e-01
3.028170466423034668e-01
5.192473530769348145e-01
4.923137426376342773e-01
5.294341444969177246e-01
4.895737171173095703e-01
2.596181631088256836e-01
3.774687051773071289e-01
4.179610610008239746e-01
5.274664163589477539e-01
3.258079290390014648e-01
4.611225426197052002e-01
3.823405802249908447e-01
4.041512906551361084e-01
3.300203382968902588e-01
4.118872582912445068e-01
4.941919744014739990e-01
3.507123589515686035e-01
4.455130100250244141e-01
4.690415263175964355e-01
4.262061119079589844e-01
4.085243642330169678e-01
5.169037580490112305e-01
3.984942436218261719e-01
4.040133059024810791e-01
4.661677777767181396e-01
4.772178232669830322e-01
6.602890491485595703e-01
5.252160429954528809e-01
4.809257984161376953e-01
3.936452865600585938e-01
3.912650346755981445e-01
3.750998377799987793e-01
3.385788202285766602e-01
3.622385859489440918e-01
