9.961766004562377930e-01
2.928562760353088379e-01
4.109065532684326172e-01
8.505931496620178223e-01
9.950274825096130371e-01
9.988708496093750000e-01
9.985769391059875488e-01
9.988923072814941406e-01
9.909592270851135254e-01
9.864619374275207520e-01
9.960792660713195801e-01
9.994250535964965820e-01
9.998773932456970215e-01
9.986487627029418945e-01
9.978906512260437012e-01
9.995633959770202637e-01
9.993893504142761230e-01
9.998386502265930176e-01
9.998543262481689453e-01
9.712257385253906250e-01
9.987111687660217285e-01
9.994915127754211426e-01
9.994297027587890625e-01
9.998396635055541992e-01
9.999099373817443848e-01
9.999387860298156738e-01
9.999240040779113770e-01
9.991251230239868164e-01
9.998704195022583008e-01
9.999043941497802734e-01
9.999305009841918945e-01
9.999001026153564453e-01
9.998853802680969238e-01
9.999234080314636230e-01
9.999205470085144043e-01
9.999247193336486816e-01
9.999231696128845215e-01
9.997866153717041016e-01
9.997617602348327637e-01
9.997509121894836426e-01
9.954921007156372070e-01
3.794840574264526367e-01
4.505750536918640137e-01
9.089748263359069824e-01
3.493413329124450684e-01
5.873829722404479980e-01
9.749899506568908691e-01
6.528896689414978027e-01
8.487576246261596680e-01
9.968633651733398438e-01
9.995988011360168457e-01
9.996960163116455078e-01
9.996415376663208008e-01
9.998383522033691406e-01
9.993855357170104980e-01
9.991002678871154785e-01
9.996400475502014160e-01
9.996089339256286621e-01
9.996861219406127930e-01
9.996744990348815918e-01
9.998496770858764648e-01
9.994876384735107422e-01
9.986477494239807129e-01
9.995169043540954590e-01
9.994304180145263672e-01
9.995514154434204102e-01
9.995445013046264648e-01
9.995223283767700195e-01
9.997956752777099609e-01
9.997243285179138184e-01
9.976307153701782227e-01
9.983955621719360352e-01
9.993284940719604492e-01
9.977191090583801270e-01
9.988055229187011719e-01
9.984768629074096680e-01
9.987592697143554688e-01
6.535246372222900391e-01
7.537967562675476074e-01
9.972317814826965332e-01
9.983658790588378906e-01
9.978354573249816895e-01
9.994249939918518066e-01
9.996905922889709473e-01
9.994931817054748535e-01
9.977394938468933105e-01
9.932353496551513672e-01
9.994529485702514648e-01
9.982044696807861328e-01
9.983459711074829102e-01
9.995380640029907227e-01
9.994286298751831055e-01
9.969040751457214355e-01
9.949377179145812988e-01
9.980279803276062012e-01
9.988393783569335938e-01
9.987940192222595215e-01
9.988043904304504395e-01
9.992955327033996582e-01
9.997473359107971191e-01
9.993982911109924316e-01
9.975373744964599609e-01
9.982686042785644531e-01
9.993072152137756348e-01
9.997874498367309570e-01
9.997165799140930176e-01
9.996745586395263672e-01
9.940101504325866699e-01
9.946691989898681641e-01
9.912613630294799805e-01
9.986548423767089844e-01
9.989373087882995605e-01
9.977020621299743652e-01
9.997297525405883789e-01
9.990310668945312500e-01
9.989855885505676270e-01
9.975924491882324219e-01
9.975724816322326660e-01
9.946227073669433594e-01
9.995146393775939941e-01
9.994509816169738770e-01
9.996528625488281250e-01
9.988098144531250000e-01
9.971891641616821289e-01
7.940359115600585938e-01
6.505389809608459473e-01
8.427159190177917480e-01
9.804272055625915527e-01
9.934418797492980957e-01
9.996040463447570801e-01
9.849426150321960449e-01
9.652528762817382812e-01
9.952868223190307617e-01
9.903671741485595703e-01
9.983883500099182129e-01
9.882323145866394043e-01
9.982359409332275391e-01
9.954312443733215332e-01
9.942663311958312988e-01
9.838821291923522949e-01
9.951208829879760742e-01
9.836208224296569824e-01
9.927703142166137695e-01
9.955341359600424767e-01
9.918010234832763672e-01
9.911400675773620605e-01
9.727432727813720703e-01
9.477937519550323486e-01
8.825789690017700195e-01
7.963653802871704102e-01
8.371658921241760254e-01
7.184786498546600342e-01
8.805637359619140625e-01
8.810483217239379883e-01
8.238808661699295044e-01
8.580865263938903809e-01
8.202162384986877441e-01
3.847405910491943359e-01
5.794703066349029541e-01
4.446045160293579102e-01
7.272661030292510986e-01
3.610293269157409668e-01
6.476349234580993652e-01
8.031377792358398438e-01
7.485363483428955078e-01
3.856737017631530762e-01
4.102211892604827881e-01
5.763903856277465820e-01
3.191199302673339844e-01
3.919090032577514648e-01
4.045684337615966797e-01
4.062207937240600586e-01
2.290268540382385254e-01
4.846535921096801758e-01
3.617344498634338379e-01
4.968512356281280518e-01
4.344170391559600830e-01
3.846766352653503418e-01
3.684014678001403809e-01
4.183159470558166504e-01
3.603557050228118896e-01
4.145385026931762695e-01
4.362668395042419434e-01
4.401081204414367676e-01
4.869771003723144531e-01
4.355451464653015137e-01
3.687373995780944824e-01
4.832193255424499512e-01
4.196296930313110352e-01
4.568399190902709961e-01
5.177352428436279297e-01
3.811177015304565430e-01
4.234799146652221680e-01
4.326229691505432129e-01
3.878225684165954590e-01
3.992701768875122070e-01
3.159517645835876465e-01
5.414019227027893066e-01
5.273482501506805420e-01
5.312209129333496094e-01
4.753074645996093750e-01
4.569530487060546875e-01
4.390303492546081543e-01
4.695903360843658447e-01
5.291871726512908936e-01
4.129489958286285400e-01
3.980026245117187500e-01
4.000744819641113281e-01
4.429311752319335938e-01
4.485155940055847168e-01
4.158279299736022949e-01
