9.961766004562377930e-01
9.970693588256835938e-01
4.997427463531494141e-01
5.682862997055053711e-01
9.958591461181640625e-01
9.985280632972717285e-01
9.986448287963867188e-01
9.990281462669372559e-01
9.996793270111083984e-01
9.998212456703186035e-01
9.998033642768859863e-01
9.998087286949157715e-01
9.999039173126220703e-01
9.998418092727661133e-01
9.951860308647155762e-01
9.987812042236328125e-01
9.993730187416076660e-01
9.998184442520141602e-01
9.998603463172912598e-01
9.748363494873046875e-01
9.985367059707641602e-01
9.995704889297485352e-01
9.994297027587890625e-01
9.998400211334228516e-01
9.999096989631652832e-01
9.999387860298156738e-01
9.999122619628906250e-01
9.999274015426635742e-01
9.998816847801208496e-01
9.998652935028076172e-01
9.999144077301025391e-01
9.999151825904846191e-01
9.999236464500427246e-01
9.999260306358337402e-01
9.999210238456726074e-01
9.999418854713439941e-01
9.999020695686340332e-01
9.995574951171875000e-01
9.997384548187255859e-01
9.870792031288146973e-01
5.009642839431762695e-01
9.832978248596191406e-01
3.193451762199401855e-01
6.013874411582946777e-01
8.878734707832336426e-01
5.623199343681335449e-01
5.594721138477325439e-01
8.818913698196411133e-01
9.959906339645385742e-01
9.993947744369506836e-01
9.998423457145690918e-01
9.992590546607971191e-01
9.991969466209411621e-01
9.996153712272644043e-01
9.995955228805541992e-01
9.996761679649353027e-01
9.996526837348937988e-01
9.998474121093750000e-01
9.994616508483886719e-01
9.992132186889648438e-01
9.997644424438476562e-01
9.997147321701049805e-01
9.992751479148864746e-01
9.989938139915466309e-01
9.996628761291503906e-01
9.996019005775451660e-01
9.992392659187316895e-01
9.986772537231445312e-01
9.987957477569580078e-01
9.995055794715881348e-01
9.996245503425598145e-01
9.988326430320739746e-01
9.995090365409851074e-01
9.990622997283935547e-01
9.937681555747985840e-01
9.961012601852416992e-01
9.991688132286071777e-01
9.949082732200622559e-01
9.919664263725280762e-01
9.966722130775451660e-01
9.994884133338928223e-01
9.997379183769226074e-01
9.995543956756591797e-01
9.995914101600646973e-01
9.996758103370666504e-01
9.990724325180053711e-01
9.970434308052062988e-01
9.997529983520507812e-01
9.997665882110595703e-01
9.997796416282653809e-01
9.996739625930786133e-01
9.995403885841369629e-01
9.998617172241210938e-01
9.996783137321472168e-01
9.998169541358947754e-01
9.994640946388244629e-01
9.995632171630859375e-01
9.994524121284484863e-01
9.995466470718383789e-01
9.996845722198486328e-01
9.995793700218200684e-01
9.996843338012695312e-01
9.993982911109924316e-01
9.985485672950744629e-01
9.995887875556945801e-01
9.996995925903320312e-01
9.993004798889160156e-01
9.997287392616271973e-01
9.996106624603271484e-01
9.995520710945129395e-01
9.945054650306701660e-01
9.969140291213989258e-01
9.918432831764221191e-01
9.995736479759216309e-01
9.992396831512451172e-01
9.998412728309631348e-01
9.992829561233520508e-01
9.977096915245056152e-01
9.984902143478393555e-01
9.985032081604003906e-01
9.989131093025207520e-01
9.995053410530090332e-01
9.996861815452575684e-01
9.996718168258666992e-01
9.992434978485107422e-01
9.990432858467102051e-01
9.989950656890869141e-01
9.800477027893066406e-01
9.966106414794921875e-01
9.961277246475219727e-01
5.656426548957824707e-01
9.959415197372436523e-01
9.952699542045593262e-01
8.925866484642028809e-01
7.238271236419677734e-01
6.557850837707519531e-01
9.530319571495056152e-01
9.989812374114990234e-01
9.992669820785522461e-01
9.610484838485717773e-01
9.974351525306701660e-01
9.715383648872375488e-01
9.980888962745666504e-01
9.731659889221191406e-01
9.918313026428222656e-01
9.962384700775146484e-01
9.923304915428161621e-01
9.719165563583374023e-01
9.256468638777732849e-01
3.881976008415222168e-01
2.910056114196777344e-01
3.208059966564178467e-01
3.333760797977447510e-01
7.721623182296752930e-01
9.834706187248229980e-01
6.272778809070587158e-01
9.473277926445007324e-01
8.606556057929992676e-01
9.707986712455749512e-01
9.119975417852401733e-01
9.728055596351623535e-01
9.499121904373168945e-01
9.912455081939697266e-01
9.147215485572814941e-01
9.793572425842285156e-01
9.404385685920715332e-01
8.823999762535095215e-01
5.452438592910766602e-01
4.653691649436950684e-01
8.342041373252868652e-01
3.288961648941040039e-01
7.068012952804565430e-01
7.068523764610290527e-01
8.051973581314086914e-01
1.385868191719055176e-01
6.007467508316040039e-01
5.405744314193725586e-01
6.227548122406005859e-01
5.091179311275482178e-01
5.893146395683288574e-01
4.257198572158813477e-01
2.484021037817001343e-01
4.346493482589721680e-01
5.308208465576171875e-01
8.509337902069091797e-01
9.604941606521606445e-01
9.678859114646911621e-01
9.769960045814514160e-01
9.807834625244140625e-01
9.972839355468750000e-01
9.990863800048828125e-01
9.977607727050781250e-01
9.780622720718383789e-01
8.869475722312927246e-01
9.959936141967773438e-01
9.000473618507385254e-01
2.310264110565185547e-01
8.566785454750061035e-01
8.944377899169921875e-01
9.520600363612174988e-01
9.968653321266174316e-01
9.895054697990417480e-01
4.456073045730590820e-01
2.840402126312255859e-01
4.414261281490325928e-01
7.097094058990478516e-01
7.104461789131164551e-01
9.589203596115112305e-01
7.953397929668426514e-01
5.287393033504486084e-01
8.478907942771911621e-01
6.628824472427368164e-01
9.525367617607116699e-01
8.013105392456054688e-01
5.524629354476928711e-01
7.587444782257080078e-01
5.883939266204833984e-01
4.556294381618499756e-01
7.032448649406433105e-01
6.667144894599914551e-01
3.167382478713989258e-01
7.583730071783065796e-01
8.648487329483032227e-01
4.720007479190826416e-01
7.500643134117126465e-01
7.737464308738708496e-01
7.727537155151367188e-01
3.218280673027038574e-01
5.992191433906555176e-01
6.627201735973358154e-01
4.819417595863342285e-01
8.751780390739440918e-01
9.277147054672241211e-01
9.073380231857299805e-01
7.798149287700653076e-01
4.852645993232727051e-01
4.283078908920288086e-01
5.883340239524841309e-01
3.654080629348754883e-01
5.207839310169219971e-01
7.713396251201629639e-01
4.004908204078674316e-01
5.517883300781250000e-01
3.869324326515197754e-01
4.565514624118804932e-01
3.713862895965576172e-01
5.322340726852416992e-01
5.471214652061462402e-01
5.116013288497924805e-01
5.758188962936401367e-01
4.842746257781982422e-01
3.771283626556396484e-01
4.667460322380065918e-01
5.339602231979370117e-01
4.656141400337219238e-01
6.475139260292053223e-01
7.179811596870422363e-01
5.459830760955810547e-01
4.480263590812683105e-01
3.039582371711730957e-01
3.812813758850097656e-01
3.616391420364379883e-01
2.088354825973510742e-01
2.765911817550659180e-01
2.193313837051391602e-01
3.346535563468933105e-01
4.090751111507415771e-01
3.951922953128814697e-01
3.659018278121948242e-01
4.011107087135314941e-01
3.142149448394775391e-01
3.539724946022033691e-01
3.958533704280853271e-01
3.350406885147094727e-01
4.610168933868408203e-01
3.555772304534912109e-01
3.168684840202331543e-01
3.341393470764160156e-01
3.597298860549926758e-01
3.681053519248962402e-01
