9.961766004562377930e-01
9.970693588256835938e-01
4.997427463531494141e-01
5.682863593101501465e-01
9.958591461181640625e-01
9.985280632972717285e-01
9.986448287963867188e-01
9.990281462669372559e-01
9.996793270111083984e-01
9.928966164588928223e-01
9.857288599014282227e-01
9.994789361953735352e-01
9.998585581779479980e-01
9.988344311714172363e-01
9.980738162994384766e-01
9.994714856147766113e-01
9.994907379150390625e-01
9.998394846916198730e-01
9.998552203178405762e-01
9.998669028282165527e-01
9.998931884765625000e-01
9.988839626312255859e-01
9.996949434280395508e-01
9.998465180397033691e-01
9.999191761016845703e-01
9.999439716339111328e-01
9.999247789382934570e-01
9.990944266319274902e-01
9.998874664306640625e-01
9.999051690101623535e-01
9.999091625213623047e-01
9.999374151229858398e-01
9.998838901519775391e-01
9.998908638954162598e-01
9.999253153800964355e-01
9.999186992645263672e-01
9.999256134033203125e-01
9.997519254684448242e-01
9.869464635848999023e-01
9.919380545616149902e-01
9.989296197891235352e-01
7.464565038681030273e-01
6.129136085510253906e-01
9.740211963653564453e-01
4.881610870361328125e-01
5.851047635078430176e-01
9.676595330238342285e-01
7.546779513359069824e-01
6.179183125495910645e-01
9.995023012161254883e-01
9.994405508041381836e-01
9.994576573371887207e-01
9.996421933174133301e-01
9.996319413185119629e-01
9.998566508293151855e-01
9.993408322334289551e-01
9.991514682769775391e-01
9.996579885482788086e-01
9.996278882026672363e-01
9.996975660324096680e-01
9.996817708015441895e-01
9.998531937599182129e-01
9.991567730903625488e-01
9.987189173698425293e-01
9.995270967483520508e-01
9.994807243347167969e-01
9.994888901710510254e-01
9.994381666183471680e-01
9.991592168807983398e-01
9.996925592422485352e-01
9.987593889236450195e-01
9.993890523910522461e-01
9.993273615837097168e-01
9.988739490509033203e-01
9.981839656829833984e-01
9.994576573371887207e-01
9.997699856758117676e-01
8.203658163547515869e-01
9.982489347457885742e-01
9.991232156753540039e-01
9.993683099746704102e-01
9.993287920951843262e-01
9.971522688865661621e-01
9.989777803421020508e-01
9.998065829277038574e-01
9.996423125267028809e-01
9.997058510780334473e-01
9.997243285179138184e-01
9.997217059135437012e-01
9.996085166931152344e-01
9.996257424354553223e-01
9.996096491813659668e-01
9.993661046028137207e-01
9.983146190643310547e-01
9.978672862052917480e-01
9.991586804389953613e-01
9.994168281555175781e-01
9.996081590652465820e-01
9.977858066558837891e-01
9.971691370010375977e-01
9.995881319046020508e-01
9.989160299301147461e-01
9.995225071907043457e-01
9.996259212493896484e-01
9.938453435897827148e-01
9.942594170570373535e-01
9.995929002761840820e-01
9.991378784179687500e-01
9.961414337158203125e-01
9.986843466758728027e-01
9.961571097373962402e-01
9.982595443725585938e-01
9.987034201622009277e-01
9.983999729156494141e-01
9.997619390487670898e-01
9.995414018630981445e-01
9.990453720092773438e-01
9.994570612907409668e-01
9.995766878128051758e-01
9.991433024406433105e-01
9.390084743499755859e-01
9.441109299659729004e-01
9.961975216865539551e-01
9.845422506332397461e-01
9.597494006156921387e-01
9.897026419639587402e-01
9.916413426399230957e-01
9.983488321304321289e-01
9.970248341560363770e-01
9.565298557281494141e-01
9.988865256309509277e-01
6.212229728698730469e-01
9.506177902221679688e-01
8.188313245773315430e-01
9.915035963058471680e-01
9.233891963958740234e-01
9.919582605361938477e-01
9.802961349487304688e-01
9.298406243324279785e-01
8.575168848037719727e-01
9.445776343345642090e-01
8.623268306255340576e-01
7.412709593772888184e-01
7.735589742660522461e-01
9.691584110260009766e-01
2.744488716125488281e-01
8.365070223808288574e-01
7.231582999229431152e-01
8.497353792190551758e-01
3.412489593029022217e-01
5.765710473060607910e-01
7.558982819318771362e-01
4.510146975517272949e-01
8.550755977630615234e-01
5.869467854499816895e-01
5.801810026168823242e-01
5.403132438659667969e-01
2.203003764152526855e-01
4.463570117950439453e-01
3.133615255355834961e-01
6.117450594902038574e-01
4.359951615333557129e-01
3.856146931648254395e-01
4.781923294067382812e-01
3.319563269615173340e-01
3.298446536064147949e-01
3.763060569763183594e-01
4.108899831771850586e-01
2.697260379791259766e-01
3.080077171325683594e-01
3.943202495574951172e-01
3.243505358695983887e-01
3.351368904113769531e-01
2.993570864200592041e-01
3.252384364604949951e-01
3.127033710479736328e-01
3.167293071746826172e-01
2.737415432929992676e-01
2.428094744682312012e-01
3.403461873531341553e-01
2.803257703781127930e-01
2.644307017326354980e-01
2.948583662509918213e-01
1.925804018974304199e-01
3.432628512382507324e-01
1.737416982650756836e-01
2.583853602409362793e-01
2.835605144500732422e-01
3.911987543106079102e-01
3.663448095321655273e-01
3.753209114074707031e-01
2.965975999832153320e-01
3.242931365966796875e-01
4.318619370460510254e-01
3.494287729263305664e-01
4.526923000812530518e-01
4.014501869678497314e-01
3.749076128005981445e-01
2.828231453895568848e-01
3.516733050346374512e-01
