9.961766004562377930e-01
9.970693588256835938e-01
4.997427463531494141e-01
5.682863593101501465e-01
9.958591461181640625e-01
9.985280632972717285e-01
6.148990988731384277e-01
6.979869604110717773e-01
9.952147006988525391e-01
9.967195391654968262e-01
9.970041513442993164e-01
9.995087981224060059e-01
9.998688101768493652e-01
9.998848438262939453e-01
9.987072944641113281e-01
9.982758164405822754e-01
9.994968175888061523e-01
9.998260140419006348e-01
9.998820424079895020e-01
9.633339047431945801e-01
9.978017807006835938e-01
9.996408820152282715e-01
9.998307824134826660e-01
9.998425841331481934e-01
9.999104738235473633e-01
9.999142885208129883e-01
9.999451041221618652e-01
9.999305605888366699e-01
9.998201131820678711e-01
9.998764395713806152e-01
9.999051690101623535e-01
9.999387264251708984e-01
9.999043941497802734e-01
9.998878240585327148e-01
9.999240040779113770e-01
9.999216794967651367e-01
9.999253153800964355e-01
9.997556805610656738e-01
9.997519254684448242e-01
9.920822978019714355e-01
9.965087175369262695e-01
9.997951388359069824e-01
9.744346141815185547e-01
9.629331231117248535e-01
3.389373421669006348e-01
5.819551348686218262e-01
8.844999670982360840e-01
7.723606824874877930e-01
6.967797279357910156e-01
9.990069866180419922e-01
9.995267391204833984e-01
9.994581940700300038e-01
9.996410608291625977e-01
9.996298551559448242e-01
9.998577237129211426e-01
9.993409514427185059e-01
9.991748332977294922e-01
9.996563792228698730e-01
9.996300339698791504e-01
9.996966719627380371e-01
9.996771812438964844e-01
9.998508095741271973e-01
9.991382956504821777e-01
9.987304210662841797e-01
9.995281100273132324e-01
9.994727969169616699e-01
9.994854927062988281e-01
9.992453455924987793e-01
9.987857937812805176e-01
9.997408986091613770e-01
9.973750710487365723e-01
9.964006543159484863e-01
9.996332526206970215e-01
9.995209574699401855e-01
9.996032714843750000e-01
9.825224876403808594e-01
9.975171685218811035e-01
9.998896121978759766e-01
9.997994303703308105e-01
9.986304044723510742e-01
9.984596371650695801e-01
9.983739852905273438e-01
9.947993159294128418e-01
9.988094568252563477e-01
9.992579221725463867e-01
9.991952776908874512e-01
9.997045397758483887e-01
9.993578195571899414e-01
9.997787475585937500e-01
9.996271729469299316e-01
9.997165203094482422e-01
9.994204044342041016e-01
9.991844296455383301e-01
9.983637332916259766e-01
9.985366463661193848e-01
9.991297721862792969e-01
9.990013241767883301e-01
9.986093044281005859e-01
9.990909695625305176e-01
9.985982179641723633e-01
9.964029192924499512e-01
9.978218078613281250e-01
9.987844824790954590e-01
9.995594620704650879e-01
9.983831644058227539e-01
9.872992038726806641e-01
9.701845645904541016e-01
9.735491275787353516e-01
9.978387355804443359e-01
9.895423650741577148e-01
9.993506669998168945e-01
9.982909560203552246e-01
9.969127178192138672e-01
9.989629983901977539e-01
9.981970787048339844e-01
9.950798153877258301e-01
9.986117482185363770e-01
9.987354874610900879e-01
9.988708496093750000e-01
9.950587153434753418e-01
9.967043399810791016e-01
9.965916872024536133e-01
9.964639544486999512e-01
9.987944364547729492e-01
9.593695402145385742e-01
7.672910094261169434e-01
7.889285087585449219e-01
9.786846041679382324e-01
9.343784451484680176e-01
7.852779030799865723e-01
8.800376653671264648e-01
9.150263071060180664e-01
9.680958390235900879e-01
7.872173190116882324e-01
6.809687018394470215e-01
9.849207401275634766e-01
4.501985907554626465e-01
9.206997752189636230e-01
9.281952977180480957e-01
9.777435660362243652e-01
6.564586162567138672e-01
8.843113780021667480e-01
9.854050278663635254e-01
5.545901060104370117e-01
9.629288911819458008e-01
7.105363607406616211e-01
8.339575529098510742e-01
8.234201073646545410e-01
8.539962172508239746e-01
2.703282237052917480e-01
6.267175674438476562e-01
8.079826831817626953e-01
3.526343107223510742e-01
6.699520945549011230e-01
3.088099360466003418e-01
3.893134593963623047e-01
2.888049483299255371e-01
7.759576886892318726e-01
4.184252023696899414e-01
3.951405286788940430e-01
5.890240669250488281e-01
6.930518150329589844e-01
3.209422826766967773e-01
6.693109869956970215e-01
4.210369288921356201e-01
3.819765448570251465e-01
3.737694025039672852e-01
3.829332888126373291e-01
3.032290339469909668e-01
3.579947352409362793e-01
3.223942518234252930e-01
3.399465084075927734e-01
3.782631158828735352e-01
3.318828046321868896e-01
3.226255476474761963e-01
4.348413348197937012e-01
3.236575722694396973e-01
3.643943369388580322e-01
2.610293030738830566e-01
3.872849345207214355e-01
3.516457676887512207e-01
2.689141631126403809e-01
2.094665169715881348e-01
2.603444457054138184e-01
2.472693920135498047e-01
3.160302042961120605e-01
2.818912267684936523e-01
2.901222109794616699e-01
3.701059520244598389e-01
2.801456749439239502e-01
4.192063212394714355e-01
3.439639806747436523e-01
4.226260185241699219e-01
4.216015338897705078e-01
4.449483752250671387e-01
4.553612470626831055e-01
4.702060222625732422e-01
5.125491321086883545e-01
3.983376026153564453e-01
5.176907181739807129e-01
3.962074518203735352e-01
4.967924952507019043e-01
4.365127682685852051e-01
5.562948584556579590e-01
4.561513662338256836e-01
6.073033809661865234e-01
