9.961766004562377930e-01
9.970693588256835938e-01
9.985863566398620605e-01
6.561009287834167480e-01
9.846214652061462402e-01
9.987663626670837402e-01
4.852566421031951904e-01
7.445484995841979980e-01
9.955805540084838867e-01
9.956941008567810059e-01
9.976858496665954590e-01
9.995087981224060059e-01
9.998688101768493652e-01
9.998847842216491699e-01
9.987072944641113281e-01
9.982871413230895996e-01
9.994984865188598633e-01
9.998257160186767578e-01
9.998814463615417480e-01
9.585264921188354492e-01
9.979286193847656250e-01
9.996428489685058594e-01
9.998295903205871582e-01
9.998399615287780762e-01
9.999109506607055664e-01
9.999142289161682129e-01
9.999448657035827637e-01
9.999305605888366699e-01
9.998197555541992188e-01
9.998757839202880859e-01
9.999055266380310059e-01
9.999178051948547363e-01
9.999440312385559082e-01
9.998990893363952637e-01
9.998912811279296875e-01
9.999257326126098633e-01
9.999186992645263672e-01
9.997813701629638672e-01
8.411812186241149902e-01
9.893073439598083496e-01
9.991248846054077148e-01
9.759661555290222168e-01
9.896923303604125977e-01
9.771050810813903809e-01
3.665390610694885254e-01
7.266955971717834473e-01
8.748013973236083984e-01
9.957997798919677734e-01
7.976606339216232300e-01
9.978071451187133789e-01
9.564893841743469238e-01
9.628229141235351562e-01
9.913511872291564941e-01
9.948848485946655273e-01
9.994846582412719727e-01
9.995854496955871582e-01
9.977413415908813477e-01
9.994963407516479492e-01
9.996226429939270020e-01
9.996041655540466309e-01
9.996812343597412109e-01
9.996579289436340332e-01
9.997813105583190918e-01
9.990927577018737793e-01
9.985332489013671875e-01
9.996653795242309570e-01
9.995870590209960938e-01
9.990655183792114258e-01
9.997241497039794922e-01
9.996726512908935547e-01
9.998046755790710449e-01
9.992678165435791016e-01
9.992942810058593750e-01
9.983808994293212891e-01
9.989430308341979980e-01
9.990903735160827637e-01
9.995580315589904785e-01
9.998334646224975586e-01
9.465564489364624023e-01
9.906432628631591797e-01
9.993650317192077637e-01
9.997686743736267090e-01
9.994141459465026855e-01
9.997149109840393066e-01
9.985248446464538574e-01
9.997022747993469238e-01
9.996905922889709473e-01
9.996588230133056641e-01
9.996919035911560059e-01
9.995785355567932129e-01
9.996649026870727539e-01
9.996694326400756836e-01
9.996637105941772461e-01
9.992381930351257324e-01
9.991066455841064453e-01
9.995707273483276367e-01
9.995053410530090332e-01
9.996214509010314941e-01
9.991993904113769531e-01
9.994553923606872559e-01
9.997013211250305176e-01
9.996762871742248535e-01
9.997332096099853516e-01
9.995601177215576172e-01
9.947152137756347656e-01
9.953988194465637207e-01
9.988075494766235352e-01
9.994134902954101562e-01
9.995285272598266602e-01
9.994851350784301758e-01
9.922852516174316406e-01
9.284763932228088379e-01
8.944703340530395508e-01
9.954034090042114258e-01
9.863510727882385254e-01
9.971399903297424316e-01
9.996318221092224121e-01
9.969402551651000977e-01
9.906261563301086426e-01
9.981096982955932617e-01
9.945654273033142090e-01
9.972934722900390625e-01
9.975782632827758789e-01
9.990996718406677246e-01
9.992592334747314453e-01
9.986669421195983887e-01
9.940710663795471191e-01
9.208269715309143066e-01
8.688566088676452637e-01
9.644445180892944336e-01
8.959609866142272949e-01
9.025454521179199219e-01
9.942432641983032227e-01
9.266418218612670898e-01
8.454425334930419922e-01
9.295634180307388306e-01
8.236324191093444824e-01
9.380228519439697266e-01
9.734639525413513184e-01
9.790487289428710938e-01
9.771279096603393555e-01
9.571416378021240234e-01
8.865069597959518433e-01
9.328747391700744629e-01
8.811888694763183594e-01
7.274299263954162598e-01
9.148915410041809082e-01
7.103993892669677734e-01
8.100225329399108887e-01
3.679353594779968262e-01
3.604927361011505127e-01
2.850373983383178711e-01
4.551985859870910645e-01
3.163468837738037109e-01
3.714438080787658691e-01
4.407587349414825439e-01
3.701403141021728516e-01
2.520378530025482178e-01
3.370354771614074707e-01
3.959613442420959473e-01
2.497948408126831055e-01
4.171150326728820801e-01
4.151972234249114990e-01
4.390106201171875000e-01
3.640751838684082031e-01
4.125060439109802246e-01
4.777180254459381104e-01
3.180563449859619141e-01
3.827446699142456055e-01
2.964599132537841797e-01
3.828678131103515625e-01
4.113060235977172852e-01
3.288830518722534180e-01
3.397392034530639648e-01
2.794910371303558350e-01
3.416557312011718750e-01
2.493914961814880371e-01
3.264186978340148926e-01
2.535971999168395996e-01
3.155890107154846191e-01
3.125133514404296875e-01
2.197405099868774414e-01
3.296670913696289062e-01
2.974282503128051758e-01
2.991708219051361084e-01
4.046682715415954590e-01
3.444088697433471680e-01
4.905658364295959473e-01
4.176954030990600586e-01
4.589219987392425537e-01
4.589332640171051025e-01
4.810302257537841797e-01
3.626814484596252441e-01
3.270375132560729980e-01
3.867608308792114258e-01
4.534871578216552734e-01
4.187760949134826660e-01
4.810597896575927734e-01
4.974891245365142822e-01
4.550672471523284912e-01
4.139538407325744629e-01
