9.961766004562377930e-01
9.970693588256835938e-01
9.985863566398620605e-01
6.561009287834167480e-01
9.846214652061462402e-01
9.987663626670837402e-01
4.852566719055175781e-01
7.445484995841979980e-01
9.955805540084838867e-01
9.956941008567810059e-01
9.976858496665954590e-01
9.995087981224060059e-01
9.998688101768493652e-01
9.998847842216491699e-01
9.987072944641113281e-01
9.982871413230895996e-01
9.994984865188598633e-01
9.998257160186767578e-01
9.998814463615417480e-01
9.585265293717384338e-01
9.979286193847656250e-01
9.996428489685058594e-01
9.998295903205871582e-01
9.998399615287780762e-01
9.999109506607055664e-01
9.999142289161682129e-01
9.999448657035827637e-01
9.999305605888366699e-01
9.998197555541992188e-01
9.998757839202880859e-01
9.999055266380310059e-01
9.999178051948547363e-01
9.999440312385559082e-01
9.999418854713439941e-01
9.999035596847534180e-01
9.998966455459594727e-01
9.999222755432128906e-01
9.997323155403137207e-01
8.698069453239440918e-01
9.900598526000976562e-01
9.989786744117736816e-01
9.996536374092102051e-01
9.928505420684814453e-01
9.335448145866394043e-01
9.821324348449707031e-01
9.992865324020385742e-01
7.120974659919738770e-01
9.922136664390563965e-01
7.422521114349365234e-01
9.975833892822265625e-01
9.988988637924194336e-01
9.993899464607238770e-01
9.995727539062500000e-01
9.994148015975952148e-01
9.996417760848999023e-01
9.998571276664733887e-01
9.993833899497985840e-01
9.991831183433532715e-01
9.996601343154907227e-01
9.996390342712402344e-01
9.997071027755737305e-01
9.996685385704040527e-01
9.997953176498413086e-01
9.991831183433532715e-01
9.987807869911193848e-01
9.994371533393859863e-01
9.990754723548889160e-01
9.990012049674987793e-01
9.991289377212524414e-01
9.982188344001770020e-01
9.995839595794677734e-01
9.940344095230102539e-01
9.968926906585693359e-01
9.992566704750061035e-01
9.989889860153198242e-01
9.987162947654724121e-01
9.918541908264160156e-01
9.993883371353149414e-01
9.806097149848937988e-01
9.661775231361389160e-01
9.984083771705627441e-01
9.982810616493225098e-01
9.989366531372070312e-01
9.948177933692932129e-01
9.995494484901428223e-01
9.998301267623901367e-01
9.997719526290893555e-01
9.996771812438964844e-01
9.997783899307250977e-01
9.997327327728271484e-01
9.987964630126953125e-01
9.989669919013977051e-01
9.997474551200866699e-01
9.997813701629638672e-01
9.996469616889953613e-01
9.994580149650573730e-01
9.995936751365661621e-01
9.997184276580810547e-01
9.994238615036010742e-01
9.997752308845520020e-01
9.995893836021423340e-01
9.989152550697326660e-01
9.989320039749145508e-01
9.992312788963317871e-01
9.998391866683959961e-01
9.939402937889099121e-01
9.977950453758239746e-01
9.994085431098937988e-01
9.976271986961364746e-01
9.939175844192504883e-01
9.994572401046752930e-01
9.983749389648437500e-01
9.995443820953369141e-01
9.989457130432128906e-01
9.955015778541564941e-01
9.997796416282653809e-01
9.996852874755859375e-01
9.992535710334777832e-01
9.960843920707702637e-01
9.987221360206604004e-01
9.989651441574096680e-01
9.997166991233825684e-01
9.996538162231445312e-01
9.988856911659240723e-01
9.800730347633361816e-01
9.759922027587890625e-01
9.989759922027587891e-01
8.127352893352508545e-01
8.348852396011352539e-01
9.794000387191772461e-01
9.949163198471069336e-01
9.986741542816162109e-01
8.482583761215209961e-01
8.323189765214920044e-01
9.544830918312072754e-01
9.979853034019470215e-01
3.716490864753723145e-01
9.229318499565124512e-01
9.891641139984130859e-01
9.460039734840393066e-01
8.966978192329406738e-01
9.368638992309570312e-01
9.851294755935668945e-01
9.850330352783203125e-01
9.984685182571411133e-01
9.963489174842834473e-01
9.926852583885192871e-01
9.440723657608032227e-01
8.319380283355712891e-01
4.046485722064971924e-01
8.409495353698730469e-01
8.048224896192550659e-01
8.711761832237243652e-01
9.182675480842590332e-01
9.793834686279296875e-01
9.510909914970397949e-01
9.030739665031433105e-01
8.303040266036987305e-01
9.032047390937805176e-01
7.147282958030700684e-01
7.473312020301818848e-01
9.124141335487365723e-01
7.172136902809143066e-01
8.060913085937500000e-01
8.180000782012939453e-01
8.981900811195373535e-01
7.052385210990905762e-01
6.139548420906066895e-01
6.441900432109832764e-01
5.534811615943908691e-01
5.060780048370361328e-01
5.900456309318542480e-01
6.602675914764404297e-01
6.954374313354492188e-01
6.400653123855590820e-01
7.527623772621154785e-01
6.781972050666809082e-01
7.007848620414733887e-01
5.095092058181762695e-01
5.944886505603790283e-01
5.356273055076599121e-01
6.683452129364013672e-01
4.892732501029968262e-01
5.400640368461608887e-01
7.489376366138458252e-01
2.942584156990051270e-01
3.583268225193023682e-01
5.447942018508911133e-01
5.625981390476226807e-01
5.210641622543334961e-01
4.238108396530151367e-01
3.652329742908477783e-01
3.819362521171569824e-01
5.370072722434997559e-01
4.128439724445343018e-01
3.548430800437927246e-01
4.459575414657592773e-01
4.856352806091308594e-01
4.135299324989318848e-01
4.216076135635375977e-01
4.589875936508178711e-01
4.802038073539733887e-01
5.302118659019470215e-01
5.033214092254638672e-01
4.581411182880401611e-01
3.925430774688720703e-01
4.425027370452880859e-01
4.128060936927795410e-01
5.698786377906799316e-01
5.759250521659851074e-01
4.659777283668518066e-01
4.862469136714935303e-01
4.010195434093475342e-01
4.253965616226196289e-01
4.592935442924499512e-01
4.904343783855438232e-01
4.760925471782684326e-01
4.112253189086914062e-01
4.072988033294677734e-01
