9.961766004562377930e-01
9.970693588256835938e-01
9.985863566398620605e-01
6.561008989810943604e-01
9.846214652061462402e-01
9.987663626670837402e-01
4.852566421031951904e-01
7.445484995841979980e-01
9.955805540084838867e-01
9.956941008567810059e-01
9.976858496665954590e-01
9.995087981224060059e-01
9.998688101768493652e-01
9.998847842216491699e-01
9.987072944641113281e-01
9.982871413230895996e-01
9.994984865188598633e-01
9.998257160186767578e-01
9.998814463615417480e-01
9.585264921188354492e-01
9.979286193847656250e-01
9.996428489685058594e-01
9.998295903205871582e-01
9.998399615287780762e-01
9.999109506607055664e-01
9.999142289161682129e-01
9.999448657035827637e-01
9.999305605888366699e-01
9.998197555541992188e-01
9.998757839202880859e-01
9.999055266380310059e-01
9.999178051948547363e-01
9.999440312385559082e-01
9.999418854713439941e-01
9.999035596847534180e-01
9.998966455459594727e-01
9.999222755432128906e-01
9.997323155403137207e-01
8.698069453239440918e-01
9.900598526000976562e-01
9.989786744117736816e-01
9.996536374092102051e-01
9.928505420684814453e-01
9.913960695266723633e-01
9.996613860130310059e-01
9.996581077575683594e-01
9.992444515228271484e-01
9.997841119766235352e-01
9.961333274841308594e-01
9.958541989326477051e-01
9.975048899650573730e-01
9.991584420204162598e-01
9.992383718490600586e-01
9.992725253105163574e-01
9.995875358581542969e-01
9.997940063476562500e-01
9.994987845420837402e-01
9.992291331291198730e-01
9.996666312217712402e-01
9.996530413627624512e-01
9.997034072875976562e-01
9.996748566627502441e-01
9.997941255569458008e-01
9.991745352745056152e-01
9.986672401428222656e-01
9.994315505027770996e-01
9.993393421173095703e-01
9.992444515228271484e-01
9.988040328025817871e-01
9.990119338035583496e-01
9.995831847190856934e-01
9.975995421409606934e-01
9.990016222000122070e-01
9.986631274223327637e-01
9.971435666084289551e-01
9.988758563995361328e-01
9.996344447135925293e-01
9.995623230934143066e-01
9.996967315673828125e-01
9.987008571624755859e-01
9.993422627449035645e-01
9.997154474258422852e-01
9.997117519378662109e-01
9.996656775474548340e-01
9.996696710586547852e-01
9.998021721839904785e-01
9.995415210723876953e-01
9.997435808181762695e-01
9.997196793556213379e-01
9.997131824493408203e-01
9.997704625129699707e-01
9.996145367622375488e-01
9.993615746498107910e-01
9.997985959053039551e-01
9.989399909973144531e-01
9.997479319572448730e-01
9.976463913917541504e-01
9.997118115425109863e-01
9.996876120567321777e-01
9.996666908264160156e-01
9.992109537124633789e-01
9.968166351318359375e-01
9.996988773345947266e-01
9.996948838233947754e-01
9.995606541633605957e-01
9.995358586311340332e-01
9.993381500244140625e-01
9.995207190513610840e-01
9.995632171630859375e-01
9.987964630126953125e-01
9.960233569145202637e-01
9.932263493537902832e-01
9.924654364585876465e-01
9.993513226509094238e-01
9.988169670104980469e-01
9.997895359992980957e-01
9.996874332427978516e-01
9.997231364250183105e-01
9.993082284927368164e-01
9.977204203605651855e-01
7.330447435379028320e-01
6.805869936943054199e-01
9.400920271873474121e-01
9.963262677192687988e-01
9.974560141563415527e-01
9.929519295692443848e-01
9.373767375946044922e-01
9.948610067367553711e-01
6.804034709930419922e-01
7.698693424463272095e-01
9.968934655189514160e-01
9.970114231109619141e-01
9.979688525199890137e-01
9.706600308418273926e-01
9.863541722297668457e-01
9.479230642318725586e-01
9.773488044738769531e-01
9.137548804283142090e-01
9.984790682792663574e-01
9.267846941947937012e-01
7.775022387504577637e-01
9.724271297454833984e-01
8.961519002914428711e-01
9.465777873992919922e-01
9.612078666687011719e-01
8.439995050430297852e-01
9.238604903221130371e-01
7.979042232036590576e-01
9.154629632830619812e-01
2.741301059722900391e-01
8.545365929603576660e-01
7.755678296089172363e-01
3.572584390640258789e-01
8.244199156761169434e-01
7.026904821395874023e-01
3.869559764862060547e-01
7.762410044670104980e-01
5.945789813995361328e-01
4.792915582656860352e-01
6.524616479873657227e-01
8.076537698507308960e-01
4.815801680088043213e-01
7.082707881927490234e-01
6.021158695220947266e-01
7.972154617309570312e-01
5.889418721199035645e-01
4.733624458312988281e-01
2.894180417060852051e-01
3.883318901062011719e-01
2.956144809722900391e-01
2.861249148845672607e-01
6.289888322353363037e-01
2.758273482322692871e-01
4.680312871932983398e-01
3.083628416061401367e-01
2.546765208244323730e-01
2.262001037597656250e-01
2.788137197494506836e-01
3.416993021965026855e-01
3.562171459197998047e-01
3.550546765327453613e-01
4.056223630905151367e-01
2.532425522804260254e-01
3.280093669891357422e-01
2.504691481590270996e-01
2.594824433326721191e-01
2.820116281509399414e-01
2.862926125526428223e-01
4.398473501205444336e-01
3.760029077529907227e-01
4.352873563766479492e-01
4.152312278747558594e-01
3.193172812461853027e-01
4.727499485015869141e-01
4.294118583202362061e-01
4.707613289356231689e-01
5.932656526565551758e-01
5.677282810211181641e-01
7.085146307945251465e-01
6.447786092758178711e-01
6.248856782913208008e-01
5.691527128219604492e-01
4.472831487655639648e-01
3.312945961952209473e-01
4.105440378189086914e-01
