9.961766004562377930e-01
9.970693588256835938e-01
9.985863566398620605e-01
9.985475540161132812e-01
9.996557831764221191e-01
9.997925162315368652e-01
9.997665286064147949e-01
9.998143911361694336e-01
9.995024800300598145e-01
9.996802210807800293e-01
9.898691177368164062e-01
9.986970424652099609e-01
9.998733401298522949e-01
9.985077381134033203e-01
9.983109831809997559e-01
9.995744228363037109e-01
9.993776082992553711e-01
9.998534917831420898e-01
9.998551011085510254e-01
9.998674392700195312e-01
9.998931884765625000e-01
9.998809099197387695e-01
9.988454580307006836e-01
9.996901154518127441e-01
9.999222755432128906e-01
9.999417066574096680e-01
9.999442696571350098e-01
9.998905658721923828e-01
9.998896121978759766e-01
9.999305605888366699e-01
9.999392032623291016e-01
9.998909831047058105e-01
9.998005628585815430e-01
9.998847842216491699e-01
9.999017715454101562e-01
9.999036192893981934e-01
9.984737634658813477e-01
9.969688057899475098e-01
9.987220168113708496e-01
9.824240803718566895e-01
6.743333339691162109e-01
9.881863594055175781e-01
6.049574017524719238e-01
7.826821804046630859e-01
8.782194256782531738e-01
9.784826636314392090e-01
7.514566183090209961e-01
8.619017004966735840e-01
8.683677911758422852e-01
9.979328513145446777e-01
9.974294304847717285e-01
9.904084801673889160e-01
9.996680021286010742e-01
9.983591437339782715e-01
9.991467595100402832e-01
9.959735870361328125e-01
9.934305548667907715e-01
9.622560739517211914e-01
9.938025474548339844e-01
9.943655729293823242e-01
9.987627267837524414e-01
9.985541701316833496e-01
9.810770750045776367e-01
9.815206527709960938e-01
9.911549687385559082e-01
9.900033762678503990e-01
9.577124714851379395e-01
9.810851216316223145e-01
9.916635155677795410e-01
7.683014869689941406e-01
9.674188494682312012e-01
8.990270495414733887e-01
9.960714578628540039e-01
9.762851595878601074e-01
9.014980792999267578e-01
9.887477159500122070e-01
8.366689234972000122e-01
8.674479126930236816e-01
9.515351653099060059e-01
9.257879853248596191e-01
9.611894823610782623e-01
8.981857895851135254e-01
9.980590939521789551e-01
8.685572743415832520e-01
9.866481423377990723e-01
9.649507403373718262e-01
9.615153670310974121e-01
9.846342802047729492e-01
8.846497535705566406e-01
9.940582513809204102e-01
9.983786940574645996e-01
9.989407062530517578e-01
9.949480295181274414e-01
9.535354971885681152e-01
9.958266615867614746e-01
8.950200080871582031e-01
9.841246008872985840e-01
9.230577945709228516e-01
9.885079860687255859e-01
9.560881257057189941e-01
9.983561038970947266e-01
9.993243813514709473e-01
9.908521771430969238e-01
9.969053268432617188e-01
9.992716908454895020e-01
9.994388818740844727e-01
9.912558197975158691e-01
9.987090826034545898e-01
9.873644113540649414e-01
9.989324808120727539e-01
9.990220069885253906e-01
9.991075992584228516e-01
9.982888102531433105e-01
9.996520280838012695e-01
9.960096478462219238e-01
9.993738532066345215e-01
9.809258580207824707e-01
9.946269989013671875e-01
9.958412647247314453e-01
9.856207370758056641e-01
9.948459863662719727e-01
9.730342626571655273e-01
9.389593601226806641e-01
8.830795884132385254e-01
9.977229833602905273e-01
9.943317770957946777e-01
9.958568545989692211e-01
9.986019134521484375e-01
9.981212019920349121e-01
9.939635396003723145e-01
9.389057159423828125e-01
9.981385469436645508e-01
9.856252670288085938e-01
9.921891689300537109e-01
9.944908618927001953e-01
9.972025752067565918e-01
9.976554512977600098e-01
9.980214238166809082e-01
9.969607591629028320e-01
9.980846643447875977e-01
9.947535991668701172e-01
9.961718916893005371e-01
9.279681444168090820e-01
9.915850758552551270e-01
6.390779018402099609e-01
9.755932688713073730e-01
9.986078143119812012e-01
9.704128503799438477e-01
8.224783539772033691e-01
6.042647957801818848e-01
7.668310403823852539e-01
9.146812558174133301e-01
7.473196387290954590e-01
8.383949995040893555e-01
7.714192867279052734e-01
9.431048035621643066e-01
9.319190979003906250e-01
8.863248229026794434e-01
9.287544712424278259e-01
8.602259755134582520e-01
8.871762752532958984e-01
9.781103134155273438e-01
9.901617169380187988e-01
9.986609816551208496e-01
9.880264997482299805e-01
8.921142220497131348e-01
7.784725725650787354e-01
7.129119038581848145e-01
7.975518703460693359e-01
9.866030216217041016e-01
9.892159700393676758e-01
9.817540645599365234e-01
9.298083186149597168e-01
7.995657324790954590e-01
5.034534931182861328e-01
8.583994507789611816e-01
7.894698381423950195e-01
9.813111424446105957e-01
9.923441410064697266e-01
9.947681427001953125e-01
9.937874078750610352e-01
9.863194823265075684e-01
9.971453547477722168e-01
5.616006255149841309e-01
4.995904862880706787e-01
9.048847556114196777e-01
3.534300923347473145e-01
5.436658859252929688e-01
9.103775024414062500e-01
8.636189699172973633e-01
8.976695537567138672e-01
9.971418380737304688e-01
9.989916086196899414e-01
9.980461597442626953e-01
9.446690678596496582e-01
5.590562224388122559e-01
9.316125512123107910e-01
6.224958896636962891e-01
9.390749931335449219e-01
7.940198779106140137e-01
7.504510879516601562e-01
6.635866761207580566e-01
8.891174197196960449e-01
8.966531157493591309e-01
9.977055191993713379e-01
6.063897013664245605e-01
9.913283586502075195e-01
9.833034276962280273e-01
4.974871277809143066e-01
5.942803025245666504e-01
9.056026935577392578e-01
8.335009813308715820e-01
8.273225724697113037e-01
5.580100417137145996e-01
9.394060969352722168e-01
4.430041909217834473e-01
8.005519509315490723e-01
4.713581502437591553e-01
4.317378997802734375e-01
2.656719982624053955e-01
7.005201578140258789e-01
4.808854758739471436e-01
3.470816612243652344e-01
8.949193954467773438e-01
9.156932905316352844e-01
5.329507589340209961e-01
8.452608585357666016e-01
2.981909513473510742e-01
4.290845990180969238e-01
1.485957503318786621e-01
7.713667750358581543e-01
9.656868577003479004e-01
6.716477274894714355e-01
8.085832595825195312e-01
9.557576775550842285e-01
9.794812798500061035e-01
4.928781986236572266e-01
8.500688672065734863e-01
9.506797790527343750e-01
6.848776638507843018e-01
5.165416598320007324e-01
6.063036322593688965e-01
4.792158007621765137e-01
5.581200718879699707e-01
7.782645821571350098e-01
5.737405717372894287e-01
7.658295929431915283e-01
7.619779109954833984e-01
5.252933502197265625e-01
8.195570111274719238e-01
6.173437833786010742e-01
6.285287141799926758e-01
7.599582672119140625e-01
6.105906367301940918e-01
7.088056206703186035e-01
7.512996792793273926e-01
8.141623735427856445e-01
4.290649294853210449e-01
8.929326534271240234e-01
4.711284041404724121e-01
7.371247410774230957e-01
4.641944169998168945e-01
3.079384565353393555e-01
2.854641675949096680e-01
3.708094954490661621e-01
3.804025053977966309e-01
6.137627363204956055e-01
3.868490755558013916e-01
5.071548819541931152e-01
4.175041615962982178e-01
2.118400335311889648e-01
2.354196310043334961e-01
1.856442689895629883e-01
4.681367278099060059e-01
2.796411514282226562e-01
2.169605493545532227e-01
1.804356575012207031e-01
3.555021882057189941e-01
3.798582255840301514e-01
3.828598856925964355e-01
1.271769404411315918e-01
3.438166379928588867e-01
1.322633028030395508e-01
4.578310251235961914e-01
1.142331957817077637e-01
1.652231216430664062e-01
3.657243847846984863e-01
2.118350863456726074e-01
2.281113862991333008e-01
3.165256977081298828e-01
2.976381778717041016e-01
2.129910886287689209e-01
6.591652035713195801e-01
3.092669248580932617e-01
2.473275661468505859e-01
4.388837218284606934e-01
4.223198294639587402e-01
3.124918937683105469e-01
2.232149243354797363e-01
4.030241966247558594e-01
2.668623924255371094e-01
4.673233032226562500e-01
4.075886607170104980e-01
2.986536622047424316e-01
5.247561335563659668e-01
2.979308366775512695e-01
4.371274709701538086e-01
2.432331442832946777e-01
3.983665704727172852e-01
3.261526226997375488e-01
4.877020716667175293e-01
3.043103218078613281e-01
4.546854496002197266e-01
4.581370353698730469e-01
4.415576457977294922e-01
7.335612177848815918e-01
7.945826649665832520e-01
5.980586409568786621e-01
3.552563190460205078e-01
3.695569038391113281e-01
5.237528681755065918e-01
2.337781786918640137e-01
3.628478646278381348e-01
2.424398064613342285e-01
3.987715840339660645e-01
2.243389487266540527e-01
5.116622447967529297e-01
2.904356122016906738e-01
4.796741604804992676e-01
5.036648511886596680e-01
4.717805385589599609e-01
4.496525526046752930e-01
5.338994860649108887e-01
7.713426351547241211e-01
6.984619498252868652e-01
5.874338746070861816e-01
5.390647947788238525e-01
3.553505539894104004e-01
4.435340166091918945e-01
3.074343800544738770e-01
4.249720275402069092e-01
4.848514497280120850e-01
3.643383979797363281e-01
4.409739971160888672e-01
4.738454818725585938e-01
4.203262329101562500e-01
3.938546180725097656e-01
4.548922181129455566e-01
4.689948260784149170e-01
3.990315794944763184e-01
6.233256459236145020e-01
4.427196979522705078e-01
4.555106759071350098e-01
3.598760366439819336e-01
4.112579822540283203e-01
5.374621748924255371e-01
6.607263684272766113e-01
6.573984026908874512e-01
5.445163249969482422e-01
5.998697280883789062e-01
5.362890362739562988e-01
5.350216031074523926e-01
5.347696542739868164e-01
3.113017678260803223e-01
4.264979362487792969e-01
4.512382745742797852e-01
3.731495141983032227e-01
4.100180566310882568e-01
5.040109157562255859e-01
5.095445811748504639e-01
3.322822153568267822e-01
4.497271180152893066e-01
3.108392953872680664e-01
4.515679478645324707e-01
2.996219992637634277e-01
5.083626806735992432e-01
3.485310077667236328e-01
3.463481962680816650e-01
3.285012841224670410e-01
4.308323562145233154e-01
2.897353172302246094e-01
3.640692830085754395e-01
4.095986187458038330e-01
4.369657635688781738e-01
4.522560238838195801e-01
3.612083196640014648e-01
4.530628919601440430e-01
2.967040538787841797e-01
5.101521015167236328e-01
2.370271235704421997e-01
4.013576507568359375e-01
2.928077578544616699e-01
4.546474218368530273e-01
3.296072483062744141e-01
4.617919921875000000e-01
3.160970211029052734e-01
4.406060576438903809e-01
3.975988626480102539e-01
3.986555337905883789e-01
4.109114706516265869e-01
4.331665039062500000e-01
5.106702446937561035e-01
4.340833723545074463e-01
5.806629657745361328e-01
4.205977916717529297e-01
5.333153903484344482e-01
4.322806000709533691e-01
5.722319483757019043e-01
4.396705031394958496e-01
6.352083086967468262e-01
4.550212025642395020e-01
5.390405058860778809e-01
3.670870363712310791e-01
5.127581357955932617e-01
4.295166730880737305e-01
4.943231940269470215e-01
4.293299317359924316e-01
5.266294479370117188e-01
4.367167949676513672e-01
4.953116774559020996e-01
4.964476823806762695e-01
4.631720185279846191e-01
4.942515790462493896e-01
4.944492578506469727e-01
5.071426928043365479e-01
5.032736063003540039e-01
4.797226190567016602e-01
4.876709580421447754e-01
4.943070113658905029e-01
4.907326698303222656e-01
4.916557669639587402e-01
4.957979619503021240e-01
4.899694919586181641e-01
4.948545098304748535e-01
4.933160543441772461e-01
4.951066374778747559e-01
4.954254031181335449e-01
4.778950810432434082e-01
4.902189373970031738e-01
4.953727126121520996e-01
4.958660006523132324e-01
4.745045900344848633e-01
4.855813682079315186e-01
4.847937822341918945e-01
4.850184321403503418e-01
