9.961766004562377930e-01
9.970693588256835938e-01
9.985863566398620605e-01
6.561008989810943604e-01
9.846214652061462402e-01
9.987663626670837402e-01
4.852566421031951904e-01
7.445484995841979980e-01
9.955805540084838867e-01
9.956941008567810059e-01
9.976858496665954590e-01
9.995087981224060059e-01
9.998688101768493652e-01
9.998847842216491699e-01
9.987072944641113281e-01
9.982871413230895996e-01
9.994984865188598633e-01
9.998257160186767578e-01
9.998814463615417480e-01
9.585264921188354492e-01
9.979286193847656250e-01
9.996428489685058594e-01
9.998295903205871582e-01
9.998399615287780762e-01
9.999109506607055664e-01
9.999142289161682129e-01
9.999448657035827637e-01
9.999305605888366699e-01
9.999287724494934082e-01
9.998864531517028809e-01
9.998669624328613281e-01
9.999229907989501953e-01
9.999395012855529785e-01
9.999026060104370117e-01
9.998983144760131836e-01
9.999214410781860352e-01
9.999217987060546875e-01
9.997813701629638672e-01
8.393104076385498047e-01
9.892195463180541992e-01
9.818534255027770996e-01
9.814081788063049316e-01
7.021607458591461182e-01
9.738391637802124023e-01
4.760941863059997559e-01
6.289495527744293213e-01
9.155883193016052246e-01
9.966924786567687988e-01
7.407722175121307373e-01
9.754665493965148926e-01
9.992132186889648438e-01
9.648979306221008301e-01
9.801155328750610352e-01
9.881126284599304199e-01
9.988474249839782715e-01
9.998804330825805664e-01
9.919319152832031250e-01
9.990108609199523926e-01
9.996743202209472656e-01
9.996041655540466309e-01
9.996801018714904785e-01
9.996558427810668945e-01
9.997839927673339844e-01
9.990575313568115234e-01
9.985568523406982422e-01
9.996663331985473633e-01
9.995854496955871582e-01
9.991754293441772461e-01
9.997343420982360840e-01
9.996734857559204102e-01
9.995833039283752441e-01
9.995322823524475098e-01
9.995989799499511719e-01
9.981936216354370117e-01
9.982112050056457520e-01
9.993360042572021484e-01
9.994642734527587891e-01
9.153590202331542969e-01
9.316143393516540527e-01
9.986063241958618164e-01
9.994471073150634766e-01
9.997797012329101562e-01
9.996357560157775879e-01
9.998205900192260742e-01
9.996339678764343262e-01
9.993806481361389160e-01
9.996040463447570801e-01
9.994087219238281250e-01
9.997105002403259277e-01
9.995726346969604492e-01
9.995222687721252441e-01
9.997014403343200684e-01
9.991617202758789062e-01
9.990016818046569824e-01
9.991122484207153320e-01
9.994679093360900879e-01
9.995640516281127930e-01
9.996311664581298828e-01
9.994354844093322754e-01
9.989348053932189941e-01
9.988380670547485352e-01
9.993066191673278809e-01
9.997054338455200195e-01
9.980463981628417969e-01
9.993693828582763672e-01
9.982883930206298828e-01
9.984276294708251953e-01
9.993602633476257324e-01
9.505575895309448242e-01
5.609756410121917725e-01
9.965432286262512207e-01
9.985328912734985352e-01
9.989780783653259277e-01
9.994940757751464844e-01
9.990292787551879883e-01
9.997144341468811035e-01
9.976282119750976562e-01
9.972163438796997070e-01
9.994605183601379395e-01
9.981445074081420898e-01
8.671374917030334473e-01
9.537358172237873077e-01
9.870530962944030762e-01
9.989443421363830566e-01
9.738369584083557129e-01
8.961450457572937012e-01
9.818666577339172363e-01
9.654205441474914551e-01
8.944571018218994141e-01
9.822678565979003906e-01
9.966086745262145996e-01
9.978704452514648438e-01
9.829798340797424316e-01
9.913326501846313477e-01
9.876391291618347168e-01
9.935632348060607910e-01
9.826088547706604004e-01
9.984785318374633789e-01
9.972658157348632812e-01
9.948841929435729980e-01
9.902805089950561523e-01
9.958232045173645020e-01
9.983801841735839844e-01
9.924705028533935547e-01
9.706235527992248535e-01
9.818115234375000000e-01
9.864842891693115234e-01
9.095032513141632080e-01
9.358115792274475098e-01
9.288650155067443848e-01
9.059571996331214905e-01
8.027548789978027344e-01
8.787972927093505859e-01
9.595126509666442871e-01
9.382833242416381836e-01
9.392176270484924316e-01
8.600230813026428223e-01
9.397333264350891113e-01
8.789823651313781738e-01
9.013447165489196777e-01
8.616297841072082520e-01
9.623187780380249023e-01
9.266684651374816895e-01
9.186576604843139648e-01
7.432782649993896484e-01
7.308110296726226807e-01
5.780466198921203613e-01
5.146338343620300293e-01
5.605766177177429199e-01
8.703764081001281738e-01
6.420785784721374512e-01
6.534100174903869629e-01
7.311147153377532959e-01
7.799170613288879395e-01
6.787534058094024658e-01
6.890249252319335938e-01
8.091083765029907227e-01
7.209294438362121582e-01
7.202750444412231445e-01
6.648872494697570801e-01
7.091938257217407227e-01
6.260135769844055176e-01
6.497949957847595215e-01
6.398916244506835938e-01
4.819797873497009277e-01
5.820574164390563965e-01
5.240379571914672852e-01
6.515036225318908691e-01
4.647217392921447754e-01
5.653229057788848877e-01
5.034608244895935059e-01
4.707212448120117188e-01
5.650457739830017090e-01
4.570545256137847900e-01
4.831858277320861816e-01
4.071937799453735352e-01
5.094833970069885254e-01
4.915559291839599609e-01
4.975920319557189941e-01
5.093869268894195557e-01
6.369212865829467773e-01
7.352958321571350098e-01
6.558222174644470215e-01
5.692151188850402832e-01
5.443220138549804688e-01
4.687882661819458008e-01
5.348775982856750488e-01
5.768840014934539795e-01
6.423513889312744141e-01
2.655379772186279297e-01
5.762269198894500732e-01
5.568978190422058105e-01
4.668355286121368408e-01
4.900382161140441895e-01
5.723308324813842773e-01
5.610520839691162109e-01
3.856061995029449463e-01
3.715484440326690674e-01
4.198569655418395996e-01
5.050576627254486084e-01
4.563441872596740723e-01
6.013301610946655273e-01
5.224425196647644043e-01
5.094273388385772705e-01
3.889093697071075439e-01
3.456677794456481934e-01
4.621523320674896240e-01
4.584826529026031494e-01
