9.961766004562377930e-01
9.970693588256835938e-01
9.985863566398620605e-01
9.985475540161132812e-01
9.996557831764221191e-01
9.997925162315368652e-01
9.997665286064147949e-01
9.977559447288513184e-01
9.994528889656066895e-01
9.998061656951904297e-01
9.997804760932922363e-01
9.998162984848022461e-01
9.999057650566101074e-01
9.998326301574707031e-01
9.963160157203674316e-01
9.987812042236328125e-01
9.993768334388732910e-01
9.998184442520141602e-01
9.998601675033569336e-01
9.998651146888732910e-01
9.998887777328491211e-01
9.998877644538879395e-01
9.988584518432617188e-01
9.996865391731262207e-01
9.999221563339233398e-01
9.999416470527648926e-01
9.999074935913085938e-01
9.998797178268432617e-01
9.999181628227233887e-01
9.999430179595947266e-01
9.998896121978759766e-01
9.998772740364074707e-01
9.999102950096130371e-01
9.999116063117980957e-01
9.999240040779113770e-01
9.999225735664367676e-01
9.999392628669738770e-01
9.996874332427978516e-01
9.995484948158264160e-01
9.997418522834777832e-01
9.989585876464843750e-01
9.579552412033081055e-01
3.086100518703460693e-01
5.632380843162536621e-01
7.678264677524566650e-01
6.307650804519653320e-01
6.139580011367797852e-01
7.886117696762084961e-01
9.934549927711486816e-01
9.994665980339050293e-01
9.996328353881835938e-01
9.998404979705810547e-01
9.993924498558044434e-01
9.991206526756286621e-01
9.996074438095092773e-01
9.995868206024169922e-01
9.996716976165771484e-01
9.996546506881713867e-01
9.996553063392639160e-01
9.998613595962524414e-01
9.993737339973449707e-01
9.991592168807983398e-01
9.996540546417236328e-01
9.995822906494140625e-01
9.993224143981933594e-01
9.996163249015808105e-01
9.998273253440856934e-01
9.997444748878479004e-01
9.997534155845642090e-01
9.990268349647521973e-01
9.997603893280029297e-01
9.973073601722717285e-01
9.978446960449218750e-01
9.990563988685607910e-01
9.989925026893615723e-01
9.989542365074157715e-01
9.834837317466735840e-01
9.980685114860534668e-01
9.994593858718872070e-01
9.996087551116943359e-01
9.967135787010192871e-01
9.997478127479553223e-01
9.994228482246398926e-01
9.997778534889221191e-01
9.993007779121398926e-01
9.944629073143005371e-01
9.995560050010681152e-01
9.984611272811889648e-01
9.935589432716369629e-01
9.993737339973449707e-01
9.994846582412719727e-01
9.992299675941467285e-01
9.931391477584838867e-01
9.932867288589477539e-01
9.985310435295104980e-01
9.988014101982116699e-01
9.997075796127319336e-01
9.983692169189453125e-01
9.996441006660461426e-01
9.992586374282836914e-01
9.996175169944763184e-01
9.995732903480529785e-01
9.978193044662475586e-01
9.987050890922546387e-01
9.994974732398986816e-01
9.996711015701293945e-01
9.993293285369873047e-01
9.995048642158508301e-01
9.986043572425842285e-01
9.993098378181457520e-01
9.989355206489562988e-01
9.994859695434570312e-01
9.995992183685302734e-01
9.997165799140930176e-01
9.978954195976257324e-01
9.927142858505249023e-01
9.984486103057861328e-01
9.985676407814025879e-01
9.990833997726440430e-01
9.997530579566955566e-01
9.990253448486328125e-01
9.996010661125183105e-01
9.996722340583801270e-01
9.992455840110778809e-01
9.514033198356628418e-01
8.906484842300415039e-01
8.473094403743743896e-01
9.992474317550659180e-01
9.827110171318054199e-01
9.720472097396850586e-01
9.553427100181579590e-01
9.968375563621520996e-01
9.966310858726501465e-01
9.986084699630737305e-01
9.921377897262573242e-01
9.972878694534301758e-01
9.876331090927124023e-01
9.902140498161315918e-01
9.962623119354248047e-01
9.917995333671569824e-01
9.810827970504760742e-01
9.901788830757141113e-01
9.976142048835754395e-01
9.928244948387145996e-01
9.966185688972473145e-01
9.847812056541442871e-01
9.924749732017517090e-01
8.664796352386474609e-01
9.584139585494995117e-01
7.533180117607116699e-01
8.863473534584045410e-01
8.295220136642456055e-01
7.353182435035705566e-01
7.291801571846008301e-01
8.356439471244812012e-01
7.342345714569091797e-01
6.354238986968994141e-01
5.340863764286041260e-01
7.027540206909179688e-01
3.981203436851501465e-01
7.295074462890625000e-01
6.516988277435302734e-01
8.981779217720031738e-01
8.762636259198188782e-01
9.283072352409362793e-01
9.054276347160339355e-01
8.448597192764282227e-01
6.010484695434570312e-01
5.517293810844421387e-01
2.073252201080322266e-01
3.938060402870178223e-01
5.091798901557922363e-01
4.337940514087677002e-01
6.973413825035095215e-01
3.729855120182037354e-01
6.990142464637756348e-01
6.467204093933105469e-01
6.274967491626739502e-01
4.667281508445739746e-01
6.417381465435028076e-01
7.935992479324340820e-01
7.468467950820922852e-01
7.226101756095886230e-01
5.711738467216491699e-01
7.566612958908081055e-01
8.237096071243286133e-01
6.569975614547729492e-01
6.911879181861877441e-01
7.159357368946075439e-01
7.128676772117614746e-01
6.065129935741424561e-01
6.165016293525695801e-01
3.352551758289337158e-01
5.377755761146545410e-01
4.355751574039459229e-01
3.895058035850524902e-01
3.500443100929260254e-01
5.234029889106750488e-01
2.927414178848266602e-01
4.009382128715515137e-01
3.809715509414672852e-01
4.435912370681762695e-01
2.846668958663940430e-01
5.494434237480163574e-01
6.348749399185180664e-01
5.517687797546386719e-01
7.922869920730590820e-01
5.304049253463745117e-01
5.692221522331237793e-01
4.137552380561828613e-01
4.279224872589111328e-01
5.204381048679351807e-01
6.266354322433471680e-01
3.522980213165283203e-01
4.775235056877136230e-01
3.714430034160614014e-01
4.713113903999328613e-01
2.654744386672973633e-01
4.270785152912139893e-01
2.879318594932556152e-01
4.058472514152526855e-01
