9.961766004562377930e-01
9.970693588256835938e-01
9.985863566398620605e-01
6.561009287834167480e-01
9.846214652061462402e-01
9.987663626670837402e-01
4.852566421031951904e-01
7.445484995841979980e-01
9.955805540084838867e-01
9.956941008567810059e-01
9.976858496665954590e-01
9.995087981224060059e-01
9.998688101768493652e-01
9.998847842216491699e-01
9.987072944641113281e-01
9.982871413230895996e-01
9.994984865188598633e-01
9.998257160186767578e-01
9.998814463615417480e-01
9.585264921188354492e-01
9.979286193847656250e-01
9.996428489685058594e-01
9.998295903205871582e-01
9.998399615287780762e-01
9.999109506607055664e-01
9.999142289161682129e-01
9.999448657035827637e-01
9.999305605888366699e-01
9.998197555541992188e-01
9.998757839202880859e-01
9.999055266380310059e-01
9.999178051948547363e-01
9.999440312385559082e-01
9.998990893363952637e-01
9.998912811279296875e-01
9.999257326126098633e-01
9.999186992645263672e-01
9.997813701629638672e-01
9.997540116310119629e-01
9.997556209564208984e-01
9.972718358039855957e-01
9.781440496444702148e-01
9.916027784347534180e-01
5.364241600036621094e-01
9.985676407814025879e-01
6.659732460975646973e-01
6.137018799781799316e-01
9.932699203491210938e-01
7.923864126205444336e-01
9.971888661384582520e-01
9.990288019180297852e-01
9.994437694549560547e-01
9.994715452194213867e-01
9.996413588523864746e-01
9.996408820152282715e-01
9.998579025268554688e-01
9.993733167648315430e-01
9.991939663887023926e-01
9.996600747108459473e-01
9.996336698532104492e-01
9.997019171714782715e-01
9.996809363365173340e-01
9.997941255569458008e-01
9.991730451583862305e-01
9.987883567810058594e-01
9.996927976608276367e-01
9.996211528778076172e-01
9.992887973785400391e-01
9.994372725486755371e-01
9.992045164108276367e-01
9.997231960296630859e-01
9.987263083457946777e-01
9.913322925567626953e-01
9.993065595626831055e-01
9.985427856445312500e-01
9.986723065376281738e-01
9.983428716659545898e-01
9.986308813095092773e-01
9.998222589492797852e-01
9.995224475860595703e-01
9.996432065963745117e-01
9.570336341857910156e-01
9.929127693176269531e-01
9.977211952209472656e-01
9.995074868202209473e-01
9.996467828750610352e-01
9.997450113296508789e-01
9.995018839836120605e-01
9.997944831848144531e-01
9.997492432594299316e-01
9.997867345809936523e-01
9.997082948684692383e-01
9.992181658744812012e-01
9.997631311416625977e-01
9.984087347984313965e-01
9.997374415397644043e-01
9.991567730903625488e-01
9.990171194076538086e-01
9.996241331100463867e-01
9.994651079177856445e-01
9.996137619018554688e-01
9.989069700241088867e-01
9.990888237953186035e-01
9.996743202209472656e-01
9.997479319572448730e-01
9.996653795242309570e-01
9.994727969169616699e-01
9.993283152580261230e-01
9.997825026512145996e-01
9.980825185775756836e-01
9.986604452133178711e-01
9.932985901832580566e-01
9.941583275794982910e-01
9.990509748458862305e-01
9.985427260398864746e-01
9.992460608482360840e-01
9.997447133064270020e-01
9.978259205818176270e-01
9.944129586219787598e-01
9.980823993682861328e-01
9.954065084457397461e-01
9.996932148933410645e-01
9.997432231903076172e-01
9.992517232894897461e-01
9.564797282218933105e-01
9.786796569824218750e-01
9.954029917716979980e-01
9.107768535614013672e-01
8.809821009635925293e-01
9.840290956199169159e-01
9.548826813697814941e-01
9.981654286384582520e-01
9.376071691513061523e-01
9.360321760177612305e-01
7.893272638320922852e-01
9.931119084358215332e-01
9.629081487655639648e-01
9.920866489410400391e-01
9.965186119079589844e-01
9.909162521362304688e-01
9.860230088233947754e-01
9.860171079635620117e-01
9.929566383361816406e-01
9.796960949897766113e-01
9.967318773269653320e-01
9.925277233123779297e-01
9.214696884155273438e-01
9.387091994285583496e-01
8.449270129203796387e-01
5.948592424392700195e-01
2.302821278572082520e-01
5.075681805610656738e-01
1.661577224731445312e-01
6.660257577896118164e-01
6.076614856719970703e-01
4.670240581035614014e-01
7.809355258941650391e-01
6.853496432304382324e-01
5.727739334106445312e-01
4.379084408283233643e-01
6.352341771125793457e-01
8.102330565452575684e-01
6.738156080245971680e-01
6.315920352935791016e-01
5.920041203498840332e-01
4.981419444084167480e-01
3.204201757907867432e-01
2.449485063552856445e-01
3.342055082321166992e-01
3.013370037078857422e-01
3.437693715095520020e-01
3.778110146522521973e-01
3.814958333969116211e-01
3.284447789192199707e-01
2.472699880599975586e-01
3.406305015087127686e-01
2.747606039047241211e-01
3.739922344684600830e-01
2.545482516288757324e-01
3.058272004127502441e-01
3.494680523872375488e-01
2.891299724578857422e-01
3.602596223354339600e-01
3.220946192741394043e-01
3.344849646091461182e-01
3.771999478340148926e-01
3.025022745132446289e-01
2.914978861808776855e-01
2.809382081031799316e-01
2.595838904380798340e-01
2.173020839691162109e-01
3.019933700561523438e-01
3.262215852737426758e-01
3.047453165054321289e-01
3.331991434097290039e-01
3.650418817996978760e-01
3.505191206932067871e-01
2.985703945159912109e-01
3.037948608398437500e-01
3.430740535259246826e-01
3.934734463691711426e-01
3.739641308784484863e-01
4.087612926959991455e-01
4.113938808441162109e-01
4.037536978721618652e-01
3.969691693782806396e-01
2.792892754077911377e-01
3.783271312713623047e-01
4.451085329055786133e-01
3.953365087509155273e-01
3.751214146614074707e-01
3.627833425998687744e-01
