9.961766004562377930e-01
9.970693588256835938e-01
9.985863566398620605e-01
6.561008989810943604e-01
9.846214652061462402e-01
9.987663626670837402e-01
4.852566719055175781e-01
7.445484995841979980e-01
9.955805540084838867e-01
9.956941008567810059e-01
9.976858496665954590e-01
9.995087981224060059e-01
9.998688101768493652e-01
9.998847842216491699e-01
9.987072944641113281e-01
9.982871413230895996e-01
9.994984865188598633e-01
9.998257160186767578e-01
9.998814463615417480e-01
9.998573660850524902e-01
9.998692274093627930e-01
9.992234110832214355e-01
9.996949434280395508e-01
9.998439550399780273e-01
9.999200105667114258e-01
9.999234080314636230e-01
9.999377727508544922e-01
9.999269247055053711e-01
9.998447895050048828e-01
9.998757839202880859e-01
9.999055266380310059e-01
9.999083876609802246e-01
9.999383687973022461e-01
9.998990893363952637e-01
9.998912811279296875e-01
9.999257326126098633e-01
9.999186992645263672e-01
9.997813701629638672e-01
8.393104076385498047e-01
9.902339577674865723e-01
9.991409778594970703e-01
9.996052980422973633e-01
9.928505420684814453e-01
5.341734588146209717e-01
9.822835326194763184e-01
9.992877244949340820e-01
9.692465662956237793e-01
9.968659877777099609e-01
7.250465750694274902e-01
9.975158572196960449e-01
9.988579750061035156e-01
9.993751645088195801e-01
9.995646476745605469e-01
9.994263052940368652e-01
9.996463060379028320e-01
9.998582601547241211e-01
9.998494982719421387e-01
9.998508095741271973e-01
9.993854165077209473e-01
9.992327690124511719e-01
9.996732473373413086e-01
9.996343851089477539e-01
9.998103976249694824e-01
9.990618824958801270e-01
9.986555576324462891e-01
9.995931386947631836e-01
9.995846152305603027e-01
9.996637105941772461e-01
9.996421933174133301e-01
9.979012608528137207e-01
9.998146891593933105e-01
9.995101094245910645e-01
9.990582466125488281e-01
9.963003396987915039e-01
9.937494993209838867e-01
9.977346062660217285e-01
9.982056021690368652e-01
9.990006685256958008e-01
9.996096491813659668e-01
9.996810555458068848e-01
9.994533061981201172e-01
9.998312592506408691e-01
9.997108578681945801e-01
9.995806813240051270e-01
9.997505545616149902e-01
9.995966553688049316e-01
9.996646642684936523e-01
9.996913671493530273e-01
9.996261596679687500e-01
9.995551109313964844e-01
9.993863701820373535e-01
9.996790885925292969e-01
9.996140003204345703e-01
9.996353983879089355e-01
9.992776513099670410e-01
9.994781017303466797e-01
9.995272159576416016e-01
9.995275735855102539e-01
9.989461898803710938e-01
9.985947608947753906e-01
9.995114207267761230e-01
9.994831681251525879e-01
9.969762563705444336e-01
9.994445443153381348e-01
9.985014200210571289e-01
9.996392130851745605e-01
9.997256398200988770e-01
9.969725012779235840e-01
9.990864396095275879e-01
9.767203330993652344e-01
9.836881756782531738e-01
9.985646009445190430e-01
9.974665089976042509e-01
9.994038343429565430e-01
9.989352226257324219e-01
9.997099637985229492e-01
9.991383552551269531e-01
9.905391931533813477e-01
9.997416734695434570e-01
9.995855093002319336e-01
9.994189143180847168e-01
9.985253214836120605e-01
9.915782213211059570e-01
9.972786307334899902e-01
9.993889927864074707e-01
9.976882338523864746e-01
9.591264128684997559e-01
9.606513381004333496e-01
9.468232989311218262e-01
9.932974576950073242e-01
9.985292553901672363e-01
5.104169249534606934e-01
9.633393287658691406e-01
6.977546215057373047e-01
8.757111430168151855e-01
7.537171244621276855e-01
8.583998829126358032e-01
7.030642628669738770e-01
9.800701141357421875e-01
9.847611188888549805e-01
9.556818008422851562e-01
9.788002371788024902e-01
9.672138690948486328e-01
9.112581014633178711e-01
5.548643767833709717e-01
7.658522129058837891e-01
7.575276494026184082e-01
8.967854380607604980e-01
6.717294156551361084e-01
6.131089627742767334e-01
4.845294356346130371e-01
5.989880561828613281e-01
4.060322642326354980e-01
6.264153122901916504e-01
7.109374701976776123e-01
4.580644667148590088e-01
3.501530885696411133e-01
4.027910232543945312e-01
2.944368124008178711e-01
3.845772743225097656e-01
4.054964780807495117e-01
4.792733192443847656e-01
4.371090531349182129e-01
4.688140451908111572e-01
3.496061265468597412e-01
4.822035133838653564e-01
3.337357640266418457e-01
3.552474081516265869e-01
3.684459328651428223e-01
2.198965549468994141e-01
3.878848552703857422e-01
2.541021704673767090e-01
3.511447310447692871e-01
3.563754558563232422e-01
3.378847837448120117e-01
2.447224259376525879e-01
2.430417090654373169e-01
2.736907005310058594e-01
2.565327286720275879e-01
4.400216341018676758e-01
3.491719365119934082e-01
3.595229983329772949e-01
3.906773626804351807e-01
2.224740386009216309e-01
4.120021164417266846e-01
2.698048353195190430e-01
3.132271170616149902e-01
4.466525614261627197e-01
3.731688857078552246e-01
3.807932734489440918e-01
3.624471426010131836e-01
3.483457565307617188e-01
3.108720779418945312e-01
3.796233534812927246e-01
2.600665688514709473e-01
4.220738708972930908e-01
3.845881223678588867e-01
3.475894033908843994e-01
4.290001392364501953e-01
4.088711142539978027e-01
4.408110976219177246e-01
5.176873207092285156e-01
4.931239485740661621e-01
4.180907607078552246e-01
3.484070301055908203e-01
3.721172511577606201e-01
3.778493404388427734e-01
3.477038741111755371e-01
4.434719383716583252e-01
