9.961766004562377930e-01
9.970693588256835938e-01
9.985863566398620605e-01
6.561008989810943604e-01
9.846214652061462402e-01
9.987663626670837402e-01
4.852566719055175781e-01
7.445484995841979980e-01
9.955805540084838867e-01
9.956941008567810059e-01
9.976858496665954590e-01
9.995087981224060059e-01
9.998688101768493652e-01
9.998847842216491699e-01
9.987072944641113281e-01
9.982871413230895996e-01
9.994984865188598633e-01
9.998257160186767578e-01
9.998814463615417480e-01
9.585264921188354492e-01
9.979286193847656250e-01
9.996428489685058594e-01
9.998295903205871582e-01
9.998399615287780762e-01
9.999109506607055664e-01
9.999142289161682129e-01
9.999448657035827637e-01
9.999305605888366699e-01
9.999287724494934082e-01
9.998864531517028809e-01
9.998669624328613281e-01
9.999229907989501953e-01
9.999395012855529785e-01
9.999026060104370117e-01
9.998983144760131836e-01
9.999214410781860352e-01
9.999217987060546875e-01
9.997813701629638672e-01
8.393104076385498047e-01
9.897111058235168457e-01
9.991248846054077148e-01
9.996002316474914551e-01
9.925641417503356934e-01
5.648561120033264160e-01
9.842113852500915527e-01
9.993607401847839355e-01
7.450141906738281250e-01
9.936580657958984375e-01
7.603757381439208984e-01
9.980921149253845215e-01
9.991167187690734863e-01
9.995071887969970703e-01
9.996451139450073242e-01
9.995364546775817871e-01
9.996830821037292480e-01
9.998669624328613281e-01
9.994146823883056641e-01
9.992370605468750000e-01
9.996736645698547363e-01
9.996518492698669434e-01
9.997013211250305176e-01
9.996904134750366211e-01
9.997951388359069824e-01
9.991788268089294434e-01
9.987281560897827148e-01
9.995249509811401367e-01
9.993424415588378906e-01
9.992405176162719727e-01
9.988653659820556641e-01
9.990020394325256348e-01
9.995733499526977539e-01
9.994902014732360840e-01
9.985740780830383301e-01
9.981514215469360352e-01
9.992408156394958496e-01
9.966160655021667480e-01
9.978834986686706543e-01
9.992131590843200684e-01
9.964333176612854004e-01
9.984014630317687988e-01
9.984539747238159180e-01
9.986171722412109375e-01
9.994528889656066895e-01
9.994233250617980957e-01
9.995037913322448730e-01
9.996318221092224121e-01
9.994579553604125977e-01
9.996728301048278809e-01
9.995801448822021484e-01
9.996375441551208496e-01
9.991974234580993652e-01
9.984717965126037598e-01
9.992544651031494141e-01
9.996728301048278809e-01
9.994465112686157227e-01
9.994451999664306641e-01
9.966213703155517578e-01
9.992677569389343262e-01
9.991576075553894043e-01
9.989069700241088867e-01
9.989781379699707031e-01
9.975442886352539062e-01
9.982559680938720703e-01
9.987234473228454590e-01
9.996559619903564453e-01
9.994453787803649902e-01
9.993754625320434570e-01
9.964020848274230957e-01
9.995543956756591797e-01
9.739075899124145508e-01
9.889402985572814941e-01
9.931960105895996094e-01
9.966636300086975098e-01
9.988619685173034668e-01
9.983758330345153809e-01
9.990154504776000977e-01
9.990932941436767578e-01
9.991566538810729980e-01
9.993712306022644043e-01
9.987238645553588867e-01
9.982438683509826660e-01
9.992870092391967773e-01
9.983961582183837891e-01
9.985033869743347168e-01
9.911103844642639160e-01
9.950911402702331543e-01
9.731071591377258301e-01
9.904214739799499512e-01
9.422854781150817871e-01
9.016478061676025391e-01
9.160528182983398438e-01
9.181836247444152832e-01
9.755615592002868652e-01
9.361406564712524414e-01
9.408833384513854980e-01
9.423599839210510254e-01
9.325792789459228516e-01
9.474370479583740234e-01
9.393126368522644043e-01
9.849471449851989746e-01
9.113579392433166504e-01
9.886907935142517090e-01
8.790195584297180176e-01
8.303794413805007935e-01
8.231813311576843262e-01
8.129644989967346191e-01
7.625142335891723633e-01
7.744991183280944824e-01
8.391270041465759277e-01
5.870982408523559570e-01
4.956780374050140381e-01
5.686770081520080566e-01
5.939508974552154541e-01
5.309191942214965820e-01
6.819661259651184082e-01
6.201137304306030273e-01
4.090273678302764893e-01
5.002750754356384277e-01
5.297877788543701172e-01
3.917030096054077148e-01
4.115245342254638672e-01
5.267900228500366211e-01
3.944165110588073730e-01
6.013928949832916260e-01
5.043015778064727783e-01
6.043533980846405029e-01
4.571618437767028809e-01
4.187321066856384277e-01
4.016181826591491699e-01
4.647524356842041016e-01
4.877377748489379883e-01
5.281719565391540527e-01
5.777217447757720947e-01
6.142482161521911621e-01
4.733843803405761719e-01
4.957824945449829102e-01
4.920271635055541992e-01
2.956670522689819336e-01
4.230862259864807129e-01
3.423972129821777344e-01
4.278937578201293945e-01
3.156842589378356934e-01
3.859407305717468262e-01
4.338595271110534668e-01
5.385687351226806641e-01
5.476786494255065918e-01
4.112299680709838867e-01
3.997923135757446289e-01
4.267627000808715820e-01
4.791367650032043457e-01
4.580992162227630615e-01
4.943724572658538818e-01
4.922205805778503418e-01
5.055707097053527832e-01
5.533238053321838379e-01
4.639703035354614258e-01
4.803009629249572754e-01
5.153675675392150879e-01
4.849071502685546875e-01
4.972605705261230469e-01
6.032943129539489746e-01
5.209754109382629395e-01
4.813997149467468262e-01
5.904604494571685791e-01
4.730544686317443848e-01
4.051250517368316650e-01
4.795607924461364746e-01
4.580727815628051758e-01
