9.961766004562377930e-01
2.928562760353088379e-01
4.109065830707550049e-01
8.505931496620178223e-01
9.950274825096130371e-01
9.988708496093750000e-01
9.985769391059875488e-01
9.988923072814941406e-01
9.909592270851135254e-01
9.864619374275207520e-01
9.960792660713195801e-01
9.994250535964965820e-01
9.998773932456970215e-01
9.986487627029418945e-01
9.978906512260437012e-01
9.995633959770202637e-01
9.993893504142761230e-01
9.998386502265930176e-01
9.998543262481689453e-01
9.712257385253906250e-01
9.987111687660217285e-01
9.994915127754211426e-01
9.994297027587890625e-01
9.998396635055541992e-01
9.999099373817443848e-01
9.999387860298156738e-01
9.999240040779113770e-01
9.991251230239868164e-01
9.998704195022583008e-01
9.999043941497802734e-01
9.999305009841918945e-01
9.999001026153564453e-01
9.998853802680969238e-01
9.999234080314636230e-01
9.999205470085144043e-01
9.999247193336486816e-01
9.999231696128845215e-01
9.997866153717041016e-01
9.998871088027954102e-01
9.996774196624755859e-01
9.995259642601013184e-01
8.406790494918823242e-01
9.896742105484008789e-01
9.983075857162475586e-01
9.422174692153930664e-01
9.948667883872985840e-01
9.884105920791625977e-01
9.672021865844726562e-01
9.993278384208679199e-01
9.998608231544494629e-01
9.998820424079895020e-01
9.973229169845581055e-01
9.989172220230102539e-01
9.998087882995605469e-01
9.986249208450317383e-01
9.983372688293457031e-01
9.994771480560302734e-01
9.994881749153137207e-01
9.995148777961730957e-01
9.996748566627502441e-01
9.998525977134704590e-01
9.995029568672180176e-01
9.986770749092102051e-01
9.996705651283264160e-01
9.996157288551330566e-01
9.993646740913391113e-01
9.991140365600585938e-01
9.996452927589416504e-01
9.996910691261291504e-01
9.986728429794311523e-01
9.978516101837158203e-01
9.984647631645202637e-01
9.978486299514770508e-01
9.986642599105834961e-01
9.984660148620605469e-01
9.983883500099182129e-01
9.986351728439331055e-01
3.352655172348022461e-01
9.876745343208312988e-01
9.982932209968566895e-01
9.989998340606689453e-01
9.981901645660400391e-01
9.993225932121276855e-01
9.994034767150878906e-01
9.998465180397033691e-01
9.995192289352416992e-01
9.995839595794677734e-01
9.997453689575195312e-01
9.996418952941894531e-01
9.996949434280395508e-01
9.996535181999206543e-01
9.997045397758483887e-01
9.993111491203308105e-01
9.996055364608764648e-01
9.996396899223327637e-01
9.986898303031921387e-01
9.992979168891906738e-01
9.990981221199035645e-01
9.995064139366149902e-01
9.991489052772521973e-01
9.974924921989440918e-01
9.980782270431518555e-01
9.993003606796264648e-01
9.996050596237182617e-01
9.993438124656677246e-01
9.996892809867858887e-01
9.991830587387084961e-01
9.971269965171813965e-01
9.914218783378601074e-01
9.765702486038208008e-01
9.990594387054443359e-01
9.970685839653015137e-01
9.991974234580993652e-01
9.995435476303100586e-01
9.991146922111511230e-01
9.858083724975585938e-01
9.980182051658630371e-01
9.971907138824462891e-01
9.951861500740051270e-01
9.988775849342346191e-01
9.976661801338195801e-01
9.996074438095092773e-01
9.987984895706176758e-01
9.981328248977661133e-01
9.181848168373107910e-01
8.738513886928558350e-01
9.970723390579223633e-01
9.415695071220397949e-01
9.559900164604187012e-01
9.950329661369323730e-01
9.500198364257812500e-01
9.942452907562255859e-01
9.887164831161499023e-01
9.899743795394897461e-01
9.890598058700561523e-01
9.961269497871398926e-01
9.960298538208007812e-01
9.919525980949401855e-01
9.820632338523864746e-01
9.869489073753356934e-01
9.867324829101562500e-01
9.579365253448486328e-01
9.808645844459533691e-01
9.967133402824401855e-01
9.826506972312927246e-01
9.823686480522155762e-01
9.662236571311950684e-01
9.039774537086486816e-01
9.199707508087158203e-01
6.812126934528350830e-01
5.999170541763305664e-01
5.534651577472686768e-01
9.005370736122131348e-01
4.857690632343292236e-01
4.782615900039672852e-01
6.316556334495544434e-01
6.667194366455078125e-01
4.879399836063385010e-01
4.575433731079101562e-01
5.817045569419860840e-01
4.255373477935791016e-01
4.914647340774536133e-01
5.420146584510803223e-01
5.696572065353393555e-01
5.740981101989746094e-01
5.719078183174133301e-01
4.434391856193542480e-01
5.226018726825714111e-01
2.886049151420593262e-01
3.785941302776336670e-01
3.860939741134643555e-01
3.433082103729248047e-01
4.952642321586608887e-01
2.672944664955139160e-01
3.068525195121765137e-01
2.728735208511352539e-01
3.938210010528564453e-01
3.990539312362670898e-01
3.296697139739990234e-01
3.014515042304992676e-01
3.321481943130493164e-01
2.540247142314910889e-01
3.018259108066558838e-01
3.560374677181243896e-01
3.947769403457641602e-01
3.432392477989196777e-01
3.454367816448211670e-01
4.387426376342773438e-01
4.724675118923187256e-01
4.717388153076171875e-01
4.798833727836608887e-01
4.281432926654815674e-01
4.012408852577209473e-01
4.825509786605834961e-01
4.947686195373535156e-01
3.599102497100830078e-01
3.954889178276062012e-01
3.832846283912658691e-01
3.574365377426147461e-01
3.560298681259155273e-01
4.051718711853027344e-01
4.558513164520263672e-01
5.134521722793579102e-01
4.766233563423156738e-01
5.123979449272155762e-01
5.760516524314880371e-01
5.375180244445800781e-01
5.794280767440795898e-01
4.434196352958679199e-01
4.709956645965576172e-01
4.430755674839019775e-01
3.822758793830871582e-01
