9.961766004562377930e-01
9.970693588256835938e-01
9.985863566398620605e-01
6.561009287834167480e-01
9.846214652061462402e-01
9.987663626670837402e-01
4.852566719055175781e-01
7.445484995841979980e-01
9.955805540084838867e-01
9.956941008567810059e-01
9.976858496665954590e-01
9.995087981224060059e-01
9.998688101768493652e-01
9.988949298858642578e-01
9.980537891387939453e-01
9.995019435882568359e-01
9.994032979011535645e-01
9.998383522033691406e-01
9.998545050621032715e-01
9.711165428161621094e-01
9.987674951553344727e-01
9.995027184486389160e-01
9.998295903205871582e-01
9.998399615287780762e-01
9.999109506607055664e-01
9.999390244483947754e-01
9.999343156814575195e-01
9.991904497146606445e-01
9.998719096183776855e-01
9.999049305915832520e-01
9.999081492424011230e-01
9.999242424964904785e-01
9.999417066574096680e-01
9.999031424522399902e-01
9.998953342437744141e-01
9.999220967292785645e-01
9.999186992645263672e-01
9.997808337211608887e-01
9.881086349487304688e-01
9.897111058235168457e-01
9.991046190261840820e-01
9.782091379165649414e-01
9.908706545829772949e-01
9.751250147819519043e-01
9.798653125762939453e-01
6.408132016658782959e-01
9.740710258483886719e-01
9.963110685348510742e-01
7.831197530031204224e-01
9.973008036613464355e-01
9.989919662475585938e-01
9.994226098060607910e-01
9.994771480560302734e-01
9.996483922004699707e-01
9.996439814567565918e-01
9.998592734336853027e-01
9.993683099746704102e-01
9.992176294326782227e-01
9.996663331985473633e-01
9.996413588523864746e-01
9.997052550315856934e-01
9.996848106384277344e-01
9.997154474258422852e-01
9.996145367622375488e-01
9.981067776679992676e-01
9.997295737266540527e-01
9.979181885719299316e-01
9.983437061309814453e-01
9.986279606819152832e-01
9.985715746879577637e-01
9.990779757499694824e-01
9.942461252212524414e-01
9.865418076515197754e-01
6.993159055709838867e-01
6.385909914970397949e-01
9.986777901649475098e-01
9.976333975791931152e-01
9.996546506881713867e-01
9.996539950370788574e-01
9.996627569198608398e-01
9.997862577438354492e-01
9.985527992248535156e-01
9.976745247840881348e-01
9.994955658912658691e-01
9.993507266044616699e-01
9.996830224990844727e-01
9.997821450233459473e-01
9.993278384208679199e-01
9.998875260353088379e-01
9.982368350028991699e-01
9.988644719123840332e-01
9.993708729743957520e-01
9.994912147521972656e-01
9.997497797012329102e-01
9.993764758110046387e-01
9.996549487113952637e-01
9.998481869697570801e-01
9.990088939666748047e-01
9.994276165962219238e-01
9.987679719924926758e-01
9.998555779457092285e-01
9.993826150894165039e-01
9.997987747192382812e-01
6.064992845058441162e-01
8.453188538551330566e-01
6.715853214263916016e-01
9.987081885337829590e-01
9.996525049209594727e-01
9.153593778610229492e-01
7.885055541992187500e-01
9.968686103820800781e-01
9.711521267890930176e-01
9.991605877876281738e-01
9.992150068283081055e-01
9.989548921585083008e-01
9.998379945755004883e-01
9.976645112037658691e-01
9.988769292831420898e-01
9.992989897727966309e-01
9.768557548522949219e-01
9.127063751220703125e-01
9.996462464332580566e-01
8.863168358802795410e-01
6.266326904296875000e-01
9.926433563232421875e-01
7.549908757209777832e-01
9.190732836723327637e-01
9.382481686770915985e-01
8.622998595237731934e-01
8.166988492012023926e-01
6.471397876739501953e-01
8.528732061386108398e-01
7.859552502632141113e-01
9.657850861549377441e-01
7.789884209632873535e-01
8.954220414161682129e-01
9.746493101119995117e-01
9.873597025871276855e-01
9.773390889167785645e-01
9.860887527465820312e-01
9.912036657333374023e-01
9.378306865692138672e-01
9.674760699272155762e-01
8.062539696693420410e-01
8.142192363739013672e-01
7.406241297721862793e-01
8.844447731971740723e-01
7.097051143646240234e-01
8.751694560050964355e-01
6.875548362731933594e-01
5.253925323486328125e-01
8.501178622245788574e-01
8.067394495010375977e-01
8.339219093322753906e-01
8.055656552314758301e-01
8.761743232607841492e-01
9.017043709754943848e-01
8.025186061859130859e-01
6.161608695983886719e-01
6.211757063865661621e-01
7.096689939498901367e-01
8.402894139289855957e-01
8.669275045394897461e-01
6.778547465801239014e-01
6.866415739059448242e-01
5.328609645366668701e-01
4.747624099254608154e-01
5.111238062381744385e-01
7.386639714241027832e-01
5.527540445327758789e-01
8.783093094825744629e-01
6.462519168853759766e-01
5.074880421161651611e-01
5.639983415603637695e-01
4.415625631809234619e-01
7.314326763153076172e-01
5.386578142642974854e-01
6.875061988830566406e-01
6.690306663513183594e-01
7.538065910339355469e-01
6.930211782455444336e-01
4.090356230735778809e-01
6.323468387126922607e-01
4.834543466567993164e-01
7.181423306465148926e-01
6.482518315315246582e-01
5.150617957115173340e-01
4.706236720085144043e-01
3.371620774269104004e-01
5.456004738807678223e-01
5.106582045555114746e-01
3.270907700061798096e-01
4.372242093086242676e-01
4.343580901622772217e-01
2.998051643371582031e-01
3.046236932277679443e-01
4.846282601356506348e-01
3.763393163681030273e-01
4.209414720535278320e-01
4.586300849914550781e-01
4.405984878540039062e-01
5.341590642929077148e-01
4.285101890563964844e-01
5.124012827873229980e-01
3.625370264053344727e-01
4.867569804191589355e-01
4.630080461502075195e-01
4.298449158668518066e-01
5.294560790061950684e-01
4.790880084037780762e-01
5.546367764472961426e-01
4.014842510223388672e-01
4.895982742309570312e-01
4.855485558509826660e-01
5.161515474319458008e-01
4.429426193237304688e-01
5.151229500770568848e-01
4.655312299728393555e-01
4.788069725036621094e-01
4.814592599868774414e-01
5.307517349720001221e-01
5.322982966899871826e-01
6.565976738929748535e-01
6.008963882923126221e-01
5.307486057281494141e-01
6.142829060554504395e-01
6.165396571159362793e-01
4.699563384056091309e-01
4.105460047721862793e-01
4.995239078998565674e-01
5.455503165721893311e-01
4.346406757831573486e-01
