9.961766004562377930e-01
9.970693588256835938e-01
9.985863566398620605e-01
6.561009287834167480e-01
9.846214652061462402e-01
9.987663626670837402e-01
4.852566421031951904e-01
7.445484995841979980e-01
9.955805540084838867e-01
9.956941008567810059e-01
9.976858496665954590e-01
9.995087981224060059e-01
9.998688101768493652e-01
9.988949298858642578e-01
9.980537891387939453e-01
9.995019435882568359e-01
9.994032979011535645e-01
9.998383522033691406e-01
9.998545050621032715e-01
9.998666644096374512e-01
9.991444349288940430e-01
9.982780814170837402e-01
9.998444914817810059e-01
9.998291730880737305e-01
9.999231100082397461e-01
9.999374747276306152e-01
9.999262094497680664e-01
9.999334812164306641e-01
9.998830556869506836e-01
9.998660683631896973e-01
9.999152421951293945e-01
9.999079704284667969e-01
9.999422430992126465e-01
9.999068379402160645e-01
9.998866915702819824e-01
9.999257326126098633e-01
9.999186992645263672e-01
9.997808337211608887e-01
9.881086349487304688e-01
9.895275831222534180e-01
9.991409778594970703e-01
9.771909117698669434e-01
9.904158711433410645e-01
9.776630401611328125e-01
3.494202494621276855e-01
6.945738494396209717e-01
8.562379628419876099e-01
9.958105087280273438e-01
8.046535849571228027e-01
9.975635409355163574e-01
9.619790911674499512e-01
9.645628929138183594e-01
9.905455708503723145e-01
9.994637370109558105e-01
9.994989633560180664e-01
9.995837807655334473e-01
9.977002739906311035e-01
9.995023012161254883e-01
9.996336698532104492e-01
9.995875954627990723e-01
9.996838569641113281e-01
9.996566176414489746e-01
9.997814893722534180e-01
9.990720748901367188e-01
9.985522627830505371e-01
9.996683001518249512e-01
9.996019005775451660e-01
9.991319179534912109e-01
9.997348189353942871e-01
9.996765851974487305e-01
9.995648860931396484e-01
9.995326995849609375e-01
9.994888901710510254e-01
9.868544936180114746e-01
9.492713809013366699e-01
9.944075942039489746e-01
9.995872378349304199e-01
9.997504353523254395e-01
9.997534155845642090e-01
9.997387528419494629e-01
8.031428456306457520e-01
9.527393206954002380e-01
9.912935495376586914e-01
9.995431900024414062e-01
9.994831681251525879e-01
9.996401667594909668e-01
9.995887875556945801e-01
9.997519254684448242e-01
9.997856020927429199e-01
9.995883703231811523e-01
9.998301267623901367e-01
9.996109604835510254e-01
9.996986389160156250e-01
9.997017383575439453e-01
9.995833635330200195e-01
9.996039867401123047e-01
9.996681213378906250e-01
9.997632503509521484e-01
9.990132451057434082e-01
9.996327757835388184e-01
9.994450211524963379e-01
9.996303319931030273e-01
9.996128678321838379e-01
9.993337392807006836e-01
9.991181492805480957e-01
9.967418909072875977e-01
9.848693013191223145e-01
9.987625479698181152e-01
9.987854957580566406e-01
9.994004964828491211e-01
9.997726678848266602e-01
9.986929297447204590e-01
9.983948469161987305e-01
9.966310858726501465e-01
9.951821565628051758e-01
9.993112087249755859e-01
9.994371533393859863e-01
9.995259642601013184e-01
9.979740381240844727e-01
9.929095506668090820e-01
9.976313710212707520e-01
9.949513673782348633e-01
9.980330467224121094e-01
9.946835041046142578e-01
9.936103224754333496e-01
9.985727667808532715e-01
9.957261085510253906e-01
9.985069036483764648e-01
9.984318017959594727e-01
9.965651631355285645e-01
9.976798295974731445e-01
9.933853745460510254e-01
9.941853880882263184e-01
9.930972456932067871e-01
9.869633913040161133e-01
9.799103736877441406e-01
9.752394556999206543e-01
9.767240881919860840e-01
9.609050750732421875e-01
9.410567879676818848e-01
9.600926041603088379e-01
9.914989471435546875e-01
9.768451452255249023e-01
9.620348811149597168e-01
9.355559349060058594e-01
9.338594675064086914e-01
7.054694890975952148e-01
9.107020497322082520e-01
9.101189374923706055e-01
7.545363306999206543e-01
8.547878861427307129e-01
6.893762350082397461e-01
5.526387095451354980e-01
5.458947420120239258e-01
5.593299865722656250e-01
4.371913969516754150e-01
5.281874537467956543e-01
2.814370393753051758e-01
4.873998761177062988e-01
2.673316001892089844e-01
6.693625450134277344e-01
2.781159877777099609e-01
6.441255211830139160e-01
9.008093476295471191e-01
6.260095834732055664e-01
9.425492882728576660e-01
9.544302821159362793e-01
7.881320714950561523e-01
9.861469864845275879e-01
8.688954710960388184e-01
9.592468142509460449e-01
7.846147865056991577e-01
8.719385862350463867e-01
2.633140683174133301e-01
6.738952398300170898e-01
7.291133999824523926e-01
9.638099670410156250e-01
8.825422525405883789e-01
9.962913393974304199e-01
7.867385745048522949e-01
4.607646465301513672e-01
6.522116065025329590e-01
9.667767882347106934e-01
9.719882607460021973e-01
9.774049520492553711e-01
9.824645519256591797e-01
9.539961814880371094e-01
9.827604889869689941e-01
9.603351950645446777e-01
9.467647671699523926e-01
7.056841254234313965e-01
7.039890885353088379e-01
8.353461027145385742e-01
4.516872763633728027e-01
7.763923108577728271e-01
8.622080087661743164e-01
4.667465090751647949e-01
4.222806096076965332e-01
9.375332593917846680e-01
7.116560339927673340e-01
5.670807957649230957e-01
5.139999389648437500e-01
9.111707210540771484e-01
3.390769362449645996e-01
8.511271476745605469e-01
9.323326945304870605e-01
9.713370203971862793e-01
9.648312330245971680e-01
9.672603011131286621e-01
9.100269079208374023e-01
9.165108799934387207e-01
8.982576727867126465e-01
7.613670229911804199e-01
7.318134307861328125e-01
8.139438629150390625e-01
7.239111661911010742e-01
9.172047972679138184e-01
6.525863409042358398e-01
7.913637161254882812e-01
6.230199933052062988e-01
8.362214565277099609e-01
6.783632636070251465e-01
8.742268085479736328e-01
8.149572610855102539e-01
7.396250367164611816e-01
7.793532013893127441e-01
6.558243036270141602e-01
5.933297872543334961e-01
8.213796466588973999e-01
7.634955048561096191e-01
7.621142864227294922e-01
7.689494192600250244e-01
9.139877557754516602e-01
6.355993151664733887e-01
6.704967021942138672e-01
7.113828063011169434e-01
8.503427505493164062e-01
7.750773131847381592e-01
6.629202961921691895e-01
7.153417766094207764e-01
5.688344240188598633e-01
5.485094785690307617e-01
8.066297173500061035e-01
5.742321014404296875e-01
6.087028980255126953e-01
5.596708655357360840e-01
7.262780368328094482e-01
4.673671126365661621e-01
4.969122409820556641e-01
6.698584854602813721e-01
5.064618885517120361e-01
5.835036635398864746e-01
3.375938236713409424e-01
5.610611438751220703e-01
6.986594796180725098e-01
8.296682238578796387e-01
4.878771305084228516e-01
7.259179353713989258e-01
7.691296339035034180e-01
7.774868011474609375e-01
8.568338751792907715e-01
7.298440933227539062e-01
5.846629738807678223e-01
3.235135674476623535e-01
4.551736116409301758e-01
3.165354728698730469e-01
4.076401591300964355e-01
4.019925296306610107e-01
4.129367768764495850e-01
6.178056001663208008e-01
5.889083743095397949e-01
7.563443183898925781e-01
5.202407240867614746e-01
6.171839237213134766e-01
4.840853214263916016e-01
4.092772603034973145e-01
5.231094360351562500e-01
5.851275324821472168e-01
5.653676986694335938e-01
7.712977528572082520e-01
6.628874540328979492e-01
6.257857680320739746e-01
5.644055604934692383e-01
5.698102116584777832e-01
5.654834210872650146e-01
6.209096312522888184e-01
4.909641742706298828e-01
4.232338070869445801e-01
7.914888858795166016e-02
4.460128545761108398e-01
3.000853061676025391e-01
5.549944043159484863e-01
6.341960728168487549e-01
6.914087831974029541e-01
5.074561536312103271e-01
3.961051702499389648e-01
2.550011277198791504e-01
1.325772404670715332e-01
1.994360089302062988e-01
2.400977760553359985e-01
4.337407946586608887e-01
2.782125473022460938e-01
3.346759080886840820e-01
2.302450239658355713e-01
3.470100164413452148e-01
2.636628746986389160e-01
4.685068726539611816e-01
5.028459429740905762e-01
2.792332768440246582e-01
4.416627287864685059e-01
4.362235665321350098e-01
4.136104881763458252e-01
