9.961766004562377930e-01
2.928562760353088379e-01
4.109065830707550049e-01
8.505931496620178223e-01
9.950274825096130371e-01
9.988708496093750000e-01
9.985769391059875488e-01
9.988923072814941406e-01
9.909592270851135254e-01
9.864619374275207520e-01
9.960792660713195801e-01
9.994250535964965820e-01
9.998773932456970215e-01
9.986487627029418945e-01
9.978906512260437012e-01
9.995633959770202637e-01
9.993893504142761230e-01
9.998386502265930176e-01
9.998543262481689453e-01
9.998669028282165527e-01
9.991062879562377930e-01
9.982229471206665039e-01
9.995137453079223633e-01
9.998281598091125488e-01
9.999223351478576660e-01
9.999373555183410645e-01
9.999122619628906250e-01
9.993687868118286133e-01
9.998704195022583008e-01
9.999043941497802734e-01
9.999305009841918945e-01
9.998890757560729980e-01
9.998853802680969238e-01
9.999234080314636230e-01
9.999205470085144043e-01
9.999247193336486816e-01
9.999231696128845215e-01
9.997866153717041016e-01
9.998871088027954102e-01
9.998812675476074219e-01
9.996309876441955566e-01
6.258459091186523438e-01
9.911189079284667969e-01
9.973332285881042480e-01
9.994416236877441406e-01
9.997954368591308594e-01
9.947621226310729980e-01
9.992451667785644531e-01
9.996743798255920410e-01
9.998946785926818848e-01
9.999043345451354980e-01
9.999022483825683594e-01
9.987473487854003906e-01
9.999009370803833008e-01
9.997957944869995117e-01
9.873049259185791016e-01
9.978730082511901855e-01
9.990146160125732422e-01
9.992794990539550781e-01
9.672500565648078918e-01
9.996332526206970215e-01
9.996948242187500000e-01
9.970655441284179688e-01
9.980160593986511230e-01
9.988006353378295898e-01
9.983658790588378906e-01
9.997126460075378418e-01
9.995157718658447266e-01
9.998009204864501953e-01
9.992525577545166016e-01
9.988530874252319336e-01
9.995614886283874512e-01
9.993838667869567871e-01
9.992883205413818359e-01
9.992545247077941895e-01
9.997931718826293945e-01
9.995729327201843262e-01
9.992851614952087402e-01
7.807501554489135742e-01
9.183709770441055298e-01
9.890623092651367188e-01
9.522427916526794434e-01
9.968098402023315430e-01
9.997243285179138184e-01
9.993516206741333008e-01
9.998455643653869629e-01
9.995971918106079102e-01
9.994250535964965820e-01
9.963748455047607422e-01
9.946498870849609375e-01
9.997375011444091797e-01
9.997496008872985840e-01
9.998077750205993652e-01
9.996252655982971191e-01
9.991819858551025391e-01
9.998482465744018555e-01
9.995716214179992676e-01
9.997078776359558105e-01
9.997344613075256348e-01
9.997627735137939453e-01
9.995722770690917969e-01
9.994715452194213867e-01
9.994512796401977539e-01
9.996597766876220703e-01
9.998087882995605469e-01
9.995350241661071777e-01
9.997649192810058594e-01
9.996110796928405762e-01
9.997364878654479980e-01
9.994421005249023438e-01
9.955697655677795410e-01
9.893165230751037598e-01
9.989026188850402832e-01
9.957392215728759766e-01
9.995606541633605957e-01
9.997627735137939453e-01
9.962956905364990234e-01
9.983887672424316406e-01
9.987064003944396973e-01
8.068040609359741211e-01
8.259617686271667480e-01
9.974451065063476562e-01
9.608262181282043457e-01
9.777513742446899414e-01
9.689220786094665527e-01
8.258938193321228027e-01
8.721265196800231934e-01
7.443901896476745605e-01
6.845044493675231934e-01
8.998895883560180664e-01
9.272056818008422852e-01
7.723636478185653687e-01
8.368627429008483887e-01
6.655260324478149414e-01
9.237540960311889648e-01
6.272534132003784180e-01
9.844481348991394043e-01
9.851616621017456055e-01
9.872590303421020508e-01
9.949973225593566895e-01
9.854816794395446777e-01
9.861247539520263672e-01
9.791073799133300781e-01
9.816934466361999512e-01
9.818030595779418945e-01
9.896405339241027832e-01
9.892216920852661133e-01
9.615840911865234375e-01
9.852012395858764648e-01
8.204539716243743896e-01
8.404778242111206055e-01
8.324489593505859375e-01
9.497931003570556641e-01
8.578010797500610352e-01
9.322001934051513672e-01
9.701892733573913574e-01
8.794240951538085938e-01
9.431020021438598633e-01
8.022704571485519409e-01
8.605949282646179199e-01
6.607403755187988281e-01
8.075224757194519043e-01
7.510610222816467285e-01
8.836900591850280762e-01
8.595760464668273926e-01
7.889775633811950684e-01
7.955852150917053223e-01
7.568500041961669922e-01
5.600924491882324219e-01
5.466881990432739258e-01
5.749869346618652344e-01
6.224849224090576172e-01
5.922366380691528320e-01
6.788279116153717041e-01
6.160714626312255859e-01
6.574314236640930176e-01
4.505739212036132812e-01
6.662759780883789062e-01
7.451881766319274902e-01
5.795147716999053955e-01
7.686745524406433105e-01
3.300294280052185059e-01
7.166939973831176758e-01
4.531110525131225586e-01
7.009671330451965332e-01
8.685642480850219727e-01
8.010584712028503418e-01
8.253779411315917969e-01
6.742110848426818848e-01
7.120766043663024902e-01
7.252489030361175537e-01
7.129577100276947021e-01
6.523686647415161133e-01
7.591644376516342163e-01
8.264863491058349609e-01
6.871730387210845947e-01
6.271859109401702881e-01
5.369101762771606445e-01
4.175859093666076660e-01
4.602238833904266357e-01
5.596153736114501953e-01
4.775144755840301514e-01
4.980680942535400391e-01
6.188678145408630371e-01
6.988195180892944336e-01
5.001956224441528320e-01
6.243107318878173828e-01
6.261594295501708984e-01
4.607428908348083496e-01
4.542080760002136230e-01
5.146327614784240723e-01
6.014896333217620850e-01
4.667095541954040527e-01
5.318716764450073242e-01
4.466502070426940918e-01
5.596635341644287109e-01
4.809833168983459473e-01
4.643085896968841553e-01
3.688215017318725586e-01
5.043081641197204590e-01
4.768741726875305176e-01
5.648652315139770508e-01
4.468624591827392578e-01
4.949315190315246582e-01
4.579604268074035645e-01
4.504045844078063965e-01
5.258536934852600098e-01
5.402963161468505859e-01
3.463510274887084961e-01
4.204112291336059570e-01
4.805549979209899902e-01
4.805231094360351562e-01
5.928047895431518555e-01
5.189027786254882812e-01
5.036396384239196777e-01
4.771477580070495605e-01
