9.961766004562377930e-01
9.970693588256835938e-01
9.985863566398620605e-01
6.561008989810943604e-01
9.846214652061462402e-01
9.987663626670837402e-01
4.852566421031951904e-01
7.445484995841979980e-01
9.955805540084838867e-01
9.956941008567810059e-01
9.976858496665954590e-01
9.995087981224060059e-01
9.998688101768493652e-01
9.988949298858642578e-01
9.980537891387939453e-01
9.995019435882568359e-01
9.994032979011535645e-01
9.998383522033691406e-01
9.998545050621032715e-01
9.998666644096374512e-01
9.991444349288940430e-01
9.982780814170837402e-01
9.998444914817810059e-01
9.998291730880737305e-01
9.999231100082397461e-01
9.999374747276306152e-01
9.999392628669738770e-01
9.999349117279052734e-01
9.998197555541992188e-01
9.998757839202880859e-01
9.999055266380310059e-01
9.999083876609802246e-01
9.999440312385559082e-01
9.999418854713439941e-01
9.999035596847534180e-01
9.998966455459594727e-01
9.999222755432128906e-01
9.997323155403137207e-01
8.683731555938720703e-01
9.902617931365966797e-01
9.990102052688598633e-01
9.996601343154907227e-01
9.928292632102966309e-01
9.899262785911560059e-01
9.996269941329956055e-01
9.996172189712524414e-01
9.991225004196166992e-01
9.997648596763610840e-01
9.991512894630432129e-01
9.890807271003723145e-01
9.974669218063354492e-01
9.988893270492553711e-01
9.992275238037109375e-01
9.568924307823181152e-01
9.982925653457641602e-01
9.996671676635742188e-01
9.982268810272216797e-01
9.987307190895080566e-01
9.992282986640930176e-01
9.990719556808471680e-01
9.997933506965637207e-01
9.996470808982849121e-01
9.997836351394653320e-01
9.990881681442260742e-01
9.986155629158020020e-01
9.996758103370666504e-01
9.996061325073242188e-01
9.991577863693237305e-01
9.997382164001464844e-01
9.996774196624755859e-01
9.995625019073486328e-01
9.995476007461547852e-01
9.992964267730712891e-01
9.874457716941833496e-01
9.987859725952148438e-01
9.989303946495056152e-01
9.994164705276489258e-01
9.997869133949279785e-01
9.998121857643127441e-01
6.491777300834655762e-01
9.593706727027893066e-01
9.887288212776184082e-01
9.960631728172302246e-01
9.985133409500122070e-01
9.996340870857238770e-01
9.994224309921264648e-01
9.996248483657836914e-01
9.997783303260803223e-01
9.993051290512084961e-01
9.998427629470825195e-01
9.995032548904418945e-01
9.994397759437561035e-01
9.998005032539367676e-01
9.982112050056457520e-01
9.997996091842651367e-01
9.994698166847229004e-01
9.993271827697753906e-01
9.997020959854125977e-01
9.988943934440612793e-01
9.998243451118469238e-01
9.994812011718750000e-01
9.997874498367309570e-01
9.995585083961486816e-01
9.997890591621398926e-01
9.996566176414489746e-01
9.970318078994750977e-01
9.930458664894104004e-01
9.990389347076416016e-01
9.990258216857910156e-01
9.995141029357910156e-01
9.997922182083129883e-01
9.994683861732482910e-01
9.501454234123229980e-01
9.858460426330566406e-01
9.846837520599365234e-01
9.992368817329406738e-01
9.947738051414489746e-01
9.995422363281250000e-01
9.953202009201049805e-01
9.912993311882019043e-01
9.992905259132385254e-01
9.954767227172851562e-01
9.993026256561279297e-01
9.951137900352478027e-01
9.994190931320190430e-01
9.992052912712097168e-01
9.030688405036926270e-01
7.493504285812377930e-01
4.910297989845275879e-01
8.159216642379760742e-01
9.338943362236022949e-01
8.090619593858718872e-01
6.440811753273010254e-01
9.943177700042724609e-01
9.881533384323120117e-01
9.611100554466247559e-01
8.263927698135375977e-01
5.189618468284606934e-01
6.784081459045410156e-01
8.483946919441223145e-01
8.742078542709350586e-01
9.451704025268554688e-01
8.656167387962341309e-01
9.306423664093017578e-01
8.253918290138244629e-01
8.875823020935058594e-01
8.880181312561035156e-01
9.304244518280029297e-01
9.421800374984741211e-01
7.024590969085693359e-01
6.435549855232238770e-01
7.615720629692077637e-01
4.766160547733306885e-01
7.296068668365478516e-01
4.573167562484741211e-01
5.969281494617462158e-01
2.645221352577209473e-01
6.123036146163940430e-01
5.355804562568664551e-01
4.617936015129089355e-01
5.729941725730895996e-01
3.816173672676086426e-01
3.967868089675903320e-01
3.753818273544311523e-01
4.386863708496093750e-01
4.465216398239135742e-01
5.378290414810180664e-01
4.296209216117858887e-01
5.593067705631256104e-01
5.299944579601287842e-01
3.856507539749145508e-01
4.599006474018096924e-01
3.839060664176940918e-01
4.155747294425964355e-01
2.851602435111999512e-01
3.707048594951629639e-01
2.982939481735229492e-01
3.927577137947082520e-01
3.302453160285949707e-01
3.302367627620697021e-01
4.128787517547607422e-01
4.749011993408203125e-01
5.408011078834533691e-01
5.001860260963439941e-01
4.179647266864776611e-01
4.788571596145629883e-01
3.606740236282348633e-01
5.354004204273223877e-01
4.762272536754608154e-01
5.050908327102661133e-01
5.384371876716613770e-01
3.720246851444244385e-01
4.442535638809204102e-01
4.152021408081054688e-01
5.077704787254333496e-01
4.976568222045898438e-01
5.331498384475708008e-01
4.961656630039215088e-01
4.564037919044494629e-01
4.036511182785034180e-01
6.148595213890075684e-01
3.897209763526916504e-01
5.438593924045562744e-01
5.153386294841766357e-01
4.801177978515625000e-01
5.133573412895202637e-01
4.648944139480590820e-01
5.026879906654357910e-01
4.081042110919952393e-01
4.097137451171875000e-01
3.486044406890869141e-01
