9.961766004562377930e-01
2.928562760353088379e-01
4.109065830707550049e-01
8.505931496620178223e-01
9.950274825096130371e-01
9.988708496093750000e-01
9.985769391059875488e-01
9.988923072814941406e-01
9.909592270851135254e-01
9.864619374275207520e-01
9.960792660713195801e-01
9.994250535964965820e-01
9.998773932456970215e-01
9.986487627029418945e-01
9.978906512260437012e-01
9.995633959770202637e-01
9.993893504142761230e-01
9.998386502265930176e-01
9.998543262481689453e-01
9.998669028282165527e-01
9.991062879562377930e-01
9.982229471206665039e-01
9.995137453079223633e-01
9.998281598091125488e-01
9.999223351478576660e-01
9.999373555183410645e-01
9.999392032623291016e-01
9.999344944953918457e-01
9.998174905776977539e-01
9.998742938041687012e-01
9.999299645423889160e-01
9.998766183853149414e-01
9.998973608016967773e-01
9.999197125434875488e-01
9.999197125434875488e-01
9.999275207519531250e-01
9.999231696128845215e-01
9.997873902320861816e-01
9.998871088027954102e-01
9.998810291290283203e-01
9.963467717170715332e-01
6.444557309150695801e-01
9.900050163269042969e-01
9.292495250701904297e-01
9.842786192893981934e-01
6.553315520286560059e-01
8.089526295661926270e-01
5.426487922668457031e-01
7.523307800292968750e-01
9.908620119094848633e-01
9.991183280944824219e-01
9.995840191841125488e-01
9.994893074035644531e-01
9.998388290405273438e-01
9.994294047355651855e-01
9.991267323493957520e-01
9.996462464332580566e-01
9.996148943901062012e-01
9.996861219406127930e-01
9.996766448020935059e-01
9.998521208763122559e-01
9.994806647300720215e-01
9.986366033554077148e-01
9.995188713073730469e-01
9.994496703147888184e-01
9.995522499084472656e-01
9.995259642601013184e-01
9.994010329246520996e-01
9.997376203536987305e-01
9.975079298019409180e-01
9.983779788017272949e-01
9.993256926536560059e-01
9.984735250473022461e-01
9.982872009277343750e-01
9.945448637008666992e-01
9.996978044509887695e-01
9.990689158439636230e-01
9.977066516876220703e-01
9.993152022361755371e-01
9.994509816169738770e-01
9.988437294960021973e-01
9.992905259132385254e-01
9.896594285964965820e-01
9.995428323745727539e-01
9.995298385620117188e-01
9.976852536201477051e-01
9.994008541107177734e-01
9.977391958236694336e-01
9.990807771682739258e-01
9.973596930503845215e-01
9.994636178016662598e-01
9.994537234306335449e-01
9.996605515480041504e-01
9.984074831008911133e-01
9.969666600227355957e-01
9.948966503143310547e-01
9.995048642158508301e-01
9.983739852905273438e-01
9.992166161537170410e-01
9.996016025543212891e-01
9.992084503173828125e-01
9.996329545974731445e-01
9.978502988815307617e-01
9.979379773139953613e-01
9.995863437652587891e-01
9.995915889739990234e-01
9.990475177764892578e-01
9.993192553520202637e-01
9.985441565513610840e-01
9.991779923439025879e-01
9.993112087249755859e-01
9.983023405075073242e-01
9.978443980216979980e-01
9.993284940719604492e-01
9.984515309333801270e-01
9.969684481620788574e-01
9.959049224853515625e-01
9.990536570549011230e-01
9.978626966476440430e-01
9.989735484123229980e-01
9.993411898612976074e-01
9.995665550231933594e-01
9.988957643508911133e-01
9.991219043731689453e-01
9.882292151451110840e-01
9.861021041870117188e-01
9.949989914894104004e-01
9.367802143096923828e-01
9.893580675125122070e-01
9.982380867004394531e-01
9.809021353721618652e-01
9.049415588378906250e-01
9.937776327133178711e-01
9.796276688575744629e-01
9.980847239494323730e-01
8.608493804931640625e-01
9.191686511039733887e-01
9.289136528968811035e-01
9.441382884979248047e-01
9.393604397773742676e-01
8.733985424041748047e-01
9.321715235710144043e-01
9.623511433601379395e-01
9.794544577598571777e-01
9.299607276916503906e-01
9.451385736465454102e-01
9.358518719673156738e-01
9.064850807189941406e-01
7.122253775596618652e-01
2.228175401687622070e-01
3.233435153961181641e-01
4.414755403995513916e-01
3.465299606323242188e-01
7.461850345134735107e-01
5.688565373420715332e-01
5.239033997058868408e-01
4.454934298992156982e-01
3.873291909694671631e-01
3.747548460960388184e-01
4.585118293762207031e-01
6.615447402000427246e-01
4.945871233940124512e-01
3.376965522766113281e-01
4.436808228492736816e-01
3.408164978027343750e-01
2.862447202205657959e-01
3.366196155548095703e-01
3.407273888587951660e-01
3.145689964294433594e-01
2.499809265136718750e-01
3.207523226737976074e-01
2.912886142730712891e-01
2.647865414619445801e-01
3.069048821926116943e-01
2.061161994934082031e-01
2.805085182189941406e-01
2.103741168975830078e-01
2.954345047473907471e-01
3.143019378185272217e-01
2.623112797737121582e-01
3.071894645690917969e-01
2.272022366523742676e-01
2.997676134109497070e-01
2.881683707237243652e-01
3.750450611114501953e-01
3.015802502632141113e-01
2.479078173637390137e-01
3.927071690559387207e-01
3.912740945816040039e-01
4.602145850658416748e-01
4.946403503417968750e-01
4.379802346229553223e-01
5.461405515670776367e-01
4.097647070884704590e-01
3.940799832344055176e-01
3.544365763664245605e-01
3.827854394912719727e-01
4.616789817810058594e-01
3.373683094978332520e-01
4.345938861370086670e-01
4.732293486595153809e-01
4.977286458015441895e-01
4.776726961135864258e-01
4.983003437519073486e-01
4.688266515731811523e-01
5.988731980323791504e-01
4.616932272911071777e-01
