9.961766004562377930e-01
9.970693588256835938e-01
9.985863566398620605e-01
9.985475540161132812e-01
9.996557831764221191e-01
9.971083402633666992e-01
9.954213500022888184e-01
7.584015130996704102e-01
9.804991893470287323e-01
9.971064329147338867e-01
9.959031343460083008e-01
9.995293617248535156e-01
9.998827576637268066e-01
9.985284209251403809e-01
9.984772205352783203e-01
9.994907975196838379e-01
9.993991851806640625e-01
9.998399615287780762e-01
9.998552799224853516e-01
9.998669028282165527e-01
9.998931884765625000e-01
9.988467693328857422e-01
9.996945261955261230e-01
9.998465180397033691e-01
9.999195337295532227e-01
9.999439716339111328e-01
9.998901486396789551e-01
9.999220967292785645e-01
9.998961687088012695e-01
9.998659491539001465e-01
9.999148845672607422e-01
9.999073147773742676e-01
9.999144077301025391e-01
9.999260902404785156e-01
9.999412298202514648e-01
9.999065399169921875e-01
9.998920559883117676e-01
9.997754096984863281e-01
9.997282028198242188e-01
9.919759631156921387e-01
5.120993852615356445e-01
9.839968681335449219e-01
9.945287704467773438e-01
9.812588095664978027e-01
3.451513051986694336e-01
6.580820083618164062e-01
8.210586905479431152e-01
9.934873580932617188e-01
9.968931674957275391e-01
9.998242259025573730e-01
9.993293285369873047e-01
9.987100362777709961e-01
9.996948838233947754e-01
9.996716976165771484e-01
9.996995925903320312e-01
9.996835589408874512e-01
9.996912479400634766e-01
9.998643398284912109e-01
9.993563890457153320e-01
9.992187619209289551e-01
9.997718334197998047e-01
9.997138977050781250e-01
9.992641806602478027e-01
9.989559054374694824e-01
9.998371005058288574e-01
9.985429644584655762e-01
9.980409145355224609e-01
9.968516826629638672e-01
9.993046522140502930e-01
9.992495775222778320e-01
9.993430972099304199e-01
9.989906549453735352e-01
9.992031455039978027e-01
9.991545081138610840e-01
9.982611536979675293e-01
9.992789626121520996e-01
9.970172047615051270e-01
9.965311288833618164e-01
9.990579485893249512e-01
9.997106194496154785e-01
9.996063709259033203e-01
9.998232126235961914e-01
9.996340870857238770e-01
9.970201849937438965e-01
9.990153908729553223e-01
9.987755417823791504e-01
9.996028542518615723e-01
9.997445344924926758e-01
9.992783069610595703e-01
9.988596439361572266e-01
9.977805614471435547e-01
9.990740418434143066e-01
9.990074634552001953e-01
9.973338246345520020e-01
9.992609024047851562e-01
9.973550438880920410e-01
9.995329976081848145e-01
9.988818764686584473e-01
9.990807771682739258e-01
9.994620084762573242e-01
9.982374310493469238e-01
9.983517527580261230e-01
9.977940917015075684e-01
9.994682073593139648e-01
9.996620416641235352e-01
9.991348981857299805e-01
9.994186162948608398e-01
9.992942214012145996e-01
9.936400055885314941e-01
9.994784593582153320e-01
9.948862195014953613e-01
9.937937259674072266e-01
9.989079833030700684e-01
9.988961815834045410e-01
9.979467391967773438e-01
9.995863437652587891e-01
9.989218115806579590e-01
9.997210502624511719e-01
9.980778098106384277e-01
9.918596744537353516e-01
9.985441565513610840e-01
9.991185069084167480e-01
9.997882246971130371e-01
9.993034601211547852e-01
9.968981742858886719e-01
9.978687763214111328e-01
9.983944296836853027e-01
9.988903999328613281e-01
8.644006252288818359e-01
9.867990612983703613e-01
9.789382815361022949e-01
9.982490539550781250e-01
9.960055351257324219e-01
9.986083507537841797e-01
9.940513372421264648e-01
9.968636631965637207e-01
9.931067228317260742e-01
9.969127178192138672e-01
9.906443953514099121e-01
9.968225359916687012e-01
9.939802885055541992e-01
9.741364121437072754e-01
9.885166883468627930e-01
9.530008435249328613e-01
9.965428709983825684e-01
9.875564575195312500e-01
9.826203584671020508e-01
9.169035553932189941e-01
9.675990343093872070e-01
3.862567543983459473e-01
7.453635334968566895e-01
7.156676054000854492e-01
7.564219534397125244e-01
5.783781111240386963e-01
7.657073736190795898e-01
8.433858156204223633e-01
8.041809797286987305e-01
5.732913017272949219e-01
6.091449856758117676e-01
4.300925135612487793e-01
4.604133963584899902e-01
4.194660782814025879e-01
4.561239480972290039e-01
6.419563293457031250e-01
5.271162390708923340e-01
4.848024249076843262e-01
6.008228063583374023e-01
4.252575039863586426e-01
2.859614193439483643e-01
3.073615431785583496e-01
3.756725192070007324e-01
2.412486672401428223e-01
3.036936521530151367e-01
2.776950001716613770e-01
2.741137146949768066e-01
2.842194139957427979e-01
2.056918144226074219e-01
2.720028162002563477e-01
2.414716482162475586e-01
3.101598620414733887e-01
2.945114970207214355e-01
2.849582433700561523e-01
3.237497806549072266e-01
2.545279860496520996e-01
2.213072180747985840e-01
3.433922529220581055e-01
2.214307188987731934e-01
3.087102174758911133e-01
4.610220789909362793e-01
4.219925403594970703e-01
4.206240773200988770e-01
4.008132815361022949e-01
4.043294787406921387e-01
3.633158206939697266e-01
3.259243965148925781e-01
3.410853147506713867e-01
3.719079494476318359e-01
3.845983743667602539e-01
3.949396610260009766e-01
4.435307383537292480e-01
3.794313073158264160e-01
3.618358373641967773e-01
2.933669090270996094e-01
3.779512047767639160e-01
