9.961766004562377930e-01
9.970693588256835938e-01
9.985863566398620605e-01
6.561008989810943604e-01
9.846214652061462402e-01
9.987663626670837402e-01
4.852566421031951904e-01
7.445484995841979980e-01
9.955805540084838867e-01
9.956941008567810059e-01
9.976858496665954590e-01
9.995087981224060059e-01
9.998688101768493652e-01
9.988949298858642578e-01
9.980537891387939453e-01
9.995019435882568359e-01
9.994032979011535645e-01
9.998383522033691406e-01
9.998545050621032715e-01
9.998666644096374512e-01
9.991444349288940430e-01
9.982780814170837402e-01
9.998444914817810059e-01
9.998291730880737305e-01
9.999231100082397461e-01
9.999374747276306152e-01
9.999262094497680664e-01
9.994128346443176270e-01
9.998719096183776855e-01
9.999049305915832520e-01
9.999081492424011230e-01
9.999170303344726562e-01
9.999417066574096680e-01
9.999031424522399902e-01
9.998953342437744141e-01
9.999220967292785645e-01
9.999186992645263672e-01
9.997808337211608887e-01
9.881086349487304688e-01
9.897111058235168457e-01
9.991150498390197754e-01
9.996076822280883789e-01
9.932143092155456543e-01
5.632083415985107422e-01
9.848759174346923828e-01
9.993699789047241211e-01
7.164712548255920410e-01
9.918636679649353027e-01
7.201836109161376953e-01
9.975318908691406250e-01
9.988451600074768066e-01
9.993560910224914551e-01
9.995655417442321777e-01
9.994171261787414551e-01
9.996446371078491211e-01
9.998558163642883301e-01
9.998501539230346680e-01
9.993789792060852051e-01
9.992056488990783691e-01
9.996775984764099121e-01
9.996371269226074219e-01
9.997001886367797852e-01
9.998089075088500977e-01
9.997660517692565918e-01
9.991633296012878418e-01
9.985054135322570801e-01
9.992243647575378418e-01
9.987623691558837891e-01
9.991796016693115234e-01
9.984148740768432617e-01
9.994689226150512695e-01
9.955701231956481934e-01
9.979455471038818359e-01
9.995946288108825684e-01
9.960826039314270020e-01
9.972636103630065918e-01
9.991766214370727539e-01
9.996708631515502930e-01
9.998307824134826660e-01
9.994913935661315918e-01
9.996550083160400391e-01
9.992831349372863770e-01
9.995953440666198730e-01
9.998138546943664551e-01
9.997832775115966797e-01
9.997271299362182617e-01
9.997866153717041016e-01
9.995627403259277344e-01
9.996563196182250977e-01
9.995553493499755859e-01
9.997596740722656250e-01
9.998027086257934570e-01
9.998307824134826660e-01
9.996014237403869629e-01
9.995777010917663574e-01
9.996713995933532715e-01
9.978502988815307617e-01
9.995894432067871094e-01
9.990585446357727051e-01
9.986096024513244629e-01
9.990705847740173340e-01
9.993604421615600586e-01
9.997442960739135742e-01
9.991467595100402832e-01
9.995062351226806641e-01
9.991179704666137695e-01
9.995859265327453613e-01
9.995879530906677246e-01
9.996845126152038574e-01
9.991512894630432129e-01
9.995499253273010254e-01
9.992126822471618652e-01
9.976342916488647461e-01
9.942663311958312988e-01
9.976633191108703613e-01
9.994001984596252441e-01
9.994478225708007812e-01
9.996679425239562988e-01
9.991064667701721191e-01
9.986473321914672852e-01
9.995337128639221191e-01
9.993845820426940918e-01
9.893115758895874023e-01
9.966099262237548828e-01
9.983111619949340820e-01
9.991556406021118164e-01
9.936299920082092285e-01
9.950587153434753418e-01
9.989398717880249023e-01
7.520042061805725098e-01
8.221334815025329590e-01
9.674854278564453125e-01
9.931386113166809082e-01
9.988874793052673340e-01
8.428273200988769531e-01
9.407730102539062500e-01
9.933485984802246094e-01
9.920819997787475586e-01
9.968090057373046875e-01
9.974594712257385254e-01
9.974064826965332031e-01
9.943074584007263184e-01
9.969385862350463867e-01
9.926847815513610840e-01
9.886127710342407227e-01
8.836576938629150391e-01
9.536289870738983154e-01
9.524909853935241699e-01
9.795250892639160156e-01
7.605724185705184937e-01
8.362638205289840698e-01
7.312194108963012695e-01
8.190727680921554565e-01
8.520750403404235840e-01
8.205575346946716309e-01
7.667688727378845215e-01
8.107543587684631348e-01
7.764615714550018311e-01
6.685238480567932129e-01
8.745916485786437988e-01
5.804275870323181152e-01
6.979936361312866211e-01
8.161103725433349609e-01
6.202003955841064453e-01
4.230318963527679443e-01
4.464869797229766846e-01
3.246182799339294434e-01
3.780879974365234375e-01
3.123011589050292969e-01
4.253594279289245605e-01
3.209124207496643066e-01
3.714810311794281006e-01
3.028185367584228516e-01
3.721547722816467285e-01
1.516642570495605469e-01
3.224330544471740723e-01
3.004593253135681152e-01
3.434279561042785645e-01
3.744043707847595215e-01
4.172570109367370605e-01
3.748743534088134766e-01
3.579730987548828125e-01
3.580693602561950684e-01
3.371392488479614258e-01
2.937863469123840332e-01
2.891887426376342773e-01
4.073600769042968750e-01
3.347319662570953369e-01
3.850120306015014648e-01
3.463426828384399414e-01
3.864605426788330078e-01
3.998743295669555664e-01
3.636396527290344238e-01
4.228906035423278809e-01
4.417387843132019043e-01
4.005523920059204102e-01
3.615669012069702148e-01
3.385814428329467773e-01
3.400349020957946777e-01
3.550489544868469238e-01
4.786521196365356445e-01
3.983114957809448242e-01
4.253740012645721436e-01
4.525402784347534180e-01
3.665386438369750977e-01
