9.961766004562377930e-01
9.970693588256835938e-01
4.997427463531494141e-01
5.682862997055053711e-01
9.958591461181640625e-01
9.985280632972717285e-01
6.148990988731384277e-01
6.979869604110717773e-01
9.952147006988525391e-01
9.967195391654968262e-01
9.970041513442993164e-01
9.995087981224060059e-01
9.998688101768493652e-01
9.988847970962524414e-01
9.980537891387939453e-01
9.995005726814270020e-01
9.993952512741088867e-01
9.998386502265930176e-01
9.998552799224853516e-01
9.744374752044677734e-01
9.986985325813293457e-01
9.994993209838867188e-01
9.998307824134826660e-01
9.998425841331481934e-01
9.999104738235473633e-01
9.999390840530395508e-01
9.999344944953918457e-01
9.991761445999145508e-01
9.998719096183776855e-01
9.999051690101623535e-01
9.999077916145324707e-01
9.999434351921081543e-01
9.999417066574096680e-01
9.999029040336608887e-01
9.998949170112609863e-01
9.999221563339233398e-01
9.999186992645263672e-01
9.997780323028564453e-01
9.883300662040710449e-01
9.893167614936828613e-01
9.990946650505065918e-01
9.996010661125183105e-01
9.934348533861339092e-01
9.912402033805847168e-01
9.996525049209594727e-01
9.996623992919921875e-01
9.985982179641723633e-01
9.997852444648742676e-01
9.998301267623901367e-01
9.997947812080383301e-01
9.875926971435546875e-01
9.978172183036804199e-01
9.990572929382324219e-01
9.989888072013854980e-01
9.995583295822143555e-01
9.956570267677307129e-01
9.969800710678100586e-01
9.991527795791625977e-01
9.994685053825378418e-01
9.993911981582641602e-01
9.991686344146728516e-01
9.998838901519775391e-01
9.990642070770263672e-01
9.985822439193725586e-01
9.996518492698669434e-01
9.996018409729003906e-01
9.991422295570373535e-01
9.997391104698181152e-01
9.996706843376159668e-01
9.995689988136291504e-01
9.998233914375305176e-01
9.995182156562805176e-01
9.997535943984985352e-01
9.992426633834838867e-01
9.978636503219604492e-01
9.982144236564636230e-01
9.404732584953308105e-01
8.077725321054458618e-01
9.981139898300170898e-01
9.996492266654968262e-01
9.987801313400268555e-01
9.535780549049377441e-01
5.467391610145568848e-01
9.762924909591674805e-01
9.995064139366149902e-01
9.996231198310852051e-01
9.996606111526489258e-01
9.996579885482788086e-01
9.997910261154174805e-01
9.997590780258178711e-01
9.996938705444335938e-01
9.996640682220458984e-01
9.996201395988464355e-01
9.986292123794555664e-01
9.993782043457031250e-01
9.996203184127807617e-01
9.995331764221191406e-01
9.998021721839904785e-01
9.995984435081481934e-01
9.995828866958618164e-01
9.998721480369567871e-01
9.997421503067016602e-01
9.998015165328979492e-01
9.998204708099365234e-01
9.965380430221557617e-01
9.980855584144592285e-01
8.667507022619247437e-01
9.968189597129821777e-01
9.751017689704895020e-01
9.135771393775939941e-01
6.805179417133331299e-01
9.763764739036560059e-01
9.944234490394592285e-01
9.988735914230346680e-01
9.995732903480529785e-01
9.773882031440734863e-01
6.940464377403259277e-01
9.319122433662414551e-01
9.856210947036743164e-01
9.985948204994201660e-01
9.989570379257202148e-01
9.992164969444274902e-01
9.995780587196350098e-01
7.578435689210891724e-01
9.275848865509033203e-01
8.969121575355529785e-01
7.443447113037109375e-01
9.887705445289611816e-01
9.910736326128244400e-01
9.741746187210083008e-01
9.576750397682189941e-01
8.530579805374145508e-01
9.231692552566528320e-01
6.824082136154174805e-01
8.970664739608764648e-01
9.860036373138427734e-01
9.656936526298522949e-01
9.973159432411193848e-01
9.814671874046325684e-01
9.716751575469970703e-01
9.419576525688171387e-01
9.653159379959106445e-01
9.014988541603088379e-01
9.595185518264770508e-01
9.829091429710388184e-01
9.728832244873046875e-01
9.686442017555236816e-01
9.734159708023071289e-01
9.217854142189025879e-01
7.404308915138244629e-01
5.062856674194335938e-01
7.477728128433227539e-01
5.847042798995971680e-01
7.919361591339111328e-01
6.756998300552368164e-01
7.343176603317260742e-01
4.342678785324096680e-01
7.030591964721679688e-01
2.362788319587707520e-01
4.371367692947387695e-01
4.244431257247924805e-01
5.698572993278503418e-01
5.360343456268310547e-01
7.173227667808532715e-01
6.041736006736755371e-01
5.589844882488250732e-01
3.478250503540039062e-01
4.855101108551025391e-01
5.142631530761718750e-01
3.596071600914001465e-01
4.682435989379882812e-01
5.233552455902099609e-01
3.481342196464538574e-01
4.406519532203674316e-01
4.537104964256286621e-01
2.809442877769470215e-01
3.515340089797973633e-01
3.831854462623596191e-01
2.672495245933532715e-01
3.021329641342163086e-01
3.094922304153442383e-01
2.339445948600769043e-01
3.296951651573181152e-01
4.479916691780090332e-01
5.542972683906555176e-01
4.042432904243469238e-01
4.363459348678588867e-01
4.177410602569580078e-01
3.977894484996795654e-01
3.948588371276855469e-01
4.697363376617431641e-01
3.753313720226287842e-01
3.720380663871765137e-01
4.279910922050476074e-01
4.578476846218109131e-01
4.043300151824951172e-01
3.370794951915740967e-01
3.867258429527282715e-01
4.366801083087921143e-01
3.286445140838623047e-01
4.279945492744445801e-01
4.257592558860778809e-01
5.193031728267669678e-01
4.977615475654602051e-01
5.706435441970825195e-01
4.938681125640869141e-01
5.266416668891906738e-01
3.895792365074157715e-01
