9.961766004562377930e-01
9.970693588256835938e-01
9.985863566398620605e-01
9.985475540161132812e-01
9.996557831764221191e-01
9.997925162315368652e-01
9.997665286064147949e-01
9.998143911361694336e-01
9.995024800300598145e-01
9.996802210807800293e-01
9.998058080673217773e-01
9.997865557670593262e-01
9.998269677162170410e-01
9.961813092231750488e-01
9.979249835014343262e-01
9.994881749153137207e-01
9.994751214981079102e-01
9.998383522033691406e-01
9.998483657836914062e-01
9.998786449432373047e-01
9.998931884765625000e-01
9.998809099197387695e-01
9.988584518432617188e-01
9.996865391731262207e-01
9.999221563339233398e-01
9.999417066574096680e-01
9.999078512191772461e-01
9.998801350593566895e-01
9.999186396598815918e-01
9.999282360076904297e-01
9.999425411224365234e-01
9.998894333839416504e-01
9.998705387115478516e-01
9.999176859855651855e-01
9.999175071716308594e-01
9.999190568923950195e-01
9.999166131019592285e-01
9.998790621757507324e-01
9.996333122253417969e-01
9.584380388259887695e-01
4.794624447822570801e-01
9.829800724983215332e-01
2.943499684333801270e-01
6.015478372573852539e-01
7.659639865159988403e-01
9.937755465507507324e-01
6.651232838630676270e-01
7.142757773399353027e-01
9.970234632492065430e-01
9.993351697921752930e-01
9.996713399887084961e-01
9.996348023414611816e-01
9.998430609703063965e-01
9.994069337844848633e-01
9.991207718849182129e-01
9.996232986450195312e-01
9.995898604393005371e-01
9.996766448020935059e-01
9.996598958969116211e-01
9.996488690376281738e-01
9.998629689216613770e-01
9.993690848350524902e-01
9.985156059265136719e-01
9.996515512466430664e-01
9.995911717414855957e-01
9.990776777267456055e-01
9.997351765632629395e-01
9.998230338096618652e-01
9.994347095489501953e-01
9.985359907150268555e-01
9.981262087821960449e-01
9.991809129714965820e-01
9.938765168190002441e-01
9.993063807487487793e-01
9.993726015090942383e-01
9.002797603607177734e-01
9.821839928627014160e-01
9.996418356895446777e-01
9.997922182083129883e-01
9.991788268089294434e-01
9.996980428695678711e-01
9.973958134651184082e-01
9.989598989486694336e-01
9.991636276245117188e-01
9.997078776359558105e-01
9.995980858802795410e-01
9.997469782829284668e-01
9.996938705444335938e-01
9.995724558830261230e-01
9.998701214790344238e-01
9.996426701545715332e-01
9.997665286064147949e-01
9.991022944450378418e-01
9.993278384208679199e-01
9.994019865989685059e-01
9.990546703338623047e-01
9.995668530464172363e-01
9.994897842407226562e-01
9.996011257171630859e-01
9.997851252555847168e-01
9.976631402969360352e-01
9.995427131652832031e-01
9.968091845512390137e-01
9.996071457862854004e-01
9.998145103454589844e-01
2.888752818107604980e-01
5.599822998046875000e-01
9.954941272735595703e-01
5.305916666984558105e-01
7.029646635055541992e-01
6.075427532196044922e-01
9.765934944152832031e-01
9.383878707885742188e-01
9.992508888244628906e-01
9.164831042289733887e-01
7.341501414775848389e-01
9.660639166831970215e-01
7.921469658613204956e-01
9.965943694114685059e-01
9.985713958740234375e-01
9.192201495170593262e-01
7.775154709815979004e-01
9.878060817718505859e-01
9.980392456054687500e-01
9.624511599540710449e-01
6.985899806022644043e-01
9.471449851989746094e-01
9.254799485206604004e-01
5.161541700363159180e-01
9.234189391136169434e-01
8.189242482185363770e-01
8.131941556930541992e-01
4.924921989440917969e-01
9.253954887390136719e-01
9.361948966979980469e-01
5.934976339340209961e-01
8.983618617057800293e-01
9.820349812507629395e-01
8.907486796379089355e-01
9.712554812431335449e-01
9.105513691902160645e-01
9.885975718498229980e-01
9.467129111289978027e-01
9.717102646827697754e-01
9.914245605468750000e-01
9.904919862747192383e-01
9.436144828796386719e-01
8.142412304878234863e-01
9.113062024116516113e-01
4.359039068222045898e-01
5.210763812065124512e-01
4.023735523223876953e-01
8.887439370155334473e-01
9.243351817131042480e-01
7.319923639297485352e-01
8.803656697273254395e-01
7.947732806205749512e-01
8.412462472915649414e-01
6.792553067207336426e-01
9.246964454650878906e-01
9.178785681724548340e-01
6.462332010269165039e-01
8.751552700996398926e-01
6.670184731483459473e-01
9.716129004955291748e-01
7.498458325862884521e-01
7.614977955818176270e-01
5.462920665740966797e-01
4.398217797279357910e-01
3.966238498687744141e-01
4.130471646785736084e-01
3.690150380134582520e-01
3.831235766410827637e-01
5.809701085090637207e-01
4.175188541412353516e-01
5.497403144836425781e-01
7.351400852203369141e-01
5.919573903083801270e-01
4.453406631946563721e-01
3.362483978271484375e-01
4.716463088989257812e-01
4.967154860496520996e-01
5.193708539009094238e-01
5.163102149963378906e-01
6.086584925651550293e-01
5.995728969573974609e-01
4.798195958137512207e-01
3.463192582130432129e-01
4.747501015663146973e-01
3.332939743995666504e-01
5.872243046760559082e-01
6.472892165184020996e-01
5.359899699687957764e-01
4.273371696472167969e-01
5.010958313941955566e-01
5.127618908882141113e-01
4.236582219600677490e-01
7.355217933654785156e-01
5.164335370063781738e-01
5.895699262619018555e-01
4.731049239635467529e-01
5.781768858432769775e-01
4.291941523551940918e-01
5.042540132999420166e-01
5.118277072906494141e-01
3.716048002243041992e-01
4.666463732719421387e-01
4.251858890056610107e-01
4.041489362716674805e-01
4.362921714782714844e-01
4.424306750297546387e-01
5.145587623119354248e-01
4.615511298179626465e-01
4.913748800754547119e-01
4.322758316993713379e-01
4.068735837936401367e-01
