9.961766004562377930e-01
9.970693588256835938e-01
9.985863566398620605e-01
6.561008989810943604e-01
9.846214652061462402e-01
9.987663626670837402e-01
4.852566719055175781e-01
7.445484995841979980e-01
9.955805540084838867e-01
9.956941008567810059e-01
9.976858496665954590e-01
9.995087981224060059e-01
9.998688101768493652e-01
9.998847842216491699e-01
9.987072944641113281e-01
9.982871413230895996e-01
9.994984865188598633e-01
9.998257160186767578e-01
9.998814463615417480e-01
9.585264921188354492e-01
9.979286193847656250e-01
9.996428489685058594e-01
9.998295903205871582e-01
9.998399615287780762e-01
9.999109506607055664e-01
9.999142289161682129e-01
9.999448657035827637e-01
9.999305605888366699e-01
9.999287724494934082e-01
9.998864531517028809e-01
9.998669624328613281e-01
9.999229907989501953e-01
9.999395012855529785e-01
9.999026060104370117e-01
9.998983144760131836e-01
9.999214410781860352e-01
9.999217987060546875e-01
9.997813701629638672e-01
8.393104225397109985e-01
9.892195463180541992e-01
9.818534255027770996e-01
9.814081788063049316e-01
7.021607756614685059e-01
9.738391637802124023e-01
5.164478421211242676e-01
6.659128069877624512e-01
9.294764399528503418e-01
9.972181320190429688e-01
9.992349743843078613e-01
9.909660816192626953e-01
9.989933967590332031e-01
9.995233416557312012e-01
9.996741414070129395e-01
9.996988177299499512e-01
9.996864795684814453e-01
9.998542666435241699e-01
9.994793534278869629e-01
9.992439150810241699e-01
9.996888637542724609e-01
9.992579817771911621e-01
9.998514652252197266e-01
9.994899034500122070e-01
9.996792674064636230e-01
9.998092651367187500e-01
9.995872974395751953e-01
9.997416734695434570e-01
9.996795654296875000e-01
9.943063259124755859e-01
9.970546364784240723e-01
9.968047142028808594e-01
9.991426467895507812e-01
9.971893429756164551e-01
9.972735047340393066e-01
9.994501471519470215e-01
4.765396118164062500e-01
9.877873063087463379e-01
9.993898272514343262e-01
9.997818470001220703e-01
9.997594952583312988e-01
9.996996521949768066e-01
9.969602227210998535e-01
9.982337951660156250e-01
9.987948536872863770e-01
9.990107417106628418e-01
9.979754686355590820e-01
9.996927976608276367e-01
9.991783499717712402e-01
9.993643164634704590e-01
9.968252182006835938e-01
9.995303750038146973e-01
9.986938834190368652e-01
9.993240237236022949e-01
9.990407824516296387e-01
9.996780157089233398e-01
9.996598958969116211e-01
9.994289278984069824e-01
9.996193051338195801e-01
9.994397163391113281e-01
9.996927380561828613e-01
9.994850158691406250e-01
9.991984367370605469e-01
9.997412562370300293e-01
9.998505711555480957e-01
9.997397065162658691e-01
9.997678995132446289e-01
9.904863238334655762e-01
9.887940883636474609e-01
9.990606904029846191e-01
9.990330338478088379e-01
9.918029308319091797e-01
9.988377690315246582e-01
9.984680414199829102e-01
9.990957379341125488e-01
9.996635913848876953e-01
9.991783499717712402e-01
9.998629689216613770e-01
9.988743066787719727e-01
9.985663294792175293e-01
9.989724755287170410e-01
9.994720220565795898e-01
9.996042251586914062e-01
9.851508736610412598e-01
9.971362948417663574e-01
9.806861877441406250e-01
7.045753002166748047e-01
9.957516193389892578e-01
9.908320307731628418e-01
9.985970854759216309e-01
9.913740158081054688e-01
8.325472474098205566e-01
9.289300441741943359e-01
9.983254075050354004e-01
8.688287734985351562e-01
9.460002779960632324e-01
8.758206963539123535e-01
8.401774764060974121e-01
9.413425922393798828e-01
9.955878257751464844e-01
9.972831010818481445e-01
9.941753149032592773e-01
9.880427718162536621e-01
9.770100712776184082e-01
9.985700249671936035e-01
9.853206872940063477e-01
9.480621814727783203e-01
6.618553996086120605e-01
8.340632915496826172e-01
5.623203217983245850e-01
7.292812466621398926e-01
7.471386194229125977e-01
8.461381793022155762e-01
6.850879788398742676e-01
8.736314177513122559e-01
9.441249370574951172e-01
9.303659796714782715e-01
6.530083417892456055e-01
7.744257003068923950e-01
5.332624912261962891e-01
8.318569064140319824e-01
5.014934539794921875e-01
8.520618677139282227e-01
9.011337757110595703e-01
7.353923916816711426e-01
5.755856037139892578e-01
4.923549294471740723e-01
4.847773015499114990e-01
3.541558384895324707e-01
3.005127310752868652e-01
5.606853365898132324e-01
3.575765490531921387e-01
5.003012716770172119e-01
3.483107089996337891e-01
3.776318430900573730e-01
4.769875407218933105e-01
4.116149544715881348e-01
5.468111038208007812e-01
5.262246131896972656e-01
5.784195661544799805e-01
5.103934407234191895e-01
4.856492280960083008e-01
4.288603365421295166e-01
4.864313602447509766e-01
2.316941618919372559e-01
3.670865297317504883e-01
4.710790514945983887e-01
3.388542532920837402e-01
3.096097111701965332e-01
3.613555431365966797e-01
3.689228296279907227e-01
3.181139826774597168e-01
3.432796597480773926e-01
3.988089561462402344e-01
4.755141735076904297e-01
3.802930712699890137e-01
4.376567602157592773e-01
3.223780393600463867e-01
3.353961706161499023e-01
3.598884940147399902e-01
4.270199537277221680e-01
3.501896262168884277e-01
3.868222832679748535e-01
4.549606442451477051e-01
4.700931012630462646e-01
5.682191252708435059e-01
4.726645946502685547e-01
4.156317710876464844e-01
5.637322664260864258e-01
5.683103501796722412e-01
4.761236906051635742e-01
4.441878795623779297e-01
4.439107179641723633e-01
4.477452039718627930e-01
4.962918758392333984e-01
3.475541472434997559e-01
3.544637560844421387e-01
3.268989324569702148e-01
3.505956828594207764e-01
3.668264150619506836e-01
