9.961766004562377930e-01
9.970693588256835938e-01
9.985863566398620605e-01
6.561009287834167480e-01
9.846214652061462402e-01
9.987663626670837402e-01
4.852566719055175781e-01
7.445484995841979980e-01
9.955805540084838867e-01
9.956941008567810059e-01
9.976858496665954590e-01
9.995087981224060059e-01
9.998688101768493652e-01
9.998847842216491699e-01
9.987072944641113281e-01
9.982871413230895996e-01
9.994984865188598633e-01
9.998257160186767578e-01
9.998814463615417480e-01
9.585264921188354492e-01
9.979286193847656250e-01
9.996428489685058594e-01
9.998295903205871582e-01
9.998399615287780762e-01
9.999109506607055664e-01
9.999142289161682129e-01
9.999448657035827637e-01
9.999305605888366699e-01
9.998197555541992188e-01
9.998757839202880859e-01
9.999055266380310059e-01
9.999178051948547363e-01
9.999440312385559082e-01
9.998990893363952637e-01
9.998912811279296875e-01
9.999257326126098633e-01
9.999186992645263672e-01
9.997813701629638672e-01
8.393104076385498047e-01
9.890288114547729492e-01
9.991501569747924805e-01
9.768155813217163086e-01
9.900799989700317383e-01
7.801122069358825684e-01
9.793574213981628418e-01
9.994637966156005859e-01
6.760078072547912598e-01
9.910291433334350586e-01
8.189421892166137695e-01
9.970812797546386719e-01
9.988797307014465332e-01
9.993899464607238770e-01
9.995629191398620605e-01
9.994198083877563477e-01
9.996462464332580566e-01
9.998568892478942871e-01
9.993655085563659668e-01
9.991936087608337402e-01
9.996600747108459473e-01
9.996384382247924805e-01
9.997028112411499023e-01
9.996787309646606445e-01
9.997938275337219238e-01
9.991783499717712402e-01
9.987303018569946289e-01
9.995445013046264648e-01
9.994716644287109375e-01
9.994934201240539551e-01
9.991706609725952148e-01
9.988206028938293457e-01
9.997387528419494629e-01
9.964500069618225098e-01
9.986916184425354004e-01
9.992674589157104492e-01
9.983957409858703613e-01
9.995201230049133301e-01
9.932550787925720215e-01
9.992758035659790039e-01
9.880001544952392578e-01
9.982745051383972168e-01
9.955744147300720215e-01
9.993387460708618164e-01
9.986522197723388672e-01
9.988122582435607910e-01
9.988970756530761719e-01
9.994986057281494141e-01
9.997735619544982910e-01
9.995828270912170410e-01
9.997275471687316895e-01
9.996983408927917480e-01
9.993509054183959961e-01
9.987450242042541504e-01
9.994346499443054199e-01
9.996592402458190918e-01
9.995161890983581543e-01
9.994853138923645020e-01
9.988770484924316406e-01
9.979701638221740723e-01
9.995731115341186523e-01
9.993413090705871582e-01
9.984585642814636230e-01
9.991822242736816406e-01
9.985689520835876465e-01
9.987302422523498535e-01
9.906041622161865234e-01
9.993090033531188965e-01
9.901928305625915527e-01
9.969409108161926270e-01
7.572976350784301758e-01
1.693280339241027832e-01
9.651257991790771484e-01
9.993995428085327148e-01
9.991549849510192871e-01
9.996623396873474121e-01
9.991483092308044434e-01
9.997466206550598145e-01
9.943664669990539551e-01
6.667169928550720215e-01
7.211977243423461914e-01
9.553022384643554688e-01
9.955392479896545410e-01
9.973324537277221680e-01
9.386236667633056641e-01
9.693370461463928223e-01
9.971318244934082031e-01
9.453747272491455078e-01
7.112964987754821777e-01
8.663942813873291016e-01
9.909811615943908691e-01
9.973343014717102051e-01
8.094032406806945801e-01
9.867829680442810059e-01
9.961981773376464844e-01
9.550228714942932129e-01
9.766480326652526855e-01
9.722748398780822754e-01
9.545047283172607422e-01
9.750387668609619141e-01
9.678325057029724121e-01
9.888225793838500977e-01
9.625611305236816406e-01
9.478144049644470215e-01
8.959838747978210449e-01
8.258056044578552246e-01
7.805461287498474121e-01
7.936414480209350586e-01
7.984555959701538086e-01
4.085688591003417969e-01
6.197254061698913574e-01
3.897323012351989746e-01
2.490630745887756348e-01
3.115315735340118408e-01
4.809747338294982910e-01
5.936164557933807373e-01
4.591163396835327148e-01
5.033146739006042480e-01
3.970183134078979492e-01
3.048680424690246582e-01
3.650977015495300293e-01
3.297532200813293457e-01
3.641991019248962402e-01
3.621296882629394531e-01
5.861869454383850098e-01
6.233070492744445801e-01
4.142928421497344971e-01
2.980466783046722412e-01
2.478969097137451172e-01
3.089582920074462891e-01
2.972959876060485840e-01
3.048081398010253906e-01
2.815753817558288574e-01
2.562140822410583496e-01
2.757242321968078613e-01
3.152756690979003906e-01
2.293264865875244141e-01
2.477404922246932983e-01
2.573330998420715332e-01
3.615040481090545654e-01
4.099053740501403809e-01
4.295861721038818359e-01
3.793815374374389648e-01
2.824714481830596924e-01
3.277300000190734863e-01
2.888112664222717285e-01
2.961235642433166504e-01
4.058788120746612549e-01
3.552103042602539062e-01
3.885685801506042480e-01
3.883578181266784668e-01
4.743347167968750000e-01
4.763053059577941895e-01
5.484215617179870605e-01
5.994578897953033447e-01
4.834666252136230469e-01
4.090510010719299316e-01
4.871046543121337891e-01
4.172696471214294434e-01
5.078740119934082031e-01
4.332344532012939453e-01
3.807471394538879395e-01
5.242709517478942871e-01
4.261840581893920898e-01
