9.961766004562377930e-01
9.970693588256835938e-01
4.997427463531494141e-01
5.682863593101501465e-01
9.958591461181640625e-01
9.985280632972717285e-01
9.986448287963867188e-01
9.990281462669372559e-01
9.996793270111083984e-01
9.928966164588928223e-01
9.857288599014282227e-01
9.994789361953735352e-01
9.998585581779479980e-01
9.988344311714172363e-01
9.980738162994384766e-01
9.994714856147766113e-01
9.994907379150390625e-01
9.998394846916198730e-01
9.998552203178405762e-01
9.998669028282165527e-01
9.990972876548767090e-01
9.983353018760681152e-01
9.998444914817810059e-01
9.998320937156677246e-01
9.999223351478576660e-01
9.999374747276306152e-01
9.999392628669738770e-01
9.999347329139709473e-01
9.998204112052917480e-01
9.998764395713806152e-01
9.999061822891235352e-01
9.999313354492187500e-01
9.999044537544250488e-01
9.998878240585327148e-01
9.999243021011352539e-01
9.999217987060546875e-01
9.999256134033203125e-01
9.997545480728149414e-01
9.997522830963134766e-01
9.970477819442749023e-01
6.754996180534362793e-01
9.907762408256530762e-01
9.209225177764892578e-01
9.839813113212585449e-01
9.950011968612670898e-01
5.442944765090942383e-01
9.821766018867492676e-01
8.042452931404113770e-01
6.837252974510192871e-01
9.988830685615539551e-01
9.993816018104553223e-01
9.995409250259399414e-01
9.994351267814636230e-01
9.996367692947387695e-01
9.998569488525390625e-01
9.993661046028137207e-01
9.991592168807983398e-01
9.996574521064758301e-01
9.996261596679687500e-01
9.997023344039916992e-01
9.996789097785949707e-01
9.998511672019958496e-01
9.991638660430908203e-01
9.987871050834655762e-01
9.995276331901550293e-01
9.994816780090332031e-01
9.994879364967346191e-01
9.994454979896545410e-01
9.991454482078552246e-01
9.995846748352050781e-01
9.970481991767883301e-01
9.973454475402832031e-01
9.987125396728515625e-01
9.991713762283325195e-01
9.974325299263000488e-01
9.983144402503967285e-01
9.996925592422485352e-01
9.971538782119750977e-01
9.239950776100158691e-01
9.959087371826171875e-01
9.994663596153259277e-01
9.981899261474609375e-01
9.991580843925476074e-01
9.983825683593750000e-01
9.996585845947265625e-01
9.997032284736633301e-01
9.996926188468933105e-01
9.996336102485656738e-01
9.997401237487792969e-01
9.997488260269165039e-01
9.997565150260925293e-01
9.991344213485717773e-01
9.995573163032531738e-01
9.993947744369506836e-01
9.995368123054504395e-01
9.967840909957885742e-01
9.958887696266174316e-01
9.965696930885314941e-01
9.984328746795654297e-01
9.997651576995849609e-01
9.994093775749206543e-01
9.991127252578735352e-01
9.977190494537353516e-01
9.974461197853088379e-01
9.996255636215209961e-01
9.998330473899841309e-01
9.996530413627624512e-01
9.934949278831481934e-01
9.821212291717529297e-01
9.953841567039489746e-01
9.544194340705871582e-01
9.984546899795532227e-01
9.976429343223571777e-01
9.950742125511169434e-01
9.997283816337585449e-01
9.918102025985717773e-01
9.978501200675964355e-01
9.949902296066284180e-01
9.966648221015930176e-01
9.985461831092834473e-01
9.986162185668945312e-01
9.996058344841003418e-01
9.997329711914062500e-01
9.993924498558044434e-01
9.989113211631774902e-01
8.353794217109680176e-01
8.639787435531616211e-01
7.895030975341796875e-01
9.950323104858398438e-01
9.955046772956848145e-01
9.995438456535339355e-01
9.734138250350952148e-01
9.898861646652221680e-01
9.973940253257751465e-01
9.857761859893798828e-01
9.986676573753356934e-01
9.799262285232543945e-01
9.991319775581359863e-01
9.970616698265075684e-01
9.944691658020019531e-01
9.939684867858886719e-01
9.935736060142517090e-01
9.810755252838134766e-01
9.966976642608642578e-01
9.963446259498596191e-01
9.983306527137756348e-01
9.959074258804321289e-01
9.966384172439575195e-01
9.827221110463142395e-01
8.536203503608703613e-01
8.546699881553649902e-01
7.520727664232254028e-01
7.506729364395141602e-01
7.187380790710449219e-01
9.786430597305297852e-01
8.970298767089843750e-01
9.478744268417358398e-01
8.047659397125244141e-01
9.535171389579772949e-01
9.393737316131591797e-01
8.117935657501220703e-01
9.722089767456054688e-01
8.514920473098754883e-01
9.511788487434387207e-01
9.536696076393127441e-01
9.773140549659729004e-01
8.791799619793891907e-01
8.865859508514404297e-01
8.210029006004333496e-01
8.643573224544525146e-01
5.676584243774414062e-01
5.519182085990905762e-01
2.801974713802337646e-01
4.318218231201171875e-01
4.882738292217254639e-01
4.134583771228790283e-01
5.712954998016357422e-01
5.862427055835723877e-01
5.461439192295074463e-01
4.932794868946075439e-01
4.379771947860717773e-01
4.952063858509063721e-01
3.715934753417968750e-01
4.976233839988708496e-01
5.159268379211425781e-01
5.230341553688049316e-01
4.022449254989624023e-01
3.665798902511596680e-01
3.388342857360839844e-01
3.015745878219604492e-01
2.869046330451965332e-01
4.873201847076416016e-01
4.139313995838165283e-01
5.186964571475982666e-01
4.266926050186157227e-01
3.505238294601440430e-01
3.373410701751708984e-01
3.868187069892883301e-01
4.872258901596069336e-01
4.534019827842712402e-01
5.517027676105499268e-01
6.063765883445739746e-01
5.328221321105957031e-01
6.048243641853332520e-01
5.298895835876464844e-01
6.335574388504028320e-01
6.573465466499328613e-01
6.284600198268890381e-01
6.239491105079650879e-01
6.715480983257293701e-01
6.172375082969665527e-01
6.349821090698242188e-01
6.710494160652160645e-01
5.901340246200561523e-01
4.907293617725372314e-01
3.939409255981445312e-01
3.573694229125976562e-01
3.937481045722961426e-01
3.913843631744384766e-01
4.426501691341400146e-01
