9.961766004562377930e-01
9.970693588256835938e-01
9.985863566398620605e-01
6.561009287834167480e-01
9.846214652061462402e-01
9.987663626670837402e-01
4.852566719055175781e-01
7.445484995841979980e-01
9.955805540084838867e-01
9.956941008567810059e-01
9.976858496665954590e-01
9.995087981224060059e-01
9.998688101768493652e-01
9.998847842216491699e-01
9.987072944641113281e-01
9.982871413230895996e-01
9.994984865188598633e-01
9.998257160186767578e-01
9.998814463615417480e-01
9.585264921188354492e-01
9.979286193847656250e-01
9.996428489685058594e-01
9.998295903205871582e-01
9.998399615287780762e-01
9.999109506607055664e-01
9.999142289161682129e-01
9.999448657035827637e-01
9.999305605888366699e-01
9.998197555541992188e-01
9.998757839202880859e-01
9.999055266380310059e-01
9.999178051948547363e-01
9.999440312385559082e-01
9.999418854713439941e-01
9.999035596847534180e-01
9.998966455459594727e-01
9.999222755432128906e-01
9.997323155403137207e-01
8.683731555938720703e-01
9.898205399513244629e-01
9.990102052688598633e-01
9.996576309204101562e-01
9.930981993675231934e-01
9.327992796897888184e-01
9.825701117515563965e-01
9.992966055870056152e-01
7.121369242668151855e-01
9.920534491539001465e-01
7.516428828239440918e-01
9.974654316902160645e-01
9.988958835601806641e-01
9.993886351585388184e-01
9.995929002761840820e-01
9.993826150894165039e-01
9.996432065963745117e-01
9.998582601547241211e-01
9.993819594383239746e-01
9.991831183433532715e-01
9.996645450592041016e-01
9.996320009231567383e-01
9.997023344039916992e-01
9.996799230575561523e-01
9.997948408126831055e-01
9.991658329963684082e-01
9.988256692886352539e-01
9.994484782218933105e-01
9.993603825569152832e-01
9.992894530296325684e-01
9.988187551498413086e-01
9.993416070938110352e-01
9.996738433837890625e-01
9.951198697090148926e-01
9.992879033088684082e-01
9.988614916801452637e-01
9.970317482948303223e-01
9.995900392532348633e-01
9.977853298187255859e-01
9.995992779731750488e-01
9.966409802436828613e-01
9.967485666275024414e-01
9.988511204719543457e-01
9.995979666709899902e-01
9.975651502609252930e-01
9.988617300987243652e-01
9.988506436347961426e-01
9.996684193611145020e-01
9.997482299804687500e-01
9.994915127754211426e-01
9.996024370193481445e-01
9.988150596618652344e-01
9.977213740348815918e-01
9.992579221725463867e-01
9.997065663337707520e-01
9.997593164443969727e-01
9.994226098060607910e-01
9.994246959686279297e-01
9.996830821037292480e-01
9.993017911911010742e-01
9.985021352767944336e-01
9.987335801124572754e-01
9.993242025375366211e-01
9.991180300712585449e-01
9.989294409751892090e-01
9.992944598197937012e-01
9.991465210914611816e-01
9.930343627929687500e-01
9.907203316688537598e-01
9.996793270111083984e-01
9.982206225395202637e-01
9.972037672996520996e-01
9.985992908477783203e-01
9.988514780998229980e-01
9.986665248870849609e-01
9.990041255950927734e-01
9.984787106513977051e-01
9.995075464248657227e-01
9.983037710189819336e-01
9.945153594017028809e-01
9.990364909172058105e-01
9.993607401847839355e-01
9.989259839057922363e-01
9.635558724403381348e-01
9.798343777656555176e-01
9.987832307815551758e-01
9.819520115852355957e-01
9.921600222587585449e-01
9.841849803924560547e-01
9.526780843734741211e-01
9.837572574615478516e-01
9.980009794235229492e-01
9.974539279937744141e-01
9.974451065063476562e-01
9.730080962181091309e-01
9.965171217918395996e-01
9.886185526847839355e-01
9.913976788520812988e-01
9.903990626335144043e-01
9.872254133224487305e-01
9.982710480690002441e-01
9.925093650817871094e-01
9.933564662933349609e-01
9.914610981941223145e-01
9.963104128837585449e-01
9.574650526046752930e-01
9.199849367141723633e-01
9.327981472015380859e-01
9.598519802093505859e-01
9.220252037048339844e-01
9.101575016975402832e-01
8.537356555461883545e-01
8.707434535026550293e-01
7.631586790084838867e-01
6.419318616390228271e-01
5.350865721702575684e-01
7.540001869201660156e-01
4.790393114089965820e-01
7.057822644710540771e-01
4.636301100254058838e-01
5.331516265869140625e-01
4.723776578903198242e-01
5.297899246215820312e-01
6.590469479560852051e-01
4.725733399391174316e-01
6.187258958816528320e-01
3.922899365425109863e-01
7.217019796371459961e-01
2.833076715469360352e-01
7.683233022689819336e-01
7.390289306640625000e-01
2.640196084976196289e-01
6.432397961616516113e-01
5.570778846740722656e-01
2.842594683170318604e-01
5.355090498924255371e-01
5.186520814895629883e-01
4.041207432746887207e-01
7.283350825309753418e-01
6.038256883621215820e-01
5.718404054641723633e-01
6.007361710071563721e-01
5.100417733192443848e-01
2.879785299301147461e-01
6.324445605278015137e-01
4.720794558525085449e-01
6.223761439323425293e-01
4.335013031959533691e-01
3.146010935306549072e-01
5.206496715545654297e-01
6.239920854568481445e-01
5.962477922439575195e-01
7.597209215164184570e-01
5.980727672576904297e-01
7.227140963077545166e-01
5.774188041687011719e-01
5.110412538051605225e-01
4.255922436714172363e-01
4.580190777778625488e-01
5.017505884170532227e-01
4.718806445598602295e-01
6.073671579360961914e-01
6.833617091178894043e-01
5.599806308746337891e-01
5.586979389190673828e-01
5.228568315505981445e-01
4.533972144126892090e-01
6.111560761928558350e-01
5.383743047714233398e-01
4.683079719543457031e-01
5.459702014923095703e-01
5.663397312164306641e-01
4.319270551204681396e-01
5.087383687496185303e-01
4.606746733188629150e-01
4.639613032341003418e-01
4.606653451919555664e-01
4.365025758743286133e-01
4.482839703559875488e-01
4.979320764541625977e-01
5.375403165817260742e-01
5.151620805263519287e-01
5.431942343711853027e-01
6.064463853836059570e-01
5.589135885238647461e-01
4.401487708091735840e-01
5.335895419120788574e-01
5.898509919643402100e-01
5.114133656024932861e-01
3.188462853431701660e-01
5.233401656150817871e-01
3.773416578769683838e-01
4.199004769325256348e-01
4.533109068870544434e-01
4.178818166255950928e-01
4.521385431289672852e-01
