9.961766004562377930e-01
9.970693588256835938e-01
4.997427463531494141e-01
5.682863593101501465e-01
9.958591461181640625e-01
9.985280632972717285e-01
6.148992180824279785e-01
6.979869604110717773e-01
9.952147006988525391e-01
9.967195391654968262e-01
9.970041513442993164e-01
9.995087981224060059e-01
9.998688101768493652e-01
9.998848438262939453e-01
9.987072944641113281e-01
9.982758164405822754e-01
9.994968175888061523e-01
9.998260140419006348e-01
9.998820424079895020e-01
9.633339047431945801e-01
9.978017807006835938e-01
9.996408820152282715e-01
9.998307824134826660e-01
9.998425841331481934e-01
9.999104738235473633e-01
9.999142885208129883e-01
9.999451041221618652e-01
9.999305605888366699e-01
9.999287724494934082e-01
9.998869299888610840e-01
9.998664259910583496e-01
9.999426603317260742e-01
9.998940825462341309e-01
9.998931884765625000e-01
9.999257922172546387e-01
9.999182224273681641e-01
9.999281764030456543e-01
9.997556805610656738e-01
9.997519254684448242e-01
9.917011857032775879e-01
9.963644146919250488e-01
9.034387394785881042e-01
9.820621609687805176e-01
9.817015528678894043e-01
3.774427175521850586e-01
5.820045471191406250e-01
9.106579422950744629e-01
9.976528882980346680e-01
7.379250526428222656e-01
9.984099268913269043e-01
9.995589852333068848e-01
9.993382096290588379e-01
9.996762871742248535e-01
9.996346235275268555e-01
9.998413324356079102e-01
9.994294643402099609e-01
9.991801977157592773e-01
9.996494054794311523e-01
9.996241331100463867e-01
9.996887445449829102e-01
9.996839761734008789e-01
9.997943043708801270e-01
9.996080398559570312e-01
9.980598092079162598e-01
9.997231364250183105e-01
9.983383417129516602e-01
9.990730285644531250e-01
9.995759725570678711e-01
9.995672702789306641e-01
9.997431635856628418e-01
9.975937008857727051e-01
9.968838095664978027e-01
9.993607401847839355e-01
9.994389414787292480e-01
9.989925026893615723e-01
9.930248260498046875e-01
9.974378347396850586e-01
9.696943759918212891e-01
9.965126514434814453e-01
9.980081915855407715e-01
9.991262555122375488e-01
9.988132715225219727e-01
9.986649155616760254e-01
9.991388916969299316e-01
9.998069405555725098e-01
9.997712969779968262e-01
9.998166561126708984e-01
9.997687935829162598e-01
9.998349547386169434e-01
9.967218041419982910e-01
9.985355138778686523e-01
9.995952844619750977e-01
9.996235966682434082e-01
9.991858601570129395e-01
9.994150400161743164e-01
9.992529749870300293e-01
9.995484352111816406e-01
9.989740252494812012e-01
9.943928122520446777e-01
9.976626634597778320e-01
9.971418976783752441e-01
9.989117383956909180e-01
9.991600513458251953e-01
9.976347088813781738e-01
9.922028779983520508e-01
9.737308025360107422e-01
9.977077841758728027e-01
9.946944713592529297e-01
9.955011606216430664e-01
9.944445490837097168e-01
9.951350092887878418e-01
9.933298826217651367e-01
9.984745979309082031e-01
9.972335696220397949e-01
9.996272325515747070e-01
9.941014051437377930e-01
9.948510527610778809e-01
9.929325580596923828e-01
9.978577494621276855e-01
9.971089959144592285e-01
9.993699193000793457e-01
9.994668960571289062e-01
9.989030957221984863e-01
9.984425902366638184e-01
9.702923297882080078e-01
8.628838658332824707e-01
9.918406605720520020e-01
9.944874048233032227e-01
9.987347126007080078e-01
9.958208203315734863e-01
9.969488978385925293e-01
9.973298311233520508e-01
9.989061355590820312e-01
9.951040148735046387e-01
9.465236067771911621e-01
9.916574358940124512e-01
7.286581397056579590e-01
9.961592555046081543e-01
9.621385931968688965e-01
9.769334793090820312e-01
9.639183282852172852e-01
9.261606335639953613e-01
9.062479734420776367e-01
9.981060028076171875e-01
9.664713740348815918e-01
8.403482437133789062e-01
9.488801360130310059e-01
4.711991548538208008e-01
6.769429445266723633e-01
1.153354644775390625e-01
8.026680946350097656e-01
3.304804563522338867e-01
5.308057069778442383e-01
8.350362181663513184e-01
5.555891990661621094e-01
4.696003198623657227e-01
7.074167728424072266e-01
6.547722220420837402e-01
5.638021528720855713e-01
5.644592046737670898e-01
7.046157121658325195e-01
5.957708358764648438e-01
6.901813745498657227e-01
6.732317209243774414e-01
4.344789087772369385e-01
3.322337865829467773e-01
3.615622222423553467e-01
4.333010315895080566e-01
2.756837904453277588e-01
3.503656983375549316e-01
3.812257051467895508e-01
3.291669487953186035e-01
3.051382303237915039e-01
3.004820346832275391e-01
2.707709670066833496e-01
3.747710585594177246e-01
3.648160696029663086e-01
3.466839790344238281e-01
2.884709239006042480e-01
3.116819262504577637e-01
2.601763904094696045e-01
2.581946253776550293e-01
2.772695422172546387e-01
2.886512875556945801e-01
3.359382748603820801e-01
3.380846977233886719e-01
2.513263225555419922e-01
2.937579751014709473e-01
3.799570500850677490e-01
3.821642398834228516e-01
3.268588781356811523e-01
3.831927180290222168e-01
4.570446610450744629e-01
4.524948298931121826e-01
4.922260642051696777e-01
4.214929044246673584e-01
3.645167350769042969e-01
3.155546188354492188e-01
3.135496377944946289e-01
3.101703822612762451e-01
3.847491145133972168e-01
2.530639767646789551e-01
4.104178845882415771e-01
3.685606122016906738e-01
