9.961766004562377930e-01
2.928562760353088379e-01
4.109065532684326172e-01
8.505931496620178223e-01
9.950274825096130371e-01
9.988708496093750000e-01
9.985769391059875488e-01
9.988923072814941406e-01
9.909592270851135254e-01
9.864619374275207520e-01
9.960792660713195801e-01
9.994250535964965820e-01
9.998773932456970215e-01
9.986487627029418945e-01
9.978906512260437012e-01
9.995633959770202637e-01
9.993893504142761230e-01
9.998386502265930176e-01
9.998543262481689453e-01
9.998669028282165527e-01
9.998931884765625000e-01
9.998803734779357910e-01
9.988817572593688965e-01
9.996866583824157715e-01
9.999222755432128906e-01
9.999416470527648926e-01
9.999222755432128906e-01
9.988009333610534668e-01
9.998557567596435547e-01
9.999142289161682129e-01
9.999305009841918945e-01
9.998890757560729980e-01
9.998688101768493652e-01
9.999122619628906250e-01
9.999205470085144043e-01
9.999247193336486816e-01
9.999231696128845215e-01
9.997866153717041016e-01
9.998871088027954102e-01
9.998812675476074219e-01
9.996309876441955566e-01
6.258459091186523438e-01
9.909654855728149414e-01
9.970586895942687988e-01
9.934620857238769531e-01
9.997810125350952148e-01
9.992521405220031738e-01
9.653301239013671875e-01
9.981649518013000488e-01
9.959291219711303711e-01
9.973814487457275391e-01
9.991670846939086914e-01
9.991318583488464355e-01
9.815193414688110352e-01
9.993395209312438965e-01
9.996074438095092773e-01
9.981530904769897461e-01
9.987837672233581543e-01
9.992232322692871094e-01
9.989672899246215820e-01
9.998905658721923828e-01
9.998537898063659668e-01
9.987854361534118652e-01
9.987525343894958496e-01
9.995028972625732422e-01
9.986737966537475586e-01
9.998170137405395508e-01
9.995601177215576172e-01
9.997870326042175293e-01
9.996024370193481445e-01
9.991101026535034180e-01
9.977741241455078125e-01
9.992789626121520996e-01
9.969442486763000488e-01
9.990870356559753418e-01
9.997718334197998047e-01
9.997987747192382812e-01
9.202651381492614746e-01
9.103271365165710449e-01
9.997652173042297363e-01
9.997444748878479004e-01
9.055759906768798828e-01
9.981454610824584961e-01
9.987220764160156250e-01
9.995118975639343262e-01
9.993696212768554688e-01
9.996383786201477051e-01
9.995794296264648438e-01
9.894018769264221191e-01
9.977651238441467285e-01
9.997121095657348633e-01
9.995428323745727539e-01
9.997808337211608887e-01
9.993438124656677246e-01
9.990441203117370605e-01
9.998013377189636230e-01
9.990064501762390137e-01
9.996864795684814453e-01
9.994317293167114258e-01
9.995008111000061035e-01
9.997596740722656250e-01
9.996007680892944336e-01
9.994749426841735840e-01
9.983958601951599121e-01
9.990367889404296875e-01
9.651997685432434082e-01
1.980673670768737793e-01
9.940703511238098145e-01
9.346263408660888672e-01
9.984447956085205078e-01
9.989194869995117188e-01
9.843809073790907860e-01
9.589293599128723145e-01
9.753383994102478027e-01
9.995525479316711426e-01
9.644570350646972656e-01
9.099274277687072754e-01
9.912588000297546387e-01
9.840294122695922852e-01
9.991378784179687500e-01
9.903469681739807129e-01
9.370198249816894531e-01
9.971587061882019043e-01
9.914343953132629395e-01
9.268051981925964355e-01
9.955055117607116699e-01
9.926910996437072754e-01
9.544799737632274628e-01
8.802459836006164551e-01
9.779739379882812500e-01
7.164693474769592285e-01
7.947489619255065918e-01
6.672448217868804932e-01
8.925480842590332031e-01
3.230420351028442383e-01
8.860166668891906738e-01
2.321123480796813965e-01
9.739347100257873535e-01
9.313958287239074707e-01
9.641178846359252930e-01
9.920189976692199707e-01
9.665984511375427246e-01
9.588909149169921875e-01
9.513562321662902832e-01
9.614388942718505859e-01
8.972620368003845215e-01
9.640862345695495605e-01
9.731074571609497070e-01
9.666464924812316895e-01
9.013717770576477051e-01
7.986635565757751465e-01
5.033387243747711182e-01
6.120576858520507812e-01
5.965453386306762695e-01
4.773335456848144531e-01
3.954393863677978516e-01
9.255581498146057129e-01
3.847991228103637695e-01
7.173748612403869629e-01
6.418511271476745605e-01
7.295176982879638672e-01
4.331472516059875488e-01
5.293518900871276855e-01
7.215499281883239746e-01
6.518926024436950684e-01
6.132572293281555176e-01
6.995064616203308105e-01
5.991318821907043457e-01
4.941545128822326660e-01
3.087017536163330078e-01
4.227542877197265625e-01
3.152507543563842773e-01
2.802522182464599609e-01
3.449147343635559082e-01
4.566551446914672852e-01
3.705587685108184814e-01
3.923625946044921875e-01
3.330899178981781006e-01
3.145329356193542480e-01
3.127187490463256836e-01
2.589830160140991211e-01
2.821084260940551758e-01
2.061711400747299194e-01
2.273530364036560059e-01
2.397341728210449219e-01
3.677627444267272949e-01
4.465231597423553467e-01
4.470857977867126465e-01
4.514796137809753418e-01
4.898846745491027832e-01
4.905900359153747559e-01
4.836772382259368896e-01
4.517905116081237793e-01
5.163334310054779053e-01
3.640031516551971436e-01
3.265645503997802734e-01
2.839393615722656250e-01
4.057241082191467285e-01
4.188217520713806152e-01
3.815028071403503418e-01
4.081663489341735840e-01
4.579706788063049316e-01
4.536764621734619141e-01
4.206122159957885742e-01
4.338530302047729492e-01
3.877772688865661621e-01
3.490924537181854248e-01
3.773859739303588867e-01
4.230223000049591064e-01
2.909930348396301270e-01
4.037398397922515869e-01
3.310163021087646484e-01
3.782342672348022461e-01
4.000068306922912598e-01
