9.961766004562377930e-01
9.970693588256835938e-01
4.997427463531494141e-01
5.682863593101501465e-01
9.958591461181640625e-01
9.985280632972717285e-01
6.148990988731384277e-01
6.979869604110717773e-01
9.952147006988525391e-01
9.967195391654968262e-01
9.970041513442993164e-01
9.995087981224060059e-01
9.998688101768493652e-01
9.998848438262939453e-01
9.987072944641113281e-01
9.982758164405822754e-01
9.994968175888061523e-01
9.998260140419006348e-01
9.998820424079895020e-01
9.633339047431945801e-01
9.978017807006835938e-01
9.996408820152282715e-01
9.998307824134826660e-01
9.998425841331481934e-01
9.999104738235473633e-01
9.999142885208129883e-01
9.999451041221618652e-01
9.999305605888366699e-01
9.998201131820678711e-01
9.998764395713806152e-01
9.999051690101623535e-01
9.999387264251708984e-01
9.999043941497802734e-01
9.998878240585327148e-01
9.999240040779113770e-01
9.999216794967651367e-01
9.999253153800964355e-01
9.997556805610656738e-01
8.157055974006652832e-01
9.915469884872436523e-01
7.476604580879211426e-01
9.814680218696594238e-01
9.975859522819519043e-01
9.996479749679565430e-01
9.823158383369445801e-01
9.985523223876953125e-01
8.977511525154113770e-01
9.906904101371765137e-01
9.993219971656799316e-01
9.986342787742614746e-01
8.784095644950866699e-01
9.756345152854919434e-01
9.769589900970458984e-01
9.912033081054687500e-01
9.996962547302246094e-01
9.685546159744262695e-01
9.973934292793273926e-01
9.997545480728149414e-01
9.995796680450439453e-01
9.996721744537353516e-01
9.996588230133056641e-01
9.998438954353332520e-01
9.989848732948303223e-01
9.985411763191223145e-01
9.996523261070251465e-01
9.995898604393005371e-01
9.993132948875427246e-01
9.990683794021606445e-01
9.996658563613891602e-01
9.997397661209106445e-01
9.985812902450561523e-01
9.973141551017761230e-01
9.993924498558044434e-01
9.997273683547973633e-01
9.983617067337036133e-01
8.965613245964050293e-01
8.571200966835021973e-01
9.890236258506774902e-01
9.995911717414855957e-01
9.996153116226196289e-01
9.995652437210083008e-01
9.996756911277770996e-01
9.401113390922546387e-01
9.963008165359497070e-01
9.997583627700805664e-01
9.997627735137939453e-01
9.998021721839904785e-01
9.994394183158874512e-01
9.994363188743591309e-01
9.993487000465393066e-01
9.944197535514831543e-01
9.998112320899963379e-01
9.995744824409484863e-01
9.995970726013183594e-01
9.981480836868286133e-01
9.991011619567871094e-01
9.997369050979614258e-01
9.996839761734008789e-01
9.997814893722534180e-01
9.986470937728881836e-01
9.987735748291015625e-01
9.992659687995910645e-01
9.998255372047424316e-01
9.996546506881713867e-01
9.997632503509521484e-01
9.993812441825866699e-01
9.600428342819213867e-01
9.977360963821411133e-01
9.487109184265136719e-01
4.603999853134155273e-01
8.116990923881530762e-01
9.654285311698913574e-01
9.985576272010803223e-01
9.986540079116821289e-01
9.998058080673217773e-01
9.997873902320861816e-01
9.693744182586669922e-01
5.036031603813171387e-01
9.982804656028747559e-01
9.989477992057800293e-01
9.906479120254516602e-01
9.873858094215393066e-01
9.991886615753173828e-01
9.758485555648803711e-01
8.864274621009826660e-01
9.965605735778808594e-01
9.763396978378295898e-01
9.992656707763671875e-01
8.692553043365478516e-01
9.405739307403564453e-01
9.895020723342895508e-01
8.787340521812438965e-01
7.000417709350585938e-01
9.343338608741760254e-01
9.665645956993103027e-01
9.404416680335998535e-01
9.382835030555725098e-01
9.966986179351806641e-01
9.107810258865356445e-01
9.814147949218750000e-01
9.804578423500061035e-01
9.915372729301452637e-01
9.866509437561035156e-01
9.923814535140991211e-01
9.750550985336303711e-01
8.237383961677551270e-01
9.319480061531066895e-01
8.357169628143310547e-01
7.704162597656250000e-01
5.135160088539123535e-01
8.164292573928833008e-01
8.278537392616271973e-01
8.431241512298583984e-01
9.506855010986328125e-01
7.651523947715759277e-01
8.427438735961914062e-01
6.810811758041381836e-01
6.460652649402618408e-01
3.489152193069458008e-01
4.306760430335998535e-01
4.832860827445983887e-01
5.882400274276733398e-01
7.447769045829772949e-01
4.844725728034973145e-01
5.334571599960327148e-01
5.376468896865844727e-01
4.694091081619262695e-01
3.221270442008972168e-01
5.280343592166900635e-01
2.853357791900634766e-01
4.929890632629394531e-01
3.993479609489440918e-01
4.327861666679382324e-01
4.904233813285827637e-01
3.608385622501373291e-01
5.395570993423461914e-01
7.960774302482604980e-01
6.393303871154785156e-01
5.334411263465881348e-01
5.121243596076965332e-01
3.755153417587280273e-01
5.802097916603088379e-01
5.840445160865783691e-01
7.759205102920532227e-01
6.736801862716674805e-01
6.971808075904846191e-01
5.644010901451110840e-01
7.792439311742782593e-01
2.984623312950134277e-01
6.374354958534240723e-01
6.330875754356384277e-01
4.185793101787567139e-01
4.200841784477233887e-01
4.999560713768005371e-01
5.740268230438232422e-01
5.608507990837097168e-01
4.506067037582397461e-01
5.508382916450500488e-01
4.051077365875244141e-01
5.676165223121643066e-01
4.107285141944885254e-01
5.258054733276367188e-01
5.412241220474243164e-01
5.887005925178527832e-01
5.804469585418701172e-01
5.707227885723114014e-01
5.653077960014343262e-01
5.102926492691040039e-01
6.881080269813537598e-01
4.090256690979003906e-01
5.845112800598144531e-01
4.912362098693847656e-01
5.747331976890563965e-01
4.767047762870788574e-01
5.122531652450561523e-01
6.204915344715118408e-01
5.995568037033081055e-01
4.072642922401428223e-01
5.090683102607727051e-01
4.624716043472290039e-01
4.312677383422851562e-01
3.555288612842559814e-01
3.601824045181274414e-01
3.899725079536437988e-01
5.269642472267150879e-01
4.369780123233795166e-01
4.757685363292694092e-01
4.966545701026916504e-01
3.874239623546600342e-01
3.752497434616088867e-01
3.628968596458435059e-01
4.627706110477447510e-01
4.705861806869506836e-01
