9.961766004562377930e-01
9.970693588256835938e-01
9.985863566398620605e-01
6.561008989810943604e-01
9.846214652061462402e-01
9.987663626670837402e-01
4.852566719055175781e-01
7.445484995841979980e-01
9.955805540084838867e-01
9.956941008567810059e-01
9.976858496665954590e-01
9.995087981224060059e-01
9.998688101768493652e-01
9.998847842216491699e-01
9.987072944641113281e-01
9.982871413230895996e-01
9.994984865188598633e-01
9.998257160186767578e-01
9.998814463615417480e-01
9.585264921188354492e-01
9.979286193847656250e-01
9.996428489685058594e-01
9.998295903205871582e-01
9.998399615287780762e-01
9.999109506607055664e-01
9.999142289161682129e-01
9.999448657035827637e-01
9.999305605888366699e-01
9.998197555541992188e-01
9.998757839202880859e-01
9.999055266380310059e-01
9.999178051948547363e-01
9.999440312385559082e-01
9.998990893363952637e-01
9.998912811279296875e-01
9.999257326126098633e-01
9.999186992645263672e-01
9.997813701629638672e-01
8.393104225397109985e-01
9.895275831222534180e-01
9.828311800956726074e-01
9.819319248199462891e-01
9.975655078887939453e-01
9.996530413627624512e-01
9.827944636344909668e-01
3.852101862430572510e-01
8.215351700782775879e-01
9.963108897209167480e-01
9.992405176162719727e-01
9.987999200820922852e-01
9.108419418334960938e-01
9.834567904472351074e-01
9.748274087905883789e-01
9.960757493972778320e-01
9.995006322860717773e-01
9.997152686119079590e-01
9.981138110160827637e-01
9.994789361953735352e-01
9.996463060379028320e-01
9.993702769279479980e-01
9.997929930686950684e-01
9.986939430236816406e-01
9.998600482940673828e-01
9.996656775474548340e-01
9.971388578414916992e-01
9.985030293464660645e-01
9.994349479675292969e-01
9.995893836021423340e-01
9.992313385009765625e-01
9.990072250366210938e-01
9.998368620872497559e-01
9.998240470886230469e-01
9.998838901519775391e-01
6.594723463058471680e-01
9.101182818412780762e-01
9.985327720642089844e-01
9.996675252914428711e-01
9.805274009704589844e-01
9.889799356460571289e-01
9.981890916824340820e-01
9.995726346969604492e-01
9.995548725128173828e-01
9.996893405914306641e-01
9.990074038505554199e-01
9.997612833976745605e-01
9.996420145034790039e-01
9.997149109840393066e-01
9.996684193611145020e-01
9.991151690483093262e-01
9.992069602012634277e-01
9.997140765190124512e-01
9.996866583824157715e-01
9.997681975364685059e-01
9.995494484901428223e-01
9.986825585365295410e-01
9.997258186340332031e-01
9.988591074943542480e-01
9.995323419570922852e-01
9.980455040931701660e-01
9.981830716133117676e-01
9.964108467102050781e-01
9.993339776992797852e-01
9.978228211402893066e-01
5.834317505359649658e-01
9.434579014778137207e-01
9.815884232521057129e-01
9.956071376800537109e-01
9.980365633964538574e-01
9.996261596679687500e-01
9.648492932319641113e-01
9.956882596015930176e-01
9.835538268089294434e-01
9.963241219520568848e-01
9.989985227584838867e-01
9.979332685470581055e-01
9.994536042213439941e-01
9.968065023422241211e-01
9.869094491004943848e-01
9.971824288368225098e-01
9.682393074035644531e-01
9.718474149703979492e-01
9.880410432815551758e-01
9.853278994560241699e-01
9.862950444221496582e-01
6.999979615211486816e-01
9.453748464584350586e-01
9.556906819343566895e-01
9.792002439498901367e-01
9.932662248611450195e-01
9.958368539810180664e-01
7.726437449455261230e-01
8.994708061218261719e-01
8.819133043289184570e-01
8.681954145431518555e-01
7.598225474357604980e-01
8.939255475997924805e-01
4.990405738353729248e-01
5.881281793117523193e-01
7.890065312385559082e-01
8.851217254996299744e-01
7.344152331352233887e-01
7.210156619548797607e-01
9.041767716407775879e-01
7.032746076583862305e-01
6.110129356384277344e-01
7.716584205627441406e-01
8.105139732360839844e-01
7.421424984931945801e-01
5.966120362281799316e-01
3.788676261901855469e-01
3.450047373771667480e-01
3.128508329391479492e-01
4.711853861808776855e-01
3.162876963615417480e-01
4.230533838272094727e-01
2.888963818550109863e-01
4.179365634918212891e-01
4.304945170879364014e-01
5.042250752449035645e-01
4.574655294418334961e-01
4.137282371520996094e-01
2.875975966453552246e-01
3.594650924205780029e-01
2.816206216812133789e-01
4.383833110332489014e-01
1.747882962226867676e-01
3.588863015174865723e-01
3.147462010383605957e-01
3.712131977081298828e-01
3.267851173877716064e-01
3.332771062850952148e-01
3.631910383701324463e-01
5.161150991916656494e-01
3.955821990966796875e-01
5.149307847023010254e-01
4.348636865615844727e-01
5.337930321693420410e-01
5.631387829780578613e-01
4.237943887710571289e-01
3.630047440528869629e-01
4.591197073459625244e-01
4.492707848548889160e-01
3.000922799110412598e-01
3.862861394882202148e-01
3.771282732486724854e-01
3.817630410194396973e-01
