9.961766004562377930e-01
9.970693588256835938e-01
9.985863566398620605e-01
9.985475540161132812e-01
9.888774156570434570e-01
9.962951540946960449e-01
5.403824448585510254e-01
6.431323587894439697e-01
9.964160323143005371e-01
9.960402250289916992e-01
9.969883561134338379e-01
9.995815157890319824e-01
9.998688101768493652e-01
9.998847842216491699e-01
9.987204670906066895e-01
9.982277750968933105e-01
9.994984865188598633e-01
9.998282790184020996e-01
9.998814463615417480e-01
9.524303078651428223e-01
9.978466629981994629e-01
9.996371269226074219e-01
9.994258284568786621e-01
9.998400211334228516e-01
9.999104142189025879e-01
9.999142885208129883e-01
9.999448657035827637e-01
9.999305009841918945e-01
9.998205900192260742e-01
9.998751282691955566e-01
9.999053478240966797e-01
9.999175071716308594e-01
9.999251365661621094e-01
9.999418854713439941e-01
9.999033808708190918e-01
9.998969435691833496e-01
9.999221563339233398e-01
9.997302293777465820e-01
8.698069453239440918e-01
9.899188876152038574e-01
9.975578784942626953e-01
9.996579289436340332e-01
9.929919838905334473e-01
9.234848618507385254e-01
9.802316427230834961e-01
5.186422467231750488e-01
7.829216122627258301e-01
9.919273853302001953e-01
9.983665347099304199e-01
9.983468055725097656e-01
9.969615936279296875e-01
9.994851350784301758e-01
9.993563890457153320e-01
9.996671080589294434e-01
9.996356964111328125e-01
9.996528625488281250e-01
9.998595118522644043e-01
9.993756413459777832e-01
9.991897344589233398e-01
9.996698498725891113e-01
9.996349215507507324e-01
9.996969699859619141e-01
9.994770884513854980e-01
9.997936487197875977e-01
9.991875290870666504e-01
9.988061785697937012e-01
9.994476437568664551e-01
9.993669986724853516e-01
9.994915723800659180e-01
9.994598627090454102e-01
9.991838932037353516e-01
9.995894432067871094e-01
9.992215037345886230e-01
9.992864727973937988e-01
9.979059696197509766e-01
9.958486557006835938e-01
9.965643286705017090e-01
9.992638230323791504e-01
9.998000860214233398e-01
9.997629523277282715e-01
9.996334910392761230e-01
9.975178241729736328e-01
9.982330799102783203e-01
9.982878565788269043e-01
9.994503259658813477e-01
9.994438886642456055e-01
9.996119737625122070e-01
9.997529983520507812e-01
9.996818900108337402e-01
9.992874860763549805e-01
9.960874319076538086e-01
9.993987083435058594e-01
9.992130398750305176e-01
9.990827441215515137e-01
9.995438456535339355e-01
9.994194507598876953e-01
9.995878934860229492e-01
9.996787905693054199e-01
9.986846446990966797e-01
9.986308217048645020e-01
9.952035546302795410e-01
9.990376234054565430e-01
9.995400905609130859e-01
9.990364909172058105e-01
9.995620846748352051e-01
9.991835951805114746e-01
9.986863136291503906e-01
9.995001554489135742e-01
9.989607930183410645e-01
9.957355856895446777e-01
9.968031048774719238e-01
9.962545037269592285e-01
9.994445443153381348e-01
9.991743564605712891e-01
9.992523789405822754e-01
9.986535310745239258e-01
9.996428489685058594e-01
9.978891015052795410e-01
9.944354891777038574e-01
9.991109371185302734e-01
9.996340870857238770e-01
9.989678263664245605e-01
9.702981114387512207e-01
9.769293665885925293e-01
9.980989098548889160e-01
9.887422323226928711e-01
9.472982883453369141e-01
9.963804483413696289e-01
7.954608201980590820e-01
9.526610448956489563e-01
9.598267078399658203e-01
9.933372139930725098e-01
8.543670177459716797e-01
3.150217831134796143e-01
7.091242671012878418e-01
8.920141458511352539e-01
9.459558725357055664e-01
8.451870679855346680e-01
9.688457250595092773e-01
9.963614940643310547e-01
9.587509632110595703e-01
9.755309820175170898e-01
9.930177927017211914e-01
9.873798489570617676e-01
9.364941120147705078e-01
8.613992929458618164e-01
8.922820687294006348e-01
8.935336470603942871e-01
8.550557494163513184e-01
6.360824704170227051e-01
6.846500039100646973e-01
8.490670919418334961e-01
7.177075147628784180e-01
8.739401996135711670e-01
8.970913887023925781e-01
9.374347925186157227e-01
5.914213955402374268e-01
6.534888148307800293e-01
5.329086482524871826e-01
6.228577792644500732e-01
5.688354671001434326e-01
7.789300680160522461e-01
8.796209096908569336e-01
8.296093344688415527e-01
7.242074608802795410e-01
6.669712066650390625e-01
5.061369836330413818e-01
2.696903347969055176e-01
4.398056566715240479e-01
4.452661871910095215e-01
5.595995485782623291e-01
4.542940855026245117e-01
4.323105216026306152e-01
4.191102981567382812e-01
5.455639958381652832e-01
3.389556407928466797e-01
5.004737973213195801e-01
4.769374728202819824e-01
4.483642578125000000e-01
4.256899952888488770e-01
4.722879230976104736e-01
4.362930059432983398e-01
4.945011138916015625e-01
4.253408312797546387e-01
4.142119884490966797e-01
4.078982174396514893e-01
2.453108429908752441e-01
3.536004126071929932e-01
3.622644543647766113e-01
3.786016702651977539e-01
4.931426048278808594e-01
4.193350076675415039e-01
4.528759717941284180e-01
5.181526541709899902e-01
5.519835948944091797e-01
5.349737107753753662e-01
4.127076268196105957e-01
4.840398430824279785e-01
5.023291110992431641e-01
4.482254981994628906e-01
5.494931936264038086e-01
4.571373760700225830e-01
5.823240876197814941e-01
5.127013921737670898e-01
5.347322225570678711e-01
4.708652794361114502e-01
5.901299715042114258e-01
5.109134912490844727e-01
4.370123744010925293e-01
4.659646153450012207e-01
5.037744641304016113e-01
4.928931891918182373e-01
4.796122908592224121e-01
5.299736857414245605e-01
5.255715250968933105e-01
4.225384593009948730e-01
4.852171838283538818e-01
5.177038609981536865e-01
3.970387578010559082e-01
