9.961766004562377930e-01
9.970693588256835938e-01
9.985863566398620605e-01
6.561009287834167480e-01
9.846214652061462402e-01
9.987663626670837402e-01
4.852566719055175781e-01
7.445484995841979980e-01
9.955805540084838867e-01
9.956941008567810059e-01
9.976858496665954590e-01
9.995087981224060059e-01
9.998688101768493652e-01
9.988949298858642578e-01
9.980537891387939453e-01
9.995019435882568359e-01
9.994032979011535645e-01
9.998383522033691406e-01
9.998545050621032715e-01
9.998666644096374512e-01
9.998934268951416016e-01
9.998809099197387695e-01
9.997652173042297363e-01
9.996891021728515625e-01
9.999229311943054199e-01
9.999417066574096680e-01
9.999338388442993164e-01
9.988988041877746582e-01
9.998575448989868164e-01
9.999147057533264160e-01
9.999081492424011230e-01
9.999170303344726562e-01
9.999347329139709473e-01
9.998882412910461426e-01
9.998953342437744141e-01
9.999220967292785645e-01
9.999186992645263672e-01
9.997808337211608887e-01
9.881455898284912109e-01
9.902018308639526367e-01
8.044335842132568359e-01
9.826820492744445801e-01
9.996495842933654785e-01
9.996566772460937500e-01
9.804231524467468262e-01
9.983823895454406738e-01
9.759336709976196289e-01
9.910760521888732910e-01
9.992856979370117188e-01
9.985865354537963867e-01
9.982458949089050293e-01
9.995045661926269531e-01
9.994553923606872559e-01
9.994745850563049316e-01
9.996497035026550293e-01
9.998437762260437012e-01
9.994490146636962891e-01
9.992270469665527344e-01
9.996644854545593262e-01
9.996431469917297363e-01
9.997013211250305176e-01
9.996832013130187988e-01
9.997928142547607422e-01
9.991921186447143555e-01
9.987533688545227051e-01
9.994472265243530273e-01
9.993506669998168945e-01
9.995046257972717285e-01
9.994229078292846680e-01
9.991843700408935547e-01
9.995884299278259277e-01
9.992028474807739258e-01
9.992746710777282715e-01
9.990384578704833984e-01
9.956552982330322266e-01
9.976277351379394531e-01
9.994462132453918457e-01
9.996140003204345703e-01
9.958260059356689453e-01
9.857164621353149414e-01
9.991192817687988281e-01
9.992086291313171387e-01
9.985969662666320801e-01
9.994605183601379395e-01
9.991880655288696289e-01
9.996679425239562988e-01
9.997801780700683594e-01
9.994689226150512695e-01
9.996675252914428711e-01
9.987699389457702637e-01
9.974903464317321777e-01
9.992522597312927246e-01
9.997241497039794922e-01
9.997793436050415039e-01
9.993385076522827148e-01
9.985637068748474121e-01
9.996835589408874512e-01
9.991287589073181152e-01
9.983714818954467773e-01
9.981015324592590332e-01
9.969542026519775391e-01
9.996726512908935547e-01
9.988948702812194824e-01
9.994728565216064453e-01
9.986549019813537598e-01
9.990572333335876465e-01
9.993355274200439453e-01
9.988964796066284180e-01
9.993029832839965820e-01
9.919544458389282227e-01
9.813205599784851074e-01
9.938055276870727539e-01
9.884153604507446289e-01
9.948109388351440430e-01
9.987360239028930664e-01
9.993259906768798828e-01
9.992692470550537109e-01
9.901846051216125488e-01
9.993407726287841797e-01
9.996291995048522949e-01
9.992231130599975586e-01
9.327543377876281738e-01
9.919868707656860352e-01
9.978943467140197754e-01
9.887061715126037598e-01
9.447110444307327271e-01
9.986618161201477051e-01
8.293827176094055176e-01
9.662678837776184082e-01
9.859387874603271484e-01
9.940736889839172363e-01
9.989521503448486328e-01
9.127511978149414062e-01
9.775887131690979004e-01
9.891082644462585449e-01
9.954307079315185547e-01
9.805194735527038574e-01
9.912713170051574707e-01
9.935372471809387207e-01
9.882742166519165039e-01
9.850121140480041504e-01
9.951784014701843262e-01
9.910256266593933105e-01
9.201428294181823730e-01
8.169920444488525391e-01
8.037283420562744141e-01
8.712289631366729736e-01
5.382736921310424805e-01
8.373671770095825195e-01
6.534579992294311523e-01
5.780295729637145996e-01
5.439856350421905518e-01
6.599031388759613037e-01
6.507794559001922607e-01
7.778240442276000977e-01
6.830234825611114502e-01
4.907317161560058594e-01
6.064997911453247070e-01
7.153433561325073242e-01
5.793980360031127930e-01
6.337754726409912109e-01
7.161111235618591309e-01
7.271525263786315918e-01
6.958885192871093750e-01
5.358049273490905762e-01
5.575878620147705078e-01
3.198267817497253418e-01
4.298220872879028320e-01
3.014057278633117676e-01
4.830748438835144043e-01
4.191091060638427734e-01
3.234596848487854004e-01
3.660505414009094238e-01
4.622633159160614014e-01
3.259724974632263184e-01
4.451942741870880127e-01
4.037655591964721680e-01
5.070148408412933350e-01
4.061126708984375000e-01
6.391984820365905762e-01
5.374894142150878906e-01
3.750841617584228516e-01
4.991249442100524902e-01
4.474274814128875732e-01
4.147101044654846191e-01
2.301595807075500488e-01
3.396228551864624023e-01
4.004148244857788086e-01
4.253159165382385254e-01
4.834910929203033447e-01
4.838359653949737549e-01
4.411961436271667480e-01
3.613275289535522461e-01
4.633632302284240723e-01
4.474799633026123047e-01
5.778496861457824707e-01
6.217305660247802734e-01
4.187119007110595703e-01
4.493659734725952148e-01
3.963656425476074219e-01
5.012263059616088867e-01
