9.961766004562377930e-01
2.928562760353088379e-01
4.109065532684326172e-01
8.505931496620178223e-01
9.950274825096130371e-01
9.988708496093750000e-01
9.985769391059875488e-01
9.988923072814941406e-01
9.909592270851135254e-01
9.864619374275207520e-01
9.960792660713195801e-01
9.994250535964965820e-01
9.998773932456970215e-01
9.986487627029418945e-01
9.978906512260437012e-01
9.995633959770202637e-01
9.993893504142761230e-01
9.998386502265930176e-01
9.998543262481689453e-01
9.998669028282165527e-01
9.998931884765625000e-01
9.998803734779357910e-01
9.998812675476074219e-01
9.997594952583312988e-01
9.998878240585327148e-01
9.999431371688842773e-01
9.999418854713439941e-01
9.999340176582336426e-01
9.997826218605041504e-01
9.998605847358703613e-01
9.999344348907470703e-01
9.998766183853149414e-01
9.998856782913208008e-01
9.999091625213623047e-01
9.999070763587951660e-01
9.999275207519531250e-01
9.999231696128845215e-01
9.997866153717041016e-01
9.998871088027954102e-01
9.998810291290283203e-01
9.963467717170715332e-01
6.509778499603271484e-01
9.894009232521057129e-01
5.247859358787536621e-01
9.786837100982666016e-01
6.151270270347595215e-01
7.815020084381103516e-01
4.828354120254516602e-01
6.940736770629882812e-01
9.876787662506103516e-01
9.989039301872253418e-01
9.995442032814025879e-01
9.994125962257385254e-01
9.998371005058288574e-01
9.993988871574401855e-01
9.991194605827331543e-01
9.996436834335327148e-01
9.996150135993957520e-01
9.996919631958007812e-01
9.996730089187622070e-01
9.998509883880615234e-01
9.994576573371887207e-01
9.986326694488525391e-01
9.995169043540954590e-01
9.994532465934753418e-01
9.995658397674560547e-01
9.995397329330444336e-01
9.995141029357910156e-01
9.997903704643249512e-01
9.994718432426452637e-01
9.991435408592224121e-01
9.988427162170410156e-01
9.990581274032592773e-01
9.986607432365417480e-01
9.987434148788452148e-01
9.996497035026550293e-01
9.960448741912841797e-01
9.971275329589843750e-01
9.103451371192932129e-01
9.965316057205200195e-01
9.991788864135742188e-01
9.993319511413574219e-01
9.992342591285705566e-01
9.996300339698791504e-01
9.994042515754699707e-01
9.998623132705688477e-01
9.996533393859863281e-01
9.997819662094116211e-01
9.996756315231323242e-01
9.990127682685852051e-01
9.988605976104736328e-01
9.996361136436462402e-01
9.997630715370178223e-01
9.997143745422363281e-01
9.996969699859619141e-01
9.996519088745117188e-01
9.994642734527587891e-01
9.997856020927429199e-01
9.994662404060363770e-01
9.982204437255859375e-01
9.993424415588378906e-01
9.993034601211547852e-01
9.991508722305297852e-01
9.998253583908081055e-01
9.997249245643615723e-01
9.989542961120605469e-01
6.424301862716674805e-01
5.285555720329284668e-01
9.910702705383300781e-01
9.975556135177612305e-01
9.987277388572692871e-01
9.991701245307922363e-01
9.975630640983581543e-01
9.996576309204101562e-01
9.979727864265441895e-01
9.874154329299926758e-01
9.980351924896240234e-01
9.937852621078491211e-01
9.987044334411621094e-01
9.989496469497680664e-01
9.995883703231811523e-01
9.992488026618957520e-01
9.983978271484375000e-01
7.996127605438232422e-01
8.964136242866516113e-01
9.471012353897094727e-01
9.677021503448486328e-01
9.789274930953979492e-01
9.226092621684074402e-01
9.814026355743408203e-01
9.400571584701538086e-01
3.989073634147644043e-01
9.134629964828491211e-01
9.704783558845520020e-01
9.756788611412048340e-01
9.841609001159667969e-01
9.981448650360107422e-01
9.890695810317993164e-01
9.899327754974365234e-01
9.758416414260864258e-01
9.889627099037170410e-01
9.884653687477111816e-01
9.723425507545471191e-01
9.804418683052062988e-01
9.818795919418334961e-01
9.873925447463989258e-01
9.829233288764953613e-01
9.638716578483581543e-01
8.983558416366577148e-01
6.235350370407104492e-01
6.922257542610168457e-01
6.984903216361999512e-01
6.217388212680816650e-01
9.086708426475524902e-01
3.075880110263824463e-01
6.579876542091369629e-01
5.986277461051940918e-01
7.912920117378234863e-01
7.424019277095794678e-01
8.428363800048828125e-01
9.833572506904602051e-01
8.770538568496704102e-01
9.439373016357421875e-01
8.350101709365844727e-01
9.667139388620853424e-01
8.827956318855285645e-01
9.204562902450561523e-01
3.022062778472900391e-01
9.223575592041015625e-01
1.170777678489685059e-01
2.555848360061645508e-01
1.028187274932861328e-01
8.652750253677368164e-01
7.114517688751220703e-01
8.202694505453109741e-01
8.982362598180770874e-01
9.475738406181335449e-01
8.179944753646850586e-01
8.352513313293457031e-01
3.339709043502807617e-01
8.161671161651611328e-01
5.116051733493804932e-01
7.876086831092834473e-01
9.255302548408508301e-01
7.981111407279968262e-01
7.508485913276672363e-01
4.059371948242187500e-01
5.331571400165557861e-01
2.870832681655883789e-01
2.277038842439651489e-01
4.954954385757446289e-01
5.481514930725097656e-01
5.651716887950897217e-01
7.208190560340881348e-01
6.577878594398498535e-01
7.111465930938720703e-01
5.662978887557983398e-01
6.539461910724639893e-01
7.035495638847351074e-01
7.880721092224121094e-01
7.259619832038879395e-01
7.425413727760314941e-01
7.643535733222961426e-01
8.104463815689086914e-01
7.192848324775695801e-01
8.055055737495422363e-01
7.990119308233261108e-01
7.824255824089050293e-01
8.497583270072937012e-01
6.808290481567382812e-01
7.463966608047485352e-01
7.360608577728271484e-01
7.575279474258422852e-01
7.663740366697311401e-01
6.326993107795715332e-01
6.541082859039306641e-01
5.633004307746887207e-01
3.702972233295440674e-01
4.797026515007019043e-01
4.876508116722106934e-01
4.549183845520019531e-01
4.540784955024719238e-01
3.944261968135833740e-01
4.790979623794555664e-01
4.752155542373657227e-01
4.759054481983184814e-01
4.060579538345336914e-01
4.530765712261199951e-01
5.856674313545227051e-01
5.092974305152893066e-01
6.100317239761352539e-01
4.298789203166961670e-01
5.678039193153381348e-01
5.613209009170532227e-01
4.833572506904602051e-01
4.107727110385894775e-01
4.027793407440185547e-01
3.156540989875793457e-01
4.401162266731262207e-01
5.584806799888610840e-01
3.170915842056274414e-01
4.486216306686401367e-01
5.042001307010650635e-01
5.159758925437927246e-01
6.088348925113677979e-01
4.565062522888183594e-01
5.463522970676422119e-01
