9.961766004562377930e-01
9.970693588256835938e-01
9.985863566398620605e-01
9.985475540161132812e-01
9.996557831764221191e-01
9.997925162315368652e-01
9.964882135391235352e-01
4.419230222702026367e-01
9.826245903968811035e-01
9.955924749374389648e-01
9.964840412139892578e-01
9.995678663253784180e-01
9.998683929443359375e-01
9.988179802894592285e-01
9.984772205352783203e-01
9.994907975196838379e-01
9.994032979011535645e-01
9.998399615287780762e-01
9.998552799224853516e-01
9.998674392700195312e-01
9.998922944068908691e-01
9.987729787826538086e-01
9.983148574829101562e-01
9.998442530632019043e-01
9.999192357063293457e-01
9.999439716339111328e-01
9.998901486396789551e-01
9.998881220817565918e-01
9.999444484710693359e-01
9.998792409896850586e-01
9.998818635940551758e-01
9.999126195907592773e-01
9.999060034751892090e-01
9.999271035194396973e-01
9.999226331710815430e-01
9.999395012855529785e-01
9.999066591262817383e-01
9.994614720344543457e-01
8.303671479225158691e-01
9.887403845787048340e-01
9.981054663658142090e-01
9.377770423889160156e-01
9.836627393960952759e-01
9.997104406356811523e-01
9.770363569259643555e-01
2.921501994132995605e-01
7.789275348186492920e-01
9.927221536636352539e-01
9.919334053993225098e-01
9.993530511856079102e-01
9.998000860214233398e-01
9.991579055786132812e-01
9.983319640159606934e-01
9.996165633201599121e-01
9.996075034141540527e-01
9.996787905693054199e-01
9.996491074562072754e-01
9.996627569198608398e-01
9.998605251312255859e-01
9.993828535079956055e-01
9.992217421531677246e-01
9.996812343597412109e-01
9.990519881248474121e-01
9.997517466545104980e-01
9.992981553077697754e-01
9.998391866683959961e-01
9.984372258186340332e-01
9.965770840644836426e-01
9.996623396873474121e-01
9.993990659713745117e-01
9.981522560119628906e-01
9.997399449348449707e-01
9.995798468589782715e-01
9.998818635940551758e-01
9.958461523056030273e-01
9.986668825149536133e-01
9.998114705085754395e-01
9.998266696929931641e-01
9.997969865798950195e-01
9.991363286972045898e-01
9.993574619293212891e-01
9.996838569641113281e-01
9.996539950370788574e-01
9.994234442710876465e-01
9.998230338096618652e-01
9.997678995132446289e-01
9.997853040695190430e-01
9.958098530769348145e-01
9.995746016502380371e-01
9.995731711387634277e-01
9.983579516410827637e-01
9.997704625129699707e-01
9.994784593582153320e-01
9.980847239494323730e-01
9.962364435195922852e-01
9.995714426040649414e-01
9.969874620437622070e-01
9.996417760848999023e-01
9.986626505851745605e-01
9.990646839141845703e-01
9.990389943122863770e-01
9.994933605194091797e-01
9.990636110305786133e-01
9.995722770690917969e-01
4.899755120277404785e-01
9.299097657203674316e-01
9.969473481178283691e-01
9.967579245567321777e-01
9.993273615837097168e-01
9.986128211021423340e-01
9.994484186172485352e-01
9.983536601066589355e-01
9.884351491928100586e-01
9.989563822746276855e-01
9.980749487876892090e-01
9.948089122772216797e-01
9.986728429794311523e-01
9.958023428916931152e-01
9.995740652084350586e-01
9.993451237678527832e-01
9.990931749343872070e-01
9.318528771400451660e-01
9.961553215980529785e-01
9.546598792076110840e-01
8.572371006011962891e-01
9.944174885749816895e-01
9.989972710609436035e-01
8.924906253814697266e-01
9.804675579071044922e-01
9.939756393432617188e-01
9.969914555549621582e-01
9.635002017021179199e-01
9.446414709091186523e-01
9.851898550987243652e-01
9.979614019393920898e-01
9.746084809303283691e-01
5.370855927467346191e-01
9.888594150543212891e-01
9.926149249076843262e-01
9.901672601699829102e-01
9.841433763504028320e-01
9.968428015708923340e-01
9.929665923118591309e-01
9.918105006217956543e-01
9.727426171302795410e-01
8.670323491096496582e-01
8.868536353111267090e-01
7.984632104635238647e-01
6.876784563064575195e-01
6.270596981048583984e-01
8.225749135017395020e-01
2.218959927558898926e-01
8.690667748451232910e-01
7.239775657653808594e-01
4.576364755630493164e-01
6.411412656307220459e-01
8.607276082038879395e-01
8.471571803092956543e-01
8.547590970993041992e-01
7.949299812316894531e-01
7.748268842697143555e-01
7.429743409156799316e-01
8.037104010581970215e-01
7.698826491832733154e-01
7.648769617080688477e-01
4.621519446372985840e-01
3.924277424812316895e-01
2.414470314979553223e-01
2.402417063713073730e-01
3.803204894065856934e-01
3.523122668266296387e-01
4.269033074378967285e-01
5.452269911766052246e-01
4.617234766483306885e-01
4.363462924957275391e-01
3.186728358268737793e-01
4.282256960868835449e-01
3.808013200759887695e-01
3.128473758697509766e-01
4.568137526512145996e-01
4.236698448657989502e-01
3.427691459655761719e-01
4.149216413497924805e-01
4.134034514427185059e-01
3.110494017601013184e-01
2.621411681175231934e-01
3.184612393379211426e-01
4.174263179302215576e-01
3.706465363502502441e-01
3.559256792068481445e-01
3.383623361587524414e-01
4.190685153007507324e-01
5.146980881690979004e-01
4.752734303474426270e-01
4.347630143165588379e-01
3.438944220542907715e-01
3.801013231277465820e-01
4.231724143028259277e-01
3.838139176368713379e-01
5.187864303588867188e-01
5.244347751140594482e-01
5.496255159378051758e-01
4.794467389583587646e-01
3.659310936927795410e-01
4.147569537162780762e-01
3.385667204856872559e-01
4.871190488338470459e-01
4.435030817985534668e-01
4.773243665695190430e-01
4.217550754547119141e-01
4.601916670799255371e-01
4.469698667526245117e-01
3.208121657371520996e-01
4.608376622200012207e-01
3.864968717098236084e-01
3.636565804481506348e-01
4.191197156906127930e-01
3.314867317676544189e-01
3.465731739997863770e-01
