9.961766004562377930e-01
2.928562760353088379e-01
4.109065830707550049e-01
8.505931496620178223e-01
9.950274825096130371e-01
9.988708496093750000e-01
9.985769391059875488e-01
9.988923072814941406e-01
9.909592270851135254e-01
9.864619374275207520e-01
9.960792660713195801e-01
9.994250535964965820e-01
9.998773932456970215e-01
9.986487627029418945e-01
9.978906512260437012e-01
9.995633959770202637e-01
9.993893504142761230e-01
9.998386502265930176e-01
9.998543262481689453e-01
9.998669028282165527e-01
9.998931884765625000e-01
9.998803734779357910e-01
9.988817572593688965e-01
9.996866583824157715e-01
9.999222755432128906e-01
9.999416470527648926e-01
9.999222755432128906e-01
9.988009333610534668e-01
9.998557567596435547e-01
9.999142289161682129e-01
9.999305009841918945e-01
9.998890757560729980e-01
9.998688101768493652e-01
9.999122619628906250e-01
9.999205470085144043e-01
9.999247193336486816e-01
9.999231696128845215e-01
9.997866153717041016e-01
9.998871088027954102e-01
9.998812675476074219e-01
9.996309876441955566e-01
6.258459091186523438e-01
9.914640784263610840e-01
9.724003076553344727e-01
9.594290256500244141e-01
9.974820613861083984e-01
9.996310472488403320e-01
9.842690825462341309e-01
9.761134982109069824e-01
9.975388050079345703e-01
9.974868297576904297e-01
9.994742870330810547e-01
9.993977546691894531e-01
9.997645616531372070e-01
9.990469217300415039e-01
9.987072348594665527e-01
9.994436502456665039e-01
9.996235370635986328e-01
9.996880292892456055e-01
9.996827244758605957e-01
9.998530149459838867e-01
9.994938373565673828e-01
9.986815452575683594e-01
9.995228648185729980e-01
9.994601607322692871e-01
9.995627999305725098e-01
9.994375705718994141e-01
9.991717338562011719e-01
9.995616078376770020e-01
9.971565008163452148e-01
9.974365234375000000e-01
9.986857175827026367e-01
9.972943067550659180e-01
9.962705969810485840e-01
9.938177466392517090e-01
9.996967315673828125e-01
9.988596439361572266e-01
9.980670213699340820e-01
9.803491234779357910e-01
9.973771572113037109e-01
9.975345134735107422e-01
9.986379146575927734e-01
9.990640282630920410e-01
9.994533061981201172e-01
9.997647404670715332e-01
9.996999502182006836e-01
9.996066093444824219e-01
9.996648430824279785e-01
9.979108572006225586e-01
9.965741038322448730e-01
9.996681213378906250e-01
9.996906518936157227e-01
9.997656941413879395e-01
9.993845820426940918e-01
9.980461001396179199e-01
9.997588396072387695e-01
9.989438652992248535e-01
9.993552565574645996e-01
9.994757771492004395e-01
9.996167421340942383e-01
9.994255304336547852e-01
9.993721246719360352e-01
9.986889362335205078e-01
9.995119571685791016e-01
9.997123479843139648e-01
9.995003342628479004e-01
9.988467693328857422e-01
9.992452859878540039e-01
9.732269048690795898e-01
9.836719036102294922e-01
9.970463514328002930e-01
9.978460073471069336e-01
9.994580149650573730e-01
9.997941255569458008e-01
9.993651509284973145e-01
9.967802762985229492e-01
9.976385831832885742e-01
9.979783892631530762e-01
9.984846115112304688e-01
9.981800913810729980e-01
9.995303750038146973e-01
9.996348023414611816e-01
9.992703795433044434e-01
9.990848898887634277e-01
9.889756441116333008e-01
7.357419729232788086e-01
9.689145088195800781e-01
9.491488933563232422e-01
9.900762438774108887e-01
9.983507394790649414e-01
9.168876409530639648e-01
9.570606350898742676e-01
9.921706914901733398e-01
7.854299545288085938e-01
8.031890988349914551e-01
9.761676192283630371e-01
9.923571944236755371e-01
9.675990343093872070e-01
9.712007641792297363e-01
9.260358214378356934e-01
9.958857893943786621e-01
9.618382453918457031e-01
9.692463874816894531e-01
9.663386456668376923e-01
9.805368185043334961e-01
9.808549284934997559e-01
9.779629707336425781e-01
9.263878464698791504e-01
7.434439063072204590e-01
4.365203380584716797e-01
4.439394474029541016e-01
3.983505964279174805e-01
4.021299183368682861e-01
7.251366376876831055e-01
3.944135308265686035e-01
5.534833669662475586e-01
4.875672459602355957e-01
5.689293742179870605e-01
5.024605393409729004e-01
4.529623389244079590e-01
5.883073210716247559e-01
4.280107617378234863e-01
3.740157186985015869e-01
5.840995907783508301e-01
4.366738200187683105e-01
4.234657287597656250e-01
3.887274861335754395e-01
3.691124618053436279e-01
4.578432440757751465e-01
2.386574149131774902e-01
3.378053307533264160e-01
2.538066506385803223e-01
2.694293856620788574e-01
3.272380232810974121e-01
1.796639412641525269e-01
2.968467473983764648e-01
2.955767512321472168e-01
4.006435871124267578e-01
3.682631254196166992e-01
3.126409053802490234e-01
3.774183988571166992e-01
2.770373225212097168e-01
2.933840155601501465e-01
2.235688418149948120e-01
2.877272963523864746e-01
3.347252011299133301e-01
3.117425441741943359e-01
4.377550482749938965e-01
4.531551599502563477e-01
5.550224184989929199e-01
4.252477884292602539e-01
4.072014689445495605e-01
4.192811250686645508e-01
4.801273643970489502e-01
4.516587555408477783e-01
5.244299173355102539e-01
4.349968731403350830e-01
4.436788260936737061e-01
3.435177803039550781e-01
4.018899500370025635e-01
3.442907929420471191e-01
3.735232353210449219e-01
4.385279715061187744e-01
4.377935826778411865e-01
