9.961766004562377930e-01
9.970693588256835938e-01
9.985863566398620605e-01
6.561009287834167480e-01
9.846214652061462402e-01
9.987663626670837402e-01
4.852566421031951904e-01
7.445484995841979980e-01
9.955805540084838867e-01
9.956941008567810059e-01
9.976858496665954590e-01
9.995087981224060059e-01
9.998688101768493652e-01
9.998847842216491699e-01
9.987072944641113281e-01
9.982871413230895996e-01
9.994984865188598633e-01
9.998257160186767578e-01
9.998814463615417480e-01
9.585264921188354492e-01
9.979286193847656250e-01
9.996428489685058594e-01
9.998295903205871582e-01
9.998399615287780762e-01
9.999109506607055664e-01
9.999142289161682129e-01
9.999448657035827637e-01
9.999305605888366699e-01
9.998197555541992188e-01
9.998757839202880859e-01
9.999055266380310059e-01
9.999178051948547363e-01
9.999440312385559082e-01
9.998990893363952637e-01
9.998912811279296875e-01
9.999257326126098633e-01
9.999186992645263672e-01
9.997813701629638672e-01
8.393104225397109985e-01
9.895275831222534180e-01
9.991501569747924805e-01
9.996076822280883789e-01
9.928292632102966309e-01
5.632083415985107422e-01
9.818394184112548828e-01
9.992904663085937500e-01
7.115077376365661621e-01
9.921867251396179199e-01
7.214000225067138672e-01
9.974939823150634766e-01
9.988280534744262695e-01
9.993616938591003418e-01
9.995592832565307617e-01
9.994123578071594238e-01
9.996400475502014160e-01
9.998568892478942871e-01
9.993768334388732910e-01
9.991831183433532715e-01
9.996540546417236328e-01
9.996337890625000000e-01
9.997058510780334473e-01
9.996731281280517578e-01
9.997908473014831543e-01
9.991783499717712402e-01
9.987824559211730957e-01
9.995377659797668457e-01
9.993763566017150879e-01
9.995045065879821777e-01
9.992226362228393555e-01
9.987864494323730469e-01
9.997969269752502441e-01
9.995262622833251953e-01
9.961832165718078613e-01
9.988952279090881348e-01
9.989828467369079590e-01
9.996184706687927246e-01
9.984570145606994629e-01
9.997279644012451172e-01
9.995728135108947754e-01
9.997634291648864746e-01
9.998030066490173340e-01
9.997587800025939941e-01
9.996301531791687012e-01
9.986430406570434570e-01
9.985618591308593750e-01
9.992609024047851562e-01
9.996748566627502441e-01
9.994392991065979004e-01
9.977014064788818359e-01
9.966541528701782227e-01
9.988930225372314453e-01
9.994256496429443359e-01
9.995768070220947266e-01
9.993056654930114746e-01
9.977257251739501953e-01
9.994050860404968262e-01
9.984334111213684082e-01
9.978842139244079590e-01
9.967923164367675781e-01
9.987299442291259766e-01
9.995563030242919922e-01
9.991053342819213867e-01
9.991796016693115234e-01
9.986603260040283203e-01
9.984103441238403320e-01
9.993107318878173828e-01
9.982408285140991211e-01
9.993550777435302734e-01
9.988604187965393066e-01
9.992987513542175293e-01
9.994502663612365723e-01
9.987450242042541504e-01
9.937847852706909180e-01
9.874908328056335449e-01
9.981253743171691895e-01
9.973759055137634277e-01
9.990944862365722656e-01
9.996349215507507324e-01
9.996598958969116211e-01
9.732289910316467285e-01
9.977599382400512695e-01
9.197404980659484863e-01
7.119191586971282959e-01
9.940780997276306152e-01
9.295619130134582520e-01
9.991701245307922363e-01
9.673168063163757324e-01
8.144348859786987305e-01
9.428398609161376953e-01
9.621099233627319336e-01
9.875513911247253418e-01
9.971179366111755371e-01
9.889572057873010635e-01
9.934194087982177734e-01
9.760352969169616699e-01
9.015244841575622559e-01
9.929658174514770508e-01
9.315946698188781738e-01
9.917663335800170898e-01
9.937421083450317383e-01
9.832773208618164062e-01
9.916040897369384766e-01
9.917848110198974609e-01
9.169383645057678223e-01
9.206877946853637695e-01
8.824151158332824707e-01
8.192322254180908203e-01
8.769537210464477539e-01
9.881351590156555176e-01
6.742825508117675781e-01
6.784887313842773438e-01
8.970193862915039062e-01
6.610868573188781738e-01
8.805630803108215332e-01
7.171289324760437012e-01
9.856441020965576172e-01
6.663253307342529297e-01
4.648206830024719238e-01
8.714216947555541992e-01
8.679168224334716797e-01
8.971345424652099609e-01
8.920069336891174316e-01
8.138926625251770020e-01
4.588879346847534180e-01
4.629016816616058350e-01
4.392299652099609375e-01
4.107299447059631348e-01
3.750659823417663574e-01
4.390107393264770508e-01
8.728330433368682861e-01
7.216333150863647461e-01
8.296130895614624023e-01
8.356884419918060303e-01
7.599265575408935547e-01
4.781780242919921875e-01
5.446470975875854492e-01
4.167942404747009277e-01
5.621116161346435547e-01
7.746286988258361816e-01
7.961475253105163574e-01
5.662613511085510254e-01
5.236476659774780273e-01
5.176351070404052734e-01
3.992288112640380859e-01
4.072144627571105957e-01
6.273931264877319336e-01
3.689773082733154297e-01
6.452936232089996338e-01
5.990749001502990723e-01
3.950975835323333740e-01
5.173152983188629150e-01
6.122206151485443115e-01
3.594541549682617188e-01
4.946588873863220215e-01
5.506566762924194336e-01
5.500699281692504883e-01
6.295829415321350098e-01
6.480739712715148926e-01
7.718457579612731934e-01
5.973390340805053711e-01
6.577800512313842773e-01
6.480864882469177246e-01
5.068544149398803711e-01
4.345358014106750488e-01
4.155891537666320801e-01
4.594263434410095215e-01
4.297500252723693848e-01
3.829590678215026855e-01
4.514255523681640625e-01
4.131186306476593018e-01
5.735739469528198242e-01
4.748088419437408447e-01
4.861006736755371094e-01
6.031671762466430664e-01
4.836800992488861084e-01
5.169235169887542725e-01
3.581836819648742676e-01
3.198196291923522949e-01
3.204764127731323242e-01
4.280000030994415283e-01
2.652255296707153320e-01
3.385499119758605957e-01
3.464046716690063477e-01
3.363505601882934570e-01
3.836841881275177002e-01
4.105694890022277832e-01
4.710310697555541992e-01
4.373416006565093994e-01
4.229350090026855469e-01
4.339269995689392090e-01
4.252122044563293457e-01
