9.961766004562377930e-01
9.970693588256835938e-01
4.997427463531494141e-01
5.682863593101501465e-01
9.958591461181640625e-01
9.985280632972717285e-01
9.986448287963867188e-01
9.990281462669372559e-01
9.996793270111083984e-01
9.928966164588928223e-01
9.857288599014282227e-01
9.994789361953735352e-01
9.998585581779479980e-01
9.988344311714172363e-01
9.980738162994384766e-01
9.994714856147766113e-01
9.994907379150390625e-01
9.998394846916198730e-01
9.998552203178405762e-01
9.712257385253906250e-01
9.986985325813293457e-01
9.995135664939880371e-01
9.998295903205871582e-01
9.998425841331481934e-01
9.999101161956787109e-01
9.999390840530395508e-01
9.999344944953918457e-01
9.991489052772521973e-01
9.998721480369567871e-01
9.999051690101623535e-01
9.999091625213623047e-01
9.999434351921081543e-01
9.999417066574096680e-01
9.999030232429504395e-01
9.998956918716430664e-01
9.999222755432128906e-01
9.999190568923950195e-01
9.997770786285400391e-01
9.881455898284912109e-01
9.964085817337036133e-01
9.991129040718078613e-01
9.742014408111572266e-01
6.107131540775299072e-01
9.791902899742126465e-01
9.913004040718078613e-01
9.992643594741821289e-01
8.978353738784790039e-01
9.976798295974731445e-01
7.079258561134338379e-01
9.983869791030883789e-01
9.993320703506469727e-01
9.993921518325805664e-01
9.995688796043395996e-01
9.994094371795654297e-01
9.998437762260437012e-01
9.994440674781799316e-01
9.991680979728698730e-01
9.996562600135803223e-01
9.996314644813537598e-01
9.997001886367797852e-01
9.996886253356933594e-01
9.998526573181152344e-01
9.991799592971801758e-01
9.987062811851501465e-01
9.995489120483398438e-01
9.994712471961975098e-01
9.994910955429077148e-01
9.994629621505737305e-01
9.991702437400817871e-01
9.995853304862976074e-01
9.971685409545898438e-01
9.974840283393859863e-01
9.994868040084838867e-01
9.976596236228942871e-01
9.965242743492126465e-01
9.984955191612243652e-01
9.997553229331970215e-01
5.801610946655273438e-01
9.937413334846496582e-01
9.987796545028686523e-01
9.994719624519348145e-01
9.988545179367065430e-01
9.993737339973449707e-01
9.985032677650451660e-01
9.998010396957397461e-01
9.996745586395263672e-01
9.996505379676818848e-01
9.996952414512634277e-01
9.995893836021423340e-01
9.996803998947143555e-01
9.995750784873962402e-01
9.992479085922241211e-01
9.995497465133666992e-01
9.980144500732421875e-01
9.995985031127929688e-01
9.993105530738830566e-01
9.990927577018737793e-01
9.993025064468383789e-01
9.977893233299255371e-01
9.988554120063781738e-01
9.995535612106323242e-01
9.997406005859375000e-01
9.994163513183593750e-01
9.994047880172729492e-01
9.987106919288635254e-01
9.993276596069335938e-01
9.993994832038879395e-01
9.995557069778442383e-01
9.952348470687866211e-01
9.915469884872436523e-01
9.886022806167602539e-01
9.992812275886535645e-01
9.992426037788391113e-01
9.995884299278259277e-01
9.997397065162658691e-01
9.991319775581359863e-01
9.915255904197692871e-01
9.885852336883544922e-01
9.988107681274414062e-01
9.995105862617492676e-01
9.990532398223876953e-01
9.980576038360595703e-01
9.977517127990722656e-01
8.680704236030578613e-01
9.813459515571594238e-01
9.534034132957458496e-01
9.895109534263610840e-01
9.895576834678649902e-01
9.977355599403381348e-01
9.603978395462036133e-01
9.739403724670410156e-01
9.968585371971130371e-01
9.716488718986511230e-01
8.849620595574378967e-01
6.921485662460327148e-01
9.095296263694763184e-01
9.561969041824340820e-01
9.967426061630249023e-01
8.997344821691513062e-01
9.648161530494689941e-01
8.514187484979629517e-01
9.774298071861267090e-01
7.233751416206359863e-01
7.082636058330535889e-01
8.364244103431701660e-01
8.232881724834442139e-01
7.542701363563537598e-01
6.528197526931762695e-01
8.142915368080139160e-01
5.246366858482360840e-01
4.850750565528869629e-01
2.209644913673400879e-01
4.878139793872833252e-01
3.317886590957641602e-01
4.380039572715759277e-01
3.510399758815765381e-01
3.489091396331787109e-01
5.236728191375732422e-01
5.928861200809478760e-01
4.478926658630371094e-01
6.030967235565185547e-01
3.576423525810241699e-01
3.849209547042846680e-01
3.818722963333129883e-01
2.637341022491455078e-01
3.231875300407409668e-01
3.739041090011596680e-01
2.846727371215820312e-01
3.741896450519561768e-01
3.926682472229003906e-01
2.759239971637725830e-01
3.186233043670654297e-01
2.710201144218444824e-01
3.272388577461242676e-01
2.693319320678710938e-01
2.938397526741027832e-01
2.744290530681610107e-01
3.158720731735229492e-01
3.189304769039154053e-01
2.575905323028564453e-01
4.353547096252441406e-01
3.263856172561645508e-01
3.392462134361267090e-01
3.452575206756591797e-01
3.758567273616790771e-01
3.887496590614318848e-01
3.076491355895996094e-01
3.321402072906494141e-01
4.380955398082733154e-01
3.625719547271728516e-01
4.319080412387847900e-01
4.242231845855712891e-01
4.970066845417022705e-01
4.398693740367889404e-01
4.224013686180114746e-01
3.936058580875396729e-01
4.292113184928894043e-01
4.245806932449340820e-01
3.515302240848541260e-01
3.902121782302856445e-01
