9.961766004562377930e-01
9.970693588256835938e-01
9.985863566398620605e-01
6.561009287834167480e-01
9.846214652061462402e-01
9.987663626670837402e-01
4.852566421031951904e-01
7.445484995841979980e-01
9.955805540084838867e-01
9.956941008567810059e-01
9.976858496665954590e-01
9.995087981224060059e-01
9.998688101768493652e-01
9.998847842216491699e-01
9.987072944641113281e-01
9.982871413230895996e-01
9.994984865188598633e-01
9.998257160186767578e-01
9.998814463615417480e-01
9.585264921188354492e-01
9.979286193847656250e-01
9.996428489685058594e-01
9.998295903205871582e-01
9.998399615287780762e-01
9.999109506607055664e-01
9.999142289161682129e-01
9.999448657035827637e-01
9.999305605888366699e-01
9.999287724494934082e-01
9.998864531517028809e-01
9.998669624328613281e-01
9.999229907989501953e-01
9.999395012855529785e-01
9.999026060104370117e-01
9.998983144760131836e-01
9.999214410781860352e-01
9.999217987060546875e-01
9.997813701629638672e-01
8.393104076385498047e-01
9.892195463180541992e-01
9.818534255027770996e-01
9.814081788063049316e-01
7.315302491188049316e-01
9.738391637802124023e-01
4.760941565036773682e-01
6.289495825767517090e-01
9.165930747985839844e-01
9.965903759002685547e-01
8.080756664276123047e-01
9.986716508865356445e-01
9.995002746582031250e-01
9.993031024932861328e-01
9.996754527091979980e-01
9.996374249458312988e-01
9.996372461318969727e-01
9.998582601547241211e-01
9.993508458137512207e-01
9.991828203201293945e-01
9.996767640113830566e-01
9.994449019432067871e-01
9.998059868812561035e-01
9.988057017326354980e-01
9.998659491539001465e-01
9.996887445449829102e-01
9.976695775985717773e-01
9.987258315086364746e-01
9.991874098777770996e-01
9.993413686752319336e-01
9.992386698722839355e-01
9.988158345222473145e-01
9.996613860130310059e-01
9.969770908355712891e-01
9.986446499824523926e-01
9.992219209671020508e-01
9.987660050392150879e-01
9.894313812255859375e-01
9.932867288589477539e-01
9.997418522834777832e-01
9.996826648712158203e-01
9.992881417274475098e-01
9.990894794464111328e-01
9.955288767814636230e-01
9.990102648735046387e-01
9.992599487304687500e-01
9.993420839309692383e-01
9.995902776718139648e-01
9.997178316116333008e-01
9.990698099136352539e-01
9.987398386001586914e-01
9.972332715988159180e-01
9.992164969444274902e-01
9.991649985313415527e-01
9.996045231819152832e-01
9.992799758911132812e-01
9.991600513458251953e-01
9.995374679565429688e-01
9.992647767066955566e-01
9.994627833366394043e-01
9.994353652000427246e-01
9.995841979980468750e-01
9.991141557693481445e-01
9.979640841484069824e-01
9.996379017829895020e-01
9.998118877410888672e-01
9.975413084030151367e-01
9.979304075241088867e-01
9.977047443389892578e-01
9.992642998695373535e-01
9.988367557525634766e-01
9.884179830551147461e-01
9.984121918678283691e-01
9.982018470764160156e-01
9.982209205627441406e-01
9.993521571159362793e-01
9.988409876823425293e-01
9.997321963310241699e-01
9.993120431900024414e-01
9.939777255058288574e-01
9.971252679824829102e-01
9.986137151718139648e-01
9.990228414535522461e-01
9.997421503067016602e-01
9.985548257827758789e-01
9.987970590591430664e-01
9.917697310447692871e-01
7.149944901466369629e-01
9.686135053634643555e-01
9.096399545669555664e-01
9.959719181060791016e-01
9.983989000320434570e-01
8.013188242912292480e-01
9.494230151176452637e-01
9.116643667221069336e-01
7.328833937644958496e-01
9.219657182693481445e-01
9.545711278915405273e-01
7.775001525878906250e-01
9.950503706932067871e-01
9.949577450752258301e-01
9.764170050621032715e-01
9.884001612663269043e-01
9.540600180625915527e-01
9.782688021659851074e-01
9.813239574432373047e-01
9.809914231300354004e-01
9.835150241851806641e-01
9.533613920211791992e-01
8.654993176460266113e-01
7.566112279891967773e-01
2.807195186614990234e-01
5.003309547901153564e-01
6.316555142402648926e-01
6.356063783168792725e-01
8.870504051446914673e-01
9.513986110687255859e-01
8.751701712608337402e-01
8.805916905403137207e-01
7.827702760696411133e-01
8.426015973091125488e-01
6.184236407279968262e-01
7.335504293441772461e-01
9.337492585182189941e-01
7.460677623748779297e-01
9.581081271171569824e-01
8.302470445632934570e-01
7.542502284049987793e-01
4.204031825065612793e-01
4.380007982254028320e-01
3.105467259883880615e-01
6.311520338058471680e-01
6.273808777332305908e-01
4.913406372070312500e-01
5.009061396121978760e-01
5.114210844039916992e-01
4.470596611499786377e-01
3.430932164192199707e-01
4.839998185634613037e-01
3.597925901412963867e-01
4.030520319938659668e-01
3.817967772483825684e-01
3.719699978828430176e-01
4.265816807746887207e-01
3.309976458549499512e-01
4.373127222061157227e-01
3.873709440231323242e-01
3.363323807716369629e-01
3.851176500320434570e-01
3.155564665794372559e-01
5.295802950859069824e-01
5.092145800590515137e-01
5.437935590744018555e-01
3.981461524963378906e-01
4.826856851577758789e-01
3.857017755508422852e-01
6.321153640747070312e-01
4.672963023185729980e-01
4.640385508537292480e-01
4.072335958480834961e-01
5.457975268363952637e-01
4.377331733703613281e-01
4.554032981395721436e-01
4.622580409049987793e-01
4.515962004661560059e-01
4.935438036918640137e-01
3.531132340431213379e-01
4.598555564880371094e-01
4.928571283817291260e-01
5.405640900135040283e-01
6.263405084609985352e-01
5.016288459300994873e-01
4.860911965370178223e-01
5.265591740608215332e-01
5.119639933109283447e-01
3.492023348808288574e-01
3.754552602767944336e-01
4.062019586563110352e-01
4.273116290569305420e-01
4.612678885459899902e-01
3.567923307418823242e-01
4.559298753738403320e-01
4.668254256248474121e-01
