9.961766004562377930e-01
9.970693588256835938e-01
9.985863566398620605e-01
6.561009287834167480e-01
9.846214652061462402e-01
9.987663626670837402e-01
4.852566421031951904e-01
7.445484995841979980e-01
9.955805540084838867e-01
9.956941008567810059e-01
9.976858496665954590e-01
9.995087981224060059e-01
9.998688101768493652e-01
9.988949298858642578e-01
9.980537891387939453e-01
9.995019435882568359e-01
9.994032979011535645e-01
9.998383522033691406e-01
9.998545050621032715e-01
9.998666644096374512e-01
9.998934268951416016e-01
9.988467693328857422e-01
9.996949434280395508e-01
9.998439550399780273e-01
9.999200105667114258e-01
9.999439716339111328e-01
9.999244213104248047e-01
9.999229311943054199e-01
9.998961687088012695e-01
9.998660683631896973e-01
9.999152421951293945e-01
9.999079704284667969e-01
9.999350905418395996e-01
9.999068379402160645e-01
9.998866915702819824e-01
9.999257326126098633e-01
9.999186992645263672e-01
9.997808337211608887e-01
9.881086349487304688e-01
9.895275831222534180e-01
9.828311800956726074e-01
9.818736314773559570e-01
9.996495842933654785e-01
9.810707569122314453e-01
2.615621685981750488e-01
6.629413962364196777e-01
8.773163557052612305e-01
9.969442486763000488e-01
9.991682767868041992e-01
9.998025298118591309e-01
9.991688132286071777e-01
9.224058985710144043e-01
9.861944913864135742e-01
9.853993058204650879e-01
9.995366334915161133e-01
9.998112320899963379e-01
9.980073571205139160e-01
9.973596334457397461e-01
9.997671842575073242e-01
9.993881583213806152e-01
9.997928142547607422e-01
9.986972212791442871e-01
9.998617172241210938e-01
9.996623396873474121e-01
9.954910278320312500e-01
9.994233846664428711e-01
9.987093806266784668e-01
9.996443390846252441e-01
9.990824460983276367e-01
9.967050552368164062e-01
9.998255372047424316e-01
9.989117383956909180e-01
9.995653629302978516e-01
9.992133975028991699e-01
9.946610331535339355e-01
9.794409275054931641e-01
9.524553418159484863e-01
9.803214669227600098e-01
9.953823685646057129e-01
9.992744922637939453e-01
8.019251227378845215e-01
9.878690838813781738e-01
9.972432255744934082e-01
9.982748031616210938e-01
9.982606768608093262e-01
9.995859265327453613e-01
9.995394349098205566e-01
9.996592998504638672e-01
9.986811876296997070e-01
9.979805350303649902e-01
9.994794130325317383e-01
9.982321262359619141e-01
9.998061060905456543e-01
9.985432624816894531e-01
9.994615316390991211e-01
9.997493028640747070e-01
9.996240735054016113e-01
9.997205138206481934e-01
9.988067150115966797e-01
9.988235831260681152e-01
9.989183545112609863e-01
9.996010661125183105e-01
9.976133108139038086e-01
9.992074370384216309e-01
9.986736178398132324e-01
9.995498061180114746e-01
9.951506257057189941e-01
9.982170462608337402e-01
9.975050091743469238e-01
9.852305054664611816e-01
9.991943240165710449e-01
9.920535087585449219e-01
9.995251297950744629e-01
9.989292621612548828e-01
9.985915422439575195e-01
9.995341897010803223e-01
9.982153177261352539e-01
9.867228269577026367e-01
9.994968175888061523e-01
9.962355494499206543e-01
9.973579645156860352e-01
9.992921352386474609e-01
9.992336034774780273e-01
9.986715316772460938e-01
9.974340200424194336e-01
8.347491621971130371e-01
9.564104676246643066e-01
5.560663342475891113e-01
8.166756033897399902e-01
5.098775029182434082e-01
9.759246706962585449e-01
9.409945607185363770e-01
9.753230810165405273e-01
9.558820724487304688e-01
8.485750555992126465e-01
6.829869151115417480e-01
4.992172122001647949e-01
8.441608548164367676e-01
9.173713922500610352e-01
7.580770850181579590e-01
7.037688493728637695e-01
9.013314843177795410e-01
8.208203911781311035e-01
4.842618405818939209e-01
6.418761610984802246e-01
6.854031085968017578e-01
6.208029091358184814e-01
7.652841210365295410e-01
6.270872950553894043e-01
6.427888870239257812e-01
5.231624841690063477e-01
7.034773826599121094e-01
4.843650460243225098e-01
5.855198502540588379e-01
5.974709987640380859e-01
4.945493638515472412e-01
4.515517950057983398e-01
3.658835887908935547e-01
5.486549139022827148e-01
2.534133791923522949e-01
4.573498368263244629e-01
5.386136770248413086e-01
5.236898660659790039e-01
4.912914633750915527e-01
4.380924701690673828e-01
5.457882285118103027e-01
4.724241793155670166e-01
2.965998649597167969e-01
4.259516596794128418e-01
5.543034672737121582e-01
4.793240725994110107e-01
3.179458975791931152e-01
3.604498207569122314e-01
4.854098558425903320e-01
3.508709073066711426e-01
1.994675993919372559e-01
2.572633624076843262e-01
3.677211701869964600e-01
2.025275826454162598e-01
3.460807800292968750e-01
2.847644686698913574e-01
3.766449689865112305e-01
3.224852681159973145e-01
4.372308254241943359e-01
3.479897975921630859e-01
3.502787351608276367e-01
4.271452128887176514e-01
4.397621750831604004e-01
4.636143445968627930e-01
5.539820790290832520e-01
4.692805409431457520e-01
4.171508550643920898e-01
4.245706200599670410e-01
3.058406710624694824e-01
4.235645234584808350e-01
3.825579583644866943e-01
2.758034467697143555e-01
3.921592831611633301e-01
3.405637145042419434e-01
