9.961766004562377930e-01
9.970693588256835938e-01
9.985863566398620605e-01
6.561009287834167480e-01
9.846214652061462402e-01
9.987663626670837402e-01
4.852566719055175781e-01
7.445484995841979980e-01
9.955805540084838867e-01
9.956941008567810059e-01
9.976859358139336109e-01
9.995087981224060059e-01
9.998688101768493652e-01
9.988949298858642578e-01
9.980537891387939453e-01
9.995019435882568359e-01
9.994032979011535645e-01
9.998383522033691406e-01
9.998545050621032715e-01
9.998666644096374512e-01
9.998934268951416016e-01
9.988467693328857422e-01
9.996949434280395508e-01
9.998439550399780273e-01
9.999200105667114258e-01
9.999439716339111328e-01
9.999244213104248047e-01
9.991375207901000977e-01
9.998873472213745117e-01
9.999049305915832520e-01
9.999081492424011230e-01
9.999170303344726562e-01
9.999347329139709473e-01
9.999031424522399902e-01
9.998953342437744141e-01
9.999220967292785645e-01
9.999186992645263672e-01
9.997808337211608887e-01
9.881086349487304688e-01
9.897691607475280762e-01
9.991150498390197754e-01
9.996076822280883789e-01
9.932143092155456543e-01
9.992641806602478027e-01
9.996209740638732910e-01
9.996224641799926758e-01
9.913280010223388672e-01
9.997627735137939453e-01
9.991135597229003906e-01
9.894086122512817383e-01
9.975474476814270020e-01
9.988617897033691406e-01
9.992079734802246094e-01
9.989585876464843750e-01
9.805921912193298340e-01
9.996370673179626465e-01
9.964117407798767090e-01
9.986724853515625000e-01
9.995355010032653809e-01
9.991947412490844727e-01
9.992309808731079102e-01
9.997853040695190430e-01
9.997842907905578613e-01
9.990760087966918945e-01
9.986442923545837402e-01
9.996813535690307617e-01
9.996092915534973145e-01
9.991562962532043457e-01
9.997369647026062012e-01
9.996821880340576172e-01
9.995576739311218262e-01
9.998112320899963379e-01
9.997401237487792969e-01
9.995940327644348145e-01
7.780548334121704102e-01
9.985280632972717285e-01
9.988458752632141113e-01
7.550088465213775635e-01
9.985004067420959473e-01
7.852938175201416016e-01
9.280375242233276367e-01
9.957524538040161133e-01
9.989250898361206055e-01
9.961901903152465820e-01
9.988945722579956055e-01
9.995712041854858398e-01
9.988925457000732422e-01
9.994019865989685059e-01
9.981830120086669922e-01
9.947423338890075684e-01
9.991313815116882324e-01
9.980203509330749512e-01
9.993035197257995605e-01
9.989294409751892090e-01
9.989994168281555176e-01
9.995027184486389160e-01
9.995029568672180176e-01
9.996005892753601074e-01
9.995875358581542969e-01
9.996380805969238281e-01
9.989974498748779297e-01
9.995011687278747559e-01
9.985101819038391113e-01
9.995827674865722656e-01
9.988304972648620605e-01
9.971803426742553711e-01
9.984437823295593262e-01
9.995285272598266602e-01
9.993304610252380371e-01
9.982364177703857422e-01
9.993998408317565918e-01
9.984639286994934082e-01
9.994507431983947754e-01
9.990777373313903809e-01
9.994690418243408203e-01
9.993465542793273926e-01
9.992458224296569824e-01
9.982200264930725098e-01
9.991835951805114746e-01
9.992535114288330078e-01
9.970266819000244141e-01
9.930092692375183105e-01
9.915480613708496094e-01
9.965379238128662109e-01
9.696093797683715820e-01
9.241098761558532715e-01
9.908652305603027344e-01
7.496913671493530273e-01
9.048874378204345703e-01
6.274172067642211914e-01
9.540991187095642090e-01
9.809338450431823730e-01
5.621163249015808105e-01
7.737423181533813477e-01
9.003955125808715820e-01
8.667024523019790649e-01
9.223837852478027344e-01
9.698967337608337402e-01
9.955697655677795410e-01
9.622501730918884277e-01
9.772819280624389648e-01
9.640491008758544922e-01
9.870153665542602539e-01
8.566118478775024414e-01
6.102012991905212402e-01
6.545558869838714600e-01
6.919818818569183350e-01
7.677553892135620117e-01
5.117846727371215820e-01
3.511875271797180176e-01
4.949036240577697754e-01
3.742323517799377441e-01
4.254723787307739258e-01
6.809115409851074219e-01
5.240556895732879639e-01
3.623860478401184082e-01
5.851843953132629395e-01
2.415138185024261475e-01
4.678597450256347656e-01
2.777282595634460449e-01
5.627207756042480469e-01
6.280335187911987305e-01
5.004813969135284424e-01
4.810702204704284668e-01
4.400860071182250977e-01
5.105730295181274414e-01
2.573875188827514648e-01
3.615145087242126465e-01
2.871519327163696289e-01
2.731688022613525391e-01
3.621957004070281982e-01
3.599665164947509766e-01
2.949844598770141602e-01
3.336967229843139648e-01
3.031272888183593750e-01
2.705838680267333984e-01
2.982494235038757324e-01
4.007117152214050293e-01
3.185167908668518066e-01
3.120874166488647461e-01
2.530509829521179199e-01
3.073361814022064209e-01
2.424315810203552246e-01
2.822104096412658691e-01
3.355460762977600098e-01
2.951004505157470703e-01
4.130378365516662598e-01
5.082769989967346191e-01
4.728716909885406494e-01
4.184447526931762695e-01
4.848965406417846680e-01
4.808605015277862549e-01
4.150935411453247070e-01
3.756363987922668457e-01
3.875253796577453613e-01
3.911088109016418457e-01
4.422248005867004395e-01
3.448049426078796387e-01
