9.961766004562377930e-01
2.928562760353088379e-01
4.109065532684326172e-01
8.505931496620178223e-01
9.950274825096130371e-01
9.988708496093750000e-01
9.985769391059875488e-01
9.988923072814941406e-01
9.997332096099853516e-01
9.998040199279785156e-01
9.998033642768859863e-01
9.990320801734924316e-01
9.998114109039306641e-01
9.985778331756591797e-01
9.976822733879089355e-01
9.995446801185607910e-01
9.994136691093444824e-01
9.998365640640258789e-01
9.998639225959777832e-01
9.998666048049926758e-01
9.991145730018615723e-01
9.982284903526306152e-01
9.995137453079223633e-01
9.998306035995483398e-01
9.999226331710815430e-01
9.999374151229858398e-01
9.999392032623291016e-01
9.999344944953918457e-01
9.998190999031066895e-01
9.998751878738403320e-01
9.999060630798339844e-01
9.999079704284667969e-01
9.999252557754516602e-01
9.999418854713439941e-01
9.999029040336608887e-01
9.998970031738281250e-01
9.999221563339233398e-01
9.997283816337585449e-01
8.701592683792114258e-01
9.907804131507873535e-01
9.989078044891357422e-01
9.806311726570129395e-01
9.902802109718322754e-01
9.996691346168518066e-01
9.685580134391784668e-01
9.990082979202270508e-01
6.924059987068176270e-01
9.731633067131042480e-01
9.986316561698913574e-01
9.973294734954833984e-01
8.340764641761779785e-01
9.406121969223022461e-01
9.757996201515197754e-01
9.909713268280029297e-01
9.994727969169616699e-01
9.997188448905944824e-01
9.981168508529663086e-01
9.994953870773315430e-01
9.996171593666076660e-01
9.996079802513122559e-01
9.996836781501770020e-01
9.996471405029296875e-01
9.994210600852966309e-01
9.998095631599426270e-01
9.993770122528076172e-01
9.991595745086669922e-01
9.989109635353088379e-01
9.997028112411499023e-01
9.997075796127319336e-01
9.987034201622009277e-01
9.996320009231567383e-01
9.996572732925415039e-01
9.995145797729492188e-01
9.990194439888000488e-01
9.964466691017150879e-01
9.991913437843322754e-01
9.632185697555541992e-01
9.408085942268371582e-01
9.985551238059997559e-01
9.995224475860595703e-01
9.996451139450073242e-01
9.988410472869873047e-01
9.994641542434692383e-01
9.995801448822021484e-01
9.996415376663208008e-01
9.997313022613525391e-01
9.995798468589782715e-01
9.996384382247924805e-01
9.994501471519470215e-01
9.993845820426940918e-01
9.996738433837890625e-01
9.992877244949340820e-01
9.997693300247192383e-01
9.991643428802490234e-01
9.995096921920776367e-01
9.997538924217224121e-01
9.995831251144409180e-01
9.996089339256286621e-01
9.994946718215942383e-01
9.997305870056152344e-01
9.997260570526123047e-01
9.995105862617492676e-01
8.769570514559745789e-01
9.978017807006835938e-01
9.993702173233032227e-01
9.993776082992553711e-01
8.790237307548522949e-01
4.576496481895446777e-01
9.988189339637756348e-01
9.373408555984497070e-01
8.839409947395324707e-01
9.342409372329711914e-01
9.989577531814575195e-01
9.913823604583740234e-01
9.995188117027282715e-01
9.997049570083618164e-01
9.810950756072998047e-01
9.936287999153137207e-01
9.988530278205871582e-01
9.922413229942321777e-01
9.988166689872741699e-01
9.993860125541687012e-01
9.996364116668701172e-01
9.455947875976562500e-01
9.758940935134887695e-01
9.295323491096496582e-01
7.978872060775756836e-01
9.699949026107788086e-01
8.223007321357727051e-01
8.942486643791198730e-01
7.034965455532073975e-01
9.945918917655944824e-01
5.845258235931396484e-01
9.910577535629272461e-01
9.769400358200073242e-01
9.964883327484130859e-01
9.284381270408630371e-01
9.939439296722412109e-01
9.910242557525634766e-01
9.946553707122802734e-01
9.921785593032836914e-01
9.860305190086364746e-01
9.747788310050964355e-01
9.779684543609619141e-01
9.800705313682556152e-01
9.872212409973144531e-01
9.911741018295288086e-01
9.760872721672058105e-01
9.508707523345947266e-01
8.189826011657714844e-01
6.985689401626586914e-01
8.408716768026351929e-01
8.695731759071350098e-01
8.796872496604919434e-01
9.736284241080284119e-01
9.402347803115844727e-01
9.674715995788574219e-01
8.700188398361206055e-01
9.199938178062438965e-01
8.718134164810180664e-01
9.424756765365600586e-01
9.516069293022155762e-01
9.869676828384399414e-01
9.551745653152465820e-01
9.881276488304138184e-01
9.820454716682434082e-01
9.889562129974365234e-01
8.906829357147216797e-01
9.730156064033508301e-01
9.268087744712829590e-01
9.829819202423095703e-01
9.586817622184753418e-01
9.843515753746032715e-01
9.788842797279357910e-01
2.377976775169372559e-01
9.195669889450073242e-01
9.859493970870971680e-01
9.988813400268554688e-01
9.896813631057739258e-01
9.443566799163818359e-01
8.547731637954711914e-01
9.261995032429695129e-01
9.506260156631469727e-01
7.790126204490661621e-01
9.911904335021972656e-01
9.735626578330993652e-01
9.945553541183471680e-01
9.952816963195800781e-01
9.952231049537658691e-01
8.945853710174560547e-01
9.765204191207885742e-01
7.722932100296020508e-01
3.366558551788330078e-01
5.880006551742553711e-01
6.503595709800720215e-01
9.910061955451965332e-01
9.772913455963134766e-01
4.346895217895507812e-01
8.366015553474426270e-01
7.523744106292724609e-01
9.893340468406677246e-01
9.835157990455627441e-01
9.912220835685729980e-01
9.944840669631958008e-01
9.662256240844726562e-01
7.526991963386535645e-01
9.578603506088256836e-01
5.401084423065185547e-01
8.398876190185546875e-01
6.903709173202514648e-01
7.078319191932678223e-01
3.946420550346374512e-01
7.515243887901306152e-01
7.165441513061523438e-01
5.006340146064758301e-01
4.912765920162200928e-01
8.689944148063659668e-01
7.891423702239990234e-01
8.056838512420654297e-01
7.317208647727966309e-01
9.258174300193786621e-01
8.630549907684326172e-01
8.233368992805480957e-01
7.877748608589172363e-01
8.299679160118103027e-01
6.501786708831787109e-01
8.267346620559692383e-01
6.541200876235961914e-01
8.747552037239074707e-01
8.244268894195556641e-01
6.771619319915771484e-01
5.281694233417510986e-01
8.174168914556503296e-01
7.828879952430725098e-01
5.048465132713317871e-01
5.763042569160461426e-01
6.523196697235107422e-01
4.122537374496459961e-01
8.245937824249267578e-01
4.441409111022949219e-01
7.985545396804809570e-01
8.213183879852294922e-01
8.222441077232360840e-01
7.480140328407287598e-01
7.311142981052398682e-01
7.034175992012023926e-01
6.285052299499511719e-01
6.747875511646270752e-01
4.495086073875427246e-01
6.109002232551574707e-01
4.439917802810668945e-01
4.535141587257385254e-01
5.163797736167907715e-01
4.357788860797882080e-01
4.735367894172668457e-01
4.733293652534484863e-01
5.605205297470092773e-01
3.509421348571777344e-01
4.791166186332702637e-01
5.336928069591522217e-01
4.638876914978027344e-01
4.006010890007019043e-01
3.548936247825622559e-01
3.388551473617553711e-01
3.829521536827087402e-01
3.008678555488586426e-01
3.442177772521972656e-01
2.780020236968994141e-01
2.645655870437622070e-01
3.564010262489318848e-01
4.226387739181518555e-01
3.538048267364501953e-01
2.715612947940826416e-01
3.478376269340515137e-01
3.742054700851440430e-01
2.297680228948593140e-01
4.418110847473144531e-01
