9.961766004562377930e-01
9.970693588256835938e-01
9.985863566398620605e-01
6.561008989810943604e-01
9.846214652061462402e-01
9.987663626670837402e-01
4.852566421031951904e-01
7.445484995841979980e-01
9.955805540084838867e-01
9.956941008567810059e-01
9.976858496665954590e-01
9.995087981224060059e-01
9.998688101768493652e-01
9.998847842216491699e-01
9.987072944641113281e-01
9.982871413230895996e-01
9.994984865188598633e-01
9.998257160186767578e-01
9.998814463615417480e-01
9.585264921188354492e-01
9.979286193847656250e-01
9.996428489685058594e-01
9.998295903205871582e-01
9.998399615287780762e-01
9.999109506607055664e-01
9.999142289161682129e-01
9.999448657035827637e-01
9.999305605888366699e-01
9.999287724494934082e-01
9.998864531517028809e-01
9.998669624328613281e-01
9.999229907989501953e-01
9.999395012855529785e-01
9.999026060104370117e-01
9.998983144760131836e-01
9.999214410781860352e-01
9.999217987060546875e-01
9.997813701629638672e-01
8.393104076385498047e-01
9.897111058235168457e-01
9.991248846054077148e-01
9.996002316474914551e-01
9.925641417503356934e-01
9.915255308151245117e-01
9.996561408042907715e-01
9.996566176414489746e-01
9.992426633834838867e-01
9.997848272323608398e-01
9.992808103561401367e-01
9.997879266738891602e-01
9.975962638854980469e-01
9.982582330703735352e-01
9.994331598281860352e-01
9.990702867507934570e-01
9.816829562187194824e-01
9.996754527091979980e-01
9.972383975982666016e-01
8.780494332313537598e-01
9.815816283226013184e-01
9.591257572174072266e-01
9.840105175971984863e-01
9.981006979942321777e-01
9.967013001441955566e-01
9.491351246833801270e-01
9.901892542839050293e-01
9.970606565475463867e-01
9.960620999336242676e-01
9.917676448822021484e-01
9.883127808570861816e-01
9.977307319641113281e-01
9.986302256584167480e-01
9.971787929534912109e-01
7.628870010375976562e-01
9.396085143089294434e-01
9.745916724205017090e-01
9.858981966972351074e-01
9.941350817680358887e-01
9.983387589454650879e-01
9.975646734237670898e-01
9.993031620979309082e-01
9.679222702980041504e-01
9.567598700523376465e-01
9.898330569267272949e-01
9.983029365539550781e-01
9.988362789154052734e-01
9.974636435508728027e-01
9.993399977684020996e-01
9.988193511962890625e-01
9.731762409210205078e-01
9.800344109535217285e-01
9.977325797080993652e-01
9.985051751136779785e-01
9.986682534217834473e-01
9.958562850952148438e-01
9.971275329589843750e-01
9.985918402671813965e-01
9.989560246467590332e-01
9.818178415298461914e-01
9.936405420303344727e-01
9.987641572952270508e-01
9.980152845382690430e-01
9.970306158065795898e-01
9.952795505523681641e-01
9.976099133491516113e-01
9.969563484191894531e-01
9.973852634429931641e-01
9.991181492805480957e-01
9.942603707313537598e-01
9.985172152519226074e-01
9.990047812461853027e-01
9.983246922492980957e-01
9.980067014694213867e-01
9.365022182464599609e-01
9.457790255546569824e-01
9.743076562881469727e-01
9.601203799247741699e-01
9.951481223106384277e-01
9.992622137069702148e-01
9.994475245475769043e-01
9.992027282714843750e-01
9.993302822113037109e-01
9.476701021194458008e-01
9.953092336654663086e-01
8.458462953567504883e-01
6.012574434280395508e-01
9.449216127395629883e-01
8.973231911659240723e-01
9.644273519515991211e-01
9.410095214843750000e-01
7.013793587684631348e-01
6.648764312267303467e-01
9.163691401481628418e-01
8.049480915069580078e-01
9.506478309631347656e-01
9.946765303611755371e-01
9.165156483650207520e-01
9.692519307136535645e-01
9.773988127708435059e-01
9.758347272872924805e-01
8.829423189163208008e-01
9.773432016372680664e-01
9.754936099052429199e-01
9.838992357254028320e-01
9.513280391693115234e-01
8.615097999572753906e-01
7.331106662750244141e-01
7.540666460990905762e-01
8.112532496452331543e-01
7.527418583631515503e-01
8.242466449737548828e-01
7.908570766448974609e-01
7.569815516471862793e-01
7.371565103530883789e-01
6.367509961128234863e-01
5.406096875667572021e-01
5.773541927337646484e-01
4.727442860603332520e-01
6.159809827804565430e-01
7.990586757659912109e-01
5.912186503410339355e-01
5.749579071998596191e-01
4.499419331550598145e-01
4.759883880615234375e-01
3.151773810386657715e-01
6.179540157318115234e-01
4.199001193046569824e-01
3.914854526519775391e-01
4.996986389160156250e-01
6.216828823089599609e-01
3.623092770576477051e-01
4.938569366931915283e-01
4.456939697265625000e-01
3.872657418251037598e-01
2.914599180221557617e-01
3.451697826385498047e-01
3.598515391349792480e-01
2.076737731695175171e-01
2.424700260162353516e-01
2.871525883674621582e-01
2.186112403869628906e-01
4.194013178348541260e-01
3.419677019119262695e-01
3.274766802787780762e-01
3.978528380393981934e-01
2.867478132247924805e-01
4.208511114120483398e-01
3.081781268119812012e-01
4.472352266311645508e-01
4.200193285942077637e-01
3.850565850734710693e-01
3.246408700942993164e-01
3.353525996208190918e-01
3.440612554550170898e-01
4.300760626792907715e-01
3.084070086479187012e-01
3.799476623535156250e-01
4.410682320594787598e-01
4.083869755268096924e-01
3.910850882530212402e-01
3.935304284095764160e-01
4.058412015438079834e-01
4.807583689689636230e-01
4.708312153816223145e-01
4.830895662307739258e-01
4.745178222656250000e-01
4.349205493927001953e-01
5.142143964767456055e-01
4.308473467826843262e-01
4.491740465164184570e-01
5.237603187561035156e-01
