9.961766004562377930e-01
9.970693588256835938e-01
4.997427463531494141e-01
5.682863593101501465e-01
9.958591461181640625e-01
9.985280632972717285e-01
9.986448287963867188e-01
9.990281462669372559e-01
9.996793270111083984e-01
9.928966164588928223e-01
9.857288599014282227e-01
9.994789361953735352e-01
9.998585581779479980e-01
9.988344311714172363e-01
9.980738162994384766e-01
9.994714856147766113e-01
9.994907379150390625e-01
9.998394846916198730e-01
9.998552203178405762e-01
9.998669028282165527e-01
9.990972876548767090e-01
9.983353018760681152e-01
9.998444914817810059e-01
9.998320937156677246e-01
9.999223351478576660e-01
9.999374747276306152e-01
9.999264478683471680e-01
9.993850588798522949e-01
9.998721480369567871e-01
9.999051690101623535e-01
9.999091625213623047e-01
9.999374151229858398e-01
9.999417066574096680e-01
9.999030232429504395e-01
9.998956918716430664e-01
9.999222755432128906e-01
9.999190568923950195e-01
9.997760653495788574e-01
9.997564554214477539e-01
9.998818635940551758e-01
9.996758103370666504e-01
9.694246053695678711e-01
9.214104413986206055e-01
9.849600195884704590e-01
9.866460561752319336e-01
9.993863105773925781e-01
9.806738495826721191e-01
5.588404536247253418e-01
6.354420185089111328e-01
9.990929365158081055e-01
9.717376232147216797e-01
9.837709069252014160e-01
9.859233498573303223e-01
9.991962313652038574e-01
9.997500777244567871e-01
9.794684052467346191e-01
9.972423315048217773e-01
9.997875690460205078e-01
9.996402263641357422e-01
9.997903704643249512e-01
9.997540116310119629e-01
9.997668862342834473e-01
9.989165663719177246e-01
9.992323517799377441e-01
9.958286285400390625e-01
9.995428323745727539e-01
9.983046054840087891e-01
9.996196627616882324e-01
9.993082284927368164e-01
9.998043775558471680e-01
9.998053312301635742e-01
9.977708458900451660e-01
9.993720650672912598e-01
9.991404414176940918e-01
9.991079568862915039e-01
9.991346001625061035e-01
9.997749328613281250e-01
6.894957423210144043e-01
8.216401338577270508e-01
9.866588115692138672e-01
9.997912049293518066e-01
9.989574551582336426e-01
9.995440244674682617e-01
9.997195601463317871e-01
9.994634389877319336e-01
9.998174309730529785e-01
9.996925592422485352e-01
9.986960887908935547e-01
9.996089339256286621e-01
9.992222785949707031e-01
9.996988773345947266e-01
9.996780157089233398e-01
9.996540546417236328e-01
9.993882179260253906e-01
9.994095563888549805e-01
9.996790885925292969e-01
9.994841217994689941e-01
9.995201230049133301e-01
9.993773102760314941e-01
9.995262622833251953e-01
9.996752738952636719e-01
9.995048642158508301e-01
9.987758994102478027e-01
9.990543127059936523e-01
9.994427561759948730e-01
9.995902180671691895e-01
9.995249509811401367e-01
9.972523306496441364e-01
9.981240034103393555e-01
9.959256649017333984e-01
9.858142137527465820e-01
9.992362856864929199e-01
9.987575411796569824e-01
9.995170831680297852e-01
9.994932413101196289e-01
9.943202733993530273e-01
9.995194077491760254e-01
9.933164119720458984e-01
9.990476965904235840e-01
9.978843331336975098e-01
9.993776082992553711e-01
9.992474317550659180e-01
9.975408315658569336e-01
9.984394907951354980e-01
9.946783781051635742e-01
9.975161552429199219e-01
9.926359653472900391e-01
9.041299819946289062e-01
9.069658517837524414e-01
9.501980543136596680e-01
9.758038520812988281e-01
9.875164628028869629e-01
9.908234477043151855e-01
9.645809531211853027e-01
8.922091722488403320e-01
6.133648157119750977e-01
9.006123542785644531e-01
6.773197054862976074e-01
6.063938736915588379e-01
7.902125120162963867e-01
7.339862585067749023e-01
6.736074090003967285e-01
6.538593769073486328e-01
6.131522655487060547e-01
6.560529470443725586e-01
6.632609963417053223e-01
5.500258207321166992e-01
5.898781418800354004e-01
7.179654240608215332e-01
5.550234913825988770e-01
3.528077602386474609e-01
4.931376874446868896e-01
2.628560066223144531e-01
4.307078123092651367e-01
4.198807477951049805e-01
5.350834131240844727e-01
4.334917068481445312e-01
3.624986708164215088e-01
4.947896599769592285e-01
3.350678682327270508e-01
3.742584586143493652e-01
4.791905879974365234e-01
4.247520565986633301e-01
4.648118615150451660e-01
5.585027933120727539e-01
5.405367016792297363e-01
6.752279102802276611e-01
5.049625039100646973e-01
5.175174772739410400e-01
3.846389055252075195e-01
4.437562823295593262e-01
6.280869841575622559e-01
4.658879637718200684e-01
3.889617025852203369e-01
3.693077564239501953e-01
3.909614980220794678e-01
4.069904685020446777e-01
3.283708691596984863e-01
4.218705594539642334e-01
4.796675443649291992e-01
3.700588941574096680e-01
4.184992313385009766e-01
3.531852364540100098e-01
4.967474639415740967e-01
4.705456495285034180e-01
3.662949204444885254e-01
5.043521225452423096e-01
5.210391283035278320e-01
6.419708728790283203e-01
5.834966301918029785e-01
7.551833987236022949e-01
7.084386348724365234e-01
7.192316055297851562e-01
6.983905434608459473e-01
6.117188334465026855e-01
4.718282520771026611e-01
5.087623596191406250e-01
5.261456668376922607e-01
4.651563763618469238e-01
5.215771794319152832e-01
