9.961766004562377930e-01
9.970693588256835938e-01
4.997427463531494141e-01
5.682862997055053711e-01
9.958591461181640625e-01
9.985280632972717285e-01
6.148990988731384277e-01
6.979869604110717773e-01
9.952147006988525391e-01
9.967195391654968262e-01
9.970041513442993164e-01
9.995087981224060059e-01
9.998688101768493652e-01
9.998848438262939453e-01
9.987072944641113281e-01
9.982758164405822754e-01
9.994968175888061523e-01
9.998260140419006348e-01
9.998820424079895020e-01
9.633339047431945801e-01
9.978017807006835938e-01
9.996408820152282715e-01
9.998307824134826660e-01
9.998425841331481934e-01
9.999104738235473633e-01
9.999142885208129883e-01
9.999451041221618652e-01
9.999305605888366699e-01
9.998201131820678711e-01
9.998764395713806152e-01
9.999051690101623535e-01
9.999387264251708984e-01
9.999043941497802734e-01
9.998878240585327148e-01
9.999240040779113770e-01
9.999216794967651367e-01
9.999253153800964355e-01
9.997556805610656738e-01
9.997519254684448242e-01
9.917011857032775879e-01
9.965087175369262695e-01
9.997944235801696777e-01
7.560259699821472168e-01
9.994154572486877441e-01
9.831325411796569824e-01
2.884765267372131348e-01
8.012176156044006348e-01
9.965574741363525391e-01
7.945915460586547852e-01
9.967219829559326172e-01
9.671409726142883301e-01
9.769974946975708008e-01
9.819670319557189941e-01
9.942084550857543945e-01
9.996904730796813965e-01
9.787494540214538574e-01
9.968140125274658203e-01
9.997583627700805664e-01
9.995909929275512695e-01
9.996725320816040039e-01
9.996615648269653320e-01
9.997835159301757812e-01
9.998604059219360352e-01
9.994239211082458496e-01
9.998700618743896484e-01
9.985331892967224121e-01
9.982156753540039062e-01
9.992626905441284180e-01
9.992913603782653809e-01
9.997339844703674316e-01
9.997629523277282715e-01
9.939932823181152344e-01
9.987555146217346191e-01
9.997097253799438477e-01
9.954752326011657715e-01
9.979878067970275879e-01
9.996774792671203613e-01
9.971756935119628906e-01
9.977372288703918457e-01
8.864207267761230469e-01
8.471673429012298584e-01
9.988659024238586426e-01
9.994455575942993164e-01
9.993072152137756348e-01
9.998043179512023926e-01
9.375928044319152832e-01
9.973321557044982910e-01
9.991617202758789062e-01
9.992978572845458984e-01
9.992946982383728027e-01
9.993186593055725098e-01
9.994759559631347656e-01
9.995455145835876465e-01
9.868195056915283203e-01
9.989799857139587402e-01
9.973418712615966797e-01
9.965658187866210938e-01
9.989101290702819824e-01
9.989389777183532715e-01
9.387829899787902832e-01
9.918838739395141602e-01
9.994928836822509766e-01
9.995498061180114746e-01
9.993126988410949707e-01
9.995714426040649414e-01
9.994671940803527832e-01
9.997982382774353027e-01
9.993047714233398438e-01
8.759369850158691406e-01
9.920884966850280762e-01
9.648935198783874512e-01
9.991661310195922852e-01
9.990467429161071777e-01
9.995624423027038574e-01
9.996821880340576172e-01
9.995984435081481934e-01
9.926244616508483887e-01
9.992532134056091309e-01
9.982038140296936035e-01
9.997226595878601074e-01
9.997944831848144531e-01
8.123498558998107910e-01
9.870049357414245605e-01
9.965678453445434570e-01
9.271880388259887695e-01
8.599509149789810181e-01
9.928289651870727539e-01
9.970842599868774414e-01
9.862518906593322754e-01
9.273958802223205566e-01
9.791007041931152344e-01
9.749354720115661621e-01
9.178742170333862305e-01
7.554348111152648926e-01
8.229765444993972778e-01
9.922555685043334961e-01
9.839737415313720703e-01
9.982616901397705078e-01
9.956588149070739746e-01
9.915719032287597656e-01
9.894588589668273926e-01
9.955770969390869141e-01
9.944992065429687500e-01
9.962835907936096191e-01
9.938024878501892090e-01
9.369699954986572266e-01
9.688608050346374512e-01
6.612237691879272461e-01
9.152432084083557129e-01
7.183361649513244629e-01
6.851696372032165527e-01
6.537425518035888672e-01
8.546239733695983887e-01
9.463897347450256348e-01
8.569087386131286621e-01
9.117053747177124023e-01
8.713312149047851562e-01
9.063037037849426270e-01
6.503371596336364746e-01
9.271741509437561035e-01
9.550182819366455078e-01
8.818981647491455078e-01
9.710181951522827148e-01
7.322534918785095215e-01
8.364103436470031738e-01
4.791900217533111572e-01
7.634654045104980469e-01
6.229064166545867920e-01
4.272862672805786133e-01
7.875559329986572266e-01
3.463996052742004395e-01
4.743180274963378906e-01
8.630241900682449341e-01
6.576375961303710938e-01
7.135260403156280518e-01
7.138831615447998047e-01
8.164495229721069336e-01
6.183173060417175293e-01
6.402092576026916504e-01
6.156486868858337402e-01
6.257882118225097656e-01
6.073054969310760498e-01
7.838196754455566406e-01
5.021084845066070557e-01
6.022757887840270996e-01
5.523920655250549316e-01
5.340818464756011963e-01
4.281505942344665527e-01
4.540401697158813477e-01
6.432075500488281250e-01
4.052558839321136475e-01
4.510985612869262695e-01
4.330323338508605957e-01
4.331794381141662598e-01
3.264461159706115723e-01
4.299625158309936523e-01
6.306958198547363281e-01
4.484925270080566406e-01
6.280634105205535889e-01
6.270975470542907715e-01
7.585543990135192871e-01
5.799840688705444336e-01
5.597299933433532715e-01
3.621276319026947021e-01
5.078110694885253906e-01
3.928799629211425781e-01
4.485363364219665527e-01
4.344562292098999023e-01
4.098876118659973145e-01
4.466100335121154785e-01
4.327998757362365723e-01
3.801765143871307373e-01
4.801903665065765381e-01
5.581692159175872803e-01
4.401591420173645020e-01
6.068992614746093750e-01
6.313771009445190430e-01
5.047449469566345215e-01
5.220663845539093018e-01
5.685464143753051758e-01
4.743009805679321289e-01
5.952562689781188965e-01
5.988875031471252441e-01
5.904852151870727539e-01
4.460598230361938477e-01
5.095775127410888672e-01
5.107856988906860352e-01
4.089801013469696045e-01
5.192546844482421875e-01
4.893149733543395996e-01
3.990051746368408203e-01
4.528917074203491211e-01
