9.961766004562377930e-01
9.970693588256835938e-01
9.985863566398620605e-01
6.561008989810943604e-01
9.846214652061462402e-01
9.987663626670837402e-01
4.852566719055175781e-01
7.445484995841979980e-01
9.955805540084838867e-01
9.956941008567810059e-01
9.976858496665954590e-01
9.995087981224060059e-01
9.998688101768493652e-01
9.998847842216491699e-01
9.987072944641113281e-01
9.982871413230895996e-01
9.994984865188598633e-01
9.998257160186767578e-01
9.998814463615417480e-01
9.585264921188354492e-01
9.979286193847656250e-01
9.996428489685058594e-01
9.998295903205871582e-01
9.998399615287780762e-01
9.999109506607055664e-01
9.999142289161682129e-01
9.999448657035827637e-01
9.999305605888366699e-01
9.998197555541992188e-01
9.998757839202880859e-01
9.999055266380310059e-01
9.999178051948547363e-01
9.999440312385559082e-01
9.999418854713439941e-01
9.999035596847534180e-01
9.998966455459594727e-01
9.999222755432128906e-01
9.997323155403137207e-01
8.683731555938720703e-01
9.904291629791259766e-01
9.989987015724182129e-01
9.996576309204101562e-01
9.932143092155456543e-01
9.327992796897888184e-01
9.825701117515563965e-01
5.150876045227050781e-01
7.858385890722274780e-01
9.968463182449340820e-01
7.040547132492065430e-01
9.977597594261169434e-01
9.990393519401550293e-01
9.994336962699890137e-01
9.994859695434570312e-01
9.996322989463806152e-01
9.996432065963745117e-01
9.998582601547241211e-01
9.993760585784912109e-01
9.991944432258605957e-01
9.996617436408996582e-01
9.996362328529357910e-01
9.997017979621887207e-01
9.996787905693054199e-01
9.997926354408264160e-01
9.991778135299682617e-01
9.987779855728149414e-01
9.994522929191589355e-01
9.993481636047363281e-01
9.994866847991943359e-01
9.995063543319702148e-01
9.988938570022583008e-01
9.997747540473937988e-01
9.986017346382141113e-01
9.990082979202270508e-01
9.946879744529724121e-01
7.130453288555145264e-01
9.910534024238586426e-01
9.935199022293090820e-01
9.996110796928405762e-01
9.995340108871459961e-01
9.995023012161254883e-01
9.992777705192565918e-01
9.985654950141906738e-01
9.975739121437072754e-01
9.993720650672912598e-01
9.993126988410949707e-01
9.997304081916809082e-01
9.998089075088500977e-01
9.997977614402770996e-01
9.997471570968627930e-01
9.998314380645751953e-01
9.997310638427734375e-01
9.996053576469421387e-01
9.997186660766601562e-01
9.991250634193420410e-01
9.998092651367187500e-01
9.996198415756225586e-01
9.997762441635131836e-01
9.996066093444824219e-01
9.987785220146179199e-01
9.983397722244262695e-01
9.995957612991333008e-01
9.997518658638000488e-01
9.995389580726623535e-01
9.996679425239562988e-01
9.993520379066467285e-01
9.996320009231567383e-01
9.990087151527404785e-01
9.966627955436706543e-01
9.943734407424926758e-01
9.881907105445861816e-01
9.990636706352233887e-01
9.981596469879150391e-01
9.997900128364562988e-01
9.983031153678894043e-01
9.945797324180603027e-01
9.963033795356750488e-01
9.967797994613647461e-01
9.976953268051147461e-01
9.993604421615600586e-01
9.994211196899414062e-01
9.990379810333251953e-01
9.816808104515075684e-01
9.422917962074279785e-01
8.914376497268676758e-01
9.634809494018554688e-01
7.038888335227966309e-01
9.962713718414306641e-01
9.691547155380249023e-01
9.979302883148193359e-01
9.796106219291687012e-01
9.804412126541137695e-01
9.742520451545715332e-01
9.849126935005187988e-01
9.772077202796936035e-01
9.232615828514099121e-01
9.659833312034606934e-01
9.425039887428283691e-01
9.840555079281330109e-01
9.783552885055541992e-01
9.948179125785827637e-01
9.429419636726379395e-01
9.928796291351318359e-01
9.875716567039489746e-01
9.702696800231933594e-01
9.777539968490600586e-01
8.869773149490356445e-01
7.901965379714965820e-01
7.602619528770446777e-01
9.261018633842468262e-01
5.685818195343017578e-01
6.994445919990539551e-01
8.957771658897399902e-01
5.927883684635162354e-01
7.785108685493469238e-01
5.036190748214721680e-01
7.287463545799255371e-01
4.614058732986450195e-01
5.638509988784790039e-01
7.516744583845138550e-01
4.452962279319763184e-01
7.009706497192382812e-01
7.169682383537292480e-01
6.744997501373291016e-01
6.157678365707397461e-01
4.276046454906463623e-01
6.048497557640075684e-01
4.953395128250122070e-01
4.652413725852966309e-01
2.595390677452087402e-01
2.899263501167297363e-01
2.767164111137390137e-01
3.603163361549377441e-01
3.151981830596923828e-01
3.997342586517333984e-01
3.185089826583862305e-01
2.983090877532958984e-01
3.359816670417785645e-01
2.604357004165649414e-01
3.520866632461547852e-01
2.479982376098632812e-01
3.513797819614410400e-01
3.129916787147521973e-01
3.501657843589782715e-01
3.362082839012145996e-01
3.787367045879364014e-01
3.670308589935302734e-01
3.471747934818267822e-01
3.975470364093780518e-01
3.698790669441223145e-01
3.269084692001342773e-01
3.886251449584960938e-01
3.561597466468811035e-01
4.046825766563415527e-01
3.215543031692504883e-01
4.348219633102416992e-01
4.713902473449707031e-01
4.558633267879486084e-01
4.184041619300842285e-01
3.886243402957916260e-01
3.812302947044372559e-01
3.768188357353210449e-01
3.727409243583679199e-01
4.520949125289916992e-01
4.222093522548675537e-01
4.078495502471923828e-01
3.658218383789062500e-01
3.638644218444824219e-01
4.187933206558227539e-01
