9.961766004562377930e-01
9.970693588256835938e-01
9.985863566398620605e-01
6.561009287834167480e-01
9.846214652061462402e-01
9.987663626670837402e-01
4.852566421031951904e-01
7.445484995841979980e-01
9.955805540084838867e-01
9.956941008567810059e-01
9.976858496665954590e-01
9.995087981224060059e-01
9.998688101768493652e-01
9.988949298858642578e-01
9.980537891387939453e-01
9.995019435882568359e-01
9.994032979011535645e-01
9.998383522033691406e-01
9.998545050621032715e-01
9.998666644096374512e-01
9.991444349288940430e-01
9.982780814170837402e-01
9.998444914817810059e-01
9.998291730880737305e-01
9.999231100082397461e-01
9.999374747276306152e-01
9.999392628669738770e-01
9.999349117279052734e-01
9.998197555541992188e-01
9.998757839202880859e-01
9.999055266380310059e-01
9.999083876609802246e-01
9.999440312385559082e-01
9.998990893363952637e-01
9.998912811279296875e-01
9.999257326126098633e-01
9.999186992645263672e-01
9.997813701629638672e-01
9.997540116310119629e-01
9.997574687004089355e-01
9.972718358039855957e-01
9.776946306228637695e-01
9.918875694274902344e-01
9.991800785064697266e-01
9.995966553688049316e-01
9.986716508865356445e-01
8.566111922264099121e-01
9.843637943267822266e-01
7.667621374130249023e-01
9.959854483604431152e-01
9.989547729492187500e-01
9.991348981857299805e-01
9.992830753326416016e-01
9.994028210639953613e-01
9.996507167816162109e-01
9.998596906661987305e-01
9.993720650672912598e-01
9.991918206214904785e-01
9.996703863143920898e-01
9.996492862701416016e-01
9.996986389160156250e-01
9.996832013130187988e-01
9.997960925102233887e-01
9.991888403892517090e-01
9.987751245498657227e-01
9.994476437568664551e-01
9.993747472763061523e-01
9.992947578430175781e-01
9.988878369331359863e-01
9.990555047988891602e-01
9.995771050453186035e-01
9.987646341323852539e-01
9.965327382087707520e-01
9.990015029907226562e-01
9.988790750503540039e-01
9.970642924308776855e-01
9.919375777244567871e-01
9.991050362586975098e-01
9.994220733642578125e-01
9.992240667343139648e-01
8.904618024826049805e-01
9.924581646919250488e-01
9.990754723548889160e-01
9.992850422859191895e-01
9.994164705276489258e-01
9.997279644012451172e-01
9.997580051422119141e-01
9.998051524162292480e-01
9.995762705802917480e-01
9.998391270637512207e-01
9.997618198394775391e-01
9.998543262481689453e-01
9.997188448905944824e-01
9.993646144866943359e-01
9.994836449623107910e-01
9.979946017265319824e-01
9.996265769004821777e-01
9.989922642707824707e-01
9.995354413986206055e-01
9.994747042655944824e-01
9.994000196456909180e-01
9.986404180526733398e-01
9.995346069335937500e-01
9.998408555984497070e-01
9.992410540580749512e-01
9.996574521064758301e-01
9.992713928222656250e-01
9.975635409355163574e-01
9.961039423942565918e-01
9.935774207115173340e-01
9.914757013320922852e-01
9.959436655044555664e-01
9.990823864936828613e-01
9.996825456619262695e-01
9.981591701507568359e-01
9.917241930961608887e-01
9.979421496391296387e-01
9.953920245170593262e-01
9.990429282188415527e-01
9.984254837036132812e-01
9.995049238204956055e-01
9.995554089546203613e-01
9.991593956947326660e-01
9.983843564987182617e-01
9.419508576393127441e-01
7.535404562950134277e-01
9.356999993324279785e-01
9.962424039840698242e-01
8.211635947227478027e-01
9.638349413871765137e-01
8.994003534317016602e-01
7.713223695755004883e-01
8.800206184387207031e-01
8.941232562065124512e-01
9.764763712882995605e-01
9.941065311431884766e-01
9.943998456001281738e-01
9.963632822036743164e-01
9.941049218177795410e-01
9.775992631912231445e-01
9.962233304977416992e-01
9.694373011589050293e-01
9.886761903762817383e-01
9.912254810333251953e-01
9.891241192817687988e-01
9.857153892517089844e-01
9.677921533584594727e-01
9.335368275642395020e-01
8.686311841011047363e-01
4.415205121040344238e-01
4.686724543571472168e-01
5.451273918151855469e-01
9.408484101295471191e-01
6.862332820892333984e-01
8.414670228958129883e-01
6.591158509254455566e-01
8.129024505615234375e-01
6.141536831855773926e-01
7.075055241584777832e-01
7.292773723602294922e-01
7.710312008857727051e-01
6.868582069873809814e-01
7.290758490562438965e-01
7.848029285669326782e-01
7.809224724769592285e-01
6.712164282798767090e-01
5.752299427986145020e-01
5.378048121929168701e-01
5.213280320167541504e-01
2.963057458400726318e-01
3.750974237918853760e-01
3.803661465644836426e-01
5.483582615852355957e-01
3.714051842689514160e-01
4.986750483512878418e-01
4.669288992881774902e-01
5.174660384654998779e-01
3.597129583358764648e-01
2.978936731815338135e-01
4.050592184066772461e-01
3.866731524467468262e-01
4.172164201736450195e-01
3.470126092433929443e-01
5.130535960197448730e-01
5.073668360710144043e-01
4.442954957485198975e-01
4.528979063034057617e-01
3.500882387161254883e-01
4.242672920227050781e-01
3.585701584815979004e-01
3.447805047035217285e-01
4.358424544334411621e-01
4.569834470748901367e-01
4.905316233634948730e-01
4.575774669647216797e-01
4.202236533164978027e-01
4.374395608901977539e-01
3.939011693000793457e-01
4.624898731708526611e-01
4.661732017993927002e-01
4.637531936168670654e-01
4.461215734481811523e-01
3.765671849250793457e-01
3.492599725723266602e-01
3.968156874179840088e-01
3.971877098083496094e-01
3.579372167587280273e-01
4.032944440841674805e-01
4.447878003120422363e-01
3.661178350448608398e-01
3.595674633979797363e-01
3.772829771041870117e-01
4.344033896923065186e-01
4.196423590183258057e-01
4.217103719711303711e-01
