9.961766004562377930e-01
9.970693588256835938e-01
9.985863566398620605e-01
6.561009287834167480e-01
9.846214652061462402e-01
9.987663626670837402e-01
4.852566719055175781e-01
7.445484995841979980e-01
9.955805540084838867e-01
9.956941008567810059e-01
9.976858496665954590e-01
9.995087981224060059e-01
9.998688101768493652e-01
9.998847842216491699e-01
9.987072944641113281e-01
9.982871413230895996e-01
9.994984865188598633e-01
9.998257160186767578e-01
9.998814463615417480e-01
9.585264921188354492e-01
9.979286193847656250e-01
9.996428489685058594e-01
9.998295903205871582e-01
9.998399615287780762e-01
9.999109506607055664e-01
9.999142289161682129e-01
9.999448657035827637e-01
9.999305605888366699e-01
9.998197555541992188e-01
9.998757839202880859e-01
9.999055266380310059e-01
9.999178051948547363e-01
9.999440312385559082e-01
9.999418854713439941e-01
9.999035596847534180e-01
9.998966455459594727e-01
9.999222755432128906e-01
9.997323155403137207e-01
8.683731555938720703e-01
9.904291629791259766e-01
9.989987015724182129e-01
9.996576309204101562e-01
9.932143092155456543e-01
9.327992796897888184e-01
9.825701117515563965e-01
9.992966055870056152e-01
7.164712548255920410e-01
9.923341679386794567e-01
7.274622321128845215e-01
9.974650740623474121e-01
9.385449886322021484e-01
9.674761295318603516e-01
9.866749644279479980e-01
9.886443614959716797e-01
9.994888901710510254e-01
9.997543692588806152e-01
9.976770281791687012e-01
9.995014071464538574e-01
9.996306300163269043e-01
9.996096491813659668e-01
9.996784329414367676e-01
9.996610283851623535e-01
9.997818470001220703e-01
9.990498423576354980e-01
9.986323118209838867e-01
9.996703863143920898e-01
9.995981454849243164e-01
9.991033077239990234e-01
9.997208118438720703e-01
9.996680021286010742e-01
9.995393753051757812e-01
9.997774362564086914e-01
9.995116591453552246e-01
9.860143661499023438e-01
9.967327117919921875e-01
9.980998039245605469e-01
9.992633461952209473e-01
9.987868070602416992e-01
9.997854232788085938e-01
9.992117285728454590e-01
9.995418787002563477e-01
9.920341968536376953e-01
9.970560669898986816e-01
9.431179165840148926e-01
9.534254670143127441e-01
9.989535808563232422e-01
9.998275637626647949e-01
9.996658563613891602e-01
9.997898936271667480e-01
9.996275305747985840e-01
9.997457861900329590e-01
9.994138479232788086e-01
9.998568892478942871e-01
9.995144605636596680e-01
9.992301464080810547e-01
9.998156428337097168e-01
9.996388554573059082e-01
9.997154474258422852e-01
9.962558150291442871e-01
9.993121623992919922e-01
9.991732835769653320e-01
9.996637701988220215e-01
9.994182586669921875e-01
9.989768266677856445e-01
9.993419647216796875e-01
9.993768930435180664e-01
9.973710179328918457e-01
9.993426203727722168e-01
9.977394938468933105e-01
9.994918704032897949e-01
9.993854165077209473e-01
9.996313452720642090e-01
9.972970485687255859e-01
9.996491074562072754e-01
6.913002133369445801e-01
9.866926670074462891e-01
9.984393715858459473e-01
9.989740252494812012e-01
9.996443390846252441e-01
9.977749586105346680e-01
9.968644380569458008e-01
9.863339662551879883e-01
3.815468549728393555e-01
9.592975378036499023e-01
9.988505840301513672e-01
7.551958560943603516e-01
9.678241610527038574e-01
9.741208553314208984e-01
9.930684566497802734e-01
9.992886185646057129e-01
8.012568354606628418e-01
9.515632390975952148e-01
9.496886134147644043e-01
9.959132075309753418e-01
9.603899717330932617e-01
7.008153200149536133e-01
9.945425987243652344e-01
9.864099621772766113e-01
6.637102365493774414e-01
9.943051338195800781e-01
9.960912466049194336e-01
9.922716021537780762e-01
9.972739815711975098e-01
9.696046710014343262e-01
9.875198006629943848e-01
9.261407256126403809e-01
9.447407722473144531e-01
9.201925992965698242e-01
8.784944415092468262e-01
6.259862184524536133e-01
7.331454753875732422e-01
7.416247725486755371e-01
8.113853931427001953e-01
8.096761703491210938e-01
7.979443669319152832e-01
7.673341631889343262e-01
7.421526312828063965e-01
6.023332476615905762e-01
6.518759429454803467e-01
8.959423750638961792e-01
6.913534998893737793e-01
9.068056941032409668e-01
8.212039470672607422e-01
8.738703131675720215e-01
4.177557826042175293e-01
7.300073504447937012e-01
5.742590427398681641e-01
6.870778799057006836e-01
6.675493717193603516e-01
6.709982156753540039e-01
5.131109952926635742e-01
5.397401154041290283e-01
2.873277664184570312e-01
4.274491667747497559e-01
5.497259497642517090e-01
4.708476066589355469e-01
3.777386844158172607e-01
5.148863792419433594e-01
2.576732039451599121e-01
4.349655210971832275e-01
2.492643594741821289e-01
5.172075033187866211e-01
3.437737822532653809e-01
3.062782883644104004e-01
3.896484076976776123e-01
3.376716375350952148e-01
3.285386562347412109e-01
3.890325427055358887e-01
5.073012709617614746e-01
4.063128829002380371e-01
4.198265671730041504e-01
2.706337869167327881e-01
3.703179955482482910e-01
3.515632152557373047e-01
4.635511636734008789e-01
4.127762615680694580e-01
4.663769602775573730e-01
4.022476971149444580e-01
4.379336833953857422e-01
5.347846746444702148e-01
5.394594073295593262e-01
5.239233076572418213e-01
5.983061194419860840e-01
4.247045516967773438e-01
4.791486859321594238e-01
4.421944618225097656e-01
3.807744383811950684e-01
3.055137395858764648e-01
4.297500252723693848e-01
3.888454437255859375e-01
3.695100545883178711e-01
4.151892662048339844e-01
3.742147982120513916e-01
3.989198803901672363e-01
4.167174398899078369e-01
4.591940641403198242e-01
4.429943859577178955e-01
3.963057398796081543e-01
3.569358587265014648e-01
3.579823672771453857e-01
3.756253719329833984e-01
3.065129518508911133e-01
