9.961766004562377930e-01
9.970693588256835938e-01
9.985863566398620605e-01
6.561008989810943604e-01
9.846214652061462402e-01
9.987663626670837402e-01
4.852566719055175781e-01
7.445484995841979980e-01
9.955805540084838867e-01
9.956941008567810059e-01
9.976858496665954590e-01
9.995087981224060059e-01
9.998688101768493652e-01
9.998847842216491699e-01
9.987072944641113281e-01
9.982871413230895996e-01
9.994984865188598633e-01
9.998257160186767578e-01
9.998814463615417480e-01
9.585264921188354492e-01
9.979286193847656250e-01
9.996428489685058594e-01
9.998295903205871582e-01
9.998399615287780762e-01
9.999109506607055664e-01
9.999142289161682129e-01
9.999448657035827637e-01
9.999305605888366699e-01
9.998197555541992188e-01
9.998757839202880859e-01
9.999055266380310059e-01
9.999178051948547363e-01
9.999440312385559082e-01
9.998990893363952637e-01
9.998912811279296875e-01
9.999257326126098633e-01
9.999186992645263672e-01
9.997813701629638672e-01
8.393104076385498047e-01
9.897111058235168457e-01
9.991409778594970703e-01
9.996076822280883789e-01
9.928505420684814453e-01
9.327992796897888184e-01
9.822835326194763184e-01
9.993039369583129883e-01
7.147241234779357910e-01
9.923343062400817871e-01
7.268616557121276855e-01
9.974650740623474121e-01
9.988610148429870605e-01
9.993686079978942871e-01
9.995655417442321777e-01
9.994204044342041016e-01
9.996454715728759766e-01
9.998575448989868164e-01
9.998505711555480957e-01
9.993821382522583008e-01
9.992074370384216309e-01
9.996731877326965332e-01
9.996411800384521484e-01
9.996971487998962402e-01
9.998081326484680176e-01
9.989764690399169922e-01
9.989032745361328125e-01
9.995771050453186035e-01
9.990051388740539551e-01
9.996650218963623047e-01
9.982781410217285156e-01
9.996331334114074707e-01
9.996028542518615723e-01
9.962877631187438965e-01
9.994091391563415527e-01
9.988084435462951660e-01
9.971189498901367188e-01
9.991130828857421875e-01
9.980533719062805176e-01
9.993900060653686523e-01
9.998347163200378418e-01
9.995419383049011230e-01
9.997192621231079102e-01
9.996706843376159668e-01
9.997352957725524902e-01
9.997830986976623535e-01
9.996702671051025391e-01
9.997412562370300293e-01
9.996705055236816406e-01
9.997560381889343262e-01
9.998033642768859863e-01
9.997632503509521484e-01
9.997614026069641113e-01
9.996827244758605957e-01
9.998103976249694824e-01
9.981725811958312988e-01
9.995102882385253906e-01
9.967942833900451660e-01
9.996390342712402344e-01
9.995329976081848145e-01
9.969376325607299805e-01
9.954612255096435547e-01
9.968742132186889648e-01
9.989550709724426270e-01
9.972367286682128906e-01
9.980972409248352051e-01
9.957221746444702148e-01
9.991083741188049316e-01
9.975253343582153320e-01
9.878342747688293457e-01
9.806146025657653809e-01
9.963245391845703125e-01
9.963331818580627441e-01
9.981532096862792969e-01
9.996680021286010742e-01
9.984964728355407715e-01
9.981290102005004883e-01
9.966390728950500488e-01
9.987021684646606445e-01
9.987820386886596680e-01
9.996084570884704590e-01
9.996618628501892090e-01
9.988628029823303223e-01
9.971764683723449707e-01
9.823870062828063965e-01
9.851018786430358887e-01
9.742839336395263672e-01
9.813446402549743652e-01
6.104666590690612793e-01
8.738603591918945312e-01
9.753648638725280762e-01
8.341187834739685059e-01
8.963704109191894531e-01
8.520435094833374023e-01
9.291732907295227051e-01
8.976017236709594727e-01
9.522781372070312500e-01
9.559585452079772949e-01
9.161756634712219238e-01
9.150679111480712891e-01
9.440319538116455078e-01
9.070576429367065430e-01
7.645553350448608398e-01
9.590117931365966797e-01
9.515522122383117676e-01
9.326175451278686523e-01
9.176763296127319336e-01
7.709258049726486206e-01
5.512862205505371094e-01
7.518184781074523926e-01
6.379004716873168945e-01
5.006809830665588379e-01
7.225793004035949707e-01
6.553319096565246582e-01
5.917950570583343506e-01
4.559556841850280762e-01
5.695163011550903320e-01
5.149723589420318604e-01
2.701219320297241211e-01
4.041022658348083496e-01
5.825399756431579590e-01
4.327182769775390625e-01
3.656227588653564453e-01
3.040536046028137207e-01
3.622523248195648193e-01
3.192011117935180664e-01
3.036558032035827637e-01
3.551333546638488770e-01
2.496989667415618896e-01
3.271660208702087402e-01
3.347762823104858398e-01
2.353193759918212891e-01
2.832368016242980957e-01
3.230096697807312012e-01
2.336858510971069336e-01
3.837444782257080078e-01
3.152056932449340820e-01
2.974293828010559082e-01
2.966457605361938477e-01
2.152997851371765137e-01
2.251501083374023438e-01
2.297102808952331543e-01
2.141619920730590820e-01
2.355769276618957520e-01
2.717496752738952637e-01
2.367959022521972656e-01
2.289751172065734863e-01
3.203649520874023438e-01
4.035752415657043457e-01
4.313897192478179932e-01
4.279240369796752930e-01
4.904040694236755371e-01
3.780461549758911133e-01
4.001917541027069092e-01
3.737996220588684082e-01
4.491285085678100586e-01
3.096144199371337891e-01
4.640081524848937988e-01
4.736019074916839600e-01
4.944010972976684570e-01
4.594008028507232666e-01
5.626127123832702637e-01
5.222160816192626953e-01
5.665453374385833740e-01
6.067349016666412354e-01
4.797643423080444336e-01
5.230012536048889160e-01
4.619832038879394531e-01
4.915640950202941895e-01
4.985936284065246582e-01
