9.961766004562377930e-01
9.970693588256835938e-01
9.985863566398620605e-01
6.561009287834167480e-01
9.846214652061462402e-01
9.987663626670837402e-01
4.852566421031951904e-01
7.445484995841979980e-01
9.955805540084838867e-01
9.956940179690718651e-01
9.976858496665954590e-01
9.995087981224060059e-01
9.998688101768493652e-01
9.998847842216491699e-01
9.987072944641113281e-01
9.982871413230895996e-01
9.994984865188598633e-01
9.998257160186767578e-01
9.998814463615417480e-01
9.585264921188354492e-01
9.979286193847656250e-01
9.996428489685058594e-01
9.998295903205871582e-01
9.998399615287780762e-01
9.999109506607055664e-01
9.999142289161682129e-01
9.999448657035827637e-01
9.999305605888366699e-01
9.999287724494934082e-01
9.998864531517028809e-01
9.998669624328613281e-01
9.999229907989501953e-01
9.999395012855529785e-01
9.999026060104370117e-01
9.998983144760131836e-01
9.999214410781860352e-01
9.999217987060546875e-01
9.997813701629638672e-01
8.393104076385498047e-01
9.897111058235168457e-01
9.991150498390197754e-01
9.996076822280883789e-01
9.929710626602172852e-01
9.913960695266723633e-01
9.996252655982971191e-01
9.996290206909179688e-01
9.991353154182434082e-01
9.997648596763610840e-01
9.952457547187805176e-01
9.994524717330932617e-01
9.974598288536071777e-01
8.463193178176879883e-01
9.555440545082092285e-01
9.964582920074462891e-01
9.993682503700256348e-01
9.997421503067016602e-01
9.997313022613525391e-01
9.983059763908386230e-01
9.995194077491760254e-01
9.996448159217834473e-01
9.996296167373657227e-01
9.996814131736755371e-01
9.997994303703308105e-01
9.997900724411010742e-01
9.991270303726196289e-01
9.986965656280517578e-01
9.996669888496398926e-01
9.996094703674316406e-01
9.993773698806762695e-01
9.996274113655090332e-01
9.998294711112976074e-01
9.998408555984497070e-01
9.997629523277282715e-01
9.361491203308105469e-01
9.910450577735900879e-01
9.899629354476928711e-01
9.930892586708068848e-01
9.991315603256225586e-01
9.994103908538818359e-01
9.996954202651977539e-01
9.997361898422241211e-01
9.994586706161499023e-01
9.997460246086120605e-01
9.996495842933654785e-01
9.997038841247558594e-01
9.997010231018066406e-01
9.996485710144042969e-01
9.996932744979858398e-01
9.995866417884826660e-01
9.995049238204956055e-01
9.992995262145996094e-01
9.997603893280029297e-01
9.996563196182250977e-01
9.996126890182495117e-01
9.993230104446411133e-01
9.995032548904418945e-01
9.997241497039794922e-01
9.991974234580993652e-01
9.984363913536071777e-01
9.997182488441467285e-01
9.993159770965576172e-01
9.994744658470153809e-01
9.995203614234924316e-01
9.995159506797790527e-01
9.991691112518310547e-01
9.898239970207214355e-01
9.937261343002319336e-01
9.962355494499206543e-01
9.990693926811218262e-01
9.991432428359985352e-01
9.996790885925292969e-01
9.994642734527587891e-01
9.992808103561401367e-01
9.940274357795715332e-01
9.989356398582458496e-01
9.985377192497253418e-01
9.981726408004760742e-01
9.997275471687316895e-01
9.994423389434814453e-01
9.993817806243896484e-01
9.988948702812194824e-01
9.271536469459533691e-01
8.563269376754760742e-01
9.685288667678833008e-01
8.943477272987365723e-01
8.497662544250488281e-01
9.883620142936706543e-01
6.985353231430053711e-01
8.968148231506347656e-01
7.225949764251708984e-01
4.982051849365234375e-01
7.669109106063842773e-01
3.240932822227478027e-01
6.684725284576416016e-01
9.621681571006774902e-01
8.074619174003601074e-01
8.590933680534362793e-01
8.779546618461608887e-01
9.419292807579040527e-01
8.774428367614746094e-01
9.560778141021728516e-01
8.170853853225708008e-01
9.275460243225097656e-01
6.261088848114013672e-01
9.147964119911193848e-01
3.049602508544921875e-01
8.481451869010925293e-01
5.301652550697326660e-01
8.566639423370361328e-01
6.094158887863159180e-01
7.808879911899566650e-01
4.487400650978088379e-01
3.791396319866180420e-01
3.464348912239074707e-01
3.042193055152893066e-01
3.771483302116394043e-01
5.337135195732116699e-01
2.947301566600799561e-01
4.910906255245208740e-01
3.954639434814453125e-01
4.224013090133666992e-01
4.143239557743072510e-01
3.876599669456481934e-01
2.878707051277160645e-01
4.416476488113403320e-01
2.936896979808807373e-01
4.486219882965087891e-01
3.470932841300964355e-01
4.436671435832977295e-01
2.575131654739379883e-01
3.765989542007446289e-01
3.558644950389862061e-01
2.723056077957153320e-01
4.591493606567382812e-01
3.161786794662475586e-01
3.641089797019958496e-01
3.867885470390319824e-01
3.234277069568634033e-01
2.687715291976928711e-01
2.886117398738861084e-01
1.850791275501251221e-01
2.734599113464355469e-01
2.343311607837677002e-01
1.988123655319213867e-01
2.870390713214874268e-01
2.772331237792968750e-01
3.010101318359375000e-01
4.371877908706665039e-01
3.655176162719726562e-01
4.047695398330688477e-01
3.156341910362243652e-01
3.631175756454467773e-01
4.316783845424652100e-01
5.057045817375183105e-01
4.628829360008239746e-01
3.418613374233245850e-01
4.163306653499603271e-01
3.822755217552185059e-01
3.580382764339447021e-01
3.885228037834167480e-01
4.792189896106719971e-01
4.851651191711425781e-01
5.220537781715393066e-01
4.252044558525085449e-01
3.898397088050842285e-01
3.562268018722534180e-01
3.944273591041564941e-01
4.673581719398498535e-01
