9.961766004562377930e-01
9.970693588256835938e-01
9.985863566398620605e-01
6.561009287834167480e-01
9.846214652061462402e-01
9.987663626670837402e-01
4.852566719055175781e-01
7.445484995841979980e-01
9.955805540084838867e-01
9.956941008567810059e-01
9.976858496665954590e-01
9.995087981224060059e-01
9.998688101768493652e-01
9.998847842216491699e-01
9.987072944641113281e-01
9.982871413230895996e-01
9.994984865188598633e-01
9.998257160186767578e-01
9.998814463615417480e-01
9.585264921188354492e-01
9.979286193847656250e-01
9.996428489685058594e-01
9.998295903205871582e-01
9.998399615287780762e-01
9.999109506607055664e-01
9.999142289161682129e-01
9.999448657035827637e-01
9.999305605888366699e-01
9.998197555541992188e-01
9.998757839202880859e-01
9.999055266380310059e-01
9.999178051948547363e-01
9.999440312385559082e-01
9.999418854713439941e-01
9.999035596847534180e-01
9.998966455459594727e-01
9.999222755432128906e-01
9.997323155403137207e-01
8.683731555938720703e-01
9.902617931365966797e-01
9.990102052688598633e-01
9.996576309204101562e-01
9.930981993675231934e-01
5.615967512130737305e-01
9.854855537414550781e-01
9.993630051612854004e-01
7.573045492172241211e-01
9.923343062400817871e-01
7.492859065532684326e-01
9.977213740348815918e-01
9.473106861114501953e-01
9.699543118476867676e-01
9.861186742782592773e-01
9.893103837966918945e-01
9.994938373565673828e-01
9.997545480728149414e-01
9.996975064277648926e-01
9.995823502540588379e-01
9.991193413734436035e-01
9.996530413627624512e-01
9.996087551116943359e-01
9.996705651283264160e-01
9.998046755790710449e-01
9.979673027992248535e-01
9.994509816169738770e-01
9.992622137069702148e-01
9.996492862701416016e-01
9.992164969444274902e-01
9.989427328109741211e-01
9.995727539062500000e-01
9.997999072074890137e-01
9.996385574340820312e-01
9.995865821838378906e-01
9.997540116310119629e-01
9.991741776466369629e-01
7.535726428031921387e-01
9.589648842811584473e-01
9.975186586380004883e-01
9.958053231239318848e-01
9.994823932647705078e-01
9.983327984809875488e-01
9.996384382247924805e-01
9.993587732315063477e-01
8.442332744598388672e-01
8.920832276344299316e-01
9.996253848075866699e-01
9.997479915618896484e-01
9.997829794883728027e-01
9.995357990264892578e-01
9.997044205665588379e-01
9.986188411712646484e-01
9.888541698455810547e-01
9.997223019599914551e-01
9.993343949317932129e-01
9.996495842933654785e-01
9.993909597396850586e-01
9.988944530487060547e-01
9.997375011444091797e-01
9.994449019432067871e-01
9.997670650482177734e-01
9.991158843040466309e-01
9.981064796447753906e-01
9.998229146003723145e-01
9.997477531433105469e-01
9.991666674613952637e-01
8.571663498878479004e-01
2.249943614006042480e-01
9.991835355758666992e-01
9.945362806320190430e-01
9.616013765335083008e-01
8.916510343551635742e-01
9.500175714492797852e-01
8.476316332817077637e-01
9.983153343200683594e-01
9.988217353820800781e-01
9.997208118438720703e-01
9.998135566711425781e-01
9.293632507324218750e-01
9.962402582168579102e-01
9.891949892044067383e-01
9.991713762283325195e-01
9.541437625885009766e-01
8.706722855567932129e-01
8.757953643798828125e-01
9.791150689125061035e-01
9.986570477485656738e-01
9.670404195785522461e-01
9.205692410469055176e-01
9.483644962310791016e-01
9.681640863418579102e-01
8.598092794418334961e-01
9.778983592987060547e-01
6.691178381443023682e-01
5.839779973030090332e-01
5.834671258926391602e-01
9.486875534057617188e-01
9.769453406333923340e-01
9.894508719444274902e-01
9.741506576538085938e-01
8.854897692799568176e-01
9.460409283638000488e-01
9.684660434722900391e-01
9.842498898506164551e-01
7.608795166015625000e-01
9.694510698318481445e-01
9.014428257942199707e-01
7.495615482330322266e-01
8.857328891754150391e-01
8.135088086128234863e-01
8.068913370370864868e-01
6.628905534744262695e-01
6.399053335189819336e-01
4.814800322055816650e-01
6.444463729858398438e-01
3.864521384239196777e-01
6.965282559394836426e-01
5.465094745159149170e-01
4.505509436130523682e-01
8.219214081764221191e-01
7.290520668029785156e-01
6.908953785896301270e-01
7.903895378112792969e-01
8.333751559257507324e-01
9.045187830924987793e-01
7.383710741996765137e-01
5.216029286384582520e-01
5.296738445758819580e-01
2.423953413963317871e-01
2.899282574653625488e-01
4.244381487369537354e-01
4.244517087936401367e-01
6.275670528411865234e-01
5.393921136856079102e-01
5.455875396728515625e-01
4.663248062133789062e-01
4.976963996887207031e-01
4.819211661815643311e-01
4.621548652648925781e-01
3.617758154869079590e-01
4.013180434703826904e-01
2.713150978088378906e-01
5.341060161590576172e-01
3.963628411293029785e-01
3.554409444332122803e-01
2.852180004119873047e-01
3.273284435272216797e-01
2.819533348083496094e-01
4.876697361469268799e-01
3.899132013320922852e-01
3.771973848342895508e-01
3.757687807083129883e-01
4.771733582019805908e-01
4.436298012733459473e-01
4.713669419288635254e-01
5.368877053260803223e-01
6.244031786918640137e-01
5.497520565986633301e-01
5.750990509986877441e-01
5.588501095771789551e-01
5.321790575981140137e-01
6.102465987205505371e-01
5.058615803718566895e-01
4.894337654113769531e-01
4.627056717872619629e-01
3.786137104034423828e-01
3.897241950035095215e-01
4.119867384433746338e-01
