9.961766004562377930e-01
9.970693588256835938e-01
9.985863566398620605e-01
9.985475540161132812e-01
9.996557831764221191e-01
9.997925162315368652e-01
9.997665286064147949e-01
9.977559447288513184e-01
9.526036977767944336e-01
9.865272045135498047e-01
9.954460263252258301e-01
9.994695186614990234e-01
9.998782873153686523e-01
9.986348748207092285e-01
9.983296990394592285e-01
9.995701909065246582e-01
9.994032979011535645e-01
9.998399615287780762e-01
9.998552799224853516e-01
9.998674392700195312e-01
9.990633130073547363e-01
9.981633424758911133e-01
9.995137453079223633e-01
9.998294711112976074e-01
9.999225735664367676e-01
9.999373555183410645e-01
9.998974800109863281e-01
9.999075531959533691e-01
9.999225735664367676e-01
9.999395608901977539e-01
9.998909831047058105e-01
9.998785853385925293e-01
9.999203681945800781e-01
9.999205470085144043e-01
9.999247193336486816e-01
9.999168515205383301e-01
9.999395012855529785e-01
9.996351003646850586e-01
9.994601607322692871e-01
9.997451901435852051e-01
9.895422458648681641e-01
9.993917942047119141e-01
9.817139506340026855e-01
9.971637725830078125e-01
9.997887611389160156e-01
9.997735619544982910e-01
9.984302520751953125e-01
8.405891060829162598e-01
5.394905805587768555e-01
9.230103492736816406e-01
9.756184220314025879e-01
9.994001984596252441e-01
9.715427160263061523e-01
9.967787861824035645e-01
9.981067776679992676e-01
9.997286796569824219e-01
9.996569752693176270e-01
9.996375441551208496e-01
9.996343851089477539e-01
9.998561143875122070e-01
9.993098974227905273e-01
9.991422891616821289e-01
9.996390342712402344e-01
9.995710253715515137e-01
9.989463686943054199e-01
9.997205734252929688e-01
9.998375177383422852e-01
9.973106384277343750e-01
9.987724423408508301e-01
9.983390569686889648e-01
9.992431998252868652e-01
9.977368712425231934e-01
9.994263648986816406e-01
9.990529417991638184e-01
9.996574521064758301e-01
9.997331500053405762e-01
7.393004894256591797e-01
4.927304387092590332e-01
9.063581228256225586e-01
9.846178293228149414e-01
9.939977526664733887e-01
9.996300339698791504e-01
9.993508458137512207e-01
9.995974898338317871e-01
9.727134704589843750e-01
7.320262789726257324e-01
9.956098198890686035e-01
9.931137561798095703e-01
9.964293837547302246e-01
9.995892047882080078e-01
9.995458126068115234e-01
9.997813105583190918e-01
9.993847608566284180e-01
9.951147437095642090e-01
9.861572980880737305e-01
9.883381724357604980e-01
9.996656775474548340e-01
9.995815157890319824e-01
9.995466470718383789e-01
9.997363090515136719e-01
9.997892379760742188e-01
9.998157024383544922e-01
9.995953440666198730e-01
9.998698830604553223e-01
9.997704625129699707e-01
9.998882412910461426e-01
9.967228174209594727e-01
6.913419365882873535e-01
6.057955026626586914e-01
9.537530541419982910e-01
9.987451434135437012e-01
9.995749592781066895e-01
8.319953680038452148e-01
7.075852453708648682e-01
9.208900928497314453e-01
9.983463287353515625e-01
9.988967180252075195e-01
9.978512525558471680e-01
9.996142387390136719e-01
9.997660517692565918e-01
9.979406595230102539e-01
9.993301033973693848e-01
8.988351821899414062e-01
9.230815172195434570e-01
9.619765877723693848e-01
9.994367957115173340e-01
9.427587985992431641e-01
9.588093161582946777e-01
7.587937712669372559e-01
9.252011850476264954e-01
9.972835779190063477e-01
9.635195732116699219e-01
6.396610736846923828e-01
9.951570630073547363e-01
9.946264624595642090e-01
9.286562204360961914e-01
9.319195151329040527e-01
8.480140566825866699e-01
8.165313005447387695e-01
9.871335625648498535e-01
9.727424383163452148e-01
9.597385860979557037e-01
9.970415830612182617e-01
9.220634698867797852e-01
9.570389389991760254e-01
7.074259519577026367e-01
9.583201408386230469e-01
4.707902669906616211e-01
9.826466441154479980e-01
2.773482799530029297e-01
5.714667737483978271e-01
4.682358503341674805e-01
5.710119009017944336e-01
3.359701037406921387e-01
5.687233209609985352e-01
8.665124177932739258e-01
7.602842450141906738e-01
8.862243294715881348e-01
9.551403932273387909e-01
8.975044488906860352e-01
8.625794053077697754e-01
8.504672050476074219e-01
9.597017765045166016e-01
8.733431100845336914e-01
9.615793228149414062e-01
9.791722893714904785e-01
9.869413971900939941e-01
9.885560870170593262e-01
9.084510803222656250e-01
8.508193641901016235e-01
8.821957707405090332e-01
9.836558103561401367e-01
9.737719893455505371e-01
9.985061883926391602e-01
9.964647889137268066e-01
9.938018321990966797e-01
8.823574185371398926e-01
9.829258918762207031e-01
9.900956153869628906e-01
9.916914105415344238e-01
9.797228574752807617e-01
9.978643059730529785e-01
9.569829106330871582e-01
9.774557352066040039e-01
9.318888187408447266e-01
9.856981635093688965e-01
3.134353756904602051e-01
8.659986257553100586e-01
2.389031648635864258e-01
8.132109940052032471e-01
2.168189138174057007e-01
8.284037113189697266e-01
5.607789158821105957e-01
9.229139685630798340e-01
7.478050589561462402e-01
3.988022208213806152e-01
6.895879507064819336e-01
4.900693893432617188e-01
6.450033783912658691e-01
5.616782903671264648e-01
6.675724387168884277e-01
5.125491619110107422e-01
8.712385892868041992e-01
6.709355115890502930e-01
8.909587860107421875e-01
8.578826189041137695e-01
8.911379575729370117e-01
6.837516725063323975e-01
5.951324701309204102e-01
5.523756742477416992e-01
4.954206943511962891e-01
3.537253439426422119e-01
5.924655795097351074e-01
2.926062345504760742e-01
6.351274847984313965e-01
4.408696591854095459e-01
5.500679612159729004e-01
6.551347970962524414e-01
6.964464783668518066e-01
4.973916709423065186e-01
7.224717140197753906e-01
5.469720363616943359e-01
4.636158943176269531e-01
5.647891163825988770e-01
3.785600662231445312e-01
6.324197649955749512e-01
5.827036499977111816e-01
4.927666783332824707e-01
6.130157113075256348e-01
4.884367585182189941e-01
5.188655853271484375e-01
4.146678447723388672e-01
5.477031469345092773e-01
3.175811767578125000e-01
5.084422230720520020e-01
4.583529531955718994e-01
5.452210605144500732e-01
5.126129388809204102e-01
3.372348546981811523e-01
3.532527089118957520e-01
3.395729064941406250e-01
3.160255551338195801e-01
3.563788533210754395e-01
3.778943419456481934e-01
3.140437006950378418e-01
5.090078711509704590e-01
4.729587733745574951e-01
4.379690289497375488e-01
4.310450255870819092e-01
4.360248744487762451e-01
4.729955792427062988e-01
4.035832881927490234e-01
4.228419661521911621e-01
4.268573522567749023e-01
3.401766419410705566e-01
5.004793405532836914e-01
4.539067745208740234e-01
4.683178067207336426e-01
4.095269441604614258e-01
4.289409518241882324e-01
4.276213049888610840e-01
4.248431026935577393e-01
