9.961766004562377930e-01
9.970693588256835938e-01
9.985863566398620605e-01
6.561009287834167480e-01
9.846214652061462402e-01
9.987663626670837402e-01
4.852566719055175781e-01
7.445484995841979980e-01
9.955805540084838867e-01
9.956941008567810059e-01
9.976858496665954590e-01
9.995087981224060059e-01
9.998688101768493652e-01
9.988949298858642578e-01
9.980537891387939453e-01
9.995019435882568359e-01
9.994032979011535645e-01
9.998383522033691406e-01
9.998545050621032715e-01
9.998666644096374512e-01
9.998934268951416016e-01
9.998809099197387695e-01
9.997652173042297363e-01
9.996891021728515625e-01
9.999229311943054199e-01
9.999417066574096680e-01
9.999338388442993164e-01
9.988988041877746582e-01
9.998575448989868164e-01
9.999147057533264160e-01
9.999081492424011230e-01
9.999170303344726562e-01
9.999347329139709473e-01
9.998882412910461426e-01
9.998953342437744141e-01
9.999220967292785645e-01
9.999186992645263672e-01
9.997808337211608887e-01
9.997564554214477539e-01
9.997584819793701172e-01
9.971131086349487305e-01
9.785149693489074707e-01
9.916285276412963867e-01
9.347979426383972168e-01
9.845017790794372559e-01
9.994877576828002930e-01
5.408726334571838379e-01
9.829565882682800293e-01
8.174115419387817383e-01
9.971196651458740234e-01
9.989593625068664551e-01
9.993899464607238770e-01
9.995846152305603027e-01
9.994449019432067871e-01
9.996415376663208008e-01
9.998582601547241211e-01
9.993683099746704102e-01
9.992286562919616699e-01
9.996595978736877441e-01
9.996367692947387695e-01
9.997027516365051270e-01
9.996796250343322754e-01
9.997949600219726562e-01
9.991806149482727051e-01
9.986991882324218750e-01
9.996923804283142090e-01
9.995509386062622070e-01
9.989348053932189941e-01
9.992133975028991699e-01
9.993646740913391113e-01
9.991817474365234375e-01
9.911050796508789062e-01
9.935222268104553223e-01
9.959671497344970703e-01
9.952296614646911621e-01
9.963765144348144531e-01
9.808352589607238770e-01
9.976796507835388184e-01
9.986457824707031250e-01
9.976011514663696289e-01
9.985848665237426758e-01
9.993382096290588379e-01
9.991497397422790527e-01
9.979767799377441406e-01
9.993982315063476562e-01
9.998183250427246094e-01
9.997282624244689941e-01
9.997888803482055664e-01
9.924722909927368164e-01
9.992712736129760742e-01
9.984634518623352051e-01
9.986353516578674316e-01
9.997532367706298828e-01
9.990394711494445801e-01
9.992513656616210938e-01
9.995558857917785645e-01
9.994498491287231445e-01
9.991636276245117188e-01
9.982522130012512207e-01
9.996817111968994141e-01
9.995061755180358887e-01
9.991255402565002441e-01
9.994315505027770996e-01
9.996754527091979980e-01
9.997166991233825684e-01
9.783110618591308594e-01
9.768447875976562500e-01
9.991418123245239258e-01
9.968641996383666992e-01
9.977076649665832520e-01
9.976826310157775879e-01
9.989157319068908691e-01
9.995855093002319336e-01
9.993591308593750000e-01
9.991137385368347168e-01
9.996925592422485352e-01
9.948698282241821289e-01
9.932572841644287109e-01
9.974910020828247070e-01
9.935353994369506836e-01
9.983540177345275879e-01
9.990788102149963379e-01
9.993947148323059082e-01
9.992389082908630371e-01
9.965372085571289062e-01
7.336915135383605957e-01
8.774076104164123535e-01
9.822247624397277832e-01
9.332041144371032715e-01
7.087138891220092773e-01
7.693621516227722168e-01
9.940510988235473633e-01
9.294262900948524475e-01
3.406510949134826660e-01
9.494596719741821289e-01
9.886446595191955566e-01
9.885088801383972168e-01
9.956445693969726562e-01
9.987636804580688477e-01
9.856727123260498047e-01
9.845798611640930176e-01
9.911323189735412598e-01
9.841256737709045410e-01
9.865818619728088379e-01
9.897532463073730469e-01
9.889986515045166016e-01
9.819594621658325195e-01
9.570067524909973145e-01
9.319924712181091309e-01
4.900330007076263428e-01
3.028753995895385742e-01
7.608578801155090332e-01
8.731165528297424316e-01
7.055819034576416016e-01
9.410050511360168457e-01
7.408812642097473145e-01
7.484508752822875977e-01
8.195175528526306152e-01
7.337515652179718018e-01
5.766335129737854004e-01
6.273167729377746582e-01
7.282575964927673340e-01
6.379821300506591797e-01
6.135545372962951660e-01
6.580947041511535645e-01
6.861037015914916992e-01
5.858647823333740234e-01
4.976081848144531250e-01
6.158501505851745605e-01
5.083575844764709473e-01
3.755283951759338379e-01
4.035523533821105957e-01
3.625905811786651611e-01
4.135640263557434082e-01
3.187009692192077637e-01
3.691334724426269531e-01
3.454115986824035645e-01
3.822062909603118896e-01
3.475735187530517578e-01
3.377929329872131348e-01
3.822338283061981201e-01
3.954741358757019043e-01
2.976200580596923828e-01
3.643759787082672119e-01
4.314948022365570068e-01
3.200408220291137695e-01
3.463469743728637695e-01
3.339804410934448242e-01
2.816656231880187988e-01
3.833824694156646729e-01
3.186177909374237061e-01
3.023134469985961914e-01
3.764929771423339844e-01
3.640744686126708984e-01
3.744068443775177002e-01
3.823967278003692627e-01
3.799008131027221680e-01
3.508075177669525146e-01
4.122489690780639648e-01
4.611585438251495361e-01
4.311810731887817383e-01
4.481862187385559082e-01
4.170654416084289551e-01
4.241638183593750000e-01
3.863520026206970215e-01
4.048557281494140625e-01
