9.961766004562377930e-01
9.970693588256835938e-01
4.997427463531494141e-01
5.682863593101501465e-01
9.958591461181640625e-01
9.985280632972717285e-01
6.148990988731384277e-01
6.979869604110717773e-01
9.952147006988525391e-01
9.967195391654968262e-01
9.970041513442993164e-01
9.995087981224060059e-01
9.998688101768493652e-01
9.988847970962524414e-01
9.980537891387939453e-01
9.995005726814270020e-01
9.993952512741088867e-01
9.998386502265930176e-01
9.934393763542175293e-01
9.997611045837402344e-01
9.981546998023986816e-01
9.994877576828002930e-01
9.962751865386962891e-01
9.977139234542846680e-01
9.997200369834899902e-01
9.905632734298706055e-01
9.927928447723388672e-01
9.995499253273010254e-01
9.969012737274169922e-01
9.957435727119445801e-01
9.988757371902465820e-01
9.995007514953613281e-01
9.989308714866638184e-01
9.977931976318359375e-01
9.992522001266479492e-01
9.998020529747009277e-01
9.998151659965515137e-01
9.984312653541564941e-01
9.984233975410461426e-01
9.996265769004821777e-01
9.963172078132629395e-01
9.950305223464965820e-01
9.985632300376892090e-01
9.990801215171813965e-01
9.991548061370849609e-01
9.962103366851806641e-01
9.989439249038696289e-01
9.997170567512512207e-01
9.990923404693603516e-01
9.997856020927429199e-01
9.984820485115051270e-01
9.163500666618347168e-01
9.729761481285095215e-01
9.931529164314270020e-01
9.997819662094116211e-01
9.984560012817382812e-01
9.980344772338867188e-01
9.992929100990295410e-01
9.993811249732971191e-01
9.996463060379028320e-01
9.996098279953002930e-01
9.998256564140319824e-01
9.989587068557739258e-01
9.984281659126281738e-01
9.994256496429443359e-01
9.993790984153747559e-01
9.995141029357910156e-01
9.994733333587646484e-01
9.994376897811889648e-01
9.997757673263549805e-01
9.990575313568115234e-01
9.985076189041137695e-01
9.995844364166259766e-01
9.994067549705505371e-01
9.979836940765380859e-01
9.945976734161376953e-01
9.994701743125915527e-01
9.995409250259399414e-01
9.993577599525451660e-01
9.914602041244506836e-01
9.924947619438171387e-01
9.986800551414489746e-01
9.988176822662353516e-01
9.984061121940612793e-01
9.996711015701293945e-01
9.981051683425903320e-01
9.986117482185363770e-01
9.985492229461669922e-01
9.959161877632141113e-01
9.927575588226318359e-01
9.989793896675109863e-01
9.992476105690002441e-01
9.995142817497253418e-01
9.995527267456054688e-01
9.991351962089538574e-01
9.997366666793823242e-01
9.996663331985473633e-01
9.996579289436340332e-01
9.980520009994506836e-01
9.992431402206420898e-01
9.996280074119567871e-01
9.993780851364135742e-01
9.996728301048278809e-01
9.996654987335205078e-01
9.988270401954650879e-01
9.997456073760986328e-01
9.997143745422363281e-01
9.996845126152038574e-01
9.997131228446960449e-01
9.996283054351806641e-01
9.985411167144775391e-01
9.994558691978454590e-01
9.973492026329040527e-01
9.997795224189758301e-01
9.997847080230712891e-01
9.991371631622314453e-01
9.965632557868957520e-01
7.490419745445251465e-01
9.879205226898193359e-01
9.974771142005920410e-01
9.985509514808654785e-01
9.997102022171020508e-01
9.956219196319580078e-01
9.777896404266357422e-01
9.987658858299255371e-01
9.882588386535644531e-01
9.929371476173400879e-01
9.953773021697998047e-01
9.989824295043945312e-01
9.967395067214965820e-01
9.973644614219665527e-01
9.937206506729125977e-01
8.022418022155761719e-01
3.409310281276702881e-01
9.991518855094909668e-01
9.867537021636962891e-01
9.762578606605529785e-01
9.861242175102233887e-01
9.574010372161865234e-01
9.812654256820678711e-01
9.776666164398193359e-01
9.886482357978820801e-01
9.452755451202392578e-01
9.335333704948425293e-01
9.976258873939514160e-01
9.122851490974426270e-01
9.114884138107299805e-01
9.138959050178527832e-01
9.868867397308349609e-01
8.489384055137634277e-01
9.260393381118774414e-01
8.696651458740234375e-01
9.263877272605895996e-01
7.232895195484161377e-01
4.613970518112182617e-01
1.667388677597045898e-01
4.012531638145446777e-01
3.492196798324584961e-01
3.607050776481628418e-01
6.845837831497192383e-01
6.275343298912048340e-01
5.690714120864868164e-01
6.462382078170776367e-01
7.789185047149658203e-01
7.488594055175781250e-01
3.061760067939758301e-01
5.707699358463287354e-01
9.753278493881225586e-01
6.835523843765258789e-01
7.624658495187759399e-01
8.898598849773406982e-01
8.932610750198364258e-01
7.118531465530395508e-01
8.777182698249816895e-01
8.860393390059471130e-01
5.033118128776550293e-01
5.130686163902282715e-01
4.166237115859985352e-01
2.793467044830322266e-01
4.079346656799316406e-01
4.337429702281951904e-01
2.293232679367065430e-01
3.299495279788970947e-01
5.453292131423950195e-01
2.273819595575332642e-01
4.427352249622344971e-01
3.001596331596374512e-01
4.625060856342315674e-01
5.179646015167236328e-01
6.760938167572021484e-01
6.938977241516113281e-01
6.048638820648193359e-01
5.749478936195373535e-01
5.484237670898437500e-01
6.451320052146911621e-01
5.776970386505126953e-01
4.386752843856811523e-01
5.316721796989440918e-01
4.635816514492034912e-01
5.860678553581237793e-01
3.320466876029968262e-01
5.745345950126647949e-01
5.614692568778991699e-01
5.812766551971435547e-01
6.766740083694458008e-01
4.350625872611999512e-01
4.621185660362243652e-01
4.295657575130462646e-01
4.062764644622802734e-01
4.839659035205841064e-01
3.426629900932312012e-01
4.837265312671661377e-01
5.232405662536621094e-01
5.287985205650329590e-01
4.889825582504272461e-01
4.976814985275268555e-01
5.298497676849365234e-01
3.887345790863037109e-01
4.401013255119323730e-01
3.922708928585052490e-01
4.579187631607055664e-01
3.821647167205810547e-01
4.765557050704956055e-01
4.063906669616699219e-01
4.798009395599365234e-01
4.621811211109161377e-01
6.401779651641845703e-01
4.991011023521423340e-01
4.478144943714141846e-01
5.039988160133361816e-01
5.938378870487213135e-01
3.963417708873748779e-01
4.350598752498626709e-01
4.577041864395141602e-01
6.374188661575317383e-01
