9.961766004562377930e-01
2.928562760353088379e-01
4.109065830707550049e-01
8.505931496620178223e-01
9.950274825096130371e-01
9.988708496093750000e-01
9.985769391059875488e-01
9.988923072814941406e-01
9.909592270851135254e-01
9.864619374275207520e-01
9.960792660713195801e-01
9.994250535964965820e-01
9.998773932456970215e-01
9.986487627029418945e-01
9.978906512260437012e-01
9.995633959770202637e-01
9.993893504142761230e-01
9.998386502265930176e-01
9.996584653854370117e-01
9.997590780258178711e-01
9.982313513755798340e-01
9.994814991950988770e-01
9.592815041542053223e-01
9.976195096969604492e-01
9.995889067649841309e-01
9.998075962066650391e-01
9.954567551612854004e-01
9.950480461120605469e-01
9.995262026786804199e-01
9.993648529052734375e-01
9.984241724014282227e-01
9.984698295593261719e-01
9.995740652084350586e-01
9.987466931343078613e-01
9.980347156524658203e-01
9.998087882995605469e-01
9.997787475585937500e-01
9.992343783378601074e-01
9.995868206024169922e-01
9.960205554962158203e-01
9.956787824630737305e-01
9.984719753265380859e-01
9.990437626838684082e-01
9.992383718490600586e-01
9.970808029174804688e-01
9.991692304611206055e-01
9.997107982635498047e-01
6.354924440383911133e-01
7.500532865524291992e-01
9.345034956932067871e-01
9.936944842338562012e-01
9.463714957237243652e-01
9.891971349716186523e-01
9.809911847114562988e-01
9.882836341857910156e-01
9.676646590232849121e-01
9.920200109481811523e-01
9.992381930351257324e-01
9.997228384017944336e-01
9.986288547515869141e-01
9.998820424079895020e-01
9.997382760047912598e-01
9.969289898872375488e-01
9.982977509498596191e-01
9.990132451057434082e-01
9.993572831153869629e-01
9.994866847991943359e-01
9.994601607322692871e-01
9.997644424438476562e-01
9.991174936294555664e-01
9.986008405685424805e-01
9.994782209396362305e-01
9.992596507072448730e-01
9.992127418518066406e-01
9.966599941253662109e-01
9.995246529579162598e-01
9.994782209396362305e-01
9.995684027671813965e-01
9.994497895240783691e-01
9.937766194343566895e-01
9.926976561546325684e-01
9.997010231018066406e-01
9.973306059837341309e-01
9.995683431625366211e-01
9.992416501045227051e-01
9.998136758804321289e-01
9.984899759292602539e-01
9.942824244499206543e-01
9.934812784194946289e-01
9.988167285919189453e-01
9.997627735137939453e-01
9.997205138206481934e-01
9.994191527366638184e-01
9.996482729911804199e-01
9.994112253189086914e-01
9.996418952941894531e-01
9.977165460586547852e-01
9.993228912353515625e-01
9.948486089706420898e-01
9.997330307960510254e-01
9.996497631072998047e-01
9.992794394493103027e-01
9.997964501380920410e-01
9.996535181999206543e-01
9.995953440666198730e-01
9.993437528610229492e-01
9.995604753494262695e-01
9.987288713455200195e-01
9.984381794929504395e-01
9.992661476135253906e-01
9.995554089546203613e-01
9.980421662330627441e-01
9.976597428321838379e-01
9.917640686035156250e-01
9.995266199111938477e-01
9.994163513183593750e-01
9.995794296264648438e-01
9.900484681129455566e-01
9.900869131088256836e-01
9.956790208816528320e-01
9.954438805580139160e-01
9.988917708396911621e-01
9.994583725929260254e-01
9.982871413230895996e-01
9.949185252189636230e-01
6.955777108669281006e-01
9.208050370216369629e-01
9.967082738876342773e-01
9.995844960212707520e-01
9.958538413047790527e-01
9.494383931159973145e-01
9.886006116867065430e-01
9.837553501129150391e-01
9.552811607718467712e-01
9.492325782775878906e-01
9.969879388809204102e-01
9.979033470153808594e-01
9.993625283241271973e-01
9.996266961097717285e-01
9.955416321754455566e-01
9.403501152992248535e-01
9.478386864066123962e-01
8.651491254568099976e-01
9.796661734580993652e-01
9.914548993110656738e-01
9.948465824127197266e-01
9.741318225860595703e-01
9.922683835029602051e-01
9.648918509483337402e-01
9.746344685554504395e-01
9.075541496276855469e-01
9.639840126037597656e-01
9.497919082641601562e-01
9.076826572418212891e-01
8.236055970191955566e-01
3.519613742828369141e-01
5.930754542350769043e-01
6.982808709144592285e-01
1.873837113380432129e-01
3.082726597785949707e-01
7.441642284393310547e-01
6.202863454818725586e-01
8.673557639122009277e-01
5.654450654983520508e-01
6.230174303054809570e-01
4.462949931621551514e-01
5.257202386856079102e-01
6.254097819328308105e-01
5.977314710617065430e-01
5.903232693672180176e-01
4.313803911209106445e-01
4.276792407035827637e-01
5.658090114593505859e-01
3.294467329978942871e-01
4.086166620254516602e-01
5.605311393737792969e-01
4.304088950157165527e-01
4.755167365074157715e-01
5.140982866287231445e-01
5.585138201713562012e-01
5.216093063354492188e-01
5.110664665699005127e-01
6.923135519027709961e-01
4.327484965324401855e-01
4.643312692642211914e-01
3.838742375373840332e-01
3.103057146072387695e-01
4.504800736904144287e-01
3.979312777519226074e-01
3.427593708038330078e-01
5.021881163120269775e-01
5.030207931995391846e-01
3.059318661689758301e-01
3.408544659614562988e-01
3.743245005607604980e-01
5.737797915935516357e-01
4.122663140296936035e-01
3.982747793197631836e-01
4.002796113491058350e-01
4.340398013591766357e-01
4.362645149230957031e-01
4.431019425392150879e-01
4.552545845508575439e-01
5.507532954216003418e-01
4.403239786624908447e-01
5.707581043243408203e-01
4.518809318542480469e-01
3.296018242835998535e-01
4.490010142326354980e-01
5.596127510070800781e-01
5.884288251399993896e-01
6.308931708335876465e-01
5.339775681495666504e-01
5.251522064208984375e-01
5.352310836315155029e-01
6.148928701877593994e-01
4.499959945678710938e-01
4.795404970645904541e-01
3.865907490253448486e-01
4.586943387985229492e-01
