9.961766004562377930e-01
9.970693588256835938e-01
9.985863566398620605e-01
6.561009287834167480e-01
9.846214652061462402e-01
9.987663626670837402e-01
4.852566421031951904e-01
7.445484995841979980e-01
9.955805540084838867e-01
9.956941008567810059e-01
9.976858496665954590e-01
9.995087981224060059e-01
9.998688101768493652e-01
9.998847842216491699e-01
9.987072944641113281e-01
9.982871413230895996e-01
9.994984865188598633e-01
9.998257160186767578e-01
9.998814463615417480e-01
9.585264921188354492e-01
9.979286193847656250e-01
9.996428489685058594e-01
9.998295903205871582e-01
9.998399615287780762e-01
9.999109506607055664e-01
9.999142289161682129e-01
9.999448657035827637e-01
9.999305605888366699e-01
9.998197555541992188e-01
9.998757839202880859e-01
9.999055266380310059e-01
9.999178051948547363e-01
9.999440312385559082e-01
9.999418854713439941e-01
9.999035596847534180e-01
9.998966455459594727e-01
9.999222755432128906e-01
9.997323155403137207e-01
8.683731555938720703e-01
9.904291629791259766e-01
9.989987015724182129e-01
9.996576309204101562e-01
9.932143092155456543e-01
9.912635087966918945e-01
9.996309280395507812e-01
9.996258616447448730e-01
9.991471171379089355e-01
9.997664690017700195e-01
9.991626739501953125e-01
9.997591376304626465e-01
9.968885183334350586e-01
9.975757598876953125e-01
9.992907643318176270e-01
9.988966584205627441e-01
9.772484302520751953e-01
9.971949458122253418e-01
9.971607923507690430e-01
9.975889921188354492e-01
9.995479583740234375e-01
9.992074370384216309e-01
9.992584586143493652e-01
9.997821450233459473e-01
9.997870326042175293e-01
9.991122484207153320e-01
9.985927939414978027e-01
9.996675252914428711e-01
9.995936751365661621e-01
9.990870356559753418e-01
9.997228384017944336e-01
9.996676445007324219e-01
9.995196461677551270e-01
9.995070695877075195e-01
9.995937347412109375e-01
9.980533719062805176e-01
9.980615973472595215e-01
9.993095397949218750e-01
9.995249509811401367e-01
9.865653514862060547e-01
9.531217217445373535e-01
9.982955455780029297e-01
9.996214509010314941e-01
9.997483491897583008e-01
9.996501803398132324e-01
9.997670054435729980e-01
9.997442960739135742e-01
9.996358156204223633e-01
9.997392892837524414e-01
9.994934201240539551e-01
9.995946884155273438e-01
9.992692470550537109e-01
9.997079968452453613e-01
9.997114539146423340e-01
9.996991753578186035e-01
9.987164735794067383e-01
9.995435476303100586e-01
9.994263052940368652e-01
9.995923042297363281e-01
9.996906518936157227e-01
9.989094734191894531e-01
9.990630149841308594e-01
9.996874332427978516e-01
9.992417097091674805e-01
9.995364546775817871e-01
9.992644786834716797e-01
9.990546703338623047e-01
9.987378120422363281e-01
9.983938932418823242e-01
9.996518492698669434e-01
9.973343014717102051e-01
9.852727651596069336e-01
9.684771895408630371e-01
9.912621378898620605e-01
9.983988404273986816e-01
9.991541504859924316e-01
9.997175931930541992e-01
9.994783997535705566e-01
9.983903765678405762e-01
9.992218017578125000e-01
9.990569353103637695e-01
9.997366666793823242e-01
9.988858699798583984e-01
9.985991120338439941e-01
9.972848892211914062e-01
8.230889439582824707e-01
9.240803718566894531e-01
9.947251081466674805e-01
9.442491531372070312e-01
9.689203500747680664e-01
9.224726557731628418e-01
9.564723968505859375e-01
9.884290695190429688e-01
4.316607713699340820e-01
6.228318810462951660e-01
9.051139950752258301e-01
8.564271330833435059e-01
8.472086787223815918e-01
8.930376172065734863e-01
9.879375696182250977e-01
9.097562357783317566e-01
9.606348872184753418e-01
8.299944996833801270e-01
9.637336134910583496e-01
7.573084235191345215e-01
6.408872008323669434e-01
8.692157864570617676e-01
8.512485623359680176e-01
7.616976499557495117e-01
8.847663402557373047e-01
9.293177723884582520e-01
3.834706544876098633e-01
7.180936336517333984e-01
7.581602334976196289e-01
5.997151732444763184e-01
7.277678549289703369e-01
7.373139858245849609e-01
5.077954530715942383e-01
5.898294746875762939e-01
3.877415359020233154e-01
6.375162005424499512e-01
4.632366299629211426e-01
3.927341699600219727e-01
4.027891755104064941e-01
4.489741325378417969e-01
4.116028547286987305e-01
3.631341457366943359e-01
3.819123208522796631e-01
3.510272502899169922e-01
3.233848810195922852e-01
2.321617007255554199e-01
3.227467536926269531e-01
3.825053572654724121e-01
2.925079464912414551e-01
5.149589776992797852e-01
5.378381609916687012e-01
4.036521017551422119e-01
4.002234339714050293e-01
3.799085617065429688e-01
2.854984998703002930e-01
3.866955637931823730e-01
3.680309653282165527e-01
4.015783667564392090e-01
4.369804859161376953e-01
3.393129110336303711e-01
3.732042312622070312e-01
3.950995802879333496e-01
3.368444442749023438e-01
2.894823551177978516e-01
3.730254471302032471e-01
3.661013245582580566e-01
4.351809620857238770e-01
3.474367260932922363e-01
4.208238720893859863e-01
3.775503635406494141e-01
3.721100389957427979e-01
3.696018457412719727e-01
3.098336458206176758e-01
3.015089035034179688e-01
3.905102610588073730e-01
3.838504552841186523e-01
4.204119443893432617e-01
4.322764277458190918e-01
4.173539280891418457e-01
4.868259429931640625e-01
4.227233529090881348e-01
4.655043780803680420e-01
3.737280964851379395e-01
4.050134420394897461e-01
4.225288629531860352e-01
3.012396097183227539e-01
5.295445919036865234e-01
4.411800205707550049e-01
4.802290201187133789e-01
4.021896719932556152e-01
