9.961766004562377930e-01
9.970693588256835938e-01
4.997427463531494141e-01
5.682862997055053711e-01
9.958591461181640625e-01
9.985280632972717285e-01
9.986448287963867188e-01
9.990281462669372559e-01
9.996793270111083984e-01
9.928966164588928223e-01
9.857288599014282227e-01
9.994789361953735352e-01
9.998585581779479980e-01
9.988344311714172363e-01
9.980738162994384766e-01
9.994714856147766113e-01
9.994907379150390625e-01
9.998394846916198730e-01
9.998552203178405762e-01
9.998669028282165527e-01
9.998931884765625000e-01
9.998812675476074219e-01
9.997652173042297363e-01
9.996973872184753418e-01
9.999223351478576660e-01
9.999418258666992188e-01
9.999339580535888672e-01
9.988370537757873535e-01
9.998577237129211426e-01
9.999147057533264160e-01
9.999091625213623047e-01
9.999374151229858398e-01
9.999347329139709473e-01
9.998881220817565918e-01
9.998956918716430664e-01
9.999222755432128906e-01
9.999190568923950195e-01
9.997770786285400391e-01
9.997564554214477539e-01
9.962670207023620605e-01
7.289498746395111084e-01
9.913133978843688965e-01
4.967643618583679199e-01
9.834749698638916016e-01
6.650354862213134766e-01
6.507233381271362305e-01
9.011162519454956055e-01
7.811903357505798340e-01
7.061744928359985352e-01
9.990434050559997559e-01
9.994509816169738770e-01
9.994990229606628418e-01
9.996553659439086914e-01
9.996528625488281250e-01
9.998586773872375488e-01
9.993457198143005371e-01
9.991666078567504883e-01
9.996526837348937988e-01
9.996269941329956055e-01
9.996909499168395996e-01
9.996864795684814453e-01
9.997985959053039551e-01
9.996080398559570312e-01
9.979938864707946777e-01
9.997079968452453613e-01
9.989609122276306152e-01
9.971183538436889648e-01
9.996181726455688477e-01
9.991184473037719727e-01
9.997208118438720703e-01
9.972266554832458496e-01
9.945849776268005371e-01
9.973151087760925293e-01
9.943038821220397949e-01
9.980582594871520996e-01
9.925115108489990234e-01
9.980789422988891602e-01
7.690943479537963867e-01
9.898209571838378906e-01
9.992336630821228027e-01
9.966848492622375488e-01
9.986186623573303223e-01
9.989334940910339355e-01
9.995393753051757812e-01
9.997458457946777344e-01
9.996010661125183105e-01
9.995772242546081543e-01
9.997088909149169922e-01
9.997310042381286621e-01
9.996155500411987305e-01
9.995788931846618652e-01
9.995813369750976562e-01
9.994550347328186035e-01
9.996648430824279785e-01
9.995458722114562988e-01
9.996839761734008789e-01
9.988191723823547363e-01
9.993034601211547852e-01
9.995251297950744629e-01
9.990999102592468262e-01
9.985436201095581055e-01
9.977883696556091309e-01
9.994354844093322754e-01
9.995827674865722656e-01
9.990437030792236328e-01
9.993709325790405273e-01
9.991740584373474121e-01
9.983475208282470703e-01
9.951443076133728027e-01
9.915518760681152344e-01
9.957159161567687988e-01
9.906685352325439453e-01
9.985906481742858887e-01
9.981819391250610352e-01
9.995077252388000488e-01
9.988631606101989746e-01
9.917145371437072754e-01
9.966529607772827148e-01
9.906846284866333008e-01
9.982741475105285645e-01
9.994589686393737793e-01
9.993561506271362305e-01
9.991928339004516602e-01
9.980988502502441406e-01
9.398336410522460938e-01
8.940849900245666504e-01
9.948443174362182617e-01
9.977365732192993164e-01
9.738879203796386719e-01
9.947665333747863770e-01
9.975287318229675293e-01
9.665076136589050293e-01
9.472649693489074707e-01
7.107973992824554443e-01
9.792373776435852051e-01
9.895684719085693359e-01
9.918093681335449219e-01
9.957206845283508301e-01
9.814298748970031738e-01
9.735964536666870117e-01
9.671024680137634277e-01
9.873277544975280762e-01
9.644124507904052734e-01
9.933581352233886719e-01
9.904649257659912109e-01
9.933021068572998047e-01
9.828895926475524902e-01
9.588483572006225586e-01
7.676067948341369629e-01
3.626013994216918945e-01
5.977797210216522217e-01
6.144196391105651855e-01
3.741018772125244141e-01
6.849831938743591309e-01
5.812596380710601807e-01
5.911355018615722656e-01
8.032286167144775391e-01
7.312641143798828125e-01
6.649965047836303711e-01
5.100061297416687012e-01
7.414157390594482422e-01
6.689217090606689453e-01
3.344616889953613281e-01
7.180800437927246094e-01
6.356665492057800293e-01
3.911993503570556641e-01
3.795595765113830566e-01
4.293958544731140137e-01
3.415289223194122314e-01
3.355578780174255371e-01
4.594048559665679932e-01
3.582833409309387207e-01
3.870636820793151855e-01
2.565999925136566162e-01
4.273920059204101562e-01
3.187182545661926270e-01
4.420595765113830566e-01
3.922850489616394043e-01
3.888478279113769531e-01
3.613657653331756592e-01
3.429931998252868652e-01
2.292666435241699219e-01
3.715837895870208740e-01
3.157050013542175293e-01
3.065894246101379395e-01
3.645414113998413086e-01
2.582355141639709473e-01
3.107132911682128906e-01
3.780932426452636719e-01
3.635456562042236328e-01
4.743422269821166992e-01
3.418799042701721191e-01
3.639234304428100586e-01
4.123408496379852295e-01
4.461461305618286133e-01
2.796406745910644531e-01
3.615518808364868164e-01
3.548653721809387207e-01
3.769268393516540527e-01
4.034620225429534912e-01
3.608524799346923828e-01
3.981023132801055908e-01
3.861503601074218750e-01
4.314836263656616211e-01
3.723375201225280762e-01
4.696732163429260254e-01
5.120037198066711426e-01
5.028598904609680176e-01
4.726502895355224609e-01
4.491598010063171387e-01
3.884870409965515137e-01
4.543354213237762451e-01
