9.961766004562377930e-01
9.970693588256835938e-01
9.985863566398620605e-01
6.561008989810943604e-01
9.846214652061462402e-01
9.987663626670837402e-01
4.852566719055175781e-01
7.445484995841979980e-01
9.955805540084838867e-01
9.956941008567810059e-01
9.976858496665954590e-01
9.995087981224060059e-01
9.998688101768493652e-01
9.998847842216491699e-01
9.987072944641113281e-01
9.982871413230895996e-01
9.994984865188598633e-01
9.998257160186767578e-01
9.998814463615417480e-01
9.585264921188354492e-01
9.979286193847656250e-01
9.996428489685058594e-01
9.998295903205871582e-01
9.998399615287780762e-01
9.999109506607055664e-01
9.999142289161682129e-01
9.999448657035827637e-01
9.999305605888366699e-01
9.998197555541992188e-01
9.998757839202880859e-01
9.999055266380310059e-01
9.999178051948547363e-01
9.999440312385559082e-01
9.998990893363952637e-01
9.998912811279296875e-01
9.999257326126098633e-01
9.999186992645263672e-01
9.997813701629638672e-01
8.393104076385498047e-01
9.895275831222534180e-01
9.991501569747924805e-01
9.771909117698669434e-01
9.900488257408142090e-01
7.784621715545654297e-01
9.801687598228454590e-01
6.211861371994018555e-01
7.405580878257751465e-01
9.964303970336914062e-01
7.887926101684570312e-01
9.971392154693603516e-01
9.990181326866149902e-01
9.994481205940246582e-01
9.994680881500244141e-01
9.996393918991088867e-01
9.996446371078491211e-01
9.998582601547241211e-01
9.993746876716613770e-01
9.991979002952575684e-01
9.996600747108459473e-01
9.996344447135925293e-01
9.997022747993469238e-01
9.996815323829650879e-01
9.997941255569458008e-01
9.991748332977294922e-01
9.988038539886474609e-01
9.995489120483398438e-01
9.993494749069213867e-01
9.992783069610595703e-01
9.988756179809570312e-01
9.812955856323242188e-01
9.994696974754333496e-01
9.952656030654907227e-01
9.991132616996765137e-01
9.988033771514892578e-01
9.950258731842041016e-01
9.979363679885864258e-01
9.997915029525756836e-01
9.996600747108459473e-01
9.996443390846252441e-01
5.770415067672729492e-01
6.936522126197814941e-01
9.987785816192626953e-01
9.993815422058105469e-01
9.992052912712097168e-01
9.994580149650573730e-01
9.994325637817382812e-01
9.998090863227844238e-01
9.995418787002563477e-01
9.996314644813537598e-01
9.990133047103881836e-01
9.950472116470336914e-01
9.995328187942504883e-01
9.996336102485656738e-01
9.995637536048889160e-01
9.997295737266540527e-01
9.995892047882080078e-01
9.998161196708679199e-01
9.997422695159912109e-01
9.993538260459899902e-01
9.995542168617248535e-01
9.959869980812072754e-01
9.997898936271667480e-01
9.997543692588806152e-01
9.992462396621704102e-01
9.996663331985473633e-01
9.995220303535461426e-01
9.996523857116699219e-01
9.997258186340332031e-01
9.995466470718383789e-01
9.991899728775024414e-01
9.996954202651977539e-01
9.995796680450439453e-01
9.973787665367126465e-01
9.994644522666931152e-01
9.996463060379028320e-01
9.998097419738769531e-01
9.994668960571289062e-01
9.984841942787170410e-01
9.992070794105529785e-01
8.570169806480407715e-01
7.662790417671203613e-01
9.996190071105957031e-01
5.790190100669860840e-01
9.027075767517089844e-01
9.353468790650367737e-01
9.656227529048919678e-01
8.606700897216796875e-01
9.971619844436645508e-01
9.933508634567260742e-01
9.996535181999206543e-01
8.264806866645812988e-01
5.943702459335327148e-01
6.957349181175231934e-01
9.424606561660766602e-01
5.272553861141204834e-01
8.486531376838684082e-01
6.923053860664367676e-01
8.459643125534057617e-01
4.090685844421386719e-01
8.795899152755737305e-01
8.602285832166671753e-01
6.120405793190002441e-01
9.542407989501953125e-01
9.400557875633239746e-01
6.209297180175781250e-01
9.566900730133056641e-01
9.494616985321044922e-01
9.090858101844787598e-01
8.793169260025024414e-01
7.867539525032043457e-01
5.353348255157470703e-01
7.767845392227172852e-01
6.937167048454284668e-01
8.592098951339721680e-01
9.496340751647949219e-01
7.075026035308837891e-01
7.094093859195709229e-01
8.926203250885009766e-01
9.305422902107238770e-01
7.617324590682983398e-01
8.739072680473327637e-01
9.504373669624328613e-01
9.561236500740051270e-01
8.673664331436157227e-01
7.085922956466674805e-01
6.091263592243194580e-01
6.577673256397247314e-01
7.032666206359863281e-01
7.767639756202697754e-01
9.600818157196044922e-01
8.920505046844482422e-01
8.689199090003967285e-01
8.730885982513427734e-01
9.270324110984802246e-01
9.060133099555969238e-01
9.023315310478210449e-01
9.540491104125976562e-01
9.290490150451660156e-01
8.287140727043151855e-01
9.019840657711029053e-01
9.434310793876647949e-01
9.614102840423583984e-01
9.635263085365295410e-01
9.732033014297485352e-01
8.690614551305770874e-01
9.769150614738464355e-01
3.064732551574707031e-01
3.715161681175231934e-01
8.520471304655075073e-01
8.954507112503051758e-01
9.230859279632568359e-01
9.582005143165588379e-01
9.960860610008239746e-01
9.689504504203796387e-01
9.835425019264221191e-01
9.743672013282775879e-01
9.763628840446472168e-01
9.677426218986511230e-01
9.896226525306701660e-01
9.375714659690856934e-01
6.075658202171325684e-01
9.103036522865295410e-01
9.533404707908630371e-01
5.517624616622924805e-01
6.833216845989227295e-01
8.179588317871093750e-01
7.009077072143554688e-01
9.603913426399230957e-01
2.082598656415939331e-01
5.867964029312133789e-01
6.949063539505004883e-01
2.833074927330017090e-01
1.173653602600097656e-01
6.516658663749694824e-01
9.264163970947265625e-01
5.116713941097259521e-01
8.040493875741958618e-01
7.770185470581054688e-01
9.466099739074707031e-01
6.611911654472351074e-01
5.926655530929565430e-01
2.885769307613372803e-01
8.636505603790283203e-01
9.937891960144042969e-01
3.551558852195739746e-01
4.642360210418701172e-01
8.557158708572387695e-01
7.901906371116638184e-01
8.756490945816040039e-01
9.972479939460754395e-01
8.394638299942016602e-01
6.442437171936035156e-01
9.509688615798950195e-01
8.980476260185241699e-01
9.937261343002319336e-01
8.117094635963439941e-01
4.207597970962524414e-01
9.444592595100402832e-01
9.450607597827911377e-01
9.758523106575012207e-01
9.538912773132324219e-01
6.422821879386901855e-01
7.124188542366027832e-01
8.243858218193054199e-01
9.012227058410644531e-01
7.090831995010375977e-01
7.368543744087219238e-01
5.871599912643432617e-01
7.413425445556640625e-01
7.872690856456756592e-01
7.250332534313201904e-01
5.482715964317321777e-01
8.680599331855773926e-01
6.696560084819793701e-01
5.965979993343353271e-01
6.364425420761108398e-01
7.729803919792175293e-01
7.469717264175415039e-01
7.669820785522460938e-01
4.935892820358276367e-01
6.521524786949157715e-01
6.610137820243835449e-01
2.248249650001525879e-01
3.283917307853698730e-01
5.005243420600891113e-01
3.242562413215637207e-01
3.366588950157165527e-01
2.415114790201187134e-01
2.722857594490051270e-01
3.632656335830688477e-01
2.557656466960906982e-01
4.346835613250732422e-01
3.709636926651000977e-01
4.538875520229339600e-01
2.573498487472534180e-01
4.643922448158264160e-01
4.098236560821533203e-01
5.071068108081817627e-01
3.665732741355895996e-01
4.356956481933593750e-01
4.453189969062805176e-01
3.918938338756561279e-01
3.887749612331390381e-01
4.085667431354522705e-01
4.423087537288665771e-01
3.542652130126953125e-01
4.179260432720184326e-01
2.887513041496276855e-01
2.065343260765075684e-01
1.849843263626098633e-01
1.150838732719421387e-01
1.028656363487243652e-01
2.881193757057189941e-01
1.934606879949569702e-01
1.870578527450561523e-01
2.501904368400573730e-01
1.861810088157653809e-01
2.258256077766418457e-01
1.534821540117263794e-01
2.457051277160644531e-01
2.390759587287902832e-01
4.124818146228790283e-01
3.727679848670959473e-01
3.352104425430297852e-01
3.050268292427062988e-01
3.014220595359802246e-01
2.338030636310577393e-01
3.025274276733398438e-01
2.388159483671188354e-01
2.704260945320129395e-01
3.025331497192382812e-01
2.638752758502960205e-01
