9.961766004562377930e-01
2.928562760353088379e-01
4.109065830707550049e-01
8.505931496620178223e-01
9.950274825096130371e-01
9.988708496093750000e-01
9.985769391059875488e-01
9.988923072814941406e-01
9.909592270851135254e-01
9.864619374275207520e-01
9.960792660713195801e-01
9.994250535964965820e-01
9.998773932456970215e-01
9.986487627029418945e-01
9.978906512260437012e-01
9.995633959770202637e-01
9.993893504142761230e-01
9.998386502265930176e-01
9.998543262481689453e-01
9.998669028282165527e-01
9.991062879562377930e-01
9.982229471206665039e-01
9.995137453079223633e-01
9.998281598091125488e-01
9.999223351478576660e-01
9.999373555183410645e-01
9.999122619628906250e-01
9.999330043792724609e-01
9.998816847801208496e-01
9.998644590377807617e-01
9.999360442161560059e-01
9.998766183853149414e-01
9.998909831047058105e-01
9.999251365661621094e-01
9.999169111251831055e-01
9.999275207519531250e-01
9.999231696128845215e-01
9.997866153717041016e-01
9.998871088027954102e-01
9.998810291290283203e-01
9.996353983879089355e-01
6.279054284095764160e-01
9.902885062620043755e-01
7.394225001335144043e-01
9.667298793792724609e-01
9.979078173637390137e-01
9.799482822418212891e-01
2.934067249298095703e-01
6.613389849662780762e-01
9.873529076576232910e-01
9.989713430404663086e-01
9.694644603878259659e-01
9.719014167785644531e-01
9.944462180137634277e-01
9.994981884956359863e-01
9.857155680656433105e-01
9.663239121437072754e-01
9.989759922027587891e-01
9.997458457946777344e-01
9.996764659881591797e-01
9.998531937599182129e-01
9.907615184783935547e-01
9.984515309333801270e-01
9.995241165161132812e-01
9.994516372680664062e-01
9.994707107543945312e-01
9.992461204528808594e-01
9.996052980422973633e-01
9.998705983161926270e-01
9.998539686203002930e-01
9.991684556007385254e-01
9.992676377296447754e-01
9.976645112037658691e-01
9.995740652084350586e-01
9.991992115974426270e-01
9.998522996902465820e-01
9.998097419738769531e-01
9.992656707763671875e-01
9.978495836257934570e-01
9.993963837623596191e-01
9.996597766876220703e-01
9.995281100273132324e-01
9.996031522750854492e-01
7.985390424728393555e-01
9.894543290138244629e-01
9.943851828575134277e-01
9.998009204864501953e-01
9.992681145668029785e-01
9.988697171211242676e-01
9.995918273925781250e-01
9.997225999832153320e-01
9.998387098312377930e-01
9.998016953468322754e-01
9.993907809257507324e-01
9.997275471687316895e-01
9.994113445281982422e-01
9.997234344482421875e-01
9.997581839561462402e-01
9.991155266761779785e-01
9.996826648712158203e-01
9.991633296012878418e-01
9.996598958969116211e-01
9.996411800384521484e-01
9.990754723548889160e-01
9.993876814842224121e-01
9.997079968452453613e-01
9.996137619018554688e-01
9.993864297866821289e-01
9.948074221611022949e-01
9.980749487876892090e-01
9.160360097885131836e-01
9.985665678977966309e-01
9.986932873725891113e-01
9.995157718658447266e-01
9.895542263984680176e-01
9.735808372497558594e-01
9.993334412574768066e-01
9.997878670692443848e-01
9.690235257148742676e-01
8.284769654273986816e-01
8.756640404462814331e-01
9.995399117469787598e-01
9.741322398185729980e-01
9.629335403442382812e-01
9.807601571083068848e-01
9.760897755622863770e-01
9.972531199455261230e-01
9.882158637046813965e-01
9.078813791275024414e-01
9.898422360420227051e-01
9.868921637535095215e-01
9.956889152526855469e-01
7.663256525993347168e-01
9.175990223884582520e-01
5.401086807250976562e-01
9.109629392623901367e-01
5.656538009643554688e-01
9.407064914703369141e-01
4.584770798683166504e-01
9.673978090286254883e-01
8.529468178749084473e-01
8.374865055084228516e-01
8.519795536994934082e-01
9.621874094009399414e-01
5.590632259845733643e-01
9.623016119003295898e-01
6.766777634620666504e-01
7.970140576362609863e-01
9.432886242866516113e-01
4.807398021221160889e-01
7.010255455970764160e-01
6.893065571784973145e-01
7.596149295568466187e-01
3.802384138107299805e-01
6.225450038909912109e-01
6.470022201538085938e-01
5.060426592826843262e-01
4.841054081916809082e-01
6.952309608459472656e-01
4.153659343719482422e-01
6.308077573776245117e-01
1.168997138738632202e-01
8.029903769493103027e-01
6.837641596794128418e-01
9.395321011543273926e-01
8.671328425407409668e-01
8.574531078338623047e-01
8.093910813331604004e-01
9.225267767906188965e-01
8.949575424194335938e-01
9.656980633735656738e-01
9.732191562652587891e-01
9.763389229774475098e-01
9.465458393096923828e-01
9.284654855728149414e-01
7.179192900657653809e-01
1.005116105079650879e-01
4.911423325538635254e-01
6.013348400592803955e-01
7.570025920867919922e-01
9.739053845405578613e-01
9.721849560737609863e-01
9.047979712486267090e-01
8.453694581985473633e-01
7.315475344657897949e-01
9.028920531272888184e-01
9.426727294921875000e-01
9.843235015869140625e-01
9.641415476799011230e-01
9.057840704917907715e-01
9.454634189605712891e-01
9.843546152114868164e-01
9.519913792610168457e-01
9.606397747993469238e-01
9.306525588035583496e-01
9.652094244956970215e-01
7.236141562461853027e-01
4.992950558662414551e-01
3.551620244979858398e-01
6.365410685539245605e-01
7.529559731483459473e-01
7.757714390754699707e-01
8.788084983825683594e-01
9.582542181015014648e-01
7.979386448860168457e-01
8.015901446342468262e-01
7.621338367462158203e-01
7.752579450607299805e-01
6.115288436412811279e-01
8.888037204742431641e-01
7.267594337463378906e-01
9.449254870414733887e-01
9.023804664611816406e-01
9.109740257263183594e-01
7.869450449943542480e-01
3.691892325878143311e-01
5.369525253772735596e-01
3.848584890365600586e-01
5.988433659076690674e-01
5.992677509784698486e-01
4.076592922210693359e-01
5.733031630516052246e-01
6.369783282279968262e-01
3.500903248786926270e-01
4.643996059894561768e-01
5.974829196929931641e-01
5.001931190490722656e-01
6.851607561111450195e-01
6.741985082626342773e-01
4.461763501167297363e-01
5.308752954006195068e-01
3.734680414199829102e-01
6.840394139289855957e-01
6.269559860229492188e-01
6.409412622451782227e-01
6.958006024360656738e-01
4.261690378189086914e-01
5.644762217998504639e-01
4.199243187904357910e-01
4.680972993373870850e-01
3.062162995338439941e-01
4.977774918079376221e-01
5.415672063827514648e-01
3.153508305549621582e-01
4.583572745323181152e-01
3.972016572952270508e-01
4.171857237815856934e-01
3.204452991485595703e-01
3.064179420471191406e-01
4.175505042076110840e-01
5.163854360580444336e-01
4.863435029983520508e-01
5.063775777816772461e-01
5.222111344337463379e-01
4.441442489624023438e-01
3.525121510028839111e-01
4.932507276535034180e-01
4.171670377254486084e-01
4.152115583419799805e-01
3.668932318687438965e-01
4.007477462291717529e-01
4.102696776390075684e-01
3.694200217723846436e-01
2.777897119522094727e-01
3.456091880798339844e-01
3.327787816524505615e-01
2.880287170410156250e-01
2.819243669509887695e-01
2.880275845527648926e-01
2.453342080116271973e-01
3.258339166641235352e-01
2.742075324058532715e-01
3.131632208824157715e-01
2.753444910049438477e-01
3.660604953765869141e-01
3.482918143272399902e-01
3.446834981441497803e-01
3.144102692604064941e-01
3.551158308982849121e-01
