9.961766004562377930e-01
9.970693588256835938e-01
9.985863566398620605e-01
6.561009287834167480e-01
9.846214652061462402e-01
9.987663626670837402e-01
4.852566719055175781e-01
7.445484995841979980e-01
9.955805540084838867e-01
9.956941008567810059e-01
9.976858496665954590e-01
9.995087981224060059e-01
9.998688101768493652e-01
9.988949204562231898e-01
9.980537891387939453e-01
9.995019435882568359e-01
9.994032979011535645e-01
9.998383522033691406e-01
9.998545050621032715e-01
9.998666644096374512e-01
9.991444349288940430e-01
9.982780814170837402e-01
9.998444914817810059e-01
9.998291730880737305e-01
9.999231100082397461e-01
9.999374747276306152e-01
9.999392628669738770e-01
9.999349117279052734e-01
9.998197555541992188e-01
9.998757839202880859e-01
9.999055266380310059e-01
9.999083876609802246e-01
9.999440312385559082e-01
9.999418854713439941e-01
9.999035596847534180e-01
9.998966455459594727e-01
9.999222755432128906e-01
9.997323155403137207e-01
8.683731555938720703e-01
9.898205399513244629e-01
7.439352869987487793e-01
9.859160184860229492e-01
7.293892502784729004e-01
9.701600670814514160e-01
4.782194495201110840e-01
6.297106742858886719e-01
9.165930747985839844e-01
9.966104626655578613e-01
9.990875124931335449e-01
9.989687204360961914e-01
9.985914826393127441e-01
9.993851780891418457e-01
9.996005892753601074e-01
9.996676445007324219e-01
9.996485710144042969e-01
9.998431801795959473e-01
9.994405508041381836e-01
9.991812705993652344e-01
9.996774196624755859e-01
9.994468688964843750e-01
9.998072981834411621e-01
9.988464713096618652e-01
9.998652338981628418e-01
9.996904134750366211e-01
9.976783394813537598e-01
9.986915588378906250e-01
9.992222189903259277e-01
9.993407726287841797e-01
9.992283582687377930e-01
9.988166093826293945e-01
9.997408390045166016e-01
9.997364878654479980e-01
9.978813529014587402e-01
9.992282986640930176e-01
9.973654150962829590e-01
9.974121451377868652e-01
9.995215535163879395e-01
9.998020529747009277e-01
9.996567964553833008e-01
9.997947812080383301e-01
9.774608612060546875e-01
9.974693655967712402e-01
9.985528588294982910e-01
9.994781017303466797e-01
9.993360638618469238e-01
9.998100996017456055e-01
9.997649192810058594e-01
9.998069405555725098e-01
9.996687769889831543e-01
9.997497797012329102e-01
9.997990727424621582e-01
9.998656511306762695e-01
9.997264742851257324e-01
9.997065663337707520e-01
9.987082481384277344e-01
9.996741414070129395e-01
9.994980096817016602e-01
9.996050000190734863e-01
9.996709227561950684e-01
9.986881613731384277e-01
9.987183213233947754e-01
9.995867609977722168e-01
9.997758865356445312e-01
9.995333552360534668e-01
9.995871186256408691e-01
9.993021488189697266e-01
9.993867278099060059e-01
9.973297715187072754e-01
9.996988773345947266e-01
9.994928836822509766e-01
9.993329048156738281e-01
9.986404776573181152e-01
9.986512064933776855e-01
9.899536967277526855e-01
9.992530345916748047e-01
9.969343543052673340e-01
9.997947812080383301e-01
9.994993209838867188e-01
9.957433938980102539e-01
9.996658563613891602e-01
9.994143843650817871e-01
9.990605711936950684e-01
9.366347193717956543e-01
9.844102859497070312e-01
9.990650415420532227e-01
9.546681046485900879e-01
9.834589958190917969e-01
8.248234391212463379e-01
8.219977319240570068e-01
8.114698529243469238e-01
9.647133946418762207e-01
9.595258235931396484e-01
9.993980526924133301e-01
9.776972532272338867e-01
9.831854701042175293e-01
9.836966395378112793e-01
9.511899352073669434e-01
9.891678094863891602e-01
9.837831258773803711e-01
9.966791272163391113e-01
9.488931894302368164e-01
9.724524021148681641e-01
9.437717795372009277e-01
9.902696609497070312e-01
9.237247109413146973e-01
9.581805467605590820e-01
9.245979189872741699e-01
6.848270297050476074e-01
7.913491725921630859e-01
3.432767391204833984e-01
3.644177913665771484e-01
4.073472023010253906e-01
6.200056672096252441e-01
6.134172081947326660e-01
6.709659695625305176e-01
8.261968493461608887e-01
5.377828478813171387e-01
5.516909360885620117e-01
4.290688335895538330e-01
5.492056608200073242e-01
4.494353532791137695e-01
6.381815075874328613e-01
2.731528878211975098e-01
3.026200532913208008e-01
4.105055928230285645e-01
3.774711489677429199e-01
2.874137759208679199e-01
2.991181015968322754e-01
3.530770540237426758e-01
2.454852014780044556e-01
4.195263683795928955e-01
3.609144687652587891e-01
2.846524715423583984e-01
4.558598399162292480e-01
2.473106980323791504e-01
3.500549197196960449e-01
1.973558068275451660e-01
3.121182322502136230e-01
3.151672482490539551e-01
2.716711163520812988e-01
3.257188796997070312e-01
3.284464478492736816e-01
2.628760635852813721e-01
2.277563214302062988e-01
3.299263119697570801e-01
2.952255308628082275e-01
2.508381605148315430e-01
3.479371666908264160e-01
4.964897036552429199e-01
4.148519635200500488e-01
3.964383006095886230e-01
3.302316665649414062e-01
3.486147224903106689e-01
5.157162249088287354e-01
3.361208438873291016e-01
4.277219772338867188e-01
4.014568328857421875e-01
