9.961766004562377930e-01
2.928562760353088379e-01
4.109065532684326172e-01
8.505931496620178223e-01
9.950274825096130371e-01
9.988708496093750000e-01
9.985769391059875488e-01
9.988923072814941406e-01
9.909592270851135254e-01
9.864619374275207520e-01
9.960792660713195801e-01
9.994250535964965820e-01
9.998773798433830962e-01
9.986487627029418945e-01
9.978906512260437012e-01
9.995633959770202637e-01
9.993893504142761230e-01
9.998386502265930176e-01
9.998543262481689453e-01
9.998669028282165527e-01
9.998931884765625000e-01
9.988116025924682617e-01
9.983333349227905273e-01
9.998440742492675781e-01
9.999190568923950195e-01
9.999438524246215820e-01
9.999094605445861816e-01
9.990693926811218262e-01
9.998861551284790039e-01
9.999043941497802734e-01
9.999305009841918945e-01
9.998890757560729980e-01
9.998688101768493652e-01
9.999234080314636230e-01
9.999205470085144043e-01
9.999247193336486816e-01
9.999231696128845215e-01
9.997866153717041016e-01
9.998871088027954102e-01
9.998816847801208496e-01
9.996353983879089355e-01
6.238212585449218750e-01
9.909253716468811035e-01
9.974339008331298828e-01
9.994381666183471680e-01
9.997972846031188965e-01
9.945261478424072266e-01
9.993311166763305664e-01
9.997035861015319824e-01
9.999021291732788086e-01
9.999051690101623535e-01
9.997735619544982910e-01
9.998152256011962891e-01
9.999226927757263184e-01
9.999169111251831055e-01
9.997984170913696289e-01
9.920712113380432129e-01
9.985340833663940430e-01
9.990414381027221680e-01
9.995082020759582520e-01
9.998081326484680176e-01
9.991739988327026367e-01
9.984704852104187012e-01
9.991962909698486328e-01
9.994623064994812012e-01
9.995666742324829102e-01
9.994237422943115234e-01
9.994018077850341797e-01
9.997432231903076172e-01
9.975885748863220215e-01
9.983415603637695312e-01
9.993138909339904785e-01
9.976692199707031250e-01
9.983454942703247070e-01
9.945374727249145508e-01
9.997284412384033203e-01
9.986436367034912109e-01
9.982382059097290039e-01
9.912158846855163574e-01
9.958461523056030273e-01
9.976964592933654785e-01
9.995696544647216797e-01
9.990876913070678711e-01
9.997332096099853516e-01
9.998110532760620117e-01
9.997887611389160156e-01
9.993628263473510742e-01
9.997209906578063965e-01
9.995376467704772949e-01
9.995623230934143066e-01
9.996293783187866211e-01
9.994113445281982422e-01
9.994893074035644531e-01
9.996097683906555176e-01
9.996592402458190918e-01
9.994589686393737793e-01
9.993543624877929688e-01
9.989439249038696289e-01
9.996731877326965332e-01
9.996061325073242188e-01
9.985675811767578125e-01
9.986013770103454590e-01
9.954382181167602539e-01
9.993929862976074219e-01
9.995694756507873535e-01
9.989855289459228516e-01
9.993406534194946289e-01
9.991670846939086914e-01
9.983115196228027344e-01
9.944139719009399414e-01
9.905384182929992676e-01
9.884315133094787598e-01
9.992591142654418945e-01
9.978560805320739746e-01
9.994450807571411133e-01
9.991878867149353027e-01
9.879193305969238281e-01
9.937654733657836914e-01
9.966673851013183594e-01
9.800267219543457031e-01
9.991340637207031250e-01
9.995005726814270020e-01
9.995672702789306641e-01
9.982135295867919922e-01
9.990798234939575195e-01
9.919188022613525391e-01
4.476311206817626953e-01
9.162763953208923340e-01
8.599977493286132812e-01
8.759285733103752136e-01
9.309785366058349609e-01
9.881684780120849609e-01
8.891068100929260254e-01
7.862034440040588379e-01
9.645951390266418457e-01
8.757870197296142578e-01
8.568103909492492676e-01
9.837508201599121094e-01
9.294536113739013672e-01
9.463755488395690918e-01
9.415952563285827637e-01
9.272221326828002930e-01
8.301965594291687012e-01
9.179277420043945312e-01
8.414054960012435913e-01
7.081483602523803711e-01
8.725478053092956543e-01
5.479050874710083008e-01
7.599442005157470703e-01
3.828022480010986328e-01
6.355057954788208008e-01
2.773096263408660889e-01
4.676755070686340332e-01
3.972429037094116211e-01
6.678873598575592041e-01
6.175369620323181152e-01
6.161104440689086914e-01
5.208246707916259766e-01
4.979501962661743164e-01
5.074954926967620850e-01
5.174548029899597168e-01
5.851934850215911865e-01
7.021490335464477539e-01
5.511685609817504883e-01
5.448457300662994385e-01
4.265848994255065918e-01
4.358797371387481689e-01
5.766344368457794189e-01
4.260824918746948242e-01
4.638781547546386719e-01
4.435820877552032471e-01
4.900906085968017578e-01
3.486571609973907471e-01
2.969600558280944824e-01
3.664353489875793457e-01
3.282120525836944580e-01
3.880063891410827637e-01
3.058849573135375977e-01
2.970440387725830078e-01
2.753047347068786621e-01
3.206503987312316895e-01
3.516316413879394531e-01
4.307694435119628906e-01
5.038026571273803711e-01
4.131426215171813965e-01
4.090909361839294434e-01
3.428004384040832520e-01
4.746538400650024414e-01
3.629503250122070312e-01
3.167197406291961670e-01
4.025784134864807129e-01
3.755414485931396484e-01
4.102767705917358398e-01
4.483060538768768311e-01
5.186321139335632324e-01
4.857918620109558105e-01
