9.961766004562377930e-01
9.970693588256835938e-01
4.997427463531494141e-01
5.682863593101501465e-01
9.958591461181640625e-01
9.985280632972717285e-01
9.986448287963867188e-01
9.990281462669372559e-01
9.996793270111083984e-01
9.998212456703186035e-01
9.899336099624633789e-01
9.988597035408020020e-01
9.998691082000732422e-01
9.983907938003540039e-01
9.983653426170349121e-01
9.994916319847106934e-01
9.993877410888671875e-01
9.998526573181152344e-01
9.998552203178405762e-01
9.998669028282165527e-01
9.998931884765625000e-01
9.998809099197387695e-01
9.997652173042297363e-01
9.996973872184753418e-01
9.999223351478576660e-01
9.999417066574096680e-01
9.999339580535888672e-01
9.988370537757873535e-01
9.998577237129211426e-01
9.999147057533264160e-01
9.999078512191772461e-01
9.999170303344726562e-01
9.999347329139709473e-01
9.998881220817565918e-01
9.998956918716430664e-01
9.999222755432128906e-01
9.999190568923950195e-01
9.997770786285400391e-01
9.997586607933044434e-01
9.998818635940551758e-01
9.996728301048278809e-01
9.995445013046264648e-01
9.990938305854797363e-01
9.414209127426147461e-01
3.375834822654724121e-01
6.531575620174407959e-01
9.353819489479064941e-01
9.980830550193786621e-01
9.980214238166809082e-01
9.952595233917236328e-01
8.808352947235107422e-01
9.697794914245605469e-01
9.852762818336486816e-01
9.995256066322326660e-01
9.997049570083618164e-01
9.713640809059143066e-01
9.973199367523193359e-01
9.997665286064147949e-01
9.995948672294616699e-01
9.996736645698547363e-01
9.996646642684936523e-01
9.996538162231445312e-01
9.998087286949157715e-01
9.997961521148681641e-01
9.989364147186279297e-01
9.987964630126953125e-01
9.996771812438964844e-01
9.996145963668823242e-01
9.991073012351989746e-01
9.998642802238464355e-01
9.994972944259643555e-01
9.984903335571289062e-01
9.996271729469299316e-01
9.991163611412048340e-01
9.979246854782104492e-01
9.990676641464233398e-01
9.980549812316894531e-01
9.998695850372314453e-01
9.991531968116760254e-01
8.326484560966491699e-01
9.542449116706848145e-01
9.951172471046447754e-01
8.615867495536804199e-01
9.843305945396423340e-01
8.627834469079971313e-01
9.996427893638610840e-01
9.995448589324951172e-01
6.853538155555725098e-01
9.817804098129272461e-01
9.984233975410461426e-01
9.985299110412597656e-01
9.988643527030944824e-01
9.994818568229675293e-01
9.994788765907287598e-01
9.993776679039001465e-01
9.996570944786071777e-01
9.990928173065185547e-01
9.978352785110473633e-01
9.996176362037658691e-01
9.995640516281127930e-01
9.996244311332702637e-01
9.995592832565307617e-01
9.991762042045593262e-01
9.982972145080566406e-01
9.985674023628234863e-01
9.994736909866333008e-01
9.996117949485778809e-01
9.994727969169616699e-01
9.989877343177795410e-01
9.985944628715515137e-01
9.995341300964355469e-01
9.951014518737792969e-01
9.966424703598022461e-01
8.520081043243408203e-01
9.933863878250122070e-01
9.981803894042968750e-01
9.975702762603759766e-01
9.995788335800170898e-01
9.988352656364440918e-01
9.948931336402893066e-01
9.982789158821105957e-01
9.927868247032165527e-01
9.991387724876403809e-01
9.995971322059631348e-01
9.991146922111511230e-01
9.990912079811096191e-01
9.956020712852478027e-01
9.322417378425598145e-01
9.080726504325866699e-01
8.520776778459548950e-01
8.493806719779968262e-01
5.275127291679382324e-01
9.868171811103820801e-01
9.436088204383850098e-01
8.587544560432434082e-01
9.827650189399719238e-01
9.166195690631866455e-01
9.897772669792175293e-01
8.747420907020568848e-01
9.904471635818481445e-01
9.781031012535095215e-01
8.061193823814392090e-01
9.563167095184326172e-01
7.867473363876342773e-01
8.538675904273986816e-01
6.252616047859191895e-01
8.914332389831542969e-01
8.976793885231018066e-01
7.664202600717544556e-01
4.225480556488037109e-01
6.903519332408905029e-01
3.443185091018676758e-01
4.460085630416870117e-01
6.523848772048950195e-01
6.584393084049224854e-01
2.945564687252044678e-01
7.759456038475036621e-01
6.318276822566986084e-01
3.369286656379699707e-01
6.627218723297119141e-01
8.050594478845596313e-01
3.765155673027038574e-01
9.403913021087646484e-01
8.692697286605834961e-01
9.398377537727355957e-01
8.642658591270446777e-01
9.111636281013488770e-01
8.118603229522705078e-01
4.454373121261596680e-01
7.627005577087402344e-01
7.403858304023742676e-01
6.143274307250976562e-01
7.971070408821105957e-01
5.924182534217834473e-01
4.505131840705871582e-01
8.710508942604064941e-01
9.901870489120483398e-01
9.517615437507629395e-01
4.225462675094604492e-01
9.802124500274658203e-01
3.521752953529357910e-01
5.306295752525329590e-01
1.451716423034667969e-01
5.213066339492797852e-01
3.723149597644805908e-01
7.747411131858825684e-01
8.961487412452697754e-01
7.398463487625122070e-01
7.740521430969238281e-01
7.311263680458068848e-01
9.150661230087280273e-01
9.359095096588134766e-01
7.671213150024414062e-01
7.772154808044433594e-01
7.943421602249145508e-01
6.775751113891601562e-01
6.002696156501770020e-01
6.801218390464782715e-01
5.819815397262573242e-01
8.104996681213378906e-01
2.676093578338623047e-01
7.841176390647888184e-01
8.381763100624084473e-01
6.610186100006103516e-01
8.243739008903503418e-01
8.830342888832092285e-01
7.829775214195251465e-01
8.633412122726440430e-01
5.512074232101440430e-01
8.156002163887023926e-01
5.604568719863891602e-01
6.180817782878875732e-01
6.191315650939941406e-01
6.513482928276062012e-01
5.995955467224121094e-01
6.013256609439849854e-01
5.316904187202453613e-01
3.704520463943481445e-01
4.751708209514617920e-01
5.524079799652099609e-01
6.424000263214111328e-01
3.701806664466857910e-01
5.272179543972015381e-01
4.654098749160766602e-01
3.460881710052490234e-01
3.508593142032623291e-01
3.832883834838867188e-01
4.101338088512420654e-01
6.452694535255432129e-01
7.770414948463439941e-01
4.982405006885528564e-01
6.188412010669708252e-01
5.291215479373931885e-01
6.180135905742645264e-01
6.903283596038818359e-01
5.356913805007934570e-01
4.445358514785766602e-01
5.806666016578674316e-01
5.248844623565673828e-01
5.281530916690826416e-01
3.546051383018493652e-01
4.118255972862243652e-01
4.455108642578125000e-01
4.901099801063537598e-01
4.548683464527130127e-01
4.818756580352783203e-01
5.014499127864837646e-01
5.998919606208801270e-01
4.827050566673278809e-01
5.832232832908630371e-01
6.102616190910339355e-01
5.181021094322204590e-01
5.915503501892089844e-01
5.604222416877746582e-01
5.315453410148620605e-01
6.254492998123168945e-01
4.494232833385467529e-01
4.795683026313781738e-01
4.871504306793212891e-01
5.139103233814239502e-01
6.496134400367736816e-01
5.482134222984313965e-01
3.613101840019226074e-01
3.518576323986053467e-01
3.426039814949035645e-01
3.431153893470764160e-01
4.665157496929168701e-01
2.263552546501159668e-01
3.616757690906524658e-01
4.431789517402648926e-01
3.701766729354858398e-01
4.583675861358642578e-01
