9.961766004562377930e-01
2.928562760353088379e-01
4.109065830707550049e-01
8.505931496620178223e-01
9.950274825096130371e-01
9.988708496093750000e-01
9.985769391059875488e-01
7.448569238185882568e-01
9.872097969055175781e-01
9.962339997291564941e-01
9.955691695213317871e-01
9.995490312576293945e-01
9.998736381530761719e-01
9.985284209251403809e-01
9.984639286994934082e-01
9.994844794273376465e-01
9.993893504142761230e-01
9.998386502265930176e-01
9.998543262481689453e-01
9.712257385253906250e-01
9.987674951553344727e-01
9.994790554046630859e-01
9.994297027587890625e-01
9.998396635055541992e-01
9.999101161956787109e-01
9.999387860298156738e-01
9.999240040779113770e-01
9.991549253463745117e-01
9.998713731765747070e-01
9.999044537544250488e-01
9.999307990074157715e-01
9.999014139175415039e-01
9.998862147331237793e-01
9.999234676361083984e-01
9.999204874038696289e-01
9.999248981475830078e-01
9.999234676361083984e-01
9.997857213020324707e-01
9.998877644538879395e-01
9.998818635940551758e-01
9.963237643241882324e-01
9.996009469032287598e-01
9.930105209350585938e-01
9.986383318901062012e-01
9.842213392257690430e-01
9.914736151695251465e-01
9.808782339096069336e-01
2.869066298007965088e-01
8.337433338165283203e-01
9.989150762557983398e-01
9.994481205940246582e-01
9.994857907295227051e-01
9.994555115699768066e-01
9.998227357864379883e-01
9.988391995429992676e-01
9.623473882675170898e-01
9.879714846611022949e-01
9.989789724349975586e-01
9.995509386062622070e-01
9.995480179786682129e-01
9.997425675392150879e-01
9.997379779815673828e-01
9.993554353713989258e-01
9.985427856445312500e-01
9.996517300605773926e-01
9.995896816253662109e-01
9.992929100990295410e-01
9.990680813789367676e-01
9.998365044593811035e-01
9.997437000274658203e-01
9.986040592193603516e-01
9.974035620689392090e-01
9.993698000907897949e-01
9.993559718132019043e-01
9.991719126701354980e-01
9.996129274368286133e-01
9.990041851997375488e-01
9.957504272460937500e-01
9.992663860321044922e-01
6.543982923030853271e-01
9.569364786148071289e-01
9.969968199729919434e-01
9.993047714233398438e-01
9.997325539588928223e-01
9.998013377189636230e-01
9.974235892295837402e-01
9.981498122215270996e-01
9.991552829742431641e-01
9.993039369583129883e-01
9.994133710861206055e-01
9.994940161705017090e-01
9.997114539146423340e-01
9.992384314537048340e-01
9.931641221046447754e-01
9.990689158439636230e-01
9.980173707008361816e-01
9.993491768836975098e-01
9.975839853286743164e-01
9.994536042213439941e-01
9.996941089630126953e-01
9.965116977691650391e-01
9.973720312118530273e-01
9.995502829551696777e-01
9.997435808181762695e-01
9.992889761924743652e-01
9.997264742851257324e-01
9.994475245475769043e-01
7.589324712753295898e-01
6.515771448612213135e-01
9.750024676322937012e-01
9.990659356117248535e-01
9.992497563362121582e-01
9.994810819625854492e-01
9.997826218605041504e-01
9.988761544227600098e-01
9.949435591697692871e-01
9.987502098083496094e-01
9.991106986999511719e-01
9.949087500572204590e-01
9.986488223075866699e-01
9.994699358940124512e-01
9.995850920677185059e-01
9.980946183204650879e-01
9.972885847091674805e-01
9.376222006976604462e-01
9.578422307968139648e-01
9.991845488548278809e-01
9.803330302238464355e-01
9.402237534523010254e-01
9.942645430564880371e-01
9.200654625892639160e-01
9.134290665388107300e-01
9.783042073249816895e-01
9.973155856132507324e-01
9.899490475654602051e-01
9.947912096977233887e-01
9.960066676139831543e-01
9.925971031188964844e-01
9.954273700714111328e-01
9.924425482749938965e-01
9.927393198013305664e-01
9.866138100624084473e-01
9.708996415138244629e-01
9.899605512619018555e-01
9.828980565071105957e-01
9.695312976837158203e-01
9.663947820663452148e-01
9.754045009613037109e-01
9.461662769317626953e-01
7.396259903907775879e-01
6.427533328533172607e-01
4.589545726776123047e-01
9.790947437286376953e-01
3.299957513809204102e-01
7.298280000686645508e-01
7.885956168174743652e-01
8.682124018669128418e-01
9.007661715149879456e-01
9.187035560607910156e-01
9.733402132987976074e-01
9.782670736312866211e-01
9.541765451431274414e-01
9.251007437705993652e-01
9.479229450225830078e-01
9.553459286689758301e-01
8.285090327262878418e-01
6.394437551498413086e-01
5.658372640609741211e-01
7.046772837638854980e-01
7.484694719314575195e-01
7.407275438308715820e-01
7.324441075325012207e-01
8.234974145889282227e-01
6.151908040046691895e-01
8.164890408515930176e-01
9.330788254737854004e-01
8.159172534942626953e-01
8.100812435150146484e-01
7.215767502784729004e-01
8.181743621826171875e-01
6.890898346900939941e-01
8.171610236167907715e-01
7.944181561470031738e-01
9.310584068298339844e-01
9.386419653892517090e-01
9.292539954185485840e-01
9.132044538855552673e-01
7.946772575378417969e-01
5.874763727188110352e-01
6.522374749183654785e-01
8.090843558311462402e-01
8.578149676322937012e-01
9.270572662353515625e-01
9.179579615592956543e-01
7.777138352394104004e-01
8.013740181922912598e-01
7.679328918457031250e-01
7.678841948509216309e-01
7.503971457481384277e-01
9.304590225219726562e-01
8.471495509147644043e-01
6.961697936058044434e-01
7.480911612510681152e-01
9.245117902755737305e-01
8.878591656684875488e-01
8.874067664146423340e-01
8.059978932142257690e-01
7.716357111930847168e-01
4.159415960311889648e-01
5.845384597778320312e-01
3.730891942977905273e-01
5.259014368057250977e-01
4.457584917545318604e-01
5.705381631851196289e-01
6.496530175209045410e-01
6.401774883270263672e-01
5.905726552009582520e-01
5.893612504005432129e-01
4.679340124130249023e-01
4.896888732910156250e-01
4.719357490539550781e-01
5.063704848289489746e-01
5.518378615379333496e-01
4.457387328147888184e-01
5.165272355079650879e-01
5.517913103103637695e-01
6.526544988155364990e-01
5.399866700172424316e-01
6.546578407287597656e-01
5.139394998550415039e-01
4.933737516403198242e-01
4.554701447486877441e-01
6.747221648693084717e-01
3.392948508262634277e-01
4.918694794178009033e-01
4.717109799385070801e-01
4.249520003795623779e-01
5.743611156940460205e-01
5.869641602039337158e-01
6.300932466983795166e-01
6.426641345024108887e-01
5.208323597908020020e-01
4.922519028186798096e-01
6.248988509178161621e-01
5.296611189842224121e-01
4.246419668197631836e-01
4.913068413734436035e-01
4.265525341033935547e-01
4.136205315589904785e-01
4.334310293197631836e-01
3.378008008003234863e-01
5.440361797809600830e-01
3.863744139671325684e-01
4.296217262744903564e-01
