9.961766004562377930e-01
9.970693588256835938e-01
9.985863566398620605e-01
9.985475540161132812e-01
9.996557831764221191e-01
9.997925162315368652e-01
9.964882135391235352e-01
9.971145987510681152e-01
9.997074007987976074e-01
9.997804760932922363e-01
9.998107552528381348e-01
9.998169541358947754e-01
9.998995065689086914e-01
9.998383522033691406e-01
9.961624145507812500e-01
9.981701374053955078e-01
9.994019865989685059e-01
9.998326301574707031e-01
9.998809099197387695e-01
9.998513460159301758e-01
9.998788237571716309e-01
9.992058277130126953e-01
9.983148574829101562e-01
9.998443722724914551e-01
9.999192357063293457e-01
9.999231100082397461e-01
9.999374747276306152e-01
9.998973608016967773e-01
9.999336004257202148e-01
9.998859763145446777e-01
9.998660683631896973e-01
9.999148845672607422e-01
9.999091029167175293e-01
9.999243021011352539e-01
9.999257922172546387e-01
9.999395012855529785e-01
9.999065399169921875e-01
9.995627999305725098e-01
9.997397661209106445e-01
9.997314214706420898e-01
9.926204085350036621e-01
9.914335608482360840e-01
7.707421779632568359e-01
9.989009499549865723e-01
9.827633500099182129e-01
9.772306084632873535e-01
5.513708889484405518e-01
9.567016363143920898e-01
9.948158264160156250e-01
9.988318085670471191e-01
9.997695088386535645e-01
9.990546107292175293e-01
9.986290931701660156e-01
9.993965625762939453e-01
9.995979070663452148e-01
9.996796250343322754e-01
9.996495842933654785e-01
9.996594190597534180e-01
9.998605251312255859e-01
9.993786811828613281e-01
9.991986751556396484e-01
9.996675252914428711e-01
9.993770122528076172e-01
9.995196461677551270e-01
9.995045661926269531e-01
9.995614290237426758e-01
9.997256398200988770e-01
9.990567564964294434e-01
9.994567632675170898e-01
9.992789626121520996e-01
9.990612268447875977e-01
9.992508292198181152e-01
9.994023442268371582e-01
9.988143444061279297e-01
9.989148974418640137e-01
9.984229803085327148e-01
9.985201954841613770e-01
9.971436858177185059e-01
9.969070553779602051e-01
9.992479681968688965e-01
9.996068477630615234e-01
9.991092085838317871e-01
9.930103421211242676e-01
9.995646476745605469e-01
9.994019865989685059e-01
9.978616237640380859e-01
9.993985295295715332e-01
9.987553954124450684e-01
9.997543096542358398e-01
9.996834993362426758e-01
9.966666698455810547e-01
9.969266057014465332e-01
9.994185566902160645e-01
9.984645843505859375e-01
9.953477382659912109e-01
9.995380640029907227e-01
9.995092749595642090e-01
9.997144341468811035e-01
9.995517730712890625e-01
9.988288283348083496e-01
9.991633296012878418e-01
9.965952634811401367e-01
9.981268644332885742e-01
9.994225502014160156e-01
9.993625283241271973e-01
9.991480112075805664e-01
9.995011091232299805e-01
9.866377115249633789e-01
9.959337115287780762e-01
9.927623867988586426e-01
9.997413754463195801e-01
9.971016049385070801e-01
9.972065091133117676e-01
9.984112381935119629e-01
9.981843829154968262e-01
9.967761039733886719e-01
9.988453388214111328e-01
9.972410202026367188e-01
9.996411800384521484e-01
9.963468313217163086e-01
9.952151775360107422e-01
9.986682534217834473e-01
9.996520280838012695e-01
9.988332986831665039e-01
9.960811138153076172e-01
9.871016740798950195e-01
9.983602762222290039e-01
9.988828301429748535e-01
8.456645607948303223e-01
9.848468899726867676e-01
6.904504895210266113e-01
9.983952045440673828e-01
9.963843822479248047e-01
8.871796727180480957e-01
9.631037116050720215e-01
9.868628978729248047e-01
9.485971927642822266e-01
8.510497808456420898e-01
9.656611680984497070e-01
8.679471015930175781e-01
9.683064818382263184e-01
9.952702522277832031e-01
9.559094309806823730e-01
9.672765731811523438e-01
9.834771156311035156e-01
9.779983162879943848e-01
8.366572111845016479e-01
8.057869672775268555e-01
7.787132263183593750e-01
5.605032742023468018e-01
4.636321663856506348e-01
4.842516481876373291e-01
5.377700328826904297e-01
7.788583040237426758e-01
6.637420058250427246e-01
6.370182037353515625e-01
6.037493944168090820e-01
8.100839853286743164e-01
4.464004635810852051e-01
7.923105359077453613e-01
5.129238963127136230e-01
7.913931608200073242e-01
5.549358129501342773e-01
7.346328496932983398e-01
7.321759462356567383e-01
5.938423275947570801e-01
7.319985032081604004e-01
5.270036458969116211e-01
6.300040483474731445e-01
5.066403746604919434e-01
4.474377036094665527e-01
5.130893290042877197e-01
3.558406233787536621e-01
4.660588502883911133e-01
4.838441014289855957e-01
2.886224985122680664e-01
3.674219846725463867e-01
3.820275068283081055e-01
2.683306336402893066e-01
3.479886054992675781e-01
4.582028090953826904e-01
3.086809515953063965e-01
3.158928155899047852e-01
2.751609683036804199e-01
3.908195495605468750e-01
3.118597269058227539e-01
3.101352453231811523e-01
3.732784986495971680e-01
3.842406272888183594e-01
3.337346613407135010e-01
2.994359135627746582e-01
3.222100138664245605e-01
2.913631796836853027e-01
2.570670843124389648e-01
2.641802132129669189e-01
3.869523108005523682e-01
4.803108572959899902e-01
3.646857142448425293e-01
4.588546454906463623e-01
3.412441015243530273e-01
4.114534854888916016e-01
3.700873255729675293e-01
3.894700407981872559e-01
4.484470486640930176e-01
4.396465420722961426e-01
3.734706044197082520e-01
3.841860890388488770e-01
3.197452425956726074e-01
3.843216896057128906e-01
3.033936023712158203e-01
3.241604864597320557e-01
3.439874351024627686e-01
2.979091405868530273e-01
3.919865489006042480e-01
3.398761153221130371e-01
3.306354284286499023e-01
