9.961766004562377930e-01
9.970693588256835938e-01
9.985863566398620605e-01
6.561008989810943604e-01
9.846214652061462402e-01
9.987663626670837402e-01
4.852566421031951904e-01
7.445484995841979980e-01
9.955805540084838867e-01
9.956941008567810059e-01
9.976858496665954590e-01
9.995087981224060059e-01
9.998688101768493652e-01
9.998847842216491699e-01
9.987072944641113281e-01
9.982871413230895996e-01
9.994984865188598633e-01
9.998257160186767578e-01
9.998814463615417480e-01
9.585264921188354492e-01
9.979286193847656250e-01
9.996428489685058594e-01
9.998295903205871582e-01
9.998399615287780762e-01
9.999109506607055664e-01
9.999142289161682129e-01
9.999448657035827637e-01
9.999305605888366699e-01
9.998197555541992188e-01
9.998757839202880859e-01
9.999055266380310059e-01
9.999178051948547363e-01
9.999440312385559082e-01
9.998990893363952637e-01
9.998912811279296875e-01
9.999257326126098633e-01
9.999186992645263672e-01
9.997813701629638672e-01
9.997540116310119629e-01
9.997556209564208984e-01
9.972718358039855957e-01
9.777642488479614258e-01
9.272752404212951660e-01
9.524375200271606445e-01
9.925390481948852539e-01
6.438431143760681152e-01
9.511685371398925781e-01
9.945893883705139160e-01
8.179176449775695801e-01
9.965955018997192383e-01
9.994333386421203613e-01
9.994453787803649902e-01
9.994876384735107422e-01
9.996424913406372070e-01
9.996439814567565918e-01
9.998575448989868164e-01
9.993895292282104492e-01
9.991673231124877930e-01
9.996723532676696777e-01
9.996289014816284180e-01
9.997031092643737793e-01
9.996787905693054199e-01
9.997939467430114746e-01
9.991840720176696777e-01
9.987541437149047852e-01
9.994429349899291992e-01
9.993811249732971191e-01
9.995075464248657227e-01
9.992191791534423828e-01
9.988502264022827148e-01
9.997383952140808105e-01
9.968269467353820801e-01
9.961933493614196777e-01
9.990975260734558105e-01
9.991057515144348145e-01
9.994616508483886719e-01
9.981110095977783203e-01
9.993916153907775879e-01
9.772784113883972168e-01
9.223544001579284668e-01
9.995002746582031250e-01
9.988843798637390137e-01
9.990772008895874023e-01
9.976938962936401367e-01
9.992088079452514648e-01
9.997870922088623047e-01
9.997230172157287598e-01
9.997288584709167480e-01
9.993763566017150879e-01
9.997795224189758301e-01
9.998130798339843750e-01
9.998912215232849121e-01
9.998010396957397461e-01
9.996200799942016602e-01
9.987735748291015625e-01
9.993133544921875000e-01
9.988604187965393066e-01
9.996430873870849609e-01
9.992386698722839355e-01
9.996869564056396484e-01
9.990586042404174805e-01
9.983866214752197266e-01
9.988934397697448730e-01
9.995959401130676270e-01
9.997721314430236816e-01
9.996135234832763672e-01
9.997412562370300293e-01
9.993596076965332031e-01
9.992227554321289062e-01
9.917969107627868652e-01
9.919970631599426270e-01
9.932879805564880371e-01
9.994049668312072754e-01
9.985024333000183105e-01
9.997578263282775879e-01
9.964445233345031738e-01
9.952647686004638672e-01
9.975044727325439453e-01
9.982404112815856934e-01
9.875570535659790039e-01
9.956391453742980957e-01
9.990424513816833496e-01
9.995105862617492676e-01
9.992465972900390625e-01
9.979227781295776367e-01
9.616413712501525879e-01
9.948346018791198730e-01
9.967342019081115723e-01
9.959655404090881348e-01
9.794198274612426758e-01
9.982799887657165527e-01
9.569755792617797852e-01
9.720612168312072754e-01
9.908500313758850098e-01
9.872545599937438965e-01
9.753108620643615723e-01
9.852269291877746582e-01
9.897028207778930664e-01
9.201052784919738770e-01
9.357157349586486816e-01
9.400513768196105957e-01
9.280465245246887207e-01
9.119768738746643066e-01
9.851914644241333008e-01
9.932802319526672363e-01
9.851796627044677734e-01
9.847676753997802734e-01
9.369296431541442871e-01
8.325909972190856934e-01
3.633277714252471924e-01
4.778158068656921387e-01
3.922811150550842285e-01
2.816312313079833984e-01
9.088724255561828613e-01
3.974777460098266602e-01
6.651710867881774902e-01
4.848839640617370605e-01
8.065579533576965332e-01
6.326546669006347656e-01
7.425882220268249512e-01
8.810536861419677734e-01
8.821977972984313965e-01
7.536454796791076660e-01
8.773370981216430664e-01
8.632272481918334961e-01
8.718208074569702148e-01
6.006539762020111084e-01
4.877016246318817139e-01
5.577920973300933838e-01
2.554460763931274414e-01
3.653515875339508057e-01
3.607079386711120605e-01
3.082585930824279785e-01
3.723204135894775391e-01
3.345055580139160156e-01
3.386628031730651855e-01
4.861299395561218262e-01
4.103972911834716797e-01
3.438029289245605469e-01
3.196784555912017822e-01
3.341650664806365967e-01
2.590634226799011230e-01
3.434059917926788330e-01
3.506551384925842285e-01
3.938504457473754883e-01
3.968999087810516357e-01
3.608813285827636719e-01
4.211326837539672852e-01
3.845996856689453125e-01
3.317655920982360840e-01
2.665533721446990967e-01
3.734546303749084473e-01
3.538232445716857910e-01
2.841176986694335938e-01
4.312603473663330078e-01
4.252785146236419678e-01
3.493847548961639404e-01
4.837452173233032227e-01
3.429962396621704102e-01
3.725798130035400391e-01
3.706073760986328125e-01
4.061985909938812256e-01
3.206809759140014648e-01
4.099472165107727051e-01
4.246308207511901855e-01
4.643565416336059570e-01
4.813482761383056641e-01
4.465924501419067383e-01
5.150192975997924805e-01
4.260020554065704346e-01
4.684995114803314209e-01
3.709897994995117188e-01
4.074926972389221191e-01
4.125739932060241699e-01
4.038773179054260254e-01
3.777773082256317139e-01
4.548542499542236328e-01
3.742049932479858398e-01
