9.961766004562377930e-01
9.970693588256835938e-01
9.985863566398620605e-01
9.985475540161132812e-01
9.888774156570434570e-01
9.962951540946960449e-01
9.985373020172119141e-01
7.218344211578369141e-01
9.873031973838806152e-01
9.964604973793029785e-01
9.955384731292724609e-01
9.996097683906555176e-01
9.998735189437866211e-01
9.985284209251403809e-01
9.984772205352783203e-01
9.994879364967346191e-01
9.994032979011535645e-01
9.998403191566467285e-01
9.998552203178405762e-01
9.998673796653747559e-01
9.998931884765625000e-01
9.988433122634887695e-01
9.996945261955261230e-01
9.998473525047302246e-01
9.999197125434875488e-01
9.999440312385559082e-01
9.999247193336486816e-01
9.999226927757263184e-01
9.998966455459594727e-01
9.998659491539001465e-01
9.999153017997741699e-01
9.999079704284667969e-01
9.999147653579711914e-01
9.999448060989379883e-01
9.999390840530395508e-01
9.999073147773742676e-01
9.998925328254699707e-01
9.997405409812927246e-01
9.868654608726501465e-01
5.488095283508300781e-01
9.839218258857727051e-01
2.446421980857849121e-01
8.172477483749389648e-01
6.062899231910705566e-01
5.044593214988708496e-01
8.478649258613586426e-01
8.886452242732048035e-01
9.979735612869262695e-01
9.993216991424560547e-01
9.998503327369689941e-01
9.994023442268371582e-01
9.990824460983276367e-01
9.996316432952880859e-01
9.996076226234436035e-01
9.996653795242309570e-01
9.996528625488281250e-01
9.998447895050048828e-01
9.994425773620605469e-01
9.991666674613952637e-01
9.996752738952636719e-01
9.994528889656066895e-01
9.998034834861755371e-01
9.978696107864379883e-01
9.998700022697448730e-01
9.987667798995971680e-01
9.983687996864318848e-01
9.992947578430175781e-01
9.992687106132507324e-01
9.996377229690551758e-01
9.988684058189392090e-01
9.982129931449890137e-01
9.993655085563659668e-01
9.998252391815185547e-01
9.987705945968627930e-01
9.994074106216430664e-01
9.993599057197570801e-01
9.994940161705017090e-01
9.997366070747375488e-01
9.971332550048828125e-01
9.840818047523498535e-01
9.985289573669433594e-01
9.976725578308105469e-01
9.996020197868347168e-01
9.968222379684448242e-01
9.982855916023254395e-01
9.992990493774414062e-01
9.996153116226196289e-01
9.996341466903686523e-01
9.996623396873474121e-01
9.994402527809143066e-01
9.994871616363525391e-01
9.996015429496765137e-01
9.996206164360046387e-01
9.993920922279357910e-01
9.988182783126831055e-01
9.997321963310241699e-01
9.994606375694274902e-01
9.996940493583679199e-01
9.989163875579833984e-01
9.988172054290771484e-01
9.977360963821411133e-01
9.993419647216796875e-01
9.996606111526489258e-01
9.986804127693176270e-01
9.986770749092102051e-01
9.960455298423767090e-01
9.984725117683410645e-01
9.994305968284606934e-01
9.994285106658935547e-01
9.993832707405090332e-01
9.872992038726806641e-01
9.956921339035034180e-01
9.975383877754211426e-01
9.986848235130310059e-01
9.990523457527160645e-01
9.989750385284423828e-01
9.995088577270507812e-01
9.984349012374877930e-01
9.991283416748046875e-01
9.996656775474548340e-01
9.983739256858825684e-01
9.648833759129047394e-01
9.551430940628051758e-01
9.376750960946083069e-01
9.833396077156066895e-01
9.978722929954528809e-01
9.989191889762878418e-01
9.860619902610778809e-01
9.927023649215698242e-01
9.813175201416015625e-01
9.917877316474914551e-01
9.887662529945373535e-01
9.976261854171752930e-01
9.888966083526611328e-01
9.910998940467834473e-01
9.796905517578125000e-01
9.911206364631652832e-01
9.824532270431518555e-01
9.908396601676940918e-01
9.976255893707275391e-01
9.896218776702880859e-01
9.939559102058410645e-01
9.785797595977783203e-01
9.835081696510314941e-01
8.245666027069091797e-01
8.588662445545196533e-01
9.445739984512329102e-01
9.280096888542175293e-01
7.634439468383789062e-01
8.948601484298706055e-01
4.717335700988769531e-01
9.060752987861633301e-01
4.186823964118957520e-01
9.201539754867553711e-01
7.130749821662902832e-01
6.502534151077270508e-01
5.339902043342590332e-01
5.930215418338775635e-01
6.736546158790588379e-01
5.055216550827026367e-01
4.486290216445922852e-01
6.081088185310363770e-01
3.393479883670806885e-01
4.002012312412261963e-01
3.240736126899719238e-01
4.019962847232818604e-01
2.932633161544799805e-01
3.365679681301116943e-01
4.220006465911865234e-01
3.684051632881164551e-01
3.006317317485809326e-01
3.322660326957702637e-01
3.314750790596008301e-01
2.509304285049438477e-01
3.624066710472106934e-01
3.359884023666381836e-01
4.297901988029479980e-01
3.554574251174926758e-01
4.223798215389251709e-01
3.447906970977783203e-01
3.051344156265258789e-01
2.818646430969238281e-01
3.125892281532287598e-01
4.312562048435211182e-01
3.138883113861083984e-01
2.813605666160583496e-01
2.936273813247680664e-01
3.769043087959289551e-01
3.973105549812316895e-01
3.326181173324584961e-01
2.982614636421203613e-01
3.527790904045104980e-01
4.117264151573181152e-01
4.133755564689636230e-01
4.021910130977630615e-01
4.564470648765563965e-01
4.509351253509521484e-01
4.430817961692810059e-01
4.328920245170593262e-01
4.864642620086669922e-01
3.682362139225006104e-01
3.800850510597229004e-01
3.880382776260375977e-01
4.095254540443420410e-01
4.470581114292144775e-01
4.806472361087799072e-01
4.994485974311828613e-01
4.322454929351806641e-01
4.620956778526306152e-01
