9.961766004562377930e-01
9.970693588256835938e-01
9.985863566398620605e-01
6.561009287834167480e-01
9.846214652061462402e-01
9.987663626670837402e-01
4.852566719055175781e-01
7.445484995841979980e-01
9.955805540084838867e-01
9.956941008567810059e-01
9.976858496665954590e-01
9.995087981224060059e-01
9.998688101768493652e-01
9.998847842216491699e-01
9.987072944641113281e-01
9.982871413230895996e-01
9.994984865188598633e-01
9.998257160186767578e-01
9.998814463615417480e-01
9.585264921188354492e-01
9.979286193847656250e-01
9.996428489685058594e-01
9.998295903205871582e-01
9.998399615287780762e-01
9.999109506607055664e-01
9.999142289161682129e-01
9.999448657035827637e-01
9.999305605888366699e-01
9.999287724494934082e-01
9.998864531517028809e-01
9.998669624328613281e-01
9.999229907989501953e-01
9.999395012855529785e-01
9.999026060104370117e-01
9.998983144760131836e-01
9.999214410781860352e-01
9.999217987060546875e-01
9.997813701629638672e-01
8.393104076385498047e-01
9.897111058235168457e-01
9.991150498390197754e-01
9.771909117698669434e-01
9.902498126029968262e-01
9.973536729812622070e-01
6.999652385711669922e-01
9.990292787551879883e-01
6.896488666534423828e-01
9.904086589813232422e-01
7.732838243246078491e-01
9.963583350181579590e-01
9.549334645271301270e-01
9.307402968406677246e-01
9.863097071647644043e-01
9.990954399108886719e-01
9.994900822639465332e-01
9.997583031654357910e-01
9.977373480796813965e-01
9.995024204254150391e-01
9.996343851089477539e-01
9.996180534362792969e-01
9.996870160102844238e-01
9.996579289436340332e-01
9.997825026512145996e-01
9.991145730018615723e-01
9.986155629158020020e-01
9.996747970581054688e-01
9.996041655540466309e-01
9.991741776466369629e-01
9.997343420982360840e-01
9.996938705444335938e-01
9.997890591621398926e-01
9.996988177299499512e-01
9.996669888496398926e-01
9.980526566505432129e-01
9.978941082954406738e-01
9.995532631874084473e-01
9.991873502731323242e-01
8.113749623298645020e-01
9.766711592674255371e-01
2.495167851448059082e-01
9.844927787780761719e-01
9.219142198562622070e-01
9.984334111213684082e-01
9.947088956832885742e-01
9.995633959770202637e-01
9.987828135490417480e-01
9.865054488182067871e-01
9.717350006103515625e-01
9.985457658767700195e-01
9.993438124656677246e-01
9.991198182106018066e-01
9.985650181770324707e-01
9.996096491813659668e-01
9.942281842231750488e-01
9.937409758567810059e-01
9.952320456504821777e-01
9.983072280883789062e-01
9.961399435997009277e-01
9.992347359657287598e-01
9.984903931617736816e-01
8.897024989128112793e-01
9.774735569953918457e-01
9.986881613731384277e-01
9.994224309921264648e-01
9.983141422271728516e-01
9.997323751449584961e-01
9.997221231460571289e-01
9.993413090705871582e-01
8.644023388624191284e-01
7.625489830970764160e-01
4.729619920253753662e-01
9.350575208663940430e-01
9.952160716056823730e-01
9.996115565299987793e-01
9.991980791091918945e-01
9.998537898063659668e-01
9.982659220695495605e-01
9.908500313758850098e-01
9.997491240501403809e-01
4.423368871212005615e-01
9.484574757516384125e-01
9.992829561233520508e-01
7.780505418777465820e-01
9.615857005119323730e-01
9.710588455200195312e-01
9.699624180793762207e-01
9.994857907295227051e-01
7.577422261238098145e-01
9.570512771606445312e-01
9.356327056884765625e-01
9.685599207878112793e-01
9.988272190093994141e-01
9.664525389671325684e-01
8.814318776130676270e-01
9.972020387649536133e-01
9.236077666282653809e-01
9.985066652297973633e-01
9.888561964035034180e-01
9.330171346664428711e-01
9.654799699783325195e-01
9.127247333526611328e-01
9.197580218315124512e-01
9.750567078590393066e-01
9.533498287200927734e-01
8.116617202758789062e-01
8.972870111465454102e-01
8.006275296211242676e-01
9.888254404067993164e-01
8.615646362304687500e-01
6.910523772239685059e-01
4.885277152061462402e-01
7.216550111770629883e-01
6.500824689865112305e-01
6.249975562095642090e-01
7.797073125839233398e-01
6.685924530029296875e-01
5.145380496978759766e-01
7.766844034194946289e-01
6.549652814865112305e-01
6.859707236289978027e-01
7.043771147727966309e-01
9.430650472640991211e-01
9.176194667816162109e-01
8.414983153343200684e-01
6.295928657054901123e-01
6.561720669269561768e-01
4.836729764938354492e-01
6.024385094642639160e-01
5.418701171875000000e-01
7.849881649017333984e-01
5.509460568428039551e-01
6.187389492988586426e-01
6.417742371559143066e-01
5.848979353904724121e-01
4.939978718757629395e-01
5.847169160842895508e-01
7.735671401023864746e-01
5.729471445083618164e-01
5.646962523460388184e-01
4.629347324371337891e-01
5.360285639762878418e-01
4.530177116394042969e-01
6.706350147724151611e-01
4.495384395122528076e-01
3.977794647216796875e-01
2.247867584228515625e-01
1.933625340461730957e-01
3.063626885414123535e-01
2.700791358947753906e-01
3.704069256782531738e-01
3.016816377639770508e-01
3.790171742439270020e-01
4.232642054557800293e-01
4.049860835075378418e-01
3.719287514686584473e-01
4.533894062042236328e-01
3.780694603919982910e-01
3.730359077453613281e-01
4.104953110218048096e-01
4.438982605934143066e-01
4.702157974243164062e-01
3.853677511215209961e-01
4.097500443458557129e-01
3.530720472335815430e-01
3.760479092597961426e-01
2.965377569198608398e-01
3.542621135711669922e-01
3.833588361740112305e-01
4.408947825431823730e-01
3.708172440528869629e-01
4.405102729797363281e-01
4.592294096946716309e-01
4.474292397499084473e-01
5.065803527832031250e-01
4.899883270263671875e-01
4.512634575366973877e-01
4.323468506336212158e-01
4.026950597763061523e-01
