9.961766004562377930e-01
9.970693588256835938e-01
9.985863566398620605e-01
9.985475540161132812e-01
9.996557831764221191e-01
9.997925162315368652e-01
9.997665286064147949e-01
9.977559447288513184e-01
9.526036977767944336e-01
9.865272045135498047e-01
9.954460263252258301e-01
9.994695186614990234e-01
9.998782873153686523e-01
9.986348748207092285e-01
9.983296990394592285e-01
9.995701909065246582e-01
9.994032979011535645e-01
9.998399615287780762e-01
9.998552799224853516e-01
9.998674392700195312e-01
9.998931884765625000e-01
9.998800754547119141e-01
9.988817572593688965e-01
9.996901154518127441e-01
9.999222755432128906e-01
9.999418258666992188e-01
9.999086856842041016e-01
9.998809099197387695e-01
9.999186396598815918e-01
9.999431967735290527e-01
9.998909831047058105e-01
9.998785853385925293e-01
9.999108314514160156e-01
9.999121427536010742e-01
9.999247193336486816e-01
9.999168515205383301e-01
9.999395012855529785e-01
9.996351003646850586e-01
6.241776943206787109e-01
9.896347522735595703e-01
9.971109628677368164e-01
9.993904829025268555e-01
9.996611475944519043e-01
9.985668063163757324e-01
9.996887445449829102e-01
9.988930225372314453e-01
4.593449234962463379e-01
9.810674786567687988e-01
9.930136799812316895e-01
9.992609620094299316e-01
9.588813185691833496e-01
9.990603923797607422e-01
9.995807409286499023e-01
9.716141223907470703e-01
9.986063241958618164e-01
9.991267323493957520e-01
9.988698363304138184e-01
9.997804760932922363e-01
9.996357560157775879e-01
9.998421072959899902e-01
9.994186758995056152e-01
9.991497397422790527e-01
9.994237422943115234e-01
9.993643760681152344e-01
9.995021224021911621e-01
9.994644522666931152e-01
9.997929930686950684e-01
9.991806745529174805e-01
9.986983537673950195e-01
9.996802210807800293e-01
9.996042251586914062e-01
9.991129040718078613e-01
9.998362064361572266e-01
9.994966983795166016e-01
9.994230866432189941e-01
9.297435283660888672e-01
9.932828545570373535e-01
9.744663238525390625e-01
9.997049570083618164e-01
9.993055462837219238e-01
9.996966719627380371e-01
9.998005032539367676e-01
9.994008541107177734e-01
9.995998144149780273e-01
9.997134208679199219e-01
9.996562600135803223e-01
9.997497797012329102e-01
9.995486140251159668e-01
9.992284774780273438e-01
9.992907643318176270e-01
9.997153878211975098e-01
9.996611475944519043e-01
9.997289180755615234e-01
9.994128942489624023e-01
9.994186162948608398e-01
9.995364546775817871e-01
9.993873238563537598e-01
9.995557069778442383e-01
9.986812472343444824e-01
9.988879561424255371e-01
9.996289014816284180e-01
9.997400641441345215e-01
9.992843866348266602e-01
9.994800686836242676e-01
9.993613362312316895e-01
9.993619918823242188e-01
9.993608593940734863e-01
9.962818026542663574e-01
9.581006765365600586e-01
9.959936141967773438e-01
9.833135604858398438e-01
9.984139800071716309e-01
9.995383024215698242e-01
9.994659423828125000e-01
9.968127012252807617e-01
9.991253614425659180e-01
9.812335968017578125e-01
9.991906881332397461e-01
9.996218085289001465e-01
9.996662139892578125e-01
9.993409514427185059e-01
9.992709159851074219e-01
9.419653415679931641e-01
9.790102243423461914e-01
9.971647262573242188e-01
9.854626059532165527e-01
8.893179297447204590e-01
9.818387031555175781e-01
9.920105338096618652e-01
9.981413483619689941e-01
9.513760805130004883e-01
9.779686331748962402e-01
9.859896302223205566e-01
5.944705009460449219e-01
8.417615890502929688e-01
9.693327546119689941e-01
7.651612013578414917e-01
8.798885345458984375e-01
7.188145816326141357e-01
8.701838850975036621e-01
9.585617184638977051e-01
9.881216883659362793e-01
9.340086579322814941e-01
9.548528194427490234e-01
8.912296891212463379e-01
9.653099775314331055e-01
7.431799173355102539e-01
8.409405946731567383e-01
6.996861100196838379e-01
7.358455657958984375e-01
2.597127854824066162e-01
8.663705587387084961e-01
6.688414216041564941e-01
2.593421936035156250e-01
4.958584010601043701e-01
5.249646902084350586e-01
3.435274362564086914e-01
6.685639023780822754e-01
5.445680320262908936e-01
2.952584624290466309e-01
5.297488570213317871e-01
4.394145011901855469e-01
4.558849334716796875e-01
4.586587548255920410e-01
5.386110544204711914e-01
4.029452502727508545e-01
4.308183789253234863e-01
4.635596275329589844e-01
4.401925802230834961e-01
4.204729795455932617e-01
3.947374820709228516e-01
2.852730453014373779e-01
2.909011840820312500e-01
2.842416763305664062e-01
3.922304511070251465e-01
4.540590941905975342e-01
4.176827967166900635e-01
4.064292311668395996e-01
4.631161689758300781e-01
4.326915740966796875e-01
4.315195679664611816e-01
4.344380795955657959e-01
4.596695303916931152e-01
4.655359089374542236e-01
5.736128687858581543e-01
4.337872266769409180e-01
4.230160117149353027e-01
4.316961169242858887e-01
4.974799156188964844e-01
4.924449324607849121e-01
5.645565390586853027e-01
4.582570195198059082e-01
4.908769726753234863e-01
4.416694641113281250e-01
5.439012646675109863e-01
6.391881108283996582e-01
6.371163725852966309e-01
6.067491769790649414e-01
5.464041829109191895e-01
5.770322084426879883e-01
5.289950966835021973e-01
5.524177551269531250e-01
4.329410195350646973e-01
5.435631871223449707e-01
4.893532991409301758e-01
3.876595497131347656e-01
5.252718329429626465e-01
4.505311548709869385e-01
4.775792062282562256e-01
