9.961765869520604610e-01
9.970693588256835938e-01
9.985863566398620605e-01
6.561009287834167480e-01
9.846214652061462402e-01
9.987663626670837402e-01
4.852566719055175781e-01
7.445484995841979980e-01
9.955805540084838867e-01
9.956941008567810059e-01
9.976858496665954590e-01
9.995087981224060059e-01
9.998688101768493652e-01
9.998847842216491699e-01
9.987072944641113281e-01
9.982871413230895996e-01
9.994984865188598633e-01
9.998257160186767578e-01
9.998814463615417480e-01
9.585264921188354492e-01
9.979286193847656250e-01
9.996428489685058594e-01
9.998295903205871582e-01
9.998399615287780762e-01
9.999109506607055664e-01
9.999142289161682129e-01
9.999448657035827637e-01
9.999305605888366699e-01
9.998197555541992188e-01
9.998757839202880859e-01
9.999055266380310059e-01
9.999178051948547363e-01
9.999440312385559082e-01
9.999418854713439941e-01
9.999035596847534180e-01
9.998966455459594727e-01
9.999222755432128906e-01
9.997323155403137207e-01
8.683731555938720703e-01
9.902617931365966797e-01
9.990102052688598633e-01
9.996576309204101562e-01
9.930981993675231934e-01
9.913960695266723633e-01
9.996613860130310059e-01
9.996563792228698730e-01
9.924785494804382324e-01
9.997648596763610840e-01
9.992120862007141113e-01
9.997600913047790527e-01
9.970079660415649414e-01
9.976758956909179688e-01
9.993228912353515625e-01
9.989278912544250488e-01
9.993876814842224121e-01
9.998240470886230469e-01
9.998125433921813965e-01
9.988936185836791992e-01
9.720643758773803711e-01
9.991917610168457031e-01
9.991445541381835938e-01
9.995948672294616699e-01
9.997647404670715332e-01
9.996237158775329590e-01
9.970056414604187012e-01
9.993199706077575684e-01
9.995000958442687988e-01
9.994508028030395508e-01
9.995361566543579102e-01
9.994100332260131836e-01
9.997699260711669922e-01
9.992725849151611328e-01
9.995461702346801758e-01
9.993577599525451660e-01
9.976714253425598145e-01
9.992148280143737793e-01
9.986813664436340332e-01
9.994418621063232422e-01
9.545496702194213867e-01
9.037286043167114258e-01
9.550705552101135254e-01
9.995862245559692383e-01
9.992371201515197754e-01
9.980707764625549316e-01
9.992122650146484375e-01
9.996965527534484863e-01
9.997603893280029297e-01
9.997553229331970215e-01
9.997727870941162109e-01
9.989970326423645020e-01
9.969816207885742188e-01
9.996730089187622070e-01
9.997022747993469238e-01
9.997725486755371094e-01
9.995614886283874512e-01
9.994059801101684570e-01
9.997408986091613770e-01
9.997273683547973633e-01
9.997844696044921875e-01
9.990498423576354980e-01
9.983722567558288574e-01
9.996464252471923828e-01
9.998236894607543945e-01
9.997062087059020996e-01
9.996978640556335449e-01
9.996966719627380371e-01
9.994297027587890625e-01
9.995322823524475098e-01
8.208860456943511963e-01
7.237950563430786133e-01
9.804489016532897949e-01
9.992952942848205566e-01
9.992148280143737793e-01
9.996116161346435547e-01
9.994025230407714844e-01
9.997910261154174805e-01
9.980010986328125000e-01
9.945310354232788086e-01
9.996449351310729980e-01
9.985949993133544922e-01
8.544235229492187500e-01
9.181548953056335449e-01
9.924861192703247070e-01
9.986544251441955566e-01
9.929994940757751465e-01
9.221039414405822754e-01
9.976411461830139160e-01
9.965354204177856445e-01
9.807736277580261230e-01
8.974350094795227051e-01
9.770373106002807617e-01
9.974381923675537109e-01
9.686949253082275391e-01
8.878636583685874939e-01
9.376038312911987305e-01
9.856358766555786133e-01
9.782250523567199707e-01
9.927803874015808105e-01
9.971123933792114258e-01
9.808364510536193848e-01
9.852880239486694336e-01
9.916604161262512207e-01
9.922732710838317871e-01
9.828652143478393555e-01
8.662997484207153320e-01
9.660268425941467285e-01
9.735006690025329590e-01
8.655429184436798096e-01
8.754060491919517517e-01
4.696410596370697021e-01
7.495590448379516602e-01
8.054533004760742188e-01
6.423089206218719482e-01
7.235516607761383057e-01
8.673431873321533203e-01
7.821382284164428711e-01
7.349225878715515137e-01
8.159477710723876953e-01
7.427545785903930664e-01
7.327483296394348145e-01
7.860562801361083984e-01
8.993553519248962402e-01
9.166600108146667480e-01
8.687782883644104004e-01
6.747146248817443848e-01
5.928727984428405762e-01
2.413914203643798828e-01
4.560335278511047363e-01
7.287016212940216064e-01
6.821351051330566406e-01
8.699557483196258545e-01
7.142158150672912598e-01
8.246647715568542480e-01
8.034865856170654297e-01
5.047386884689331055e-01
4.777287244796752930e-01
8.254254460334777832e-01
6.954483389854431152e-01
6.492008864879608154e-01
5.725161433219909668e-01
5.501588582992553711e-01
3.444485962390899658e-01
3.417451381683349609e-01
5.563513040542602539e-01
4.170644581317901611e-01
3.402988314628601074e-01
3.005031943321228027e-01
6.334237456321716309e-01
5.211172103881835938e-01
4.353848099708557129e-01
5.463556945323944092e-01
5.166669785976409912e-01
5.810416340827941895e-01
4.166471362113952637e-01
5.812823474407196045e-01
4.266553521156311035e-01
6.047410964965820312e-01
3.618908524513244629e-01
6.101635992527008057e-01
5.932629108428955078e-01
3.956786990165710449e-01
4.504042267799377441e-01
5.264096260070800781e-01
5.513841509819030762e-01
4.270020127296447754e-01
5.448578000068664551e-01
4.165583848953247070e-01
6.073909997940063477e-01
4.108700156211853027e-01
4.993722438812255859e-01
3.834529519081115723e-01
5.229153633117675781e-01
4.929052591323852539e-01
3.957833647727966309e-01
3.854930400848388672e-01
3.803054690361022949e-01
4.654177427291870117e-01
3.854180574417114258e-01
4.512843489646911621e-01
3.514427244663238525e-01
4.229298233985900879e-01
3.824548721313476562e-01
4.257505536079406738e-01
3.462088704109191895e-01
4.060686826705932617e-01
4.014220237731933594e-01
