9.961766004562377930e-01
9.970693588256835938e-01
9.985863566398620605e-01
6.561009287834167480e-01
9.846214652061462402e-01
9.987663626670837402e-01
4.852566421031951904e-01
7.445484995841979980e-01
9.955805540084838867e-01
9.956941008567810059e-01
9.976858496665954590e-01
9.995087981224060059e-01
9.998688101768493652e-01
9.998847842216491699e-01
9.987072944641113281e-01
9.982871413230895996e-01
9.994984865188598633e-01
9.998257160186767578e-01
9.998814463615417480e-01
9.585264921188354492e-01
9.979286193847656250e-01
9.996428489685058594e-01
9.998295903205871582e-01
9.998399615287780762e-01
9.999109506607055664e-01
9.999142289161682129e-01
9.999448657035827637e-01
9.999305605888366699e-01
9.998197555541992188e-01
9.998757839202880859e-01
9.999055266380310059e-01
9.999178051948547363e-01
9.999440312385559082e-01
9.998990893363952637e-01
9.998912811279296875e-01
9.999257326126098633e-01
9.999186992645263672e-01
9.997813701629638672e-01
9.997540116310119629e-01
9.997556209564208984e-01
9.972718358039855957e-01
9.781440496444702148e-01
9.916027784347534180e-01
9.339711070060729980e-01
9.820830225944519043e-01
6.562194824218750000e-01
6.153676807880401611e-01
9.933648109436035156e-01
8.002715706825256348e-01
9.972320795059204102e-01
9.990666508674621582e-01
9.994323849678039551e-01
9.994680881500244141e-01
9.996536374092102051e-01
9.996408820152282715e-01
9.998558163642883301e-01
9.993806481361389160e-01
9.991999864578247070e-01
9.996615648269653320e-01
9.996287226676940918e-01
9.997022747993469238e-01
9.996809363365173340e-01
9.997935295104980469e-01
9.991796612739562988e-01
9.987103343009948730e-01
9.994371533393859863e-01
9.990863800048828125e-01
9.990388154983520508e-01
9.991306066513061523e-01
9.982590079307556152e-01
9.996952414512634277e-01
9.976691007614135742e-01
9.866266846656799316e-01
9.994340538978576660e-01
9.962527155876159668e-01
9.971274137496948242e-01
9.988621473312377930e-01
9.997609257698059082e-01
9.996668100357055664e-01
9.958490133285522461e-01
9.920583963394165039e-01
9.990627169609069824e-01
9.993538260459899902e-01
9.989489912986755371e-01
9.994511008262634277e-01
9.995836019515991211e-01
9.997687935829162598e-01
9.997506141662597656e-01
9.997214674949645996e-01
9.998249411582946777e-01
9.996908903121948242e-01
9.998370409011840820e-01
9.994003772735595703e-01
9.996606111526489258e-01
9.995689988136291504e-01
9.995924234390258789e-01
9.996023774147033691e-01
9.992525577545166016e-01
9.995420575141906738e-01
9.987468719482421875e-01
9.983532428741455078e-01
9.996410012245178223e-01
9.997617006301879883e-01
9.995175600051879883e-01
9.993947744369506836e-01
9.991235733032226562e-01
9.990298151969909668e-01
9.996604323387145996e-01
9.997313618659973145e-01
9.987720847129821777e-01
9.986799359321594238e-01
9.933002591133117676e-01
9.942672252655029297e-01
9.990459084510803223e-01
9.985482096672058105e-01
9.993702173233032227e-01
9.994345307350158691e-01
9.919439554214477539e-01
9.993022084236145020e-01
9.996166825294494629e-01
9.994562268257141113e-01
9.992657899856567383e-01
8.118783086538314819e-01
9.654297232627868652e-01
9.981987476348876953e-01
8.968519568443298340e-01
9.307608008384704590e-01
9.839498996734619141e-01
9.701834917068481445e-01
9.859120845794677734e-01
9.911632537841796875e-01
9.976128339767456055e-01
9.867467880249023438e-01
8.956863284111022949e-01
9.924940466880798340e-01
9.595916867256164551e-01
9.733880162239074707e-01
9.962946176528930664e-01
9.969287514686584473e-01
9.951649904251098633e-01
9.856096506118774414e-01
9.860786795616149902e-01
9.897356033325195312e-01
9.780961871147155762e-01
9.937757849693298340e-01
9.963403344154357910e-01
9.813063144683837891e-01
9.733419418334960938e-01
9.207942634820938110e-01
4.501147270202636719e-01
8.065443634986877441e-01
7.451411485671997070e-01
8.187754154205322266e-01
7.070168256759643555e-01
9.215421676635742188e-01
8.012213706970214844e-01
7.199108004570007324e-01
7.049345374107360840e-01
7.179078459739685059e-01
7.662405520677566528e-01
7.229859828948974609e-01
8.395040035247802734e-01
7.605653405189514160e-01
6.568009853363037109e-01
7.274442911148071289e-01
8.663495779037475586e-01
7.223016619682312012e-01
7.349882721900939941e-01
5.220123231410980225e-01
6.278489828109741211e-01
6.281853318214416504e-01
3.304224014282226562e-01
5.099533200263977051e-01
4.755703210830688477e-01
3.601568341255187988e-01
1.629785299301147461e-01
4.745253920555114746e-01
4.515368938446044922e-01
6.573212146759033203e-01
4.390048384666442871e-01
6.290572285652160645e-01
5.303270220756530762e-01
4.586376547813415527e-01
4.089644849300384521e-01
4.109234809875488281e-01
6.253713369369506836e-01
5.386789441108703613e-01
4.395006299018859863e-01
5.750015377998352051e-01
4.033256769180297852e-01
3.185896277427673340e-01
2.813273072242736816e-01
4.321792721748352051e-01
4.108903706073760986e-01
5.637778639793395996e-01
4.979009628295898438e-01
3.853536546230316162e-01
4.413546323776245117e-01
4.026656746864318848e-01
2.907298207283020020e-01
3.347777128219604492e-01
3.902419209480285645e-01
3.706901073455810547e-01
3.561605811119079590e-01
3.616589307785034180e-01
3.341131210327148438e-01
4.501036405563354492e-01
3.972759842872619629e-01
3.081271648406982422e-01
4.095546901226043701e-01
3.581477999687194824e-01
3.074450492858886719e-01
3.336656987667083740e-01
3.681371808052062988e-01
3.418710231781005859e-01
4.347757697105407715e-01
3.722262978553771973e-01
4.024242758750915527e-01
