9.961766004562377930e-01
9.970693588256835938e-01
9.985863566398620605e-01
6.561008989810943604e-01
9.846214652061462402e-01
9.987663626670837402e-01
4.852566719055175781e-01
7.445484995841979980e-01
9.955805540084838867e-01
9.956941008567810059e-01
9.976858496665954590e-01
9.995087981224060059e-01
9.998688101768493652e-01
9.998847842216491699e-01
9.987072944641113281e-01
9.982871413230895996e-01
9.994984865188598633e-01
9.998257160186767578e-01
9.998814463615417480e-01
9.585264921188354492e-01
9.979286193847656250e-01
9.996428489685058594e-01
9.998295903205871582e-01
9.998399615287780762e-01
9.999109506607055664e-01
9.999142289161682129e-01
9.999448657035827637e-01
9.999305605888366699e-01
9.998197555541992188e-01
9.998757839202880859e-01
9.999055266380310059e-01
9.999178051948547363e-01
9.999440312385559082e-01
9.998990893363952637e-01
9.998912811279296875e-01
9.999257326126098633e-01
9.999186992645263672e-01
9.997813701629638672e-01
8.393104076385498047e-01
9.895275831222534180e-01
9.991501569747924805e-01
9.996076822280883789e-01
9.928292632102966309e-01
5.632083415985107422e-01
9.818394184112548828e-01
9.992904663085937500e-01
7.115077376365661621e-01
9.921867251396179199e-01
7.214000225067138672e-01
9.974939823150634766e-01
9.988280534744262695e-01
9.993616938591003418e-01
9.995592832565307617e-01
9.994123578071594238e-01
9.996445178985595703e-01
9.998568892478942871e-01
9.993768334388732910e-01
9.991831183433532715e-01
9.996540546417236328e-01
9.996337890625000000e-01
9.997069835662841797e-01
9.996792078018188477e-01
9.997109770774841309e-01
9.996109008789062500e-01
9.981219172477722168e-01
9.997287392616271973e-01
9.984029531478881836e-01
9.989104866981506348e-01
9.993429183959960938e-01
9.988628029823303223e-01
9.996505975723266602e-01
9.929105043411254883e-01
9.980921745300292969e-01
9.997071027755737305e-01
2.863542437553405762e-01
7.537460327148437500e-01
9.989595413208007812e-01
9.997369050979614258e-01
9.997009038925170898e-01
9.997342824935913086e-01
9.995341897010803223e-01
9.118466973304748535e-01
9.950611591339111328e-01
9.972730278968811035e-01
9.995532631874084473e-01
9.997764229774475098e-01
9.997687935829162598e-01
9.995841383934020996e-01
9.998061060905456543e-01
9.998363852500915527e-01
9.998562335968017578e-01
9.997670650482177734e-01
9.995703101158142090e-01
9.997543692588806152e-01
9.994871616363525391e-01
9.995892643928527832e-01
9.997571706771850586e-01
9.994894862174987793e-01
9.996743202209472656e-01
9.972150921821594238e-01
9.994736909866333008e-01
9.993746876716613770e-01
9.998317956924438477e-01
9.995016455650329590e-01
9.991080760955810547e-01
9.851137995719909668e-01
9.847767949104309082e-01
9.979596138000488281e-01
9.991230964660644531e-01
9.987545013427734375e-01
9.997214674949645996e-01
9.949759244918823242e-01
9.984949827194213867e-01
9.951475858688354492e-01
9.926958680152893066e-01
9.987220168113708496e-01
9.975669980049133301e-01
9.994820952415466309e-01
9.965988993644714355e-01
9.987151026725769043e-01
9.994354844093322754e-01
9.696789383888244629e-01
9.767006039619445801e-01
9.253563880920410156e-01
9.080734848976135254e-01
9.951242208480834961e-01
9.988043904304504395e-01
9.750335216522216797e-01
9.513671398162841797e-01
9.963527917861938477e-01
9.918735027313232422e-01
9.967064261436462402e-01
9.893366694450378418e-01
9.986106157302856445e-01
9.875001907348632812e-01
9.882413148880004883e-01
9.912523627281188965e-01
9.900922775268554688e-01
9.935989975929260254e-01
9.838409423828125000e-01
9.931891560554504395e-01
9.941129088401794434e-01
9.926673769950866699e-01
9.854811429977416992e-01
9.764958024024963379e-01
9.488082528114318848e-01
9.227136373519897461e-01
8.007273077964782715e-01
8.549993038177490234e-01
9.044149518013000488e-01
7.826979160308837891e-01
9.235780239105224609e-01
8.633206486701965332e-01
9.151090383529663086e-01
7.657366991043090820e-01
8.615486025810241699e-01
8.204118013381958008e-01
8.065859079360961914e-01
6.478390097618103027e-01
6.427120268344879150e-01
6.691018939018249512e-01
4.959107041358947754e-01
7.760390043258666992e-01
6.061905324459075928e-01
5.549066662788391113e-01
3.247339725494384766e-01
3.826286792755126953e-01
2.203082442283630371e-01
2.993299961090087891e-01
2.905078530311584473e-01
3.616659343242645264e-01
2.865757346153259277e-01
4.299055337905883789e-01
2.636394500732421875e-01
2.968469262123107910e-01
3.125548660755157471e-01
3.069000244140625000e-01
2.814100682735443115e-01
3.324706554412841797e-01
4.424448609352111816e-01
3.201726078987121582e-01
3.515811264514923096e-01
3.794573247432708740e-01
3.543285727500915527e-01
3.215756416320800781e-01
3.099694550037384033e-01
2.951648235321044922e-01
2.292245030403137207e-01
3.274754285812377930e-01
4.782639145851135254e-01
2.892824411392211914e-01
3.343992233276367188e-01
3.575940728187561035e-01
3.812225162982940674e-01
4.231741428375244141e-01
3.420679271221160889e-01
3.573863506317138672e-01
4.069882035255432129e-01
3.383897542953491211e-01
3.804292082786560059e-01
3.844965994358062744e-01
3.237535357475280762e-01
4.015351533889770508e-01
4.539007544517517090e-01
3.459739685058593750e-01
3.836658596992492676e-01
3.683603405952453613e-01
2.793931961059570312e-01
