9.961766004562377930e-01
9.970693588256835938e-01
9.985863566398620605e-01
9.985475540161132812e-01
9.996557831764221191e-01
9.971083402633666992e-01
9.954213500022888184e-01
9.989977478981018066e-01
9.861106872558593750e-01
9.900903701782226562e-01
9.963206052780151367e-01
9.993975758552551270e-01
9.998847842216491699e-01
9.986487627029418945e-01
9.979112744331359863e-01
9.995701909065246582e-01
9.993991851806640625e-01
9.998399615287780762e-01
9.998551011085510254e-01
9.998661279678344727e-01
9.998922944068908691e-01
9.988187551498413086e-01
9.983333349227905273e-01
9.998442530632019043e-01
9.999194741249084473e-01
9.999439716339111328e-01
9.998901486396789551e-01
9.999221563339233398e-01
9.999444484710693359e-01
9.998798966407775879e-01
9.998818635940551758e-01
9.999126195907592773e-01
9.999060034751892090e-01
9.999271035194396973e-01
9.999431371688842773e-01
9.999392628669738770e-01
9.999066591262817383e-01
9.994614720344543457e-01
8.303671479225158691e-01
9.885571599006652832e-01
8.092334270477294922e-01
9.516698122024536133e-01
4.441391825675964355e-01
8.479652404785156250e-01
5.125913023948669434e-01
5.148926377296447754e-01
8.888877630233764648e-01
9.908668398857116699e-01
9.973979592323303223e-01
9.997744560241699219e-01
9.892536401748657227e-01
9.878220558166503906e-01
9.996708631515502930e-01
9.996140599250793457e-01
9.996183514595031738e-01
9.994639754295349121e-01
9.995855093002319336e-01
9.998599886894226074e-01
9.992674589157104492e-01
9.991076588630676270e-01
9.996598958969116211e-01
9.993681311607360840e-01
9.995506405830383301e-01
9.952731132507324219e-01
9.998079538345336914e-01
9.966831207275390625e-01
9.988426566123962402e-01
9.981494545936584473e-01
9.996132850646972656e-01
9.991817474365234375e-01
9.976133704185485840e-01
9.998044967651367188e-01
9.998457431793212891e-01
9.999236464500427246e-01
6.814344823360443115e-01
9.796351790428161621e-01
8.249538987874984741e-01
9.903599023818969727e-01
6.890504360198974609e-01
9.965086579322814941e-01
9.913378953933715820e-01
9.990028142929077148e-01
9.997819662094116211e-01
9.996978640556335449e-01
9.933236241340637207e-01
9.985405802726745605e-01
9.990633130073547363e-01
9.994107484817504883e-01
9.993000030517578125e-01
9.995511174201965332e-01
9.993822574615478516e-01
9.996263980865478516e-01
9.979182481765747070e-01
9.849139451980590820e-01
9.994598031044006348e-01
9.993661046028137207e-01
9.994938373565673828e-01
9.992963671684265137e-01
9.996206760406494141e-01
9.997857213020324707e-01
9.992992281913757324e-01
9.991604089736938477e-01
9.998157024383544922e-01
8.309752345085144043e-01
7.450527846813201904e-01
9.771981239318847656e-01
9.983522891998291016e-01
9.983482956886291504e-01
9.993726015090942383e-01
9.997144341468811035e-01
9.976754188537597656e-01
9.856814742088317871e-01
9.986388087272644043e-01
9.939602613449096680e-01
9.987204670906066895e-01
9.989168643951416016e-01
9.980441927909851074e-01
9.992859959602355957e-01
9.989860653877258301e-01
9.989921450614929199e-01
9.997600913047790527e-01
9.375578761100769043e-01
6.910656988620758057e-01
9.751895666122436523e-01
9.780974388122558594e-01
9.984256625175476074e-01
9.986248016357421875e-01
9.880854487419128418e-01
9.953963160514831543e-01
9.926224946975708008e-01
9.953386187553405762e-01
9.830722808837890625e-01
9.969978928565979004e-01
9.862818121910095215e-01
9.111297130584716797e-01
9.290331602096557617e-01
9.532474875450134277e-01
9.866798520088195801e-01
9.713399410247802734e-01
9.902172684669494629e-01
9.983196258544921875e-01
9.905995130538940430e-01
9.967705607414245605e-01
9.929333925247192383e-01
9.913616776466369629e-01
8.878098726272583008e-01
9.425486326217651367e-01
9.661538600921630859e-01
9.750812649726867676e-01
7.965910434722900391e-01
8.741673827171325684e-01
8.702253699302673340e-01
8.927353024482727051e-01
7.982550263404846191e-01
6.475806236267089844e-01
5.398075580596923828e-01
7.447358965873718262e-01
4.888675808906555176e-01
6.343537569046020508e-01
5.639892816543579102e-01
5.230653285980224609e-01
5.370860099792480469e-01
6.877223551273345947e-01
7.059613466262817383e-01
7.739785909652709961e-01
5.478012561798095703e-01
4.476251602172851562e-01
4.004703760147094727e-01
3.726366162300109863e-01
4.384896159172058105e-01
4.444983601570129395e-01
5.609319806098937988e-01
4.929822087287902832e-01
4.235342144966125488e-01
3.455615937709808350e-01
3.856683969497680664e-01
2.923419475555419922e-01
3.806159794330596924e-01
3.173676133155822754e-01
3.563954830169677734e-01
3.397512137889862061e-01
2.344502806663513184e-01
3.608682155609130859e-01
2.265082001686096191e-01
3.188126683235168457e-01
2.513938546180725098e-01
2.829845547676086426e-01
3.033521473407745361e-01
2.700132131576538086e-01
3.056541681289672852e-01
3.277269601821899414e-01
3.352432847023010254e-01
2.799284458160400391e-01
3.362745642662048340e-01
3.169550299644470215e-01
3.500071763992309570e-01
4.040596485137939453e-01
3.558356761932373047e-01
4.187372922897338867e-01
4.630039632320404053e-01
4.072947502136230469e-01
3.648162186145782471e-01
4.439435303211212158e-01
3.327825665473937988e-01
