9.961766004562377930e-01
9.970693588256835938e-01
9.985863566398620605e-01
9.985475540161132812e-01
9.996557831764221191e-01
9.997925162315368652e-01
9.997665286064147949e-01
9.977559447288513184e-01
9.526036977767944336e-01
9.865272045135498047e-01
9.954460263252258301e-01
9.994695186614990234e-01
9.998782873153686523e-01
9.986348748207092285e-01
9.983296990394592285e-01
9.995701909065246582e-01
9.994032979011535645e-01
9.998399615287780762e-01
9.998552799224853516e-01
9.998674392700195312e-01
9.998931884765625000e-01
9.998800754547119141e-01
9.988817572593688965e-01
9.996901154518127441e-01
9.999222755432128906e-01
9.999418258666992188e-01
9.999086856842041016e-01
9.998809099197387695e-01
9.999186396598815918e-01
9.999431967735290527e-01
9.998909831047058105e-01
9.998785853385925293e-01
9.999108314514160156e-01
9.999121427536010742e-01
9.999247193336486816e-01
9.999168515205383301e-01
9.999395012855529785e-01
9.996351003646850586e-01
6.241776943206787109e-01
9.903351068496704102e-01
9.970304965972900391e-01
9.939204454421997070e-01
9.996575117111206055e-01
9.996873140335083008e-01
9.998612999916076660e-01
9.994590282440185547e-01
9.972211122512817383e-01
9.993439912796020508e-01
9.995858073234558105e-01
9.998686909675598145e-01
9.968983530998229980e-01
9.995040893554687500e-01
9.997440576553344727e-01
9.973487854003906250e-01
9.942840933799743652e-01
9.984022974967956543e-01
9.984713196754455566e-01
9.992950558662414551e-01
9.995389580726623535e-01
9.997453689575195312e-01
9.983412027359008789e-01
9.995190501213073730e-01
9.994332194328308105e-01
9.993725419044494629e-01
9.994947314262390137e-01
9.994819164276123047e-01
9.997960925102233887e-01
9.991326928138732910e-01
9.986926317214965820e-01
9.995189905166625977e-01
9.994537830352783203e-01
9.994658827781677246e-01
9.996843934059143066e-01
9.985202550888061523e-01
9.783162474632263184e-01
9.986505508422851562e-01
9.996965527534484863e-01
9.015288949012756348e-01
7.952062785625457764e-01
9.686583057045936584e-01
9.988970160484313965e-01
9.996089935302734375e-01
9.997856020927429199e-01
9.996248483657836914e-01
9.998322129249572754e-01
9.997117519378662109e-01
9.996897578239440918e-01
9.996010661125183105e-01
9.997469782829284668e-01
9.997062683105468750e-01
9.993489980697631836e-01
9.998275637626647949e-01
9.995597600936889648e-01
9.998046755790710449e-01
9.995027780532836914e-01
9.991523623466491699e-01
9.998003840446472168e-01
9.998002052307128906e-01
9.982216358184814453e-01
9.986122250556945801e-01
9.987213015556335449e-01
9.997764229774475098e-01
9.994106888771057129e-01
9.998210668563842773e-01
9.993172883987426758e-01
9.113842844963073730e-01
7.785442173480987549e-01
9.992249608039855957e-01
4.877717494964599609e-01
9.042488932609558105e-01
9.463154971599578857e-01
9.709721803665161133e-01
9.956942200660705566e-01
9.990311264991760254e-01
9.841352701187133789e-01
7.873961925506591797e-01
9.797801971435546875e-01
9.811806436628103256e-01
9.996372461318969727e-01
9.521924257278442383e-01
9.334787130355834961e-01
9.972910284996032715e-01
9.983727931976318359e-01
9.853320121765136719e-01
8.210798352956771851e-01
9.925373196601867676e-01
9.869896769523620605e-01
9.977118372917175293e-01
9.991791248321533203e-01
9.810967445373535156e-01
8.632210493087768555e-01
7.295013666152954102e-01
9.976130127906799316e-01
9.838842749595642090e-01
8.725283592939376831e-01
8.308272957801818848e-01
8.649683594703674316e-01
9.905232787132263184e-01
9.839637279510498047e-01
9.707458615303039551e-01
9.774599038064479828e-01
9.970876574516296387e-01
9.772703647613525391e-01
9.696218371391296387e-01
9.661645889282226562e-01
7.896259427070617676e-01
8.120547533035278320e-01
5.568345487117767334e-01
8.480229973793029785e-01
2.622694373130798340e-01
8.317983746528625488e-01
7.086858749389648438e-01
5.578989386558532715e-01
7.991854548454284668e-01
3.709978461265563965e-01
5.297721028327941895e-01
5.904360413551330566e-01
4.248073101043701172e-01
4.713584780693054199e-01
6.561951041221618652e-01
4.651764035224914551e-01
7.641655802726745605e-01
5.345140099525451660e-01
7.628192901611328125e-01
6.461088657379150391e-01
5.891391038894653320e-01
6.406876444816589355e-01
6.642765998840332031e-01
3.518874645233154297e-01
5.695322155952453613e-01
5.154112577438354492e-01
4.265853166580200195e-01
3.891107141971588135e-01
5.464144349098205566e-01
2.870293855667114258e-01
5.696626305580139160e-01
4.416378736495971680e-01
3.754172921180725098e-01
2.657272815704345703e-01
3.272258341312408447e-01
3.530889451503753662e-01
3.047423958778381348e-01
3.031256198883056641e-01
2.565545439720153809e-01
2.485024333000183105e-01
2.897191047668457031e-01
2.775749862194061279e-01
3.996205925941467285e-01
4.284593462944030762e-01
4.527621865272521973e-01
3.500919938087463379e-01
3.517795801162719727e-01
3.814733624458312988e-01
3.611450195312500000e-01
3.247110843658447266e-01
3.257232010364532471e-01
3.590580821037292480e-01
3.276592493057250977e-01
3.480814099311828613e-01
3.228222727775573730e-01
3.977271318435668945e-01
4.096332788467407227e-01
3.968447148799896240e-01
4.772381782531738281e-01
4.112676084041595459e-01
3.668000996112823486e-01
4.596572518348693848e-01
4.093827009201049805e-01
3.759427070617675781e-01
4.482818841934204102e-01
4.385730326175689697e-01
4.153544008731842041e-01
4.874596595764160156e-01
3.962399363517761230e-01
4.672009944915771484e-01
4.399168491363525391e-01
4.107881188392639160e-01
3.609562814235687256e-01
