9.961766004562377930e-01
9.970693588256835938e-01
9.985863566398620605e-01
6.561008989810943604e-01
9.846214652061462402e-01
9.987663626670837402e-01
4.852566421031951904e-01
7.445484995841979980e-01
9.955805540084838867e-01
9.956941008567810059e-01
9.976858496665954590e-01
9.995087981224060059e-01
9.998688101768493652e-01
9.998847842216491699e-01
9.987072944641113281e-01
9.982871413230895996e-01
9.994984865188598633e-01
9.998257160186767578e-01
9.998814463615417480e-01
9.585264921188354492e-01
9.979286193847656250e-01
9.996428489685058594e-01
9.998295903205871582e-01
9.998399615287780762e-01
9.999109506607055664e-01
9.999142289161682129e-01
9.999448657035827637e-01
9.999305605888366699e-01
9.998197555541992188e-01
9.998757839202880859e-01
9.999055266380310059e-01
9.999178051948547363e-01
9.999440312385559082e-01
9.998990893363952637e-01
9.998912811279296875e-01
9.999257326126098633e-01
9.999186992645263672e-01
9.997813701629638672e-01
8.393104076385498047e-01
9.895275831222534180e-01
9.991501569747924805e-01
9.996076822280883789e-01
9.928292632102966309e-01
9.913960695266723633e-01
9.996597766876220703e-01
9.996595978736877441e-01
9.992426633834838867e-01
9.997648596763610840e-01
9.992102384567260742e-01
9.997648596763610840e-01
9.964510202407836914e-01
9.976822733879089355e-01
9.993111491203308105e-01
9.989475011825561523e-01
9.993761777877807617e-01
9.998233914375305176e-01
9.998143315315246582e-01
9.989061355590820312e-01
9.991979598999023438e-01
9.996700882911682129e-01
9.996519088745117188e-01
9.996973276138305664e-01
9.998079538345336914e-01
9.997642636299133301e-01
9.991849660873413086e-01
9.987911581993103027e-01
9.994471669197082520e-01
9.993708729743957520e-01
9.994788765907287598e-01
9.994484782218933105e-01
9.997125864028930664e-01
9.981597065925598145e-01
9.993108510971069336e-01
9.985066652297973633e-01
9.953192472457885742e-01
9.990623593330383301e-01
9.959246516227722168e-01
9.993720054626464844e-01
9.997657537460327148e-01
9.995828270912170410e-01
9.997197389602661133e-01
9.996057152748107910e-01
9.978917837142944336e-01
9.996653199195861816e-01
9.991469979286193848e-01
9.996613860130310059e-01
9.997269511222839355e-01
9.996932744979858398e-01
9.996753334999084473e-01
9.997051954269409180e-01
9.989685416221618652e-01
9.971616864204406738e-01
9.998136758804321289e-01
9.990954399108886719e-01
9.998071193695068359e-01
9.985769987106323242e-01
9.995492696762084961e-01
9.997427463531494141e-01
9.959306716918945312e-01
9.987120628356933594e-01
9.994637966156005859e-01
9.995558261871337891e-01
9.995294213294982910e-01
9.995931982994079590e-01
9.993031620979309082e-01
9.996150732040405273e-01
9.936420321464538574e-01
9.994284510612487793e-01
9.959363341331481934e-01
9.967498779296875000e-01
9.990589022636413574e-01
9.982854127883911133e-01
9.992597699165344238e-01
9.993467330932617188e-01
9.990199208259582520e-01
9.997658729553222656e-01
9.991917610168457031e-01
9.845576286315917969e-01
9.991061687469482422e-01
9.996349811553955078e-01
9.989374279975891113e-01
9.713659882545471191e-01
9.770978093147277832e-01
9.979432225227355957e-01
9.901571273803710938e-01
9.177111983299255371e-01
9.981314539909362793e-01
8.538351655006408691e-01
9.614139795303344727e-01
9.429756999015808105e-01
9.959473013877868652e-01
9.986718297004699707e-01
9.798482656478881836e-01
9.699215292930603027e-01
9.913935661315917969e-01
9.920474886894226074e-01
9.811124801635742188e-01
9.944683313369750977e-01
9.968299865722656250e-01
9.880374670028686523e-01
9.898798465728759766e-01
9.938526153564453125e-01
9.948131442070007324e-01
9.724707007408142090e-01
9.353318810462951660e-01
9.117102622985839844e-01
7.524276971817016602e-01
6.774924397468566895e-01
8.052995204925537109e-01
2.353766560554504395e-01
8.616897463798522949e-01
4.857456386089324951e-01
7.148468494415283203e-01
5.831947326660156250e-01
8.440586924552917480e-01
4.861013889312744141e-01
4.533079266548156738e-01
7.014183998107910156e-01
5.245428681373596191e-01
4.925407171249389648e-01
6.236423850059509277e-01
7.718623876571655273e-01
5.493937730789184570e-01
5.635566711425781250e-01
3.517075181007385254e-01
4.823384582996368408e-01
2.643910944461822510e-01
4.145426452159881592e-01
2.272109389305114746e-01
3.720668554306030273e-01
3.204302191734313965e-01
2.288705706596374512e-01
3.387199640274047852e-01
3.645524978637695312e-01
2.471934854984283447e-01
3.717158436775207520e-01
2.885359823703765869e-01
2.435993552207946777e-01
2.685026526451110840e-01
1.883813738822937012e-01
3.792747855186462402e-01
2.777632474899291992e-01
3.453947305679321289e-01
2.762854695320129395e-01
2.672476768493652344e-01
2.657929062843322754e-01
2.498762011528015137e-01
4.013240933418273926e-01
2.904919385910034180e-01
3.567925393581390381e-01
3.544807732105255127e-01
3.797171711921691895e-01
3.865197598934173584e-01
3.733220994472503662e-01
4.243025779724121094e-01
4.246312379837036133e-01
3.626023530960083008e-01
3.629462718963623047e-01
3.434320986270904541e-01
2.920593619346618652e-01
4.455361962318420410e-01
4.111962318420410156e-01
3.816847205162048340e-01
4.644432663917541504e-01
4.955355823040008545e-01
4.925439357757568359e-01
