9.961766004562377930e-01
2.928562760353088379e-01
4.109065532684326172e-01
8.505931496620178223e-01
9.950274825096130371e-01
9.988708496093750000e-01
9.985769391059875488e-01
9.988923072814941406e-01
9.909592270851135254e-01
9.864619374275207520e-01
9.960792660713195801e-01
9.994250535964965820e-01
9.998773932456970215e-01
9.986487627029418945e-01
9.978906512260437012e-01
9.995633959770202637e-01
9.993893504142761230e-01
9.998386502265930176e-01
9.998543262481689453e-01
9.998669028282165527e-01
9.998931884765625000e-01
9.988116025924682617e-01
9.983333349227905273e-01
9.998440742492675781e-01
9.999190568923950195e-01
9.999438524246215820e-01
9.999094605445861816e-01
9.990693926811218262e-01
9.998861551284790039e-01
9.999043941497802734e-01
9.999305009841918945e-01
9.998890757560729980e-01
9.998688101768493652e-01
9.999234080314636230e-01
9.999205470085144043e-01
9.999247193336486816e-01
9.999231696128845215e-01
9.997866153717041016e-01
9.987067580223083496e-01
9.997537136077880859e-01
9.994003176689147949e-01
9.991404414176940918e-01
9.778795838356018066e-01
9.766598343849182129e-01
6.258866786956787109e-01
4.967524707317352295e-01
9.537172913551330566e-01
9.106020331382751465e-01
7.868217229843139648e-01
9.569171667098999023e-01
9.993825554847717285e-01
9.993402957916259766e-01
9.996652007102966309e-01
9.998425841331481934e-01
9.992654919624328613e-01
9.992052912712097168e-01
9.996546506881713867e-01
9.993993639945983887e-01
9.998166561126708984e-01
9.995354413986206055e-01
9.998825192451477051e-01
9.997980594635009766e-01
9.973446726799011230e-01
9.989600181579589844e-01
9.993776082992553711e-01
9.982135295867919922e-01
9.996891617774963379e-01
9.993525147438049316e-01
9.997403621673583984e-01
9.991001486778259277e-01
9.968142509460449219e-01
9.991567730903625488e-01
9.986297488212585449e-01
9.991520047187805176e-01
9.954555630683898926e-01
9.987541437149047852e-01
9.986760020256042480e-01
9.993260502815246582e-01
9.994552135467529297e-01
9.995728135108947754e-01
9.979246854782104492e-01
9.852864146232604980e-01
9.983474612236022949e-01
9.996550679206848145e-01
9.995757937431335449e-01
9.995586276054382324e-01
9.996513724327087402e-01
9.994871020317077637e-01
9.990903735160827637e-01
9.958789944648742676e-01
9.996388554573059082e-01
9.997189044952392578e-01
9.997540116310119629e-01
9.984791278839111328e-01
9.996809363365173340e-01
9.994054436683654785e-01
9.992347955703735352e-01
9.996567964553833008e-01
9.995011687278747559e-01
9.997860193252563477e-01
9.990314245223999023e-01
9.997872710227966309e-01
9.994169473648071289e-01
9.997221827507019043e-01
9.996743798255920410e-01
9.979301095008850098e-01
9.994766116142272949e-01
9.994550943374633789e-01
9.997458457946777344e-01
9.995275735855102539e-01
9.976871013641357422e-01
9.992426633834838867e-01
9.919840097427368164e-01
9.958366155624389648e-01
9.993677735328674316e-01
9.930244684219360352e-01
9.998562335968017578e-01
9.988167285919189453e-01
9.981576800346374512e-01
9.983813166618347168e-01
9.968796968460083008e-01
9.960471987724304199e-01
9.989311695098876953e-01
9.993739128112792969e-01
9.990755319595336914e-01
9.987519383430480957e-01
9.993299245834350586e-01
9.981513619422912598e-01
7.499457001686096191e-01
9.065696597099304199e-01
9.427689313888549805e-01
9.867677688598632812e-01
9.990243315696716309e-01
9.771863222122192383e-01
9.723010659217834473e-01
9.966613650321960449e-01
9.927515983581542969e-01
9.986759424209594727e-01
9.927281737327575684e-01
9.984233975410461426e-01
9.952076673507690430e-01
9.916522502899169922e-01
9.921728372573852539e-01
9.916891455650329590e-01
9.409004449844360352e-01
9.787204861640930176e-01
9.746856689453125000e-01
9.885375499725341797e-01
9.641086459159851074e-01
8.786397576332092285e-01
9.248971343040466309e-01
6.614674031734466553e-01
6.432547569274902344e-01
2.880958914756774902e-01
8.373123407363891602e-01
9.345170855522155762e-01
8.281050324440002441e-01
9.205577969551086426e-01
7.900205850601196289e-01
5.962068438529968262e-01
4.995683431625366211e-01
4.845965504646301270e-01
8.450561165809631348e-01
7.041673064231872559e-01
8.076332211494445801e-01
6.726232767105102539e-01
8.102316260337829590e-01
5.479631423950195312e-01
8.067122697830200195e-01
7.983129024505615234e-01
6.931115388870239258e-01
5.607229471206665039e-01
6.318234205245971680e-01
3.430222272872924805e-01
9.000080823898315430e-01
5.371776819229125977e-01
5.895935893058776855e-01
4.915824532508850098e-01
5.077203512191772461e-01
3.163934946060180664e-01
5.365914702415466309e-01
2.252979576587677002e-01
4.944159686565399170e-01
3.910303115844726562e-01
4.524037837982177734e-01
5.942468047142028809e-01
4.715622663497924805e-01
5.662176609039306641e-01
5.851159989833831787e-01
6.369625926017761230e-01
4.823743104934692383e-01
5.444293618202209473e-01
3.480195403099060059e-01
3.499547243118286133e-01
3.813101053237915039e-01
4.223772883415222168e-01
3.052292764186859131e-01
3.117326498031616211e-01
3.710973858833312988e-01
2.842591404914855957e-01
3.646153211593627930e-01
4.210008382797241211e-01
3.893377184867858887e-01
3.261395096778869629e-01
4.225232303142547607e-01
4.626200199127197266e-01
4.208855628967285156e-01
4.336900413036346436e-01
4.749750494956970215e-01
4.454487264156341553e-01
5.371945500373840332e-01
3.325854241847991943e-01
4.223018586635589600e-01
3.564288616180419922e-01
4.210073947906494141e-01
3.051117658615112305e-01
3.911104500293731689e-01
3.310481905937194824e-01
3.351764678955078125e-01
3.658587932586669922e-01
4.341753125190734863e-01
3.228645920753479004e-01
4.174800217151641846e-01
3.351542949676513672e-01
4.527775049209594727e-01
