9.961766004562377930e-01
9.970693588256835938e-01
9.985863566398620605e-01
6.561009287834167480e-01
9.846214652061462402e-01
9.987663626670837402e-01
4.852566421031951904e-01
7.445484995841979980e-01
9.955805540084838867e-01
9.956941008567810059e-01
9.976858496665954590e-01
9.995087981224060059e-01
9.998688101768493652e-01
9.998847842216491699e-01
9.987072944641113281e-01
9.982871413230895996e-01
9.994984865188598633e-01
9.998257160186767578e-01
9.998814463615417480e-01
9.585264921188354492e-01
9.979286193847656250e-01
9.996428489685058594e-01
9.998295903205871582e-01
9.998399615287780762e-01
9.999109506607055664e-01
9.999142289161682129e-01
9.999448657035827637e-01
9.999305605888366699e-01
9.998197555541992188e-01
9.998757839202880859e-01
9.999055266380310059e-01
9.999178051948547363e-01
9.999440312385559082e-01
9.999418854713439941e-01
9.999035596847534180e-01
9.998966455459594727e-01
9.999222755432128906e-01
9.997323155403137207e-01
8.683731555938720703e-01
9.902617931365966797e-01
9.990102052688598633e-01
9.996582865715026855e-01
9.928505420684814453e-01
9.913960695266723633e-01
9.752771854400634766e-01
9.986275434494018555e-01
7.222098708152770996e-01
9.911546707153320312e-01
6.788259744644165039e-01
9.969265460968017578e-01
9.990220665931701660e-01
9.988812208175659180e-01
9.995653629302978516e-01
9.994023442268371582e-01
9.996385574340820312e-01
9.998561143875122070e-01
9.993754625320434570e-01
9.991784691810607910e-01
9.996574521064758301e-01
9.996275305747985840e-01
9.997075796127319336e-01
9.996713995933532715e-01
9.997944235801696777e-01
9.991645216941833496e-01
9.988010525703430176e-01
9.995588064193725586e-01
9.993756413459777832e-01
9.992977380752563477e-01
9.988805651664733887e-01
9.993590712547302246e-01
9.997497797012329102e-01
9.998010396957397461e-01
9.990416169166564941e-01
9.989851713180541992e-01
9.994522929191589355e-01
9.983609914779663086e-01
9.982509016990661621e-01
9.996744990348815918e-01
9.997844696044921875e-01
9.995844364166259766e-01
9.892323017120361328e-01
9.974175691604614258e-01
9.994143843650817871e-01
9.983083605766296387e-01
9.995161890983581543e-01
9.993425011634826660e-01
9.997749328613281250e-01
9.997305870056152344e-01
9.996758699417114258e-01
9.997597932815551758e-01
9.996874928474426270e-01
9.997971057891845703e-01
9.998077750205993652e-01
9.993334412574768066e-01
9.997369050979614258e-01
9.993294477462768555e-01
9.995902776718139648e-01
9.995027780532836914e-01
9.993326067924499512e-01
9.995591640472412109e-01
9.990676641464233398e-01
9.989027976989746094e-01
9.995338320732116699e-01
9.997239708900451660e-01
9.994549155235290527e-01
9.995828866958618164e-01
9.991440773010253906e-01
9.997686743736267090e-01
9.989203810691833496e-01
9.984171390533447266e-01
9.995913505554199219e-01
9.909379482269287109e-01
9.968295097351074219e-01
9.968807101249694824e-01
9.975697994232177734e-01
9.990441203117370605e-01
9.978145956993103027e-01
9.805026054382324219e-01
9.987963438034057617e-01
9.712075591087341309e-01
9.992136955261230469e-01
9.993121623992919922e-01
9.994876384735107422e-01
9.216668605804443359e-01
9.268283247947692871e-01
9.971312880516052246e-01
9.896547794342041016e-01
8.850649595260620117e-01
9.548060894012451172e-01
8.813741207122802734e-01
9.919600486755371094e-01
9.991943240165710449e-01
9.754446148872375488e-01
9.914842844009399414e-01
9.805629849433898926e-01
9.921323060989379883e-01
9.843802452087402344e-01
9.926790595054626465e-01
9.979418516159057617e-01
9.908030629158020020e-01
9.971578717231750488e-01
9.862214326858520508e-01
9.923731684684753418e-01
9.869049191474914551e-01
9.912906885147094727e-01
9.898192882537841797e-01
9.811086058616638184e-01
9.576722979545593262e-01
9.255816340446472168e-01
6.680930852890014648e-01
7.104679346084594727e-01
8.442127704620361328e-01
8.123681545257568359e-01
9.246948957443237305e-01
9.601878523826599121e-01
9.190676212310791016e-01
9.462355375289916992e-01
8.161119222640991211e-01
8.030734062194824219e-01
7.014674544334411621e-01
6.432575583457946777e-01
8.817401528358459473e-01
7.434506416320800781e-01
8.881656527519226074e-01
7.809538245201110840e-01
7.775676250457763672e-01
5.216950774192810059e-01
5.555856227874755859e-01
4.469732642173767090e-01
4.752988219261169434e-01
3.468905687332153320e-01
3.995953202247619629e-01
4.535307288169860840e-01
4.371438622474670410e-01
3.784628808498382568e-01
3.675669431686401367e-01
3.027259111404418945e-01
4.440723955631256104e-01
2.528752684593200684e-01
3.306860327720642090e-01
3.236106932163238525e-01
4.662885963916778564e-01
3.079429864883422852e-01
4.441677033901214600e-01
3.815451264381408691e-01
3.100802600383758545e-01
2.452678680419921875e-01
5.164620876312255859e-01
2.188350409269332886e-01
4.323118329048156738e-01
3.433372974395751953e-01
4.954861104488372803e-01
3.109976053237915039e-01
4.987381100654602051e-01
5.270391702651977539e-01
5.816092491149902344e-01
5.676435232162475586e-01
5.073465108871459961e-01
3.608449697494506836e-01
4.220095574855804443e-01
5.310639739036560059e-01
3.647124171257019043e-01
4.552876651287078857e-01
5.731112360954284668e-01
5.169017314910888672e-01
4.791460633277893066e-01
4.914626479148864746e-01
3.793047070503234863e-01
3.152629733085632324e-01
3.400157094001770020e-01
3.205163478851318359e-01
3.933605551719665527e-01
