9.961766004562377930e-01
9.970693588256835938e-01
9.985863566398620605e-01
6.561009287834167480e-01
9.846214652061462402e-01
9.987663626670837402e-01
4.852566719055175781e-01
7.445484995841979980e-01
9.955805540084838867e-01
9.956941008567810059e-01
9.976859358139336109e-01
9.995087981224060059e-01
9.998688101768493652e-01
9.988949298858642578e-01
9.980537891387939453e-01
9.995019435882568359e-01
9.994032979011535645e-01
9.998383522033691406e-01
9.998545050621032715e-01
9.998666644096374512e-01
9.991444349288940430e-01
9.982780814170837402e-01
9.998444914817810059e-01
9.998291730880737305e-01
9.999231100082397461e-01
9.999374747276306152e-01
9.999262094497680664e-01
9.994128346443176270e-01
9.998719096183776855e-01
9.999049305915832520e-01
9.999081492424011230e-01
9.999170303344726562e-01
9.999417066574096680e-01
9.999031424522399902e-01
9.998953342437744141e-01
9.999220967292785645e-01
9.999186992645263672e-01
9.997808337211608887e-01
9.997560381889343262e-01
9.997566938400268555e-01
9.971131086349487305e-01
9.785149693489074707e-01
9.213688969612121582e-01
9.458352327346801758e-01
9.923443198204040527e-01
9.994375705718994141e-01
5.324740409851074219e-01
9.855696558952331543e-01
8.227141499519348145e-01
9.963886737823486328e-01
9.993811249732971191e-01
9.993899464607238770e-01
9.995846152305603027e-01
9.994449019432067871e-01
9.996415376663208008e-01
9.998571276664733887e-01
9.993683099746704102e-01
9.992222785949707031e-01
9.996595978736877441e-01
9.996401667594909668e-01
9.997027516365051270e-01
9.996796250343322754e-01
9.997966289520263672e-01
9.991871714591979980e-01
9.987398386001586914e-01
9.994537234306335449e-01
9.993590712547302246e-01
9.992750287055969238e-01
9.982242584228515625e-01
9.986665844917297363e-01
9.997332096099853516e-01
9.995676875114440918e-01
9.967431426048278809e-01
9.980065226554870605e-01
9.936310052871704102e-01
9.972172379493713379e-01
9.993495941162109375e-01
9.997054338455200195e-01
9.995037317276000977e-01
9.993916749954223633e-01
9.956759810447692871e-01
9.994851350784301758e-01
9.984044432640075684e-01
9.990220069885253906e-01
9.995326995849609375e-01
9.996418356895446777e-01
9.995371103286743164e-01
9.997017383575439453e-01
9.994208812713623047e-01
9.991326928138732910e-01
9.974374175071716309e-01
9.988851547241210938e-01
9.997557401657104492e-01
9.987781643867492676e-01
9.993342757225036621e-01
9.991326928138732910e-01
9.995446801185607910e-01
9.992631673812866211e-01
9.993029236793518066e-01
9.990423917770385742e-01
9.984139800071716309e-01
9.993768930435180664e-01
9.996830224990844727e-01
9.992709159851074219e-01
9.993622303009033203e-01
9.986835122108459473e-01
9.985315203666687012e-01
9.985325336456298828e-01
9.994701743125915527e-01
9.991804957389831543e-01
9.893023371696472168e-01
9.777552485466003418e-01
9.809742569923400879e-01
9.962039589881896973e-01
9.983357787132263184e-01
9.995619058609008789e-01
9.990949630737304688e-01
9.957007765769958496e-01
9.982697367668151855e-01
9.994120597839355469e-01
9.994931817054748535e-01
9.995619058609008789e-01
9.981266856193542480e-01
9.982730150222778320e-01
9.980650544166564941e-01
9.897970557212829590e-01
9.907997846603393555e-01
9.968203902244567871e-01
9.948939085006713867e-01
9.971619844436645508e-01
9.986443519592285156e-01
9.992099404335021973e-01
9.928019642829895020e-01
9.952817559242248535e-01
9.325283318758010864e-01
8.531563282012939453e-01
9.025124311447143555e-01
9.595632553100585938e-01
9.957849979400634766e-01
8.571240901947021484e-01
9.810921549797058105e-01
9.008931815624237061e-01
9.919505715370178223e-01
9.406129121780395508e-01
8.994404077529907227e-01
6.350790262222290039e-01
7.776255011558532715e-01
4.841882884502410889e-01
6.527468562126159668e-01
3.846256732940673828e-01
6.071893274784088135e-01
5.851701498031616211e-01
6.070558428764343262e-01
4.636089205741882324e-01
6.659563481807708740e-01
4.635826349258422852e-01
2.971383035182952881e-01
6.763830780982971191e-01
4.259370565414428711e-01
4.473127722740173340e-01
4.943930208683013916e-01
6.440482139587402344e-01
7.096244096755981445e-01
4.160952270030975342e-01
4.766391217708587646e-01
2.526214718818664551e-01
3.848873376846313477e-01
2.635430693626403809e-01
3.482457697391510010e-01
4.925921261310577393e-01
1.520637869834899902e-01
3.275793194770812988e-01
5.670927762985229492e-01
2.448824048042297363e-01
3.811644911766052246e-01
3.629944324493408203e-01
3.637062013149261475e-01
2.986431121826171875e-01
4.164808988571166992e-01
4.669480919837951660e-01
4.593338966369628906e-01
4.264813959598541260e-01
4.200323224067687988e-01
2.931266427040100098e-01
3.847259283065795898e-01
4.258900880813598633e-01
3.768003880977630615e-01
3.616725802421569824e-01
4.060887098312377930e-01
4.113163948059082031e-01
4.334006607532501221e-01
5.381293892860412598e-01
4.623404443264007568e-01
5.474435687065124512e-01
5.739753544330596924e-01
4.633985459804534912e-01
4.754592776298522949e-01
5.015223920345306396e-01
4.999964833259582520e-01
5.280773639678955078e-01
4.281087517738342285e-01
4.330482482910156250e-01
6.193036437034606934e-01
4.594217538833618164e-01
4.039534926414489746e-01
4.066786170005798340e-01
3.682233691215515137e-01
4.315852820873260498e-01
3.207368254661560059e-01
4.305449724197387695e-01
4.030870795249938965e-01
6.039770841598510742e-01
4.610542953014373779e-01
4.569700360298156738e-01
4.097787141799926758e-01
4.741120934486389160e-01
3.673203587532043457e-01
5.199591517448425293e-01
