9.961766004562377930e-01
9.970693588256835938e-01
9.985863566398620605e-01
6.561009287834167480e-01
9.846214652061462402e-01
9.987663626670837402e-01
4.852566421031951904e-01
7.445484995841979980e-01
9.955805540084838867e-01
9.956941008567810059e-01
9.976858496665954590e-01
9.995087981224060059e-01
9.998688101768493652e-01
9.998847842216491699e-01
9.987072944641113281e-01
9.982871413230895996e-01
9.994984865188598633e-01
9.998257160186767578e-01
9.998814463615417480e-01
9.585264921188354492e-01
9.979286193847656250e-01
9.996428489685058594e-01
9.998295903205871582e-01
9.998399615287780762e-01
9.999109506607055664e-01
9.999142289161682129e-01
9.999448657035827637e-01
9.999305605888366699e-01
9.998197555541992188e-01
9.998757839202880859e-01
9.999055266380310059e-01
9.999178051948547363e-01
9.999440312385559082e-01
9.998990893363952637e-01
9.998912811279296875e-01
9.999257326126098633e-01
9.999186992645263672e-01
9.997813701629638672e-01
9.997540116310119629e-01
9.997556209564208984e-01
9.972718358039855957e-01
9.777642879635095596e-01
9.919980168342590332e-01
9.362037181854248047e-01
9.820830225944519043e-01
6.546572446823120117e-01
9.497811794281005859e-01
4.535841941833496094e-01
6.734269261360168457e-01
9.814612865447998047e-01
9.389145374298095703e-01
9.688984751701354980e-01
9.775770902633666992e-01
9.987925291061401367e-01
9.997705221176147461e-01
9.998375177383422852e-01
9.992712736129760742e-01
9.992088079452514648e-01
9.996322393417358398e-01
9.996066093444824219e-01
9.996848106384277344e-01
9.996533393859863281e-01
9.997816681861877441e-01
9.990674853324890137e-01
9.985550045967102051e-01
9.994894862174987793e-01
9.994336366653442383e-01
9.995425343513488770e-01
9.996721744537353516e-01
9.996571540832519531e-01
9.998599886894226074e-01
9.995976686477661133e-01
9.998179674148559570e-01
9.963956475257873535e-01
9.989489912986755371e-01
9.982802271842956543e-01
9.970226287841796875e-01
9.742442369461059570e-01
9.811600446701049805e-01
9.991014003753662109e-01
9.995724558830261230e-01
8.907231688499450684e-01
7.280915975570678711e-01
9.877052307128906250e-01
9.987848997116088867e-01
9.996096491813659668e-01
9.996951818466186523e-01
9.995333552360534668e-01
9.994485378265380859e-01
9.997289180755615234e-01
9.996489286422729492e-01
9.997491240501403809e-01
9.997943043708801270e-01
9.993516206741333008e-01
9.995428919792175293e-01
9.996278882026672363e-01
9.996275901794433594e-01
9.994736313819885254e-01
9.996098279953002930e-01
9.996267557144165039e-01
9.997956752777099609e-01
9.997656941413879395e-01
9.997201561927795410e-01
9.998281598091125488e-01
9.993932843208312988e-01
9.995955228805541992e-01
9.996588230133056641e-01
9.997431635856628418e-01
9.990553855895996094e-01
9.995106458663940430e-01
8.585863709449768066e-01
7.064358294010162354e-01
9.962575435638427734e-01
9.994390010833740234e-01
9.994405508041381836e-01
9.998371005058288574e-01
9.967908263206481934e-01
9.886773824691772461e-01
9.978842735290527344e-01
9.942661523818969727e-01
9.993698000907897949e-01
9.993978738784790039e-01
9.995157718658447266e-01
8.466615080833435059e-01
9.155169129371643066e-01
9.767602682113647461e-01
9.983186125755310059e-01
9.793954491615295410e-01
9.727804064750671387e-01
9.928740859031677246e-01
6.978264451026916504e-01
9.912038445472717285e-01
9.359468817710876465e-01
9.746855497360229492e-01
5.229938626289367676e-01
9.593771100044250488e-01
7.667142152786254883e-01
5.965767800807952881e-01
9.858364462852478027e-01
9.644300341606140137e-01
8.830923438072204590e-01
9.037528038024902344e-01
9.608626961708068848e-01
9.618249833583831787e-01
9.915997385978698730e-01
9.589376449584960938e-01
9.395756721496582031e-01
7.090988159179687500e-01
9.746608138084411621e-01
6.872305274009704590e-01
6.428055167198181152e-01
9.255495071411132812e-01
6.739503145217895508e-01
6.706801652908325195e-01
7.546896338462829590e-01
5.646626949310302734e-01
4.416496157646179199e-01
7.505742311477661133e-01
5.884525477886199951e-01
5.031768381595611572e-01
6.467910408973693848e-01
9.008307456970214844e-01
6.834155917167663574e-01
7.177228331565856934e-01
6.089050471782684326e-01
7.385354638099670410e-01
4.746592938899993896e-01
4.890573024749755859e-01
4.182138144969940186e-01
3.786568641662597656e-01
3.712177872657775879e-01
3.502840101718902588e-01
3.798034191131591797e-01
4.485423564910888672e-01
4.130494594573974609e-01
4.578230381011962891e-01
3.777729868888854980e-01
5.064600110054016113e-01
3.395391106605529785e-01
4.244300127029418945e-01
4.190428853034973145e-01
4.924740195274353027e-01
3.189715743064880371e-01
3.810901343822479248e-01
4.145595431327819824e-01
4.445455670356750488e-01
3.599557280540466309e-01
5.173780918121337891e-01
3.720325231552124023e-01
3.320710957050323486e-01
2.944625020027160645e-01
3.785502314567565918e-01
4.180388450622558594e-01
3.506549000740051270e-01
4.011270403861999512e-01
4.652034044265747070e-01
3.919295668601989746e-01
3.753981888294219971e-01
5.331476032733917236e-01
4.970501065254211426e-01
4.732982218265533447e-01
4.382312893867492676e-01
4.214928150177001953e-01
3.250328302383422852e-01
4.366617202758789062e-01
4.847340881824493408e-01
4.256168007850646973e-01
3.955894708633422852e-01
4.159737825393676758e-01
3.539144992828369141e-01
5.682268738746643066e-01
3.552984893321990967e-01
3.898223042488098145e-01
4.445724487304687500e-01
