9.961766004562377930e-01
9.970693588256835938e-01
4.997427463531494141e-01
5.682863593101501465e-01
9.958591461181640625e-01
9.985280632972717285e-01
6.148990988731384277e-01
6.979869604110717773e-01
9.952147006988525391e-01
9.967195391654968262e-01
9.970041513442993164e-01
9.995087981224060059e-01
9.998688101768493652e-01
9.998848438262939453e-01
9.987072944641113281e-01
9.982758164405822754e-01
9.994968175888061523e-01
9.998260140419006348e-01
9.998820424079895020e-01
9.633339047431945801e-01
9.978017807006835938e-01
9.996408820152282715e-01
9.998307824134826660e-01
9.998425841331481934e-01
9.999104738235473633e-01
9.999142885208129883e-01
9.999451041221618652e-01
9.999305605888366699e-01
9.998201131820678711e-01
9.998764395713806152e-01
9.999051690101623535e-01
9.999387264251708984e-01
9.999043941497802734e-01
9.998878240585327148e-01
9.999240040779113770e-01
9.999216794967651367e-01
9.999253153800964355e-01
9.997556805610656738e-01
8.157055974006652832e-01
9.919380545616149902e-01
9.989036321640014648e-01
9.756478667259216309e-01
9.904149770736694336e-01
9.769170284271240234e-01
9.784740209579467773e-01
9.994497895240783691e-01
8.351838886737823486e-01
9.910930395126342773e-01
8.060900568962097168e-01
9.970121979713439941e-01
9.988960623741149902e-01
9.993643760681152344e-01
9.995697140693664551e-01
9.994072914123535156e-01
9.998434185981750488e-01
9.994291663169860840e-01
9.992017149925231934e-01
9.996618628501892090e-01
9.996246099472045898e-01
9.996973872184753418e-01
9.996818900108337402e-01
9.998505115509033203e-01
9.991567730903625488e-01
9.987324476242065430e-01
9.995325207710266113e-01
9.994775652885437012e-01
9.994829893112182617e-01
9.992547035217285156e-01
9.987801313400268555e-01
9.997978806495666504e-01
9.988660812377929688e-01
9.969463944435119629e-01
9.997106194496154785e-01
9.982660412788391113e-01
9.985028505325317383e-01
9.987735748291015625e-01
9.991944432258605957e-01
9.969968199729919434e-01
9.994686841964721680e-01
9.085529446601867676e-01
8.792323470115661621e-01
9.747897982597351074e-01
9.979078173637390137e-01
9.993851780891418457e-01
9.996367096900939941e-01
9.997323751449584961e-01
9.997936487197875977e-01
9.991800785064697266e-01
9.998223781585693359e-01
9.997704625129699707e-01
9.998726844787597656e-01
9.996688365936279297e-01
9.996306300163269043e-01
9.997442960739135742e-01
9.994514584541320801e-01
9.996296167373657227e-01
9.996504187583923340e-01
9.990003705024719238e-01
9.994444847106933594e-01
9.984215497970581055e-01
9.995537996292114258e-01
9.997395873069763184e-01
9.992646574974060059e-01
9.996313452720642090e-01
9.994680285453796387e-01
9.997052550315856934e-01
9.991249442100524902e-01
9.991944432258605957e-01
9.992336630821228027e-01
9.863364696502685547e-01
9.991870522499084473e-01
9.932896494865417480e-01
9.996623992919921875e-01
9.991300702095031738e-01
9.917881488800048828e-01
9.984639286994934082e-01
9.791442751884460449e-01
9.979112744331359863e-01
9.994225502014160156e-01
9.994828104972839355e-01
9.983098506927490234e-01
8.475349545478820801e-01
8.532540202140808105e-01
9.863184690475463867e-01
9.981805086135864258e-01
9.836429953575134277e-01
9.024962186813354492e-01
9.826362822204828262e-01
9.980275034904479980e-01
8.962832689285278320e-01
9.924545288085937500e-01
6.336619853973388672e-01
8.647543191909790039e-01
3.753099441528320312e-01
9.897210001945495605e-01
9.871043562889099121e-01
7.980561852455139160e-01
9.857697486877441406e-01
9.876403808593750000e-01
9.940870921127498150e-01
9.563249349594116211e-01
9.924446940422058105e-01
9.899830818176269531e-01
9.821799993515014648e-01
8.864111900329589844e-01
7.718198299407958984e-01
7.093114852905273438e-01
6.310467123985290527e-01
7.705805897712707520e-01
6.332384049892425537e-01
7.684952616691589355e-01
8.486635684967041016e-01
8.712183833122253418e-01
6.561092734336853027e-01
7.189163267612457275e-01
7.835814356803894043e-01
5.489183068275451660e-01
6.864439845085144043e-01
8.499666452407836914e-01
5.975663065910339355e-01
7.854312658309936523e-01
7.138423919677734375e-01
6.140921413898468018e-01
3.967601656913757324e-01
3.572341799736022949e-01
3.927564322948455811e-01
3.257006406784057617e-01
3.707813620567321777e-01
4.600974321365356445e-01
5.911279916763305664e-01
6.460688114166259766e-01
5.291276574134826660e-01
5.052239298820495605e-01
5.884156227111816406e-01
5.238381326198577881e-01
4.795644283294677734e-01
4.917434453964233398e-01
4.848988652229309082e-01
5.126339793205261230e-01
4.066517949104309082e-01
4.981856942176818848e-01
6.192337274551391602e-01
6.143315434455871582e-01
6.250518858432769775e-01
6.286855340003967285e-01
5.024378299713134766e-01
3.944270014762878418e-01
2.541671395301818848e-01
5.147129893302917480e-01
5.656175315380096436e-01
6.176107227802276611e-01
6.228880286216735840e-01
6.575840115547180176e-01
6.316449046134948730e-01
5.855928063392639160e-01
6.197428405284881592e-01
6.039995253086090088e-01
6.534513831138610840e-01
6.536575555801391602e-01
5.006349682807922363e-01
5.662363767623901367e-01
4.749527573585510254e-01
3.968091011047363281e-01
4.669421911239624023e-01
5.123498737812042236e-01
4.535143971443176270e-01
5.141308903694152832e-01
3.961116075515747070e-01
4.353676140308380127e-01
5.491874217987060547e-01
4.494608640670776367e-01
