9.961766004562377930e-01
9.970693588256835938e-01
9.985863566398620605e-01
6.561009287834167480e-01
9.846214652061462402e-01
9.987663626670837402e-01
4.852566719055175781e-01
7.445484995841979980e-01
9.955805540084838867e-01
9.956941008567810059e-01
9.976858496665954590e-01
9.995087981224060059e-01
9.998688101768493652e-01
9.988949298858642578e-01
9.980537891387939453e-01
9.995019435882568359e-01
9.994032979011535645e-01
9.998383522033691406e-01
9.998545050621032715e-01
9.711165428161621094e-01
9.987674951553344727e-01
9.995027184486389160e-01
9.998295903205871582e-01
9.998399615287780762e-01
9.999109506607055664e-01
9.999390244483947754e-01
9.999343156814575195e-01
9.991904497146606445e-01
9.998719096183776855e-01
9.999049305915832520e-01
9.999081492424011230e-01
9.999242424964904785e-01
9.999417066574096680e-01
9.999031424522399902e-01
9.998953342437744141e-01
9.999220967292785645e-01
9.999186992645263672e-01
9.997808337211608887e-01
9.881086349487304688e-01
9.897111058235168457e-01
9.991046190261840820e-01
9.782091379165649414e-01
9.908706545829772949e-01
9.751250147819519043e-01
9.798653125762939453e-01
9.994733333587646484e-01
9.995645284652709961e-01
9.880157709121704102e-01
6.728600263595581055e-01
9.975513219833374023e-01
9.988185167312622070e-01
9.992774724960327148e-01
9.995362758636474609e-01
9.995380640029907227e-01
9.994289875030517578e-01
9.998573660850524902e-01
9.993832707405090332e-01
9.992215037345886230e-01
9.996675252914428711e-01
9.996436238288879395e-01
9.997014999389648438e-01
9.996856451034545898e-01
9.997956156730651855e-01
9.992036223411560059e-01
9.987663030624389648e-01
9.994572401046752930e-01
9.993799328804016113e-01
9.993098974227905273e-01
9.988927245140075684e-01
9.990653395652770996e-01
9.995866417884826660e-01
9.987542629241943359e-01
9.991465806961059570e-01
9.996948242187500000e-01
9.987069368362426758e-01
9.937814474105834961e-01
9.969148039817810059e-01
9.995859861373901367e-01
9.998624920845031738e-01
9.994315505027770996e-01
9.996716976165771484e-01
9.962839484214782715e-01
9.924029111862182617e-01
9.985050559043884277e-01
9.994728565216064453e-01
9.996559619903564453e-01
9.997900724411010742e-01
9.995445013046264648e-01
9.998481869697570801e-01
9.995744228363037109e-01
9.997326731681823730e-01
9.996941089630126953e-01
9.996799230575561523e-01
9.997379779815673828e-01
9.994767308235168457e-01
9.997440576553344727e-01
9.995737671852111816e-01
9.994567036628723145e-01
9.996084570884704590e-01
9.993452429771423340e-01
9.993360042572021484e-01
9.988377690315246582e-01
9.997283816337585449e-01
9.997938275337219238e-01
9.994021654129028320e-01
9.963939785957336426e-01
9.873734116554260254e-01
9.971773028373718262e-01
9.992512464523315430e-01
9.993524551391601562e-01
9.996782541275024414e-01
9.971497058868408203e-01
9.944581985473632812e-01
9.979615211486816406e-01
9.970480799674987793e-01
9.973757266998291016e-01
9.983636140823364258e-01
9.993689656257629395e-01
9.995119571685791016e-01
9.965506196022033691e-01
9.993822574615478516e-01
9.993978738784790039e-01
9.987451434135437012e-01
9.787625074386596680e-01
8.450013399124145508e-01
9.900688529014587402e-01
9.990432262420654297e-01
9.718785285949707031e-01
9.355955123901367188e-01
9.917147159576416016e-01
9.961362481117248535e-01
9.963665604591369629e-01
9.734101425856351852e-01
9.819811582565307617e-01
6.901228427886962891e-01
9.038968682289123535e-01
9.691811800003051758e-01
9.855911731719970703e-01
9.550636410713195801e-01
9.663302302360534668e-01
9.757199883460998535e-01
9.781072139739990234e-01
9.772272706031799316e-01
9.737403392791748047e-01
8.872085213661193848e-01
7.556326091289520264e-01
7.016693353652954102e-01
7.511379122734069824e-01
5.559020340442657471e-01
3.745317459106445312e-01
6.406654715538024902e-01
3.596009314060211182e-01
5.037193894386291504e-01
7.368562817573547363e-01
3.196314573287963867e-01
4.604476690292358398e-01
6.446471214294433594e-01
3.747873902320861816e-01
5.127012431621551514e-01
3.318086266517639160e-01
5.289337635040283203e-01
4.276945590972900391e-01
4.925601780414581299e-01
6.345300376415252686e-01
5.910476744174957275e-01
5.481574535369873047e-01
4.944087862968444824e-01
4.173259139060974121e-01
2.397742718458175659e-01
2.184032201766967773e-01
3.035489916801452637e-01
2.451339364051818848e-01
3.137698173522949219e-01
3.269504308700561523e-01
2.395235300064086914e-01
2.894687056541442871e-01
2.702048420906066895e-01
2.964132726192474365e-01
2.995588183403015137e-01
3.049870729446411133e-01
3.002601861953735352e-01
2.267400026321411133e-01
2.839769721031188965e-01
2.898914217948913574e-01
2.392950654029846191e-01
3.665665686130523682e-01
2.912806272506713867e-01
4.351077079772949219e-01
3.981809914112091064e-01
3.731431961059570312e-01
4.154595136642456055e-01
3.743005990982055664e-01
3.325418233871459961e-01
3.127459287643432617e-01
3.482858836650848389e-01
3.542630076408386230e-01
4.314033985137939453e-01
3.760788440704345703e-01
4.365835785865783691e-01
3.927979469299316406e-01
4.679150581359863281e-01
