9.961766004562377930e-01
9.970693588256835938e-01
9.985863566398620605e-01
9.985475540161132812e-01
9.996557831764221191e-01
9.997925162315368652e-01
9.997665286064147949e-01
9.998143911361694336e-01
9.995024800300598145e-01
9.634833335876464844e-01
9.858229160308837891e-01
9.993904829025268555e-01
9.998595714569091797e-01
9.989351630210876465e-01
9.979906082153320312e-01
9.995506405830383301e-01
9.994963407516479492e-01
9.998399615287780762e-01
9.998551011085510254e-01
9.692642092704772949e-01
9.986369609832763672e-01
9.995019435882568359e-01
9.994202852249145508e-01
9.998400211334228516e-01
9.999099969863891602e-01
9.999390244483947754e-01
9.999126195907592773e-01
9.998956918716430664e-01
9.999222755432128906e-01
9.999212622642517090e-01
9.999425411224365234e-01
9.998973011970520020e-01
9.998856186866760254e-01
9.999247193336486816e-01
9.999178051948547363e-01
9.999189972877502441e-01
9.999168515205383301e-01
9.998787641525268555e-01
9.996326565742492676e-01
9.607073664665222168e-01
9.217026233673095703e-01
9.825155735015869141e-01
9.837048053741455078e-01
9.993554949760437012e-01
9.393960237503051758e-01
9.837354421615600586e-01
6.451422572135925293e-01
9.620937705039978027e-01
9.955141544342041016e-01
9.993625879287719727e-01
9.995657205581665039e-01
9.994028210639953613e-01
9.998442530632019043e-01
9.993889927864074707e-01
9.990858435630798340e-01
9.996334910392761230e-01
9.995976090431213379e-01
9.996792674064636230e-01
9.996522068977355957e-01
9.996610283851623535e-01
9.998623132705688477e-01
9.993585348129272461e-01
9.985381960868835449e-01
9.996576309204101562e-01
9.995889663696289062e-01
9.991170167922973633e-01
9.996952414512634277e-01
9.998227357864379883e-01
9.977698922157287598e-01
9.987604022026062012e-01
9.971119165420532227e-01
9.983645677566528320e-01
9.953888654708862305e-01
9.993435144424438477e-01
9.989534616470336914e-01
9.943545460700988770e-01
3.116983771324157715e-01
8.493548035621643066e-01
9.991216063499450684e-01
9.985775351524353027e-01
9.991419315338134766e-01
9.978315234184265137e-01
9.995641112327575684e-01
9.997690320014953613e-01
9.997265934944152832e-01
9.997313022613525391e-01
9.997318983078002930e-01
9.996679425239562988e-01
9.997258186340332031e-01
9.996991157531738281e-01
9.997060298919677734e-01
9.996343851089477539e-01
9.995663762092590332e-01
9.997325539588928223e-01
9.995357990264892578e-01
9.993691444396972656e-01
9.970828890800476074e-01
9.996083378791809082e-01
9.995739459991455078e-01
9.998148083686828613e-01
9.997830986976623535e-01
9.990757107734680176e-01
9.969623684883117676e-01
9.998016953468322754e-01
9.993663430213928223e-01
9.991136789321899414e-01
9.989303350448608398e-01
9.902471303939819336e-01
9.919435381889343262e-01
9.992179870605468750e-01
9.972367286682128906e-01
9.995203614234924316e-01
9.997643828392028809e-01
9.988497495651245117e-01
9.915377497673034668e-01
9.971145987510681152e-01
9.986183643341064453e-01
9.992876648902893066e-01
9.992579221725463867e-01
9.985345602035522461e-01
9.995037317276000977e-01
9.993802309036254883e-01
9.986695647239685059e-01
9.207101464271545410e-01
9.004915952682495117e-01
9.020770788192749023e-01
9.949876070022583008e-01
9.897255897521972656e-01
9.983479380607604980e-01
9.799620509147644043e-01
9.868208765983581543e-01
9.949299097061157227e-01
9.935117363929748535e-01
9.913828372955322266e-01
9.975599050521850586e-01
9.926943778991699219e-01
9.845299124717712402e-01
9.769124984741210938e-01
9.899292588233947754e-01
9.842806458473205566e-01
9.709920287132263184e-01
9.840816855430603027e-01
9.963024854660034180e-01
9.945960044860839844e-01
9.935414791107177734e-01
9.769371151924133301e-01
9.271426796913146973e-01
9.147776365280151367e-01
8.145339488983154297e-01
6.383970379829406738e-01
8.263124227523803711e-01
8.453186750411987305e-01
8.146934509277343750e-01
8.172581791877746582e-01
8.134016394615173340e-01
9.265119209885597229e-01
7.666913568973541260e-01
9.107137322425842285e-01
9.067971110343933105e-01
8.580006957054138184e-01
7.500883340835571289e-01
8.196557760238647461e-01
9.819658398628234863e-01
9.166548252105712891e-01
8.795079588890075684e-01
9.078471064567565918e-01
7.643296718597412109e-01
9.122025966644287109e-01
6.957372426986694336e-01
3.940111994743347168e-01
4.730986356735229492e-01
4.507905840873718262e-01
6.259880065917968750e-01
5.873889923095703125e-01
8.769863247871398926e-01
7.784085869789123535e-01
6.792464852333068848e-01
6.066577732563018799e-01
6.182835698127746582e-01
6.649702191352844238e-01
6.091044843196868896e-01
6.062656044960021973e-01
7.298277616500854492e-01
4.484071135520935059e-01
5.591985881328582764e-01
5.091590285301208496e-01
3.928599953651428223e-01
4.447518587112426758e-01
5.640643835067749023e-01
4.754381775856018066e-01
3.918033242225646973e-01
3.847363889217376709e-01
4.115130901336669922e-01
3.615051209926605225e-01
3.895615935325622559e-01
5.334370136260986328e-01
5.670800209045410156e-01
4.467166662216186523e-01
4.263584911823272705e-01
3.496761023998260498e-01
4.106488227844238281e-01
4.212156534194946289e-01
4.097119271755218506e-01
5.831686258316040039e-01
5.457793474197387695e-01
5.311127603054046631e-01
5.505757331848144531e-01
4.795881509780883789e-01
4.624252915382385254e-01
