9.961766004562377930e-01
9.970693588256835938e-01
9.985863566398620605e-01
6.561009287834167480e-01
9.846214652061462402e-01
9.987663626670837402e-01
4.852566719055175781e-01
7.445484995841979980e-01
9.955805540084838867e-01
9.956941008567810059e-01
9.976858496665954590e-01
9.995087981224060059e-01
9.998688101768493652e-01
9.998847842216491699e-01
9.987072944641113281e-01
9.982871413230895996e-01
9.994984865188598633e-01
9.998257160186767578e-01
9.998814463615417480e-01
9.585265293717384338e-01
9.979286193847656250e-01
9.996428489685058594e-01
9.998295903205871582e-01
9.998399615287780762e-01
9.999109506607055664e-01
9.999142289161682129e-01
9.999448657035827637e-01
9.999305605888366699e-01
9.998197555541992188e-01
9.998757839202880859e-01
9.999055266380310059e-01
9.999178051948547363e-01
9.999440312385559082e-01
9.998990893363952637e-01
9.998912811279296875e-01
9.999257326126098633e-01
9.999186992645263672e-01
9.997813701629638672e-01
8.393104076385498047e-01
9.897111058235168457e-01
9.991409778594970703e-01
9.771909117698669434e-01
9.900799989700317383e-01
7.784621715545654297e-01
9.798653125762939453e-01
6.300371289253234863e-01
7.413945198059082031e-01
9.963222742080688477e-01
7.867436408996582031e-01
9.970030188560485840e-01
9.989693760871887207e-01
9.994394779205322266e-01
9.994680881500244141e-01
9.996413588523864746e-01
9.996351003646850586e-01
9.998570680618286133e-01
9.993806481361389160e-01
9.991875290870666504e-01
9.996659159660339355e-01
9.996336698532104492e-01
9.997001886367797852e-01
9.996848702430725098e-01
9.997956752777099609e-01
9.991843700408935547e-01
9.987779855728149414e-01
9.995601177215576172e-01
9.993804693222045898e-01
9.992831349372863770e-01
9.988936185836791992e-01
9.990516304969787598e-01
9.995744228363037109e-01
9.987614154815673828e-01
9.991428256034851074e-01
9.990030527114868164e-01
8.903015255928039551e-01
9.677199125289916992e-01
9.937607049942016602e-01
9.996066093444824219e-01
9.178695082664489746e-01
7.979747653007507324e-01
9.830529093742370605e-01
9.951384663581848145e-01
9.978285431861877441e-01
9.992367029190063477e-01
9.989468455314636230e-01
9.998369812965393066e-01
9.997212886810302734e-01
9.997484683990478516e-01
9.998127222061157227e-01
9.998422861099243164e-01
9.992733597755432129e-01
9.998682141304016113e-01
9.997088909149169922e-01
9.997519254684448242e-01
9.997034668922424316e-01
9.995040297508239746e-01
9.992087483406066895e-01
9.993056058883666992e-01
9.969676733016967773e-01
9.993172287940979004e-01
9.994276165962219238e-01
9.997448325157165527e-01
9.995050430297851562e-01
9.996359348297119141e-01
9.987406134605407715e-01
9.989265799522399902e-01
9.975874423980712891e-01
9.949580430984497070e-01
9.939911365509033203e-01
9.987258315086364746e-01
9.977086186408996582e-01
9.995645284652709961e-01
9.994164705276489258e-01
9.932466745376586914e-01
9.990764856338500977e-01
9.882840514183044434e-01
9.916975498199462891e-01
9.986425042152404785e-01
9.984127283096313477e-01
9.993748664855957031e-01
9.979298114776611328e-01
6.980437040328979492e-01
9.803091883659362793e-01
9.693798422813415527e-01
9.937449097633361816e-01
9.826774597167968750e-01
8.837667107582092285e-01
9.978006482124328613e-01
9.973321557044982910e-01
9.244669079780578613e-01
9.811551570892333984e-01
9.567477107048034668e-01
9.613068103790283203e-01
5.350041985511779785e-01
9.056264162063598633e-01
7.655922174453735352e-01
8.071594834327697754e-01
7.497500181198120117e-01
8.797765374183654785e-01
8.808051943778991699e-01
9.146644473075866699e-01
9.521417021751403809e-01
8.839998245239257812e-01
7.955701947212219238e-01
7.817370891571044922e-01
8.855618238449096680e-01
6.666427254676818848e-01
4.858565330505371094e-01
6.625114977359771729e-01
4.407700300216674805e-01
5.407645106315612793e-01
4.342536926269531250e-01
4.975771903991699219e-01
3.835701942443847656e-01
4.926501512527465820e-01
2.201406657695770264e-01
6.094199419021606445e-01
3.921412825584411621e-01
5.919057130813598633e-01
4.024655222892761230e-01
5.376408696174621582e-01
6.386307775974273682e-01
4.215784370899200439e-01
4.278027713298797607e-01
4.693983495235443115e-01
4.336783885955810547e-01
2.918738126754760742e-01
3.540936708450317383e-01
5.023746788501739502e-01
3.702378869056701660e-01
4.234966039657592773e-01
4.569597244262695312e-01
3.908423483371734619e-01
2.912172079086303711e-01
2.748725712299346924e-01
2.641850709915161133e-01
3.333623409271240234e-01
2.054738998413085938e-01
5.002030730247497559e-01
4.052511453628540039e-01
3.852699398994445801e-01
4.554849267005920410e-01
4.746809005737304688e-01
4.626377820968627930e-01
3.281933665275573730e-01
3.379838168621063232e-01
3.723243474960327148e-01
4.585845470428466797e-01
4.178553223609924316e-01
4.209240674972534180e-01
4.134305119514465332e-01
