9.961766004562377930e-01
9.970693588256835938e-01
9.985863566398620605e-01
9.985475540161132812e-01
9.888774156570434570e-01
9.962951540946960449e-01
9.985373020172119141e-01
7.218344211578369141e-01
9.873031973838806152e-01
9.964604973793029785e-01
9.955384731292724609e-01
9.996097683906555176e-01
9.998735189437866211e-01
9.985284209251403809e-01
9.984772205352783203e-01
9.994879364967346191e-01
9.994032979011535645e-01
9.998403191566467285e-01
9.998552203178405762e-01
9.743404984474182129e-01
9.987111687660217285e-01
9.995015859603881836e-01
9.998296499252319336e-01
9.998434185981750488e-01
9.999104142189025879e-01
9.999390840530395508e-01
9.999448657035827637e-01
9.999305009841918945e-01
9.998222589492797852e-01
9.998756647109985352e-01
9.999055862426757812e-01
9.999178051948547363e-01
9.999255537986755371e-01
9.999421238899230957e-01
9.999034404754638672e-01
9.998973011970520020e-01
9.999226331710815430e-01
9.997296929359436035e-01
9.912323355674743652e-01
9.903342723846435547e-01
9.789675474166870117e-01
9.861017465591430664e-01
9.797642230987548828e-01
9.775250554084777832e-01
5.154831409454345703e-01
6.701319217681884766e-01
9.949709177017211914e-01
9.917472004890441895e-01
9.990681409835815430e-01
9.989727139472961426e-01
9.986531138420104980e-01
9.994011521339416504e-01
9.996037483215332031e-01
9.996693134307861328e-01
9.996485710144042969e-01
9.996507167816162109e-01
9.998596906661987305e-01
9.993704557418823242e-01
9.991827607154846191e-01
9.996866583824157715e-01
9.994557499885559082e-01
9.998047947883605957e-01
9.978443980216979980e-01
9.998673796653747559e-01
9.996322989463806152e-01
9.978331327438354492e-01
9.984452724456787109e-01
9.985592365264892578e-01
9.986370205879211426e-01
9.991579651832580566e-01
9.982885718345642090e-01
9.994445443153381348e-01
9.950487017631530762e-01
9.966544508934020996e-01
9.982374310493469238e-01
9.989620447158813477e-01
9.981673955917358398e-01
9.939745664596557617e-01
9.995010495185852051e-01
9.885671138763427734e-01
9.983744621276855469e-01
9.989868998527526855e-01
9.961484670639038086e-01
9.983842968940734863e-01
9.990051388740539551e-01
9.994323253631591797e-01
9.998071193695068359e-01
9.996671080589294434e-01
9.997269511222839355e-01
9.997645616531372070e-01
9.996444582939147949e-01
9.998282790184020996e-01
9.997439980506896973e-01
9.997671842575073242e-01
9.995762705802917480e-01
9.991849064826965332e-01
9.996204972267150879e-01
9.991006851196289062e-01
9.993796348571777344e-01
9.995906949043273926e-01
9.995792508125305176e-01
9.994716644287109375e-01
9.991227984428405762e-01
9.988800287246704102e-01
9.997331500053405762e-01
9.997777342796325684e-01
9.995865821838378906e-01
9.984750747680664062e-01
9.753472805023193359e-01
9.873443245887756348e-01
9.876081943511962891e-01
9.990180730819702148e-01
9.981247186660766602e-01
9.996722340583801270e-01
9.993513822555541992e-01
9.948167204856872559e-01
9.978818297386169434e-01
9.980226755142211914e-01
9.966267347335815430e-01
9.993672370910644531e-01
9.996045231819152832e-01
9.997321367263793945e-01
9.990916252136230469e-01
9.992574453353881836e-01
8.423044681549072266e-01
9.715370535850524902e-01
9.984377026557922363e-01
9.983033537864685059e-01
9.828705787658691406e-01
9.741436839103698730e-01
9.924290776252746582e-01
9.982776045799255371e-01
9.306755065917968750e-01
7.949404716491699219e-01
9.810726046562194824e-01
9.927545785903930664e-01
9.889218211174011230e-01
9.939365386962890625e-01
9.855548143386840820e-01
9.805306196212768555e-01
9.888847470283508301e-01
9.856771826744079590e-01
9.881538152694702148e-01
9.900159835815429688e-01
9.946027398109436035e-01
9.938189387321472168e-01
9.890319108963012695e-01
9.627459049224853516e-01
9.021535739302635193e-01
4.873813986778259277e-01
3.009205758571624756e-01
6.233891844749450684e-01
8.891145586967468262e-01
7.143306732177734375e-01
8.041722774505615234e-01
6.942888498306274414e-01
8.761813640594482422e-01
6.723059415817260742e-01
8.520886451005935669e-01
8.598412871360778809e-01
5.637245774269104004e-01
5.750780701637268066e-01
9.075916409492492676e-01
8.571816682815551758e-01
7.551797628402709961e-01
8.812739849090576172e-01
6.495993137359619141e-01
7.686524987220764160e-01
4.135261178016662598e-01
6.638998985290527344e-01
3.045350313186645508e-01
6.368449330329895020e-01
3.249644339084625244e-01
5.507639348506927490e-01
5.386662483215332031e-01
1.766836643218994141e-01
5.323326587677001953e-01
4.783610105514526367e-01
2.033518552780151367e-01
3.829463124275207520e-01
4.516451358795166016e-01
4.309894442558288574e-01
6.068629622459411621e-01
4.257494509220123291e-01
3.959207832813262939e-01
5.728985965251922607e-01
4.748526811599731445e-01
3.579188585281372070e-01
4.851932525634765625e-01
5.954967737197875977e-01
4.066987633705139160e-01
4.690046906471252441e-01
5.296401977539062500e-01
5.210953950881958008e-01
4.714005589485168457e-01
5.941666960716247559e-01
3.844819068908691406e-01
3.378552794456481934e-01
3.582026660442352295e-01
5.461480021476745605e-01
4.659241139888763428e-01
4.868758916854858398e-01
4.618755578994750977e-01
4.259986579418182373e-01
4.732756316661834717e-01
3.382765650749206543e-01
5.222618579864501953e-01
5.236909985542297363e-01
3.470518290996551514e-01
6.287279129028320312e-01
7.098343968391418457e-01
7.976870536804199219e-01
5.541574358940124512e-01
6.261766552925109863e-01
4.082486629486083984e-01
3.869500160217285156e-01
4.208626747131347656e-01
4.282529950141906738e-01
3.106394410133361816e-01
4.623721837997436523e-01
3.621807098388671875e-01
4.081575274467468262e-01
3.528291583061218262e-01
5.290862023830413818e-01
4.586679935455322266e-01
4.645938277244567871e-01
3.419290482997894287e-01
4.278361499309539795e-01
4.166810512542724609e-01
4.528232812881469727e-01
3.878560662269592285e-01
