9.961766004562377930e-01
2.928562760353088379e-01
4.109065532684326172e-01
8.505931496620178223e-01
9.950274825096130371e-01
9.988708496093750000e-01
9.985769391059875488e-01
9.988923072814941406e-01
9.909592270851135254e-01
9.864619374275207520e-01
9.960792660713195801e-01
9.994250535964965820e-01
9.998773932456970215e-01
9.986487627029418945e-01
9.978906512260437012e-01
9.995633959770202637e-01
9.993893504142761230e-01
9.998386502265930176e-01
9.998543262481689453e-01
9.998669028282165527e-01
9.991062879562377930e-01
9.982229471206665039e-01
9.995137453079223633e-01
9.998281598091125488e-01
9.999223351478576660e-01
9.999373555183410645e-01
9.999392032623291016e-01
9.999344944953918457e-01
9.998174905776977539e-01
9.998742938041687012e-01
9.999299645423889160e-01
9.998766183853149414e-01
9.998973608016967773e-01
9.999197125434875488e-01
9.999197125434875488e-01
9.999275207519531250e-01
9.999231696128845215e-01
9.997873902320861816e-01
9.998871088027954102e-01
9.998810291290283203e-01
9.963467717170715332e-01
6.509778499603271484e-01
9.901713132858276367e-01
5.110219120979309082e-01
9.824111461639404297e-01
6.553315222263336182e-01
8.145251274108886719e-01
5.001035928726196289e-01
7.153670787811279297e-01
9.882652759552001953e-01
9.989416003227233887e-01
9.995585083961486816e-01
9.994370937347412109e-01
9.998396635055541992e-01
9.993999004364013672e-01
9.991466999053955078e-01
9.996438026428222656e-01
9.996188879013061523e-01
9.996960163116455078e-01
9.996810555458068848e-01
9.998521208763122559e-01
9.994868040084838867e-01
9.986678361892700195e-01
9.995192289352416992e-01
9.994437098503112793e-01
9.995636343955993652e-01
9.994423389434814453e-01
9.991565942764282227e-01
9.996804594993591309e-01
9.987343549728393555e-01
9.978542923927307129e-01
9.991599917411804199e-01
9.982717633247375488e-01
9.996479153633117676e-01
9.972375035285949707e-01
9.994243383407592773e-01
5.851292014122009277e-01
8.698180764913558960e-01
9.453061223030090332e-01
8.064197301864624023e-01
9.727614521980285645e-01
9.985779523849487305e-01
9.994475245475769043e-01
9.998005032539367676e-01
9.996117949485778809e-01
9.997274279594421387e-01
9.995571374893188477e-01
9.997181892395019531e-01
9.995592832565307617e-01
9.996579885482788086e-01
9.996183514595031738e-01
9.992933869361877441e-01
9.992963671684265137e-01
9.986512064933776855e-01
9.983103871345520020e-01
9.992271661758422852e-01
9.991656541824340820e-01
9.994128942489624023e-01
9.980937838554382324e-01
9.976394176483154297e-01
9.983453154563903809e-01
9.993807673454284668e-01
9.995325207710266113e-01
9.991018176078796387e-01
9.996408820152282715e-01
9.990125298500061035e-01
9.994871020317077637e-01
9.948174357414245605e-01
9.849496483802795410e-01
9.986711740493774414e-01
9.969837069511413574e-01
9.978587627410888672e-01
9.990312457084655762e-01
9.996252655982971191e-01
9.989593625068664551e-01
9.958958625793457031e-01
9.884997606277465820e-01
9.928759932518005371e-01
9.984703063964843750e-01
9.995407462120056152e-01
9.992965459823608398e-01
9.987056255340576172e-01
9.994139075279235840e-01
9.977859258651733398e-01
9.481090903282165527e-01
8.840048909187316895e-01
9.943779706954956055e-01
9.983428120613098145e-01
9.931625723838806152e-01
9.994953870773315430e-01
9.940412044525146484e-01
9.934798479080200195e-01
9.964315295219421387e-01
9.671713411808013916e-01
9.966725707054138184e-01
9.870034456253051758e-01
9.962683320045471191e-01
9.936268925666809082e-01
9.889049530029296875e-01
8.865552991628646851e-01
9.650885462760925293e-01
9.039608240127563477e-01
9.946926236152648926e-01
9.435307383537292480e-01
6.556619107723236084e-01
8.747373223304748535e-01
7.730006575584411621e-01
7.658779025077819824e-01
7.816243171691894531e-01
5.441424846649169922e-01
2.410981208086013794e-01
3.867245912551879883e-01
8.848782181739807129e-01
4.128676652908325195e-01
7.932756543159484863e-01
7.443391084671020508e-01
7.984760999679565430e-01
3.050370216369628906e-01
6.430872678756713867e-01
6.915548443794250488e-01
6.048913598060607910e-01
6.762987375259399414e-01
7.231000065803527832e-01
5.392900705337524414e-01
5.197483003139495850e-01
3.504470586776733398e-01
3.835867643356323242e-01
3.101643919944763184e-01
3.761305809020996094e-01
4.115446805953979492e-01
2.801823019981384277e-01
4.243753254413604736e-01
4.521209597587585449e-01
3.528762757778167725e-01
3.906385302543640137e-01
4.288522601127624512e-01
2.747194766998291016e-01
2.956115007400512695e-01
2.445481419563293457e-01
3.508242368698120117e-01
2.649849057197570801e-01
3.507010936737060547e-01
3.118447661399841309e-01
3.052862286567687988e-01
2.710669040679931641e-01
2.779516577720642090e-01
2.620520591735839844e-01
2.349385768175125122e-01
2.983883321285247803e-01
3.994511067867279053e-01
3.418890833854675293e-01
5.126829147338867188e-01
4.734230637550354004e-01
5.123804211616516113e-01
3.873030543327331543e-01
4.667064249515533447e-01
2.709285616874694824e-01
3.016535639762878418e-01
3.841385841369628906e-01
3.596199750900268555e-01
3.187481760978698730e-01
3.531824946403503418e-01
4.292303323745727539e-01
3.894193768501281738e-01
4.190011620521545410e-01
4.056213796138763428e-01
4.229446649551391602e-01
3.455343246459960938e-01
4.355896711349487305e-01
3.673174977302551270e-01
