9.961766004562377930e-01
9.970693588256835938e-01
9.985863566398620605e-01
9.985475540161132812e-01
9.996557831764221191e-01
9.997925162315368652e-01
9.997665286064147949e-01
9.977559447288513184e-01
9.994528889656066895e-01
9.903237819671630859e-01
9.841031432151794434e-01
9.995383024215698242e-01
9.998573660850524902e-01
9.988275170326232910e-01
9.984768629074096680e-01
9.994744658470153809e-01
9.994963407516479492e-01
9.998399615287780762e-01
9.998552799224853516e-01
9.998674392700195312e-01
9.990438222885131836e-01
9.982473254203796387e-01
9.995031952857971191e-01
9.998294711112976074e-01
9.999226331710815430e-01
9.999373555183410645e-01
9.998965263366699219e-01
9.999075531959533691e-01
9.999222755432128906e-01
9.999395012855529785e-01
9.998900890350341797e-01
9.998779892921447754e-01
9.999201297760009766e-01
9.999203681945800781e-01
9.999244213104248047e-01
9.999164938926696777e-01
9.999395012855529785e-01
9.996897578239440918e-01
9.994608163833618164e-01
9.881960749626159668e-01
9.892693758010864258e-01
9.982034564018249512e-01
5.668504238128662109e-01
9.987840652465820312e-01
9.998209476470947266e-01
9.801074266433715820e-01
3.204234242439270020e-01
8.110332489013671875e-01
9.925954341888427734e-01
9.989629387855529785e-01
9.993913173675537109e-01
9.998051524162292480e-01
9.998270273208618164e-01
9.988114833831787109e-01
9.607760645449161530e-01
9.989756345748901367e-01
9.990133047103881836e-01
9.995512366294860840e-01
9.995377659797668457e-01
9.997338652610778809e-01
9.983535408973693848e-01
9.994695186614990234e-01
9.994484186172485352e-01
9.989835619926452637e-01
9.997422099113464355e-01
9.992474913597106934e-01
9.998505711555480957e-01
9.997109770774841309e-01
9.972816109657287598e-01
9.989560842514038086e-01
9.992952346801757812e-01
9.980164170265197754e-01
9.996734857559204102e-01
9.996585845947265625e-01
9.998031854629516602e-01
9.159150198101997375e-01
9.051733016967773438e-01
9.997012615203857422e-01
9.998270273208618164e-01
9.997384548187255859e-01
9.996067881584167480e-01
9.996058344841003418e-01
9.995172619819641113e-01
9.997414350509643555e-01
9.996891617774963379e-01
9.996024370193481445e-01
9.997813701629638672e-01
9.994702339172363281e-01
9.994698166847229004e-01
9.993822574615478516e-01
9.996730089187622070e-01
9.992812275886535645e-01
9.996589422225952148e-01
9.976042509078979492e-01
9.995175004005432129e-01
9.996671080589294434e-01
9.995879530906677246e-01
9.996764659881591797e-01
9.996836781501770020e-01
9.998216032981872559e-01
9.972236752510070801e-01
9.979932904243469238e-01
9.993612170219421387e-01
9.997831583023071289e-01
9.992497563362121582e-01
9.986565113067626953e-01
5.283104479312896729e-01
7.855899930000305176e-01
9.893104434013366699e-01
9.778322577476501465e-01
6.043869256973266602e-01
9.936771988868713379e-01
9.865726232528686523e-01
9.961606264114379883e-01
9.996320009231567383e-01
9.013321399688720703e-01
8.822834342718124390e-01
9.170404672622680664e-01
7.126916646957397461e-01
9.981207251548767090e-01
9.856986999511718750e-01
7.242715954780578613e-01
9.961657524108886719e-01
9.745227098464965820e-01
9.969068765640258789e-01
8.735364675521850586e-01
9.019537568092346191e-01
9.726162552833557129e-01
9.873172044754028320e-01
9.912514686584472656e-01
9.337083101272583008e-01
5.584011077880859375e-01
9.286348223686218262e-01
7.918072938919067383e-01
6.163489222526550293e-01
8.930624127388000488e-01
9.020729660987854004e-01
7.047019004821777344e-01
8.525972962379455566e-01
9.851427078247070312e-01
8.927448391914367676e-01
9.582140445709228516e-01
9.065452218055725098e-01
9.380018711090087891e-01
9.385803341865539551e-01
8.875451683998107910e-01
7.484782934188842773e-01
8.383445590734481812e-01
9.483775496482849121e-01
6.640837788581848145e-01
6.593171060085296631e-01
7.883422970771789551e-01
4.428794085979461670e-01
3.845611214637756348e-01
4.772295951843261719e-01
7.858912348747253418e-01
7.219241857528686523e-01
7.811287045478820801e-01
8.140084743499755859e-01
5.427478551864624023e-01
6.910782456398010254e-01
4.835698008537292480e-01
6.709982454776763916e-01
4.451885223388671875e-01
7.490811944007873535e-01
5.394223630428314209e-01
6.225387454032897949e-01
3.043195903301239014e-01
4.179241061210632324e-01
5.277220010757446289e-01
3.653889298439025879e-01
3.957875370979309082e-01
3.773618340492248535e-01
4.488437771797180176e-01
3.368808031082153320e-01
4.786436557769775391e-01
4.658577442169189453e-01
3.959752321243286133e-01
3.450360298156738281e-01
4.117531776428222656e-01
5.385027229785919189e-01
4.696877002716064453e-01
5.228153765201568604e-01
6.355381011962890625e-01
3.081891536712646484e-01
3.484269380569458008e-01
4.181920886039733887e-01
4.700623750686645508e-01
3.748439252376556396e-01
4.131086468696594238e-01
4.402253031730651855e-01
4.575719833374023438e-01
6.057301759719848633e-01
5.862914919853210449e-01
