9.961766004562377930e-01
9.970693588256835938e-01
9.985863566398620605e-01
6.561009287834167480e-01
9.846214652061462402e-01
9.987663626670837402e-01
4.852566421031951904e-01
7.445484995841979980e-01
9.955805540084838867e-01
9.956941008567810059e-01
9.976858496665954590e-01
9.995087981224060059e-01
9.998688101768493652e-01
9.998847842216491699e-01
9.987072944641113281e-01
9.982871413230895996e-01
9.994984865188598633e-01
9.998257160186767578e-01
9.998814463615417480e-01
9.585264921188354492e-01
9.979286193847656250e-01
9.996428489685058594e-01
9.998295903205871582e-01
9.998399615287780762e-01
9.999109506607055664e-01
9.999142289161682129e-01
9.999448657035827637e-01
9.999305605888366699e-01
9.998197555541992188e-01
9.998757839202880859e-01
9.999055266380310059e-01
9.999178051948547363e-01
9.999440312385559082e-01
9.999418854713439941e-01
9.999405741691589355e-01
9.999066591262817383e-01
9.998912215232849121e-01
9.997435212135314941e-01
8.042969703674316406e-01
9.927864670753479004e-01
9.990277886390686035e-01
9.996113777160644531e-01
9.945654273033142090e-01
5.632083415985107422e-01
9.821324348449707031e-01
9.992865324020385742e-01
7.132840156555175781e-01
9.923152327537536621e-01
7.160550951957702637e-01
9.974753260612487793e-01
9.988797307014465332e-01
9.993543624877929688e-01
9.995661973953247070e-01
9.994023442268371582e-01
9.996417760848999023e-01
9.998579025268554688e-01
9.993709325790405273e-01
9.991978406906127930e-01
9.996604323387145996e-01
9.996380209922790527e-01
9.997047185897827148e-01
9.996761679649353027e-01
9.997091889381408691e-01
9.996124505996704102e-01
9.982551932334899902e-01
9.997397661209106445e-01
9.991744160652160645e-01
9.989335536956787109e-01
9.995954632759094238e-01
9.995689988136291504e-01
9.996797442436218262e-01
9.996525049209594727e-01
9.969638586044311523e-01
9.990829825401306152e-01
9.761295914649963379e-01
9.777162075042724609e-01
8.573928922414779663e-01
9.996284842491149902e-01
9.996009469032287598e-01
9.997034072875976562e-01
9.997918009757995605e-01
9.996405243873596191e-01
9.996909499168395996e-01
9.997779130935668945e-01
9.996215105056762695e-01
9.995701313018798828e-01
9.997417330741882324e-01
9.997205734252929688e-01
9.997057318687438965e-01
9.997677803039550781e-01
9.992460608482360840e-01
9.998490214347839355e-01
9.990823864936828613e-01
9.998413324356079102e-01
9.996009469032287598e-01
9.991278648376464844e-01
9.996277093887329102e-01
9.994455575942993164e-01
9.992805123329162598e-01
9.989582300186157227e-01
9.996229410171508789e-01
9.996710419654846191e-01
9.994168281555175781e-01
9.998165369033813477e-01
9.981192946434020996e-01
9.198660254478454590e-01
9.681923985481262207e-01
9.976093769073486328e-01
9.936066269874572754e-01
9.989894628524780273e-01
9.996296167373657227e-01
9.607248902320861816e-01
9.951717853546142578e-01
9.970369935035705566e-01
9.979761838912963867e-01
9.987753629684448242e-01
9.981500506401062012e-01
9.997121691703796387e-01
9.978712797164916992e-01
7.709908485412597656e-01
9.510230422019958496e-01
9.982578754425048828e-01
9.618355035781860352e-01
9.496762156486511230e-01
9.871784448623657227e-01
9.924343824386596680e-01
9.975106716156005859e-01
9.613230824470520020e-01
8.887612223625183105e-01
9.772987961769104004e-01
7.336127758026123047e-01
4.562923908233642578e-01
9.086650013923645020e-01
8.437371253967285156e-01
6.967894434928894043e-01
9.429425001144409180e-01
3.307922184467315674e-01
9.819862246513366699e-01
9.604626893997192383e-01
9.840792417526245117e-01
9.829766750335693359e-01
9.944691061973571777e-01
9.665180444717407227e-01
9.902305603027343750e-01
9.735912680625915527e-01
9.675492048263549805e-01
5.080738067626953125e-01
8.916497826576232910e-01
8.609148263931274414e-01
8.288723230361938477e-01
6.953327655792236328e-01
7.322816848754882812e-01
6.415039002895355225e-01
8.198960423469543457e-01
6.723421812057495117e-01
8.639276623725891113e-01
8.131232857704162598e-01
9.565665125846862793e-01
7.941067218780517578e-01
8.760244250297546387e-01
7.501183152198791504e-01
7.469294667243957520e-01
7.501870989799499512e-01
7.945423722267150879e-01
8.278229236602783203e-01
7.676911950111389160e-01
7.590824365615844727e-01
3.767425417900085449e-01
5.462116897106170654e-01
4.583038091659545898e-01
3.770506978034973145e-01
3.244684338569641113e-01
5.136200189590454102e-01
7.465788722038269043e-01
3.177937269210815430e-01
5.897079706192016602e-01
4.898579716682434082e-01
5.141492784023284912e-01
4.103344976902008057e-01
5.346822738647460938e-01
5.627592206001281738e-01
6.124898791313171387e-01
5.544586181640625000e-01
5.474289059638977051e-01
5.622444748878479004e-01
5.740999579429626465e-01
3.587989211082458496e-01
5.031368732452392578e-01
6.083551645278930664e-01
4.402018189430236816e-01
5.388309359550476074e-01
5.136407315731048584e-01
3.619911670684814453e-01
3.584347963333129883e-01
2.736519575119018555e-01
4.219104647636413574e-01
3.735256195068359375e-01
4.119436144828796387e-01
3.426123261451721191e-01
4.655248522758483887e-01
4.770353734493255615e-01
3.755102157592773438e-01
3.376451730728149414e-01
4.031625390052795410e-01
4.010161161422729492e-01
3.654933571815490723e-01
3.832643628120422363e-01
3.715713620185852051e-01
3.554155230522155762e-01
3.548032045364379883e-01
