9.961766004562377930e-01
9.970693588256835938e-01
9.985863566398620605e-01
6.561009287834167480e-01
9.846214652061462402e-01
9.987663626670837402e-01
4.852566421031951904e-01
7.445484995841979980e-01
9.955805540084838867e-01
9.956941008567810059e-01
9.976858496665954590e-01
9.995087981224060059e-01
9.998688866471638903e-01
9.988949298858642578e-01
9.980537891387939453e-01
9.995019435882568359e-01
9.994032979011535645e-01
9.998383522033691406e-01
9.998545050621032715e-01
9.998666644096374512e-01
9.998934268951416016e-01
9.998809099197387695e-01
9.997652173042297363e-01
9.996891021728515625e-01
9.999229311943054199e-01
9.999417066574096680e-01
9.999338388442993164e-01
9.988988041877746582e-01
9.998575448989868164e-01
9.999147057533264160e-01
9.999081492424011230e-01
9.999170303344726562e-01
9.999347329139709473e-01
9.998882412910461426e-01
9.998953342437744141e-01
9.999220967292785645e-01
9.999186992645263672e-01
9.997808337211608887e-01
9.883664250373840332e-01
9.898562431335449219e-01
9.990862607955932617e-01
9.996098279953002930e-01
9.929710626602172852e-01
9.911856055259704590e-01
9.996561408042907715e-01
9.984889626502990723e-01
6.414387226104736328e-01
9.924679994583129883e-01
9.982289671897888184e-01
9.977945685386657715e-01
9.970217943191528320e-01
9.992140531539916992e-01
9.990824460983276367e-01
9.994797110557556152e-01
9.996436238288879395e-01
9.998434782028198242e-01
9.994525909423828125e-01
9.992136955261230469e-01
9.996619224548339844e-01
9.996431469917297363e-01
9.997004866600036621e-01
9.996787905693054199e-01
9.997956156730651855e-01
9.991640448570251465e-01
9.986765980720520020e-01
9.994410276412963867e-01
9.993547797203063965e-01
9.992831349372863770e-01
9.988840818405151367e-01
9.990627169609069824e-01
9.995837807655334473e-01
9.995290637016296387e-01
9.991428256034851074e-01
9.996901154518127441e-01
6.900843381881713867e-01
9.388576447963714600e-01
9.988479614257812500e-01
9.998255372047424316e-01
9.993450641632080078e-01
9.997181892395019531e-01
9.994386434555053711e-01
9.996839761734008789e-01
9.997227787971496582e-01
9.994962811470031738e-01
9.998248815536499023e-01
9.997487664222717285e-01
9.997118115425109863e-01
9.998310208320617676e-01
9.996066689491271973e-01
9.998130202293395996e-01
9.994067549705505371e-01
9.988197684288024902e-01
9.996681213378906250e-01
9.988996386528015137e-01
9.991856813430786133e-01
9.988961815834045410e-01
9.969573616981506348e-01
9.993926286697387695e-01
9.965435862541198730e-01
9.956796169281005859e-01
9.972441792488098145e-01
9.979171752929687500e-01
9.996031522750854492e-01
9.976093173027038574e-01
9.989183545112609863e-01
9.698692560195922852e-01
9.570566155016422272e-01
9.948369860649108887e-01
9.978057742118835449e-01
9.976530671119689941e-01
9.997127652168273926e-01
9.974416494369506836e-01
9.988391995429992676e-01
9.967070817947387695e-01
9.963248968124389648e-01
9.991990923881530762e-01
9.987256526947021484e-01
9.996817111968994141e-01
9.991492033004760742e-01
9.981678128242492676e-01
9.989290833473205566e-01
9.956384897232055664e-01
9.838599562644958496e-01
9.916934967041015625e-01
9.637109041213989258e-01
9.891261458396911621e-01
9.805000424385070801e-01
9.681672453880310059e-01
9.817316532135009766e-01
8.877142071723937988e-01
9.949519634246826172e-01
9.272201061248779297e-01
9.844142198562622070e-01
9.836314916610717773e-01
9.584989547729492188e-01
8.371435403823852539e-01
6.403345763683319092e-01
8.840922117233276367e-01
6.618902981281280518e-01
7.914487123489379883e-01
7.766554951667785645e-01
9.494408369064331055e-01
8.957358598709106445e-01
9.000344276428222656e-01
8.682833909988403320e-01
9.399586915969848633e-01
3.621152639389038086e-01
6.509857177734375000e-01
6.141932308673858643e-01
5.228392481803894043e-01
5.135727524757385254e-01
4.287235736846923828e-01
3.966644704341888428e-01
5.759271979331970215e-01
3.416772484779357910e-01
6.655702590942382812e-01
4.417691528797149658e-01
4.335472881793975830e-01
4.204455614089965820e-01
3.294624686241149902e-01
4.770597815513610840e-01
5.117821991443634033e-01
4.154829382896423340e-01
7.013697028160095215e-01
5.399363636970520020e-01
5.250627100467681885e-01
3.342856168746948242e-01
2.902916669845581055e-01
3.701684474945068359e-01
2.068347334861755371e-01
2.350908517837524414e-01
2.698775529861450195e-01
3.025752305984497070e-01
2.683723270893096924e-01
3.458247780799865723e-01
2.774471044540405273e-01
2.821668982505798340e-01
3.307486772537231445e-01
2.342889308929443359e-01
3.388728499412536621e-01
3.125562071800231934e-01
4.311056733131408691e-01
4.018880724906921387e-01
2.825412750244140625e-01
2.972253561019897461e-01
2.393683791160583496e-01
2.424524277448654175e-01
3.778871297836303711e-01
3.466129899024963379e-01
4.076956510543823242e-01
4.477519392967224121e-01
4.915967583656311035e-01
4.414199888706207275e-01
3.239264190196990967e-01
4.672782123088836670e-01
3.837437033653259277e-01
4.071880877017974854e-01
3.892530798912048340e-01
4.629866182804107666e-01
