9.961766004562377930e-01
2.928562760353088379e-01
4.109065830707550049e-01
8.505931496620178223e-01
9.950274825096130371e-01
9.988708496093750000e-01
9.985769391059875488e-01
9.988923072814941406e-01
9.909592270851135254e-01
9.864619374275207520e-01
9.960792660713195801e-01
9.994250535964965820e-01
9.998773932456970215e-01
9.986487627029418945e-01
9.978906512260437012e-01
9.995633959770202637e-01
9.993893504142761230e-01
9.998386502265930176e-01
9.998543262481689453e-01
9.998669028282165527e-01
9.998931884765625000e-01
9.988116025924682617e-01
9.983333349227905273e-01
9.998440742492675781e-01
9.999190568923950195e-01
9.999438524246215820e-01
9.999094605445861816e-01
9.999223351478576660e-01
9.998949170112609863e-01
9.998644590377807617e-01
9.999360442161560059e-01
9.998766183853149414e-01
9.998730421066284180e-01
9.999251365661621094e-01
9.999169111251831055e-01
9.999275207519531250e-01
9.999231696128845215e-01
9.997866153717041016e-01
9.998871088027954102e-01
9.996774792671203613e-01
9.995392560958862305e-01
8.406790494918823242e-01
9.882603883743286133e-01
9.982448220252990723e-01
5.467012226581573486e-01
9.993882179260253906e-01
9.851646423339843750e-01
9.672936201095581055e-01
5.324073433876037598e-01
9.623931646347045898e-01
9.992702603340148926e-01
9.988480210304260254e-01
9.993815422058105469e-01
9.998179674148559570e-01
9.998058080673217773e-01
9.988012313842773438e-01
9.991791844367980957e-01
9.996515512466430664e-01
9.996359348297119141e-01
9.997009634971618652e-01
9.998624920845031738e-01
9.993982315063476562e-01
9.988652467727661133e-01
9.995248913764953613e-01
9.994754791259765625e-01
9.995557069778442383e-01
9.994386434555053711e-01
9.992099404335021973e-01
9.995748996734619141e-01
9.971586465835571289e-01
9.973883032798767090e-01
9.991559386253356934e-01
9.988154768943786621e-01
9.968831539154052734e-01
9.988300204277038574e-01
9.997826814651489258e-01
9.978573918342590332e-01
9.670841693878173828e-01
9.968835115432739258e-01
9.993259906768798828e-01
9.984208941459655762e-01
9.996222853660583496e-01
9.972863793373107910e-01
9.997321367263793945e-01
9.996744990348815918e-01
9.991033673286437988e-01
9.998013377189636230e-01
9.996748566627502441e-01
9.970970749855041504e-01
9.974551796913146973e-01
9.997408986091613770e-01
9.996892809867858887e-01
9.997770190238952637e-01
9.994652867317199707e-01
9.996005892753601074e-01
9.997060894966125488e-01
9.995757341384887695e-01
9.996953606605529785e-01
9.993277788162231445e-01
9.996131062507629395e-01
9.995063543319702148e-01
9.994421005249023438e-01
9.983553290367126465e-01
9.995961189270019531e-01
9.998183250427246094e-01
9.995127916336059570e-01
9.993599057197570801e-01
9.940502643585205078e-01
9.918595552444458008e-01
9.825770258903503418e-01
9.993350505828857422e-01
9.988715052604675293e-01
9.996050596237182617e-01
9.997717738151550293e-01
9.990397691726684570e-01
9.881207942962646484e-01
9.983983635902404785e-01
9.976908564567565918e-01
9.930793046951293945e-01
9.992318153381347656e-01
9.981840848922729492e-01
9.997078180313110352e-01
9.990823864936828613e-01
9.823889732360839844e-01
9.926804304122924805e-01
9.436221122741699219e-01
9.163228273391723633e-01
9.090032577514648438e-01
9.953677058219909668e-01
9.988487958908081055e-01
9.975045323371887207e-01
8.532183766365051270e-01
8.795313239097595215e-01
1.900478601455688477e-01
8.703571557998657227e-01
9.896497726440429688e-01
9.951227307319641113e-01
9.223903417587280273e-01
9.939126968383789062e-01
9.793512821197509766e-01
9.958119988441467285e-01
9.901332855224609375e-01
9.871729016304016113e-01
9.944464564323425293e-01
9.918307065963745117e-01
9.933529496192932129e-01
9.780008792877197266e-01
9.689159989356994629e-01
6.773947477340698242e-01
5.142223238945007324e-01
3.735499382019042969e-01
3.609935045242309570e-01
2.632311582565307617e-01
7.918110489845275879e-01
3.626757860183715820e-01
7.120232284069061279e-01
5.672399401664733887e-01
7.645751237869262695e-01
4.193307161331176758e-01
5.817604064941406250e-01
7.331459522247314453e-01
3.782932758331298828e-01
6.054553389549255371e-01
5.089951455593109131e-01
7.454116940498352051e-01
5.388205051422119141e-01
3.776184916496276855e-01
3.532633185386657715e-01
3.296808302402496338e-01
2.501031160354614258e-01
3.954727649688720703e-01
2.303016781806945801e-01
2.877528071403503418e-01
3.568618595600128174e-01
2.727309465408325195e-01
3.014116287231445312e-01
3.313488364219665527e-01
2.942751646041870117e-01
2.757149636745452881e-01
3.473376333713531494e-01
2.886006534099578857e-01
2.670456767082214355e-01
2.810794711112976074e-01
3.758500218391418457e-01
3.386441171169281006e-01
2.960909008979797363e-01
3.251720666885375977e-01
4.669448733329772949e-01
4.798663258552551270e-01
3.712581396102905273e-01
4.637417495250701904e-01
4.448582530021667480e-01
3.793601989746093750e-01
4.555521607398986816e-01
5.069405734539031982e-01
5.832656621932983398e-01
3.982273936271667480e-01
4.914333522319793701e-01
5.286107361316680908e-01
5.759291052818298340e-01
6.965756416320800781e-01
5.466187596321105957e-01
4.425536096096038818e-01
4.344898164272308350e-01
