9.961766004562377930e-01
9.970693588256835938e-01
9.985863566398620605e-01
6.561009287834167480e-01
9.846214652061462402e-01
9.987663626670837402e-01
4.852566719055175781e-01
7.445484995841979980e-01
9.955805540084838867e-01
9.956941008567810059e-01
9.976858496665954590e-01
9.995087981224060059e-01
9.998688101768493652e-01
9.998847842216491699e-01
9.987072944641113281e-01
9.982871413230895996e-01
9.994984865188598633e-01
9.998257160186767578e-01
9.998814463615417480e-01
9.585264921188354492e-01
9.979286193847656250e-01
9.996428489685058594e-01
9.998295903205871582e-01
9.998399615287780762e-01
9.999109506607055664e-01
9.999142289161682129e-01
9.999448657035827637e-01
9.999305605888366699e-01
9.998197555541992188e-01
9.998757839202880859e-01
9.999055266380310059e-01
9.999178051948547363e-01
9.999440312385559082e-01
9.998990893363952637e-01
9.998912811279296875e-01
9.999257326126098633e-01
9.999186992645263672e-01
9.997813701629638672e-01
9.997540116310119629e-01
9.997556209564208984e-01
9.972718358039855957e-01
9.785726070404052734e-01
9.263134002685546875e-01
9.546304345130920410e-01
9.936773777008056641e-01
9.994297623634338379e-01
9.322320818901062012e-01
9.856442809104919434e-01
9.990542531013488770e-01
9.975421428680419922e-01
9.139776825904846191e-01
9.732364416122436523e-01
9.799302816390991211e-01
9.991931319236755371e-01
9.995259046554565430e-01
9.997275471687316895e-01
9.982029795646667480e-01
9.994753003120422363e-01
9.996407032012939453e-01
9.996119141578674316e-01
9.996800422668457031e-01
9.996584653854370117e-01
9.997857213020324707e-01
9.990414381027221680e-01
9.985792636871337891e-01
9.995018839836120605e-01
9.994291663169860840e-01
9.995511174201965332e-01
9.994979500770568848e-01
9.996601343154907227e-01
9.998406171798706055e-01
9.995984435081481934e-01
9.992331266403198242e-01
9.995331764221191406e-01
9.995967745780944824e-01
9.993959665298461914e-01
7.048562169075012207e-01
9.472133517265319824e-01
9.990085959434509277e-01
9.997938275337219238e-01
9.990661740303039551e-01
9.996074438095092773e-01
9.996237754821777344e-01
9.992697238922119141e-01
9.996731281280517578e-01
9.995588064193725586e-01
9.996870160102844238e-01
9.996141195297241211e-01
9.995428323745727539e-01
9.996653199195861816e-01
9.992607831954956055e-01
9.997860193252563477e-01
9.997466206550598145e-01
9.997795224189758301e-01
9.988291263580322266e-01
9.995806813240051270e-01
9.994928836822509766e-01
9.995957612991333008e-01
9.994706511497497559e-01
9.991432428359985352e-01
9.989917874336242676e-01
9.987984895706176758e-01
9.983014464378356934e-01
9.993200898170471191e-01
9.996900558471679688e-01
9.970378279685974121e-01
8.362025618553161621e-01
9.860395789146423340e-01
8.152182102203369141e-01
6.404024958610534668e-01
9.581243395805358887e-01
7.988580465316772461e-01
9.979055523872375488e-01
9.993237257003784180e-01
9.987463951110839844e-01
9.998306035995483398e-01
9.996996521949768066e-01
9.978094100952148438e-01
9.888855814933776855e-01
9.980572462081909180e-01
9.985615611076354980e-01
9.996083378791809082e-01
9.995794296264648438e-01
9.031586647033691406e-01
9.508310556411743164e-01
9.739717841148376465e-01
9.981800317764282227e-01
9.761457443237304688e-01
9.865307211875915527e-01
8.325261473655700684e-01
9.345299601554870605e-01
8.009076714515686035e-01
9.385606646537780762e-01
8.081694394350051880e-01
7.102155089378356934e-01
8.713949322700500488e-01
9.489051699638366699e-01
9.879889488220214844e-01
9.980153441429138184e-01
9.880322813987731934e-01
9.910058379173278809e-01
9.620051980018615723e-01
9.939779639244079590e-01
9.856474399566650391e-01
9.934872388839721680e-01
9.906061887741088867e-01
9.853506088256835938e-01
9.744628071784973145e-01
9.755777716636657715e-01
7.616084218025207520e-01
6.804694533348083496e-01
5.810137987136840820e-01
7.562043070793151855e-01
9.382005333900451660e-01
9.372827410697937012e-01
9.064684510231018066e-01
8.756561875343322754e-01
9.144528508186340332e-01
9.405047893524169922e-01
8.001495003700256348e-01
8.988537788391113281e-01
9.396984577178955078e-01
8.918591737747192383e-01
9.606928825378417969e-01
9.612177610397338867e-01
9.734965562820434570e-01
9.325299263000488281e-01
8.370317816734313965e-01
8.777493536472320557e-01
8.793349862098693848e-01
7.038425803184509277e-01
7.545665204524993896e-01
8.376514911651611328e-01
8.390238732099533081e-01
6.996340155601501465e-01
7.966910004615783691e-01
8.125428557395935059e-01
8.644289374351501465e-01
7.871360182762145996e-01
7.811133563518524170e-01
7.412747144699096680e-01
7.330660223960876465e-01
7.882179617881774902e-01
8.186027407646179199e-01
8.866943717002868652e-01
9.128681421279907227e-01
8.484825342893600464e-01
8.786686435341835022e-01
7.354990243911743164e-01
7.193825542926788330e-01
6.194455623626708984e-01
7.437521219253540039e-01
8.446907997131347656e-01
7.578870207071304321e-01
7.080415487289428711e-01
5.959817767143249512e-01
6.194331049919128418e-01
4.202846288681030273e-01
5.028948485851287842e-01
6.955893039703369141e-01
5.968779921531677246e-01
5.010320544242858887e-01
5.411325097084045410e-01
6.042262911796569824e-01
5.767650008201599121e-01
7.348440289497375488e-01
6.835557222366333008e-01
6.771731674671173096e-01
6.507013440132141113e-01
6.191572248935699463e-01
5.755223631858825684e-01
5.476629734039306641e-01
5.514050126075744629e-01
5.506508350372314453e-01
5.225218236446380615e-01
5.289353132247924805e-01
5.333772599697113037e-01
5.442855358123779297e-01
5.625627934932708740e-01
6.076680719852447510e-01
5.501482784748077393e-01
4.583578109741210938e-01
4.879102110862731934e-01
4.270702004432678223e-01
4.920051693916320801e-01
4.219303727149963379e-01
4.693959057331085205e-01
4.509307742118835449e-01
4.225085377693176270e-01
4.967924952507019043e-01
3.588986992835998535e-01
4.335941076278686523e-01
3.039705157279968262e-01
3.016183376312255859e-01
3.191130757331848145e-01
3.795682191848754883e-01
