9.961766004562377930e-01
2.928562760353088379e-01
4.109065830707550049e-01
8.505931496620178223e-01
9.950274825096130371e-01
9.988708496093750000e-01
9.985769391059875488e-01
9.988923072814941406e-01
9.909592270851135254e-01
9.864619374275207520e-01
9.960792660713195801e-01
9.994250535964965820e-01
9.998773932456970215e-01
9.986487627029418945e-01
9.978906512260437012e-01
9.995633959770202637e-01
9.993893504142761230e-01
9.998386502265930176e-01
9.998543262481689453e-01
9.998669028282165527e-01
9.998931884765625000e-01
9.998803734779357910e-01
9.988817572593688965e-01
9.996866583824157715e-01
9.999222755432128906e-01
9.999416470527648926e-01
9.999222755432128906e-01
9.988009333610534668e-01
9.998557567596435547e-01
9.999142289161682129e-01
9.999305009841918945e-01
9.999370574951171875e-01
9.999344348907470703e-01
9.998874664306640625e-01
9.998947381973266602e-01
9.999216198921203613e-01
9.999184012413024902e-01
9.998074769973754883e-01
9.998834729194641113e-01
9.996711015701293945e-01
9.995750784873962402e-01
8.406790494918823242e-01
9.901135563850402832e-01
7.924301624298095703e-01
9.459338784217834473e-01
9.972947835922241211e-01
9.837726354598999023e-01
2.326841950416564941e-01
6.262738704681396484e-01
9.874958395957946777e-01
9.989638328552246094e-01
9.698668122291564941e-01
9.709781408309936523e-01
9.947875738143920898e-01
9.657441973686218262e-01
9.813292026519775391e-01
9.896682500839233398e-01
9.988930821418762207e-01
9.997760653495788574e-01
9.996479749679565430e-01
9.998422861099243164e-01
9.994215965270996094e-01
9.984734654426574707e-01
9.996487498283386230e-01
9.995841979980468750e-01
9.990709424018859863e-01
9.997249245643615723e-01
9.996544718742370605e-01
9.995061755180358887e-01
9.994807839393615723e-01
9.984269738197326660e-01
9.989488124847412109e-01
9.987183213233947754e-01
9.988377690315246582e-01
9.978674650192260742e-01
9.997647404670715332e-01
9.993008971214294434e-01
9.989138841629028320e-01
9.110710620880126953e-01
9.609998464584350586e-01
9.987614154815673828e-01
9.992092251777648926e-01
9.983827471733093262e-01
9.996449947357177734e-01
9.997196793556213379e-01
9.996962547302246094e-01
9.998421072959899902e-01
9.951674342155456543e-01
9.994738101959228516e-01
6.795807480812072754e-01
9.905675649642944336e-01
7.536457031965255737e-01
9.170098975300788879e-01
9.658742547035217285e-01
9.985340833663940430e-01
9.988506436347961426e-01
9.985653162002563477e-01
9.982402324676513672e-01
9.995661973953247070e-01
9.994854927062988281e-01
9.997186660766601562e-01
2.265306115150451660e-01
7.818987369537353516e-01
9.977807402610778809e-01
9.991105794906616211e-01
9.996165633201599121e-01
9.994087219238281250e-01
9.984329342842102051e-01
9.994773268699645996e-01
9.975118041038513184e-01
9.988749623298645020e-01
9.996874332427978516e-01
9.997509717941284180e-01
9.995545744895935059e-01
9.998066425323486328e-01
9.997169375419616699e-01
9.997696280479431152e-01
9.997583627700805664e-01
9.970621466636657715e-01
8.477088809013366699e-01
7.272459268569946289e-01
8.824846744537353516e-01
9.684528112411499023e-01
9.997308850288391113e-01
9.652222394943237305e-01
9.449971318244934082e-01
9.965820908546447754e-01
9.559375047683715820e-01
4.722000956535339355e-01
9.927697181701660156e-01
9.235760569572448730e-01
8.950077891349792480e-01
9.810354113578796387e-01
9.132122993469238281e-01
9.993895292282104492e-01
6.483495831489562988e-01
9.533132314682006836e-01
9.925438165664672852e-01
7.178675532341003418e-01
9.517019987106323242e-01
9.942666292190551758e-01
9.958052039146423340e-01
9.983453750610351562e-01
9.953904747962951660e-01
9.562132954597473145e-01
9.445947408676147461e-01
9.088672176003456116e-01
8.856750279664993286e-01
8.759641051292419434e-01
7.843349575996398926e-01
2.723806500434875488e-01
8.400196433067321777e-01
6.990823745727539062e-01
4.476135969161987305e-01
6.985254287719726562e-01
6.912562549114227295e-01
6.587017774581909180e-01
1.875848770141601562e-01
8.096961379051208496e-01
8.278213739395141602e-01
3.547579646110534668e-01
2.774763703346252441e-01
5.658703446388244629e-01
8.549192994832992554e-01
9.983829855918884277e-01
8.836134076118469238e-01
7.048438787460327148e-01
6.023675501346588135e-01
8.896639943122863770e-01
5.163587927818298340e-01
5.146232843399047852e-01
5.429198741912841797e-01
5.358103513717651367e-01
4.233968853950500488e-01
8.270068764686584473e-01
5.508641600608825684e-01
8.709231019020080566e-01
9.909645318984985352e-01
9.975262880325317383e-01
5.016294717788696289e-01
3.524260520935058594e-01
6.671220660209655762e-01
9.569998383522033691e-01
6.798354089260101318e-01
6.959684491157531738e-01
7.461132109165191650e-01
9.111796617507934570e-01
7.763240337371826172e-01
7.510721683502197266e-01
9.379763007164001465e-01
8.156687617301940918e-01
9.868322014808654785e-01
9.501887559890747070e-01
9.838215112686157227e-01
7.501044720411300659e-01
9.469628930091857910e-01
4.396445155143737793e-01
7.036670446395874023e-01
3.398343324661254883e-01
6.444186568260192871e-01
2.977203130722045898e-01
1.175354123115539551e-01
3.647105693817138672e-01
7.376308739185333252e-01
9.297454357147216797e-02
8.701579570770263672e-01
8.320308923721313477e-01
9.126023054122924805e-01
8.904574513435363770e-01
8.624650239944458008e-01
8.626326918601989746e-01
6.185060739517211914e-01
7.517200112342834473e-01
8.598127961158752441e-01
3.146220445632934570e-01
7.680267691612243652e-01
9.393262267112731934e-01
1.972795128822326660e-01
8.071632385253906250e-01
5.702034831047058105e-01
7.826588749885559082e-01
8.003677129745483398e-01
8.241383433341979980e-01
6.297197937965393066e-01
3.481752872467041016e-01
8.050436377525329590e-01
3.825571537017822266e-01
9.591782689094543457e-01
9.253871440887451172e-01
6.391270756721496582e-01
7.359869480133056641e-01
4.728913307189941406e-01
8.586440086364746094e-01
9.833340048789978027e-01
9.636745452880859375e-01
9.530900716781616211e-01
9.658260345458984375e-01
6.279139220714569092e-01
8.205263018608093262e-01
8.445738554000854492e-01
8.653802871704101562e-01
1.197056770324707031e-01
6.856846213340759277e-01
9.471887350082397461e-01
5.192365050315856934e-01
9.258964657783508301e-01
9.515222907066345215e-01
9.920591711997985840e-01
9.819047451019287109e-01
9.848554134368896484e-01
9.897279143333435059e-01
9.705232977867126465e-01
9.449499249458312988e-01
5.935712456703186035e-01
5.576788783073425293e-01
2.837932407855987549e-01
3.192219138145446777e-01
7.771543860435485840e-01
9.248342514038085938e-01
7.802526354789733887e-01
8.910757303237915039e-01
7.755982279777526855e-01
3.304002285003662109e-01
2.378475666046142578e-01
6.774372458457946777e-01
4.946708977222442627e-01
7.411964535713195801e-01
6.510923504829406738e-01
7.576900720596313477e-01
4.512552618980407715e-01
2.554804086685180664e-01
2.781618237495422363e-01
2.927642464637756348e-01
2.963126897811889648e-01
5.534835457801818848e-01
3.169410228729248047e-01
3.863231539726257324e-01
5.997223854064941406e-01
3.897017240524291992e-01
6.241294443607330322e-01
3.799763917922973633e-01
4.412983655929565430e-01
2.680703997611999512e-01
3.948193490505218506e-01
3.899773359298706055e-01
5.158777832984924316e-01
3.923765420913696289e-01
3.766438961029052734e-01
2.066377997398376465e-01
1.907717138528823853e-01
1.175707578659057617e-01
1.593696475028991699e-01
1.440382599830627441e-01
2.170383334159851074e-01
2.095182538032531738e-01
1.440250724554061890e-01
2.419887185096740723e-01
2.386475652456283569e-01
2.988216876983642578e-01
3.632891774177551270e-01
5.459720492362976074e-01
4.844518303871154785e-01
5.319095253944396973e-01
5.218001008033752441e-01
4.409526586532592773e-01
4.924901723861694336e-01
3.423454165458679199e-01
2.536017894744873047e-01
4.464555382728576660e-01
5.943886637687683105e-01
4.804437160491943359e-01
3.015809059143066406e-01
3.530389964580535889e-01
3.125639557838439941e-01
2.489106059074401855e-01
2.993966042995452881e-01
3.799822330474853516e-01
4.111135601997375488e-01
4.780061244964599609e-01
