9.961766004562377930e-01
2.928562760353088379e-01
4.109065532684326172e-01
8.505931496620178223e-01
9.950274825096130371e-01
9.988708496093750000e-01
5.628299415111541748e-01
6.676136255264282227e-01
9.964333772659301758e-01
9.957265853881835938e-01
9.970041513442993164e-01
9.995087981224060059e-01
9.998688101768493652e-01
9.998847842216491699e-01
9.987072944641113281e-01
9.981560707092285156e-01
9.994923472404479980e-01
9.998260140419006348e-01
9.998813867568969727e-01
9.631966352462768555e-01
9.979286193847656250e-01
9.996344447135925293e-01
9.998296499252319336e-01
9.998421072959899902e-01
9.999101161956787109e-01
9.999140501022338867e-01
9.999448657035827637e-01
9.999305605888366699e-01
9.998207688331604004e-01
9.998749494552612305e-01
9.999300837516784668e-01
9.998927712440490723e-01
9.998977780342102051e-01
9.999200105667114258e-01
9.999199509620666504e-01
9.999278783798217773e-01
9.999235868453979492e-01
9.997517466545104980e-01
8.551200628280639648e-01
9.894470572471618652e-01
9.989250898361206055e-01
9.255846738815307617e-01
9.939537644386291504e-01
9.837737679481506348e-01
2.740045785903930664e-01
6.223357021808624268e-01
9.531694054603576660e-01
7.879033088684082031e-01
6.687889695167541504e-01
9.944503903388977051e-01
9.995175004005432129e-01
9.994802474975585938e-01
9.996528625488281250e-01
9.998442530632019043e-01
9.993972778320312500e-01
9.991454482078552246e-01
9.996463060379028320e-01
9.996084570884704590e-01
9.996863007545471191e-01
9.996754527091979980e-01
9.998518824577331543e-01
9.994736313819885254e-01
9.986756443977355957e-01
9.995188117027282715e-01
9.994302392005920410e-01
9.995481371879577637e-01
9.995467066764831543e-01
9.995048642158508301e-01
9.997969269752502441e-01
9.991495609283447266e-01
9.988022446632385254e-01
9.996428489685058594e-01
9.997605085372924805e-01
9.997826814651489258e-01
9.994468092918395996e-01
9.998091459274291992e-01
9.998822212219238281e-01
9.987477660179138184e-01
8.424263000488281250e-01
9.992987513542175293e-01
9.981219172477722168e-01
9.969785809516906738e-01
9.989937543869018555e-01
9.992935657501220703e-01
9.424808621406555176e-01
9.957435131072998047e-01
9.992265701293945312e-01
9.968874454498291016e-01
9.994711875915527344e-01
9.963312149047851562e-01
9.996488690376281738e-01
9.997841119766235352e-01
9.996235966682434082e-01
9.995074868202209473e-01
9.997075796127319336e-01
9.994359612464904785e-01
9.997223615646362305e-01
9.993200898170471191e-01
9.997410178184509277e-01
9.994018077850341797e-01
9.996822476387023926e-01
9.992206096649169922e-01
9.985353350639343262e-01
9.985704421997070312e-01
9.994033575057983398e-01
9.997565150260925293e-01
9.994972944259643555e-01
9.988688230514526367e-01
9.712384343147277832e-01
9.709412455558776855e-01
9.911046028137207031e-01
9.961025118827819824e-01
9.977521896362304688e-01
9.990867376327514648e-01
9.989287853240966797e-01
9.885337948799133301e-01
9.981358051300048828e-01
9.948912262916564941e-01
9.991291165351867676e-01
9.988522529602050781e-01
9.995992183685302734e-01
9.991136789321899414e-01
9.992707371711730957e-01
9.988214373588562012e-01
9.987415671348571777e-01
9.513642191886901855e-01
9.689877629280090332e-01
9.935063123703002930e-01
9.887258410453796387e-01
9.983128905296325684e-01
9.954217672348022461e-01
9.923827648162841797e-01
9.948628544807434082e-01
9.927688837051391602e-01
9.886209368705749512e-01
9.909358024597167969e-01
9.977637529373168945e-01
9.837234616279602051e-01
9.896793961524963379e-01
9.642382860183715820e-01
9.837916493415832520e-01
9.094731211662292480e-01
9.591752886772155762e-01
9.639065265655517578e-01
9.805247187614440918e-01
9.796013832092285156e-01
9.736485183238983154e-01
9.718468785285949707e-01
9.201829433441162109e-01
8.328459262847900391e-01
6.922019720077514648e-01
7.416341900825500488e-01
9.227354526519775391e-01
7.176462709903717041e-01
8.973101377487182617e-01
7.759808450937271118e-01
3.321866095066070557e-01
5.182118713855743408e-01
4.290046393871307373e-01
8.611990809440612793e-01
8.636801242828369141e-01
8.083600997924804688e-01
7.869997024536132812e-01
8.586469739675521851e-01
6.649889349937438965e-01
6.458145380020141602e-01
6.668282151222229004e-01
5.883156061172485352e-01
7.188823223114013672e-01
6.729015111923217773e-01
2.810607552528381348e-01
3.861813545227050781e-01
6.020584702491760254e-01
5.613161921501159668e-01
6.724451184272766113e-01
3.741883635520935059e-01
5.932334661483764648e-01
7.651587128639221191e-01
5.458005666732788086e-01
4.576087594032287598e-01
6.034275293350219727e-01
6.369926631450653076e-01
7.378244996070861816e-01
5.619380772113800049e-01
7.103783488273620605e-01
5.283707380294799805e-01
5.595602691173553467e-01
5.368238687515258789e-01
7.522470355033874512e-01
6.141628026962280273e-01
4.834756553173065186e-01
5.231369137763977051e-01
4.868480563163757324e-01
4.308270812034606934e-01
5.118476152420043945e-01
6.307878196239471436e-01
5.646232366561889648e-01
5.766423940658569336e-01
5.166099667549133301e-01
4.284202158451080322e-01
4.758022427558898926e-01
5.221304893493652344e-01
4.578166604042053223e-01
5.084767341613769531e-01
4.567927420139312744e-01
6.424177885055541992e-01
5.743539035320281982e-01
6.258900761604309082e-01
3.880077898502349854e-01
5.503312945365905762e-01
5.819411277770996094e-01
6.420499682426452637e-01
6.235377788543701172e-01
4.525286555290222168e-01
4.999002814292907715e-01
4.932230114936828613e-01
3.521941006183624268e-01
2.896981835365295410e-01
3.530392646789550781e-01
3.722074627876281738e-01
2.434234023094177246e-01
3.430835604667663574e-01
3.608514070510864258e-01
3.433929681777954102e-01
4.158328771591186523e-01
4.845240116119384766e-01
5.690399706363677979e-01
5.016577839851379395e-01
