9.961766004562377930e-01
9.970693588256835938e-01
4.997427463531494141e-01
5.682862997055053711e-01
9.958591461181640625e-01
9.985280632972717285e-01
9.986448287963867188e-01
9.990281462669372559e-01
9.996793270111083984e-01
9.998212456703186035e-01
9.899336099624633789e-01
9.988597035408020020e-01
9.998691082000732422e-01
9.983907938003540039e-01
9.983653426170349121e-01
9.994916319847106934e-01
9.993877410888671875e-01
9.998526573181152344e-01
9.998552203178405762e-01
9.998669028282165527e-01
9.998931884765625000e-01
9.998809099197387695e-01
9.997652173042297363e-01
9.996973872184753418e-01
9.999223351478576660e-01
9.999417066574096680e-01
9.999339580535888672e-01
9.988370537757873535e-01
9.998577237129211426e-01
9.999147057533264160e-01
9.999078512191772461e-01
9.999170303344726562e-01
9.999347329139709473e-01
9.998881220817565918e-01
9.998956918716430664e-01
9.999222755432128906e-01
9.999190568923950195e-01
9.997770786285400391e-01
9.997586607933044434e-01
9.962247610092163086e-01
7.368321418762207031e-01
9.914535880088806152e-01
9.261530637741088867e-01
9.834749698638916016e-01
6.213493943214416504e-01
6.095687150955200195e-01
7.527936697006225586e-01
9.987864494323730469e-01
7.519093751907348633e-01
9.969356656074523926e-01
9.994950890541076660e-01
9.993542432785034180e-01
9.996879696846008301e-01
9.996336102485656738e-01
9.998416304588317871e-01
9.994399547576904297e-01
9.991341233253479004e-01
9.996585845947265625e-01
9.996261596679687500e-01
9.996952414512634277e-01
9.996817708015441895e-01
9.996700882911682129e-01
9.998179674148559570e-01
9.989776611328125000e-01
9.986036419868469238e-01
9.996405243873596191e-01
9.997080564498901367e-01
9.997510910034179688e-01
9.982011914253234863e-01
9.998399615287780762e-01
9.983184933662414551e-01
9.988800287246704102e-01
9.966154694557189941e-01
9.997699856758117676e-01
9.994447231292724609e-01
7.226989865303039551e-01
9.376377463340759277e-01
9.998209476470947266e-01
9.897837042808532715e-01
9.922584891319274902e-01
9.990742802619934082e-01
9.951921105384826660e-01
9.981683492660522461e-01
9.992868900299072266e-01
9.995601773262023926e-01
9.997619390487670898e-01
9.996905922889709473e-01
9.995980858802795410e-01
9.997020959854125977e-01
9.996659159660339355e-01
9.996905922889709473e-01
9.982573390007019043e-01
9.996085166931152344e-01
9.997004866600036621e-01
9.993309378623962402e-01
9.997484683990478516e-01
9.990975260734558105e-01
9.982206225395202637e-01
9.996973276138305664e-01
9.993634819984436035e-01
9.989637732505798340e-01
9.979458451271057129e-01
9.981205463409423828e-01
9.997664690017700195e-01
9.991270303726196289e-01
9.989221096038818359e-01
9.965034127235412598e-01
9.987113475799560547e-01
9.910702705383300781e-01
9.969295859336853027e-01
9.973616003990173340e-01
9.982307553291320801e-01
9.984269738197326660e-01
9.994921088218688965e-01
9.997053742408752441e-01
9.994599819183349609e-01
9.840260744094848633e-01
9.989114403724670410e-01
9.853287935256958008e-01
9.981620311737060547e-01
9.990463852882385254e-01
9.993478655815124512e-01
9.983983039855957031e-01
8.540959954261779785e-01
9.337511658668518066e-01
9.951980710029602051e-01
9.876356124877929688e-01
9.070302844047546387e-01
9.925944805145263672e-01
9.918221831321716309e-01
9.993219971656799316e-01
9.947335124015808105e-01
9.926684498786926270e-01
9.915859103202819824e-01
5.100738406181335449e-01
6.977587938308715820e-01
9.634395837783813477e-01
9.935588240623474121e-01
9.969338178634643555e-01
9.933000206947326660e-01
9.732328057289123535e-01
9.892256855964660645e-01
9.865161180496215820e-01
9.881283044815063477e-01
9.939149022102355957e-01
9.784442186355590820e-01
9.604599475860595703e-01
8.161113858222961426e-01
8.326625823974609375e-01
6.479257941246032715e-01
6.272038817405700684e-01
7.670860886573791504e-01
9.068356156349182129e-01
9.649118781089782715e-01
7.964889854192733765e-01
8.680717349052429199e-01
5.773164033889770508e-01
9.177129864692687988e-01
6.443953514099121094e-01
8.712994903326034546e-01
7.516614198684692383e-01
9.276584982872009277e-01
8.206654191017150879e-01
9.216641187667846680e-01
6.215277314186096191e-01
6.061778068542480469e-01
5.103034377098083496e-01
4.834017157554626465e-01
5.905256271362304688e-01
3.408387303352355957e-01
6.604916751384735107e-01
1.917452812194824219e-01
7.716435790061950684e-01
5.194291472434997559e-01
4.565832018852233887e-01
4.238038063049316406e-01
7.203278541564941406e-01
4.254533648490905762e-01
5.425233244895935059e-01
4.883056282997131348e-01
6.066670715808868408e-01
5.565373301506042480e-01
5.242472887039184570e-01
7.012599110603332520e-01
5.412366390228271484e-01
3.811861276626586914e-01
3.877615332603454590e-01
3.486424684524536133e-01
3.287548124790191650e-01
2.730387151241302490e-01
4.541870951652526855e-01
4.244495630264282227e-01
5.888648629188537598e-01
3.509135246276855469e-01
4.505567550659179688e-01
4.692719578742980957e-01
3.196365237236022949e-01
2.962574958801269531e-01
4.359005093574523926e-01
5.225673317909240723e-01
5.131376981735229492e-01
4.808127284049987793e-01
3.699693083763122559e-01
5.114606022834777832e-01
2.839629054069519043e-01
3.876314163208007812e-01
2.728673815727233887e-01
3.867181539535522461e-01
3.345677554607391357e-01
4.141115546226501465e-01
5.834424495697021484e-01
5.255442857742309570e-01
4.389953017234802246e-01
3.505642414093017578e-01
4.007426500320434570e-01
3.738669157028198242e-01
4.264416098594665527e-01
3.699851036071777344e-01
4.524424374103546143e-01
3.824841380119323730e-01
3.208842873573303223e-01
3.072459697723388672e-01
3.381835818290710449e-01
3.986644744873046875e-01
