9.961766004562377930e-01
9.970693588256835938e-01
9.985863566398620605e-01
6.561008989810943604e-01
9.846214652061462402e-01
9.987663626670837402e-01
4.852566421031951904e-01
7.445484995841979980e-01
9.955805540084838867e-01
9.956941008567810059e-01
9.976858496665954590e-01
9.995087981224060059e-01
9.998688101768493652e-01
9.998847842216491699e-01
9.987072944641113281e-01
9.982871413230895996e-01
9.994984865188598633e-01
9.998257160186767578e-01
9.998814463615417480e-01
9.585264921188354492e-01
9.979286193847656250e-01
9.996428489685058594e-01
9.998295903205871582e-01
9.998399615287780762e-01
9.999109506607055664e-01
9.999142289161682129e-01
9.999448657035827637e-01
9.999305605888366699e-01
9.998197555541992188e-01
9.998757839202880859e-01
9.999055266380310059e-01
9.999178051948547363e-01
9.999440312385559082e-01
9.998990893363952637e-01
9.998912811279296875e-01
9.999257326126098633e-01
9.999186992645263672e-01
9.997813701629638672e-01
9.997540116310119629e-01
9.997556209564208984e-01
9.973155856132507324e-01
9.767766594886779785e-01
4.920982420444488525e-01
9.537293314933776855e-01
9.935142993927001953e-01
9.994831681251525879e-01
5.347613096237182617e-01
9.856193065643310547e-01
8.373524099588394165e-01
9.966347217559814453e-01
9.993721246719360352e-01
9.993770122528076172e-01
9.995661973953247070e-01
9.994304180145263672e-01
9.996489286422729492e-01
9.998568892478942871e-01
9.993754625320434570e-01
9.991936087608337402e-01
9.996611475944519043e-01
9.996262788772583008e-01
9.997036457061767578e-01
9.996770024299621582e-01
9.997921586036682129e-01
9.991831183433532715e-01
9.987381100654602051e-01
9.995279312133789062e-01
9.993519783020019531e-01
9.993087053298950195e-01
9.988532662391662598e-01
9.990271329879760742e-01
9.995941519737243652e-01
9.978565573692321777e-01
9.957314729690551758e-01
9.990542531013488770e-01
9.994344711303710938e-01
9.961970448493957520e-01
9.975777268409729004e-01
9.997453689575195312e-01
9.998148083686828613e-01
9.996581077575683594e-01
9.993159174919128418e-01
9.993430972099304199e-01
9.997323751449584961e-01
9.997140765190124512e-01
9.996926188468933105e-01
9.997739195823669434e-01
9.996015429496765137e-01
9.997075200080871582e-01
9.997600913047790527e-01
9.997642636299133301e-01
9.998127222061157227e-01
9.997608065605163574e-01
9.997040629386901855e-01
9.981504678726196289e-01
9.997144937515258789e-01
9.994008541107177734e-01
9.995710253715515137e-01
9.994770884513854980e-01
9.993872046470642090e-01
9.990510344505310059e-01
9.980334043502807617e-01
9.959753751754760742e-01
9.985582828521728516e-01
9.982077479362487793e-01
9.961098432540893555e-01
9.960176944732666016e-01
9.889739751815795898e-01
9.936528205871582031e-01
9.955139756202697754e-01
9.963875412940979004e-01
9.973645806312561035e-01
9.971946477890014648e-01
9.970526695251464844e-01
9.911016821861267090e-01
9.687213301658630371e-01
9.949856400489807129e-01
9.940884709358215332e-01
9.993160963058471680e-01
9.956045150756835938e-01
9.977568387985229492e-01
9.992794394493103027e-01
9.996242523193359375e-01
9.996852874755859375e-01
9.987801313400268555e-01
9.990231990814208984e-01
9.948545098304748535e-01
9.956274628639221191e-01
9.836928844451904297e-01
8.013393282890319824e-01
9.227013587951660156e-01
9.561020731925964355e-01
2.743731141090393066e-01
7.760855555534362793e-01
2.004778385162353516e-01
8.958543539047241211e-01
8.347149491310119629e-01
6.306378245353698730e-01
4.731483161449432373e-01
9.786221385002136230e-01
7.894489765167236328e-01
9.263172149658203125e-01
9.801521897315979004e-01
9.200527071952819824e-01
9.683429002761840820e-01
9.237378239631652832e-01
9.197024106979370117e-01
5.790275633335113525e-01
7.244602441787719727e-01
6.577523052692413330e-01
6.182852387428283691e-01
3.833992481231689453e-01
6.181993484497070312e-01
4.775609970092773438e-01
5.473781228065490723e-01
5.835081934928894043e-01
6.248939037322998047e-01
7.847070693969726562e-01
6.732411682605743408e-01
5.251868367195129395e-01
6.144816875457763672e-01
3.277251422405242920e-01
5.715707838535308838e-01
3.971569538116455078e-01
7.236172258853912354e-01
7.845057845115661621e-01
6.385607719421386719e-01
6.536626517772674561e-01
6.639254987239837646e-01
5.973315834999084473e-01
3.390033841133117676e-01
6.356119513511657715e-01
2.274814248085021973e-01
6.943155527114868164e-01
3.310346901416778564e-01
5.054586231708526611e-01
2.739623785018920898e-01
3.586396276950836182e-01
3.716223835945129395e-01
4.700873494148254395e-01
5.586439967155456543e-01
7.156203985214233398e-01
4.253832995891571045e-01
5.034922659397125244e-01
5.386037230491638184e-01
5.846948623657226562e-01
3.138762116432189941e-01
4.660475850105285645e-01
4.656041264533996582e-01
3.985542058944702148e-01
4.960519075393676758e-01
3.574360013008117676e-01
4.270750284194946289e-01
5.058416426181793213e-01
3.593599796295166016e-01
4.013659358024597168e-01
2.920420169830322266e-01
5.050947070121765137e-01
4.026423990726470947e-01
3.322340846061706543e-01
3.383536636829376221e-01
4.346612095832824707e-01
3.152488470077514648e-01
4.593618512153625488e-01
3.980574607849121094e-01
5.178329944610595703e-01
4.862151741981506348e-01
5.305018723011016846e-01
6.227145791053771973e-01
5.505564510822296143e-01
5.653826892375946045e-01
5.229023098945617676e-01
4.801160097122192383e-01
5.241296291351318359e-01
4.868208765983581543e-01
4.701125621795654297e-01
3.939044475555419922e-01
4.395510554313659668e-01
4.413419961929321289e-01
3.825505375862121582e-01
3.488468527793884277e-01
4.107531011104583740e-01
4.202415347099304199e-01
4.112777411937713623e-01
