9.961766004562377930e-01
9.970693588256835938e-01
9.985863566398620605e-01
6.561009287834167480e-01
9.846214652061462402e-01
9.987663626670837402e-01
4.852566719055175781e-01
7.445484995841979980e-01
9.955805540084838867e-01
9.956941008567810059e-01
9.976858496665954590e-01
9.995087981224060059e-01
9.998688101768493652e-01
9.998847842216491699e-01
9.987072944641113281e-01
9.982871413230895996e-01
9.994984865188598633e-01
9.998257160186767578e-01
9.998814463615417480e-01
9.585264921188354492e-01
9.979286193847656250e-01
9.996428489685058594e-01
9.998295903205871582e-01
9.998399615287780762e-01
9.999109506607055664e-01
9.999142289161682129e-01
9.999448657035827637e-01
9.999305605888366699e-01
9.998197555541992188e-01
9.998757839202880859e-01
9.999055266380310059e-01
9.999178051948547363e-01
9.999440312385559082e-01
9.998990893363952637e-01
9.998912811279296875e-01
9.999257326126098633e-01
9.999186992645263672e-01
9.997813701629638672e-01
8.393104076385498047e-01
9.897111058235168457e-01
9.991409778594970703e-01
9.771909117698669434e-01
9.900799989700317383e-01
9.776630401611328125e-01
9.798653125762939453e-01
6.375659406185150146e-01
7.475243210792541504e-01
9.963222742080688477e-01
7.846958637237548828e-01
9.971058964729309082e-01
9.989693760871887207e-01
9.994349479675292969e-01
9.994773268699645996e-01
9.996405839920043945e-01
9.996439814567565918e-01
9.998579025268554688e-01
9.993694424629211426e-01
9.991979002952575684e-01
9.996653199195861816e-01
9.996383786201477051e-01
9.997019171714782715e-01
9.996835589408874512e-01
9.997941255569458008e-01
9.991936683654785156e-01
9.987940192222595215e-01
9.995468258857727051e-01
9.993790984153747559e-01
9.992963671684265137e-01
9.988614320755004883e-01
9.990627169609069824e-01
9.994314908981323242e-01
9.987390041351318359e-01
9.987961649894714355e-01
9.978067278861999512e-01
9.943782687187194824e-01
9.973675608634948730e-01
9.993745684623718262e-01
9.995831847190856934e-01
9.996235966682434082e-01
9.995598196983337402e-01
9.990582466125488281e-01
9.995549917221069336e-01
9.998484253883361816e-01
9.997677803039550781e-01
9.998660683631896973e-01
9.998010396957397461e-01
9.998651146888732910e-01
9.992047548294067383e-01
9.997456073760986328e-01
9.994910955429077148e-01
9.998229146003723145e-01
9.997797012329101562e-01
9.997941255569458008e-01
9.993530511856079102e-01
9.993599057197570801e-01
9.990167021751403809e-01
9.996024370193481445e-01
9.984776973724365234e-01
9.980569481849670410e-01
9.958385825157165527e-01
9.996705651283264160e-01
9.997644424438476562e-01
9.990897178649902344e-01
9.995823502540588379e-01
9.996302127838134766e-01
9.995550513267517090e-01
9.996522068977355957e-01
9.998066425323486328e-01
9.993754625320434570e-01
9.994888901710510254e-01
9.929792284965515137e-01
9.876448512077331543e-01
9.961001276969909668e-01
9.991814494132995605e-01
9.988510608673095703e-01
9.997861385345458984e-01
9.985215067863464355e-01
9.952815771102905273e-01
9.997192025184631348e-01
9.983696341514587402e-01
7.761018872261047363e-01
9.203456640243530273e-01
9.544501900672912598e-01
9.991688132286071777e-01
9.442973136901855469e-01
9.438509345054626465e-01
9.930061697959899902e-01
9.989017844200134277e-01
7.640423178672790527e-01
9.048530459403991699e-01
6.456432044506072998e-01
9.992426633834838867e-01
8.607037067413330078e-01
5.979911386966705322e-01
9.877797961235046387e-01
9.918368458747863770e-01
9.857591986656188965e-01
9.697074294090270996e-01
9.948015213012695312e-01
7.923873066902160645e-01
9.947144985198974609e-01
9.943985342979431152e-01
9.506372809410095215e-01
8.784231469035148621e-01
8.411492109298706055e-01
8.187219500541687012e-01
7.650272250175476074e-01
7.940391302108764648e-01
8.551581501960754395e-01
7.064943909645080566e-01
9.022473096847534180e-01
8.637006878852844238e-01
8.817136883735656738e-01
9.026079177856445312e-01
9.336761832237243652e-01
7.319747805595397949e-01
7.976530194282531738e-01
8.870028853416442871e-01
8.505374789237976074e-01
7.903133034706115723e-01
8.343513458967208862e-01
8.691053986549377441e-01
8.535053730010986328e-01
7.888521552085876465e-01
5.956713557243347168e-01
4.988619685173034668e-01
4.874612390995025635e-01
4.066870212554931641e-01
4.882270693778991699e-01
6.586807370185852051e-01
5.966942012310028076e-01
3.458831310272216797e-01
4.903736114501953125e-01
5.162671208381652832e-01
4.739331603050231934e-01
5.662176609039306641e-01
5.752567052841186523e-01
4.231635332107543945e-01
3.695522546768188477e-01
3.239183723926544189e-01
5.682505369186401367e-01
4.086975455284118652e-01
3.941850066184997559e-01
3.438694477081298828e-01
3.109822273254394531e-01
3.157195448875427246e-01
2.000287771224975586e-01
3.896542489528656006e-01
3.258704543113708496e-01
3.533272147178649902e-01
4.408801198005676270e-01
4.097163379192352295e-01
5.452207326889038086e-01
5.121538043022155762e-01
4.734401106834411621e-01
4.720847904682159424e-01
3.893483281135559082e-01
4.491521716117858887e-01
4.095658063888549805e-01
4.875429868698120117e-01
3.814741969108581543e-01
4.322877228260040283e-01
4.619559049606323242e-01
3.967766761779785156e-01
4.711537957191467285e-01
4.648982882499694824e-01
4.466643631458282471e-01
4.729649722576141357e-01
4.872873425483703613e-01
