4.960000000000000000e+02
1.350000000000000000e+02
1.430000000000000000e+02
1.860000000000000000e+02
1.870000000000000000e+02
1.480000000000000000e+02
1.440000000000000000e+02
1.440000000000000000e+02
1.470000000000000000e+02
1.430000000000000000e+02
1.430000000000000000e+02
1.460000000000000000e+02
2.140000000000000000e+02
1.480000000000000000e+02
1.440000000000000000e+02
2.520000000000000000e+02
1.410000000000000000e+02
1.430000000000000000e+02
1.430000000000000000e+02
1.490000000000000000e+02
1.450000000000000000e+02
1.520000000000000000e+02
1.440000000000000000e+02
1.430000000000000000e+02
1.760000000000000000e+02
1.440000000000000000e+02
1.450000000000000000e+02
1.450000000000000000e+02
1.480000000000000000e+02
1.490000000000000000e+02
1.430000000000000000e+02
1.410000000000000000e+02
1.420000000000000000e+02
1.400000000000000000e+02
1.380000000000000000e+02
1.430000000000000000e+02
1.390000000000000000e+02
1.440000000000000000e+02
1.520000000000000000e+02
1.440000000000000000e+02
1.440000000000000000e+02
2.680000000000000000e+02
1.530000000000000000e+02
2.220000000000000000e+02
1.490000000000000000e+02
1.420000000000000000e+02
1.410000000000000000e+02
1.460000000000000000e+02
1.430000000000000000e+02
1.450000000000000000e+02
