6.461329460144042969e-01
6.517849564552307129e-01
6.407510042190551758e-01
6.632860302925109863e-01
6.467798352241516113e-01
6.493827104568481445e-01
6.617761850357055664e-01
6.678663492202758789e-01
6.783686876296997070e-01
6.673698425292968750e-01
6.644717454910278320e-01
6.522113680839538574e-01
6.676720976829528809e-01
6.482808589935302734e-01
6.665367484092712402e-01
6.726527810096740723e-01
6.770184636116027832e-01
6.633409857749938965e-01
6.890469193458557129e-01
6.843210458755493164e-01
6.768352389335632324e-01
6.750268340110778809e-01
6.753086447715759277e-01
6.934551596641540527e-01
6.930550932884216309e-01
7.007247209548950195e-01
6.895473003387451172e-01
6.922530531883239746e-01
6.875582337379455566e-01
6.928014755249023438e-01
7.044364809989929199e-01
6.958774924278259277e-01
6.859788894653320312e-01
6.871365308761596680e-01
6.992788314819335938e-01
6.930131912231445312e-01
7.021296024322509766e-01
7.053769230842590332e-01
7.013962268829345703e-01
7.092915177345275879e-01
6.992926597595214844e-01
7.170456647872924805e-01
7.144544720649719238e-01
7.030254602432250977e-01
7.114667296409606934e-01
6.984598040580749512e-01
7.076039314270019531e-01
7.097378373146057129e-01
7.141094803810119629e-01
7.115995287895202637e-01
6.971289515495300293e-01
6.969933509826660156e-01
6.988457441329956055e-01
7.033273577690124512e-01
7.039660215377807617e-01
6.997746825218200684e-01
7.256900668144226074e-01
7.286403775215148926e-01
7.013834714889526367e-01
7.310326099395751953e-01
7.030656933784484863e-01
7.120562791824340820e-01
7.275730371475219727e-01
7.328120470046997070e-01
7.234322428703308105e-01
7.291885614395141602e-01
7.242293357849121094e-01
7.251901030540466309e-01
7.192029953002929688e-01
7.393842935562133789e-01
7.520931959152221680e-01
7.400342822074890137e-01
7.504652738571166992e-01
7.472040653228759766e-01
7.169966101646423340e-01
7.361502647399902344e-01
7.406994104385375977e-01
7.405058145523071289e-01
7.076400518417358398e-01
7.537226676940917969e-01
7.593657970428466797e-01
7.509522438049316406e-01
7.460475564002990723e-01
7.568200230598449707e-01
7.667538523674011230e-01
7.707920074462890625e-01
7.837375402450561523e-01
7.606310248374938965e-01
7.559236884117126465e-01
7.805562019348144531e-01
7.795131802558898926e-01
7.796838879585266113e-01
7.630047202110290527e-01
7.898660302162170410e-01
7.898708581924438477e-01
7.903884649276733398e-01
7.921107411384582520e-01
7.822780013084411621e-01
8.064829707145690918e-01
7.991337776184082031e-01
7.978122234344482422e-01
7.424238324165344238e-01
7.799247503280639648e-01
8.048865795135498047e-01
7.949366569519042969e-01
8.040828108787536621e-01
7.718709111213684082e-01
8.146913051605224609e-01
7.986651062965393066e-01
8.151385784149169922e-01
8.139047026634216309e-01
8.183836340904235840e-01
8.048263788223266602e-01
8.157840371131896973e-01
8.029741048812866211e-01
7.943983674049377441e-01
8.275070786476135254e-01
8.439796566963195801e-01
8.299736380577087402e-01
8.517214655876159668e-01
8.396512269973754883e-01
8.449497818946838379e-01
8.500602841377258301e-01
8.535704016685485840e-01
8.691684007644653320e-01
8.547039031982421875e-01
8.065114021301269531e-01
8.476455211639404297e-01
8.325617909431457520e-01
8.443605899810791016e-01
7.860062718391418457e-01
8.575683832168579102e-01
8.637458682060241699e-01
8.644386529922485352e-01
8.819900155067443848e-01
8.738326430320739746e-01
8.517167568206787109e-01
8.669615983963012695e-01
8.839321136474609375e-01
8.918507695198059082e-01
8.898369669914245605e-01
8.893142938613891602e-01
8.912524580955505371e-01
8.844539523124694824e-01
9.003951549530029297e-01
8.866894841194152832e-01
8.918139338493347168e-01
8.896815180778503418e-01
8.885663747787475586e-01
9.070846438407897949e-01
8.869481682777404785e-01
8.880217671394348145e-01
8.683983087539672852e-01
8.865358829498291016e-01
8.837509751319885254e-01
9.140797257423400879e-01
9.008728861808776855e-01
9.122391343116760254e-01
9.069414734840393066e-01
8.996872901916503906e-01
8.566696643829345703e-01
9.293773770332336426e-01
9.167627096176147461e-01
8.658860325813293457e-01
9.144674539566040039e-01
9.337996840476989746e-01
9.363390803337097168e-01
9.239357113838195801e-01
9.269388914108276367e-01
9.142195582389831543e-01
9.222586750984191895e-01
9.328681826591491699e-01
9.193912744522094727e-01
9.498162865638732910e-01
9.327005743980407715e-01
9.389989972114562988e-01
9.383015632629394531e-01
9.574079513549804688e-01
9.266314506530761719e-01
9.383846521377563477e-01
9.357697367668151855e-01
8.121861815452575684e-01
9.563720226287841797e-01
9.663046002388000488e-01
9.577222466468811035e-01
9.522596597671508789e-01
8.386729359626770020e-01
9.290904402732849121e-01
9.725903868675231934e-01
9.656429886817932129e-01
9.326663613319396973e-01
9.748660326004028320e-01
9.059100747108459473e-01
9.760116338729858398e-01
9.557131528854370117e-01
9.834846854209899902e-01
-9.899900000000000000e+04
1.001301884651184082e+00
9.653211236000061035e-01
9.514672756195068359e-01
9.925369024276733398e-01
-9.899900000000000000e+04
-9.899900000000000000e+04
9.803814291954040527e-01
9.819533824920654297e-01
9.716467261314392090e-01
-9.899900000000000000e+04
8.089901208877563477e-01
-9.899900000000000000e+04
9.789271950721740723e-01
-9.899900000000000000e+04
-9.899900000000000000e+04
9.890562891960144043e-01
-9.899900000000000000e+04
-9.899900000000000000e+04
-9.899900000000000000e+04
-9.899900000000000000e+04
-9.899900000000000000e+04
-9.899900000000000000e+04
-9.899900000000000000e+04
-9.899900000000000000e+04
-9.899900000000000000e+04
-9.899900000000000000e+04
-9.899900000000000000e+04
-9.899900000000000000e+04
-9.899900000000000000e+04
