6.309524774551391602e-01
6.358127593994140625e-01
6.412144899368286133e-01
6.632860302925109863e-01
6.476992368698120117e-01
6.461747884750366211e-01
6.616687774658203125e-01
6.721740961074829102e-01
6.611988544464111328e-01
6.793448328971862793e-01
6.664795279502868652e-01
6.803489923477172852e-01
6.678974032402038574e-01
6.722197532653808594e-01
6.672530174255371094e-01
6.814933419227600098e-01
6.741776466369628906e-01
6.839639544486999512e-01
6.680537462234497070e-01
6.806299686431884766e-01
6.811931729316711426e-01
6.847827434539794922e-01
6.752519607543945312e-01
6.920308470726013184e-01
6.923391222953796387e-01
7.015670537948608398e-01
7.027961015701293945e-01
6.993896961212158203e-01
6.993322968482971191e-01
6.901693344116210938e-01
7.004597187042236328e-01
6.891896724700927734e-01
7.032641172409057617e-01
6.886451840400695801e-01
7.023847699165344238e-01
6.926329731941223145e-01
6.983487010002136230e-01
6.952646374702453613e-01
7.084416747093200684e-01
7.084788680076599121e-01
7.022657990455627441e-01
7.099649906158447266e-01
7.048807144165039062e-01
7.033425569534301758e-01
7.008220553398132324e-01
7.135092616081237793e-01
6.941751837730407715e-01
7.196867465972900391e-01
7.132686376571655273e-01
7.186444401741027832e-01
7.106767296791076660e-01
6.890966296195983887e-01
7.001222372055053711e-01
7.172577977180480957e-01
7.185069322586059570e-01
7.021957635879516602e-01
7.042086720466613770e-01
7.264654040336608887e-01
7.103584408760070801e-01
7.272154092788696289e-01
7.153741717338562012e-01
7.096212506294250488e-01
7.352271080017089844e-01
7.249386906623840332e-01
7.287410497665405273e-01
7.217581868171691895e-01
7.365501523017883301e-01
7.223094701766967773e-01
7.289578318595886230e-01
7.096965312957763672e-01
7.408903837203979492e-01
7.309975028038024902e-01
7.559416294097900391e-01
7.136852145195007324e-01
7.373625040054321289e-01
7.134404778480529785e-01
7.554942965507507324e-01
7.472388148307800293e-01
7.450857162475585938e-01
7.314730882644653320e-01
7.442345619201660156e-01
7.414288520812988281e-01
7.532216310501098633e-01
7.372747659683227539e-01
7.564122676849365234e-01
7.629669904708862305e-01
7.840251326560974121e-01
7.793738245964050293e-01
7.336739897727966309e-01
7.621288895606994629e-01
7.881069183349609375e-01
7.860184907913208008e-01
7.858938574790954590e-01
7.909100055694580078e-01
7.933650016784667969e-01
7.715809345245361328e-01
7.782469987869262695e-01
7.906119227409362793e-01
7.911025285720825195e-01
7.865700125694274902e-01
8.011206388473510742e-01
7.946695685386657715e-01
8.065293431282043457e-01
7.935782074928283691e-01
7.788344025611877441e-01
7.977622151374816895e-01
8.093972802162170410e-01
7.883809208869934082e-01
8.174201846122741699e-01
7.982380390167236328e-01
7.948839068412780762e-01
7.908306121826171875e-01
7.785587310791015625e-01
8.100420832633972168e-01
8.130123019218444824e-01
8.136879801750183105e-01
8.300396800041198730e-01
8.156898617744445801e-01
8.350126147270202637e-01
8.451342582702636719e-01
8.435429930686950684e-01
8.525216579437255859e-01
8.457708954811096191e-01
8.513768911361694336e-01
8.524180054664611816e-01
8.511919975280761719e-01
8.567636013031005859e-01
8.567895889282226562e-01
8.647762537002563477e-01
8.595161437988281250e-01
8.477311134338378906e-01
8.601172566413879395e-01
8.666258454322814941e-01
8.626552224159240723e-01
8.567314743995666504e-01
8.629350662231445312e-01
8.791125416755676270e-01
8.628996610641479492e-01
8.661937117576599121e-01
8.781533837318420410e-01
8.871622681617736816e-01
8.368646502494812012e-01
8.872249126434326172e-01
8.903896808624267578e-01
8.824231028556823730e-01
8.814415335655212402e-01
8.501671552658081055e-01
8.243198394775390625e-01
8.499227166175842285e-01
8.906695842742919922e-01
8.847634196281433105e-01
9.030625224113464355e-01
9.071191549301147461e-01
8.847607374191284180e-01
9.234738945960998535e-01
9.068332314491271973e-01
8.991978764533996582e-01
8.987067937850952148e-01
8.460246324539184570e-01
9.118989109992980957e-01
8.055669069290161133e-01
9.113935828208923340e-01
9.312772154808044434e-01
9.009477496147155762e-01
9.405890107154846191e-01
9.199861288070678711e-01
8.792545795440673828e-01
8.952317833900451660e-01
9.067100286483764648e-01
9.015973806381225586e-01
9.141059517860412598e-01
9.296548962593078613e-01
9.542323350906372070e-01
9.408553242683410645e-01
9.298318624496459961e-01
9.316484928131103516e-01
9.002547860145568848e-01
9.470767378807067871e-01
9.163027405738830566e-01
9.539722204208374023e-01
9.236671924591064453e-01
9.389815926551818848e-01
8.046000003814697266e-01
9.723364114761352539e-01
9.705030918121337891e-01
9.429354071617126465e-01
8.439547419548034668e-01
9.692445397377014160e-01
9.905955195426940918e-01
9.729512929916381836e-01
9.665893316268920898e-01
-9.899900000000000000e+04
9.935891628265380859e-01
8.596299886703491211e-01
-9.899900000000000000e+04
9.939956068992614746e-01
1.007011651992797852e+00
8.748876452445983887e-01
-9.899900000000000000e+04
9.856554865837097168e-01
9.376397728919982910e-01
1.005455255508422852e+00
9.608043432235717773e-01
9.245402812957763672e-01
-9.899900000000000000e+04
-9.899900000000000000e+04
-9.899900000000000000e+04
9.691987037658691406e-01
8.321042656898498535e-01
-9.899900000000000000e+04
-9.899900000000000000e+04
-9.899900000000000000e+04
