6.225892305374145508e-01
6.358127593994140625e-01
6.412144899368286133e-01
6.632860302925109863e-01
6.455930471420288086e-01
6.493827104568481445e-01
6.617761850357055664e-01
6.678663492202758789e-01
6.608548164367675781e-01
6.637250781059265137e-01
6.664795279502868652e-01
6.636283397674560547e-01
6.702851653099060059e-01
6.657763719558715820e-01
6.675803661346435547e-01
6.805133223533630371e-01
6.762954592704772949e-01
6.710654497146606445e-01
6.750604510307312012e-01
6.883132457733154297e-01
6.811931729316711426e-01
6.750268340110778809e-01
6.590098738670349121e-01
7.028384804725646973e-01
6.930550932884216309e-01
7.015670537948608398e-01
6.966673731803894043e-01
6.898468136787414551e-01
6.875582337379455566e-01
6.887785196304321289e-01
6.940954327583312988e-01
6.939663290977478027e-01
6.927933096885681152e-01
6.767506599426269531e-01
7.011713385581970215e-01
6.957734823226928711e-01
7.023594379425048828e-01
6.992508769035339355e-01
7.038007974624633789e-01
6.961722970008850098e-01
7.080223560333251953e-01
7.093932628631591797e-01
7.103019356727600098e-01
6.952377557754516602e-01
6.999439001083374023e-01
7.025912404060363770e-01
7.196933627128601074e-01
7.182900905609130859e-01
7.089034318923950195e-01
6.937298178672790527e-01
6.983687281608581543e-01
7.058788537979125977e-01
7.132111191749572754e-01
6.970042586326599121e-01
7.000344395637512207e-01
7.271353602409362793e-01
7.224549651145935059e-01
7.240574955940246582e-01
6.980488300323486328e-01
7.265817523002624512e-01
7.156302332878112793e-01
7.303286194801330566e-01
7.278819680213928223e-01
7.288742661476135254e-01
7.333222031593322754e-01
7.339913845062255859e-01
7.266469001770019531e-01
7.273448109626770020e-01
7.299172282218933105e-01
7.321718931198120117e-01
7.373141646385192871e-01
7.328332662582397461e-01
7.515744566917419434e-01
7.478311061859130859e-01
7.459155917167663574e-01
7.664089202880859375e-01
7.613937854766845703e-01
7.408887147903442383e-01
7.435449957847595215e-01
7.314116358757019043e-01
7.447024583816528320e-01
7.309471368789672852e-01
7.561684250831604004e-01
7.596855163574218750e-01
7.784284949302673340e-01
7.649260759353637695e-01
7.791105508804321289e-01
7.956932187080383301e-01
7.838127017021179199e-01
7.890732884407043457e-01
7.670095562934875488e-01
7.773163318634033203e-01
7.906039953231811523e-01
7.832200527191162109e-01
7.734096646308898926e-01
7.909777164459228516e-01
7.843098044395446777e-01
7.763896584510803223e-01
7.679564952850341797e-01
8.035585284233093262e-01
8.041785359382629395e-01
7.488594651222229004e-01
8.045183420181274414e-01
7.852709293365478516e-01
8.008406758308410645e-01
7.856012582778930664e-01
8.125187754631042480e-01
8.062076568603515625e-01
8.071569800376892090e-01
7.661826014518737793e-01
7.870258092880249023e-01
8.177603483200073242e-01
7.963162660598754883e-01
7.669356465339660645e-01
8.086385726928710938e-01
8.190638422966003418e-01
8.342450857162475586e-01
8.229362368583679199e-01
8.431878685951232910e-01
8.526425957679748535e-01
8.054582476615905762e-01
8.468092679977416992e-01
8.518973588943481445e-01
8.504523038864135742e-01
8.138160109519958496e-01
8.509203195571899414e-01
8.457162380218505859e-01
8.508158326148986816e-01
8.460407257080078125e-01
8.668401241302490234e-01
8.638044595718383789e-01
8.488492369651794434e-01
8.436391353607177734e-01
8.730106949806213379e-01
8.719674944877624512e-01
8.711457252502441406e-01
8.690864443778991699e-01
8.702448010444641113e-01
8.403570055961608887e-01
8.670101761817932129e-01
8.805223703384399414e-01
8.899729847908020020e-01
8.665704727172851562e-01
8.834298253059387207e-01
8.903967738151550293e-01
8.960475921630859375e-01
8.927450776100158691e-01
9.017617702484130859e-01
8.856160044670104980e-01
8.798279166221618652e-01
8.892517089843750000e-01
9.036751389503479004e-01
9.038837552070617676e-01
8.713267445564270020e-01
8.757653832435607910e-01
8.949894905090332031e-01
9.013025760650634766e-01
9.249271750450134277e-01
8.963022828102111816e-01
9.191953539848327637e-01
9.216561913490295410e-01
9.433792829513549805e-01
9.129484295845031738e-01
8.983507156372070312e-01
9.126445651054382324e-01
8.222537636756896973e-01
9.095014333724975586e-01
9.015809297561645508e-01
8.218573331832885742e-01
8.932565450668334961e-01
9.200300574302673340e-01
9.548398852348327637e-01
9.241706728935241699e-01
9.235896468162536621e-01
8.640236854553222656e-01
9.288341999053955078e-01
9.405890107154846191e-01
9.512752294540405273e-01
9.516426324844360352e-01
9.597300887107849121e-01
9.175646305084228516e-01
9.273573756217956543e-01
9.612613320350646973e-01
9.080671668052673340e-01
9.236202836036682129e-01
9.593837857246398926e-01
9.346998929977416992e-01
9.438447952270507812e-01
8.298860192298889160e-01
9.428927898406982422e-01
9.932801723480224609e-01
9.606566429138183594e-01
9.863371849060058594e-01
9.612230658531188965e-01
9.697028994560241699e-01
8.210409283638000488e-01
9.806420207023620605e-01
8.590794801712036133e-01
-9.899900000000000000e+04
-9.899900000000000000e+04
1.017024278640747070e+00
9.928491711616516113e-01
