6.291534900665283203e-01
6.257067918777465820e-01
6.388311982154846191e-01
6.632860302925109863e-01
6.476992368698120117e-01
6.493827104568481445e-01
6.616687774658203125e-01
6.678663492202758789e-01
6.592803001403808594e-01
6.655529737472534180e-01
6.664795279502868652e-01
6.636283397674560547e-01
6.633976101875305176e-01
6.864034533500671387e-01
6.810494661331176758e-01
6.690617203712463379e-01
6.745044589042663574e-01
6.710654497146606445e-01
6.753183007240295410e-01
6.806299686431884766e-01
6.770244240760803223e-01
6.802825331687927246e-01
6.810171008110046387e-01
6.849752068519592285e-01
7.060412764549255371e-01
6.980926394462585449e-01
6.820599436759948730e-01
7.027965784072875977e-01
6.864321827888488770e-01
7.057719230651855469e-01
6.826096773147583008e-01
7.020954489707946777e-01
6.960031986236572266e-01
6.940659284591674805e-01
6.983520388603210449e-01
6.950627565383911133e-01
7.006449103355407715e-01
6.954494118690490723e-01
6.829059720039367676e-01
7.031463980674743652e-01
7.008877992630004883e-01
7.040451169013977051e-01
7.037900090217590332e-01
7.133936882019042969e-01
7.112126350402832031e-01
7.037714123725891113e-01
6.961629986763000488e-01
7.128529548645019531e-01
7.118687629699707031e-01
6.937298178672790527e-01
7.151925563812255859e-01
7.107333540916442871e-01
6.993282437324523926e-01
7.156364321708679199e-01
7.194629907608032227e-01
7.072826623916625977e-01
7.207804322242736816e-01
6.956226229667663574e-01
7.261998057365417480e-01
7.019986510276794434e-01
7.207138538360595703e-01
7.114831805229187012e-01
7.148299813270568848e-01
7.318291068077087402e-01
7.359921932220458984e-01
7.371557950973510742e-01
7.278124094009399414e-01
7.314804792404174805e-01
7.256391644477844238e-01
7.365262508392333984e-01
7.439209818840026855e-01
7.489802837371826172e-01
7.259271740913391113e-01
7.353119850158691406e-01
7.108541131019592285e-01
7.387931346893310547e-01
7.343154549598693848e-01
7.396895289421081543e-01
7.297053337097167969e-01
7.237433791160583496e-01
7.319988012313842773e-01
7.181807160377502441e-01
7.608528137207031250e-01
7.578420639038085938e-01
7.556988596916198730e-01
7.853721976280212402e-01
7.721750140190124512e-01
7.769449353218078613e-01
7.819437384605407715e-01
7.724853754043579102e-01
7.782723307609558105e-01
7.851617932319641113e-01
7.975334525108337402e-01
7.852377891540527344e-01
7.765884995460510254e-01
7.886424064636230469e-01
7.742620110511779785e-01
7.839091420173645020e-01
7.855986356735229492e-01
7.975819110870361328e-01
7.568552494049072266e-01
7.986457943916320801e-01
7.715907096862792969e-01
7.689293026924133301e-01
7.718161344528198242e-01
8.031512498855590820e-01
8.105998039245605469e-01
8.073256611824035645e-01
7.992242574691772461e-01
7.979426383972167969e-01
8.174628019332885742e-01
8.094962239265441895e-01
8.112414479255676270e-01
7.972149848937988281e-01
8.163996934890747070e-01
8.141717910766601562e-01
8.179885745048522949e-01
8.028210401535034180e-01
8.244956135749816895e-01
7.657240033149719238e-01
8.240233063697814941e-01
8.370304703712463379e-01
8.346710801124572754e-01
8.568236827850341797e-01
8.406353592872619629e-01
8.616465926170349121e-01
8.615509867668151855e-01
8.651717305183410645e-01
8.546544313430786133e-01
8.417476415634155273e-01
8.572469949722290039e-01
8.410673141479492188e-01
8.758261203765869141e-01
8.683273196220397949e-01
8.716335892677307129e-01
8.777720928192138672e-01
8.769732117652893066e-01
8.546158075332641602e-01
8.805248737335205078e-01
8.650600910186767578e-01
8.889792561531066895e-01
8.710740208625793457e-01
8.868963718414306641e-01
8.947646617889404297e-01
8.928459286689758301e-01
8.950821161270141602e-01
9.006706476211547852e-01
9.006638526916503906e-01
8.798527717590332031e-01
8.803972005844116211e-01
8.952111005783081055e-01
9.161272048950195312e-01
8.274227380752563477e-01
9.130556583404541016e-01
8.919896483421325684e-01
9.054813385009765625e-01
8.941357731819152832e-01
8.803351521492004395e-01
9.200215339660644531e-01
8.851185441017150879e-01
9.057028889656066895e-01
8.615407347679138184e-01
8.817718625068664551e-01
9.155518412590026855e-01
9.188706874847412109e-01
9.080420732498168945e-01
9.280886054039001465e-01
9.236941337585449219e-01
9.336861968040466309e-01
9.279543161392211914e-01
9.243597388267517090e-01
9.386580586433410645e-01
8.356322050094604492e-01
9.354405403137207031e-01
9.409115314483642578e-01
9.018827676773071289e-01
9.319835901260375977e-01
9.352750778198242188e-01
9.414938092231750488e-01
9.498818516731262207e-01
9.323526024818420410e-01
9.177684187889099121e-01
9.671256542205810547e-01
9.162920117378234863e-01
9.573981761932373047e-01
9.421423077583312988e-01
9.412106871604919434e-01
9.701600670814514160e-01
9.804489612579345703e-01
9.472717046737670898e-01
9.663983583450317383e-01
9.689254760742187500e-01
9.530148506164550781e-01
9.586974382400512695e-01
9.461546540260314941e-01
9.632860422134399414e-01
9.904325604438781738e-01
9.840663075447082520e-01
9.660755395889282227e-01
9.887827038764953613e-01
8.770086169242858887e-01
9.716830849647521973e-01
