6.225892305374145508e-01
6.358127593994140625e-01
6.407510042190551758e-01
6.606395840644836426e-01
6.627352833747863770e-01
6.645812392234802246e-01
6.603446006774902344e-01
6.705638170242309570e-01
6.649832725524902344e-01
6.824432611465454102e-01
6.664795279502868652e-01
6.432729959487915039e-01
6.753827929496765137e-01
6.840402483940124512e-01
6.657516956329345703e-01
6.734188199043273926e-01
6.741776466369628906e-01
6.880912780761718750e-01
6.710986495018005371e-01
6.853554844856262207e-01
6.899451017379760742e-01
6.960127353668212891e-01
6.533963680267333984e-01
7.045492529869079590e-01
6.875240206718444824e-01
6.998791694641113281e-01
7.032312750816345215e-01
7.013969421386718750e-01
6.996704936027526855e-01
6.910476088523864746e-01
7.112637162208557129e-01
6.891896724700927734e-01
6.974868178367614746e-01
6.891613602638244629e-01
6.916772723197937012e-01
6.957734823226928711e-01
6.965429782867431641e-01
6.970301866531372070e-01
7.063340544700622559e-01
7.055002450942993164e-01
7.056057453155517578e-01
7.064243555068969727e-01
6.994345188140869141e-01
7.021678090095520020e-01
7.016027569770812988e-01
6.965722441673278809e-01
7.143287658691406250e-01
7.198886871337890625e-01
7.089982032775878906e-01
7.094635367393493652e-01
7.088233232498168945e-01
7.008115649223327637e-01
7.055820822715759277e-01
7.233498096466064453e-01
7.165274620056152344e-01
7.033247351646423340e-01
7.081730961799621582e-01
7.145844697952270508e-01
7.125240564346313477e-01
7.165136337280273438e-01
7.110579013824462891e-01
7.202553153038024902e-01
7.270035743713378906e-01
7.213532924652099609e-01
7.261955142021179199e-01
7.201907038688659668e-01
7.327494025230407715e-01
7.171037197113037109e-01
7.255330085754394531e-01
7.380862832069396973e-01
7.389579415321350098e-01
7.462948560714721680e-01
7.494331598281860352e-01
7.575867772102355957e-01
7.380975484848022461e-01
7.454933524131774902e-01
7.536106705665588379e-01
7.375411987304687500e-01
7.359870672225952148e-01
7.335640788078308105e-01
7.425347566604614258e-01
7.420294284820556641e-01
7.629193067550659180e-01
7.635960578918457031e-01
7.405930757522583008e-01
7.695488333702087402e-01
7.790094017982482910e-01
7.908896803855895996e-01
7.741357684135437012e-01
7.744745612144470215e-01
7.783371806144714355e-01
7.860540747642517090e-01
7.666762471199035645e-01
7.907397150993347168e-01
7.786619663238525391e-01
7.503091692924499512e-01
7.757367491722106934e-01
7.979252338409423828e-01
7.889760136604309082e-01
7.705623507499694824e-01
7.974503040313720703e-01
7.696458101272583008e-01
8.008221387863159180e-01
7.974938154220581055e-01
7.916029691696166992e-01
8.036247491836547852e-01
8.043870925903320312e-01
7.843842506408691406e-01
8.026348948478698730e-01
8.022636771202087402e-01
7.984634637832641602e-01
8.058139085769653320e-01
8.033812642097473145e-01
7.956556081771850586e-01
8.085839152336120605e-01
8.273371458053588867e-01
8.254435062408447266e-01
8.292045593261718750e-01
8.051366806030273438e-01
8.330310583114624023e-01
8.272709846496582031e-01
8.502541184425354004e-01
8.536279797554016113e-01
8.580976724624633789e-01
8.597009181976318359e-01
8.504474163055419922e-01
8.565763235092163086e-01
8.450749516487121582e-01
8.503541946411132812e-01
8.170794844627380371e-01
8.594639897346496582e-01
8.653270006179809570e-01
8.539421558380126953e-01
8.258547782897949219e-01
8.569666147232055664e-01
8.721805810928344727e-01
8.733165264129638672e-01
8.778901696205139160e-01
8.693850040435791016e-01
8.882161974906921387e-01
9.019219279289245605e-01
8.831447958946228027e-01
8.894148468971252441e-01
8.869407176971435547e-01
8.898814320564270020e-01
8.760238289833068848e-01
9.086104631423950195e-01
7.793943881988525391e-01
8.583641052246093750e-01
8.556808233261108398e-01
8.619037270545959473e-01
8.877813816070556641e-01
8.718726634979248047e-01
8.891159892082214355e-01
8.893297314643859863e-01
9.149014353752136230e-01
8.625515103340148926e-01
9.004313945770263672e-01
9.103893637657165527e-01
9.025761485099792480e-01
9.114239215850830078e-01
9.058000445365905762e-01
8.969919681549072266e-01
9.145572185516357422e-01
9.236511588096618652e-01
9.028500914573669434e-01
9.148442149162292480e-01
9.048402905464172363e-01
9.329491257667541504e-01
9.128509163856506348e-01
9.078882932662963867e-01
9.252201914787292480e-01
9.207831621170043945e-01
9.087713360786437988e-01
9.103329777717590332e-01
9.209625124931335449e-01
9.479476213455200195e-01
9.012733697891235352e-01
9.416545629501342773e-01
8.929817080497741699e-01
7.978491187095642090e-01
9.526277780532836914e-01
9.418000578880310059e-01
9.370483756065368652e-01
9.652994275093078613e-01
9.804222583770751953e-01
9.808112978935241699e-01
9.325773715972900391e-01
9.462581872940063477e-01
9.750581383705139160e-01
9.165844917297363281e-01
9.825406670570373535e-01
9.182235002517700195e-01
9.518942236900329590e-01
9.967144727706909180e-01
9.864968657493591309e-01
9.867904782295227051e-01
1.012482643127441406e+00
9.970248937606811523e-01
9.645687341690063477e-01
8.101794123649597168e-01
9.772781133651733398e-01
1.003578543663024902e+00
9.595786333084106445e-01
8.247916102409362793e-01
8.621475100517272949e-01
-9.899900000000000000e+04
