6.309524774551391602e-01
6.257067918777465820e-01
6.412144899368286133e-01
6.632860302925109863e-01
6.469347476959228516e-01
6.692129373550415039e-01
6.603446006774902344e-01
6.605220437049865723e-01
6.596282720565795898e-01
6.806339025497436523e-01
6.664795279502868652e-01
6.803489923477172852e-01
6.702970862388610840e-01
6.567332148551940918e-01
6.713212132453918457e-01
6.680523157119750977e-01
6.758943796157836914e-01
6.735684275627136230e-01
6.693843007087707520e-01
6.843210458755493164e-01
6.881055235862731934e-01
6.810644865036010742e-01
6.850000619888305664e-01
6.878223419189453125e-01
6.770398616790771484e-01
6.991040706634521484e-01
7.026354074478149414e-01
6.795616149902343750e-01
6.958838105201721191e-01
6.898700594902038574e-01
7.004597187042236328e-01
6.834255456924438477e-01
6.915193796157836914e-01
6.926406025886535645e-01
6.941378712654113770e-01
6.928925514221191406e-01
7.004526853561401367e-01
6.952646374702453613e-01
6.967304944992065430e-01
7.092915177345275879e-01
7.065399885177612305e-01
7.175444364547729492e-01
7.090628147125244141e-01
7.115209698677062988e-01
7.131761908531188965e-01
6.975510716438293457e-01
7.027624249458312988e-01
6.995163559913635254e-01
7.032899856567382812e-01
6.987333297729492188e-01
7.128030657768249512e-01
6.999591588973999023e-01
7.004845142364501953e-01
7.144595980644226074e-01
6.920354366302490234e-01
6.986153721809387207e-01
7.114581465721130371e-01
7.107277512550354004e-01
7.126066684722900391e-01
7.273041605949401855e-01
7.356256842613220215e-01
7.167122364044189453e-01
7.294251918792724609e-01
7.157443761825561523e-01
7.139821648597717285e-01
7.394471764564514160e-01
7.397181391716003418e-01
7.391369938850402832e-01
7.226032614707946777e-01
7.222908139228820801e-01
7.311781048774719238e-01
7.202603816986083984e-01
7.404429316520690918e-01
7.533404827117919922e-01
7.549853324890136719e-01
7.451145052909851074e-01
7.324870824813842773e-01
7.512780427932739258e-01
7.599638104438781738e-01
7.470670938491821289e-01
7.694727778434753418e-01
7.611390948295593262e-01
7.725694179534912109e-01
7.723697423934936523e-01
7.506902217864990234e-01
7.775050997734069824e-01
7.600335478782653809e-01
7.864909768104553223e-01
7.783489227294921875e-01
7.462838888168334961e-01
7.796965241432189941e-01
7.988393306732177734e-01
7.884081006050109863e-01
7.518181800842285156e-01
7.832545638084411621e-01
7.861199975013732910e-01
7.919740080833435059e-01
7.539013624191284180e-01
7.967469692230224609e-01
7.932105064392089844e-01
7.964879274368286133e-01
7.734815478324890137e-01
7.807558178901672363e-01
8.139784336090087891e-01
8.017233610153198242e-01
8.029280304908752441e-01
8.013904690742492676e-01
8.134434819221496582e-01
7.989172339439392090e-01
7.871733307838439941e-01
7.786998748779296875e-01
8.008770346641540527e-01
8.124616146087646484e-01
8.149031400680541992e-01
8.162449002265930176e-01
8.104972243309020996e-01
8.029160499572753906e-01
7.410864830017089844e-01
8.307574391365051270e-01
8.494169116020202637e-01
8.494046330451965332e-01
8.280025124549865723e-01
8.556690216064453125e-01
8.479385375976562500e-01
8.363046050071716309e-01
8.465213775634765625e-01
8.637862205505371094e-01
8.471107482910156250e-01
8.585545420646667480e-01
8.402922749519348145e-01
8.612735271453857422e-01
8.689638376235961914e-01
8.637216091156005859e-01
8.746709227561950684e-01
8.612175583839416504e-01
8.797999620437622070e-01
8.580509424209594727e-01
8.404476642608642578e-01
8.760330080986022949e-01
8.814091682434082031e-01
8.499820828437805176e-01
8.734813332557678223e-01
8.904955387115478516e-01
8.842792510986328125e-01
8.756263852119445801e-01
8.766630291938781738e-01
8.858098983764648438e-01
8.878786563873291016e-01
8.477135896682739258e-01
8.872467875480651855e-01
8.857228755950927734e-01
9.162663817405700684e-01
7.845836281776428223e-01
8.823063969612121582e-01
8.885464668273925781e-01
8.814626932144165039e-01
8.743626475334167480e-01
8.941525220870971680e-01
8.774730563163757324e-01
8.449835181236267090e-01
9.292968511581420898e-01
8.982109427452087402e-01
9.197590351104736328e-01
9.090451002120971680e-01
8.791038393974304199e-01
9.279627799987792969e-01
9.234301447868347168e-01
9.255226850509643555e-01
9.186857938766479492e-01
8.910684585571289062e-01
8.303388357162475586e-01
9.432530999183654785e-01
9.323265552520751953e-01
8.903001546859741211e-01
9.566612839698791504e-01
9.322778582572937012e-01
9.449607729911804199e-01
9.215764403343200684e-01
9.319242238998413086e-01
9.568920135498046875e-01
8.220348358154296875e-01
9.221915006637573242e-01
9.146773815155029297e-01
9.190041422843933105e-01
8.886130452156066895e-01
9.269185662269592285e-01
9.832411408424377441e-01
9.626284241676330566e-01
9.492704272270202637e-01
8.465418815612792969e-01
9.555006027221679688e-01
9.709850549697875977e-01
8.401999473571777344e-01
9.412062168121337891e-01
9.462748169898986816e-01
9.426169395446777344e-01
9.741092324256896973e-01
9.902443289756774902e-01
8.321493864059448242e-01
9.904043078422546387e-01
9.823162555694580078e-01
9.091442823410034180e-01
-9.899900000000000000e+04
-9.899900000000000000e+04
-9.899900000000000000e+04
7.687745094299316406e-01
-9.899900000000000000e+04
-9.899900000000000000e+04
9.468573927879333496e-01
-9.899900000000000000e+04
9.932407736778259277e-01
7.177639007568359375e-01
8.437066674232482910e-01
-9.899900000000000000e+04
-9.899900000000000000e+04
-9.899900000000000000e+04
-9.899900000000000000e+04
-9.899900000000000000e+04
-9.899900000000000000e+04
-9.899900000000000000e+04
-9.899900000000000000e+04
9.658395648002624512e-01
-9.899900000000000000e+04
-9.899900000000000000e+04
-9.899900000000000000e+04
-9.899900000000000000e+04
-9.899900000000000000e+04
9.940571784973144531e-01
-9.899900000000000000e+04
-9.899900000000000000e+04
-9.899900000000000000e+04
-9.899900000000000000e+04
-9.899900000000000000e+04
-9.899900000000000000e+04
-9.899900000000000000e+04
-9.899900000000000000e+04
-9.899900000000000000e+04
9.281389117240905762e-01
-9.899900000000000000e+04
9.796838164329528809e-01
-9.899900000000000000e+04
-9.899900000000000000e+04
-9.899900000000000000e+04
1.580960452556610107e-01
9.373353719711303711e-01
-9.899900000000000000e+04
9.264201521873474121e-01
-9.899900000000000000e+04
-9.899900000000000000e+04
-9.899900000000000000e+04
-9.899900000000000000e+04
7.717973589897155762e-01
-9.899900000000000000e+04
-9.899900000000000000e+04
-9.899900000000000000e+04
