6.225892305374145508e-01
6.517849564552307129e-01
6.406359076499938965e-01
6.632860302925109863e-01
6.476992368698120117e-01
6.468650102615356445e-01
6.616687774658203125e-01
6.721740961074829102e-01
6.755206584930419922e-01
6.803293228149414062e-01
6.639269590377807617e-01
6.642193198204040527e-01
6.677728891372680664e-01
6.546568870544433594e-01
6.657516956329345703e-01
6.695431470870971680e-01
6.809154748916625977e-01
6.863613128662109375e-01
6.693271994590759277e-01
6.927700638771057129e-01
6.899451017379760742e-01
6.750268340110778809e-01
6.749833226203918457e-01
6.899821162223815918e-01
7.024428248405456543e-01
6.890248656272888184e-01
7.026354074478149414e-01
6.951547265052795410e-01
6.920245289802551270e-01
6.945591568946838379e-01
7.004672884941101074e-01
7.012935280799865723e-01
6.974868178367614746e-01
6.984742283821105957e-01
7.019448876380920410e-01
6.987829208374023438e-01
6.966269016265869141e-01
6.972584128379821777e-01
7.070650458335876465e-01
7.041071653366088867e-01
7.077451348304748535e-01
7.055654525756835938e-01
7.186929583549499512e-01
6.863466501235961914e-01
7.023079991340637207e-01
6.945353150367736816e-01
7.005457282066345215e-01
7.099652290344238281e-01
7.103680968284606934e-01
7.156860828399658203e-01
7.067302465438842773e-01
7.020453214645385742e-01
7.026830911636352539e-01
7.089689970016479492e-01
7.077357769012451172e-01
7.068827152252197266e-01
7.082706689834594727e-01
7.126199007034301758e-01
7.252534031867980957e-01
7.297726273536682129e-01
7.168326377868652344e-01
7.271773815155029297e-01
7.246562838554382324e-01
7.298793196678161621e-01
7.310047149658203125e-01
7.274687886238098145e-01
7.369980812072753906e-01
7.268881797790527344e-01
7.234930396080017090e-01
7.176579833030700684e-01
7.316974401473999023e-01
7.239967584609985352e-01
7.134383916854858398e-01
7.370135188102722168e-01
6.974965929985046387e-01
7.395266294479370117e-01
7.590635418891906738e-01
7.540537118911743164e-01
7.345557808876037598e-01
7.422312498092651367e-01
7.519328594207763672e-01
7.720943093299865723e-01
7.279301285743713379e-01
7.595012187957763672e-01
7.400888800621032715e-01
7.564738988876342773e-01
7.778464555740356445e-01
7.698485255241394043e-01
7.895287871360778809e-01
7.957334518432617188e-01
7.757499814033508301e-01
7.622829675674438477e-01
7.766786217689514160e-01
7.911638617515563965e-01
7.913368940353393555e-01
7.708219885826110840e-01
7.969549894332885742e-01
7.579951286315917969e-01
7.928244471549987793e-01
7.490535974502563477e-01
7.892354130744934082e-01
7.711713314056396484e-01
8.056991696357727051e-01
8.130756020545959473e-01
7.796208262443542480e-01
8.010283112525939941e-01
7.599802613258361816e-01
8.047812581062316895e-01
8.041543364524841309e-01
8.072974085807800293e-01
7.969320416450500488e-01
8.007514476776123047e-01
8.097771406173706055e-01
8.197122216224670410e-01
7.933383584022521973e-01
8.423551321029663086e-01
8.210748434066772461e-01
8.139402270317077637e-01
8.430455327033996582e-01
8.446381688117980957e-01
8.514918684959411621e-01
8.390786051750183105e-01
8.438373804092407227e-01
8.354122042655944824e-01
8.595914840698242188e-01
8.610637784004211426e-01
8.568860888481140137e-01
8.573849797248840332e-01
8.435739874839782715e-01
8.590295314788818359e-01
8.549651503562927246e-01
8.288898468017578125e-01
8.688043355941772461e-01
8.512883782386779785e-01
8.484842181205749512e-01
8.600477576255798340e-01
8.689905405044555664e-01
8.751261234283447266e-01
8.584158420562744141e-01
8.673723340034484863e-01
8.902181982994079590e-01
8.854670524597167969e-01
8.905904293060302734e-01
8.708217740058898926e-01
8.827396631240844727e-01
8.671374917030334473e-01
8.936602473258972168e-01
8.994188308715820312e-01
8.758784532546997070e-01
9.006873965263366699e-01
8.993417024612426758e-01
8.758649826049804688e-01
8.750165104866027832e-01
8.825134038925170898e-01
9.035490155220031738e-01
7.782127857208251953e-01
8.770151734352111816e-01
8.879739046096801758e-01
9.124615788459777832e-01
8.965064883232116699e-01
8.952679038047790527e-01
8.930111527442932129e-01
9.084828495979309082e-01
9.300198554992675781e-01
9.360765814781188965e-01
9.098236560821533203e-01
9.036738276481628418e-01
8.978177905082702637e-01
9.221388697624206543e-01
9.117826223373413086e-01
9.138161540031433105e-01
9.255384206771850586e-01
9.207906723022460938e-01
7.922717928886413574e-01
8.090688586235046387e-01
9.327997565269470215e-01
9.385649561882019043e-01
9.287283420562744141e-01
9.507569670677185059e-01
9.253639578819274902e-01
9.425970315933227539e-01
9.272019267082214355e-01
9.575747847557067871e-01
9.267578125000000000e-01
9.505777359008789062e-01
9.646350741386413574e-01
9.550490379333496094e-01
9.642689228057861328e-01
9.753040075302124023e-01
9.028596878051757812e-01
9.931194186210632324e-01
9.058737754821777344e-01
9.549441337585449219e-01
9.427097439765930176e-01
9.583831429481506348e-01
9.689695239067077637e-01
-9.899900000000000000e+04
8.392079472541809082e-01
9.857262969017028809e-01
9.840565919876098633e-01
9.854198694229125977e-01
9.745578765869140625e-01
9.485499262809753418e-01
-9.899900000000000000e+04
9.846662282943725586e-01
9.649505019187927246e-01
9.797204136848449707e-01
8.497676253318786621e-01
-9.899900000000000000e+04
9.825796484947204590e-01
-9.899900000000000000e+04
9.432744979858398438e-01
9.410319328308105469e-01
8.559924960136413574e-01
9.324727654457092285e-01
-9.899900000000000000e+04
-9.899900000000000000e+04
-9.899900000000000000e+04
-9.899900000000000000e+04
-9.899900000000000000e+04
9.728597998619079590e-01
-9.899900000000000000e+04
-9.899900000000000000e+04
9.845456480979919434e-01
-9.899900000000000000e+04
-9.899900000000000000e+04
-9.899900000000000000e+04
-9.899900000000000000e+04
-9.899900000000000000e+04
-9.899900000000000000e+04
-9.899900000000000000e+04
-9.899900000000000000e+04
8.562898039817810059e-01
-9.899900000000000000e+04
-9.899900000000000000e+04
-9.899900000000000000e+04
-9.899900000000000000e+04
-9.899900000000000000e+04
-9.899900000000000000e+04
-9.899900000000000000e+04
-9.899900000000000000e+04
-9.899900000000000000e+04
-9.899900000000000000e+04
-9.899900000000000000e+04
-9.899900000000000000e+04
9.438692331314086914e-01
-9.899900000000000000e+04
-9.899900000000000000e+04
-9.899900000000000000e+04
-9.899900000000000000e+04
-9.899900000000000000e+04
-9.899900000000000000e+04
-9.899900000000000000e+04
-9.899900000000000000e+04
9.739852547645568848e-01
-9.899900000000000000e+04
-9.899900000000000000e+04
-9.899900000000000000e+04
-9.899900000000000000e+04
-9.899900000000000000e+04
-9.899900000000000000e+04
-9.899900000000000000e+04
-9.899900000000000000e+04
-9.899900000000000000e+04
-9.899900000000000000e+04
-9.899900000000000000e+04
-9.899900000000000000e+04
-9.899900000000000000e+04
-9.899900000000000000e+04
-9.899900000000000000e+04
-9.899900000000000000e+04
-9.899900000000000000e+04
-9.899900000000000000e+04
-9.899900000000000000e+04
-9.899900000000000000e+04
-9.899900000000000000e+04
-9.899900000000000000e+04
-9.899900000000000000e+04
-9.899900000000000000e+04
-9.899900000000000000e+04
-9.899900000000000000e+04
-9.899900000000000000e+04
-9.899900000000000000e+04
-9.899900000000000000e+04
-9.899900000000000000e+04
2.606201767921447754e-01
9.805817604064941406e-01
-9.899900000000000000e+04
-9.899900000000000000e+04
-9.899900000000000000e+04
-9.899900000000000000e+04
-9.899900000000000000e+04
-9.899900000000000000e+04
-9.899900000000000000e+04
-9.899900000000000000e+04
-9.899900000000000000e+04
-9.899900000000000000e+04
-9.899900000000000000e+04
-9.899900000000000000e+04
9.437943696975708008e-01
-9.899900000000000000e+04
-9.899900000000000000e+04
-9.899900000000000000e+04
-9.899900000000000000e+04
-9.899900000000000000e+04
-9.899900000000000000e+04
-9.899900000000000000e+04
-9.899900000000000000e+04
-9.899900000000000000e+04
-9.899900000000000000e+04
-9.899900000000000000e+04
-9.899900000000000000e+04
-9.899900000000000000e+04
-9.899900000000000000e+04
-9.899900000000000000e+04
-9.899900000000000000e+04
-9.899900000000000000e+04
-9.899900000000000000e+04
-9.899900000000000000e+04
-9.899900000000000000e+04
-9.899900000000000000e+04
-9.899900000000000000e+04
-9.899900000000000000e+04
-9.899900000000000000e+04
-9.899900000000000000e+04
-9.899900000000000000e+04
-9.899900000000000000e+04
-9.899900000000000000e+04
-9.899900000000000000e+04
-9.899900000000000000e+04
-9.899900000000000000e+04
-9.899900000000000000e+04
-9.899900000000000000e+04
-9.899900000000000000e+04
-9.899900000000000000e+04
-9.899900000000000000e+04
4.896301627159118652e-01
-9.899900000000000000e+04
-9.899900000000000000e+04
-9.899900000000000000e+04
-9.899900000000000000e+04
-9.899900000000000000e+04
-9.899900000000000000e+04
-9.899900000000000000e+04
-9.899900000000000000e+04
-9.899900000000000000e+04
-9.899900000000000000e+04
-9.899900000000000000e+04
-9.899900000000000000e+04
-9.899900000000000000e+04
-9.899900000000000000e+04
-9.899900000000000000e+04
-9.899900000000000000e+04
-9.899900000000000000e+04
-9.899900000000000000e+04
-9.899900000000000000e+04
-9.899900000000000000e+04
-9.899900000000000000e+04
-9.899900000000000000e+04
-9.899900000000000000e+04
-9.899900000000000000e+04
-9.899900000000000000e+04
-9.899900000000000000e+04
-9.899900000000000000e+04
-9.899900000000000000e+04
