6.461329460144042969e-01
6.358127593994140625e-01
6.562239527702331543e-01
6.476886868476867676e-01
6.458758711814880371e-01
6.468650102615356445e-01
6.616687774658203125e-01
6.678663492202758789e-01
6.734914183616638184e-01
6.637250781059265137e-01
6.664795279502868652e-01
6.636283397674560547e-01
6.751718521118164062e-01
6.533682942390441895e-01
6.669101715087890625e-01
6.849688887596130371e-01
6.789344549179077148e-01
6.668570041656494141e-01
6.890469193458557129e-01
6.838296055793762207e-01
6.897858977317810059e-01
6.783048510551452637e-01
6.472196578979492188e-01
7.070810198783874512e-01
6.923391222953796387e-01
6.966674327850341797e-01
6.933497786521911621e-01
6.996856331825256348e-01
6.875582337379455566e-01
6.980389356613159180e-01
6.870552301406860352e-01
6.954005360603332520e-01
6.988686323165893555e-01
7.027143836021423340e-01
6.899123191833496094e-01
6.961479783058166504e-01
6.821975111961364746e-01
6.988803148269653320e-01
7.040941715240478516e-01
7.157986760139465332e-01
7.130106091499328613e-01
7.097907066345214844e-01
6.991475820541381836e-01
6.963738799095153809e-01
7.117916345596313477e-01
7.049314379692077637e-01
7.091057300567626953e-01
7.212842106819152832e-01
7.022523880004882812e-01
7.059605121612548828e-01
7.211001515388488770e-01
7.074244022369384766e-01
7.036556601524353027e-01
7.048222422599792480e-01
6.879571080207824707e-01
7.189350724220275879e-01
6.878091096878051758e-01
7.210240364074707031e-01
7.130683660507202148e-01
6.946929693222045898e-01
7.013078927993774414e-01
7.297065258026123047e-01
7.286905050277709961e-01
7.294597625732421875e-01
7.302032709121704102e-01
7.217224240303039551e-01
7.255289554595947266e-01
7.270600199699401855e-01
7.123716473579406738e-01
7.426685690879821777e-01
7.247911095619201660e-01
7.278632521629333496e-01
7.280594706535339355e-01
7.391886711120605469e-01
7.211596965789794922e-01
7.247354984283447266e-01
7.670183777809143066e-01
7.456783652305603027e-01
7.616716027259826660e-01
7.234463691711425781e-01
7.558395266532897949e-01
7.501763105392456055e-01
7.766443490982055664e-01
7.434487938880920410e-01
7.721843123435974121e-01
7.799757122993469238e-01
7.460796236991882324e-01
7.895833253860473633e-01
7.911954522132873535e-01
7.794363498687744141e-01
7.824105024337768555e-01
7.874420881271362305e-01
7.720436453819274902e-01
7.895925045013427734e-01
7.956762313842773438e-01
7.873756289482116699e-01
7.794057130813598633e-01
7.901611924171447754e-01
7.579432725906372070e-01
7.700130939483642578e-01
7.723195552825927734e-01
7.897939085960388184e-01
7.761108875274658203e-01
7.781726121902465820e-01
7.736586332321166992e-01
8.052148222923278809e-01
7.869693636894226074e-01
7.996711134910583496e-01
8.010932207107543945e-01
8.020657896995544434e-01
8.189838528633117676e-01
8.089067339897155762e-01
8.140887022018432617e-01
7.883172035217285156e-01
8.262557387351989746e-01
8.262659907341003418e-01
8.233390450477600098e-01
8.190224170684814453e-01
8.364009261131286621e-01
8.429890275001525879e-01
8.441163301467895508e-01
8.458940982818603516e-01
8.316730260848999023e-01
8.331135511398315430e-01
8.327926397323608398e-01
8.433433771133422852e-01
8.585869073867797852e-01
8.616483211517333984e-01
8.563736081123352051e-01
8.669665455818176270e-01
8.633669614791870117e-01
8.659023642539978027e-01
8.742320537567138672e-01
8.678818345069885254e-01
8.710170984268188477e-01
8.770439028739929199e-01
8.841613531112670898e-01
8.482091426849365234e-01
8.532676100730895996e-01
8.475986719131469727e-01
8.704301118850708008e-01
8.753489851951599121e-01
8.728716969490051270e-01
8.877243399620056152e-01
8.966423869132995605e-01
8.875942230224609375e-01
8.963456749916076660e-01
8.946118354797363281e-01
8.809974193572998047e-01
9.064044356346130371e-01
8.998284935951232910e-01
8.911403417587280273e-01
9.034167528152465820e-01
9.061570167541503906e-01
8.895508646965026855e-01
8.976507782936096191e-01
9.107018113136291504e-01
8.764468431472778320e-01
8.473252058029174805e-01
9.048016667366027832e-01
9.183354377746582031e-01
8.242551088333129883e-01
8.674527406692504883e-01
8.903731107711791992e-01
9.239791035652160645e-01
8.133303523063659668e-01
9.038224816322326660e-01
9.343095421791076660e-01
9.218060374259948730e-01
9.172269105911254883e-01
9.076111316680908203e-01
9.075747132301330566e-01
9.386694431304931641e-01
9.420045018196105957e-01
8.079602122306823730e-01
9.459437727928161621e-01
8.238725066184997559e-01
8.082562088966369629e-01
9.335935711860656738e-01
9.250878691673278809e-01
9.420431852340698242e-01
9.539183974266052246e-01
9.323301315307617188e-01
9.531733393669128418e-01
8.017869591712951660e-01
9.314992427825927734e-01
9.605442881584167480e-01
9.663793444633483887e-01
9.353839159011840820e-01
9.676425457000732422e-01
9.865781664848327637e-01
9.558028578758239746e-01
9.615715146064758301e-01
9.778287410736083984e-01
8.484662175178527832e-01
9.648288488388061523e-01
8.168699741363525391e-01
9.813767075538635254e-01
-9.899900000000000000e+04
-9.899900000000000000e+04
9.678431153297424316e-01
1.008374094963073730e+00
-9.899900000000000000e+04
9.452881813049316406e-01
9.529017806053161621e-01
1.004328966140747070e+00
9.778835773468017578e-01
9.830912351608276367e-01
9.722685813903808594e-01
-9.899900000000000000e+04
8.550980687141418457e-01
9.892129898071289062e-01
-9.899900000000000000e+04
