6.461329460144042969e-01
6.257067918777465820e-01
6.402796506881713867e-01
6.476886868476867676e-01
6.469347476959228516e-01
6.493827104568481445e-01
6.616687774658203125e-01
6.678663492202758789e-01
6.553733348846435547e-01
6.654602885246276855e-01
6.752379536628723145e-01
6.636283397674560547e-01
6.751718521118164062e-01
6.711479425430297852e-01
6.669101715087890625e-01
6.695431470870971680e-01
6.810971498489379883e-01
6.874428987503051758e-01
6.732423305511474609e-01
6.850000023841857910e-01
6.816808581352233887e-01
6.830385327339172363e-01
6.765956282615661621e-01
6.842138767242431641e-01
6.927614212036132812e-01
6.949139833450317383e-01
6.910071969032287598e-01
6.912456750869750977e-01
6.861440539360046387e-01
7.025297880172729492e-01
6.977740526199340820e-01
7.013561129570007324e-01
6.864610314369201660e-01
7.021601200103759766e-01
6.908600926399230957e-01
7.028777599334716797e-01
7.000192999839782715e-01
6.962286829948425293e-01
6.920684576034545898e-01
7.130557894706726074e-01
7.077451348304748535e-01
7.175849676132202148e-01
7.144544720649719238e-01
7.112287878990173340e-01
6.979699730873107910e-01
7.090433835983276367e-01
7.023662924766540527e-01
7.143869996070861816e-01
7.104238867759704590e-01
6.944677829742431641e-01
7.108923196792602539e-01
6.920401453971862793e-01
7.000987529754638672e-01
7.029613256454467773e-01
6.903194189071655273e-01
7.218694686889648438e-01
7.213881015777587891e-01
7.232270240783691406e-01
7.254304289817810059e-01
7.016634941101074219e-01
7.241101264953613281e-01
7.344092726707458496e-01
7.273353338241577148e-01
7.066076397895812988e-01
7.288505434989929199e-01
7.401248812675476074e-01
7.274933457374572754e-01
7.393056750297546387e-01
7.120558619499206543e-01
7.350078821182250977e-01
7.405576109886169434e-01
7.356824874877929688e-01
7.333369851112365723e-01
7.306440472602844238e-01
7.407836318016052246e-01
7.405948042869567871e-01
7.121435403823852539e-01
7.305091619491577148e-01
7.478445172309875488e-01
7.495691776275634766e-01
7.438279390335083008e-01
7.564988136291503906e-01
7.514625191688537598e-01
7.551643252372741699e-01
7.525347471237182617e-01
7.663955688476562500e-01
7.563291788101196289e-01
7.729035615921020508e-01
7.735648751258850098e-01
7.662031054496765137e-01
7.549532651901245117e-01
7.840305566787719727e-01
7.833158373832702637e-01
7.981632351875305176e-01
7.871673703193664551e-01
7.842673063278198242e-01
7.885237336158752441e-01
7.986842393875122070e-01
7.977131009101867676e-01
8.014253973960876465e-01
7.659887671470642090e-01
8.106965422630310059e-01
8.050293326377868652e-01
7.943951487541198730e-01
7.766095399856567383e-01
7.969217300415039062e-01
8.066487908363342285e-01
7.849118113517761230e-01
8.132762312889099121e-01
8.240218758583068848e-01
7.952948808670043945e-01
8.192956447601318359e-01
8.172104954719543457e-01
7.791337370872497559e-01
8.282526731491088867e-01
8.199647068977355957e-01
8.418664336204528809e-01
8.220176696777343750e-01
8.500272631645202637e-01
8.434699773788452148e-01
8.302373886108398438e-01
8.470153808593750000e-01
8.485499024391174316e-01
8.556472659111022949e-01
8.581210374832153320e-01
8.588466644287109375e-01
8.431996703147888184e-01
8.527248501777648926e-01
8.638646006584167480e-01
8.501976728439331055e-01
8.407941460609436035e-01
8.727853298187255859e-01
8.636127710342407227e-01
8.622187376022338867e-01
8.519521355628967285e-01
8.708353042602539062e-01
8.680043816566467285e-01
8.864209055900573730e-01
8.796248435974121094e-01
8.810029029846191406e-01
8.936906456947326660e-01
8.343198299407958984e-01
8.852863311767578125e-01
8.935046195983886719e-01
8.714815378189086914e-01
8.969171643257141113e-01
8.757917284965515137e-01
9.002009630203247070e-01
8.367713689804077148e-01
8.916488885879516602e-01
8.939009904861450195e-01
8.357143998146057129e-01
8.879452347755432129e-01
8.919137120246887207e-01
9.001030921936035156e-01
8.995518088340759277e-01
8.399728536605834961e-01
8.716763257980346680e-01
9.078890085220336914e-01
9.214593768119812012e-01
9.064194560050964355e-01
9.144405126571655273e-01
8.700286149978637695e-01
9.184265136718750000e-01
9.220718145370483398e-01
9.122697114944458008e-01
8.003888130187988281e-01
9.041680097579956055e-01
9.313926100730895996e-01
9.179503321647644043e-01
7.597793340682983398e-01
9.208276867866516113e-01
9.325021505355834961e-01
9.363214969635009766e-01
7.335915565490722656e-01
9.246380329132080078e-01
8.938855528831481934e-01
9.361605048179626465e-01
9.279831051826477051e-01
9.617141485214233398e-01
9.460247159004211426e-01
9.785208702087402344e-01
9.407653212547302246e-01
9.364584684371948242e-01
9.580065011978149414e-01
9.408951997756958008e-01
9.449660181999206543e-01
9.444969892501831055e-01
7.685716152191162109e-01
8.473805189132690430e-01
9.718702435493469238e-01
9.312967658042907715e-01
9.588676095008850098e-01
8.013011813163757324e-01
9.442360401153564453e-01
8.895994424819946289e-01
9.968617558479309082e-01
-9.899900000000000000e+04
9.670228362083435059e-01
-9.899900000000000000e+04
8.283935189247131348e-01
9.913542866706848145e-01
9.724475145339965820e-01
9.899257421493530273e-01
9.865317940711975098e-01
-9.899900000000000000e+04
-9.899900000000000000e+04
-9.899900000000000000e+04
