6.309524774551391602e-01
6.517849564552307129e-01
6.388311982154846191e-01
6.632860302925109863e-01
6.455930471420288086e-01
6.493827104568481445e-01
6.574916243553161621e-01
6.678663492202758789e-01
6.592803001403808594e-01
6.557765007019042969e-01
6.664795279502868652e-01
6.803489923477172852e-01
6.678974032402038574e-01
6.722197532653808594e-01
6.836334466934204102e-01
6.848675608634948730e-01
6.809154748916625977e-01
6.874428987503051758e-01
6.890469193458557129e-01
6.843210458755493164e-01
6.800538301467895508e-01
6.759751439094543457e-01
6.808900237083435059e-01
6.841276884078979492e-01
6.974107027053833008e-01
6.890242099761962891e-01
6.845847368240356445e-01
6.912456750869750977e-01
6.868521571159362793e-01
6.984550952911376953e-01
6.849125027656555176e-01
7.014163732528686523e-01
7.007609009742736816e-01
6.966037750244140625e-01
6.935407519340515137e-01
6.913436055183410645e-01
6.958599090576171875e-01
7.037948369979858398e-01
6.973503828048706055e-01
7.067362070083618164e-01
7.072585821151733398e-01
7.134009003639221191e-01
6.884401440620422363e-01
7.018250823020935059e-01
6.996770501136779785e-01
7.120475769042968750e-01
7.118931412696838379e-01
7.155066728591918945e-01
7.183657288551330566e-01
7.214461565017700195e-01
7.046442031860351562e-01
7.100825309753417969e-01
7.035037875175476074e-01
7.025620341300964355e-01
6.861356496810913086e-01
7.189350724220275879e-01
7.207099795341491699e-01
7.234092950820922852e-01
7.131187319755554199e-01
7.286003828048706055e-01
7.143605351448059082e-01
7.267723679542541504e-01
7.236469984054565430e-01
7.315938472747802734e-01
7.219366431236267090e-01
7.381295561790466309e-01
7.247825264930725098e-01
7.066888213157653809e-01
7.410730719566345215e-01
7.192959785461425781e-01
7.429402470588684082e-01
7.279670238494873047e-01
7.441485524177551270e-01
7.516458630561828613e-01
7.678436636924743652e-01
7.314990758895874023e-01
7.567738294601440430e-01
7.453506588935852051e-01
7.641858458518981934e-01
7.350777387619018555e-01
7.399208545684814453e-01
7.348739504814147949e-01
7.305660247802734375e-01
7.665981650352478027e-01
7.796497344970703125e-01
7.724204063415527344e-01
7.688186168670654297e-01
7.882300615310668945e-01
7.695114612579345703e-01
7.559427618980407715e-01
7.738752365112304688e-01
7.814115285873413086e-01
7.925798296928405762e-01
7.588797211647033691e-01
7.841395735740661621e-01
7.753436565399169922e-01
8.084571957588195801e-01
7.446272373199462891e-01
7.743321657180786133e-01
7.740310430526733398e-01
7.878187298774719238e-01
7.384732961654663086e-01
7.857465147972106934e-01
7.998782396316528320e-01
7.955830097198486328e-01
7.702375650405883789e-01
7.913382649421691895e-01
8.012977838516235352e-01
7.847788333892822266e-01
7.995111942291259766e-01
8.018254637718200684e-01
7.974466681480407715e-01
7.991656661033630371e-01
8.172821402549743652e-01
7.952760457992553711e-01
8.264937400817871094e-01
8.282549977302551270e-01
7.815483212471008301e-01
8.194963932037353516e-01
8.491978645324707031e-01
8.355829715728759766e-01
8.492106795310974121e-01
7.913086414337158203e-01
8.468389511108398438e-01
8.591759204864501953e-01
8.601633310317993164e-01
8.544977903366088867e-01
8.577294945716857910e-01
7.795348167419433594e-01
8.409597277641296387e-01
8.669979572296142578e-01
8.662550449371337891e-01
8.661809563636779785e-01
7.718243002891540527e-01
8.764864802360534668e-01
8.769543170928955078e-01
8.692517876625061035e-01
8.628790974617004395e-01
8.760731220245361328e-01
8.806060552597045898e-01
8.815792202949523926e-01
8.719070553779602051e-01
8.863645792007446289e-01
8.767166733741760254e-01
8.982470631599426270e-01
8.792909979820251465e-01
8.890462517738342285e-01
8.310660719871520996e-01
8.870990872383117676e-01
9.126130938529968262e-01
8.894980549812316895e-01
8.451690077781677246e-01
8.869931101799011230e-01
8.928239941596984863e-01
9.035217761993408203e-01
8.927805423736572266e-01
8.512739539146423340e-01
9.255452156066894531e-01
9.128953218460083008e-01
8.875384330749511719e-01
9.163361191749572754e-01
9.020110368728637695e-01
9.053452610969543457e-01
9.192039370536804199e-01
9.080229997634887695e-01
8.702047467231750488e-01
9.227996468544006348e-01
9.313122034072875977e-01
9.044487476348876953e-01
9.452862143516540527e-01
8.824930191040039062e-01
9.410197734832763672e-01
9.308586120605468750e-01
9.406408071517944336e-01
8.861833810806274414e-01
9.262886047363281250e-01
8.147408366203308105e-01
9.513540267944335938e-01
7.872080206871032715e-01
9.256630539894104004e-01
9.257349371910095215e-01
8.960624337196350098e-01
9.402417540550231934e-01
9.440993666648864746e-01
9.117847084999084473e-01
8.282201886177062988e-01
9.493125677108764648e-01
9.724071025848388672e-01
9.750168323516845703e-01
9.527407288551330566e-01
9.288845658302307129e-01
9.607898592948913574e-01
8.578562140464782715e-01
9.719684720039367676e-01
9.839690327644348145e-01
9.233695864677429199e-01
9.697628617286682129e-01
9.698661565780639648e-01
9.724906086921691895e-01
9.644042849540710449e-01
-9.899900000000000000e+04
7.597073316574096680e-01
9.816465973854064941e-01
9.447800517082214355e-01
9.984932541847229004e-01
8.964697122573852539e-01
9.712914824485778809e-01
-9.899900000000000000e+04
-9.899900000000000000e+04
-9.899900000000000000e+04
9.803872108459472656e-01
-9.899900000000000000e+04
-9.899900000000000000e+04
-9.899900000000000000e+04
-9.899900000000000000e+04
-9.899900000000000000e+04
-9.899900000000000000e+04
-9.899900000000000000e+04
-9.899900000000000000e+04
-9.899900000000000000e+04
-9.899900000000000000e+04
-9.899900000000000000e+04
-9.899900000000000000e+04
-9.899900000000000000e+04
-9.899900000000000000e+04
9.856802821159362793e-01
-9.899900000000000000e+04
-9.899900000000000000e+04
-9.899900000000000000e+04
-9.899900000000000000e+04
