6.309524774551391602e-01
6.358127593994140625e-01
6.412144899368286133e-01
6.632860302925109863e-01
6.617763042449951172e-01
6.472339630126953125e-01
6.616687774658203125e-01
6.678663492202758789e-01
6.592803001403808594e-01
6.655529737472534180e-01
6.616163849830627441e-01
6.596245169639587402e-01
6.817724108695983887e-01
6.659889221191406250e-01
6.813262104988098145e-01
6.814933419227600098e-01
6.745044589042663574e-01
6.695758104324340820e-01
6.763575077056884766e-01
6.927700638771057129e-01
6.899451017379760742e-01
6.802825331687927246e-01
6.630870699882507324e-01
6.926614642143249512e-01
6.925622820854187012e-01
6.991040706634521484e-01
6.885792613029479980e-01
6.996856331825256348e-01
6.846235394477844238e-01
7.023329734802246094e-01
6.839743852615356445e-01
6.959274411201477051e-01
7.017874121665954590e-01
6.912381052970886230e-01
6.977488994598388672e-01
7.030688524246215820e-01
7.043032646179199219e-01
7.035740017890930176e-01
7.119737863540649414e-01
7.085204720497131348e-01
7.080104947090148926e-01
6.938276290893554688e-01
7.060641646385192871e-01
7.090241312980651855e-01
7.101102471351623535e-01
7.059715986251831055e-01
7.120575308799743652e-01
7.082886099815368652e-01
7.207893133163452148e-01
7.224618196487426758e-01
7.138780355453491211e-01
7.066446542739868164e-01
7.011163830757141113e-01
7.027320265769958496e-01
7.204542160034179688e-01
7.216826677322387695e-01
7.202596068382263184e-01
7.223739624023437500e-01
7.094767093658447266e-01
7.280639410018920898e-01
7.138007283210754395e-01
7.194519042968750000e-01
7.273889183998107910e-01
7.212911844253540039e-01
7.107599377632141113e-01
7.236276268959045410e-01
7.360597252845764160e-01
7.393806576728820801e-01
7.246544361114501953e-01
7.259136438369750977e-01
7.132824063301086426e-01
7.357519865036010742e-01
7.156559824943542480e-01
7.380991578102111816e-01
7.462072372436523438e-01
7.505872845649719238e-01
7.510139942169189453e-01
7.442527413368225098e-01
7.401213049888610840e-01
7.465344667434692383e-01
7.722137570381164551e-01
7.794756889343261719e-01
7.602472901344299316e-01
7.534942030906677246e-01
7.742562294006347656e-01
7.617059350013732910e-01
7.699506282806396484e-01
7.788507938385009766e-01
7.713726162910461426e-01
7.814948558807373047e-01
7.628685235977172852e-01
7.716654539108276367e-01
7.622516751289367676e-01
7.916860580444335938e-01
7.839726209640502930e-01
7.988119125366210938e-01
7.744139432907104492e-01
7.908965349197387695e-01
7.651376724243164062e-01
7.853970527648925781e-01
7.926336526870727539e-01
8.045470118522644043e-01
7.787901163101196289e-01
7.777958512306213379e-01
7.961315512657165527e-01
8.043493032455444336e-01
8.071331381797790527e-01
7.884983420372009277e-01
7.974209189414978027e-01
8.088970184326171875e-01
7.971265912055969238e-01
8.222908973693847656e-01
8.213554024696350098e-01
8.218919634819030762e-01
8.204913735389709473e-01
8.182508945465087891e-01
8.277274370193481445e-01
8.411903977394104004e-01
8.417307138442993164e-01
8.471288681030273438e-01
8.338161110877990723e-01
8.469142913818359375e-01
8.496609926223754883e-01
8.485206961631774902e-01
8.496211171150207520e-01
8.609223961830139160e-01
8.556298017501831055e-01
8.524686694145202637e-01
8.487192988395690918e-01
8.231894969940185547e-01
8.558555841445922852e-01
8.554410934448242188e-01
8.701307773590087891e-01
8.402717709541320801e-01
8.853440284729003906e-01
8.708913326263427734e-01
8.963690996170043945e-01
8.414101004600524902e-01
8.445564508438110352e-01
8.625745177268981934e-01
8.490688204765319824e-01
8.331837654113769531e-01
8.724995255470275879e-01
8.944846391677856445e-01
8.723536133766174316e-01
8.968199491500854492e-01
8.983209729194641113e-01
8.907527923583984375e-01
8.940577507019042969e-01
8.813785910606384277e-01
8.972271084785461426e-01
8.777285218238830566e-01
8.825130462646484375e-01
8.910380601882934570e-01
9.005629420280456543e-01
9.301356077194213867e-01
9.128688573837280273e-01
9.016695618629455566e-01
9.272822141647338867e-01
8.943375945091247559e-01
8.765727877616882324e-01
8.779324293136596680e-01
8.302913904190063477e-01
9.030597209930419922e-01
8.318774700164794922e-01
9.218573570251464844e-01
8.266339302062988281e-01
9.099605083465576172e-01
9.327790141105651855e-01
9.060752987861633301e-01
7.723687291145324707e-01
7.908071875572204590e-01
7.776069045066833496e-01
9.343144893646240234e-01
9.280516505241394043e-01
8.996491432189941406e-01
9.350569248199462891e-01
9.276483654975891113e-01
9.526918530464172363e-01
9.621664881706237793e-01
9.005485773086547852e-01
9.394906163215637207e-01
9.534136056900024414e-01
8.801954984664916992e-01
9.264671802520751953e-01
9.663317203521728516e-01
9.512906670570373535e-01
9.881954789161682129e-01
9.714590907096862793e-01
9.569560885429382324e-01
9.230764508247375488e-01
8.071780204772949219e-01
9.832968711853027344e-01
9.849086999893188477e-01
9.813112020492553711e-01
9.859843254089355469e-01
-9.899900000000000000e+04
9.746770858764648438e-01
8.353549838066101074e-01
8.399632573127746582e-01
9.584581851959228516e-01
9.947277903556823730e-01
8.924650549888610840e-01
8.569362759590148926e-01
9.616299271583557129e-01
9.973739385604858398e-01
9.853158593177795410e-01
-9.899900000000000000e+04
9.175353646278381348e-01
9.786026477813720703e-01
9.777987599372863770e-01
-9.899900000000000000e+04
-9.899900000000000000e+04
-9.899900000000000000e+04
8.354376554489135742e-01
-9.899900000000000000e+04
-9.899900000000000000e+04
-9.899900000000000000e+04
-9.899900000000000000e+04
