6.309524774551391602e-01
6.517849564552307129e-01
6.406359076499938965e-01
6.595162153244018555e-01
6.469347476959228516e-01
6.676552295684814453e-01
6.616687774658203125e-01
6.599628925323486328e-01
6.734914183616638184e-01
6.806339025497436523e-01
6.752379536628723145e-01
6.803489923477172852e-01
6.802445650100708008e-01
6.785833835601806641e-01
6.695140600204467773e-01
6.787751913070678711e-01
6.825008392333984375e-01
6.643540859222412109e-01
6.890469193458557129e-01
6.843210458755493164e-01
6.811931729316711426e-01
6.750268340110778809e-01
6.752519607543945312e-01
6.919773221015930176e-01
6.974132061004638672e-01
7.015670537948608398e-01
7.001698017120361328e-01
6.929986476898193359e-01
6.896805763244628906e-01
6.901693344116210938e-01
6.826096773147583008e-01
7.020954489707946777e-01
6.974868178367614746e-01
6.883656978607177734e-01
6.992788314819335938e-01
6.957734823226928711e-01
6.958599090576171875e-01
6.988803148269653320e-01
7.061207890510559082e-01
7.043473124504089355e-01
7.152762413024902344e-01
7.061650753021240234e-01
7.002260684967041016e-01
7.022345066070556641e-01
7.011712789535522461e-01
7.189002633094787598e-01
7.065337896347045898e-01
7.129699587821960449e-01
7.119414806365966797e-01
6.944779753684997559e-01
7.017694115638732910e-01
7.102135419845581055e-01
7.127768397331237793e-01
7.141640782356262207e-01
7.198302149772644043e-01
7.207425236701965332e-01
7.199892401695251465e-01
7.283083796501159668e-01
7.150734663009643555e-01
7.328390479087829590e-01
7.304124236106872559e-01
7.159895300865173340e-01
7.178511023521423340e-01
7.288601398468017578e-01
7.317571043968200684e-01
7.235068082809448242e-01
7.358273863792419434e-01
7.364096045494079590e-01
7.236312627792358398e-01
7.432543039321899414e-01
7.389567494392395020e-01
7.344491481781005859e-01
7.470684647560119629e-01
7.398322820663452148e-01
7.523742318153381348e-01
7.549016475677490234e-01
7.211801409721374512e-01
7.522497177124023438e-01
7.523317337036132812e-01
7.467563748359680176e-01
7.396473884582519531e-01
7.571150660514831543e-01
7.477738857269287109e-01
7.468037009239196777e-01
7.334937453269958496e-01
7.773409485816955566e-01
7.756209969520568848e-01
7.830560207366943359e-01
7.869905829429626465e-01
7.415870428085327148e-01
7.874298095703125000e-01
7.862968444824218750e-01
7.654424905776977539e-01
7.914547920227050781e-01
7.931399345397949219e-01
7.860562205314636230e-01
7.555014491081237793e-01
8.079908490180969238e-01
8.007523417472839355e-01
7.978455424308776855e-01
7.611253261566162109e-01
7.828181385993957520e-01
7.915367484092712402e-01
8.069493174552917480e-01
8.033813834190368652e-01
8.079992532730102539e-01
8.098456263542175293e-01
7.963118553161621094e-01
7.947278618812561035e-01
7.960593104362487793e-01
8.010528683662414551e-01
8.359510302543640137e-01
8.038672208786010742e-01
8.193219304084777832e-01
8.140811324119567871e-01
8.060059547424316406e-01
8.191490769386291504e-01
8.201378583908081055e-01
8.275008201599121094e-01
8.461873531341552734e-01
8.448841571807861328e-01
8.305061459541320801e-01
8.512559533119201660e-01
8.384891152381896973e-01
8.296269774436950684e-01
8.443213105201721191e-01
8.417278528213500977e-01
8.604645133018493652e-01
8.641077280044555664e-01
8.543224334716796875e-01
8.723970651626586914e-01
8.518357872962951660e-01
8.704987764358520508e-01
8.684632778167724609e-01
8.559233546257019043e-01
8.728315830230712891e-01
8.628789186477661133e-01
8.720704913139343262e-01
8.444434404373168945e-01
8.705369234085083008e-01
8.529710173606872559e-01
8.907525539398193359e-01
9.002753496170043945e-01
8.783195614814758301e-01
8.863259553909301758e-01
8.823533058166503906e-01
8.788425922393798828e-01
8.659507036209106445e-01
8.823217749595642090e-01
9.010370373725891113e-01
8.917717933654785156e-01
8.691221475601196289e-01
8.920825123786926270e-01
9.093260765075683594e-01
8.811002969741821289e-01
8.803074359893798828e-01
8.933738470077514648e-01
8.839964866638183594e-01
9.101545810699462891e-01
9.064632654190063477e-01
8.774110674858093262e-01
9.253188967704772949e-01
8.910043835639953613e-01
9.021066427230834961e-01
8.235220313072204590e-01
8.967912793159484863e-01
9.297066330909729004e-01
9.319396018981933594e-01
9.217150211334228516e-01
7.646641135215759277e-01
9.280902743339538574e-01
9.195188879966735840e-01
8.264132738113403320e-01
8.078777790069580078e-01
7.719805836677551270e-01
8.731382489204406738e-01
9.359281063079833984e-01
9.254019260406494141e-01
8.909895420074462891e-01
9.339218139648437500e-01
9.347699284553527832e-01
9.450758099555969238e-01
7.346971631050109863e-01
9.564036130905151367e-01
9.697335362434387207e-01
9.143301248550415039e-01
9.507154226303100586e-01
9.631204605102539062e-01
9.579699039459228516e-01
9.686316251754760742e-01
9.283010959625244141e-01
9.390283823013305664e-01
9.105675220489501953e-01
8.943459987640380859e-01
9.720450639724731445e-01
9.460880160331726074e-01
9.768118858337402344e-01
8.445692658424377441e-01
9.727904200553894043e-01
9.745599031448364258e-01
-9.899900000000000000e+04
9.480952620506286621e-01
9.687861204147338867e-01
-9.899900000000000000e+04
-9.899900000000000000e+04
1.003669619560241699e+00
9.713531136512756348e-01
-9.899900000000000000e+04
9.505655765533447266e-01
9.972469806671142578e-01
-9.899900000000000000e+04
9.701454639434814453e-01
9.704598188400268555e-01
8.456784486770629883e-01
9.577853083610534668e-01
9.503569006919860840e-01
-9.899900000000000000e+04
9.741478562355041504e-01
8.459262251853942871e-01
