6.461329460144042969e-01
6.358127593994140625e-01
6.402796506881713867e-01
6.595162153244018555e-01
6.467798352241516113e-01
6.468650102615356445e-01
6.579081416130065918e-01
6.766836643218994141e-01
6.734914183616638184e-01
6.793448328971862793e-01
6.752379536628723145e-01
6.803489923477172852e-01
6.751718521118164062e-01
6.722197532653808594e-01
6.669101715087890625e-01
6.848210692405700684e-01
6.809154748916625977e-01
6.880912780761718750e-01
6.690734028816223145e-01
6.816264390945434570e-01
6.771090030670166016e-01
6.750268340110778809e-01
6.753197908401489258e-01
6.934555768966674805e-01
7.035616636276245117e-01
7.007247209548950195e-01
6.938259005546569824e-01
6.934535503387451172e-01
6.745726466178894043e-01
6.901693344116210938e-01
7.002306580543518066e-01
6.999827027320861816e-01
6.982597112655639648e-01
6.997878551483154297e-01
6.918588876724243164e-01
6.936855912208557129e-01
6.958599090576171875e-01
6.950572729110717773e-01
7.084416747093200684e-01
7.160422801971435547e-01
6.901415586471557617e-01
6.980413198471069336e-01
7.091320157051086426e-01
7.011151909828186035e-01
7.019050717353820801e-01
7.083047032356262207e-01
7.011870145797729492e-01
7.186060547828674316e-01
7.173665165901184082e-01
7.077714204788208008e-01
7.158110737800598145e-01
7.204904556274414062e-01
7.215373516082763672e-01
7.160156965255737305e-01
7.166028618812561035e-01
7.240269780158996582e-01
7.227707505226135254e-01
7.096960544586181641e-01
7.224427461624145508e-01
7.161833047866821289e-01
7.106357216835021973e-01
7.153707742691040039e-01
7.282460927963256836e-01
7.316011786460876465e-01
7.191767096519470215e-01
7.249647974967956543e-01
7.085414528846740723e-01
7.319881916046142578e-01
7.427607178688049316e-01
7.403249144554138184e-01
7.067817449569702148e-01
7.152268886566162109e-01
7.567712068557739258e-01
7.455038428306579590e-01
7.642059326171875000e-01
7.466822862625122070e-01
7.257707118988037109e-01
7.571830153465270996e-01
7.140492796897888184e-01
7.289823293685913086e-01
7.303528189659118652e-01
7.356333732604980469e-01
7.541222572326660156e-01
7.756608724594116211e-01
7.654463648796081543e-01
7.857583165168762207e-01
7.564035654067993164e-01
7.863126397132873535e-01
7.680341005325317383e-01
7.802489995956420898e-01
7.835377454757690430e-01
7.875749468803405762e-01
7.740792632102966309e-01
7.841444611549377441e-01
7.818912267684936523e-01
7.701774835586547852e-01
7.894003391265869141e-01
7.989817857742309570e-01
7.874023914337158203e-01
7.886909842491149902e-01
7.895047068595886230e-01
7.805392742156982422e-01
8.020669817924499512e-01
8.061278462409973145e-01
8.080700039863586426e-01
7.942437529563903809e-01
8.076389431953430176e-01
8.185278177261352539e-01
8.108872175216674805e-01
7.994878292083740234e-01
8.101416230201721191e-01
8.192715048789978027e-01
8.331849575042724609e-01
7.705571055412292480e-01
8.303353786468505859e-01
8.131536841392517090e-01
7.974440455436706543e-01
8.138044476509094238e-01
8.400712013244628906e-01
8.294540643692016602e-01
8.642279505729675293e-01
8.468596339225769043e-01
8.505740165710449219e-01
8.552362322807312012e-01
8.641316890716552734e-01
8.309156894683837891e-01
8.554140925407409668e-01
8.582186698913574219e-01
8.489739894866943359e-01
8.560194969177246094e-01
8.552216887474060059e-01
8.672069907188415527e-01
8.649030327796936035e-01
8.714084625244140625e-01
8.669813871383666992e-01
8.808028697967529297e-01
8.747506141662597656e-01
8.565515279769897461e-01
8.766927123069763184e-01
8.837298750877380371e-01
8.861923217773437500e-01
8.853485584259033203e-01
8.831384181976318359e-01
8.858154416084289551e-01
8.902443647384643555e-01
8.802693486213684082e-01
9.066338539123535156e-01
8.943070173263549805e-01
8.729066848754882812e-01
9.006716609001159668e-01
8.829686045646667480e-01
8.679094910621643066e-01
8.818268775939941406e-01
9.088750481605529785e-01
9.017072916030883789e-01
8.930843472480773926e-01
9.164510369300842285e-01
9.019500613212585449e-01
9.141749739646911621e-01
8.971151113510131836e-01
9.279266595840454102e-01
9.064227342605590820e-01
9.175235629081726074e-01
9.151993393898010254e-01
9.186100363731384277e-01
9.282755851745605469e-01
9.246561527252197266e-01
9.106438755989074707e-01
9.012183547019958496e-01
9.261710643768310547e-01
9.222934246063232422e-01
9.085244536399841309e-01
9.422582387924194336e-01
9.352439641952514648e-01
8.242129087448120117e-01
9.345020055770874023e-01
9.229747653007507324e-01
8.369046449661254883e-01
9.246306419372558594e-01
9.448718428611755371e-01
9.543909430503845215e-01
9.172239899635314941e-01
8.226081132888793945e-01
8.885850310325622559e-01
9.584016203880310059e-01
9.517985582351684570e-01
9.659621715545654297e-01
9.682659506797790527e-01
9.677951335906982422e-01
9.192299246788024902e-01
9.435366988182067871e-01
9.434764981269836426e-01
9.748339056968688965e-01
9.775428771972656250e-01
9.621968865394592285e-01
9.824619293212890625e-01
9.921362400054931641e-01
9.704378843307495117e-01
9.680391550064086914e-01
-9.899900000000000000e+04
9.469323158264160156e-01
9.810588359832763672e-01
9.772584438323974609e-01
8.468791842460632324e-01
-9.899900000000000000e+04
-9.899900000000000000e+04
-9.899900000000000000e+04
-9.899900000000000000e+04
8.704877495765686035e-01
8.847996592521667480e-01
-9.899900000000000000e+04
-9.899900000000000000e+04
-9.899900000000000000e+04
-9.899900000000000000e+04
-9.899900000000000000e+04
9.555246233940124512e-01
-9.899900000000000000e+04
9.483187794685363770e-01
-9.899900000000000000e+04
9.808540344238281250e-01
-9.899900000000000000e+04
