6.291534900665283203e-01
6.245424747467041016e-01
6.402796506881713867e-01
6.606395840644836426e-01
6.476992368698120117e-01
6.521380543708801270e-01
6.616687774658203125e-01
6.684435606002807617e-01
6.746804118156433105e-01
6.793448328971862793e-01
6.752379536628723145e-01
6.596245169639587402e-01
6.678974032402038574e-01
6.564386487007141113e-01
6.811007857322692871e-01
6.848210692405700684e-01
6.809154748916625977e-01
6.624777913093566895e-01
6.732423305511474609e-01
6.807863116264343262e-01
6.754863858222961426e-01
6.801605224609375000e-01
6.749833226203918457e-01
6.820927262306213379e-01
7.024981975555419922e-01
6.925680041313171387e-01
6.916337013244628906e-01
6.961283683776855469e-01
6.857199668884277344e-01
7.076159119606018066e-01
6.940954327583312988e-01
6.891896724700927734e-01
6.974868178367614746e-01
6.904428005218505859e-01
6.898364424705505371e-01
6.926329731941223145e-01
6.960754394531250000e-01
6.850750446319580078e-01
7.063710689544677734e-01
7.063380479812622070e-01
7.071599960327148438e-01
7.110769152641296387e-01
7.048807144165039062e-01
6.932723522186279297e-01
6.977467536926269531e-01
7.154024839401245117e-01
7.172484993934631348e-01
7.116704583168029785e-01
6.973180770874023438e-01
7.143617868423461914e-01
7.100160717964172363e-01
7.251867055892944336e-01
7.124364972114562988e-01
7.165551781654357910e-01
7.259393930435180664e-01
7.094262242317199707e-01
7.075608372688293457e-01
7.106973528861999512e-01
7.262610793113708496e-01
7.146194577217102051e-01
7.089961767196655273e-01
7.255738973617553711e-01
7.060750126838684082e-01
7.195222377777099609e-01
7.317267060279846191e-01
7.258849740028381348e-01
7.225534915924072266e-01
7.400351166725158691e-01
7.338864803314208984e-01
7.412692308425903320e-01
7.403526902198791504e-01
7.422037124633789062e-01
7.285671830177307129e-01
7.498989105224609375e-01
7.302757501602172852e-01
7.628645300865173340e-01
7.668451666831970215e-01
7.472725510597229004e-01
7.685026526451110840e-01
7.572895288467407227e-01
7.363767027854919434e-01
7.359879612922668457e-01
7.496715188026428223e-01
7.740255594253540039e-01
7.810259461402893066e-01
7.230857014656066895e-01
7.883087992668151855e-01
7.770743966102600098e-01
7.869036793708801270e-01
7.556204199790954590e-01
7.725949883460998535e-01
7.725151181221008301e-01
7.758218646049499512e-01
7.858183979988098145e-01
7.583595514297485352e-01
7.931418418884277344e-01
7.843820452690124512e-01
7.889205813407897949e-01
7.590959072113037109e-01
7.873898744583129883e-01
7.803773880004882812e-01
8.039749860763549805e-01
7.947055697441101074e-01
7.797576189041137695e-01
8.096226453781127930e-01
7.946246862411499023e-01
8.082588315010070801e-01
8.127029538154602051e-01
7.971171736717224121e-01
8.141776919364929199e-01
8.068801164627075195e-01
8.082386255264282227e-01
8.094145059585571289e-01
7.707406878471374512e-01
7.911362648010253906e-01
7.874607443809509277e-01
8.296609520912170410e-01
8.189331889152526855e-01
8.153360486030578613e-01
8.497618436813354492e-01
8.298583626747131348e-01
8.289957642555236816e-01
7.829064726829528809e-01
8.634523749351501465e-01
8.352822661399841309e-01
8.504811525344848633e-01
8.663530945777893066e-01
8.595995903015136719e-01
8.552743792533874512e-01
8.476476073265075684e-01
8.595507740974426270e-01
8.628363013267517090e-01
8.572574853897094727e-01
8.696666359901428223e-01
8.696115612983703613e-01
8.781549334526062012e-01
8.687024116516113281e-01
8.828275799751281738e-01
8.507849574089050293e-01
8.727651834487915039e-01
8.672603368759155273e-01
8.931970596313476562e-01
8.641307950019836426e-01
8.903886079788208008e-01
8.533109426498413086e-01
8.878564238548278809e-01
9.040718078613281250e-01
9.052848219871520996e-01
8.800711035728454590e-01
8.930013775825500488e-01
8.898113965988159180e-01
9.160083532333374023e-01
8.882941603660583496e-01
8.848850727081298828e-01
8.916789889335632324e-01
8.997270464897155762e-01
8.995926976203918457e-01
8.528945446014404297e-01
9.191430211067199707e-01
8.826547861099243164e-01
9.253915548324584961e-01
8.884572982788085938e-01
9.076339006423950195e-01
8.627517819404602051e-01
9.025975465774536133e-01
8.869270682334899902e-01
8.955731987953186035e-01
9.162606596946716309e-01
9.549351334571838379e-01
9.131705164909362793e-01
9.465616941452026367e-01
9.138314127922058105e-01
9.387230873107910156e-01
9.407578110694885254e-01
9.042724967002868652e-01
9.082217216491699219e-01
9.498780369758605957e-01
8.872134685516357422e-01
9.240896105766296387e-01
8.282474875450134277e-01
9.730899930000305176e-01
8.840268850326538086e-01
9.464240670204162598e-01
9.333276152610778809e-01
9.353448152542114258e-01
9.522318840026855469e-01
9.614108800888061523e-01
9.685463309288024902e-01
9.698223471641540527e-01
9.306344389915466309e-01
9.824021458625793457e-01
9.411230683326721191e-01
9.496952295303344727e-01
9.424479007720947266e-01
8.856927156448364258e-01
9.743073582649230957e-01
8.693330883979797363e-01
-9.899900000000000000e+04
9.472728967666625977e-01
9.862180948257446289e-01
9.770786762237548828e-01
9.776497483253479004e-01
9.030632376670837402e-01
9.853923320770263672e-01
-9.899900000000000000e+04
9.909254908561706543e-01
9.573273658752441406e-01
-9.899900000000000000e+04
9.929808974266052246e-01
9.927695393562316895e-01
-9.899900000000000000e+04
-9.899900000000000000e+04
-9.899900000000000000e+04
8.897850513458251953e-01
-9.899900000000000000e+04
9.550338387489318848e-01
-9.899900000000000000e+04
-9.899900000000000000e+04
9.679996371269226074e-01
-9.899900000000000000e+04
8.810358047485351562e-01
-9.899900000000000000e+04
-9.899900000000000000e+04
-9.899900000000000000e+04
-9.899900000000000000e+04
