6.225892305374145508e-01
6.358127593994140625e-01
6.388311982154846191e-01
6.651226878166198730e-01
6.661324501037597656e-01
6.645812392234802246e-01
6.616687774658203125e-01
6.678663492202758789e-01
6.592803001403808594e-01
6.624363064765930176e-01
6.664795279502868652e-01
6.592122912406921387e-01
6.678974032402038574e-01
6.533682942390441895e-01
6.675803661346435547e-01
6.849688887596130371e-01
6.825699806213378906e-01
6.710654497146606445e-01
6.773480176925659180e-01
6.806299686431884766e-01
6.768352389335632324e-01
6.819897294044494629e-01
6.518429517745971680e-01
6.934555768966674805e-01
6.975194811820983887e-01
6.875573396682739258e-01
6.901057362556457520e-01
6.890015006065368652e-01
6.973335742950439453e-01
6.913889050483703613e-01
6.870552301406860352e-01
6.827242970466613770e-01
7.022375464439392090e-01
6.892899870872497559e-01
7.019448876380920410e-01
7.051966190338134766e-01
6.960754394531250000e-01
6.978337168693542480e-01
7.084416747093200684e-01
7.186087369918823242e-01
7.080268859863281250e-01
7.128726243972778320e-01
7.142788767814636230e-01
6.930723190307617188e-01
6.973873972892761230e-01
7.088963389396667480e-01
7.094507217407226562e-01
7.014712691307067871e-01
7.084271907806396484e-01
7.034320831298828125e-01
7.005947828292846680e-01
7.085970640182495117e-01
6.943241357803344727e-01
7.010578513145446777e-01
7.190960645675659180e-01
7.178218364715576172e-01
7.223427891731262207e-01
7.238344550132751465e-01
6.991273164749145508e-01
7.324203252792358398e-01
7.290333509445190430e-01
7.216154932975769043e-01
6.906235814094543457e-01
7.275657057762145996e-01
7.247843742370605469e-01
7.407777309417724609e-01
7.365933656692504883e-01
7.378168106079101562e-01
7.390300631523132324e-01
7.427931427955627441e-01
7.350115776062011719e-01
7.299193143844604492e-01
7.250860929489135742e-01
7.336601614952087402e-01
7.485915422439575195e-01
7.395341992378234863e-01
7.576403617858886719e-01
7.529694437980651855e-01
7.308074235916137695e-01
7.658885717391967773e-01
7.313470840454101562e-01
7.437638044357299805e-01
7.305168509483337402e-01
7.502685785293579102e-01
7.570322155952453613e-01
7.369486689567565918e-01
7.721636295318603516e-01
7.763538956642150879e-01
7.558550238609313965e-01
7.767660021781921387e-01
7.764045000076293945e-01
7.855072617530822754e-01
7.843728065490722656e-01
7.834672331809997559e-01
7.881776094436645508e-01
7.892335057258605957e-01
7.925207018852233887e-01
8.045623898506164551e-01
7.834244370460510254e-01
7.874570488929748535e-01
8.021106123924255371e-01
7.977467179298400879e-01
7.978248000144958496e-01
7.961730957031250000e-01
7.971107959747314453e-01
7.722433209419250488e-01
7.825541496276855469e-01
8.139901757240295410e-01
8.129787445068359375e-01
8.222633004188537598e-01
8.008478879928588867e-01
8.173207640647888184e-01
8.034579157829284668e-01
8.033785223960876465e-01
8.250792026519775391e-01
8.173629641532897949e-01
8.362189531326293945e-01
8.272916674613952637e-01
8.427560925483703613e-01
8.095462322235107422e-01
8.547494411468505859e-01
8.300230503082275391e-01
8.396821618080139160e-01
8.430025577545166016e-01
8.555938601493835449e-01
8.602800369262695312e-01
8.561059236526489258e-01
8.462274074554443359e-01
8.654768466949462891e-01
8.535466790199279785e-01
8.591002225875854492e-01
8.844960927963256836e-01
8.703028559684753418e-01
8.631489276885986328e-01
8.756113052368164062e-01
8.660833239555358887e-01
8.304829001426696777e-01
8.847579956054687500e-01
8.855016231536865234e-01
8.906208276748657227e-01
8.813295960426330566e-01
7.965291142463684082e-01
8.908029794692993164e-01
9.002873301506042480e-01
8.811507821083068848e-01
8.835674524307250977e-01
9.064182043075561523e-01
8.935832977294921875e-01
8.882150650024414062e-01
8.971036672592163086e-01
8.874997496604919434e-01
9.020947217941284180e-01
8.999524712562561035e-01
8.785058259963989258e-01
8.964121341705322266e-01
8.929522633552551270e-01
9.063201546669006348e-01
9.127942919731140137e-01
9.072942137718200684e-01
8.899562358856201172e-01
9.016533493995666504e-01
9.217397570610046387e-01
9.299084544181823730e-01
9.083396792411804199e-01
9.184237718582153320e-01
9.210774302482604980e-01
9.163312315940856934e-01
8.941083550453186035e-01
9.224123358726501465e-01
9.451372027397155762e-01
9.269540905952453613e-01
9.412598013877868652e-01
8.123463392257690430e-01
8.457391858100891113e-01
9.390043616294860840e-01
9.475633502006530762e-01
9.305132031440734863e-01
9.358423948287963867e-01
9.277712702751159668e-01
8.074172735214233398e-01
9.440882802009582520e-01
9.348499178886413574e-01
9.276552200317382812e-01
9.302874207496643066e-01
9.744228720664978027e-01
8.238290548324584961e-01
9.414257407188415527e-01
8.961764574050903320e-01
9.783674478530883789e-01
9.873945116996765137e-01
9.000775814056396484e-01
9.825943708419799805e-01
-9.899900000000000000e+04
9.088038802146911621e-01
9.714500308036804199e-01
9.606968760490417480e-01
9.381597042083740234e-01
9.668369293212890625e-01
9.593902826309204102e-01
9.769999980926513672e-01
9.159103035926818848e-01
9.831553101539611816e-01
9.561650753021240234e-01
-9.899900000000000000e+04
