6.291534900665283203e-01
6.517849564552307129e-01
6.406359076499938965e-01
6.632860302925109863e-01
6.617763042449951172e-01
6.676552295684814453e-01
6.616687774658203125e-01
6.678663492202758789e-01
6.748499274253845215e-01
6.654602885246276855e-01
6.783224940299987793e-01
6.596245169639587402e-01
6.817724108695983887e-01
6.772983670234680176e-01
6.753059625625610352e-01
6.848675608634948730e-01
6.755884289741516113e-01
6.710654497146606445e-01
6.659983396530151367e-01
6.855593919754028320e-01
6.768352389335632324e-01
6.847827434539794922e-01
6.810171008110046387e-01
6.923526525497436523e-01
6.966059207916259766e-01
6.682418584823608398e-01
6.903109550476074219e-01
6.989399194717407227e-01
6.993322968482971191e-01
6.904824376106262207e-01
7.041864991188049316e-01
6.950945854187011719e-01
6.915193796157836914e-01
6.886573433876037598e-01
6.916729211807250977e-01
6.957291364669799805e-01
7.006672024726867676e-01
6.985812187194824219e-01
7.084416747093200684e-01
7.164435386657714844e-01
7.095009684562683105e-01
6.998206973075866699e-01
7.037900090217590332e-01
7.026267647743225098e-01
7.020356059074401855e-01
7.024098634719848633e-01
7.078362703323364258e-01
7.117673158645629883e-01
7.066037654876708984e-01
6.956952810287475586e-01
7.210754156112670898e-01
7.215190529823303223e-01
7.237265706062316895e-01
7.046256065368652344e-01
7.154454588890075684e-01
7.220401167869567871e-01
7.212073206901550293e-01
6.864679455757141113e-01
7.092477083206176758e-01
7.288936376571655273e-01
7.215366959571838379e-01
7.269712686538696289e-01
7.187011837959289551e-01
7.186450362205505371e-01
7.343597412109375000e-01
7.126593589782714844e-01
7.252073884010314941e-01
7.251653671264648438e-01
7.021473050117492676e-01
7.381497621536254883e-01
7.228958606719970703e-01
7.326359152793884277e-01
7.280597686767578125e-01
7.342388629913330078e-01
7.516601085662841797e-01
7.393492460250854492e-01
7.518898844718933105e-01
7.635992765426635742e-01
7.233081459999084473e-01
7.366356253623962402e-01
7.468913793563842773e-01
7.534737586975097656e-01
7.591079473495483398e-01
7.650350332260131836e-01
7.780224084854125977e-01
7.337959408760070801e-01
7.871647477149963379e-01
7.781861424446105957e-01
7.714239358901977539e-01
7.797224521636962891e-01
7.867416143417358398e-01
7.955283522605895996e-01
7.679029703140258789e-01
7.811662554740905762e-01
7.935812473297119141e-01
7.698714733123779297e-01
7.955883741378784180e-01
8.089542388916015625e-01
7.721289992332458496e-01
7.875121235847473145e-01
7.912493348121643066e-01
7.871297001838684082e-01
7.977939248085021973e-01
7.937263846397399902e-01
7.967485189437866211e-01
7.795324921607971191e-01
8.111832737922668457e-01
8.111804127693176270e-01
8.049247860908508301e-01
8.142043948173522949e-01
7.993996739387512207e-01
8.030551075935363770e-01
8.032004833221435547e-01
7.924052476882934570e-01
8.322587013244628906e-01
8.042626976966857910e-01
8.300622105598449707e-01
8.284984827041625977e-01
8.302468061447143555e-01
8.356580138206481934e-01
8.281900882720947266e-01
8.092712759971618652e-01
8.418184518814086914e-01
8.518069386482238770e-01
8.644511103630065918e-01
8.663002252578735352e-01
8.519058227539062500e-01
8.461636900901794434e-01
8.513016700744628906e-01
8.584882020950317383e-01
8.491646051406860352e-01
7.832585573196411133e-01
8.691018223762512207e-01
8.672437667846679688e-01
8.468499183654785156e-01
8.837188482284545898e-01
8.690897822380065918e-01
8.484455347061157227e-01
8.821874260902404785e-01
8.689947724342346191e-01
8.845018744468688965e-01
8.797571659088134766e-01
8.855066299438476562e-01
8.565373420715332031e-01
8.713289499282836914e-01
8.912765979766845703e-01
8.702897429466247559e-01
8.638917207717895508e-01
8.899514675140380859e-01
8.820746541023254395e-01
8.865966796875000000e-01
9.030191302299499512e-01
8.770120739936828613e-01
9.021563529968261719e-01
8.673496842384338379e-01
8.861021995544433594e-01
9.028123617172241211e-01
9.093153476715087891e-01
9.022044539451599121e-01
9.067767858505249023e-01
9.054976701736450195e-01
8.943179845809936523e-01
9.171392321586608887e-01
9.222172498703002930e-01
9.162316918373107910e-01
9.087122082710266113e-01
9.198222160339355469e-01
8.100251555442810059e-01
9.224352836608886719e-01
9.276249408721923828e-01
8.764346241950988770e-01
9.241183996200561523e-01
9.216009974479675293e-01
9.291962385177612305e-01
8.817049860954284668e-01
9.155799150466918945e-01
9.500477313995361328e-01
9.235955476760864258e-01
9.560021758079528809e-01
8.677200078964233398e-01
9.282361865043640137e-01
9.411866664886474609e-01
9.679679274559020996e-01
9.438475370407104492e-01
9.514881372451782227e-01
9.488332271575927734e-01
9.328821897506713867e-01
8.234373331069946289e-01
9.274791479110717773e-01
9.620507359504699707e-01
9.801585674285888672e-01
9.695243239402770996e-01
9.564862251281738281e-01
8.947951793670654297e-01
9.492604136466979980e-01
9.607136845588684082e-01
9.298568964004516602e-01
9.778146743774414062e-01
9.487776756286621094e-01
9.852780699729919434e-01
9.594814181327819824e-01
9.836726188659667969e-01
-9.899900000000000000e+04
-9.899900000000000000e+04
9.660466313362121582e-01
-9.899900000000000000e+04
1.008237719535827637e+00
-9.899900000000000000e+04
9.968410134315490723e-01
-9.899900000000000000e+04
9.766131639480590820e-01
-9.899900000000000000e+04
-9.899900000000000000e+04
-9.899900000000000000e+04
-9.899900000000000000e+04
-9.899900000000000000e+04
9.798752069473266602e-01
-9.899900000000000000e+04
8.863448500633239746e-01
-9.899900000000000000e+04
-9.899900000000000000e+04
9.139984250068664551e-01
-9.899900000000000000e+04
9.746884107589721680e-01
-9.899900000000000000e+04
-9.899900000000000000e+04
-9.899900000000000000e+04
-9.899900000000000000e+04
-9.899900000000000000e+04
-9.899900000000000000e+04
-9.899900000000000000e+04
-9.899900000000000000e+04
-9.899900000000000000e+04
-9.899900000000000000e+04
9.746400117874145508e-01
-9.899900000000000000e+04
-9.899900000000000000e+04
-9.899900000000000000e+04
-9.899900000000000000e+04
-9.899900000000000000e+04
-9.899900000000000000e+04
-9.899900000000000000e+04
-9.899900000000000000e+04
-9.899900000000000000e+04
-9.899900000000000000e+04
-9.899900000000000000e+04
-9.899900000000000000e+04
-9.899900000000000000e+04
7.847202420234680176e-01
-9.899900000000000000e+04
-9.899900000000000000e+04
-9.899900000000000000e+04
-9.899900000000000000e+04
-9.899900000000000000e+04
-9.899900000000000000e+04
-9.899900000000000000e+04
-9.899900000000000000e+04
-9.899900000000000000e+04
-9.899900000000000000e+04
-9.899900000000000000e+04
9.916670918464660645e-01
-9.899900000000000000e+04
-9.899900000000000000e+04
-9.899900000000000000e+04
-9.899900000000000000e+04
-9.899900000000000000e+04
-9.899900000000000000e+04
-9.899900000000000000e+04
-9.899900000000000000e+04
-9.899900000000000000e+04
-9.899900000000000000e+04
