6.461329460144042969e-01
6.358127593994140625e-01
6.388311982154846191e-01
6.651226878166198730e-01
6.627352833747863770e-01
6.519112586975097656e-01
6.616687774658203125e-01
6.693965792655944824e-01
6.592803001403808594e-01
6.637250781059265137e-01
6.664795279502868652e-01
6.803489923477172852e-01
6.635732054710388184e-01
6.772853136062622070e-01
6.813262104988098145e-01
6.680523157119750977e-01
6.755884289741516113e-01
6.737642884254455566e-01
6.578109264373779297e-01
6.816264390945434570e-01
6.891568899154663086e-01
6.750268340110778809e-01
6.749833226203918457e-01
6.952834725379943848e-01
7.024981975555419922e-01
6.764600276947021484e-01
7.006487846374511719e-01
6.989399194717407227e-01
6.846235394477844238e-01
7.025297880172729492e-01
6.872646808624267578e-01
6.888970136642456055e-01
7.017874121665954590e-01
6.886573433876037598e-01
6.939059495925903320e-01
7.021046876907348633e-01
6.958599090576171875e-01
6.964154839515686035e-01
7.097616195678710938e-01
7.130557894706726074e-01
7.151582837104797363e-01
6.954171061515808105e-01
7.037900090217590332e-01
6.932625174522399902e-01
7.010995149612426758e-01
6.924039721488952637e-01
7.033013701438903809e-01
7.130491137504577637e-01
7.116178870201110840e-01
7.132908105850219727e-01
7.100015282630920410e-01
6.893919706344604492e-01
7.070041298866271973e-01
6.784831285476684570e-01
7.220920324325561523e-01
7.225559353828430176e-01
7.057729959487915039e-01
7.254468202590942383e-01
7.262059450149536133e-01
7.277988791465759277e-01
7.298656105995178223e-01
7.346774935722351074e-01
7.075163722038269043e-01
7.282718420028686523e-01
7.115041613578796387e-01
7.236645817756652832e-01
7.190409302711486816e-01
7.316095829010009766e-01
7.396520972251892090e-01
7.244056463241577148e-01
7.309592962265014648e-01
7.399914860725402832e-01
7.180756926536560059e-01
7.499659657478332520e-01
7.419492602348327637e-01
7.478551864624023438e-01
7.470472455024719238e-01
7.185838222503662109e-01
7.277858257293701172e-01
7.472884058952331543e-01
7.417159676551818848e-01
7.308350801467895508e-01
7.642180919647216797e-01
7.719374299049377441e-01
7.640379667282104492e-01
7.742846608161926270e-01
7.575488686561584473e-01
7.577130794525146484e-01
7.667794823646545410e-01
7.885436415672302246e-01
7.868055701255798340e-01
7.614728808403015137e-01
7.792218327522277832e-01
7.884743809700012207e-01
7.767228484153747559e-01
7.558668851852416992e-01
7.942926287651062012e-01
7.738745808601379395e-01
7.914434671401977539e-01
7.941620349884033203e-01
7.776265144348144531e-01
8.022392392158508301e-01
7.823313474655151367e-01
8.107443451881408691e-01
7.829421162605285645e-01
7.867236137390136719e-01
8.122082352638244629e-01
8.121920824050903320e-01
8.104878067970275879e-01
8.082002401351928711e-01
8.176134228706359863e-01
8.131797313690185547e-01
7.855274081230163574e-01
8.118691444396972656e-01
8.429815173149108887e-01
8.284341096878051758e-01
8.011447191238403320e-01
8.261531591415405273e-01
8.030198216438293457e-01
8.399220705032348633e-01
8.336512446403503418e-01
8.535850644111633301e-01
8.401107788085937500e-01
8.480412364006042480e-01
8.577318191528320312e-01
8.060631752014160156e-01
8.537353277206420898e-01
8.363201022148132324e-01
8.556108474731445312e-01
8.707877397537231445e-01
8.495879173278808594e-01
8.480744957923889160e-01
8.617381453514099121e-01
8.532005548477172852e-01
8.699154853820800781e-01
8.690998554229736328e-01
8.557250499725341797e-01
8.790948390960693359e-01
8.924379944801330566e-01
8.915569186210632324e-01
8.710662126541137695e-01
8.407840728759765625e-01
8.902977108955383301e-01
8.199335336685180664e-01
8.914728760719299316e-01
8.912287950515747070e-01
8.992902040481567383e-01
8.764792084693908691e-01
8.958146572113037109e-01
9.065496325492858887e-01
8.962258696556091309e-01
8.830500245094299316e-01
8.827374577522277832e-01
8.898487687110900879e-01
8.924226760864257812e-01
8.797900676727294922e-01
8.801889419555664062e-01
9.143742918968200684e-01
9.011478424072265625e-01
9.209926724433898926e-01
8.922458291053771973e-01
9.031963348388671875e-01
9.013705253601074219e-01
9.017840027809143066e-01
9.138546586036682129e-01
9.158365726470947266e-01
9.211884140968322754e-01
9.035463333129882812e-01
8.438056707382202148e-01
9.131023883819580078e-01
9.250055551528930664e-01
8.948748111724853516e-01
9.347709417343139648e-01
9.304117560386657715e-01
9.381278753280639648e-01
9.150805473327636719e-01
9.305800795555114746e-01
9.037590026855468750e-01
9.470880627632141113e-01
9.416720271110534668e-01
8.055869936943054199e-01
9.372190833091735840e-01
8.930348157882690430e-01
9.493568539619445801e-01
9.563945531845092773e-01
8.607365489006042480e-01
9.779834151268005371e-01
9.804195761680603027e-01
8.524895906448364258e-01
9.444828629493713379e-01
8.793370127677917480e-01
9.703013300895690918e-01
9.550310969352722168e-01
9.491408467292785645e-01
9.630043506622314453e-01
9.769046902656555176e-01
8.373565077781677246e-01
9.267132878303527832e-01
9.409567117691040039e-01
1.014536023139953613e+00
-9.899900000000000000e+04
9.679710865020751953e-01
9.868949055671691895e-01
