6.291534900665283203e-01
6.358127593994140625e-01
6.388311982154846191e-01
6.632860302925109863e-01
6.617763042449951172e-01
6.458131670951843262e-01
6.616687774658203125e-01
6.678663492202758789e-01
6.581573486328125000e-01
6.654602885246276855e-01
6.752379536628723145e-01
6.518810987472534180e-01
6.819658279418945312e-01
6.772983670234680176e-01
6.657516956329345703e-01
6.715213656425476074e-01
6.755884289741516113e-01
6.737642884254455566e-01
6.701015233993530273e-01
6.843210458755493164e-01
6.811931729316711426e-01
6.753953099250793457e-01
6.766778826713562012e-01
6.826320886611938477e-01
6.923391222953796387e-01
6.970321536064147949e-01
7.006487846374511719e-01
7.027965784072875977e-01
6.996704936027526855e-01
7.086206674575805664e-01
6.826096773147583008e-01
6.961577534675598145e-01
7.029260396957397461e-01
6.924187541007995605e-01
7.015004158020019531e-01
6.989852190017700195e-01
6.957601904869079590e-01
7.035740017890930176e-01
7.126607298851013184e-01
6.989683508872985840e-01
7.004706263542175293e-01
7.080997228622436523e-01
7.025065422058105469e-01
7.055886387825012207e-01
7.004711627960205078e-01
7.020767331123352051e-01
6.974983215332031250e-01
7.132394909858703613e-01
7.072834372520446777e-01
7.146043181419372559e-01
7.180492877960205078e-01
6.976394057273864746e-01
7.104150056838989258e-01
7.164832949638366699e-01
7.194386720657348633e-01
7.114828228950500488e-01
7.107880115509033203e-01
7.107834219932556152e-01
7.241947054862976074e-01
7.099545598030090332e-01
7.284603118896484375e-01
7.121977210044860840e-01
7.321471571922302246e-01
7.186585664749145508e-01
7.230240702629089355e-01
7.224400043487548828e-01
7.207353115081787109e-01
7.356809377670288086e-01
7.293356060981750488e-01
7.290846705436706543e-01
7.393356561660766602e-01
7.525790929794311523e-01
7.425619959831237793e-01
7.429772019386291504e-01
7.399204373359680176e-01
7.393223643302917480e-01
7.315650582313537598e-01
7.151457071304321289e-01
7.309623360633850098e-01
7.642269134521484375e-01
7.537183165550231934e-01
7.477756738662719727e-01
7.757880687713623047e-01
7.119278907775878906e-01
7.782678604125976562e-01
7.519021630287170410e-01
7.809403538703918457e-01
7.922759652137756348e-01
7.682084441184997559e-01
7.513527274131774902e-01
7.504851818084716797e-01
7.921292185783386230e-01
7.802325487136840820e-01
7.665735483169555664e-01
7.775220274925231934e-01
7.660029530525207520e-01
7.714468836784362793e-01
7.867074012756347656e-01
7.930026650428771973e-01
7.848268151283264160e-01
7.700215578079223633e-01
7.929729819297790527e-01
8.064492344856262207e-01
8.072153925895690918e-01
7.983631491661071777e-01
7.913637757301330566e-01
8.075351119041442871e-01
8.202515840530395508e-01
8.140352964401245117e-01
8.045577406883239746e-01
7.776834368705749512e-01
8.046835064888000488e-01
7.973152995109558105e-01
8.182915449142456055e-01
8.232830762863159180e-01
7.994264364242553711e-01
8.207722306251525879e-01
8.356916308403015137e-01
8.041347861289978027e-01
8.388111591339111328e-01
8.379117846488952637e-01
8.472884893417358398e-01
8.614217042922973633e-01
8.592151999473571777e-01
8.273359537124633789e-01
8.447867631912231445e-01
8.550547957420349121e-01
8.584104180335998535e-01
8.505963683128356934e-01
8.622914552688598633e-01
8.522475361824035645e-01
8.653287291526794434e-01
8.617016077041625977e-01
8.546518087387084961e-01
8.538395166397094727e-01
8.662441968917846680e-01
8.649380803108215332e-01
8.657070398330688477e-01
8.728102445602416992e-01
8.783112168312072754e-01
8.811545372009277344e-01
8.912485837936401367e-01
8.636990189552307129e-01
8.751287460327148438e-01
8.866949081420898438e-01
8.895987272262573242e-01
8.911225795745849609e-01
8.809614777565002441e-01
8.827108740806579590e-01
9.042596220970153809e-01
8.869547247886657715e-01
8.991072177886962891e-01
9.019949436187744141e-01
8.250077962875366211e-01
8.501337766647338867e-01
9.210290312767028809e-01
8.862622380256652832e-01
8.566235303878784180e-01
9.138551950454711914e-01
9.004907608032226562e-01
8.823689818382263184e-01
8.955879807472229004e-01
8.539785146713256836e-01
9.215692877769470215e-01
9.246403574943542480e-01
8.279473781585693359e-01
8.729758262634277344e-01
9.280189871788024902e-01
9.360187649726867676e-01
9.253114461898803711e-01
8.154158592224121094e-01
9.429325461387634277e-01
9.405661225318908691e-01
9.386853575706481934e-01
9.117198586463928223e-01
9.199551939964294434e-01
9.270728230476379395e-01
9.285972714424133301e-01
9.365017414093017578e-01
9.432609677314758301e-01
9.145671129226684570e-01
9.088244438171386719e-01
9.363599419593811035e-01
9.611959457397460938e-01
9.601784944534301758e-01
9.254000782966613770e-01
9.515311121940612793e-01
9.545540213584899902e-01
9.428445100784301758e-01
9.673659205436706543e-01
-9.899900000000000000e+04
9.392789006233215332e-01
9.689039587974548340e-01
9.804726839065551758e-01
9.621433019638061523e-01
9.837822318077087402e-01
7.777205109596252441e-01
9.736062884330749512e-01
9.797433614730834961e-01
9.673359990119934082e-01
