6.291534900665283203e-01
6.257067918777465820e-01
6.562239527702331543e-01
6.651226878166198730e-01
6.627352833747863770e-01
6.639208197593688965e-01
6.616687774658203125e-01
6.602364182472229004e-01
6.649832725524902344e-01
6.766340136528015137e-01
6.752379536628723145e-01
6.808035969734191895e-01
6.633976101875305176e-01
6.589918732643127441e-01
6.669101715087890625e-01
6.687693595886230469e-01
6.755884289741516113e-01
6.737642884254455566e-01
6.753183007240295410e-01
6.873620748519897461e-01
6.811931729316711426e-01
6.753953099250793457e-01
6.753197908401489258e-01
6.826367378234863281e-01
7.060412764549255371e-01
7.015670537948608398e-01
7.051785588264465332e-01
6.996856331825256348e-01
6.889561414718627930e-01
6.901693344116210938e-01
6.835317015647888184e-01
6.888970136642456055e-01
6.903439164161682129e-01
6.984417438507080078e-01
6.787748932838439941e-01
6.942258477210998535e-01
6.942946910858154297e-01
6.992508769035339355e-01
6.994212865829467773e-01
7.073377966880798340e-01
7.008877992630004883e-01
6.889641880989074707e-01
7.103058099746704102e-01
7.120764255523681641e-01
7.088216543197631836e-01
7.098742127418518066e-01
7.076415419578552246e-01
7.145421504974365234e-01
7.150727510452270508e-01
7.105173468589782715e-01
7.105775475502014160e-01
7.017859220504760742e-01
7.113358974456787109e-01
7.164006829261779785e-01
6.867874264717102051e-01
7.200947403907775879e-01
7.207009792327880859e-01
7.251835465431213379e-01
7.232623100280761719e-01
7.330371737480163574e-01
7.003091573715209961e-01
7.314603924751281738e-01
7.287629842758178711e-01
7.193372249603271484e-01
7.225026488304138184e-01
7.353532910346984863e-01
7.386031150817871094e-01
7.265737056732177734e-01
7.290310263633728027e-01
7.414027452468872070e-01
7.371059656143188477e-01
7.342635393142700195e-01
7.245875597000122070e-01
7.604821324348449707e-01
7.245818376541137695e-01
7.318084239959716797e-01
7.425849437713623047e-01
7.591508030891418457e-01
7.373187541961669922e-01
7.504854202270507812e-01
7.358518242835998535e-01
7.530382871627807617e-01
7.012760639190673828e-01
7.561091780662536621e-01
7.779402732849121094e-01
7.629817128181457520e-01
7.571515440940856934e-01
7.837821245193481445e-01
7.924610376358032227e-01
7.677322626113891602e-01
7.339234948158264160e-01
7.886882424354553223e-01
7.850554585456848145e-01
7.549825310707092285e-01
7.712721824645996094e-01
7.823067307472229004e-01
7.998207807540893555e-01
7.858265638351440430e-01
7.908472418785095215e-01
7.911592721939086914e-01
7.907310724258422852e-01
7.937217950820922852e-01
8.108807206153869629e-01
8.050578236579895020e-01
8.038101196289062500e-01
8.074648380279541016e-01
8.073829412460327148e-01
7.707000970840454102e-01
8.051003813743591309e-01
8.040817379951477051e-01
8.245501518249511719e-01
8.154262900352478027e-01
8.148620724678039551e-01
8.280747532844543457e-01
8.188587427139282227e-01
8.207440376281738281e-01
8.042715191841125488e-01
7.952171564102172852e-01
8.437294363975524902e-01
8.248859643936157227e-01
8.299804329872131348e-01
8.335577845573425293e-01
8.528517484664916992e-01
8.468328118324279785e-01
8.591597676277160645e-01
8.404257893562316895e-01
8.527446985244750977e-01
8.599653244018554688e-01
8.646764159202575684e-01
8.491286635398864746e-01
8.571513295173645020e-01
8.701778054237365723e-01
8.542402386665344238e-01
8.633201718330383301e-01
8.657636046409606934e-01
8.553149104118347168e-01
8.654311895370483398e-01
8.857012987136840820e-01
8.696478605270385742e-01
8.746789097785949707e-01
8.814313411712646484e-01
7.841368913650512695e-01
8.869749903678894043e-01
8.469209671020507812e-01
8.958478569984436035e-01
8.628334999084472656e-01
8.685035109519958496e-01
8.796542882919311523e-01
8.752983808517456055e-01
8.902900815010070801e-01
8.955230712890625000e-01
8.784658908843994141e-01
8.567118644714355469e-01
8.887982368469238281e-01
9.178981781005859375e-01
9.024532437324523926e-01
9.110968112945556641e-01
9.134082794189453125e-01
8.835861086845397949e-01
8.796640038490295410e-01
8.344913125038146973e-01
8.927540183067321777e-01
9.189193844795227051e-01
9.269002676010131836e-01
9.165751934051513672e-01
8.225611448287963867e-01
8.803513646125793457e-01
9.280595779418945312e-01
9.272849559783935547e-01
9.461360573768615723e-01
9.352772831916809082e-01
8.943209648132324219e-01
9.068692326545715332e-01
9.427052736282348633e-01
9.224922657012939453e-01
9.238417744636535645e-01
9.470214247703552246e-01
9.299141168594360352e-01
9.229407906532287598e-01
9.442926645278930664e-01
9.592197537422180176e-01
9.609016180038452148e-01
9.350224733352661133e-01
9.373166561126708984e-01
9.499103426933288574e-01
9.242538809776306152e-01
9.819083809852600098e-01
9.552993178367614746e-01
9.497088789939880371e-01
9.427502751350402832e-01
9.807419776916503906e-01
8.984128236770629883e-01
9.904678463935852051e-01
9.920731186866760254e-01
9.295032620429992676e-01
9.411256313323974609e-01
9.910415410995483398e-01
8.246268033981323242e-01
9.770361185073852539e-01
9.496715068817138672e-01
8.711978793144226074e-01
9.653558135032653809e-01
9.733781814575195312e-01
9.704352021217346191e-01
8.476491570472717285e-01
9.935412406921386719e-01
9.574292302131652832e-01
9.590418934822082520e-01
-9.899900000000000000e+04
-9.899900000000000000e+04
-9.899900000000000000e+04
9.792466759681701660e-01
-9.899900000000000000e+04
-9.899900000000000000e+04
1.016341805458068848e+00
-9.899900000000000000e+04
-9.899900000000000000e+04
-9.899900000000000000e+04
8.965124487876892090e-01
-9.899900000000000000e+04
-9.899900000000000000e+04
9.925182461738586426e-01
-9.899900000000000000e+04
-9.899900000000000000e+04
-9.899900000000000000e+04
-9.899900000000000000e+04
-9.899900000000000000e+04
-9.899900000000000000e+04
-9.899900000000000000e+04
-9.899900000000000000e+04
-9.899900000000000000e+04
