6.225892305374145508e-01
6.517849564552307129e-01
6.412144899368286133e-01
6.632860302925109863e-01
6.617763042449951172e-01
6.493827104568481445e-01
6.686908006668090820e-01
6.678663492202758789e-01
6.734914183616638184e-01
6.793448328971862793e-01
6.734725236892700195e-01
6.505369544029235840e-01
6.678974032402038574e-01
6.662500500679016113e-01
6.657516956329345703e-01
6.695431470870971680e-01
6.755884289741516113e-01
6.674938201904296875e-01
6.753183007240295410e-01
6.838296055793762207e-01
6.800788640975952148e-01
6.759751439094543457e-01
6.807523369789123535e-01
7.045492529869079590e-01
7.060412764549255371e-01
7.012339830398559570e-01
6.899677515029907227e-01
7.043316960334777832e-01
6.744977235794067383e-01
7.085795402526855469e-01
6.915736198425292969e-01
7.010023593902587891e-01
7.132230401039123535e-01
6.876335144042968750e-01
6.902229189872741699e-01
7.030688524246215820e-01
6.980891227722167969e-01
6.986204385757446289e-01
6.951735019683837891e-01
7.032558321952819824e-01
6.888989806175231934e-01
7.080997228622436523e-01
7.050594091415405273e-01
6.982802748680114746e-01
7.102645039558410645e-01
7.065055370330810547e-01
7.100703716278076172e-01
7.123283147811889648e-01
7.053811550140380859e-01
6.987857222557067871e-01
7.021970748901367188e-01
7.254667878150939941e-01
7.131063342094421387e-01
7.046780586242675781e-01
6.846951842308044434e-01
7.277916073799133301e-01
7.184832096099853516e-01
7.230342030525207520e-01
7.247772812843322754e-01
7.059254050254821777e-01
7.091925740242004395e-01
7.237079739570617676e-01
7.183601260185241699e-01
7.192780375480651855e-01
7.205221652984619141e-01
7.268682122230529785e-01
7.242372632026672363e-01
7.269285321235656738e-01
7.402924299240112305e-01
7.380446195602416992e-01
7.429436445236206055e-01
7.273678183555603027e-01
7.421413064002990723e-01
7.370439767837524414e-01
7.265039682388305664e-01
7.502018809318542480e-01
7.631488442420959473e-01
7.478235363960266113e-01
7.447041273117065430e-01
7.339011430740356445e-01
7.717092037200927734e-01
7.423324584960937500e-01
7.353056073188781738e-01
7.683725357055664062e-01
7.592808008193969727e-01
7.533146739006042480e-01
7.604168653488159180e-01
7.696242928504943848e-01
7.433414459228515625e-01
7.835040688514709473e-01
7.443215250968933105e-01
7.852584719657897949e-01
7.784869074821472168e-01
7.790227532386779785e-01
7.366952896118164062e-01
7.857314348220825195e-01
8.022483587265014648e-01
7.940397262573242188e-01
7.919589877128601074e-01
7.885079979896545410e-01
7.913262248039245605e-01
7.773473858833312988e-01
7.928685545921325684e-01
7.878174781799316406e-01
7.808929085731506348e-01
8.124435544013977051e-01
8.020861148834228516e-01
7.955932617187500000e-01
8.153589367866516113e-01
7.696654796600341797e-01
8.014122843742370605e-01
8.091757893562316895e-01
8.128076791763305664e-01
8.165809512138366699e-01
7.939592599868774414e-01
8.277862668037414551e-01
8.244093060493469238e-01
8.366603255271911621e-01
8.193954825401306152e-01
8.554227948188781738e-01
8.353111743927001953e-01
8.544057607650756836e-01
8.447989225387573242e-01
8.478595614433288574e-01
8.623507618904113770e-01
8.350107073783874512e-01
8.073649406433105469e-01
8.502181172370910645e-01
8.533121943473815918e-01
8.676189184188842773e-01
8.571335673332214355e-01
8.654131889343261719e-01
8.797212839126586914e-01
8.687378764152526855e-01
8.667563796043395996e-01
8.574549555778503418e-01
8.748561143875122070e-01
8.627479076385498047e-01
9.015048742294311523e-01
8.791493773460388184e-01
8.817582130432128906e-01
8.727498650550842285e-01
8.853498101234436035e-01
8.894475102424621582e-01
8.903484940528869629e-01
8.584911227226257324e-01
9.014491438865661621e-01
8.763038516044616699e-01
9.015182256698608398e-01
8.848447203636169434e-01
9.065858125686645508e-01
8.994207382202148438e-01
8.978240489959716797e-01
8.926122784614562988e-01
9.029859900474548340e-01
8.844209909439086914e-01
9.196860790252685547e-01
8.971273303031921387e-01
9.271893501281738281e-01
8.961255550384521484e-01
9.218682646751403809e-01
8.931420445442199707e-01
8.697671890258789062e-01
8.548732995986938477e-01
9.170932769775390625e-01
9.209597110748291016e-01
9.000794291496276855e-01
9.346394538879394531e-01
8.958060741424560547e-01
8.956403732299804688e-01
9.205091595649719238e-01
9.199209809303283691e-01
8.887060284614562988e-01
9.426658749580383301e-01
9.372020959854125977e-01
9.343047142028808594e-01
9.402610063552856445e-01
9.618136882781982422e-01
9.410314559936523438e-01
8.947917222976684570e-01
9.458287358283996582e-01
8.043474555015563965e-01
9.636085033416748047e-01
9.377294778823852539e-01
9.420743584632873535e-01
9.593499302864074707e-01
9.636614322662353516e-01
9.641293287277221680e-01
9.677528738975524902e-01
9.768027067184448242e-01
9.692768454551696777e-01
9.371126890182495117e-01
9.614270925521850586e-01
9.873105287551879883e-01
9.898288249969482422e-01
9.814826250076293945e-01
8.452978730201721191e-01
9.439044594764709473e-01
-9.899900000000000000e+04
8.841651082038879395e-01
9.655849337577819824e-01
9.754022359848022461e-01
9.720085263252258301e-01
1.001892089843750000e+00
-9.899900000000000000e+04
9.920112490653991699e-01
1.009796500205993652e+00
-9.899900000000000000e+04
8.329568505287170410e-01
-9.899900000000000000e+04
-9.899900000000000000e+04
-9.899900000000000000e+04
-9.899900000000000000e+04
-9.899900000000000000e+04
-9.899900000000000000e+04
9.701492786407470703e-01
-9.899900000000000000e+04
9.759715795516967773e-01
-9.899900000000000000e+04
-9.899900000000000000e+04
9.702247381210327148e-01
-9.899900000000000000e+04
-9.899900000000000000e+04
-9.899900000000000000e+04
9.733178019523620605e-01
