6.461329460144042969e-01
6.257067918777465820e-01
6.562239527702331543e-01
6.632860302925109863e-01
6.476992368698120117e-01
6.468650102615356445e-01
6.616687774658203125e-01
6.678663492202758789e-01
6.734914183616638184e-01
6.776518225669860840e-01
6.651251316070556641e-01
6.636283397674560547e-01
6.678974032402038574e-01
6.568657159805297852e-01
6.656725406646728516e-01
6.726527810096740723e-01
6.741776466369628906e-01
6.863613128662109375e-01
6.717842817306518555e-01
6.843210458755493164e-01
6.739029288291931152e-01
6.802825331687927246e-01
6.810171008110046387e-01
7.045492529869079590e-01
6.812600493431091309e-01
7.015670537948608398e-01
7.027961015701293945e-01
6.946866512298583984e-01
6.887585520744323730e-01
6.920331120491027832e-01
6.925633549690246582e-01
7.020954489707946777e-01
6.954206228256225586e-01
6.868898868560791016e-01
6.992788314819335938e-01
6.958934068679809570e-01
7.005476951599121094e-01
6.953140497207641602e-01
6.996251344680786133e-01
7.033981680870056152e-01
7.027752399444580078e-01
7.077533006668090820e-01
7.092341780662536621e-01
7.024664878845214844e-01
7.121180891990661621e-01
7.173774838447570801e-01
7.079919576644897461e-01
7.020879387855529785e-01
7.008461356163024902e-01
6.917285919189453125e-01
7.107636332511901855e-01
7.185491323471069336e-01
7.015023231506347656e-01
6.970750093460083008e-01
7.197291851043701172e-01
7.248679399490356445e-01
7.183700203895568848e-01
7.236910462379455566e-01
6.985526084899902344e-01
7.122517824172973633e-01
7.008479833602905273e-01
7.318563461303710938e-01
7.041773796081542969e-01
7.092871069908142090e-01
7.317571043968200684e-01
7.227957844734191895e-01
7.356377243995666504e-01
7.288338541984558105e-01
7.306028604507446289e-01
7.290967702865600586e-01
7.399846315383911133e-01
7.281567454338073730e-01
7.287623882293701172e-01
7.424800992012023926e-01
7.389450669288635254e-01
7.574797868728637695e-01
7.583693265914916992e-01
7.505747079849243164e-01
7.311774492263793945e-01
7.480081915855407715e-01
7.427919507026672363e-01
7.337860465049743652e-01
7.614248991012573242e-01
7.688795328140258789e-01
7.370178103446960449e-01
7.775812745094299316e-01
7.656508088111877441e-01
7.682070732116699219e-01
7.823538780212402344e-01
7.837327122688293457e-01
7.757108807563781738e-01
7.608798146247863770e-01
7.743764519691467285e-01
7.836742401123046875e-01
7.848121523857116699e-01
7.821947932243347168e-01
7.897581458091735840e-01
7.734681367874145508e-01
7.865056991577148438e-01
7.985857725143432617e-01
7.940846681594848633e-01
7.986993193626403809e-01
8.011927604675292969e-01
8.029634356498718262e-01
8.006007671356201172e-01
8.162708282470703125e-01
8.192462325096130371e-01
8.083435893058776855e-01
8.109683990478515625e-01
8.176377415657043457e-01
8.221722841262817383e-01
8.134654164314270020e-01
8.112696409225463867e-01
8.119763731956481934e-01
8.031946420669555664e-01
8.107494115829467773e-01
8.160657286643981934e-01
8.402749300003051758e-01
8.386091589927673340e-01
8.373379707336425781e-01
8.565733432769775391e-01
8.462209105491638184e-01
8.349389433860778809e-01
8.317365646362304688e-01
8.680898547172546387e-01
8.424946665763854980e-01
8.630626797676086426e-01
8.486913442611694336e-01
8.532140254974365234e-01
8.815786242485046387e-01
8.640996813774108887e-01
8.694185018539428711e-01
8.656738996505737305e-01
8.574410676956176758e-01
8.491145372390747070e-01
8.755551576614379883e-01
8.745348453521728516e-01
8.514677882194519043e-01
8.779308199882507324e-01
8.788223266601562500e-01
8.727303743362426758e-01
8.745490908622741699e-01
8.736308813095092773e-01
8.670539259910583496e-01
8.986276984214782715e-01
8.985251784324645996e-01
9.067573547363281250e-01
8.865472674369812012e-01
8.879502415657043457e-01
8.809248208999633789e-01
8.896188735961914062e-01
9.035344123840332031e-01
8.814979195594787598e-01
9.056174159049987793e-01
8.953714370727539062e-01
9.254197478294372559e-01
9.019348025321960449e-01
8.767189383506774902e-01
9.246667623519897461e-01
8.524183630943298340e-01
8.864592909812927246e-01
8.495975732803344727e-01
9.019686579704284668e-01
9.088305830955505371e-01
8.023361563682556152e-01
9.247104525566101074e-01
9.073978066444396973e-01
9.258325099945068359e-01
9.116802215576171875e-01
9.143529534339904785e-01
9.016801118850708008e-01
8.659849762916564941e-01
9.255359768867492676e-01
9.148184657096862793e-01
9.227788448333740234e-01
9.489713907241821289e-01
9.454144239425659180e-01
9.524706006050109863e-01
8.937005400657653809e-01
9.462003707885742188e-01
7.964916229248046875e-01
9.321684837341308594e-01
9.264478683471679688e-01
8.689904212951660156e-01
9.415863752365112305e-01
9.262129664421081543e-01
9.479360580444335938e-01
8.951397538185119629e-01
9.661128520965576172e-01
9.823752045631408691e-01
9.278885722160339355e-01
9.663310050964355469e-01
9.404964447021484375e-01
-9.899900000000000000e+04
9.566446542739868164e-01
9.524717330932617188e-01
9.732688069343566895e-01
9.688359498977661133e-01
9.852364063262939453e-01
9.750887155532836914e-01
9.711598157882690430e-01
9.601854085922241211e-01
9.673436284065246582e-01
9.745333194732666016e-01
1.020014405250549316e+00
1.009825468063354492e+00
1.004183292388916016e+00
-9.899900000000000000e+04
1.002526164054870605e+00
9.630134105682373047e-01
-9.899900000000000000e+04
