6.225892305374145508e-01
6.517849564552307129e-01
6.562239527702331543e-01
6.632860302925109863e-01
6.476992368698120117e-01
6.493827104568481445e-01
6.686866879463195801e-01
6.678663492202758789e-01
6.734914183616638184e-01
6.806339025497436523e-01
6.664795279502868652e-01
6.636283397674560547e-01
6.751718521118164062e-01
6.533682942390441895e-01
6.669101715087890625e-01
6.695431470870971680e-01
6.741776466369628906e-01
6.710654497146606445e-01
6.750604510307312012e-01
6.832796931266784668e-01
6.901529431343078613e-01
6.810644865036010742e-01
6.810171008110046387e-01
6.878223419189453125e-01
7.022231221199035645e-01
7.035886049270629883e-01
6.903109550476074219e-01
6.989399194717407227e-01
6.846235394477844238e-01
7.114031910896301270e-01
6.940954327583312988e-01
6.971980929374694824e-01
6.834743022918701172e-01
7.093622088432312012e-01
6.932494640350341797e-01
7.028777599334716797e-01
6.989612579345703125e-01
6.972584128379821777e-01
7.092423439025878906e-01
7.043697237968444824e-01
7.138149142265319824e-01
7.117894291877746582e-01
7.143697738647460938e-01
7.026211023330688477e-01
6.991412043571472168e-01
7.045694589614868164e-01
7.076039314270019531e-01
7.128117680549621582e-01
7.212401032447814941e-01
7.118281722068786621e-01
7.221508622169494629e-01
6.988309621810913086e-01
7.050061225891113281e-01
7.193667292594909668e-01
7.208490967750549316e-01
7.200991511344909668e-01
7.191475629806518555e-01
7.094097733497619629e-01
7.238836288452148438e-01
7.148255705833435059e-01
7.226591110229492188e-01
7.035420536994934082e-01
7.168460488319396973e-01
7.108837366104125977e-01
7.326998114585876465e-01
7.248305082321166992e-01
7.397453188896179199e-01
7.254798412322998047e-01
7.258921861648559570e-01
7.350875139236450195e-01
7.387196421623229980e-01
7.302077412605285645e-01
7.353124022483825684e-01
7.417683601379394531e-01
7.610448002815246582e-01
7.536211013793945312e-01
7.626345157623291016e-01
7.221685647964477539e-01
7.492468953132629395e-01
7.329196333885192871e-01
7.460942864418029785e-01
7.592036128044128418e-01
7.515887618064880371e-01
7.375199198722839355e-01
7.542079091072082520e-01
7.552672624588012695e-01
7.617898583412170410e-01
7.795874476432800293e-01
7.930867671966552734e-01
7.821581363677978516e-01
7.670229673385620117e-01
7.290335893630981445e-01
7.807402610778808594e-01
7.928310036659240723e-01
7.801154255867004395e-01
7.868366241455078125e-01
7.918246388435363770e-01
7.916194200515747070e-01
7.887955904006958008e-01
7.963721156120300293e-01
7.933024764060974121e-01
7.951942682266235352e-01
7.908463478088378906e-01
8.015409111976623535e-01
7.856064438819885254e-01
8.094559311866760254e-01
7.941145300865173340e-01
7.934519648551940918e-01
8.094667196273803711e-01
8.147225379943847656e-01
8.179226517677307129e-01
8.042219281196594238e-01
7.874340415000915527e-01
8.171739578247070312e-01
8.143105506896972656e-01
8.126851916313171387e-01
8.252016901969909668e-01
8.322693705558776855e-01
8.180423378944396973e-01
8.129209280014038086e-01
8.255747556686401367e-01
8.319396972656250000e-01
8.299988508224487305e-01
8.555914759635925293e-01
8.415721058845520020e-01
8.458537459373474121e-01
8.418304324150085449e-01
8.574299216270446777e-01
8.624602556228637695e-01
8.590492010116577148e-01
8.506334424018859863e-01
8.615322709083557129e-01
8.677179217338562012e-01
8.767866492271423340e-01
8.785628676414489746e-01
8.816040754318237305e-01
8.721426129341125488e-01
8.384478092193603516e-01
8.799804449081420898e-01
8.712654709815979004e-01
8.793941736221313477e-01
8.638859391212463379e-01
8.703672289848327637e-01
8.805481791496276855e-01
8.835794329643249512e-01
8.930688500404357910e-01
8.922204375267028809e-01
8.870729207992553711e-01
8.966045975685119629e-01
8.895822167396545410e-01
8.728544116020202637e-01
8.915874361991882324e-01
8.953328728675842285e-01
8.783907294273376465e-01
9.007413983345031738e-01
8.795247673988342285e-01
8.763980865478515625e-01
8.859094977378845215e-01
8.899053931236267090e-01
9.145239591598510742e-01
8.967841863632202148e-01
8.478515148162841797e-01
9.175170660018920898e-01
9.148101210594177246e-01
9.209443330764770508e-01
9.040850996971130371e-01
9.368396997451782227e-01
9.336262941360473633e-01
9.283088445663452148e-01
9.276310801506042480e-01
9.190646409988403320e-01
9.037565588951110840e-01
9.117781519889831543e-01
9.328072071075439453e-01
9.270039796829223633e-01
9.245247840881347656e-01
9.491617679595947266e-01
9.261347651481628418e-01
9.246211051940917969e-01
9.263128042221069336e-01
9.604808092117309570e-01
7.954566478729248047e-01
9.561544060707092285e-01
9.425526857376098633e-01
8.180776238441467285e-01
7.919067740440368652e-01
9.280552268028259277e-01
9.359264969825744629e-01
9.652140140533447266e-01
9.647938609123229980e-01
9.725943207740783691e-01
9.568606019020080566e-01
9.922065734863281250e-01
9.551269412040710449e-01
-9.899900000000000000e+04
9.825060367584228516e-01
9.539492130279541016e-01
8.450896739959716797e-01
9.617285132408142090e-01
-9.899900000000000000e+04
9.900228977203369141e-01
9.907172918319702148e-01
9.713572859764099121e-01
-9.899900000000000000e+04
-9.899900000000000000e+04
8.236603736877441406e-01
9.774115085601806641e-01
-9.899900000000000000e+04
-9.899900000000000000e+04
9.939358830451965332e-01
-9.899900000000000000e+04
-9.899900000000000000e+04
-9.899900000000000000e+04
8.618618845939636230e-01
-9.899900000000000000e+04
-9.899900000000000000e+04
-9.899900000000000000e+04
-9.899900000000000000e+04
-9.899900000000000000e+04
9.776324629783630371e-01
-9.899900000000000000e+04
-9.899900000000000000e+04
-9.899900000000000000e+04
9.217616915702819824e-01
-9.899900000000000000e+04
-9.899900000000000000e+04
8.719812035560607910e-01
-9.899900000000000000e+04
-9.899900000000000000e+04
-9.899900000000000000e+04
-9.899900000000000000e+04
8.933137059211730957e-01
-9.899900000000000000e+04
-9.899900000000000000e+04
-9.899900000000000000e+04
-9.899900000000000000e+04
-9.899900000000000000e+04
-9.899900000000000000e+04
-9.899900000000000000e+04
-9.899900000000000000e+04
-9.899900000000000000e+04
1.012647271156311035e+00
-9.899900000000000000e+04
9.670761823654174805e-01
-9.899900000000000000e+04
-9.899900000000000000e+04
-9.899900000000000000e+04
-9.899900000000000000e+04
-9.899900000000000000e+04
-9.899900000000000000e+04
-9.899900000000000000e+04
-9.899900000000000000e+04
-9.899900000000000000e+04
