6.291534900665283203e-01
6.257067918777465820e-01
6.388311982154846191e-01
6.606395840644836426e-01
6.648994088172912598e-01
6.493827104568481445e-01
6.548080444335937500e-01
6.608954071998596191e-01
6.596282720565795898e-01
6.654602885246276855e-01
6.641452312469482422e-01
6.596245169639587402e-01
6.724217534065246582e-01
6.584621667861938477e-01
6.657516956329345703e-01
6.680523157119750977e-01
6.826283931732177734e-01
6.880912780761718750e-01
6.890469193458557129e-01
6.843210458755493164e-01
6.712617874145507812e-01
6.750268340110778809e-01
6.592737436294555664e-01
6.878223419189453125e-01
6.852249503135681152e-01
6.991040706634521484e-01
6.979447007179260254e-01
6.890015006065368652e-01
6.843441128730773926e-01
7.025297880172729492e-01
6.870552301406860352e-01
7.012380361557006836e-01
6.882430911064147949e-01
6.926406025886535645e-01
6.992788314819335938e-01
6.957734823226928711e-01
6.940130591392517090e-01
6.950572729110717773e-01
7.024005651473999023e-01
7.162116169929504395e-01
7.057657241821289062e-01
6.959177255630493164e-01
7.140887379646301270e-01
7.023770213127136230e-01
7.080186009407043457e-01
6.954102516174316406e-01
7.008557319641113281e-01
7.098753452301025391e-01
6.736571192741394043e-01
7.172905206680297852e-01
7.113159298896789551e-01
7.141976356506347656e-01
6.946448087692260742e-01
6.975033879280090332e-01
7.040795683860778809e-01
7.240991592407226562e-01
7.207099795341491699e-01
7.101827263832092285e-01
7.125770449638366699e-01
7.268175482749938965e-01
6.966248154640197754e-01
7.300378084182739258e-01
7.136300802230834961e-01
7.310224175453186035e-01
7.280969619750976562e-01
7.371623516082763672e-01
7.241690158843994141e-01
7.348972558975219727e-01
7.263420820236206055e-01
7.267878055572509766e-01
7.376644611358642578e-01
7.330899834632873535e-01
7.383694648742675781e-01
7.225521206855773926e-01
7.632790207862854004e-01
7.409933805465698242e-01
7.573930025100708008e-01
7.452647089958190918e-01
7.503961920738220215e-01
7.340977787971496582e-01
7.339164018630981445e-01
7.341748476028442383e-01
7.517746686935424805e-01
7.427915930747985840e-01
7.641048431396484375e-01
7.489075660705566406e-01
7.670952081680297852e-01
7.720021009445190430e-01
7.728075981140136719e-01
7.609830498695373535e-01
7.614693641662597656e-01
7.895566821098327637e-01
7.742983102798461914e-01
7.801841497421264648e-01
7.608058452606201172e-01
7.895053029060363770e-01
7.811527848243713379e-01
8.006808757781982422e-01
7.947083711624145508e-01
7.883352637290954590e-01
7.676773667335510254e-01
7.882943749427795410e-01
7.747953534126281738e-01
7.848889827728271484e-01
7.726751565933227539e-01
8.049054145812988281e-01
7.970453500747680664e-01
8.170399069786071777e-01
7.873410582542419434e-01
8.011143803596496582e-01
7.953683733940124512e-01
8.317292332649230957e-01
8.128974437713623047e-01
7.998586893081665039e-01
8.185174465179443359e-01
8.204336762428283691e-01
8.208094239234924316e-01
8.196449279785156250e-01
8.173742294311523438e-01
8.320393562316894531e-01
8.506879806518554688e-01
8.465837240219116211e-01
8.458243012428283691e-01
8.577372431755065918e-01
8.549737334251403809e-01
8.673180937767028809e-01
8.639899492263793945e-01
8.502798080444335938e-01
8.450305461883544922e-01
8.594908714294433594e-01
8.586066365242004395e-01
8.412742018699645996e-01
8.742868304252624512e-01
8.601382970809936523e-01
8.697223663330078125e-01
8.711971640586853027e-01
8.758305311203002930e-01
8.788237571716308594e-01
8.664759397506713867e-01
8.771428465843200684e-01
8.816918730735778809e-01
8.827499747276306152e-01
8.842278122901916504e-01
8.680511116981506348e-01
8.865306973457336426e-01
8.939771652221679688e-01
8.619242906570434570e-01
8.989023566246032715e-01
8.815380930900573730e-01
8.956103920936584473e-01
9.125877618789672852e-01
8.984470367431640625e-01
8.789877891540527344e-01
8.859515786170959473e-01
9.062162637710571289e-01
8.974847793579101562e-01
8.869697451591491699e-01
9.198387265205383301e-01
8.930943608283996582e-01
8.951653242111206055e-01
9.231255650520324707e-01
9.044297337532043457e-01
9.199643731117248535e-01
9.094277024269104004e-01
8.562246561050415039e-01
8.439809083938598633e-01
9.196572303771972656e-01
9.014530181884765625e-01
8.854702115058898926e-01
9.434813261032104492e-01
9.284695386886596680e-01
7.976847887039184570e-01
9.426993727684020996e-01
7.657186388969421387e-01
7.802135944366455078e-01
9.114258885383605957e-01
9.537981748580932617e-01
8.623253107070922852e-01
9.313610792160034180e-01
9.588106274604797363e-01
9.527176022529602051e-01
9.662365913391113281e-01
9.669154286384582520e-01
9.123033285140991211e-01
9.623438119888305664e-01
9.345481991767883301e-01
9.549386501312255859e-01
9.378468990325927734e-01
9.179002046585083008e-01
9.711387157440185547e-01
9.435582756996154785e-01
9.578001499176025391e-01
9.634929299354553223e-01
9.087952375411987305e-01
9.811078310012817383e-01
-9.899900000000000000e+04
9.646267294883728027e-01
9.618867635726928711e-01
9.649468660354614258e-01
9.339022636413574219e-01
9.696086049079895020e-01
7.890728116035461426e-01
-9.899900000000000000e+04
9.882346391677856445e-01
-9.899900000000000000e+04
9.691797494888305664e-01
9.776583313941955566e-01
9.690368175506591797e-01
-9.899900000000000000e+04
-9.899900000000000000e+04
-9.899900000000000000e+04
-9.899900000000000000e+04
-9.899900000000000000e+04
-9.899900000000000000e+04
-9.899900000000000000e+04
-9.899900000000000000e+04
-9.899900000000000000e+04
-9.899900000000000000e+04
-9.899900000000000000e+04
8.563914895057678223e-01
-9.899900000000000000e+04
9.149431586265563965e-01
-9.899900000000000000e+04
9.676217436790466309e-01
-9.899900000000000000e+04
-9.899900000000000000e+04
-9.899900000000000000e+04
-9.899900000000000000e+04
-9.899900000000000000e+04
-9.899900000000000000e+04
-9.899900000000000000e+04
