6.225892305374145508e-01
6.517849564552307129e-01
6.412144899368286133e-01
6.632860302925109863e-01
6.617763042449951172e-01
6.468650102615356445e-01
6.603446006774902344e-01
6.678663492202758789e-01
6.592803001403808594e-01
6.654602885246276855e-01
6.746347546577453613e-01
6.779151558876037598e-01
6.681141257286071777e-01
6.589918732643127441e-01
6.668683290481567383e-01
6.849688887596130371e-01
6.809154748916625977e-01
6.863254308700561523e-01
6.686673164367675781e-01
6.924183964729309082e-01
6.811931729316711426e-01
6.750268340110778809e-01
6.510673165321350098e-01
6.878445744514465332e-01
7.024981975555419922e-01
7.015670537948608398e-01
6.893593072891235352e-01
7.043316960334777832e-01
7.000448703765869141e-01
6.954091787338256836e-01
7.112637162208557129e-01
7.012935280799865723e-01
6.915193796157836914e-01
6.997878551483154297e-01
6.920434832572937012e-01
6.931738257408142090e-01
6.956281661987304688e-01
7.074459195137023926e-01
7.013955116271972656e-01
7.046353220939636230e-01
7.126843929290771484e-01
6.956866383552551270e-01
7.037900090217590332e-01
6.942784190177917480e-01
7.149013876914978027e-01
6.912625432014465332e-01
6.991691589355468750e-01
7.219582796096801758e-01
7.107173800468444824e-01
7.121317982673645020e-01
6.991519927978515625e-01
7.216193079948425293e-01
7.009004354476928711e-01
7.132498025894165039e-01
6.990132331848144531e-01
7.247136831283569336e-01
7.123368978500366211e-01
6.842107772827148438e-01
7.244064807891845703e-01
7.149320840835571289e-01
7.321952581405639648e-01
7.139944434165954590e-01
7.280958890914916992e-01
7.182633876800537109e-01
7.331141233444213867e-01
7.304559350013732910e-01
7.379699945449829102e-01
7.255020737648010254e-01
7.224346399307250977e-01
7.156989574432373047e-01
7.359495162963867188e-01
7.365410327911376953e-01
7.497902512550354004e-01
7.450983524322509766e-01
7.520703077316284180e-01
7.391819953918457031e-01
7.369078397750854492e-01
7.385224699974060059e-01
7.290272116661071777e-01
7.425581812858581543e-01
7.440936565399169922e-01
7.613835930824279785e-01
7.641404271125793457e-01
7.493652701377868652e-01
7.608805298805236816e-01
7.627660632133483887e-01
7.748605608940124512e-01
7.754221558570861816e-01
7.730996608734130859e-01
7.776780128479003906e-01
7.806989550590515137e-01
7.749070525169372559e-01
7.558273077011108398e-01
7.904040813446044922e-01
7.938728332519531250e-01
7.741481661796569824e-01
7.930356264114379883e-01
7.945643067359924316e-01
7.775135040283203125e-01
7.685566544532775879e-01
7.887814640998840332e-01
7.897017598152160645e-01
7.943999767303466797e-01
7.858721613883972168e-01
7.879100441932678223e-01
8.029830455780029297e-01
8.071753978729248047e-01
8.022605776786804199e-01
7.994956374168395996e-01
7.957471013069152832e-01
8.099251389503479004e-01
8.182446956634521484e-01
7.790818810462951660e-01
7.900572419166564941e-01
8.088157773017883301e-01
8.056160807609558105e-01
8.359771966934204102e-01
8.422798514366149902e-01
8.167750835418701172e-01
7.908663749694824219e-01
8.444636464118957520e-01
8.478755354881286621e-01
8.515725731849670410e-01
8.544493913650512695e-01
8.649752140045166016e-01
8.499481678009033203e-01
8.580439686775207520e-01
8.568120002746582031e-01
8.656309843063354492e-01
8.678656220436096191e-01
8.372471928596496582e-01
8.600268363952636719e-01
8.627254962921142578e-01
8.725068569183349609e-01
8.703680634498596191e-01
8.726285696029663086e-01
8.729353547096252441e-01
8.801541328430175781e-01
8.690028190612792969e-01
8.775412440299987793e-01
8.712834119796752930e-01
8.626770973205566406e-01
8.773797750473022461e-01
8.803348541259765625e-01
8.524894118309020996e-01
7.847329974174499512e-01
8.889929056167602539e-01
8.982371091842651367e-01
8.650028705596923828e-01
8.837646842002868652e-01
8.889757990837097168e-01
8.919416666030883789e-01
9.111964106559753418e-01
8.945026397705078125e-01
8.946464061737060547e-01
8.798910975456237793e-01
8.898298740386962891e-01
9.227217435836791992e-01
9.057399630546569824e-01
8.867613077163696289e-01
9.103166460990905762e-01
9.202795028686523438e-01
9.253173470497131348e-01
8.596437573432922363e-01
9.009877443313598633e-01
9.218235611915588379e-01
9.268775582313537598e-01
9.185731410980224609e-01
8.959249258041381836e-01
9.323539733886718750e-01
7.945135235786437988e-01
9.146723151206970215e-01
8.936574459075927734e-01
9.417876601219177246e-01
9.355449080467224121e-01
9.154073596000671387e-01
9.270979762077331543e-01
9.495525956153869629e-01
9.571309685707092285e-01
9.604030251502990723e-01
9.517438411712646484e-01
9.642593860626220703e-01
9.654724597930908203e-01
9.263036847114562988e-01
9.443474411964416504e-01
9.683151245117187500e-01
9.281663894653320312e-01
9.823180437088012695e-01
9.562661647796630859e-01
9.362909197807312012e-01
9.626415371894836426e-01
9.716154336929321289e-01
9.720043540000915527e-01
8.293156027793884277e-01
9.440007209777832031e-01
9.817602038383483887e-01
9.665787220001220703e-01
9.939699769020080566e-01
9.765048027038574219e-01
9.848015904426574707e-01
1.003197669982910156e+00
9.674297571182250977e-01
-9.899900000000000000e+04
1.005289554595947266e+00
9.849991798400878906e-01
9.803329706192016602e-01
9.694281816482543945e-01
-9.899900000000000000e+04
1.007910251617431641e+00
-9.899900000000000000e+04
-9.899900000000000000e+04
9.699298143386840820e-01
9.691846966743469238e-01
-9.899900000000000000e+04
9.673973917961120605e-01
-9.899900000000000000e+04
-9.899900000000000000e+04
-9.899900000000000000e+04
