6.461329460144042969e-01
6.245424747467041016e-01
6.562239527702331543e-01
6.651226878166198730e-01
6.467798352241516113e-01
6.468650102615356445e-01
6.557057499885559082e-01
6.678663492202758789e-01
6.583522558212280273e-01
6.654602885246276855e-01
6.641452312469482422e-01
6.636283397674560547e-01
6.674644351005554199e-01
6.544808745384216309e-01
6.808091402053833008e-01
6.848675608634948730e-01
6.809154748916625977e-01
6.668570041656494141e-01
6.890469193458557129e-01
6.843210458755493164e-01
6.648043990135192871e-01
6.835260391235351562e-01
6.518429517745971680e-01
6.926614642143249512e-01
7.058493494987487793e-01
6.878817677497863770e-01
7.098388075828552246e-01
6.888029575347900391e-01
6.877900362014770508e-01
7.025297880172729492e-01
6.932282447814941406e-01
6.903612613677978516e-01
7.055331468582153320e-01
7.033570408821105957e-01
6.916729211807250977e-01
6.923815608024597168e-01
6.958599090576171875e-01
6.961650848388671875e-01
6.961342096328735352e-01
7.137643098831176758e-01
7.080223560333251953e-01
6.991039514541625977e-01
7.050594091415405273e-01
7.017790079116821289e-01
7.034449577331542969e-01
7.117456793785095215e-01
7.072739601135253906e-01
7.180847525596618652e-01
7.199667096138000488e-01
7.140185832977294922e-01
7.189781665802001953e-01
6.959022879600524902e-01
7.150477170944213867e-01
7.022280097007751465e-01
7.216845750808715820e-01
6.991882324218750000e-01
7.020631432533264160e-01
7.226213812828063965e-01
7.251673340797424316e-01
7.109472155570983887e-01
7.269485592842102051e-01
7.344183325767517090e-01
7.331734299659729004e-01
7.297964692115783691e-01
7.316601872444152832e-01
7.122762799263000488e-01
7.280233502388000488e-01
7.221688628196716309e-01
7.111245989799499512e-01
7.282397150993347168e-01
7.203987240791320801e-01
7.199312448501586914e-01
7.351700067520141602e-01
7.393462657928466797e-01
7.628587484359741211e-01
7.024982571601867676e-01
7.364721298217773438e-01
7.582677006721496582e-01
7.337246537208557129e-01
7.203453779220581055e-01
7.381588220596313477e-01
7.634559869766235352e-01
7.551423907279968262e-01
7.501708269119262695e-01
7.680624723434448242e-01
7.675154805183410645e-01
7.704831957817077637e-01
7.857396006584167480e-01
7.841753959655761719e-01
7.883117794990539551e-01
7.832037210464477539e-01
7.784273624420166016e-01
7.904931306838989258e-01
7.976781725883483887e-01
7.829958200454711914e-01
7.852531671524047852e-01
7.900142669677734375e-01
7.849804162979125977e-01
7.855614423751831055e-01
7.859561443328857422e-01
7.769274115562438965e-01
7.406819462776184082e-01
7.972168922424316406e-01
7.907837629318237305e-01
8.039301037788391113e-01
7.920147776603698730e-01
7.880915403366088867e-01
7.955669164657592773e-01
8.049014210700988770e-01
8.149446845054626465e-01
8.231729865074157715e-01
8.141061663627624512e-01
8.322845101356506348e-01
8.152685165405273438e-01
8.055040836334228516e-01
8.083536624908447266e-01
8.493468165397644043e-01
8.164340257644653320e-01
8.443515300750732422e-01
8.380123376846313477e-01
8.422037363052368164e-01
8.488207459449768066e-01
8.373182415962219238e-01
8.542253971099853516e-01
8.418334722518920898e-01
8.608213067054748535e-01
8.499503731727600098e-01
8.491304516792297363e-01
8.533908724784851074e-01
8.655641674995422363e-01
8.729701042175292969e-01
8.486390709877014160e-01
8.560682535171508789e-01
8.823252916336059570e-01
8.703584074974060059e-01
8.705150485038757324e-01
8.711599111557006836e-01
8.722628951072692871e-01
8.886899948120117188e-01
8.749462962150573730e-01
8.500515222549438477e-01
8.920305967330932617e-01
8.559067845344543457e-01
8.731695413589477539e-01
8.918914198875427246e-01
8.915016651153564453e-01
8.793320655822753906e-01
9.101729989051818848e-01
8.794228434562683105e-01
8.873628973960876465e-01
9.095721840858459473e-01
8.894357085227966309e-01
8.656554818153381348e-01
8.629925251007080078e-01
8.423163890838623047e-01
8.998578190803527832e-01
9.009418487548828125e-01
9.221618771553039551e-01
9.191861152648925781e-01
9.047001600265502930e-01
9.144570231437683105e-01
8.008989691734313965e-01
8.681718707084655762e-01
9.172105789184570312e-01
9.156663417816162109e-01
9.180918335914611816e-01
9.152720570564270020e-01
8.566355109214782715e-01
9.338188171386718750e-01
8.728525638580322266e-01
8.245616555213928223e-01
9.140510559082031250e-01
9.125280380249023438e-01
9.393910765647888184e-01
9.274325966835021973e-01
8.752927780151367188e-01
9.290328621864318848e-01
9.451029300689697266e-01
9.199568033218383789e-01
8.826934695243835449e-01
9.390938282012939453e-01
9.263221621513366699e-01
9.193824529647827148e-01
9.745280146598815918e-01
9.824370741844177246e-01
9.600862264633178711e-01
9.820839762687683105e-01
9.181470870971679688e-01
9.665836095809936523e-01
8.013023734092712402e-01
9.330049157142639160e-01
9.697833657264709473e-01
9.784963726997375488e-01
9.329747557640075684e-01
9.844430685043334961e-01
8.717456459999084473e-01
9.464700818061828613e-01
9.929772019386291504e-01
9.817658066749572754e-01
9.627698659896850586e-01
-9.899900000000000000e+04
9.467570185661315918e-01
9.851873517036437988e-01
9.767766594886779785e-01
