6.225892305374145508e-01
6.517849564552307129e-01
6.407510042190551758e-01
6.476886868476867676e-01
6.469347476959228516e-01
6.487110853195190430e-01
6.603446006774902344e-01
6.693965792655944824e-01
6.592803001403808594e-01
6.654602885246276855e-01
6.664010882377624512e-01
6.636283397674560547e-01
6.751718521118164062e-01
6.659889221191406250e-01
6.808091402053833008e-01
6.819742321968078613e-01
6.810971498489379883e-01
6.876502633094787598e-01
6.638529300689697266e-01
6.801012754440307617e-01
6.876512169837951660e-01
6.802825331687927246e-01
6.756352782249450684e-01
7.045492529869079590e-01
6.923391222953796387e-01
6.742842197418212891e-01
7.028447985649108887e-01
6.934535503387451172e-01
6.985523700714111328e-01
6.945591568946838379e-01
6.940719485282897949e-01
7.123299241065979004e-01
7.017874121665954590e-01
6.882114410400390625e-01
6.911317706108093262e-01
6.937592625617980957e-01
6.960754394531250000e-01
6.979421973228454590e-01
7.130541801452636719e-01
7.135104537010192871e-01
7.067958712577819824e-01
7.057314515113830566e-01
7.096167206764221191e-01
7.095260024070739746e-01
6.971376538276672363e-01
7.058432698249816895e-01
7.016594409942626953e-01
7.120171189308166504e-01
7.064666748046875000e-01
7.154141664505004883e-01
7.059633135795593262e-01
7.121742963790893555e-01
7.004033923149108887e-01
7.138898968696594238e-01
7.075939774513244629e-01
7.093117833137512207e-01
7.180303931236267090e-01
7.269814014434814453e-01
7.231621146202087402e-01
7.155348062515258789e-01
7.241172790527343750e-01
7.236649990081787109e-01
7.250795364379882812e-01
7.185330390930175781e-01
7.135668396949768066e-01
7.284077405929565430e-01
7.223976254463195801e-01
7.352488040924072266e-01
7.269260287284851074e-01
7.405521869659423828e-01
7.285128235816955566e-01
7.458467483520507812e-01
7.313532829284667969e-01
7.276642322540283203e-01
7.652202248573303223e-01
7.578375935554504395e-01
7.413848042488098145e-01
7.539137005805969238e-01
7.692129015922546387e-01
7.330812811851501465e-01
7.335680127143859863e-01
7.750295996665954590e-01
7.375956773757934570e-01
7.502974867820739746e-01
7.649762034416198730e-01
7.586361765861511230e-01
7.787367105484008789e-01
7.662602663040161133e-01
7.733644247055053711e-01
7.845098376274108887e-01
7.872299551963806152e-01
7.871295809745788574e-01
7.923078536987304688e-01
7.879384756088256836e-01
7.836440801620483398e-01
7.928119301795959473e-01
7.900484800338745117e-01
7.700674533843994141e-01
7.860015630722045898e-01
7.734901905059814453e-01
7.850400805473327637e-01
7.740907669067382812e-01
7.698100209236145020e-01
8.071393370628356934e-01
7.842566967010498047e-01
8.150217533111572266e-01
8.064978122711181641e-01
7.915235757827758789e-01
8.205441236495971680e-01
8.104925155639648438e-01
8.121966123580932617e-01
8.148646950721740723e-01
8.177467584609985352e-01
8.057991266250610352e-01
8.198037743568420410e-01
7.984439730644226074e-01
8.252460360527038574e-01
8.228698968887329102e-01
8.337799906730651855e-01
8.265376091003417969e-01
8.389453887939453125e-01
8.508201837539672852e-01
8.302097320556640625e-01
8.515509963035583496e-01
8.563217520713806152e-01
8.555738925933837891e-01
8.604723811149597168e-01
8.465600609779357910e-01
8.519826531410217285e-01
8.396610021591186523e-01
8.543981909751892090e-01
8.147574067115783691e-01
8.456953763961791992e-01
8.341848850250244141e-01
8.722732067108154297e-01
8.693737387657165527e-01
8.740670680999755859e-01
8.705735206604003906e-01
8.631145954132080078e-01
8.603872060775756836e-01
8.851090669631958008e-01
8.684328198432922363e-01
8.693922758102416992e-01
8.779291510581970215e-01
8.829400539398193359e-01
8.994862437248229980e-01
8.954436779022216797e-01
8.819196820259094238e-01
8.916240930557250977e-01
8.830008506774902344e-01
8.856464028358459473e-01
8.731619715690612793e-01
9.006420373916625977e-01
8.643216490745544434e-01
9.186260104179382324e-01
9.140707850456237793e-01
9.181258678436279297e-01
8.867889642715454102e-01
9.119464159011840820e-01
9.251407980918884277e-01
9.122492671012878418e-01
8.779035806655883789e-01
9.034464955329895020e-01
8.958837389945983887e-01
8.999225497245788574e-01
9.103307127952575684e-01
9.044743180274963379e-01
9.296941161155700684e-01
9.146006703376770020e-01
9.325045943260192871e-01
9.159285426139831543e-01
9.190191030502319336e-01
9.348649382591247559e-01
9.333186149597167969e-01
8.459891676902770996e-01
9.190070629119873047e-01
9.313684105873107910e-01
9.216599464416503906e-01
9.481865763664245605e-01
9.588327407836914062e-01
9.438362121582031250e-01
9.074265360832214355e-01
9.383165836334228516e-01
9.051497578620910645e-01
9.710295796394348145e-01
9.573239088058471680e-01
9.557896852493286133e-01
9.308550357818603516e-01
9.812763333320617676e-01
9.909198284149169922e-01
9.829990863800048828e-01
9.482530355453491211e-01
9.146078824996948242e-01
9.827255010604858398e-01
9.869004487991333008e-01
9.409527182579040527e-01
9.773309230804443359e-01
-9.899900000000000000e+04
8.462972640991210938e-01
9.374579787254333496e-01
9.813311100006103516e-01
7.830427289009094238e-01
-9.899900000000000000e+04
-9.899900000000000000e+04
9.834040999412536621e-01
