6.461329460144042969e-01
6.257067918777465820e-01
6.406359076499938965e-01
6.476886868476867676e-01
6.469347476959228516e-01
6.472339630126953125e-01
6.615265011787414551e-01
6.749265789985656738e-01
6.592803001403808594e-01
6.598164439201354980e-01
6.664795279502868652e-01
6.540870666503906250e-01
6.641311645507812500e-01
6.836697459220886230e-01
6.811007857322692871e-01
6.848210692405700684e-01
6.826283931732177734e-01
6.710654497146606445e-01
6.753183007240295410e-01
6.713424324989318848e-01
6.707497239112854004e-01
6.750268340110778809e-01
6.810171008110046387e-01
6.878223419189453125e-01
6.919886469841003418e-01
7.018926143646240234e-01
6.872268915176391602e-01
6.976190805435180664e-01
6.882863640785217285e-01
6.945591568946838379e-01
6.917183399200439453e-01
6.950945854187011719e-01
7.017874121665954590e-01
6.857463121414184570e-01
6.912078857421875000e-01
6.921381354331970215e-01
7.021296024322509766e-01
6.964154839515686035e-01
7.072203159332275391e-01
6.955897808074951172e-01
6.996781229972839355e-01
6.902349591255187988e-01
7.017405033111572266e-01
7.012753486633300781e-01
7.020356059074401855e-01
6.993560194969177246e-01
7.084162235260009766e-01
7.172952890396118164e-01
7.142342329025268555e-01
7.116171121597290039e-01
7.098913192749023438e-01
6.997690200805664062e-01
7.166550159454345703e-01
7.091425061225891113e-01
7.087095975875854492e-01
7.184411883354187012e-01
7.203129529953002930e-01
7.291917800903320312e-01
7.135627269744873047e-01
7.145069837570190430e-01
7.112513184547424316e-01
7.314154505729675293e-01
7.340003252029418945e-01
7.207710742950439453e-01
7.198926806449890137e-01
7.238349318504333496e-01
7.105062007904052734e-01
7.221115827560424805e-01
7.334415316581726074e-01
7.322023510932922363e-01
7.320100069046020508e-01
7.198644280433654785e-01
7.291319370269775391e-01
7.420575618743896484e-01
7.529365420341491699e-01
7.362228631973266602e-01
7.532820701599121094e-01
7.248570919036865234e-01
7.383870482444763184e-01
7.659085392951965332e-01
7.352266311645507812e-01
7.495325803756713867e-01
7.396906614303588867e-01
7.477917075157165527e-01
7.516555190086364746e-01
7.778772711753845215e-01
7.479289174079895020e-01
7.816642522811889648e-01
7.777008414268493652e-01
7.880516648292541504e-01
7.361809611320495605e-01
7.866234183311462402e-01
7.917881608009338379e-01
7.903183102607727051e-01
7.646210789680480957e-01
7.832397222518920898e-01
7.539503574371337891e-01
8.015495538711547852e-01
7.394894957542419434e-01
7.847263216972351074e-01
7.850742340087890625e-01
7.986563444137573242e-01
7.714520096778869629e-01
8.037813305854797363e-01
8.023149371147155762e-01
7.707276344299316406e-01
7.915080189704895020e-01
8.213145732879638672e-01
7.933275103569030762e-01
8.037482500076293945e-01
8.061553239822387695e-01
8.214638233184814453e-01
8.136163353919982910e-01
8.098541498184204102e-01
8.003708720207214355e-01
8.143458962440490723e-01
8.287413120269775391e-01
8.198114633560180664e-01
8.251546621322631836e-01
8.384566903114318848e-01
8.552107810974121094e-01
8.518257737159729004e-01
8.265964984893798828e-01
8.575454950332641602e-01
8.535042405128479004e-01
8.469477295875549316e-01
8.521847724914550781e-01
8.686841726303100586e-01
8.560415506362915039e-01
8.580450415611267090e-01
8.618349432945251465e-01
8.542877435684204102e-01
8.279646039009094238e-01
8.678868412971496582e-01
8.431068062782287598e-01
8.594428300857543945e-01
8.658734560012817383e-01
8.656870126724243164e-01
8.763384222984313965e-01
8.772348761558532715e-01
8.804804682731628418e-01
8.838602900505065918e-01
8.982279300689697266e-01
8.896628022193908691e-01
8.685693144798278809e-01
8.861979842185974121e-01
8.811851143836975098e-01
8.972567319869995117e-01
8.818569183349609375e-01
8.993319272994995117e-01
8.849288821220397949e-01
8.805810213088989258e-01
8.872807025909423828e-01
9.063372015953063965e-01
9.118408560752868652e-01
6.981477141380310059e-01
8.795375227928161621e-01
8.745896220207214355e-01
9.045065045356750488e-01
9.080426096916198730e-01
9.101247191429138184e-01
9.154471755027770996e-01
9.325118660926818848e-01
8.414351940155029297e-01
9.068801999092102051e-01
9.192056059837341309e-01
9.214514493942260742e-01
9.257336854934692383e-01
9.096974134445190430e-01
9.365473985671997070e-01
9.329103827476501465e-01
8.121713399887084961e-01
9.036695361137390137e-01
9.281055927276611328e-01
9.360384941101074219e-01
9.347846508026123047e-01
9.135854840278625488e-01
9.365386366844177246e-01
9.224227070808410645e-01
8.191226124763488770e-01
8.251196742057800293e-01
8.702281713485717773e-01
9.625027775764465332e-01
9.405441284179687500e-01
9.527632594108581543e-01
9.451174139976501465e-01
9.642817378044128418e-01
9.659039974212646484e-01
9.396452903747558594e-01
9.485212564468383789e-01
9.786571264266967773e-01
9.681765437126159668e-01
9.712569117546081543e-01
9.909417629241943359e-01
8.761460781097412109e-01
9.702216982841491699e-01
9.974591732025146484e-01
8.689583539962768555e-01
9.763246774673461914e-01
9.699943065643310547e-01
9.745817184448242188e-01
-9.899900000000000000e+04
1.021524310111999512e+00
9.498097896575927734e-01
9.830778241157531738e-01
9.856184124946594238e-01
-9.899900000000000000e+04
9.842287898063659668e-01
9.715465307235717773e-01
8.353290557861328125e-01
-9.899900000000000000e+04
-9.899900000000000000e+04
-9.899900000000000000e+04
-9.899900000000000000e+04
-9.899900000000000000e+04
-9.899900000000000000e+04
-9.899900000000000000e+04
-9.899900000000000000e+04
9.762119054794311523e-01
-9.899900000000000000e+04
-9.899900000000000000e+04
-9.899900000000000000e+04
-9.899900000000000000e+04
8.981666564941406250e-01
-9.899900000000000000e+04
-9.899900000000000000e+04
