6.225892305374145508e-01
6.358127593994140625e-01
6.388311982154846191e-01
6.632860302925109863e-01
6.476992368698120117e-01
6.472339630126953125e-01
6.603446006774902344e-01
6.678663492202758789e-01
6.553733348846435547e-01
6.654602885246276855e-01
6.664795279502868652e-01
6.596245169639587402e-01
6.817724108695983887e-01
6.772983670234680176e-01
6.808091402053833008e-01
6.849688887596130371e-01
6.729763746261596680e-01
6.681502461433410645e-01
6.697576045989990234e-01
6.826766729354858398e-01
6.814482212066650391e-01
6.802825331687927246e-01
6.823445558547973633e-01
6.878223419189453125e-01
6.940559148788452148e-01
6.925680041313171387e-01
6.958276629447937012e-01
7.027965784072875977e-01
6.877900362014770508e-01
7.063283920288085938e-01
6.870552301406860352e-01
6.888970136642456055e-01
6.915193796157836914e-01
6.883881092071533203e-01
6.906443834304809570e-01
7.028777599334716797e-01
6.960754394531250000e-01
7.035740017890930176e-01
6.851997971534729004e-01
7.112755775451660156e-01
7.116172313690185547e-01
7.112235426902770996e-01
7.006935477256774902e-01
6.743968129158020020e-01
6.979643702507019043e-01
6.941961050033569336e-01
7.054307460784912109e-01
7.192147970199584961e-01
7.037515640258789062e-01
7.038442492485046387e-01
6.975582838058471680e-01
7.019130587577819824e-01
7.011163830757141113e-01
7.050979137420654297e-01
7.187331914901733398e-01
7.211785912513732910e-01
7.206289768218994141e-01
7.125527262687683105e-01
7.262407541275024414e-01
7.264068126678466797e-01
7.122997045516967773e-01
7.308953404426574707e-01
7.208528518676757812e-01
7.140476703643798828e-01
7.311319708824157715e-01
7.227176427841186523e-01
7.366656064987182617e-01
7.365388870239257812e-01
7.216104269027709961e-01
7.288336753845214844e-01
7.275961637496948242e-01
7.509373426437377930e-01
7.604093551635742188e-01
7.544051408767700195e-01
7.378486394882202148e-01
7.378553152084350586e-01
7.217897176742553711e-01
7.403765916824340820e-01
7.434005141258239746e-01
7.514947652816772461e-01
7.324090003967285156e-01
7.201521992683410645e-01
7.631121277809143066e-01
7.643141150474548340e-01
7.605686783790588379e-01
7.714824676513671875e-01
7.491531968116760254e-01
7.766589522361755371e-01
7.640018463134765625e-01
7.884873747825622559e-01
7.903161048889160156e-01
7.780615091323852539e-01
7.570382952690124512e-01
7.863838076591491699e-01
7.818664312362670898e-01
7.773473262786865234e-01
7.911848425865173340e-01
7.828089594841003418e-01
7.660543918609619141e-01
7.466025352478027344e-01
8.050500154495239258e-01
7.954922914505004883e-01
8.025701642036437988e-01
8.068005442619323730e-01
8.004449605941772461e-01
7.872910499572753906e-01
8.203260302543640137e-01
8.116914033889770508e-01
8.080362081527709961e-01
8.165780305862426758e-01
8.051155209541320801e-01
8.108796477317810059e-01
8.044523596763610840e-01
8.209166526794433594e-01
8.200023174285888672e-01
7.731744050979614258e-01
8.145901560783386230e-01
8.233496546745300293e-01
8.225870132446289062e-01
8.587979674339294434e-01
8.514725565910339355e-01
8.004326820373535156e-01
8.548076748847961426e-01
8.540776968002319336e-01
8.597294092178344727e-01
8.524169921875000000e-01
8.511923551559448242e-01
8.564072251319885254e-01
8.416503667831420898e-01
8.485747575759887695e-01
8.698722720146179199e-01
8.521280288696289062e-01
8.714989423751831055e-01
8.292704820632934570e-01
8.721972107887268066e-01
8.704124689102172852e-01
8.655596375465393066e-01
8.718609213829040527e-01
8.643407225608825684e-01
8.580725193023681641e-01
8.831372261047363281e-01
8.663365244865417480e-01
8.884236812591552734e-01
8.723773956298828125e-01
8.980524539947509766e-01
8.878338932991027832e-01
8.756224513053894043e-01
9.057551026344299316e-01
8.922113776206970215e-01
9.042735695838928223e-01
9.017464518547058105e-01
9.033612608909606934e-01
8.733563423156738281e-01
8.958972692489624023e-01
8.872043490409851074e-01
8.975556492805480957e-01
9.096462726593017578e-01
9.224155545234680176e-01
9.106853604316711426e-01
9.040035009384155273e-01
9.115988016128540039e-01
9.153379201889038086e-01
9.206408262252807617e-01
9.074461460113525391e-01
9.060354828834533691e-01
9.226233363151550293e-01
8.655365109443664551e-01
9.172902703285217285e-01
8.778171539306640625e-01
9.204873442649841309e-01
9.070222377777099609e-01
8.859407901763916016e-01
9.210877418518066406e-01
9.227110743522644043e-01
8.998291492462158203e-01
9.304841160774230957e-01
9.087674021720886230e-01
9.414114356040954590e-01
9.183615446090698242e-01
9.482557177543640137e-01
9.481172561645507812e-01
9.621300697326660156e-01
9.433583021163940430e-01
9.361022710800170898e-01
9.069135785102844238e-01
7.829681634902954102e-01
8.452623486518859863e-01
8.633233308792114258e-01
9.272214770317077637e-01
8.545426726341247559e-01
9.777905941009521484e-01
8.476704359054565430e-01
8.365898132324218750e-01
9.835457801818847656e-01
9.320652484893798828e-01
9.726958870887756348e-01
9.884945154190063477e-01
8.257653117179870605e-01
