6.291534900665283203e-01
6.358127593994140625e-01
6.407510042190551758e-01
6.606395840644836426e-01
6.476992368698120117e-01
6.493827104568481445e-01
6.616687774658203125e-01
6.678663492202758789e-01
6.592803001403808594e-01
6.654602885246276855e-01
6.752379536628723145e-01
6.803489923477172852e-01
6.817724108695983887e-01
6.658811569213867188e-01
6.808091402053833008e-01
6.714707612991333008e-01
6.748010516166687012e-01
6.660917401313781738e-01
6.639990210533142090e-01
6.810756325721740723e-01
6.901529431343078613e-01
6.825096607208251953e-01
6.803619265556335449e-01
6.997576355934143066e-01
6.882556080818176270e-01
6.980926394462585449e-01
6.890818476676940918e-01
6.795616149902343750e-01
6.973822712898254395e-01
6.920197010040283203e-01
6.823386549949645996e-01
6.824609637260437012e-01
6.915193796157836914e-01
6.868515610694885254e-01
7.023847699165344238e-01
6.926329731941223145e-01
7.045052051544189453e-01
6.987879276275634766e-01
6.996306777000427246e-01
7.188727855682373047e-01
6.987940669059753418e-01
7.064243555068969727e-01
7.055806517601013184e-01
7.060840725898742676e-01
6.995453238487243652e-01
6.979841589927673340e-01
6.998581886291503906e-01
7.055382728576660156e-01
7.025120854377746582e-01
6.981503367424011230e-01
7.073535323143005371e-01
7.019679546356201172e-01
7.034556269645690918e-01
7.156476378440856934e-01
7.209911942481994629e-01
7.215391397476196289e-01
6.956379413604736328e-01
7.099364995956420898e-01
7.254700660705566406e-01
7.266970872879028320e-01
7.185608148574829102e-01
7.063273191452026367e-01
7.265921831130981445e-01
7.295985221862792969e-01
7.214561700820922852e-01
7.235648036003112793e-01
7.227832674980163574e-01
7.260676622390747070e-01
7.359530329704284668e-01
7.267688512802124023e-01
7.317693233489990234e-01
7.475591301918029785e-01
7.441140413284301758e-01
7.209247350692749023e-01
7.466471195220947266e-01
7.174087166786193848e-01
7.398614287376403809e-01
7.423906922340393066e-01
7.383169531822204590e-01
7.490031123161315918e-01
7.482100725173950195e-01
7.640485167503356934e-01
7.639563083648681641e-01
7.490286231040954590e-01
7.607662677764892578e-01
7.738451361656188965e-01
7.633498311042785645e-01
7.843620181083679199e-01
7.743818163871765137e-01
7.890322804450988770e-01
7.749950885772705078e-01
7.821280956268310547e-01
7.957542538642883301e-01
7.886309623718261719e-01
7.577431797981262207e-01
7.783566117286682129e-01
7.830719947814941406e-01
7.777109742164611816e-01
7.728556394577026367e-01
7.944160699844360352e-01
7.660880684852600098e-01
7.911748290061950684e-01
7.950467467308044434e-01
8.054379224777221680e-01
8.074036240577697754e-01
7.912168502807617188e-01
8.068491220474243164e-01
8.113576173782348633e-01
8.105930685997009277e-01
8.147645592689514160e-01
7.960324883460998535e-01
8.097040653228759766e-01
8.037961721420288086e-01
8.109808564186096191e-01
7.955134510993957520e-01
7.965965270996093750e-01
8.416395783424377441e-01
7.388401031494140625e-01
8.193740248680114746e-01
8.477098941802978516e-01
8.162932991981506348e-01
8.459618687629699707e-01
8.514080643653869629e-01
8.561905026435852051e-01
8.561922907829284668e-01
8.649797439575195312e-01
8.540237545967102051e-01
8.464311957359313965e-01
8.705539703369140625e-01
8.662381768226623535e-01
8.691961169242858887e-01
8.587193489074707031e-01
8.781219720840454102e-01
8.730983734130859375e-01
8.654187917709350586e-01
8.702961802482604980e-01
8.808932900428771973e-01
8.717635869979858398e-01
8.765279650688171387e-01
8.622577190399169922e-01
8.570082187652587891e-01
8.849999308586120605e-01
8.661186099052429199e-01
8.689640164375305176e-01
9.019620418548583984e-01
8.919148445129394531e-01
9.058181643486022949e-01
8.948942422866821289e-01
8.866627812385559082e-01
8.740282058715820312e-01
8.732510209083557129e-01
9.034717679023742676e-01
8.917797803878784180e-01
8.749467730522155762e-01
8.556798100471496582e-01
9.007698893547058105e-01
8.656687140464782715e-01
8.659632802009582520e-01
9.102819561958312988e-01
9.148548841476440430e-01
8.981115221977233887e-01
8.478482961654663086e-01
9.040355086326599121e-01
9.163709282875061035e-01
9.241803288459777832e-01
9.314324855804443359e-01
9.232400059700012207e-01
9.194610714912414551e-01
9.235441684722900391e-01
9.151092171669006348e-01
8.887589573860168457e-01
9.086130261421203613e-01
9.426921606063842773e-01
8.133046030998229980e-01
9.366258382797241211e-01
7.695690393447875977e-01
8.942734599113464355e-01
9.234684705734252930e-01
9.250229001045227051e-01
9.606804847717285156e-01
9.346437454223632812e-01
9.633976817131042480e-01
9.269903302192687988e-01
9.210316538810729980e-01
9.217156767845153809e-01
9.531276226043701172e-01
9.589923620223999023e-01
9.336872100830078125e-01
9.801918864250183105e-01
9.044066667556762695e-01
9.693129658699035645e-01
9.906948804855346680e-01
9.607379436492919922e-01
9.753627181053161621e-01
9.613821506500244141e-01
9.738187193870544434e-01
9.556862115859985352e-01
9.876964688301086426e-01
9.599894881248474121e-01
9.168701171875000000e-01
9.452986717224121094e-01
9.775641560554504395e-01
9.755638241767883301e-01
-9.899900000000000000e+04
9.502628445625305176e-01
8.438234925270080566e-01
9.548563361167907715e-01
1.001727938652038574e+00
