6.309524774551391602e-01
6.358127593994140625e-01
6.388311982154846191e-01
6.476886868476867676e-01
6.469347476959228516e-01
6.692129373550415039e-01
6.616687774658203125e-01
6.678663492202758789e-01
6.802015900611877441e-01
6.793448328971862793e-01
6.752379536628723145e-01
6.751012802124023438e-01
6.641311645507812500e-01
6.840402483940124512e-01
6.665367484092712402e-01
6.680523157119750977e-01
6.809154748916625977e-01
6.633409857749938965e-01
6.638529300689697266e-01
6.855593919754028320e-01
6.899451017379760742e-01
6.802825331687927246e-01
6.803619265556335449e-01
6.934551596641540527e-01
6.968566179275512695e-01
7.001093029975891113e-01
6.895174980163574219e-01
6.909219622611999512e-01
6.877900362014770508e-01
6.932597756385803223e-01
6.918739080429077148e-01
6.891896724700927734e-01
6.732831001281738281e-01
7.021601200103759766e-01
6.982066631317138672e-01
7.029964327812194824e-01
6.938320398330688477e-01
6.987879276275634766e-01
7.096272706985473633e-01
7.160422801971435547e-01
7.008877992630004883e-01
7.000669836997985840e-01
6.977485418319702148e-01
6.994525790214538574e-01
6.925696134567260742e-01
7.042517066001892090e-01
7.045742869377136230e-01
7.074666619300842285e-01
7.103680968284606934e-01
7.099650502204895020e-01
6.945543885231018066e-01
6.992675662040710449e-01
7.177229523658752441e-01
7.159974575042724609e-01
7.108654975891113281e-01
7.205033302307128906e-01
7.225173115730285645e-01
7.134231328964233398e-01
7.108645439147949219e-01
7.288528084754943848e-01
7.025803923606872559e-01
7.191372513771057129e-01
7.160643339157104492e-01
7.213748693466186523e-01
7.338301539421081543e-01
7.360489964485168457e-01
7.266398668289184570e-01
7.394460439682006836e-01
7.304357290267944336e-01
7.260129451751708984e-01
7.408837080001831055e-01
7.330995798110961914e-01
7.362071871757507324e-01
7.209025025367736816e-01
7.296577692031860352e-01
7.495951652526855469e-01
7.542527914047241211e-01
7.199087142944335938e-01
7.420417666435241699e-01
7.225669026374816895e-01
7.318946719169616699e-01
7.653697729110717773e-01
7.415712475776672363e-01
7.634779214859008789e-01
7.792186141014099121e-01
7.683263421058654785e-01
7.636841535568237305e-01
7.886932492256164551e-01
7.807958126068115234e-01
7.902442812919616699e-01
7.724525332450866699e-01
7.992988824844360352e-01
7.967308759689331055e-01
7.588264942169189453e-01
7.650573253631591797e-01
7.524133920669555664e-01
7.771529555320739746e-01
7.875512242317199707e-01
7.686135172843933105e-01
7.720777988433837891e-01
8.000658750534057617e-01
7.597505450248718262e-01
7.926510572433471680e-01
7.918655872344970703e-01
8.035933375358581543e-01
7.839690446853637695e-01
8.086401820182800293e-01
8.058522939682006836e-01
7.999759912490844727e-01
7.908499240875244141e-01
8.124158382415771484e-01
8.171939849853515625e-01
8.000079393386840820e-01
8.137688636779785156e-01
8.056434988975524902e-01
8.072630167007446289e-01
7.966483831405639648e-01
8.006673455238342285e-01
8.248734474182128906e-01
7.766101360321044922e-01
8.255448341369628906e-01
8.534771203994750977e-01
8.495114445686340332e-01
8.551467657089233398e-01
7.990922927856445312e-01
8.601053953170776367e-01
8.506618738174438477e-01
8.552769422531127930e-01
8.571508526802062988e-01
8.519653081893920898e-01
8.622175455093383789e-01
8.505454063415527344e-01
8.607780337333679199e-01
8.757825493812561035e-01
8.614891767501831055e-01
8.650793433189392090e-01
8.848115801811218262e-01
8.717448711395263672e-01
8.755833506584167480e-01
8.647952675819396973e-01
8.729831576347351074e-01
8.717434406280517578e-01
8.923986554145812988e-01
8.932824730873107910e-01
8.922474980354309082e-01
8.926298022270202637e-01
8.993613719940185547e-01
8.928380608558654785e-01
8.827369809150695801e-01
8.924856781959533691e-01
8.883330225944519043e-01
8.704883456230163574e-01
8.494694232940673828e-01
8.784217238426208496e-01
9.013184309005737305e-01
9.062556624412536621e-01
9.056965708732604980e-01
8.807879090309143066e-01
8.800923228263854980e-01
8.945038914680480957e-01
9.166818857192993164e-01
8.493329882621765137e-01
9.139767289161682129e-01
9.138520359992980957e-01
8.933486342430114746e-01
8.826978206634521484e-01
8.678017258644104004e-01
9.014841914176940918e-01
9.241858720779418945e-01
9.347754716873168945e-01
9.166275262832641602e-01
8.698805570602416992e-01
9.117770195007324219e-01
9.347447752952575684e-01
7.900011539459228516e-01
9.222393035888671875e-01
9.052134156227111816e-01
9.089937210083007812e-01
8.662650585174560547e-01
9.337643384933471680e-01
9.532271027565002441e-01
8.203477263450622559e-01
9.187514185905456543e-01
9.573079943656921387e-01
9.596855044364929199e-01
9.377989172935485840e-01
9.630017280578613281e-01
9.245097637176513672e-01
9.549264907836914062e-01
8.938755989074707031e-01
9.651951193809509277e-01
9.024037122726440430e-01
9.518804550170898438e-01
8.983294963836669922e-01
8.616160154342651367e-01
9.792352914810180664e-01
9.828045964241027832e-01
1.003867864608764648e+00
9.795933365821838379e-01
9.751989841461181641e-01
-9.899900000000000000e+04
9.403300285339355469e-01
9.900244474411010742e-01
8.365827202796936035e-01
9.958652257919311523e-01
-9.899900000000000000e+04
9.924656152725219727e-01
8.358052968978881836e-01
9.704641103744506836e-01
