6.291534900665283203e-01
6.358127593994140625e-01
6.402796506881713867e-01
6.632860302925109863e-01
6.469347476959228516e-01
6.483440995216369629e-01
6.616687774658203125e-01
6.749265789985656738e-01
6.734914183616638184e-01
6.793448328971862793e-01
6.752379536628723145e-01
6.596245169639587402e-01
6.817724108695983887e-01
6.785833835601806641e-01
6.669101715087890625e-01
6.893771290779113770e-01
6.825008392333984375e-01
6.710654497146606445e-01
6.878952383995056152e-01
6.759077906608581543e-01
6.881055235862731934e-01
6.940180063247680664e-01
6.752519607543945312e-01
7.064725756645202637e-01
6.912087798118591309e-01
6.881611347198486328e-01
7.042095065116882324e-01
7.043316960334777832e-01
6.846235394477844238e-01
6.950013041496276855e-01
6.826681494712829590e-01
6.891896724700927734e-01
6.994485855102539062e-01
6.914362907409667969e-01
7.026780247688293457e-01
6.979723572731018066e-01
7.008129358291625977e-01
6.988803148269653320e-01
7.092423439025878906e-01
6.955897808074951172e-01
7.132812738418579102e-01
7.112235426902770996e-01
7.050273418426513672e-01
7.009800672531127930e-01
7.123620510101318359e-01
7.033592462539672852e-01
7.146269083023071289e-01
7.088198661804199219e-01
7.110369205474853516e-01
6.958820223808288574e-01
6.950688362121582031e-01
7.213124036788940430e-01
7.142235636711120605e-01
7.177888154983520508e-01
7.065808176994323730e-01
7.214622497558593750e-01
7.194440960884094238e-01
7.272441983222961426e-01
7.123001813888549805e-01
7.182778120040893555e-01
7.160453796386718750e-01
7.249676585197448730e-01
7.133581042289733887e-01
7.305458188056945801e-01
7.268145084381103516e-01
7.231757044792175293e-01
7.260531783103942871e-01
7.250403165817260742e-01
7.229140400886535645e-01
7.249987721443176270e-01
7.408586740493774414e-01
7.477071881294250488e-01
7.526459693908691406e-01
7.450981736183166504e-01
7.397787570953369141e-01
7.379359602928161621e-01
7.415249943733215332e-01
7.375603914260864258e-01
7.315706014633178711e-01
7.505705356597900391e-01
7.355527877807617188e-01
7.793076634407043457e-01
7.592684030532836914e-01
7.594990134239196777e-01
7.630954980850219727e-01
7.525699734687805176e-01
7.860255241394042969e-01
7.791200280189514160e-01
7.739262580871582031e-01
7.882108688354492188e-01
7.911372780799865723e-01
7.715163826942443848e-01
7.801117897033691406e-01
7.774664163589477539e-01
7.828606367111206055e-01
7.946970462799072266e-01
7.824692726135253906e-01
7.941880822181701660e-01
7.932934165000915527e-01
7.845703363418579102e-01
8.052036762237548828e-01
7.819141745567321777e-01
7.641236782073974609e-01
7.878159284591674805e-01
8.177405595779418945e-01
7.806756496429443359e-01
8.091435432434082031e-01
7.809998989105224609e-01
7.968426346778869629e-01
7.821679711341857910e-01
7.585629820823669434e-01
8.076907396316528320e-01
8.139724731445312500e-01
7.896662354469299316e-01
8.159034252166748047e-01
8.259676694869995117e-01
8.106423020362854004e-01
8.257919549942016602e-01
8.122075200080871582e-01
8.311016559600830078e-01
8.139244318008422852e-01
8.515794873237609863e-01
8.528488874435424805e-01
8.424713611602783203e-01
8.457636237144470215e-01
8.514512181282043457e-01
8.520267009735107422e-01
8.440659046173095703e-01
8.739840984344482422e-01
8.515179753303527832e-01
8.531973361968994141e-01
8.556599020957946777e-01
8.722535967826843262e-01
8.694803118705749512e-01
8.768041133880615234e-01
8.850404024124145508e-01
8.474642634391784668e-01
8.693414330482482910e-01
8.580252528190612793e-01
8.624157309532165527e-01
8.906950354576110840e-01
8.469291925430297852e-01
8.703144788742065430e-01
8.955551385879516602e-01
8.890132308006286621e-01
9.036285281181335449e-01
8.722890019416809082e-01
8.991498351097106934e-01
9.075580239295959473e-01
8.679673075675964355e-01
8.854801654815673828e-01
8.970872163772583008e-01
8.760631680488586426e-01
9.068145751953125000e-01
8.415387272834777832e-01
9.032372236251831055e-01
9.150805473327636719e-01
9.094573259353637695e-01
8.977599740028381348e-01
8.385914564132690430e-01
9.237300157546997070e-01
8.975416421890258789e-01
8.755018711090087891e-01
9.188994169235229492e-01
9.022998213768005371e-01
9.243324398994445801e-01
9.064224362373352051e-01
8.217973709106445312e-01
9.202200770378112793e-01
8.294913768768310547e-01
9.437322616577148438e-01
9.233141541481018066e-01
9.490341544151306152e-01
9.250295162200927734e-01
9.283115863800048828e-01
9.397158026695251465e-01
9.250260591506958008e-01
9.280339479446411133e-01
9.275054335594177246e-01
9.034729599952697754e-01
9.332171678543090820e-01
9.546942710876464844e-01
8.789862394332885742e-01
9.617398977279663086e-01
9.416166543960571289e-01
9.447240829467773438e-01
9.746724963188171387e-01
9.513246417045593262e-01
9.281682968139648438e-01
9.746828079223632812e-01
9.764274954795837402e-01
9.697443246841430664e-01
9.562848210334777832e-01
-9.899900000000000000e+04
9.771345257759094238e-01
9.850531816482543945e-01
9.806672334671020508e-01
9.186209440231323242e-01
9.798996448516845703e-01
9.716485738754272461e-01
9.785060286521911621e-01
9.810513854026794434e-01
9.757689833641052246e-01
9.733635187149047852e-01
9.835199713706970215e-01
9.892671704292297363e-01
9.711941480636596680e-01
-9.899900000000000000e+04
-9.899900000000000000e+04
8.594484329223632812e-01
-9.899900000000000000e+04
-9.899900000000000000e+04
9.734069705009460449e-01
8.541120886802673340e-01
9.651792645454406738e-01
-9.899900000000000000e+04
-9.899900000000000000e+04
-9.899900000000000000e+04
-9.899900000000000000e+04
8.915124535560607910e-01
-9.899900000000000000e+04
-9.899900000000000000e+04
8.473293185234069824e-01
-9.899900000000000000e+04
8.649894595146179199e-01
1.010803699493408203e+00
-9.899900000000000000e+04
-9.899900000000000000e+04
-9.899900000000000000e+04
6.539064645767211914e-01
8.446466922760009766e-01
-9.899900000000000000e+04
-9.899900000000000000e+04
-9.899900000000000000e+04
-9.899900000000000000e+04
-9.899900000000000000e+04
-9.899900000000000000e+04
-9.899900000000000000e+04
-9.899900000000000000e+04
-9.899900000000000000e+04
-9.899900000000000000e+04
-9.899900000000000000e+04
-9.899900000000000000e+04
-9.899900000000000000e+04
9.697580933570861816e-01
-9.899900000000000000e+04
-9.899900000000000000e+04
-9.899900000000000000e+04
-9.899900000000000000e+04
-9.899900000000000000e+04
-9.899900000000000000e+04
-9.899900000000000000e+04
-9.899900000000000000e+04
-9.899900000000000000e+04
-9.899900000000000000e+04
-9.899900000000000000e+04
-9.899900000000000000e+04
-9.899900000000000000e+04
-9.899900000000000000e+04
-9.899900000000000000e+04
-9.899900000000000000e+04
1.009275078773498535e+00
-9.899900000000000000e+04
-9.899900000000000000e+04
-9.899900000000000000e+04
-9.899900000000000000e+04
-9.899900000000000000e+04
-9.899900000000000000e+04
-9.899900000000000000e+04
-9.899900000000000000e+04
-9.899900000000000000e+04
-9.899900000000000000e+04
-9.899900000000000000e+04
-9.899900000000000000e+04
-9.899900000000000000e+04
-9.899900000000000000e+04
-9.899900000000000000e+04
-9.899900000000000000e+04
-9.899900000000000000e+04
