6.291534900665283203e-01
6.358127593994140625e-01
6.412144899368286133e-01
6.632860302925109863e-01
6.469347476959228516e-01
6.468650102615356445e-01
6.603446006774902344e-01
6.693965792655944824e-01
6.795113086700439453e-01
6.803293228149414062e-01
6.752379536628723145e-01
6.746125817298889160e-01
6.752463579177856445e-01
6.785833835601806641e-01
6.808091402053833008e-01
6.848210692405700684e-01
6.741776466369628906e-01
6.874428987503051758e-01
6.701969504356384277e-01
6.838296055793762207e-01
6.926071047782897949e-01
6.791911721229553223e-01
6.810171008110046387e-01
6.934555768966674805e-01
6.972776651382446289e-01
7.006990909576416016e-01
7.027961015701293945e-01
7.040576338768005371e-01
6.843441128730773926e-01
6.901693344116210938e-01
6.619327664375305176e-01
6.999827027320861816e-01
6.952923536300659180e-01
7.021601200103759766e-01
6.900209784507751465e-01
6.961479783058166504e-01
6.935344338417053223e-01
6.950572729110717773e-01
6.967304944992065430e-01
7.063401937484741211e-01
7.065399885177612305e-01
7.134361863136291504e-01
7.095502614974975586e-01
6.994280219078063965e-01
6.999297142028808594e-01
7.121438384056091309e-01
6.912939548492431641e-01
7.109016776084899902e-01
7.138094902038574219e-01
7.027104496955871582e-01
7.096617817878723145e-01
7.072280049324035645e-01
7.131426930427551270e-01
7.126165032386779785e-01
7.201837897300720215e-01
7.227749824523925781e-01
7.049989700317382812e-01
7.029262781143188477e-01
6.961907744407653809e-01
7.081553339958190918e-01
7.221380472183227539e-01
7.060152888298034668e-01
7.309113740921020508e-01
7.296980619430541992e-01
7.322321534156799316e-01
7.308542728424072266e-01
7.245408892631530762e-01
7.295409440994262695e-01
7.198687195777893066e-01
7.222554087638854980e-01
7.463799715042114258e-01
7.522668242454528809e-01
7.443929314613342285e-01
7.397142648696899414e-01
7.457618117332458496e-01
7.417261600494384766e-01
7.369740009307861328e-01
7.292265295982360840e-01
7.364227771759033203e-01
7.274113893508911133e-01
7.570778131484985352e-01
7.795298695564270020e-01
7.562109231948852539e-01
7.490061521530151367e-01
7.793816328048706055e-01
7.734526991844177246e-01
7.703982591629028320e-01
7.594817876815795898e-01
7.841362953186035156e-01
7.683554291725158691e-01
7.809961438179016113e-01
7.580268383026123047e-01
7.894134521484375000e-01
7.839958071708679199e-01
7.621812820434570312e-01
7.759740948677062988e-01
7.820034623146057129e-01
7.626182436943054199e-01
7.976248264312744141e-01
7.949213385581970215e-01
7.964535355567932129e-01
7.748015522956848145e-01
8.070841431617736816e-01
7.983195781707763672e-01
8.010244369506835938e-01
8.120754361152648926e-01
8.033033609390258789e-01
7.726330757141113281e-01
7.888193130493164062e-01
8.139256834983825684e-01
7.919234633445739746e-01
8.200376033782958984e-01
8.029937744140625000e-01
8.094756603240966797e-01
8.057636618614196777e-01
8.256945610046386719e-01
8.035886287689208984e-01
8.191378116607666016e-01
8.301704525947570801e-01
8.353110551834106445e-01
8.306219577789306641e-01
8.462780117988586426e-01
8.288553953170776367e-01
8.544411659240722656e-01
8.510189652442932129e-01
8.414511084556579590e-01
8.513111472129821777e-01
8.474032878875732422e-01
8.611114621162414551e-01
8.582390546798706055e-01
8.561339378356933594e-01
8.811393976211547852e-01
8.717267513275146484e-01
8.751677870750427246e-01
8.722621202468872070e-01
8.768774867057800293e-01
8.690049648284912109e-01
8.814236521720886230e-01
8.288609385490417480e-01
8.536528348922729492e-01
8.874344229698181152e-01
8.790417313575744629e-01
8.569567799568176270e-01
8.940466642379760742e-01
8.875522613525390625e-01
8.773870468139648438e-01
8.961378931999206543e-01
8.944810628890991211e-01
8.785573840141296387e-01
8.846135139465332031e-01
9.103211164474487305e-01
8.519371747970581055e-01
8.862702846527099609e-01
8.143733143806457520e-01
9.046056270599365234e-01
8.985025286674499512e-01
9.082497358322143555e-01
8.845635652542114258e-01
9.007619023323059082e-01
8.737978935241699219e-01
8.730452060699462891e-01
9.187035560607910156e-01
9.118503928184509277e-01
9.243461489677429199e-01
9.252542853355407715e-01
8.016071915626525879e-01
9.166695475578308105e-01
9.211694598197937012e-01
9.044829607009887695e-01
9.288972616195678711e-01
9.142085909843444824e-01
9.329665899276733398e-01
9.464882612228393555e-01
9.304509758949279785e-01
9.294271469116210938e-01
8.122153282165527344e-01
9.387191534042358398e-01
9.424712657928466797e-01
9.560959935188293457e-01
9.493050575256347656e-01
9.015724062919616699e-01
9.419676661491394043e-01
9.422641396522521973e-01
9.491065740585327148e-01
9.594302773475646973e-01
9.283891916275024414e-01
9.351357817649841309e-01
9.314365386962890625e-01
9.654472470283508301e-01
8.269603848457336426e-01
9.037585258483886719e-01
9.729226231575012207e-01
9.493578672409057617e-01
9.634823799133300781e-01
9.573783278465270996e-01
9.476311206817626953e-01
9.751474261283874512e-01
9.768419861793518066e-01
9.393385648727416992e-01
9.725129604339599609e-01
9.833066463470458984e-01
9.688583016395568848e-01
9.927498102188110352e-01
9.853035807609558105e-01
9.824435710906982422e-01
9.420164227485656738e-01
-9.899900000000000000e+04
9.917063117027282715e-01
