6.461329460144042969e-01
6.517849564552307129e-01
6.406359076499938965e-01
6.595162153244018555e-01
6.627352833747863770e-01
6.472339630126953125e-01
6.613437533378601074e-01
6.712651252746582031e-01
6.596282720565795898e-01
6.654602885246276855e-01
6.752379536628723145e-01
6.724315285682678223e-01
6.676720976829528809e-01
6.590739488601684570e-01
6.705845594406127930e-01
6.695431470870971680e-01
6.755884289741516113e-01
6.660917401313781738e-01
6.743531823158264160e-01
6.843210458755493164e-01
6.816808581352233887e-01
6.801605224609375000e-01
6.749833226203918457e-01
7.033451199531555176e-01
6.966059207916259766e-01
6.906134486198425293e-01
7.026150822639465332e-01
6.972305774688720703e-01
6.828344464302062988e-01
7.019232511520385742e-01
6.940954327583312988e-01
6.891896724700927734e-01
6.906057596206665039e-01
6.984742283821105957e-01
6.999121904373168945e-01
6.926329731941223145e-01
7.019261717796325684e-01
6.967431306838989258e-01
7.080956697463989258e-01
7.130557894706726074e-01
6.877369284629821777e-01
7.017381191253662109e-01
7.127397060394287109e-01
6.940495371818542480e-01
6.991429328918457031e-01
7.021359801292419434e-01
7.028697729110717773e-01
7.180045247077941895e-01
7.169035673141479492e-01
7.105660438537597656e-01
7.213220000267028809e-01
7.100632786750793457e-01
7.137398123741149902e-01
7.048690915107727051e-01
6.955258846282958984e-01
7.308739423751831055e-01
7.212620377540588379e-01
7.102763056755065918e-01
7.262742519378662109e-01
7.189655303955078125e-01
7.246715426445007324e-01
7.194979190826416016e-01
7.096081972122192383e-01
7.370508909225463867e-01
7.229605317115783691e-01
7.227440476417541504e-01
7.263590693473815918e-01
7.290871739387512207e-01
7.380536794662475586e-01
7.268992662429809570e-01
7.233203649520874023e-01
7.335961461067199707e-01
7.320953011512756348e-01
7.556751370429992676e-01
7.459962964057922363e-01
7.281340956687927246e-01
7.303290367126464844e-01
7.323361635208129883e-01
7.423893809318542480e-01
7.466318607330322266e-01
7.391012907028198242e-01
7.497327327728271484e-01
7.598328590393066406e-01
7.506026029586791992e-01
7.626863718032836914e-01
7.509859204292297363e-01
7.808326482772827148e-01
7.557756304740905762e-01
7.881559133529663086e-01
7.858510613441467285e-01
7.791205644607543945e-01
7.943535447120666504e-01
7.931004166603088379e-01
7.908038496971130371e-01
7.594771981239318848e-01
7.869769334793090820e-01
7.861418724060058594e-01
7.943068146705627441e-01
7.989643216133117676e-01
7.982588410377502441e-01
7.823256850242614746e-01
7.545410990715026855e-01
7.798011898994445801e-01
8.118658065795898438e-01
7.758871316909790039e-01
7.461689114570617676e-01
8.060917258262634277e-01
7.862123250961303711e-01
7.926525473594665527e-01
8.127492070198059082e-01
8.030607104301452637e-01
8.004088997840881348e-01
8.116499781608581543e-01
7.708063721656799316e-01
7.788041234016418457e-01
8.186374306678771973e-01
8.161213397979736328e-01
8.354614973068237305e-01
8.354413509368896484e-01
8.411905169486999512e-01
8.422002792358398438e-01
8.505418896675109863e-01
8.508698940277099609e-01
8.394747972488403320e-01
8.574329018592834473e-01
8.610866069793701172e-01
8.383103013038635254e-01
8.483677506446838379e-01
8.547334074974060059e-01
8.508400321006774902e-01
8.662061691284179688e-01
8.630961179733276367e-01
8.651014566421508789e-01
8.644320368766784668e-01
8.506727218627929688e-01
8.695254921913146973e-01
8.724759221076965332e-01
8.818557262420654297e-01
8.760761618614196777e-01
8.849253654479980469e-01
8.705530762672424316e-01
8.681603074073791504e-01
8.989125490188598633e-01
8.693408966064453125e-01
8.899181485176086426e-01
8.971842527389526367e-01
8.900117278099060059e-01
8.532634377479553223e-01
8.865589499473571777e-01
8.793425559997558594e-01
8.874087929725646973e-01
9.141569137573242188e-01
8.832218647003173828e-01
8.813738226890563965e-01
8.788467645645141602e-01
8.943378329277038574e-01
9.283856749534606934e-01
9.088601469993591309e-01
8.638575077056884766e-01
8.486054539680480957e-01
8.613731265068054199e-01
9.137962460517883301e-01
9.150037765502929688e-01
8.767626285552978516e-01
9.150593280792236328e-01
9.120605587959289551e-01
9.203791022300720215e-01
9.315947890281677246e-01
8.997759222984313965e-01
9.319078326225280762e-01
9.137754440307617188e-01
8.980348706245422363e-01
9.324576258659362793e-01
9.230265617370605469e-01
9.539157152175903320e-01
8.939995765686035156e-01
9.390417933464050293e-01
7.702087163925170898e-01
9.472664594650268555e-01
9.242824316024780273e-01
9.407867789268493652e-01
9.323075413703918457e-01
8.283572196960449219e-01
9.629552364349365234e-01
9.618201255798339844e-01
9.479800462722778320e-01
8.439206480979919434e-01
9.482016563415527344e-01
9.721189141273498535e-01
-9.899900000000000000e+04
9.699842333793640137e-01
9.372347593307495117e-01
9.144389033317565918e-01
9.833281040191650391e-01
9.882359504699707031e-01
9.767837524414062500e-01
9.790780544281005859e-01
9.389969110488891602e-01
9.631882309913635254e-01
-9.899900000000000000e+04
9.492180347442626953e-01
-9.899900000000000000e+04
8.785501718521118164e-01
9.971438050270080566e-01
9.692859649658203125e-01
9.715461134910583496e-01
9.814019203186035156e-01
9.644038677215576172e-01
-9.899900000000000000e+04
1.006528615951538086e+00
