6.461329460144042969e-01
6.358127593994140625e-01
6.402796506881713867e-01
6.632860302925109863e-01
6.476992368698120117e-01
6.493827104568481445e-01
6.579081416130065918e-01
6.678663492202758789e-01
6.649832725524902344e-01
6.806339025497436523e-01
6.734725236892700195e-01
6.636283397674560547e-01
6.724217534065246582e-01
6.722197532653808594e-01
6.690867543220520020e-01
6.787751913070678711e-01
6.825699806213378906e-01
6.740633845329284668e-01
6.890469193458557129e-01
6.838296055793762207e-01
6.811931729316711426e-01
6.750268340110778809e-01
6.822093725204467773e-01
6.958659887313842773e-01
6.882070302963256836e-01
7.013240456581115723e-01
7.026354074478149414e-01
6.841482520103454590e-01
6.996704936027526855e-01
7.019104361534118652e-01
6.826096773147583008e-01
6.954005360603332520e-01
7.024661898612976074e-01
6.983515024185180664e-01
6.916729211807250977e-01
7.030688524246215820e-01
6.958599090576171875e-01
6.998248100280761719e-01
7.034604549407958984e-01
6.956445574760437012e-01
6.976007223129272461e-01
7.039455175399780273e-01
7.080819010734558105e-01
6.887467503547668457e-01
6.971596479415893555e-01
6.981019973754882812e-01
7.053215503692626953e-01
7.170978188514709473e-01
7.143191099166870117e-01
7.104284167289733887e-01
7.176102399826049805e-01
7.211492061614990234e-01
7.070329785346984863e-01
7.147526144981384277e-01
7.235215902328491211e-01
7.210263013839721680e-01
7.033175230026245117e-01
7.226962447166442871e-01
7.240560054779052734e-01
7.293847203254699707e-01
7.139395475387573242e-01
7.184154987335205078e-01
7.351031303405761719e-01
7.060893177986145020e-01
7.197324037551879883e-01
7.348336577415466309e-01
7.419031858444213867e-01
7.391832470893859863e-01
7.295984029769897461e-01
7.407084703445434570e-01
7.301337718963623047e-01
7.511666417121887207e-01
7.428691983222961426e-01
7.494618892669677734e-01
7.415423393249511719e-01
7.491906881332397461e-01
7.358466386795043945e-01
7.398733496665954590e-01
7.523509860038757324e-01
7.308880090713500977e-01
7.508724331855773926e-01
7.548436522483825684e-01
7.541854977607727051e-01
7.654819488525390625e-01
7.636348009109497070e-01
7.792514562606811523e-01
7.684792876243591309e-01
7.820441722869873047e-01
7.686742544174194336e-01
7.886241078376770020e-01
7.811102867126464844e-01
7.856609821319580078e-01
7.992402315139770508e-01
7.653517723083496094e-01
7.860242128372192383e-01
7.859097123146057129e-01
7.891319394111633301e-01
7.945822477340698242e-01
7.719894051551818848e-01
7.849344611167907715e-01
7.564032077789306641e-01
7.759290337562561035e-01
7.804313898086547852e-01
8.005665540695190430e-01
7.876915931701660156e-01
7.897300124168395996e-01
7.909586429595947266e-01
8.188186287879943848e-01
7.996749877929687500e-01
8.065966367721557617e-01
7.989621758460998535e-01
7.983534336090087891e-01
8.209190368652343750e-01
7.792642116546630859e-01
8.209839463233947754e-01
8.052525520324707031e-01
8.241251111030578613e-01
8.345956206321716309e-01
8.200226426124572754e-01
8.305600285530090332e-01
8.317996263504028320e-01
8.507571816444396973e-01
8.519436120986938477e-01
8.357957601547241211e-01
8.340988159179687500e-01
8.640717267990112305e-01
8.364018797874450684e-01
8.493429422378540039e-01
8.639068007469177246e-01
8.529762029647827148e-01
8.560339212417602539e-01
8.842991590499877930e-01
8.496785759925842285e-01
8.569656610488891602e-01
8.640744686126708984e-01
8.583580255508422852e-01
8.676926493644714355e-01
8.734149932861328125e-01
8.731920719146728516e-01
8.823315501213073730e-01
8.801612257957458496e-01
8.747535347938537598e-01
8.878263235092163086e-01
8.820266127586364746e-01
8.822251558303833008e-01
8.675624728202819824e-01
9.002791643142700195e-01
8.873451948165893555e-01
8.894914984703063965e-01
8.925639986991882324e-01
8.599563241004943848e-01
8.930713534355163574e-01
7.766207456588745117e-01
9.080010652542114258e-01
9.004368185997009277e-01
8.968298435211181641e-01
9.096066355705261230e-01
9.099906682968139648e-01
8.806878328323364258e-01
9.145774245262145996e-01
9.229504466056823730e-01
9.136013388633728027e-01
9.151823520660400391e-01
8.007461428642272949e-01
8.891988992691040039e-01
8.922160863876342773e-01
8.803209662437438965e-01
9.260855913162231445e-01
9.335023164749145508e-01
9.038679599761962891e-01
9.134793877601623535e-01
9.069026112556457520e-01
9.181834459304809570e-01
9.352614283561706543e-01
9.303853511810302734e-01
9.457459449768066406e-01
9.287968277931213379e-01
9.625985026359558105e-01
9.269123673439025879e-01
7.820715904235839844e-01
9.581258893013000488e-01
9.481742382049560547e-01
9.055992364883422852e-01
8.008872866630554199e-01
8.218759298324584961e-01
9.751024246215820312e-01
9.627869725227355957e-01
9.541380405426025391e-01
9.770177602767944336e-01
8.098253607749938965e-01
8.278805017471313477e-01
9.609127044677734375e-01
9.811620116233825684e-01
9.801303148269653320e-01
9.710718989372253418e-01
9.691314697265625000e-01
9.520400762557983398e-01
8.166908025741577148e-01
8.999987244606018066e-01
9.661349058151245117e-01
9.509285688400268555e-01
9.920820593833923340e-01
9.902178645133972168e-01
9.709608554840087891e-01
-9.899900000000000000e+04
