1.970000000000000000e+02
2.160000000000000000e+02
2.070000000000000000e+02
1.960000000000000000e+02
2.080000000000000000e+02
1.800000000000000000e+02
2.040000000000000000e+02
2.190000000000000000e+02
2.090000000000000000e+02
2.040000000000000000e+02
2.110000000000000000e+02
2.190000000000000000e+02
1.760000000000000000e+02
2.010000000000000000e+02
2.060000000000000000e+02
2.020000000000000000e+02
2.240000000000000000e+02
2.090000000000000000e+02
2.250000000000000000e+02
2.120000000000000000e+02
2.230000000000000000e+02
2.220000000000000000e+02
2.010000000000000000e+02
2.180000000000000000e+02
1.880000000000000000e+02
2.080000000000000000e+02
2.180000000000000000e+02
2.200000000000000000e+02
2.160000000000000000e+02
1.870000000000000000e+02
2.190000000000000000e+02
2.020000000000000000e+02
1.940000000000000000e+02
2.240000000000000000e+02
2.240000000000000000e+02
2.100000000000000000e+02
2.440000000000000000e+02
2.090000000000000000e+02
2.010000000000000000e+02
1.920000000000000000e+02
2.150000000000000000e+02
2.170000000000000000e+02
2.030000000000000000e+02
1.950000000000000000e+02
2.140000000000000000e+02
1.970000000000000000e+02
2.070000000000000000e+02
2.080000000000000000e+02
2.470000000000000000e+02
2.070000000000000000e+02
