1.820000000000000000e+02
2.040000000000000000e+02
1.930000000000000000e+02
1.810000000000000000e+02
1.930000000000000000e+02
1.710000000000000000e+02
1.910000000000000000e+02
1.980000000000000000e+02
1.930000000000000000e+02
1.820000000000000000e+02
1.910000000000000000e+02
1.970000000000000000e+02
1.700000000000000000e+02
1.900000000000000000e+02
1.930000000000000000e+02
1.860000000000000000e+02
2.010000000000000000e+02
1.910000000000000000e+02
2.060000000000000000e+02
1.900000000000000000e+02
1.980000000000000000e+02
2.030000000000000000e+02
1.860000000000000000e+02
1.910000000000000000e+02
1.700000000000000000e+02
1.960000000000000000e+02
1.900000000000000000e+02
1.980000000000000000e+02
2.010000000000000000e+02
1.710000000000000000e+02
2.050000000000000000e+02
1.930000000000000000e+02
1.830000000000000000e+02
1.910000000000000000e+02
1.930000000000000000e+02
2.010000000000000000e+02
2.030000000000000000e+02
1.840000000000000000e+02
1.910000000000000000e+02
1.790000000000000000e+02
1.980000000000000000e+02
1.980000000000000000e+02
1.890000000000000000e+02
1.840000000000000000e+02
2.000000000000000000e+02
1.890000000000000000e+02
1.960000000000000000e+02
1.940000000000000000e+02
2.340000000000000000e+02
1.920000000000000000e+02
