1.760000000000000000e+02
1.940000000000000000e+02
1.840000000000000000e+02
1.780000000000000000e+02
1.730000000000000000e+02
1.690000000000000000e+02
1.650000000000000000e+02
1.980000000000000000e+02
1.740000000000000000e+02
1.770000000000000000e+02
1.910000000000000000e+02
1.900000000000000000e+02
1.780000000000000000e+02
1.890000000000000000e+02
1.900000000000000000e+02
1.730000000000000000e+02
1.880000000000000000e+02
1.760000000000000000e+02
2.020000000000000000e+02
1.900000000000000000e+02
1.850000000000000000e+02
1.870000000000000000e+02
1.830000000000000000e+02
1.910000000000000000e+02
1.670000000000000000e+02
1.810000000000000000e+02
1.890000000000000000e+02
1.940000000000000000e+02
1.920000000000000000e+02
1.710000000000000000e+02
1.910000000000000000e+02
1.740000000000000000e+02
1.690000000000000000e+02
1.890000000000000000e+02
1.770000000000000000e+02
1.730000000000000000e+02
1.830000000000000000e+02
1.840000000000000000e+02
1.910000000000000000e+02
1.790000000000000000e+02
1.870000000000000000e+02
1.970000000000000000e+02
1.790000000000000000e+02
1.840000000000000000e+02
1.890000000000000000e+02
1.820000000000000000e+02
1.910000000000000000e+02
1.940000000000000000e+02
2.020000000000000000e+02
1.920000000000000000e+02
