9.961766004562377930e-01
9.970693588256835938e-01
4.997427463531494141e-01
5.682863593101501465e-01
9.958591461181640625e-01
9.985280632972717285e-01
9.986448287963867188e-01
9.990281462669372559e-01
9.996793270111083984e-01
9.998212456703186035e-01
9.899336099624633789e-01
9.988597035408020020e-01
9.998691082000732422e-01
9.983907938003540039e-01
9.983653426170349121e-01
9.994916319847106934e-01
9.993877410888671875e-01
9.998526573181152344e-01
9.998552203178405762e-01
9.998669028282165527e-01
9.998931884765625000e-01
9.998809099197387695e-01
9.997652173042297363e-01
9.996973872184753418e-01
9.999223351478576660e-01
9.999417066574096680e-01
9.999339580535888672e-01
9.988370537757873535e-01
9.998577237129211426e-01
9.999147057533264160e-01
9.999078512191772461e-01
9.999170303344726562e-01
9.999347329139709473e-01
9.998881220817565918e-01
9.998956918716430664e-01
9.999222755432128906e-01
9.999190568923950195e-01
9.997770786285400391e-01
9.890367388725280762e-01
9.962139725685119629e-01
9.053558707237243652e-01
9.680565595626831055e-01
9.972956180572509766e-01
9.996372461318969727e-01
9.794387221336364746e-01
9.988015890121459961e-01
9.653639197349548340e-01
9.969419240951538086e-01
7.038816809654235840e-01
9.964726567268371582e-01
9.990835785865783691e-01
9.989198446273803711e-01
9.995714426040649414e-01
9.994015097618103027e-01
9.998435974121093750e-01
9.994534254074096680e-01
9.991506338119506836e-01
9.996646642684936523e-01
9.996367692947387695e-01
9.997006058692932129e-01
9.996852874755859375e-01
9.996787905693054199e-01
9.998190999031066895e-01
9.997699260711669922e-01
9.990837574005126953e-01
9.984980821609497070e-01
9.994976520538330078e-01
9.991997480392456055e-01
9.987294673919677734e-01
9.996239542961120605e-01
9.995893836021423340e-01
9.933642745018005371e-01
9.960952401161193848e-01
9.954823851585388184e-01
9.893833994865417480e-01
9.975526928901672363e-01
9.907255172729492188e-01
9.989269971847534180e-01
8.996818661689758301e-01
9.156722426414489746e-01
9.973776936531066895e-01
9.996242523193359375e-01
9.993266463279724121e-01
9.979459047317504883e-01
9.997339844703674316e-01
9.997617006301879883e-01
9.997640848159790039e-01
9.996888637542724609e-01
9.995983839035034180e-01
9.998018741607666016e-01
9.996604323387145996e-01
9.998705387115478516e-01
9.995353221893310547e-01
9.995902180671691895e-01
9.994942545890808105e-01
9.995641112327575684e-01
9.997496604919433594e-01
9.997566342353820801e-01
9.994148015975952148e-01
9.991896152496337891e-01
9.994685053825378418e-01
9.997162818908691406e-01
9.992392659187316895e-01
9.994146227836608887e-01
9.992505908012390137e-01
9.994367957115173340e-01
9.991618394851684570e-01
9.966509342193603516e-01
9.941379427909851074e-01
9.920788407325744629e-01
9.993327260017395020e-01
9.982166886329650879e-01
9.997844696044921875e-01
9.965202808380126953e-01
9.968917369842529297e-01
9.964460730552673340e-01
9.971487522125244141e-01
9.979099631309509277e-01
9.990862607955932617e-01
9.994771480560302734e-01
9.990794658660888672e-01
9.983339905738830566e-01
8.106786012649536133e-01
7.527276277542114258e-01
9.845527410507202148e-01
9.884299039840698242e-01
9.981502890586853027e-01
8.894894719123840332e-01
9.873343706130981445e-01
9.312273263931274414e-01
7.700013518333435059e-01
7.637581825256347656e-01
3.743807077407836914e-01
9.747025370597839355e-01
9.935976862907409668e-01
9.947725534439086914e-01
9.921875596046447754e-01
9.927446246147155762e-01
9.781060218811035156e-01
9.934634566307067871e-01
9.578791856765747070e-01
9.948123581707477570e-01
9.906039834022521973e-01
9.856855869293212891e-01
9.410959482192993164e-01
8.121319413185119629e-01
8.679088354110717773e-01
6.814947128295898438e-01
8.238038420677185059e-01
6.596618294715881348e-01
7.276686429977416992e-01
8.853567242622375488e-01
7.328882813453674316e-01
6.504797935485839844e-01
7.830456495285034180e-01
6.552376747131347656e-01
5.363345146179199219e-01
7.996026277542114258e-01
9.017661213874816895e-01
6.478413343429565430e-01
7.502843141555786133e-01
6.474314332008361816e-01
8.002728819847106934e-01
6.715371608734130859e-01
6.390444636344909668e-01
6.045052707195281982e-01
2.413434386253356934e-01
3.769735693931579590e-01
3.962117731571197510e-01
3.242586851119995117e-01
3.902263045310974121e-01
4.805675148963928223e-01
4.260178208351135254e-01
5.146873593330383301e-01
4.182877540588378906e-01
3.347512483596801758e-01
2.167811989784240723e-01
3.438367247581481934e-01
2.665708661079406738e-01
3.467202782630920410e-01
3.799628615379333496e-01
3.023681044578552246e-01
3.566900193691253662e-01
3.478356599807739258e-01
3.307898640632629395e-01
4.205819964408874512e-01
2.440944314002990723e-01
3.162166178226470947e-01
4.010262489318847656e-01
3.996931910514831543e-01
3.611316680908203125e-01
4.827169477939605713e-01
3.922280371189117432e-01
3.829320371150970459e-01
3.893666267395019531e-01
3.408107757568359375e-01
2.477033138275146484e-01
2.973521351814270020e-01
3.371645808219909668e-01
3.201230168342590332e-01
3.460151851177215576e-01
3.505297601222991943e-01
4.046745896339416504e-01
4.347214102745056152e-01
3.960361480712890625e-01
3.566918969154357910e-01
3.983103036880493164e-01
