9.961766004562377930e-01
9.970693588256835938e-01
9.985863566398620605e-01
6.561009287834167480e-01
9.846214652061462402e-01
9.987663626670837402e-01
4.852566421031951904e-01
7.445484995841979980e-01
9.955805540084838867e-01
9.956941008567810059e-01
9.976858496665954590e-01
9.995087981224060059e-01
9.998688101768493652e-01
9.998847842216491699e-01
9.987072944641113281e-01
9.982871413230895996e-01
9.994984865188598633e-01
9.998257160186767578e-01
9.998814463615417480e-01
9.585264921188354492e-01
9.979286193847656250e-01
9.996428489685058594e-01
9.998295903205871582e-01
9.998399615287780762e-01
9.999109506607055664e-01
9.999142289161682129e-01
9.999448657035827637e-01
9.999305605888366699e-01
9.999287724494934082e-01
9.998864531517028809e-01
9.998669624328613281e-01
9.999229907989501953e-01
9.999395012855529785e-01
9.999026060104370117e-01
9.998983144760131836e-01
9.999214410781860352e-01
9.999217987060546875e-01
9.997813701629638672e-01
9.997540116310119629e-01
9.997566938400268555e-01
9.971616864204406738e-01
9.776126146316528320e-01
4.665915369987487793e-01
9.543679952621459961e-01
9.920233199372887611e-01
6.297072470188140869e-01
6.099989414215087891e-01
9.947820305824279785e-01
7.840960174798965454e-01
9.965426921844482422e-01
9.994403123855590820e-01
9.994302392005920410e-01
9.994705319404602051e-01
9.996410012245178223e-01
9.996454715728759766e-01
9.998574256896972656e-01
9.993604421615600586e-01
9.991948008537292480e-01
9.996597170829772949e-01
9.996353983879089355e-01
9.996961355209350586e-01
9.996821880340576172e-01
9.997952580451965332e-01
9.991559386253356934e-01
9.987691044807434082e-01
9.995466470718383789e-01
9.993543624877929688e-01
9.994981288909912109e-01
9.994432330131530762e-01
9.992004036903381348e-01
9.995790123939514160e-01
9.972735643386840820e-01
9.973854422569274902e-01
9.991687536239624023e-01
9.990814328193664551e-01
9.987992644309997559e-01
9.899906516075134277e-01
9.992651939392089844e-01
9.990811347961425781e-01
9.987189769744873047e-01
9.977278113365173340e-01
9.994136691093444824e-01
9.983978867530822754e-01
9.986456036567687988e-01
9.993504881858825684e-01
9.996787905693054199e-01
9.997619390487670898e-01
9.997521042823791504e-01
9.996345639228820801e-01
9.976458549499511719e-01
9.982507824897766113e-01
9.990590214729309082e-01
9.995918273925781250e-01
9.996356964111328125e-01
9.990259408950805664e-01
9.995575547218322754e-01
9.994632601737976074e-01
9.993478655815124512e-01
9.992352724075317383e-01
9.990012049674987793e-01
9.996694326400756836e-01
9.860171359032392502e-01
9.984634518623352051e-01
9.989545941352844238e-01
9.994652867317199707e-01
9.994458556175231934e-01
9.991359114646911621e-01
9.995515942573547363e-01
9.906161427497863770e-01
9.939590096473693848e-01
9.940738677978515625e-01
9.988169670104980469e-01
9.988272190093994141e-01
9.989235401153564453e-01
9.986166954040527344e-01
9.996324777603149414e-01
9.997181892395019531e-01
9.991367459297180176e-01
9.968129396438598633e-01
9.983673691749572754e-01
9.940010309219360352e-01
9.993164539337158203e-01
9.996897578239440918e-01
9.982434511184692383e-01
9.984599351882934570e-01
9.727883934974670410e-01
9.932103157043457031e-01
9.980628490447998047e-01
9.521473646163940430e-01
9.958486557006835938e-01
9.732480049133300781e-01
9.955332279205322266e-01
9.931100606918334961e-01
4.725558459758758545e-01
9.410529136657714844e-01
9.512116909027099609e-01
9.924511909484863281e-01
9.864541888236999512e-01
9.992607831954956055e-01
9.857112765312194824e-01
9.784985780715942383e-01
9.643931984901428223e-01
9.821546077728271484e-01
9.822655916213989258e-01
9.672029018402099609e-01
9.911829829216003418e-01
9.437532424926757812e-01
7.182007431983947754e-01
7.193156480789184570e-01
4.458607435226440430e-01
9.172602295875549316e-01
2.542356848716735840e-01
4.840605258941650391e-01
6.188273429870605469e-01
7.870405167341232300e-01
6.047663688659667969e-01
5.085020065307617188e-01
3.216030597686767578e-01
4.552776217460632324e-01
4.437640905380249023e-01
5.630789101123809814e-01
7.562965154647827148e-01
5.764868259429931641e-01
6.330713033676147461e-01
5.790193080902099609e-01
5.527053475379943848e-01
3.855493068695068359e-01
3.644325137138366699e-01
6.097280383110046387e-01
4.371380507946014404e-01
5.258490443229675293e-01
4.332308769226074219e-01
4.727732837200164795e-01
3.512530922889709473e-01
3.027384877204895020e-01
3.175633549690246582e-01
2.842859029769897461e-01
2.046653628349304199e-01
3.037870824337005615e-01
2.692321538925170898e-01
2.847848534584045410e-01
2.795323133468627930e-01
2.654815316200256348e-01
3.520838320255279541e-01
4.206678867340087891e-01
4.841439127922058105e-01
4.029105901718139648e-01
5.222272574901580811e-01
3.854570388793945312e-01
4.409846067428588867e-01
3.289504647254943848e-01
3.708779811859130859e-01
2.896578013896942139e-01
2.982148528099060059e-01
3.072956800460815430e-01
3.738309442996978760e-01
3.909169435501098633e-01
3.843517005443572998e-01
3.331116437911987305e-01
4.440993666648864746e-01
4.195590317249298096e-01
3.095746040344238281e-01
4.510779082775115967e-01
3.710334300994873047e-01
3.350332975387573242e-01
3.770749568939208984e-01
3.700537681579589844e-01
3.796980977058410645e-01
5.315833091735839844e-01
4.584551155567169189e-01
5.044693946838378906e-01
4.342529773712158203e-01
4.282379448413848877e-01
4.061220586299896240e-01
3.175807297229766846e-01
4.098577201366424561e-01
3.853171467781066895e-01
