9.961766004562377930e-01
9.970693588256835938e-01
4.997427463531494141e-01
5.682863593101501465e-01
9.958591461181640625e-01
9.985280632972717285e-01
9.986448287963867188e-01
7.784648537635803223e-01
9.816029071807861328e-01
9.971176981925964355e-01
9.955691695213317871e-01
9.995490312576293945e-01
9.998735189437866211e-01
9.998710155487060547e-01
9.998856186866760254e-01
9.988479018211364746e-01
9.982307553291320801e-01
9.998438954353332520e-01
9.998723268508911133e-01
9.818995594978332520e-01
9.970162510871887207e-01
9.994841814041137695e-01
9.998568892478942871e-01
9.998425841331481934e-01
9.999104142189025879e-01
9.999140501022338867e-01
9.999264478683471680e-01
9.999418258666992188e-01
9.999310374259948730e-01
9.998251795768737793e-01
9.998756647109985352e-01
9.999374747276306152e-01
9.998962283134460449e-01
9.997696876525878906e-01
9.998682141304016113e-01
9.999007582664489746e-01
9.999086856842041016e-01
9.996505379676818848e-01
9.805554747581481934e-01
9.984542131423950195e-01
9.856087565422058105e-01
9.882969260215759277e-01
9.970626235008239746e-01
9.957760572433471680e-01
7.540606260299682617e-01
6.882991194725036621e-01
9.796442985534667969e-01
7.068195939064025879e-01
7.964913845062255859e-01
9.930743575096130371e-01
9.932373762130737305e-01
9.988427162170410156e-01
9.997831583023071289e-01
9.991891980171203613e-01
9.998990893363952637e-01
9.993811249732971191e-01
9.994190931320190430e-01
9.977619051933288574e-01
9.992865920066833496e-01
9.995879530906677246e-01
9.994950294494628906e-01
9.998456835746765137e-01
9.997722506523132324e-01
9.990853667259216309e-01
9.985885024070739746e-01
9.994829893112182617e-01
9.994305968284606934e-01
9.994589686393737793e-01
9.991214871406555176e-01
9.994385838508605957e-01
9.975205063819885254e-01
9.970699548721313477e-01
9.973111748695373535e-01
9.951553344726562500e-01
9.915806055068969727e-01
9.869990348815917969e-01
9.990855455398559570e-01
9.997227787971496582e-01
9.983805418014526367e-01
9.991462230682373047e-01
9.914717674255371094e-01
9.983969926834106445e-01
9.993922710418701172e-01
9.994753003120422363e-01
9.997430443763732910e-01
9.988539218902587891e-01
9.991588592529296875e-01
9.994916319847106934e-01
9.988558888435363770e-01
9.988774657249450684e-01
9.982173442840576172e-01
9.997060894966125488e-01
9.957534670829772949e-01
9.958902001380920410e-01
9.991595745086669922e-01
9.978544712066650391e-01
9.987933039665222168e-01
9.955359697341918945e-01
9.982386827468872070e-01
9.996532201766967773e-01
9.992436170578002930e-01
9.992214441299438477e-01
9.993720650672912598e-01
9.990429282188415527e-01
9.986546635627746582e-01
9.994072914123535156e-01
9.995498061180114746e-01
9.990262389183044434e-01
9.993355870246887207e-01
9.996267557144165039e-01
9.944459199905395508e-01
9.968705773353576660e-01
9.993150234222412109e-01
9.993550777435302734e-01
9.998583793640136719e-01
9.991870522499084473e-01
9.978847503662109375e-01
9.986820816993713379e-01
9.978982806205749512e-01
9.979901313781738281e-01
9.986779093742370605e-01
9.988670945167541504e-01
9.985442757606506348e-01
9.974035024642944336e-01
9.995706677436828613e-01
9.969581365585327148e-01
8.994304537773132324e-01
8.180757761001586914e-01
9.921873807907104492e-01
9.986206293106079102e-01
7.113323807716369629e-01
9.874647259712219238e-01
9.938089847564697266e-01
9.633167386054992676e-01
8.753901124000549316e-01
9.035099744796752930e-01
6.313179731369018555e-01
9.991667866706848145e-01
9.919354319572448730e-01
9.929414987564086914e-01
9.684604406356811523e-01
9.868111610412597656e-01
9.609174728393554688e-01
9.836758375167846680e-01
9.856630563735961914e-01
9.927040338516235352e-01
9.907702207565307617e-01
9.851722121238708496e-01
9.878816008567810059e-01
9.585119485855102539e-01
6.841194033622741699e-01
6.098707318305969238e-01
8.038629889488220215e-01
8.115015625953674316e-01
7.913841605186462402e-01
7.093651294708251953e-01
5.736067891120910645e-01
5.588844418525695801e-01
3.884279727935791016e-01
4.967135787010192871e-01
7.290545105934143066e-01
4.840546846389770508e-01
6.550307869911193848e-01
5.421074628829956055e-01
5.908907353878021240e-01
5.931513309478759766e-01
6.366068720817565918e-01
6.613864302635192871e-01
5.885711610317230225e-01
5.051468312740325928e-01
3.490399718284606934e-01
2.398693561553955078e-01
3.007574677467346191e-01
3.259863257408142090e-01
3.060668110847473145e-01
3.816068768501281738e-01
5.169130861759185791e-01
4.150379002094268799e-01
4.205763339996337891e-01
4.095899760723114014e-01
4.738269448280334473e-01
3.485789299011230469e-01
4.008175432682037354e-01
3.586457371711730957e-01
2.812262773513793945e-01
3.135057687759399414e-01
3.404232859611511230e-01
4.653747677803039551e-01
4.268062114715576172e-01
2.275657057762145996e-01
3.855841159820556641e-01
4.249060750007629395e-01
4.157716035842895508e-01
3.150576651096343994e-01
4.577498435974121094e-01
4.849951863288879395e-01
4.286279082298278809e-01
3.860611319541931152e-01
3.241804838180541992e-01
3.529750406742095947e-01
3.245535492897033691e-01
3.647202253341674805e-01
4.103288054466247559e-01
4.572432041168212891e-01
4.783535003662109375e-01
4.295499026775360107e-01
4.100900292396545410e-01
4.030907750129699707e-01
3.667035102844238281e-01
4.015381932258605957e-01
3.803090155124664307e-01
4.568901062011718750e-01
4.387224912643432617e-01
4.602915048599243164e-01
4.405018985271453857e-01
4.479442238807678223e-01
