9.961766004562377930e-01
9.970693588256835938e-01
9.985863566398620605e-01
6.561009287834167480e-01
9.846214652061462402e-01
9.987663626670837402e-01
4.852566719055175781e-01
7.445484995841979980e-01
9.955805540084838867e-01
9.956941008567810059e-01
9.976858496665954590e-01
9.995087981224060059e-01
9.998688101768493652e-01
9.998847842216491699e-01
9.987072944641113281e-01
9.982871413230895996e-01
9.994984865188598633e-01
9.998257160186767578e-01
9.998814463615417480e-01
9.585264921188354492e-01
9.979286193847656250e-01
9.996428489685058594e-01
9.998295903205871582e-01
9.998399615287780762e-01
9.999109506607055664e-01
9.999142289161682129e-01
9.999448657035827637e-01
9.999305605888366699e-01
9.998197555541992188e-01
9.998757839202880859e-01
9.999055266380310059e-01
9.999178051948547363e-01
9.999440312385559082e-01
9.999418854713439941e-01
9.999035596847534180e-01
9.998966455459594727e-01
9.999222755432128906e-01
9.997323155403137207e-01
8.683731555938720703e-01
9.904291629791259766e-01
9.989987015724182129e-01
9.996576309204101562e-01
9.932143092155456543e-01
9.912635087966918945e-01
9.996309280395507812e-01
9.982485771179199219e-01
9.993546009063720703e-01
9.998376965522766113e-01
9.998201131820678711e-01
9.997999072074890137e-01
9.997739195823669434e-01
9.976237416267395020e-01
9.976164698600769043e-01
9.994780421257019043e-01
9.993804097175598145e-01
9.997754096984863281e-01
9.991410970687866211e-01
9.988098144531250000e-01
9.994802474975585938e-01
9.996491074562072754e-01
9.997001886367797852e-01
9.996787905693054199e-01
9.997965693473815918e-01
9.991793632507324219e-01
9.987871050834655762e-01
9.994490146636962891e-01
9.993593692779541016e-01
9.993025064468383789e-01
9.983358979225158691e-01
9.986045360565185547e-01
9.996466636657714844e-01
9.925907254219055176e-01
9.985997676849365234e-01
9.993903040885925293e-01
9.961267113685607910e-01
9.980027079582214355e-01
9.968284964561462402e-01
9.996104836463928223e-01
9.998039603233337402e-01
9.995765686035156250e-01
8.685964941978454590e-01
9.981845021247863770e-01
9.984254837036132812e-01
9.995963573455810547e-01
9.990448951721191406e-01
9.996087551116943359e-01
9.997718334197998047e-01
9.995731115341186523e-01
9.997860193252563477e-01
9.995016455650329590e-01
9.998468756675720215e-01
9.996420145034790039e-01
9.997574687004089355e-01
9.997838139533996582e-01
9.994234442710876465e-01
9.997627139091491699e-01
9.995579719543457031e-01
9.994229078292846680e-01
9.991247057914733887e-01
9.986464381217956543e-01
9.954654574394226074e-01
9.946514964103698730e-01
9.996480941772460938e-01
9.984113574028015137e-01
9.995798468589782715e-01
9.989974498748779297e-01
9.953623414039611816e-01
9.990367889404296875e-01
9.917020201683044434e-01
9.932899475097656250e-01
9.950576424598693848e-01
9.963385462760925293e-01
9.980261921882629395e-01
9.979553222656250000e-01
9.972631931304931641e-01
9.995423555374145508e-01
9.982830286026000977e-01
9.933212399482727051e-01
9.982717037200927734e-01
9.991396665573120117e-01
9.987859725952148438e-01
9.992375373840332031e-01
8.982009887695312500e-01
9.705669283866882324e-01
9.976224899291992188e-01
9.757294058799743652e-01
9.262179136276245117e-01
9.761204719543457031e-01
9.970678091049194336e-01
9.972029328346252441e-01
9.985796213150024414e-01
9.882601499557495117e-01
9.956284761428833008e-01
9.706195853650569916e-01
7.778346538543701172e-01
9.746621251106262207e-01
9.498317241668701172e-01
9.815736413002014160e-01
9.987211227416992188e-01
9.357229471206665039e-01
9.855687618255615234e-01
9.465936422348022461e-01
9.885084629058837891e-01
9.765627384185791016e-01
9.142159819602966309e-01
8.688595890998840332e-01
8.547485470771789551e-01
8.702507019042968750e-01
8.461074531078338623e-01
3.951148390769958496e-01
4.477690458297729492e-01
7.635521888732910156e-01
6.158640980720520020e-01
6.859782338142395020e-01
6.307317018508911133e-01
6.352519392967224121e-01
4.003946781158447266e-01
5.768632888793945312e-01
5.460769534111022949e-01
5.750320553779602051e-01
5.735130310058593750e-01
7.493612170219421387e-01
7.867288589477539062e-01
7.262609601020812988e-01
5.919571816921234131e-01
5.415951013565063477e-01
2.736436128616333008e-01
5.168012380599975586e-01
4.526045918464660645e-01
3.695939779281616211e-01
5.688210129737854004e-01
5.301002264022827148e-01
3.788757324218750000e-01
4.546027183532714844e-01
4.656125307083129883e-01
3.605130314826965332e-01
4.043188095092773438e-01
4.964219927787780762e-01
4.301250278949737549e-01
4.031165242195129395e-01
3.680563271045684814e-01
5.892464518547058105e-01
4.387724399566650391e-01
4.675639867782592773e-01
5.582897067070007324e-01
3.304211497306823730e-01
4.763593971729278564e-01
5.033463537693023682e-01
4.727982878684997559e-01
3.122479915618896484e-01
4.111869931221008301e-01
3.615311384201049805e-01
3.921207189559936523e-01
4.140825867652893066e-01
3.909083604812622070e-01
4.288334250450134277e-01
4.155060052871704102e-01
5.083348155021667480e-01
5.948635637760162354e-01
5.395300686359405518e-01
5.335063338279724121e-01
3.868885040283203125e-01
5.489114522933959961e-01
3.315611779689788818e-01
3.104509711265563965e-01
2.891504466533660889e-01
3.357299566268920898e-01
3.621238470077514648e-01
3.488587737083435059e-01
3.987221717834472656e-01
5.404354035854339600e-01
4.466520547866821289e-01
5.006761550903320312e-01
4.407594799995422363e-01
4.163349866867065430e-01
4.590463638305664062e-01
4.132409095764160156e-01
3.850624561309814453e-01
3.722534179687500000e-01
3.518427014350891113e-01
3.572801649570465088e-01
