9.961766004562377930e-01
9.970693588256835938e-01
9.985863566398620605e-01
9.985475540161132812e-01
9.996557831764221191e-01
9.997925162315368652e-01
9.964882135391235352e-01
9.971145987510681152e-01
9.997074007987976074e-01
9.997804760932922363e-01
9.998107552528381348e-01
9.998169541358947754e-01
9.998995065689086914e-01
9.998545050621032715e-01
9.951860308647155762e-01
9.987812042236328125e-01
9.993768334388732910e-01
9.998184442520141602e-01
9.998599886894226074e-01
9.705795645713806152e-01
9.985409379005432129e-01
9.995704889297485352e-01
9.994258284568786621e-01
9.998401403427124023e-01
9.999096393585205078e-01
9.999387860298156738e-01
9.999122619628906250e-01
9.998955130577087402e-01
9.999408125877380371e-01
9.998785853385925293e-01
9.998813867568969727e-01
9.999190568923950195e-01
9.999168515205383301e-01
9.999269247055053711e-01
9.999222755432128906e-01
9.999392628669738770e-01
9.999068379402160645e-01
9.995536804199218750e-01
9.997384548187255859e-01
9.871210455894470215e-01
5.446145534515380859e-01
9.849959015846252441e-01
3.250707983970642090e-01
8.222056031227111816e-01
5.664081573486328125e-01
4.807124733924865723e-01
8.136266469955444336e-01
8.733826279640197754e-01
9.973827600479125977e-01
9.993816614151000977e-01
9.998391270637512207e-01
9.993820786476135254e-01
9.991033077239990234e-01
9.996153712272644043e-01
9.995976686477661133e-01
9.996736645698547363e-01
9.996574521064758301e-01
9.996476173400878906e-01
9.998590946197509766e-01
9.993813037872314453e-01
9.991791844367980957e-01
9.996805787086486816e-01
9.990475773811340332e-01
9.997558593750000000e-01
9.992828965187072754e-01
9.998400211334228516e-01
9.996736645698547363e-01
9.946553111076354980e-01
9.980101585388183594e-01
9.990384578704833984e-01
9.966037869453430176e-01
9.986213445663452148e-01
9.971672892570495605e-01
9.996887445449829102e-01
9.984555244445800781e-01
9.976992607116699219e-01
9.987120032310485840e-01
9.958643317222595215e-01
9.967512488365173340e-01
9.984869360923767090e-01
9.994736909866333008e-01
9.997453093528747559e-01
9.997438788414001465e-01
9.997355937957763672e-01
9.998058080673217773e-01
9.996623396873474121e-01
9.997786283493041992e-01
9.997453093528747559e-01
9.995553493499755859e-01
9.996058940887451172e-01
9.992990493774414062e-01
9.997712969779968262e-01
9.997751116752624512e-01
9.996967315673828125e-01
9.996375441551208496e-01
9.992712140083312988e-01
9.997903704643249512e-01
9.988891482353210449e-01
9.995575547218322754e-01
9.949031472206115723e-01
9.957118630409240723e-01
9.985941052436828613e-01
9.996176362037658691e-01
9.987536668777465820e-01
9.992077946662902832e-01
9.987573027610778809e-01
9.982390999794006348e-01
9.929275512695312500e-01
9.895333647727966309e-01
9.979169368743896484e-01
9.991897344589233398e-01
9.994884133338928223e-01
9.998560547828674316e-01
9.992352724075317383e-01
9.947270750999450684e-01
9.974737763404846191e-01
9.978074431419372559e-01
9.983580112457275391e-01
9.991970658302307129e-01
9.990972876548767090e-01
9.996249675750732422e-01
9.988879561424255371e-01
9.836291670799255371e-01
9.963178634643554688e-01
9.472214579582214355e-01
9.132047891616821289e-01
9.834027290344238281e-01
9.930982589721679688e-01
9.973340630531311035e-01
9.855603575706481934e-01
9.814826846122741699e-01
9.880580902099609375e-01
9.896044135093688965e-01
9.821366667747497559e-01
9.948611259460449219e-01
9.966745376586914062e-01
9.885984659194946289e-01
9.885577559471130371e-01
9.950203895568847656e-01
9.904613494873046875e-01
9.783138036727905273e-01
9.823706746101379395e-01
9.928550720214843750e-01
9.881942272186279297e-01
9.819517731666564941e-01
9.743907451629638672e-01
9.449662566184997559e-01
9.009795188903808594e-01
8.985116481781005859e-01
8.938364386558532715e-01
8.705530762672424316e-01
9.418473839759826660e-01
8.956880569458007812e-01
9.180021882057189941e-01
7.594877481460571289e-01
9.435291290283203125e-01
7.284739017486572266e-01
8.988237380981445312e-01
8.974113836884498596e-01
9.335173368453979492e-01
7.087753415107727051e-01
6.080419421195983887e-01
9.531548023223876953e-01
6.898093819618225098e-01
5.264157056808471680e-01
3.546977639198303223e-01
3.205685317516326904e-01
2.972638309001922607e-01
5.066137313842773438e-01
1.347447633743286133e-01
6.961517035961151123e-01
4.909839630126953125e-01
2.714727520942687988e-01
5.797363817691802979e-01
8.527365326881408691e-01
4.990686178207397461e-01
6.779369711875915527e-01
6.472458243370056152e-01
5.255863070487976074e-01
6.836531162261962891e-01
8.761113286018371582e-01
9.625911116600036621e-01
9.063782095909118652e-01
9.882639646530151367e-01
9.589471817016601562e-01
9.493771195411682129e-01
5.814214348793029785e-01
9.076609015464782715e-01
8.144850134849548340e-01
6.957378685474395752e-01
8.892158865928649902e-01
6.191242337226867676e-01
8.438627123832702637e-01
7.435544133186340332e-01
9.520992636680603027e-01
9.000959396362304688e-01
8.646573424339294434e-01
8.121976852416992188e-01
5.716457366943359375e-01
8.526736795902252197e-01
8.163673281669616699e-01
7.040725350379943848e-01
6.990838646888732910e-01
6.832910478115081787e-01
6.430846452713012695e-01
7.925074696540832520e-01
7.165204882621765137e-01
8.811718821525573730e-01
8.730081319808959961e-01
8.215974569320678711e-01
7.132250666618347168e-01
7.885601520538330078e-01
8.358821272850036621e-01
8.106704950332641602e-01
5.248985290527343750e-01
5.324547290802001953e-01
4.380660951137542725e-01
4.254418909549713135e-01
4.409729242324829102e-01
5.872328877449035645e-01
4.353368878364562988e-01
6.493495106697082520e-01
6.543577313423156738e-01
7.678800821304321289e-01
4.911981225013732910e-01
6.445951461791992188e-01
7.071430683135986328e-01
6.705902218818664551e-01
7.606528401374816895e-01
6.782653331756591797e-01
7.544222474098205566e-01
7.634311914443969727e-01
7.244703173637390137e-01
5.351846814155578613e-01
5.718011856079101562e-01
5.296995639801025391e-01
5.419702529907226562e-01
4.553257226943969727e-01
5.287638902664184570e-01
3.534433245658874512e-01
6.151547431945800781e-01
5.028830766677856445e-01
5.577675998210906982e-01
5.323914289474487305e-01
6.144732832908630371e-01
4.584050774574279785e-01
5.387063920497894287e-01
5.883390605449676514e-01
5.041289925575256348e-01
4.267597198486328125e-01
6.256772875785827637e-01
6.707929372787475586e-01
5.186155736446380615e-01
7.087172865867614746e-01
4.836560487747192383e-01
5.698036551475524902e-01
5.312215089797973633e-01
4.051813483238220215e-01
4.542399048805236816e-01
5.036915540695190430e-01
5.493549704551696777e-01
5.252519547939300537e-01
3.098025321960449219e-01
5.195400118827819824e-01
5.040167868137359619e-01
4.560728669166564941e-01
4.204018115997314453e-01
3.430741429328918457e-01
