9.961766004562377930e-01
9.970693588256835938e-01
9.985863566398620605e-01
6.561009287834167480e-01
9.846214652061462402e-01
9.987663626670837402e-01
4.852566421031951904e-01
7.445484995841979980e-01
9.955805540084838867e-01
9.956941008567810059e-01
9.976858496665954590e-01
9.995087981224060059e-01
9.998688101768493652e-01
9.998847842216491699e-01
9.987072944641113281e-01
9.982871413230895996e-01
9.994984865188598633e-01
9.998257160186767578e-01
9.998814463615417480e-01
9.585264921188354492e-01
9.979286193847656250e-01
9.996428489685058594e-01
9.998295903205871582e-01
9.998399615287780762e-01
9.999109506607055664e-01
9.999142289161682129e-01
9.999448657035827637e-01
9.999305605888366699e-01
9.998197555541992188e-01
9.998757839202880859e-01
9.999055266380310059e-01
9.999178051948547363e-01
9.999440312385559082e-01
9.998990893363952637e-01
9.998912811279296875e-01
9.999257326126098633e-01
9.999186992645263672e-01
9.997813701629638672e-01
8.393104225397109985e-01
9.890288114547729492e-01
9.991501569747924805e-01
9.768155813217163086e-01
9.900799989700317383e-01
7.784621715545654297e-01
9.832653403282165527e-01
9.995197057723999023e-01
7.206454873085021973e-01
9.912040233612060547e-01
8.249389529228210449e-01
9.969975948333740234e-01
9.989446997642517090e-01
9.993934035301208496e-01
9.995655417442321777e-01
9.994171261787414551e-01
9.996432065963745117e-01
9.998574256896972656e-01
9.998505711555480957e-01
9.993776082992553711e-01
9.992138743400573730e-01
9.996709227561950684e-01
9.996411800384521484e-01
9.997004270553588867e-01
9.998089075088500977e-01
9.997644424438476562e-01
9.991905093193054199e-01
9.988135695457458496e-01
9.994447231292724609e-01
9.993899464607238770e-01
9.992699027061462402e-01
9.989264607429504395e-01
9.996743202209472656e-01
9.971812963485717773e-01
9.991791844367980957e-01
9.992127418518066406e-01
9.934391975402832031e-01
9.981297850608825684e-01
9.992555975914001465e-01
9.996066689491271973e-01
9.961407780647277832e-01
9.963327050209045410e-01
9.994333982467651367e-01
9.993880391120910645e-01
9.988630414009094238e-01
9.986844062805175781e-01
9.992691278457641602e-01
9.997597932815551758e-01
9.997131228446960449e-01
9.997091293334960938e-01
9.984503984451293945e-01
9.959813356399536133e-01
9.991848468780517578e-01
9.992538690567016602e-01
9.997482895851135254e-01
9.991478919982910156e-01
9.994779229164123535e-01
9.996448159217834473e-01
9.993417859077453613e-01
9.996908903121948242e-01
9.979394674301147461e-01
9.991788268089294434e-01
9.969885349273681641e-01
9.996939301490783691e-01
9.991824030876159668e-01
9.994897246360778809e-01
9.912831783294677734e-01
9.917421936988830566e-01
9.977091550827026367e-01
9.997690320014953613e-01
9.992099404335021973e-01
9.970226287841796875e-01
9.974779486656188965e-01
9.988644123077392578e-01
9.967247843742370605e-01
9.992396831512451172e-01
9.988266825675964355e-01
9.993487596511840820e-01
9.994384646415710449e-01
9.945976138114929199e-01
9.992408156394958496e-01
9.996068477630615234e-01
9.988813996315002441e-01
9.970997571945190430e-01
9.859802722930908203e-01
9.989009499549865723e-01
9.983148574829101562e-01
7.696108222007751465e-01
9.766810536384582520e-01
9.027964472770690918e-01
9.962384104728698730e-01
9.984006285667419434e-01
9.948209524154663086e-01
9.989843964576721191e-01
9.963888525962829590e-01
9.532462358474731445e-01
7.224386930465698242e-01
9.118131399154663086e-01
8.917822837829589844e-01
9.376356601715087891e-01
9.855247735977172852e-01
9.445967674255371094e-01
9.903774857521057129e-01
9.857750535011291504e-01
9.921903610229492188e-01
8.619932532310485840e-01
7.794957160949707031e-01
7.561773657798767090e-01
7.530662417411804199e-01
5.996710658073425293e-01
6.897330880165100098e-01
5.262478590011596680e-01
6.343255043029785156e-01
5.466441512107849121e-01
6.912832260131835938e-01
7.857558131217956543e-01
8.927588462829589844e-01
6.387667059898376465e-01
6.272673308849334717e-01
6.846654415130615234e-01
5.291555523872375488e-01
3.239855170249938965e-01
3.477454185485839844e-01
5.717784464359283447e-01
5.789413452148437500e-01
4.354747533798217773e-01
3.895387351512908936e-01
3.886773586273193359e-01
2.822926044464111328e-01
3.238425850868225098e-01
3.487007617950439453e-01
5.020635724067687988e-01
3.732379674911499023e-01
4.884591102600097656e-01
4.938722848892211914e-01
4.218233823776245117e-01
3.728236556053161621e-01
4.292977452278137207e-01
4.723090827465057373e-01
3.345523476600646973e-01
3.036472201347351074e-01
2.742184400558471680e-01
2.764629721641540527e-01
3.146227002143859863e-01
2.955870628356933594e-01
3.118149042129516602e-01
3.651419281959533691e-01
2.939649224281311035e-01
3.447697460651397705e-01
3.950554132461547852e-01
4.362871050834655762e-01
4.547441601753234863e-01
3.856312036514282227e-01
4.048808813095092773e-01
3.833638131618499756e-01
5.157303810119628906e-01
3.783834278583526611e-01
4.496600031852722168e-01
3.597658872604370117e-01
2.615451812744140625e-01
3.595182895660400391e-01
3.606830239295959473e-01
3.323475122451782227e-01
4.425358176231384277e-01
3.806476593017578125e-01
4.699781537055969238e-01
4.562519788742065430e-01
5.019552707672119141e-01
4.437739253044128418e-01
