9.961766004562377930e-01
9.970693588256835938e-01
9.985863566398620605e-01
6.561009287834167480e-01
9.846214652061462402e-01
9.987663626670837402e-01
4.852566421031951904e-01
7.445484995841979980e-01
9.955805540084838867e-01
9.956941008567810059e-01
9.976858496665954590e-01
9.995087981224060059e-01
9.998688101768493652e-01
9.988949298858642578e-01
9.980537891387939453e-01
9.995019435882568359e-01
9.994032979011535645e-01
9.998383522033691406e-01
9.998545050621032715e-01
9.998666644096374512e-01
9.998934268951416016e-01
9.988467693328857422e-01
9.996949434280395508e-01
9.998439550399780273e-01
9.999200105667114258e-01
9.999439716339111328e-01
9.999244213104248047e-01
9.991375207901000977e-01
9.998873472213745117e-01
9.999049305915832520e-01
9.999081492424011230e-01
9.999170303344726562e-01
9.999347329139709473e-01
9.999031424522399902e-01
9.998953342437744141e-01
9.999220967292785645e-01
9.999186992645263672e-01
9.997808337211608887e-01
9.997560381889343262e-01
9.997588396072387695e-01
9.971616864204406738e-01
9.771715998649597168e-01
9.916285276412963867e-01
5.502869784832000732e-01
9.819190502166748047e-01
6.580209136009216309e-01
6.102695465087890625e-01
9.934341907501220703e-01
7.953590154647827148e-01
9.972320795059204102e-01
9.989987015724182129e-01
9.994484782218933105e-01
9.994784593582153320e-01
9.996515512466430664e-01
9.996417760848999023e-01
9.998582601547241211e-01
9.993709325790405273e-01
9.991999864578247070e-01
9.996619224548339844e-01
9.996361136436462402e-01
9.997069835662841797e-01
9.996812343597412109e-01
9.997100234031677246e-01
9.996168613433837891e-01
9.980521798133850098e-01
9.997157454490661621e-01
9.990488886833190918e-01
9.989057183265686035e-01
9.995354413986206055e-01
9.993082284927368164e-01
9.997677803039550781e-01
9.979334473609924316e-01
9.978555440902709961e-01
9.992882013320922852e-01
9.982087016105651855e-01
9.982001781463623047e-01
9.991610050201416016e-01
9.989160895347595215e-01
9.995844960212707520e-01
9.996745586395263672e-01
9.996393322944641113e-01
9.994772672653198242e-01
9.997179508209228516e-01
9.997000098228454590e-01
9.993377327919006348e-01
9.998353719711303711e-01
9.997982978820800781e-01
9.996782541275024414e-01
9.998258352279663086e-01
9.997469186782836914e-01
9.997903704643249512e-01
9.997729659080505371e-01
9.996079206466674805e-01
9.964328408241271973e-01
9.991515278816223145e-01
9.990488290786743164e-01
9.987236261367797852e-01
9.994437098503112793e-01
9.986044764518737793e-01
9.990674853324890137e-01
9.974724650382995605e-01
9.981129765510559082e-01
9.993832707405090332e-01
9.984977841377258301e-01
9.995923042297363281e-01
9.996474385261535645e-01
9.993739128112792969e-01
9.983203411102294922e-01
9.995715022087097168e-01
9.993712902069091797e-01
9.990059733390808105e-01
9.966669678688049316e-01
9.906435608863830566e-01
9.972922205924987793e-01
9.972345829010009766e-01
9.987615942955017090e-01
9.997041225433349609e-01
9.988988637924194336e-01
9.887001514434814453e-01
9.978300333023071289e-01
9.980899691581726074e-01
9.929928779602050781e-01
9.997980594635009766e-01
9.991852045059204102e-01
9.991241097450256348e-01
9.307322502136230469e-01
8.573162555694580078e-01
9.427961707115173340e-01
9.506510496139526367e-01
9.287322163581848145e-01
9.523109793663024902e-01
9.912724494934082031e-01
9.963237047195434570e-01
8.314232081174850464e-01
6.116770505905151367e-01
9.261320829391479492e-01
9.521992206573486328e-01
9.960962533950805664e-01
9.913704991340637207e-01
9.983402490615844727e-01
9.874920845031738281e-01
9.915789365768432617e-01
9.577153325080871582e-01
9.888023138046264648e-01
9.701223373413085938e-01
9.933050870895385742e-01
9.887666106224060059e-01
9.849159717559814453e-01
9.708192348480224609e-01
8.526152223348617554e-01
8.006171584129333496e-01
7.503271698951721191e-01
7.602637410163879395e-01
9.218868613243103027e-01
9.287376999855041504e-01
9.748463034629821777e-01
9.005783200263977051e-01
9.027344435453414917e-01
5.789998471736907959e-01
9.036108851432800293e-01
7.723596692085266113e-01
9.719235897064208984e-01
9.416638016700744629e-01
9.416646361351013184e-01
9.154253602027893066e-01
9.578747749328613281e-01
9.521343111991882324e-01
6.022583246231079102e-01
6.233193278312683105e-01
5.217562317848205566e-01
3.952331542968750000e-01
4.656441509723663330e-01
3.979514241218566895e-01
4.254522621631622314e-01
8.635606169700622559e-01
6.084845662117004395e-01
8.703785538673400879e-01
8.690406680107116699e-01
9.750482365489006042e-01
9.275532960891723633e-01
9.225971102714538574e-01
9.353505969047546387e-01
9.815858602523803711e-01
9.414171576499938965e-01
5.706184506416320801e-01
3.089808225631713867e-01
7.419095039367675781e-01
8.707426190376281738e-01
3.507987856864929199e-01
2.774969637393951416e-01
3.397585749626159668e-01
7.055884599685668945e-02
8.774324655532836914e-01
7.819815278053283691e-01
9.702693819999694824e-01
8.584594130516052246e-01
2.197415828704833984e-01
8.560385704040527344e-01
7.084322571754455566e-01
9.929998517036437988e-01
9.791077375411987305e-01
8.623985052108764648e-01
8.476701080799102783e-01
5.290675759315490723e-01
9.829099178314208984e-01
9.000505208969116211e-01
9.878970384597778320e-01
9.934026598930358887e-01
9.653063416481018066e-01
5.963255465030670166e-01
6.089329719543457031e-01
8.955755233764648438e-01
9.624497294425964355e-01
8.084206283092498779e-01
6.525048017501831055e-01
5.054856538772583008e-01
7.037272453308105469e-01
7.188490629196166992e-01
6.811996102333068848e-01
7.841534018516540527e-01
2.990996241569519043e-01
5.358996987342834473e-01
2.919318377971649170e-01
7.895255088806152344e-01
1.782736778259277344e-01
2.999426722526550293e-01
5.501812100410461426e-01
9.296345710754394531e-01
8.629810810089111328e-01
7.454219460487365723e-01
6.823619008064270020e-01
2.863633632659912109e-01
4.941512942314147949e-01
4.451614916324615479e-01
3.859757184982299805e-01
6.093626916408538818e-01
4.293209612369537354e-01
6.865006089210510254e-01
4.654970765113830566e-01
6.174966692924499512e-01
6.221515834331512451e-01
5.851262807846069336e-01
4.605641961097717285e-01
5.582576394081115723e-01
6.296380162239074707e-01
8.123409152030944824e-01
5.014990568161010742e-01
4.890776276588439941e-01
3.886839747428894043e-01
5.106822848320007324e-01
5.100005865097045898e-01
3.907600045204162598e-01
6.039185225963592529e-01
4.656739830970764160e-01
7.555577158927917480e-01
5.952249467372894287e-01
6.753339469432830811e-01
5.956033468246459961e-01
4.401434659957885742e-01
4.340604543685913086e-01
5.947840809822082520e-01
5.721697807312011719e-01
3.008527755737304688e-01
3.848688900470733643e-01
2.534826993942260742e-01
2.607771754264831543e-01
2.235221266746520996e-01
3.018226027488708496e-01
2.366806268692016602e-01
2.807669639587402344e-01
3.209696412086486816e-01
3.191864490509033203e-01
3.082037568092346191e-01
2.643812894821166992e-01
2.993568778038024902e-01
2.699608206748962402e-01
2.824376225471496582e-01
2.900051474571228027e-01
3.661541938781738281e-01
3.492612838745117188e-01
3.255502879619598389e-01
2.970406413078308105e-01
2.637460827827453613e-01
2.527574896812438965e-01
2.948985397815704346e-01
2.162774801254272461e-01
2.940208315849304199e-01
2.074016928672790527e-01
2.603126168251037598e-01
2.005954831838607788e-01
2.557004094123840332e-01
2.900805175304412842e-01
2.099454849958419800e-01
2.821468710899353027e-01
