9.961766004562377930e-01
2.928562760353088379e-01
4.109065532684326172e-01
8.505931496620178223e-01
9.950274825096130371e-01
9.988708496093750000e-01
9.985769391059875488e-01
9.988923072814941406e-01
9.909592270851135254e-01
9.864619374275207520e-01
9.960792660713195801e-01
9.994250535964965820e-01
9.998773932456970215e-01
9.986487627029418945e-01
9.978906512260437012e-01
9.995633959770202637e-01
9.993893504142761230e-01
9.998386502265930176e-01
9.998543262481689453e-01
9.998669028282165527e-01
9.991062879562377930e-01
9.982229471206665039e-01
9.995137453079223633e-01
9.998281598091125488e-01
9.999223351478576660e-01
9.999373555183410645e-01
9.999122619628906250e-01
9.993687868118286133e-01
9.998704195022583008e-01
9.999043941497802734e-01
9.999305009841918945e-01
9.998890757560729980e-01
9.998853802680969238e-01
9.999234080314636230e-01
9.999205470085144043e-01
9.999247193336486816e-01
9.999231696128845215e-01
9.997866153717041016e-01
9.998871088027954102e-01
9.998812675476074219e-01
9.961012601852416992e-01
6.795963644981384277e-01
9.908046126365661621e-01
9.292495250701904297e-01
9.834749698638916016e-01
9.982963800430297852e-01
9.805590510368347168e-01
2.363488674163818359e-01
8.099734783172607422e-01
9.877327680587768555e-01
9.989846944808959961e-01
9.660827517509460449e-01
9.719014167785644531e-01
9.941871762275695801e-01
9.559969305992126465e-01
9.800109267234802246e-01
9.895598292350769043e-01
9.847344858571887016e-01
9.997712373733520508e-01
9.996384382247924805e-01
9.998422861099243164e-01
9.994059801101684570e-01
9.984307289123535156e-01
9.994667768478393555e-01
9.990230202674865723e-01
9.997482299804687500e-01
9.992651939392089844e-01
9.996813535690307617e-01
9.997041225433349609e-01
9.906909465789794922e-01
9.992135167121887207e-01
9.993398189544677734e-01
9.993842244148254395e-01
9.997765421867370605e-01
9.968105554580688477e-01
9.992960095405578613e-01
9.816515445709228516e-01
9.900917410850524902e-01
7.858406305313110352e-01
9.521768093109130859e-01
9.236449003219604492e-01
9.991251230239868164e-01
9.993337392807006836e-01
9.998062849044799805e-01
9.366011023521423340e-01
9.972812533378601074e-01
9.994234442710876465e-01
9.993056654930114746e-01
9.994560480117797852e-01
9.992746710777282715e-01
9.996449947357177734e-01
9.998403191566467285e-01
9.996527433395385742e-01
9.981678724288940430e-01
9.951851963996887207e-01
9.983419179916381836e-01
9.978100657463073730e-01
9.981513619422912598e-01
9.995158910751342773e-01
8.482744097709655762e-01
9.905974864959716797e-01
9.995050430297851562e-01
9.996904134750366211e-01
9.993107318878173828e-01
9.995974302291870117e-01
9.988102912902832031e-01
7.400538623332977295e-01
7.777882069349288940e-01
9.588832855224609375e-01
4.924087226390838623e-01
9.990981221199035645e-01
9.990154504776000977e-01
9.996250867843627930e-01
9.894403815269470215e-01
9.636890292167663574e-01
9.945037364959716797e-01
9.990180730819702148e-01
9.995733499526977539e-01
9.996957182884216309e-01
9.997276067733764648e-01
9.994529485702514648e-01
8.389386534690856934e-01
6.084582209587097168e-01
9.907073378562927246e-01
9.522970914840698242e-01
9.992092251777648926e-01
9.764079451560974121e-01
9.663689732551574707e-01
9.933776259422302246e-01
9.981136918067932129e-01
9.995067119598388672e-01
9.992721676826477051e-01
9.197578430175781250e-01
6.956677138805389404e-01
9.854589700698852539e-01
3.744189739227294922e-01
8.829006552696228027e-01
8.946951627731323242e-01
9.972067475318908691e-01
9.947453737258911133e-01
9.985119104385375977e-01
9.929346442222595215e-01
9.955341815948486328e-01
9.970433115959167480e-01
9.742480516433715820e-01
5.268008708953857422e-01
8.182378411293029785e-01
9.156993031501770020e-01
8.713293075561523438e-01
8.831548690795898438e-01
9.513092041015625000e-01
9.376211762428283691e-01
5.960823893547058105e-01
5.386081933975219727e-01
3.849875330924987793e-01
4.961191415786743164e-01
8.773029446601867676e-01
6.073424816131591797e-01
6.676719784736633301e-01
8.815104365348815918e-01
8.877769708633422852e-01
7.918847799301147461e-01
9.709721803665161133e-01
9.788994789123535156e-01
9.697437286376953125e-01
9.395577311515808105e-01
8.623563647270202637e-01
6.578629016876220703e-01
7.312510013580322266e-01
6.970350146293640137e-01
6.386142075061798096e-01
9.028565883636474609e-01
9.577918648719787598e-01
9.244383573532104492e-01
8.340603113174438477e-01
8.874918669462203979e-01
9.287499785423278809e-01
8.167009949684143066e-01
9.109941720962524414e-01
9.767004251480102539e-01
9.007006883621215820e-01
8.795330524444580078e-01
9.129325151443481445e-01
9.580639600753784180e-01
8.677917122840881348e-01
7.849741131067276001e-01
6.875744462013244629e-01
8.062803745269775391e-01
7.022500038146972656e-01
8.072199821472167969e-01
6.574635505676269531e-01
7.585143446922302246e-01
6.637501120567321777e-01
9.091456532478332520e-01
7.501970529556274414e-01
9.767922759056091309e-01
8.632965683937072754e-01
9.165301918983459473e-01
6.430668830871582031e-01
9.491743445396423340e-01
9.031007885932922363e-01
8.745450973510742188e-01
9.874516725540161133e-01
8.167533278465270996e-01
8.253605514764785767e-01
8.614220619201660156e-01
8.394827246665954590e-01
6.869398951530456543e-01
8.651178479194641113e-01
9.395170807838439941e-01
5.007975101470947266e-01
8.390470743179321289e-01
6.255363225936889648e-01
6.344937682151794434e-01
3.798659741878509521e-01
5.011949241161346436e-01
8.479899168014526367e-01
5.762142539024353027e-01
7.883969396352767944e-01
5.585692524909973145e-01
6.539127826690673828e-01
6.722235679626464844e-01
4.839358329772949219e-01
7.011767029762268066e-01
7.998084425926208496e-01
8.215449303388595581e-01
8.389934003353118896e-01
6.945378184318542480e-01
6.111465692520141602e-01
6.548101305961608887e-01
4.744828045368194580e-01
3.456757664680480957e-01
6.550514698028564453e-01
6.171725988388061523e-01
7.180331945419311523e-01
6.767112016677856445e-01
4.655571579933166504e-01
4.569714069366455078e-01
3.022783994674682617e-01
6.622893214225769043e-01
4.450141787528991699e-01
5.765305161476135254e-01
5.943675637245178223e-01
4.512786567211151123e-01
6.278461813926696777e-01
3.867706656455993652e-01
4.229253530502319336e-01
4.141649603843688965e-01
5.994917750358581543e-01
5.507217049598693848e-01
5.926577150821685791e-01
6.215808093547821045e-01
4.618297815322875977e-01
5.762323141098022461e-01
4.750527739524841309e-01
4.928351640701293945e-01
4.941563010215759277e-01
6.313430666923522949e-01
6.045501232147216797e-01
4.884624183177947998e-01
5.612167119979858398e-01
5.375449657440185547e-01
3.512411117553710938e-01
2.575318217277526855e-01
2.678999900817871094e-01
2.172069251537322998e-01
3.326157629489898682e-01
3.845584392547607422e-01
2.708654999732971191e-01
3.192014098167419434e-01
2.455705404281616211e-01
3.328027725219726562e-01
2.975257635116577148e-01
2.658523917198181152e-01
2.643166482448577881e-01
3.655089735984802246e-01
4.247515201568603516e-01
3.875061273574829102e-01
4.425530135631561279e-01
4.158326387405395508e-01
3.247150182723999023e-01
3.637998700141906738e-01
3.563795387744903564e-01
3.146390318870544434e-01
3.329020738601684570e-01
3.215970098972320557e-01
4.101474583148956299e-01
