9.961766004562377930e-01
2.928562760353088379e-01
4.109065830707550049e-01
8.505931496620178223e-01
9.950274825096130371e-01
9.988708496093750000e-01
9.985769391059875488e-01
9.988923072814941406e-01
9.909592270851135254e-01
9.864619374275207520e-01
9.960792660713195801e-01
9.994250535964965820e-01
9.998773932456970215e-01
9.986487627029418945e-01
9.978906512260437012e-01
9.995633959770202637e-01
9.993893504142761230e-01
9.998386502265930176e-01
9.998543262481689453e-01
9.712257385253906250e-01
9.987111687660217285e-01
9.994915127754211426e-01
9.994297027587890625e-01
9.998396635055541992e-01
9.999099373817443848e-01
9.999387860298156738e-01
9.999240040779113770e-01
9.991251230239868164e-01
9.998704195022583008e-01
9.999043941497802734e-01
9.999305009841918945e-01
9.999430179595947266e-01
9.998968243598937988e-01
9.998904466629028320e-01
9.999247789382934570e-01
9.999179244041442871e-01
9.999251365661621094e-01
9.997888921498088166e-01
9.998784065246582031e-01
9.997093081474304199e-01
9.995259642601013184e-01
8.406790494918823242e-01
9.898400427773594856e-01
9.982674121856689453e-01
9.428489804267883301e-01
9.946437478065490723e-01
9.885885417461395264e-01
9.662799499928951263e-01
5.350519120693206787e-01
9.636340737342834473e-01
9.992569684982299805e-01
9.989038705825805664e-01
9.732795357704162598e-01
9.923053979873657227e-01
9.993085265159606934e-01
9.694641232490539551e-01
9.833881855010986328e-01
9.991275072097778320e-01
9.989433288574218750e-01
9.997782111167907715e-01
9.998525977134704590e-01
9.992986917495727539e-01
9.987230300903320312e-01
9.994744658470153809e-01
9.990272521972656250e-01
9.997577667236328125e-01
9.993322491645812988e-01
9.994102716445922852e-01
9.998376965522766113e-01
9.995762109756469727e-01
9.994645714759826660e-01
9.970533847808837891e-01
9.965224266052246094e-01
9.996084570884704590e-01
9.987369179725646973e-01
9.998105764389038086e-01
9.994384646415710449e-01
9.991023540496826172e-01
9.995129108428955078e-01
9.992413520812988281e-01
8.014333248138427734e-01
9.982023239135742188e-01
9.979863166809082031e-01
9.997166991233825684e-01
9.550810456275939941e-01
9.544028043746948242e-01
9.993135333061218262e-01
9.993480443954467773e-01
9.994003772735595703e-01
9.978522658348083496e-01
9.996935725212097168e-01
9.997864365577697754e-01
9.996354579925537109e-01
9.982891082763671875e-01
9.915517568588256836e-01
9.994341731071472168e-01
9.935452938079833984e-01
9.993929862976074219e-01
9.976259469985961914e-01
9.997560381889343262e-01
9.996122717857360840e-01
9.996296763420104980e-01
9.997773170471191406e-01
9.987541437149047852e-01
9.993378520011901855e-01
9.989600777626037598e-01
9.997543096542358398e-01
9.992811083793640137e-01
7.959992885589599609e-01
9.219610691070556641e-01
9.981215596199035645e-01
9.982904195785522461e-01
9.986847043037414551e-01
9.998521208763122559e-01
9.988644719123840332e-01
9.981352686882019043e-01
9.972341060638427734e-01
9.984966516494750977e-01
9.983250498771667480e-01
9.993852376937866211e-01
9.996258616447448730e-01
9.997872710227966309e-01
9.288231134414672852e-01
9.984667301177978516e-01
9.518858790397644043e-01
7.225785255432128906e-01
9.828985929489135742e-01
9.984796047210693359e-01
8.763104677200317383e-01
9.502895474433898926e-01
9.815198779106140137e-01
9.387736916542053223e-01
9.337529540061950684e-01
9.229338765144348145e-01
9.926630854606628418e-01
9.917606711387634277e-01
9.959123730659484863e-01
9.898029565811157227e-01
9.930121898651123047e-01
9.895696640014648438e-01
9.954678416252136230e-01
9.860866069793701172e-01
9.923686385154724121e-01
9.963147044181823730e-01
9.985244870185852051e-01
9.961826205253601074e-01
9.942122697830200195e-01
9.933625459671020508e-01
9.658437967300415039e-01
9.442443847656250000e-01
8.117026090621948242e-01
8.610661625862121582e-01
9.218767285346984863e-01
9.479529261589050293e-01
9.555240273475646973e-01
9.377106428146362305e-01
9.181278944015502930e-01
9.439613819122314453e-01
8.621661067008972168e-01
9.504172801971435547e-01
9.570386037230491638e-01
8.739705085754394531e-01
9.508359432220458984e-01
8.153442740440368652e-01
9.737155437469482422e-01
9.398083090782165527e-01
9.057155251502990723e-01
7.520762085914611816e-01
9.363811016082763672e-01
8.303015232086181641e-01
5.072384476661682129e-01
5.688192248344421387e-01
7.678152322769165039e-01
8.425872325897216797e-01
6.554940342903137207e-01
8.048893809318542480e-01
8.969940543174743652e-01
7.449091076850891113e-01
6.882817149162292480e-01
7.245844006538391113e-01
8.665969371795654297e-01
7.111999988555908203e-01
7.538830041885375977e-01
8.535454273223876953e-01
8.270138502120971680e-01
7.255231738090515137e-01
7.351546287536621094e-01
6.207240223884582520e-01
5.856832861900329590e-01
4.771208763122558594e-01
5.394427180290222168e-01
4.548445045948028564e-01
5.170730948448181152e-01
3.979036808013916016e-01
4.999498724937438965e-01
5.185451507568359375e-01
5.227196216583251953e-01
5.642228722572326660e-01
4.899611473083496094e-01
6.028173565864562988e-01
5.561021566390991211e-01
5.443940758705139160e-01
4.751019179821014404e-01
5.681852698326110840e-01
5.273239612579345703e-01
5.229594707489013672e-01
5.458875298500061035e-01
5.549402832984924316e-01
5.342164039611816406e-01
5.398080348968505859e-01
5.741947889328002930e-01
5.842320621013641357e-01
6.524480581283569336e-01
6.044141650199890137e-01
5.650271475315093994e-01
5.608032345771789551e-01
5.272958874702453613e-01
4.831863045692443848e-01
3.749924302101135254e-01
4.223295450210571289e-01
4.264589548110961914e-01
4.658403992652893066e-01
