9.961766004562377930e-01
9.970693588256835938e-01
9.985863566398620605e-01
6.561008989810943604e-01
9.846214652061462402e-01
9.987663626670837402e-01
4.852566719055175781e-01
7.445484995841979980e-01
9.955805540084838867e-01
9.956941008567810059e-01
9.976858496665954590e-01
9.995087981224060059e-01
9.998688101768493652e-01
9.998847842216491699e-01
9.987072944641113281e-01
9.982871413230895996e-01
9.994984865188598633e-01
9.998257160186767578e-01
9.998814463615417480e-01
9.585264921188354492e-01
9.979286193847656250e-01
9.996428489685058594e-01
9.998295903205871582e-01
9.998399615287780762e-01
9.999109506607055664e-01
9.999142289161682129e-01
9.999448657035827637e-01
9.999305605888366699e-01
9.998197555541992188e-01
9.998757839202880859e-01
9.999055266380310059e-01
9.999178051948547363e-01
9.999440312385559082e-01
9.999418854713439941e-01
9.999035596847534180e-01
9.998966455459594727e-01
9.999222755432128906e-01
9.997323155403137207e-01
8.683731555938720703e-01
9.902617931365966797e-01
9.990102052688598633e-01
9.825883507728576660e-01
9.904158711433410645e-01
9.776630401611328125e-01
9.832653403282165527e-01
6.635584235191345215e-01
7.734972387552261353e-01
9.963222742080688477e-01
8.031441569328308105e-01
9.972890019416809082e-01
9.990102648735046387e-01
9.994372725486755371e-01
9.994773268699645996e-01
9.996344447135925293e-01
9.996454715728759766e-01
9.998583793640136719e-01
9.993709325790405273e-01
9.991999864578247070e-01
9.996665120124816895e-01
9.996346235275268555e-01
9.997022747993469238e-01
9.996749758720397949e-01
9.997935295104980469e-01
9.991730451583862305e-01
9.987498521804809570e-01
9.994316101074218750e-01
9.993435144424438477e-01
9.995105862617492676e-01
9.994484782218933105e-01
9.991656541824340820e-01
9.996947050094604492e-01
9.988484978675842285e-01
9.993808269500732422e-01
9.993385076522827148e-01
9.979171752929687500e-01
9.981562495231628418e-01
9.995772838592529297e-01
9.998261332511901855e-01
9.986828565597534180e-01
9.965466260910034180e-01
9.995189905166625977e-01
9.973467588424682617e-01
9.996270537376403809e-01
9.991699457168579102e-01
9.989255666732788086e-01
9.998240470886230469e-01
9.996814131736755371e-01
9.996054768562316895e-01
9.996969699859619141e-01
9.995828270912170410e-01
9.997677803039550781e-01
9.996140599250793457e-01
9.993342161178588867e-01
9.996569752693176270e-01
9.992288947105407715e-01
9.996874332427978516e-01
9.994679093360900879e-01
9.990203976631164551e-01
9.981675744056701660e-01
9.966970682144165039e-01
9.996417760848999023e-01
9.993386864662170410e-01
9.977490305900573730e-01
9.993429183959960938e-01
9.990224838256835938e-01
9.964995384216308594e-01
9.963994026184082031e-01
9.991817474365234375e-01
9.977512359619140625e-01
9.944688081741333008e-01
9.981741309165954590e-01
9.984833002090454102e-01
9.985753297805786133e-01
9.989195466041564941e-01
9.990479946136474609e-01
9.997634291648864746e-01
9.983259439468383789e-01
9.948010444641113281e-01
9.995049238204956055e-01
9.994634389877319336e-01
9.994477033615112305e-01
9.513143301010131836e-01
9.921978712081909180e-01
9.989634752273559570e-01
9.992312788963317871e-01
9.995266199111938477e-01
9.984110593795776367e-01
9.975959062576293945e-01
9.971702694892883301e-01
9.917180538177490234e-01
9.897484779357910156e-01
9.985269308090209961e-01
8.706567883491516113e-01
9.866160154342651367e-01
9.854193329811096191e-01
9.473627209663391113e-01
9.484471678733825684e-01
9.732549786567687988e-01
9.830889105796813965e-01
8.569300025701522827e-01
9.456853270530700684e-01
8.883017301559448242e-01
9.401356577873229980e-01
6.496459245681762695e-01
9.029199481010437012e-01
9.048206210136413574e-01
7.426798343658447266e-01
7.538714408874511719e-01
8.183125257492065430e-01
4.153494238853454590e-01
4.721608757972717285e-01
3.376718163490295410e-01
4.405626952648162842e-01
5.715619921684265137e-01
4.954552054405212402e-01
3.949975371360778809e-01
4.744826257228851318e-01
4.555379152297973633e-01
4.620181620121002197e-01
2.341898679733276367e-01
6.041019856929779053e-01
6.593285202980041504e-01
3.616985082626342773e-01
5.010567307472229004e-01
3.746726512908935547e-01
3.853667378425598145e-01
3.439550399780273438e-01
2.717320621013641357e-01
5.655239820480346680e-01
3.760181665420532227e-01
3.918656110763549805e-01
4.343646764755249023e-01
3.606122136116027832e-01
4.911985397338867188e-01
3.057192862033843994e-01
2.366861552000045776e-01
4.053421318531036377e-01
3.445450663566589355e-01
4.872663617134094238e-01
5.219429433345794678e-01
4.439128935337066650e-01
4.792994856834411621e-01
5.460283160209655762e-01
4.629338979721069336e-01
2.845308184623718262e-01
2.467034310102462769e-01
3.855754733085632324e-01
3.757860064506530762e-01
5.246743559837341309e-01
3.877150416374206543e-01
2.605839967727661133e-01
3.704407811164855957e-01
4.431263208389282227e-01
3.305666744709014893e-01
4.181104898452758789e-01
4.349187910556793213e-01
4.819219112396240234e-01
4.175277352333068848e-01
3.935173451900482178e-01
4.253185391426086426e-01
3.270041942596435547e-01
3.740638494491577148e-01
3.674469590187072754e-01
5.052400827407836914e-01
4.707603156566619873e-01
5.064790248870849609e-01
4.070854485034942627e-01
4.505406022071838379e-01
4.606654345989227295e-01
