9.961766004562377930e-01
9.970693588256835938e-01
4.997427463531494141e-01
5.682862997055053711e-01
9.958591461181640625e-01
9.985280632972717285e-01
9.986448287963867188e-01
9.990281462669372559e-01
9.996793270111083984e-01
9.928966164588928223e-01
9.857288599014282227e-01
9.994789361953735352e-01
9.998585581779479980e-01
9.988344311714172363e-01
9.980738162994384766e-01
9.994714856147766113e-01
9.994907379150390625e-01
9.998394846916198730e-01
9.998552203178405762e-01
9.712257385253906250e-01
9.986985325813293457e-01
9.995135664939880371e-01
9.998295903205871582e-01
9.998425841331481934e-01
9.999101161956787109e-01
9.999390840530395508e-01
9.999448657035827637e-01
9.999303817749023438e-01
9.998204112052917480e-01
9.998764395713806152e-01
9.999061822891235352e-01
9.999387264251708984e-01
9.999044537544250488e-01
9.998878240585327148e-01
9.999243021011352539e-01
9.999217987060546875e-01
9.999256134033203125e-01
9.997545480728149414e-01
9.997522830963134766e-01
9.970477819442749023e-01
6.778520345687866211e-01
9.903030395507812500e-01
4.800962209701538086e-01
9.828999638557434082e-01
6.112697124481201172e-01
5.922994017601013184e-01
8.944875001907348633e-01
7.651352882385253906e-01
6.940681934356689453e-01
9.990037679672241211e-01
9.993994832038879395e-01
9.994364380836486816e-01
9.996487498283386230e-01
9.996332526206970215e-01
9.998556375503540039e-01
9.993299841880798340e-01
9.991719722747802734e-01
9.996535181999206543e-01
9.996232390403747559e-01
9.996993541717529297e-01
9.997690320014953613e-01
9.998826980590820312e-01
9.995424151420593262e-01
9.981966018676757812e-01
9.993238449096679688e-01
9.994137883186340332e-01
9.995031952857971191e-01
9.995691776275634766e-01
9.991982579231262207e-01
9.991531372070312500e-01
9.996975064277648926e-01
9.925411939620971680e-01
9.994734525680541992e-01
9.982785582542419434e-01
9.919123053550720215e-01
9.965999126434326172e-01
9.995902180671691895e-01
9.972674250602722168e-01
9.993358850479125977e-01
9.912613630294799805e-01
9.995045065879821777e-01
9.979528188705444336e-01
9.991488456726074219e-01
9.992305040359497070e-01
9.997052550315856934e-01
9.997627139091491699e-01
9.997974038124084473e-01
9.922729134559631348e-01
9.980754852294921875e-01
9.991206526756286621e-01
9.992807507514953613e-01
9.997649192810058594e-01
9.995083808898925781e-01
9.988992214202880859e-01
9.997435808181762695e-01
9.991388320922851562e-01
9.995961189270019531e-01
9.987537860870361328e-01
9.959861636161804199e-01
9.979646801948547363e-01
9.987959265708923340e-01
9.992685914039611816e-01
9.938021302223205566e-01
9.989203810691833496e-01
9.991956353187561035e-01
9.948987364768981934e-01
9.992504119873046875e-01
9.983862042427062988e-01
9.879847764968872070e-01
9.989773035049438477e-01
9.957699775695800781e-01
9.991211295127868652e-01
9.994128346443176270e-01
9.995225071907043457e-01
9.996209144592285156e-01
9.992371201515197754e-01
9.968800544738769531e-01
9.984796047210693359e-01
9.985289573669433594e-01
9.992952346801757812e-01
9.978063106536865234e-01
9.910398125648498535e-01
9.943798184394836426e-01
8.803864121437072754e-01
9.609809517860412598e-01
9.884145259857177734e-01
9.541651606559753418e-01
8.365092277526855469e-01
9.798403978347778320e-01
8.869383335113525391e-01
8.976514339447021484e-01
9.695896506309509277e-01
9.240336418151855469e-01
8.700724840164184570e-01
6.127028167247772217e-01
3.316221237182617188e-01
7.177994251251220703e-01
9.510487318038940430e-01
9.636588692665100098e-01
9.573786854743957520e-01
9.245704412460327148e-01
9.861066937446594238e-01
8.891599774360656738e-01
9.246302843093872070e-01
8.875477313995361328e-01
6.369202733039855957e-01
7.133924365043640137e-01
4.554353356361389160e-01
9.499891400337219238e-01
7.244454026222229004e-01
8.115259408950805664e-01
8.482034802436828613e-01
5.349885523319244385e-01
7.619829922914505005e-01
5.911704897880554199e-01
5.396102666854858398e-01
6.165981888771057129e-01
4.987706542015075684e-01
5.344407260417938232e-01
4.979138970375061035e-01
5.079683065414428711e-01
4.275587201118469238e-01
5.789893269538879395e-01
5.401108264923095703e-01
4.849170744419097900e-01
6.465998888015747070e-01
4.823550879955291748e-01
4.763599932193756104e-01
5.609531700611114502e-01
4.169691205024719238e-01
4.018071889877319336e-01
3.942570090293884277e-01
4.207884669303894043e-01
5.536155104637145996e-01
3.347516059875488281e-01
2.382072806358337402e-01
1.884664297103881836e-01
1.211245656013488770e-01
2.200016379356384277e-01
2.446079850196838379e-01
3.412879705429077148e-01
2.776461839675903320e-01
2.507910132408142090e-01
3.440578281879425049e-01
2.559913396835327148e-01
3.373084664344787598e-01
2.600787878036499023e-01
3.725499510765075684e-01
3.913449048995971680e-01
5.145074129104614258e-01
4.256245493888854980e-01
4.507432579994201660e-01
5.368767082691192627e-01
4.441964626312255859e-01
3.901290893554687500e-01
3.662592172622680664e-01
3.835175335407257080e-01
3.090848326683044434e-01
4.251866936683654785e-01
5.314252972602844238e-01
4.251749515533447266e-01
4.078271985054016113e-01
3.154199719429016113e-01
3.465791940689086914e-01
4.191510677337646484e-01
3.799896240234375000e-01
4.188643991947174072e-01
4.098102450370788574e-01
