9.961766004562377930e-01
2.928562760353088379e-01
4.109065830707550049e-01
8.505931496620178223e-01
9.950274825096130371e-01
9.988708496093750000e-01
9.985769391059875488e-01
9.988923072814941406e-01
9.909592270851135254e-01
9.864619374275207520e-01
9.960792660713195801e-01
9.994250535964965820e-01
9.998773932456970215e-01
9.986487627029418945e-01
9.978906512260437012e-01
9.995633959770202637e-01
9.993893504142761230e-01
9.998386502265930176e-01
9.998543262481689453e-01
9.998669028282165527e-01
9.998931884765625000e-01
9.988116025924682617e-01
9.983333349227905273e-01
9.998440742492675781e-01
9.999190568923950195e-01
9.999438524246215820e-01
9.999094605445861816e-01
9.990693926811218262e-01
9.998861551284790039e-01
9.999043941497802734e-01
9.999305009841918945e-01
9.998890757560729980e-01
9.998688101768493652e-01
9.999234080314636230e-01
9.999205470085144043e-01
9.999247193336486816e-01
9.999231696128845215e-01
9.997866153717041016e-01
9.998871088027954102e-01
9.876788854598999023e-01
9.964143037796020508e-01
9.988897442817687988e-01
9.996010661125183105e-01
9.923012852668762207e-01
9.901067614555358887e-01
9.997621178627014160e-01
9.927527308464050293e-01
9.635800719261169434e-01
9.991992712020874023e-01
9.344022274017333984e-01
9.981817007064819336e-01
9.988063573837280273e-01
9.989678263664245605e-01
9.895951151847839355e-01
9.985325336456298828e-01
9.993194341659545898e-01
9.740848541259765625e-01
9.986998438835144043e-01
9.991873502731323242e-01
9.989828467369079590e-01
9.998891353607177734e-01
9.998503327369689941e-01
9.987949728965759277e-01
9.987403750419616699e-01
9.995018839836120605e-01
9.991124272346496582e-01
9.997571706771850586e-01
9.993404746055603027e-01
9.998527765274047852e-01
9.997348189353942871e-01
9.996630549430847168e-01
9.998230934143066406e-01
9.997427463531494141e-01
9.998338818550109863e-01
9.991272687911987305e-01
9.993063807487487793e-01
9.997197389602661133e-01
9.997479915618896484e-01
9.996122717857360840e-01
6.563234925270080566e-01
9.474418163299560547e-01
9.988184571266174316e-01
9.668320417404174805e-01
9.922863841056823730e-01
9.991367459297180176e-01
9.994215369224548340e-01
9.997147321701049805e-01
9.995729327201843262e-01
9.339379668235778809e-01
9.970591068267822266e-01
9.986633658409118652e-01
9.995106458663940430e-01
9.998109340667724609e-01
9.990345239639282227e-01
9.996925592422485352e-01
9.994323253631591797e-01
9.997431635856628418e-01
9.997551441192626953e-01
9.997951388359069824e-01
9.778224825859069824e-01
9.983891248703002930e-01
9.995277523994445801e-01
9.998582005500793457e-01
9.995961189270019531e-01
9.992156624794006348e-01
9.997204542160034180e-01
9.993886947631835938e-01
9.998161792755126953e-01
9.997787475585937500e-01
9.989855885505676270e-01
9.985727071762084961e-01
5.771828293800354004e-01
6.985636353492736816e-01
9.265624284744262695e-01
7.613813877105712891e-01
9.993500113487243652e-01
9.996296763420104980e-01
9.453759193420410156e-01
8.249663710594177246e-01
9.786421060562133789e-01
9.131972193717956543e-01
9.992300271987915039e-01
8.603974580764770508e-01
8.558121323585510254e-01
9.924291968345642090e-01
9.949299097061157227e-01
9.891128540039062500e-01
8.999450802803039551e-01
9.955021739006042480e-01
9.878562092781066895e-01
9.993098974227905273e-01
9.593070223927497864e-01
8.732926249504089355e-01
7.380609512329101562e-01
9.766860008239746094e-01
8.895311877131462097e-01
9.590469598770141602e-01
7.403870224952697754e-01
9.068885445594787598e-01
7.776074409484863281e-01
9.976075291633605957e-01
9.947060942649841309e-01
9.464251995086669922e-01
9.965435266494750977e-01
9.622581601142883301e-01
9.545938372611999512e-01
5.625235736370086670e-01
9.428266882896423340e-01
6.150614023208618164e-01
3.823816776275634766e-01
7.625822424888610840e-01
7.398222684860229492e-01
2.610105872154235840e-01
7.349509894847869873e-01
9.347915649414062500e-01
6.739307045936584473e-01
9.059491753578186035e-01
8.512029051780700684e-01
9.436099529266357422e-01
8.206727206707000732e-01
9.067456945776939392e-01
6.028852462768554688e-01
8.480168581008911133e-01
8.147857785224914551e-01
8.791308999061584473e-01
8.678521513938903809e-01
6.572398841381072998e-01
7.310800552368164062e-01
3.314053416252136230e-01
3.872699737548828125e-01
3.767095208168029785e-01
7.880092263221740723e-01
6.224153041839599609e-01
7.999493479728698730e-01
7.469135522842407227e-01
5.501607060432434082e-01
6.080846190452575684e-01
4.700849652290344238e-01
6.404729485511779785e-01
3.387254476547241211e-01
5.335081219673156738e-01
3.869603872299194336e-01
4.862579703330993652e-01
3.960925340652465820e-01
3.021025657653808594e-01
3.599022924900054932e-01
3.690953850746154785e-01
4.245652556419372559e-01
4.166198968887329102e-01
3.366717696189880371e-01
3.399698138236999512e-01
5.079144835472106934e-01
5.043973922729492188e-01
4.353427886962890625e-01
4.328998923301696777e-01
3.516907989978790283e-01
3.604477643966674805e-01
3.913545012474060059e-01
3.040202856063842773e-01
4.745718836784362793e-01
4.908999204635620117e-01
4.619234204292297363e-01
4.467493295669555664e-01
4.222275912761688232e-01
4.197033345699310303e-01
4.127607345581054688e-01
2.843137979507446289e-01
3.189014792442321777e-01
3.504529297351837158e-01
4.647361040115356445e-01
4.108304083347320557e-01
4.623077213764190674e-01
4.597380161285400391e-01
4.844712018966674805e-01
3.629033267498016357e-01
3.374136686325073242e-01
3.823794126510620117e-01
4.670897424221038818e-01
4.204499125480651855e-01
3.956741094589233398e-01
4.247540235519409180e-01
4.274986386299133301e-01
4.636634588241577148e-01
2.821692228317260742e-01
4.252640604972839355e-01
4.203081130981445312e-01
4.443811774253845215e-01
3.270992934703826904e-01
4.716283082962036133e-01
4.800185263156890869e-01
3.381455242633819580e-01
