9.961766004562377930e-01
9.970693588256835938e-01
4.997427463531494141e-01
5.682862997055053711e-01
9.958591461181640625e-01
9.985280632972717285e-01
6.148990988731384277e-01
6.979869604110717773e-01
9.952147006988525391e-01
9.967195391654968262e-01
9.970041513442993164e-01
9.995087981224060059e-01
9.998688101768493652e-01
9.998848438262939453e-01
9.987072944641113281e-01
9.982758164405822754e-01
9.994968175888061523e-01
9.998260140419006348e-01
9.998820424079895020e-01
9.633339047431945801e-01
9.978017807006835938e-01
9.996408820152282715e-01
9.998307824134826660e-01
9.998425841331481934e-01
9.999104738235473633e-01
9.999142885208129883e-01
9.999451041221618652e-01
9.999305605888366699e-01
9.998201131820678711e-01
9.998764395713806152e-01
9.999051690101623535e-01
9.999387264251708984e-01
9.999043941497802734e-01
9.998878240585327148e-01
9.999240040779113770e-01
9.999216794967651367e-01
9.999253153800964355e-01
9.997556805610656738e-01
9.997519254684448242e-01
9.917011857032775879e-01
9.963644146919250488e-01
9.034386873245239258e-01
9.820621609687805176e-01
9.819990992546081543e-01
3.372010588645935059e-01
5.820045471191406250e-01
9.083487987518310547e-01
7.731345891952514648e-01
6.984860599040985107e-01
9.994294047355651855e-01
9.995298385620117188e-01
9.994623064994812012e-01
9.996483922004699707e-01
9.996400475502014160e-01
9.998565912246704102e-01
9.993284940719604492e-01
9.991949200630187988e-01
9.996535181999206543e-01
9.996334910392761230e-01
9.996926188468933105e-01
9.996840357780456543e-01
9.998505711555480957e-01
9.991671442985534668e-01
9.986649155616760254e-01
9.996813535690307617e-01
9.996240735054016113e-01
9.994137883186340332e-01
9.995716214179992676e-01
9.995793700218200684e-01
9.997471570968627930e-01
9.989122748374938965e-01
9.946259856224060059e-01
9.987151622772216797e-01
9.994837045669555664e-01
9.919798374176025391e-01
9.960438609123229980e-01
9.981242418289184570e-01
8.835121989250183105e-01
9.882739186286926270e-01
9.988802075386047363e-01
9.983671903610229492e-01
9.976297020912170410e-01
9.995272159576416016e-01
9.987042546272277832e-01
9.997664690017700195e-01
9.991230964660644531e-01
9.973211884498596191e-01
9.988421797752380371e-01
9.993042945861816406e-01
9.993947744369506836e-01
9.985488057136535645e-01
9.997247457504272461e-01
9.992796182632446289e-01
9.996732473373413086e-01
9.990373253822326660e-01
9.994042515754699707e-01
9.994797110557556152e-01
9.994019865989685059e-01
9.997461438179016113e-01
9.992291331291198730e-01
9.989089965820312500e-01
9.994958043098449707e-01
9.997684955596923828e-01
9.991604089736938477e-01
9.996600747108459473e-01
9.943449497222900391e-01
9.988666176795959473e-01
9.936236143112182617e-01
9.924514889717102051e-01
9.982654452323913574e-01
9.978722333908081055e-01
9.987279772758483887e-01
9.993291497230529785e-01
9.986026883125305176e-01
9.997588396072387695e-01
9.988405704498291016e-01
9.831577539443969727e-01
9.984386563301086426e-01
9.923474192619323730e-01
9.995678663253784180e-01
9.996096491813659668e-01
9.992479085922241211e-01
9.987004995346069336e-01
9.121706485748291016e-01
8.382244110107421875e-01
9.619177579879760742e-01
9.966197609901428223e-01
9.649600982666015625e-01
9.754240512847900391e-01
9.559832811355590820e-01
9.976822733879089355e-01
9.689373970031738281e-01
7.421673536300659180e-01
7.936673760414123535e-01
9.206874966621398926e-01
9.848214983940124512e-01
9.914258718490600586e-01
9.981255531311035156e-01
9.844672083854675293e-01
9.873282313346862793e-01
9.669880270957946777e-01
9.889588952064514160e-01
9.901379942893981934e-01
9.943751096725463867e-01
9.905881881713867188e-01
9.766088128089904785e-01
9.435959458351135254e-01
7.169054150581359863e-01
5.490941405296325684e-01
3.733265399932861328e-01
7.398035228252410889e-01
6.943777203559875488e-01
8.424305319786071777e-01
6.621073484420776367e-01
6.340322494506835938e-01
6.438624262809753418e-01
5.527420043945312500e-01
7.541050612926483154e-01
5.383833050727844238e-01
6.803833842277526855e-01
7.554880976676940918e-01
4.657199382781982422e-01
5.367718935012817383e-01
4.467335343360900879e-01
3.863892555236816406e-01
2.830490469932556152e-01
3.301616311073303223e-01
3.536671996116638184e-01
4.660150408744812012e-01
2.796947956085205078e-01
3.700368106365203857e-01
3.674854636192321777e-01
2.474232912063598633e-01
4.002503752708435059e-01
3.380455970764160156e-01
3.627754747867584229e-01
2.500509023666381836e-01
3.699576258659362793e-01
3.539043068885803223e-01
3.170400857925415039e-01
3.080609440803527832e-01
2.329899072647094727e-01
1.648145318031311035e-01
2.801392674446105957e-01
2.678290605545043945e-01
3.050925433635711670e-01
3.076984882354736328e-01
2.915303707122802734e-01
3.664197325706481934e-01
4.623103141784667969e-01
3.429788053035736084e-01
3.853065371513366699e-01
5.278558731079101562e-01
4.286934435367584229e-01
4.895882606506347656e-01
3.230222463607788086e-01
3.964164257049560547e-01
3.761045336723327637e-01
4.888029098510742188e-01
2.945977449417114258e-01
3.605496287345886230e-01
3.759641647338867188e-01
3.707328438758850098e-01
4.200042486190795898e-01
4.734194278717041016e-01
5.324761867523193359e-01
