9.961766004562377930e-01
9.970693588256835938e-01
9.985863566398620605e-01
6.561008989810943604e-01
9.846214652061462402e-01
9.987663626670837402e-01
4.852566719055175781e-01
7.445484995841979980e-01
9.955805540084838867e-01
9.956941008567810059e-01
9.976858496665954590e-01
9.995087981224060059e-01
9.998688101768493652e-01
9.988949298858642578e-01
9.980537891387939453e-01
9.995019435882568359e-01
9.994032979011535645e-01
9.998383522033691406e-01
9.998545050621032715e-01
9.998666644096374512e-01
9.998934268951416016e-01
9.998809099197387695e-01
9.997652173042297363e-01
9.996891021728515625e-01
9.999229311943054199e-01
9.999417066574096680e-01
9.999338388442993164e-01
9.988988041877746582e-01
9.998575448989868164e-01
9.999147057533264160e-01
9.999081492424011230e-01
9.999170303344726562e-01
9.999347329139709473e-01
9.998882412910461426e-01
9.998953342437744141e-01
9.999220967292785645e-01
9.999186992645263672e-01
9.997808337211608887e-01
9.881455898284912109e-01
9.902018308639526367e-01
9.991150498390197754e-01
9.996076822280883789e-01
9.932143092155456543e-01
5.632083415985107422e-01
9.846247434616088867e-01
9.993667602539062500e-01
9.768506288528442383e-01
5.182917118072509766e-01
5.855186283588409424e-01
9.885237216949462891e-01
9.411500096321105957e-01
9.698311369866132736e-01
9.870661497116088867e-01
9.982485771179199219e-01
9.997956752777099609e-01
9.998577237129211426e-01
9.993813037872314453e-01
9.992913007736206055e-01
9.996494054794311523e-01
9.996333122253417969e-01
9.996941089630126953e-01
9.996775984764099121e-01
9.997938275337219238e-01
9.991470575332641602e-01
9.985963106155395508e-01
9.994947314262390137e-01
9.993991851806640625e-01
9.995433688163757324e-01
9.995107054710388184e-01
9.994966983795166016e-01
9.998009204864501953e-01
9.997543692588806152e-01
9.997617006301879883e-01
9.989434480667114258e-01
9.991186261177062988e-01
9.814531207084655762e-01
8.529071807861328125e-01
9.123664498329162598e-01
9.846533536911010742e-01
9.992692470550537109e-01
9.997453689575195312e-01
9.997465014457702637e-01
9.993969202041625977e-01
9.988240599632263184e-01
9.981594085693359375e-01
9.995872378349304199e-01
9.997565150260925293e-01
9.989305138587951660e-01
9.981997013092041016e-01
9.947085380554199219e-01
9.990888833999633789e-01
9.970039725303649902e-01
9.997743964195251465e-01
9.991730451583862305e-01
9.993855357170104980e-01
9.996179938316345215e-01
9.991997480392456055e-01
9.994546175003051758e-01
9.986833930015563965e-01
9.988315105438232422e-01
9.995292425155639648e-01
9.996716976165771484e-01
9.993408322334289551e-01
9.994771480560302734e-01
9.994191527366638184e-01
9.995784163475036621e-01
9.964995384216308594e-01
9.994120001792907715e-01
9.982963204383850098e-01
9.986534118652343750e-01
9.949620962142944336e-01
9.990003705024719238e-01
9.968684315681457520e-01
9.995754957199096680e-01
9.987379908561706543e-01
9.997453689575195312e-01
9.977425932884216309e-01
9.978378415107727051e-01
9.987419843673706055e-01
9.992592930793762207e-01
9.975230693817138672e-01
9.947752356529235840e-01
9.395432807505130768e-01
9.043675661087036133e-01
9.891210794448852539e-01
9.657103419303894043e-01
9.542965888977050781e-01
9.221208691596984863e-01
9.863198399543762207e-01
9.936267137527465820e-01
9.133940935134887695e-01
9.947038888931274414e-01
9.624506235122680664e-01
9.265736937522888184e-01
6.421741843223571777e-01
9.286373853683471680e-01
8.887825608253479004e-01
9.670482277870178223e-01
9.939501285552978516e-01
9.797944426536560059e-01
9.656667709350585938e-01
9.398868680000305176e-01
8.133613467216491699e-01
8.172088265419006348e-01
6.703851222991943359e-01
8.300285339355468750e-01
1.832742691040039062e-01
9.021067023277282715e-01
7.508293539285659790e-01
4.362582564353942871e-01
6.898185312747955322e-01
5.744621157646179199e-01
2.037211656570434570e-01
6.752793192863464355e-01
3.039174079895019531e-01
4.277967810630798340e-01
4.880204200744628906e-01
3.691323101520538330e-01
1.835095882415771484e-01
5.691795349121093750e-01
4.827210307121276855e-01
5.936668515205383301e-01
4.634781181812286377e-01
3.638871908187866211e-01
3.766634464263916016e-01
4.324970543384552002e-01
4.442725777626037598e-01
4.566447138786315918e-01
5.006633400917053223e-01
4.141588807106018066e-01
3.158491849899291992e-01
3.500699996948242188e-01
3.604829311370849609e-01
2.647386789321899414e-01
3.424014449119567871e-01
2.619704008102416992e-01
3.996078968048095703e-01
2.036927342414855957e-01
2.816663384437561035e-01
2.762251496315002441e-01
4.060309529304504395e-01
3.666778802871704102e-01
4.036976695060729980e-01
3.086645007133483887e-01
2.977848052978515625e-01
3.596269488334655762e-01
4.055218100547790527e-01
3.821904659271240234e-01
3.796038627624511719e-01
2.992359995841979980e-01
4.313235878944396973e-01
3.019778132438659668e-01
5.094954371452331543e-01
4.405520558357238770e-01
4.705691933631896973e-01
5.532766580581665039e-01
5.563547611236572266e-01
4.666654765605926514e-01
3.499147891998291016e-01
4.112740159034729004e-01
4.683451056480407715e-01
4.220247268676757812e-01
4.384648501873016357e-01
5.665370821952819824e-01
4.900124967098236084e-01
5.330502390861511230e-01
5.015127062797546387e-01
6.041148304939270020e-01
5.383232831954956055e-01
4.290946125984191895e-01
3.814137578010559082e-01
4.976539909839630127e-01
4.763773679733276367e-01
