9.961766004562377930e-01
9.970693588256835938e-01
4.997427463531494141e-01
5.682862997055053711e-01
9.958591461181640625e-01
9.985280632972717285e-01
9.986448287963867188e-01
9.990281462669372559e-01
9.996793270111083984e-01
9.928966164588928223e-01
9.857288599014282227e-01
9.994789361953735352e-01
9.998585581779479980e-01
9.988344311714172363e-01
9.980738162994384766e-01
9.994714856147766113e-01
9.994907379150390625e-01
9.998394846916198730e-01
9.998552203178405762e-01
9.998669028282165527e-01
9.998931884765625000e-01
9.998812675476074219e-01
9.997652173042297363e-01
9.996973872184753418e-01
9.999223351478576660e-01
9.999418258666992188e-01
9.999339580535888672e-01
9.988370537757873535e-01
9.998577237129211426e-01
9.999147057533264160e-01
9.999091625213623047e-01
9.999374151229858398e-01
9.999347329139709473e-01
9.998881220817565918e-01
9.998956918716430664e-01
9.999222755432128906e-01
9.999190568923950195e-01
9.997770786285400391e-01
9.997564554214477539e-01
9.998812675476074219e-01
9.996722340583801270e-01
9.694246053695678711e-01
9.214104413986206055e-01
9.849600195884704590e-01
9.866460561752319336e-01
9.993863105773925781e-01
9.806738495826721191e-01
5.588403940200805664e-01
6.361679434776306152e-01
9.990653395652770996e-01
9.993951320648193359e-01
9.995948672294616699e-01
9.995609521865844727e-01
9.994537234306335449e-01
9.998611807823181152e-01
9.993999004364013672e-01
9.992452859878540039e-01
9.996796250343322754e-01
9.996421933174133301e-01
9.997128248214721680e-01
9.997000098228454590e-01
9.998578429222106934e-01
9.992458224296569824e-01
9.987906813621520996e-01
9.995236396789550781e-01
9.994698762893676758e-01
9.994900822639465332e-01
9.994320273399353027e-01
9.991296529769897461e-01
9.995712041854858398e-01
9.970565438270568848e-01
9.973449110984802246e-01
9.991393089294433594e-01
9.987694621086120605e-01
9.901686310768127441e-01
9.982752203941345215e-01
9.989861845970153809e-01
9.989525675773620605e-01
9.800701737403869629e-01
9.923494458198547363e-01
9.985157847404479980e-01
9.977296590805053711e-01
9.983535408973693848e-01
9.984403252601623535e-01
9.997844696044921875e-01
9.997885823249816895e-01
9.994381666183471680e-01
9.997283816337585449e-01
9.995558261871337891e-01
9.984583258628845215e-01
9.970786571502685547e-01
9.996858239173889160e-01
9.996153116226196289e-01
9.997392892837524414e-01
9.986231923103332520e-01
9.994524717330932617e-01
9.996222257614135742e-01
9.995614886283874512e-01
9.994650483131408691e-01
9.995944499969482422e-01
9.984052181243896484e-01
9.956466555595397949e-01
9.983449578285217285e-01
9.990348815917968750e-01
9.995757341384887695e-01
9.990617036819458008e-01
9.989532828330993652e-01
9.991311430931091309e-01
9.983380436897277832e-01
9.946005344390869141e-01
9.848161339759826660e-01
9.887328147888183594e-01
9.989721775054931641e-01
9.976983070373535156e-01
9.996123909950256348e-01
9.984235763549804688e-01
9.901475310325622559e-01
9.979649782180786133e-01
9.967893362045288086e-01
9.964632987976074219e-01
9.988241195678710938e-01
9.963587522506713867e-01
9.995331764221191406e-01
9.980331063270568848e-01
9.981085658073425293e-01
9.950136542320251465e-01
9.909751415252685547e-01
9.936573505401611328e-01
9.905171990394592285e-01
9.793028831481933594e-01
9.353238940238952637e-01
9.379980564117431641e-01
9.376214370131492615e-01
9.151020646095275879e-01
9.200868606567382812e-01
9.108212590217590332e-01
8.628528118133544922e-01
9.365928769111633301e-01
9.469569325447082520e-01
8.745722174644470215e-01
8.817000389099121094e-01
9.036027118563652039e-01
7.850579172372817993e-01
7.339242994785308838e-01
7.462769150733947754e-01
7.273064851760864258e-01
7.174438238143920898e-01
7.832105159759521484e-01
8.333979249000549316e-01
2.541856765747070312e-01
5.685967206954956055e-01
4.267525672912597656e-01
5.329840183258056641e-01
3.254664242267608643e-01
4.957585036754608154e-01
5.802704691886901855e-01
6.416495442390441895e-01
5.292970538139343262e-01
5.554484724998474121e-01
4.962929189205169678e-01
5.474841594696044922e-01
4.538830816745758057e-01
5.265808701515197754e-01
5.397171676158905029e-01
6.512641906738281250e-01
6.982277929782867432e-01
5.896691679954528809e-01
6.363018751144409180e-01
5.120049715042114258e-01
4.643028378486633301e-01
5.584343671798706055e-01
6.371059417724609375e-01
4.020470976829528809e-01
3.294677138328552246e-01
5.927826762199401855e-01
5.173792243003845215e-01
5.139113664627075195e-01
4.304595589637756348e-01
4.290573298931121826e-01
4.811393618583679199e-01
4.276777505874633789e-01
4.923422336578369141e-01
4.349012374877929688e-01
2.793049216270446777e-01
4.329662322998046875e-01
4.953417778015136719e-01
3.615940213203430176e-01
4.596520066261291504e-01
5.141352713108062744e-01
4.459542632102966309e-01
4.487800598144531250e-01
4.959971904754638672e-01
4.727766811847686768e-01
3.839651346206665039e-01
4.061292409896850586e-01
4.244509339332580566e-01
2.806258797645568848e-01
4.378272891044616699e-01
3.807824254035949707e-01
4.154647290706634521e-01
4.856836795806884766e-01
4.863470792770385742e-01
4.836217761039733887e-01
4.338039755821228027e-01
4.577894210815429688e-01
3.909400403499603271e-01
