9.961766004562377930e-01
9.970693588256835938e-01
9.985863566398620605e-01
6.561009287834167480e-01
9.846214652061462402e-01
9.987663626670837402e-01
4.852566719055175781e-01
7.445484995841979980e-01
9.955805540084838867e-01
9.956941008567810059e-01
9.976858496665954590e-01
9.995087981224060059e-01
9.998688101768493652e-01
9.998847842216491699e-01
9.987072944641113281e-01
9.982871413230895996e-01
9.994984865188598633e-01
9.998257160186767578e-01
9.998814463615417480e-01
9.585264921188354492e-01
9.979286193847656250e-01
9.996428489685058594e-01
9.998295903205871582e-01
9.998399615287780762e-01
9.999109506607055664e-01
9.999142289161682129e-01
9.999448657035827637e-01
9.999305605888366699e-01
9.999287724494934082e-01
9.998864531517028809e-01
9.998669624328613281e-01
9.999229907989501953e-01
9.999395012855529785e-01
9.999026060104370117e-01
9.998983144760131836e-01
9.999214410781860352e-01
9.999217987060546875e-01
9.997813701629638672e-01
8.393104076385498047e-01
9.897111058235168457e-01
9.991248846054077148e-01
9.755731225013732910e-01
9.896923303604125977e-01
9.973913431167602539e-01
7.299692034721374512e-01
9.991106986999511719e-01
7.240191102027893066e-01
9.905534386634826660e-01
7.764464616775512695e-01
9.963988065719604492e-01
9.990523457527160645e-01
9.989283084869384766e-01
9.995629191398620605e-01
9.994304180145263672e-01
9.996446371078491211e-01
9.998558163642883301e-01
9.993819594383239746e-01
9.991915225982666016e-01
9.996575117111206055e-01
9.996458292007446289e-01
9.997023344039916992e-01
9.996801018714904785e-01
9.997931718826293945e-01
9.992052912712097168e-01
9.987103343009948730e-01
9.995497465133666992e-01
9.993782043457031250e-01
9.993121623992919922e-01
9.988688826560974121e-01
9.990646243095397949e-01
9.995931982994079590e-01
9.979020357131958008e-01
9.989935159683227539e-01
9.996027350425720215e-01
7.141789793968200684e-01
9.958565235137939453e-01
9.992656707763671875e-01
9.997326731681823730e-01
9.994794726371765137e-01
9.997065663337707520e-01
9.951868653297424316e-01
9.964241385459899902e-01
9.989902973175048828e-01
9.989339709281921387e-01
9.994421005249023438e-01
9.997461438179016113e-01
9.995604753494262695e-01
9.998452067375183105e-01
9.995388984680175781e-01
9.998540878295898438e-01
9.996249079704284668e-01
9.998016953468322754e-01
9.997722506523132324e-01
9.995775222778320312e-01
9.997971057891845703e-01
9.995958209037780762e-01
9.995859861373901367e-01
9.996800422668457031e-01
9.975405335426330566e-01
9.994855523109436035e-01
9.983333349227905273e-01
9.996826648712158203e-01
9.998256564140319824e-01
9.991010427474975586e-01
9.984686970710754395e-01
9.996374249458312988e-01
9.915095567703247070e-01
9.973433613777160645e-01
9.967714548110961914e-01
9.991185069084167480e-01
9.996865391731262207e-01
9.988352656364440918e-01
9.952293634414672852e-01
9.987515211105346680e-01
9.951062798500061035e-01
9.981964230537414551e-01
9.982905983924865723e-01
9.993321299552917480e-01
9.985917806625366211e-01
9.988582730293273926e-01
9.993445873260498047e-01
9.148780703544616699e-01
7.461454868316650391e-01
8.365488648414611816e-01
9.611627459526062012e-01
9.952210783958435059e-01
9.666447043418884277e-01
9.699663519859313965e-01
8.774528503417968750e-01
6.744901537895202637e-01
4.059792757034301758e-01
9.911812543869018555e-01
9.506464004516601562e-01
9.972324371337890625e-01
9.875849485397338867e-01
9.684564471244812012e-01
9.671166539192199707e-01
9.946586489677429199e-01
9.730773568153381348e-01
9.947642087936401367e-01
9.777181148529052734e-01
9.907498359680175781e-01
9.884191155433654785e-01
9.876465201377868652e-01
9.914934039115905762e-01
9.280327558517456055e-01
8.834417462348937988e-01
9.096034169197082520e-01
8.669698536396026611e-01
8.873931765556335449e-01
9.062389731407165527e-01
6.694411635398864746e-01
8.564045429229736328e-01
8.382260203361511230e-01
8.306266069412231445e-01
7.581454515457153320e-01
9.243854656815528870e-01
7.227247059345245361e-01
8.536630272865295410e-01
7.083985805511474609e-01
8.520496487617492676e-01
3.903083205223083496e-01
7.275890409946441650e-01
6.528266668319702148e-01
8.111298680305480957e-01
7.794503569602966309e-01
7.385596036911010742e-01
6.097016632556915283e-01
7.388556599617004395e-01
8.453757762908935547e-01
6.392308473587036133e-01
3.955538868904113770e-01
3.964020311832427979e-01
3.556227684020996094e-01
5.047145485877990723e-01
4.585713744163513184e-01
4.113370776176452637e-01
4.453535974025726318e-01
2.812753915786743164e-01
3.865122795104980469e-01
2.637139856815338135e-01
4.014064073562622070e-01
2.948668003082275391e-01
3.279994130134582520e-01
4.291928708553314209e-01
3.493951559066772461e-01
2.980213761329650879e-01
3.119310140609741211e-01
3.646757006645202637e-01
3.674909472465515137e-01
4.469574093818664551e-01
4.294222891330718994e-01
3.927316069602966309e-01
3.913607895374298096e-01
3.599743247032165527e-01
3.918836116790771484e-01
4.204592704772949219e-01
3.629967570304870605e-01
4.433587193489074707e-01
3.625601828098297119e-01
4.506248235702514648e-01
4.339997172355651855e-01
5.454820394515991211e-01
4.574775397777557373e-01
4.550935029983520508e-01
4.318898320198059082e-01
