9.961766004562377930e-01
9.970693588256835938e-01
9.985863566398620605e-01
6.561009287834167480e-01
9.846214652061462402e-01
9.987663626670837402e-01
4.852566421031951904e-01
7.445484995841979980e-01
9.955805540084838867e-01
9.956941008567810059e-01
9.976859358139336109e-01
9.995087981224060059e-01
9.998688101768493652e-01
9.988949298858642578e-01
9.980537891387939453e-01
9.995019435882568359e-01
9.994032979011535645e-01
9.998383522033691406e-01
9.998545050621032715e-01
9.998666644096374512e-01
9.998934268951416016e-01
9.998809099197387695e-01
9.997652173042297363e-01
9.996891021728515625e-01
9.999229311943054199e-01
9.999417066574096680e-01
9.999338388442993164e-01
9.988988041877746582e-01
9.998575448989868164e-01
9.999147057533264160e-01
9.999081492424011230e-01
9.999170303344726562e-01
9.999347329139709473e-01
9.998882412910461426e-01
9.998953342437744141e-01
9.999220967292785645e-01
9.999186992645263672e-01
9.997808337211608887e-01
9.997564554214477539e-01
9.997584819793701172e-01
9.971131086349487305e-01
9.789246320724487305e-01
5.084147155284881592e-01
9.530858397483825684e-01
9.925390481948852539e-01
6.508977413177490234e-01
9.511685371398925781e-01
9.944666028022766113e-01
8.017707467079162598e-01
9.967046380043029785e-01
9.994468688964843750e-01
9.994384050369262695e-01
9.994679093360900879e-01
9.996515512466430664e-01
9.996408820152282715e-01
9.998583793640136719e-01
9.993746876716613770e-01
9.992209672927856445e-01
9.996650218963623047e-01
9.996396899223327637e-01
9.996983408927917480e-01
9.996840953826904297e-01
9.997934699058532715e-01
9.991813302040100098e-01
9.987632036209106445e-01
9.995440244674682617e-01
9.993532896041870117e-01
9.992669224739074707e-01
9.988678097724914551e-01
9.990585446357727051e-01
9.995796680450439453e-01
9.987289905548095703e-01
9.965679645538330078e-01
9.989909529685974121e-01
9.989001750946044922e-01
9.991132020950317383e-01
9.969576001167297363e-01
9.991979002952575684e-01
9.997247457504272461e-01
9.994077682495117188e-01
9.994455575942993164e-01
9.995632171630859375e-01
9.995772838592529297e-01
9.995493292808532715e-01
9.998095631599426270e-01
9.997975826263427734e-01
9.996255636215209961e-01
9.996452927589416504e-01
9.997470974922180176e-01
9.997857809066772461e-01
9.998701214790344238e-01
9.996713995933532715e-01
9.993004798889160156e-01
9.997822642326354980e-01
9.990384578704833984e-01
9.994223713874816895e-01
9.994481801986694336e-01
9.989052414894104004e-01
9.995614886283874512e-01
9.996797442436218262e-01
9.992597699165344238e-01
9.995514154434204102e-01
9.992803931236267090e-01
9.996905922889709473e-01
9.997734427452087402e-01
9.995545744895935059e-01
9.992890357971191406e-01
9.994310736656188965e-01
9.985736608505249023e-01
9.993347525596618652e-01
9.940314292907714844e-01
9.822035431861877441e-01
9.928032755851745605e-01
9.945681691169738770e-01
9.986122846603393555e-01
9.997004866600036621e-01
9.984726309776306152e-01
9.927251338958740234e-01
9.977789521217346191e-01
9.974817037582397461e-01
9.986528754234313965e-01
9.990927577018737793e-01
9.995988011360168457e-01
9.987581372261047363e-01
9.990288019180297852e-01
9.551658034324645996e-01
9.864031672477722168e-01
8.551935553550720215e-01
9.488433077931404114e-01
9.105724096298217773e-01
9.974629282951354980e-01
8.626317977905273438e-01
5.190971493721008301e-01
9.028699398040771484e-01
9.941056966781616211e-01
9.843409061431884766e-01
6.304180920124053955e-01
7.942628860473632812e-01
9.897623062133789062e-01
9.662462472915649414e-01
8.311081528663635254e-01
8.870046138763427734e-01
9.107655286788940430e-01
9.278194308280944824e-01
9.825839996337890625e-01
9.252918958663940430e-01
9.759098887443542480e-01
7.391745448112487793e-01
9.713218808174133301e-01
1.860252618789672852e-01
7.692099809646606445e-01
6.725360751152038574e-01
6.838907301425933838e-01
6.000942587852478027e-01
8.432655334472656250e-01
6.816289424896240234e-01
4.592079520225524902e-01
6.776751875877380371e-01
6.468572914600372314e-01
6.000012159347534180e-01
5.844557285308837891e-01
8.659018874168395996e-01
7.149233818054199219e-01
6.621986031532287598e-01
7.666692137718200684e-01
5.781948268413543701e-01
5.994702279567718506e-01
5.093882679939270020e-01
6.490207314491271973e-01
4.523411393165588379e-01
5.465810894966125488e-01
4.517042040824890137e-01
6.218047738075256348e-01
6.645379960536956787e-01
3.302435874938964844e-01
4.871176481246948242e-01
5.137595534324645996e-01
4.228987693786621094e-01
4.974632859230041504e-01
4.997735023498535156e-01
3.944714069366455078e-01
3.697507977485656738e-01
3.809419274330139160e-01
3.318285048007965088e-01
3.624486327171325684e-01
3.845560550689697266e-01
2.778987288475036621e-01
4.136625528335571289e-01
3.955658972263336182e-01
3.538426756858825684e-01
3.652688264846801758e-01
4.367536902427673340e-01
4.883518815040588379e-01
4.174996018409729004e-01
4.238170385360717773e-01
5.323068797588348389e-01
6.534745395183563232e-01
3.089852929115295410e-01
5.519296228885650635e-01
3.337332606315612793e-01
4.792145490646362305e-01
4.075540900230407715e-01
3.909541070461273193e-01
3.950971961021423340e-01
3.517225384712219238e-01
4.222491681575775146e-01
3.612352609634399414e-01
4.371231794357299805e-01
4.252599775791168213e-01
4.010646045207977295e-01
4.472718834877014160e-01
3.533535599708557129e-01
4.699757099151611328e-01
3.913550376892089844e-01
3.292420506477355957e-01
3.823384642601013184e-01
3.234925866127014160e-01
4.286912083625793457e-01
3.211205005645751953e-01
3.641476035118103027e-01
4.536958336830139160e-01
3.786921501159667969e-01
3.935686945915222168e-01
3.914482593536376953e-01
4.912675023078918457e-01
4.014621376991271973e-01
4.454686641693115234e-01
5.081241130828857422e-01
