9.961766004562377930e-01
9.970693588256835938e-01
9.985863566398620605e-01
6.561008989810943604e-01
9.846214652061462402e-01
9.987663626670837402e-01
4.852566421031951904e-01
7.445484995841979980e-01
9.955805540084838867e-01
9.956941008567810059e-01
9.976858496665954590e-01
9.995087981224060059e-01
9.998688101768493652e-01
9.998847842216491699e-01
9.987072944641113281e-01
9.982871413230895996e-01
9.994984865188598633e-01
9.998257160186767578e-01
9.998814463615417480e-01
9.585264921188354492e-01
9.979286193847656250e-01
9.996428489685058594e-01
9.998295903205871582e-01
9.998399615287780762e-01
9.999109506607055664e-01
9.999142289161682129e-01
9.999448657035827637e-01
9.999305605888366699e-01
9.998197555541992188e-01
9.998757839202880859e-01
9.999055266380310059e-01
9.999178051948547363e-01
9.999440312385559082e-01
9.998990893363952637e-01
9.998912811279296875e-01
9.999257326126098633e-01
9.999186992645263672e-01
9.997813701629638672e-01
8.393104076385498047e-01
9.897111058235168457e-01
9.991409778594970703e-01
9.996076822280883789e-01
9.928505420684814453e-01
9.327992796897888184e-01
9.822835326194763184e-01
5.273726284503936768e-01
7.858385443687438965e-01
9.967527389526367188e-01
9.984183311462402344e-01
9.983647465705871582e-01
9.969993829727172852e-01
9.994858503341674805e-01
9.993507266044616699e-01
9.996681213378906250e-01
9.996531605720520020e-01
9.998447895050048828e-01
9.994618296623229980e-01
9.991944432258605957e-01
9.996674656867980957e-01
9.996383786201477051e-01
9.997019171714782715e-01
9.996779561042785645e-01
9.997949600219726562e-01
9.991712570190429688e-01
9.987706542015075684e-01
9.995380640029907227e-01
9.993563890457153320e-01
9.992877244949340820e-01
9.988704919815063477e-01
9.990536570549011230e-01
9.995802044868469238e-01
9.995338320732116699e-01
9.972479939460754395e-01
9.984211921691894531e-01
9.774359464645385742e-01
9.986718297004699707e-01
9.891092181205749512e-01
9.996732473373413086e-01
9.996063113212585449e-01
9.996973276138305664e-01
9.997527599334716797e-01
9.996952414512634277e-01
9.996943473815917969e-01
9.997782111167907715e-01
9.997514486312866211e-01
9.998569488525390625e-01
9.997510910034179688e-01
9.997761845588684082e-01
9.997458457946777344e-01
9.996451139450073242e-01
9.996758103370666504e-01
9.996982812881469727e-01
9.995383024215698242e-01
9.994685649871826172e-01
9.970409870147705078e-01
9.996201992034912109e-01
9.972289800643920898e-01
9.980118870735168457e-01
9.969316720962524414e-01
9.994149804115295410e-01
9.995641112327575684e-01
9.954761862754821777e-01
9.992275238037109375e-01
9.989079833030700684e-01
9.990385174751281738e-01
9.991641640663146973e-01
9.838253259658813477e-01
9.917791485786437988e-01
9.954060316085815430e-01
9.978489875793457031e-01
9.979733228683471680e-01
9.996784329414367676e-01
9.987415671348571777e-01
9.981710314750671387e-01
9.943268895149230957e-01
9.931870102882385254e-01
9.985305666923522949e-01
9.994020462036132812e-01
9.992522597312927246e-01
9.959317445755004883e-01
9.783734623342752457e-01
4.794383645057678223e-01
9.273759722709655762e-01
8.898738622665405273e-01
7.013941407203674316e-01
9.873691797256469727e-01
9.673618078231811523e-01
9.875746965408325195e-01
9.813377261161804199e-01
8.864456042647361755e-01
6.215165555477142334e-01
7.838543951511383057e-01
8.407104611396789551e-01
9.169297218322753906e-01
9.855911731719970703e-01
9.758105278015136719e-01
9.279037714004516602e-01
9.726388175040483475e-01
9.866754412651062012e-01
9.284117817878723145e-01
9.917678833007812500e-01
9.689295291900634766e-01
9.153132438659667969e-01
8.999626636505126953e-01
8.713726401329040527e-01
7.301824092864990234e-01
7.319865226745605469e-01
8.331657648086547852e-01
5.960777103900909424e-01
4.473014771938323975e-01
8.145867586135864258e-01
4.282612502574920654e-01
5.593270659446716309e-01
6.166445016860961914e-01
6.264228820800781250e-01
5.110681653022766113e-01
4.994141459465026855e-01
6.118903160095214844e-01
5.019702613353729248e-01
3.760750889778137207e-01
5.005459189414978027e-01
3.874308764934539795e-01
4.570680856704711914e-01
5.708344578742980957e-01
5.877373814582824707e-01
5.032781958580017090e-01
4.752282500267028809e-01
4.967676103115081787e-01
4.508740305900573730e-01
3.680145740509033203e-01
4.695569872856140137e-01
4.061034321784973145e-01
2.847392559051513672e-01
3.744048476219177246e-01
4.559399187564849854e-01
2.150308489799499512e-01
2.649610936641693115e-01
2.451192289590835571e-01
3.476460874080657959e-01
3.169590830802917480e-01
4.340606331825256348e-01
2.896304130554199219e-01
3.324910998344421387e-01
2.704271078109741211e-01
3.923367261886596680e-01
2.568444609642028809e-01
3.584370613098144531e-01
4.855589270591735840e-01
4.301405549049377441e-01
4.844465255737304688e-01
5.111385583877563477e-01
4.795814752578735352e-01
3.751591444015502930e-01
4.227740466594696045e-01
3.821604251861572266e-01
4.842839539051055908e-01
