9.961766004562377930e-01
9.970693588256835938e-01
9.985863566398620605e-01
6.561009287834167480e-01
9.846214652061462402e-01
9.987663626670837402e-01
4.852566421031951904e-01
7.445484995841979980e-01
9.955805540084838867e-01
9.956941008567810059e-01
9.976858496665954590e-01
9.995087981224060059e-01
9.998688101768493652e-01
9.998847842216491699e-01
9.987072944641113281e-01
9.982871413230895996e-01
9.994984865188598633e-01
9.998257160186767578e-01
9.998814463615417480e-01
9.998573660850524902e-01
9.998692274093627930e-01
9.998960494995117188e-01
9.997652173042297363e-01
9.996891021728515625e-01
9.999229311943054199e-01
9.999200105667114258e-01
9.999443292617797852e-01
9.999252557754516602e-01
9.999234676361083984e-01
9.998991489410400391e-01
9.998669624328613281e-01
9.999155402183532715e-01
9.999330043792724609e-01
9.998877644538879395e-01
9.998983144760131836e-01
9.999214410781860352e-01
9.999217987060546875e-01
9.997813701629638672e-01
9.997540116310119629e-01
9.997566938400268555e-01
9.971616864204406738e-01
9.767766594886779785e-01
9.913335442543029785e-01
9.924727678298950195e-01
9.995862245559692383e-01
9.986257553100585938e-01
9.986439943313598633e-01
9.784668087959289551e-01
6.137351393699645996e-01
9.962361454963684082e-01
9.988597035408020020e-01
9.989709258079528809e-01
9.991688132286071777e-01
9.995068907737731934e-01
9.994260668754577637e-01
9.998599886894226074e-01
9.993630647659301758e-01
9.991875290870666504e-01
9.996643662452697754e-01
9.996462464332580566e-01
9.997004866600036621e-01
9.996812343597412109e-01
9.997956752777099609e-01
9.991860985755920410e-01
9.987850785255432129e-01
9.995619058609008789e-01
9.993683099746704102e-01
9.995132684707641602e-01
9.994453787803649902e-01
9.991769790649414062e-01
9.995854496955871582e-01
9.972401857376098633e-01
9.974405169486999512e-01
9.987343549728393555e-01
9.981364011764526367e-01
9.982613325119018555e-01
9.830102920532226562e-01
9.987760186195373535e-01
9.990814924240112305e-01
9.982756376266479492e-01
9.958774447441101074e-01
9.994444847106933594e-01
9.988250732421875000e-01
9.986143708229064941e-01
9.991583824157714844e-01
9.997221827507019043e-01
9.997239708900451660e-01
9.996694326400756836e-01
9.996688365936279297e-01
9.995937347412109375e-01
9.995180368423461914e-01
9.995203614234924316e-01
9.995557069778442383e-01
9.988025426864624023e-01
9.995318651199340820e-01
9.994992613792419434e-01
9.997435212135314941e-01
9.991887211799621582e-01
9.985488653182983398e-01
9.997603893280029297e-01
9.992417097091674805e-01
9.996708631515502930e-01
9.996954202651977539e-01
9.989052414894104004e-01
9.986889362335205078e-01
9.997614622116088867e-01
9.990211725234985352e-01
9.997205138206481934e-01
9.637325406074523926e-01
9.578470140695571899e-01
9.961053729057312012e-01
9.872113466262817383e-01
9.994407296180725098e-01
9.985036849975585938e-01
9.985697865486145020e-01
9.997130632400512695e-01
9.984724521636962891e-01
9.970316290855407715e-01
9.989876747131347656e-01
9.984546899795532227e-01
9.895421862602233887e-01
9.996631741523742676e-01
9.990479946136474609e-01
9.993033409118652344e-01
9.984221458435058594e-01
7.472512722015380859e-01
9.304336309432983398e-01
9.952938556671142578e-01
9.735803008079528809e-01
9.391770958900451660e-01
8.192824721336364746e-01
9.980410337448120117e-01
9.491276741027832031e-01
5.909647643566131592e-01
8.200152516365051270e-01
9.798395633697509766e-01
9.935054779052734375e-01
9.970633983612060547e-01
9.976793527603149414e-01
9.906138777732849121e-01
9.881283640861511230e-01
9.594895243644714355e-01
9.832293987274169922e-01
9.317259192466735840e-01
9.889336228370666504e-01
9.592624306678771973e-01
7.406532168388366699e-01
8.311061263084411621e-01
4.225717186927795410e-01
3.293745517730712891e-01
3.422600030899047852e-01
4.020066559314727783e-01
1.922502666711807251e-01
2.729719281196594238e-01
6.799180507659912109e-01
2.361450195312500000e-01
6.028624176979064941e-01
5.179435312747955322e-01
6.210682988166809082e-01
4.837252199649810791e-01
6.055172681808471680e-01
7.848299145698547363e-01
6.147897839546203613e-01
5.535852313041687012e-01
6.950469911098480225e-01
7.230112850666046143e-01
6.518336534500122070e-01
6.576656699180603027e-01
6.869003176689147949e-01
5.101554393768310547e-01
6.241134405136108398e-01
5.033527612686157227e-01
4.450193643569946289e-01
3.650601208209991455e-01
4.043935239315032959e-01
3.918688893318176270e-01
3.801437616348266602e-01
5.198276638984680176e-01
5.385444760322570801e-01
5.245037078857421875e-01
3.376522064208984375e-01
3.701969981193542480e-01
4.625404477119445801e-01
5.391451716423034668e-01
5.894649624824523926e-01
5.086380839347839355e-01
5.999004244804382324e-01
5.491914749145507812e-01
4.916298389434814453e-01
5.120916962623596191e-01
5.581829547882080078e-01
4.470452666282653809e-01
4.372570514678955078e-01
3.064974546432495117e-01
2.930913567543029785e-01
2.866983711719512939e-01
3.964678943157196045e-01
3.657890856266021729e-01
3.519591689109802246e-01
4.184138476848602295e-01
4.560585618019104004e-01
4.087102115154266357e-01
3.064285516738891602e-01
5.013003945350646973e-01
3.545414209365844727e-01
5.477186441421508789e-01
4.812126159667968750e-01
3.828739523887634277e-01
4.762241840362548828e-01
4.261008501052856445e-01
