9.961766004562377930e-01
9.970693588256835938e-01
4.997427463531494141e-01
5.682862997055053711e-01
9.958591461181640625e-01
9.985280632972717285e-01
9.986448287963867188e-01
9.990281462669372559e-01
9.996793270111083984e-01
9.928966164588928223e-01
9.857288599014282227e-01
9.994789361953735352e-01
9.998585581779479980e-01
9.988344311714172363e-01
9.980738162994384766e-01
9.994714856147766113e-01
9.994907379150390625e-01
9.998394846916198730e-01
9.998552203178405762e-01
9.998669028282165527e-01
9.998931884765625000e-01
9.998812675476074219e-01
9.997652173042297363e-01
9.996973872184753418e-01
9.999223351478576660e-01
9.999418258666992188e-01
9.999339580535888672e-01
9.988370537757873535e-01
9.998577237129211426e-01
9.999147057533264160e-01
9.999091625213623047e-01
9.999374151229858398e-01
9.998838901519775391e-01
9.998726844787597656e-01
9.999253153800964355e-01
9.999186992645263672e-01
9.999256134033203125e-01
9.997534155845642090e-01
9.866963624954223633e-01
9.971148967742919922e-01
8.757194876670837402e-01
9.675757288932800293e-01
9.972572326660156250e-01
9.996418952941894531e-01
9.808069467544555664e-01
9.988232254981994629e-01
9.878237843513488770e-01
6.222977042198181152e-01
6.511681079864501953e-01
9.989010095596313477e-01
9.989544153213500977e-01
9.991457462310791016e-01
9.995202422142028809e-01
9.994171261787414551e-01
9.998573660850524902e-01
9.993373751640319824e-01
9.991936087608337402e-01
9.996526837348937988e-01
9.996430873870849609e-01
9.996999502182006836e-01
9.996874928474426270e-01
9.998516440391540527e-01
9.991686344146728516e-01
9.987396597862243652e-01
9.995226860046386719e-01
9.993532896041870117e-01
9.995114207267761230e-01
9.994576573371887207e-01
9.991554617881774902e-01
9.995802044868469238e-01
9.972445368766784668e-01
9.992735385894775391e-01
9.959841370582580566e-01
9.959278106689453125e-01
6.670320332050323486e-01
9.870556592941284180e-01
9.995927214622497559e-01
9.990737438201904297e-01
9.344863891601562500e-01
9.172038435935974121e-01
9.926667213439941406e-01
9.842746853828430176e-01
9.985562562942504883e-01
9.991204738616943359e-01
9.996983408927917480e-01
9.997974634170532227e-01
9.997667074203491211e-01
9.997252821922302246e-01
9.997262358665466309e-01
9.997264742851257324e-01
9.997716546058654785e-01
9.996730089187622070e-01
9.990571141242980957e-01
9.994807243347167969e-01
9.984924793243408203e-01
9.994410872459411621e-01
9.970631003379821777e-01
9.995499253273010254e-01
9.986634254455566406e-01
9.983658790588378906e-01
9.989514350891113281e-01
9.995766878128051758e-01
9.997966289520263672e-01
9.994036555290222168e-01
9.996988773345947266e-01
9.995802044868469238e-01
9.988696575164794922e-01
9.932495951652526855e-01
9.933186173439025879e-01
9.666857123374938965e-01
9.990403056144714355e-01
9.983962774276733398e-01
9.998089075088500977e-01
9.974297881126403809e-01
9.968008399009704590e-01
9.983800649642944336e-01
9.970088005065917969e-01
9.981103539466857910e-01
9.996426701545715332e-01
9.995753765106201172e-01
9.939377903938293457e-01
8.415703177452087402e-01
9.716048836708068848e-01
6.184879541397094727e-01
9.750576894730329514e-01
9.503687024116516113e-01
8.610152602195739746e-01
8.468360900878906250e-01
9.730516672134399414e-01
7.442729473114013672e-01
2.619180083274841309e-01
9.363981783390045166e-01
9.482312798500061035e-01
8.922764658927917480e-01
8.963609337806701660e-01
9.159668087959289551e-01
7.570989727973937988e-01
9.453284740447998047e-01
5.375172495841979980e-01
9.689346551895141602e-01
8.389209359884262085e-01
9.744021296501159668e-01
9.324213266372680664e-01
8.625421524047851562e-01
6.906159520149230957e-01
7.321385741233825684e-01
6.599366068840026855e-01
5.795133113861083984e-01
5.326394140720367432e-01
3.601654767990112305e-01
6.397013068199157715e-01
4.326383471488952637e-01
4.761120378971099854e-01
5.227836370468139648e-01
5.087446868419647217e-01
3.466184735298156738e-01
4.466477632522583008e-01
5.012874603271484375e-01
5.406462550163269043e-01
3.917928934097290039e-01
3.082210719585418701e-01
4.571117162704467773e-01
3.545778989791870117e-01
3.031669855117797852e-01
2.744920253753662109e-01
3.181592226028442383e-01
2.649285197257995605e-01
3.463348150253295898e-01
3.485154509544372559e-01
3.136192560195922852e-01
3.471844196319580078e-01
4.093399345874786377e-01
2.360717654228210449e-01
2.886471748352050781e-01
2.790532708168029785e-01
2.556283771991729736e-01
2.055801749229431152e-01
2.885605096817016602e-01
1.802117824554443359e-01
2.402642965316772461e-01
2.199105620384216309e-01
3.017445206642150879e-01
3.399776816368103027e-01
3.838512897491455078e-01
2.605827450752258301e-01
3.227327167987823486e-01
2.850504517555236816e-01
3.507507145404815674e-01
5.758835375308990479e-01
3.866343498229980469e-01
3.956193923950195312e-01
5.359176993370056152e-01
3.965719938278198242e-01
4.792407751083374023e-01
3.865014910697937012e-01
3.863525390625000000e-01
3.596878647804260254e-01
