9.961766004562377930e-01
9.970693588256835938e-01
9.985863566398620605e-01
6.561009287834167480e-01
9.846214652061462402e-01
9.987663626670837402e-01
4.852566719055175781e-01
7.445484995841979980e-01
9.955805540084838867e-01
9.956941008567810059e-01
9.976859358139336109e-01
9.995087981224060059e-01
9.998688101768493652e-01
9.988949298858642578e-01
9.980537891387939453e-01
9.995019435882568359e-01
9.994032979011535645e-01
9.998383522033691406e-01
9.998545050621032715e-01
9.998666644096374512e-01
9.998934268951416016e-01
9.998809099197387695e-01
9.997652173042297363e-01
9.996891021728515625e-01
9.999229311943054199e-01
9.999417066574096680e-01
9.999338388442993164e-01
9.988988041877746582e-01
9.998575448989868164e-01
9.999147057533264160e-01
9.999081492424011230e-01
9.999170303344726562e-01
9.999347329139709473e-01
9.998882412910461426e-01
9.998953342437744141e-01
9.999220967292785645e-01
9.999186992645263672e-01
9.997808337211608887e-01
9.883664250373840332e-01
9.898562431335449219e-01
9.990862607955932617e-01
9.775578975677490234e-01
9.902498126029968262e-01
7.717557400465011597e-01
9.825779199600219727e-01
6.590570807456970215e-01
7.797960638999938965e-01
9.963667392730712891e-01
7.933504581451416016e-01
9.972320795059204102e-01
9.497674703598022461e-01
9.744772315025329590e-01
9.811911582946777344e-01
9.994877576828002930e-01
9.994910955429077148e-01
9.997527599334716797e-01
9.996884465217590332e-01
9.995963573455810547e-01
9.991137385368347168e-01
9.996466636657714844e-01
9.995993971824645996e-01
9.996716976165771484e-01
9.998015165328979492e-01
9.978751540184020996e-01
9.994536042213439941e-01
9.992573261260986328e-01
9.996405839920043945e-01
9.991990923881530762e-01
9.988272190093994141e-01
9.995696544647216797e-01
9.997985959053039551e-01
9.989422559738159180e-01
9.995381236076354980e-01
9.992157220840454102e-01
9.979022145271301270e-01
9.732432961463928223e-01
9.525880217552185059e-01
9.879081249237060547e-01
9.250862002372741699e-01
8.869677186012268066e-01
9.491642415523529053e-01
9.914389252662658691e-01
9.955323338508605957e-01
9.991496801376342773e-01
9.988899827003479004e-01
9.996111392974853516e-01
9.997395873069763184e-01
9.994773268699645996e-01
9.996597766876220703e-01
9.979004263877868652e-01
9.964237213134765625e-01
9.991923570632934570e-01
9.997202157974243164e-01
9.997075796127319336e-01
9.995910525321960449e-01
9.986924529075622559e-01
9.998174905776977539e-01
9.994498491287231445e-01
9.993435144424438477e-01
9.991687536239624023e-01
9.996190071105957031e-01
9.995162487030029297e-01
9.992902874946594238e-01
9.995481371879577637e-01
9.994263052940368652e-01
9.996900558471679688e-01
9.977779388427734375e-01
9.986716508865356445e-01
9.990503787994384766e-01
9.995250701904296875e-01
9.994263052940368652e-01
9.993682503700256348e-01
9.963855743408203125e-01
9.993942975997924805e-01
9.980810880661010742e-01
9.997096657752990723e-01
9.985913634300231934e-01
9.975461363792419434e-01
9.996588230133056641e-01
9.986794590950012207e-01
9.974421262741088867e-01
9.970297813415527344e-01
7.074976563453674316e-01
9.984936118125915527e-01
9.950700998306274414e-01
9.502096772193908691e-01
9.711046814918518066e-01
8.326708078384399414e-01
7.592733502388000488e-01
7.667286992073059082e-01
9.939877986907958984e-01
9.844649434089660645e-01
9.759576320648193359e-01
8.683069348335266113e-01
8.038446903228759766e-01
8.389687538146972656e-01
7.794944643974304199e-01
8.574251532554626465e-01
9.760411977767944336e-01
9.002917408943176270e-01
9.476088285446166992e-01
9.084554910659790039e-01
9.089429378509521484e-01
5.304779410362243652e-01
8.159173727035522461e-01
7.862695455551147461e-01
6.530930995941162109e-01
6.037918329238891602e-01
5.846813917160034180e-01
2.213398814201354980e-01
6.565653681755065918e-01
5.544993281364440918e-01
4.266118407249450684e-01
3.855680227279663086e-01
3.516984283924102783e-01
1.934917569160461426e-01
2.952884435653686523e-01
2.547498345375061035e-01
4.512985944747924805e-01
3.570420444011688232e-01
4.089749455451965332e-01
3.552513718605041504e-01
4.113224744796752930e-01
5.304897427558898926e-01
3.558152318000793457e-01
4.392704963684082031e-01
4.375921487808227539e-01
3.383089005947113037e-01
2.975931167602539062e-01
3.733603656291961670e-01
4.637907147407531738e-01
2.603584527969360352e-01
3.193255662918090820e-01
4.444940090179443359e-01
2.214475274085998535e-01
3.431462049484252930e-01
2.694967985153198242e-01
3.579865097999572754e-01
2.293540835380554199e-01
3.273128271102905273e-01
4.653744101524353027e-01
3.569350242614746094e-01
4.689782261848449707e-01
4.841817021369934082e-01
4.372815489768981934e-01
4.338575005531311035e-01
3.375685811042785645e-01
4.431904554367065430e-01
4.021645784378051758e-01
3.201339840888977051e-01
3.337599933147430420e-01
4.140405356884002686e-01
4.657908678054809570e-01
5.561639666557312012e-01
5.113065838813781738e-01
5.350174903869628906e-01
4.297242760658264160e-01
4.457809925079345703e-01
4.098669290542602539e-01
5.033858418464660645e-01
4.856149256229400635e-01
5.198294520378112793e-01
