9.961766004562377930e-01
9.970693588256835938e-01
9.985863566398620605e-01
6.561008989810943604e-01
9.846214652061462402e-01
9.987663626670837402e-01
4.852566719055175781e-01
7.445484995841979980e-01
9.955805540084838867e-01
9.956941008567810059e-01
9.976858496665954590e-01
9.995087981224060059e-01
9.998688101768493652e-01
9.998847842216491699e-01
9.987072944641113281e-01
9.982871413230895996e-01
9.994984865188598633e-01
9.998257160186767578e-01
9.998814463615417480e-01
9.585264921188354492e-01
9.979286193847656250e-01
9.996428489685058594e-01
9.998295903205871582e-01
9.998399615287780762e-01
9.999109506607055664e-01
9.999142289161682129e-01
9.999448657035827637e-01
9.999305605888366699e-01
9.998197555541992188e-01
9.998757839202880859e-01
9.999055266380310059e-01
9.999178051948547363e-01
9.999440312385559082e-01
9.998990893363952637e-01
9.998912811279296875e-01
9.999257326126098633e-01
9.999186992645263672e-01
9.997813701629638672e-01
9.997540116310119629e-01
9.889797568321228027e-01
9.973796010017395020e-01
9.997960925102233887e-01
9.746960401535034180e-01
9.640307426452636719e-01
3.518864810466766357e-01
5.809752345085144043e-01
7.422595620155334473e-01
9.974144101142883301e-01
7.885251641273498535e-01
9.968030452728271484e-01
9.995720386505126953e-01
9.993408322334289551e-01
9.996748566627502441e-01
9.996492266654968262e-01
9.996417760848999023e-01
9.998565316200256348e-01
9.993655085563659668e-01
9.991801381111145020e-01
9.996566772460937500e-01
9.996333122253417969e-01
9.996995925903320312e-01
9.996748566627502441e-01
9.997931122779846191e-01
9.991917610168457031e-01
9.987442493438720703e-01
9.995390772819519043e-01
9.994685649871826172e-01
9.995014071464538574e-01
9.994120597839355469e-01
9.991753697395324707e-01
9.995784163475036621e-01
9.972796440124511719e-01
9.992712736129760742e-01
9.990082383155822754e-01
9.960947632789611816e-01
9.992045164108276367e-01
9.978145956993103027e-01
9.995867609977722168e-01
9.955998063087463379e-01
9.952453374862670898e-01
9.994047880172729492e-01
9.994003176689147949e-01
9.993574619293212891e-01
9.992430210113525391e-01
9.991210699081420898e-01
9.998397231101989746e-01
9.996285438537597656e-01
9.995550513267517090e-01
9.996476173400878906e-01
9.997292757034301758e-01
9.996372461318969727e-01
9.989252686500549316e-01
9.993508458137512207e-01
9.996961355209350586e-01
9.992617964744567871e-01
9.995586276054382324e-01
9.991918802261352539e-01
9.988265633583068848e-01
9.990167617797851562e-01
9.973037242889404297e-01
9.993706941604614258e-01
9.994621276855468750e-01
9.979584813117980957e-01
9.995726346969604492e-01
9.990664720535278320e-01
9.994612932205200195e-01
9.964333772659301758e-01
9.994805455207824707e-01
9.966341257095336914e-01
9.960896968841552734e-01
9.991530776023864746e-01
9.989969134330749512e-01
9.995103478431701660e-01
9.994558691978454590e-01
9.993509054183959961e-01
9.997482299804687500e-01
9.986708164215087891e-01
9.947444200515747070e-01
9.993782043457031250e-01
9.996966719627380371e-01
9.991513490676879883e-01
9.982646107673645020e-01
9.879571199417114258e-01
9.994102120399475098e-01
9.853200912475585938e-01
9.634293913841247559e-01
9.838790893554687500e-01
9.980101585388183594e-01
9.988523721694946289e-01
9.988451600074768066e-01
9.977744817733764648e-01
9.946762323379516602e-01
9.205205440521240234e-01
7.061963081359863281e-01
8.500866889953613281e-01
8.477125614881515503e-01
9.774968624114990234e-01
9.904634356498718262e-01
9.986947774887084961e-01
9.850801229476928711e-01
9.724608659744262695e-01
9.493651390075683594e-01
9.716733098030090332e-01
5.783009529113769531e-01
9.281357526779174805e-01
8.634051680564880371e-01
8.661436885595321655e-01
8.507877588272094727e-01
6.680267453193664551e-01
4.500202536582946777e-01
2.886835932731628418e-01
7.099947333335876465e-01
3.629689514636993408e-01
6.309834122657775879e-01
7.746917605400085449e-01
8.308873176574707031e-01
7.321774363517761230e-01
6.407246589660644531e-01
5.979167819023132324e-01
4.838890731334686279e-01
6.928081512451171875e-01
6.052858829498291016e-01
5.120477080345153809e-01
5.392000675201416016e-01
3.118803501129150391e-01
5.989996790885925293e-01
3.918464779853820801e-01
4.110558629035949707e-01
3.691852390766143799e-01
3.200196027755737305e-01
3.330081701278686523e-01
2.420134842395782471e-01
3.478752970695495605e-01
2.665664255619049072e-01
2.716690897941589355e-01
3.948887586593627930e-01
2.394032627344131470e-01
3.162949085235595703e-01
3.901741504669189453e-01
3.426911234855651855e-01
3.290088176727294922e-01
3.174244165420532227e-01
2.507352232933044434e-01
2.424988299608230591e-01
1.581935286521911621e-01
2.383252978324890137e-01
3.848309516906738281e-01
4.150179028511047363e-01
3.406943678855895996e-01
3.493238091468811035e-01
2.670993208885192871e-01
3.494558334350585938e-01
4.495522081851959229e-01
3.471930027008056641e-01
4.510629177093505859e-01
5.032986998558044434e-01
3.971078395843505859e-01
3.612734973430633545e-01
3.417571187019348145e-01
4.387542307376861572e-01
3.822413086891174316e-01
4.327334165573120117e-01
3.881717324256896973e-01
4.846240580081939697e-01
3.518642783164978027e-01
3.761149644851684570e-01
