9.961766004562377930e-01
9.970693588256835938e-01
4.997427463531494141e-01
5.682862997055053711e-01
9.958591461181640625e-01
9.985280632972717285e-01
9.986448287963867188e-01
9.990281462669372559e-01
9.996793270111083984e-01
9.928966164588928223e-01
9.857288599014282227e-01
9.994789361953735352e-01
9.998585581779479980e-01
9.988344311714172363e-01
9.980738162994384766e-01
9.994714856147766113e-01
9.994907379150390625e-01
9.998394846916198730e-01
9.998552203178405762e-01
9.998669028282165527e-01
9.998931884765625000e-01
9.988839626312255859e-01
9.996949434280395508e-01
9.998465180397033691e-01
9.999191761016845703e-01
9.999439716339111328e-01
9.999247789382934570e-01
9.990944266319274902e-01
9.998874664306640625e-01
9.999051690101623535e-01
9.999091625213623047e-01
9.999374151229858398e-01
9.998838901519775391e-01
9.998908638954162598e-01
9.999253153800964355e-01
9.999186992645263672e-01
9.999256134033203125e-01
9.997519254684448242e-01
9.997522830963134766e-01
9.969992637634277344e-01
6.922818422317504883e-01
9.913133978843688965e-01
9.218577742576599121e-01
9.832139611244201660e-01
9.957352876663208008e-01
5.680568218231201172e-01
9.823818802833557129e-01
8.042452931404113770e-01
6.820801496505737305e-01
9.989308714866638184e-01
9.993890523910522461e-01
9.995655417442321777e-01
9.994349479675292969e-01
9.996389150619506836e-01
9.998551011085510254e-01
9.993464350700378418e-01
9.991888999938964844e-01
9.996561408042907715e-01
9.996313452720642090e-01
9.996992945671081543e-01
9.996812343597412109e-01
9.998537898063659668e-01
9.991447925567626953e-01
9.987112283706665039e-01
9.995303750038146973e-01
9.993621706962585449e-01
9.992733597755432129e-01
9.988621473312377930e-01
9.990108609199523926e-01
9.995966553688049316e-01
9.995063543319702148e-01
9.939981698989868164e-01
9.843894839286804199e-01
9.992617368698120117e-01
9.950159192085266113e-01
9.961017370223999023e-01
9.994963407516479492e-01
9.995815157890319824e-01
9.997073411941528320e-01
9.993916749954223633e-01
9.996166825294494629e-01
9.989526867866516113e-01
9.963313937187194824e-01
9.992384314537048340e-01
9.997921586036682129e-01
9.997384548187255859e-01
9.998212456703186035e-01
9.996579885482788086e-01
9.997583031654357910e-01
9.998440742492675781e-01
9.997482299804687500e-01
9.997717738151550293e-01
9.997310042381286621e-01
9.983536601066589355e-01
9.997416734695434570e-01
9.996248483657836914e-01
9.997134804725646973e-01
9.996523261070251465e-01
9.997017979621887207e-01
9.992319345474243164e-01
9.990253448486328125e-01
9.997022151947021484e-01
9.997527599334716797e-01
9.995176792144775391e-01
9.994959831237792969e-01
9.992825984954833984e-01
9.992161393165588379e-01
9.995822906494140625e-01
9.995783567428588867e-01
9.997095465660095215e-01
9.995045661926269531e-01
9.987549781799316406e-01
9.989934563636779785e-01
9.964419603347778320e-01
9.954259395599365234e-01
9.991580843925476074e-01
9.983778595924377441e-01
9.991517663002014160e-01
9.997557401657104492e-01
9.992760419845581055e-01
9.995055794715881348e-01
9.995667338371276855e-01
9.914150238037109375e-01
9.960228800773620605e-01
9.973272085189819336e-01
9.989205002784729004e-01
9.988126754760742188e-01
9.916070699691772461e-01
9.989111423492431641e-01
9.922334551811218262e-01
9.942550063133239746e-01
9.943816065788269043e-01
9.956505298614501953e-01
9.989883303642272949e-01
9.889392256736755371e-01
9.865955114364624023e-01
9.548540711402893066e-01
9.956202507019042969e-01
9.870465993881225586e-01
9.787741899490356445e-01
9.945647716522216797e-01
9.804016947746276855e-01
9.647354483604431152e-01
9.845659136772155762e-01
9.777837395668029785e-01
9.112642407417297363e-01
8.147857785224914551e-01
7.382220327854156494e-01
7.292653322219848633e-01
6.344863772392272949e-01
5.127567648887634277e-01
5.070894658565521240e-01
4.969049990177154541e-01
6.126686334609985352e-01
4.183369278907775879e-01
4.922910928726196289e-01
5.737663507461547852e-01
4.055726230144500732e-01
4.403209090232849121e-01
3.508569598197937012e-01
6.223907768726348877e-01
4.035248160362243652e-01
6.012575328350067139e-01
4.969925284385681152e-01
5.360727310180664062e-01
4.400862455368041992e-01
3.374648094177246094e-01
3.484196662902832031e-01
2.915246784687042236e-01
4.160678386688232422e-01
3.748155832290649414e-01
5.359547734260559082e-01
4.321400523185729980e-01
4.871193766593933105e-01
2.744147777557373047e-01
3.139300644397735596e-01
2.615207433700561523e-01
3.506624698638916016e-01
3.193891048431396484e-01
2.986875772476196289e-01
3.635243773460388184e-01
4.258393347263336182e-01
3.950805068016052246e-01
3.980477452278137207e-01
2.888208925724029541e-01
2.901026606559753418e-01
3.121671080589294434e-01
4.162228703498840332e-01
4.884865581989288330e-01
4.497640132904052734e-01
4.065827727317810059e-01
3.797755837440490723e-01
4.293528199195861816e-01
3.447633385658264160e-01
4.293738305568695068e-01
4.599109292030334473e-01
