9.961766004562377930e-01
9.970693588256835938e-01
9.985863566398620605e-01
6.561009287834167480e-01
9.846214652061462402e-01
9.987663626670837402e-01
4.852566421031951904e-01
7.445484995841979980e-01
9.955805540084838867e-01
9.956941008567810059e-01
9.976858496665954590e-01
9.995087981224060059e-01
9.998688101768493652e-01
9.998847842216491699e-01
9.987072944641113281e-01
9.982871413230895996e-01
9.994984865188598633e-01
9.998257160186767578e-01
9.998814463615417480e-01
9.585264921188354492e-01
9.979286193847656250e-01
9.996428489685058594e-01
9.998295903205871582e-01
9.998399615287780762e-01
9.999109506607055664e-01
9.999142289161682129e-01
9.999448657035827637e-01
9.999305605888366699e-01
9.998197555541992188e-01
9.998757839202880859e-01
9.999055266380310059e-01
9.999178051948547363e-01
9.999440312385559082e-01
9.999418854713439941e-01
9.999035596847534180e-01
9.998966455459594727e-01
9.999222755432128906e-01
9.997323155403137207e-01
8.683731555938720703e-01
9.898205399513244629e-01
9.990102052688598633e-01
9.996576309204101562e-01
9.930981993675231934e-01
5.615967214107513428e-01
9.828512072563171387e-01
9.992821216583251953e-01
7.249059379100799561e-01
9.923343062400817871e-01
7.298776507377624512e-01
9.975131750106811523e-01
9.989378452301025391e-01
9.994049668312072754e-01
9.995878934860229492e-01
9.994072914123535156e-01
9.996448159217834473e-01
9.998587369918823242e-01
9.993698000907897949e-01
9.991791248321533203e-01
9.996624588966369629e-01
9.996414780616760254e-01
9.997013211250305176e-01
9.996753334999084473e-01
9.997960925102233887e-01
9.992079734802246094e-01
9.987472295761108398e-01
9.994619488716125488e-01
9.993617534637451172e-01
9.992909431457519531e-01
9.988414049148559570e-01
9.990499019622802734e-01
9.995837807655334473e-01
9.987707734107971191e-01
9.991432428359985352e-01
9.996515512466430664e-01
9.983149766921997070e-01
9.987234473228454590e-01
9.947193264961242676e-01
9.998583793640136719e-01
9.987584352493286133e-01
9.986130595207214355e-01
9.980772733688354492e-01
9.992930889129638672e-01
9.985082149505615234e-01
9.993717670440673828e-01
9.986800551414489746e-01
9.996935129165649414e-01
9.996508955955505371e-01
9.995021224021911621e-01
9.996393918991088867e-01
9.995312094688415527e-01
9.985422492027282715e-01
9.957914948463439941e-01
9.996275901794433594e-01
9.993299245834350586e-01
9.993143081665039062e-01
9.990342259407043457e-01
9.990546107292175293e-01
9.991771578788757324e-01
9.984809160232543945e-01
9.986464381217956543e-01
9.976146221160888672e-01
9.993999004364013672e-01
9.996726512908935547e-01
9.992669224739074707e-01
9.993525147438049316e-01
9.986721873283386230e-01
9.993063807487487793e-01
9.993936419486999512e-01
9.993951320648193359e-01
9.927662014961242676e-01
9.873719215393066406e-01
9.886193871498107910e-01
9.963323473930358887e-01
9.983461499214172363e-01
9.985128045082092285e-01
9.996036887168884277e-01
9.987573027610778809e-01
9.876984953880310059e-01
9.965295195579528809e-01
9.991382956504821777e-01
9.990876913070678711e-01
9.995256066322326660e-01
9.829530715942382812e-01
9.976641535758972168e-01
9.770076870918273926e-01
9.780750274658203125e-01
9.478356838226318359e-01
9.629998207092285156e-01
9.921296834945678711e-01
9.980608224868774414e-01
9.969133734703063965e-01
9.970660805702209473e-01
9.907268285751342773e-01
9.977421164512634277e-01
9.952980875968933105e-01
9.940661191940307617e-01
9.884258508682250977e-01
9.910650253295898438e-01
9.905666112899780273e-01
9.561628103256225586e-01
8.775716423988342285e-01
8.691555857658386230e-01
9.867478013038635254e-01
9.158784747123718262e-01
9.482423067092895508e-01
9.796680212020874023e-01
8.213050961494445801e-01
6.322647929191589355e-01
4.341998100280761719e-01
4.268834888935089111e-01
3.907730579376220703e-01
5.253835320472717285e-01
4.030342698097229004e-01
5.219013094902038574e-01
6.279962062835693359e-01
3.982677459716796875e-01
5.834717750549316406e-01
3.546676635742187500e-01
5.523416996002197266e-01
5.291352868080139160e-01
6.001673936843872070e-01
5.997944474220275879e-01
5.805550217628479004e-01
5.403191447257995605e-01
7.546551227569580078e-01
5.342230200767517090e-01
2.892769575119018555e-01
3.656582832336425781e-01
5.513797104358673096e-01
3.734142184257507324e-01
4.130967259407043457e-01
3.357597291469573975e-01
3.154213428497314453e-01
2.951242625713348389e-01
2.020404785871505737e-01
2.063657641410827637e-01
3.602903485298156738e-01
2.304834127426147461e-01
3.313693404197692871e-01
3.827712833881378174e-01
3.059496879577636719e-01
3.482168316841125488e-01
3.122168183326721191e-01
3.607098460197448730e-01
2.493792921304702759e-01
3.809560537338256836e-01
3.518070578575134277e-01
4.823277890682220459e-01
4.923080205917358398e-01
4.365401268005371094e-01
5.172603130340576172e-01
4.429803192615509033e-01
5.102601051330566406e-01
4.268331229686737061e-01
5.171176493167877197e-01
4.708599746227264404e-01
4.680911302566528320e-01
4.619517922401428223e-01
4.882591962814331055e-01
5.564369857311248779e-01
5.405226349830627441e-01
5.089917182922363281e-01
5.001193284988403320e-01
4.238750338554382324e-01
4.485468566417694092e-01
4.569954276084899902e-01
4.416283369064331055e-01
