9.961766004562377930e-01
9.970693588256835938e-01
9.985863566398620605e-01
6.561009287834167480e-01
9.846214652061462402e-01
9.987663626670837402e-01
4.852566719055175781e-01
7.445484995841979980e-01
9.955805540084838867e-01
9.956941008567810059e-01
9.976858496665954590e-01
9.995087981224060059e-01
9.998688101768493652e-01
9.998847842216491699e-01
9.987072944641113281e-01
9.982871413230895996e-01
9.994984865188598633e-01
9.998257160186767578e-01
9.998814463615417480e-01
9.585264921188354492e-01
9.979286193847656250e-01
9.996428489685058594e-01
9.998295903205871582e-01
9.998399615287780762e-01
9.999109506607055664e-01
9.999142289161682129e-01
9.999448657035827637e-01
9.999305605888366699e-01
9.998197555541992188e-01
9.998757839202880859e-01
9.999055266380310059e-01
9.999178051948547363e-01
9.999440312385559082e-01
9.998990893363952637e-01
9.998912811279296875e-01
9.999257326126098633e-01
9.999186992645263672e-01
9.997813701629638672e-01
8.393104076385498047e-01
9.895275831222534180e-01
9.991501569747924805e-01
9.768155813217163086e-01
9.900799989700317383e-01
7.784621715545654297e-01
9.832653403282165527e-01
9.995197057723999023e-01
7.206455171108245850e-01
9.912040233612060547e-01
8.249389529228210449e-01
9.969975948333740234e-01
9.988926053047180176e-01
9.993934035301208496e-01
9.995655417442321777e-01
9.994351267814636230e-01
9.996432065963745117e-01
9.998574256896972656e-01
9.993855357170104980e-01
9.991960525512695312e-01
9.996567964553833008e-01
9.996332526206970215e-01
9.997049570083618164e-01
9.996812343597412109e-01
9.997928142547607422e-01
9.991860985755920410e-01
9.987498521804809570e-01
9.995456933975219727e-01
9.993745684623718262e-01
9.993052482604980469e-01
9.982815384864807129e-01
9.986578822135925293e-01
9.997186660766601562e-01
9.994428753852844238e-01
9.962986707687377930e-01
9.988116025924682617e-01
9.706844687461853027e-01
9.990490078926086426e-01
9.946148395538330078e-01
9.996313452720642090e-01
8.218249678611755371e-01
9.733440279960632324e-01
9.858471751213073730e-01
9.854914546012878418e-01
9.986096024513244629e-01
9.983088970184326172e-01
9.993985295295715332e-01
9.997985959053039551e-01
9.995264410972595215e-01
9.997419118881225586e-01
9.995107054710388184e-01
9.991304278373718262e-01
9.959049820899963379e-01
9.996066093444824219e-01
9.997831583023071289e-01
9.997374415397644043e-01
9.996349215507507324e-01
9.997739791870117188e-01
9.997652769088745117e-01
9.993156194686889648e-01
9.987259507179260254e-01
9.994950890541076660e-01
9.997084140777587891e-01
9.989313483238220215e-01
9.995428323745727539e-01
9.995712041854858398e-01
9.997314214706420898e-01
9.957530498504638672e-01
9.954793453216552734e-01
9.996148943901062012e-01
6.142474412918090820e-01
8.863775730133056641e-01
9.978699088096618652e-01
9.971994161605834961e-01
9.980136156082153320e-01
9.990872740745544434e-01
9.982915520668029785e-01
9.997885823249816895e-01
9.988184571266174316e-01
9.991478919982910156e-01
9.942575693130493164e-01
9.978612065315246582e-01
9.341398477554321289e-01
9.876230359077453613e-01
9.955304139293730259e-01
9.994434118270874023e-01
9.476747512817382812e-01
9.809785485267639160e-01
9.946276545524597168e-01
9.988204836845397949e-01
9.892755746841430664e-01
8.334526419639587402e-01
9.693738818168640137e-01
9.964147806167602539e-01
9.842317104339599609e-01
7.361770272254943848e-01
9.681825637817382812e-01
9.960714578628540039e-01
9.784416556358337402e-01
9.986464381217956543e-01
9.976450800895690918e-01
9.923344254493713379e-01
9.986955523490905762e-01
9.950309991836547852e-01
9.960463047027587891e-01
5.000245273113250732e-01
9.769696481525897980e-01
9.588807821273803711e-01
9.755151867866516113e-01
9.089812636375427246e-01
9.805671572685241699e-01
9.231173992156982422e-01
9.092874526977539062e-01
7.610193490982055664e-01
9.513249397277832031e-01
9.223389029502868652e-01
9.848710298538208008e-01
8.729920983314514160e-01
8.665565848350524902e-01
8.531066775321960449e-01
8.786762356758117676e-01
8.137647509574890137e-01
9.286702275276184082e-01
9.583469629287719727e-01
6.791785359382629395e-01
7.137685418128967285e-01
4.563002586364746094e-01
6.621926426887512207e-01
6.224448084831237793e-01
3.664867877960205078e-01
4.657538533210754395e-01
7.557894140481948853e-01
3.680924177169799805e-01
6.483524441719055176e-01
6.322757005691528320e-01
4.883695244789123535e-01
4.148821234703063965e-01
5.430178642272949219e-01
5.062591433525085449e-01
4.373202025890350342e-01
6.193858981132507324e-01
4.068363308906555176e-01
4.865995049476623535e-01
3.436232209205627441e-01
4.283642172813415527e-01
2.889403998851776123e-01
3.878877758979797363e-01
2.549108862876892090e-01
3.732501268386840820e-01
4.958198070526123047e-01
4.342894554138183594e-01
5.433285832405090332e-01
5.355968475341796875e-01
5.209450721740722656e-01
4.330501556396484375e-01
4.219968318939208984e-01
4.183121323585510254e-01
4.414678812026977539e-01
4.106121063232421875e-01
3.980304598808288574e-01
4.559912085533142090e-01
5.209476351737976074e-01
4.673404991626739502e-01
5.762291550636291504e-01
5.754280090332031250e-01
4.879298210144042969e-01
4.188007712364196777e-01
5.116083323955535889e-01
5.451605319976806641e-01
4.576587677001953125e-01
3.788928687572479248e-01
4.619363546371459961e-01
5.050739049911499023e-01
4.165345430374145508e-01
4.557875394821166992e-01
4.062489569187164307e-01
3.922169208526611328e-01
4.943093657493591309e-01
4.378842711448669434e-01
5.242676138877868652e-01
3.891214728355407715e-01
4.966014027595520020e-01
4.315449595451354980e-01
3.484039306640625000e-01
3.888734877109527588e-01
