9.961766004562377930e-01
9.970693588256835938e-01
9.985863566398620605e-01
6.561009287834167480e-01
9.846214652061462402e-01
9.987663626670837402e-01
4.852566421031951904e-01
7.445484995841979980e-01
9.955805540084838867e-01
9.956941008567810059e-01
9.976858496665954590e-01
9.995087981224060059e-01
9.998688101768493652e-01
9.998847842216491699e-01
9.987072944641113281e-01
9.982871413230895996e-01
9.994984865188598633e-01
9.998257160186767578e-01
9.998814463615417480e-01
9.585264921188354492e-01
9.979286193847656250e-01
9.996428489685058594e-01
9.998295903205871582e-01
9.998399615287780762e-01
9.999109506607055664e-01
9.999142289161682129e-01
9.999448657035827637e-01
9.999305605888366699e-01
9.998197555541992188e-01
9.998757839202880859e-01
9.999055266380310059e-01
9.999178051948547363e-01
9.999440312385559082e-01
9.998990893363952637e-01
9.998912811279296875e-01
9.999257326126098633e-01
9.999186992645263672e-01
9.997813701629638672e-01
9.997540116310119629e-01
9.997556209564208984e-01
9.972718358039855957e-01
9.785726070404052734e-01
9.263134002685546875e-01
9.546304345130920410e-01
9.925390481948852539e-01
9.994297623634338379e-01
9.312077760696411133e-01
9.856442809104919434e-01
8.275694251060485840e-01
9.961104989051818848e-01
9.993413090705871582e-01
9.993630647659301758e-01
9.995735883712768555e-01
9.994094371795654297e-01
9.996505379676818848e-01
9.998575448989868164e-01
9.993783235549926758e-01
9.991956353187561035e-01
9.996665120124816895e-01
9.996383786201477051e-01
9.997027516365051270e-01
9.996809363365173340e-01
9.997956752777099609e-01
9.991843700408935547e-01
9.987681508064270020e-01
9.995480179786682129e-01
9.993733167648315430e-01
9.993052482604980469e-01
9.982650279998779297e-01
9.986338615417480469e-01
9.996492862701416016e-01
9.928604364395141602e-01
9.931361675262451172e-01
9.983453154563903809e-01
9.986495971679687500e-01
9.980095028877258301e-01
9.951650500297546387e-01
9.995197057723999023e-01
9.997944831848144531e-01
9.985488653182983398e-01
9.995388984680175781e-01
9.985001087188720703e-01
9.984260201454162598e-01
9.993621706962585449e-01
9.997106194496154785e-01
9.996463060379028320e-01
9.996730089187622070e-01
9.995602965354919434e-01
9.997325539588928223e-01
9.998084306716918945e-01
9.997667074203491211e-01
9.997083544731140137e-01
9.997495412826538086e-01
9.989569187164306641e-01
9.992491006851196289e-01
9.996114373207092285e-01
9.996349215507507324e-01
9.996731281280517578e-01
9.995458126068115234e-01
9.994024634361267090e-01
9.995550513267517090e-01
9.982157349586486816e-01
9.996385574340820312e-01
9.997075200080871582e-01
9.991849064826965332e-01
9.994675517082214355e-01
9.990687966346740723e-01
9.986896514892578125e-01
9.994117021560668945e-01
9.995179176330566406e-01
9.994412660598754883e-01
9.994515776634216309e-01
9.975143671035766602e-01
9.953545928001403809e-01
9.986045360565185547e-01
9.990890622138977051e-01
9.990134835243225098e-01
9.997716546058654785e-01
9.984191060066223145e-01
9.948282837867736816e-01
9.990642070770263672e-01
9.996505379676818848e-01
9.987745881080627441e-01
9.418712258338928223e-01
9.837961196899414062e-01
9.935773015022277832e-01
9.951406121253967285e-01
9.526265859603881836e-01
9.980034232139587402e-01
9.981385469436645508e-01
9.922912120819091797e-01
9.350561499595642090e-01
9.905756115913391113e-01
9.867185549810528755e-01
9.590133428573608398e-01
9.833732247352600098e-01
9.223639965057373047e-01
9.639180898666381836e-01
9.846802353858947754e-01
9.956784844398498535e-01
9.910703897476196289e-01
9.775398969650268555e-01
9.599379897117614746e-01
9.828284978866577148e-01
9.951109886169433594e-01
9.708092212677001953e-01
9.624096751213073730e-01
8.980464935302734375e-01
9.575746059417724609e-01
5.689602196216583252e-01
1.359916329383850098e-01
7.274925708770751953e-01
5.806233882904052734e-01
7.453914284706115723e-01
6.209034919738769531e-01
8.880469799041748047e-01
9.025077819824218750e-01
7.619912624359130859e-01
8.951552510261535645e-01
7.256852090358734131e-01
8.615245819091796875e-01
3.878179192543029785e-01
7.817099839448928833e-01
8.238864541053771973e-01
5.471401810646057129e-01
5.915806293487548828e-01
4.811410605907440186e-01
4.916645586490631104e-01
4.206305742263793945e-01
3.677583634853363037e-01
5.551332831382751465e-01
7.362096309661865234e-01
4.705258607864379883e-01
6.558813452720642090e-01
5.709370374679565430e-01
4.398932754993438721e-01
4.328865408897399902e-01
4.364469647407531738e-01
5.771734118461608887e-01
4.496688544750213623e-01
4.659970998764038086e-01
3.360488414764404297e-01
6.232075691223144531e-01
6.125541925430297852e-01
7.208373546600341797e-01
7.193019390106201172e-01
6.602083444595336914e-01
5.690126419067382812e-01
5.595206618309020996e-01
4.035816788673400879e-01
5.193915367126464844e-01
4.402847886085510254e-01
6.042544841766357422e-01
3.243173956871032715e-01
4.480953216552734375e-01
5.112089812755584717e-01
5.632382631301879883e-01
5.401127338409423828e-01
5.156924128532409668e-01
4.422276616096496582e-01
3.749151825904846191e-01
4.178181290626525879e-01
4.311573505401611328e-01
4.296314120292663574e-01
4.064625203609466553e-01
3.748785257339477539e-01
3.812315762042999268e-01
3.876424431800842285e-01
4.649408459663391113e-01
5.381351709365844727e-01
4.334327280521392822e-01
4.626032114028930664e-01
3.841219544410705566e-01
3.084481358528137207e-01
3.604182600975036621e-01
3.364399075508117676e-01
3.669651150703430176e-01
4.680412709712982178e-01
3.632008433341979980e-01
4.248166680335998535e-01
4.425249695777893066e-01
4.977633357048034668e-01
