9.961766004562377930e-01
9.970693588256835938e-01
4.997427463531494141e-01
5.682862997055053711e-01
9.958591461181640625e-01
9.985280632972717285e-01
9.986448287963867188e-01
9.990281462669372559e-01
9.996793270111083984e-01
9.928966164588928223e-01
9.857288599014282227e-01
9.994789361953735352e-01
9.998585581779479980e-01
9.988344311714172363e-01
9.980738162994384766e-01
9.994714856147766113e-01
9.994907379150390625e-01
9.998394846916198730e-01
9.935503005981445312e-01
9.997590780258178711e-01
9.981546998023986816e-01
9.994988441467285156e-01
9.608651995658874512e-01
7.001985907554626465e-01
9.828014969825744629e-01
9.987773299217224121e-01
9.952976703643798828e-01
9.971672892570495605e-01
9.990192651748657227e-01
9.996978640556335449e-01
9.998396635055541992e-01
9.998949170112609863e-01
9.998895525932312012e-01
9.998996853828430176e-01
9.995844364166259766e-01
9.995161890983581543e-01
9.997562170028686523e-01
9.979445934295654297e-01
9.985454678535461426e-01
9.994786381721496582e-01
9.962045550346374512e-01
9.951317310333251953e-01
9.988035559654235840e-01
9.986131191253662109e-01
9.971135854721069336e-01
9.985261559486389160e-01
9.967519044876098633e-01
9.987432956695556641e-01
9.641950130462646484e-01
9.314256310462951660e-01
9.704648852348327637e-01
9.882284402847290039e-01
9.988222122192382812e-01
9.989198446273803711e-01
9.998618960380554199e-01
9.920327067375183105e-01
9.993677735328674316e-01
9.991422295570373535e-01
9.992244243621826172e-01
9.995236396789550781e-01
9.997020959854125977e-01
9.996106028556823730e-01
9.998734593391418457e-01
9.996135234832763672e-01
9.973679184913635254e-01
9.985525012016296387e-01
9.991158246994018555e-01
9.994125366210937500e-01
9.995106458663940430e-01
9.997662305831909180e-01
9.989573955535888672e-01
9.988054037094116211e-01
9.995790123939514160e-01
9.995238184928894043e-01
9.987767338752746582e-01
9.977799057960510254e-01
9.995162487030029297e-01
9.997149109840393066e-01
9.996510148048400879e-01
9.976884126663208008e-01
9.975050687789916992e-01
9.992421269416809082e-01
9.981761574745178223e-01
9.992465972900390625e-01
9.996584057807922363e-01
9.926186800003051758e-01
9.994505643844604492e-01
9.997622370719909668e-01
9.997570514678955078e-01
9.990612268447875977e-01
9.996926188468933105e-01
9.992669820785522461e-01
9.995609521865844727e-01
9.992522597312927246e-01
9.996076822280883789e-01
9.995987415313720703e-01
9.997253417968750000e-01
9.978036284446716309e-01
9.995002746582031250e-01
9.996787905693054199e-01
9.996743798255920410e-01
9.995617866516113281e-01
9.995284080505371094e-01
9.996825456619262695e-01
9.995803236961364746e-01
9.994423985481262207e-01
9.995858073234558105e-01
9.996113777160644531e-01
9.994567632675170898e-01
9.995262026786804199e-01
9.992312788963317871e-01
9.984477758407592773e-01
9.996549487113952637e-01
9.998061060905456543e-01
9.996176362037658691e-01
9.995005726814270020e-01
9.809246063232421875e-01
9.919062852859497070e-01
9.988518953323364258e-01
9.977706670761108398e-01
9.996032118797302246e-01
9.997944235801696777e-01
9.995875358581542969e-01
9.955047369003295898e-01
9.987460374832153320e-01
9.974123239517211914e-01
9.982026815414428711e-01
9.994123578071594238e-01
9.994626045227050781e-01
9.992308020591735840e-01
9.981613159179687500e-01
9.997292160987854004e-01
9.990773200988769531e-01
7.654795646667480469e-01
9.930209517478942871e-01
7.829328775405883789e-01
9.224731326103210449e-01
9.714248180389404297e-01
9.955868124961853027e-01
9.991076588630676270e-01
9.993042945861816406e-01
7.858092784881591797e-01
8.288888931274414062e-01
9.900671839714050293e-01
9.989195466041564941e-01
9.503564834594726562e-01
9.928020238876342773e-01
9.903431534767150879e-01
9.959272146224975586e-01
9.745639562606811523e-01
9.299081563949584961e-01
9.840937852859497070e-01
9.881095886230468750e-01
9.933493137359619141e-01
9.743688702583312988e-01
9.900302290916442871e-01
9.385468959808349609e-01
6.277872323989868164e-01
2.635266780853271484e-01
9.454078078269958496e-01
9.645646810531616211e-01
8.152324557304382324e-01
9.349342584609985352e-01
9.187683463096618652e-01
9.544169306755065918e-01
9.034873843193054199e-01
9.243765473365783691e-01
9.733098745346069336e-01
9.017073512077331543e-01
9.054658412933349609e-01
8.744385838508605957e-01
8.925387263298034668e-01
7.400419712066650391e-01
9.113148450851440430e-01
8.982837200164794922e-01
8.842521905899047852e-01
8.777691721916198730e-01
7.352727055549621582e-01
7.143308222293853760e-01
5.263225436210632324e-01
5.249991118907928467e-01
7.353447079658508301e-01
5.954057574272155762e-01
8.493868708610534668e-01
6.758759021759033203e-01
5.956759154796600342e-01
6.344265341758728027e-01
6.628208458423614502e-01
6.569591760635375977e-01
6.700364947319030762e-01
7.311630845069885254e-01
6.033967435359954834e-01
6.827405095100402832e-01
6.944843828678131104e-01
6.873465180397033691e-01
5.688004195690155029e-01
5.665040016174316406e-01
5.527751743793487549e-01
4.791933894157409668e-01
5.030773580074310303e-01
4.370822310447692871e-01
5.332686603069305420e-01
5.150790214538574219e-01
4.394571185111999512e-01
4.602505564689636230e-01
5.073137879371643066e-01
3.976706862449645996e-01
4.807261824607849121e-01
4.794489145278930664e-01
3.857083022594451904e-01
4.065046906471252441e-01
3.709351420402526855e-01
4.047383666038513184e-01
4.575763642787933350e-01
3.616309165954589844e-01
4.122213721275329590e-01
4.058968424797058105e-01
4.699176549911499023e-01
4.445264935493469238e-01
3.452770709991455078e-01
4.414303898811340332e-01
3.863663077354431152e-01
3.837420344352722168e-01
3.578112721443176270e-01
4.368623495101928711e-01
4.338992834091186523e-01
