9.961766004562377930e-01
9.970693588256835938e-01
4.997427463531494141e-01
5.682862997055053711e-01
9.958591461181640625e-01
9.985280632972717285e-01
6.148990988731384277e-01
6.979869604110717773e-01
9.952147006988525391e-01
9.967195391654968262e-01
9.970041513442993164e-01
9.995087981224060059e-01
9.998688101768493652e-01
9.998848438262939453e-01
9.987072944641113281e-01
9.982758164405822754e-01
9.994968175888061523e-01
9.998260140419006348e-01
9.998820424079895020e-01
9.633339047431945801e-01
9.978017807006835938e-01
9.996408820152282715e-01
9.998307824134826660e-01
9.998425841331481934e-01
9.999104738235473633e-01
9.999142885208129883e-01
9.999451041221618652e-01
9.999305605888366699e-01
9.998201131820678711e-01
9.998764395713806152e-01
9.999051690101623535e-01
9.999387264251708984e-01
9.999043941497802734e-01
9.998878240585327148e-01
9.999240040779113770e-01
9.999216794967651367e-01
9.999253153800964355e-01
9.997556805610656738e-01
9.997519254684448242e-01
9.917011857032775879e-01
9.963644146919250488e-01
9.034386873245239258e-01
9.820621609687805176e-01
9.996550083160400391e-01
9.997847676277160645e-01
9.986657500267028809e-01
5.700001716613769531e-01
9.940354228019714355e-01
7.086294293403625488e-01
9.983657002449035645e-01
9.712197184562683105e-01
9.642265439033508301e-01
9.897364377975463867e-01
9.889134764671325684e-01
9.996848702430725098e-01
9.770013689994812012e-01
9.968914389610290527e-01
9.997518658638000488e-01
9.995887279510498047e-01
9.996694326400756836e-01
9.996588230133056641e-01
9.998417496681213379e-01
9.990311264991760254e-01
9.985798001289367676e-01
9.996550679206848145e-01
9.994764328002929688e-01
9.991167187690734863e-01
9.997323751449584961e-01
9.996698498725891113e-01
9.995567202568054199e-01
9.994981288909912109e-01
9.989348053932189941e-01
9.987186193466186523e-01
9.995780587196350098e-01
9.983825683593750000e-01
9.954636693000793457e-01
9.996995925903320312e-01
9.995263218879699707e-01
9.994753003120422363e-01
9.905782938003540039e-01
9.947823286056518555e-01
9.993176460266113281e-01
9.997165203094482422e-01
9.997366666793823242e-01
9.997912049293518066e-01
9.997157454490661621e-01
9.997783303260803223e-01
9.996492862701416016e-01
9.994525909423828125e-01
9.992021322250366211e-01
9.997123479843139648e-01
9.997123479843139648e-01
9.997870326042175293e-01
9.995658397674560547e-01
9.989829063415527344e-01
9.998304247856140137e-01
9.992957115173339844e-01
9.996502399444580078e-01
9.996497631072998047e-01
9.992510676383972168e-01
9.974342584609985352e-01
9.996074438095092773e-01
9.997282028198242188e-01
9.994649291038513184e-01
9.994947314262390137e-01
9.992010593414306641e-01
9.979675412178039551e-01
9.997156262397766113e-01
9.980274438858032227e-01
9.990835785865783691e-01
9.996320009231567383e-01
9.993159770965576172e-01
9.985198974609375000e-01
9.993552565574645996e-01
9.995962977409362793e-01
9.986665844917297363e-01
9.994905591011047363e-01
9.997296929359436035e-01
9.929438233375549316e-01
9.990912079811096191e-01
9.993928074836730957e-01
9.992204308509826660e-01
9.997106194496154785e-01
9.992436170578002930e-01
9.950858354568481445e-01
9.991866946220397949e-01
8.588827848434448242e-01
9.861401319503784180e-01
9.609851837158203125e-01
8.850191235542297363e-01
8.515993952751159668e-01
7.630249857902526855e-01
9.937092661857604980e-01
5.005269050598144531e-01
9.897658228874206543e-01
8.778749108314514160e-01
9.784511327743530273e-01
9.556687474250793457e-01
9.912542104721069336e-01
9.859538078308105469e-01
8.833163976669311523e-01
9.517809748649597168e-01
9.958630204200744629e-01
9.730175137519836426e-01
9.186478853225708008e-01
7.432368397712707520e-01
9.250132441520690918e-01
6.858804225921630859e-01
9.090763330459594727e-01
3.846156001091003418e-01
6.115429401397705078e-01
3.564539551734924316e-01
7.163261175155639648e-01
6.085730195045471191e-01
8.809321522712707520e-01
9.611166119575500488e-01
8.573583960533142090e-01
8.851737976074218750e-01
8.699377328157424927e-01
9.490992426872253418e-01
9.169905781745910645e-01
9.312831759452819824e-01
9.955381751060485840e-01
9.916763305664062500e-01
9.903856515884399414e-01
9.668437838554382324e-01
7.665239572525024414e-01
7.254878878593444824e-01
7.199565768241882324e-01
5.996148586273193359e-01
9.832059144973754883e-01
4.585272073745727539e-01
6.865018606185913086e-01
9.795122742652893066e-01
9.445034265518188477e-01
9.418891668319702148e-01
8.700981140136718750e-01
9.959856867790222168e-01
9.944714903831481934e-01
9.960420727729797363e-01
8.788810968399047852e-01
9.359734654426574707e-01
8.681758940219879150e-01
9.636712670326232910e-01
9.722895622253417969e-01
7.945861220359802246e-01
9.481967091560363770e-01
7.052795588970184326e-01
8.197865486145019531e-01
5.008642673492431641e-01
9.816016554832458496e-01
2.171176671981811523e-01
8.418046534061431885e-01
8.915739655494689941e-01
7.750324755907058716e-01
3.998562097549438477e-01
9.771194458007812500e-01
9.556919932365417480e-01
9.056344032287597656e-01
8.164279460906982422e-01
4.342997670173645020e-01
9.044682383537292480e-01
9.912794232368469238e-01
9.507344365119934082e-01
9.790942668914794922e-01
9.506256580352783203e-01
9.575291275978088379e-01
9.835244417190551758e-01
6.922490000724792480e-01
7.101489901542663574e-01
6.020238995552062988e-01
8.222087621688842773e-01
6.709429025650024414e-01
5.976310372352600098e-01
6.299225091934204102e-01
7.081125974655151367e-01
6.557947397232055664e-01
5.443179607391357422e-01
6.028710007667541504e-01
6.374264359474182129e-01
4.849219918251037598e-01
6.029629707336425781e-01
6.799453496932983398e-01
7.364655137062072754e-01
6.873552799224853516e-01
6.442918181419372559e-01
6.986249089241027832e-01
8.033034503459930420e-01
5.805963277816772461e-01
5.763153433799743652e-01
7.813256978988647461e-01
6.363949775695800781e-01
5.081109404563903809e-01
5.366937518119812012e-01
4.477012157440185547e-01
6.069244146347045898e-01
3.981266915798187256e-01
4.338043928146362305e-01
5.733841359615325928e-01
4.101435840129852295e-01
4.280958175659179688e-01
3.137635588645935059e-01
4.461043477058410645e-01
3.295480012893676758e-01
4.276727437973022461e-01
3.385729193687438965e-01
2.892610430717468262e-01
2.924368977546691895e-01
2.277504354715347290e-01
2.884442210197448730e-01
4.192168116569519043e-01
4.427571892738342285e-01
3.739180862903594971e-01
4.487894475460052490e-01
5.229507684707641602e-01
4.620365500450134277e-01
4.545679092407226562e-01
4.570137858390808105e-01
4.750048518180847168e-01
4.524988830089569092e-01
4.844008684158325195e-01
4.727615714073181152e-01
2.569306492805480957e-01
3.067275285720825195e-01
3.091233968734741211e-01
3.098471164703369141e-01
3.086301684379577637e-01
3.665072321891784668e-01
3.125835657119750977e-01
3.441379666328430176e-01
2.806981205940246582e-01
3.020483851432800293e-01
3.087468743324279785e-01
2.563576102256774902e-01
4.301365613937377930e-01
3.661191463470458984e-01
4.345771074295043945e-01
4.338788390159606934e-01
3.919506072998046875e-01
4.158148765563964844e-01
5.403134226799011230e-01
3.470367193222045898e-01
3.460854887962341309e-01
3.031572103500366211e-01
3.153546452522277832e-01
2.980346679687500000e-01
2.544575035572052002e-01
2.582429945468902588e-01
2.671719193458557129e-01
3.011954426765441895e-01
