9.961766004562377930e-01
9.970693588256835938e-01
4.997427463531494141e-01
5.682862997055053711e-01
9.958591461181640625e-01
9.985280632972717285e-01
9.986448287963867188e-01
9.990281462669372559e-01
9.996793270111083984e-01
9.928966164588928223e-01
9.857288599014282227e-01
9.994789361953735352e-01
9.998585581779479980e-01
9.988344311714172363e-01
9.980738162994384766e-01
9.994714856147766113e-01
9.994907379150390625e-01
9.998394846916198730e-01
9.998552203178405762e-01
9.998669028282165527e-01
9.990972876548767090e-01
9.983353018760681152e-01
9.998444914817810059e-01
9.998320937156677246e-01
9.999223351478576660e-01
9.999374747276306152e-01
9.999392628669738770e-01
9.999347329139709473e-01
9.998204112052917480e-01
9.998764395713806152e-01
9.999061822891235352e-01
9.999313354492187500e-01
9.999044537544250488e-01
9.998878240585327148e-01
9.999243021011352539e-01
9.999217987060546875e-01
9.999256134033203125e-01
9.997545480728149414e-01
9.997522830963134766e-01
9.970477819442749023e-01
6.714156866073608398e-01
9.907762408256530762e-01
4.951197504997253418e-01
9.839813113212585449e-01
9.950011968612670898e-01
5.390162467956542969e-01
7.790036201477050781e-01
8.113421201705932617e-01
6.854049563407897949e-01
9.988639354705810547e-01
9.993717670440673828e-01
9.995571374893188477e-01
9.994401335716247559e-01
9.996337890625000000e-01
9.998587369918823242e-01
9.993643164634704590e-01
9.991941452026367188e-01
9.996543526649475098e-01
9.996302127838134766e-01
9.997047781944274902e-01
9.996856451034545898e-01
9.998530149459838867e-01
9.991544485092163086e-01
9.987365007400512695e-01
9.995396137237548828e-01
9.993621706962585449e-01
9.992917776107788086e-01
9.988869428634643555e-01
9.990302324295043945e-01
9.995953440666198730e-01
9.977707266807556152e-01
9.959221482276916504e-01
9.990477561950683594e-01
9.997006654739379883e-01
9.963146448135375977e-01
9.972865581512451172e-01
9.993990659713745117e-01
9.990962147712707520e-01
9.981826543807983398e-01
9.979826211929321289e-01
9.989643096923828125e-01
9.991738796234130859e-01
9.993113875389099121e-01
9.988951683044433594e-01
9.996293187141418457e-01
9.997248053550720215e-01
9.996891617774963379e-01
9.996723532676696777e-01
9.994080662727355957e-01
9.991154074668884277e-01
9.967579841613769531e-01
9.997926950454711914e-01
9.994329214096069336e-01
9.981546998023986816e-01
9.994414448738098145e-01
9.992448091506958008e-01
9.996466040611267090e-01
9.995654225349426270e-01
9.986017346382141113e-01
9.995697140693664551e-01
9.961133599281311035e-01
9.997049570083618164e-01
9.997796416282653809e-01
9.994977116584777832e-01
9.997095465660095215e-01
9.995650649070739746e-01
9.978059530258178711e-01
9.997599720954895020e-01
9.903010725975036621e-01
9.922917485237121582e-01
9.965883493423461914e-01
9.984551668167114258e-01
9.995844364166259766e-01
9.995746612548828125e-01
9.998062849044799805e-01
9.991099238395690918e-01
9.935678839683532715e-01
9.968438148498535156e-01
9.982316493988037109e-01
9.994598627090454102e-01
9.994660615921020508e-01
9.990172386169433594e-01
9.975504279136657715e-01
8.631884455680847168e-01
8.494104743003845215e-01
8.546233475208282471e-01
9.795254468917846680e-01
9.964515566825866699e-01
8.938245177268981934e-01
9.522284865379333496e-01
9.192392230033874512e-01
9.336228370666503906e-01
7.899236083030700684e-01
1.467997431755065918e-01
9.664718508720397949e-01
9.635457992553710938e-01
9.909704923629760742e-01
9.934096932411193848e-01
9.873806834220886230e-01
9.767562747001647949e-01
9.834647178649902344e-01
9.880654811859130859e-01
9.884383678436279297e-01
9.853846430778503418e-01
9.908202886581420898e-01
9.387512393295764923e-01
9.617826342582702637e-01
8.165431022644042969e-01
7.942236661911010742e-01
3.046994805335998535e-01
5.085594058036804199e-01
6.633378267288208008e-01
5.951884984970092773e-01
9.285589456558227539e-01
7.513531446456909180e-01
7.714729905128479004e-01
5.835814476013183594e-01
6.028224825859069824e-01
6.673022210597991943e-01
5.786523818969726562e-01
8.135055452585220337e-01
5.492210090160369873e-01
7.531695961952209473e-01
4.594104886054992676e-01
4.749481379985809326e-01
3.134222626686096191e-01
3.552719950675964355e-01
2.661338448524475098e-01
2.935134172439575195e-01
4.439490139484405518e-01
2.470747232437133789e-01
3.054488003253936768e-01
4.144539237022399902e-01
2.998511791229248047e-01
3.469621837139129639e-01
2.944054603576660156e-01
3.719155192375183105e-01
2.686838507652282715e-01
3.929165005683898926e-01
2.995498180389404297e-01
3.233484029769897461e-01
3.133842349052429199e-01
3.074345588684082031e-01
3.927162289619445801e-01
3.317083716392517090e-01
2.962827682495117188e-01
2.296442389488220215e-01
3.805341124534606934e-01
2.371956110000610352e-01
3.007192611694335938e-01
2.772898972034454346e-01
4.414468407630920410e-01
4.178875684738159180e-01
4.792036712169647217e-01
5.098634362220764160e-01
4.734489321708679199e-01
3.945656418800354004e-01
3.805272579193115234e-01
4.054585099220275879e-01
3.896383643150329590e-01
4.357117414474487305e-01
4.023541212081909180e-01
4.019015431404113770e-01
3.937978148460388184e-01
3.909991085529327393e-01
4.601537585258483887e-01
