9.961766004562377930e-01
9.970693588256835938e-01
9.985863566398620605e-01
6.561009287834167480e-01
9.846214652061462402e-01
9.987663626670837402e-01
4.852566421031951904e-01
7.445484995841979980e-01
9.955805540084838867e-01
9.956941008567810059e-01
9.976858496665954590e-01
9.995087981224060059e-01
9.998688101768493652e-01
9.998847842216491699e-01
9.987072944641113281e-01
9.982871413230895996e-01
9.994984865188598633e-01
9.998257160186767578e-01
9.998814463615417480e-01
9.585264921188354492e-01
9.979286193847656250e-01
9.996428489685058594e-01
9.998295903205871582e-01
9.998399615287780762e-01
9.999109506607055664e-01
9.999142289161682129e-01
9.999448657035827637e-01
9.999305605888366699e-01
9.998197555541992188e-01
9.998757839202880859e-01
9.999055266380310059e-01
9.999178051948547363e-01
9.999440312385559082e-01
9.999418854713439941e-01
9.999035596847534180e-01
9.998966455459594727e-01
9.999222755432128906e-01
9.997323155403137207e-01
8.683731555938720703e-01
9.898205399513244629e-01
9.990102052688598633e-01
9.996576309204101562e-01
9.930981993675231934e-01
5.615967512130737305e-01
9.828512072563171387e-01
9.992821216583251953e-01
7.249059081077575684e-01
9.923343062400817871e-01
9.986926317214965820e-01
9.981936216354370117e-01
8.506006598472595215e-01
9.735883474349975586e-01
9.795344471931457520e-01
9.910027980804443359e-01
9.995079636573791504e-01
9.997225999832153320e-01
9.981336593627929688e-01
9.994823932647705078e-01
9.996337890625000000e-01
9.996074438095092773e-01
9.996828436851501465e-01
9.996470808982849121e-01
9.997864365577697754e-01
9.990845322608947754e-01
9.985384345054626465e-01
9.996719360351562500e-01
9.996024370193481445e-01
9.990633726119995117e-01
9.997240304946899414e-01
9.996637105941772461e-01
9.995563030242919922e-01
9.998549222946166992e-01
9.998148083686828613e-01
9.997260570526123047e-01
8.563844561576843262e-01
9.712210893630981445e-01
6.001281738281250000e-01
9.209789633750915527e-01
9.892202019691467285e-01
9.969291687011718750e-01
9.997231364250183105e-01
9.995926618576049805e-01
9.996696114540100098e-01
9.997516870498657227e-01
9.995865821838378906e-01
9.997121691703796387e-01
9.997179508209228516e-01
9.996495842933654785e-01
9.994627833366394043e-01
9.992120862007141113e-01
9.997186660766601562e-01
9.997205734252929688e-01
9.997875690460205078e-01
9.996005892753601074e-01
9.995402097702026367e-01
9.998027086257934570e-01
9.994276762008666992e-01
9.996779561042785645e-01
9.979411363601684570e-01
9.994986057281494141e-01
9.991613626480102539e-01
9.997248053550720215e-01
9.995172023773193359e-01
9.994805455207824707e-01
9.996474385261535645e-01
9.991161823272705078e-01
9.993197917938232422e-01
9.970812201499938965e-01
9.860130548477172852e-01
9.984079599380493164e-01
9.978662729263305664e-01
9.995560050010681152e-01
9.988926053047180176e-01
9.969277381896972656e-01
9.992352724075317383e-01
9.982411861419677734e-01
9.973683953285217285e-01
9.986060261726379395e-01
9.994511008262634277e-01
9.996774196624755859e-01
9.971860647201538086e-01
9.671698808670043945e-01
7.225181460380554199e-01
9.143503308296203613e-01
8.884692788124084473e-01
8.697715997695922852e-01
9.104067087173461914e-01
8.744000196456909180e-01
8.590709567070007324e-01
6.616997718811035156e-01
8.480532765388488770e-01
9.684595465660095215e-01
9.794469475746154785e-01
9.115166068077087402e-01
9.574452042579650879e-01
6.730311810970306396e-01
7.886055558919906616e-01
8.330362439155578613e-01
9.464295506477355957e-01
8.871570825576782227e-01
9.211285114288330078e-01
8.639808893203735352e-01
8.872898221015930176e-01
9.003397226333618164e-01
8.176844716072082520e-01
8.947138786315917969e-01
7.198260128498077393e-01
7.328035831451416016e-01
6.749435663223266602e-01
4.473762810230255127e-01
6.088365018367767334e-01
4.843589663505554199e-01
4.723395407199859619e-01
4.549635946750640869e-01
4.969249963760375977e-01
4.696672558784484863e-01
4.100610613822937012e-01
6.307492256164550781e-01
6.636742949485778809e-01
7.739981412887573242e-01
5.784047842025756836e-01
5.579565167427062988e-01
4.469288587570190430e-01
6.040347218513488770e-01
4.491399228572845459e-01
3.597288131713867188e-01
4.621568322181701660e-01
5.651951432228088379e-01
4.045412540435791016e-01
3.133940696716308594e-01
4.568937420845031738e-01
4.911997020244598389e-01
4.799996018409729004e-01
5.099830329418182373e-01
2.994726896286010742e-01
2.171630859375000000e-01
4.177364408969879150e-01
2.576406598091125488e-01
3.578543663024902344e-01
3.890987038612365723e-01
4.343541264533996582e-01
4.628421068191528320e-01
4.319179058074951172e-01
5.678130984306335449e-01
4.075106382369995117e-01
3.968992829322814941e-01
4.850413203239440918e-01
3.845703601837158203e-01
4.736679792404174805e-01
5.039500594139099121e-01
5.139310359954833984e-01
4.988970458507537842e-01
6.565459668636322021e-01
6.182375848293304443e-01
7.374079227447509766e-01
7.637606263160705566e-01
6.331714987754821777e-01
6.076571345329284668e-01
5.369338393211364746e-01
6.414565443992614746e-01
6.171503067016601562e-01
7.795665860176086426e-01
6.648877561092376709e-01
6.473557949066162109e-01
4.429251551628112793e-01
