9.961766004562377930e-01
9.970693588256835938e-01
4.997427463531494141e-01
5.682863593101501465e-01
9.958591461181640625e-01
9.985280632972717285e-01
9.986448287963867188e-01
9.990281462669372559e-01
9.996793270111083984e-01
9.928966164588928223e-01
9.857288599014282227e-01
9.994789361953735352e-01
9.998585581779479980e-01
9.988344311714172363e-01
9.980738162994384766e-01
9.994714856147766113e-01
9.994907379150390625e-01
9.998394846916198730e-01
9.998552203178405762e-01
9.998669028282165527e-01
9.990972876548767090e-01
9.983353018760681152e-01
9.998444914817810059e-01
9.998320937156677246e-01
9.999223351478576660e-01
9.999374747276306152e-01
9.999264478683471680e-01
9.993850588798522949e-01
9.998721480369567871e-01
9.999051690101623535e-01
9.999091625213623047e-01
9.999374151229858398e-01
9.999417066574096680e-01
9.999030232429504395e-01
9.998956918716430664e-01
9.999222755432128906e-01
9.999190568923950195e-01
9.997760653495788574e-01
9.883664250373840332e-01
9.893167614936828613e-01
9.991129040718078613e-01
9.996076822280883789e-01
9.929710626602172852e-01
9.363365024328231812e-01
9.811792969703674316e-01
5.273726284503936768e-01
9.017276167869567871e-01
7.194256186485290527e-01
6.201550066471099854e-01
9.992326498031616211e-01
9.988943934440612793e-01
9.995579719543457031e-01
9.994311928749084473e-01
9.996331334114074707e-01
9.998539090156555176e-01
9.993524551391601562e-01
9.991753101348876953e-01
9.996557831764221191e-01
9.996231198310852051e-01
9.997036457061767578e-01
9.996835589408874512e-01
9.997985959053039551e-01
9.998653531074523926e-01
9.951186180114746094e-01
9.995061755180358887e-01
9.989233016967773438e-01
9.988540410995483398e-01
9.994788765907287598e-01
9.985224604606628418e-01
9.996132850646972656e-01
9.997848272323608398e-01
9.996159076690673828e-01
9.988278746604919434e-01
9.991489052772521973e-01
9.991356730461120605e-01
9.982373714447021484e-01
9.992734789848327637e-01
9.982950687408447266e-01
9.996479749679565430e-01
9.997030496597290039e-01
9.995711445808410645e-01
8.917178511619567871e-01
9.955775141716003418e-01
9.977070689201354980e-01
9.994310736656188965e-01
9.997933506965637207e-01
9.996865391731262207e-01
9.997552037239074707e-01
9.997130632400512695e-01
9.997642636299133301e-01
9.997862577438354492e-01
9.997731447219848633e-01
9.997594952583312988e-01
9.997040629386901855e-01
9.995080232620239258e-01
9.998053908348083496e-01
9.996604323387145996e-01
9.996605515480041504e-01
9.996550083160400391e-01
9.994703531265258789e-01
9.978852272033691406e-01
9.982069730758666992e-01
9.995185732841491699e-01
9.997617006301879883e-01
9.995422363281250000e-01
9.995141029357910156e-01
9.995584487915039062e-01
9.979714751243591309e-01
9.687904119491577148e-01
9.516010880470275879e-01
9.751493930816650391e-01
9.943444728851318359e-01
9.984907507896423340e-01
9.996910691261291504e-01
9.860062599182128906e-01
9.934738874435424805e-01
9.977959049865603447e-01
9.948394298553466797e-01
9.945026040077209473e-01
9.989998340606689453e-01
9.994089007377624512e-01
9.994394779205322266e-01
6.949505209922790527e-01
8.656023144721984863e-01
6.569220423698425293e-01
8.905085772275924683e-01
8.455370068550109863e-01
9.735684990882873535e-01
6.447189748287200928e-01
9.341272115707397461e-01
4.896145462989807129e-01
7.117497324943542480e-01
1.849087178707122803e-01
9.906607270240783691e-01
9.862431287765502930e-01
9.812064766883850098e-01
9.979628920555114746e-01
9.889661073684692383e-01
9.922679662704467773e-01
9.671678543090820312e-01
9.882382750511169434e-01
9.475558400154113770e-01
9.787635207176208496e-01
9.869946241378784180e-01
9.876613616943359375e-01
9.811478853225708008e-01
9.693718552589416504e-01
8.531277775764465332e-01
8.923873305320739746e-01
7.140567302703857422e-01
7.728628367185592651e-01
7.391892075538635254e-01
9.217670559883117676e-01
6.752321124076843262e-01
7.811229526996612549e-01
5.483904480934143066e-01
8.560003042221069336e-01
5.339639782905578613e-01
8.152700066566467285e-01
6.275819838047027588e-01
8.767390847206115723e-01
7.224130034446716309e-01
3.204687833786010742e-01
8.552557826042175293e-01
5.944755375385284424e-01
5.621787905693054199e-01
4.387491941452026367e-01
6.622786521911621094e-01
1.580775976181030273e-01
4.730098843574523926e-01
1.564579010009765625e-01
5.976271033287048340e-01
2.839544713497161865e-01
5.719576179981231689e-01
4.172552824020385742e-01
8.417837023735046387e-01
3.766403794288635254e-01
6.973823904991149902e-01
7.236404418945312500e-01
7.822285890579223633e-01
7.261056900024414062e-01
6.011167764663696289e-01
7.228416204452514648e-01
8.222934007644653320e-01
7.862893342971801758e-01
6.862073242664337158e-01
7.221412658691406250e-01
5.312760472297668457e-01
2.809388041496276855e-01
5.604799389839172363e-01
5.323303341865539551e-01
5.077424645423889160e-01
6.236114203929901123e-01
6.109876632690429688e-01
4.759377241134643555e-01
4.719526171684265137e-01
4.651130437850952148e-01
4.115836918354034424e-01
5.005985498428344727e-01
6.655691862106323242e-01
5.535230934619903564e-01
3.968319296836853027e-01
4.525338411331176758e-01
4.156593382358551025e-01
4.047015905380249023e-01
5.011563003063201904e-01
4.212681651115417480e-01
3.790729939937591553e-01
3.382538259029388428e-01
2.400125265121459961e-01
4.194926023483276367e-01
3.582261800765991211e-01
4.065350890159606934e-01
4.512029588222503662e-01
4.265217781066894531e-01
5.168944597244262695e-01
3.859966695308685303e-01
4.180117547512054443e-01
4.889503121376037598e-01
3.929774165153503418e-01
5.355563163757324219e-01
3.923320174217224121e-01
5.234179794788360596e-01
6.593895256519317627e-01
5.334131419658660889e-01
4.973746240139007568e-01
5.144623517990112305e-01
4.087339639663696289e-01
2.894277572631835938e-01
5.612403750419616699e-01
4.625856280326843262e-01
5.450092852115631104e-01
5.217136144638061523e-01
5.132070779800415039e-01
5.762280225753784180e-01
5.676550269126892090e-01
4.983612596988677979e-01
4.735220670700073242e-01
5.068119764328002930e-01
3.738924562931060791e-01
4.034794569015502930e-01
