9.961766004562377930e-01
9.970693588256835938e-01
9.985863566398620605e-01
6.561009287834167480e-01
9.846214652061462402e-01
9.987663626670837402e-01
4.852566421031951904e-01
7.445484995841979980e-01
9.955805540084838867e-01
9.956941008567810059e-01
9.976858496665954590e-01
9.995087981224060059e-01
9.998688101768493652e-01
9.988949298858642578e-01
9.980537891387939453e-01
9.995019435882568359e-01
9.994032979011535645e-01
9.998383522033691406e-01
9.998545050621032715e-01
9.998666644096374512e-01
9.998934268951416016e-01
9.998809099197387695e-01
9.997652173042297363e-01
9.996891021728515625e-01
9.999229311943054199e-01
9.999417066574096680e-01
9.999338388442993164e-01
9.988988041877746582e-01
9.998575448989868164e-01
9.999147057533264160e-01
9.999081492424011230e-01
9.999170303344726562e-01
9.999347329139709473e-01
9.998882412910461426e-01
9.998953342437744141e-01
9.999220967292785645e-01
9.999186992645263672e-01
9.997808337211608887e-01
9.881455898284912109e-01
9.902018308639526367e-01
9.991046190261840820e-01
9.752851128578186035e-01
9.595386385917663574e-01
3.383685946464538574e-01
5.709807574748992920e-01
7.499775886535644531e-01
9.929314255714416504e-01
6.650695800781250000e-01
5.436043739318847656e-01
9.937940239906311035e-01
9.653053879737854004e-01
9.783862233161926270e-01
9.884563684463500977e-01
9.987704157829284668e-01
9.997642636299133301e-01
9.998425841331481934e-01
9.992297291755676270e-01
9.992122650146484375e-01
9.996487498283386230e-01
9.993991851806640625e-01
9.997957944869995117e-01
9.987620115280151367e-01
9.998598694801330566e-01
9.996681213378906250e-01
9.972440004348754883e-01
9.986019134521484375e-01
9.994494915008544922e-01
9.995906949043273926e-01
9.993472099304199219e-01
9.996253848075866699e-01
9.998255372047424316e-01
9.989134669303894043e-01
9.994016885757446289e-01
9.997545480728149414e-01
9.996581077575683594e-01
9.981588125228881836e-01
9.955949187278747559e-01
9.997035861015319824e-01
9.998397231101989746e-01
9.995407462120056152e-01
9.952462911605834961e-01
9.325243234634399414e-01
9.984689354896545410e-01
9.998002052307128906e-01
9.998310208320617676e-01
9.997174143791198730e-01
9.997131228446960449e-01
9.996063113212585449e-01
9.996522068977355957e-01
9.997512698173522949e-01
9.997088313102722168e-01
9.995524287223815918e-01
9.997208714485168457e-01
9.997128248214721680e-01
9.990056157112121582e-01
9.997496008872985840e-01
9.988731145858764648e-01
9.996188879013061523e-01
9.984499216079711914e-01
9.980719685554504395e-01
9.966589808464050293e-01
9.977352023124694824e-01
9.973399043083190918e-01
9.992712736129760742e-01
9.992417097091674805e-01
9.901007413864135742e-01
9.638319611549377441e-01
7.998429238796234131e-01
9.759824872016906738e-01
9.947695136070251465e-01
9.964618086814880371e-01
9.783397912979125977e-01
9.992646574974060059e-01
9.855672717094421387e-01
9.989177584648132324e-01
9.947755336761474609e-01
9.992063045501708984e-01
9.878596663475036621e-01
9.975353479385375977e-01
9.982342720031738281e-01
9.875627756118774414e-01
9.291766881942749023e-01
9.914811253547668457e-01
9.963077306747436523e-01
9.537488222122192383e-01
6.889674663543701172e-01
6.660919487476348877e-01
9.543805122375488281e-01
9.844992756843566895e-01
9.936454296112060547e-01
9.968382120132446289e-01
9.589899778366088867e-01
5.814181864261627197e-01
9.341927915811538696e-01
8.755264282226562500e-01
7.652271986007690430e-01
8.104047775268554688e-01
9.382980465888977051e-01
8.752913475036621094e-01
4.735298752784729004e-01
7.923573851585388184e-01
9.753733873367309570e-01
7.450274825096130371e-01
9.671932458877563477e-01
9.514867067337036133e-01
9.698613286018371582e-01
9.065259322524070740e-01
9.332959651947021484e-01
9.549455642700195312e-01
7.773100733757019043e-01
5.442582368850708008e-01
7.512332201004028320e-01
7.132243514060974121e-01
5.046522021293640137e-01
8.396518379449844360e-01
6.719292402267456055e-01
5.989718437194824219e-01
4.850366115570068359e-01
5.967798233032226562e-01
2.746896743774414062e-01
5.691435039043426514e-01
4.930516481399536133e-01
7.468257844448089600e-01
9.176834225654602051e-01
7.569357156753540039e-01
8.326451778411865234e-01
7.845678329467773438e-01
7.526605129241943359e-01
4.484421610832214355e-01
8.517218232154846191e-01
4.659376144409179688e-01
5.065123438835144043e-01
8.593632578849792480e-01
6.987453699111938477e-01
2.191043496131896973e-01
5.159495472908020020e-01
7.908770442008972168e-01
4.104315638542175293e-01
8.597567081451416016e-01
8.707644939422607422e-01
9.722604751586914062e-01
8.815874457359313965e-01
8.769035339355468750e-01
7.537833452224731445e-01
9.252274036407470703e-01
9.523636698722839355e-01
9.659242033958435059e-01
9.813107848167419434e-01
7.091073393821716309e-01
9.328058958053588867e-01
5.096189975738525391e-01
6.066097021102905273e-01
5.674102902412414551e-01
8.291055560111999512e-01
7.059962749481201172e-01
8.579365611076354980e-01
9.689749479293823242e-01
8.671204447746276855e-01
8.813195824623107910e-01
8.107171654701232910e-01
9.002596735954284668e-01
7.850552797317504883e-01
8.528759479522705078e-01
8.990190029144287109e-01
9.720417857170104980e-01
9.829971194267272949e-01
9.880042672157287598e-01
9.675137996673583984e-01
8.431012034416198730e-01
5.643434524536132812e-01
5.817511081695556641e-01
8.170509040355682373e-01
8.385728001594543457e-01
9.860349297523498535e-01
9.192581772804260254e-01
9.410058259963989258e-01
9.047786593437194824e-01
9.300009608268737793e-01
8.350529074668884277e-01
9.350804686546325684e-01
9.710366725921630859e-01
9.237727522850036621e-01
9.398232586681842804e-01
9.086140990257263184e-01
9.129085987806320190e-01
9.351084232330322266e-01
9.632453918457031250e-01
9.710638523101806641e-01
8.274043202400207520e-01
9.581296443939208984e-01
6.597805619239807129e-01
7.840128540992736816e-01
3.289066553115844727e-01
7.191255688667297363e-01
6.296697258949279785e-01
6.433789134025573730e-01
6.739516258239746094e-01
2.212252020835876465e-01
8.779653906822204590e-01
8.474897146224975586e-01
3.166314959526062012e-01
4.118703603744506836e-01
4.580106735229492188e-01
2.791726887226104736e-01
9.507979154586791992e-01
8.986019119620323181e-01
5.884730815887451172e-01
4.475232064723968506e-01
7.575763463973999023e-01
5.548849403858184814e-01
6.097334623336791992e-01
8.712502717971801758e-01
7.217600345611572266e-01
3.428321480751037598e-01
6.662011742591857910e-01
9.082602858543395996e-01
4.199942946434020996e-01
7.993586063385009766e-01
5.971692502498626709e-01
6.946552693843841553e-01
8.688862323760986328e-01
8.246626853942871094e-01
2.626381516456604004e-01
1.313661187887191772e-01
4.074010848999023438e-01
6.374029517173767090e-01
5.231376290321350098e-01
5.648717284202575684e-01
1.556892991065979004e-01
2.194565534591674805e-01
4.634213447570800781e-02
1.367021203041076660e-01
1.100453138351440430e-01
7.267075777053833008e-02
2.270406484603881836e-02
3.143940567970275879e-01
3.991300761699676514e-01
2.021597623825073242e-01
6.586238145828247070e-01
5.858278274536132812e-02
5.433804690837860107e-01
7.364022731781005859e-02
1.457547545433044434e-01
1.756243109703063965e-01
1.235769391059875488e-01
2.728927433490753174e-01
7.926863431930541992e-02
5.463796854019165039e-02
2.953600883483886719e-02
2.991853952407836914e-01
4.976278543472290039e-02
1.203163862228393555e-01
1.565920114517211914e-01
1.234663724899291992e-01
3.061869740486145020e-01
4.714983701705932617e-02
1.564549207687377930e-01
3.737235069274902344e-02
2.710572481155395508e-01
1.187806725502014160e-01
1.314815282821655273e-01
9.275425225496292114e-02
1.027175784111022949e-01
2.020710110664367676e-01
4.854667186737060547e-02
1.263563036918640137e-01
8.595693111419677734e-02
2.433132529258728027e-01
5.405092239379882812e-02
1.491729617118835449e-01
1.145212650299072266e-01
1.504463404417037964e-01
1.333147287368774414e-01
1.280316710472106934e-01
1.153038740158081055e-01
8.458858728408813477e-02
2.289439141750335693e-01
5.589747428894042969e-02
1.125881671905517578e-01
8.768409490585327148e-02
1.833959817886352539e-01
6.482428312301635742e-02
1.682788729667663574e-01
9.297126531600952148e-02
1.719630956649780273e-01
1.308772563934326172e-01
1.410269737243652344e-01
1.677891612052917480e-01
1.594223976135253906e-01
1.086555719375610352e-01
8.322560787200927734e-02
1.091421842575073242e-01
2.752726674079895020e-01
1.083422303199768066e-01
1.507080793380737305e-01
1.791790723800659180e-01
1.819518208503723145e-01
1.738865971565246582e-01
1.033754348754882812e-01
2.061051428318023682e-01
1.598868966102600098e-01
9.185618162155151367e-02
1.359901428222656250e-01
3.017838001251220703e-01
7.930532097816467285e-02
1.842309236526489258e-01
2.161745429039001465e-01
1.512306928634643555e-01
9.354603290557861328e-02
2.082155346870422363e-01
1.452299356460571289e-01
9.208148717880249023e-02
1.253060698509216309e-01
2.865242362022399902e-01
8.456569910049438477e-02
1.714231967926025391e-01
1.450389623641967773e-01
2.683396935462951660e-01
1.748958826065063477e-01
4.214966893196105957e-01
2.096926569938659668e-01
2.672559022903442383e-01
1.875474303960800171e-01
3.684619665145874023e-01
2.247790694236755371e-01
2.262428998947143555e-01
2.558642625808715820e-01
2.459393739700317383e-01
1.940609812736511230e-01
1.801571846008300781e-01
1.297609210014343262e-01
2.688167095184326172e-01
1.349555253982543945e-01
2.728437185287475586e-01
2.365908324718475342e-01
1.335661411285400391e-01
2.820487618446350098e-01
2.377968579530715942e-01
3.106226027011871338e-01
1.138325333595275879e-01
2.387762665748596191e-01
1.403258889913558960e-01
2.523598670959472656e-01
7.716286182403564453e-02
1.861516237258911133e-01
1.071256399154663086e-01
2.052497267723083496e-01
6.726092100143432617e-02
1.486976146697998047e-01
1.520580649375915527e-01
1.195552349090576172e-01
9.783226251602172852e-02
1.119332909584045410e-01
2.383616566658020020e-01
8.626091480255126953e-02
1.551208496093750000e-01
1.348689198493957520e-01
2.183857560157775879e-01
1.006942391395568848e-01
2.161867618560791016e-01
2.343536466360092163e-01
1.820009499788284302e-01
1.545434147119522095e-01
1.671334505081176758e-01
3.045801520347595215e-01
1.164412498474121094e-01
2.068549394607543945e-01
1.904781609773635864e-01
2.765210866928100586e-01
2.564780712127685547e-01
2.069969773292541504e-01
2.567748427391052246e-01
1.598479747772216797e-01
1.719311475753784180e-01
1.369373798370361328e-01
1.476992964744567871e-01
2.384253740310668945e-01
1.117528676986694336e-01
1.958149671554565430e-01
2.100978344678878784e-01
2.408905029296875000e-01
1.388881206512451172e-01
2.104760259389877319e-01
1.859915107488632202e-01
2.832211256027221680e-01
2.209393382072448730e-01
1.879692077636718750e-01
2.789857983589172363e-01
2.360819578170776367e-01
2.240235656499862671e-01
2.247672677040100098e-01
1.828624010086059570e-01
2.982694506645202637e-01
1.812539100646972656e-01
2.977771759033203125e-01
2.627645730972290039e-01
1.731832623481750488e-01
2.698253393173217773e-01
2.004414349794387817e-01
2.333429455757141113e-01
1.863944530487060547e-01
2.699710428714752197e-01
2.575886845588684082e-01
2.344876527786254883e-01
1.890936195850372314e-01
2.666950523853302002e-01
1.710892319679260254e-01
2.808555066585540771e-01
1.608288884162902832e-01
3.776375353336334229e-01
2.944507002830505371e-01
3.979082703590393066e-01
3.737307190895080566e-01
3.480987846851348877e-01
4.623747467994689941e-01
4.426494240760803223e-01
3.896496891975402832e-01
3.514639139175415039e-01
3.442697823047637939e-01
5.441412627696990967e-01
3.533547222614288330e-01
4.890961647033691406e-01
3.330053687095642090e-01
4.848573207855224609e-01
3.955254554748535156e-01
4.171115159988403320e-01
3.492578864097595215e-01
3.667629361152648926e-01
4.982388615608215332e-01
3.875961899757385254e-01
4.726914465427398682e-01
5.292409062385559082e-01
4.908652305603027344e-01
4.430687427520751953e-01
4.496070742607116699e-01
4.194665551185607910e-01
4.094310104846954346e-01
4.245886504650115967e-01
4.274880886077880859e-01
4.257549643516540527e-01
4.666148722171783447e-01
4.711095094680786133e-01
4.657086730003356934e-01
4.625656604766845703e-01
4.608420133590698242e-01
4.478548169136047363e-01
4.549317955970764160e-01
