9.961766004562377930e-01
9.970693588256835938e-01
9.985863566398620605e-01
6.561009287834167480e-01
9.846214652061462402e-01
9.987663626670837402e-01
4.852566719055175781e-01
7.445484995841979980e-01
9.955805540084838867e-01
9.956941008567810059e-01
9.976858496665954590e-01
9.995087981224060059e-01
9.998688101768493652e-01
9.998847842216491699e-01
9.987072944641113281e-01
9.982871413230895996e-01
9.994984865188598633e-01
9.998257160186767578e-01
9.998814463615417480e-01
9.585264921188354492e-01
9.979286193847656250e-01
9.996428489685058594e-01
9.998295903205871582e-01
9.998399615287780762e-01
9.999109506607055664e-01
9.999142289161682129e-01
9.999448657035827637e-01
9.999305605888366699e-01
9.998197555541992188e-01
9.998757839202880859e-01
9.999055266380310059e-01
9.999178051948547363e-01
9.999440312385559082e-01
9.999418854713439941e-01
9.999035596847534180e-01
9.998966455459594727e-01
9.999222755432128906e-01
9.997323155403137207e-01
8.683731555938720703e-01
9.902617931365966797e-01
9.990102052688598633e-01
9.825883507728576660e-01
9.904158711433410645e-01
9.973536729812622070e-01
9.996011257171630859e-01
9.996939301490783691e-01
9.990185499191284180e-01
9.997518658638000488e-01
9.993721246719360352e-01
9.997421503067016602e-01
9.967920780181884766e-01
9.976758956909179688e-01
9.992878437042236328e-01
9.989377856254577637e-01
9.769001603126525879e-01
9.996407032012939453e-01
9.972298145294189453e-01
9.974842071533203125e-01
9.995370507240295410e-01
9.992122054100036621e-01
9.992430210113525391e-01
9.997792243957519531e-01
9.997856020927429199e-01
9.990642070770263672e-01
9.985992312431335449e-01
9.996726512908935547e-01
9.994701743125915527e-01
9.991129040718078613e-01
9.997347593307495117e-01
9.996805787086486816e-01
9.995254278182983398e-01
9.998244047164916992e-01
9.997931718826293945e-01
9.997339844703674316e-01
7.972005605697631836e-01
9.749966263771057129e-01
9.544920325279235840e-01
8.663013577461242676e-01
9.903415441513061523e-01
9.921965599060058594e-01
9.995280504226684570e-01
9.997236728668212891e-01
9.993482828140258789e-01
9.435005784034729004e-01
9.098597168922424316e-01
9.994370937347412109e-01
9.995302557945251465e-01
9.996726512908935547e-01
9.995048642158508301e-01
9.996070265769958496e-01
9.997601509094238281e-01
9.996137022972106934e-01
9.997507929801940918e-01
9.996765851974487305e-01
9.994849562644958496e-01
9.995846152305603027e-01
9.996748566627502441e-01
9.995050430297851562e-01
9.988623261451721191e-01
9.988901019096374512e-01
9.995415210723876953e-01
9.997387528419494629e-01
9.996579885482788086e-01
9.993183016777038574e-01
9.972710013389587402e-01
9.985516667366027832e-01
9.997086524963378906e-01
9.995020627975463867e-01
9.978744387626647949e-01
9.984421133995056152e-01
9.995224475860595703e-01
9.983552694320678711e-01
9.995879530906677246e-01
9.995637536048889160e-01
9.997217059135437012e-01
9.997979402542114258e-01
9.996892809867858887e-01
9.994427561759948730e-01
9.957621693611145020e-01
9.939437508583068848e-01
9.993482828140258789e-01
9.442768692970275879e-01
9.715738296508789062e-01
9.961178302764892578e-01
9.980468153953552246e-01
9.469246268272399902e-01
8.625259995460510254e-01
9.276807904243469238e-01
9.979289770126342773e-01
9.948875308036804199e-01
9.798294305801391602e-01
9.855893850326538086e-01
9.313042834401130676e-01
9.318882822990417480e-01
9.820224046707153320e-01
9.181069731712341309e-01
4.987820982933044434e-01
9.571204185485839844e-01
9.317460656166076660e-01
7.782790213823318481e-01
8.907258510589599609e-01
8.345722556114196777e-01
5.813967585563659668e-01
7.684167623519897461e-01
6.484639048576354980e-01
5.557345151901245117e-01
6.810620129108428955e-01
6.861103177070617676e-01
4.187915325164794922e-01
3.898429870605468750e-01
5.252085030078887939e-01
4.707952141761779785e-01
4.868539869785308838e-01
5.297721028327941895e-01
4.160875082015991211e-01
4.817447662353515625e-01
5.313507616519927979e-01
3.423397839069366455e-01
4.314430952072143555e-01
4.131871461868286133e-01
4.545290470123291016e-01
4.177825450897216797e-01
4.504261612892150879e-01
4.526403546333312988e-01
5.685705542564392090e-01
5.550649762153625488e-01
5.510459244251251221e-01
4.031543731689453125e-01
3.765819072723388672e-01
4.871537387371063232e-01
4.529770016670227051e-01
4.249424338340759277e-01
3.836833536624908447e-01
3.632195293903350830e-01
3.231396079063415527e-01
2.824705839157104492e-01
2.529901862144470215e-01
3.558875918388366699e-01
4.808720350265502930e-01
5.009225308895111084e-01
5.666228532791137695e-01
4.443832933902740479e-01
4.758301377296447754e-01
4.541769623756408691e-01
4.945687055587768555e-01
4.216500520706176758e-01
3.847171962261199951e-01
5.689594149589538574e-01
4.634945988655090332e-01
5.779275894165039062e-01
4.473805427551269531e-01
4.414714574813842773e-01
5.896394550800323486e-01
4.659115672111511230e-01
4.629705250263214111e-01
5.277683734893798828e-01
