9.961766004562377930e-01
2.928562760353088379e-01
4.109065532684326172e-01
8.505931496620178223e-01
9.950274825096130371e-01
9.988708496093750000e-01
9.985769391059875488e-01
9.988923072814941406e-01
9.997332096099853516e-01
9.903985857963562012e-01
9.857288599014282227e-01
9.994789361953735352e-01
9.998586773872375488e-01
9.988344311714172363e-01
9.980555176734924316e-01
9.994714856147766113e-01
9.994829893112182617e-01
9.998386502265930176e-01
9.998543262481689453e-01
9.712257385253906250e-01
9.987111687660217285e-01
9.994927048683166504e-01
9.994297027587890625e-01
9.998396635055541992e-01
9.999094605445861816e-01
9.999387264251708984e-01
9.999448060989379883e-01
9.999299645423889160e-01
9.998164772987365723e-01
9.998735189437866211e-01
9.999046921730041504e-01
9.999382495880126953e-01
9.999033808708190918e-01
9.998864531517028809e-01
9.999235868453979492e-01
9.999212622642517090e-01
9.999252557754516602e-01
9.997870922088623047e-01
9.998785853385925293e-01
9.997097253799438477e-01
9.995225071907043457e-01
8.230487704277038574e-01
9.886775612831115723e-01
9.982276558876037598e-01
9.295079708099365234e-01
9.829433560371398926e-01
9.997036457061767578e-01
9.771164655685424805e-01
2.818553447723388672e-01
9.659519195556640625e-01
9.989370107650756836e-01
9.990323781967163086e-01
9.757806062698364258e-01
9.886971116065979004e-01
9.994162917137145996e-01
9.713833928108215332e-01
9.830140471458435059e-01
9.991170167922973633e-01
9.989501237869262695e-01
9.997770190238952637e-01
9.996522068977355957e-01
9.998419284820556641e-01
9.990428090095520020e-01
9.984759092330932617e-01
9.996536374092102051e-01
9.995833039283752441e-01
9.990054368972778320e-01
9.997208118438720703e-01
9.998366832733154297e-01
9.974088668823242188e-01
9.988593459129333496e-01
9.983446598052978516e-01
9.994686841964721680e-01
9.978059530258178711e-01
9.988593459129333496e-01
9.995820522308349609e-01
9.991926550865173340e-01
9.993970394134521484e-01
9.667363166809082031e-01
9.885926246643066406e-01
7.649956941604614258e-01
9.806054234504699707e-01
9.905087351799011230e-01
9.988567233085632324e-01
9.995543956756591797e-01
9.996930956840515137e-01
8.783155679702758789e-01
9.929847121238708496e-01
9.983144998550415039e-01
9.987859725952148438e-01
9.990168809890747070e-01
9.996241331100463867e-01
9.996356964111328125e-01
9.996671676635742188e-01
9.991702437400817871e-01
9.995966553688049316e-01
9.993942975997924805e-01
9.995678663253784180e-01
9.996610283851623535e-01
9.994100332260131836e-01
9.997088313102722168e-01
9.993225336074829102e-01
9.997686743736267090e-01
9.992470741271972656e-01
9.986361265182495117e-01
9.996492266654968262e-01
9.993138313293457031e-01
9.993833899497985840e-01
9.975213408470153809e-01
9.981227321550250053e-01
9.985119700431823730e-01
9.930044412612915039e-01
9.901913404464721680e-01
9.984455704689025879e-01
9.988893270492553711e-01
9.997500777244567871e-01
9.998268485069274902e-01
9.990335702896118164e-01
9.965980648994445801e-01
9.977163672447204590e-01
9.938629865646362305e-01
9.996479153633117676e-01
9.994531869888305664e-01
9.479820132255554199e-01
9.969450235366821289e-01
9.955170154571533203e-01
9.961622357368469238e-01
9.747431278228759766e-01
8.765933513641357422e-01
9.362798333168029785e-01
7.758765816688537598e-01
8.186657428741455078e-01
8.440815210342407227e-01
6.022480130195617676e-01
7.185319066047668457e-01
8.066000342369079590e-01
8.461598753929138184e-01
9.580853581428527832e-01
9.582733511924743652e-01
7.680441141128540039e-01
9.138613343238830566e-01
5.938937664031982422e-01
9.595577120780944824e-01
9.232463017106056213e-01
9.812563695013523102e-01
9.043695330619812012e-01
7.952503561973571777e-01
7.703277468681335449e-01
6.705035567283630371e-01
7.276715636253356934e-01
4.098885953426361084e-01
5.260109901428222656e-01
4.941630959510803223e-01
5.229542255401611328e-01
3.347836136817932129e-01
4.743374586105346680e-01
4.638918042182922363e-01
5.786660909652709961e-01
5.373051762580871582e-01
4.906085729598999023e-01
4.025453925132751465e-01
3.228949308395385742e-01
4.703939557075500488e-01
5.033838450908660889e-01
5.949624478816986084e-01
4.959428310394287109e-01
3.439538478851318359e-01
2.290793061256408691e-01
2.968929708003997803e-01
3.646758794784545898e-01
3.187814354896545410e-01
3.575547039508819580e-01
3.740193247795104980e-01
5.011489391326904297e-01
3.536837697029113770e-01
4.670959413051605225e-01
5.579388737678527832e-01
5.041849613189697266e-01
5.138761997222900391e-01
5.115135908126831055e-01
5.616320371627807617e-01
7.022818326950073242e-01
5.170643627643585205e-01
3.696562051773071289e-01
3.565818071365356445e-01
2.214449644088745117e-01
2.832491993904113770e-01
3.659017384052276611e-01
3.344892263412475586e-01
3.246159553527832031e-01
4.192535281181335449e-01
4.283001124858856201e-01
4.791848361492156982e-01
3.764329552650451660e-01
4.941635727882385254e-01
6.044519543647766113e-01
4.479608833789825439e-01
3.947415947914123535e-01
4.992361962795257568e-01
4.434682726860046387e-01
4.076101481914520264e-01
4.725793004035949707e-01
5.978670120239257812e-01
5.405938625335693359e-01
