9.961766004562377930e-01
9.970693588256835938e-01
9.985863566398620605e-01
6.561009287834167480e-01
9.846214652061462402e-01
9.987663626670837402e-01
4.852566421031951904e-01
7.445484995841979980e-01
9.955805540084838867e-01
9.956941008567810059e-01
9.976858496665954590e-01
9.995087981224060059e-01
9.998688101768493652e-01
9.998847842216491699e-01
9.987072944641113281e-01
9.982871413230895996e-01
9.994984865188598633e-01
9.998257160186767578e-01
9.998814463615417480e-01
9.585264921188354492e-01
9.979286193847656250e-01
9.996428489685058594e-01
9.998295903205871582e-01
9.998399615287780762e-01
9.999109506607055664e-01
9.999142289161682129e-01
9.999448657035827637e-01
9.999305605888366699e-01
9.999287724494934082e-01
9.998864531517028809e-01
9.998669624328613281e-01
9.999229907989501953e-01
9.999395012855529785e-01
9.999026060104370117e-01
9.998983144760131836e-01
9.999214410781860352e-01
9.999217987060546875e-01
9.997813701629638672e-01
8.393104225397109985e-01
9.897111058235168457e-01
9.991150498390197754e-01
9.771909117698669434e-01
9.902498126029968262e-01
9.973536729812622070e-01
9.995994567871093750e-01
9.987337589263916016e-01
5.584406852722167969e-01
9.920432567596435547e-01
7.592740356922149658e-01
9.959261417388916016e-01
9.989717006683349609e-01
9.991122484207153320e-01
9.992812871932983398e-01
9.994305968284606934e-01
9.996405839920043945e-01
9.998603463172912598e-01
9.993783235549926758e-01
9.991828203201293945e-01
9.996672272682189941e-01
9.996483922004699707e-01
9.997049570083618164e-01
9.996731877326965332e-01
9.997966289520263672e-01
9.992009997367858887e-01
9.987549185752868652e-01
9.994472265243530273e-01
9.993593692779541016e-01
9.992834329605102539e-01
9.983319640159606934e-01
9.986460804939270020e-01
9.997189044952392578e-01
9.996886253356933594e-01
9.994739890098571777e-01
9.968718886375427246e-01
9.967195391654968262e-01
9.994636178016662598e-01
9.986092448234558105e-01
9.992905259132385254e-01
9.987925291061401367e-01
9.973210692405700684e-01
9.990781545639038086e-01
9.992844462394714355e-01
9.992955327033996582e-01
9.992536902427673340e-01
9.965729713439941406e-01
9.996526837348937988e-01
9.996681213378906250e-01
9.995405673980712891e-01
9.997751116752624512e-01
9.997192621231079102e-01
9.996919035911560059e-01
9.974370002746582031e-01
9.992741942405700684e-01
9.975046515464782715e-01
9.996497631072998047e-01
9.995737671852111816e-01
9.994097352027893066e-01
9.977732896804809570e-01
9.990192651748657227e-01
9.957603812217712402e-01
9.995746016502380371e-01
9.992268681526184082e-01
9.980691671371459961e-01
9.990395307540893555e-01
9.977269768714904785e-01
9.976186156272888184e-01
9.934016466140747070e-01
9.987155199050903320e-01
9.826820492744445801e-01
9.896175265312194824e-01
9.990977644920349121e-01
9.956778287887573242e-01
9.988682270050048828e-01
9.991216063499450684e-01
9.989452362060546875e-01
9.996706843376159668e-01
9.994433522224426270e-01
9.834458827972412109e-01
9.997282624244689941e-01
9.995637536048889160e-01
9.986599087715148926e-01
9.993461370468139648e-01
8.953444361686706543e-01
9.918300509452819824e-01
9.981011748313903809e-01
8.984909057617187500e-01
9.393745064735412598e-01
9.945797324180603027e-01
9.955508708953857422e-01
9.926888942718505859e-01
9.980018138885498047e-01
9.974253177642822266e-01
9.747758507728576660e-01
9.688834547996520996e-01
6.916007399559020996e-01
5.572357773780822754e-01
9.181266427040100098e-01
9.952482581138610840e-01
9.959930777549743652e-01
9.922137856483459473e-01
9.762354493141174316e-01
9.866390228271484375e-01
9.963403344154357910e-01
9.880104660987854004e-01
9.894659519195556641e-01
9.718700647354125977e-01
9.046380519866943359e-01
7.668815553188323975e-01
7.339361906051635742e-01
6.429591178894042969e-01
5.794189572334289551e-01
5.644785761833190918e-01
5.827689766883850098e-01
4.220970273017883301e-01
8.201148957014083862e-01
5.434405505657196045e-01
4.529532790184020996e-01
4.103197455406188965e-01
6.943838000297546387e-01
4.307995140552520752e-01
5.141797065734863281e-01
5.506237745285034180e-01
6.175733506679534912e-01
4.908435344696044922e-01
6.146897673606872559e-01
6.074771583080291748e-01
5.377418994903564453e-01
6.139104664325714111e-01
6.581535935401916504e-01
5.802552700042724609e-01
6.842534542083740234e-01
4.114235043525695801e-01
4.520596861839294434e-01
4.848234057426452637e-01
4.271065890789031982e-01
2.867131531238555908e-01
4.928169548511505127e-01
4.232093691825866699e-01
6.172353625297546387e-01
4.504035413265228271e-01
4.830723404884338379e-01
4.355879426002502441e-01
4.373101294040679932e-01
3.623549938201904297e-01
2.501956224441528320e-01
4.083119630813598633e-01
4.907739758491516113e-01
4.305760264396667480e-01
4.256627559661865234e-01
4.180649518966674805e-01
5.491274595260620117e-01
5.987005233764648438e-01
5.916634798049926758e-01
5.730816721916198730e-01
3.975046575069427490e-01
6.167635917663574219e-01
5.490669310092926025e-01
4.146744608879089355e-01
4.536460936069488525e-01
