9.961766004562377930e-01
2.928562760353088379e-01
4.109065532684326172e-01
8.505931496620178223e-01
9.950274825096130371e-01
9.988708496093750000e-01
9.985769391059875488e-01
9.988923072814941406e-01
9.909592270851135254e-01
9.864619374275207520e-01
9.960792660713195801e-01
9.994250535964965820e-01
9.998773932456970215e-01
9.986487627029418945e-01
9.978906512260437012e-01
9.995633959770202637e-01
9.993893504142761230e-01
9.998386502265930176e-01
9.998543262481689453e-01
9.998669028282165527e-01
9.991062879562377930e-01
9.982229471206665039e-01
9.995137453079223633e-01
9.998281598091125488e-01
9.999223351478576660e-01
9.999373555183410645e-01
9.999122619628906250e-01
9.993687868118286133e-01
9.998704195022583008e-01
9.999043941497802734e-01
9.999305009841918945e-01
9.998890757560729980e-01
9.998853802680969238e-01
9.999234080314636230e-01
9.999205470085144043e-01
9.999247193336486816e-01
9.999231696128845215e-01
9.997866153717041016e-01
9.998871088027954102e-01
9.998812675476074219e-01
9.961012601852416992e-01
6.795963644981384277e-01
9.908046126365661621e-01
9.292495250701904297e-01
9.834749698638916016e-01
6.477422714233398438e-01
8.105643987655639648e-01
5.454434156417846680e-01
7.406895756721496582e-01
9.915726184844970703e-01
9.989789724349975586e-01
9.995455145835876465e-01
9.994394183158874512e-01
9.998386502265930176e-01
9.993920922279357910e-01
9.991301298141479492e-01
9.996376037597656250e-01
9.996114373207092285e-01
9.996815323829650879e-01
9.996748566627502441e-01
9.998512864112854004e-01
9.994736313819885254e-01
9.986394643783569336e-01
9.995150566101074219e-01
9.994312524795532227e-01
9.995522499084472656e-01
9.995328187942504883e-01
9.994191527366638184e-01
9.997403621673583984e-01
9.976475238800048828e-01
9.983850121498107910e-01
9.993031620979309082e-01
9.984804391860961914e-01
9.982434511184692383e-01
9.984742403030395508e-01
9.997249245643615723e-01
9.963541626930236816e-01
9.969630837440490723e-01
9.473083615303039551e-01
9.973441362380981445e-01
9.972063302993774414e-01
9.983991384506225586e-01
9.989926218986511230e-01
9.994623064994812012e-01
9.997030496597290039e-01
9.997495412826538086e-01
9.996917843818664551e-01
9.995950460433959961e-01
9.987242817878723145e-01
9.979737401008605957e-01
9.995862841606140137e-01
9.995841979980468750e-01
9.994603395462036133e-01
9.992474317550659180e-01
9.995530843734741211e-01
9.997383952140808105e-01
9.996444582939147949e-01
9.994693994522094727e-01
9.992242455482482910e-01
9.996993541717529297e-01
9.993113279342651367e-01
9.995805025100708008e-01
9.996114373207092285e-01
9.987310171127319336e-01
9.988647699356079102e-01
9.992566704750061035e-01
9.973632693290710449e-01
9.279107451438903809e-01
9.938820004463195801e-01
9.969757795333862305e-01
9.992873072624206543e-01
9.995010495185852051e-01
9.994810223579406738e-01
9.996322989463806152e-01
9.972453117370605469e-01
9.882929921150207520e-01
9.988239407539367676e-01
9.965173006057739258e-01
9.988309741020202637e-01
9.990137815475463867e-01
9.996328353881835938e-01
9.996865391731262207e-01
9.988506436347961426e-01
9.907893538475036621e-01
9.326686263084411621e-01
9.281030297279357910e-01
9.384896159172058105e-01
9.510746598243713379e-01
9.940969944000244141e-01
9.988992214202880859e-01
9.897845983505249023e-01
9.359231591224670410e-01
9.682957530021667480e-01
9.844121932983398438e-01
9.941895008087158203e-01
9.883462786674499512e-01
9.881997704505920410e-01
9.606593251228332520e-01
9.301508069038391113e-01
9.305396080017089844e-01
9.722421765327453613e-01
9.675744175910949707e-01
9.654964804649353027e-01
9.866442680358886719e-01
9.872741699218750000e-01
9.830129146575927734e-01
9.496821165084838867e-01
8.651406764984130859e-01
7.806806564331054688e-01
2.246490120887756348e-01
2.560268640518188477e-01
5.952129364013671875e-01
4.097376167774200439e-01
7.275742292404174805e-01
4.676214456558227539e-01
3.666454553604125977e-01
5.322302579879760742e-01
5.287972688674926758e-01
4.691364765167236328e-01
4.459649324417114258e-01
5.143223404884338379e-01
5.354450345039367676e-01
4.634078145027160645e-01
3.897967934608459473e-01
4.955650269985198975e-01
2.313193678855895996e-01
4.492865204811096191e-01
2.574744820594787598e-01
3.589450716972351074e-01
2.240155786275863647e-01
3.851508498191833496e-01
2.962216734886169434e-01
3.111823797225952148e-01
3.553847670555114746e-01
2.060048580169677734e-01
2.989053726196289062e-01
4.537918567657470703e-01
3.335801959037780762e-01
3.795896172523498535e-01
3.005396127700805664e-01
3.019332587718963623e-01
3.837013244628906250e-01
2.337738871574401855e-01
3.589832782745361328e-01
3.220745027065277100e-01
3.303175568580627441e-01
2.461725920438766479e-01
3.897726535797119141e-01
3.926761746406555176e-01
3.054651618003845215e-01
3.010420799255371094e-01
3.049002885818481445e-01
4.132540822029113770e-01
4.177263379096984863e-01
3.825922608375549316e-01
3.944401741027832031e-01
4.038226604461669922e-01
3.631749749183654785e-01
4.109365344047546387e-01
4.593952894210815430e-01
3.654050230979919434e-01
4.019661247730255127e-01
4.041070938110351562e-01
