9.961766004562377930e-01
9.970693588256835938e-01
9.985863566398620605e-01
6.561008989810943604e-01
9.846214652061462402e-01
9.987663626670837402e-01
4.852566719055175781e-01
7.445484995841979980e-01
9.955805540084838867e-01
9.956941008567810059e-01
9.976858496665954590e-01
9.995087981224060059e-01
9.998688101768493652e-01
9.998847842216491699e-01
9.987072944641113281e-01
9.982871413230895996e-01
9.994984865188598633e-01
9.998257160186767578e-01
9.998814463615417480e-01
9.585264921188354492e-01
9.979286193847656250e-01
9.996428489685058594e-01
9.998295903205871582e-01
9.998399615287780762e-01
9.999109506607055664e-01
9.999142289161682129e-01
9.999448657035827637e-01
9.999305605888366699e-01
9.998197555541992188e-01
9.998757839202880859e-01
9.999055266380310059e-01
9.999178051948547363e-01
9.999440312385559082e-01
9.999418854713439941e-01
9.999035596847534180e-01
9.998966455459594727e-01
9.999222755432128906e-01
9.997323155403137207e-01
8.683731555938720703e-01
9.898205399513244629e-01
7.439352869987487793e-01
9.858723282814025879e-01
7.469108998775482178e-01
9.744598865509033203e-01
4.782194495201110840e-01
6.334569454193115234e-01
9.189464449882507324e-01
9.966104626655578613e-01
9.990875124931335449e-01
9.989687204360961914e-01
9.986930489540100098e-01
9.993835687637329102e-01
9.995946288108825684e-01
9.996676445007324219e-01
9.996428489685058594e-01
9.998442530632019043e-01
9.994364976882934570e-01
9.991763234138488770e-01
9.996623992919921875e-01
9.996389150619506836e-01
9.997060298919677734e-01
9.996749758720397949e-01
9.997941255569458008e-01
9.991954565048217773e-01
9.987779855728149414e-01
9.995436668395996094e-01
9.993575941771268845e-01
9.993052482604980469e-01
9.988779425621032715e-01
9.993628263473510742e-01
9.997379183769226074e-01
9.989708662033081055e-01
9.995141029357910156e-01
9.997692108154296875e-01
9.986187219619750977e-01
9.990420937538146973e-01
9.967426061630249023e-01
9.998086094856262207e-01
9.995753765106201172e-01
9.997427463531494141e-01
9.989091753959655762e-01
9.996274113655090332e-01
9.994197487831115723e-01
9.990550875663757324e-01
9.990041851997375488e-01
9.997586607933044434e-01
9.997060298919677734e-01
9.997244477272033691e-01
9.996615648269653320e-01
9.997474551200866699e-01
9.998413324356079102e-01
9.997470974922180176e-01
9.998123645782470703e-01
9.983894824981689453e-01
9.997363090515136719e-01
9.987915754318237305e-01
9.997147917747497559e-01
9.996162056922912598e-01
9.996420145034790039e-01
9.990888833999633789e-01
9.979240894317626953e-01
9.996320009231567383e-01
9.997044205665588379e-01
9.990575313568115234e-01
9.995089769363403320e-01
9.992924928665161133e-01
9.991366863250732422e-01
9.994660615921020508e-01
9.996702671051025391e-01
9.991253614425659180e-01
9.993396401405334473e-01
9.963237047195434570e-01
9.954775571823120117e-01
9.944419860839843750e-01
9.994599819183349609e-01
9.989973902702331543e-01
9.997848272323608398e-01
9.959395527839660645e-01
9.957681894302368164e-01
9.990827441215515137e-01
9.996832609176635742e-01
9.994637966156005859e-01
9.934402108192443848e-01
7.348940670490264893e-01
9.978478550910949707e-01
9.247567057609558105e-01
8.252487182617187500e-01
9.979778528213500977e-01
9.816679954528808594e-01
9.941682815551757812e-01
9.986269474029541016e-01
9.961239099502563477e-01
9.993376731872558594e-01
9.945303201675415039e-01
9.922941923141479492e-01
9.897218346595764160e-01
9.851484298706054688e-01
9.948560595512390137e-01
9.974733591079711914e-01
9.976971149444580078e-01
9.933175444602966309e-01
9.906138777732849121e-01
9.961927533149719238e-01
9.962930083274841309e-01
9.834300279617309570e-01
9.538846015930175781e-01
9.748598933219909668e-01
9.723085761070251465e-01
8.889417648315429688e-01
8.253317475318908691e-01
9.027291536331176758e-01
8.843464255332946777e-01
8.062657713890075684e-01
9.355056881904602051e-01
7.659441828727722168e-01
8.645765185356140137e-01
7.585396170616149902e-01
7.993277907371520996e-01
7.372686266899108887e-01
6.095977425575256348e-01
7.596266269683837891e-01
7.360710799694061279e-01
9.504871368408203125e-01
9.019144177436828613e-01
9.566200971603393555e-01
7.253063321113586426e-01
7.546518296003341675e-01
5.232163071632385254e-01
5.121271610260009766e-01
4.231444597244262695e-01
6.625945866107940674e-01
4.708096981048583984e-01
3.252183794975280762e-01
5.441656708717346191e-01
6.274101138114929199e-01
4.942049980163574219e-01
4.723732471466064453e-01
5.680276751518249512e-01
3.586938977241516113e-01
2.798902392387390137e-01
4.048013091087341309e-01
3.196828961372375488e-01
4.163681268692016602e-01
4.675815999507904053e-01
4.577190876007080078e-01
3.276114463806152344e-01
3.700138926506042480e-01
3.492697477340698242e-01
3.022996187210083008e-01
2.990629076957702637e-01
3.406918346881866455e-01
2.605837583541870117e-01
4.076489806175231934e-01
3.467063605785369873e-01
5.271090567111968994e-01
4.180682003498077393e-01
4.966614842414855957e-01
5.842302143573760986e-01
3.911387324333190918e-01
4.587044715881347656e-01
4.174338579177856445e-01
4.984421133995056152e-01
3.195315003395080566e-01
5.852306187152862549e-01
4.103689193725585938e-01
4.545260965824127197e-01
3.294543921947479248e-01
3.960910439491271973e-01
4.248823523521423340e-01
3.371104001998901367e-01
4.637467265129089355e-01
5.278978943824768066e-01
4.653515517711639404e-01
