9.961766004562377930e-01
9.970693588256835938e-01
9.985863566398620605e-01
6.561009287834167480e-01
9.846214652061462402e-01
9.987663626670837402e-01
4.852566719055175781e-01
7.445484995841979980e-01
9.955805540084838867e-01
9.956941008567810059e-01
9.976858496665954590e-01
9.995087981224060059e-01
9.998688101768493652e-01
9.998847842216491699e-01
9.987072944641113281e-01
9.982871413230895996e-01
9.994984865188598633e-01
9.998257160186767578e-01
9.998814463615417480e-01
9.585264921188354492e-01
9.979286193847656250e-01
9.996428489685058594e-01
9.998295903205871582e-01
9.998399615287780762e-01
9.999109506607055664e-01
9.999142289161682129e-01
9.999448657035827637e-01
9.999305605888366699e-01
9.999287724494934082e-01
9.998864531517028809e-01
9.998669624328613281e-01
9.999229907989501953e-01
9.999395012855529785e-01
9.999026060104370117e-01
9.998983144760131836e-01
9.999214410781860352e-01
9.999217987060546875e-01
9.997813701629638672e-01
9.997540116310119629e-01
9.997566938400268555e-01
9.971616864204406738e-01
9.767766594886779785e-01
9.913335442543029785e-01
9.924727678298950195e-01
9.995862245559692383e-01
9.986557364463806152e-01
8.537625670433044434e-01
9.851219058036804199e-01
7.453325092792510986e-01
9.959261417388916016e-01
9.989691376686096191e-01
9.991142153739929199e-01
9.992747306823730469e-01
9.994202852249145508e-01
9.996470808982849121e-01
9.998579025268554688e-01
9.993709325790405273e-01
9.991995692253112793e-01
9.996579289436340332e-01
9.996451139450073242e-01
9.997000098228454590e-01
9.996774196624755859e-01
9.997972846031188965e-01
9.991796612739562988e-01
9.987807869911193848e-01
9.995476603507995605e-01
9.993587732315063477e-01
9.992946982383728027e-01
9.982563257217407227e-01
9.986258149147033691e-01
9.997154474258422852e-01
9.958249330520629883e-01
9.971890449523925781e-01
9.982621073722839355e-01
9.918673634529113770e-01
9.954133629798889160e-01
9.988597035408020020e-01
9.995749592781066895e-01
9.938455224037170410e-01
9.991220831871032715e-01
9.980841279029846191e-01
9.992237091064453125e-01
9.984030127525329590e-01
9.984166622161865234e-01
9.991506338119506836e-01
9.996337890625000000e-01
9.987654685974121094e-01
9.970936775207519531e-01
9.987883567810058594e-01
9.991978406906127930e-01
9.994465112686157227e-01
9.994614720344543457e-01
9.996408820152282715e-01
9.996953606605529785e-01
9.984036087989807129e-01
9.997360706329345703e-01
9.988064169883728027e-01
9.993442893028259277e-01
9.980113506317138672e-01
9.960091710090637207e-01
9.974939823150634766e-01
9.949694871902465820e-01
9.994576573371887207e-01
9.969092607498168945e-01
9.993972182273864746e-01
9.993308186531066895e-01
9.973917603492736816e-01
9.986764788627624512e-01
9.991666078567504883e-01
9.898201227188110352e-01
9.990125298500061035e-01
9.981450438499450684e-01
9.984216690063476562e-01
9.992623925209045410e-01
9.980873465538024902e-01
9.995270967483520508e-01
9.989987015724182129e-01
9.990968108177185059e-01
9.948992729187011719e-01
9.993886947631835938e-01
9.990319013595581055e-01
9.976826310157775879e-01
9.984546303749084473e-01
9.896200895309448242e-01
9.950323104858398438e-01
9.485207200050354004e-01
9.754269719123840332e-01
9.978487491607666016e-01
8.161781430244445801e-01
9.616597294807434082e-01
9.928185939788818359e-01
6.634724140167236328e-01
8.121674060821533203e-01
8.996453881263732910e-01
8.739857673645019531e-01
9.162422418594360352e-01
2.259240150451660156e-01
9.823979735374450684e-01
9.865952730178833008e-01
9.947466254234313965e-01
9.834440946578979492e-01
9.537568092346191406e-01
9.879626035690307617e-01
9.883870482444763184e-01
9.748571515083312988e-01
8.875747919082641602e-01
9.219985008239746094e-01
9.560733437538146973e-01
7.091301083564758301e-01
7.107771933078765869e-01
7.153517007827758789e-01
7.021693885326385498e-01
6.564482450485229492e-01
7.626941353082656860e-01
8.030686974525451660e-01
5.579005479812622070e-01
6.330796778202056885e-01
5.044023096561431885e-01
4.754334688186645508e-01
4.283877611160278320e-01
7.106769680976867676e-01
8.446507453918457031e-01
7.562762796878814697e-01
7.799635231494903564e-01
6.508199274539947510e-01
4.976620674133300781e-01
3.694565892219543457e-01
3.190682530403137207e-01
4.156322479248046875e-01
5.228185653686523438e-01
4.818589985370635986e-01
3.717122077941894531e-01
3.565598726272583008e-01
3.360525369644165039e-01
4.127293825149536133e-01
4.181987345218658447e-01
4.672494530677795410e-01
5.436180830001831055e-01
3.357030153274536133e-01
4.566124081611633301e-01
2.554767727851867676e-01
4.776394069194793701e-01
3.738525509834289551e-01
4.143515527248382568e-01
4.510623514652252197e-01
3.883478641510009766e-01
3.509232401847839355e-01
5.428388714790344238e-01
2.683268785476684570e-01
3.619524240493774414e-01
3.109322190284729004e-01
4.309530854225158691e-01
3.085047006607055664e-01
3.679049909114837646e-01
4.071898460388183594e-01
3.579412102699279785e-01
3.571116626262664795e-01
2.777055203914642334e-01
3.439704477787017822e-01
2.975374460220336914e-01
4.242495894432067871e-01
2.868943810462951660e-01
4.378899931907653809e-01
4.116262793540954590e-01
4.031171202659606934e-01
4.109941720962524414e-01
4.584567546844482422e-01
4.348635077476501465e-01
3.755893111228942871e-01
4.498911499977111816e-01
4.779965281486511230e-01
4.725571274757385254e-01
4.128005802631378174e-01
4.468451142311096191e-01
3.583564162254333496e-01
