9.961766004562377930e-01
9.970693588256835938e-01
4.997427463531494141e-01
5.682863593101501465e-01
9.958591461181640625e-01
9.985280632972717285e-01
6.148992180824279785e-01
6.979869604110717773e-01
9.952147006988525391e-01
9.967195391654968262e-01
9.970041513442993164e-01
9.995087981224060059e-01
9.998688101768493652e-01
9.998848438262939453e-01
9.987072944641113281e-01
9.982758164405822754e-01
9.994968175888061523e-01
9.998260140419006348e-01
9.998820424079895020e-01
9.633339047431945801e-01
9.978017807006835938e-01
9.996408820152282715e-01
9.998307824134826660e-01
9.998425841331481934e-01
9.999104738235473633e-01
9.999142885208129883e-01
9.999451041221618652e-01
9.999305605888366699e-01
9.998201131820678711e-01
9.998764395713806152e-01
9.999051690101623535e-01
9.999387264251708984e-01
9.999043941497802734e-01
9.998878240585327148e-01
9.999240040779113770e-01
9.999216794967651367e-01
9.999253153800964355e-01
9.997556805610656738e-01
9.997519254684448242e-01
9.917011857032775879e-01
9.965087175369262695e-01
9.034386873245239258e-01
9.820621609687805176e-01
9.819990992546081543e-01
9.768184423446655273e-01
5.363263487815856934e-01
8.309113979339599609e-01
8.330787271261215210e-01
7.271963357925415039e-01
9.994281530380249023e-01
9.995672702789306641e-01
9.996327757835388184e-01
9.995466470718383789e-01
9.996784329414367676e-01
9.998657703399658203e-01
9.994198083877563477e-01
9.992846846580505371e-01
9.996761083602905273e-01
9.996346235275268555e-01
9.996956586837768555e-01
9.996877908706665039e-01
9.998529553413391113e-01
9.991571307182312012e-01
9.987758398056030273e-01
9.995236396789550781e-01
9.993416070938110352e-01
9.992035031318664551e-01
9.988182783126831055e-01
9.990102648735046387e-01
9.995849728584289551e-01
9.972817301750183105e-01
9.959724545478820801e-01
9.993517994880676270e-01
9.995683431625366211e-01
9.919096231460571289e-01
9.958381652832031250e-01
9.997994303703308105e-01
9.997279644012451172e-01
9.915661215782165527e-01
9.990233778953552246e-01
9.965397715568542480e-01
9.992257356643676758e-01
9.990112781524658203e-01
9.985107779502868652e-01
9.997184276580810547e-01
9.996648430824279785e-01
9.997217059135437012e-01
9.996180534362792969e-01
9.982433319091796875e-01
9.987879395484924316e-01
9.994023442268371582e-01
9.995259046554565430e-01
9.998248219490051270e-01
9.986743330955505371e-01
9.991398453712463379e-01
9.993196129798889160e-01
9.988163113594055176e-01
9.993196129798889160e-01
9.987419247627258301e-01
9.985403418540954590e-01
9.969680309295654297e-01
9.990984201431274414e-01
9.993457198143005371e-01
9.988417029380798340e-01
9.995470046997070312e-01
9.974690675735473633e-01
9.985963106155395508e-01
9.996277093887329102e-01
9.947099089622497559e-01
9.917223453521728516e-01
9.953335523605346680e-01
9.954081773757934570e-01
9.971299767494201660e-01
9.994966387748718262e-01
9.996052980422973633e-01
9.993994832038879395e-01
9.806067943572998047e-01
9.954476356506347656e-01
9.834794402122497559e-01
9.991962909698486328e-01
9.996068477630615234e-01
9.995253086090087891e-01
9.992141723632812500e-01
9.996262788772583008e-01
9.381172992289066315e-01
9.936887025833129883e-01
9.966804981231689453e-01
9.964413642883300781e-01
9.976537227630615234e-01
9.977186918258666992e-01
9.976310133934020996e-01
9.987303018569946289e-01
9.982451200485229492e-01
9.967832565307617188e-01
9.978626966476440430e-01
9.925816059112548828e-01
9.978921413421630859e-01
9.969217777252197266e-01
9.950175881385803223e-01
9.919975399971008301e-01
9.935131669044494629e-01
9.824862480163574219e-01
9.962485432624816895e-01
9.842500090599060059e-01
9.900234341621398926e-01
9.886482954025268555e-01
9.710399508476257324e-01
9.629116058349609375e-01
9.446224570274353027e-01
5.348458290100097656e-01
6.391642093658447266e-01
7.051088809967041016e-01
7.104246616363525391e-01
5.664358139038085938e-01
8.918946385383605957e-01
9.748054146766662598e-01
5.355839133262634277e-01
7.887218594551086426e-01
4.066433906555175781e-01
3.745175004005432129e-01
6.889486610889434814e-01
6.588797569274902344e-01
4.628943800926208496e-01
6.271684467792510986e-01
5.569549202919006348e-01
6.275672316551208496e-01
6.158729195594787598e-01
6.303019821643829346e-01
6.577469110488891602e-01
4.534649848937988281e-01
6.041419506072998047e-01
4.950281977653503418e-01
5.474497675895690918e-01
3.680104017257690430e-01
4.645112752914428711e-01
4.634246826171875000e-01
2.987529039382934570e-01
4.134654402732849121e-01
4.883058071136474609e-01
4.699931144714355469e-01
4.313060045242309570e-01
5.697747468948364258e-01
4.998603165149688721e-01
3.486992716789245605e-01
4.640610218048095703e-01
5.466126501560211182e-01
4.313098192214965820e-01
5.568240582942962646e-01
5.244850516319274902e-01
5.824504494667053223e-01
6.292954683303833008e-01
6.051293611526489258e-01
7.533902227878570557e-01
7.339198589324951172e-01
5.805845558643341064e-01
5.321301817893981934e-01
4.504018425941467285e-01
3.851830363273620605e-01
3.111804127693176270e-01
4.096155166625976562e-01
3.740726709365844727e-01
3.648175001144409180e-01
3.948457539081573486e-01
5.522358417510986328e-01
4.526213705539703369e-01
5.218639373779296875e-01
4.202933907508850098e-01
4.769767820835113525e-01
4.095413386821746826e-01
3.580718040466308594e-01
3.045806884765625000e-01
3.850781023502349854e-01
