9.961766004562377930e-01
9.970693588256835938e-01
9.985863566398620605e-01
9.985475540161132812e-01
9.996557831764221191e-01
9.997925162315368652e-01
9.964882135391235352e-01
4.419230222702026367e-01
9.826245903968811035e-01
9.955924749374389648e-01
9.964840849861502647e-01
9.995678663253784180e-01
9.998683929443359375e-01
9.988179802894592285e-01
9.984772205352783203e-01
9.994907975196838379e-01
9.994032979011535645e-01
9.998399615287780762e-01
9.998552799224853516e-01
9.998674392700195312e-01
9.998922944068908691e-01
9.987729787826538086e-01
9.983148574829101562e-01
9.998442530632019043e-01
9.999192357063293457e-01
9.999439716339111328e-01
9.998901486396789551e-01
9.998881220817565918e-01
9.999444484710693359e-01
9.998792409896850586e-01
9.998818635940551758e-01
9.999126195907592773e-01
9.999060034751892090e-01
9.999271035194396973e-01
9.999226331710815430e-01
9.999395012855529785e-01
9.999066591262817383e-01
9.994614720344543457e-01
9.997401237487792969e-01
9.882854223251342773e-01
5.686546564102172852e-01
9.863921999931335449e-01
9.792233109474182129e-01
9.996873140335083008e-01
9.800317287445068359e-01
3.212058544158935547e-01
6.781739592552185059e-01
9.901238083839416504e-01
9.958935379981994629e-01
9.993820786476135254e-01
9.998034834861755371e-01
9.998257160186767578e-01
9.987796545028686523e-01
9.990471601486206055e-01
9.996275901794433594e-01
9.996079206466674805e-01
9.996745586395263672e-01
9.996581077575683594e-01
9.998477101325988770e-01
9.994616508483886719e-01
9.991990923881530762e-01
9.997670054435729980e-01
9.995896816253662109e-01
9.993345737457275391e-01
9.996239542961120605e-01
9.998025298118591309e-01
9.996482729911804199e-01
9.995096921920776367e-01
9.983428120613098145e-01
9.994672536849975586e-01
9.883315563201904297e-01
9.945694208145141602e-01
9.984421730041503906e-01
9.972857832908630371e-01
9.978924989700317383e-01
9.982938766479492188e-01
9.527100920677185059e-01
9.974079728126525879e-01
9.991653561592102051e-01
9.950166344642639160e-01
9.998335838317871094e-01
9.994906187057495117e-01
9.994810223579406738e-01
9.998148679733276367e-01
9.994616508483886719e-01
9.997540116310119629e-01
9.997384548187255859e-01
9.994773268699645996e-01
9.997543692588806152e-01
9.996185302734375000e-01
9.996723532676696777e-01
9.995520710945129395e-01
9.998178482055664062e-01
9.997279644012451172e-01
9.998049736022949219e-01
9.993835687637329102e-01
9.985390305519104004e-01
9.998478293418884277e-01
9.973523616790771484e-01
9.990116953849792480e-01
9.987450838088989258e-01
9.992820620536804199e-01
9.991880059242248535e-01
9.997228384017944336e-01
9.995624423027038574e-01
9.994003772735595703e-01
9.972102046012878418e-01
9.947355389595031738e-01
9.970373511314392090e-01
9.960127472877502441e-01
9.992915987968444824e-01
9.997144341468811035e-01
9.991068243980407715e-01
9.960057139396667480e-01
9.988182783126831055e-01
9.910760521888732910e-01
9.991506934165954590e-01
9.990673065185546875e-01
9.995459914207458496e-01
9.996954202651977539e-01
9.989346861839294434e-01
9.907682538032531738e-01
9.280123710632324219e-01
9.074007868766784668e-01
9.546561241149902344e-01
8.672026395797729492e-01
9.942817687988281250e-01
9.956771731376647949e-01
9.982826113700866699e-01
9.909519553184509277e-01
9.878064393997192383e-01
9.735512137413024902e-01
9.947635531425476074e-01
8.876582384109497070e-01
9.971551299095153809e-01
9.229144454002380371e-01
9.731577038764953613e-01
9.613533020019531250e-01
9.786499738693237305e-01
9.642783403396606445e-01
9.058542251586914062e-01
9.072983264923095703e-01
8.334732651710510254e-01
9.487299323081970215e-01
6.906518936157226562e-01
8.994904756546020508e-01
4.441985487937927246e-01
7.720775604248046875e-01
7.702882289886474609e-01
6.219782233238220215e-01
4.104419350624084473e-01
6.425918340682983398e-01
7.331088185310363770e-01
3.887511491775512695e-01
7.567587196826934814e-01
6.448656320571899414e-01
2.918075323104858398e-01
4.244273602962493896e-01
7.957144379615783691e-01
5.376886129379272461e-01
6.719291806221008301e-01
7.990888357162475586e-01
8.432117104530334473e-01
4.739109277725219727e-01
7.395229935646057129e-01
6.322913169860839844e-01
4.388455152511596680e-01
4.864201545715332031e-01
5.712797045707702637e-01
4.233436584472656250e-01
5.352014303207397461e-01
6.572173237800598145e-01
4.956481456756591797e-01
7.992129325866699219e-01
9.367998242378234863e-01
6.456315517425537109e-01
7.212294638156890869e-01
4.773606359958648682e-01
8.313776850700378418e-01
6.520003974437713623e-01
6.921378374099731445e-01
6.955163776874542236e-01
7.827896475791931152e-01
8.219501972198486328e-01
7.868988364934921265e-01
7.930095195770263672e-01
4.616953730583190918e-01
5.473636984825134277e-01
4.177389740943908691e-01
6.518285870552062988e-01
5.769814848899841309e-01
7.579370737075805664e-01
7.062152624130249023e-01
6.326220631599426270e-01
5.540695786476135254e-01
5.684877038002014160e-01
5.652946233749389648e-01
5.672708153724670410e-01
6.909440159797668457e-01
6.641629934310913086e-01
5.309404134750366211e-01
5.361379384994506836e-01
5.052363276481628418e-01
5.080018043518066406e-01
6.782998442649841309e-01
5.693847537040710449e-01
5.546694993972778320e-01
5.043736696243286133e-01
4.778591394424438477e-01
5.558453202247619629e-01
5.500902533531188965e-01
5.099413394927978516e-01
4.718928635120391846e-01
4.672489762306213379e-01
3.463324904441833496e-01
4.701707661151885986e-01
3.793698251247406006e-01
2.704141139984130859e-01
4.061471223831176758e-01
4.617312550544738770e-01
4.293962717056274414e-01
4.413372278213500977e-01
3.997903764247894287e-01
4.347180724143981934e-01
4.087850451469421387e-01
3.380548954010009766e-01
3.602936267852783203e-01
