9.961766004562377930e-01
9.970693588256835938e-01
9.985863566398620605e-01
6.561009287834167480e-01
9.846214652061462402e-01
9.987663626670837402e-01
4.852566719055175781e-01
7.445484995841979980e-01
9.955805540084838867e-01
9.956941008567810059e-01
9.976858496665954590e-01
9.995087981224060059e-01
9.998688101768493652e-01
9.988949298858642578e-01
9.980537891387939453e-01
9.995019435882568359e-01
9.994032979011535645e-01
9.998383522033691406e-01
9.998545050621032715e-01
9.998666644096374512e-01
9.998934268951416016e-01
9.988467693328857422e-01
9.996949434280395508e-01
9.998439550399780273e-01
9.999200105667114258e-01
9.999439716339111328e-01
9.999244213104248047e-01
9.991375207901000977e-01
9.998873472213745117e-01
9.999049305915832520e-01
9.999081492424011230e-01
9.999170303344726562e-01
9.999347329139709473e-01
9.999031424522399902e-01
9.998953342437744141e-01
9.999220967292785645e-01
9.999186992645263672e-01
9.997808337211608887e-01
9.881086349487304688e-01
9.902339577674865723e-01
9.991150498390197754e-01
9.996076822280883789e-01
9.932143092155456543e-01
5.726668238639831543e-01
9.821324348449707031e-01
9.992865324020385742e-01
7.286126613616943359e-01
9.921598434448242188e-01
7.341176569461822510e-01
9.976029396057128906e-01
9.989448785781860352e-01
9.993947744369506836e-01
9.995752573013305664e-01
9.994371533393859863e-01
9.996445178985595703e-01
9.998565316200256348e-01
9.993620514869689941e-01
9.992169737815856934e-01
9.996587634086608887e-01
9.996359348297119141e-01
9.996996521949768066e-01
9.996822476387023926e-01
9.997933506965637207e-01
9.991801381111145020e-01
9.986944198608398438e-01
9.995494484901428223e-01
9.993543624877929688e-01
9.992765188217163086e-01
9.988493323326110840e-01
9.990627169609069824e-01
9.995941519737243652e-01
9.977785944938659668e-01
9.990102648735046387e-01
9.996024370193481445e-01
9.989890456199645996e-01
9.966826438903808594e-01
9.982928633689880371e-01
9.998049736022949219e-01
9.998417496681213379e-01
9.992668032646179199e-01
9.997484683990478516e-01
9.993044734001159668e-01
9.995088577270507812e-01
9.997166991233825684e-01
9.991061687469482422e-01
9.997540712356567383e-01
9.998107552528381348e-01
9.997376203536987305e-01
9.996595978736877441e-01
9.997842907905578613e-01
9.996514916419982910e-01
9.994029998779296875e-01
9.998227357864379883e-01
9.990590810775756836e-01
9.997957944869995117e-01
9.989307522773742676e-01
9.994980096817016602e-01
9.995428919792175293e-01
9.991102814674377441e-01
9.993548393249511719e-01
9.987026453018188477e-01
9.983446598052978516e-01
9.995781183242797852e-01
9.997739791870117188e-01
9.989564418792724609e-01
9.867721199989318848e-01
9.619811773300170898e-01
9.980258345603942871e-01
9.985190033912658691e-01
9.974048137664794922e-01
9.997609257698059082e-01
9.986759424209594727e-01
9.960367083549499512e-01
9.982289671897888184e-01
9.983813762664794922e-01
9.980764389038085938e-01
9.992427229881286621e-01
9.992946982383728027e-01
9.987909793853759766e-01
9.954144954681396484e-01
9.993695616722106934e-01
9.982972145080566406e-01
9.115004539489746094e-01
9.445978403091430664e-01
9.977495074272155762e-01
9.676276445388793945e-01
9.242575168609619141e-01
9.625946283340454102e-01
9.841361045837402344e-01
9.917833805084228516e-01
9.977567791938781738e-01
8.992277979850769043e-01
9.798625111579895020e-01
9.882428050041198730e-01
8.760448694229125977e-01
9.694937467575073242e-01
9.806326031684875488e-01
9.878901839256286621e-01
9.783080220222473145e-01
9.946938157081604004e-01
9.957042932510375977e-01
9.967567920684814453e-01
9.850822687149047852e-01
9.912278056144714355e-01
9.679882526397705078e-01
9.663013219833374023e-01
7.634842544794082642e-01
8.521580100059509277e-01
7.904021143913269043e-01
8.036979436874389648e-01
6.647607088088989258e-01
8.936446309089660645e-01
7.541388869285583496e-01
7.350165843963623047e-01
7.185907363891601562e-01
7.593149542808532715e-01
8.906544446945190430e-01
3.946949839591979980e-01
7.835193276405334473e-01
5.262516140937805176e-01
8.008019328117370605e-01
7.144489884376525879e-01
8.074888586997985840e-01
8.845957517623901367e-01
7.199708223342895508e-01
5.611587762832641602e-01
4.935772418975830078e-01
2.161206603050231934e-01
2.598303556442260742e-01
4.024804234504699707e-01
3.648610711097717285e-01
4.341609477996826172e-01
4.289840459823608398e-01
4.453834891319274902e-01
2.652928233146667480e-01
4.269830882549285889e-01
4.645749926567077637e-01
3.554084300994873047e-01
4.331958293914794922e-01
5.559833049774169922e-01
4.477662444114685059e-01
4.510856270790100098e-01
3.897978067398071289e-01
5.137152373790740967e-01
5.149545669555664062e-01
5.910488367080688477e-01
3.252398371696472168e-01
4.978635907173156738e-01
3.510686755180358887e-01
4.900619983673095703e-01
3.564473390579223633e-01
3.539794683456420898e-01
4.598470926284790039e-01
4.854469895362854004e-01
2.931945919990539551e-01
3.665047883987426758e-01
3.435521125793457031e-01
3.520575761795043945e-01
3.784152865409851074e-01
3.686353564262390137e-01
4.119830727577209473e-01
3.954982161521911621e-01
4.510350227355957031e-01
4.036476910114288330e-01
3.942624330520629883e-01
2.891164124011993408e-01
3.324459791183471680e-01
4.252637624740600586e-01
4.217844009399414062e-01
4.528544545173645020e-01
4.579888880252838135e-01
5.778003334999084473e-01
5.007870197296142578e-01
5.996495485305786133e-01
3.954471349716186523e-01
