9.961766004562377930e-01
9.970693588256835938e-01
4.997427463531494141e-01
5.682862997055053711e-01
9.958591461181640625e-01
9.985280632972717285e-01
6.148992180824279785e-01
6.979869604110717773e-01
9.952147006988525391e-01
9.967195391654968262e-01
9.970041513442993164e-01
9.995087981224060059e-01
9.998688101768493652e-01
9.998848438262939453e-01
9.987072944641113281e-01
9.982758164405822754e-01
9.994968175888061523e-01
9.998260140419006348e-01
9.998820424079895020e-01
9.633339047431945801e-01
9.978017807006835938e-01
9.996408820152282715e-01
9.998307824134826660e-01
9.998425841331481934e-01
9.999104738235473633e-01
9.999142885208129883e-01
9.999451041221618652e-01
9.999305605888366699e-01
9.998201131820678711e-01
9.998764395713806152e-01
9.999051690101623535e-01
9.999387264251708984e-01
9.999043941497802734e-01
9.998878240585327148e-01
9.999240040779113770e-01
9.999216794967651367e-01
9.999253153800964355e-01
9.997556805610656738e-01
9.997519254684448242e-01
9.917011857032775879e-01
9.963644146919250488e-01
9.930533170700073242e-01
2.807170152664184570e-01
9.830486178398132324e-01
9.921875000000000000e-01
5.537544488906860352e-01
8.138244152069091797e-01
9.969673156738281250e-01
7.953822016716003418e-01
9.964694976806640625e-01
9.994271397590637207e-01
9.994265437126159668e-01
9.994739890098571777e-01
9.996374249458312988e-01
9.998443722724914551e-01
9.994349479675292969e-01
9.991969466209411621e-01
9.996558427810668945e-01
9.996306896209716797e-01
9.997013211250305176e-01
9.996830224990844727e-01
9.997954368591308594e-01
9.996100664138793945e-01
9.981041550636291504e-01
9.996413588523864746e-01
9.976934790611267090e-01
9.996345639228820801e-01
9.990471601486206055e-01
9.997652769088745117e-01
9.996197819709777832e-01
9.991440773010253906e-01
9.972055554389953613e-01
9.992508292198181152e-01
9.997681975364685059e-01
9.984731078147888184e-01
9.962701797485351562e-01
9.997524023056030273e-01
9.998257160186767578e-01
9.995082020759582520e-01
8.143179416656494141e-01
5.676691532135009766e-01
9.983223676681518555e-01
9.995154738426208496e-01
9.992772936820983887e-01
9.998078942298889160e-01
9.997525811195373535e-01
9.998242259025573730e-01
9.995405673980712891e-01
9.988153576850891113e-01
9.997869133949279785e-01
9.997640848159790039e-01
9.998590350151062012e-01
9.998434782028198242e-01
9.997065663337707520e-01
9.990610480308532715e-01
9.995337128639221191e-01
9.995614886283874512e-01
9.994971752166748047e-01
9.997564554214477539e-01
9.988940954208374023e-01
9.986695647239685059e-01
9.994698762893676758e-01
9.996727108955383301e-01
9.994974732398986816e-01
9.995729327201843262e-01
9.993659257888793945e-01
9.995351433753967285e-01
9.995649456977844238e-01
9.995019435882568359e-01
9.911003708839416504e-01
9.943631887435913086e-01
9.979386925697326660e-01
9.988705515861511230e-01
9.992887973785400391e-01
9.998261332511901855e-01
9.994245767593383789e-01
9.982411861419677734e-01
9.959269762039184570e-01
9.874925017356872559e-01
9.995988011360168457e-01
9.996572732925415039e-01
9.969681501388549805e-01
9.987042546272277832e-01
9.555876255035400391e-01
9.665908217430114746e-01
9.914008975028991699e-01
9.988617300987243652e-01
9.558257460594177246e-01
9.646535515785217285e-01
8.195995092391967773e-01
9.830685853958129883e-01
8.771938681602478027e-01
6.217997670173645020e-01
9.746272563934326172e-01
9.963552951812744141e-01
9.679693579673767090e-01
9.942303299903869629e-01
9.987666606903076172e-01
9.866181612014770508e-01
9.970200061798095703e-01
9.823749661445617676e-01
9.929028153419494629e-01
9.902772903442382812e-01
9.836926460266113281e-01
9.845193028450012207e-01
9.460788965225219727e-01
9.265518784523010254e-01
8.650858998298645020e-01
8.961798548698425293e-01
6.271338462829589844e-01
3.825075030326843262e-01
7.786178588867187500e-01
8.855277895927429199e-01
9.289041161537170410e-01
8.457554578781127930e-01
8.285737037658691406e-01
6.325691640377044678e-01
5.745563805103302002e-01
5.502985119819641113e-01
6.052510142326354980e-01
4.875299334526062012e-01
6.378884315490722656e-01
3.853947520256042480e-01
6.278980076313018799e-01
4.570861458778381348e-01
5.192954242229461670e-01
5.487126708030700684e-01
5.765701532363891602e-01
6.267247200012207031e-01
3.178805708885192871e-01
6.386649608612060547e-01
6.082780361175537109e-01
2.885978817939758301e-01
5.885350704193115234e-01
5.569074153900146484e-01
1.822655946016311646e-01
3.556573092937469482e-01
4.421316385269165039e-01
5.416733026504516602e-01
5.532067418098449707e-01
6.833148598670959473e-01
5.714550018310546875e-01
7.489356398582458496e-01
4.290296435356140137e-01
4.665302634239196777e-01
4.543798863887786865e-01
4.807115793228149414e-01
5.122075080871582031e-01
6.787624955177307129e-01
5.654383301734924316e-01
4.550246000289916992e-01
3.638994097709655762e-01
4.661040902137756348e-01
6.149701476097106934e-01
5.674662590026855469e-01
7.229590415954589844e-01
7.122482061386108398e-01
6.327064633369445801e-01
6.765076518058776855e-01
6.153126955032348633e-01
5.482252240180969238e-01
6.012279391288757324e-01
4.611977934837341309e-01
4.839059710502624512e-01
5.770219564437866211e-01
6.334810853004455566e-01
6.050913333892822266e-01
6.551659107208251953e-01
6.053112745285034180e-01
5.852331519126892090e-01
6.147706508636474609e-01
4.659329056739807129e-01
4.322393536567687988e-01
4.160662591457366943e-01
4.794634580612182617e-01
3.704648911952972412e-01
5.091905593872070312e-01
5.446034371852874756e-01
5.455070137977600098e-01
5.180928707122802734e-01
5.383500456809997559e-01
6.699798703193664551e-01
4.679064750671386719e-01
3.910735845565795898e-01
4.752622842788696289e-01
4.202728271484375000e-01
