9.961766004562377930e-01
9.970693588256835938e-01
9.985863566398620605e-01
6.561009287834167480e-01
9.846214652061462402e-01
9.987663626670837402e-01
4.852566719055175781e-01
7.445484995841979980e-01
9.955805540084838867e-01
9.956941008567810059e-01
9.976858496665954590e-01
9.995087981224060059e-01
9.998688101768493652e-01
9.998847842216491699e-01
9.987072944641113281e-01
9.982871413230895996e-01
9.994984865188598633e-01
9.998257160186767578e-01
9.998814463615417480e-01
9.585264921188354492e-01
9.979286193847656250e-01
9.996428489685058594e-01
9.998295903205871582e-01
9.998399615287780762e-01
9.999109506607055664e-01
9.999142289161682129e-01
9.999448657035827637e-01
9.999305605888366699e-01
9.998197555541992188e-01
9.998757839202880859e-01
9.999055266380310059e-01
9.999178051948547363e-01
9.999440312385559082e-01
9.999418854713439941e-01
9.999035596847534180e-01
9.998966455459594727e-01
9.999222755432128906e-01
9.997323155403137207e-01
8.683731555938720703e-01
9.898205399513244629e-01
9.990102052688598633e-01
9.996576309204101562e-01
9.930981993675231934e-01
9.327992796897888184e-01
9.825701117515563965e-01
5.150876343250274658e-01
7.819321751594543457e-01
9.967527389526367188e-01
7.274658679962158203e-01
9.976961016654968262e-01
9.990330338478088379e-01
9.994278550148010254e-01
9.994816780090332031e-01
9.996405839920043945e-01
9.996462464332580566e-01
9.998579025268554688e-01
9.993709325790405273e-01
9.991784691810607910e-01
9.996666908264160156e-01
9.996349811553955078e-01
9.997040629386901855e-01
9.996725320816040039e-01
9.997928142547607422e-01
9.991954565048217773e-01
9.987455606460571289e-01
9.995436668395996094e-01
9.993625879287719727e-01
9.992977380752563477e-01
9.988936185836791992e-01
9.993485808372497559e-01
9.997483491897583008e-01
9.981660246849060059e-01
9.992521405220031738e-01
9.996891021728515625e-01
9.988797307014465332e-01
9.989631175994873047e-01
9.994598627090454102e-01
9.998174905776977539e-01
9.997990727424621582e-01
7.937220931053161621e-01
9.831168055534362793e-01
9.992145299911499023e-01
9.990920424461364746e-01
9.989883303642272949e-01
9.992656111717224121e-01
9.994759559631347656e-01
9.997632503509521484e-01
9.996491074562072754e-01
9.996329545974731445e-01
9.998261928558349609e-01
9.997944235801696777e-01
9.998391866683959961e-01
9.998331069946289062e-01
9.994056224822998047e-01
9.994793534278869629e-01
9.994767308235168457e-01
9.995220303535461426e-01
9.992794990539550781e-01
9.979124069213867188e-01
9.995441436767578125e-01
9.985021352767944336e-01
9.997014403343200684e-01
9.997946619987487793e-01
9.992018938064575195e-01
9.995933771133422852e-01
9.992809295654296875e-01
9.987146854400634766e-01
9.994833469390869141e-01
9.990177154541015625e-01
9.977012872695922852e-01
9.852961301803588867e-01
9.714400172233581543e-01
9.816620945930480957e-01
9.986131191253662109e-01
9.988493323326110840e-01
9.997274279594421387e-01
9.990039467811584473e-01
9.939691424369812012e-01
9.984004497528076172e-01
9.995645880699157715e-01
9.996079206466674805e-01
9.996574521064758301e-01
9.925886392593383789e-01
9.992439746856689453e-01
9.947504997253417969e-01
5.971560180187225342e-01
9.492911696434020996e-01
9.537801742553710938e-01
9.845107793807983398e-01
9.989049434661865234e-01
9.924218058586120605e-01
9.992232322692871094e-01
9.955528974533081055e-01
9.965116977691650391e-01
9.648702144622802734e-01
9.951044321060180664e-01
9.768074750900268555e-01
9.937300086021423340e-01
9.964532256126403809e-01
9.848548173904418945e-01
9.911086559295654297e-01
9.887448549270629883e-01
9.954333305358886719e-01
9.878674149513244629e-01
9.850748181343078613e-01
6.027542352676391602e-01
9.686424732208251953e-01
4.138738512992858887e-01
7.076746225357055664e-01
6.085425019264221191e-01
8.038776516914367676e-01
6.529742181301116943e-01
7.723046541213989258e-01
8.769768476486206055e-01
8.165550231933593750e-01
6.314799785614013672e-01
5.982589721679687500e-01
5.111731290817260742e-01
5.327346324920654297e-01
4.282755851745605469e-01
4.213691353797912598e-01
3.571544885635375977e-01
3.796958923339843750e-01
3.959672451019287109e-01
3.851406574249267578e-01
3.929029703140258789e-01
2.700149416923522949e-01
2.664772272109985352e-01
2.180829048156738281e-01
3.040184974670410156e-01
2.824472188949584961e-01
2.570955753326416016e-01
2.687663435935974121e-01
3.005962371826171875e-01
2.044159173965454102e-01
2.949314713478088379e-01
4.059694409370422363e-01
2.654829025268554688e-01
4.278823137283325195e-01
2.700031995773315430e-01
3.222856521606445312e-01
2.812299132347106934e-01
4.010335206985473633e-01
3.902515769004821777e-01
4.576359987258911133e-01
3.854451179504394531e-01
3.081185817718505859e-01
3.367953896522521973e-01
3.295092582702636719e-01
2.862253189086914062e-01
2.508132457733154297e-01
2.777621746063232422e-01
3.050816655158996582e-01
3.467503190040588379e-01
4.045286774635314941e-01
4.689278006553649902e-01
3.724080324172973633e-01
3.421410918235778809e-01
3.774816393852233887e-01
3.640744686126708984e-01
