9.961766004562377930e-01
9.970693588256835938e-01
4.997427463531494141e-01
5.682863593101501465e-01
9.958591461181640625e-01
9.985280632972717285e-01
9.986448287963867188e-01
9.990281462669372559e-01
9.996793270111083984e-01
9.998212456703186035e-01
9.998033642768859863e-01
9.998087286949157715e-01
9.998214244842529297e-01
9.957538843154907227e-01
9.980084300041198730e-01
9.993924498558044434e-01
9.994723200798034668e-01
9.998383522033691406e-01
9.998487234115600586e-01
9.998777508735656738e-01
9.990671277046203613e-01
9.982339143753051758e-01
9.995137453079223633e-01
9.998294711112976074e-01
9.999223351478576660e-01
9.999373555183410645e-01
9.999123215675354004e-01
9.993616938591003418e-01
9.998704195022583008e-01
9.999043345451354980e-01
9.999070167541503906e-01
9.999164938926696777e-01
9.999210238456726074e-01
9.999240040779113770e-01
9.999437928199768066e-01
9.999009966850280762e-01
9.998912215232849121e-01
9.997774362564086914e-01
9.997282624244689941e-01
9.910678863525390625e-01
9.166005849838256836e-01
9.836487770080566406e-01
9.942504763603210449e-01
9.995958209037780762e-01
9.804134368896484375e-01
3.068683743476867676e-01
6.816110014915466309e-01
8.573575019836425781e-01
9.961548447608947754e-01
9.997683167457580566e-01
9.987130761146545410e-01
9.988313317298889160e-01
9.994003176689147949e-01
9.995837807655334473e-01
9.996736645698547363e-01
9.996402263641357422e-01
9.998452067375183105e-01
9.994320273399353027e-01
9.991975426673889160e-01
9.997635483741760254e-01
9.997349381446838379e-01
9.997806549072265625e-01
9.986423254013061523e-01
9.992842674255371094e-01
9.997681975364685059e-01
9.988734722137451172e-01
9.984830617904663086e-01
9.991098046302795410e-01
9.990890622138977051e-01
9.991340041160583496e-01
9.986817240715026855e-01
9.996882677078247070e-01
9.962307214736938477e-01
9.988749623298645020e-01
9.912437200546264648e-01
9.839388728141784668e-01
9.989227056503295898e-01
9.942989945411682129e-01
9.958191514015197754e-01
9.995506405830383301e-01
9.995142221450805664e-01
9.994502663612365723e-01
9.994090199470520020e-01
9.962874650955200195e-01
9.988832473754882812e-01
9.992920756340026855e-01
9.996525049209594727e-01
9.995880722999572754e-01
9.995984435081481934e-01
9.997754096984863281e-01
9.997496604919433594e-01
9.997627139091491699e-01
9.985609054565429688e-01
9.979315996170043945e-01
9.994468688964843750e-01
9.995142221450805664e-01
9.992379546165466309e-01
9.993633627891540527e-01
9.993646144866943359e-01
9.993181228637695312e-01
9.985730648040771484e-01
9.993268847465515137e-01
9.997457861900329590e-01
9.995555281639099121e-01
9.997195005416870117e-01
9.995185732841491699e-01
9.964420795440673828e-01
9.935404062271118164e-01
9.985862374305725098e-01
9.994263648986816406e-01
9.990950822830200195e-01
9.903894066810607910e-01
9.987656474113464355e-01
9.991869926452636719e-01
9.989717602729797363e-01
9.994273185729980469e-01
9.992808103561401367e-01
9.992027282714843750e-01
9.896923303604125977e-01
9.996322393417358398e-01
9.992138743400573730e-01
9.987796545028686523e-01
9.384862184524536133e-01
9.852023124694824219e-01
9.982724785804748535e-01
9.987224340438842773e-01
9.968207478523254395e-01
9.956352710723876953e-01
9.617601633071899414e-01
9.465088248252868652e-01
9.100214242935180664e-01
9.964264631271362305e-01
9.990102052688598633e-01
4.570001363754272461e-01
9.749210476875305176e-01
9.886323213577270508e-01
9.891673922538757324e-01
9.874894022941589355e-01
9.955081343650817871e-01
9.862368702888488770e-01
9.917102456092834473e-01
9.888095855712890625e-01
9.915110468864440918e-01
9.862322807312011719e-01
9.382811784744262695e-01
5.772613883018493652e-01
8.607505708932876587e-01
7.690657973289489746e-01
9.266985058784484863e-01
5.531093776226043701e-01
6.243928968906402588e-01
8.970231413841247559e-01
8.602915257215499878e-01
7.148444652557373047e-01
7.395187020301818848e-01
8.872307538986206055e-01
7.987981289625167847e-01
6.574853062629699707e-01
5.631600022315979004e-01
7.673030495643615723e-01
6.812245845794677734e-01
6.264021396636962891e-01
7.555099129676818848e-01
6.600364446640014648e-01
5.697962343692779541e-01
2.923664450645446777e-01
5.408909320831298828e-01
3.530938327312469482e-01
4.223314523696899414e-01
5.065816342830657959e-01
5.020799040794372559e-01
3.441237211227416992e-01
5.704717636108398438e-01
4.350323677062988281e-01
2.630107402801513672e-01
4.888734221458435059e-01
5.659157633781433105e-01
4.564036130905151367e-01
6.199525594711303711e-01
5.195947289466857910e-01
4.957032799720764160e-01
4.816761016845703125e-01
6.738256812095642090e-01
4.891585111618041992e-01
6.491465568542480469e-01
3.932060599327087402e-01
5.779213905334472656e-01
5.180185437202453613e-01
4.122714400291442871e-01
4.663888514041900635e-01
6.359199285507202148e-01
4.972973465919494629e-01
6.268324851989746094e-01
4.562212228775024414e-01
4.007271528244018555e-01
4.207003712654113770e-01
5.684215426445007324e-01
5.897905230522155762e-01
6.888136267662048340e-01
5.221209526062011719e-01
6.259031891822814941e-01
5.544038414955139160e-01
4.723468422889709473e-01
5.979844331741333008e-01
4.408072829246520996e-01
3.851038217544555664e-01
4.448035657405853271e-01
4.849761128425598145e-01
4.640948176383972168e-01
4.918581843376159668e-01
3.934755027294158936e-01
4.327312707901000977e-01
4.275030493736267090e-01
4.167245030403137207e-01
4.932739734649658203e-01
5.100311040878295898e-01
4.311978816986083984e-01
4.305858016014099121e-01
4.212743639945983887e-01
5.120050311088562012e-01
3.438994884490966797e-01
4.338055849075317383e-01
3.541040420532226562e-01
3.736398220062255859e-01
4.121108651161193848e-01
3.914887607097625732e-01
3.903387486934661865e-01
5.434307456016540527e-01
4.610519409179687500e-01
5.520429313182830811e-01
5.207029581069946289e-01
