9.961766004562377930e-01
9.970693588256835938e-01
9.985863566398620605e-01
9.985475540161132812e-01
9.996557831764221191e-01
9.997925162315368652e-01
9.997665286064147949e-01
9.977559447288513184e-01
9.994528889656066895e-01
9.998061656951904297e-01
9.997804760932922363e-01
9.991544485092163086e-01
9.998142123222351074e-01
9.985582828521728516e-01
9.981738924980163574e-01
9.995446801185607910e-01
9.994136691093444824e-01
9.998365640640258789e-01
9.998649358749389648e-01
9.998674392700195312e-01
9.998931884765625000e-01
9.998803734779357910e-01
9.988584518432617188e-01
9.996910691261291504e-01
9.999221563339233398e-01
9.999417066574096680e-01
9.999079704284667969e-01
9.998803734779357910e-01
9.999184012413024902e-01
9.999430179595947266e-01
9.999424815177917480e-01
9.999429583549499512e-01
9.998856782913208008e-01
9.998840093612670898e-01
9.999212622642517090e-01
9.999113082885742188e-01
9.999416470527648926e-01
9.998827576637268066e-01
9.958278536796569824e-01
9.789351820945739746e-01
4.404950737953186035e-01
9.473618268966674805e-01
9.922629594802856445e-01
9.946194887161254883e-01
7.235624194145202637e-01
9.800199270248413086e-01
9.972817301750183105e-01
7.376686334609985352e-01
9.819495677947998047e-01
9.993728399276733398e-01
9.994049668312072754e-01
9.997892379760742188e-01
9.998453855514526367e-01
9.992514252662658691e-01
9.992251992225646973e-01
9.996329545974731445e-01
9.995933771133422852e-01
9.996818900108337402e-01
9.996623396873474121e-01
9.998477101325988770e-01
9.994639754295349121e-01
9.991995692253112793e-01
9.996531605720520020e-01
9.995854496955871582e-01
9.991031289100646973e-01
9.997357726097106934e-01
9.998216032981872559e-01
9.994540810585021973e-01
9.984602332115173340e-01
9.980700016021728516e-01
9.982565641403198242e-01
9.989593625068664551e-01
9.990662932395935059e-01
9.895098907873034477e-01
9.908635020256042480e-01
9.998140335083007812e-01
9.996640682220458984e-01
9.827235341072082520e-01
9.985176920890808105e-01
9.978608489036560059e-01
9.987124800682067871e-01
9.997439980506896973e-01
9.996163845062255859e-01
9.996835589408874512e-01
9.997461438179016113e-01
9.997279644012451172e-01
9.997305870056152344e-01
9.996026754379272461e-01
9.996150732040405273e-01
9.996864795684814453e-01
9.997121095657348633e-01
9.996726512908935547e-01
9.991018176078796387e-01
9.996640682220458984e-01
9.992790818214416504e-01
9.996522068977355957e-01
9.991222620010375977e-01
9.996203184127807617e-01
9.989045858383178711e-01
9.987311959266662598e-01
9.995701313018798828e-01
9.995336532592773438e-01
9.708551168441772461e-01
9.797188043594360352e-01
9.988775849342346191e-01
9.983098506927490234e-01
9.984602332115173340e-01
9.991105794906616211e-01
9.961782097816467285e-01
9.971690177917480469e-01
9.983090758323669434e-01
9.995021224021911621e-01
9.996196031570434570e-01
9.970335364341735840e-01
9.990915060043334961e-01
9.987925291061401367e-01
9.959939122200012207e-01
9.995123147964477539e-01
9.991332292556762695e-01
9.991676211357116699e-01
9.981761574745178223e-01
9.938272833824157715e-01
9.886907339096069336e-01
9.941530227661132812e-01
9.884341359138488770e-01
9.896770119667053223e-01
9.881035685539245605e-01
9.975833296775817871e-01
9.894903302192687988e-01
9.935380220413208008e-01
9.835439324378967285e-01
9.953001141548156738e-01
9.324925541877746582e-01
9.663789272308349609e-01
7.590799927711486816e-01
9.083514809608459473e-01
8.522278070449829102e-01
8.728593587875366211e-01
8.855087757110595703e-01
8.273267745971679688e-01
8.815678954124450684e-01
9.566995501518249512e-01
9.057242870330810547e-01
8.646283149719238281e-01
7.331927418708801270e-01
9.123910069465637207e-01
7.123226523399353027e-01
7.446982264518737793e-01
4.677041769027709961e-01
2.860699295997619629e-01
6.240360736846923828e-01
5.974415540695190430e-01
5.204663872718811035e-01
4.555056393146514893e-01
2.887246906757354736e-01
5.377542376518249512e-01
3.289750218391418457e-01
6.113905310630798340e-01
5.262991189956665039e-01
2.936645746231079102e-01
4.580000042915344238e-01
2.674825191497802734e-01
4.739222824573516846e-01
3.393266201019287109e-01
3.314195275306701660e-01
3.068932294845581055e-01
4.034186005592346191e-01
2.670367360115051270e-01
3.471490740776062012e-01
3.903342485427856445e-01
4.318031072616577148e-01
3.059799671173095703e-01
3.620499968528747559e-01
3.966902196407318115e-01
2.701845765113830566e-01
3.692347407341003418e-01
2.410356849431991577e-01
3.001199066638946533e-01
2.995472550392150879e-01
3.386958241462707520e-01
2.178288698196411133e-01
3.178703486919403076e-01
2.281268239021301270e-01
3.313543796539306641e-01
2.253140211105346680e-01
2.517173290252685547e-01
2.041373252868652344e-01
3.253665566444396973e-01
3.127326369285583496e-01
3.309103846549987793e-01
3.491226136684417725e-01
3.747739195823669434e-01
2.968636155128479004e-01
4.447985887527465820e-01
3.845620751380920410e-01
4.357397556304931641e-01
4.497894048690795898e-01
4.550156593322753906e-01
4.464635848999023438e-01
5.490400493144989014e-01
4.491297602653503418e-01
4.553724229335784912e-01
3.961263895034790039e-01
