9.961766004562377930e-01
9.970693588256835938e-01
4.997427463531494141e-01
5.682862997055053711e-01
9.958591461181640625e-01
9.985280632972717285e-01
6.148990988731384277e-01
6.979869604110717773e-01
9.952147006988525391e-01
9.967195391654968262e-01
9.970041513442993164e-01
9.995087981224060059e-01
9.998688101768493652e-01
9.998848438262939453e-01
9.987072944641113281e-01
9.982758164405822754e-01
9.994968175888061523e-01
9.998260140419006348e-01
9.998820424079895020e-01
9.633339047431945801e-01
9.978017807006835938e-01
9.996408820152282715e-01
9.998307824134826660e-01
9.998425841331481934e-01
9.999104738235473633e-01
9.999142885208129883e-01
9.999451041221618652e-01
9.999305605888366699e-01
9.998201131820678711e-01
9.998764395713806152e-01
9.999051690101623535e-01
9.999387264251708984e-01
9.999043941497802734e-01
9.998878240585327148e-01
9.999240040779113770e-01
9.999216794967651367e-01
9.999253153800964355e-01
9.997556805610656738e-01
9.997519254684448242e-01
9.917011857032775879e-01
9.965087175369262695e-01
9.997951388359069824e-01
7.472490072250366211e-01
9.629331231117248535e-01
3.711381256580352783e-01
6.213135719299316406e-01
9.030477404594421387e-01
7.723606824874877930e-01
7.141925692558288574e-01
9.990369081497192383e-01
9.995267391204833984e-01
9.994814991950988770e-01
9.996410608291625977e-01
9.996298551559448242e-01
9.998565912246704102e-01
9.993342161178588867e-01
9.991918206214904785e-01
9.996485710144042969e-01
9.996269941329956055e-01
9.996982812881469727e-01
9.996771812438964844e-01
9.998511672019958496e-01
9.991439580917358398e-01
9.987543225288391113e-01
9.995170831680297852e-01
9.994741678237915039e-01
9.994854927062988281e-01
9.994508028030395508e-01
9.994024634361267090e-01
9.997510910034179688e-01
9.976379871368408203e-01
9.983838796615600586e-01
9.993204474449157715e-01
9.994550347328186035e-01
9.992735385894775391e-01
9.848852157592773438e-01
9.986494183540344238e-01
9.674883484840393066e-01
9.977528452873229980e-01
9.985618591308593750e-01
9.993494749069213867e-01
9.991670846939086914e-01
9.991973638534545898e-01
9.972705841064453125e-01
9.998608827590942383e-01
9.996371269226074219e-01
9.998082518577575684e-01
9.997462034225463867e-01
9.997095465660095215e-01
9.990475773811340332e-01
9.996856451034545898e-01
9.996349215507507324e-01
9.996814131736755371e-01
9.995257854461669922e-01
9.985840320587158203e-01
9.996633529663085938e-01
9.991875886917114258e-01
9.997974038124084473e-01
9.993758797645568848e-01
9.997719526290893555e-01
9.989483356475830078e-01
9.964303374290466309e-01
9.995550513267517090e-01
9.994159340858459473e-01
9.993720054626464844e-01
9.991893172264099121e-01
9.859527349472045898e-01
9.529433250427246094e-01
9.808518886566162109e-01
9.971727132797241211e-01
9.923411607742309570e-01
9.997270703315734863e-01
9.972342252731323242e-01
9.986066222190856934e-01
9.973368048667907715e-01
9.985915422439575195e-01
9.981244802474975586e-01
9.993290901184082031e-01
9.993567466735839844e-01
9.996187686920166016e-01
9.982062578201293945e-01
9.995545744895935059e-01
9.975673556327819824e-01
9.208735823631286621e-01
9.944991469383239746e-01
1.753963232040405273e-01
9.294138029217720032e-01
9.618714451789855957e-01
7.094347476959228516e-01
9.831223487854003906e-01
5.722745656967163086e-01
9.591684937477111816e-01
9.713052511215209961e-01
9.670970439910888672e-01
9.858869435265660286e-01
9.531329870223999023e-01
9.242680072784423828e-01
8.641080856323242188e-01
9.067668914794921875e-01
6.219128966331481934e-01
8.218077421188354492e-01
8.710195422172546387e-01
8.978536725044250488e-01
8.507788181304931641e-01
8.137898445129394531e-01
6.269910931587219238e-01
7.466739416122436523e-01
8.736643791198730469e-01
5.907360911369323730e-01
5.075363814830780029e-01
6.047587990760803223e-01
4.274033308029174805e-01
4.519310295581817627e-01
4.780778288841247559e-01
5.466195046901702881e-01
2.419688105583190918e-01
3.223857283592224121e-01
5.653379261493682861e-01
1.908087730407714844e-01
5.282787084579467773e-01
3.058283925056457520e-01
6.420393586158752441e-01
5.577973127365112305e-01
7.961207628250122070e-01
7.735384702682495117e-01
4.190994501113891602e-01
5.422238111495971680e-01
3.654372096061706543e-01
2.199985980987548828e-01
2.964223623275756836e-01
4.663598239421844482e-01
2.509965896606445312e-01
3.335588574409484863e-01
5.199036300182342529e-01
2.649907469749450684e-01
4.000058174133300781e-01
3.557419776916503906e-01
3.812786340713500977e-01
3.226003944873809814e-01
3.397108912467956543e-01
5.582588911056518555e-01
3.930582404136657715e-01
3.885019123554229736e-01
3.843901157379150391e-01
4.313281774520874023e-01
3.161810636520385742e-01
3.734675347805023193e-01
4.251629710197448730e-01
3.019320964813232422e-01
3.831437826156616211e-01
3.235453367233276367e-01
2.467615604400634766e-01
3.957382440567016602e-01
2.868790030479431152e-01
3.402487635612487793e-01
3.424938917160034180e-01
4.471448063850402832e-01
3.764559626579284668e-01
4.331509768962860107e-01
4.381873905658721924e-01
3.822407722473144531e-01
4.416584372520446777e-01
3.971364498138427734e-01
4.107540249824523926e-01
4.059248268604278564e-01
4.057827591896057129e-01
3.478270769119262695e-01
3.644948601722717285e-01
3.335355520248413086e-01
4.221467375755310059e-01
3.990748524665832520e-01
4.037293195724487305e-01
3.988943696022033691e-01
3.168749809265136719e-01
2.821011543273925781e-01
3.382883667945861816e-01
3.857309222221374512e-01
4.419379234313964844e-01
3.991237580776214600e-01
4.902542531490325928e-01
4.732151031494140625e-01
