9.961766004562377930e-01
9.970693588256835938e-01
9.985863566398620605e-01
6.561009287834167480e-01
9.846214652061462402e-01
9.987663626670837402e-01
4.852566421031951904e-01
7.445484995841979980e-01
9.955805540084838867e-01
9.956941008567810059e-01
9.976858496665954590e-01
9.995087981224060059e-01
9.998688101768493652e-01
9.988949298858642578e-01
9.980537891387939453e-01
9.995019435882568359e-01
9.994032979011535645e-01
9.998383522033691406e-01
9.998545050621032715e-01
9.998666644096374512e-01
9.991444349288940430e-01
9.982780814170837402e-01
9.998444914817810059e-01
9.998291730880737305e-01
9.999231100082397461e-01
9.999374747276306152e-01
9.999262094497680664e-01
9.994128346443176270e-01
9.998719096183776855e-01
9.999049305915832520e-01
9.999081492424011230e-01
9.999170303344726562e-01
9.999417066574096680e-01
9.999031424522399902e-01
9.998953342437744141e-01
9.999220967292785645e-01
9.999186992645263672e-01
9.997808337211608887e-01
9.997560381889343262e-01
9.997566938400268555e-01
9.971131086349487305e-01
9.785149693489074707e-01
9.916285276412963867e-01
4.989009201526641846e-01
9.820830225944519043e-01
9.994733333587646484e-01
9.245182871818542480e-01
3.192210793495178223e-01
6.843639612197875977e-01
9.780218005180358887e-01
9.213104248046875000e-01
9.606141448020935059e-01
9.826148152351379395e-01
9.978275895118713379e-01
9.997678995132446289e-01
9.998425841331481934e-01
9.992417097091674805e-01
9.992375969886779785e-01
9.996349811553955078e-01
9.996162056922912598e-01
9.996813535690307617e-01
9.996628761291503906e-01
9.997020959854125977e-01
9.995771050453186035e-01
9.979519844055175781e-01
9.997201561927795410e-01
9.993894696235656738e-01
9.979945421218872070e-01
9.997230172157287598e-01
9.996535181999206543e-01
9.995253086090087891e-01
9.994907975196838379e-01
9.988519549369812012e-01
9.995405673980712891e-01
9.990522861480712891e-01
9.981172680854797363e-01
9.977558255195617676e-01
9.797432422637939453e-01
8.235121965408325195e-01
9.908900260925292969e-01
9.942787289619445801e-01
8.412407040596008301e-01
8.814276531338691711e-01
9.843917489051818848e-01
9.974591732025146484e-01
9.991062879562377930e-01
9.991317391395568848e-01
9.995550513267517090e-01
9.995389580726623535e-01
9.996550679206848145e-01
9.997045397758483887e-01
9.995792508125305176e-01
9.996986389160156250e-01
9.994747042655944824e-01
9.990704059600830078e-01
9.997347593307495117e-01
9.993707537651062012e-01
9.996592998504638672e-01
9.994945526123046875e-01
9.994812011718750000e-01
9.995836019515991211e-01
9.992340803146362305e-01
9.986244440078735352e-01
9.994112253189086914e-01
9.994149804115295410e-01
9.986147284507751465e-01
9.970672130584716797e-01
9.984643459320068359e-01
5.738808512687683105e-01
9.937176704406738281e-01
9.988847970962524414e-01
9.971766471862792969e-01
9.983405470848083496e-01
9.945261478424072266e-01
9.981644153594970703e-01
9.985389709472656250e-01
9.983057975769042969e-01
9.761778712272644043e-01
9.295958280563354492e-01
9.934674501419067383e-01
9.807341098785400391e-01
9.892284274101257324e-01
9.988182783126831055e-01
9.947549104690551758e-01
9.969593882560729980e-01
9.455417394638061523e-01
7.064657211303710938e-01
5.972452759742736816e-01
9.023219347000122070e-01
7.838844656944274902e-01
8.734403848648071289e-01
9.485105872154235840e-01
9.621698260307312012e-01
9.404703974723815918e-01
8.740074634552001953e-01
9.410871863365173340e-01
8.304960727691650391e-01
9.192110300064086914e-01
8.500260114669799805e-01
9.743122458457946777e-01
8.977062106132507324e-01
8.400499373674392700e-01
7.723331898450851440e-01
8.485571742057800293e-01
7.377073764801025391e-01
8.525719642639160156e-01
9.025064706802368164e-01
8.982914090156555176e-01
8.865308165550231934e-01
8.761733770370483398e-01
4.414518475532531738e-01
4.059115052223205566e-01
4.518298208713531494e-01
4.918596148490905762e-01
3.757720291614532471e-01
5.428168773651123047e-01
6.261746287345886230e-01
4.031185209751129150e-01
5.647047162055969238e-01
5.773248076438903809e-01
4.459301829338073730e-01
6.658459305763244629e-01
4.449122548103332520e-01
3.013331294059753418e-01
3.157538175582885742e-01
3.979514837265014648e-01
4.430186748504638672e-01
4.377219080924987793e-01
3.885716199874877930e-01
3.432947993278503418e-01
3.985840082168579102e-01
4.632872343063354492e-01
4.293582439422607422e-01
4.178441762924194336e-01
3.403768241405487061e-01
4.178550243377685547e-01
3.225393891334533691e-01
3.065437972545623779e-01
1.819937825202941895e-01
3.897214531898498535e-01
3.633068799972534180e-01
3.823550939559936523e-01
3.155000805854797363e-01
3.022565245628356934e-01
3.638202548027038574e-01
2.413533776998519897e-01
2.680443525314331055e-01
3.763980865478515625e-01
4.014040827751159668e-01
3.925518989562988281e-01
4.254739284515380859e-01
4.105966091156005859e-01
3.852912187576293945e-01
4.239358305931091309e-01
3.376984596252441406e-01
3.518695235252380371e-01
4.861689209938049316e-01
3.087718486785888672e-01
3.584282398223876953e-01
3.887811303138732910e-01
3.854821324348449707e-01
4.748559594154357910e-01
4.306541085243225098e-01
3.642834424972534180e-01
4.101765751838684082e-01
3.902796208858489990e-01
3.239885866641998291e-01
