9.961766004562377930e-01
9.970693588256835938e-01
9.985863566398620605e-01
6.561008989810943604e-01
9.846214652061462402e-01
9.987663626670837402e-01
4.852566719055175781e-01
7.445484995841979980e-01
9.955805540084838867e-01
9.956941008567810059e-01
9.976858496665954590e-01
9.995087981224060059e-01
9.998688101768493652e-01
9.998847842216491699e-01
9.987072944641113281e-01
9.982871413230895996e-01
9.994984865188598633e-01
9.998257160186767578e-01
9.998814463615417480e-01
9.585264921188354492e-01
9.979286193847656250e-01
9.996428489685058594e-01
9.998295903205871582e-01
9.998399615287780762e-01
9.999109506607055664e-01
9.999142289161682129e-01
9.999448657035827637e-01
9.999305605888366699e-01
9.998197555541992188e-01
9.998757839202880859e-01
9.999055266380310059e-01
9.999178051948547363e-01
9.999440312385559082e-01
9.998990893363952637e-01
9.998912811279296875e-01
9.999257326126098633e-01
9.999186992645263672e-01
9.997813701629638672e-01
8.393104076385498047e-01
9.895275831222534180e-01
9.991501569747924805e-01
9.771909117698669434e-01
9.900488257408142090e-01
9.973536729812622070e-01
9.996375441551208496e-01
9.997231364250183105e-01
9.997748732566833496e-01
9.998869299888610840e-01
9.996738433837890625e-01
9.998551011085510254e-01
9.999007582664489746e-01
9.997473359107971191e-01
9.943836331367492676e-01
9.978597164154052734e-01
9.988279938697814941e-01
9.938108921051025391e-01
9.915922284126281738e-01
9.927626848220825195e-01
9.988493323326110840e-01
9.992079734802246094e-01
9.993913173675537109e-01
9.991483092308044434e-01
9.998505711555480957e-01
9.998114705085754395e-01
9.997944831848144531e-01
9.989548921585083008e-01
9.504025578498840332e-01
9.835492968559265137e-01
9.789162874221801758e-01
9.942772388458251953e-01
9.966791868209838867e-01
9.990276694297790527e-01
9.868277907371520996e-01
9.995596408843994141e-01
6.878926157951354980e-01
9.840566515922546387e-01
9.908242821693420410e-01
9.992028474807739258e-01
8.962596654891967773e-01
9.931197166442871094e-01
9.379017949104309082e-01
9.974715113639831543e-01
9.672678709030151367e-01
9.560068249702453613e-01
9.955238699913024902e-01
9.989555478096008301e-01
9.992743134498596191e-01
9.973701834678649902e-01
9.977276325225830078e-01
9.968791604042053223e-01
9.968572258949279785e-01
9.946485757827758789e-01
9.975569844245910645e-01
9.987607598304748535e-01
9.890618920326232910e-01
9.804489016532897949e-01
9.778522849082946777e-01
9.800767898559570312e-01
9.953534007072448730e-01
6.211379766464233398e-01
9.861662387847900391e-01
9.976440072059631348e-01
9.987477064132690430e-01
9.954979419708251953e-01
9.919174313545227051e-01
9.924373626708984375e-01
9.953793883323669434e-01
9.980543255805969238e-01
9.964649677276611328e-01
9.954253435134887695e-01
9.991086125373840332e-01
9.977341890335083008e-01
9.981722831726074219e-01
9.990475177764892578e-01
9.971659779548645020e-01
9.989194869995117188e-01
9.956154823303222656e-01
9.919476509094238281e-01
9.367529153823852539e-01
9.924847483634948730e-01
9.932364821434020996e-01
9.363870024681091309e-01
9.518084526062011719e-01
6.041963696479797363e-01
9.503683447837829590e-01
4.374822080135345459e-01
7.344189286231994629e-01
3.897972702980041504e-01
8.978853225708007812e-01
7.215754389762878418e-01
9.006591439247131348e-01
9.719070792198181152e-01
7.991268038749694824e-01
8.469068408012390137e-01
8.526409864425659180e-01
9.854475259780883789e-01
7.758449316024780273e-01
9.564028754830360413e-01
8.854542970657348633e-01
9.566503167152404785e-01
9.612374901771545410e-01
9.791626334190368652e-01
9.812557101249694824e-01
9.829558134078979492e-01
9.806205630302429199e-01
9.788895249366760254e-01
9.303454160690307617e-01
9.394802451133728027e-01
9.385398030281066895e-01
8.294085860252380371e-01
4.443306326866149902e-01
7.434926629066467285e-01
6.944773793220520020e-01
5.393210649490356445e-01
7.727914452552795410e-01
7.203721106052398682e-01
8.404849171638488770e-01
6.266066431999206543e-01
4.982878565788269043e-01
4.657701849937438965e-01
7.886318564414978027e-01
7.136343717575073242e-01
6.039413213729858398e-01
4.817333221435546875e-01
8.280689269304275513e-01
6.691220402717590332e-01
8.751116394996643066e-01
6.207442879676818848e-01
5.962038040161132812e-01
9.150600433349609375e-01
9.080501198768615723e-01
7.669658064842224121e-01
6.155092120170593262e-01
8.753101229667663574e-01
7.365757226943969727e-01
9.201096892356872559e-01
5.609775185585021973e-01
7.555863410234451294e-01
8.894143700599670410e-01
5.548995435237884521e-01
5.514188110828399658e-01
5.027139186859130859e-01
6.561906337738037109e-01
6.413315534591674805e-01
3.104523420333862305e-01
5.216913819313049316e-01
5.514688193798065186e-01
6.033014059066772461e-01
4.199916422367095947e-01
6.783291697502136230e-01
7.130984663963317871e-01
4.488794207572937012e-01
7.434378862380981445e-01
6.475527882575988770e-01
4.691939949989318848e-01
5.470875501632690430e-01
6.313831210136413574e-01
5.336851477622985840e-01
4.785639643669128418e-01
5.748763978481292725e-01
6.034759283065795898e-01
5.359148383140563965e-01
5.770109295845031738e-01
4.824287295341491699e-01
4.572984278202056885e-01
5.673263669013977051e-01
5.399228334426879883e-01
5.909486413002014160e-01
6.148642897605895996e-01
4.265711307525634766e-01
5.785833299160003662e-01
4.788573980331420898e-01
5.574479699134826660e-01
4.425718784332275391e-01
4.244624376296997070e-01
6.254516839981079102e-01
5.063077509403228760e-01
4.550480246543884277e-01
4.382147192955017090e-01
5.586559474468231201e-01
3.325535655021667480e-01
5.267564058303833008e-01
4.060273170471191406e-01
5.026217997074127197e-01
4.263062477111816406e-01
3.398314714431762695e-01
4.682342708110809326e-01
3.719267249107360840e-01
5.272142887115478516e-01
4.606094658374786377e-01
6.831177771091461182e-01
6.036501526832580566e-01
6.572763919830322266e-01
5.510788857936859131e-01
5.743200778961181641e-01
4.329192638397216797e-01
4.639391303062438965e-01
6.296534538269042969e-01
4.493171572685241699e-01
4.613244235515594482e-01
