9.961766004562377930e-01
9.970693588256835938e-01
4.997427463531494141e-01
5.682862997055053711e-01
9.958591461181640625e-01
9.985280632972717285e-01
6.148990988731384277e-01
6.979869604110717773e-01
9.952147006988525391e-01
9.967195391654968262e-01
9.970041513442993164e-01
9.995087981224060059e-01
9.998688101768493652e-01
9.998848438262939453e-01
9.987072944641113281e-01
9.982758164405822754e-01
9.994968175888061523e-01
9.998260140419006348e-01
9.998820424079895020e-01
9.633339047431945801e-01
9.978017807006835938e-01
9.996408820152282715e-01
9.998307824134826660e-01
9.998425841331481934e-01
9.999104738235473633e-01
9.999142885208129883e-01
9.999451041221618652e-01
9.999305605888366699e-01
9.998201131820678711e-01
9.998764395713806152e-01
9.999051690101623535e-01
9.999387264251708984e-01
9.999043941497802734e-01
9.998878240585327148e-01
9.999240040779113770e-01
9.999216794967651367e-01
9.999253153800964355e-01
9.997556805610656738e-01
9.997519254684448242e-01
9.917011670768260956e-01
9.963644146919250488e-01
9.924684762954711914e-01
9.817727208137512207e-01
9.996617436408996582e-01
9.804142117500305176e-01
2.726339995861053467e-01
8.304451704025268555e-01
7.202755808830261230e-01
7.082578539848327637e-01
9.993390440940856934e-01
9.993950724601745605e-01
9.996079802513122559e-01
9.994271993637084961e-01
9.996291995048522949e-01
9.998570680618286133e-01
9.993476867675781250e-01
9.991827607154846191e-01
9.996507167816162109e-01
9.996300339698791504e-01
9.996978044509887695e-01
9.996739625930786133e-01
9.998508095741271973e-01
9.991567730903625488e-01
9.987272620201110840e-01
9.995303750038146973e-01
9.994807243347167969e-01
9.994910955429077148e-01
9.992291927337646484e-01
9.988219738006591797e-01
9.997425675392150879e-01
9.963111877441406250e-01
9.966953396797180176e-01
9.988887310028076172e-01
9.982864260673522949e-01
9.994905591011047363e-01
9.970997571945190430e-01
9.994085431098937988e-01
8.275555372238159180e-01
9.958880543708801270e-01
9.992130398750305176e-01
9.992126822471618652e-01
9.977039098739624023e-01
9.978666305541992188e-01
9.982786178588867188e-01
9.997060298919677734e-01
9.997377991676330566e-01
9.995950460433959961e-01
9.996513724327087402e-01
9.978265166282653809e-01
9.968566894531250000e-01
9.989600181579589844e-01
9.996758103370666504e-01
9.997537136077880859e-01
9.994484186172485352e-01
9.994428753852844238e-01
9.997009634971618652e-01
9.985589981079101562e-01
9.995993971824645996e-01
9.995201826095581055e-01
9.993944168090820312e-01
9.997775554656982422e-01
9.982959032058715820e-01
9.980772733688354492e-01
9.990767240524291992e-01
9.997138977050781250e-01
9.994291663169860840e-01
9.990475773811340332e-01
9.995506405830383301e-01
9.934280514717102051e-01
9.934016466140747070e-01
9.954026341438293457e-01
9.987853765487670898e-01
9.988970160484313965e-01
9.993625879287719727e-01
9.996364116668701172e-01
9.994186162948608398e-01
9.907633066177368164e-01
9.987948536872863770e-01
9.962211847305297852e-01
9.948815107345581055e-01
9.989144206047058105e-01
9.978613853454589844e-01
9.997099637985229492e-01
9.990501999855041504e-01
9.982342720031738281e-01
9.114369750022888184e-01
9.856296777725219727e-01
9.690038561820983887e-01
8.990721702575683594e-01
9.213133454322814941e-01
9.987862706184387207e-01
9.730473756790161133e-01
8.520550131797790527e-01
9.918183088302612305e-01
9.928936958312988281e-01
9.985880255699157715e-01
9.938566088676452637e-01
9.993330836296081543e-01
9.811184406280517578e-01
9.915230870246887207e-01
9.664508104324340820e-01
8.828618526458740234e-01
8.739533424377441406e-01
9.474201202392578125e-01
9.875956177711486816e-01
9.701332449913024902e-01
7.490485906600952148e-01
6.872190237045288086e-01
8.975751996040344238e-01
3.524791598320007324e-01
7.683120369911193848e-01
6.947295665740966797e-01
3.565999269485473633e-01
7.467448115348815918e-01
7.868661284446716309e-01
3.877584338188171387e-01
7.180550694465637207e-01
8.411409854888916016e-01
4.512983560562133789e-01
9.094650745391845703e-01
8.468899875879287720e-01
7.267862558364868164e-01
7.703139185905456543e-01
4.409274458885192871e-01
7.429351210594177246e-01
8.541156649589538574e-01
8.826996013522148132e-01
8.828407526016235352e-01
9.110700488090515137e-01
6.213833689689636230e-01
7.918947339057922363e-01
7.501407265663146973e-01
8.722622394561767578e-01
5.427705347537994385e-01
3.104041814804077148e-01
5.281073451042175293e-01
9.669834971427917480e-01
8.657420277595520020e-01
9.692167639732360840e-01
4.776101708412170410e-01
8.124151229858398438e-01
6.180326342582702637e-01
6.263630986213684082e-01
4.619725644588470459e-01
9.763698577880859375e-01
9.684625864028930664e-01
9.649817347526550293e-01
8.296090662479400635e-01
8.288134336471557617e-01
9.673455953598022461e-01
9.336645007133483887e-01
9.555203318595886230e-01
9.754290580749511719e-01
8.083987683057785034e-01
7.071168422698974609e-01
8.478462249040603638e-01
9.563972353935241699e-01
8.212724328041076660e-01
8.142189979553222656e-01
9.210716485977172852e-01
6.197934150695800781e-01
8.490974307060241699e-01
5.984985232353210449e-01
7.025171518325805664e-01
4.645755887031555176e-01
6.717679500579833984e-01
3.351233005523681641e-01
5.316982269287109375e-01
5.571111440658569336e-01
6.586071252822875977e-01
3.438708484172821045e-01
7.632405161857604980e-01
8.672624826431274414e-01
5.349359512329101562e-01
8.045705556869506836e-01
7.850914597511291504e-01
6.881757974624633789e-01
5.118753314018249512e-01
5.262445807456970215e-01
5.762259364128112793e-01
4.095627069473266602e-01
4.468782544136047363e-01
6.013290882110595703e-01
3.976494073867797852e-01
5.251504182815551758e-01
5.284129381179809570e-01
6.322202384471893311e-01
4.738885760307312012e-01
4.608132839202880859e-01
5.292781591415405273e-01
3.878504633903503418e-01
5.663604736328125000e-01
3.723568320274353027e-01
4.788765907287597656e-01
3.307096362113952637e-01
4.220608472824096680e-01
2.826616764068603516e-01
5.016528367996215820e-01
4.860771298408508301e-01
4.684448838233947754e-01
5.444257259368896484e-01
4.987906515598297119e-01
5.004171729087829590e-01
4.379605352878570557e-01
4.899009466171264648e-01
3.990727663040161133e-01
5.321536064147949219e-01
4.404001235961914062e-01
4.643669128417968750e-01
4.889033138751983643e-01
4.322995543479919434e-01
4.598339796066284180e-01
4.939570426940917969e-01
4.152145981788635254e-01
5.563479661941528320e-01
4.100477099418640137e-01
5.217339992523193359e-01
4.075198769569396973e-01
3.954092860221862793e-01
4.304857850074768066e-01
4.183754324913024902e-01
