9.961766004562377930e-01
9.970693588256835938e-01
4.997427463531494141e-01
5.682862997055053711e-01
9.958591461181640625e-01
9.985280632972717285e-01
6.148990988731384277e-01
6.979869604110717773e-01
9.952147006988525391e-01
9.967195391654968262e-01
9.970041513442993164e-01
9.995087981224060059e-01
9.998688101768493652e-01
9.988847970962524414e-01
9.980537891387939453e-01
9.995005726814270020e-01
9.993952512741088867e-01
9.998386502265930176e-01
9.998552799224853516e-01
9.998674392700195312e-01
9.998931884765625000e-01
9.998809099197387695e-01
9.997671842575073242e-01
9.996964931488037109e-01
9.999226331710815430e-01
9.999418258666992188e-01
9.999339580535888672e-01
9.988774657249450684e-01
9.998575448989868164e-01
9.999147057533264160e-01
9.999077916145324707e-01
9.999374151229858398e-01
9.999344944953918457e-01
9.998878240585327148e-01
9.998949170112609863e-01
9.999221563339233398e-01
9.999186992645263672e-01
9.997780323028564453e-01
9.883300662040710449e-01
9.891214370727539062e-01
9.991227984428405762e-01
9.996010661125183105e-01
9.933266043663024902e-01
9.915777444839477539e-01
9.996525049209594727e-01
9.984621405601501465e-01
9.822568297386169434e-01
5.759789347648620605e-01
5.853182077407836914e-01
9.989524483680725098e-01
9.988456368446350098e-01
9.993613362312316895e-01
9.706881046295166016e-01
9.980116486549377441e-01
9.995853304862976074e-01
9.867606163024902344e-01
9.987747073173522949e-01
9.991810917854309082e-01
9.989489912986755371e-01
9.997916817665100098e-01
9.996624588966369629e-01
9.998423457145690918e-01
9.990620017051696777e-01
9.985185265541076660e-01
9.996633529663085938e-01
9.995997548103332520e-01
9.991140365600585938e-01
9.997377991676330566e-01
9.996696710586547852e-01
9.995698332786560059e-01
9.998273849487304688e-01
9.996530413627624512e-01
9.998766779899597168e-01
9.998727440834045410e-01
7.584848999977111816e-01
8.468864560127258301e-01
9.952327609062194824e-01
9.996252655982971191e-01
9.993029236793518066e-01
9.996708631515502930e-01
9.996301531791687012e-01
9.997527003288269043e-01
9.993476867675781250e-01
9.998179674148559570e-01
9.991735219955444336e-01
9.997509121894836426e-01
9.994072318077087402e-01
9.996209144592285156e-01
9.996311664581298828e-01
9.994102716445922852e-01
9.995684027671813965e-01
9.997189044952392578e-01
9.996930956840515137e-01
9.995853304862976074e-01
9.992575049400329590e-01
9.982820749282836914e-01
9.997357726097106934e-01
9.995675683021545410e-01
9.993293285369873047e-01
9.992817044258117676e-01
9.988865256309509277e-01
9.987466931343078613e-01
9.993513822555541992e-01
9.981760382652282715e-01
9.996265769004821777e-01
9.994401335716247559e-01
9.991934895515441895e-01
4.884537458419799805e-01
8.836520910263061523e-01
8.081941604614257812e-01
9.983862042427062988e-01
9.670755267143249512e-01
6.034592390060424805e-01
9.908059239387512207e-01
9.990627169609069824e-01
9.996628761291503906e-01
9.998319149017333984e-01
9.537780284881591797e-01
9.309046864509582520e-01
9.995505809783935547e-01
6.666410565376281738e-01
8.834943771362304688e-01
9.000546336174011230e-01
9.805471301078796387e-01
9.991561174392700195e-01
9.892648458480834961e-01
8.077625036239624023e-01
9.831487536430358887e-01
9.485300183296203613e-01
7.993465065956115723e-01
8.931654691696166992e-01
5.971952080726623535e-01
9.528251290321350098e-01
9.933944940567016602e-01
9.676169753074645996e-01
6.117517352104187012e-01
6.246747970581054688e-01
8.083134889602661133e-01
9.662984013557434082e-01
9.936145544052124023e-01
9.922364950180053711e-01
9.946191906929016113e-01
9.957190155982971191e-01
9.850564002990722656e-01
9.405537843704223633e-01
8.960421681404113770e-01
8.731614351272583008e-01
7.358436584472656250e-01
9.491940140724182129e-01
6.061524152755737305e-01
7.978603392839431763e-01
8.042291402816772461e-01
9.273350834846496582e-01
8.608133941888809204e-01
9.328374266624450684e-01
9.913560152053833008e-01
8.301148414611816406e-01
9.134124517440795898e-01
8.616828322410583496e-01
5.391659736633300781e-01
8.735312819480895996e-01
9.534608721733093262e-01
9.848014712333679199e-01
9.786375164985656738e-01
8.914529085159301758e-01
6.196832060813903809e-01
5.445020794868469238e-01
4.161431193351745605e-01
5.102702379226684570e-01
2.262118160724639893e-01
4.640140533447265625e-01
9.474272131919860840e-01
9.416611790657043457e-01
7.226464748382568359e-01
4.788978695869445801e-01
9.729745984077453613e-01
9.649307131767272949e-01
9.417634978890419006e-01
9.866407513618469238e-01
9.885473847389221191e-01
9.426268935203552246e-01
9.831215739250183105e-01
9.904283881187438965e-01
9.964540004730224609e-01
9.966245293617248535e-01
7.761024832725524902e-01
6.308921873569488525e-01
8.935217261314392090e-01
9.705772995948791504e-01
9.933317303657531738e-01
9.135084748268127441e-01
9.630591869354248047e-01
9.892094135284423828e-01
5.828866958618164062e-01
6.426330208778381348e-01
9.052373841404914856e-01
5.916610062122344971e-01
7.534648776054382324e-01
8.788998723030090332e-01
9.736973643302917480e-01
9.528450369834899902e-01
9.469715952873229980e-01
9.892387390136718750e-01
9.827831983566284180e-01
9.852774739265441895e-01
9.505679011344909668e-01
9.538474678993225098e-01
7.906125783920288086e-01
6.682488918304443359e-01
3.539005517959594727e-01
4.797644317150115967e-01
7.485089898109436035e-01
7.699720859527587891e-01
9.415660500526428223e-01
9.539258480072021484e-01
8.877415657043457031e-01
8.867376446723937988e-01
7.708654999732971191e-01
8.509616851806640625e-01
7.639783620834350586e-01
8.810229301452636719e-01
8.560265302658081055e-01
8.610137552022933960e-01
8.862274885177612305e-01
8.574621677398681641e-01
7.430627942085266113e-01
8.208065629005432129e-01
8.543676137924194336e-01
8.002446293830871582e-01
6.996771693229675293e-01
4.943985342979431152e-01
6.405636668205261230e-01
5.244912505149841309e-01
6.119809150695800781e-01
3.324635624885559082e-01
4.301975071430206299e-01
5.393757522106170654e-01
4.162495732307434082e-01
4.788969755172729492e-01
4.119899868965148926e-01
4.663478136062622070e-01
3.290306925773620605e-01
4.372819662094116211e-01
5.017177760601043701e-01
4.209643602371215820e-01
6.698603630065917969e-01
6.300957798957824707e-01
6.374753713607788086e-01
6.651536822319030762e-01
5.195280909538269043e-01
4.880785942077636719e-01
5.028308033943176270e-01
3.597747087478637695e-01
4.101635217666625977e-01
3.745538592338562012e-01
5.258163809776306152e-01
4.750054478645324707e-01
6.351670622825622559e-01
4.660809040069580078e-01
4.980460703372955322e-01
4.189095795154571533e-01
4.245715439319610596e-01
2.962182760238647461e-01
2.731645107269287109e-01
3.006139099597930908e-01
2.990909814834594727e-01
3.760399520397186279e-01
2.617065906524658203e-01
3.287807703018188477e-01
3.688694834709167480e-01
