9.961766004562377930e-01
9.970693588256835938e-01
4.997427463531494141e-01
5.682862997055053711e-01
9.958591461181640625e-01
9.985280632972717285e-01
9.986448287963867188e-01
9.990281462669372559e-01
9.996793270111083984e-01
9.928966164588928223e-01
9.857288599014282227e-01
9.994789361953735352e-01
9.998585581779479980e-01
9.988344311714172363e-01
9.980738162994384766e-01
9.994714856147766113e-01
9.994907379150390625e-01
9.998394846916198730e-01
9.998552203178405762e-01
9.998669028282165527e-01
9.990972876548767090e-01
9.983353018760681152e-01
9.998444914817810059e-01
9.998320937156677246e-01
9.999223351478576660e-01
9.999374747276306152e-01
9.999264478683471680e-01
9.993850588798522949e-01
9.998721480369567871e-01
9.999051690101623535e-01
9.999091625213623047e-01
9.999374151229858398e-01
9.999417066574096680e-01
9.999030232429504395e-01
9.998956918716430664e-01
9.999222755432128906e-01
9.999190568923950195e-01
9.997760653495788574e-01
9.881455898284912109e-01
9.962139725685119629e-01
9.143384695053100586e-01
9.680565595626831055e-01
9.971733093261718750e-01
9.996372461318969727e-01
9.805085062980651855e-01
9.988356232643127441e-01
9.878742694854736328e-01
6.308063268661499023e-01
6.542829275131225586e-01
9.989160895347595215e-01
9.989955425262451172e-01
9.992039799690246582e-01
9.995368123054504395e-01
9.994246959686279297e-01
9.998574256896972656e-01
9.993478655815124512e-01
9.991849660873413086e-01
9.996611475944519043e-01
9.996341466903686523e-01
9.997020959854125977e-01
9.996883273124694824e-01
9.998527765274047852e-01
9.991766214370727539e-01
9.987303018569946289e-01
9.995198249816894531e-01
9.993685483932495117e-01
9.994879961013793945e-01
9.996310472488403320e-01
9.994583725929260254e-01
9.997767210006713867e-01
9.968403577804565430e-01
9.990880489349365234e-01
9.889941215515136719e-01
9.994540810585021973e-01
9.973545670509338379e-01
9.853668808937072754e-01
9.978635311126708984e-01
9.979264100547879934e-01
9.978994131088256836e-01
9.987148046493530273e-01
9.994113445281982422e-01
9.992772936820983887e-01
9.991834163665771484e-01
9.993969202041625977e-01
9.998491406440734863e-01
9.995102882385253906e-01
9.997596144676208496e-01
9.995346665382385254e-01
9.996821880340576172e-01
9.996141195297241211e-01
9.995524287223815918e-01
9.997019171714782715e-01
9.994197487831115723e-01
9.994871616363525391e-01
9.994766116142272949e-01
9.993975758552551270e-01
9.994358420372009277e-01
9.959633946418762207e-01
9.985058903694152832e-01
9.990661740303039551e-01
9.973390102386474609e-01
9.969298243522644043e-01
9.994310736656188965e-01
9.996914267539978027e-01
9.995645284652709961e-01
9.912800192832946777e-01
9.975973963737487793e-01
9.989503026008605957e-01
9.985949993133544922e-01
9.961875677108764648e-01
9.992931485176086426e-01
9.950345158576965332e-01
9.996405243873596191e-01
9.988418817520141602e-01
9.997581839561462402e-01
9.995379447937011719e-01
9.938480257987976074e-01
9.994438886642456055e-01
9.986366033554077148e-01
9.993092417716979980e-01
9.998015165328979492e-01
9.995119571685791016e-01
9.995411038398742676e-01
8.324108719825744629e-01
9.518566690385341644e-01
9.897904992103576660e-01
9.982663989067077637e-01
9.860788583755493164e-01
9.106517434120178223e-01
9.055715799331665039e-01
9.847349524497985840e-01
9.975090026855468750e-01
9.467323422431945801e-01
6.225206851959228516e-01
9.692612886428833008e-01
9.858620166778564453e-01
9.844560027122497559e-01
9.980676174163818359e-01
9.926481246948242188e-01
9.885032773017883301e-01
9.811155796051025391e-01
9.883226156234741211e-01
9.597778916358947754e-01
9.770985841751098633e-01
9.716649055480957031e-01
9.407048225402832031e-01
9.474354386329650879e-01
7.815716862678527832e-01
5.788208246231079102e-01
4.815102219581604004e-01
5.007707476615905762e-01
5.420476794242858887e-01
8.564881682395935059e-01
8.985159993171691895e-01
5.639144182205200195e-01
6.214435100555419922e-01
5.397562086582183838e-01
7.237315177917480469e-01
3.090520501136779785e-01
6.266577243804931641e-01
6.912610530853271484e-01
8.358369469642639160e-01
4.352291822433471680e-01
8.367999196052551270e-01
4.423133432865142822e-01
7.744765281677246094e-01
2.908187508583068848e-01
5.735073387622833252e-01
1.620980501174926758e-01
4.654225111007690430e-01
2.063227891921997070e-01
7.350139021873474121e-01
3.977974653244018555e-01
4.924328327178955078e-01
3.987877964973449707e-01
6.180752515792846680e-01
5.245201587677001953e-01
5.046564340591430664e-01
6.192667782306671143e-01
4.578987956047058105e-01
5.251038670539855957e-01
2.979513406753540039e-01
6.319693624973297119e-01
5.650650858879089355e-01
4.769245088100433350e-01
5.477693080902099609e-01
5.333073735237121582e-01
3.824627399444580078e-01
4.500920772552490234e-01
2.778253555297851562e-01
3.821652531623840332e-01
3.575902581214904785e-01
6.776035428047180176e-01
6.118468344211578369e-01
6.016712486743927002e-01
5.363504290580749512e-01
5.084860920906066895e-01
3.632945418357849121e-01
4.178281724452972412e-01
3.341261744499206543e-01
5.530671477317810059e-01
2.721515893936157227e-01
6.706594228744506836e-01
6.269221305847167969e-01
5.950528979301452637e-01
6.253473162651062012e-01
4.881722331047058105e-01
4.905720353126525879e-01
5.078887343406677246e-01
4.751183986663818359e-01
5.395669639110565186e-01
4.293665587902069092e-01
3.912016153335571289e-01
3.407507538795471191e-01
4.594900608062744141e-01
4.339955449104309082e-01
4.753654003143310547e-01
3.920772671699523926e-01
4.402314424514770508e-01
4.282788634300231934e-01
6.731891036033630371e-01
4.410399794578552246e-01
6.351647377014160156e-01
4.124872088432312012e-01
