9.961766004562377930e-01
9.970693588256835938e-01
9.985863566398620605e-01
6.561009287834167480e-01
9.846214652061462402e-01
9.987663626670837402e-01
4.852566719055175781e-01
7.445484995841979980e-01
9.955805540084838867e-01
9.956941008567810059e-01
9.976858496665954590e-01
9.995087981224060059e-01
9.998688101768493652e-01
9.998847842216491699e-01
9.987072944641113281e-01
9.982871413230895996e-01
9.994984865188598633e-01
9.998257160186767578e-01
9.998814463615417480e-01
9.585264921188354492e-01
9.979286193847656250e-01
9.996428489685058594e-01
9.998295903205871582e-01
9.998399615287780762e-01
9.999109506607055664e-01
9.999142289161682129e-01
9.999448657035827637e-01
9.999305605888366699e-01
9.998197555541992188e-01
9.998757839202880859e-01
9.999055266380310059e-01
9.999178051948547363e-01
9.999440312385559082e-01
9.998990893363952637e-01
9.998912811279296875e-01
9.999257326126098633e-01
9.999186992645263672e-01
9.997813701629638672e-01
8.393104076385498047e-01
9.895275831222534180e-01
9.991501569747924805e-01
9.771909117698669434e-01
9.900488257408142090e-01
7.784621715545654297e-01
9.801687598228454590e-01
6.211861371994018555e-01
7.405580878257751465e-01
9.964303970336914062e-01
7.887926101684570312e-01
9.971392154693603516e-01
9.990181326866149902e-01
9.994481205940246582e-01
9.994680881500244141e-01
9.996393918991088867e-01
9.996446371078491211e-01
9.998582005500793457e-01
9.993746876716613770e-01
9.991979002952575684e-01
9.996600747108459473e-01
9.996358156204223633e-01
9.997001886367797852e-01
9.996815323829650879e-01
9.997959733009338379e-01
9.991878271102905273e-01
9.987879395484924316e-01
9.994522929191589355e-01
9.993603825569152832e-01
9.992815852165222168e-01
9.988830089569091797e-01
9.993685483932495117e-01
9.997461438179016113e-01
9.982295036315917969e-01
9.992414712905883789e-01
9.990162849426269531e-01
9.976176023483276367e-01
9.995589852333068848e-01
9.995507597923278809e-01
9.996219873428344727e-01
9.998443722724914551e-01
9.989751577377319336e-01
9.968800544738769531e-01
9.992669820785522461e-01
9.947499632835388184e-01
9.996150135993957520e-01
9.992619156837463379e-01
9.995691776275634766e-01
9.997196793556213379e-01
9.995641112327575684e-01
9.978872537612915039e-01
9.980919361114501953e-01
9.991971254348754883e-01
9.979448914527893066e-01
9.998041391372680664e-01
9.987579584121704102e-01
9.993383288383483887e-01
9.996255636215209961e-01
9.992508292198181152e-01
9.996515512466430664e-01
9.987714290618896484e-01
9.987959861755371094e-01
9.991874098777770996e-01
9.996747970581054688e-01
9.993202686309814453e-01
9.992881417274475098e-01
9.986279606819152832e-01
9.984331130981445312e-01
9.989656805992126465e-01
9.990577697753906250e-01
9.990572333335876465e-01
9.992054700851440430e-01
9.789793491363525391e-01
9.802674651145935059e-01
9.724561572074890137e-01
9.976233839988708496e-01
9.979046583175659180e-01
9.995726346969604492e-01
9.989287853240966797e-01
9.914321899414062500e-01
9.994032979011535645e-01
9.996836781501770020e-01
9.994221329689025879e-01
9.963042736053466797e-01
8.480108380317687988e-01
9.980420470237731934e-01
9.859287738800048828e-01
9.531981945037841797e-01
9.763206243515014648e-01
9.941090941429138184e-01
9.770949482917785645e-01
9.591495990753173828e-01
8.600957393646240234e-01
9.979888200759887695e-01
4.644982516765594482e-01
9.912433028221130371e-01
9.095066785812377930e-01
9.880573749542236328e-01
8.970118016004562378e-01
9.874385595321655273e-01
9.958806633949279785e-01
9.707384109497070312e-01
9.890177845954895020e-01
9.831220507621765137e-01
9.799311161041259766e-01
6.963437497615814209e-01
6.865475475788116455e-01
8.464714884757995605e-01
6.342790722846984863e-01
5.831191539764404297e-01
4.978855252265930176e-01
5.166218280792236328e-01
2.319220751523971558e-01
5.334495604038238525e-01
3.284130096435546875e-01
5.920371413230895996e-01
5.813440680503845215e-01
3.933188915252685547e-01
5.910620689392089844e-01
4.201716482639312744e-01
5.778770446777343750e-01
3.177642822265625000e-01
5.572896897792816162e-01
6.931304633617401123e-01
4.294517934322357178e-01
4.070513248443603516e-01
3.445250988006591797e-01
3.666714429855346680e-01
2.582481503486633301e-01
2.497963309288024902e-01
5.563222169876098633e-01
4.679213166236877441e-01
4.079490602016448975e-01
4.542219638824462891e-01
3.681248426437377930e-01
6.192057132720947266e-01
3.848198652267456055e-01
5.340101718902587891e-01
6.239551901817321777e-01
4.966463148593902588e-01
5.597410798072814941e-01
5.097486972808837891e-01
5.406357049942016602e-01
5.101269185543060303e-01
4.772087931632995605e-01
5.156255364418029785e-01
4.320550560951232910e-01
4.794506430625915527e-01
4.118092954158782959e-01
5.464574694633483887e-01
5.468631982803344727e-01
4.000451266765594482e-01
3.977593183517456055e-01
3.110662698745727539e-01
4.560639858245849609e-01
4.209891557693481445e-01
4.329480230808258057e-01
3.768808543682098389e-01
3.967323005199432373e-01
3.984134793281555176e-01
3.984086811542510986e-01
4.243665933609008789e-01
4.778286814689636230e-01
3.362061381340026855e-01
3.922250866889953613e-01
3.632307052612304688e-01
4.729603826999664307e-01
5.974680185317993164e-01
3.738125562667846680e-01
3.747112154960632324e-01
3.572896718978881836e-01
3.510577082633972168e-01
2.889735996723175049e-01
3.538331985473632812e-01
4.169546365737915039e-01
