9.961766004562377930e-01
9.970693588256835938e-01
9.985863566398620605e-01
6.561009287834167480e-01
9.846214652061462402e-01
9.987663626670837402e-01
4.852566421031951904e-01
7.445484995841979980e-01
9.955805540084838867e-01
9.956941008567810059e-01
9.976858496665954590e-01
9.995087981224060059e-01
9.998688101768493652e-01
9.998847842216491699e-01
9.987072944641113281e-01
9.982871413230895996e-01
9.994984865188598633e-01
9.998257160186767578e-01
9.998814463615417480e-01
9.585264921188354492e-01
9.979286193847656250e-01
9.996428489685058594e-01
9.998295903205871582e-01
9.998399615287780762e-01
9.999109506607055664e-01
9.999142289161682129e-01
9.999448657035827637e-01
9.999305605888366699e-01
9.999287724494934082e-01
9.998864531517028809e-01
9.998669624328613281e-01
9.999229907989501953e-01
9.999395012855529785e-01
9.999026060104370117e-01
9.998983144760131836e-01
9.999214410781860352e-01
9.999217987060546875e-01
9.997813701629638672e-01
8.393104076385498047e-01
9.897111058235168457e-01
9.818534255027770996e-01
9.814081788063049316e-01
7.021607458591461182e-01
9.738391637802124023e-01
4.760941863059997559e-01
6.289495527744293213e-01
9.155883193016052246e-01
9.966924786567687988e-01
9.990689754486083984e-01
9.874844709411263466e-01
9.987141489982604980e-01
9.993911385536193848e-01
9.995966553688049316e-01
9.996653795242309570e-01
9.996492266654968262e-01
9.998450875282287598e-01
9.994332194328308105e-01
9.991862773895263672e-01
9.996745586395263672e-01
9.992477893829345703e-01
9.998539090156555176e-01
9.994842410087585449e-01
9.996840357780456543e-01
9.998136758804321289e-01
9.971097707748413086e-01
9.986835718154907227e-01
9.995203614234924316e-01
9.981392025947570801e-01
9.996527433395385742e-01
9.983679056167602539e-01
9.998289942741394043e-01
9.996159076690673828e-01
9.993042349815368652e-01
9.997596740722656250e-01
6.059141755104064941e-01
7.447978556156158447e-01
9.447154402732849121e-01
9.996343851089477539e-01
8.189774155616760254e-01
9.583750963211059570e-01
9.923012256622314453e-01
9.974066615104675293e-01
9.981146454811096191e-01
9.989613294601440430e-01
9.990077614784240723e-01
9.997265934944152832e-01
9.994685649871826172e-01
9.997558593750000000e-01
9.993284940719604492e-01
9.996106028556823730e-01
9.986794590950012207e-01
9.931941628456115723e-01
9.996309876441955566e-01
9.993889927864074707e-01
9.995567202568054199e-01
9.991812705993652344e-01
9.982398748397827148e-01
9.993463754653930664e-01
9.981934428215026855e-01
9.984139800071716309e-01
9.975874423980712891e-01
9.987424612045288086e-01
9.996467828750610352e-01
9.993256926536560059e-01
9.984326362609863281e-01
9.984142780303955078e-01
9.892542362213134766e-01
9.990631937980651855e-01
9.990490674972534180e-01
9.881712198257446289e-01
9.993329644203186035e-01
9.954477548599243164e-01
9.988716840744018555e-01
9.986544251441955566e-01
9.976900815963745117e-01
9.996002912521362305e-01
9.937404990196228027e-01
9.961844682693481445e-01
9.973701834678649902e-01
9.988315105438232422e-01
9.995716214179992676e-01
9.966773390769958496e-01
9.572364687919616699e-01
7.969230413436889648e-01
9.383768439292907715e-01
9.987837672233581543e-01
9.811124801635742188e-01
9.564411640167236328e-01
9.960495233535766602e-01
9.946946501731872559e-01
9.971659779548645020e-01
9.989381432533264160e-01
9.955341815948486328e-01
9.892624020576477051e-01
9.913530349731445312e-01
9.809176921844482422e-01
9.693549871444702148e-01
9.975378513336181641e-01
9.966702461242675781e-01
9.888607859611511230e-01
9.956890344619750977e-01
9.848378300666809082e-01
9.987415671348571777e-01
9.760353565216064453e-01
9.830968379974365234e-01
9.572317004203796387e-01
9.802205562591552734e-01
8.779639005661010742e-01
9.298536181449890137e-01
6.293575763702392578e-01
7.801523804664611816e-01
8.085844516754150391e-01
7.440450191497802734e-01
8.752727508544921875e-01
9.043188691139221191e-01
8.320224285125732422e-01
7.788205146789550781e-01
7.537657022476196289e-01
7.456864714622497559e-01
8.036213368177413940e-01
8.337071537971496582e-01
9.192583560943603516e-01
8.785717487335205078e-01
9.115380644798278809e-01
8.790397644042968750e-01
7.144134938716888428e-01
4.337626695632934570e-01
3.573073148727416992e-01
4.080066978931427002e-01
5.744545459747314453e-01
6.615979075431823730e-01
5.050584673881530762e-01
4.997341036796569824e-01
5.957772135734558105e-01
5.553617477416992188e-01
5.868684649467468262e-01
5.044472217559814453e-01
7.005481123924255371e-01
5.955468714237213135e-01
3.577355146408081055e-01
5.172805786132812500e-01
3.035072982311248779e-01
4.749323129653930664e-01
1.910899877548217773e-01
3.080109357833862305e-01
4.178991317749023438e-01
2.691817879676818848e-01
3.803407549858093262e-01
3.429052829742431641e-01
3.860471546649932861e-01
3.042019605636596680e-01
4.018296599388122559e-01
3.150455355644226074e-01
3.549355268478393555e-01
4.144802391529083252e-01
5.295685529708862305e-01
4.790796339511871338e-01
3.719416558742523193e-01
3.739811182022094727e-01
3.958127498626708984e-01
4.168355762958526611e-01
4.212611913681030273e-01
4.297240972518920898e-01
4.294356107711791992e-01
3.919160366058349609e-01
3.555637001991271973e-01
4.829299449920654297e-01
3.887454569339752197e-01
4.195777177810668945e-01
3.902195990085601807e-01
4.429246783256530762e-01
4.082466363906860352e-01
