9.961766004562377930e-01
9.970693588256835938e-01
9.985863566398620605e-01
6.561008989810943604e-01
9.846214652061462402e-01
9.987663626670837402e-01
4.852566421031951904e-01
7.445484995841979980e-01
9.955805540084838867e-01
9.956941008567810059e-01
9.976858496665954590e-01
9.995087981224060059e-01
9.998688101768493652e-01
9.998847842216491699e-01
9.987072944641113281e-01
9.982871413230895996e-01
9.994984865188598633e-01
9.998257160186767578e-01
9.998814463615417480e-01
9.585264921188354492e-01
9.979286193847656250e-01
9.996428489685058594e-01
9.998295903205871582e-01
9.998399615287780762e-01
9.999109506607055664e-01
9.999142289161682129e-01
9.999448657035827637e-01
9.999305605888366699e-01
9.998197555541992188e-01
9.998757839202880859e-01
9.999055266380310059e-01
9.999178051948547363e-01
9.999440312385559082e-01
9.998990893363952637e-01
9.998912811279296875e-01
9.999257326126098633e-01
9.999186992645263672e-01
9.997813701629638672e-01
8.393104076385498047e-01
9.890288114547729492e-01
8.143429756164550781e-01
9.819319248199462891e-01
7.293892204761505127e-01
9.744598865509033203e-01
4.763823747634887695e-01
6.357875466346740723e-01
9.189464449882507324e-01
9.966104626655578613e-01
8.286835551261901855e-01
9.986920952796936035e-01
9.994840025901794434e-01
9.993177652359008789e-01
9.996715188026428223e-01
9.996336102485656738e-01
9.996452927589416504e-01
9.998579025268554688e-01
9.993554353713989258e-01
9.991844296455383301e-01
9.997634291648864746e-01
9.997366070747375488e-01
9.997872710227966309e-01
9.988893270492553711e-01
9.997999072074890137e-01
9.997614026069641113e-01
9.982759356498718262e-01
9.990307092666625977e-01
9.990016222000122070e-01
9.959077835083007812e-01
9.995238184928894043e-01
9.973782896995544434e-01
9.995435476303100586e-01
9.983302950859069824e-01
9.976826906204223633e-01
9.992569684982299805e-01
9.858331084251403809e-01
9.937604069709777832e-01
9.991033673286437988e-01
9.993463754653930664e-01
9.993858933448791504e-01
9.995553493499755859e-01
9.995496273040771484e-01
9.994964003562927246e-01
9.994676113128662109e-01
9.966662526130676270e-01
9.989921450614929199e-01
9.997553825378417969e-01
9.997231364250183105e-01
9.997249245643615723e-01
9.988387227058410645e-01
9.985551238059997559e-01
9.994832277297973633e-01
9.988038539886474609e-01
9.997614026069641113e-01
9.992969036102294922e-01
9.994937181472778320e-01
9.996426701545715332e-01
9.993298053741455078e-01
9.995502233505249023e-01
9.985377192497253418e-01
9.994460344314575195e-01
9.979586005210876465e-01
9.997035861015319824e-01
9.998316168785095215e-01
9.994423389434814453e-01
9.996463060379028320e-01
9.995614290237426758e-01
9.994646310806274414e-01
9.992894530296325684e-01
9.963790774345397949e-01
9.940533041954040527e-01
9.926103949546813965e-01
9.993194341659545898e-01
9.991847276687622070e-01
9.995757937431335449e-01
9.989482164382934570e-01
9.997121095657348633e-01
9.976758360862731934e-01
9.934672713279724121e-01
9.933543205261230469e-01
9.989303946495056152e-01
9.995607733726501465e-01
9.991281032562255859e-01
9.889559149742126465e-01
9.954446554183959961e-01
9.667384624481201172e-01
9.265453219413757324e-01
9.899902939796447754e-01
9.948639869689941406e-01
9.802345633506774902e-01
9.955237507820129395e-01
9.144243597984313965e-01
9.946413040161132812e-01
9.286215901374816895e-01
9.774492979049682617e-01
9.387491047382354736e-01
9.616554975509643555e-01
9.476317167282104492e-01
9.686170220375061035e-01
9.877469539642333984e-01
9.124817252159118652e-01
9.576553106307983398e-01
9.488554596900939941e-01
9.813846349716186523e-01
9.453426599502563477e-01
9.823151230812072754e-01
8.694955110549926758e-01
8.715444803237915039e-01
6.971656680107116699e-01
8.460808694362640381e-01
4.757535457611083984e-01
3.420068025588989258e-01
4.924772381782531738e-01
4.371716380119323730e-01
4.299646019935607910e-01
6.347628235816955566e-01
5.079983472824096680e-01
4.397989511489868164e-01
4.825850725173950195e-01
5.233508944511413574e-01
4.827182888984680176e-01
5.318958759307861328e-01
6.231827139854431152e-01
4.905521869659423828e-01
3.629441857337951660e-01
3.980412185192108154e-01
3.119012713432312012e-01
4.995490014553070068e-01
2.998854219913482666e-01
4.350318312644958496e-01
2.658085227012634277e-01
3.830819129943847656e-01
2.983826994895935059e-01
3.464498519897460938e-01
3.146423101425170898e-01
2.750419974327087402e-01
2.124416083097457886e-01
2.850867509841918945e-01
4.064698815345764160e-01
2.576256990432739258e-01
2.727634906768798828e-01
2.185389399528503418e-01
3.389121890068054199e-01
3.796939849853515625e-01
4.081632196903228760e-01
3.295884728431701660e-01
3.118825554847717285e-01
3.228015899658203125e-01
2.931154370307922363e-01
3.365043401718139648e-01
3.662438988685607910e-01
4.416528940200805664e-01
3.779710531234741211e-01
4.825635850429534912e-01
4.895965158939361572e-01
3.768586516380310059e-01
4.597477316856384277e-01
