9.961766004562377930e-01
9.970693588256835938e-01
4.997427463531494141e-01
5.682862997055053711e-01
9.958591461181640625e-01
9.985280632972717285e-01
6.148992180824279785e-01
6.979869604110717773e-01
9.952147006988525391e-01
9.967195391654968262e-01
9.970041513442993164e-01
9.995087981224060059e-01
9.998688101768493652e-01
9.998848438262939453e-01
9.987072944641113281e-01
9.982758164405822754e-01
9.994968175888061523e-01
9.998260140419006348e-01
9.998820424079895020e-01
9.633339047431945801e-01
9.978017807006835938e-01
9.996408820152282715e-01
9.998307824134826660e-01
9.998425841331481934e-01
9.999104738235473633e-01
9.999142885208129883e-01
9.999451041221618652e-01
9.999305605888366699e-01
9.998201131820678711e-01
9.998764395713806152e-01
9.999051690101623535e-01
9.999387264251708984e-01
9.999043941497802734e-01
9.998878240585327148e-01
9.999240040779113770e-01
9.999216794967651367e-01
9.999253153800964355e-01
9.997556805610656738e-01
9.997519254684448242e-01
9.917011857032775879e-01
9.965087175369262695e-01
9.997944235801696777e-01
9.786630272865295410e-01
9.912268519401550293e-01
9.996436834335327148e-01
9.700645208358764648e-01
9.996939301490783691e-01
9.894320368766784668e-01
9.957456588745117188e-01
9.978783726692199707e-01
8.338992148637771606e-01
9.456506371498107910e-01
9.460924863815307617e-01
9.934176206588745117e-01
9.995546936988830566e-01
9.714362621307373047e-01
9.973888397216796875e-01
9.997561573982238770e-01
9.996053576469421387e-01
9.996826648712158203e-01
9.996619224548339844e-01
9.998434782028198242e-01
9.990361928939819336e-01
9.985267519950866699e-01
9.996626973152160645e-01
9.996061921119689941e-01
9.990172386169433594e-01
9.997292160987854004e-01
9.996538162231445312e-01
9.995455145835876465e-01
9.998217225074768066e-01
9.996348023414611816e-01
9.998179674148559570e-01
9.998288154602050781e-01
9.997509121894836426e-01
7.501956820487976074e-01
8.975750207901000977e-01
9.997726082801818848e-01
9.991732835769653320e-01
9.755608439445495605e-01
9.979187250137329102e-01
9.991871714591979980e-01
9.996039867401123047e-01
8.750926852226257324e-01
9.743198156356811523e-01
9.955385327339172363e-01
9.993205666542053223e-01
9.998044967651367188e-01
9.994805455207824707e-01
9.997535347938537598e-01
9.996109604835510254e-01
9.988553524017333984e-01
9.997593164443969727e-01
9.994099140167236328e-01
9.994086027145385742e-01
9.994549155235290527e-01
9.997603893280029297e-01
9.997366666793823242e-01
9.992855787277221680e-01
9.997047781944274902e-01
8.283160328865051270e-01
9.976892471313476562e-01
9.994169473648071289e-01
9.997456669807434082e-01
8.819171786308288574e-01
7.395194768905639648e-01
9.982166290283203125e-01
8.564476370811462402e-01
8.528820872306823730e-01
9.993199706077575684e-01
7.376339435577392578e-01
8.327423334121704102e-01
9.730727076530456543e-01
9.516173601150512695e-01
9.996263980865478516e-01
9.479447007179260254e-01
7.692714333534240723e-01
9.862434267997741699e-01
9.241732358932495117e-01
9.954633116722106934e-01
9.995010495185852051e-01
9.778273105621337891e-01
8.175547122955322266e-01
9.978761672973632812e-01
9.993199110031127930e-01
9.828537106513977051e-01
8.279086947441101074e-01
9.177036881446838379e-01
9.739774465560913086e-01
9.992418289184570312e-01
9.794711470603942871e-01
9.116888642311096191e-01
9.732692241668701172e-01
8.786833882331848145e-01
5.477008223533630371e-01
9.444943070411682129e-01
9.264256954193115234e-01
9.517906904220581055e-01
8.782645463943481445e-01
9.970703721046447754e-01
8.956823348999023438e-01
9.901746511459350586e-01
9.844036698341369629e-01
9.962346553802490234e-01
9.820041656494140625e-01
9.591054916381835938e-01
9.303572177886962891e-01
8.780899047851562500e-01
9.101517200469970703e-01
6.228874623775482178e-01
5.943747162818908691e-01
9.023430943489074707e-01
9.174810051918029785e-01
7.771568149328231812e-01
9.259495735168457031e-01
9.633136391639709473e-01
8.244749903678894043e-01
8.973023295402526855e-01
7.046564221382141113e-01
8.417079448699951172e-01
6.437153816223144531e-01
9.366691708564758301e-01
7.800534367561340332e-01
9.027060866355895996e-01
7.492512464523315430e-01
7.603130191564559937e-01
5.425011515617370605e-01
6.276483535766601562e-01
4.744003117084503174e-01
4.783462285995483398e-01
4.285443425178527832e-01
7.130500078201293945e-01
8.790398836135864258e-01
4.540342688560485840e-01
8.759115338325500488e-01
7.854869961738586426e-01
7.963455915451049805e-01
6.322751939296722412e-01
7.874729633331298828e-01
9.103556275367736816e-01
8.821261525154113770e-01
9.047775864601135254e-01
9.566124081611633301e-01
9.731770157814025879e-01
7.190176248550415039e-01
8.496518731117248535e-01
9.571231007575988770e-01
9.938340783119201660e-01
8.387220501899719238e-01
9.564421176910400391e-01
9.354605078697204590e-01
9.975928664207458496e-01
9.132420420646667480e-01
8.333513736724853516e-01
8.567290902137756348e-01
9.506023526191711426e-01
8.356068879365921021e-01
9.785857200622558594e-01
7.230080962181091309e-01
5.024783611297607422e-01
2.063527703285217285e-01
2.501805424690246582e-01
8.387193679809570312e-01
6.175852417945861816e-01
7.047193050384521484e-01
3.936038911342620850e-01
6.704151034355163574e-01
6.362469792366027832e-01
5.356110334396362305e-01
7.968915700912475586e-01
5.633884668350219727e-01
7.514004707336425781e-01
4.242140054702758789e-01
7.148147821426391602e-01
4.201411008834838867e-01
8.097094893455505371e-01
7.354941964149475098e-01
8.122905492782592773e-01
9.096332788467407227e-01
8.318442553281784058e-01
8.317431807518005371e-01
7.722594738006591797e-01
8.229873776435852051e-01
7.119374871253967285e-01
8.331269025802612305e-01
8.626248538494110107e-01
8.322976827621459961e-01
7.707061767578125000e-01
5.119987726211547852e-01
4.798603057861328125e-01
4.453439712524414062e-01
5.840297937393188477e-01
4.559032917022705078e-01
7.644141912460327148e-01
6.749960780143737793e-01
8.326002955436706543e-01
6.267772912979125977e-01
8.127020001411437988e-01
7.679016441106796265e-01
6.932498216629028320e-01
6.584002077579498291e-01
6.790282130241394043e-01
6.931608915328979492e-01
6.801728010177612305e-01
6.323613524436950684e-01
5.350869894027709961e-01
5.840666890144348145e-01
3.869786262512207031e-01
3.238584995269775391e-01
3.767997324466705322e-01
4.649567008018493652e-01
4.757183194160461426e-01
4.103969335556030273e-01
6.028110980987548828e-01
5.103000402450561523e-01
3.980779051780700684e-01
3.420433700084686279e-01
4.811298549175262451e-01
4.981336891651153564e-01
4.518592953681945801e-01
3.598014712333679199e-01
5.676887631416320801e-01
3.199722766876220703e-01
3.299428820610046387e-01
2.610515356063842773e-01
3.536159396171569824e-01
3.290054202079772949e-01
3.086051344871520996e-01
3.663038611412048340e-01
2.524382174015045166e-01
3.071520328521728516e-01
2.602553665637969971e-01
2.774068117141723633e-01
3.742963671684265137e-01
3.840456306934356689e-01
4.396192729473114014e-01
3.708190321922302246e-01
3.216179013252258301e-01
3.558455109596252441e-01
3.918071985244750977e-01
2.791721820831298828e-01
3.738279342651367188e-01
3.236767649650573730e-01
3.251506686210632324e-01
3.242315053939819336e-01
3.604793548583984375e-01
3.959515988826751709e-01
