9.961766004562377930e-01
9.970693588256835938e-01
9.985863566398620605e-01
6.561008989810943604e-01
9.846214652061462402e-01
9.987663626670837402e-01
4.852566421031951904e-01
7.445484995841979980e-01
9.955805540084838867e-01
9.956941008567810059e-01
9.976858496665954590e-01
9.995087981224060059e-01
9.998688101768493652e-01
9.998847842216491699e-01
9.987072944641113281e-01
9.982871413230895996e-01
9.994984865188598633e-01
9.998257160186767578e-01
9.998814463615417480e-01
9.585264921188354492e-01
9.979286193847656250e-01
9.996428489685058594e-01
9.998295903205871582e-01
9.998399615287780762e-01
9.999109506607055664e-01
9.999142289161682129e-01
9.999448657035827637e-01
9.999305605888366699e-01
9.998197555541992188e-01
9.998757839202880859e-01
9.999055266380310059e-01
9.999178051948547363e-01
9.999440312385559082e-01
9.999418854713439941e-01
9.999035596847534180e-01
9.998966455459594727e-01
9.999222755432128906e-01
9.997323155403137207e-01
8.683731555938720703e-01
9.902617931365966797e-01
9.990102052688598633e-01
9.825883507728576660e-01
9.904158711433410645e-01
9.973536729812622070e-01
9.996388554573059082e-01
9.997205138206481934e-01
9.991372227668762207e-01
9.997714757919311523e-01
9.994429349899291992e-01
9.886516928672790527e-01
9.976730346679687500e-01
9.988632798194885254e-01
9.992343783378601074e-01
9.989780783653259277e-01
9.799096584320068359e-01
9.996398687362670898e-01
9.965515136718750000e-01
9.986956119537353516e-01
9.995298981666564941e-01
9.991936087608337402e-01
9.992500543594360352e-01
9.997799396514892578e-01
9.997813105583190918e-01
9.990816116333007812e-01
9.986083507537841797e-01
9.996698498725891113e-01
9.994683861732482910e-01
9.992074966430664062e-01
9.997434616088867188e-01
9.996848106384277344e-01
9.995759725570678711e-01
9.998304843902587891e-01
9.997964501380920410e-01
9.997387528419494629e-01
9.504719972610473633e-01
9.864230751991271973e-01
9.994155168533325195e-01
9.990013241767883301e-01
9.629235863685607910e-01
9.227214455604553223e-01
9.950820207595825195e-01
9.996527433395385742e-01
9.996467828750610352e-01
9.996614456176757812e-01
9.969293475151062012e-01
9.995779395103454590e-01
9.997296929359436035e-01
9.995840191841125488e-01
9.996832609176635742e-01
9.997469782829284668e-01
9.997490644454956055e-01
9.995936751365661621e-01
9.997321367263793945e-01
9.994388818740844727e-01
9.996249675750732422e-01
9.996819496154785156e-01
9.997399449348449707e-01
9.996582865715026855e-01
9.992510676383972168e-01
9.992896318435668945e-01
9.973306655883789062e-01
9.996002316474914551e-01
9.997530579566955566e-01
9.744903445243835449e-01
9.958209395408630371e-01
5.248768329620361328e-01
7.972840666770935059e-01
8.041206598281860352e-01
9.996883273124694824e-01
9.231958985328674316e-01
8.646326661109924316e-01
9.521460533142089844e-01
9.749948978424072266e-01
9.899949431419372559e-01
9.994455575942993164e-01
9.997675418853759766e-01
9.806177616119384766e-01
8.101967573165893555e-01
9.994747042655944824e-01
6.217737793922424316e-01
9.417224526405334473e-01
9.868094921112060547e-01
8.496434688568115234e-01
9.581023454666137695e-01
9.908657073974609375e-01
9.975699186325073242e-01
9.869959950447082520e-01
8.897917866706848145e-01
9.862809777259826660e-01
8.610155582427978516e-01
8.806628584861755371e-01
9.499920606613159180e-01
6.048644781112670898e-01
9.678933620452880859e-01
1.817585229873657227e-01
9.830400347709655762e-01
9.126780629158020020e-01
9.892776012420654297e-01
9.958975911140441895e-01
9.825236797332763672e-01
9.782671928405761719e-01
9.789387583732604980e-01
9.601108431816101074e-01
9.694896340370178223e-01
7.655733227729797363e-01
9.053492546081542969e-01
8.589627146720886230e-01
7.448615431785583496e-01
8.604981601238250732e-01
6.353449225425720215e-01
6.292552351951599121e-01
4.516995549201965332e-01
6.286952495574951172e-01
8.876023888587951660e-01
7.842088341712951660e-01
5.646954178810119629e-01
7.064387500286102295e-01
5.690872073173522949e-01
7.738636285066604614e-01
4.523397088050842285e-01
6.736770868301391602e-01
8.512478470802307129e-01
8.176365047693252563e-01
8.634825348854064941e-01
6.722576022148132324e-01
6.389185786247253418e-01
4.297240972518920898e-01
6.389157176017761230e-01
3.890826106071472168e-01
7.387097477912902832e-01
6.796389222145080566e-01
6.170117855072021484e-01
5.602216124534606934e-01
7.704374194145202637e-01
2.691348195075988770e-01
6.360496282577514648e-01
7.885861992835998535e-01
4.874681234359741211e-01
6.562091112136840820e-01
5.531313419342041016e-01
7.296749055385589600e-01
6.026515364646911621e-01
5.093017816543579102e-01
5.424352288246154785e-01
3.318676948547363281e-01
5.281766355037689209e-01
3.837161064147949219e-01
3.761931657791137695e-01
4.659075736999511719e-01
3.908875584602355957e-01
5.684882402420043945e-01
2.851116061210632324e-01
4.224945008754730225e-01
3.794315457344055176e-01
4.556895792484283447e-01
3.541816473007202148e-01
4.232165813446044922e-01
5.070697665214538574e-01
3.510573506355285645e-01
6.206042170524597168e-01
6.810014545917510986e-01
6.236151456832885742e-01
7.308948040008544922e-01
6.194335222244262695e-01
5.650352239608764648e-01
5.770078897476196289e-01
5.432849824428558350e-01
5.357056856155395508e-01
5.627470910549163818e-01
5.239769220352172852e-01
5.455677509307861328e-01
4.623445272445678711e-01
4.905068874359130859e-01
5.570387840270996094e-01
4.741183221340179443e-01
5.212181210517883301e-01
4.055234193801879883e-01
3.949376344680786133e-01
3.656294345855712891e-01
4.167919754981994629e-01
4.043539166450500488e-01
3.015323281288146973e-01
3.651841282844543457e-01
3.614668846130371094e-01
3.960361480712890625e-01
3.227682709693908691e-01
4.368476867675781250e-01
4.248905181884765625e-01
3.986733555793762207e-01
4.834160804748535156e-01
3.864310681819915771e-01
3.674805760383605957e-01
