9.961766004562377930e-01
9.970693588256835938e-01
9.985863566398620605e-01
6.561008989810943604e-01
9.846214652061462402e-01
9.987663626670837402e-01
4.852566719055175781e-01
7.445484995841979980e-01
9.955805540084838867e-01
9.956941008567810059e-01
9.976858496665954590e-01
9.995087981224060059e-01
9.998688101768493652e-01
9.998847842216491699e-01
9.987072944641113281e-01
9.982871413230895996e-01
9.994984865188598633e-01
9.998257160186767578e-01
9.998814463615417480e-01
9.585264921188354492e-01
9.979286193847656250e-01
9.996428489685058594e-01
9.998295903205871582e-01
9.998399615287780762e-01
9.999109506607055664e-01
9.999142289161682129e-01
9.999448657035827637e-01
9.999305605888366699e-01
9.998197555541992188e-01
9.998757839202880859e-01
9.999055266380310059e-01
9.999178051948547363e-01
9.999440312385559082e-01
9.999418854713439941e-01
9.999035596847534180e-01
9.998966455459594727e-01
9.999222755432128906e-01
9.997323155403137207e-01
8.683732002973556519e-01
9.904291629791259766e-01
9.989987015724182129e-01
9.996576309204101562e-01
9.932143092155456543e-01
9.327992796897888184e-01
9.825701117515563965e-01
5.150876045227050781e-01
7.858385890722274780e-01
9.968463182449340820e-01
7.040547430515289307e-01
9.976674318313598633e-01
9.989919662475585938e-01
9.994336962699890137e-01
9.994859695434570312e-01
9.996322989463806152e-01
9.996432065963745117e-01
9.998582601547241211e-01
9.993819594383239746e-01
9.991700649261474609e-01
9.996614456176757812e-01
9.996401667594909668e-01
9.997048974037170410e-01
9.996713995933532715e-01
9.997944831848144531e-01
9.991906285285949707e-01
9.987820386886596680e-01
9.994628429412841797e-01
9.993785023689270020e-01
9.992960691452026367e-01
9.989032745361328125e-01
9.990501403808593750e-01
9.995911717414855957e-01
9.995341300964355469e-01
9.971236586570739746e-01
9.985302090644836426e-01
9.988558292388916016e-01
9.990263581275939941e-01
9.956414699554443359e-01
9.997657537460327148e-01
9.995997548103332520e-01
9.977962374687194824e-01
9.994215369224548340e-01
9.975769519805908203e-01
9.996459484100341797e-01
9.926419854164123535e-01
9.959005117416381836e-01
9.996045827865600586e-01
9.993013739585876465e-01
9.995566606521606445e-01
9.996849894523620605e-01
9.994433522224426270e-01
9.991196393966674805e-01
9.978943467140197754e-01
9.997678399085998535e-01
9.991338849067687988e-01
9.995691776275634766e-01
9.992293119430541992e-01
9.995170831680297852e-01
9.991745948791503906e-01
9.988496303558349609e-01
9.992779493331909180e-01
9.993295073509216309e-01
9.978057146072387695e-01
9.989075064659118652e-01
9.985058903694152832e-01
9.994527697563171387e-01
9.971525073051452637e-01
9.993585944175720215e-01
9.994968771934509277e-01
9.981966018676757812e-01
9.967574477195739746e-01
9.988304972648620605e-01
9.983511567115783691e-01
9.994310140609741211e-01
9.975846409797668457e-01
9.992682933807373047e-01
9.993789196014404297e-01
9.987850785255432129e-01
9.991824030876159668e-01
9.991173148155212402e-01
9.988296627998352051e-01
9.306322932243347168e-01
8.791567683219909668e-01
9.705871343612670898e-01
9.970946907997131348e-01
9.769958257675170898e-01
9.322982430458068848e-01
9.830365777015686035e-01
9.868469238281250000e-01
9.876247644424438477e-01
9.953002929687500000e-01
9.599283933639526367e-01
9.968277812004089355e-01
9.272658452391624451e-01
9.545633792877197266e-01
9.425103664398193359e-01
9.283996224403381348e-01
8.472316265106201172e-01
9.544020295143127441e-01
9.544439911842346191e-01
9.762349128723144531e-01
9.586573243141174316e-01
9.026944637298583984e-01
9.448921084403991699e-01
8.203025460243225098e-01
8.168517351150512695e-01
7.072408795356750488e-01
4.264424145221710205e-01
7.409668862819671631e-01
3.661246299743652344e-01
4.548479318618774414e-01
2.724416851997375488e-01
4.194931685924530029e-01
3.490791916847229004e-01
4.730831980705261230e-01
6.428388953208923340e-01
4.053157567977905273e-01
4.351754784584045410e-01
3.734652996063232422e-01
3.723061680793762207e-01
3.706315159797668457e-01
4.636315703392028809e-01
5.437323451042175293e-01
5.419891476631164551e-01
5.659911930561065674e-01
5.312747955322265625e-01
6.346691846847534180e-01
4.849172234535217285e-01
4.928956031799316406e-01
6.057160794734954834e-01
5.892881155014038086e-01
3.358808159828186035e-01
4.354735612869262695e-01
3.510870635509490967e-01
4.124596714973449707e-01
3.124237656593322754e-01
4.016532897949218750e-01
3.331753611564636230e-01
4.623499512672424316e-01
4.657053053379058838e-01
5.639941096305847168e-01
5.115495324134826660e-01
4.301885068416595459e-01
2.779405415058135986e-01
3.369875550270080566e-01
4.577426910400390625e-01
3.861131668090820312e-01
4.438438415527343750e-01
5.226732790470123291e-01
