9.961766004562377930e-01
9.970693588256835938e-01
9.985863566398620605e-01
6.561009287834167480e-01
9.846214652061462402e-01
9.987663626670837402e-01
4.852566719055175781e-01
7.445484995841979980e-01
9.955805540084838867e-01
9.956941008567810059e-01
9.976858496665954590e-01
9.995087981224060059e-01
9.998688101768493652e-01
9.988949298858642578e-01
9.980537891387939453e-01
9.995019435882568359e-01
9.994032979011535645e-01
9.998383522033691406e-01
9.998545050621032715e-01
9.711165428161621094e-01
9.987674951553344727e-01
9.995027184486389160e-01
9.998295903205871582e-01
9.998399615287780762e-01
9.999109506607055664e-01
9.999390244483947754e-01
9.999343156814575195e-01
9.991904497146606445e-01
9.998719096183776855e-01
9.999049305915832520e-01
9.999081492424011230e-01
9.999242424964904785e-01
9.999417066574096680e-01
9.999031424522399902e-01
9.998953342437744141e-01
9.999220967292785645e-01
9.999186992645263672e-01
9.997808337211608887e-01
9.881086349487304688e-01
9.897111058235168457e-01
9.991150498390197754e-01
9.996076822280883789e-01
9.932143092155456543e-01
5.632083415985107422e-01
9.821324348449707031e-01
5.096016526222229004e-01
7.874073982238769531e-01
9.966818094253540039e-01
9.983889460563659668e-01
9.983357191085815430e-01
8.591412901878356934e-01
9.761436581611633301e-01
9.704142678529024124e-01
9.995188713073730469e-01
9.994989633560180664e-01
9.997161030769348145e-01
9.981753230094909668e-01
9.995011687278747559e-01
9.996249675750732422e-01
9.996074438095092773e-01
9.996797442436218262e-01
9.996515512466430664e-01
9.997828006744384766e-01
9.990590810775756836e-01
9.985678791999816895e-01
9.996683001518249512e-01
9.995976090431213379e-01
9.990347027778625488e-01
9.997236728668212891e-01
9.996620416641235352e-01
9.995358586311340332e-01
9.998793005943298340e-01
9.998120665550231934e-01
9.997183680534362793e-01
7.472465038299560547e-01
9.286798834800720215e-01
9.949356913566589355e-01
9.971358776092529297e-01
9.995778799057006836e-01
9.994907975196838379e-01
9.995753765106201172e-01
9.996076822280883789e-01
9.996610283851623535e-01
9.996408820152282715e-01
9.997154474258422852e-01
9.997329711914062500e-01
9.995818138122558594e-01
9.996423721313476562e-01
9.994412064552307129e-01
9.991875290870666504e-01
9.996988773345947266e-01
9.996348023414611816e-01
9.997125864028930664e-01
9.993304610252380371e-01
9.992005228996276855e-01
9.992339015007019043e-01
9.988653659820556641e-01
9.994194507598876953e-01
9.989203214645385742e-01
9.985870122909545898e-01
9.994301795959472656e-01
9.993651509284973145e-01
9.991913437843322754e-01
9.992492794990539551e-01
9.996392130851745605e-01
3.961291313171386719e-01
7.299135923385620117e-01
9.981986284255981445e-01
9.734067916870117188e-01
9.994685053825378418e-01
9.994243383407592773e-01
9.987872242927551270e-01
9.962938427925109863e-01
9.988490939140319824e-01
9.995397329330444336e-01
9.991934299468994141e-01
9.989622235298156738e-01
9.997665882110595703e-01
9.987343549728393555e-01
9.268065094947814941e-01
9.737520217895507812e-01
9.908565282821655273e-01
9.980207681655883789e-01
9.966585040092468262e-01
9.367541074752807617e-01
9.944862127304077148e-01
8.159378170967102051e-01
9.098574519157409668e-01
9.264724254608154297e-01
9.028302431106567383e-01
5.094586610794067383e-01
8.244493007659912109e-01
9.510993957519531250e-01
9.814646840095520020e-01
9.276388883590698242e-01
9.720354676246643066e-01
9.594247341156005859e-01
9.934196937829256058e-01
9.824491739273071289e-01
9.906641840934753418e-01
9.924463629722595215e-01
9.950009584426879883e-01
9.942947030067443848e-01
9.910326004028320312e-01
9.863487482070922852e-01
9.556201696395874023e-01
9.411278963088989258e-01
8.890131711959838867e-01
9.416567087173461914e-01
7.541723847389221191e-01
9.723986387252807617e-01
8.879238963127136230e-01
9.618499279022216797e-01
8.980307579040527344e-01
9.666568040847778320e-01
8.327316045761108398e-01
9.401016235351562500e-01
9.719971418380737305e-01
9.774885773658752441e-01
9.597109556198120117e-01
8.814323544502258301e-01
9.544759988784790039e-01
8.542206287384033203e-01
9.768697023391723633e-01
5.390204489231109619e-01
7.815483808517456055e-01
2.841987013816833496e-01
7.214512228965759277e-01
7.453618049621582031e-01
9.378641247749328613e-01
8.712819814682006836e-01
9.806775450706481934e-01
9.823065996170043945e-01
9.923374652862548828e-01
4.812371134757995605e-01
9.405109286308288574e-01
8.041151165962219238e-01
9.569373726844787598e-01
7.924590110778808594e-01
9.530710577964782715e-01
9.953106641769409180e-01
9.744034409523010254e-01
9.883898496627807617e-01
9.811596274375915527e-01
9.779243469238281250e-01
8.364449739456176758e-01
9.913857579231262207e-01
8.599869012832641602e-01
8.971161842346191406e-01
9.533119797706604004e-01
9.189437627792358398e-01
9.942273497581481934e-01
9.941853880882263184e-01
9.569317102432250977e-01
8.346333503723144531e-01
9.109159111976623535e-01
7.852630615234375000e-01
8.450131416320800781e-01
5.991265177726745605e-01
7.379844188690185547e-01
7.802121639251708984e-01
7.443428635597229004e-01
4.554192423820495605e-01
7.923647165298461914e-01
8.653066456317901611e-01
9.355208873748779297e-01
4.937496185302734375e-01
9.297876954078674316e-01
8.981230854988098145e-01
9.279127717018127441e-01
8.613484501838684082e-01
8.681714534759521484e-01
9.201044440269470215e-01
8.321064859628677368e-01
9.279642105102539062e-01
4.085944592952728271e-01
6.522255539894104004e-01
7.966374158859252930e-01
9.180538654327392578e-01
6.560577154159545898e-01
7.325232625007629395e-01
8.783118724822998047e-01
8.237977623939514160e-01
6.705961525440216064e-01
6.152858734130859375e-01
4.826044738292694092e-01
6.862206459045410156e-01
5.096048712730407715e-01
6.538572907447814941e-01
5.377606153488159180e-01
5.590291619300842285e-01
7.523409128189086914e-01
4.810912609100341797e-01
6.178268194198608398e-01
5.493483543395996094e-01
6.296529173851013184e-01
4.551509320735931396e-01
6.691414415836334229e-01
4.851522445678710938e-01
5.779731571674346924e-01
5.105394423007965088e-01
5.240565538406372070e-01
5.050203204154968262e-01
5.239374935626983643e-01
3.317080140113830566e-01
3.433972895145416260e-01
3.133081793785095215e-01
2.510318160057067871e-01
3.996280729770660400e-01
4.186465144157409668e-01
4.123412072658538818e-01
3.224703669548034668e-01
3.638290166854858398e-01
4.151223897933959961e-01
3.512160778045654297e-01
3.281990289688110352e-01
4.152305126190185547e-01
4.340097308158874512e-01
4.126563072204589844e-01
4.180340170860290527e-01
4.323882460594177246e-01
4.354824721813201904e-01
3.020369410514831543e-01
2.102720141410827637e-01
2.892167568206787109e-01
2.634305357933044434e-01
3.162672519683837891e-01
2.496594190597534180e-01
2.432748824357986450e-01
2.900754809379577637e-01
2.907223403453826904e-01
3.604964315891265869e-01
3.263175189495086670e-01
