9.961766004562377930e-01
9.970693588256835938e-01
9.985863566398620605e-01
9.985475540161132812e-01
9.888774156570434570e-01
9.962951540946960449e-01
9.985373020172119141e-01
9.988109469413757324e-01
9.997157454490661621e-01
9.998130202293395996e-01
9.997883439064025879e-01
9.998253583908081055e-01
9.998214244842529297e-01
9.957538843154907227e-01
9.980084300041198730e-01
9.993894696235656738e-01
9.994751214981079102e-01
9.998387098312377930e-01
9.998492598533630371e-01
9.998777508735656738e-01
9.991062879562377930e-01
9.982780814170837402e-01
9.998444914817810059e-01
9.998309016227722168e-01
9.999226331710815430e-01
9.999374151229858398e-01
9.999122619628906250e-01
9.999329447746276855e-01
9.998830556869506836e-01
9.998652935028076172e-01
9.999151825904846191e-01
9.999077916145324707e-01
9.999239444732666016e-01
9.999262094497680664e-01
9.999413490295410156e-01
9.999068379402160645e-01
9.998922348022460938e-01
9.997408390045166016e-01
9.997295141220092773e-01
9.997799992561340332e-01
9.914627671241760254e-01
9.996063709259033203e-01
9.952646493911743164e-01
9.981680512428283691e-01
9.996522068977355957e-01
9.996588230133056641e-01
9.997110366821289062e-01
9.996843338012695312e-01
9.990916848182678223e-01
9.999026060104370117e-01
9.993339180946350098e-01
9.994246959686279297e-01
9.976253509521484375e-01
9.965784549713134766e-01
9.990975260734558105e-01
9.989885091781616211e-01
9.998226165771484375e-01
9.989417791366577148e-01
9.991997480392456055e-01
9.997078180313110352e-01
9.996504187583923340e-01
9.997047185897827148e-01
9.994813799858093262e-01
9.993429183959960938e-01
9.997954368591308594e-01
9.994473457336425781e-01
9.991036653518676758e-01
9.987291097640991211e-01
9.990844130516052246e-01
9.994609951972961426e-01
9.965229630470275879e-01
9.995351433753967285e-01
9.948723679408431053e-01
9.957565665245056152e-01
9.978094100952148438e-01
9.917512536048889160e-01
9.888318181037902832e-01
9.888257384300231934e-01
9.993563890457153320e-01
9.994180798530578613e-01
9.991028308868408203e-01
9.976779818534851074e-01
9.993594288825988770e-01
9.993793368339538574e-01
9.983693361282348633e-01
9.989246129989624023e-01
9.990646243095397949e-01
9.989485144615173340e-01
9.934046864509582520e-01
9.992620944976806641e-01
9.992071390151977539e-01
9.980364441871643066e-01
9.990497231483459473e-01
9.968298077583312988e-01
9.987545013427734375e-01
9.992825388908386230e-01
9.983450174331665039e-01
9.985032677650451660e-01
9.994347095489501953e-01
9.993395209312438965e-01
9.986175894737243652e-01
9.980504512786865234e-01
9.988746047019958496e-01
9.994990229606628418e-01
9.987511634826660156e-01
9.993199706077575684e-01
9.985654354095458984e-01
9.957907199859619141e-01
9.972549080848693848e-01
9.990016222000122070e-01
9.991006851196289062e-01
9.860510826110839844e-01
9.989426136016845703e-01
9.977372288703918457e-01
9.985961318016052246e-01
9.980153441429138184e-01
9.992434382438659668e-01
9.986534118652343750e-01
9.928681850433349609e-01
9.982408285140991211e-01
9.983511567115783691e-01
9.994086027145385742e-01
9.982928633689880371e-01
9.325078725814819336e-01
9.476651549339294434e-01
9.518458843231201172e-01
9.972195029258728027e-01
9.810664653778076172e-01
9.556573033332824707e-01
9.799409508705139160e-01
9.884375333786010742e-01
9.828402400016784668e-01
9.983924031257629395e-01
9.815072417259216309e-01
9.927656054496765137e-01
9.803020954132080078e-01
9.902594685554504395e-01
9.910061955451965332e-01
9.925706386566162109e-01
9.934310913085937500e-01
9.967802762985229492e-01
9.893159270286560059e-01
9.957749247550964355e-01
9.921643733978271484e-01
9.873589873313903809e-01
9.735169000923633575e-01
9.405850768089294434e-01
9.698024988174438477e-01
9.603132009506225586e-01
6.743262410163879395e-01
8.075775504112243652e-01
6.690471172332763672e-01
9.241434931755065918e-01
6.590124666690826416e-01
8.521458506584167480e-01
9.263256788253784180e-01
6.107206344604492188e-01
8.059818148612976074e-01
6.255230903625488281e-01
8.066364526748657227e-01
7.850410342216491699e-01
7.258113622665405273e-01
7.200698256492614746e-01
8.211697936058044434e-01
7.000749707221984863e-01
8.489427566528320312e-01
6.347077786922454834e-01
5.580404102802276611e-01
3.683413863182067871e-01
2.689423561096191406e-01
3.076635599136352539e-01
3.512676358222961426e-01
4.055013656616210938e-01
4.255751073360443115e-01
3.756513893604278564e-01
3.667833209037780762e-01
4.284977316856384277e-01
2.575967311859130859e-01
2.912781834602355957e-01
3.400002121925354004e-01
2.654331624507904053e-01
2.264225482940673828e-01
3.073137402534484863e-01
3.279039859771728516e-01
2.450484037399291992e-01
2.992360591888427734e-01
2.902172803878784180e-01
3.419948816299438477e-01
2.480842471122741699e-01
3.447018265724182129e-01
3.756934702396392822e-01
3.241425156593322754e-01
4.356348514556884766e-01
2.994526922702789307e-01
3.291559219360351562e-01
3.672134280204772949e-01
3.076179027557373047e-01
2.970668077468872070e-01
3.442234396934509277e-01
3.854444921016693115e-01
3.725675046443939209e-01
