9.961766004562377930e-01
9.970693588256835938e-01
9.985863566398620605e-01
6.561008989810943604e-01
9.846214652061462402e-01
9.987663626670837402e-01
4.852566719055175781e-01
7.445484995841979980e-01
9.955805540084838867e-01
9.956941008567810059e-01
9.976858496665954590e-01
9.995087981224060059e-01
9.998688101768493652e-01
9.998847842216491699e-01
9.987072944641113281e-01
9.982871413230895996e-01
9.994984865188598633e-01
9.998257160186767578e-01
9.998814463615417480e-01
9.585264921188354492e-01
9.979286193847656250e-01
9.996428489685058594e-01
9.998295903205871582e-01
9.998399615287780762e-01
9.999109506607055664e-01
9.999142289161682129e-01
9.999448657035827637e-01
9.999305605888366699e-01
9.999287724494934082e-01
9.998864531517028809e-01
9.998669624328613281e-01
9.999229907989501953e-01
9.999395012855529785e-01
9.999026060104370117e-01
9.998983144760131836e-01
9.999214410781860352e-01
9.999217987060546875e-01
9.997813701629638672e-01
8.393104076385498047e-01
9.897111058235168457e-01
9.991248846054077148e-01
9.996002316474914551e-01
9.925641417503356934e-01
5.648561120033264160e-01
9.842113852500915527e-01
5.431735515594482422e-01
8.101670742034912109e-01
9.968259334564208984e-01
7.018473148345947266e-01
9.977641105651855469e-01
9.990464448928833008e-01
9.994394183158874512e-01
9.994606375694274902e-01
9.996361136436462402e-01
9.996407032012939453e-01
9.998575448989868164e-01
9.993604421615600586e-01
9.992014169692993164e-01
9.996540546417236328e-01
9.996301531791687012e-01
9.997019171714782715e-01
9.996787309646606445e-01
9.997921586036682129e-01
9.991849064826965332e-01
9.987161159515380859e-01
9.995239973068237305e-01
9.993637800216674805e-01
9.992960691452026367e-01
9.988561868667602539e-01
9.990606904029846191e-01
9.995868206024169922e-01
9.987087249755859375e-01
9.991423487663269043e-01
9.990127682685852051e-01
9.969607591629028320e-01
9.991478919982910156e-01
9.992899298667907715e-01
9.995362758636474609e-01
9.991906285285949707e-01
9.993277788162231445e-01
8.170261979103088379e-01
9.441150426864624023e-01
9.985577464103698730e-01
9.994138479232788086e-01
9.986644387245178223e-01
9.996644854545593262e-01
9.996738433837890625e-01
9.996845126152038574e-01
9.998281598091125488e-01
9.997938275337219238e-01
9.998238682746887207e-01
9.998404979705810547e-01
9.997762441635131836e-01
9.988943934440612793e-01
9.997022747993469238e-01
9.994819164276123047e-01
9.995806813240051270e-01
9.994829893112182617e-01
9.977430105209350586e-01
9.992790818214416504e-01
9.993209242820739746e-01
9.997361898422241211e-01
9.994797110557556152e-01
9.996418952941894531e-01
9.990288019180297852e-01
9.996549487113952637e-01
9.995953440666198730e-01
9.997421503067016602e-01
9.987950325012207031e-01
9.985297918319702148e-01
9.926992058753967285e-01
9.912158250808715820e-01
9.990381598472595215e-01
9.986186623573303223e-01
9.992629885673522949e-01
9.992321133613586426e-01
9.862942099571228027e-01
9.987449049949645996e-01
9.994384646415710449e-01
9.994450807571411133e-01
9.598394036293029785e-01
9.793709516525268555e-01
9.985305666923522949e-01
5.514987111091613770e-01
9.435088634490966797e-01
9.878785610198974609e-01
9.981106519699096680e-01
9.745349884033203125e-01
7.978503108024597168e-01
9.516595602035522461e-01
9.981514215469360352e-01
9.902472496032714844e-01
8.114415407180786133e-01
9.555959105491638184e-01
9.269819855690002441e-01
9.616241455078125000e-01
9.931605458259582520e-01
9.957562088966369629e-01
9.908104538917541504e-01
9.884212017059326172e-01
9.818919301033020020e-01
9.956145882606506348e-01
9.857296347618103027e-01
9.863835573196411133e-01
8.228554725646972656e-01
9.454559087753295898e-01
6.123422980308532715e-01
8.575823903083801270e-01
8.002774715423583984e-01
8.161256909370422363e-01
7.176089584827423096e-01
8.896543979644775391e-01
9.398099780082702637e-01
9.093188643455505371e-01
8.835806250572204590e-01
8.936095833778381348e-01
6.870723962783813477e-01
8.445868492126464844e-01
4.487014114856719971e-01
6.555608510971069336e-01
8.508125543594360352e-01
7.255413532257080078e-01
6.284400820732116699e-01
6.464728713035583496e-01
4.988826811313629150e-01
3.734819889068603516e-01
4.371681809425354004e-01
4.833717942237854004e-01
3.787193894386291504e-01
5.685420632362365723e-01
6.426749527454376221e-01
3.634127378463745117e-01
4.582476019859313965e-01
6.867952942848205566e-01
4.867818951606750488e-01
6.235271692276000977e-01
7.639265954494476318e-01
6.449306607246398926e-01
6.110233962535858154e-01
5.172708630561828613e-01
6.159469485282897949e-01
2.328346371650695801e-01
3.259912431240081787e-01
4.240547418594360352e-01
4.039003849029541016e-01
2.896481156349182129e-01
3.059186339378356934e-01
2.769391536712646484e-01
2.788910269737243652e-01
3.450006842613220215e-01
3.857864141464233398e-01
4.203756153583526611e-01
4.840807914733886719e-01
5.561661720275878906e-01
6.496072411537170410e-01
4.927341341972351074e-01
4.077281355857849121e-01
3.215069472789764404e-01
3.376286029815673828e-01
4.327719211578369141e-01
3.065589368343353271e-01
3.473519086837768555e-01
3.548487126827239990e-01
3.640296161174774170e-01
4.248219132423400879e-01
3.755961060523986816e-01
3.991704881191253662e-01
5.156487822532653809e-01
4.799989461898803711e-01
6.065219938755035400e-01
3.741849064826965332e-01
4.676098525524139404e-01
3.461894392967224121e-01
3.792917132377624512e-01
3.909143209457397461e-01
3.830180168151855469e-01
3.317462205886840820e-01
4.847334623336791992e-01
3.840072453022003174e-01
3.827608227729797363e-01
4.196423292160034180e-01
4.111669659614562988e-01
3.150904178619384766e-01
