9.961766004562377930e-01
9.970693588256835938e-01
9.985863566398620605e-01
6.561008989810943604e-01
9.846214652061462402e-01
9.987663626670837402e-01
4.852566719055175781e-01
7.445484995841979980e-01
9.955805540084838867e-01
9.956941008567810059e-01
9.976858496665954590e-01
9.995087981224060059e-01
9.998688101768493652e-01
9.988949298858642578e-01
9.980537891387939453e-01
9.995019435882568359e-01
9.994032979011535645e-01
9.998383522033691406e-01
9.996592998504638672e-01
9.997584819793701172e-01
9.982847571372985840e-01
9.994903206825256348e-01
9.603801965713500977e-01
7.001985907554626465e-01
9.839369263499975204e-01
9.987803101539611816e-01
9.952976703643798828e-01
9.971746802330017090e-01
9.990137815475463867e-01
9.996983408927917480e-01
9.998369812965393066e-01
9.998221993446350098e-01
9.998894333839416504e-01
9.998966455459594727e-01
9.995788335800170898e-01
9.995138049125671387e-01
9.997580051422119141e-01
9.979324340820312500e-01
9.985454678535461426e-01
9.980496168136596680e-01
7.557452917098999023e-01
9.278258085250854492e-01
9.932685494422912598e-01
4.027355313301086426e-01
9.275781512260437012e-01
7.121807336807250977e-01
9.981433153152465820e-01
9.950803518295288086e-01
9.988999962806701660e-01
9.901801347732543945e-01
9.763608574867248535e-01
9.975835084915161133e-01
9.995422363281250000e-01
9.996014237403869629e-01
9.994063973426818848e-01
9.997736215591430664e-01
9.993621706962585449e-01
9.989005327224731445e-01
9.995591640472412109e-01
9.994887709617614746e-01
9.996039867401123047e-01
9.996553659439086914e-01
9.996948242187500000e-01
9.995954632759094238e-01
9.978662729263305664e-01
9.997019171714782715e-01
9.988601803779602051e-01
9.969192147254943848e-01
9.996027350425720215e-01
9.990957379341125488e-01
9.997091889381408691e-01
9.970357418060302734e-01
9.941250085830688477e-01
9.973524212837219238e-01
9.977632761001586914e-01
9.990602731704711914e-01
9.939697384834289551e-01
9.986032247543334961e-01
7.971064448356628418e-01
9.959711432456970215e-01
9.994846582412719727e-01
9.990124702453613281e-01
9.991500377655029297e-01
9.979549646377563477e-01
9.995281100273132324e-01
9.996783137321472168e-01
9.996752738952636719e-01
9.965584278106689453e-01
9.944317340850830078e-01
9.995188713073730469e-01
9.989307522773742676e-01
9.994627833366394043e-01
9.992513656616210938e-01
9.996557831764221191e-01
9.992612600326538086e-01
9.995759129524230957e-01
9.996168613433837891e-01
9.992812275886535645e-01
9.996389150619506836e-01
9.992255568504333496e-01
9.995763897895812988e-01
9.987553954124450684e-01
9.968618154525756836e-01
9.992800951004028320e-01
9.994064569473266602e-01
9.991302490234375000e-01
9.995241761207580566e-01
9.990623593330383301e-01
9.995858073234558105e-01
9.949191212654113770e-01
9.928567409515380859e-01
9.981912374496459961e-01
9.974049329757690430e-01
9.954419732093811035e-01
9.989278912544250488e-01
9.993258714675903320e-01
9.987618923187255859e-01
9.931168556213378906e-01
9.889715909957885742e-01
9.976292252540588379e-01
9.976636171340942383e-01
9.996144175529479980e-01
9.995206594467163086e-01
9.990590214729309082e-01
9.989828467369079590e-01
9.983288049697875977e-01
9.975640177726745605e-01
9.076511263847351074e-01
9.803373217582702637e-01
9.704754948616027832e-01
9.940863251686096191e-01
9.991883039474487305e-01
8.550717234611511230e-01
8.527075648307800293e-01
9.987536668777465820e-01
4.560129642486572266e-01
8.972405791282653809e-01
9.267799258232116699e-01
9.830979108810424805e-01
9.656230807304382324e-01
9.146381020545959473e-01
9.163669124245643616e-01
9.742587804794311523e-01
9.408910870552062988e-01
9.862183928489685059e-01
9.532027244567871094e-01
6.814842820167541504e-01
7.334678769111633301e-01
6.048258543014526367e-01
4.177441596984863281e-01
2.370246052742004395e-01
7.279253602027893066e-01
6.407577395439147949e-01
2.154131382703781128e-01
6.775796413421630859e-01
8.459356427192687988e-01
2.704590857028961182e-01
6.701369285583496094e-01
3.381094336509704590e-01
4.690459966659545898e-01
4.444454610347747803e-01
5.864856839179992676e-01
5.129879713058471680e-01
3.955977559089660645e-01
4.547997117042541504e-01
3.817597031593322754e-01
3.381021618843078613e-01
3.037184476852416992e-01
4.332465529441833496e-01
3.416117429733276367e-01
3.122484683990478516e-01
4.409201145172119141e-01
3.471508920192718506e-01
2.598259150981903076e-01
3.073400855064392090e-01
2.724926471710205078e-01
2.566257119178771973e-01
3.285041451454162598e-01
2.981051802635192871e-01
2.877935171127319336e-01
2.658715248107910156e-01
2.675055861473083496e-01
2.706454396247863770e-01
3.446557223796844482e-01
3.839371800422668457e-01
3.143915235996246338e-01
3.198769688606262207e-01
4.763505458831787109e-01
3.307740688323974609e-01
4.760717153549194336e-01
3.105335235595703125e-01
3.906784057617187500e-01
4.445077776908874512e-01
3.248407244682312012e-01
4.368628263473510742e-01
3.643513917922973633e-01
3.864002227783203125e-01
3.282678723335266113e-01
3.473994731903076172e-01
4.006425738334655762e-01
4.486947655677795410e-01
4.281799197196960449e-01
4.593594074249267578e-01
4.683642387390136719e-01
4.246062934398651123e-01
