9.961766004562377930e-01
9.970693588256835938e-01
9.985863566398620605e-01
6.561009287834167480e-01
9.846214652061462402e-01
9.987663626670837402e-01
4.852566719055175781e-01
7.445484995841979980e-01
9.955805540084838867e-01
9.956941008567810059e-01
9.976858496665954590e-01
9.995087981224060059e-01
9.998688101768493652e-01
9.998847842216491699e-01
9.987072944641113281e-01
9.982871413230895996e-01
9.994984865188598633e-01
9.998257160186767578e-01
9.998814463615417480e-01
9.585264921188354492e-01
9.979286193847656250e-01
9.996428489685058594e-01
9.998295903205871582e-01
9.998399615287780762e-01
9.999109506607055664e-01
9.999142289161682129e-01
9.999448657035827637e-01
9.999305605888366699e-01
9.998197555541992188e-01
9.998757839202880859e-01
9.999055266380310059e-01
9.999178051948547363e-01
9.999440312385559082e-01
9.998990893363952637e-01
9.998912811279296875e-01
9.999257326126098633e-01
9.999186992645263672e-01
9.997813701629638672e-01
9.997540116310119629e-01
9.997556209564208984e-01
9.972718358039855957e-01
9.777642488479614258e-01
9.919980168342590332e-01
9.362037181854248047e-01
9.820830225944519043e-01
9.994818568229675293e-01
9.290402531623840332e-01
3.197505474090576172e-01
6.605982780456542969e-01
9.802182912826538086e-01
9.273202419281005859e-01
9.626546502113342285e-01
9.839551448822021484e-01
9.675048589706420898e-01
9.997705221176147461e-01
9.998386502265930176e-01
9.992519021034240723e-01
9.992069602012634277e-01
9.996322393417358398e-01
9.996089339256286621e-01
9.996806383132934570e-01
9.996571540832519531e-01
9.997818470001220703e-01
9.990764856338500977e-01
9.985332489013671875e-01
9.996715188026428223e-01
9.995936155319213867e-01
9.991454482078552246e-01
9.996227622032165527e-01
9.992763400077819824e-01
9.998278617858886719e-01
9.949829578399658203e-01
9.991817474365234375e-01
9.989616870880126953e-01
9.991491436958312988e-01
9.996232986450195312e-01
4.897844791412353516e-01
9.613870382308959961e-01
9.997453689575195312e-01
9.770102500915527344e-01
9.976068735122680664e-01
9.982112646102905273e-01
9.981037974357604980e-01
9.976120591163635254e-01
9.992744922637939453e-01
9.995614290237426758e-01
9.997284412384033203e-01
9.996649026870727539e-01
9.996770024299621582e-01
9.987697601318359375e-01
9.984273314476013184e-01
9.995353221893310547e-01
9.997243285179138184e-01
9.997793436050415039e-01
9.993489980697631836e-01
9.988161325454711914e-01
9.998026490211486816e-01
9.993438124656677246e-01
9.996232390403747559e-01
9.993112087249755859e-01
9.996353983879089355e-01
9.936416149139404297e-01
9.988191127777099609e-01
9.994323849678039551e-01
9.996232986450195312e-01
9.994577169418334961e-01
9.954484701156616211e-01
9.980347156524658203e-01
9.958427548408508301e-01
9.706156849861145020e-01
9.982491731643676758e-01
9.950883984565734863e-01
9.995979666709899902e-01
9.991086125373840332e-01
9.994859695434570312e-01
9.997495412826538086e-01
9.991897344589233398e-01
9.962472319602966309e-01
9.981942772865295410e-01
9.967868924140930176e-01
9.991376399993896484e-01
9.994715452194213867e-01
9.993187785148620605e-01
9.979932308197021484e-01
9.934586286544799805e-01
9.930161237716674805e-01
7.877552509307861328e-01
9.005501270294189453e-01
9.853935837745666504e-01
7.302368283271789551e-01
8.573453426361083984e-01
7.409857511520385742e-01
9.526327252388000488e-01
6.591173112392425537e-01
6.087459027767181396e-01
7.823168337345123291e-01
9.404607415199279785e-01
8.215337395668029785e-01
8.932899981737136841e-01
8.847727775573730469e-01
9.217051044106483459e-01
8.594810366630554199e-01
9.327003955841064453e-01
6.987678408622741699e-01
8.606421351432800293e-01
9.089198112487792969e-01
8.724746108055114746e-01
4.944669902324676514e-01
7.100037336349487305e-01
2.172365784645080566e-01
6.185708045959472656e-01
3.960239291191101074e-01
6.492263078689575195e-01
6.404569149017333984e-01
6.533946990966796875e-01
7.102648615837097168e-01
4.805683493614196777e-01
4.996477961540222168e-01
4.069376587867736816e-01
6.521909236907958984e-01
5.065420269966125488e-01
6.835541129112243652e-01
6.752305328845977783e-01
6.334468126296997070e-01
4.614734351634979248e-01
5.855000019073486328e-01
4.843944311141967773e-01
5.479758977890014648e-01
4.736548066139221191e-01
4.400106668472290039e-01
5.213248729705810547e-01
3.846538662910461426e-01
5.291324257850646973e-01
2.412322163581848145e-01
3.309057950973510742e-01
2.580165266990661621e-01
4.511173963546752930e-01
4.465628266334533691e-01
4.285843074321746826e-01
4.070745110511779785e-01
3.519810140132904053e-01
3.646773099899291992e-01
4.734228849411010742e-01
4.395210444927215576e-01
4.332574009895324707e-01
4.505072236061096191e-01
3.866631984710693359e-01
6.018510162830352783e-01
5.014292299747467041e-01
5.838084816932678223e-01
4.290260076522827148e-01
4.814988970756530762e-01
4.931475520133972168e-01
3.719529211521148682e-01
3.855305910110473633e-01
4.856109023094177246e-01
3.764191865921020508e-01
5.873357355594635010e-01
5.096554756164550781e-01
6.831204891204833984e-01
5.782038569450378418e-01
5.762504339218139648e-01
