9.961766004562377930e-01
9.970693588256835938e-01
4.997427463531494141e-01
5.682863593101501465e-01
9.958591461181640625e-01
9.985280632972717285e-01
6.148990988731384277e-01
6.979869604110717773e-01
9.952147006988525391e-01
9.967195391654968262e-01
9.970041513442993164e-01
9.995087981224060059e-01
9.998688101768493652e-01
9.998848438262939453e-01
9.987072944641113281e-01
9.982758164405822754e-01
9.994968175888061523e-01
9.998260140419006348e-01
9.998820424079895020e-01
9.633339047431945801e-01
9.978017807006835938e-01
9.996408820152282715e-01
9.998307824134826660e-01
9.998425841331481934e-01
9.999104738235473633e-01
9.999142885208129883e-01
9.999451041221618652e-01
9.999305605888366699e-01
9.998201131820678711e-01
9.998764395713806152e-01
9.999051690101623535e-01
9.999387264251708984e-01
9.999043941497802734e-01
9.998878240585327148e-01
9.999240040779113770e-01
9.999216794967651367e-01
9.999253153800964355e-01
9.997556805610656738e-01
9.997519254684448242e-01
9.917011857032775879e-01
9.965087175369262695e-01
9.930533170700073242e-01
2.807170152664184570e-01
9.830486178398132324e-01
9.921875000000000000e-01
9.993477463722229004e-01
7.635753750801086426e-01
9.923083782196044922e-01
9.989598393440246582e-01
9.996571540832519531e-01
9.986696839332580566e-01
9.983882904052734375e-01
9.995024800300598145e-01
9.993361830711364746e-01
9.998545050621032715e-01
9.998513460159301758e-01
9.993572235107421875e-01
9.993256330490112305e-01
9.996610879898071289e-01
9.996374249458312988e-01
9.996996521949768066e-01
9.998585581779479980e-01
9.989559054374694824e-01
9.988522529602050781e-01
9.995578527450561523e-01
9.991813302040100098e-01
9.997693300247192383e-01
9.992356896400451660e-01
9.996637105941772461e-01
9.996879696846008301e-01
9.930658936500549316e-01
9.983281493186950684e-01
9.990915060043334961e-01
9.991335272789001465e-01
9.994029402732849121e-01
9.797568321228027344e-01
9.978995323181152344e-01
9.709369540214538574e-01
9.976376295089721680e-01
9.991304278373718262e-01
9.990471601486206055e-01
9.991171360015869141e-01
9.976086020469665527e-01
9.994899034500122070e-01
9.996052980422973633e-01
9.998273253440856934e-01
9.995307326316833496e-01
9.994442462921142578e-01
9.997509121894836426e-01
9.974885582923889160e-01
9.972784519195556641e-01
9.997282028198242188e-01
9.998135566711425781e-01
9.996293783187866211e-01
9.994832277297973633e-01
9.996044635772705078e-01
9.983422160148620605e-01
9.995372891426086426e-01
9.988623261451721191e-01
9.991676211357116699e-01
9.990022182464599609e-01
9.992690682411193848e-01
9.994067549705505371e-01
9.995326995849609375e-01
9.982733130455017090e-01
9.990471601486206055e-01
9.994690418243408203e-01
9.787703156471252441e-01
9.849594831466674805e-01
9.966683983802795410e-01
9.966666102409362793e-01
9.987729191780090332e-01
9.986664056777954102e-01
9.986986517906188965e-01
9.995397925376892090e-01
9.992778301239013672e-01
9.906696081161499023e-01
9.970781207084655762e-01
9.973909854888916016e-01
9.969733357429504395e-01
9.995859265327453613e-01
9.996045827865600586e-01
9.995554089546203613e-01
9.990248084068298340e-01
9.425645470619201660e-01
8.496832251548767090e-01
9.886803030967712402e-01
9.918718338012695312e-01
9.979554414749145508e-01
9.247055053710937500e-01
9.872464537620544434e-01
9.769280552864074707e-01
8.888171315193176270e-01
9.312763810157775879e-01
8.615610599517822266e-01
9.792683720588684082e-01
9.833930134773254395e-01
9.982056021690368652e-01
9.878601431846618652e-01
9.911420941352844238e-01
9.765185713768005371e-01
9.826568365097045898e-01
9.581416249275207520e-01
9.799130558967590332e-01
9.762031435966491699e-01
9.701049327850341797e-01
9.576566815376281738e-01
8.963092565536499023e-01
7.604869157075881958e-01
7.306789755821228027e-01
7.245451211929321289e-01
7.045668959617614746e-01
7.023732066154479980e-01
9.491658210754394531e-01
8.918706178665161133e-01
7.575829029083251953e-01
7.550172805786132812e-01
4.841963052749633789e-01
7.107056975364685059e-01
2.605419158935546875e-01
6.652200222015380859e-01
7.213995754718780518e-01
3.193124234676361084e-01
7.105515003204345703e-01
3.195515871047973633e-01
4.402861595153808594e-01
2.742679715156555176e-01
3.637871146202087402e-01
3.904674649238586426e-01
3.188636898994445801e-01
3.435289859771728516e-01
3.035351634025573730e-01
3.131643235683441162e-01
1.782781481742858887e-01
3.166272044181823730e-01
2.797117233276367188e-01
3.183639645576477051e-01
3.051888346672058105e-01
2.568889558315277100e-01
3.675319552421569824e-01
2.363576889038085938e-01
3.379242122173309326e-01
2.517424225807189941e-01
3.305733501911163330e-01
2.424267679452896118e-01
3.176335096359252930e-01
3.165943026542663574e-01
2.860907316207885742e-01
4.087144434452056885e-01
3.556109070777893066e-01
3.426764011383056641e-01
3.828955888748168945e-01
4.515119791030883789e-01
3.768629133701324463e-01
4.296451210975646973e-01
3.543134927749633789e-01
3.700344860553741455e-01
4.440063238143920898e-01
4.579234719276428223e-01
3.933945596218109131e-01
5.340180397033691406e-01
4.116943478584289551e-01
5.002440214157104492e-01
