9.961766004562377930e-01
9.970693588256835938e-01
4.997427463531494141e-01
5.682863593101501465e-01
9.958591461181640625e-01
9.985280632972717285e-01
6.148990988731384277e-01
6.979869604110717773e-01
9.952147006988525391e-01
9.967195391654968262e-01
9.970041513442993164e-01
9.995087981224060059e-01
9.998688101768493652e-01
9.998848438262939453e-01
9.987072944641113281e-01
9.982758164405822754e-01
9.994968175888061523e-01
9.998260140419006348e-01
9.998820424079895020e-01
9.633339047431945801e-01
9.978017807006835938e-01
9.996408820152282715e-01
9.998307824134826660e-01
9.998425841331481934e-01
9.999104738235473633e-01
9.999142885208129883e-01
9.999451041221618652e-01
9.999305605888366699e-01
9.999287724494934082e-01
9.998869299888610840e-01
9.998664259910583496e-01
9.999426603317260742e-01
9.999395012855529785e-01
9.999023079872131348e-01
9.998979568481445312e-01
9.999216198921203613e-01
9.999218583106994629e-01
9.997787475585937500e-01
8.426392674446105957e-01
9.893167614936828613e-01
9.990946650505065918e-01
9.995928406715393066e-01
9.930874705314636230e-01
9.315714240074157715e-01
9.807318449020385742e-01
9.992634654045104980e-01
8.593561649322509766e-01
5.506251454353332520e-01
6.482052206993103027e-01
9.991799592971801758e-01
9.987816810607910156e-01
9.995109438896179199e-01
9.995241761207580566e-01
9.994038343429565430e-01
9.998571276664733887e-01
9.993284940719604492e-01
9.992058277130126953e-01
9.996545314788818359e-01
9.996209144592285156e-01
9.996988177299499512e-01
9.996809363365173340e-01
9.998492598533630371e-01
9.991458654403686523e-01
9.987304210662841797e-01
9.995294213294982910e-01
9.994816780090332031e-01
9.994992613792419434e-01
9.994586706161499023e-01
9.991306066513061523e-01
9.995836019515991211e-01
9.971994161605834961e-01
9.973134398460388184e-01
9.994850158691406250e-01
9.976760745048522949e-01
9.961721897125244141e-01
9.938927888870239258e-01
9.997314214706420898e-01
9.079298377037048340e-01
9.919781684875488281e-01
9.956651329994201660e-01
9.993551373481750488e-01
9.995525479316711426e-01
9.989233016967773438e-01
9.993416070938110352e-01
9.997270703315734863e-01
9.998194575309753418e-01
9.997788667678833008e-01
9.997413754463195801e-01
9.983819127082824707e-01
9.978921413421630859e-01
9.988409876823425293e-01
9.995941519737243652e-01
9.991923570632934570e-01
9.996732473373413086e-01
9.995254874229431152e-01
9.997712969779968262e-01
9.995346665382385254e-01
9.987468719482421875e-01
9.994657635688781738e-01
9.959413409233093262e-01
9.996895790100097656e-01
9.997557401657104492e-01
9.994937181472778320e-01
9.991921186447143555e-01
9.992228150367736816e-01
9.937422871589660645e-01
9.989663958549499512e-01
9.965341091156005859e-01
9.924628734588623047e-01
9.985542893409729004e-01
9.948247075080871582e-01
9.988128542900085449e-01
9.993987083435058594e-01
9.981757402420043945e-01
9.996576309204101562e-01
9.945145845413208008e-01
9.966564178466796875e-01
9.953633546829223633e-01
9.996446371078491211e-01
9.991530776023864746e-01
9.968554377555847168e-01
8.457410931587219238e-01
7.481680512428283691e-01
9.889926910400390625e-01
9.975392818450927734e-01
9.959055781364440918e-01
9.882430434226989746e-01
9.890645742416381836e-01
9.949958920478820801e-01
9.843506813049316406e-01
9.885860681533813477e-01
9.304097890853881836e-01
9.583261609077453613e-01
9.568743705749511719e-01
9.358108043670654297e-01
8.810532689094543457e-01
9.038454592227935791e-01
9.923583269119262695e-01
7.933891713619232178e-01
8.855463266372680664e-01
8.139795660972595215e-01
7.456100583076477051e-01
8.803978562355041504e-01
7.959713339805603027e-01
7.890738248825073242e-01
5.726853609085083008e-01
5.986528098583221436e-01
5.506111979484558105e-01
6.657758653163909912e-01
3.783938884735107422e-01
4.219079017639160156e-01
5.761442184448242188e-01
6.018806099891662598e-01
6.222106814384460449e-01
4.260724186897277832e-01
4.429352283477783203e-01
3.504072129726409912e-01
4.887790083885192871e-01
4.771741628646850586e-01
4.431833624839782715e-01
3.835927546024322510e-01
4.174210429191589355e-01
6.005896925926208496e-01
5.033058226108551025e-01
5.052450895309448242e-01
3.320670127868652344e-01
3.712788522243499756e-01
3.512973189353942871e-01
3.244229555130004883e-01
3.278129100799560547e-01
4.324820041656494141e-01
3.949210643768310547e-01
4.133758842945098877e-01
4.376672804355621338e-01
3.106936514377593994e-01
3.747323155403137207e-01
2.865113615989685059e-01
3.660814166069030762e-01
4.792484045028686523e-01
3.876546025276184082e-01
3.988239169120788574e-01
4.503068923950195312e-01
4.626039266586303711e-01
3.176023960113525391e-01
3.203802704811096191e-01
4.084867835044860840e-01
3.001139760017395020e-01
3.798648118972778320e-01
4.297885596752166748e-01
4.687021970748901367e-01
6.098658442497253418e-01
6.115341186523437500e-01
5.342952609062194824e-01
4.515518546104431152e-01
4.837776124477386475e-01
4.340416789054870605e-01
5.034335255622863770e-01
5.261604785919189453e-01
4.459480047225952148e-01
