9.961766004562377930e-01
9.970693588256835938e-01
9.985863566398620605e-01
9.985475540161132812e-01
9.996557831764221191e-01
9.997925162315368652e-01
9.997665286064147949e-01
9.977559447288513184e-01
9.994528889656066895e-01
9.998061656951904297e-01
9.997804760932922363e-01
9.998162984848022461e-01
9.999057650566101074e-01
9.998326301574707031e-01
9.963160157203674316e-01
9.987812042236328125e-01
9.993768334388732910e-01
9.998184442520141602e-01
9.998601675033569336e-01
9.998651146888732910e-01
9.998887777328491211e-01
9.998877644538879395e-01
9.988584518432617188e-01
9.996865391731262207e-01
9.999221563339233398e-01
9.999416470527648926e-01
9.999074935913085938e-01
9.998797178268432617e-01
9.999181628227233887e-01
9.999430179595947266e-01
9.998896121978759766e-01
9.998772740364074707e-01
9.999102950096130371e-01
9.999116063117980957e-01
9.999240040779113770e-01
9.999225735664367676e-01
9.999392628669738770e-01
9.996874332427978516e-01
9.995484948158264160e-01
9.997418522834777832e-01
9.882854223251342773e-01
9.413052797317504883e-01
9.852565051987767220e-01
3.235388398170471191e-01
8.175512552261352539e-01
6.035125851631164551e-01
5.229942798614501953e-01
8.059421181678771973e-01
8.743141293525695801e-01
9.995696544647216797e-01
9.993889927864074707e-01
9.998365640640258789e-01
9.993806481361389160e-01
9.990085363388061523e-01
9.996178746223449707e-01
9.995933771133422852e-01
9.996694326400756836e-01
9.996526837348937988e-01
9.996519088745117188e-01
9.998623132705688477e-01
9.993707537651062012e-01
9.991710782051086426e-01
9.994854927062988281e-01
9.990594387054443359e-01
9.997531175613403320e-01
9.992737174034118652e-01
9.998386502265930176e-01
9.996656775474548340e-01
9.983431696891784668e-01
9.985717535018920898e-01
9.957785606384277344e-01
9.981310963630676270e-01
9.983800649642944336e-01
9.967290163040161133e-01
9.992982149124145508e-01
9.997143745422363281e-01
9.958187937736511230e-01
9.773520827293395996e-01
9.990529417991638184e-01
9.986621737480163574e-01
9.982043504714965820e-01
9.996637701988220215e-01
9.993585348129272461e-01
9.966611266136169434e-01
9.991562366485595703e-01
9.982344508171081543e-01
9.995905160903930664e-01
9.916003942489624023e-01
9.980680346488952637e-01
9.995476007461547852e-01
9.992183446884155273e-01
9.990710616111755371e-01
9.973827600479125977e-01
9.983637332916259766e-01
9.991413354873657227e-01
9.979754686355590820e-01
9.995732903480529785e-01
9.993121623992919922e-01
9.994423389434814453e-01
9.995158910751342773e-01
9.994003772735595703e-01
9.960476756095886230e-01
9.983860254287719727e-01
9.967584609985351562e-01
9.995529055595397949e-01
9.991922974586486816e-01
9.938139915466308594e-01
9.848255515098571777e-01
9.968434511683881283e-01
9.956156015396118164e-01
9.988153576850891113e-01
9.993793368339538574e-01
9.989896416664123535e-01
9.982001781463623047e-01
9.989076852798461914e-01
9.976712465286254883e-01
9.979076385498046875e-01
9.984742403030395508e-01
9.977251291275024414e-01
9.993804097175598145e-01
9.978964328765869141e-01
9.988660812377929688e-01
9.992703795433044434e-01
9.981411695480346680e-01
9.975278973579406738e-01
9.818435907363891602e-01
9.806573390960693359e-01
7.260468006134033203e-01
9.208469390869140625e-01
8.616665005683898926e-01
4.034038186073303223e-01
9.184767007827758789e-01
7.762611508369445801e-01
9.585214853286743164e-01
9.844889640808105469e-01
5.687578916549682617e-01
9.014840722084045410e-01
7.394374012947082520e-01
7.865790724754333496e-01
8.518957495689392090e-01
7.956359386444091797e-01
7.118205428123474121e-01
8.986942172050476074e-01
9.675062894821166992e-01
9.424515366554260254e-01
9.187074303627014160e-01
8.744849562644958496e-01
7.707272768020629883e-01
5.466179251670837402e-01
2.914850115776062012e-01
3.956614434719085693e-01
5.101735591888427734e-01
5.862827003002166748e-01
4.184066057205200195e-01
5.257961750030517578e-01
4.231836795806884766e-01
5.289284586906433105e-01
2.762920558452606201e-01
4.316418170928955078e-01
5.062731504440307617e-01
4.212320446968078613e-01
3.394289016723632812e-01
2.975191473960876465e-01
2.886623144149780273e-01
3.436339199542999268e-01
3.372159600257873535e-01
4.727087914943695068e-01
3.778672218322753906e-01
3.437773883342742920e-01
2.735396027565002441e-01
3.632459044456481934e-01
2.504788637161254883e-01
3.366574347019195557e-01
2.142192721366882324e-01
2.432546019554138184e-01
2.552756667137145996e-01
2.824535667896270752e-01
3.157614171504974365e-01
2.697824835777282715e-01
3.271962106227874756e-01
3.222954273223876953e-01
2.444505691528320312e-01
2.249410152435302734e-01
2.381591796875000000e-01
2.149356603622436523e-01
2.839204967021942139e-01
3.225926756858825684e-01
4.656687080860137939e-01
5.135145187377929688e-01
3.919586539268493652e-01
4.312008321285247803e-01
3.811478614807128906e-01
3.980468809604644775e-01
3.784669637680053711e-01
4.757262468338012695e-01
4.113124608993530273e-01
4.481261372566223145e-01
4.429081678390502930e-01
4.552453756332397461e-01
4.545428156852722168e-01
5.131019353866577148e-01
5.346754789352416992e-01
4.327135682106018066e-01
4.117519855499267578e-01
4.648409783840179443e-01
3.835300207138061523e-01
5.143020749092102051e-01
4.449374079704284668e-01
4.160401821136474609e-01
