9.961766004562377930e-01
9.970693588256835938e-01
9.985863566398620605e-01
6.561009287834167480e-01
9.846214652061462402e-01
9.987663626670837402e-01
4.852566421031951904e-01
7.445484995841979980e-01
9.955805540084838867e-01
9.956941008567810059e-01
9.976858496665954590e-01
9.995087981224060059e-01
9.998688101768493652e-01
9.988949298858642578e-01
9.980537891387939453e-01
9.995019435882568359e-01
9.994032979011535645e-01
9.998383522033691406e-01
9.996592998504638672e-01
9.997584819793701172e-01
9.982847571372985840e-01
9.994903206825256348e-01
9.603801965713500977e-01
9.976775050163269043e-01
9.997244477272033691e-01
9.899665713310241699e-01
9.923866391181945801e-01
9.995410442352294922e-01
9.971552491188049316e-01
9.955617785453796387e-01
9.988337755203247070e-01
9.990803599357604980e-01
9.998797178268432617e-01
9.998922348022460938e-01
9.998853802680969238e-01
9.997313022613525391e-01
9.996658563613891602e-01
9.983589649200439453e-01
9.980551600456237793e-01
9.987562298774719238e-01
9.996161460876464844e-01
9.964074492454528809e-01
9.960165619850158691e-01
9.986165165901184082e-01
9.965967535972595215e-01
9.993550777435302734e-01
9.878570437431335449e-01
9.393284916877746582e-01
6.353843212127685547e-01
9.951825737953186035e-01
9.992352724075317383e-01
9.651405811309814453e-01
9.782525133341550827e-01
9.993339180946350098e-01
9.988830685615539551e-01
9.998775124549865723e-01
9.995907545089721680e-01
9.998874664306640625e-01
9.997577667236328125e-01
9.984430074691772461e-01
9.990898370742797852e-01
9.993990063667297363e-01
9.997496604919433594e-01
9.997940063476562500e-01
9.997870922088623047e-01
9.997768998146057129e-01
9.991418123245239258e-01
9.987046122550964355e-01
9.994816780090332031e-01
9.993017911911010742e-01
9.997192025184631348e-01
9.980955123901367188e-01
9.982832670211791992e-01
9.995257854461669922e-01
9.973282217979431152e-01
9.979310631752014160e-01
9.950435757637023926e-01
9.994688630104064941e-01
9.995642304420471191e-01
9.925421476364135742e-01
9.938847422599792480e-01
9.994866251945495605e-01
9.995062351226806641e-01
9.981678128242492676e-01
9.949625730514526367e-01
9.993126988410949707e-01
9.998638033866882324e-01
9.970082640647888184e-01
9.981167912483215332e-01
9.955598115921020508e-01
9.993821382522583008e-01
9.996558427810668945e-01
9.998905658721923828e-01
9.996610879898071289e-01
9.997369647026062012e-01
9.992490410804748535e-01
9.997299909591674805e-01
9.991978406906127930e-01
9.997039437294006348e-01
9.997495412826538086e-01
9.996196627616882324e-01
9.996505379676818848e-01
9.995019435882568359e-01
9.997401237487792969e-01
9.997399449348449707e-01
9.997226595878601074e-01
9.996418952941894531e-01
9.996666312217712402e-01
9.990816116333007812e-01
9.990302324295043945e-01
9.996106624603271484e-01
9.995548725128173828e-01
9.995783567428588867e-01
9.990784525871276855e-01
9.984709620475769043e-01
9.995714426040649414e-01
9.855324625968933105e-01
9.955342411994934082e-01
9.846750497817993164e-01
9.992521405220031738e-01
9.989165663719177246e-01
9.998199343681335449e-01
9.991692900657653809e-01
9.965259432792663574e-01
9.985741972923278809e-01
9.974467754364013672e-01
9.993516802787780762e-01
9.990546107292175293e-01
9.991834163665771484e-01
9.994282126426696777e-01
9.958985447883605957e-01
9.976819753646850586e-01
9.985325336456298828e-01
7.813166379928588867e-01
7.551395297050476074e-01
9.946352839469909668e-01
9.969339966773986816e-01
9.992965459823608398e-01
9.993752241134643555e-01
9.925122261047363281e-01
9.980027079582214355e-01
9.510230422019958496e-01
9.951493144035339355e-01
9.808204770088195801e-01
9.971132278442382812e-01
9.781234264373779297e-01
9.828824400901794434e-01
9.697250127792358398e-01
9.925822615623474121e-01
9.852921366691589355e-01
9.673886895179748535e-01
9.934586286544799805e-01
9.828760027885437012e-01
8.681110143661499023e-01
1.426556110382080078e-01
8.681969642639160156e-01
6.449365615844726562e-02
5.475233793258666992e-01
3.108452856540679932e-01
9.834415912628173828e-01
9.850513339042663574e-01
8.414503037929534912e-01
9.502948522567749023e-01
9.872101545333862305e-01
9.982914328575134277e-01
9.851266145706176758e-01
9.980387091636657715e-01
9.960767626762390137e-01
9.995346665382385254e-01
9.940046668052673340e-01
9.802190065383911133e-01
9.986428618431091309e-01
9.980387687683105469e-01
9.990250468254089355e-01
9.993743300437927246e-01
9.586159586906433105e-01
5.046156048774719238e-01
6.442400217056274414e-01
9.121917486190795898e-01
9.074173569679260254e-01
9.936254024505615234e-01
5.319595336914062500e-01
7.607343196868896484e-01
9.819162487983703613e-01
5.880015194416046143e-01
8.505713343620300293e-01
7.648323923349380493e-01
9.880857467651367188e-01
9.911957979202270508e-01
9.966363906860351562e-01
9.940980076789855957e-01
9.982526302337646484e-01
9.964264035224914551e-01
9.936916232109069824e-01
9.636561274528503418e-01
7.887186855077743530e-01
9.149448275566101074e-01
4.990323185920715332e-01
9.379427731037139893e-01
9.465572834014892578e-01
6.533036231994628906e-01
9.544072151184082031e-01
8.395341634750366211e-01
2.725751399993896484e-01
7.415339946746826172e-01
9.795794486999511719e-01
8.617386221885681152e-01
9.498403668403625488e-01
9.807242751121520996e-01
9.413548111915588379e-01
9.405009150505065918e-01
9.771096706390380859e-01
9.636089205741882324e-01
9.410430788993835449e-01
8.726264238357543945e-01
9.364713430404663086e-01
8.967272639274597168e-01
7.894707918167114258e-01
8.434612154960632324e-01
8.539978265762329102e-01
9.019404649734497070e-01
8.336491733789443970e-01
8.969089984893798828e-01
9.146699905395507812e-01
9.036825448274612427e-01
8.016480356454849243e-01
9.009256511926651001e-01
8.933478593826293945e-01
8.860417008399963379e-01
5.662901401519775391e-01
8.738567829132080078e-01
7.436583638191223145e-01
8.875061124563217163e-01
8.648296594619750977e-01
7.006606459617614746e-01
8.002464771270751953e-01
6.991721987724304199e-01
7.516032457351684570e-01
8.949458003044128418e-01
9.128345251083374023e-01
9.315597414970397949e-01
9.113021492958068848e-01
8.482103943824768066e-01
9.034358263015747070e-01
7.865024805068969727e-01
6.086311340332031250e-01
5.028506219387054443e-01
4.761830270290374756e-01
6.600733399391174316e-01
6.069099903106689453e-01
5.931946039199829102e-01
6.707650721073150635e-01
6.198152005672454834e-01
6.625337004661560059e-01
5.270904302597045898e-01
7.827751189470291138e-01
7.650135755538940430e-01
6.049775481224060059e-01
7.467717528343200684e-01
6.599334478378295898e-01
7.065357267856597900e-01
6.808372735977172852e-01
5.322385430335998535e-01
5.151845216751098633e-01
4.439624547958374023e-01
5.719693899154663086e-01
5.187500715255737305e-01
3.254975080490112305e-01
4.101003408432006836e-01
2.981058359146118164e-01
3.586715459823608398e-01
3.948094248771667480e-01
5.053528845310211182e-01
4.334976077079772949e-01
3.861516118049621582e-01
5.012050271034240723e-01
4.629167914390563965e-01
4.132595658302307129e-01
3.953161239624023438e-01
4.096173346042633057e-01
4.054754078388214111e-01
3.827167153358459473e-01
3.643070459365844727e-01
5.056820511817932129e-01
