9.961766004562377930e-01
9.970693588256835938e-01
9.985863566398620605e-01
6.561009287834167480e-01
9.846214652061462402e-01
9.987663626670837402e-01
4.852566719055175781e-01
7.445484995841979980e-01
9.955805540084838867e-01
9.956941008567810059e-01
9.976858496665954590e-01
9.995087981224060059e-01
9.998688101768493652e-01
9.998847842216491699e-01
9.987072944641113281e-01
9.982871413230895996e-01
9.994984865188598633e-01
9.998257160186767578e-01
9.998814463615417480e-01
9.585264921188354492e-01
9.979286193847656250e-01
9.996428489685058594e-01
9.998295903205871582e-01
9.998399615287780762e-01
9.999109506607055664e-01
9.999142289161682129e-01
9.999448657035827637e-01
9.999305605888366699e-01
9.998197555541992188e-01
9.998757839202880859e-01
9.999055266380310059e-01
9.999178051948547363e-01
9.999440312385559082e-01
9.998990893363952637e-01
9.998912811279296875e-01
9.999257326126098633e-01
9.999186992645263672e-01
9.997813701629638672e-01
8.393104076385498047e-01
9.897111058235168457e-01
9.991409778594970703e-01
9.767444133758544922e-01
9.905800819396972656e-01
9.776630401611328125e-01
9.798653125762939453e-01
6.280037164688110352e-01
7.475243210792541504e-01
9.963222742080688477e-01
7.867436707019805908e-01
9.972062110900878906e-01
9.989899992942810059e-01
9.994394779205322266e-01
9.994680881500244141e-01
9.996356964111328125e-01
9.996392130851745605e-01
9.998578429222106934e-01
9.993709325790405273e-01
9.992047548294067383e-01
9.996637105941772461e-01
9.996396899223327637e-01
9.996966719627380371e-01
9.996830224990844727e-01
9.997956752777099609e-01
9.991860985755920410e-01
9.987638592720031738e-01
9.995489120483398438e-01
9.993652105331420898e-01
9.992747306823730469e-01
9.988830089569091797e-01
9.993685483932495117e-01
9.997474551200866699e-01
9.994573593139648438e-01
9.993113875389099121e-01
9.997199773788452148e-01
9.996983408927917480e-01
9.966533184051513672e-01
9.963082671165466309e-01
9.998516440391540527e-01
9.997953176498413086e-01
9.955043196678161621e-01
9.986981749534606934e-01
9.969516396522521973e-01
9.990221858024597168e-01
9.981167912483215332e-01
9.940762519836425781e-01
9.995698332786560059e-01
9.995619654655456543e-01
9.996376037597656250e-01
9.997314214706420898e-01
9.996671676635742188e-01
9.996893405914306641e-01
9.992969036102294922e-01
9.992908239364624023e-01
9.992870688438415527e-01
9.994090795516967773e-01
9.992173314094543457e-01
9.993165135383605957e-01
9.985355138778686523e-01
9.993307590484619141e-01
9.989229440689086914e-01
9.970824122428894043e-01
9.976114630699157715e-01
9.992514252662658691e-01
9.996179938316345215e-01
9.990575909614562988e-01
9.982937574386596680e-01
9.958118200302124023e-01
9.983696341514587402e-01
9.959299564361572266e-01
9.966632723808288574e-01
9.961367845535278320e-01
9.969658851623535156e-01
9.990133047103881836e-01
9.981535673141479492e-01
9.978240728378295898e-01
9.984735250473022461e-01
9.983688592910766602e-01
9.948020577430725098e-01
9.987812042236328125e-01
9.964250326156616211e-01
9.995384216308593750e-01
9.995833635330200195e-01
9.991865158081054688e-01
9.986331462860107422e-01
9.956126213073730469e-01
9.991005659103393555e-01
9.979796409606933594e-01
9.985363483428955078e-01
9.964513778686523438e-01
9.985627532005310059e-01
9.981341361999511719e-01
9.984936118125915527e-01
9.914306402206420898e-01
9.941595792770385742e-01
9.932712316513061523e-01
9.877958297729492188e-01
9.242827892303466797e-01
9.698197245597839355e-01
9.958619475364685059e-01
9.897369146347045898e-01
9.886887669563293457e-01
9.189248085021972656e-01
9.834468364715576172e-01
9.835425019264221191e-01
9.958537817001342773e-01
9.762654304504394531e-01
8.799197673797607422e-01
7.199557423591613770e-01
6.484378576278686523e-01
6.727878451347351074e-01
6.475668549537658691e-01
3.130396008491516113e-01
5.061600208282470703e-01
7.941007018089294434e-01
8.336921930313110352e-01
8.616433143615722656e-01
8.172320723533630371e-01
8.423986434936523438e-01
7.987582683563232422e-01
4.798110723495483398e-01
8.223057985305786133e-01
7.919002324342727661e-01
7.008219957351684570e-01
8.179124593734741211e-01
5.840785503387451172e-01
4.311766326427459717e-01
2.322693467140197754e-01
4.626943469047546387e-01
4.554440379142761230e-01
2.992236316204071045e-01
4.326311647891998291e-01
3.163436055183410645e-01
4.319167733192443848e-01
2.449002265930175781e-01
3.270485401153564453e-01
4.622153043746948242e-01
3.200618028640747070e-01
3.991504907608032227e-01
3.007718324661254883e-01
3.801350593566894531e-01
3.260077238082885742e-01
1.644497513771057129e-01
2.733910679817199707e-01
3.632984757423400879e-01
2.173485159873962402e-01
3.379955887794494629e-01
3.533486723899841309e-01
4.292256832122802734e-01
3.115098476409912109e-01
4.720783233642578125e-01
4.755598902702331543e-01
3.432345390319824219e-01
3.703702688217163086e-01
4.181278049945831299e-01
3.942354917526245117e-01
4.090627133846282959e-01
4.867532849311828613e-01
4.545405507087707520e-01
3.599043786525726318e-01
3.460136651992797852e-01
3.433893918991088867e-01
3.602105379104614258e-01
3.612179756164550781e-01
3.442231714725494385e-01
3.829576671123504639e-01
4.749188423156738281e-01
