9.961766004562377930e-01
2.928562760353088379e-01
4.109065532684326172e-01
8.505931496620178223e-01
9.950274825096130371e-01
9.988708496093750000e-01
9.985769391059875488e-01
9.988923072814941406e-01
9.909592270851135254e-01
9.864619374275207520e-01
9.960792660713195801e-01
9.994250535964965820e-01
9.998773932456970215e-01
9.986487627029418945e-01
9.978906512260437012e-01
9.995633959770202637e-01
9.993893504142761230e-01
9.998386502265930176e-01
9.998543262481689453e-01
9.998669028282165527e-01
9.998931884765625000e-01
9.988116025924682617e-01
9.983333349227905273e-01
9.998440742492675781e-01
9.999190568923950195e-01
9.999438524246215820e-01
9.999094605445861816e-01
9.999223351478576660e-01
9.998949170112609863e-01
9.998644590377807617e-01
9.999360442161560059e-01
9.998766183853149414e-01
9.998730421066284180e-01
9.999251365661621094e-01
9.999169111251831055e-01
9.999275207519531250e-01
9.999231696128845215e-01
9.997866153717041016e-01
9.997617602348327637e-01
9.997521042823791504e-01
9.956387281417846680e-01
3.557995557785034180e-01
4.173014461994171143e-01
9.052261114120483398e-01
3.354415297508239746e-01
5.354483425617218018e-01
9.691872596740722656e-01
6.310333907604217529e-01
8.474741578102111816e-01
9.965658783912658691e-01
9.996016025543212891e-01
9.996948838233947754e-01
9.996451139450073242e-01
9.998391866683959961e-01
9.993872046470642090e-01
9.990419745445251465e-01
9.997505545616149902e-01
9.996991753578186035e-01
9.995367527008056641e-01
9.993794560432434082e-01
9.998722076416015625e-01
9.997591376304626465e-01
9.989616274833679199e-01
9.968398213386535645e-01
9.990773200988769531e-01
9.995403885841369629e-01
9.994567632675170898e-01
9.984664916992187500e-01
9.997974634170532227e-01
9.990498423576354980e-01
9.984586834907531738e-01
9.995809793472290039e-01
9.994670748710632324e-01
9.996262788772583008e-01
9.967330098152160645e-01
9.997941255569458008e-01
9.997482895851135254e-01
9.998232126235961914e-01
9.968380928039550781e-01
9.992027282714843750e-01
9.708091616630554199e-01
9.742684960365295410e-01
9.791786670684814453e-01
9.932839870452880859e-01
9.981492757797241211e-01
9.996693134307861328e-01
9.995409250259399414e-01
9.998336434364318848e-01
9.997361302375793457e-01
9.998002052307128906e-01
9.997404217720031738e-01
9.993137717247009277e-01
9.998595714569091797e-01
9.995040893554687500e-01
9.997501373291015625e-01
9.997100234031677246e-01
9.995333552360534668e-01
9.997225999832153320e-01
9.987706542015075684e-01
9.996623992919921875e-01
9.996436238288879395e-01
9.995509386062622070e-01
9.991063475608825684e-01
9.994900822639465332e-01
9.991248846054077148e-01
9.997994303703308105e-01
9.997304081916809082e-01
9.994263648986816406e-01
9.985072016716003418e-01
9.993847012519836426e-01
9.956897497177124023e-01
9.892382211983203888e-01
9.970117807388305664e-01
9.987920522689819336e-01
9.997913241386413574e-01
9.989600181579589844e-01
9.930201172828674316e-01
9.984370470046997070e-01
9.945029616355895996e-01
9.976916909217834473e-01
9.988870024681091309e-01
9.983803629875183105e-01
9.991155266761779785e-01
9.984756112098693848e-01
9.992548227310180664e-01
9.972310662269592285e-01
9.108319878578186035e-01
9.367362856864929199e-01
9.959143996238708496e-01
9.985896944999694824e-01
9.985288977622985840e-01
9.972103238105773926e-01
8.949401378631591797e-01
9.002344608306884766e-01
9.786418676376342773e-01
9.654702544212341309e-01
9.973679184913635254e-01
9.949292540550231934e-01
9.921991229057312012e-01
9.969226121902465820e-01
9.892375469207763672e-01
9.967936277389526367e-01
9.825739860534667969e-01
9.879179596900939941e-01
9.927968978881835938e-01
9.928434491157531738e-01
9.896711707115173340e-01
9.749900102615356445e-01
9.629168510437011719e-01
9.119979143142700195e-01
3.290519714355468750e-01
7.295111417770385742e-01
8.054591417312622070e-01
8.540147244930267334e-01
2.119917869567871094e-01
5.914956629276275635e-01
2.149359583854675293e-01
9.408588409423828125e-01
7.006328105926513672e-01
8.732621669769287109e-01
9.708744287490844727e-01
6.730232536792755127e-01
7.851709127426147461e-01
9.128248691558837891e-01
9.122184142470359802e-01
8.673701882362365723e-01
9.729210734367370605e-01
9.673836827278137207e-01
9.790663123130798340e-01
9.761909842491149902e-01
9.260581135749816895e-01
9.386677742004394531e-01
2.201082110404968262e-01
5.617853105068206787e-01
2.646188735961914062e-01
4.120694398880004883e-01
4.464764595031738281e-01
7.531150579452514648e-01
8.163258582353591919e-01
7.696983814239501953e-01
6.027260720729827881e-01
7.092710733413696289e-01
6.390100717544555664e-01
6.194255948066711426e-01
6.155476570129394531e-01
5.418968200683593750e-01
6.967735290527343750e-01
8.033541440963745117e-01
5.456774234771728516e-01
7.246796488761901855e-01
5.128744244575500488e-01
6.775963008403778076e-01
6.586316823959350586e-01
6.677812933921813965e-01
7.232070565223693848e-01
6.144413948059082031e-01
7.046732306480407715e-01
7.276908159255981445e-01
7.519976496696472168e-01
7.981312274932861328e-01
6.699913144111633301e-01
6.169252693653106689e-01
5.771012902259826660e-01
4.820267856121063232e-01
4.417797029018402100e-01
5.993708968162536621e-01
3.760247230529785156e-01
3.209028840065002441e-01
3.382486104965209961e-01
4.585378766059875488e-01
3.215967416763305664e-01
4.236150383949279785e-01
3.034394979476928711e-01
5.364429950714111328e-01
5.749070048332214355e-01
5.738828182220458984e-01
6.650853455066680908e-01
5.805346965789794922e-01
5.907054543495178223e-01
5.572112202644348145e-01
5.810711979866027832e-01
5.302886366844177246e-01
6.191464066505432129e-01
6.560862660408020020e-01
6.615900993347167969e-01
4.730429649353027344e-01
5.190131962299346924e-01
6.029399931430816650e-01
5.773498415946960449e-01
5.448701679706573486e-01
5.859313607215881348e-01
6.376271247863769531e-01
5.734021663665771484e-01
3.942552804946899414e-01
5.615911483764648438e-01
4.815262556076049805e-01
5.244370996952056885e-01
5.615512728691101074e-01
5.735414922237396240e-01
5.096106231212615967e-01
5.241395235061645508e-01
5.790519714355468750e-01
5.071834921836853027e-01
4.303196668624877930e-01
4.646145105361938477e-01
4.703596234321594238e-01
5.051956772804260254e-01
4.888238906860351562e-01
4.726313352584838867e-01
5.662677586078643799e-01
6.233996152877807617e-01
