9.961766004562377930e-01
9.970693588256835938e-01
9.985863566398620605e-01
9.985475540161132812e-01
9.888774156570434570e-01
9.962951540946960449e-01
9.985373020172119141e-01
7.218344807624816895e-01
9.873031973838806152e-01
9.964604973793029785e-01
9.955384731292724609e-01
9.996097683906555176e-01
9.998735189437866211e-01
9.985284209251403809e-01
9.984772205352783203e-01
9.994879364967346191e-01
9.994032979011535645e-01
9.998403191566467285e-01
9.998552203178405762e-01
9.743404984474182129e-01
9.987111687660217285e-01
9.995015859603881836e-01
9.998296499252319336e-01
9.998434185981750488e-01
9.999104142189025879e-01
9.999390840530395508e-01
9.999344944953918457e-01
9.991648197174072266e-01
9.998729825019836426e-01
9.999051690101623535e-01
9.999082088470458984e-01
9.999242424964904785e-01
9.999216198921203613e-01
9.999426603317260742e-01
9.999418258666992188e-01
9.999405145645141602e-01
9.999029040336608887e-01
9.994658827781677246e-01
9.997421503067016602e-01
9.890825748443603516e-01
9.465593099594116211e-01
9.951143264770507812e-01
2.654950022697448730e-01
9.859810471534729004e-01
5.864136517047882080e-01
5.163028836250305176e-01
8.127116560935974121e-01
9.912962317466735840e-01
9.993901848793029785e-01
9.833095073699951172e-01
9.990501403808593750e-01
9.996683001518249512e-01
9.995958209037780762e-01
9.996595978736877441e-01
9.996504187583923340e-01
9.996492266654968262e-01
9.998565316200256348e-01
9.993585944175720215e-01
9.991943240165710449e-01
9.996765851974487305e-01
9.994399547576904297e-01
9.998040199279785156e-01
9.978408813476562500e-01
9.998661279678344727e-01
9.996311664581298828e-01
9.977532029151916504e-01
9.987502098083496094e-01
9.990402460098266602e-01
9.993266463279724121e-01
9.994680285453796387e-01
9.994212388992309570e-01
9.997644424438476562e-01
9.990975260734558105e-01
9.992985725402832031e-01
9.973223805427551270e-01
9.974290728569030762e-01
9.992968440055847168e-01
9.991132020950317383e-01
9.994117021560668945e-01
9.995744824409484863e-01
9.993105530738830566e-01
9.997704625129699707e-01
9.985042214393615723e-01
9.988389015197753906e-01
9.997988939285278320e-01
9.994890689849853516e-01
9.995555281639099121e-01
9.996945261955261230e-01
9.995209574699401855e-01
9.998608231544494629e-01
9.997766017913818359e-01
9.998008608818054199e-01
9.993325471878051758e-01
9.997403621673583984e-01
9.995259642601013184e-01
9.997461438179016113e-01
9.997067451477050781e-01
9.990848898887634277e-01
9.995675683021545410e-01
9.985883235931396484e-01
9.988880157470703125e-01
9.996856451034545898e-01
9.997065663337707520e-01
9.995649456977844238e-01
9.995573163032531738e-01
9.992617368698120117e-01
9.988803863525390625e-01
9.990234971046447754e-01
9.996708631515502930e-01
9.986907243728637695e-01
9.996753334999084473e-01
9.994637370109558105e-01
9.994249939918518066e-01
9.990462660789489746e-01
9.927975535392761230e-01
9.991513490676879883e-01
9.984529614448547363e-01
9.990780353546142578e-01
9.997727870941162109e-01
9.995827674865722656e-01
9.994138479232788086e-01
9.991466999053955078e-01
7.360022068023681641e-01
6.548980772495269775e-01
8.923467397689819336e-01
9.918570518493652344e-01
9.970664381980895996e-01
9.951562285423278809e-01
9.479141235351562500e-01
9.987983107566833496e-01
9.972808361053466797e-01
9.910749793052673340e-01
9.856535792350769043e-01
9.294897913932800293e-01
9.971839189529418945e-01
5.830808281898498535e-01
9.909794926643371582e-01
9.398959875106811523e-01
9.452037215232849121e-01
5.978335142135620117e-01
9.960384368896484375e-01
9.981675744056701660e-01
9.764739871025085449e-01
9.794688820838928223e-01
8.331758826971054077e-01
9.715303778648376465e-01
8.197684288024902344e-01
7.066438198089599609e-01
9.199715256690979004e-01
7.704669237136840820e-01
7.141913771629333496e-01
6.731541156768798828e-01
7.758047580718994141e-01
4.246042966842651367e-01
8.836736679077148438e-01
7.377792000770568848e-01
8.800887987017631531e-01
9.478806257247924805e-01
7.855541557073593140e-01
8.115047812461853027e-01
7.586748600006103516e-01
7.902965545654296875e-01
8.621686100959777832e-01
7.793967127799987793e-01
8.071398735046386719e-01
7.354907393455505371e-01
6.649422347545623779e-01
4.975504875183105469e-01
3.494687676429748535e-01
4.950904846191406250e-01
5.599290132522583008e-01
5.403622388839721680e-01
7.813410609960556030e-01
6.213002800941467285e-01
6.156053543090820312e-01
3.798995018005371094e-01
4.801777899265289307e-01
4.634152054786682129e-01
4.191398024559020996e-01
5.417001247406005859e-01
6.016135215759277344e-01
4.976948499679565430e-01
6.754839420318603516e-01
5.466544628143310547e-01
5.924850702285766602e-01
4.221877753734588623e-01
2.788159251213073730e-01
4.312222599983215332e-01
3.491028845310211182e-01
3.701593279838562012e-01
3.993325233459472656e-01
4.080660343170166016e-01
3.958566188812255859e-01
3.928952217102050781e-01
3.145217299461364746e-01
4.598069190979003906e-01
5.266141891479492188e-01
4.485894441604614258e-01
5.028766393661499023e-01
5.736287534236907959e-01
5.103896856307983398e-01
4.812832772731781006e-01
4.924200773239135742e-01
5.050106048583984375e-01
5.234498977661132812e-01
5.513886213302612305e-01
4.039458632469177246e-01
5.584074854850769043e-01
3.788162469863891602e-01
4.766322970390319824e-01
3.914126157760620117e-01
3.445467352867126465e-01
3.138831853866577148e-01
4.076029062271118164e-01
4.124054908752441406e-01
5.867138504981994629e-01
4.033895134925842285e-01
