9.961766004562377930e-01
9.970693588256835938e-01
9.985863566398620605e-01
9.985475540161132812e-01
9.996557831764221191e-01
9.997925162315368652e-01
9.997665286064147949e-01
9.977559447288513184e-01
9.526036977767944336e-01
9.865272045135498047e-01
9.954460263252258301e-01
9.994695186614990234e-01
9.998782873153686523e-01
9.986348748207092285e-01
9.983296990394592285e-01
9.995701909065246582e-01
9.994032979011535645e-01
9.998399615287780762e-01
9.998552799224853516e-01
9.998674392700195312e-01
9.998931884765625000e-01
9.998800754547119141e-01
9.988817572593688965e-01
9.996901154518127441e-01
9.999222755432128906e-01
9.999418258666992188e-01
9.999086856842041016e-01
9.998809099197387695e-01
9.999186396598815918e-01
9.999431967735290527e-01
9.999426603317260742e-01
9.998896718025207520e-01
9.998708963394165039e-01
9.999178647994995117e-01
9.999178647994995117e-01
9.999192357063293457e-01
9.999411702156066895e-01
9.998790621757507324e-01
9.996359348297119141e-01
9.994754791259765625e-01
9.997471570968627930e-01
9.991939067840576172e-01
9.500132203102111816e-01
4.350128173828125000e-01
5.567136406898498535e-01
9.943416118621826172e-01
6.465471386909484863e-01
9.422364830970764160e-01
9.913170337677001953e-01
9.992458224296569824e-01
9.995558857917785645e-01
9.998565316200256348e-01
9.994025230407714844e-01
9.993295073509216309e-01
9.996672272682189941e-01
9.996487498283386230e-01
9.997134208679199219e-01
9.996939301490783691e-01
9.996904134750366211e-01
9.998692870140075684e-01
9.994191527366638184e-01
9.993037581443786621e-01
9.996681213378906250e-01
9.995955228805541992e-01
9.993503093719482422e-01
9.995473027229309082e-01
9.997959733009338379e-01
9.996395707130432129e-01
9.994664192199707031e-01
9.988304376602172852e-01
9.994185566902160645e-01
9.869644641876220703e-01
8.052790760993957520e-01
9.710008502006530762e-01
9.738501310348510742e-01
9.983167648315429688e-01
9.946750402450561523e-01
9.949588775634765625e-01
9.932369589805603027e-01
8.099447041749954224e-01
6.914057731628417969e-01
9.770526289939880371e-01
9.988383650779724121e-01
9.997560381889343262e-01
9.996631741523742676e-01
9.997429847717285156e-01
9.998194575309753418e-01
9.993031620979309082e-01
9.982971549034118652e-01
9.993780851364135742e-01
9.996787309646606445e-01
9.996901750564575195e-01
9.997152090072631836e-01
9.996119737625122070e-01
9.996331334114074707e-01
9.996601343154907227e-01
9.995783567428588867e-01
9.996986985206604004e-01
9.997107982635498047e-01
9.997643828392028809e-01
9.995805621147155762e-01
9.997149705886840820e-01
9.975314140319824219e-01
9.994626045227050781e-01
9.998221993446350098e-01
9.995493292808532715e-01
9.997112751007080078e-01
9.982543587684631348e-01
8.781760931015014648e-01
6.325057744979858398e-01
9.983335733413696289e-01
9.963688850402832031e-01
9.992676377296447754e-01
9.998053312301635742e-01
9.522240161895751953e-01
7.931279838085174561e-01
9.967079162597656250e-01
9.804920554161071777e-01
9.984559416770935059e-01
9.989911913871765137e-01
9.994733333587646484e-01
9.995529055595397949e-01
8.826797604560852051e-01
9.088857173919677734e-01
9.821052551269531250e-01
9.874663949012756348e-01
9.987191557884216309e-01
9.884461760520935059e-01
7.698323875665664673e-01
9.936737418174743652e-01
8.012275695800781250e-01
7.226245999336242676e-01
9.889791011810302734e-01
6.907741427421569824e-01
9.466499090194702148e-01
5.540172457695007324e-01
9.930714964866638184e-01
8.420342206954956055e-01
9.458926916122436523e-01
9.815932512283325195e-01
9.915142655372619629e-01
9.649642109870910645e-01
9.782273769378662109e-01
9.896293878555297852e-01
9.865007996559143066e-01
9.858222603797912598e-01
9.738607406616210938e-01
9.449377655982971191e-01
7.871857285499572754e-01
5.970769524574279785e-01
2.470598220825195312e-01
3.553577661514282227e-01
1.827285289764404297e-01
8.424174189567565918e-01
5.606003999710083008e-01
5.189129412174224854e-01
5.012406706809997559e-01
7.550690770149230957e-01
6.213967800140380859e-01
7.240819931030273438e-01
7.793093770742416382e-01
6.342184841632843018e-01
6.211506426334381104e-01
6.839829087257385254e-01
7.953968048095703125e-01
6.258074045181274414e-01
6.821665763854980469e-01
5.058854818344116211e-01
5.199641585350036621e-01
3.821617960929870605e-01
3.863100707530975342e-01
3.432838320732116699e-01
3.660543560981750488e-01
4.379985630512237549e-01
3.118693232536315918e-01
4.183170199394226074e-01
4.823477268218994141e-01
3.755860030651092529e-01
4.100821614265441895e-01
3.762713968753814697e-01
3.894483447074890137e-01
3.474207520484924316e-01
4.586138129234313965e-01
5.417462587356567383e-01
4.237894415855407715e-01
4.269392490386962891e-01
4.404711425304412842e-01
4.561899900436401367e-01
4.036870896816253662e-01
3.626209199428558350e-01
3.764308094978332520e-01
3.285140991210937500e-01
3.009288907051086426e-01
4.151085913181304932e-01
4.642586410045623779e-01
3.791129887104034424e-01
3.514528274536132812e-01
3.534296154975891113e-01
4.838126003742218018e-01
5.181396305561065674e-01
5.587539672851562500e-01
4.442392289638519287e-01
6.078956127166748047e-01
5.622845888137817383e-01
5.303298830986022949e-01
5.635523796081542969e-01
5.852135419845581055e-01
4.981603622436523438e-01
4.694664478302001953e-01
4.057506322860717773e-01
4.675388932228088379e-01
4.400430321693420410e-01
3.994352221488952637e-01
5.044689774513244629e-01
4.435795247554779053e-01
4.594851136207580566e-01
4.449414610862731934e-01
