9.961766004562377930e-01
9.970693588256835938e-01
9.985863566398620605e-01
6.561008989810943604e-01
9.846214652061462402e-01
9.987663626670837402e-01
4.852566421031951904e-01
7.445484995841979980e-01
9.955805540084838867e-01
9.956941008567810059e-01
9.976858496665954590e-01
9.995087981224060059e-01
9.998688101768493652e-01
9.988949298858642578e-01
9.980537891387939453e-01
9.995019435882568359e-01
9.994032979011535645e-01
9.998383522033691406e-01
9.998545050621032715e-01
9.711165428161621094e-01
9.987674951553344727e-01
9.995027184486389160e-01
9.998295903205871582e-01
9.998399615287780762e-01
9.999109506607055664e-01
9.999390244483947754e-01
9.999343156814575195e-01
9.991904497146606445e-01
9.998719096183776855e-01
9.999049305915832520e-01
9.999081492424011230e-01
9.999242424964904785e-01
9.999417066574096680e-01
9.999031424522399902e-01
9.998953342437744141e-01
9.999220967292785645e-01
9.999186992645263672e-01
9.997808337211608887e-01
9.881086349487304688e-01
9.897111058235168457e-01
9.991150498390197754e-01
9.771909117698669434e-01
9.905800819396972656e-01
9.973913431167602539e-01
7.279609441757202148e-01
9.991372227668762207e-01
9.762480854988098145e-01
9.918949604034423828e-01
7.817718088626861572e-01
9.967554807662963867e-01
9.991040229797363281e-01
9.988812208175659180e-01
9.995546936988830566e-01
9.994372725486755371e-01
9.996408820152282715e-01
9.998578429222106934e-01
9.993683099746704102e-01
9.992176294326782227e-01
9.996631741523742676e-01
9.996451139450073242e-01
9.997022747993469238e-01
9.996832609176635742e-01
9.997941255569458008e-01
9.991825819015502930e-01
9.986860156059265137e-01
9.994583725929260254e-01
9.993811249732971191e-01
9.992725849151611328e-01
9.988575577735900879e-01
9.995486140251159668e-01
9.997622370719909668e-01
9.980242252349853516e-01
9.989765286445617676e-01
9.982751607894897461e-01
9.909818172454833984e-01
9.988532066345214844e-01
9.983825683593750000e-01
9.985331892967224121e-01
8.562920689582824707e-01
5.796616077423095703e-01
9.996215105056762695e-01
9.986006021499633789e-01
9.982140064239501953e-01
9.995392560958862305e-01
9.995272755622863770e-01
9.997974634170532227e-01
9.998007416725158691e-01
9.996922612190246582e-01
9.998010396957397461e-01
9.997926354408264160e-01
9.996357560157775879e-01
9.998549222946166992e-01
9.996676445007324219e-01
9.997066855430603027e-01
9.997101426124572754e-01
9.987473487854003906e-01
9.997631311416625977e-01
9.989013075828552246e-01
9.991518259048461914e-01
9.992488026618957520e-01
9.995542168617248535e-01
9.998410344123840332e-01
9.992730617523193359e-01
9.995088577270507812e-01
9.992548823356628418e-01
9.991272687911987305e-01
9.996965527534484863e-01
9.995145797729492188e-01
9.993941187858581543e-01
9.957267642021179199e-01
9.920128583908081055e-01
9.926506876945495605e-01
9.991465210914611816e-01
9.984562993049621582e-01
9.997478127479553223e-01
9.987490177154541016e-01
9.946347475051879883e-01
9.981930851936340332e-01
9.995889067649841309e-01
9.994685053825378418e-01
9.993721246719360352e-01
9.981455206871032715e-01
9.991268515586853027e-01
9.243424683809280396e-01
9.751233458518981934e-01
9.607464075088500977e-01
9.965562820434570312e-01
9.965463280677795410e-01
9.980559945106506348e-01
9.934961199760437012e-01
9.991962909698486328e-01
9.966070055961608887e-01
9.749383330345153809e-01
9.948031902313232422e-01
9.924476742744445801e-01
9.927921891212463379e-01
9.922084808349609375e-01
9.977912306785583496e-01
9.957181215286254883e-01
9.925940632820129395e-01
9.896577596664428711e-01
9.965045452117919922e-01
9.874712824821472168e-01
9.931916594505310059e-01
9.347333312034606934e-01
9.753254652023315430e-01
8.965735435485839844e-01
7.894688844680786133e-01
7.791563868522644043e-01
6.064444184303283691e-01
6.900249123573303223e-01
7.787643074989318848e-01
7.839574813842773438e-01
8.274527788162231445e-01
4.765845835208892822e-01
5.858707427978515625e-01
5.280583798885345459e-01
5.569396615028381348e-01
3.113274574279785156e-01
5.578056573867797852e-01
5.338267683982849121e-01
3.343930244445800781e-01
4.240503907203674316e-01
4.509908556938171387e-01
4.375629425048828125e-01
5.507181286811828613e-01
4.166007041931152344e-01
4.234160780906677246e-01
3.889649510383605957e-01
2.917248010635375977e-01
3.217111527919769287e-01
2.020346522331237793e-01
3.014953732490539551e-01
2.108436226844787598e-01
2.488414645195007324e-01
2.273278832435607910e-01
2.172285914421081543e-01
2.760345935821533203e-01
2.435218095779418945e-01
3.320869803428649902e-01
3.521050214767456055e-01
3.987650871276855469e-01
4.609305858612060547e-01
2.634636163711547852e-01
3.768804967403411865e-01
3.243222832679748535e-01
3.078023791313171387e-01
4.454374313354492188e-01
3.179810643196105957e-01
3.014258742332458496e-01
3.041076660156250000e-01
3.474739789962768555e-01
3.334237337112426758e-01
3.358306884765625000e-01
3.623781800270080566e-01
3.412582576274871826e-01
3.479338288307189941e-01
4.099105596542358398e-01
2.767120003700256348e-01
3.662165701389312744e-01
3.900290727615356445e-01
3.799853920936584473e-01
3.322781920433044434e-01
3.285027146339416504e-01
4.818272590637207031e-01
3.664884567260742188e-01
4.048190712928771973e-01
4.333543181419372559e-01
4.751079678535461426e-01
4.421917200088500977e-01
4.487164914608001709e-01
5.107970237731933594e-01
4.297958612442016602e-01
