9.961766004562377930e-01
9.970693588256835938e-01
4.997427463531494141e-01
5.682863593101501465e-01
9.958591461181640625e-01
9.985280632972717285e-01
6.148990988731384277e-01
6.979869604110717773e-01
9.952147006988525391e-01
9.967195391654968262e-01
9.970041513442993164e-01
9.995087981224060059e-01
9.998688101768493652e-01
9.998848438262939453e-01
9.987072944641113281e-01
9.982758164405822754e-01
9.994968175888061523e-01
9.998260140419006348e-01
9.998820424079895020e-01
9.633339047431945801e-01
9.978017807006835938e-01
9.996408820152282715e-01
9.998307824134826660e-01
9.998425841331481934e-01
9.999104738235473633e-01
9.999142885208129883e-01
9.999451041221618652e-01
9.999305605888366699e-01
9.998201131820678711e-01
9.998764395713806152e-01
9.999051690101623535e-01
9.999387264251708984e-01
9.999043941497802734e-01
9.998878240585327148e-01
9.999240040779113770e-01
9.999216794967651367e-01
9.999253153800964355e-01
9.997556805610656738e-01
9.997519254684448242e-01
9.917011857032775879e-01
9.965087175369262695e-01
9.931668043136596680e-01
2.593025565147399902e-01
9.840309619903564453e-01
9.935259222984313965e-01
5.935916304588317871e-01
8.363683223724365234e-01
7.541598677635192871e-01
7.900908589363098145e-01
9.990609884262084961e-01
9.995055794715881348e-01
9.996402263641357422e-01
9.995350241661071777e-01
9.996779561042785645e-01
9.998664259910583496e-01
9.993916153907775879e-01
9.991810917854309082e-01
9.996666312217712402e-01
9.996258616447448730e-01
9.996961951255798340e-01
9.996818900108337402e-01
9.998495578765869141e-01
9.991225004196166992e-01
9.987055659294128418e-01
9.995144605636596680e-01
9.994609951972961426e-01
9.994626045227050781e-01
9.994329214096069336e-01
9.991002082824707031e-01
9.995665550231933594e-01
9.969767928123474121e-01
9.974504113197326660e-01
9.986894726753234863e-01
9.991831183433532715e-01
9.931047558784484863e-01
9.953452944755554199e-01
9.987766742706298828e-01
9.979792237281799316e-01
9.938946366310119629e-01
9.985236525535583496e-01
9.990077614784240723e-01
9.993509054183959961e-01
9.993243217468261719e-01
9.992833733558654785e-01
9.997687935829162598e-01
9.997670650482177734e-01
9.997701644897460938e-01
9.995881319046020508e-01
9.987615942955017090e-01
9.974412918090820312e-01
9.981843233108520508e-01
9.996996521949768066e-01
9.996754527091979980e-01
9.995517730712890625e-01
9.985017180442810059e-01
9.997725486755371094e-01
9.991044402122497559e-01
9.995833635330200195e-01
9.996066689491271973e-01
9.990033507347106934e-01
9.972894787788391113e-01
9.996129274368286133e-01
9.997034072875976562e-01
9.993625879287719727e-01
9.994258284568786621e-01
9.995105862617492676e-01
9.991465210914611816e-01
9.955276846885681152e-01
9.914907813072204590e-01
9.900572896003723145e-01
9.990372061729431152e-01
9.981136918067932129e-01
9.993947148323059082e-01
9.988241195678710938e-01
9.997078180313110352e-01
9.979488849639892578e-01
9.914547204971313477e-01
9.965093731880187988e-01
9.971227049827575684e-01
9.990284442901611328e-01
9.996110796928405762e-01
9.978254437446594238e-01
8.899449110031127930e-01
9.226434230804443359e-01
9.349210858345031738e-01
9.932913184165954590e-01
9.987712502479553223e-01
9.938004612922668457e-01
9.353361725807189941e-01
9.580389857292175293e-01
9.697377085685729980e-01
8.748524188995361328e-01
9.597704522311687469e-01
9.678042531013488770e-01
9.843290448188781738e-01
9.506248831748962402e-01
9.755609631538391113e-01
9.941785335540771484e-01
9.876955747604370117e-01
8.882648348808288574e-01
9.490899443626403809e-01
9.605502486228942871e-01
9.007120728492736816e-01
8.621817827224731445e-01
5.108997225761413574e-01
6.627046465873718262e-01
6.072053909301757812e-01
7.509072422981262207e-01
4.480997622013092041e-01
4.895500540733337402e-01
2.381040751934051514e-01
2.907961606979370117e-01
1.746753454208374023e-01
6.652249395847320557e-01
2.448319196701049805e-01
4.930482804775238037e-01
4.142009019851684570e-01
3.481228053569793701e-01
2.630802392959594727e-01
3.111901283264160156e-01
3.460838794708251953e-01
3.279225230216979980e-01
3.597038984298706055e-01
4.281485676765441895e-01
4.879298210144042969e-01
3.789631128311157227e-01
3.184057474136352539e-01
3.141402602195739746e-01
2.273272275924682617e-01
3.241746425628662109e-01
2.924532890319824219e-01
2.879000306129455566e-01
4.428052306175231934e-01
3.007844090461730957e-01
2.474355101585388184e-01
3.583088517189025879e-01
2.857628464698791504e-01
2.340418696403503418e-01
3.262102603912353516e-01
3.445254564285278320e-01
4.189757704734802246e-01
3.526772260665893555e-01
4.432628154754638672e-01
3.713160753250122070e-01
3.557726144790649414e-01
2.440945357084274292e-01
2.789757251739501953e-01
4.090778827667236328e-01
3.013812899589538574e-01
3.377755880355834961e-01
4.875101149082183838e-01
4.195454418659210205e-01
3.624389171600341797e-01
4.723571538925170898e-01
4.028194546699523926e-01
4.347702264785766602e-01
3.986425995826721191e-01
4.474856257438659668e-01
4.822775721549987793e-01
4.818561673164367676e-01
