9.961766004562377930e-01
9.970693588256835938e-01
9.985863566398620605e-01
9.985475540161132812e-01
9.996557831764221191e-01
9.997925162315368652e-01
9.997665286064147949e-01
9.977559447288513184e-01
9.994528889656066895e-01
9.998061656951904297e-01
9.997804760932922363e-01
9.998162984848022461e-01
9.999057650566101074e-01
9.999001026153564453e-01
9.999094605445861816e-01
9.998812675476074219e-01
9.957020282745361328e-01
9.997562170028686523e-01
9.998657703399658203e-01
9.998705983161926270e-01
9.983501434326171875e-01
9.981806278228759766e-01
9.996348023414611816e-01
9.998431205749511719e-01
9.999223351478576660e-01
9.999107718467712402e-01
9.999144673347473145e-01
9.999451041221618652e-01
9.999039173126220703e-01
9.999296665191650391e-01
9.998859763145446777e-01
9.998645186424255371e-01
9.999234676361083984e-01
9.999173283576965332e-01
9.999243021011352539e-01
9.999262094497680664e-01
9.999157190322875977e-01
9.998864531517028809e-01
9.956590533256530762e-01
9.962259531021118164e-01
9.997900128364562988e-01
9.783023595809936523e-01
9.906904697418212891e-01
9.996613860130310059e-01
9.991296529769897461e-01
9.760087132453918457e-01
4.412202239036560059e-01
7.019703984260559082e-01
9.918079376220703125e-01
9.991089105606079102e-01
9.603592753410339355e-01
9.333069324493408203e-01
9.937790036201477051e-01
9.652078747749328613e-01
9.808366298675537109e-01
9.880321025848388672e-01
9.988136887550354004e-01
9.997701644897460938e-01
9.996262192726135254e-01
9.998382925987243652e-01
9.993993639945983887e-01
9.991064667701721191e-01
9.994172453880310059e-01
9.993345737457275391e-01
9.994919300079345703e-01
9.994576573371887207e-01
9.994475245475769043e-01
9.998174309730529785e-01
9.989281892776489258e-01
9.986226558685302734e-01
9.996779561042785645e-01
9.996163249015808105e-01
9.996901750564575195e-01
9.995993971824645996e-01
9.994892477989196777e-01
9.995180964469909668e-01
9.714202284812927246e-01
9.755058884620666504e-01
9.984564781188964844e-01
8.677218556404113770e-01
9.946043491363525391e-01
9.987297654151916504e-01
9.995283484458923340e-01
9.994357824325561523e-01
8.642633557319641113e-01
9.481945037841796875e-01
9.538869261741638184e-01
9.987512230873107910e-01
9.983338117599487305e-01
9.995765686035156250e-01
9.995532035827636719e-01
9.996756315231323242e-01
9.995316863059997559e-01
9.992964267730712891e-01
9.994547367095947266e-01
9.990195631980895996e-01
9.995446801185607910e-01
9.996396899223327637e-01
9.979895949363708496e-01
9.984296560287475586e-01
9.991453886032104492e-01
9.996284842491149902e-01
9.993056654930114746e-01
9.994773268699645996e-01
9.993934631347656250e-01
9.995905160903930664e-01
9.993734359741210938e-01
9.405664205551147461e-01
6.238278150558471680e-01
6.749590933322906494e-01
9.986290931701660156e-01
9.976972937583923340e-01
9.995971322059631348e-01
9.947668910026550293e-01
9.354751706123352051e-01
9.985233545303344727e-01
9.986183643341064453e-01
9.992669224739074707e-01
9.994754195213317871e-01
9.927390217781066895e-01
9.868752360343933105e-01
9.278298020362854004e-01
9.738769531250000000e-01
5.406331419944763184e-01
9.074014425277709961e-01
7.619668245315551758e-01
8.618674874305725098e-01
4.803910851478576660e-01
7.872190922498703003e-01
8.103739023208618164e-01
6.601054370403289795e-01
7.412794232368469238e-01
9.740394353866577148e-01
8.826483488082885742e-01
9.030942916870117188e-01
8.983404040336608887e-01
6.475168466567993164e-01
8.490558266639709473e-01
9.083244800567626953e-01
9.016142487525939941e-01
7.567501813173294067e-01
9.323639869689941406e-01
9.578402116894721985e-01
8.504683971405029297e-01
7.953236550092697144e-01
7.946656346321105957e-01
6.163912117481231689e-01
7.412677407264709473e-01
8.094041943550109863e-01
3.916287422180175781e-01
5.873876214027404785e-01
8.506209999322891235e-01
5.111581683158874512e-01
7.332112193107604980e-01
7.774406671524047852e-01
4.576107859611511230e-01
3.336469531059265137e-01
4.027831554412841797e-01
4.284180402755737305e-01
6.820961236953735352e-01
6.939701437950134277e-01
8.016561269760131836e-01
5.740585029125213623e-01
7.918543964624404907e-01
3.185776472091674805e-01
6.709926426410675049e-01
3.510218262672424316e-01
6.213371753692626953e-01
3.652330040931701660e-01
5.074028968811035156e-01
5.302390158176422119e-01
3.120149970054626465e-01
4.939630031585693359e-01
4.948812425136566162e-01
2.348952889442443848e-01
3.338240981101989746e-01
4.775796532630920410e-01
2.777129113674163818e-01
3.604033291339874268e-01
3.072339892387390137e-01
3.104232847690582275e-01
3.877212405204772949e-01
5.946131944656372070e-01
6.184968352317810059e-01
3.814462423324584961e-01
3.799405694007873535e-01
3.157896399497985840e-01
4.972791671752929688e-01
4.036402404308319092e-01
4.825728535652160645e-01
4.251673221588134766e-01
4.303653836250305176e-01
4.678157567977905273e-01
5.085909962654113770e-01
4.404904246330261230e-01
5.079503655433654785e-01
4.953740239143371582e-01
3.452328443527221680e-01
4.057690203189849854e-01
4.173205494880676270e-01
5.343223214149475098e-01
3.794026076793670654e-01
4.854676425457000732e-01
3.882096409797668457e-01
4.646755456924438477e-01
4.477155804634094238e-01
4.934902787208557129e-01
3.834366798400878906e-01
3.781811594963073730e-01
4.337753057479858398e-01
3.651102185249328613e-01
3.428252339363098145e-01
2.546876668930053711e-01
4.156635403633117676e-01
4.765732884407043457e-01
3.433261811733245850e-01
4.883259534835815430e-01
5.570735037326812744e-01
4.021735191345214844e-01
5.276432037353515625e-01
3.753657341003417969e-01
4.232662320137023926e-01
2.655152082443237305e-01
4.159429371356964111e-01
3.531212806701660156e-01
4.658537507057189941e-01
