9.961766004562377930e-01
9.970693588256835938e-01
9.985863566398620605e-01
9.985475540161132812e-01
9.996557831764221191e-01
9.997925162315368652e-01
9.997665286064147949e-01
9.977559447288513184e-01
9.994528889656066895e-01
9.998061656951904297e-01
9.997804760932922363e-01
9.998162984848022461e-01
9.999057650566101074e-01
9.998326301574707031e-01
9.963160157203674316e-01
9.987812042236328125e-01
9.993768334388732910e-01
9.998184442520141602e-01
9.998601675033569336e-01
9.710538387298583984e-01
9.985268115997314453e-01
9.995718002319335938e-01
9.994202852249145508e-01
9.998387098312377930e-01
9.999096989631652832e-01
9.999387264251708984e-01
9.999118447303771973e-01
9.998955130577087402e-01
9.999218583106994629e-01
9.999395012855529785e-01
9.999422430992126465e-01
9.998965263366699219e-01
9.998844861984252930e-01
9.999243021011352539e-01
9.999173283576965332e-01
9.999244809150695801e-01
9.999409914016723633e-01
9.998779296875000000e-01
9.996827244758605957e-01
9.994596838951110840e-01
9.997440576553344727e-01
9.888207912445068359e-01
5.932009220123291016e-01
9.846653342247009277e-01
4.182827472686767578e-01
8.022872209548950195e-01
5.952123999595642090e-01
5.180169343948364258e-01
8.096001148223876953e-01
9.988161921501159668e-01
9.995180964469909668e-01
9.997805356979370117e-01
9.889923930168151855e-01
9.879420399665832520e-01
9.970058202743530273e-01
9.996277093887329102e-01
9.996232390403747559e-01
9.994581937789916992e-01
9.995807409286499023e-01
9.998636245727539062e-01
9.992912411689758301e-01
9.990177750587463379e-01
9.993996024131774902e-01
9.993242025375366211e-01
9.991886615753173828e-01
9.991176128387451172e-01
9.997110366821289062e-01
9.992282986640930176e-01
9.987245202064514160e-01
9.995370507240295410e-01
9.994921088218688965e-01
9.995837807655334473e-01
9.994627833366394043e-01
9.991531372070312500e-01
9.994224309921264648e-01
9.998230934143066406e-01
9.998031854629516602e-01
9.996262192726135254e-01
9.996150732040405273e-01
9.994927644729614258e-01
9.997134804725646973e-01
9.997992515563964844e-01
9.996445178985595703e-01
9.996054768562316895e-01
9.997900128364562988e-01
9.994662404060363770e-01
9.996176362037658691e-01
9.994863271713256836e-01
9.993286132812500000e-01
9.998314380645751953e-01
9.994560480117797852e-01
9.998256564140319824e-01
9.998181462287902832e-01
9.995672702789306641e-01
9.996843338012695312e-01
9.972562789916992188e-01
9.989457130432128906e-01
9.985805749893188477e-01
9.996817708015441895e-01
9.996967315673828125e-01
9.996009469032287598e-01
9.996819496154785156e-01
9.994877576828002930e-01
9.987748861312866211e-01
9.995878934860229492e-01
9.995933175086975098e-01
9.995346069335937500e-01
9.996948242187500000e-01
9.969832301139831543e-01
5.486254096031188965e-01
2.485046386718750000e-01
9.365805387496948242e-01
9.981800317764282227e-01
9.978169798851013184e-01
9.997492432594299316e-01
9.671884179115295410e-01
8.965880870819091797e-01
8.957555890083312988e-01
9.904191493988037109e-01
9.957016110420227051e-01
9.990564584732055664e-01
9.995428323745727539e-01
9.972770214080810547e-01
9.598147869110107422e-01
9.991306662559509277e-01
9.721389412879943848e-01
6.241647005081176758e-01
9.273596927523612976e-01
9.899984598159790039e-01
9.962368607521057129e-01
9.859092235565185547e-01
7.474601268768310547e-01
9.854422807693481445e-01
7.928768396377563477e-01
6.341012716293334961e-01
9.302843213081359863e-01
9.926614761352539062e-01
9.143857359886169434e-01
9.271107316017150879e-01
9.940118789672851562e-01
9.311724305152893066e-01
7.708724737167358398e-01
9.818469882011413574e-01
9.948477745056152344e-01
9.682949781417846680e-01
9.941163659095764160e-01
9.899072647094726562e-01
9.804711341857910156e-01
9.152621030807495117e-01
6.037136018276214600e-01
2.932797372341156006e-01
4.034051895141601562e-01
7.259838581085205078e-01
6.046407818794250488e-01
6.984895467758178711e-01
7.415250539779663086e-01
7.406587600708007812e-01
5.314052700996398926e-01
6.769900918006896973e-01
6.216908395290374756e-01
7.614840269088745117e-01
8.612743020057678223e-01
8.565651774406433105e-01
7.180697023868560791e-01
4.772931933403015137e-01
6.229775249958038330e-01
5.229192972183227539e-01
3.866791725158691406e-01
4.360506534576416016e-01
8.450196981430053711e-01
5.193543434143066406e-01
6.104367375373840332e-01
6.724148392677307129e-01
5.606904625892639160e-01
3.237585425376892090e-01
6.584823131561279297e-01
4.585847854614257812e-01
2.450923323631286621e-01
4.642804861068725586e-01
4.713563024997711182e-01
2.665999829769134521e-01
3.429323434829711914e-01
5.015031695365905762e-01
3.739417791366577148e-01
4.619221091270446777e-01
4.910232424736022949e-01
5.306319594383239746e-01
5.891629457473754883e-01
4.802056252956390381e-01
5.462435483932495117e-01
5.129005312919616699e-01
4.311401247978210449e-01
3.520083427429199219e-01
3.847050666809082031e-01
5.063774287700653076e-01
3.639370799064636230e-01
4.686971306800842285e-01
5.302443504333496094e-01
4.349502325057983398e-01
3.892499208450317383e-01
4.628676176071166992e-01
5.744120180606842041e-01
5.623337030410766602e-01
3.946197032928466797e-01
3.117380142211914062e-01
4.173889458179473877e-01
4.469081759452819824e-01
3.344469666481018066e-01
4.251477122306823730e-01
4.247816205024719238e-01
3.749483823776245117e-01
3.736838102340698242e-01
3.675079047679901123e-01
3.927530050277709961e-01
3.634250760078430176e-01
3.788106739521026611e-01
