9.961766004562377930e-01
9.970693588256835938e-01
4.997427463531494141e-01
5.682862997055053711e-01
9.958591461181640625e-01
9.985280632972717285e-01
6.148990988731384277e-01
6.979869604110717773e-01
9.952147006988525391e-01
9.967195391654968262e-01
9.970041513442993164e-01
9.995087981224060059e-01
9.998688101768493652e-01
9.998848438262939453e-01
9.987072944641113281e-01
9.982758164405822754e-01
9.994968175888061523e-01
9.998260140419006348e-01
9.998820424079895020e-01
9.633339047431945801e-01
9.978017807006835938e-01
9.996408820152282715e-01
9.998307824134826660e-01
9.998425841331481934e-01
9.999104738235473633e-01
9.999142885208129883e-01
9.999451041221618652e-01
9.999305605888366699e-01
9.998201131820678711e-01
9.998764395713806152e-01
9.999051690101623535e-01
9.999387264251708984e-01
9.999043941497802734e-01
9.998878240585327148e-01
9.999240040779113770e-01
9.999216794967651367e-01
9.999253153800964355e-01
9.997556805610656738e-01
9.997519254684448242e-01
9.917011857032775879e-01
9.965087175369262695e-01
9.997944235801696777e-01
7.560259699821472168e-01
9.601813554763793945e-01
3.389373421669006348e-01
5.819550752639770508e-01
8.902237415313720703e-01
7.617471814155578613e-01
6.974980235099792480e-01
9.990172982215881348e-01
9.995203614234924316e-01
9.994434118270874023e-01
9.996487498283386230e-01
9.996270537376403809e-01
9.998579025268554688e-01
9.993424415588378906e-01
9.991748332977294922e-01
9.996536374092102051e-01
9.996262788772583008e-01
9.996932148933410645e-01
9.996766448020935059e-01
9.998514652252197266e-01
9.991604089736938477e-01
9.986782073974609375e-01
9.995294213294982910e-01
9.994866251945495605e-01
9.994826912879943848e-01
9.994608163833618164e-01
9.994151592254638672e-01
9.997537136077880859e-01
9.976163506507873535e-01
9.984248876571655273e-01
9.993253350257873535e-01
9.994571805000305176e-01
9.992684125900268555e-01
9.850968122482299805e-01
9.986557364463806152e-01
9.675958156585693359e-01
9.976249337196350098e-01
9.986001849174499512e-01
9.993591308593750000e-01
9.991240501403808594e-01
9.979662299156188965e-01
9.993100762367248535e-01
9.996896386146545410e-01
9.996818900108337402e-01
9.996871352195739746e-01
9.995583295822143555e-01
9.996663331985473633e-01
9.974166154861450195e-01
9.976592063903808594e-01
9.996452927589416504e-01
9.996817111968994141e-01
9.996155500411987305e-01
9.993299841880798340e-01
9.994312524795532227e-01
9.995965957641601562e-01
9.995455145835876465e-01
9.994255304336547852e-01
9.997335076332092285e-01
9.983513951301574707e-01
9.973050355911254883e-01
9.994655847549438477e-01
9.997457861900329590e-01
9.996219277381896973e-01
9.990372061729431152e-01
9.996333122253417969e-01
9.797419309616088867e-01
9.931739568710327148e-01
9.942424297332763672e-01
9.979203343391418457e-01
9.990593791007995605e-01
9.992282986640930176e-01
9.983857870101928711e-01
9.996094703674316406e-01
9.979666471481323242e-01
9.884082674980163574e-01
9.985353946685791016e-01
9.951077699661254883e-01
9.987745285034179688e-01
9.990742206573486328e-01
9.996743798255920410e-01
9.981324672698974609e-01
9.985093474388122559e-01
9.016900062561035156e-01
8.198863267898559570e-01
9.977647662162780762e-01
8.865399882197380066e-01
9.897584319114685059e-01
9.665360450744628906e-01
9.987809658050537109e-01
9.712379574775695801e-01
3.760554790496826172e-01
8.252968788146972656e-01
9.931137561798095703e-01
9.941098690032958984e-01
9.875178337097167969e-01
9.960222244262695312e-01
9.632459878921508789e-01
9.713358283042907715e-01
9.435362219810485840e-01
9.727588295936584473e-01
9.241025447845458984e-01
9.791679382324218750e-01
9.801568388938903809e-01
9.785103201866149902e-01
9.674949869513511658e-01
9.236865639686584473e-01
7.589285224676132202e-01
3.366863727569580078e-01
6.670475602149963379e-01
8.037870526313781738e-01
6.338759064674377441e-01
9.169190153479576111e-01
7.388345897197723389e-01
7.527725696563720703e-01
7.342817485332489014e-01
6.731428503990173340e-01
6.891059279441833496e-01
5.141220688819885254e-01
7.844715565443038940e-01
3.071797192096710205e-01
5.725683867931365967e-01
6.372058987617492676e-01
5.766746401786804199e-01
2.727801799774169922e-01
4.214208722114562988e-01
4.139304757118225098e-01
3.045429587364196777e-01
3.776165843009948730e-01
3.893680572509765625e-01
3.169789910316467285e-01
2.058947086334228516e-01
3.649756908416748047e-01
2.606671452522277832e-01
3.099331259727478027e-01
2.624731361865997314e-01
2.823525071144104004e-01
2.700285017490386963e-01
3.567538261413574219e-01
3.168919086456298828e-01
3.757672309875488281e-01
5.279608964920043945e-01
5.324142575263977051e-01
5.464620590209960938e-01
3.441432714462280273e-01
3.421728014945983887e-01
3.787353038787841797e-01
3.550007045269012451e-01
4.354754090309143066e-01
3.592769503593444824e-01
5.550805926322937012e-01
3.486889600753784180e-01
3.873847723007202148e-01
3.342494368553161621e-01
3.670665025711059570e-01
4.011880755424499512e-01
4.447883665561676025e-01
4.358938336372375488e-01
5.232582092285156250e-01
5.679237842559814453e-01
4.021923840045928955e-01
4.624840617179870605e-01
3.857725262641906738e-01
4.035734534263610840e-01
4.081079959869384766e-01
4.496032595634460449e-01
