9.961766004562377930e-01
9.970693588256835938e-01
9.985863566398620605e-01
6.561008989810943604e-01
9.846214652061462402e-01
9.987663626670837402e-01
4.852566421031951904e-01
7.445484995841979980e-01
9.955805540084838867e-01
9.956941008567810059e-01
9.976858496665954590e-01
9.995087981224060059e-01
9.998688101768493652e-01
9.998847842216491699e-01
9.987072944641113281e-01
9.982871413230895996e-01
9.994984865188598633e-01
9.998257160186767578e-01
9.998814463615417480e-01
9.585264921188354492e-01
9.979286193847656250e-01
9.996428489685058594e-01
9.998295903205871582e-01
9.998399615287780762e-01
9.999109506607055664e-01
9.999142289161682129e-01
9.999448657035827637e-01
9.999305605888366699e-01
9.998197555541992188e-01
9.998757839202880859e-01
9.999055266380310059e-01
9.999178051948547363e-01
9.999440312385559082e-01
9.999418854713439941e-01
9.999035596847534180e-01
9.998966455459594727e-01
9.999222755432128906e-01
9.997323155403137207e-01
8.683731555938720703e-01
9.902617931365966797e-01
9.990102052688598633e-01
9.996576309204101562e-01
9.930981993675231934e-01
5.615967214107513428e-01
9.854855537414550781e-01
9.993630051612854004e-01
7.573045492172241211e-01
9.923343062400817871e-01
7.492859065532684326e-01
9.977213740348815918e-01
9.989700317382812500e-01
9.993921518325805664e-01
9.995655417442321777e-01
9.994260072708129883e-01
9.996448159217834473e-01
9.998587369918823242e-01
9.993698000907897949e-01
9.991791248321533203e-01
9.996624588966369629e-01
9.996384382247924805e-01
9.997013211250305176e-01
9.996753334999084473e-01
9.997944831848144531e-01
9.992079734802246094e-01
9.986925721168518066e-01
9.994462132453918457e-01
9.993617534637451172e-01
9.993095993995666504e-01
9.988790750503540039e-01
9.990499019622802734e-01
9.995984435081481934e-01
9.993799924850463867e-01
9.990099072456359863e-01
9.986609220504760742e-01
9.971994757652282715e-01
9.982889294624328613e-01
9.996222853660583496e-01
9.996358156204223633e-01
9.995183944702148438e-01
9.995449781417846680e-01
9.990575313568115234e-01
9.996222257614135742e-01
9.994021654129028320e-01
9.957687258720397949e-01
9.997535943984985352e-01
9.997748732566833496e-01
9.997310638427734375e-01
9.997253417968750000e-01
9.994712471961975098e-01
9.998352527618408203e-01
9.996774792671203613e-01
9.997734427452087402e-01
9.995940327644348145e-01
9.979602098464965820e-01
9.997001886367797852e-01
9.995791912078857422e-01
9.996993541717529297e-01
9.997678399085998535e-01
9.987803697586059570e-01
9.995005726814270020e-01
9.986040592193603516e-01
9.997729659080505371e-01
9.991728663444519043e-01
9.996754527091979980e-01
9.992269873619079590e-01
9.996193647384643555e-01
9.994123578071594238e-01
9.996644854545593262e-01
9.989994168281555176e-01
9.995638132095336914e-01
9.989585280418395996e-01
9.972069263458251953e-01
9.963007569313049316e-01
9.979835152626037598e-01
9.993079304695129395e-01
9.993834495544433594e-01
9.997534155845642090e-01
9.990317225456237793e-01
9.986772537231445312e-01
9.997223019599914551e-01
9.992405176162719727e-01
8.222853392362594604e-01
9.923402667045593262e-01
9.901300668716430664e-01
9.995185136795043945e-01
9.610394239425659180e-01
9.851717948913574219e-01
9.904510974884033203e-01
9.979398250579833984e-01
9.668164849281311035e-01
9.942017793655395508e-01
9.323237091302871704e-01
9.714276790618896484e-01
4.682056307792663574e-01
4.744734466075897217e-01
4.638203978538513184e-01
8.586531877517700195e-01
9.603742957115173340e-01
9.926716061308979988e-01
9.985841512680053711e-01
9.820428490638732910e-01
9.952372312545776367e-01
9.842661023139953613e-01
9.625602364540100098e-01
6.413930654525756836e-01
6.602561473846435547e-01
8.095028400421142578e-01
9.015282988548278809e-01
5.730524063110351562e-01
6.695110797882080078e-01
4.925607442855834961e-01
5.215840339660644531e-01
4.474933743476867676e-01
6.021400988101959229e-01
5.569058060646057129e-01
6.851518750190734863e-01
5.354862809181213379e-01
7.961615175008773804e-01
5.074906945228576660e-01
5.685675740242004395e-01
4.004351496696472168e-01
6.459747850894927979e-01
5.772214829921722412e-01
4.884555339813232422e-01
4.235368967056274414e-01
4.382287263870239258e-01
3.012294769287109375e-01
3.111306428909301758e-01
4.361726939678192139e-01
2.670317888259887695e-01
3.882011771202087402e-01
4.525188803672790527e-01
3.596378564834594727e-01
4.127286374568939209e-01
4.373399615287780762e-01
3.714312911033630371e-01
4.544916152954101562e-01
5.493642091751098633e-01
7.516916394233703613e-01
6.415178179740905762e-01
7.156288325786590576e-01
6.144020855426788330e-01
5.815299749374389648e-01
4.830112457275390625e-01
4.450489878654479980e-01
3.212180137634277344e-01
4.027303457260131836e-01
4.653323888778686523e-01
4.340006709098815918e-01
3.412080407142639160e-01
3.882893919944763184e-01
4.318615198135375977e-01
3.726696074008941650e-01
4.809755086898803711e-01
4.120739400386810303e-01
3.779845237731933594e-01
4.257971048355102539e-01
3.554154634475708008e-01
4.558475017547607422e-01
4.473810791969299316e-01
4.974732995033264160e-01
4.011546969413757324e-01
4.186490178108215332e-01
4.317817687988281250e-01
4.363971352577209473e-01
4.850243926048278809e-01
5.384808778762817383e-01
4.718688130378723145e-01
3.827871084213256836e-01
4.507569074630737305e-01
