9.961766004562377930e-01
9.970693588256835938e-01
9.985863566398620605e-01
9.985475540161132812e-01
9.996557831764221191e-01
9.997925162315368652e-01
9.997665286064147949e-01
9.998143911361694336e-01
9.995024800300598145e-01
9.996802210807800293e-01
9.998058080673217773e-01
9.989076852798461914e-01
9.998217225074768066e-01
9.986685514450073242e-01
9.976138472557067871e-01
9.996119737625122070e-01
9.994136691093444824e-01
9.998365640640258789e-01
9.998647570610046387e-01
9.998674392700195312e-01
9.998931884765625000e-01
9.988375902175903320e-01
9.982968568801879883e-01
9.998430609703063965e-01
9.999191761016845703e-01
9.999438524246215820e-01
9.998895525932312012e-01
9.998877644538879395e-01
9.999292492866516113e-01
9.999212622642517090e-01
9.999425411224365234e-01
9.998894333839416504e-01
9.998704195022583008e-01
9.999247193336486816e-01
9.999178051948547363e-01
9.999191761016845703e-01
9.999166131019592285e-01
9.998786449432373047e-01
9.968486428260803223e-01
9.751272201538085938e-01
5.025756955146789551e-01
9.532029442489147186e-01
9.926040172576904297e-01
9.994649291038513184e-01
5.022783279418945312e-01
9.850281476974487305e-01
9.988552331924438477e-01
9.751205444335937500e-01
4.828420579433441162e-01
9.656440019607543945e-01
9.714003801345825195e-01
9.899755716323852539e-01
9.996475577354431152e-01
9.650488495826721191e-01
9.610805660486221313e-01
9.997445344924926758e-01
9.995522499084472656e-01
9.996657967567443848e-01
9.996477365493774414e-01
9.991899728775024414e-01
9.999005794525146484e-01
9.991244077682495117e-01
9.989826083183288574e-01
9.991166591644287109e-01
9.967684149742126465e-01
9.998081326484680176e-01
9.995202422142028809e-01
9.997734427452087402e-01
9.995428323745727539e-01
9.989646673202514648e-01
9.957243204116821289e-01
9.993153214454650879e-01
9.994537830352783203e-01
9.997208714485168457e-01
9.974337220191955566e-01
9.997645616531372070e-01
9.997596144676208496e-01
9.514186382293701172e-01
9.268452525138854980e-01
9.929524660110473633e-01
9.901754260063171387e-01
6.034060716629028320e-01
8.288704752922058105e-01
9.280043840408325195e-01
9.879941940307617188e-01
9.977338910102844238e-01
9.996119737625122070e-01
9.993445873260498047e-01
9.993016123771667480e-01
9.997171163558959961e-01
9.995216727256774902e-01
9.996396899223327637e-01
9.996641874313354492e-01
9.990532994270324707e-01
9.993833899497985840e-01
9.994964003562927246e-01
9.993819594383239746e-01
9.993564486503601074e-01
9.993781447410583496e-01
9.993758797645568848e-01
9.992715716361999512e-01
9.996140003204345703e-01
9.994719624519348145e-01
9.993680715560913086e-01
9.986934065818786621e-01
9.978017807006835938e-01
9.857528209686279297e-01
9.988192915916442871e-01
9.938664436340332031e-01
9.995517730712890625e-01
9.992288351058959961e-01
9.988051652908325195e-01
9.984495639801025391e-01
9.988344907760620117e-01
9.951454997062683105e-01
9.983595609664916992e-01
9.995002746582031250e-01
9.979535937309265137e-01
9.980721473693847656e-01
9.982572197914123535e-01
9.968694448471069336e-01
9.956722259521484375e-01
9.962345361709594727e-01
9.967337250709533691e-01
9.873529076576232910e-01
9.814040660858154297e-01
9.725273847579956055e-01
8.318267762660980225e-01
9.354556798934936523e-01
9.537541866302490234e-01
9.632351994514465332e-01
9.760112762451171875e-01
9.535325169563293457e-01
8.552411198616027832e-01
9.307208657264709473e-01
8.099350929260253906e-01
7.718710303306579590e-01
9.083539173007011414e-01
8.697024583816528320e-01
8.214721083641052246e-01
9.549733996391296387e-01
7.571856230497360229e-01
9.252212643623352051e-01
7.516325116157531738e-01
9.556115865707397461e-01
8.180349469184875488e-01
8.221508860588073730e-01
9.153645038604736328e-01
5.821315646171569824e-01
6.343178749084472656e-01
2.584477066993713379e-01
7.218345999717712402e-01
4.198803901672363281e-01
4.940453767776489258e-01
5.036540031433105469e-01
4.541963040828704834e-01
3.698023259639739990e-01
3.132465481758117676e-01
3.622090518474578857e-01
2.011432647705078125e-01
3.486305773258209229e-01
3.605641126632690430e-01
4.596633911132812500e-01
4.859168529510498047e-01
4.232368171215057373e-01
4.194874167442321777e-01
3.959953784942626953e-01
3.213083148002624512e-01
3.145467042922973633e-01
3.533322811126708984e-01
2.791893184185028076e-01
3.422841727733612061e-01
2.796373367309570312e-01
2.943161129951477051e-01
1.931727826595306396e-01
3.104980587959289551e-01
2.243186682462692261e-01
2.683312892913818359e-01
2.375524640083312988e-01
2.445976138114929199e-01
2.169522345066070557e-01
2.502500414848327637e-01
2.915304303169250488e-01
2.088805437088012695e-01
3.216611444950103760e-01
2.718352973461151123e-01
2.654060721397399902e-01
3.850510716438293457e-01
4.326894879341125488e-01
4.346860647201538086e-01
4.475638270378112793e-01
4.412765800952911377e-01
3.756340742111206055e-01
4.360580444335937500e-01
4.350736737251281738e-01
4.679079055786132812e-01
5.142606496810913086e-01
