9.961766004562377930e-01
9.970693588256835938e-01
9.985863566398620605e-01
6.561008989810943604e-01
9.846214652061462402e-01
9.987663626670837402e-01
4.852566719055175781e-01
7.445484995841979980e-01
9.955805540084838867e-01
9.956941008567810059e-01
9.976858496665954590e-01
9.995087981224060059e-01
9.998688101768493652e-01
9.998847842216491699e-01
9.987072944641113281e-01
9.982871413230895996e-01
9.994984865188598633e-01
9.998257160186767578e-01
9.998814463615417480e-01
9.585264921188354492e-01
9.979286193847656250e-01
9.996428489685058594e-01
9.998295903205871582e-01
9.998399615287780762e-01
9.999109506607055664e-01
9.999142289161682129e-01
9.999448657035827637e-01
9.999305605888366699e-01
9.999287724494934082e-01
9.999421238899230957e-01
9.998812675476074219e-01
9.997469186782836914e-01
9.999203085899353027e-01
9.999266266822814941e-01
9.998727440834045410e-01
9.998512864112854004e-01
9.999043345451354980e-01
9.997228384017944336e-01
9.996917843818664551e-01
9.997375011444091797e-01
9.998773932456970215e-01
9.996830821037292480e-01
9.994415640830993652e-01
9.997383952140808105e-01
9.872113466262817383e-01
5.273255109786987305e-01
7.988932132720947266e-01
9.906852245330810547e-01
7.849174737930297852e-01
9.594302773475646973e-01
9.991086125373840332e-01
9.984282851219177246e-01
9.996828436851501465e-01
9.986092448234558105e-01
9.997967481613159180e-01
9.997652173042297363e-01
9.984241724014282227e-01
9.991409778594970703e-01
9.994785785675048828e-01
9.994271397590637207e-01
9.998000264167785645e-01
9.987533092498779297e-01
9.998635053634643555e-01
9.996718168258666992e-01
9.975608587265014648e-01
9.986815452575683594e-01
9.991607069969177246e-01
9.993043541908264160e-01
9.992115497589111328e-01
9.987607002258300781e-01
9.996497631072998047e-01
9.967038035392761230e-01
9.962593317031860352e-01
9.980696439743041992e-01
9.795945882797241211e-01
9.972344040870666504e-01
9.976522326469421387e-01
9.992349147796630859e-01
9.963451027870178223e-01
9.968588948249816895e-01
9.981967210769653320e-01
9.941137433052062988e-01
9.992599487304687500e-01
9.919666051864624023e-01
9.975249171257019043e-01
9.997912049293518066e-01
9.995293617248535156e-01
9.996115565299987793e-01
9.998266696929931641e-01
9.941806793212890625e-01
9.983115196228027344e-01
9.987846016883850098e-01
9.995077252388000488e-01
9.996359348297119141e-01
9.988843798637390137e-01
9.994211196899414062e-01
9.994621276855468750e-01
9.993809461593627930e-01
9.992403984069824219e-01
9.995831251144409180e-01
9.990317225456237793e-01
9.989129304885864258e-01
9.997255802154541016e-01
9.996361136436462402e-01
9.995067119598388672e-01
9.988800287246704102e-01
9.954882860183715820e-01
9.990149736404418945e-01
9.983496069908142090e-01
9.948628544807434082e-01
9.991324543952941895e-01
9.983337521553039551e-01
9.986318349838256836e-01
9.834407567977905273e-01
9.873389601707458496e-01
9.845977425575256348e-01
9.964335560798645020e-01
9.983201026916503906e-01
9.994567036628723145e-01
9.986860156059265137e-01
9.949532747268676758e-01
9.969701170921325684e-01
9.979403018951416016e-01
9.958975315093994141e-01
9.974802136421203613e-01
9.990598559379577637e-01
9.996204972267150879e-01
9.979385733604431152e-01
9.989656209945678711e-01
8.536199331283569336e-01
9.835317134857177734e-01
9.339994192123413086e-01
9.927641153335571289e-01
9.724512100219726562e-01
9.814821481704711914e-01
9.031926393508911133e-01
9.924942255020141602e-01
9.969133734703063965e-01
9.899315237998962402e-01
9.815508723258972168e-01
9.846423268318176270e-01
9.787105321884155273e-01
9.627684950828552246e-01
9.569919109344482422e-01
9.183314442634582520e-01
9.490509778261184692e-01
7.518854588270187378e-01
9.422169327735900879e-01
7.604036927223205566e-01
5.436419844627380371e-01
4.980834126472473145e-01
4.290574789047241211e-01
5.715486705303192139e-01
4.538222253322601318e-01
5.811122953891754150e-01
4.979125857353210449e-01
3.334990143775939941e-01
3.919304609298706055e-01
2.444755434989929199e-01
4.165952205657958984e-01
3.312887549400329590e-01
2.821490764617919922e-01
5.058906078338623047e-01
5.791873335838317871e-01
3.901218771934509277e-01
5.899854302406311035e-01
5.501140654087066650e-01
4.058164358139038086e-01
4.526569247245788574e-01
2.256399989128112793e-01
3.914228975772857666e-01
2.222564816474914551e-01
4.317407608032226562e-01
2.910055518150329590e-01
3.031752109527587891e-01
4.246009588241577148e-01
3.168059587478637695e-01
3.987047672271728516e-01
2.912726402282714844e-01
2.630618810653686523e-01
2.695746123790740967e-01
2.840548157691955566e-01
3.106750249862670898e-01
3.425551056861877441e-01
3.366591930389404297e-01
2.802425026893615723e-01
2.926284074783325195e-01
3.077730536460876465e-01
3.883186578750610352e-01
4.067861437797546387e-01
3.477764725685119629e-01
3.339602947235107422e-01
3.416337966918945312e-01
3.058099150657653809e-01
3.614510893821716309e-01
3.649837970733642578e-01
4.383118152618408203e-01
3.201931715011596680e-01
3.586165904998779297e-01
4.386731386184692383e-01
