9.961766004562377930e-01
9.970693588256835938e-01
4.997427463531494141e-01
5.682862997055053711e-01
9.958591461181640625e-01
9.985280632972717285e-01
6.148990988731384277e-01
6.979869604110717773e-01
9.952147006988525391e-01
9.967195391654968262e-01
9.970041513442993164e-01
9.995087981224060059e-01
9.998688101768493652e-01
9.998848438262939453e-01
9.987072944641113281e-01
9.982758164405822754e-01
9.994968175888061523e-01
9.998260140419006348e-01
9.998820424079895020e-01
9.633339047431945801e-01
9.978017807006835938e-01
9.996408820152282715e-01
9.998307824134826660e-01
9.998425841331481934e-01
9.999104738235473633e-01
9.999142885208129883e-01
9.999451041221618652e-01
9.999305605888366699e-01
9.998201131820678711e-01
9.998764395713806152e-01
9.999051690101623535e-01
9.999387264251708984e-01
9.999043941497802734e-01
9.998878240585327148e-01
9.999240040779113770e-01
9.999216794967651367e-01
9.999253153800964355e-01
9.997556805610656738e-01
9.997519254684448242e-01
9.917011857032775879e-01
9.963644146919250488e-01
9.997951388359069824e-01
9.774113297462463379e-01
9.913759231567382812e-01
7.995490431785583496e-01
9.986955523490905762e-01
9.997109770774841309e-01
9.998297691345214844e-01
9.991371631622314453e-01
9.997869133949279785e-01
9.976646304130554199e-01
9.975577592849731445e-01
9.994963407516479492e-01
9.993606805801391602e-01
9.997683167457580566e-01
9.991120696067810059e-01
9.988005757331848145e-01
9.994415640830993652e-01
9.996340870857238770e-01
9.997058510780334473e-01
9.996828436851501465e-01
9.998512864112854004e-01
9.991365075111389160e-01
9.987462162971496582e-01
9.995422363281250000e-01
9.993581175804138184e-01
9.992661476135253906e-01
9.989048838615417480e-01
9.993386268615722656e-01
9.997422695159912109e-01
9.991242289543151855e-01
9.983916878700256348e-01
9.982689023017883301e-01
9.990975260734558105e-01
9.991799592971801758e-01
9.974654316902160645e-01
9.989113211631774902e-01
9.997376203536987305e-01
9.994575381278991699e-01
9.994616508483886719e-01
9.995567202568054199e-01
9.994866251945495605e-01
9.996274113655090332e-01
9.997828006744384766e-01
9.996129274368286133e-01
9.997458457946777344e-01
9.997442960739135742e-01
9.995712041854858398e-01
9.998005032539367676e-01
9.997070431709289551e-01
9.998222589492797852e-01
9.989674687385559082e-01
9.995981454849243164e-01
9.992226362228393555e-01
9.996332526206970215e-01
9.997091889381408691e-01
9.992794990539550781e-01
9.996235370635986328e-01
9.997026324272155762e-01
9.985961318016052246e-01
9.966310262680053711e-01
9.986947178840637207e-01
9.985215663909912109e-01
9.996966719627380371e-01
9.982249140739440918e-01
9.994785785675048828e-01
9.992092847824096680e-01
9.971784949302673340e-01
9.948225617408752441e-01
9.929229617118835449e-01
9.816964864730834961e-01
9.961556792259216309e-01
9.987050890922546387e-01
9.997114539146423340e-01
9.988993406295776367e-01
9.891546070575714111e-01
9.970825314521789551e-01
9.983955621719360352e-01
9.931157231330871582e-01
9.993351697921752930e-01
9.987034797668457031e-01
9.997712969779968262e-01
9.980820417404174805e-01
9.991027116775512695e-01
7.499690353870391846e-01
9.758076071739196777e-01
9.980096817016601562e-01
9.470183253288269043e-01
9.791947007179260254e-01
9.976561665534973145e-01
9.986321330070495605e-01
9.986144304275512695e-01
8.426709175109863281e-01
5.665976405143737793e-01
9.965873956680297852e-01
9.838646650314331055e-01
9.945514202117919922e-01
9.897269606590270996e-01
9.832949042320251465e-01
9.673459529876708984e-01
9.855141043663024902e-01
9.832007288932800293e-01
9.803886413574218750e-01
9.933991432189941406e-01
9.831002354621887207e-01
9.881803393363952637e-01
9.406229853630065918e-01
8.032386302947998047e-01
7.055004835128784180e-01
5.133410096168518066e-01
6.457086205482482910e-01
6.926096677780151367e-01
8.720814585685729980e-01
5.951204895973205566e-01
5.803849697113037109e-01
6.694531440734863281e-01
6.100757122039794922e-01
6.033546328544616699e-01
4.833673834800720215e-01
6.128270030021667480e-01
8.527219891548156738e-01
4.099749624729156494e-01
7.936720401048660278e-01
7.501453161239624023e-01
6.212239861488342285e-01
3.454313874244689941e-01
4.243197441101074219e-01
3.487436175346374512e-01
2.493967413902282715e-01
2.644581198692321777e-01
3.406783342361450195e-01
2.227130532264709473e-01
2.458441853523254395e-01
3.099005222320556641e-01
3.167039752006530762e-01
4.532086253166198730e-01
3.027229011058807373e-01
4.148644208908081055e-01
3.916664719581604004e-01
4.164565801620483398e-01
3.998190164566040039e-01
3.398986756801605225e-01
4.548642039299011230e-01
4.273788332939147949e-01
3.277403116226196289e-01
2.977548837661743164e-01
3.209376633167266846e-01
2.575443983078002930e-01
3.508037924766540527e-01
3.309670388698577881e-01
3.536612391471862793e-01
3.179559707641601562e-01
3.337081968784332275e-01
3.771096169948577881e-01
3.608983755111694336e-01
4.612262845039367676e-01
2.920752763748168945e-01
3.895277380943298340e-01
4.339229464530944824e-01
4.149920344352722168e-01
4.830670952796936035e-01
3.396686315536499023e-01
4.697972536087036133e-01
4.637479186058044434e-01
4.412904977798461914e-01
4.758715033531188965e-01
5.214335322380065918e-01
5.297843813896179199e-01
5.097802877426147461e-01
