9.961766004562377930e-01
9.970693588256835938e-01
9.985863566398620605e-01
6.561008989810943604e-01
9.846214652061462402e-01
9.987663626670837402e-01
4.852566719055175781e-01
7.445484995841979980e-01
9.955805540084838867e-01
9.956941008567810059e-01
9.976858496665954590e-01
9.995087981224060059e-01
9.998688101768493652e-01
9.988949298858642578e-01
9.980537891387939453e-01
9.995019435882568359e-01
9.994032979011535645e-01
9.998383522033691406e-01
9.998545050621032715e-01
9.998666644096374512e-01
9.998934268951416016e-01
9.998809099197387695e-01
9.997652173042297363e-01
9.996891021728515625e-01
9.999229311943054199e-01
9.999417066574096680e-01
9.999443292617797852e-01
9.999252557754516602e-01
9.997967481613159180e-01
9.998905658721923828e-01
9.999055266380310059e-01
9.999083876609802246e-01
9.999383687973022461e-01
9.999349117279052734e-01
9.999035596847534180e-01
9.998966455459594727e-01
9.999222755432128906e-01
9.997323155403137207e-01
8.683731555938720703e-01
9.898205399513244629e-01
9.990102052688598633e-01
9.996576309204101562e-01
9.930981993675231934e-01
9.913960695266723633e-01
9.996613860130310059e-01
9.984577894210815430e-01
9.994223713874816895e-01
9.998478293418884277e-01
9.998373389244079590e-01
9.998208880424499512e-01
9.934838414192199707e-01
9.986509084701538086e-01
9.991601109504699707e-01
9.994820952415466309e-01
9.994777441024780273e-01
9.998235106468200684e-01
9.993638396263122559e-01
9.985969066619873047e-01
9.996698498725891113e-01
9.996488690376281738e-01
9.997030496597290039e-01
9.996866583824157715e-01
9.997972846031188965e-01
9.991948008537292480e-01
9.987488389015197754e-01
9.994260072708129883e-01
9.993243217468261719e-01
9.994757771492004395e-01
9.994364976882934570e-01
9.991497397422790527e-01
9.995614290237426758e-01
9.970258474349975586e-01
9.992590546607971191e-01
9.990114569664001465e-01
9.941191673278808594e-01
9.965164065361022949e-01
9.992231130599975586e-01
9.998061060905456543e-01
9.981600046157836914e-01
9.960490465164184570e-01
9.994962811470031738e-01
9.968359470367431641e-01
9.996084570884704590e-01
9.991961121559143066e-01
9.994905591011047363e-01
9.998195767402648926e-01
9.997599720954895020e-01
9.996015429496765137e-01
9.996891617774963379e-01
9.994615316390991211e-01
9.983397722244262695e-01
9.938009977340698242e-01
9.996287226676940918e-01
9.992131590843200684e-01
9.991904497146606445e-01
9.992130398750305176e-01
9.987122416496276855e-01
9.991452097892761230e-01
9.988957047462463379e-01
9.953610301017761230e-01
9.984578490257263184e-01
9.991322755813598633e-01
9.997482895851135254e-01
9.996039867401123047e-01
9.986310005187988281e-01
9.980552196502685547e-01
9.888815283775329590e-01
9.986799359321594238e-01
9.989023208618164062e-01
9.789213538169860840e-01
9.992908239364624023e-01
9.961376190185546875e-01
9.991648793220520020e-01
9.982299208641052246e-01
9.983337521553039551e-01
9.994733333587646484e-01
9.986261129379272461e-01
9.943151473999023438e-01
9.989746212959289551e-01
9.994772672653198242e-01
9.984429478645324707e-01
9.989902973175048828e-01
9.660698771476745605e-01
9.963318705558776855e-01
9.935709238052368164e-01
9.457107782363891602e-01
9.624334573745727539e-01
9.989073276519775391e-01
9.891281127929687500e-01
9.977103471755981445e-01
8.840099573135375977e-01
9.813033938407897949e-01
9.981029629707336426e-01
9.974901676177978516e-01
9.412611126899719238e-01
9.879373311996459961e-01
9.863389730453491211e-01
9.978565573692321777e-01
9.967173337936401367e-01
9.945508837699890137e-01
9.925382137298583984e-01
9.933172464370727539e-01
9.882036447525024414e-01
7.762691676616668701e-01
9.055643081665039062e-01
7.868270277976989746e-01
8.366031050682067871e-01
6.574183702468872070e-01
8.177114725112915039e-01
7.325421571731567383e-01
7.550798058509826660e-01
5.641327500343322754e-01
8.788889646530151367e-01
7.184992730617523193e-01
7.999808788299560547e-01
7.365114092826843262e-01
5.536143183708190918e-01
7.321217656135559082e-01
5.897471308708190918e-01
6.858378648757934570e-01
7.326456606388092041e-01
7.836337685585021973e-01
7.501922249794006348e-01
7.251229286193847656e-01
5.787428021430969238e-01
3.774382472038269043e-01
4.377225935459136963e-01
3.825684487819671631e-01
3.454522490501403809e-01
4.160823225975036621e-01
4.294126629829406738e-01
3.358233571052551270e-01
3.606536388397216797e-01
4.243362545967102051e-01
3.917866349220275879e-01
3.841601014137268066e-01
3.515481352806091309e-01
3.128244280815124512e-01
2.628663480281829834e-01
3.372507691383361816e-01
3.278169035911560059e-01
3.347442746162414551e-01
3.390066325664520264e-01
2.963373959064483643e-01
2.868825793266296387e-01
3.085398674011230469e-01
3.376871347427368164e-01
3.973412513732910156e-01
4.025951325893402100e-01
3.727117180824279785e-01
4.191078543663024902e-01
4.536534845829010010e-01
5.808001458644866943e-01
6.172913908958435059e-01
5.598018169403076172e-01
4.766656458377838135e-01
4.321615099906921387e-01
3.361785113811492920e-01
3.620583713054656982e-01
4.048540592193603516e-01
4.884562492370605469e-01
3.078532218933105469e-01
4.406628012657165527e-01
4.696189761161804199e-01
4.764867424964904785e-01
5.062522292137145996e-01
3.646238446235656738e-01
4.027836322784423828e-01
4.958286881446838379e-01
3.283836841583251953e-01
4.250209331512451172e-01
4.216834306716918945e-01
4.203298091888427734e-01
3.130534887313842773e-01
3.655366301536560059e-01
3.872277140617370605e-01
3.777516484260559082e-01
3.769711554050445557e-01
3.677938580513000488e-01
3.325660526752471924e-01
