9.961766004562377930e-01
9.970693588256835938e-01
9.985863566398620605e-01
9.985475540161132812e-01
9.996557831764221191e-01
9.997925162315368652e-01
9.997665286064147949e-01
9.977559447288513184e-01
9.994528889656066895e-01
9.998061656951904297e-01
9.997804760932922363e-01
9.998162984848022461e-01
9.999057650566101074e-01
9.998326301574707031e-01
9.963160157203674316e-01
9.987812042236328125e-01
9.993768334388732910e-01
9.998184442520141602e-01
9.998601675033569336e-01
9.998651146888732910e-01
9.998887777328491211e-01
9.998877644538879395e-01
9.988584518432617188e-01
9.996865391731262207e-01
9.999221563339233398e-01
9.999416470527648926e-01
9.999074935913085938e-01
9.998797178268432617e-01
9.999181628227233887e-01
9.999430179595947266e-01
9.998896121978759766e-01
9.998772740364074707e-01
9.999102950096130371e-01
9.999116063117980957e-01
9.999240040779113770e-01
9.999225735664367676e-01
9.999392628669738770e-01
9.996874332427978516e-01
9.672862887382507324e-01
9.993833899497985840e-01
9.995419383049011230e-01
9.765876531600952148e-01
2.936230301856994629e-01
6.108982563018798828e-01
8.249017000198364258e-01
6.002813577651977539e-01
7.158683538436889648e-01
8.858020901679992676e-01
9.004300236701965332e-01
9.994665980339050293e-01
9.996328353881835938e-01
9.998373985290527344e-01
9.993633031845092773e-01
9.990590214729309082e-01
9.996145367622375488e-01
9.995876550674438477e-01
9.996736645698547363e-01
9.996591210365295410e-01
9.996525049209594727e-01
9.998618960380554199e-01
9.993783235549926758e-01
9.991770386695861816e-01
9.996510744094848633e-01
9.995858073234558105e-01
9.993153214454650879e-01
9.996145963668823242e-01
9.998283386230468750e-01
9.988427162170410156e-01
9.980399012565612793e-01
9.974741935729980469e-01
9.995185732841491699e-01
9.992417097091674805e-01
9.992998838424682617e-01
9.993137717247009277e-01
9.995353221893310547e-01
9.991908669471740723e-01
9.988088011741638184e-01
9.996390342712402344e-01
9.996930956840515137e-01
9.997783303260803223e-01
9.990596771240234375e-01
9.996300339698791504e-01
9.998130798339843750e-01
9.995145797729492188e-01
9.995406866073608398e-01
9.996877908706665039e-01
9.995781183242797852e-01
9.995505809783935547e-01
9.997588396072387695e-01
9.995396137237548828e-01
9.996439814567565918e-01
9.993491768836975098e-01
9.997118711471557617e-01
9.995920658111572266e-01
9.996306300163269043e-01
9.990237951278686523e-01
9.994955658912658691e-01
9.994056820869445801e-01
9.995450377464294434e-01
9.992842674255371094e-01
9.997136592864990234e-01
9.991740584373474121e-01
9.984461069107055664e-01
9.989980459213256836e-01
9.985041618347167969e-01
9.981633424758911133e-01
9.945597052574157715e-01
9.990289211273193359e-01
9.990368485450744629e-01
9.992210865020751953e-01
9.994095563888549805e-01
9.996708631515502930e-01
9.996400475502014160e-01
9.995712041854858398e-01
9.987683296203613281e-01
9.953504800796508789e-01
9.891015291213989258e-01
9.992015361785888672e-01
9.989001750946044922e-01
9.997879266738891602e-01
9.976600408554077148e-01
9.937020540237426758e-01
9.969195127487182617e-01
9.926367998123168945e-01
9.977129697799682617e-01
9.985568523406982422e-01
9.984439611434936523e-01
9.917133450508117676e-01
6.760358512401580811e-01
9.884143471717834473e-01
7.730109095573425293e-01
5.665048658847808838e-01
9.688730835914611816e-01
9.400416612625122070e-01
9.719346761703491211e-01
9.992786049842834473e-01
8.899732232093811035e-01
9.945561885833740234e-01
9.750165939331054688e-01
9.934622645378112793e-01
9.746040701866149902e-01
9.898359775543212891e-01
9.934307336807250977e-01
9.706361293792724609e-01
9.757663607597351074e-01
9.528465270996093750e-01
9.624744057655334473e-01
8.989655375480651855e-01
9.711151719093322754e-01
8.782437071204185486e-01
7.243853211402893066e-01
4.931471943855285645e-01
3.856163620948791504e-01
3.381297588348388672e-01
3.723591566085815430e-01
4.988240003585815430e-01
6.671128869056701660e-01
4.719077348709106445e-01
7.071835994720458984e-01
4.821328520774841309e-01
6.389111280441284180e-01
5.693576931953430176e-01
6.112621426582336426e-01
5.563346147537231445e-01
5.880210995674133301e-01
7.437193393707275391e-01
5.770476460456848145e-01
5.634136497974395752e-01
7.359582781791687012e-01
5.931671261787414551e-01
4.375908970832824707e-01
3.439177870750427246e-01
3.765748143196105957e-01
3.143431544303894043e-01
2.581675648689270020e-01
3.235929310321807861e-01
4.436631798744201660e-01
4.068176150321960449e-01
3.366993665695190430e-01
4.044284820556640625e-01
4.245414733886718750e-01
4.880576729774475098e-01
3.144698739051818848e-01
3.473553061485290527e-01
3.218140602111816406e-01
3.731101453304290771e-01
4.412873685359954834e-01
3.379422128200531006e-01
3.848873376846313477e-01
4.829973280429840088e-01
4.972775578498840332e-01
4.860017895698547363e-01
4.223014116287231445e-01
3.290519714355468750e-01
4.138726592063903809e-01
3.525823950767517090e-01
3.455644249916076660e-01
4.190553426742553711e-01
4.494828283786773682e-01
4.485890269279479980e-01
4.432364702224731445e-01
3.770794868469238281e-01
4.169963002204895020e-01
5.039370059967041016e-01
4.061290621757507324e-01
5.033202767372131348e-01
4.613469243049621582e-01
3.942420780658721924e-01
4.625455141067504883e-01
4.261339306831359863e-01
4.002047777175903320e-01
4.434111714363098145e-01
3.157848119735717773e-01
4.020623564720153809e-01
3.836968541145324707e-01
4.052276611328125000e-01
3.994584083557128906e-01
