9.961766004562377930e-01
9.970693588256835938e-01
9.985863566398620605e-01
6.561009287834167480e-01
9.846214652061462402e-01
9.987663626670837402e-01
4.852566719055175781e-01
7.445484995841979980e-01
9.955805540084838867e-01
9.956941008567810059e-01
9.976858496665954590e-01
9.995087981224060059e-01
9.998688101768493652e-01
9.998847842216491699e-01
9.987072944641113281e-01
9.982871413230895996e-01
9.994984865188598633e-01
9.998257160186767578e-01
9.998814463615417480e-01
9.585264921188354492e-01
9.979286193847656250e-01
9.996428489685058594e-01
9.998295903205871582e-01
9.998399615287780762e-01
9.999109506607055664e-01
9.999142289161682129e-01
9.999448657035827637e-01
9.999305605888366699e-01
9.998197555541992188e-01
9.998757839202880859e-01
9.999055266380310059e-01
9.999178051948547363e-01
9.999440312385559082e-01
9.999418854713439941e-01
9.999035596847534180e-01
9.998966455459594727e-01
9.999222755432128906e-01
9.997323155403137207e-01
8.683732002973556519e-01
9.904291629791259766e-01
9.989987015724182129e-01
9.829289317131042480e-01
9.900799989700317383e-01
9.776630401611328125e-01
3.434242606163024902e-01
7.025364637374877930e-01
8.532682657241821289e-01
9.958105087280273438e-01
7.957336306571960449e-01
9.974510669708251953e-01
9.991301298141479492e-01
9.993234276771545410e-01
9.996745586395263672e-01
9.996389150619506836e-01
9.996377229690551758e-01
9.998587369918823242e-01
9.993806481361389160e-01
9.991979002952575684e-01
9.996685385704040527e-01
9.996376037597656250e-01
9.997040629386901855e-01
9.996749758720397949e-01
9.997944831848144531e-01
9.991878271102905273e-01
9.987911581993103027e-01
9.995571374893188477e-01
9.993733167648315430e-01
9.995037317276000977e-01
9.992296695709228516e-01
9.988184571266174316e-01
9.997966289520263672e-01
9.994708299636840820e-01
9.993378520011901855e-01
9.962905049324035645e-01
9.914520382881164551e-01
9.996072053909301758e-01
9.996694326400756836e-01
9.997580051422119141e-01
9.992870092391967773e-01
9.979866743087768555e-01
9.995892643928527832e-01
9.993308186531066895e-01
9.973256587982177734e-01
9.984450936317443848e-01
9.991540908813476562e-01
9.997456669807434082e-01
9.997799396514892578e-01
9.994797706604003906e-01
9.983814358711242676e-01
9.984355568885803223e-01
9.989064335823059082e-01
9.987846612930297852e-01
9.991965293884277344e-01
9.994568824768066406e-01
9.990312457084655762e-01
9.995640516281127930e-01
9.993296265602111816e-01
9.991814494132995605e-01
9.987868070602416992e-01
9.984225034713745117e-01
9.996787309646606445e-01
9.997719526290893555e-01
9.987570643424987793e-01
9.992434382438659668e-01
9.817945361137390137e-01
9.994580149650573730e-01
9.949544072151184082e-01
9.997882246971130371e-01
9.985285997390747070e-01
9.928867816925048828e-01
9.987745881080627441e-01
9.981570243835449219e-01
9.984437823295593262e-01
9.994555115699768066e-01
9.987350702285766602e-01
9.997952580451965332e-01
9.985307455062866211e-01
9.965367317199707031e-01
9.996050000190734863e-01
9.993669986724853516e-01
9.992550015449523926e-01
9.939804673194885254e-01
9.946384429931640625e-01
9.991125464439392090e-01
9.973454475402832031e-01
7.168145179748535156e-01
9.104001522064208984e-01
5.415282249450683594e-01
9.966259598731994629e-01
9.977433085441589355e-01
9.942439794540405273e-01
9.990145564079284668e-01
9.968555569648742676e-01
9.971360564231872559e-01
9.900639057159423828e-01
9.963817000389099121e-01
9.645583033561706543e-01
9.980611205101013184e-01
9.971956610679626465e-01
9.946389794349670410e-01
9.933310747146606445e-01
9.968441128730773926e-01
9.969073534011840820e-01
9.936904311180114746e-01
9.500715136528015137e-01
9.490792751312255859e-01
9.374330043792724609e-01
8.427826911211013794e-01
9.559024572372436523e-01
7.365407645702362061e-01
7.582666873931884766e-01
7.550244480371475220e-01
8.667458891868591309e-01
8.992468118667602539e-01
8.800882101058959961e-01
8.236659169197082520e-01
6.990056633949279785e-01
6.828233599662780762e-01
5.132660865783691406e-01
7.631697654724121094e-01
7.454537749290466309e-01
8.730582594871520996e-01
8.089661598205566406e-01
5.641127228736877441e-01
4.114871919155120850e-01
4.348517060279846191e-01
2.744948863983154297e-01
4.715190231800079346e-01
4.868385791778564453e-01
6.724345088005065918e-01
7.154563665390014648e-01
7.185123860836029053e-01
6.224843859672546387e-01
6.531369686126708984e-01
6.138178706169128418e-01
5.917780995368957520e-01
6.057918071746826172e-01
5.421274304389953613e-01
4.379183948040008545e-01
4.179070591926574707e-01
4.298843443393707275e-01
4.094023704528808594e-01
3.362974524497985840e-01
3.606948256492614746e-01
2.658298015594482422e-01
3.049812614917755127e-01
2.872005701065063477e-01
3.985791504383087158e-01
5.180485844612121582e-01
4.294078350067138672e-01
4.328092932701110840e-01
5.169895887374877930e-01
4.880578517913818359e-01
4.363593459129333496e-01
3.793362975120544434e-01
3.788146376609802246e-01
3.184741735458374023e-01
3.415614664554595947e-01
3.447741270065307617e-01
5.922250747680664062e-01
5.266845226287841797e-01
5.923419594764709473e-01
5.176049470901489258e-01
4.213834404945373535e-01
4.727959930896759033e-01
4.343477487564086914e-01
4.286414384841918945e-01
5.303351879119873047e-01
3.558754920959472656e-01
4.264394044876098633e-01
3.906848728656768799e-01
4.008213877677917480e-01
3.166970610618591309e-01
3.437087535858154297e-01
4.650021791458129883e-01
4.889062345027923584e-01
5.358623266220092773e-01
4.598937630653381348e-01
3.693717122077941895e-01
