9.961766004562377930e-01
9.970693588256835938e-01
9.985863566398620605e-01
6.561008989810943604e-01
9.846214652061462402e-01
9.987663626670837402e-01
4.852566421031951904e-01
7.445484995841979980e-01
9.955805540084838867e-01
9.956941008567810059e-01
9.976858496665954590e-01
9.995087981224060059e-01
9.998688101768493652e-01
9.998847842216491699e-01
9.987072944641113281e-01
9.982871413230895996e-01
9.994984865188598633e-01
9.998257160186767578e-01
9.998814463615417480e-01
9.585264921188354492e-01
9.979286193847656250e-01
9.996428489685058594e-01
9.998295903205871582e-01
9.998399615287780762e-01
9.999109506607055664e-01
9.999142289161682129e-01
9.999448657035827637e-01
9.999305605888366699e-01
9.998197555541992188e-01
9.998757839202880859e-01
9.999055266380310059e-01
9.999178051948547363e-01
9.999440312385559082e-01
9.998990893363952637e-01
9.998912811279296875e-01
9.999257326126098633e-01
9.999186992645263672e-01
9.997813701629638672e-01
9.997540116310119629e-01
9.891883730888366699e-01
9.972794651985168457e-01
9.997960925102233887e-01
9.980443716049194336e-01
9.621286988258361816e-01
3.471108078956604004e-01
5.892313718795776367e-01
7.443596124649047852e-01
9.973423480987548828e-01
7.710133045911788940e-01
9.968035817146301270e-01
9.995481371879577637e-01
9.992939233779907227e-01
9.996748566627502441e-01
9.996417760848999023e-01
9.996367692947387695e-01
9.998587369918823242e-01
9.993655085563659668e-01
9.991867542266845703e-01
9.996548295021057129e-01
9.996390342712402344e-01
9.997027516365051270e-01
9.996770024299621582e-01
9.997926950454711914e-01
9.991891980171203613e-01
9.987764358520507812e-01
9.995549917221069336e-01
9.993756413459777832e-01
9.992990493774414062e-01
9.988934397697448730e-01
9.993615746498107910e-01
9.997386336326599121e-01
9.996958374977111816e-01
9.980282783508300781e-01
9.993942975997924805e-01
9.983064532279968262e-01
9.979161024093627930e-01
9.968807101249694824e-01
9.993214011192321777e-01
9.989413022994995117e-01
9.997417330741882324e-01
9.997047185897827148e-01
9.996879696846008301e-01
9.995177388191223145e-01
9.981431961059570312e-01
9.989212155342102051e-01
9.997060894966125488e-01
9.997462034225463867e-01
9.997057318687438965e-01
9.994208812713623047e-01
9.997952580451965332e-01
9.997852444648742676e-01
9.998822808265686035e-01
9.997551441192626953e-01
9.993755221366882324e-01
9.997079968452453613e-01
9.993327260017395020e-01
9.996705651283264160e-01
9.996991753578186035e-01
9.981357455253601074e-01
9.995879530906677246e-01
9.973723292350769043e-01
9.996653199195861816e-01
9.998069405555725098e-01
9.994394779205322266e-01
9.997491240501403809e-01
9.993391633033752441e-01
9.991828203201293945e-01
9.988319873809814453e-01
9.963363409042358398e-01
9.970356225967407227e-01
9.990651607513427734e-01
9.954623579978942871e-01
9.997891783714294434e-01
9.990082383155822754e-01
9.960923194885253906e-01
9.989486932754516602e-01
9.983614683151245117e-01
9.972838759422302246e-01
9.993227124214172363e-01
9.993661642074584961e-01
9.995753765106201172e-01
9.989282488822937012e-01
9.974503517150878906e-01
9.264091849327087402e-01
8.581750988960266113e-01
9.269844889640808105e-01
9.962947964668273926e-01
8.398649096488952637e-01
9.613651037216186523e-01
9.397787451744079590e-01
8.574240207672119141e-01
9.034906625747680664e-01
6.997398138046264648e-01
9.893075227737426758e-01
9.880157709121704102e-01
9.987320899963378906e-01
9.613854885101318359e-01
9.973228573799133301e-01
9.774959683418273926e-01
9.918349981307983398e-01
9.793799519538879395e-01
9.906144142150878906e-01
9.907330274581909180e-01
9.829262495040893555e-01
9.450958967208862305e-01
7.600518465042114258e-01
8.670765161514282227e-01
3.111528158187866211e-01
5.231775045394897461e-01
2.557402253150939941e-01
5.929737389087677002e-01
4.742377102375030518e-01
4.932399988174438477e-01
6.545486152172088623e-01
5.199685990810394287e-01
3.203014731407165527e-01
4.554358720779418945e-01
4.597749412059783936e-01
4.719446301460266113e-01
8.685235232114791870e-01
4.860585331916809082e-01
6.669921278953552246e-01
8.471138477325439453e-01
8.901826143264770508e-01
7.128505110740661621e-01
4.370098412036895752e-01
3.691536784172058105e-01
4.392251968383789062e-01
3.542439341545104980e-01
4.261581301689147949e-01
5.513399541378021240e-01
7.820964455604553223e-01
6.143313646316528320e-01
5.644791424274444580e-01
8.615415096282958984e-01
8.465685248374938965e-01
4.978123903274536133e-01
8.260298967361450195e-01
6.815305948257446289e-01
6.592883467674255371e-01
6.585777699947357178e-01
5.669230222702026367e-01
8.405513763427734375e-01
9.212170243263244629e-01
8.594190478324890137e-01
7.650222331285476685e-01
6.661996245384216309e-01
8.426178693771362305e-01
8.915933370590209961e-01
8.569053411483764648e-01
8.970569372177124023e-01
7.829007506370544434e-01
8.509165644645690918e-01
6.645838022232055664e-01
4.385928213596343994e-01
3.709087967872619629e-01
3.767654597759246826e-01
4.279950857162475586e-01
3.366456031799316406e-01
6.062089204788208008e-01
4.837008714675903320e-01
4.467279314994812012e-01
5.441977977752685547e-01
6.464851498603820801e-01
4.451715350151062012e-01
4.719219803810119629e-01
5.499766170978546143e-01
3.522121012210845947e-01
5.200107693672180176e-01
5.172307789325714111e-01
6.197205781936645508e-01
6.145396828651428223e-01
5.704202055931091309e-01
5.428131818771362305e-01
5.482258498668670654e-01
4.144519865512847900e-01
4.411525130271911621e-01
4.371691048145294189e-01
3.700463175773620605e-01
5.126953125000000000e-01
5.331048369407653809e-01
5.008170604705810547e-01
5.152176320552825928e-01
5.101551413536071777e-01
5.518289804458618164e-01
4.239240586757659912e-01
4.741204679012298584e-01
5.134891271591186523e-01
6.624539494514465332e-01
5.382691025733947754e-01
6.024583578109741211e-01
5.472939610481262207e-01
4.786899089813232422e-01
4.580461382865905762e-01
4.325313866138458252e-01
4.678629338741302490e-01
4.253487586975097656e-01
4.458127617835998535e-01
4.243760108947753906e-01
4.593144655227661133e-01
4.687756896018981934e-01
4.533367753028869629e-01
5.055431127548217773e-01
4.752355813980102539e-01
4.341246485710144043e-01
5.050306022167205811e-01
5.473767817020416260e-01
4.871190488338470459e-01
5.418170392513275146e-01
5.569992959499359131e-01
4.949355125427246094e-01
4.089395403861999512e-01
4.770672321319580078e-01
5.785486698150634766e-01
5.769318938255310059e-01
4.433460831642150879e-01
