9.961766004562377930e-01
2.928562760353088379e-01
4.109065532684326172e-01
8.505931496620178223e-01
9.950274825096130371e-01
9.988708496093750000e-01
9.985769391059875488e-01
9.988923072814941406e-01
9.909592270851135254e-01
9.864619374275207520e-01
9.960792660713195801e-01
9.994250535964965820e-01
9.998773932456970215e-01
9.986487627029418945e-01
9.978906512260437012e-01
9.995633959770202637e-01
9.993893504142761230e-01
9.998386502265930176e-01
9.998543262481689453e-01
9.712257385253906250e-01
9.987111687660217285e-01
9.994915127754211426e-01
9.994297027587890625e-01
9.998396635055541992e-01
9.999099373817443848e-01
9.999387860298156738e-01
9.999240040779113770e-01
9.991251230239868164e-01
9.998704195022583008e-01
9.999043941497802734e-01
9.999305009841918945e-01
9.999001026153564453e-01
9.998853802680969238e-01
9.999234080314636230e-01
9.999205470085144043e-01
9.999247193336486816e-01
9.999231696128845215e-01
9.997866153717041016e-01
9.998871088027954102e-01
9.998812675476074219e-01
9.996309876441955566e-01
6.279053986072540283e-01
9.905580878257751465e-01
9.973685741424560547e-01
9.994345307350158691e-01
9.997954368591308594e-01
9.945415258407592773e-01
9.992451667785644531e-01
9.996758103370666504e-01
9.998966455459594727e-01
9.999051690101623535e-01
9.988118410110473633e-01
9.998135566711425781e-01
9.999210238456726074e-01
9.997811913490295410e-01
9.887894988059997559e-01
9.981023669242858887e-01
9.990733861923217773e-01
9.991254210472106934e-01
9.994753003120422363e-01
9.998191595077514648e-01
9.998353719711303711e-01
9.982693791389465332e-01
9.987398386001586914e-01
9.995093345642089844e-01
9.993495345115661621e-01
9.994876384735107422e-01
9.992299675941467285e-01
9.996224641799926758e-01
9.990308880805969238e-01
9.978527426719665527e-01
9.991613030433654785e-01
9.988517761230468750e-01
9.992045164108276367e-01
9.964271783828735352e-01
9.997818470001220703e-01
9.988217949867248535e-01
9.982938766479492188e-01
9.904101490974426270e-01
9.973182678222656250e-01
9.977194070816040039e-01
9.993728399276733398e-01
9.975277781486511230e-01
9.997026324272155762e-01
9.956206679344177246e-01
9.988680481910705566e-01
9.986774325370788574e-01
9.977923631668090820e-01
9.991292953491210938e-01
9.969922304153442383e-01
9.995185136795043945e-01
9.996566772460937500e-01
9.995936155319213867e-01
9.973888397216796875e-01
9.950948953628540039e-01
9.965255856513977051e-01
9.991925954818725586e-01
9.987207651138305664e-01
9.996196627616882324e-01
9.995484948158264160e-01
9.997964501380920410e-01
9.996865391731262207e-01
9.997491240501403809e-01
9.994528889656066895e-01
9.989655613899230957e-01
9.997535943984985352e-01
9.998698830604553223e-01
9.810683131217956543e-01
9.963644742965698242e-01
9.949772953987121582e-01
9.976032376289367676e-01
9.995309710502624512e-01
9.994981288909912109e-01
9.998048543930053711e-01
9.998800754547119141e-01
9.997448921203613281e-01
9.992597699165344238e-01
9.976080060005187988e-01
9.985285997390747070e-01
9.975939393043518066e-01
9.997629523277282715e-01
9.997083544731140137e-01
9.991658329963684082e-01
9.982313513755798340e-01
8.331180810928344727e-01
9.911375641822814941e-01
9.973628520965576172e-01
9.636388421058654785e-01
9.822714924812316895e-01
9.822779297828674316e-01
9.960215687751770020e-01
9.966821670532226562e-01
9.448198080062866211e-01
5.511145591735839844e-01
9.922658801078796387e-01
8.437319397926330566e-01
9.977176785469055176e-01
9.776920676231384277e-01
9.801406860351562500e-01
9.805107712745666504e-01
9.350856691598892212e-01
9.908897876739501953e-01
9.719521403312683105e-01
9.843153953552246094e-01
9.949353933334350586e-01
9.848181605339050293e-01
9.915607571601867676e-01
8.502198457717895508e-01
9.354171752929687500e-01
3.314823210239410400e-01
5.782108902931213379e-01
6.638927161693572998e-01
8.873925805091857910e-01
8.061464428901672363e-01
6.124186515808105469e-01
8.164512515068054199e-01
7.796016335487365723e-01
8.425762653350830078e-01
5.864651501178741455e-01
6.407006978988647461e-01
7.547404468059539795e-01
8.987368941307067871e-01
4.708472490310668945e-01
7.605286836624145508e-01
6.395292878150939941e-01
6.439087986946105957e-01
4.830658435821533203e-01
3.831688165664672852e-01
3.984388709068298340e-01
3.443587720394134521e-01
3.312441408634185791e-01
3.926361203193664551e-01
4.269572496414184570e-01
4.257611632347106934e-01
4.263886809349060059e-01
4.811291098594665527e-01
5.142325162887573242e-01
4.321114420890808105e-01
3.428414463996887207e-01
3.855521380901336670e-01
3.065350949764251709e-01
3.506912291049957275e-01
2.867162227630615234e-01
4.444086849689483643e-01
5.462562143802642822e-01
3.889577984809875488e-01
3.637677431106567383e-01
4.583159089088439941e-01
4.418763816356658936e-01
5.588517189025878906e-01
5.215957760810852051e-01
5.347959995269775391e-01
5.256118476390838623e-01
4.896315932273864746e-01
5.098130404949188232e-01
4.894528090953826904e-01
4.214185476303100586e-01
