9.961766004562377930e-01
9.970693588256835938e-01
9.985863566398620605e-01
6.561009287834167480e-01
9.846214652061462402e-01
9.987663626670837402e-01
9.982448220252990723e-01
9.990825057029724121e-01
9.997147321701049805e-01
9.997891783714294434e-01
9.925791025161743164e-01
9.988597035408020020e-01
9.998691082000732422e-01
9.983907938003540039e-01
9.983519911766052246e-01
9.995027780532836914e-01
9.993776082992553711e-01
9.998521208763122559e-01
9.998552203178405762e-01
9.998673796653747559e-01
9.990972876548767090e-01
9.982728362083435059e-01
9.998444914817810059e-01
9.998320937156677246e-01
9.999229311943054199e-01
9.999374747276306152e-01
9.999263882637023926e-01
9.993781447410583496e-01
9.998721480369567871e-01
9.999051690101623535e-01
9.999092221260070801e-01
9.999168515205383301e-01
9.999418258666992188e-01
9.999034404754638672e-01
9.998947381973266602e-01
9.999222755432128906e-01
9.999191761016845703e-01
9.997777342796325684e-01
9.997586607933044434e-01
9.997571706771850586e-01
9.971789717674255371e-01
9.763727188110351562e-01
9.923530649393796921e-01
9.371947646141052246e-01
9.843417406082153320e-01
9.995367527008056641e-01
9.305244684219360352e-01
3.192210793495178223e-01
6.571268439292907715e-01
9.806363582611083984e-01
9.170427322387695312e-01
9.630483984947204590e-01
9.834539890289306641e-01
9.979189038276672363e-01
9.997695088386535645e-01
9.998407959938049316e-01
9.992327690124511719e-01
9.992462992668151855e-01
9.996375441551208496e-01
9.995987415313720703e-01
9.996806383132934570e-01
9.996619224548339844e-01
9.997826218605041504e-01
9.990389347076416016e-01
9.986008405685424805e-01
9.994977116584777832e-01
9.994336366653442383e-01
9.995344281196594238e-01
9.994981288909912109e-01
9.988479018211364746e-01
9.998947381973266602e-01
9.996944069862365723e-01
9.998435974121093750e-01
9.996510744094848633e-01
9.949761033058166504e-01
9.993807673454284668e-01
9.996610283851623535e-01
9.974040389060974121e-01
9.992530345916748047e-01
9.997935295104980469e-01
9.998414516448974609e-01
9.993290901184082031e-01
8.461107760667800903e-01
9.935269355773925781e-01
9.991387724876403809e-01
9.997239112854003906e-01
9.997217059135437012e-01
9.993200898170471191e-01
9.995866417884826660e-01
9.997751116752624512e-01
9.997469186782836914e-01
9.997425675392150879e-01
9.994156360626220703e-01
9.997777342796325684e-01
9.995236396789550781e-01
9.997330307960510254e-01
9.996122121810913086e-01
9.995897412300109863e-01
9.993877410888671875e-01
9.996535181999206543e-01
9.996637701988220215e-01
9.995232820510864258e-01
9.988010525703430176e-01
9.990153908729553223e-01
9.976457357406616211e-01
9.994953870773315430e-01
9.947244524955749512e-01
9.808837026357650757e-01
9.986777305603027344e-01
6.516036391258239746e-01
4.872219860553741455e-01
9.119918942451477051e-01
9.971231818199157715e-01
9.880890846252441406e-01
8.656193017959594727e-01
9.388476610183715820e-01
9.848281145095825195e-01
9.984634518623352051e-01
9.968234300613403320e-01
9.993621706962585449e-01
9.960636496543884277e-01
9.295038580894470215e-01
9.979676604270935059e-01
9.968394041061401367e-01
9.947052001953125000e-01
9.662909507751464844e-01
9.939900636672973633e-01
9.979292750358581543e-01
9.716594219207763672e-01
9.325980469584465027e-01
8.871127963066101074e-01
8.742280602455139160e-01
4.432247877120971680e-01
9.616259932518005371e-01
6.563657224178314209e-01
8.476146459579467773e-01
9.739106893539428711e-01
8.988564014434814453e-01
7.427905201911926270e-01
9.726731181144714355e-01
9.848959445953369141e-01
9.552005529403686523e-01
9.542251825332641602e-01
9.730918407440185547e-01
9.847233295440673828e-01
9.836803674697875977e-01
9.688425939530134201e-01
9.457867145538330078e-01
8.997117280960083008e-01
3.058180212974548340e-01
5.902031958103179932e-01
8.550457358360290527e-01
6.881812810897827148e-01
8.044306635856628418e-01
3.585163354873657227e-01
8.429111242294311523e-01
6.321759223937988281e-01
5.588796138763427734e-01
7.243075370788574219e-01
7.672082781791687012e-01
7.878672480583190918e-01
9.437189102172851562e-01
5.275321006774902344e-01
6.734456419944763184e-01
4.337371885776519775e-01
6.575163900852203369e-01
4.134802818298339844e-01
6.363267898559570312e-01
4.819717407226562500e-01
3.231315910816192627e-01
3.290020227432250977e-01
2.136809229850769043e-01
2.646565437316894531e-01
4.485595524311065674e-01
3.683297336101531982e-01
4.104655981063842773e-01
3.042258024215698242e-01
3.837804198265075684e-01
4.494162201881408691e-01
2.650057077407836914e-01
2.179934978485107422e-01
2.765064239501953125e-01
3.822451233863830566e-01
2.868764400482177734e-01
2.266589999198913574e-01
1.961212754249572754e-01
2.621916234493255615e-01
3.147127032279968262e-01
4.447014927864074707e-01
3.877293467521667480e-01
3.708726167678833008e-01
4.701046347618103027e-01
4.104399681091308594e-01
4.771367609500885010e-01
4.144602417945861816e-01
5.230106711387634277e-01
3.446277379989624023e-01
4.193369448184967041e-01
4.138100147247314453e-01
4.390468597412109375e-01
5.037848949432373047e-01
6.233758330345153809e-01
5.543817281723022461e-01
5.639935731887817383e-01
5.228552222251892090e-01
4.661641120910644531e-01
4.410149455070495605e-01
4.478984773159027100e-01
4.875086545944213867e-01
6.361928582191467285e-01
4.532923102378845215e-01
4.642522931098937988e-01
4.681302309036254883e-01
4.395912587642669678e-01
4.782076478004455566e-01
4.634684920310974121e-01
