9.961766004562377930e-01
9.970693588256835938e-01
9.985863566398620605e-01
6.561009287834167480e-01
9.846214652061462402e-01
9.987663626670837402e-01
4.852566421031951904e-01
7.445484995841979980e-01
9.955805540084838867e-01
9.956941008567810059e-01
9.976858496665954590e-01
9.995087981224060059e-01
9.998688101768493652e-01
9.988949298858642578e-01
9.980537891387939453e-01
9.995019435882568359e-01
9.994032979011535645e-01
9.998383522033691406e-01
9.998545050621032715e-01
9.998666644096374512e-01
9.991444349288940430e-01
9.982780814170837402e-01
9.998444914817810059e-01
9.998291730880737305e-01
9.999231100082397461e-01
9.999374747276306152e-01
9.999392628669738770e-01
9.999349117279052734e-01
9.998197555541992188e-01
9.998757839202880859e-01
9.999055266380310059e-01
9.999083876609802246e-01
9.999440312385559082e-01
9.998990893363952637e-01
9.998912811279296875e-01
9.999257326126098633e-01
9.999186992645263672e-01
9.997813701629638672e-01
8.393104076385498047e-01
9.902018308639526367e-01
9.991409778594970703e-01
9.996044635772705078e-01
9.932143092155456543e-01
9.224445819854736328e-01
9.822835326194763184e-01
9.992877244949340820e-01
9.692465662956237793e-01
4.795054793357849121e-01
5.355497598648071289e-01
9.840460419654846191e-01
9.202104210853576660e-01
9.604916572570800781e-01
9.820860028266906738e-01
9.670384526252746582e-01
9.997619390487670898e-01
9.998422861099243164e-01
9.992409944534301758e-01
9.992151856422424316e-01
9.996280074119567871e-01
9.996127486228942871e-01
9.996813535690307617e-01
9.996541738510131836e-01
9.997848272323608398e-01
9.990602135658264160e-01
9.985424280166625977e-01
9.996681213378906250e-01
9.994724988937377930e-01
9.991449117660522461e-01
9.997277855873107910e-01
9.996747970581054688e-01
9.997853040695190430e-01
9.998162984848022461e-01
9.998347759246826172e-01
9.998145103454589844e-01
6.524533927440643311e-01
9.794358611106872559e-01
9.941971302032470703e-01
9.987868070602416992e-01
9.996154308319091797e-01
8.589578866958618164e-01
7.653888463973999023e-01
9.946553707122802734e-01
9.991160035133361816e-01
9.997413754463195801e-01
9.996359348297119141e-01
9.996658563613891602e-01
9.998013973236083984e-01
9.997201561927795410e-01
9.981275200843811035e-01
9.994120597839355469e-01
9.996344447135925293e-01
9.997473359107971191e-01
9.996779561042785645e-01
9.981930851936340332e-01
9.996879696846008301e-01
9.995400905609130859e-01
9.996832013130187988e-01
9.997787475585937500e-01
9.996930360794067383e-01
9.995537400245666504e-01
9.988310337066650391e-01
9.997844696044921875e-01
9.997860193252563477e-01
9.994023442268371582e-01
8.271647393703460693e-01
5.770527124404907227e-01
9.394817948341369629e-01
9.957525730133056641e-01
8.825899362564086914e-01
7.906504273414611816e-01
9.794104099273681641e-01
9.932546019554138184e-01
9.995466470718383789e-01
8.761052489280700684e-01
8.469668030738830566e-01
9.360623955726623535e-01
9.084202051162719727e-01
9.961894750595092773e-01
9.996370077133178711e-01
9.763807058334350586e-01
9.438182711601257324e-01
9.773893356323242188e-01
9.134696125984191895e-01
6.528051197528839111e-01
8.667926788330078125e-01
7.989873886108398438e-01
8.729835152626037598e-01
4.227548539638519287e-01
7.743405103683471680e-01
6.982498168945312500e-01
5.377446413040161133e-01
8.713307976722717285e-01
7.894986271858215332e-01
5.566481649875640869e-01
6.847922801971435547e-01
8.324610590934753418e-01
8.648198843002319336e-01
8.010037541389465332e-01
7.825941443443298340e-01
8.368540406227111816e-01
8.076924085617065430e-01
7.601411342620849609e-01
7.386028766632080078e-01
8.028388619422912598e-01
7.374408841133117676e-01
8.055343031883239746e-01
7.975980043411254883e-01
8.469973206520080566e-01
6.840577721595764160e-01
6.286416053771972656e-01
7.995297908782958984e-01
7.298424839973449707e-01
4.018180966377258301e-01
5.451968312263488770e-01
3.000630438327789307e-01
3.994789719581604004e-01
5.029417872428894043e-01
3.291905522346496582e-01
5.164177715778350830e-01
4.564093947410583496e-01
6.038314402103424072e-01
5.807756781578063965e-01
6.461770534515380859e-01
6.700027585029602051e-01
7.341454923152923584e-01
6.873623728752136230e-01
6.880012154579162598e-01
3.665872216224670410e-01
2.883024811744689941e-01
3.734937906265258789e-01
3.915713727474212646e-01
4.585701823234558105e-01
5.382179617881774902e-01
4.217443466186523438e-01
4.363969564437866211e-01
3.733277618885040283e-01
4.833000898361206055e-01
4.227616786956787109e-01
5.078247785568237305e-01
3.643694519996643066e-01
3.789103627204895020e-01
4.077121913433074951e-01
4.536530673503875732e-01
5.092310309410095215e-01
3.536884188652038574e-01
3.426011204719543457e-01
3.374836146831512451e-01
3.546893596649169922e-01
