9.961766004562377930e-01
9.970693588256835938e-01
4.997427463531494141e-01
5.682862997055053711e-01
9.958591461181640625e-01
9.985280632972717285e-01
6.148992180824279785e-01
6.979869604110717773e-01
9.952147006988525391e-01
9.967195391654968262e-01
9.970041513442993164e-01
9.995087981224060059e-01
9.998688101768493652e-01
9.998848438262939453e-01
9.987072944641113281e-01
9.982758164405822754e-01
9.994968175888061523e-01
9.998260140419006348e-01
9.998820424079895020e-01
9.633339047431945801e-01
9.978017807006835938e-01
9.996408820152282715e-01
9.998307824134826660e-01
9.998425841331481934e-01
9.999104738235473633e-01
9.999142885208129883e-01
9.999451041221618652e-01
9.999305605888366699e-01
9.998201131820678711e-01
9.998764395713806152e-01
9.999051690101623535e-01
9.999387264251708984e-01
9.999043941497802734e-01
9.998878240585327148e-01
9.999240040779113770e-01
9.999216794967651367e-01
9.999253153800964355e-01
9.997556805610656738e-01
8.157055974006652832e-01
9.915469884872436523e-01
9.988777637481689453e-01
9.730411767959594727e-01
5.647486448287963867e-01
9.764565825462341309e-01
4.934475421905517578e-01
5.970680117607116699e-01
9.713075757026672363e-01
7.737742662429809570e-01
6.640818119049072266e-01
9.959848523139953613e-01
9.995525479316711426e-01
9.995560050010681152e-01
9.996801018714904785e-01
9.996457695960998535e-01
9.998561143875122070e-01
9.993095397949218750e-01
9.991644620895385742e-01
9.996489286422729492e-01
9.996222257614135742e-01
9.996866583824157715e-01
9.996815323829650879e-01
9.998487234115600586e-01
9.991302490234375000e-01
9.987335801124572754e-01
9.995233416557312012e-01
9.994573593139648438e-01
9.994711279869079590e-01
9.994289278984069824e-01
9.990845322608947754e-01
9.996861219406127930e-01
9.987692832946777344e-01
9.979504942893981934e-01
9.996357560157775879e-01
9.987916946411132812e-01
9.973576664924621582e-01
9.976069331169128418e-01
9.997375011444091797e-01
9.995997548103332520e-01
9.991875886917114258e-01
9.995328187942504883e-01
9.996461272239685059e-01
9.996771812438964844e-01
9.990776181221008301e-01
9.963449239730834961e-01
9.994677305221557617e-01
9.997960925102233887e-01
9.997617602348327637e-01
9.996356964111328125e-01
9.997189044952392578e-01
9.996574521064758301e-01
9.997115135192871094e-01
9.995180368423461914e-01
9.996016025543212891e-01
9.994944930076599121e-01
9.991884231567382812e-01
9.992035031318664551e-01
9.994376301765441895e-01
9.993394613265991211e-01
9.990448951721191406e-01
9.978126883506774902e-01
9.991073012351989746e-01
9.996071457862854004e-01
9.992104172706604004e-01
9.995005726814270020e-01
9.994567632675170898e-01
9.928433895111083984e-01
9.994529485702514648e-01
9.942623972892761230e-01
9.924340248107910156e-01
9.982911348342895508e-01
9.978065490722656250e-01
9.987346529960632324e-01
9.994826912879943848e-01
9.989516139030456543e-01
9.997479319572448730e-01
9.988283514976501465e-01
9.886076906695961952e-01
9.988821744918823242e-01
9.988549351692199707e-01
9.996702671051025391e-01
9.991409778594970703e-01
9.239043593406677246e-01
9.968892931938171387e-01
9.684166312217712402e-01
9.370847940444946289e-01
9.862783551216125488e-01
9.945467114448547363e-01
9.983502626419067383e-01
9.987186789512634277e-01
9.693182110786437988e-01
9.962812662124633789e-01
7.312346100807189941e-01
9.918584227561950684e-01
9.907935857772827148e-01
9.899808168411254883e-01
9.861950278282165527e-01
9.975937008857727051e-01
9.982710480690002441e-01
9.980670213699340820e-01
9.907076358795166016e-01
9.958819746971130371e-01
9.987807869911193848e-01
9.800548553466796875e-01
9.863158464431762695e-01
9.367599487304687500e-01
9.117922186851501465e-01
9.267643690109252930e-01
8.010593950748443604e-01
5.579805672168731689e-01
5.383287072181701660e-01
5.391882956027984619e-01
6.652542352676391602e-01
8.567172288894653320e-01
8.331305384635925293e-01
7.737268805503845215e-01
6.476206779479980469e-01
4.292895197868347168e-01
3.991909027099609375e-01
1.976789832115173340e-01
3.998854756355285645e-01
5.911737680435180664e-01
4.524539411067962646e-01
4.274536967277526855e-01
6.182894110679626465e-01
3.190404772758483887e-01
4.653399586677551270e-01
2.786603271961212158e-01
4.493991136550903320e-01
3.181389570236206055e-01
3.676019310951232910e-01
4.076190590858459473e-01
2.901558279991149902e-01
3.571455478668212891e-01
3.289871215820312500e-01
2.253127694129943848e-01
2.685670256614685059e-01
2.869896888732910156e-01
2.077166438102722168e-01
3.656166493892669678e-01
3.081281185150146484e-01
2.280455827713012695e-01
2.583815455436706543e-01
2.304356694221496582e-01
2.262830734252929688e-01
2.355296611785888672e-01
3.037365972995758057e-01
2.116976380348205566e-01
2.911229133605957031e-01
3.561725020408630371e-01
2.992894649505615234e-01
2.975238859653472900e-01
4.338354468345642090e-01
3.221868276596069336e-01
3.315166532993316650e-01
3.642449378967285156e-01
3.838562369346618652e-01
3.834170699119567871e-01
3.539993166923522949e-01
3.364204764366149902e-01
4.009258747100830078e-01
3.710645735263824463e-01
5.026487112045288086e-01
3.877242207527160645e-01
4.176672995090484619e-01
4.070940315723419189e-01
2.853422164916992188e-01
3.379788994789123535e-01
