9.961766004562377930e-01
9.970693588256835938e-01
9.985863566398620605e-01
6.561008989810943604e-01
9.846214652061462402e-01
9.987663626670837402e-01
4.852566719055175781e-01
7.445484995841979980e-01
9.955805540084838867e-01
9.956941008567810059e-01
9.976858496665954590e-01
9.995087981224060059e-01
9.998688101768493652e-01
9.988949298858642578e-01
9.980537891387939453e-01
9.995019435882568359e-01
9.994032979011535645e-01
9.998383522033691406e-01
9.998545050621032715e-01
9.998666644096374512e-01
9.991444349288940430e-01
9.982780814170837402e-01
9.998444914817810059e-01
9.998291730880737305e-01
9.999231100082397461e-01
9.999374747276306152e-01
9.999262094497680664e-01
9.994128346443176270e-01
9.998719096183776855e-01
9.999049305915832520e-01
9.999081492424011230e-01
9.999170303344726562e-01
9.999417066574096680e-01
9.999031424522399902e-01
9.998953342437744141e-01
9.999220967292785645e-01
9.999186992645263672e-01
9.997808337211608887e-01
9.881086349487304688e-01
9.897111058235168457e-01
9.991046190261840820e-01
9.782091379165649414e-01
9.908706545829772949e-01
9.751250147819519043e-01
9.798653125762939453e-01
6.408131718635559082e-01
9.740710258483886719e-01
9.963110685348510742e-01
7.831197381019592285e-01
9.973008036613464355e-01
9.989919662475585938e-01
9.994226098060607910e-01
9.994771480560302734e-01
9.996483922004699707e-01
9.996439814567565918e-01
9.998571276664733887e-01
9.993683099746704102e-01
9.992176294326782227e-01
9.996663331985473633e-01
9.996424913406372070e-01
9.997032284736633301e-01
9.996817708015441895e-01
9.997944831848144531e-01
9.991788268089294434e-01
9.987398386001586914e-01
9.994560480117797852e-01
9.993606805801391602e-01
9.993039369583129883e-01
9.988986253738403320e-01
9.990519881248474121e-01
9.995876550674438477e-01
9.987611770629882812e-01
9.991625547409057617e-01
9.996518492698669434e-01
9.983054399490356445e-01
9.987332224845886230e-01
9.954823255538940430e-01
9.997169375419616699e-01
9.993245601654052734e-01
9.236935973167419434e-01
8.892970532178878784e-01
9.947746396064758301e-01
9.996023774147033691e-01
9.991317391395568848e-01
9.994463324546813965e-01
9.996922612190246582e-01
9.998072981834411621e-01
9.996940493583679199e-01
9.997379779815673828e-01
9.998155236244201660e-01
9.996184706687927246e-01
9.998703598976135254e-01
9.997872710227966309e-01
9.996766448020935059e-01
9.996466636657714844e-01
9.995035529136657715e-01
9.992218017578125000e-01
9.994120001792907715e-01
9.985063672065734863e-01
9.992995262145996094e-01
9.982114434242248535e-01
9.996375441551208496e-01
9.997915029525756836e-01
9.994010329246520996e-01
9.996246099472045898e-01
9.994028210639953613e-01
9.989921450614929199e-01
9.979369044303894043e-01
9.921106696128845215e-01
9.791087508201599121e-01
9.864481687545776367e-01
9.939559102058410645e-01
9.984500408172607422e-01
9.996722340583801270e-01
9.981604814529418945e-01
9.846415519714355469e-01
9.953249692916870117e-01
9.975863695144653320e-01
9.949122071266174316e-01
9.997091889381408691e-01
9.988283514976501465e-01
9.995392560958862305e-01
9.937983751296997070e-01
7.694765329360961914e-01
7.871185839176177979e-01
9.597707986831665039e-01
9.853829145431518555e-01
9.973739981651306152e-01
9.949310421943664551e-01
9.923766255378723145e-01
8.384752869606018066e-01
4.439278542995452881e-01
6.820845007896423340e-01
9.704049825668334961e-01
9.692104458808898926e-01
9.858652353286743164e-01
9.947394132614135742e-01
9.867060780525207520e-01
9.903688998892903328e-01
9.653697609901428223e-01
9.944525361061096191e-01
9.094173908233642578e-01
9.827281236648559570e-01
9.795882701873779297e-01
9.631851911544799805e-01
8.546527028083801270e-01
7.863302379846572876e-01
7.659320831298828125e-01
7.943827509880065918e-01
7.279515266418457031e-01
5.437297821044921875e-01
7.240713238716125488e-01
8.322359919548034668e-01
6.738522052764892578e-01
7.771643847227096558e-01
6.521315872669219971e-01
6.189932525157928467e-01
3.292444646358489990e-01
6.850655078887939453e-01
5.669608712196350098e-01
5.107553601264953613e-01
6.102745532989501953e-01
5.729781389236450195e-01
5.555915832519531250e-01
5.387657284736633301e-01
5.551449656486511230e-01
5.018887817859649658e-01
3.145790696144104004e-01
4.680584073066711426e-01
2.277635335922241211e-01
1.993299722671508789e-01
2.136281132698059082e-01
3.214736580848693848e-01
3.422093987464904785e-01
4.231480956077575684e-01
4.522768259048461914e-01
3.821614384651184082e-01
3.747745156288146973e-01
3.533274531364440918e-01
5.191985964775085449e-01
2.653562426567077637e-01
4.091255068778991699e-01
3.285599350929260254e-01
4.419090151786804199e-01
4.441170692443847656e-01
2.383234053850173950e-01
3.174639940261840820e-01
3.297117054462432861e-01
3.418805599212646484e-01
4.011905193328857422e-01
3.944185674190521240e-01
4.644800424575805664e-01
4.652288556098937988e-01
4.637061357498168945e-01
5.510474443435668945e-01
5.389558672904968262e-01
3.750086724758148193e-01
3.560011684894561768e-01
3.941593170166015625e-01
3.623201251029968262e-01
4.284310340881347656e-01
4.871312677860260010e-01
3.530107140541076660e-01
4.245627224445343018e-01
4.244986772537231445e-01
4.061018824577331543e-01
