9.961766004562377930e-01
9.970693588256835938e-01
9.985863566398620605e-01
6.561009287834167480e-01
9.846214652061462402e-01
9.987663626670837402e-01
4.852566719055175781e-01
7.445484995841979980e-01
9.955805540084838867e-01
9.956941008567810059e-01
9.976858496665954590e-01
9.995087981224060059e-01
9.998688101768493652e-01
9.998847842216491699e-01
9.987072944641113281e-01
9.982871413230895996e-01
9.994984865188598633e-01
9.998257160186767578e-01
9.998814463615417480e-01
9.585264921188354492e-01
9.979286193847656250e-01
9.996428489685058594e-01
9.998295903205871582e-01
9.998399615287780762e-01
9.999109506607055664e-01
9.999142289161682129e-01
9.999448657035827637e-01
9.999305605888366699e-01
9.998197555541992188e-01
9.998757839202880859e-01
9.999055266380310059e-01
9.999178051948547363e-01
9.999440312385559082e-01
9.999418854713439941e-01
9.999035596847534180e-01
9.998966455459594727e-01
9.999222755432128906e-01
9.997323155403137207e-01
8.683731555938720703e-01
9.904291629791259766e-01
9.989987015724182129e-01
9.996576309204101562e-01
9.932143092155456543e-01
9.327992796897888184e-01
9.825701843947172165e-01
9.992966055870056152e-01
7.164712548255920410e-01
9.923343062400817871e-01
7.274622321128845215e-01
9.975605607032775879e-01
9.989109635353088379e-01
9.993672966957092285e-01
9.995752573013305664e-01
9.993991851806640625e-01
9.996432065963745117e-01
9.998575448989868164e-01
9.993760585784912109e-01
9.991700649261474609e-01
9.996637105941772461e-01
9.996401667594909668e-01
9.997032284736633301e-01
9.996749758720397949e-01
9.997933506965637207e-01
9.991982579231262207e-01
9.987577795982360840e-01
9.994537234306335449e-01
9.993617534637451172e-01
9.992830753326416016e-01
9.988879561424255371e-01
9.990636706352233887e-01
9.995826482772827148e-01
9.987585544586181641e-01
9.991523623466491699e-01
9.996917843818664551e-01
9.987775683403015137e-01
9.930363893508911133e-01
9.954287409782409668e-01
9.997197389602661133e-01
9.998425841331481934e-01
9.995632767677307129e-01
9.995384812355041504e-01
9.994518756866455078e-01
9.993771910667419434e-01
9.997540116310119629e-01
9.997834563255310059e-01
9.997482299804687500e-01
9.998608827590942383e-01
9.997187256813049316e-01
9.997727870941162109e-01
9.996914863586425781e-01
9.997553825378417969e-01
9.994828104972839355e-01
9.998429417610168457e-01
9.993899464607238770e-01
9.997499585151672363e-01
9.990719556808471680e-01
9.982162117958068848e-01
9.995309710502624512e-01
9.992184638977050781e-01
9.994228482246398926e-01
9.993022084236145020e-01
9.984997510910034180e-01
9.994260072708129883e-01
9.996523261070251465e-01
9.992743730545043945e-01
7.180265784263610840e-01
9.233483672142028809e-01
9.803415536880493164e-01
9.971601366996765137e-01
9.990094304084777832e-01
9.995309710502624512e-01
9.173603653907775879e-01
9.940223097801208496e-01
9.914788007736206055e-01
9.947738647460937500e-01
9.987224340438842773e-01
9.983122944831848145e-01
9.996605515480041504e-01
9.985852241516113281e-01
9.765617251396179199e-01
9.989230036735534668e-01
9.897596240043640137e-01
9.697253108024597168e-01
9.982686042785644531e-01
9.419542551040649414e-01
7.644062042236328125e-01
9.862178564071655273e-01
7.687927484512329102e-01
8.252016901969909668e-01
9.602664113044738770e-01
8.738925457000732422e-01
8.057404756546020508e-01
7.470189332962036133e-01
9.876025319099426270e-01
6.774560809135437012e-01
9.277502894401550293e-01
9.356536269187927246e-01
9.862838387489318848e-01
8.507635593414306641e-01
9.637769460678100586e-01
9.693780541419982910e-01
9.770889282226562500e-01
9.141493439674377441e-01
9.643833637237548828e-01
9.296155571937561035e-01
9.366406202316284180e-01
7.588189244270324707e-01
9.526101946830749512e-01
6.211465895175933838e-01
6.291188597679138184e-01
6.244992017745971680e-01
6.564645171165466309e-01
4.645456373691558838e-01
6.469534635543823242e-01
5.789871215820312500e-01
5.982589721679687500e-01
7.060614228248596191e-01
6.744022369384765625e-01
6.423631310462951660e-01
4.675431847572326660e-01
6.093399524688720703e-01
5.333792567253112793e-01
5.947452187538146973e-01
6.521620154380798340e-01
5.348622798919677734e-01
4.413493871688842773e-01
3.471925258636474609e-01
3.688777685165405273e-01
2.935087680816650391e-01
2.242081761360168457e-01
3.026494383811950684e-01
1.824336946010589600e-01
3.297888934612274170e-01
2.280845046043395996e-01
2.704428732395172119e-01
3.073819577693939209e-01
3.153204917907714844e-01
2.282483428716659546e-01
2.896359562873840332e-01
3.315595388412475586e-01
2.927505075931549072e-01
2.530293464660644531e-01
2.181079983711242676e-01
3.321369290351867676e-01
2.707481384277343750e-01
2.659994959831237793e-01
2.589103877544403076e-01
3.536960482597351074e-01
3.764471113681793213e-01
4.986572265625000000e-01
5.071947574615478516e-01
4.202669858932495117e-01
4.013434052467346191e-01
4.339725673198699951e-01
4.367034435272216797e-01
4.049439430236816406e-01
4.678913056850433350e-01
5.028444528579711914e-01
5.204932689666748047e-01
4.309350252151489258e-01
3.823878765106201172e-01
