9.961766004562377930e-01
9.970693588256835938e-01
9.985863566398620605e-01
9.985475540161132812e-01
9.996557831764221191e-01
9.971083402633666992e-01
9.954213500022888184e-01
9.989977478981018066e-01
9.861106872558593750e-01
9.900903701782226562e-01
9.963206052780151367e-01
9.993975758552551270e-01
9.998847842216491699e-01
9.986487627029418945e-01
9.979112744331359863e-01
9.995701909065246582e-01
9.993991851806640625e-01
9.998399615287780762e-01
9.998551011085510254e-01
9.998661279678344727e-01
9.998922944068908691e-01
9.988187551498413086e-01
9.983333349227905273e-01
9.998442530632019043e-01
9.999194741249084473e-01
9.999439716339111328e-01
9.998901486396789551e-01
9.999221563339233398e-01
9.998956918716430664e-01
9.998655915260314941e-01
9.999149441719055176e-01
9.999074935913085938e-01
9.999142885208129883e-01
9.999260306358337402e-01
9.999414086341857910e-01
9.999065399169921875e-01
9.998909831047058105e-01
9.997387528419494629e-01
8.078346848487854004e-01
9.926890134811401367e-01
9.976032376289367676e-01
5.211551785469055176e-01
9.956060051918029785e-01
9.846391081809997559e-01
9.715417623519897461e-01
5.671795606613159180e-01
7.876438200473785400e-01
9.951862096786499023e-01
9.904328584671020508e-01
9.896538853645324707e-01
9.413514137268066406e-01
9.196621179580688477e-01
9.879935383796691895e-01
9.938911199569702148e-01
9.992558360099792480e-01
9.989987015724182129e-01
9.997632503509521484e-01
9.998516440391540527e-01
9.992640018463134766e-01
9.991382956504821777e-01
9.996562600135803223e-01
9.993889927864074707e-01
9.997122883796691895e-01
9.977503418922424316e-01
9.998626708984375000e-01
9.996843934059143066e-01
9.973902106285095215e-01
9.986573457717895508e-01
9.994484186172485352e-01
9.996071457862854004e-01
9.990529417991638184e-01
9.998345375061035156e-01
9.997587800025939941e-01
9.996814131736755371e-01
9.997790455818176270e-01
9.611149430274963379e-01
7.407571077346801758e-01
9.895676374435424805e-01
9.987136721611022949e-01
9.996252655982971191e-01
9.994745850563049316e-01
9.994497895240783691e-01
9.993399977684020996e-01
9.994606375694274902e-01
9.997047185897827148e-01
9.993043541908264160e-01
9.997571706771850586e-01
9.994010329246520996e-01
9.995670318603515625e-01
9.993485808372497559e-01
9.996813535690307617e-01
9.996952414512634277e-01
9.997277855873107910e-01
9.986535310745239258e-01
9.994038343429565430e-01
9.995546936988830566e-01
9.995476603507995605e-01
9.972114562988281250e-01
9.980271458625793457e-01
9.993007779121398926e-01
9.996615648269653320e-01
9.995166659355163574e-01
9.992829561233520508e-01
9.994563460350036621e-01
9.989216327667236328e-01
9.993867278099060059e-01
8.580613732337951660e-01
4.181465208530426025e-01
9.963805675506591797e-01
9.928243160247802734e-01
9.990949034690856934e-01
9.993400573730468750e-01
9.594269990921020508e-01
9.951959252357482910e-01
9.971474409103393555e-01
9.971890449523925781e-01
9.988123774528503418e-01
9.992756247520446777e-01
9.995103478431701660e-01
7.998347878456115723e-01
9.632814526557922363e-01
9.878516197204589844e-01
7.971903532743453979e-01
9.755186438560485840e-01
8.176293969154357910e-01
8.875118494033813477e-01
6.321910619735717773e-01
9.936051368713378906e-01
6.754661202430725098e-01
9.843626618385314941e-01
9.496352076530456543e-01
9.728983044624328613e-01
9.428057074546813965e-01
9.708327297121286392e-01
9.929031133651733398e-01
9.654573202133178711e-01
9.464467167854309082e-01
9.780931472778320312e-01
9.869738221168518066e-01
9.252554178237915039e-01
9.944559335708618164e-01
9.690452814102172852e-01
9.491403102874755859e-01
9.880023598670959473e-01
9.637275934219360352e-01
9.655461907386779785e-01
9.426565170288085938e-01
9.014894366264343262e-01
9.579685330390930176e-01
7.790049314498901367e-01
8.740203976631164551e-01
8.365026116371154785e-01
8.294473886489868164e-01
6.844013333320617676e-01
7.523713707923889160e-01
6.564926505088806152e-01
8.050045371055603027e-01
8.862902820110321045e-01
5.513041019439697266e-01
6.855466961860656738e-01
5.330762863159179688e-01
5.326287746429443359e-01
5.641935467720031738e-01
5.087575912475585938e-01
4.162092208862304688e-01
2.487478852272033691e-01
4.054840803146362305e-01
4.193171858787536621e-01
2.582831382751464844e-01
3.335027694702148438e-01
3.983208537101745605e-01
2.827951908111572266e-01
3.906751871109008789e-01
4.352834224700927734e-01
3.039556443691253662e-01
5.188502669334411621e-01
6.094373464584350586e-01
4.766480922698974609e-01
4.542904496192932129e-01
4.393262267112731934e-01
4.446760416030883789e-01
3.598725795745849609e-01
2.613847255706787109e-01
3.010539710521697998e-01
3.175556063652038574e-01
2.100759595632553101e-01
2.875214815139770508e-01
4.242268204689025879e-01
4.060484170913696289e-01
6.396259069442749023e-01
5.349295437335968018e-01
4.944887161254882812e-01
5.073044300079345703e-01
5.104106962680816650e-01
5.643275678157806396e-01
4.995359182357788086e-01
4.356995224952697754e-01
5.324989855289459229e-01
3.786158859729766846e-01
3.810714185237884521e-01
3.519795536994934082e-01
3.461647629737854004e-01
3.897958993911743164e-01
4.317300915718078613e-01
4.614269435405731201e-01
3.478559851646423340e-01
4.541693329811096191e-01
4.244688749313354492e-01
3.901684284210205078e-01
3.915465474128723145e-01
3.845684826374053955e-01
