9.961766004562377930e-01
9.970693588256835938e-01
9.985863566398620605e-01
6.561009287834167480e-01
9.846214652061462402e-01
9.987663626670837402e-01
4.852566719055175781e-01
7.445484995841979980e-01
9.955805540084838867e-01
9.956941008567810059e-01
9.976858496665954590e-01
9.995087981224060059e-01
9.998688101768493652e-01
9.998847842216491699e-01
9.987072944641113281e-01
9.982871413230895996e-01
9.994984865188598633e-01
9.998257160186767578e-01
9.998814463615417480e-01
9.585264921188354492e-01
9.979286193847656250e-01
9.996428489685058594e-01
9.998295903205871582e-01
9.998399615287780762e-01
9.999109506607055664e-01
9.999142289161682129e-01
9.999448657035827637e-01
9.999305605888366699e-01
9.998197555541992188e-01
9.998757839202880859e-01
9.999055266380310059e-01
9.999178051948547363e-01
9.999440312385559082e-01
9.999418854713439941e-01
9.999035596847534180e-01
9.998966455459594727e-01
9.999222755432128906e-01
9.997323155403137207e-01
8.683731555938720703e-01
9.904291629791259766e-01
9.989987015724182129e-01
9.996576309204101562e-01
9.932143092155456543e-01
9.912635087966918945e-01
9.996309280395507812e-01
9.982674121856689453e-01
6.005461215972900391e-01
9.927567243576049805e-01
9.981605410575866699e-01
9.974815845489501953e-01
8.410395979881286621e-01
9.586598277091979980e-01
9.597029685974121094e-01
9.908338785171508789e-01
9.994989633560180664e-01
9.997239112854003906e-01
9.981285333633422852e-01
9.994897246360778809e-01
9.996301531791687012e-01
9.996209144592285156e-01
9.996758699417114258e-01
9.996610283851623535e-01
9.997842907905578613e-01
9.990683794021606445e-01
9.986008405685424805e-01
9.995048642158508301e-01
9.994102120399475098e-01
9.995524287223815918e-01
9.996732473373413086e-01
9.996645450592041016e-01
9.998595714569091797e-01
9.993755221366882324e-01
9.997466802597045898e-01
9.960122704505920410e-01
9.980218410491943359e-01
9.718875288963317871e-01
9.017215296626091003e-01
9.837303161621093750e-01
9.992822408676147461e-01
9.993585348129272461e-01
9.997101426124572754e-01
9.998195767402648926e-01
9.997249841690063477e-01
9.995862245559692383e-01
9.997687935829162598e-01
9.997199773788452148e-01
9.997276067733764648e-01
9.996474385261535645e-01
9.996581077575683594e-01
9.997165203094482422e-01
9.994651079177856445e-01
9.992194771766662598e-01
9.997074007987976074e-01
9.995993971824645996e-01
9.997060298919677734e-01
9.995383024215698242e-01
9.989609122276306152e-01
9.997938275337219238e-01
9.981406927108764648e-01
9.990255236625671387e-01
9.996754527091979980e-01
9.996554851531982422e-01
9.984972476959228516e-01
9.995517730712890625e-01
9.989898204803466797e-01
9.994828104972839355e-01
9.997596740722656250e-01
9.990509748458862305e-01
9.988644123077392578e-01
9.982728362083435059e-01
9.927432537078857422e-01
9.993680715560913086e-01
9.963963627815246582e-01
9.997740983963012695e-01
9.997106194496154785e-01
9.992207884788513184e-01
9.981063008308410645e-01
9.991361498832702637e-01
9.995527267456054688e-01
9.995762109756469727e-01
9.992864727973937988e-01
9.973860383033752441e-01
9.900243282318115234e-01
9.952791333198547363e-01
9.873950481414794922e-01
9.354618787765502930e-01
9.741613976657390594e-01
9.962748885154724121e-01
9.812027812004089355e-01
9.696335196495056152e-01
5.585325956344604492e-01
8.369871377944946289e-01
7.482990324497222900e-01
9.450204968452453613e-01
9.076037853956222534e-01
9.362868070602416992e-01
8.796563893556594849e-01
9.151019454002380371e-01
8.796442747116088867e-01
5.941303372383117676e-01
9.669508337974548340e-01
9.254283308982849121e-01
9.531302452087402344e-01
9.742838740348815918e-01
9.182565212249755859e-01
8.901660442352294922e-01
7.903582453727722168e-01
7.751234769821166992e-01
6.749903559684753418e-01
3.604848384857177734e-01
3.409746289253234863e-01
3.368957042694091797e-01
4.431124925613403320e-01
4.751139581203460693e-01
4.382218122482299805e-01
5.994614958763122559e-01
4.417003989219665527e-01
2.800065279006958008e-01
3.332936763763427734e-01
3.962153196334838867e-01
3.797093629837036133e-01
4.308723509311676025e-01
4.564270675182342529e-01
3.769311308860778809e-01
3.179943561553955078e-01
3.900972008705139160e-01
3.423234820365905762e-01
3.425240516662597656e-01
4.223604202270507812e-01
4.218862652778625488e-01
3.478369116783142090e-01
2.971664071083068848e-01
4.883081018924713135e-01
2.750841379165649414e-01
3.493799269199371338e-01
2.870762944221496582e-01
3.117117285728454590e-01
2.665439248085021973e-01
2.781884670257568359e-01
3.807345032691955566e-01
3.445323109626770020e-01
2.802883088588714600e-01
2.492103725671768188e-01
1.887165755033493042e-01
3.224847316741943359e-01
3.440138697624206543e-01
4.674055576324462891e-01
5.990986227989196777e-01
4.345450997352600098e-01
3.650279045104980469e-01
4.463923573493957520e-01
3.473328948020935059e-01
3.533525466918945312e-01
3.131531476974487305e-01
2.827550172805786133e-01
3.423726558685302734e-01
3.948522210121154785e-01
4.304983317852020264e-01
4.241962134838104248e-01
4.443863630294799805e-01
4.918050169944763184e-01
6.136766672134399414e-01
4.875465631484985352e-01
5.323507487773895264e-01
5.156865417957305908e-01
5.780749619007110596e-01
5.494425892829895020e-01
4.639421701431274414e-01
4.869608283042907715e-01
4.714750051498413086e-01
4.945341944694519043e-01
5.926363468170166016e-01
4.202565550804138184e-01
5.394358634948730469e-01
