9.961766004562377930e-01
9.970693588256835938e-01
4.997427463531494141e-01
5.682862997055053711e-01
9.958591461181640625e-01
9.985280632972717285e-01
9.986448287963867188e-01
9.990281462669372559e-01
9.996793270111083984e-01
9.928966164588928223e-01
9.857288599014282227e-01
9.994789361953735352e-01
9.998585581779479980e-01
9.988344311714172363e-01
9.980738162994384766e-01
9.994714856147766113e-01
9.994907379150390625e-01
9.998394846916198730e-01
9.998552203178405762e-01
9.998669028282165527e-01
9.998931884765625000e-01
9.988839626312255859e-01
9.996949434280395508e-01
9.998465180397033691e-01
9.999191761016845703e-01
9.999439716339111328e-01
9.999247789382934570e-01
9.999225735664367676e-01
9.998961687088012695e-01
9.998666048049926758e-01
9.999160170555114746e-01
9.999318718910217285e-01
9.998862147331237793e-01
9.998977780342102051e-01
9.999209642410278320e-01
9.999217987060546875e-01
9.999256134033203125e-01
9.997534155845642090e-01
9.997522830963134766e-01
9.970477819442749023e-01
6.754995584487915039e-01
9.913133978843688965e-01
5.123926699161529541e-01
9.834749698638916016e-01
6.574403643608093262e-01
6.449193954467773438e-01
9.000096917152404785e-01
7.575837969779968262e-01
6.843611598014831543e-01
9.989685416221618652e-01
9.994414448738098145e-01
9.994903206825256348e-01
9.996502399444580078e-01
9.996351003646850586e-01
9.998548030853271484e-01
9.993661046028137207e-01
9.991841316223144531e-01
9.996480941772460938e-01
9.996293187141418457e-01
9.996986389160156250e-01
9.996817708015441895e-01
9.998484253883361816e-01
9.991457462310791016e-01
9.987871050834655762e-01
9.995315670967102051e-01
9.994770884513854980e-01
9.994857907295227051e-01
9.994347095489501953e-01
9.991865754127502441e-01
9.996925592422485352e-01
9.987729191780090332e-01
9.978526234626770020e-01
9.991596937179565430e-01
9.995133280754089355e-01
9.956157803535461426e-01
9.978882670402526855e-01
9.992474317550659180e-01
9.486008882522583008e-01
9.905108809471130371e-01
9.989269375801086426e-01
9.988839626312255859e-01
9.975973963737487793e-01
9.995407462120056152e-01
9.990579485893249512e-01
9.997683763504028320e-01
9.997836351394653320e-01
9.997108578681945801e-01
9.989765286445617676e-01
9.974621534347534180e-01
9.994389414787292480e-01
9.901059269905090332e-01
9.997195601463317871e-01
9.995129704475402832e-01
9.995728135108947754e-01
9.996158480644226074e-01
9.995061755180358887e-01
9.996085166931152344e-01
9.995635747909545898e-01
9.995376467704772949e-01
9.981796145439147949e-01
9.989832639694213867e-01
9.993327260017395020e-01
9.993125796318054199e-01
9.995397329330444336e-01
9.994968771934509277e-01
9.952207803726196289e-01
9.991748929023742676e-01
9.989333152770996094e-01
9.992058277130126953e-01
9.895491003990173340e-01
9.991067647933959961e-01
9.982665777206420898e-01
9.993924498558044434e-01
9.988172054290771484e-01
9.996066093444824219e-01
9.986204504966735840e-01
9.941548705101013184e-01
9.983787536621093750e-01
9.935678839683532715e-01
9.994325637817382812e-01
9.996936917304992676e-01
9.987597465515136719e-01
9.980664253234863281e-01
8.628039956092834473e-01
9.185515642166137695e-01
9.461658596992492676e-01
9.922564625740051270e-01
9.697061777114868164e-01
9.372432231903076172e-01
8.695422410964965820e-01
9.939880967140197754e-01
9.980281591415405273e-01
9.848505258560180664e-01
9.756087660789489746e-01
9.921707510948181152e-01
9.760788083076477051e-01
9.803226590156555176e-01
9.977658390998840332e-01
9.900669455528259277e-01
9.888090491294860840e-01
9.813833832740783691e-01
9.875794649124145508e-01
9.880505204200744629e-01
9.820505380630493164e-01
9.866168498992919922e-01
9.738142490386962891e-01
9.253911375999450684e-01
9.223719239234924316e-01
8.332327604293823242e-01
5.847351551055908203e-01
6.163270473480224609e-01
5.881450474262237549e-01
7.375821471214294434e-01
8.072814643383026123e-01
7.994661331176757812e-01
8.117957711219787598e-01
7.038773894309997559e-01
4.580256938934326172e-01
5.018827617168426514e-01
3.428996205329895020e-01
7.363271117210388184e-01
4.949933886528015137e-01
7.238112092018127441e-01
6.767011880874633789e-01
6.558972001075744629e-01
3.149529993534088135e-01
3.960298597812652588e-01
2.585152983665466309e-01
3.688226342201232910e-01
3.303781151771545410e-01
3.662742972373962402e-01
3.012442588806152344e-01
3.409968018531799316e-01
2.754845917224884033e-01
3.561093211174011230e-01
3.335738182067871094e-01
3.735269606113433838e-01
3.617308437824249268e-01
3.550816476345062256e-01
2.971942424774169922e-01
3.197526931762695312e-01
2.108152508735656738e-01
3.182465136051177979e-01
3.581120967864990234e-01
3.239784240722656250e-01
2.528548240661621094e-01
2.541869878768920898e-01
3.686349391937255859e-01
3.047792315483093262e-01
3.404246568679809570e-01
3.796226382255554199e-01
3.571541309356689453e-01
3.630036115646362305e-01
3.577243685722351074e-01
3.339697718620300293e-01
3.560810685157775879e-01
3.922826051712036133e-01
4.620929360389709473e-01
3.905664682388305664e-01
4.431815147399902344e-01
4.436987638473510742e-01
4.295809864997863770e-01
3.361175060272216797e-01
3.980280458927154541e-01
3.291646838188171387e-01
