9.961766004562377930e-01
9.970693588256835938e-01
4.997427463531494141e-01
5.682862997055053711e-01
9.958591461181640625e-01
9.985280632972717285e-01
6.148990988731384277e-01
6.979869604110717773e-01
9.952147006988525391e-01
9.967195391654968262e-01
9.970041513442993164e-01
9.995087981224060059e-01
9.998688101768493652e-01
9.988847970962524414e-01
9.980537891387939453e-01
9.995005726814270020e-01
9.993952512741088867e-01
9.998386502265930176e-01
9.998552799224853516e-01
9.998674392700195312e-01
9.998931884765625000e-01
9.998809099197387695e-01
9.997671842575073242e-01
9.996964931488037109e-01
9.999226331710815430e-01
9.999418258666992188e-01
9.999339580535888672e-01
9.988774657249450684e-01
9.998575448989868164e-01
9.999147057533264160e-01
9.999077916145324707e-01
9.999374151229858398e-01
9.998838305473327637e-01
9.998725056648254395e-01
9.999251365661621094e-01
9.999186396598815918e-01
9.999253153800964355e-01
9.997545480728149414e-01
9.997531175613403320e-01
9.998895525932312012e-01
9.998831748962402344e-01
9.996410012245178223e-01
9.719149488955736160e-01
9.326100349426269531e-01
9.835345745086669922e-01
3.850410580635070801e-01
9.833558797836303711e-01
9.940853118896484375e-01
6.485146582126617432e-01
9.947235584259033203e-01
9.514020085334777832e-01
9.739565849304199219e-01
9.821456074714660645e-01
9.941130876541137695e-01
9.997979402542114258e-01
9.997530579566955566e-01
9.977002739906311035e-01
9.995024204254150391e-01
9.996349215507507324e-01
9.995987415313720703e-01
9.996867179870605469e-01
9.998530149459838867e-01
9.987801909446716309e-01
9.987083077430725098e-01
9.994998574256896973e-01
9.990928173065185547e-01
9.997519254684448242e-01
9.992913007736206055e-01
9.996845722198486328e-01
9.997026324272155762e-01
9.914812445640563965e-01
9.992477893829345703e-01
9.993581175804138184e-01
9.993960857391357422e-01
9.988271594047546387e-01
9.975598454475402832e-01
9.998178482055664062e-01
9.996927976608276367e-01
9.995857477188110352e-01
9.996150135993957520e-01
9.997583627700805664e-01
9.992692470550537109e-01
9.796862602233886719e-01
9.915472781285643578e-01
9.996870160102844238e-01
9.997035861015319824e-01
9.998183250427246094e-01
9.993929266929626465e-01
9.997044205665588379e-01
9.994826912879943848e-01
9.998089075088500977e-01
9.995040297508239746e-01
9.996052980422973633e-01
9.997034072875976562e-01
9.995633959770202637e-01
9.997010231018066406e-01
9.995114207267761230e-01
9.996116161346435547e-01
9.992995262145996094e-01
9.994481205940246582e-01
9.997712969779968262e-01
9.996013641357421875e-01
9.997345209121704102e-01
9.989960789680480957e-01
9.977017641067504883e-01
9.991523027420043945e-01
9.992607831954956055e-01
9.979298114776611328e-01
9.996421933174133301e-01
9.739435911178588867e-01
9.885732531547546387e-01
9.954545497894287109e-01
9.965784549713134766e-01
9.997905492782592773e-01
9.979121088981628418e-01
9.988409876823425293e-01
9.981255531311035156e-01
9.986760020256042480e-01
9.987440705299377441e-01
9.995280504226684570e-01
9.997805356979370117e-01
9.996269941329956055e-01
9.989933967590332031e-01
9.997758865356445312e-01
9.215372800827026367e-01
6.289401650428771973e-01
9.407199025154113770e-01
6.535182893276214600e-01
9.768722057342529297e-01
9.972690343856811523e-01
9.332074522972106934e-01
9.415789842605590820e-01
6.156898140907287598e-01
9.912844896316528320e-01
9.922334551811218262e-01
9.959140419960021973e-01
9.689648747444152832e-01
9.197542518377304077e-01
7.551056742668151855e-01
9.729340076446533203e-01
9.954766035079956055e-01
7.168133854866027832e-01
9.887399673461914062e-01
9.930394291877746582e-01
9.954974651336669922e-01
9.907890558242797852e-01
9.823715090751647949e-01
9.139651060104370117e-01
9.804654717445373535e-01
3.726472854614257812e-01
6.811120510101318359e-01
6.548115015029907227e-01
9.408515095710754395e-01
7.630755901336669922e-01
7.620416879653930664e-01
7.710886001586914062e-01
7.707877159118652344e-01
7.299168705940246582e-01
5.858451724052429199e-01
9.308615922927856445e-01
5.918156504631042480e-01
7.488425672054290771e-01
6.409507393836975098e-01
8.757419586181640625e-01
7.423267960548400879e-01
9.665226936340332031e-01
8.696321845054626465e-01
7.900072932243347168e-01
7.670378684997558594e-01
4.681733250617980957e-01
7.151400446891784668e-01
2.754201889038085938e-01
6.068146824836730957e-01
2.807603478431701660e-01
5.185683369636535645e-01
6.453529596328735352e-01
5.600789487361907959e-01
5.672681331634521484e-01
4.504427313804626465e-01
5.735635161399841309e-01
5.992661714553833008e-01
7.391917109489440918e-01
8.254100084304809570e-01
8.884477019309997559e-01
7.103347778320312500e-01
6.571117639541625977e-01
7.651824951171875000e-01
8.091502636671066284e-01
6.902750134468078613e-01
5.910586714744567871e-01
5.840062499046325684e-01
5.988700985908508301e-01
7.773560285568237305e-01
5.929633080959320068e-01
7.304129004478454590e-01
8.029930591583251953e-01
6.373925805091857910e-01
6.000386476516723633e-01
4.294735789299011230e-01
5.582435131072998047e-01
3.946125805377960205e-01
4.417629241943359375e-01
4.916729032993316650e-01
4.648675322532653809e-01
4.015316963195800781e-01
4.191440939903259277e-01
6.442861855030059814e-01
5.338214039802551270e-01
5.883395671844482422e-01
6.319072544574737549e-01
5.548605918884277344e-01
4.893541038036346436e-01
5.392121076583862305e-01
4.613956212997436523e-01
4.847323000431060791e-01
6.373324990272521973e-01
5.432924628257751465e-01
6.678826808929443359e-01
6.880853176116943359e-01
6.925405561923980713e-01
7.231785058975219727e-01
5.294889211654663086e-01
5.747303962707519531e-01
5.231359004974365234e-01
5.805946290493011475e-01
4.773168563842773438e-01
5.576553642749786377e-01
4.652477502822875977e-01
4.650033712387084961e-01
5.693187117576599121e-01
5.250492691993713379e-01
6.781101822853088379e-01
5.075096487998962402e-01
4.095797538757324219e-01
4.256579875946044922e-01
5.124478936195373535e-01
