9.961766004562377930e-01
9.970693588256835938e-01
4.997427463531494141e-01
5.682863593101501465e-01
9.958591461181640625e-01
9.985280632972717285e-01
6.148990988731384277e-01
6.979869604110717773e-01
9.952147006988525391e-01
9.967195391654968262e-01
9.970041513442993164e-01
9.995087981224060059e-01
9.998688101768493652e-01
9.998848438262939453e-01
9.987072944641113281e-01
9.982758164405822754e-01
9.994968175888061523e-01
9.998260140419006348e-01
9.998820424079895020e-01
9.633339047431945801e-01
9.978017807006835938e-01
9.996408820152282715e-01
9.998307824134826660e-01
9.998425841331481934e-01
9.999104738235473633e-01
9.999142885208129883e-01
9.999451041221618652e-01
9.999305605888366699e-01
9.998201131820678711e-01
9.998764395713806152e-01
9.999051690101623535e-01
9.999387264251708984e-01
9.999043941497802734e-01
9.998878240585327148e-01
9.999240040779113770e-01
9.999216794967651367e-01
9.999253153800964355e-01
9.997556805610656738e-01
9.997519254684448242e-01
9.917011857032775879e-01
9.965087175369262695e-01
9.997951388359069824e-01
9.744346141815185547e-01
9.623420834541320801e-01
3.852194547653198242e-01
6.213135719299316406e-01
9.030477404594421387e-01
8.007343411445617676e-01
7.560086846351623535e-01
9.992178082466125488e-01
9.996050000190734863e-01
9.995640516281127930e-01
9.997131824493408203e-01
9.996740221977233887e-01
9.998660683631896973e-01
9.994239211082458496e-01
9.992495775222778320e-01
9.996606111526489258e-01
9.996242523193359375e-01
9.996930360794067383e-01
9.996777772903442383e-01
9.997929930686950684e-01
9.996022582054138184e-01
9.980173707008361816e-01
9.996336698532104492e-01
9.983645677566528320e-01
9.996079206466674805e-01
9.991666078567504883e-01
9.996267557144165039e-01
9.995302557945251465e-01
9.923589825630187988e-01
9.979793429374694824e-01
9.963039159774780273e-01
9.991732835769653320e-01
9.968714118003845215e-01
9.815306663513183594e-01
9.987295866012573242e-01
8.094769120216369629e-01
3.944819271564483643e-01
9.994819164276123047e-01
9.979642033576965332e-01
9.982097148895263672e-01
9.983296990394592285e-01
9.995731711387634277e-01
9.995659589767456055e-01
9.997302293777465820e-01
9.996665120124816895e-01
9.996415376663208008e-01
9.991943240165710449e-01
9.975028634071350098e-01
9.995170831680297852e-01
9.990493059158325195e-01
9.997313618659973145e-01
9.990822672843933105e-01
9.994790554046630859e-01
9.997118115425109863e-01
9.993695616722106934e-01
9.994755983352661133e-01
9.992609024047851562e-01
9.976641535758972168e-01
9.976462125778198242e-01
9.994588494300842285e-01
9.996646642684936523e-01
9.993081092834472656e-01
9.994945526123046875e-01
9.992835521697998047e-01
9.986361861228942871e-01
9.948520660400390625e-01
9.911050796508789062e-01
9.833214879035949707e-01
9.985666275024414062e-01
9.968689680099487305e-01
9.980896115303039551e-01
9.987427592277526855e-01
9.995002746582031250e-01
9.976253509521484375e-01
9.953972697257995605e-01
9.968854784965515137e-01
9.966132640838623047e-01
9.992143511772155762e-01
9.993189573287963867e-01
9.990510344505310059e-01
9.975577592849731445e-01
8.526079654693603516e-01
8.633178472518920898e-01
9.307047128677368164e-01
9.972037076950073242e-01
8.163776397705078125e-01
9.777943491935729980e-01
9.863780736923217773e-01
9.985815882682800293e-01
9.705191254615783691e-01
3.261209428310394287e-01
9.634416699409484863e-01
9.971147775650024414e-01
9.965949058532714844e-01
9.932723641395568848e-01
9.985490441322326660e-01
9.702454805374145508e-01
9.875068664550781250e-01
9.503735899925231934e-01
9.841082096099853516e-01
9.645370841026306152e-01
9.759318232536315918e-01
9.744365215301513672e-01
7.413871288299560547e-01
8.552510142326354980e-01
4.131680727005004883e-01
7.582905143499374390e-01
8.587712049484252930e-01
7.851416468620300293e-01
8.328480124473571777e-01
9.130004048347473145e-01
8.772379159927368164e-01
7.766589522361755371e-01
7.429782748222351074e-01
1.937404870986938477e-01
4.757038950920104980e-01
3.379259109497070312e-01
3.790250122547149658e-01
5.983924865722656250e-01
3.212684392929077148e-01
6.046900749206542969e-01
5.425089597702026367e-01
3.560020327568054199e-01
2.648985981941223145e-01
3.220683932304382324e-01
2.476850897073745728e-01
3.021742701530456543e-01
3.149490952491760254e-01
4.198983609676361084e-01
4.052586853504180908e-01
3.371629714965820312e-01
3.626939654350280762e-01
3.369509577751159668e-01
2.757524251937866211e-01
3.198775351047515869e-01
2.768998742103576660e-01
3.006201386451721191e-01
2.514998316764831543e-01
1.860859394073486328e-01
2.768800258636474609e-01
2.708479166030883789e-01
2.026230692863464355e-01
3.035866916179656982e-01
2.864833474159240723e-01
2.647745609283447266e-01
4.207996129989624023e-01
3.368062078952789307e-01
5.242259502410888672e-01
4.195074439048767090e-01
4.202305078506469727e-01
3.759443163871765137e-01
3.622187674045562744e-01
3.003994226455688477e-01
3.649572134017944336e-01
3.383665680885314941e-01
4.644462466239929199e-01
4.793844223022460938e-01
3.997304439544677734e-01
4.011998176574707031e-01
4.203101992607116699e-01
3.678011298179626465e-01
3.814097642898559570e-01
4.398320317268371582e-01
