9.961766004562377930e-01
9.970693588256835938e-01
4.997427463531494141e-01
5.682863593101501465e-01
9.958591461181640625e-01
9.985280632972717285e-01
6.148990988731384277e-01
6.979869604110717773e-01
9.952147006988525391e-01
9.967195391654968262e-01
9.970041513442993164e-01
9.995087981224060059e-01
9.998688101768493652e-01
9.998848438262939453e-01
9.987072944641113281e-01
9.982758164405822754e-01
9.994968175888061523e-01
9.998260140419006348e-01
9.998820424079895020e-01
9.633339047431945801e-01
9.978017807006835938e-01
9.996408820152282715e-01
9.998307824134826660e-01
9.998425841331481934e-01
9.999104738235473633e-01
9.999142885208129883e-01
9.999451041221618652e-01
9.999305605888366699e-01
9.998201131820678711e-01
9.998764395713806152e-01
9.999051690101623535e-01
9.999057650566101074e-01
9.999250769615173340e-01
9.998599886894226074e-01
9.998421669006347656e-01
9.990177154541015625e-01
9.990254640579223633e-01
9.965400695800781250e-01
9.933879971504211426e-01
9.750971794128417969e-01
7.677384018898010254e-01
9.688507318496704102e-01
9.951261281967163086e-01
9.977197051048278809e-01
9.969274997711181641e-01
9.953059554100036621e-01
9.997395277023315430e-01
9.969356060028076172e-01
9.947447776794433594e-01
9.996602535247802734e-01
9.997406005859375000e-01
9.997275471687316895e-01
9.993799328804016113e-01
9.991748332977294922e-01
9.998015165328979492e-01
9.989290237426757812e-01
8.813249468803405762e-01
9.545856714248657227e-01
9.989730119705200195e-01
9.963247179985046387e-01
9.996822476387023926e-01
9.993991851806640625e-01
9.991635084152221680e-01
9.903959035873413086e-01
9.987877011299133301e-01
9.989516735076904297e-01
9.996206760406494141e-01
9.992622137069702148e-01
9.996640086174011230e-01
9.996975064277648926e-01
9.991236329078674316e-01
9.998304843902587891e-01
9.997304081916809082e-01
9.988631606101989746e-01
9.965472221374511719e-01
9.980921745300292969e-01
9.995182156562805176e-01
9.979952573776245117e-01
9.960210919380187988e-01
9.991331100463867188e-01
9.985860586166381836e-01
9.995092749595642090e-01
9.971522092819213867e-01
9.988538622856140137e-01
9.989685416221618652e-01
9.953206777572631836e-01
9.992752075195312500e-01
9.984416365623474121e-01
9.730125069618225098e-01
9.977634549140930176e-01
9.984570145606994629e-01
9.991992712020874023e-01
9.984079599380493164e-01
9.988930225372314453e-01
9.995253086090087891e-01
9.995180964469909668e-01
9.995124936103820801e-01
9.992705583572387695e-01
9.996592402458190918e-01
9.997361302375793457e-01
9.991921782493591309e-01
9.998090863227844238e-01
9.998370409011840820e-01
9.998070001602172852e-01
9.998000860214233398e-01
9.997693300247192383e-01
9.997408986091613770e-01
9.989677667617797852e-01
9.995858073234558105e-01
9.992620944976806641e-01
9.997621178627014160e-01
9.996079206466674805e-01
9.986028671264648438e-01
9.993568062782287598e-01
9.996681213378906250e-01
9.996666312217712402e-01
9.986209869384765625e-01
9.971022605895996094e-01
9.993654489517211914e-01
9.995709657669067383e-01
9.993413686752319336e-01
9.994484186172485352e-01
9.985435605049133301e-01
9.993533492088317871e-01
9.996277093887329102e-01
9.996546506881713867e-01
9.996291995048522949e-01
9.970316290855407715e-01
9.948810935020446777e-01
9.955295324325561523e-01
9.974269866943359375e-01
9.970583319664001465e-01
9.995989799499511719e-01
9.956150054931640625e-01
9.969474077224731445e-01
8.521413803100585938e-01
6.382254958152770996e-01
9.606371708214282990e-01
9.284791350364685059e-01
9.421890974044799805e-01
9.618110656738281250e-01
8.387129306793212891e-01
8.775119781494140625e-01
8.229834437370300293e-01
8.771554827690124512e-01
8.025089502334594727e-01
9.743544459342956543e-01
9.256693348288536072e-01
7.101469635963439941e-01
9.880375862121582031e-01
4.644911885261535645e-01
9.630079269409179688e-01
9.309023022651672363e-01
9.683665037155151367e-01
8.904461264610290527e-01
9.692485928535461426e-01
9.923977255821228027e-01
9.813217520713806152e-01
9.866682291030883789e-01
9.890953898429870605e-01
9.956764578819274902e-01
9.841598272323608398e-01
9.689497947692871094e-01
9.661970511078834534e-01
9.799527525901794434e-01
9.463054537773132324e-01
9.875531792640686035e-01
9.873520731925964355e-01
9.975603818893432617e-01
9.964652061462402344e-01
9.845768809318542480e-01
9.917082786560058594e-01
9.750714302062988281e-01
9.905014634132385254e-01
9.755181670188903809e-01
7.460180521011352539e-01
9.900690317153930664e-01
4.836310148239135742e-01
9.352536201477050781e-01
9.828145503997802734e-01
9.913630485534667969e-01
3.980956077575683594e-01
3.477697372436523438e-01
6.828719377517700195e-01
1.407315731048583984e-01
3.547675609588623047e-01
7.898893356323242188e-01
9.930632114410400391e-01
7.661584615707397461e-01
9.609236717224121094e-01
9.066430330276489258e-01
9.427094459533691406e-01
9.598144292831420898e-01
9.569104313850402832e-01
9.964167475700378418e-01
8.487761616706848145e-01
8.283153176307678223e-01
8.204963207244873047e-01
8.733575046062469482e-01
9.561821818351745605e-01
9.992368817329406738e-01
9.917480349540710449e-01
6.255690753459930420e-01
8.700326085090637207e-01
3.370704054832458496e-01
6.267723441123962402e-01
3.879823684692382812e-01
7.108343839645385742e-01
6.280592679977416992e-01
6.081512570381164551e-01
2.500124573707580566e-01
3.789053261280059814e-01
9.619517326354980469e-01
1.728612184524536133e-01
6.992104649543762207e-01
7.097863554954528809e-01
6.281357705593109131e-01
8.054645061492919922e-01
9.475471377372741699e-01
8.483565151691436768e-01
9.647931456565856934e-01
9.197967052459716797e-01
7.480597496032714844e-01
6.511308550834655762e-01
2.306060194969177246e-01
3.797907233238220215e-01
1.168879866600036621e-01
4.256094694137573242e-01
3.648042678833007812e-01
1.861845254898071289e-01
3.686103224754333496e-01
2.954206466674804688e-01
5.811309218406677246e-01
7.252372503280639648e-01
7.460803389549255371e-01
9.803716540336608887e-01
7.574567198753356934e-01
7.221334576606750488e-01
7.975140213966369629e-01
5.718294680118560791e-01
9.327836036682128906e-01
6.600159704685211182e-01
3.828771412372589111e-01
8.334785699844360352e-01
2.234185338020324707e-01
6.542410850524902344e-01
1.779791563749313354e-01
4.563710987567901611e-01
2.057597637176513672e-01
6.003907918930053711e-01
8.759052753448486328e-01
4.327240884304046631e-01
8.045067191123962402e-01
4.897711873054504395e-01
5.656157732009887695e-01
2.534326314926147461e-01
4.113432168960571289e-01
6.723875999450683594e-01
3.142349421977996826e-01
9.805916547775268555e-01
9.299976825714111328e-01
4.373610317707061768e-01
2.693867683410644531e-01
1.445026397705078125e-01
6.436908245086669922e-02
8.681631088256835938e-02
1.697553992271423340e-01
8.004117012023925781e-02
1.546335816383361816e-01
1.763107776641845703e-01
1.252782344818115234e-01
2.363821864128112793e-01
2.929983139038085938e-01
2.855393290519714355e-01
4.846427440643310547e-01
9.504058957099914551e-01
2.299167513847351074e-01
3.186343312263488770e-01
1.504144668579101562e-01
4.184632301330566406e-01
9.230868220329284668e-01
7.691256403923034668e-01
4.925017952919006348e-01
1.533616036176681519e-01
2.683075070381164551e-01
7.849788665771484375e-02
1.614492535591125488e-01
9.201668947935104370e-02
1.291053891181945801e-01
1.442632675170898438e-01
1.178930401802062988e-01
2.118590474128723145e-01
3.981910347938537598e-01
1.313021779060363770e-01
1.509535908699035645e-01
1.457263529300689697e-01
1.673834919929504395e-01
1.473709344863891602e-01
1.531741023063659668e-01
4.516931772232055664e-01
4.226253032684326172e-01
5.222799181938171387e-01
5.353572964668273926e-01
3.107530474662780762e-01
3.031775355339050293e-01
2.515012025833129883e-01
4.324014186859130859e-01
3.594083786010742188e-01
5.277391672134399414e-01
3.497242331504821777e-01
4.896743297576904297e-01
2.797744274139404297e-01
4.874307513236999512e-01
3.747525215148925781e-01
4.101580679416656494e-01
7.109471559524536133e-01
2.475507855415344238e-01
3.408807516098022461e-01
2.201902866363525391e-01
5.085856914520263672e-01
5.676867961883544922e-01
5.845022201538085938e-01
2.683523297309875488e-01
4.042618870735168457e-01
4.761431217193603516e-01
5.180409550666809082e-01
2.529738247394561768e-01
6.074463725090026855e-01
4.930276870727539062e-01
5.722803473472595215e-01
3.579831421375274658e-01
5.096151828765869141e-01
4.840491414070129395e-01
5.922078490257263184e-01
4.520256519317626953e-01
3.766756057739257812e-01
4.331258237361907959e-01
3.799220025539398193e-01
4.862440824508666992e-01
3.450190722942352295e-01
7.155785560607910156e-01
7.166980504989624023e-01
5.779357254505157471e-01
5.429390668869018555e-01
3.617142438888549805e-01
4.366315007209777832e-01
3.942945897579193115e-01
5.239500999450683594e-01
6.763814687728881836e-01
3.331083059310913086e-01
4.442452192306518555e-01
4.002761244773864746e-01
3.937878310680389404e-01
3.850552439689636230e-01
3.054332137107849121e-01
5.260046124458312988e-01
3.490876555442810059e-01
2.879217863082885742e-01
3.144409060478210449e-01
3.160493969917297363e-01
4.765819907188415527e-01
4.074907302856445312e-01
4.160049259662628174e-01
4.153679013252258301e-01
3.715655803680419922e-01
2.543177604675292969e-01
3.258787393569946289e-01
4.026565849781036377e-01
2.426873445510864258e-01
3.041277527809143066e-01
2.553127706050872803e-01
3.212625980377197266e-01
3.006097674369812012e-01
4.008445143699645996e-01
3.823094964027404785e-01
3.596794605255126953e-01
3.357197940349578857e-01
2.882266044616699219e-01
3.722376227378845215e-01
5.638243556022644043e-01
3.973711729049682617e-01
5.037426352500915527e-01
3.026869893074035645e-01
3.293446898460388184e-01
3.115339577198028564e-01
4.577179551124572754e-01
4.630477428436279297e-01
2.712124586105346680e-01
4.418873786926269531e-01
3.892372846603393555e-01
2.900881171226501465e-01
2.847235798835754395e-01
2.458866238594055176e-01
3.023043870925903320e-01
1.928710937500000000e-01
3.082098960876464844e-01
4.071455597877502441e-01
2.750746011734008789e-01
3.094739913940429688e-01
4.026486873626708984e-01
5.737047195434570312e-01
4.989945888519287109e-01
5.189287960529327393e-01
4.863477349281311035e-01
5.120218992233276367e-01
4.320225119590759277e-01
2.877123355865478516e-01
4.343777894973754883e-01
4.329445660114288330e-01
4.063181579113006592e-01
4.649282991886138916e-01
4.667565524578094482e-01
4.744110107421875000e-01
4.815803766250610352e-01
3.196899890899658203e-01
3.195327520370483398e-01
3.058769702911376953e-01
3.068095445632934570e-01
3.269738554954528809e-01
3.948695063591003418e-01
4.846147000789642334e-01
4.439869225025177002e-01
4.854342043399810791e-01
5.275581479072570801e-01
5.010841190814971924e-01
4.133164286613464355e-01
4.944483935832977295e-01
3.400796651840209961e-01
4.220286905765533447e-01
3.025820851325988770e-01
4.192250370979309082e-01
3.232059478759765625e-01
3.670160174369812012e-01
3.274712562561035156e-01
4.247677326202392578e-01
3.632265329360961914e-01
3.551411032676696777e-01
3.542459011077880859e-01
2.752746939659118652e-01
2.333064675331115723e-01
3.399701118469238281e-01
3.472164273262023926e-01
3.007419705390930176e-01
3.617038726806640625e-01
3.705304265022277832e-01
3.427774906158447266e-01
3.728240728378295898e-01
4.095746576786041260e-01
3.333833515644073486e-01
4.561596512794494629e-01
5.222272872924804688e-01
4.761636853218078613e-01
4.442847371101379395e-01
4.428629279136657715e-01
4.359435141086578369e-01
4.791830778121948242e-01
3.715858459472656250e-01
4.662524461746215820e-01
4.230684936046600342e-01
4.143050909042358398e-01
3.955523967742919922e-01
4.574434757232666016e-01
3.963544964790344238e-01
3.823971152305603027e-01
4.460257887840270996e-01
4.213600158691406250e-01
3.767403960227966309e-01
4.147098660469055176e-01
4.828058481216430664e-01
4.034463763236999512e-01
4.917589426040649414e-01
3.236513733863830566e-01
4.090347290039062500e-01
3.863569200038909912e-01
3.681717514991760254e-01
3.291167616844177246e-01
3.815904259681701660e-01
4.082221984863281250e-01
3.281574249267578125e-01
3.963591158390045166e-01
3.571866154670715332e-01
3.856785297393798828e-01
4.589025080204010010e-01
3.319526314735412598e-01
3.807114660739898682e-01
4.249900877475738525e-01
4.641548395156860352e-01
4.044528007507324219e-01
4.511950016021728516e-01
4.102528095245361328e-01
4.886998534202575684e-01
4.156850576400756836e-01
4.296286702156066895e-01
4.458355903625488281e-01
4.127550721168518066e-01
4.276335239410400391e-01
4.297086298465728760e-01
