9.961766004562377930e-01
9.970693588256835938e-01
9.985863566398620605e-01
6.561008989810943604e-01
9.846214652061462402e-01
9.987663626670837402e-01
4.852566421031951904e-01
7.445484995841979980e-01
9.955805540084838867e-01
9.956941008567810059e-01
9.976858496665954590e-01
9.995087981224060059e-01
9.998688101768493652e-01
9.998847842216491699e-01
9.987072944641113281e-01
9.982871413230895996e-01
9.994984865188598633e-01
9.998257160186767578e-01
9.998814463615417480e-01
9.585264921188354492e-01
9.979286193847656250e-01
9.996428489685058594e-01
9.998295903205871582e-01
9.998399615287780762e-01
9.999109506607055664e-01
9.999142289161682129e-01
9.999448657035827637e-01
9.999305605888366699e-01
9.998197555541992188e-01
9.998757839202880859e-01
9.999055266380310059e-01
9.999178051948547363e-01
9.999440312385559082e-01
9.998990893363952637e-01
9.998912811279296875e-01
9.999257326126098633e-01
9.999186992645263672e-01
9.997813701629638672e-01
9.997540116310119629e-01
9.997556209564208984e-01
9.973155856132507324e-01
9.767766594886779785e-01
4.920982122421264648e-01
9.537293314933776855e-01
9.935142993927001953e-01
9.994831681251525879e-01
5.347613096237182617e-01
9.856193065643310547e-01
9.990460276603698730e-01
9.973245263099670410e-01
9.048727750778198242e-01
9.724830389022827148e-01
9.785503149032592773e-01
9.913915991783142090e-01
9.994937181472778320e-01
9.997183680534362793e-01
9.981452822685241699e-01
9.994846582412719727e-01
9.996311664581298828e-01
9.995989203453063965e-01
9.996825456619262695e-01
9.996630549430847168e-01
9.996888637542724609e-01
9.995720386505126953e-01
9.978128671646118164e-01
9.996973872184753418e-01
9.981266260147094727e-01
9.989611506462097168e-01
9.995471239089965820e-01
9.992595911026000977e-01
9.998649358749389648e-01
9.995420575141906738e-01
9.996311664581298828e-01
9.997326731681823730e-01
9.989795088768005371e-01
9.997736215591430664e-01
8.237100243568420410e-01
9.940539598464965820e-01
9.997331500053405762e-01
8.972414731979370117e-01
9.342848658561706543e-01
9.058706164360046387e-01
8.601483106613159180e-01
9.439389705657958984e-01
9.069355726242065430e-01
9.991699457168579102e-01
9.994406104087829590e-01
9.996814131736755371e-01
7.215222716331481934e-01
6.698134541511535645e-01
9.988098144531250000e-01
9.970647692680358887e-01
9.998169541358947754e-01
9.994585514068603516e-01
9.997134208679199219e-01
9.997336864471435547e-01
9.995704889297485352e-01
9.997909069061279297e-01
9.991367459297180176e-01
9.998023509979248047e-01
9.996428489685058594e-01
9.994695186614990234e-01
9.993773698806762695e-01
9.997178316116333008e-01
9.847886562347412109e-01
9.984355568885803223e-01
9.275350570678710938e-01
6.733916997909545898e-01
9.383203983306884766e-01
9.919500946998596191e-01
9.995710253715515137e-01
9.883183836936950684e-01
8.387563079595565796e-01
9.563972949981689453e-01
9.778031110763549805e-01
9.994511604309082031e-01
9.906233726069331169e-01
8.891881108283996582e-01
9.683009982109069824e-01
9.825538396835327148e-01
9.915580749511718750e-01
9.993903040885925293e-01
9.687750339508056641e-01
9.343928098678588867e-01
9.927578568458557129e-01
9.799966216087341309e-01
9.975824952125549316e-01
9.983272552490234375e-01
9.895676374435424805e-01
9.566434621810913086e-01
9.979197382926940918e-01
8.937473893165588379e-01
9.277158379554748535e-01
8.770216107368469238e-01
8.798075914382934570e-01
8.786216378211975098e-01
9.666836261749267578e-01
6.887555718421936035e-01
9.842777848243713379e-01
9.845240712165832520e-01
9.690801501274108887e-01
9.871469140052795410e-01
9.927083253860473633e-01
9.637311697006225586e-01
9.847463965415954590e-01
9.624991863965988159e-01
9.799165129661560059e-01
7.713541388511657715e-01
9.175247550010681152e-01
8.249651193618774414e-01
7.314006984233856201e-01
8.543753027915954590e-01
6.095035672187805176e-01
8.788934946060180664e-01
4.581695199012756348e-01
5.391703248023986816e-01
7.586802542209625244e-01
8.732460737228393555e-01
8.139637112617492676e-01
5.073715150356292725e-01
6.610064506530761719e-01
1.962361335754394531e-01
8.866348266601562500e-01
7.184054255485534668e-01
8.783391118049621582e-01
8.834308385848999023e-01
6.821084022521972656e-01
6.783608794212341309e-01
5.921968817710876465e-01
5.453159213066101074e-01
3.695137500762939453e-01
5.372347533702850342e-01
2.833701968193054199e-01
5.986959934234619141e-01
5.558743774890899658e-01
4.937321543693542480e-01
6.054900884628295898e-01
4.187347292900085449e-01
5.032087564468383789e-01
3.802438974380493164e-01
4.948354959487915039e-01
6.021145880222320557e-01
5.971920490264892578e-01
5.056746304035186768e-01
4.548553228378295898e-01
4.401685893535614014e-01
3.455557823181152344e-01
5.062846839427947998e-01
5.018861293792724609e-01
3.028677105903625488e-01
4.402888417243957520e-01
5.337980687618255615e-01
4.490073025226593018e-01
6.040790677070617676e-01
5.645686388015747070e-01
4.526258707046508789e-01
5.131513178348541260e-01
4.766892790794372559e-01
4.139610528945922852e-01
4.266540408134460449e-01
4.708668589591979980e-01
4.770001173019409180e-01
3.809354901313781738e-01
4.263042807579040527e-01
5.216360688209533691e-01
6.338574886322021484e-01
5.390594005584716797e-01
6.680832505226135254e-01
6.471706628799438477e-01
5.340171158313751221e-01
5.717670917510986328e-01
4.988236129283905029e-01
5.787194371223449707e-01
4.420495033264160156e-01
5.259477496147155762e-01
4.577149748802185059e-01
4.916016161441802979e-01
3.174273967742919922e-01
5.445078015327453613e-01
5.557990372180938721e-01
4.670356512069702148e-01
4.101352095603942871e-01
4.249889552593231201e-01
4.718807637691497803e-01
