9.961766004562377930e-01
9.970693588256835938e-01
9.985863566398620605e-01
9.985475540161132812e-01
9.888774156570434570e-01
9.962951540946960449e-01
9.985373020172119141e-01
9.988109469413757324e-01
9.997157454490661621e-01
9.998130202293395996e-01
9.997883439064025879e-01
9.991971254348754883e-01
9.998117685317993164e-01
9.985778331756591797e-01
9.977017641067504883e-01
9.995446801185607910e-01
9.994136691093444824e-01
9.998365640640258789e-01
9.998639225959777832e-01
9.998661279678344727e-01
9.998927116394042969e-01
9.998800754547119141e-01
9.988584518432617188e-01
9.996910691261291504e-01
9.999220967292785645e-01
9.999417066574096680e-01
9.999220967292785645e-01
9.987911581993103027e-01
9.998558163642883301e-01
9.999139308929443359e-01
9.999075531959533691e-01
9.999164938926696777e-01
9.999125599861145020e-01
9.999347925186157227e-01
9.999055266380310059e-01
9.998914003372192383e-01
9.999220967292785645e-01
9.997644424438476562e-01
9.997762441635131836e-01
9.897595643997192383e-01
9.900522828102111816e-01
9.998157024383544922e-01
9.996116161346435547e-01
9.940690398216247559e-01
9.992651343345642090e-01
9.996662139892578125e-01
9.996569752693176270e-01
9.922013282775878906e-01
9.997652769088745117e-01
9.992579221725463867e-01
9.948531985282897949e-01
8.464276194572448730e-01
9.411032795906066895e-01
9.964267611503601074e-01
9.987719058990478516e-01
9.993526339530944824e-01
9.717598557472229004e-01
8.799656033515930176e-01
9.810681939125061035e-01
9.938981533050537109e-01
9.945656061172485352e-01
9.922111630439758301e-01
9.752508997917175293e-01
9.993365406990051270e-01
9.989627003669738770e-01
9.988825321197509766e-01
9.867159724235534668e-01
9.799875617027282715e-01
9.948531985282897949e-01
9.942437410354614258e-01
9.960394501686096191e-01
9.991011619567871094e-01
9.990224838256835938e-01
9.984833598136901855e-01
9.936597943305969238e-01
9.982781410217285156e-01
9.959243535995483398e-01
9.938256144523620605e-01
9.983661770820617676e-01
9.994128346443176270e-01
9.995537996292114258e-01
7.097399830818176270e-01
9.460046887397766113e-01
9.639465324580669403e-01
9.984969496726989746e-01
9.828785061836242676e-01
9.984251260757446289e-01
9.973177313804626465e-01
9.982149004936218262e-01
9.845948219299316406e-01
9.871717691421508789e-01
9.954735636711120605e-01
9.986066222190856934e-01
9.986955523490905762e-01
9.936838150024414062e-01
9.982413649559020996e-01
9.957357048988342285e-01
9.985281825065612793e-01
9.966497421264648438e-01
9.981093406677246094e-01
9.986395835876464844e-01
9.978895783424377441e-01
9.990205764770507812e-01
9.969244599342346191e-01
9.975911378860473633e-01
9.990158081054687500e-01
9.996584653854370117e-01
9.972708821296691895e-01
9.799562692642211914e-01
9.447060823440551758e-01
9.896320700645446777e-01
7.911589741706848145e-01
9.393385052680969238e-01
9.991939067840576172e-01
9.858627319335937500e-01
8.315509557723999023e-01
8.709762096405029297e-01
6.697308123111724854e-01
9.628486037254333496e-01
9.892215728759765625e-01
9.988005757331848145e-01
9.930847883224487305e-01
9.389767050743103027e-01
9.885224103927612305e-01
9.904024004936218262e-01
9.930304288864135742e-01
9.976959824562072754e-01
9.834600687026977539e-01
8.094447851181030273e-01
8.045870065689086914e-01
6.576516926288604736e-01
9.420213103294372559e-01
8.324676156044006348e-01
9.531087279319763184e-01
9.731891751289367676e-01
7.416613698005676270e-01
7.584312558174133301e-01
9.379027485847473145e-01
8.457314372062683105e-01
7.615839242935180664e-01
9.024561047554016113e-01
9.297254681587219238e-01
7.793733328580856323e-01
8.379302620887756348e-01
9.463647603988647461e-01
9.474681019783020020e-01
9.429425001144409180e-01
7.945158481597900391e-01
8.072811961174011230e-01
7.003841102123260498e-01
6.067503392696380615e-01
8.367977738380432129e-01
8.644197583198547363e-01
9.270355105400085449e-01
5.243911147117614746e-01
7.329570055007934570e-01
8.390144109725952148e-01
7.767912149429321289e-01
8.930135369300842285e-01
6.460075974464416504e-01
5.228101611137390137e-01
5.419638752937316895e-01
6.131291687488555908e-01
5.990263223648071289e-01
9.329285621643066406e-01
9.201297163963317871e-01
9.586470723152160645e-01
8.501750826835632324e-01
8.552895188331604004e-01
7.939344644546508789e-01
7.194027900695800781e-01
5.550873875617980957e-01
6.551805138587951660e-01
2.333514690399169922e-01
2.719928026199340820e-01
2.955992817878723145e-01
6.545131802558898926e-01
6.310418248176574707e-01
7.017385363578796387e-01
7.057568430900573730e-01
5.763520300388336182e-01
6.564464569091796875e-01
4.496229290962219238e-01
6.360324323177337646e-01
7.152904570102691650e-01
5.408646464347839355e-01
5.312715172767639160e-01
6.559644341468811035e-01
7.014405131340026855e-01
6.189850568771362305e-01
6.538517475128173828e-01
6.208555102348327637e-01
4.362590909004211426e-01
3.861103057861328125e-01
3.278456330299377441e-01
3.442904353141784668e-01
3.534456491470336914e-01
3.902176022529602051e-01
4.123347997665405273e-01
5.191118717193603516e-01
5.628703832626342773e-01
4.717980027198791504e-01
3.808064162731170654e-01
3.747658431529998779e-01
4.333654046058654785e-01
3.758921921253204346e-01
3.802800774574279785e-01
5.481591820716857910e-01
4.271398782730102539e-01
4.988477826118469238e-01
5.439760088920593262e-01
5.822048783302307129e-01
4.774547219276428223e-01
4.261990189552307129e-01
3.763249218463897705e-01
3.661551475524902344e-01
3.365538716316223145e-01
3.932831883430480957e-01
2.995311617851257324e-01
3.211906552314758301e-01
3.021990656852722168e-01
3.867045044898986816e-01
3.474121093750000000e-01
3.408294916152954102e-01
3.513647317886352539e-01
3.582515120506286621e-01
