9.961766004562377930e-01
2.928562760353088379e-01
4.109065532684326172e-01
8.505931496620178223e-01
9.950274825096130371e-01
9.988708496093750000e-01
9.985769391059875488e-01
9.988923072814941406e-01
9.909592270851135254e-01
9.864619374275207520e-01
9.960792660713195801e-01
9.994250535964965820e-01
9.998773932456970215e-01
9.986487627029418945e-01
9.978906512260437012e-01
9.995633959770202637e-01
9.993893504142761230e-01
9.998386502265930176e-01
9.998543262481689453e-01
9.998669028282165527e-01
9.991062879562377930e-01
9.982229471206665039e-01
9.995137453079223633e-01
9.998281598091125488e-01
9.999223351478576660e-01
9.999373555183410645e-01
9.999392032623291016e-01
9.999344944953918457e-01
9.998174905776977539e-01
9.998742938041687012e-01
9.999299645423889160e-01
9.998766183853149414e-01
9.998973608016967773e-01
9.999197125434875488e-01
9.999197125434875488e-01
9.999275207519531250e-01
9.999231696128845215e-01
9.997873902320861816e-01
9.998871088027954102e-01
9.998810291290283203e-01
9.964868426322937012e-01
6.486189365386962891e-01
9.900050163269042969e-01
5.229738950729370117e-01
9.832665324211120605e-01
9.983505606651306152e-01
9.813740253448486328e-01
2.363488674163818359e-01
8.155792951583862305e-01
9.877460002899169922e-01
9.989868402481079102e-01
9.716256856918334961e-01
9.728880524635314941e-01
9.945850968360900879e-01
9.649363160133361816e-01
9.804005622863769531e-01
9.896682500839233398e-01
9.988631606101989746e-01
9.997762441635131836e-01
9.996528625488281250e-01
9.998444318771362305e-01
9.994003176689147949e-01
9.984981417655944824e-01
9.994449019432067871e-01
9.993804693222045898e-01
9.995323419570922852e-01
9.995098114013671875e-01
9.994767308235168457e-01
9.998208880424499512e-01
9.991012215614318848e-01
9.988433122634887695e-01
9.996973276138305664e-01
9.996398687362670898e-01
9.997440576553344727e-01
9.989356994628906250e-01
9.994670748710632324e-01
9.947198629379272461e-01
8.638840317726135254e-01
6.465396881103515625e-01
9.852232336997985840e-01
9.458625316619873047e-01
9.238983392715454102e-01
9.993860721588134766e-01
9.994381070137023926e-01
9.615643024444580078e-01
8.292234539985656738e-01
9.987484812736511230e-01
9.968073368072509766e-01
9.993546009063720703e-01
9.970573782920837402e-01
9.997182488441467285e-01
9.993975758552551270e-01
9.930756092071533203e-01
9.946461915969848633e-01
9.978596568107604980e-01
9.989532828330993652e-01
9.990932941436767578e-01
9.969551563262939453e-01
9.996274113655090332e-01
9.666028618812561035e-01
9.923256039619445801e-01
9.989911913871765137e-01
9.992330670356750488e-01
9.987857937812805176e-01
9.994059205055236816e-01
9.991358518600463867e-01
9.995929002761840820e-01
8.877951502799987793e-01
9.340897798538208008e-01
9.789882302284240723e-01
9.990038275718688965e-01
9.992365241050720215e-01
9.996393918991088867e-01
9.998158216476440430e-01
9.989382624626159668e-01
9.920238852500915527e-01
9.980060458183288574e-01
9.962847828865051270e-01
9.988919496536254883e-01
9.973071813583374023e-01
9.967499375343322754e-01
9.492030143737792969e-01
9.807532429695129395e-01
4.998197555541992188e-01
9.139310717582702637e-01
8.840836286544799805e-01
7.450076937675476074e-01
9.095520377159118652e-01
6.246872544288635254e-01
9.398378133773803711e-01
4.307076930999755859e-01
8.600099682807922363e-01
5.948650240898132324e-01
6.484510898590087891e-01
9.752252101898193359e-01
9.649285674095153809e-01
9.813978075981140137e-01
9.971863031387329102e-01
9.903361201286315918e-01
9.891589283943176270e-01
9.324182868003845215e-01
9.133050441741943359e-01
8.961699008941650391e-01
9.386025257408618927e-01
9.513818621635437012e-01
8.755017891526222229e-01
9.356876015663146973e-01
9.118874296545982361e-01
8.905167579650878906e-01
6.297274231910705566e-01
5.835714936256408691e-01
6.897348165512084961e-01
5.768181085586547852e-01
8.551537990570068359e-01
6.760246157646179199e-01
7.977446317672729492e-01
7.401608824729919434e-01
7.821531891822814941e-01
7.812408208847045898e-01
7.444447278976440430e-01
8.040771484375000000e-01
8.342342376708984375e-01
8.342558741569519043e-01
8.980770707130432129e-01
7.815086841583251953e-01
6.812515258789062500e-01
5.275949835777282715e-01
4.642513692378997803e-01
5.369336009025573730e-01
5.816400051116943359e-01
6.058383584022521973e-01
6.224752068519592285e-01
5.581341385841369629e-01
5.658956170082092285e-01
4.028946161270141602e-01
4.754899740219116211e-01
6.010367274284362793e-01
4.905399680137634277e-01
5.066495537757873535e-01
4.064907431602478027e-01
4.644460082054138184e-01
4.181992411613464355e-01
5.248354673385620117e-01
4.043812155723571777e-01
4.712100625038146973e-01
3.369148373603820801e-01
5.246361792087554932e-01
5.323119163513183594e-01
4.624381065368652344e-01
5.098621547222137451e-01
5.416657328605651855e-01
4.058109521865844727e-01
5.333570837974548340e-01
3.736519813537597656e-01
3.969095945358276367e-01
3.912094831466674805e-01
4.038139283657073975e-01
3.431897759437561035e-01
4.603027999401092529e-01
5.350685715675354004e-01
4.385901987552642822e-01
5.445628166198730469e-01
4.652470946311950684e-01
