9.961766004562377930e-01
9.970693588256835938e-01
9.985863566398620605e-01
6.561009287834167480e-01
9.846214652061462402e-01
9.987663626670837402e-01
4.852566719055175781e-01
7.445484995841979980e-01
9.955805540084838867e-01
9.956941008567810059e-01
9.976858496665954590e-01
9.995087981224060059e-01
9.998688101768493652e-01
9.988949298858642578e-01
9.980537891387939453e-01
9.995019435882568359e-01
9.994032979011535645e-01
9.998383522033691406e-01
9.998545050621032715e-01
9.998666644096374512e-01
9.991444349288940430e-01
9.982780814170837402e-01
9.998444914817810059e-01
9.998291730880737305e-01
9.999231100082397461e-01
9.999374747276306152e-01
9.999262094497680664e-01
9.994128346443176270e-01
9.998719096183776855e-01
9.999049305915832520e-01
9.999081492424011230e-01
9.999170303344726562e-01
9.999417066574096680e-01
9.999031424522399902e-01
9.998953342437744141e-01
9.999220967292785645e-01
9.999186992645263672e-01
9.997808337211608887e-01
9.881086349487304688e-01
9.897111058235168457e-01
9.991150498390197754e-01
9.996076822280883789e-01
9.932143092155456543e-01
5.632083415985107422e-01
9.821324348449707031e-01
5.096016526222229004e-01
7.858385443687438965e-01
9.966818094253540039e-01
9.983889460563659668e-01
9.997425675392150879e-01
9.978517889976501465e-01
9.357567429542541504e-01
9.737075567245483398e-01
9.989305138587951660e-01
9.995368123054504395e-01
9.998077750205993652e-01
9.981734752655029297e-01
9.975750446319580078e-01
9.997640848159790039e-01
9.996096491813659668e-01
9.996814131736755371e-01
9.996556639671325684e-01
9.997841119766235352e-01
9.990637302398681641e-01
9.986032247543334961e-01
9.996709227561950684e-01
9.995985031127929688e-01
9.991832375526428223e-01
9.997336268424987793e-01
9.996796250343322754e-01
9.995818734169006348e-01
9.998095631599426270e-01
9.997463226318359375e-01
9.996070265769958496e-01
9.483624696731567383e-01
9.986431598663330078e-01
8.292033076286315918e-01
9.436129368841648102e-01
9.985533356666564941e-01
9.993469119071960449e-01
9.992484450340270996e-01
9.997831583023071289e-01
9.993202686309814453e-01
9.993112087249755859e-01
9.961323142051696777e-01
9.998173117637634277e-01
9.996436834335327148e-01
9.994726777076721191e-01
9.991989135742187500e-01
9.996193647384643555e-01
9.996508955955505371e-01
9.997169375419616699e-01
9.997406005859375000e-01
9.976695775985717773e-01
9.993366003036499023e-01
9.994779229164123535e-01
9.996595978736877441e-01
9.997382760047912598e-01
9.882299304008483887e-01
9.977281093597412109e-01
9.995785951614379883e-01
9.996745586395263672e-01
9.994637370109558105e-01
9.996497631072998047e-01
9.994879364967346191e-01
8.129819631576538086e-01
7.046397626399993896e-01
9.226335287094116211e-01
9.993309378623962402e-01
9.055030420422554016e-01
9.697740674018859863e-01
8.522647619247436523e-01
9.954173564910888672e-01
9.683422446250915527e-01
9.991887211799621582e-01
9.996871352195739746e-01
9.824666380882263184e-01
7.448943257331848145e-01
9.978356957435607910e-01
9.887744188308715820e-01
8.055111169815063477e-01
9.939874410629272461e-01
9.980226755142211914e-01
9.667176008224487305e-01
8.561632633209228516e-01
9.916951656341552734e-01
9.579033888876438141e-01
9.992195963859558105e-01
9.866974949836730957e-01
9.582393169403076172e-01
9.634526371955871582e-01
9.501837491989135742e-01
8.189582824707031250e-01
9.904202222824096680e-01
8.424875736236572266e-01
9.221214056015014648e-01
6.128259301185607910e-01
9.561750888824462891e-01
7.660910040140151978e-01
9.550627470016479492e-01
9.871031641960144043e-01
9.512760639190673828e-01
8.513266444206237793e-01
7.049460113048553467e-01
6.634887456893920898e-01
8.205236196517944336e-01
5.816607177257537842e-01
5.493440032005310059e-01
7.362868785858154297e-01
4.063397943973541260e-01
3.586924076080322266e-01
6.100796163082122803e-01
2.165722846984863281e-01
3.921020030975341797e-01
4.939621686935424805e-01
5.110146403312683105e-01
6.604695916175842285e-01
4.769736528396606445e-01
3.766061663627624512e-01
4.003997743129730225e-01
5.460129380226135254e-01
5.255262255668640137e-01
4.842232465744018555e-01
4.070624113082885742e-01
3.830237388610839844e-01
4.236227273941040039e-01
3.819595277309417725e-01
3.247480392456054688e-01
6.327738165855407715e-01
5.043119490146636963e-01
3.645029067993164062e-01
4.071824550628662109e-01
3.598268032073974609e-01
5.513664782047271729e-01
4.738409817218780518e-01
4.630632698535919189e-01
4.452564716339111328e-01
4.064336419105529785e-01
4.199070334434509277e-01
4.082964658737182617e-01
3.037549257278442383e-01
3.422355055809020996e-01
4.812699556350708008e-01
4.206243753433227539e-01
3.209916353225708008e-01
4.413046240806579590e-01
4.574057459831237793e-01
3.889066576957702637e-01
3.913876414299011230e-01
4.318406581878662109e-01
5.023639798164367676e-01
4.748263359069824219e-01
5.365864038467407227e-01
4.319958686828613281e-01
3.545609712600708008e-01
3.656481802463531494e-01
3.900624513626098633e-01
