9.961766004562377930e-01
9.970693588256835938e-01
4.997427463531494141e-01
5.682862997055053711e-01
9.958591461181640625e-01
9.985280632972717285e-01
6.148990988731384277e-01
6.979869604110717773e-01
9.952147006988525391e-01
9.967195391654968262e-01
9.970041513442993164e-01
9.995087981224060059e-01
9.998688101768493652e-01
9.998848438262939453e-01
9.987072944641113281e-01
9.982758164405822754e-01
9.994968175888061523e-01
9.998260140419006348e-01
9.998820424079895020e-01
9.633339047431945801e-01
9.978017807006835938e-01
9.996408820152282715e-01
9.998307824134826660e-01
9.998425841331481934e-01
9.999104738235473633e-01
9.999142885208129883e-01
9.999451041221618652e-01
9.999305605888366699e-01
9.999287724494934082e-01
9.998869299888610840e-01
9.998664259910583496e-01
9.999426603317260742e-01
9.998940825462341309e-01
9.998931884765625000e-01
9.999257922172546387e-01
9.999182224273681641e-01
9.999281764030456543e-01
9.997556805610656738e-01
9.997519254684448242e-01
9.917011857032775879e-01
9.219579696655273438e-01
9.945054650306701660e-01
3.565371930599212646e-01
7.890118360519409180e-01
9.934588670730590820e-01
6.264230012893676758e-01
7.987841963768005371e-01
7.622517049312591553e-01
8.488543033599853516e-01
9.961878657341003418e-01
9.996567964553833008e-01
9.997288584709167480e-01
9.997469186782836914e-01
9.996668100357055664e-01
9.998645186424255371e-01
9.994207620620727539e-01
9.992443323135375977e-01
9.996822476387023926e-01
9.994457960128784180e-01
9.998025298118591309e-01
9.988280534744262695e-01
9.998907446861267090e-01
9.996731281280517578e-01
9.975091814994812012e-01
9.986000657081604004e-01
9.991682767868041992e-01
9.994133114814758301e-01
9.994367957115173340e-01
9.993962645530700684e-01
9.996808767318725586e-01
9.977434277534484863e-01
9.970271587371826172e-01
9.983328580856323242e-01
9.994919300079345703e-01
9.972110390663146973e-01
9.929007887840270996e-01
9.996393918991088867e-01
9.249624609947204590e-01
9.952436685562133789e-01
9.996344447135925293e-01
9.989256262779235840e-01
9.983101487159729004e-01
9.994734525680541992e-01
9.991504549980163574e-01
9.997926354408264160e-01
9.997744560241699219e-01
9.995857477188110352e-01
9.997075796127319336e-01
9.996932744979858398e-01
9.990643262863159180e-01
9.996175169944763184e-01
9.993426203727722168e-01
9.995563030242919922e-01
9.990946650505065918e-01
9.994025230407714844e-01
9.995614886283874512e-01
9.997443556785583496e-01
9.991626739501953125e-01
9.989907741546630859e-01
9.998177886009216309e-01
9.993079304695129395e-01
9.989522695541381836e-01
9.979227781295776367e-01
9.990676641464233398e-01
9.992052912712097168e-01
9.994705319404602051e-01
9.995142817497253418e-01
9.993437528610229492e-01
9.928292632102966309e-01
9.860213994979858398e-01
9.985054135322570801e-01
9.977216720581054688e-01
9.991003870964050293e-01
9.994142055511474609e-01
9.995698928833007812e-01
9.994225502014160156e-01
9.887714982032775879e-01
9.930604696273803711e-01
9.973385930061340332e-01
9.993643760681152344e-01
9.997645616531372070e-01
9.985988736152648926e-01
9.784697890281677246e-01
9.968824982643127441e-01
9.837545156478881836e-01
9.523686170578002930e-01
9.886114001274108887e-01
9.940602183341979980e-01
9.606256484985351562e-01
9.704399108886718750e-01
9.740024209022521973e-01
9.482805132865905762e-01
7.930322885513305664e-01
3.804540038108825684e-01
9.712406396865844727e-01
9.815212488174438477e-01
9.933615922927856445e-01
9.954821467399597168e-01
9.901861548423767090e-01
9.745154380798339844e-01
9.722955226898193359e-01
9.825675487518310547e-01
9.801744222640991211e-01
9.719004631042480469e-01
9.757226705551147461e-01
9.620265960693359375e-01
9.743291139602661133e-01
8.691465854644775391e-01
8.700659275054931641e-01
3.361015319824218750e-01
7.662964761257171631e-01
7.647013962268829346e-01
6.649680733680725098e-01
9.052564054727554321e-01
7.292890846729278564e-01
7.482898831367492676e-01
6.434442400932312012e-01
6.247738301753997803e-01
5.134424567222595215e-01
4.654604196548461914e-01
7.534852623939514160e-01
5.253614485263824463e-01
6.689245700836181641e-01
4.551222622394561768e-01
4.119830727577209473e-01
2.688466906547546387e-01
2.832196056842803955e-01
3.151127696037292480e-01
3.698118627071380615e-01
4.597591161727905273e-01
3.255304694175720215e-01
2.945004105567932129e-01
2.893704175949096680e-01
3.561648726463317871e-01
3.407675027847290039e-01
2.749448418617248535e-01
3.531715869903564453e-01
4.231908917427062988e-01
3.424096405506134033e-01
3.615007400512695312e-01
2.498568296432495117e-01
3.709143400192260742e-01
2.541561722755432129e-01
3.212291598320007324e-01
3.874966502189636230e-01
4.095295667648315430e-01
2.981494069099426270e-01
3.586963713169097900e-01
3.569959998130798340e-01
4.600281715393066406e-01
4.253340363502502441e-01
4.235293269157409668e-01
4.271341264247894287e-01
4.049234390258789062e-01
3.943822979927062988e-01
3.125109076499938965e-01
3.466576337814331055e-01
3.385185003280639648e-01
3.699753880500793457e-01
3.745894432067871094e-01
4.424846768379211426e-01
4.215736985206604004e-01
4.113864898681640625e-01
4.283363819122314453e-01
4.702102839946746826e-01
4.535626769065856934e-01
3.595264554023742676e-01
