9.961766004562377930e-01
9.970693588256835938e-01
9.985863566398620605e-01
9.985475540161132812e-01
9.996557831764221191e-01
9.971083402633666992e-01
9.954213500022888184e-01
9.989977478981018066e-01
9.861106872558593750e-01
9.900903701782226562e-01
9.963206052780151367e-01
9.993975758552551270e-01
9.998847842216491699e-01
9.986487627029418945e-01
9.979112744331359863e-01
9.995701909065246582e-01
9.993991851806640625e-01
9.998399615287780762e-01
9.998551011085510254e-01
9.998661279678344727e-01
9.998922944068908691e-01
9.988187551498413086e-01
9.983333349227905273e-01
9.998442530632019043e-01
9.999194741249084473e-01
9.999439716339111328e-01
9.998901486396789551e-01
9.999221563339233398e-01
9.998956918716430664e-01
9.998655915260314941e-01
9.999149441719055176e-01
9.999074935913085938e-01
9.999142885208129883e-01
9.999260306358337402e-01
9.999414086341857910e-01
9.999065399169921875e-01
9.998909831047058105e-01
9.997387528419494629e-01
8.078347295522689819e-01
9.926890134811401367e-01
7.715026736259460449e-01
9.483935236930847168e-01
9.981046319007873535e-01
9.823764562606811523e-01
2.771745920181274414e-01
6.892844438552856445e-01
9.011595845222473145e-01
9.924998879432678223e-01
7.811948657035827637e-01
9.643440246582031250e-01
9.933249354362487793e-01
9.620011448860168457e-01
9.808505773544311523e-01
9.871695637702941895e-01
9.834675192832946777e-01
9.997709989547729492e-01
9.996244311332702637e-01
9.998312592506408691e-01
9.993667602539062500e-01
9.991062879562377930e-01
9.997527003288269043e-01
9.996832609176635742e-01
9.991969466209411621e-01
9.989320039749145508e-01
9.998332262039184570e-01
9.984189867973327637e-01
9.977495670318603516e-01
9.965834021568298340e-01
9.993747472763061523e-01
9.993365406990051270e-01
9.994317293167114258e-01
9.994099140167236328e-01
9.998452663421630859e-01
9.997058510780334473e-01
9.994011521339416504e-01
9.997674822807312012e-01
9.998038411140441895e-01
9.996150732040405273e-01
9.997426867485046387e-01
9.988519549369812012e-01
9.997336864471435547e-01
9.929403066635131836e-01
9.934420585632324219e-01
9.996510744094848633e-01
9.997442960739135742e-01
9.998188018798828125e-01
9.996663331985473633e-01
9.989919662475585938e-01
9.998005628585815430e-01
9.996991753578186035e-01
9.997538924217224121e-01
9.995219707489013672e-01
9.996201395988464355e-01
9.984083771705627441e-01
9.996965527534484863e-01
9.995159506797790527e-01
9.990602135658264160e-01
9.996895790100097656e-01
9.791743755340576172e-01
9.989811182022094727e-01
9.994282126426696777e-01
9.994903206825256348e-01
9.990323781967163086e-01
9.994547367095947266e-01
9.994915127754211426e-01
9.997243285179138184e-01
9.995092749595642090e-01
9.998435974121093750e-01
9.992166161537170410e-01
9.992115497589111328e-01
9.991630315780639648e-01
9.991809725761413574e-01
9.996393322944641113e-01
9.996418356895446777e-01
9.989695549011230469e-01
9.998168349266052246e-01
9.988304972648620605e-01
9.865149259567260742e-01
9.992548823356628418e-01
9.394930601119995117e-01
9.459565728902816772e-01
9.961367845535278320e-01
9.965671300888061523e-01
9.767530560493469238e-01
6.290244460105895996e-01
9.894142746925354004e-01
9.984556436538696289e-01
9.854903221130371094e-01
9.088228270411491394e-01
9.955333471298217773e-01
8.777794837951660156e-01
8.849825263023376465e-01
9.132071137428283691e-01
6.676100492477416992e-01
9.329333901405334473e-01
4.013789892196655273e-01
6.821115016937255859e-01
9.860926866531372070e-01
9.942054748535156250e-01
9.278027415275573730e-01
9.903557300567626953e-01
9.912823438644409180e-01
9.893729686737060547e-01
9.033059477806091309e-01
8.109181523323059082e-01
7.931762635707855225e-01
6.931301653385162354e-01
6.906151175498962402e-01
6.711840629577636719e-01
6.945685446262359619e-01
7.549830675125122070e-01
6.420975327491760254e-01
7.500398755073547363e-01
8.705861568450927734e-01
7.124387025833129883e-01
6.894360184669494629e-01
4.743265509605407715e-01
8.166451454162597656e-01
6.034086644649505615e-01
9.019845724105834961e-01
8.330935239791870117e-01
8.174539357423782349e-01
8.214095830917358398e-01
6.135663986206054688e-01
7.534934282302856445e-01
3.280749917030334473e-01
5.247811973094940186e-01
2.983037829399108887e-01
5.325068235397338867e-01
3.275531828403472900e-01
5.859453082084655762e-01
6.184906363487243652e-01
3.831942081451416016e-01
6.312544643878936768e-01
6.453360915184020996e-01
5.136207342147827148e-01
6.550165414810180664e-01
8.184754848480224609e-01
6.727635562419891357e-01
6.472259759902954102e-01
6.926363110542297363e-01
6.759296059608459473e-01
3.747280240058898926e-01
5.224812030792236328e-01
5.025685131549835205e-01
4.997916221618652344e-01
4.303649961948394775e-01
5.735908746719360352e-01
5.561529695987701416e-01
6.030924320220947266e-01
6.104035377502441406e-01
6.081001758575439453e-01
5.817798674106597900e-01
5.879105925559997559e-01
7.376720905303955078e-01
4.997940063476562500e-01
5.485199987888336182e-01
4.099829792976379395e-01
6.462366580963134766e-01
5.220721364021301270e-01
6.689316630363464355e-01
6.550620794296264648e-01
6.616530418395996094e-01
5.393797159194946289e-01
5.349691212177276611e-01
3.462429046630859375e-01
4.469402730464935303e-01
5.866890549659729004e-01
6.041249632835388184e-01
6.737973093986511230e-01
5.674516558647155762e-01
4.819457530975341797e-01
5.332645177841186523e-01
3.516448736190795898e-01
3.965904116630554199e-01
3.696430921554565430e-01
4.660162627696990967e-01
4.382849931716918945e-01
3.727222084999084473e-01
4.048699736595153809e-01
4.051730036735534668e-01
3.842683732509613037e-01
4.037579298019409180e-01
4.673160016536712646e-01
