9.961766004562377930e-01
9.970693588256835938e-01
9.985863566398620605e-01
6.561008989810943604e-01
9.846214652061462402e-01
9.987663626670837402e-01
4.852566421031951904e-01
7.445484995841979980e-01
9.955805540084838867e-01
9.956941008567810059e-01
9.976858496665954590e-01
9.995087981224060059e-01
9.998688101768493652e-01
9.998847842216491699e-01
9.987072944641113281e-01
9.982871413230895996e-01
9.994984865188598633e-01
9.998257160186767578e-01
9.998814463615417480e-01
9.585264921188354492e-01
9.979286193847656250e-01
9.996428489685058594e-01
9.998295903205871582e-01
9.998399615287780762e-01
9.999109506607055664e-01
9.999142289161682129e-01
9.999448657035827637e-01
9.999305605888366699e-01
9.998197555541992188e-01
9.998757839202880859e-01
9.999055266380310059e-01
9.999178051948547363e-01
9.999440312385559082e-01
9.998990893363952637e-01
9.998912811279296875e-01
9.999257326126098633e-01
9.999186992645263672e-01
9.997813701629638672e-01
9.997540116310119629e-01
9.997556209564208984e-01
9.972718358039855957e-01
9.785726070404052734e-01
9.263134002685546875e-01
9.546304345130920410e-01
9.936773777008056641e-01
9.994297623634338379e-01
9.322320818901062012e-01
9.856442809104919434e-01
8.407545089721679688e-01
9.966370463371276855e-01
9.725383520126342773e-01
9.691852927207946777e-01
9.874997138977050781e-01
9.991018772125244141e-01
9.995133280754089355e-01
9.997569918632507324e-01
9.977650642395019531e-01
9.994753003120422363e-01
9.996407032012939453e-01
9.996119141578674316e-01
9.996800422668457031e-01
9.996563196182250977e-01
9.997847676277160645e-01
9.990519285202026367e-01
9.985471963882446289e-01
9.994987845420837402e-01
9.994258284568786621e-01
9.995489120483398438e-01
9.994915127754211426e-01
9.994885921478271484e-01
9.998199343681335449e-01
9.994549155235290527e-01
9.993076920509338379e-01
9.991945028305053711e-01
9.995806813240051270e-01
9.992273449897766113e-01
9.988284111022949219e-01
9.985646009445190430e-01
9.989954233169555664e-01
9.192845821380615234e-01
9.981253147125244141e-01
9.986882805824279785e-01
9.986361861228942871e-01
9.989395737648010254e-01
9.983553290367126465e-01
9.997226595878601074e-01
9.996817111968994141e-01
9.985865950584411621e-01
9.979622364044189453e-01
9.992687106132507324e-01
9.994148015975952148e-01
9.996869564056396484e-01
9.996055364608764648e-01
9.988700151443481445e-01
9.998013377189636230e-01
9.993633031845092773e-01
9.996843338012695312e-01
9.996291995048522949e-01
9.996045827865600586e-01
9.985899925231933594e-01
9.993128776550292969e-01
9.978651404380798340e-01
9.985800981521606445e-01
9.994980096817016602e-01
9.993526339530944824e-01
9.995454549789428711e-01
9.995228648185729980e-01
9.989139437675476074e-01
9.867323637008666992e-01
9.843571186065673828e-01
9.966574311256408691e-01
9.986759424209594727e-01
9.802592396736145020e-01
9.322637915611267090e-01
9.564789533615112305e-01
9.993277788162231445e-01
9.705982804298400879e-01
6.628793776035308838e-01
9.794909358024597168e-01
9.884164929389953613e-01
9.991667866706848145e-01
9.993855357170104980e-01
9.973416924476623535e-01
9.936438202857971191e-01
9.323422908782958984e-01
9.956414103507995605e-01
9.922409653663635254e-01
9.830269217491149902e-01
3.777672648429870605e-01
8.284039497375488281e-01
6.235240101814270020e-01
9.732618927955627441e-01
7.176216542720794678e-01
9.846904277801513672e-01
9.814350008964538574e-01
9.613059759140014648e-01
9.225075244903564453e-01
9.831777811050415039e-01
9.930628538131713867e-01
9.789123535156250000e-01
9.190403223037719727e-01
9.733478426933288574e-01
9.826138019561767578e-01
9.279713034629821777e-01
9.908186793327331543e-01
9.771714806556701660e-01
9.533999562263488770e-01
9.620390534400939941e-01
9.507577419281005859e-01
5.439373254776000977e-01
6.865431368350982666e-01
2.742828726768493652e-01
6.513794958591461182e-01
2.518048286437988281e-01
9.490016102790832520e-01
8.761996626853942871e-01
9.044483900070190430e-01
8.034440279006958008e-01
8.049010038375854492e-01
8.670659065246582031e-01
8.179582357406616211e-01
8.785988837480545044e-01
9.427220225334167480e-01
7.613438367843627930e-01
9.118627309799194336e-01
8.133645057678222656e-01
7.055510878562927246e-01
1.857914328575134277e-01
6.217536628246307373e-01
2.606586813926696777e-01
5.806512236595153809e-01
4.937738776206970215e-01
5.577197968959808350e-01
1.012454032897949219e-01
9.530071616172790527e-01
9.676288962364196777e-01
9.864935874938964844e-01
9.967514872550964355e-01
9.957249164581298828e-01
9.963228702545166016e-01
9.988540410995483398e-01
9.872073531150817871e-01
9.309670925140380859e-01
9.589865803718566895e-01
9.914195537567138672e-01
9.889129996299743652e-01
6.894127130508422852e-01
8.228130936622619629e-01
8.589175939559936523e-01
8.904795050621032715e-01
6.722569465637207031e-01
8.722846060991287231e-01
8.907232880592346191e-01
8.547979593276977539e-01
9.635911583900451660e-01
8.742771744728088379e-01
8.256285786628723145e-01
9.754388928413391113e-01
4.642929732799530029e-01
4.533848166465759277e-01
9.341428279876708984e-01
7.834636569023132324e-01
2.749827504158020020e-01
6.667157411575317383e-01
8.798785805702209473e-01
9.154316410422325134e-01
7.837561368942260742e-01
9.100580215454101562e-01
8.697091937065124512e-01
6.827447414398193359e-01
4.637636542320251465e-01
5.215835571289062500e-01
4.720702767372131348e-01
3.589479923248291016e-01
3.004850745201110840e-01
6.346517801284790039e-01
5.528187155723571777e-01
7.806683182716369629e-01
7.119947671890258789e-01
6.771454811096191406e-01
5.906762480735778809e-01
6.195065379142761230e-01
5.091685056686401367e-01
5.804802179336547852e-01
5.454256534576416016e-01
6.724559962749481201e-01
6.693620681762695312e-01
7.503907084465026855e-01
7.891270518302917480e-01
7.561399936676025391e-01
6.517267525196075439e-01
7.353850007057189941e-01
7.331258058547973633e-01
5.881351530551910400e-01
5.528821349143981934e-01
6.404109895229339600e-01
5.648754239082336426e-01
4.863498210906982422e-01
5.339090824127197266e-01
4.176762700080871582e-01
4.886708259582519531e-01
5.485369563102722168e-01
6.561267077922821045e-01
7.028815746307373047e-01
5.919039249420166016e-01
5.440764725208282471e-01
4.188312590122222900e-01
6.138152778148651123e-01
6.100748777389526367e-01
5.790283083915710449e-01
7.073822915554046631e-01
6.707149446010589600e-01
6.712323427200317383e-01
6.640343666076660156e-01
6.008234322071075439e-01
5.206392407417297363e-01
6.252245008945465088e-01
6.432496011257171631e-01
7.593639492988586426e-01
4.811699390411376953e-01
6.141373515129089355e-01
4.501553177833557129e-01
2.903965413570404053e-01
4.497966170310974121e-01
3.089899420738220215e-01
4.147564768791198730e-01
4.535018205642700195e-01
3.927509188652038574e-01
3.303115367889404297e-01
2.981486916542053223e-01
3.694064915180206299e-01
3.490364253520965576e-01
