9.961766004562377930e-01
2.928562760353088379e-01
4.109065532684326172e-01
8.505931496620178223e-01
9.950274825096130371e-01
9.988708496093750000e-01
9.985769391059875488e-01
9.988923072814941406e-01
9.909592270851135254e-01
9.864619374275207520e-01
9.960792660713195801e-01
9.994250535964965820e-01
9.998773932456970215e-01
9.986487627029418945e-01
9.978906512260437012e-01
9.995633959770202637e-01
9.993893504142761230e-01
9.998386502265930176e-01
9.998543262481689453e-01
9.998669028282165527e-01
9.998931884765625000e-01
9.988116025924682617e-01
9.983333349227905273e-01
9.998440742492675781e-01
9.999190568923950195e-01
9.999438524246215820e-01
9.999094605445861816e-01
9.999223351478576660e-01
9.998949170112609863e-01
9.998644590377807617e-01
9.999360442161560059e-01
9.998766183853149414e-01
9.998730421066284180e-01
9.999251365661621094e-01
9.999169111251831055e-01
9.999275207519531250e-01
9.999231696128845215e-01
9.997866153717041016e-01
9.998871088027954102e-01
9.998813867568969727e-01
9.964475631713867188e-01
6.729741692543029785e-01
9.900050163269042969e-01
5.334480106830596924e-01
9.807766079902648926e-01
9.997067451477050781e-01
9.763172864913940430e-01
2.446711063385009766e-01
8.072199821472167969e-01
9.876393079757690430e-01
9.990090727806091309e-01
9.716423749923706055e-01
9.718814492225646973e-01
9.994063973426818848e-01
9.672782421112060547e-01
9.813910722732543945e-01
9.991372227668762207e-01
9.989226460456848145e-01
9.997804760932922363e-01
9.996470808982849121e-01
9.998457431793212891e-01
9.994228482246398926e-01
9.984546899795532227e-01
9.996487498283386230e-01
9.995885491371154785e-01
9.989819526672363281e-01
9.997244477272033691e-01
9.996553659439086914e-01
9.995312094688415527e-01
9.998222589492797852e-01
9.975184798240661621e-01
9.989672303199768066e-01
9.974188804626464844e-01
9.995679855346679688e-01
9.993432760238647461e-01
9.997352957725524902e-01
9.998281598091125488e-01
6.666993498802185059e-01
9.854995608329772949e-01
9.984092712402343750e-01
9.997675418853759766e-01
9.992031455039978027e-01
9.977373480796813965e-01
9.987570643424987793e-01
9.995077252388000488e-01
9.996901750564575195e-01
9.991001486778259277e-01
9.996579289436340332e-01
9.995089769363403320e-01
9.987202882766723633e-01
9.991841316223144531e-01
9.997282028198242188e-01
9.996930956840515137e-01
9.995011687278747559e-01
9.993789196014404297e-01
9.994634389877319336e-01
9.996283054351806641e-01
9.994581937789916992e-01
9.994438886642456055e-01
9.995346665382385254e-01
9.994890689849853516e-01
9.982825517654418945e-01
9.982746839523315430e-01
9.985179305076599121e-01
9.994362592697143555e-01
9.997813701629638672e-01
9.985492229461669922e-01
9.902459383010864258e-01
9.831794500350952148e-01
9.932127594947814941e-01
9.986326694488525391e-01
9.961991906166076660e-01
9.995846748352050781e-01
9.995573163032531738e-01
9.996861219406127930e-01
9.975561499595642090e-01
9.991002082824707031e-01
9.965865015983581543e-01
9.983036518096923828e-01
9.989652633666992188e-01
9.991993904113769531e-01
9.985485076904296875e-01
9.979854822158813477e-01
9.980342984199523926e-01
9.942732453346252441e-01
7.849492430686950684e-01
8.431233763694763184e-01
9.613845944404602051e-01
9.854450225830078125e-01
9.713954329490661621e-01
9.716548323631286621e-01
9.517481327056884766e-01
9.130329489707946777e-01
9.581844806671142578e-01
7.474789023399353027e-01
8.821987509727478027e-01
8.827726840972900391e-01
9.207408428192138672e-01
9.474287033081054688e-01
7.623642086982727051e-01
9.033557176589965820e-01
8.062078356742858887e-01
8.768516182899475098e-01
8.570615649223327637e-01
9.633367657661437988e-01
7.785823345184326172e-01
8.498813509941101074e-01
8.627170920372009277e-01
8.635169267654418945e-01
5.479525327682495117e-01
8.495841026306152344e-01
9.022676944732666016e-01
8.193878233432769775e-01
8.030462861061096191e-01
8.714849948883056641e-01
8.302684426307678223e-01
7.142435908317565918e-01
7.694023847579956055e-01
6.762661337852478027e-01
7.750943899154663086e-01
5.130456089973449707e-01
4.683250784873962402e-01
6.347563862800598145e-01
8.666055798530578613e-01
7.763829827308654785e-01
7.032186985015869141e-01
8.205899000167846680e-01
5.833736360073089600e-01
6.781727075576782227e-01
5.503810048103332520e-01
4.883961975574493408e-01
8.004587888717651367e-01
4.381074309349060059e-01
7.451485395431518555e-01
4.935625791549682617e-01
4.512854814529418945e-01
4.646885395050048828e-01
6.733181476593017578e-01
2.694270014762878418e-01
4.842700362205505371e-01
4.282337427139282227e-01
4.360148608684539795e-01
3.890570998191833496e-01
5.022521615028381348e-01
4.007513821125030518e-01
5.850895047187805176e-01
4.226007461547851562e-01
5.073380470275878906e-01
4.142165184020996094e-01
3.585973381996154785e-01
2.998233437538146973e-01
2.963358163833618164e-01
3.634794652462005615e-01
3.926095962524414062e-01
3.905972838401794434e-01
3.781831860542297363e-01
3.529275059700012207e-01
5.035701394081115723e-01
4.295665621757507324e-01
4.296999573707580566e-01
3.466016948223114014e-01
3.799142241477966309e-01
3.345462679862976074e-01
4.316585063934326172e-01
4.910765290260314941e-01
6.093845069408416748e-01
4.000309705734252930e-01
4.289179444313049316e-01
3.636302947998046875e-01
3.125663399696350098e-01
4.220881760120391846e-01
2.575626969337463379e-01
3.704622983932495117e-01
3.859899640083312988e-01
3.848266303539276123e-01
3.512963056564331055e-01
4.117429852485656738e-01
4.072512388229370117e-01
3.715769648551940918e-01
3.789991140365600586e-01
4.150868952274322510e-01
4.507803320884704590e-01
4.636659622192382812e-01
5.070977807044982910e-01
4.836106896400451660e-01
4.496830701828002930e-01
4.971366226673126221e-01
3.506963253021240234e-01
3.781577348709106445e-01
4.246644675731658936e-01
3.784923255443572998e-01
