9.961766004562377930e-01
9.970693588256835938e-01
9.985863566398620605e-01
9.985475540161132812e-01
9.996557831764221191e-01
9.997925162315368652e-01
9.964882135391235352e-01
9.971145987510681152e-01
9.997074007987976074e-01
9.997804760932922363e-01
9.998107552528381348e-01
9.998169541358947754e-01
9.998995065689086914e-01
9.999091625213623047e-01
9.998437762260437012e-01
9.956215620040893555e-01
9.987928271293640137e-01
9.998191595077514648e-01
9.998669028282165527e-01
9.644152522087097168e-01
9.978162050247192383e-01
9.996261596679687500e-01
9.995124936103820801e-01
9.998401403427124023e-01
9.999096393585205078e-01
9.999140501022338867e-01
9.999448060989379883e-01
9.999025464057922363e-01
9.999286532402038574e-01
9.998846650123596191e-01
9.998661279678344727e-01
9.999220967292785645e-01
9.999170899391174316e-01
9.999243021011352539e-01
9.999260306358337402e-01
9.999160170555114746e-01
9.999421238899230957e-01
9.881674051284790039e-01
9.960917830467224121e-01
9.929183721542358398e-01
7.928673624992370605e-01
9.836301207542419434e-01
4.742044806480407715e-01
8.103809654712677002e-01
5.549525022506713867e-01
6.386141180992126465e-01
9.291306138038635254e-01
9.908924102783203125e-01
9.976371526718139648e-01
9.994373321533203125e-01
9.996617436408996582e-01
9.998575448989868164e-01
9.993104338645935059e-01
9.991050362586975098e-01
9.996340870857238770e-01
9.996036887168884277e-01
9.996738433837890625e-01
9.996532201766967773e-01
9.998482465744018555e-01
9.994585514068603516e-01
9.991815090179443359e-01
9.996865391731262207e-01
9.996326565742492676e-01
9.994130134582519531e-01
9.992840290069580078e-01
9.996627569198608398e-01
9.997660517692565918e-01
9.995633959770202637e-01
9.935194253921508789e-01
9.974967241287231445e-01
9.989604949951171875e-01
9.989773035049438477e-01
9.993706941604614258e-01
9.940850734710693359e-01
9.925010800361633301e-01
9.992614388465881348e-01
7.905306369066238403e-01
7.747623920440673828e-01
9.589145779609680176e-01
9.977559447288513184e-01
9.984756112098693848e-01
9.994662404060363770e-01
9.996483922004699707e-01
9.997579455375671387e-01
9.997161030769348145e-01
9.997205138206481934e-01
9.997210502624511719e-01
9.996561408042907715e-01
9.997038841247558594e-01
9.996291995048522949e-01
9.993715882301330566e-01
9.995988011360168457e-01
9.996949434280395508e-01
9.997709393501281738e-01
9.996805787086486816e-01
9.994933605194091797e-01
9.993156194686889648e-01
9.998347163200378418e-01
9.969476461410522461e-01
9.991896152496337891e-01
9.992534518241882324e-01
9.996270537376403809e-01
9.997195005416870117e-01
9.998102188110351562e-01
9.993529319763183594e-01
9.996979832649230957e-01
9.918588399887084961e-01
9.951881766319274902e-01
9.855646491050720215e-01
9.993517994880676270e-01
9.987862706184387207e-01
9.997887015342712402e-01
9.988816976547241211e-01
9.958935379981994629e-01
9.980956315994262695e-01
9.951606988906860352e-01
9.993252158164978027e-01
9.990199208259582520e-01
9.996178746223449707e-01
9.995897412300109863e-01
9.986032247543334961e-01
9.266982674598693848e-01
9.658233523368835449e-01
9.966983795166015625e-01
9.926012158393859863e-01
8.859804272651672363e-01
9.901884794235229492e-01
9.975699782371520996e-01
9.984039068222045898e-01
9.834709763526916504e-01
9.877932071685791016e-01
8.179653286933898926e-01
8.859966993331909180e-01
9.570383429527282715e-01
9.974681138992309570e-01
7.311118245124816895e-01
9.662364721298217773e-01
9.638253450393676758e-01
9.930533170700073242e-01
9.858588576316833496e-01
9.855300784111022949e-01
9.946060776710510254e-01
9.904537200927734375e-01
9.745376706123352051e-01
9.592806696891784668e-01
8.090142607688903809e-01
5.886517167091369629e-01
7.918160557746887207e-01
8.234668970108032227e-01
6.823483705520629883e-01
9.272589087486267090e-01
6.339865922927856445e-01
5.086142122745513916e-01
8.378513455390930176e-01
7.017698585987091064e-01
7.043191790580749512e-01
7.521252036094665527e-01
8.838829994201660156e-01
9.494079947471618652e-01
8.135392665863037109e-01
6.435967683792114258e-01
8.944264054298400879e-01
7.974466681480407715e-01
6.260227560997009277e-01
4.101303219795227051e-01
6.251869201660156250e-01
5.403386354446411133e-01
6.499158143997192383e-01
6.192739903926849365e-01
3.811817169189453125e-01
5.557972788810729980e-01
1.419516205787658691e-01
8.449036478996276855e-01
7.489121556282043457e-01
5.717504918575286865e-01
7.580126672983169556e-01
6.401373147964477539e-01
7.279703021049499512e-01
5.292585492134094238e-01
6.468302011489868164e-01
6.875202655792236328e-01
8.934607505798339844e-01
8.447206616401672363e-01
9.177951216697692871e-01
9.110788702964782715e-01
9.228411912918090820e-01
8.481023907661437988e-01
9.602431058883666992e-01
9.327310919761657715e-01
9.426032900810241699e-01
9.401743412017822266e-01
9.625458121299743652e-01
8.791511654853820801e-01
8.037182092666625977e-01
9.402486421167850494e-01
9.732499718666076660e-01
9.890421032905578613e-01
9.908330440521240234e-01
9.922383427619934082e-01
9.954357147216796875e-01
9.893783330917358398e-01
9.748758673667907715e-01
9.868158102035522461e-01
9.900902509689331055e-01
9.470437169075012207e-01
9.465314187109470367e-01
8.982893228530883789e-01
9.233294129371643066e-01
4.643205404281616211e-01
5.499593615531921387e-01
8.260033130645751953e-01
8.974785581231117249e-01
7.716807723045349121e-01
6.973063945770263672e-01
6.725313365459442139e-01
8.193874061107635498e-01
6.400880813598632812e-01
5.368333458900451660e-01
6.621631681919097900e-01
8.554111719131469727e-01
7.606760859489440918e-01
6.445226669311523438e-01
7.525286227464675903e-01
9.071297645568847656e-01
8.096110224723815918e-01
9.417425394058227539e-01
7.823275327682495117e-01
9.275657534599304199e-01
9.196838736534118652e-01
8.475792407989501953e-01
6.523851156234741211e-01
9.248894453048706055e-01
7.319103479385375977e-01
5.235872268676757812e-01
7.859328389167785645e-01
7.423692345619201660e-01
9.318996071815490723e-01
8.361473083496093750e-01
6.269503235816955566e-01
7.858300209045410156e-01
5.560159385204315186e-01
8.239337801933288574e-01
8.009171485900878906e-01
7.185622453689575195e-01
7.147747278213500977e-01
6.735538840293884277e-01
7.025591135025024414e-01
5.625264644622802734e-01
5.760328471660614014e-01
8.015708923339843750e-01
8.253696560859680176e-01
7.222226858139038086e-01
6.605917513370513916e-01
8.125030398368835449e-01
8.742832541465759277e-01
7.461096048355102539e-01
7.709609866142272949e-01
7.062382698059082031e-01
7.167066931724548340e-01
7.224446535110473633e-01
5.394819676876068115e-01
5.113293528556823730e-01
4.932729601860046387e-01
5.604112744331359863e-01
4.866577982902526855e-01
4.389419555664062500e-01
3.698921799659729004e-01
4.288818240165710449e-01
5.333389937877655029e-01
4.272453188896179199e-01
4.955613911151885986e-01
5.388950109481811523e-01
3.847082257270812988e-01
3.151907324790954590e-01
4.911312758922576904e-01
5.309437513351440430e-01
3.760651051998138428e-01
4.229912161827087402e-01
4.789859056472778320e-01
4.508982598781585693e-01
