9.961766004562377930e-01
9.970693588256835938e-01
9.985863566398620605e-01
9.985475540161132812e-01
9.996557831764221191e-01
9.997925162315368652e-01
9.964882135391235352e-01
9.971145987510681152e-01
9.997074007987976074e-01
9.997804760932922363e-01
9.998107552528381348e-01
9.998169541358947754e-01
9.998995065689086914e-01
9.999091625213623047e-01
9.998437762260437012e-01
9.956215620040893555e-01
9.987928271293640137e-01
9.998191595077514648e-01
9.998669028282165527e-01
9.644152522087097168e-01
9.978162050247192383e-01
9.996261596679687500e-01
9.995124936103820801e-01
9.998401403427124023e-01
9.999096393585205078e-01
9.999140501022338867e-01
9.999448060989379883e-01
9.999025464057922363e-01
9.999286532402038574e-01
9.998846650123596191e-01
9.998661279678344727e-01
9.999220967292785645e-01
9.999170899391174316e-01
9.999243021011352539e-01
9.999260306358337402e-01
9.999160170555114746e-01
9.992756843566894531e-01
9.885948896408081055e-01
9.671561717987060547e-01
9.766325354576110840e-01
9.968965053558349609e-01
9.787660837173461914e-01
2.045303732156753540e-01
8.130090832710266113e-01
9.481666088104248047e-01
7.744538635015487671e-01
8.130394816398620605e-01
9.464682936668395996e-01
9.976394176483154297e-01
9.995384216308593750e-01
9.996919035911560059e-01
9.998574256896972656e-01
9.995344281196594238e-01
9.991989135742187500e-01
9.996637701988220215e-01
9.996393918991088867e-01
9.996886253356933594e-01
9.996620416641235352e-01
9.998473525047302246e-01
9.994688630104064941e-01
9.991958141326904297e-01
9.996819496154785156e-01
9.990317225456237793e-01
9.997437000274658203e-01
9.992617964744567871e-01
9.996845126152038574e-01
9.996683001518249512e-01
9.976016879081726074e-01
9.985572695732116699e-01
9.995719790458679199e-01
9.997632503509521484e-01
9.990789294242858887e-01
9.780254960060119629e-01
9.994537234306335449e-01
9.624883532524108887e-01
8.983020782470703125e-01
9.983189105987548828e-01
9.986330270767211914e-01
9.988777637481689453e-01
9.986972212791442871e-01
9.993829131126403809e-01
9.996817111968994141e-01
9.997096657752990723e-01
9.996457695960998535e-01
9.997345209121704102e-01
9.996597170829772949e-01
9.998239278793334961e-01
9.995771050453186035e-01
9.994030594825744629e-01
9.996668100357055664e-01
9.995344877243041992e-01
9.993332624435424805e-01
9.997369647026062012e-01
9.995468258857727051e-01
9.996736645698547363e-01
9.996374249458312988e-01
9.990781545639038086e-01
9.994025230407714844e-01
9.994282126426696777e-01
9.997422099113464355e-01
9.992920756340026855e-01
9.996610283851623535e-01
9.995225071907043457e-01
9.990631937980651855e-01
9.950113892555236816e-01
9.883689284324645996e-01
9.958300590515136719e-01
9.963222742080688477e-01
9.992924332618713379e-01
9.988174438476562500e-01
9.993828535079956055e-01
9.996411800384521484e-01
9.994612932205200195e-01
9.953861832618713379e-01
9.993761777877807617e-01
9.945737123489379883e-01
9.996904134750366211e-01
9.993804693222045898e-01
9.982541799545288086e-01
9.864923954010009766e-01
9.603595733642578125e-01
9.952895045280456543e-01
9.989230036735534668e-01
9.988732933998107910e-01
9.826213121414184570e-01
9.790374636650085449e-01
7.535275071859359741e-01
9.185946583747863770e-01
8.087609857320785522e-01
8.618522882461547852e-01
7.387900948524475098e-01
8.991720676422119141e-01
9.718208909034729004e-01
9.251511096954345703e-01
9.844397902488708496e-01
9.688591957092285156e-01
9.865209460258483887e-01
8.744410276412963867e-01
9.653922915458679199e-01
9.271982312202453613e-01
9.844710826873779297e-01
6.721312999725341797e-01
8.203077316284179688e-01
8.232590556144714355e-01
6.227219104766845703e-01
9.145705699920654297e-01
6.251120865345001221e-01
8.327894210815429688e-01
9.292910099029541016e-01
6.721633076667785645e-01
4.598470926284790039e-01
6.956956386566162109e-01
6.696746349334716797e-01
6.685693860054016113e-01
4.867821931838989258e-01
3.662279844284057617e-01
4.648758769035339355e-01
5.002787411212921143e-01
5.978775620460510254e-01
5.012161433696746826e-01
2.629040479660034180e-01
2.648230195045471191e-01
3.250187635421752930e-01
3.338004350662231445e-01
5.198623239994049072e-01
4.941037297248840332e-01
5.695971846580505371e-01
6.669902801513671875e-01
4.486165046691894531e-01
5.118881165981292725e-01
3.882477283477783203e-01
3.618729710578918457e-01
2.814491093158721924e-01
4.832080602645874023e-01
3.272380232810974121e-01
5.055331885814666748e-01
4.185039997100830078e-01
2.845084667205810547e-01
3.909105658531188965e-01
3.134451508522033691e-01
4.131689667701721191e-01
3.877822160720825195e-01
3.045833110809326172e-01
2.722968459129333496e-01
3.890017271041870117e-01
3.868851959705352783e-01
3.857948780059814453e-01
5.015005767345428467e-01
4.815881252288818359e-01
3.963344693183898926e-01
4.361175894737243652e-01
4.217051267623901367e-01
3.106733560562133789e-01
4.334208667278289795e-01
4.878323674201965332e-01
3.661640882492065430e-01
5.125480294227600098e-01
5.202104747295379639e-01
4.827013611793518066e-01
4.652194082736968994e-01
4.595258235931396484e-01
5.485336482524871826e-01
4.931957125663757324e-01
6.474100947380065918e-01
6.398678421974182129e-01
6.301683783531188965e-01
3.678973913192749023e-01
4.096290469169616699e-01
3.839318156242370605e-01
3.524441719055175781e-01
