9.961766004562377930e-01
9.970693588256835938e-01
9.985863566398620605e-01
9.985475540161132812e-01
9.996557831764221191e-01
9.997925162315368652e-01
9.997665286064147949e-01
9.977559447288513184e-01
9.526036977767944336e-01
9.865272045135498047e-01
9.954460263252258301e-01
9.994695186614990234e-01
9.998782873153686523e-01
9.986348748207092285e-01
9.983296990394592285e-01
9.995701909065246582e-01
9.994032979011535645e-01
9.998399615287780762e-01
9.998552799224853516e-01
9.998674392700195312e-01
9.998931884765625000e-01
9.998800754547119141e-01
9.988817572593688965e-01
9.996901154518127441e-01
9.999222755432128906e-01
9.999418258666992188e-01
9.999086856842041016e-01
9.998809099197387695e-01
9.999186396598815918e-01
9.999431967735290527e-01
9.998909831047058105e-01
9.998785853385925293e-01
9.999108314514160156e-01
9.999121427536010742e-01
9.999247193336486816e-01
9.999168515205383301e-01
9.999395012855529785e-01
9.996351003646850586e-01
9.994601607322692871e-01
9.997451901435852051e-01
9.895422458648681641e-01
9.993963837623596191e-01
9.996861815452575684e-01
9.993572831153869629e-01
9.998656511306762695e-01
9.994544386863708496e-01
9.024109244346618652e-01
9.988428354263305664e-01
9.654360786080360413e-01
9.979444146156311035e-01
9.989320039749145508e-01
9.996901750564575195e-01
9.997349381446838379e-01
9.979171752929687500e-01
9.473303556442260742e-01
9.982438683509826660e-01
9.990050792694091797e-01
9.995757937431335449e-01
9.995489120483398438e-01
9.997429847717285156e-01
9.997413754463195801e-01
9.996231198310852051e-01
9.984872937202453613e-01
9.994336366653442383e-01
9.993676543235778809e-01
9.995233416557312012e-01
9.998126626014709473e-01
9.989837408065795898e-01
9.988715052604675293e-01
9.995406866073608398e-01
9.991319179534912109e-01
9.997301101684570312e-01
9.988067150115966797e-01
9.990419149398803711e-01
9.995297193527221680e-01
9.966284036636352539e-01
9.989134073257446289e-01
9.993163347244262695e-01
9.990411400794982910e-01
9.875984191894531250e-01
9.974656105041503906e-01
9.994388818740844727e-01
9.996541738510131836e-01
9.998261332511901855e-01
9.997933506965637207e-01
9.998171329498291016e-01
9.996076226234436035e-01
9.996119141578674316e-01
9.968591928482055664e-01
9.991527795791625977e-01
9.996730089187622070e-01
9.995865821838378906e-01
9.998038411140441895e-01
9.994117021560668945e-01
9.994777441024780273e-01
9.997872710227966309e-01
9.994457960128784180e-01
9.996640682220458984e-01
9.989277720451354980e-01
9.996402263641357422e-01
9.995179176330566406e-01
9.994412064552307129e-01
9.997318983078002930e-01
9.996336698532104492e-01
9.995583295822143555e-01
9.985455870628356934e-01
9.989463686943054199e-01
9.995976090431213379e-01
9.988903999328613281e-01
9.791586399078369141e-01
9.763741493225097656e-01
9.674422740936279297e-01
9.975163340568542480e-01
9.986878037452697754e-01
9.994519948959350586e-01
9.993411898612976074e-01
9.930490255355834961e-01
9.990586042404174805e-01
9.985279440879821777e-01
9.991999864578247070e-01
9.998056888580322266e-01
9.994345307350158691e-01
9.979776144027709961e-01
5.195989906787872314e-01
9.448609352111816406e-01
9.439274072647094727e-01
8.294517099857330322e-01
9.050039649009704590e-01
9.873569607734680176e-01
9.747175574302673340e-01
9.898192882537841797e-01
9.637696146965026855e-01
9.908660054206848145e-01
9.366081953048706055e-01
9.807422161102294922e-01
9.067605286836624146e-01
9.722777605056762695e-01
9.860876202583312988e-01
9.641894698143005371e-01
9.220855832099914551e-01
9.169636964797973633e-01
8.773706555366516113e-01
8.195899128913879395e-01
9.566309452056884766e-01
9.421735405921936035e-01
8.625342249870300293e-01
6.514748930931091309e-01
4.558638930320739746e-01
7.953819036483764648e-01
7.066385746002197266e-01
8.510439395904541016e-01
9.135308861732482910e-01
6.851353645324707031e-01
7.859094738960266113e-01
3.855171799659729004e-01
6.111561059951782227e-01
1.933538913726806641e-01
3.986957669258117676e-01
3.630962371826171875e-01
4.359634518623352051e-01
5.712429285049438477e-01
3.303459286689758301e-01
6.464827954769134521e-01
4.599133729934692383e-01
5.519665777683258057e-01
4.134036302566528320e-01
4.821753203868865967e-01
5.044547915458679199e-01
2.598481178283691406e-01
3.782297670841217041e-01
3.967986404895782471e-01
2.924628853797912598e-01
3.155922293663024902e-01
4.102653861045837402e-01
2.306026816368103027e-01
3.487534821033477783e-01
3.557325005531311035e-01
3.504824042320251465e-01
2.668415009975433350e-01
2.848241925239562988e-01
3.482844829559326172e-01
2.480782717466354370e-01
3.142530024051666260e-01
2.230181694030761719e-01
2.797049880027770996e-01
4.400739073753356934e-01
3.390296101570129395e-01
4.262365698814392090e-01
3.870805501937866211e-01
4.802356958389282227e-01
5.794698596000671387e-01
5.622180700302124023e-01
5.169470310211181641e-01
5.141355395317077637e-01
5.496587157249450684e-01
4.848076701164245605e-01
6.093924641609191895e-01
4.887840151786804199e-01
4.271108508110046387e-01
5.057440400123596191e-01
3.990428149700164795e-01
5.124437808990478516e-01
3.918668627738952637e-01
5.828260183334350586e-01
4.492977857589721680e-01
4.570609033107757568e-01
3.666812777519226074e-01
3.944952189922332764e-01
5.033189058303833008e-01
4.705957770347595215e-01
5.074318647384643555e-01
4.970483779907226562e-01
