9.961766004562377930e-01
9.970693588256835938e-01
9.985863566398620605e-01
6.561008989810943604e-01
9.846214652061462402e-01
9.987663626670837402e-01
4.852566719055175781e-01
7.445484995841979980e-01
9.955805540084838867e-01
9.956941008567810059e-01
9.976858496665954590e-01
9.995087981224060059e-01
9.998688101768493652e-01
9.998847842216491699e-01
9.987072944641113281e-01
9.982871413230895996e-01
9.994984865188598633e-01
9.998257160186767578e-01
9.998814463615417480e-01
9.585264921188354492e-01
9.979286193847656250e-01
9.996428489685058594e-01
9.998295903205871582e-01
9.998399615287780762e-01
9.999109506607055664e-01
9.999142289161682129e-01
9.999448657035827637e-01
9.999305605888366699e-01
9.998197555541992188e-01
9.998757839202880859e-01
9.999055266380310059e-01
9.999178051948547363e-01
9.999440312385559082e-01
9.999418854713439941e-01
9.999035596847534180e-01
9.998966455459594727e-01
9.999222755432128906e-01
9.997323155403137207e-01
8.683731555938720703e-01
9.904291629791259766e-01
9.989987015724182129e-01
9.825883507728576660e-01
9.905800819396972656e-01
7.784621715545654297e-01
9.801687598228454590e-01
9.994708299636840820e-01
6.811470985412597656e-01
9.912040233612060547e-01
8.094387352466583252e-01
9.969326853752136230e-01
9.988579750061035156e-01
9.993686079978942871e-01
9.995681643486022949e-01
9.994155168533325195e-01
9.996483922004699707e-01
9.998587369918823242e-01
9.998501539230346680e-01
9.993722438812255859e-01
9.992192983627319336e-01
9.996748566627502441e-01
9.996389150619506836e-01
9.996978640556335449e-01
9.998084306716918945e-01
9.997627735137939453e-01
9.991957545280456543e-01
9.985553026199340820e-01
9.992248415946960449e-01
9.987663626670837402e-01
9.994289278984069824e-01
9.992391467094421387e-01
9.996681213378906250e-01
9.998329281806945801e-01
9.993394613265991211e-01
9.995884299278259277e-01
9.994030594825744629e-01
9.997543692588806152e-01
9.997256398200988770e-01
9.994001984596252441e-01
9.989243149757385254e-01
9.995192289352416992e-01
9.997025728225708008e-01
9.997982382774353027e-01
9.997726678848266602e-01
9.997010231018066406e-01
9.997295737266540527e-01
9.998423457145690918e-01
9.994423985481262207e-01
9.996681213378906250e-01
9.992154836654663086e-01
9.998143911361694336e-01
9.997127652168273926e-01
9.996362328529357910e-01
9.996904134750366211e-01
9.995606541633605957e-01
9.997302293777465820e-01
9.996659159660339355e-01
9.997457861900329590e-01
9.996581077575683594e-01
9.990630149841308594e-01
9.963536262512207031e-01
9.996856451034545898e-01
9.996198415756225586e-01
9.991638660430908203e-01
9.997004866600036621e-01
9.993921518325805664e-01
9.992855191230773926e-01
9.983515739440917969e-01
9.946092367172241211e-01
9.938542842864990234e-01
9.989817142486572266e-01
9.980303049087524414e-01
9.996428489685058594e-01
9.997444748878479004e-01
9.991675019264221191e-01
9.971179366111755371e-01
9.994151592254638672e-01
9.971815943717956543e-01
9.997062683105468750e-01
9.994351267814636230e-01
9.733827710151672363e-01
9.956006407737731934e-01
9.481822848320007324e-01
7.110939621925354004e-01
9.760828930884599686e-01
9.810316562652587891e-01
9.973428249359130859e-01
9.983413815498352051e-01
9.808731079101562500e-01
7.737982869148254395e-01
9.597727991640567780e-01
9.944338798522949219e-01
9.006175994873046875e-01
9.493069052696228027e-01
9.431878328323364258e-01
9.779976010322570801e-01
4.082626104354858398e-01
9.410358071327209473e-01
9.292502552270889282e-01
7.712244987487792969e-01
6.912001371383666992e-01
9.846768975257873535e-01
9.529110789299011230e-01
9.851664304733276367e-01
9.763833880424499512e-01
9.342007040977478027e-01
7.539263963699340820e-01
8.062798976898193359e-01
7.501122355461120605e-01
5.805129408836364746e-01
3.380633294582366943e-01
5.165463387966156006e-01
4.932862818241119385e-01
2.617033720016479492e-01
3.798551559448242188e-01
5.651332139968872070e-01
3.880855739116668701e-01
4.506912529468536377e-01
4.550325274467468262e-01
6.123400330543518066e-01
5.140907466411590576e-01
5.778348445892333984e-01
5.538944602012634277e-01
5.131100416183471680e-01
5.804974436759948730e-01
5.757954120635986328e-01
3.555070161819458008e-01
3.485756516456604004e-01
2.439597845077514648e-01
2.509242296218872070e-01
2.164573669433593750e-01
3.821663856506347656e-01
3.394074440002441406e-01
3.700003027915954590e-01
3.471765518188476562e-01
2.545217871665954590e-01
2.275789976119995117e-01
2.393940091133117676e-01
1.591918468475341797e-01
3.160550892353057861e-01
3.600486516952514648e-01
2.403402924537658691e-01
3.014342188835144043e-01
3.382044434547424316e-01
3.471452593803405762e-01
3.271026015281677246e-01
3.013207316398620605e-01
3.505227565765380859e-01
4.956223368644714355e-01
4.271560609340667725e-01
4.359364509582519531e-01
4.685626626014709473e-01
3.606758415699005127e-01
3.978528380393981934e-01
3.376363515853881836e-01
4.398418068885803223e-01
4.810938835144042969e-01
4.867044091224670410e-01
