9.961766004562377930e-01
9.970693588256835938e-01
9.985863566398620605e-01
9.985475540161132812e-01
9.996557831764221191e-01
9.997925162315368652e-01
9.997665286064147949e-01
9.977559447288513184e-01
9.526036977767944336e-01
9.865272045135498047e-01
9.954460263252258301e-01
9.994695186614990234e-01
9.998782873153686523e-01
9.986348748207092285e-01
9.983296990394592285e-01
9.995701909065246582e-01
9.994032979011535645e-01
9.998399615287780762e-01
9.998552799224853516e-01
9.998674392700195312e-01
9.990633130073547363e-01
9.981633424758911133e-01
9.995137453079223633e-01
9.998294711112976074e-01
9.999225735664367676e-01
9.999373555183410645e-01
9.998974800109863281e-01
9.999075531959533691e-01
9.999225735664367676e-01
9.999395608901977539e-01
9.998909831047058105e-01
9.998785853385925293e-01
9.999203681945800781e-01
9.999205470085144043e-01
9.999247193336486816e-01
9.999168515205383301e-01
9.999395012855529785e-01
9.996351003646850586e-01
6.241776943206787109e-01
9.903351068496704102e-01
9.970304965972900391e-01
9.939204454421997070e-01
9.996575117111206055e-01
9.996913671493530273e-01
9.998599886894226074e-01
9.994590282440185547e-01
9.972726702690124512e-01
9.992619156837463379e-01
9.995433688163757324e-01
9.998691082000732422e-01
9.969807267189025879e-01
9.995251297950744629e-01
9.997521042823791504e-01
9.996739625930786133e-01
9.986725449562072754e-01
9.985485672950744629e-01
9.995122551918029785e-01
9.993872046470642090e-01
9.996938705444335938e-01
9.998552799224853516e-01
9.993833899497985840e-01
9.993256330490112305e-01
9.994608163833618164e-01
9.994032979011535645e-01
9.994121789932250977e-01
9.993656277656555176e-01
9.997658729553222656e-01
9.997964501380920410e-01
9.992982149124145508e-01
9.990888237953186035e-01
9.987280964851379395e-01
9.991271495819091797e-01
9.997364878654479980e-01
9.969407916069030762e-01
9.984079599380493164e-01
9.987797737121582031e-01
8.903073072433471680e-01
9.904457926750183105e-01
9.983440041542053223e-01
9.980917572975158691e-01
9.993389844894409180e-01
9.997642636299133301e-01
9.996617436408996582e-01
9.997972846031188965e-01
9.997566342353820801e-01
9.997134804725646973e-01
9.997754096984863281e-01
9.997308850288391113e-01
9.997257590293884277e-01
9.996782541275024414e-01
9.997017979621887207e-01
9.996122717857360840e-01
9.998212456703186035e-01
9.996852874755859375e-01
9.998022317886352539e-01
9.991648197174072266e-01
9.983088374137878418e-01
9.994429349899291992e-01
9.968824982643127441e-01
9.981383681297302246e-01
9.993043541908264160e-01
9.993439316749572754e-01
9.996649026870727539e-01
9.996993541717529297e-01
9.989460706710815430e-01
9.996566772460937500e-01
9.990630149841308594e-01
9.958209395408630371e-01
9.975509047508239746e-01
9.983682036399841309e-01
9.981132745742797852e-01
9.996708631515502930e-01
9.992439150810241699e-01
9.972960352897644043e-01
9.978643655776977539e-01
9.983316659927368164e-01
9.865217804908752441e-01
9.992552995681762695e-01
9.988484978675842285e-01
9.996592402458190918e-01
9.992465972900390625e-01
9.985182285308837891e-01
9.595893025398254395e-01
9.948787689208984375e-01
9.376028776168823242e-01
9.905619025230407715e-01
4.712773561477661133e-01
9.858916997909545898e-01
4.255164265632629395e-01
8.167965859174728394e-01
9.098843932151794434e-01
3.707039952278137207e-01
9.708428978919982910e-01
9.946374297142028809e-01
9.895778894424438477e-01
9.933983683586120605e-01
9.830046296119689941e-01
9.719544053077697754e-01
9.960442185401916504e-01
9.879544377326965332e-01
9.838231205940246582e-01
9.954878687858581543e-01
9.962162971496582031e-01
9.954026937484741211e-01
9.736312031745910645e-01
9.688706398010253906e-01
8.762344717979431152e-01
8.492593169212341309e-01
9.397172927856445312e-01
7.065706849098205566e-01
9.158442616462707520e-01
7.719386965036392212e-01
8.002868294715881348e-01
8.534678220748901367e-01
7.903269529342651367e-01
6.714506149291992188e-01
9.167257547378540039e-01
8.544568419456481934e-01
9.551413655281066895e-01
9.142636656761169434e-01
9.163486361503601074e-01
9.350959658622741699e-01
8.503279089927673340e-01
5.591392517089843750e-01
6.528631746768951416e-01
6.121039986610412598e-01
4.559403359889984131e-01
4.528431296348571777e-01
5.644528567790985107e-01
3.380300998687744141e-01
6.555277109146118164e-01
5.627290010452270508e-01
5.973138213157653809e-01
7.029563188552856445e-01
5.731890499591827393e-01
5.681601166725158691e-01
4.689489006996154785e-01
5.377395153045654297e-01
4.681137204170227051e-01
5.821867585182189941e-01
5.120445489883422852e-01
5.960845947265625000e-01
5.913206040859222412e-01
6.346583366394042969e-01
6.248560249805450439e-01
5.311995148658752441e-01
3.861832320690155029e-01
4.267352819442749023e-01
4.571150839328765869e-01
3.400566577911376953e-01
4.737366437911987305e-01
5.220766663551330566e-01
5.704413652420043945e-01
5.154533386230468750e-01
5.244013071060180664e-01
4.834767878055572510e-01
5.287266969680786133e-01
4.456562101840972900e-01
5.145508050918579102e-01
4.937471449375152588e-01
4.556055665016174316e-01
5.356298685073852539e-01
5.282815098762512207e-01
5.428761839866638184e-01
