9.961766004562377930e-01
9.970693588256835938e-01
4.997427463531494141e-01
5.682862997055053711e-01
9.958591461181640625e-01
9.985280632972717285e-01
6.148992180824279785e-01
6.979869604110717773e-01
9.952147006988525391e-01
9.967195391654968262e-01
9.970041513442993164e-01
9.995087981224060059e-01
9.998688101768493652e-01
9.988847970962524414e-01
9.980537891387939453e-01
9.995005726814270020e-01
9.993952512741088867e-01
9.998386502265930176e-01
9.998552799224853516e-01
9.998674392700195312e-01
9.998931884765625000e-01
9.988335967063903809e-01
9.996978044509887695e-01
9.998462200164794922e-01
9.999194741249084473e-01
9.999439716339111328e-01
9.999247193336486816e-01
9.991229176521301270e-01
9.998873472213745117e-01
9.999051690101623535e-01
9.999077916145324707e-01
9.999374151229858398e-01
9.999344944953918457e-01
9.999029040336608887e-01
9.998949170112609863e-01
9.999221563339233398e-01
9.999186992645263672e-01
9.997780323028564453e-01
9.883300662040710449e-01
9.893167614936828613e-01
9.990285634994506836e-01
9.996010661125183105e-01
9.934349060058593750e-01
9.912402033805847168e-01
9.996097683906555176e-01
9.982234239578247070e-01
9.997767210006713867e-01
9.896064400672912598e-01
9.956553578376770020e-01
9.979442358016967773e-01
9.966767430305480957e-01
9.990914463996887207e-01
9.989964365959167480e-01
9.995571970939636230e-01
9.997933506965637207e-01
9.992550015449523926e-01
9.991966485977172852e-01
9.996932744979858398e-01
9.996644854545593262e-01
9.996715188026428223e-01
9.995264410972595215e-01
9.998344182968139648e-01
9.991566538810729980e-01
9.984472393989562988e-01
9.994636178016662598e-01
9.994072914123535156e-01
9.995229840278625488e-01
9.995489120483398438e-01
9.995196461677551270e-01
9.998012185096740723e-01
9.990993738174438477e-01
9.985105991363525391e-01
9.997839927673339844e-01
9.987289309501647949e-01
9.416090846061706543e-01
9.356371760368347168e-01
9.995892643928527832e-01
9.996362328529357910e-01
6.423848867416381836e-01
9.083886742591857910e-01
9.915479421615600586e-01
9.996206164360046387e-01
9.980680346488952637e-01
9.982935786247253418e-01
9.996485710144042969e-01
9.995487928390502930e-01
9.997384548187255859e-01
9.996679425239562988e-01
9.997638463973999023e-01
9.997257590293884277e-01
9.998100996017456055e-01
9.995296597480773926e-01
9.993377327919006348e-01
9.985213875770568848e-01
9.994919300079345703e-01
9.996137022972106934e-01
9.997047781944274902e-01
9.994445443153381348e-01
9.989774823188781738e-01
9.984917044639587402e-01
9.993661046028137207e-01
9.994008541107177734e-01
9.988135695457458496e-01
9.994537234306335449e-01
9.632431268692016602e-01
9.924671053886413574e-01
9.988678097724914551e-01
9.977993369102478027e-01
9.914407730102539062e-01
9.989477992057800293e-01
9.977498650550842285e-01
9.986586570739746094e-01
9.980639219284057617e-01
9.972733855247497559e-01
9.996272325515747070e-01
9.986448884010314941e-01
9.953424930572509766e-01
9.984322190284729004e-01
9.990307092666625977e-01
9.997317194938659668e-01
9.870336651802062988e-01
9.982690215110778809e-01
9.446898102760314941e-01
9.059305787086486816e-01
9.940679073333740234e-01
8.855988383293151855e-01
9.821596741676330566e-01
9.966222047805786133e-01
9.965526461601257324e-01
9.958720207214355469e-01
9.973015785217285156e-01
9.897227287292480469e-01
9.969267845153808594e-01
9.892809391021728516e-01
9.963113665580749512e-01
9.652443937957286835e-01
9.925438165664672852e-01
9.973145723342895508e-01
9.861928224563598633e-01
9.927023649215698242e-01
9.762881994247436523e-01
9.974842071533203125e-01
9.832752943038940430e-01
9.618576169013977051e-01
7.950009703636169434e-01
6.478063464164733887e-01
5.832916498184204102e-01
5.091390311717987061e-01
7.271365821361541748e-01
8.111035823822021484e-01
5.138297080993652344e-01
5.658794939517974854e-01
6.619921922683715820e-01
6.784846782684326172e-01
5.347599983215332031e-01
4.743769168853759766e-01
4.867867827415466309e-01
3.990570306777954102e-01
2.897315621376037598e-01
3.779915571212768555e-01
5.955874621868133545e-01
6.231120228767395020e-01
3.698931932449340820e-01
3.253557085990905762e-01
3.720251917839050293e-01
3.523091077804565430e-01
2.780109047889709473e-01
2.539464831352233887e-01
3.357318341732025146e-01
3.593117594718933105e-01
2.769417762756347656e-01
3.182897567749023438e-01
3.408648967742919922e-01
2.612949013710021973e-01
2.811828851699829102e-01
3.660669326782226562e-01
2.656622529029846191e-01
3.596569895744323730e-01
3.503535389900207520e-01
2.942809462547302246e-01
3.104035854339599609e-01
2.386416196823120117e-01
3.092015385627746582e-01
2.041974663734436035e-01
2.499724626541137695e-01
2.446427345275878906e-01
2.312388420104980469e-01
3.690683245658874512e-01
4.330523610115051270e-01
4.766188263893127441e-01
4.181453883647918701e-01
4.243538975715637207e-01
3.656571507453918457e-01
3.171717524528503418e-01
4.610587954521179199e-01
3.614789843559265137e-01
3.955355286598205566e-01
4.506726861000061035e-01
4.834485650062561035e-01
4.208335876464843750e-01
4.005985260009765625e-01
3.556646406650543213e-01
4.205487370491027832e-01
3.361527323722839355e-01
