9.961766004562377930e-01
9.970693588256835938e-01
9.985863566398620605e-01
6.561008989810943604e-01
9.846214652061462402e-01
9.987663626670837402e-01
4.852566719055175781e-01
7.445484995841979980e-01
9.955805540084838867e-01
9.956941008567810059e-01
9.976858496665954590e-01
9.995087981224060059e-01
9.998688101768493652e-01
9.998847842216491699e-01
9.987072944641113281e-01
9.982871413230895996e-01
9.994984865188598633e-01
9.998257160186767578e-01
9.998814463615417480e-01
9.585264921188354492e-01
9.979286193847656250e-01
9.996428489685058594e-01
9.998295903205871582e-01
9.998399615287780762e-01
9.999109506607055664e-01
9.999142289161682129e-01
9.999448657035827637e-01
9.999305605888366699e-01
9.998197555541992188e-01
9.998757839202880859e-01
9.999055266380310059e-01
9.999178051948547363e-01
9.999440312385559082e-01
9.999418854713439941e-01
9.999035596847534180e-01
9.998966455459594727e-01
9.999222755432128906e-01
9.997323155403137207e-01
8.683732002973556519e-01
9.898205399513244629e-01
9.771508574485778809e-01
9.858723282814025879e-01
9.975726008415222168e-01
9.996530413627624512e-01
9.830892086029052734e-01
3.852101564407348633e-01
8.159557580947875977e-01
9.962670207023620605e-01
8.667777180671691895e-01
9.983406662940979004e-01
9.994364976882934570e-01
9.995016455650329590e-01
9.994739890098571777e-01
9.996343851089477539e-01
9.996423721313476562e-01
9.998557567596435547e-01
9.993467330932617188e-01
9.991744160652160645e-01
9.996777772903442383e-01
9.994355440139770508e-01
9.998072981834411621e-01
9.988002777099609375e-01
9.998653531074523926e-01
9.996857047080993652e-01
9.976735711097717285e-01
9.986706972122192383e-01
9.991990923881530762e-01
9.993098378181457520e-01
9.992265105247497559e-01
9.988107681274414062e-01
9.997416734695434570e-01
9.990102648735046387e-01
9.963763356208801270e-01
9.996265769004821777e-01
9.917493462562561035e-01
9.975292682647705078e-01
9.991978406906127930e-01
9.997534155845642090e-01
9.996971487998962402e-01
9.989452362060546875e-01
9.946544766426086426e-01
9.987243413925170898e-01
9.988948702812194824e-01
9.985991120338439941e-01
9.982959032058715820e-01
9.994741082191467285e-01
9.975733160972595215e-01
9.931976795196533203e-01
9.985588788986206055e-01
9.987072944641113281e-01
9.987437129020690918e-01
9.990567564964294434e-01
9.996405839920043945e-01
9.995596408843994141e-01
9.996305108070373535e-01
9.992532134056091309e-01
9.993472099304199219e-01
9.992824196815490723e-01
9.994733333587646484e-01
9.984226822853088379e-01
9.954867362976074219e-01
9.992294907569885254e-01
9.995535612106323242e-01
9.987456202507019043e-01
9.990099072456359863e-01
9.986796379089355469e-01
9.988102912902832031e-01
9.975876212120056152e-01
9.995971322059631348e-01
9.993990659713745117e-01
9.995799064636230469e-01
9.985650181770324707e-01
9.964566230773925781e-01
9.991902112960815430e-01
9.988508820533752441e-01
9.995955228805541992e-01
9.991441369056701660e-01
9.937884807586669922e-01
9.985340237617492676e-01
9.986581802368164062e-01
9.996515512466430664e-01
9.990816116333007812e-01
9.229735136032104492e-01
9.659745693206787109e-01
9.963266849517822266e-01
9.860692024230957031e-01
9.445877075195312500e-01
9.639064669609069824e-01
9.910674095153808594e-01
9.972146749496459961e-01
9.954109787940979004e-01
9.524450302124023438e-01
9.950435161590576172e-01
8.330557495355606079e-01
7.840912342071533203e-01
9.875926375389099121e-01
9.659609198570251465e-01
9.794452190399169922e-01
9.985358119010925293e-01
9.884032011032104492e-01
9.879150390625000000e-01
9.885441660881042480e-01
9.948512315750122070e-01
9.745188355445861816e-01
9.799736738204956055e-01
8.374286293983459473e-01
9.524007439613342285e-01
6.776778697967529297e-01
9.423977732658386230e-01
8.294964432716369629e-01
6.953774094581604004e-01
5.202302336692810059e-01
4.735137820243835449e-01
7.913547158241271973e-01
8.679364919662475586e-01
4.718904495239257812e-01
5.347887873649597168e-01
5.739455223083496094e-01
6.176164746284484863e-01
3.590084314346313477e-01
5.726184844970703125e-01
5.920453369617462158e-01
5.384800434112548828e-01
4.952310919761657715e-01
3.444860577583312988e-01
3.731815814971923828e-01
3.203381896018981934e-01
2.826827764511108398e-01
4.478702545166015625e-01
3.413489460945129395e-01
4.291870594024658203e-01
4.053094983100891113e-01
4.388820528984069824e-01
4.302434027194976807e-01
3.447442054748535156e-01
2.788838744163513184e-01
2.955454587936401367e-01
3.345546722412109375e-01
3.383530378341674805e-01
3.410622477531433105e-01
3.253524303436279297e-01
2.653706967830657959e-01
2.903245687484741211e-01
3.049714565277099609e-01
2.978666126728057861e-01
3.608969449996948242e-01
2.578686177730560303e-01
3.746065497398376465e-01
4.290834069252014160e-01
3.615213930606842041e-01
3.328915834426879883e-01
3.168743848800659180e-01
3.052361607551574707e-01
4.714177548885345459e-01
4.332005381584167480e-01
4.573750495910644531e-01
3.395774364471435547e-01
3.489170968532562256e-01
3.637796640396118164e-01
3.835833966732025146e-01
4.253146052360534668e-01
4.126044809818267822e-01
5.748070478439331055e-01
4.741013050079345703e-01
4.752338528633117676e-01
5.004260838031768799e-01
5.645595192909240723e-01
4.169813990592956543e-01
5.026805996894836426e-01
4.899615943431854248e-01
5.762503743171691895e-01
5.010710358619689941e-01
