9.961766004562377930e-01
9.970693588256835938e-01
4.997427463531494141e-01
5.682862997055053711e-01
9.958591461181640625e-01
9.985280632972717285e-01
6.148992180824279785e-01
6.979869604110717773e-01
9.952147006988525391e-01
9.967195391654968262e-01
9.970041513442993164e-01
9.995087981224060059e-01
9.998688101768493652e-01
9.998848438262939453e-01
9.987072944641113281e-01
9.982758164405822754e-01
9.994968175888061523e-01
9.998260140419006348e-01
9.998820424079895020e-01
9.633339047431945801e-01
9.978017807006835938e-01
9.996408820152282715e-01
9.998307824134826660e-01
9.998425841331481934e-01
9.999104738235473633e-01
9.999142885208129883e-01
9.999451041221618652e-01
9.999305605888366699e-01
9.998201131820678711e-01
9.998764395713806152e-01
9.999051690101623535e-01
9.999387264251708984e-01
9.999440312385559082e-01
9.999418854713439941e-01
9.999033808708190918e-01
9.998969435691833496e-01
9.999222755432128906e-01
9.997289180755615234e-01
8.708882331848144531e-01
9.901141524314880371e-01
9.989413022994995117e-01
9.996549487113952637e-01
9.930874705314636230e-01
9.315714240074157715e-01
9.807318449020385742e-01
9.992634654045104980e-01
8.593561649322509766e-01
9.922401309013366699e-01
7.207896709442138672e-01
9.975574016571044922e-01
9.309768080711364746e-01
9.663193225860595703e-01
9.861392378807067871e-01
9.885289669036865234e-01
9.996939301490783691e-01
9.789847731590270996e-01
9.967579245567321777e-01
9.997636079788208008e-01
9.995920062065124512e-01
9.996738433837890625e-01
9.996507167816162109e-01
9.998443722724914551e-01
9.990159869194030762e-01
9.985007047653198242e-01
9.996535181999206543e-01
9.995900988578796387e-01
9.990462064743041992e-01
9.997323751449584961e-01
9.996637701988220215e-01
9.995354413986206055e-01
9.998222589492797852e-01
9.974893331527709961e-01
9.996057152748107910e-01
9.974657893180847168e-01
9.979223608970642090e-01
9.987612366676330566e-01
9.809930920600891113e-01
8.142518699169158936e-01
8.608749359846115112e-01
9.809557199478149414e-01
9.996050596237182617e-01
9.996445178985595703e-01
9.978978037834167480e-01
9.971700310707092285e-01
9.993100762367248535e-01
9.997057318687438965e-01
9.994364380836486816e-01
9.996358156204223633e-01
9.973356127738952637e-01
9.967258572578430176e-01
9.980822205543518066e-01
9.997437000274658203e-01
9.997395873069763184e-01
9.995744228363037109e-01
9.994340538978576660e-01
9.996322989463806152e-01
9.993380308151245117e-01
9.996337890625000000e-01
9.976841211318969727e-01
9.987399578094482422e-01
9.984660744667053223e-01
9.996866583824157715e-01
9.989493489265441895e-01
9.993900060653686523e-01
9.989985823631286621e-01
9.994966983795166016e-01
9.990814924240112305e-01
9.995645880699157715e-01
7.131438851356506348e-01
9.876099228858947754e-01
9.972404837608337402e-01
9.962440729141235352e-01
9.975697994232177734e-01
9.995000958442687988e-01
9.995036125183105469e-01
9.995770454406738281e-01
9.955593347549438477e-01
9.961795806884765625e-01
9.992722868919372559e-01
9.989580512046813965e-01
9.779055118560791016e-01
7.597633600234985352e-01
8.282322883605957031e-01
9.314583539962768555e-01
8.698272705078125000e-01
8.660380244255065918e-01
9.212629795074462891e-01
9.817385692149400711e-01
8.964924812316894531e-01
8.518648147583007812e-01
8.824226260185241699e-01
7.360129356384277344e-01
8.893179297447204590e-01
6.647480726242065430e-01
8.130961656570434570e-01
7.187563776969909668e-01
9.095927476882934570e-01
9.822403788566589355e-01
9.213582277297973633e-01
9.337545037269592285e-01
9.356232881546020508e-01
9.868531823158264160e-01
9.187920689582824707e-01
9.507481455802917480e-01
8.086739182472229004e-01
8.610218018293380737e-01
7.362346649169921875e-01
6.031716465950012207e-01
5.982171893119812012e-01
7.024310231208801270e-01
4.333048760890960693e-01
5.618323087692260742e-01
7.484937906265258789e-01
5.615425109863281250e-01
5.941591262817382812e-01
5.234959721565246582e-01
4.839106798171997070e-01
5.695795416831970215e-01
3.638147115707397461e-01
4.925330281257629395e-01
6.492127776145935059e-01
6.705712080001831055e-01
7.000115513801574707e-01
5.850828289985656738e-01
5.715119838714599609e-01
4.298466145992279053e-01
4.121587574481964111e-01
4.239137768745422363e-01
2.967552542686462402e-01
3.935248851776123047e-01
3.889021277427673340e-01
3.880538940429687500e-01
5.454623103141784668e-01
4.223318696022033691e-01
3.536636531352996826e-01
3.253200650215148926e-01
2.018856406211853027e-01
2.807063460350036621e-01
2.508434057235717773e-01
2.278292775154113770e-01
3.239276111125946045e-01
3.334008455276489258e-01
2.991647720336914062e-01
2.420617341995239258e-01
3.917807042598724365e-01
4.196441173553466797e-01
3.206486105918884277e-01
4.028044342994689941e-01
5.008962750434875488e-01
4.625658988952636719e-01
4.202339351177215576e-01
3.855150341987609863e-01
3.869657516479492188e-01
4.302501678466796875e-01
5.096474885940551758e-01
6.029108166694641113e-01
5.842875540256500244e-01
5.164579749107360840e-01
5.592764019966125488e-01
4.581815600395202637e-01
3.917080760002136230e-01
5.409923791885375977e-01
