9.961766004562377930e-01
9.970693588256835938e-01
9.985863566398620605e-01
6.561009287834167480e-01
9.846214652061462402e-01
9.987663626670837402e-01
4.852566421031951904e-01
7.445484995841979980e-01
9.955805540084838867e-01
9.956941008567810059e-01
9.976858496665954590e-01
9.995087981224060059e-01
9.998688101768493652e-01
9.988949298858642578e-01
9.980537891387939453e-01
9.995019435882568359e-01
9.994032979011535645e-01
9.998383522033691406e-01
9.998545050621032715e-01
9.711165428161621094e-01
9.987674951553344727e-01
9.995027184486389160e-01
9.998295903205871582e-01
9.998399615287780762e-01
9.999109506607055664e-01
9.999390244483947754e-01
9.999343156814575195e-01
9.991904497146606445e-01
9.998719096183776855e-01
9.999049305915832520e-01
9.999081492424011230e-01
9.999242424964904785e-01
9.999417066574096680e-01
9.999425411224365234e-01
9.999057650566101074e-01
9.998914599418640137e-01
9.999222755432128906e-01
9.997315406799316406e-01
9.905412197113037109e-01
9.899959564208984375e-01
9.989663958549499512e-01
9.829289317131042480e-01
9.905800819396972656e-01
7.801121622323989868e-01
9.825779199600219727e-01
9.995197057723999023e-01
9.661608934402465820e-01
9.909968972206115723e-01
7.968007326126098633e-01
9.968983530998229980e-01
9.989117980003356934e-01
9.993656277656555176e-01
9.995585083961486816e-01
9.994364976882934570e-01
9.996415376663208008e-01
9.998583793640136719e-01
9.993724226951599121e-01
9.992235898971557617e-01
9.996585845947265625e-01
9.996359348297119141e-01
9.996975660324096680e-01
9.996797442436218262e-01
9.997925162315368652e-01
9.991831183433532715e-01
9.987307190895080566e-01
9.995525479316711426e-01
9.993364214897155762e-01
9.995335340499877930e-01
9.992821216583251953e-01
9.994539022445678711e-01
9.996050596237182617e-01
9.967107176780700684e-01
9.985388517379760742e-01
9.873102903366088867e-01
9.343977570533752441e-01
9.909452199935913086e-01
9.984776973724365234e-01
9.997014999389648438e-01
9.996229410171508789e-01
9.995627403259277344e-01
9.996962547302246094e-01
9.990290999412536621e-01
9.974876642227172852e-01
9.994598627090454102e-01
9.993143081665039062e-01
9.996702671051025391e-01
9.997788667678833008e-01
9.992715716361999512e-01
9.998899102210998535e-01
9.996005296707153320e-01
9.998288154602050781e-01
9.997768998146057129e-01
9.997978806495666504e-01
9.989231228828430176e-01
9.998012185096740723e-01
9.994106888771057129e-01
9.996438026428222656e-01
9.996866583824157715e-01
9.986873269081115723e-01
9.983128309249877930e-01
9.995167255401611328e-01
9.997286796569824219e-01
9.994699358940124512e-01
9.997261166572570801e-01
9.993978738784790039e-01
9.992405176162719727e-01
9.974980950355529785e-01
9.993396401405334473e-01
9.941901564598083496e-01
9.974746704101562500e-01
9.982591867446899414e-01
9.994577169418334961e-01
9.994816780090332031e-01
9.979746341705322266e-01
9.986422061920166016e-01
9.993152022361755371e-01
9.981085658073425293e-01
9.988670945167541504e-01
9.996377229690551758e-01
9.996678233146667480e-01
9.971482753753662109e-01
8.548280000686645508e-01
6.813664138317108154e-01
7.121009826660156250e-01
9.918550252914428711e-01
9.977447986602783203e-01
9.989072680473327637e-01
9.828125834465026855e-01
9.338134080171585083e-01
6.258168816566467285e-01
8.694382309913635254e-01
4.694380760192871094e-01
9.921573996543884277e-01
9.712934494018554688e-01
9.980676770210266113e-01
9.851217269897460938e-01
9.814362525939941406e-01
9.860393404960632324e-01
9.664134979248046875e-01
9.776548147201538086e-01
9.633606672286987305e-01
9.927566051483154297e-01
9.649240374565124512e-01
9.647196531295776367e-01
7.213220298290252686e-01
8.815502524375915527e-01
7.896247506141662598e-01
6.178900599479675293e-01
5.980889797210693359e-01
3.809432983398437500e-01
8.403098583221435547e-01
3.262906074523925781e-01
7.547053694725036621e-01
6.169036626815795898e-01
5.956239700317382812e-01
5.894234180450439453e-01
7.427946925163269043e-01
7.742493152618408203e-01
8.471873998641967773e-01
7.670825123786926270e-01
7.363136112689971924e-01
7.339967787265777588e-01
7.862048745155334473e-01
6.279761791229248047e-01
5.552495718002319336e-01
5.653824806213378906e-01
4.998494982719421387e-01
3.623030781745910645e-01
3.382413983345031738e-01
3.143434524536132812e-01
4.142655432224273682e-01
3.694808483123779297e-01
3.661164045333862305e-01
5.616314411163330078e-01
3.343408703804016113e-01
3.630498647689819336e-01
3.163344860076904297e-01
3.924687206745147705e-01
3.128464818000793457e-01
3.670975565910339355e-01
3.849867582321166992e-01
3.873939812183380127e-01
4.134680628776550293e-01
4.418212175369262695e-01
3.690851032733917236e-01
2.980588674545288086e-01
2.959821820259094238e-01
4.391046762466430664e-01
4.076865911483764648e-01
3.402039408683776855e-01
3.696249723434448242e-01
2.855516076087951660e-01
4.291021823883056641e-01
3.699692487716674805e-01
3.792861700057983398e-01
4.400227665901184082e-01
3.395861983299255371e-01
4.236966073513031006e-01
3.801674246788024902e-01
3.321147561073303223e-01
4.014142453670501709e-01
4.571720361709594727e-01
4.007405042648315430e-01
4.837448596954345703e-01
5.603066086769104004e-01
4.909667670726776123e-01
