9.961766004562377930e-01
9.970693588256835938e-01
9.985863566398620605e-01
6.561008989810943604e-01
9.846214652061462402e-01
9.987663626670837402e-01
4.852566421031951904e-01
7.445484995841979980e-01
9.955805540084838867e-01
9.956941008567810059e-01
9.976858496665954590e-01
9.995087981224060059e-01
9.998688101768493652e-01
9.998847842216491699e-01
9.987072944641113281e-01
9.982871413230895996e-01
9.994984865188598633e-01
9.998257160186767578e-01
9.998814463615417480e-01
9.585264921188354492e-01
9.979286193847656250e-01
9.996428489685058594e-01
9.998295903205871582e-01
9.998399615287780762e-01
9.999109506607055664e-01
9.999142289161682129e-01
9.999448657035827637e-01
9.999305605888366699e-01
9.999287724494934082e-01
9.998864531517028809e-01
9.998669624328613281e-01
9.999229907989501953e-01
9.999395012855529785e-01
9.999026060104370117e-01
9.998983144760131836e-01
9.999214410781860352e-01
9.999217987060546875e-01
9.997813701629638672e-01
8.393104076385498047e-01
9.897111058235168457e-01
9.991248846054077148e-01
9.996002316474914551e-01
9.925641417503356934e-01
5.648560523986816406e-01
9.842113852500915527e-01
5.431735515594482422e-01
8.101670742034912109e-01
9.973328113555908203e-01
7.377869486808776855e-01
9.982329010963439941e-01
9.992215037345886230e-01
9.995593428611755371e-01
9.995697140693664551e-01
9.996789097785949707e-01
9.996830821037292480e-01
9.998664855957031250e-01
9.994459748268127441e-01
9.993087053298950195e-01
9.996743202209472656e-01
9.996340870857238770e-01
9.997017383575439453e-01
9.996952414512634277e-01
9.997941255569458008e-01
9.991632103919982910e-01
9.986944198608398438e-01
9.995198249816894531e-01
9.993324279785156250e-01
9.992476105690002441e-01
9.988174438476562500e-01
9.990168809890747070e-01
9.995614290237426758e-01
9.995245933532714844e-01
9.991205930709838867e-01
9.996883273124694824e-01
9.986266493797302246e-01
9.901707768440246582e-01
9.940853118896484375e-01
9.995939731597900391e-01
9.998692274093627930e-01
9.994143247604370117e-01
9.996878504753112793e-01
9.994906187057495117e-01
9.994496703147888184e-01
9.997967481613159180e-01
9.997892379760742188e-01
9.997900724411010742e-01
9.995867609977722168e-01
9.997241497039794922e-01
9.993456006050109863e-01
9.996417760848999023e-01
9.997152686119079590e-01
9.997838139533996582e-01
9.996691346168518066e-01
9.989722371101379395e-01
9.995913505554199219e-01
9.997127652168273926e-01
9.996702671051025391e-01
9.996206164360046387e-01
9.997118115425109863e-01
9.990925192832946777e-01
9.994693398475646973e-01
9.992657899856567383e-01
9.993426203727722168e-01
9.994065761566162109e-01
9.996609091758728027e-01
9.951493144035339355e-01
9.871878027915954590e-01
9.920018911361694336e-01
9.978082776069641113e-01
9.990427494049072266e-01
9.997839331626892090e-01
9.986469745635986328e-01
9.986878037452697754e-01
9.969123601913452148e-01
9.945512413978576660e-01
9.972631931304931641e-01
9.981046319007873535e-01
9.991800785064697266e-01
9.994962811470031738e-01
9.988867044448852539e-01
9.994407892227172852e-01
9.959529042243957520e-01
9.982591867446899414e-01
9.988458156585693359e-01
9.990509748458862305e-01
9.987643361091613770e-01
9.914924502372741699e-01
9.961467385292053223e-01
9.353948831558227539e-01
9.958075881004333496e-01
9.938353300094604492e-01
9.742174744606018066e-01
9.901899695396423340e-01
5.377665162086486816e-01
9.675783254206180573e-01
9.611712098121643066e-01
9.678677916526794434e-01
9.877914786338806152e-01
9.694632887840270996e-01
9.909893870353698730e-01
8.713786005973815918e-01
9.700686335563659668e-01
8.767006397247314453e-01
8.894850015640258789e-01
7.954542636871337891e-01
8.979373574256896973e-01
8.791126608848571777e-01
9.158007502555847168e-01
8.017609119415283203e-01
3.856253921985626221e-01
4.071433544158935547e-01
3.270842432975769043e-01
5.927455425262451172e-01
4.051633477210998535e-01
4.852769970893859863e-01
5.874120295047760010e-01
4.205434918403625488e-01
4.420544207096099854e-01
3.895998001098632812e-01
4.587562084197998047e-01
5.495716333389282227e-01
4.034606218338012695e-01
5.135994553565979004e-01
4.809809327125549316e-01
4.666289091110229492e-01
3.912057280540466309e-01
4.485711455345153809e-01
2.961140871047973633e-01
3.302084803581237793e-01
2.099843025207519531e-01
2.844194769859313965e-01
3.268040418624877930e-01
2.372599840164184570e-01
3.403241336345672607e-01
2.411336749792098999e-01
2.958024144172668457e-01
3.385953307151794434e-01
3.202501237392425537e-01
2.892104387283325195e-01
3.568392395973205566e-01
3.562613725662231445e-01
3.359550833702087402e-01
3.849431872367858887e-01
3.406668901443481445e-01
3.400320410728454590e-01
5.110853314399719238e-01
3.305059075355529785e-01
4.346793889999389648e-01
4.440770149230957031e-01
4.466645121574401855e-01
4.841420054435729980e-01
4.395511746406555176e-01
5.826476216316223145e-01
5.609112679958343506e-01
4.908239841461181641e-01
3.812888860702514648e-01
4.993236958980560303e-01
5.081295669078826904e-01
4.747577309608459473e-01
5.426923632621765137e-01
4.538705050945281982e-01
4.903430938720703125e-01
