9.961766004562377930e-01
9.970693588256835938e-01
9.985863566398620605e-01
9.985475540161132812e-01
9.996557831764221191e-01
9.971083402633666992e-01
9.954213500022888184e-01
9.989977478981018066e-01
9.996641874313354492e-01
9.927299022674560547e-01
9.867779016494750977e-01
9.994488358497619629e-01
9.998682141304016113e-01
9.988344311714172363e-01
9.980738162994384766e-01
9.994744658470153809e-01
9.994934201240539551e-01
9.998399615287780762e-01
9.998552799224853516e-01
9.998661279678344727e-01
9.990035295486450195e-01
9.983079433441162109e-01
9.995063543319702148e-01
9.998294711112976074e-01
9.999226331710815430e-01
9.999373555183410645e-01
9.999392032623291016e-01
9.999344348907470703e-01
9.998177886009216309e-01
9.998751878738403320e-01
9.999047517776489258e-01
9.999074935913085938e-01
9.999250769615173340e-01
9.999217987060546875e-01
9.999426603317260742e-01
9.999061822891235352e-01
9.998909831047058105e-01
9.997413754463195801e-01
7.717773914337158203e-01
9.912905097007751465e-01
9.770062565803527832e-01
9.476963281631469727e-01
9.980143308639526367e-01
7.264776825904846191e-01
9.700827598571777344e-01
9.937175512313842773e-01
9.995961189270019531e-01
9.996261596679687500e-01
9.997226595878601074e-01
9.999281764030456543e-01
9.998570680618286133e-01
9.948197603225708008e-01
9.987959265708923340e-01
9.992879033088684082e-01
9.994434118270874023e-01
9.994123578071594238e-01
9.994810819625854492e-01
9.998588562011718750e-01
9.998005628585815430e-01
9.997814893722534180e-01
9.996978044509887695e-01
9.995425343513488770e-01
9.974779486656188965e-01
9.987615346908569336e-01
9.998334646224975586e-01
9.996168613433837891e-01
9.985485672950744629e-01
9.984594583511352539e-01
9.990177154541015625e-01
9.977086782455444336e-01
9.995085000991821289e-01
9.994159340858459473e-01
9.998490214347839355e-01
9.990189075469970703e-01
2.778459191322326660e-01
9.352292418479919434e-01
9.849559664726257324e-01
9.985411167144775391e-01
9.991369843482971191e-01
9.993615150451660156e-01
9.995551109313964844e-01
9.641912579536437988e-01
9.962294101715087891e-01
9.993393421173095703e-01
9.992182850837707520e-01
9.993556737899780273e-01
9.994263052940368652e-01
9.997264742851257324e-01
9.998403191566467285e-01
9.997962713241577148e-01
9.998304843902587891e-01
9.992496967315673828e-01
9.998608231544494629e-01
9.995915293693542480e-01
9.997130632400512695e-01
9.996349811553955078e-01
9.989598393440246582e-01
9.997010231018066406e-01
9.993530511856079102e-01
9.996367096900939941e-01
9.997692108154296875e-01
9.998143911361694336e-01
9.994815587997436523e-01
9.991398453712463379e-01
5.399122834205627441e-01
9.836363792419433594e-01
9.982829093933105469e-01
9.961311817169189453e-01
9.992482066154479980e-01
9.997131824493408203e-01
9.986825585365295410e-01
9.953563809394836426e-01
9.985302686691284180e-01
9.965625405311584473e-01
9.918444752693176270e-01
9.994537234306335449e-01
9.967458844184875488e-01
9.996075034141540527e-01
9.997160434722900391e-01
9.982678890228271484e-01
8.208913803100585938e-01
9.566417336463928223e-01
9.642128460109233856e-01
9.993293285369873047e-01
9.815074801445007324e-01
9.887347817420959473e-01
9.834406971931457520e-01
9.986426830291748047e-01
9.762775897979736328e-01
9.633892178535461426e-01
9.539913535118103027e-01
9.013261795043945312e-01
9.898585081100463867e-01
9.951770901679992676e-01
9.482499957084655762e-01
9.646913968026638031e-01
9.005782604217529297e-01
9.862146973609924316e-01
9.636654853820800781e-01
9.404502511024475098e-01
9.976403117179870605e-01
9.921293854713439941e-01
9.414968490600585938e-01
8.999986052513122559e-01
5.833135247230529785e-01
4.112225770950317383e-01
7.411488294601440430e-01
8.548328280448913574e-01
8.095955699682235718e-01
7.508518099784851074e-01
5.014612078666687012e-01
5.988614261150360107e-01
2.700788378715515137e-01
8.307498097419738770e-01
6.107596158981323242e-01
8.018859624862670898e-01
9.053130745887756348e-01
5.514656305313110352e-01
5.441458821296691895e-01
4.524189829826354980e-01
4.775291681289672852e-01
6.960747241973876953e-01
5.920933485031127930e-01
5.422117412090301514e-01
4.437527656555175781e-01
4.256184697151184082e-01
3.899007439613342285e-01
2.545324862003326416e-01
3.705778419971466064e-01
2.044494748115539551e-01
4.185407757759094238e-01
3.893870115280151367e-01
3.394049704074859619e-01
4.125077724456787109e-01
3.239665627479553223e-01
3.731586337089538574e-01
2.959035038948059082e-01
3.391001224517822266e-01
3.485975265502929688e-01
4.007139205932617188e-01
3.981913924217224121e-01
2.692981362342834473e-01
2.351449728012084961e-01
4.312829971313476562e-01
3.099609315395355225e-01
2.995340824127197266e-01
4.067582488059997559e-01
4.768457412719726562e-01
3.458464741706848145e-01
3.999028205871582031e-01
3.353523612022399902e-01
3.826701641082763672e-01
3.104970455169677734e-01
3.656389713287353516e-01
3.590412735939025879e-01
4.141714572906494141e-01
3.788826465606689453e-01
4.390726685523986816e-01
3.918652534484863281e-01
3.222317099571228027e-01
4.007661938667297363e-01
4.171318709850311279e-01
4.036040902137756348e-01
