9.961766004562377930e-01
9.970693588256835938e-01
9.985863566398620605e-01
6.561009287834167480e-01
9.846214652061462402e-01
9.987663626670837402e-01
4.852566719055175781e-01
7.445484995841979980e-01
9.955805540084838867e-01
9.956941008567810059e-01
9.976858496665954590e-01
9.995087981224060059e-01
9.998688101768493652e-01
9.998847842216491699e-01
9.987072944641113281e-01
9.982871413230895996e-01
9.994984865188598633e-01
9.998257160186767578e-01
9.998814463615417480e-01
9.585264921188354492e-01
9.979286193847656250e-01
9.996428489685058594e-01
9.998295903205871582e-01
9.998399615287780762e-01
9.999109506607055664e-01
9.999142289161682129e-01
9.999448657035827637e-01
9.999305605888366699e-01
9.999287724494934082e-01
9.998864531517028809e-01
9.998669624328613281e-01
9.999229907989501953e-01
9.999395012855529785e-01
9.999026060104370117e-01
9.998983144760131836e-01
9.999214410781860352e-01
9.999217987060546875e-01
9.997813701629638672e-01
8.393104076385498047e-01
9.897111160680651665e-01
9.991248846054077148e-01
9.755731225013732910e-01
9.896923303604125977e-01
9.973913431167602539e-01
9.996336102485656738e-01
9.988554120063781738e-01
5.882341265678405762e-01
9.921610951423645020e-01
7.658871412277221680e-01
9.958910346031188965e-01
9.989176988601684570e-01
9.991735816001892090e-01
9.992995262145996094e-01
9.993939399719238281e-01
9.996454119682312012e-01
9.998595714569091797e-01
9.993590712547302246e-01
9.991831183433532715e-01
9.996600747108459473e-01
9.996451139450073242e-01
9.996960163116455078e-01
9.996840357780456543e-01
9.997934699058532715e-01
9.991748332977294922e-01
9.987314343452453613e-01
9.995517730712890625e-01
9.993494749069213867e-01
9.992877244949340820e-01
9.982400536537170410e-01
9.986275434494018555e-01
9.997310042381286621e-01
9.995780587196350098e-01
9.991515278816223145e-01
9.987341761589050293e-01
9.981626272201538086e-01
9.980633854866027832e-01
9.996912479400634766e-01
9.997031092643737793e-01
9.997427463531494141e-01
9.992026686668395996e-01
9.997134804725646973e-01
9.981450438499450684e-01
9.964792728424072266e-01
9.991969466209411621e-01
9.990912079811096191e-01
9.997020959854125977e-01
9.998336434364318848e-01
9.997134208679199219e-01
9.997897148132324219e-01
9.998643398284912109e-01
9.997483491897583008e-01
9.998478889465332031e-01
9.997122883796691895e-01
9.980517029762268066e-01
9.997300505638122559e-01
9.996137022972106934e-01
9.996958374977111816e-01
9.996235966682434082e-01
9.996668100357055664e-01
9.989005327224731445e-01
9.989420771598815918e-01
9.996464252471923828e-01
9.997275471687316895e-01
9.992817044258117676e-01
9.994198083877563477e-01
9.988241195678710938e-01
9.994241595268249512e-01
9.995648860931396484e-01
9.995524287223815918e-01
9.994488358497619629e-01
9.995610713958740234e-01
9.990425705909729004e-01
9.976422786712646484e-01
9.944440722465515137e-01
9.976719617843627930e-01
9.992838501930236816e-01
9.993546605110168457e-01
9.996719360351562500e-01
9.991409778594970703e-01
9.986965656280517578e-01
9.996594190597534180e-01
9.994128942489624023e-01
9.992196559906005859e-01
9.991037249565124512e-01
9.951684474945068359e-01
9.995976090431213379e-01
9.978370070457458496e-01
9.256783723831176758e-01
9.666894674301147461e-01
8.182012438774108887e-01
9.745349884033203125e-01
9.975231885910034180e-01
6.317104101181030273e-01
7.971754074096679688e-01
8.362902402877807617e-01
9.600923061370849609e-01
9.827770590782165527e-01
9.160681962966918945e-01
6.812228560447692871e-01
9.213680028915405273e-01
9.728116989135742188e-01
8.951769471168518066e-01
9.816525578498840332e-01
9.374489188194274902e-01
8.778370246291160583e-01
7.054059505462646484e-01
9.246258139610290527e-01
5.350446105003356934e-01
5.485595464706420898e-01
4.394820630550384521e-01
3.753704428672790527e-01
3.030031919479370117e-01
5.228185057640075684e-01
5.155492424964904785e-01
2.587025165557861328e-01
4.948194026947021484e-01
3.916039466857910156e-01
3.483402132987976074e-01
4.245318770408630371e-01
2.313077449798583984e-01
3.073217272758483887e-01
2.270008325576782227e-01
4.691921472549438477e-01
3.515807986259460449e-01
3.407354056835174561e-01
3.180463910102844238e-01
2.774009108543395996e-01
2.432124614715576172e-01
2.585140168666839600e-01
3.317207396030426025e-01
2.672820091247558594e-01
3.592222332954406738e-01
3.307303786277770996e-01
2.623494565486907959e-01
3.250236511230468750e-01
3.873994946479797363e-01
2.860939502716064453e-01
3.100664019584655762e-01
3.768860995769500732e-01
3.390352725982666016e-01
3.259774446487426758e-01
2.767181396484375000e-01
2.760667204856872559e-01
3.549078702926635742e-01
2.904158532619476318e-01
2.694138884544372559e-01
4.199433326721191406e-01
4.502577185630798340e-01
5.523287951946258545e-01
4.225204586982727051e-01
5.350489318370819092e-01
5.144245922565460205e-01
4.896849989891052246e-01
3.550220131874084473e-01
4.774294495582580566e-01
5.042728185653686523e-01
4.412276148796081543e-01
4.662275910377502441e-01
