9.961766004562377930e-01
9.970693588256835938e-01
4.997427463531494141e-01
5.682862997055053711e-01
9.958591461181640625e-01
9.985280632972717285e-01
9.986448287963867188e-01
9.990281462669372559e-01
9.996793270111083984e-01
9.998212456703186035e-01
9.998033642768859863e-01
9.990320801734924316e-01
9.998117685317993164e-01
9.985778331756591797e-01
9.977017641067504883e-01
9.995446801185607910e-01
9.994099140167236328e-01
9.998365640640258789e-01
9.998639225959777832e-01
9.998669028282165527e-01
9.998927116394042969e-01
9.998805522918701172e-01
9.988817572593688965e-01
9.996943473815917969e-01
9.999221563339233398e-01
9.999416470527648926e-01
9.999220967292785645e-01
9.987883567810058594e-01
9.998557567596435547e-01
9.999140501022338867e-01
9.999070167541503906e-01
9.999164938926696777e-01
9.999123215675354004e-01
9.999347925186157227e-01
9.999052286148071289e-01
9.998904466629028320e-01
9.999221563339233398e-01
9.997655749320983887e-01
9.997779130935668945e-01
9.888188838958740234e-01
9.963608980178833008e-01
9.991369843482971191e-01
9.768155813217163086e-01
9.914904236793518066e-01
9.973614811897277832e-01
7.248044610023498535e-01
9.990796446800231934e-01
9.779988527297973633e-01
9.900334477424621582e-01
9.707853794097900391e-01
9.961113333702087402e-01
9.990597367286682129e-01
9.988577961921691895e-01
9.995583295822143555e-01
9.994123578071594238e-01
9.998423457145690918e-01
9.994534254074096680e-01
9.991888999938964844e-01
9.996579289436340332e-01
9.996421933174133301e-01
9.997052550315856934e-01
9.996753334999084473e-01
9.994558691978454590e-01
9.998177886009216309e-01
9.990350604057312012e-01
9.987862110137939453e-01
9.994677305221557617e-01
9.993747472763061523e-01
9.994788765907287598e-01
9.994407892227172852e-01
9.997149109840393066e-01
9.979839324951171875e-01
9.983144402503967285e-01
9.996748566627502441e-01
9.962704777717590332e-01
9.983561038970947266e-01
9.954320788383483887e-01
9.993786215782165527e-01
9.996002912521362305e-01
9.989200830459594727e-01
9.987727999687194824e-01
9.974607825279235840e-01
9.994509816169738770e-01
9.994958043098449707e-01
9.993304014205932617e-01
9.995879530906677246e-01
9.996703863143920898e-01
9.993090629577636719e-01
9.987121820449829102e-01
9.944652915000915527e-01
9.991848468780517578e-01
9.993008375167846680e-01
9.988935589790344238e-01
9.996410012245178223e-01
9.995998144149780273e-01
9.997956156730651855e-01
9.991501569747924805e-01
9.991348385810852051e-01
9.995042085647583008e-01
9.986807703971862793e-01
9.980884790420532227e-01
9.994050860404968262e-01
9.991488456726074219e-01
9.992265701293945312e-01
9.995894432067871094e-01
9.952612519264221191e-01
9.990315437316894531e-01
9.963465929031372070e-01
9.995961189270019531e-01
9.992569684982299805e-01
9.946553111076354980e-01
9.991896748542785645e-01
9.980376958847045898e-01
9.987133145332336426e-01
9.981315135955810547e-01
9.994367957115173340e-01
9.991235733032226562e-01
9.948084354400634766e-01
9.956513047218322754e-01
9.993643760681152344e-01
9.993243813514709473e-01
9.995955228805541992e-01
9.915062189102172852e-01
9.876132607460021973e-01
9.993179440498352051e-01
9.993942379951477051e-01
9.984899163246154785e-01
9.698928594589233398e-01
9.762388467788696289e-01
9.972952008247375488e-01
9.964193105697631836e-01
9.983792901039123535e-01
9.773195981979370117e-01
9.796153903007507324e-01
9.917382597923278809e-01
9.958118796348571777e-01
9.858168959617614746e-01
9.574249982833862305e-01
9.775955080986022949e-01
9.808927774429321289e-01
9.594023227691650391e-01
9.821230769157409668e-01
9.108169078826904297e-01
9.294627904891967773e-01
9.257776737213134766e-01
8.467540144920349121e-01
8.566614985466003418e-01
7.834710627794265747e-01
7.627356052398681641e-01
4.312685132026672363e-01
5.974416732788085938e-01
5.477333366870880127e-01
5.769136548042297363e-01
5.242428779602050781e-01
6.817295551300048828e-01
5.389388203620910645e-01
3.734337091445922852e-01
3.759933114051818848e-01
5.627303719520568848e-01
4.133868813514709473e-01
4.312057793140411377e-01
4.306495189666748047e-01
4.698780775070190430e-01
6.137514114379882812e-01
4.259131550788879395e-01
6.531732678413391113e-01
4.497061371803283691e-01
4.407074451446533203e-01
3.309294879436492920e-01
3.970972299575805664e-01
4.166034460067749023e-01
3.154212236404418945e-01
3.243533372879028320e-01
2.533647418022155762e-01
2.876952886581420898e-01
3.145018219947814941e-01
2.274021506309509277e-01
2.705355286598205566e-01
2.616938948631286621e-01
1.992185711860656738e-01
2.543100118637084961e-01
3.327882289886474609e-01
3.013243079185485840e-01
2.670190334320068359e-01
2.832714915275573730e-01
2.506689429283142090e-01
2.986711859703063965e-01
2.627043724060058594e-01
3.997923135757446289e-01
3.562171757221221924e-01
3.827015757560729980e-01
3.939300775527954102e-01
3.880859613418579102e-01
4.018094539642333984e-01
3.646413683891296387e-01
3.749327659606933594e-01
4.053053855895996094e-01
4.150952398777008057e-01
4.036704897880554199e-01
3.874093890190124512e-01
4.389804303646087646e-01
3.600709140300750732e-01
3.224374651908874512e-01
3.291993737220764160e-01
3.017418384552001953e-01
3.374944925308227539e-01
3.981674313545227051e-01
3.545832037925720215e-01
