9.961766004562377930e-01
9.970693588256835938e-01
4.997427463531494141e-01
5.682863593101501465e-01
9.958591461181640625e-01
9.985280632972717285e-01
9.986448287963867188e-01
9.990281462669372559e-01
9.996793270111083984e-01
9.928966164588928223e-01
9.857288599014282227e-01
9.994789361953735352e-01
9.998585581779479980e-01
9.988344311714172363e-01
9.980738162994384766e-01
9.994714856147766113e-01
9.994907379150390625e-01
9.998394846916198730e-01
9.998552203178405762e-01
9.998669028282165527e-01
9.990972876548767090e-01
9.983353018760681152e-01
9.998444914817810059e-01
9.998320937156677246e-01
9.999223351478576660e-01
9.999374747276306152e-01
9.999264478683471680e-01
9.993850588798522949e-01
9.998721480369567871e-01
9.999051690101623535e-01
9.999091625213623047e-01
9.999374151229858398e-01
9.998978376388549805e-01
9.998908638954162598e-01
9.999253153800964355e-01
9.999186992645263672e-01
9.999256134033203125e-01
9.997519254684448242e-01
9.869464635848999023e-01
9.919380545616149902e-01
9.989296197891235352e-01
9.771909117698669434e-01
9.902498126029968262e-01
9.996641874313354492e-01
9.717823863029479980e-01
9.990292787551879883e-01
8.498166799545288086e-01
9.960061907768249512e-01
7.671427130699157715e-01
9.964204430580139160e-01
9.990951418876647949e-01
9.988966584205627441e-01
9.995638132095336914e-01
9.994304180145263672e-01
9.998423457145690918e-01
9.994428753852844238e-01
9.991915225982666016e-01
9.996598958969116211e-01
9.996340870857238770e-01
9.996967315673828125e-01
9.996940493583679199e-01
9.998529553413391113e-01
9.991577863693237305e-01
9.987441301345825195e-01
9.995433688163757324e-01
9.993609189987182617e-01
9.992783069610595703e-01
9.989178776741027832e-01
9.990237951278686523e-01
9.995790123939514160e-01
9.987453818321228027e-01
9.965562820434570312e-01
9.995514750480651855e-01
9.995996356010437012e-01
8.503353595733642578e-01
5.202552676200866699e-01
9.992417097091674805e-01
9.997318983078002930e-01
5.673808753490447998e-01
9.981588125228881836e-01
9.797949790954589844e-01
9.984963536262512207e-01
9.981444478034973145e-01
9.984681606292724609e-01
9.994925260543823242e-01
9.995625019073486328e-01
9.996803998947143555e-01
9.995950460433959961e-01
9.994784593582153320e-01
9.996980428695678711e-01
9.993503689765930176e-01
9.996574521064758301e-01
9.985128045082092285e-01
9.990610480308532715e-01
9.994289875030517578e-01
9.994893074035644531e-01
9.994090795516967773e-01
9.994609951972961426e-01
9.996800422668457031e-01
9.991810917854309082e-01
9.992939829826354980e-01
9.994760155677795410e-01
9.995902776718139648e-01
9.992258548736572266e-01
9.984533786773681641e-01
9.962558150291442871e-01
9.991430640220642090e-01
9.989821314811706543e-01
9.909247756004333496e-01
9.984246492385864258e-01
9.984894990921020508e-01
9.983965754508972168e-01
9.993813037872314453e-01
9.972014427185058594e-01
9.995359778404235840e-01
9.983688592910766602e-01
9.969194531440734863e-01
9.986668229103088379e-01
9.935119152069091797e-01
9.994727969169616699e-01
9.994764328002929688e-01
9.984459280967712402e-01
9.839333891868591309e-01
9.927009940147399902e-01
9.826812148094177246e-01
9.387064576148986816e-01
9.681639075279235840e-01
9.982064366340637207e-01
9.958551526069641113e-01
9.988753199577331543e-01
9.990992546081542969e-01
9.956249594688415527e-01
9.973203539848327637e-01
9.694427847862243652e-01
9.471030831336975098e-01
9.174640178680419922e-01
9.866970181465148926e-01
9.946057200431823730e-01
9.871463179588317871e-01
9.738482832908630371e-01
9.862198829650878906e-01
9.983660578727722168e-01
9.957594275474548340e-01
9.961103796958923340e-01
9.941884875297546387e-01
9.671750068664550781e-01
8.066211938858032227e-01
8.138477802276611328e-01
8.719174861907958984e-01
7.210782170295715332e-01
6.192327141761779785e-01
8.864740729331970215e-01
9.050935506820678711e-01
9.303408265113830566e-01
8.569546341896057129e-01
9.033903479576110840e-01
6.921964287757873535e-01
8.957810401916503906e-01
6.071479320526123047e-01
7.904355525970458984e-01
8.625072240829467773e-01
8.141661286354064941e-01
8.715153932571411133e-01
7.058332562446594238e-01
4.774612188339233398e-01
4.059346020221710205e-01
4.070351719856262207e-01
2.505162954330444336e-01
2.711342573165893555e-01
3.493485450744628906e-01
2.893878221511840820e-01
2.987021803855895996e-01
4.309614300727844238e-01
3.021572232246398926e-01
3.389739990234375000e-01
3.459733724594116211e-01
3.829162716865539551e-01
3.113248944282531738e-01
3.486341238021850586e-01
3.105897903442382812e-01
3.287606537342071533e-01
2.622843384742736816e-01
3.351742029190063477e-01
3.710137903690338135e-01
3.182992637157440186e-01
2.295397222042083740e-01
2.386312484741210938e-01
2.568880319595336914e-01
3.547247648239135742e-01
3.547756075859069824e-01
3.697071075439453125e-01
4.309164583683013916e-01
4.144284129142761230e-01
3.612040281295776367e-01
4.634565114974975586e-01
4.251983165740966797e-01
2.887941598892211914e-01
3.247417807579040527e-01
3.682279288768768311e-01
4.650343656539916992e-01
4.708702266216278076e-01
4.232574701309204102e-01
3.177362084388732910e-01
3.626222610473632812e-01
3.060582280158996582e-01
3.501718640327453613e-01
3.103043437004089355e-01
3.479259610176086426e-01
3.672483563423156738e-01
3.339110612869262695e-01
