9.961766004562377930e-01
9.970693588256835938e-01
9.985863566398620605e-01
6.561008989810943604e-01
9.846214652061462402e-01
9.987663626670837402e-01
4.852566421031951904e-01
7.445484995841979980e-01
9.955805540084838867e-01
9.956941008567810059e-01
9.976858496665954590e-01
9.995087981224060059e-01
9.998688101768493652e-01
9.998847842216491699e-01
9.987072944641113281e-01
9.982871413230895996e-01
9.994984865188598633e-01
9.998257160186767578e-01
9.998814463615417480e-01
9.585264921188354492e-01
9.979286193847656250e-01
9.996428489685058594e-01
9.998295903205871582e-01
9.998399615287780762e-01
9.999109506607055664e-01
9.999142289161682129e-01
9.999448657035827637e-01
9.999305605888366699e-01
9.998197555541992188e-01
9.998757839202880859e-01
9.999055266380310059e-01
9.999178051948547363e-01
9.999440312385559082e-01
9.999418854713439941e-01
9.999035596847534180e-01
9.998966455459594727e-01
9.999222755432128906e-01
9.997323155403137207e-01
8.683731555938720703e-01
9.902617931365966797e-01
9.990102052688598633e-01
9.996576309204101562e-01
9.930981993675231934e-01
9.327992796897888184e-01
9.852452874183654785e-01
5.562500357627868652e-01
8.101670742034912109e-01
9.967527389526367188e-01
7.274658679962158203e-01
9.978813529014587402e-01
9.990330338478088379e-01
9.994372725486755371e-01
9.994773268699645996e-01
9.996405839920043945e-01
9.996432065963745117e-01
9.998579025268554688e-01
9.993646144866943359e-01
9.991784691810607910e-01
9.996645450592041016e-01
9.996313452720642090e-01
9.997035861015319824e-01
9.996774196624755859e-01
9.997913241386413574e-01
9.991954565048217773e-01
9.987455606460571289e-01
9.995324015617370605e-01
9.993625879287719727e-01
9.992977380752563477e-01
9.988936185836791992e-01
9.990355968475341797e-01
9.995936751365661621e-01
9.993752241134643555e-01
9.989933967590332031e-01
9.986522197723388672e-01
9.975686073303222656e-01
9.993911385536193848e-01
9.994542002677917480e-01
9.995162487030029297e-01
9.998056292533874512e-01
9.992064833641052246e-01
9.996167421340942383e-01
9.993126988410949707e-01
9.968491196632385254e-01
9.991832375526428223e-01
9.993855953216552734e-01
9.995257854461669922e-01
9.998094439506530762e-01
9.993985295295715332e-01
9.998120665550231934e-01
9.998168349266052246e-01
9.998195767402648926e-01
9.997099637985229492e-01
9.995520710945129395e-01
9.995132684707641602e-01
9.995384216308593750e-01
9.997369647026062012e-01
9.997310638427734375e-01
9.993837475776672363e-01
9.995182156562805176e-01
9.987141489982604980e-01
9.993633627891540527e-01
9.997568726539611816e-01
9.992947578430175781e-01
9.995863437652587891e-01
9.990696310997009277e-01
9.996953606605529785e-01
9.995324015617370605e-01
9.995471835136413574e-01
9.993503689765930176e-01
9.996374249458312988e-01
9.993628859519958496e-01
9.994618296623229980e-01
9.981402754783630371e-01
9.914520382881164551e-01
9.969646930694580078e-01
9.990893602371215820e-01
9.988206624984741211e-01
9.997783303260803223e-01
9.996271729469299316e-01
9.995968341827392578e-01
9.990185499191284180e-01
8.276774883270263672e-01
9.624953866004943848e-01
9.923028349876403809e-01
9.982109069824218750e-01
9.990938305854797363e-01
9.950374960899353027e-01
9.913800954818725586e-01
9.889163374900817871e-01
9.755301475524902344e-01
9.811536073684692383e-01
9.950629472732543945e-01
9.853642582893371582e-01
9.959055781364440918e-01
9.455099701881408691e-01
9.794227480888366699e-01
9.216002821922302246e-01
9.248210191726684570e-01
9.356753826141357422e-01
9.026750922203063965e-01
9.808009266853332520e-01
9.652253389358520508e-01
8.724352121353149414e-01
9.148913621902465820e-01
7.197259664535522461e-01
6.216689348220825195e-01
4.125901758670806885e-01
6.280789971351623535e-01
7.641524821519851685e-01
6.777102947235107422e-01
7.007350325584411621e-01
7.992445826530456543e-01
6.929110288619995117e-01
6.711568236351013184e-01
7.557894587516784668e-01
4.429773390293121338e-01
2.712559103965759277e-01
4.588773846626281738e-01
4.642707705497741699e-01
4.270672202110290527e-01
4.652715921401977539e-01
4.960494637489318848e-01
3.037247955799102783e-01
4.756142497062683105e-01
3.717428445816040039e-01
4.350780248641967773e-01
2.723990082740783691e-01
3.636838197708129883e-01
3.413999676704406738e-01
4.846380949020385742e-01
4.238419532775878906e-01
3.122090101242065430e-01
3.729374408721923828e-01
4.818575978279113770e-01
2.815741598606109619e-01
4.748016595840454102e-01
4.724440872669219971e-01
4.644196629524230957e-01
4.040514230728149414e-01
2.892580032348632812e-01
3.806199431419372559e-01
3.743325471878051758e-01
3.938996195793151855e-01
4.834644198417663574e-01
4.421767592430114746e-01
4.367997050285339355e-01
3.510848283767700195e-01
3.309035003185272217e-01
3.734233677387237549e-01
3.413060307502746582e-01
4.602736830711364746e-01
4.368047118186950684e-01
4.982317090034484863e-01
5.990087687969207764e-01
4.091352522373199463e-01
4.805258512496948242e-01
