9.961766004562377930e-01
2.928562760353088379e-01
4.109065532684326172e-01
8.505931496620178223e-01
9.950274825096130371e-01
9.988708496093750000e-01
9.985769391059875488e-01
9.988923072814941406e-01
9.997332096099853516e-01
9.998040199279785156e-01
9.899336099624633789e-01
9.988597035408020020e-01
9.998692274093627930e-01
9.983907938003540039e-01
9.983519911766052246e-01
9.994942545890808105e-01
9.993776082992553711e-01
9.998518228530883789e-01
9.998544454574584961e-01
9.998666048049926758e-01
9.991062879562377930e-01
9.982284903526306152e-01
9.995106458663940430e-01
9.998306035995483398e-01
9.999225735664367676e-01
9.999374151229858398e-01
9.999123215675354004e-01
9.999331831932067871e-01
9.999409914016723633e-01
9.998801350593566895e-01
9.998825192451477051e-01
9.999129176139831543e-01
9.999379515647888184e-01
9.999082088470458984e-01
9.998912811279296875e-01
9.999214410781860352e-01
9.999217987060546875e-01
9.997783303260803223e-01
9.997568726539611816e-01
9.879640815779566765e-01
9.971040487289428711e-01
9.926226139068603516e-01
2.751774191856384277e-01
9.843024015426635742e-01
5.137060284614562988e-01
6.311743855476379395e-01
7.931967973709106445e-01
9.965106844902038574e-01
8.083608150482177734e-01
9.970058202743530273e-01
9.994776248931884766e-01
9.993547797203063965e-01
9.996706843376159668e-01
9.996374249458312988e-01
9.998412728309631348e-01
9.994425773620605469e-01
9.991761445999145508e-01
9.996582865715026855e-01
9.996237158775329590e-01
9.997023344039916992e-01
9.996787905693054199e-01
9.996771216392517090e-01
9.998152256011962891e-01
9.990442395210266113e-01
9.987614154815673828e-01
9.996938705444335938e-01
9.995506405830383301e-01
9.989343285560607910e-01
9.994468092918395996e-01
9.997321963310241699e-01
9.954736828804016113e-01
9.921792149543762207e-01
9.936140179634094238e-01
9.975985288619995117e-01
9.978659749031066895e-01
9.602298140525817871e-01
9.768264293670654297e-01
9.986981749534606934e-01
9.932724237442016602e-01
9.933004975318908691e-01
9.987627267837524414e-01
9.989609122276306152e-01
9.991778731346130371e-01
9.991348385810852051e-01
9.996618628501892090e-01
9.997431635856628418e-01
9.997299909591674805e-01
9.995427131652832031e-01
9.988024234771728516e-01
9.981393814086914062e-01
9.985029101371765137e-01
9.992122054100036621e-01
9.997184276580810547e-01
9.983566999435424805e-01
9.993844032287597656e-01
9.994368553161621094e-01
9.992734789848327637e-01
9.993247389793395996e-01
9.991417527198791504e-01
9.995624423027038574e-01
9.983930587768554688e-01
9.977697134017944336e-01
9.995083808898925781e-01
9.997162818908691406e-01
9.993556737899780273e-01
9.986660480499267578e-01
9.969670176506042480e-01
9.973563551902770996e-01
9.978224635124206543e-01
9.867079854011535645e-01
9.933966398239135742e-01
9.976127147674560547e-01
9.989613890647888184e-01
9.987848997116088867e-01
9.996756911277770996e-01
9.985477328300476074e-01
9.918034076690673828e-01
9.981489777565002441e-01
9.983250498771667480e-01
9.991893768310546875e-01
9.995619654655456543e-01
9.996389150619506836e-01
9.991178512573242188e-01
9.967116117477416992e-01
9.665507078170776367e-01
9.263197183609008789e-01
9.941086769104003906e-01
7.679451704025268555e-01
8.843384385108947754e-01
9.525569081306457520e-01
9.564265608787536621e-01
9.970687031745910645e-01
8.955217599868774414e-01
8.328189849853515625e-01
9.840808510780334473e-01
9.764582514762878418e-01
9.570425152778625488e-01
9.878466725349426270e-01
9.942117929458618164e-01
9.537209272384643555e-01
9.766016602516174316e-01
9.176655411720275879e-01
8.720688968896865845e-01
8.518402576446533203e-01
9.211898446083068848e-01
8.889419436454772949e-01
7.932208180427551270e-01
7.526144385337829590e-01
5.673499703407287598e-01
5.039250552654266357e-01
3.138809800148010254e-01
4.572130441665649414e-01
5.212152004241943359e-01
4.581511020660400391e-01
6.269528269767761230e-01
3.782187998294830322e-01
4.343367218971252441e-01
5.796387195587158203e-01
4.062100648880004883e-01
3.043734133243560791e-01
4.302467703819274902e-01
3.626364767551422119e-01
5.670827627182006836e-01
5.233818888664245605e-01
4.473767876625061035e-01
3.803038001060485840e-01
4.934030175209045410e-01
2.915073633193969727e-01
3.878552615642547607e-01
2.650395631790161133e-01
3.074520826339721680e-01
2.539927959442138672e-01
2.488586902618408203e-01
2.751161456108093262e-01
2.487486898899078369e-01
1.902425289154052734e-01
2.508322596549987793e-01
3.433662056922912598e-01
2.596466541290283203e-01
3.692584931850433350e-01
3.322101235389709473e-01
3.227075934410095215e-01
3.069258928298950195e-01
3.307284712791442871e-01
3.511488735675811768e-01
5.065972506999969482e-01
4.810629189014434814e-01
3.459554910659790039e-01
4.455991387367248535e-01
3.892971873283386230e-01
4.283270835876464844e-01
3.786084651947021484e-01
3.339554071426391602e-01
4.291759729385375977e-01
4.603686332702636719e-01
3.781679868698120117e-01
4.565645456314086914e-01
3.856158256530761719e-01
3.433994650840759277e-01
3.164287209510803223e-01
4.155392050743103027e-01
4.714114069938659668e-01
4.897223412990570068e-01
4.266446530818939209e-01
