9.961766004562377930e-01
9.970693588256835938e-01
9.985863566398620605e-01
6.561009287834167480e-01
9.846214652061462402e-01
9.987663626670837402e-01
4.852566719055175781e-01
7.445484995841979980e-01
9.955805540084838867e-01
9.956941008567810059e-01
9.976858496665954590e-01
9.995087981224060059e-01
9.998688101768493652e-01
9.988949298858642578e-01
9.980537891387939453e-01
9.995019435882568359e-01
9.994032979011535645e-01
9.998383522033691406e-01
9.998545050621032715e-01
9.998666644096374512e-01
9.991444349288940430e-01
9.982780814170837402e-01
9.998444914817810059e-01
9.998291730880737305e-01
9.999231100082397461e-01
9.999374747276306152e-01
9.999262094497680664e-01
9.994128346443176270e-01
9.998719096183776855e-01
9.999049305915832520e-01
9.999081492424011230e-01
9.999170303344726562e-01
9.999417066574096680e-01
9.999031424522399902e-01
9.998953342437744141e-01
9.999220967292785645e-01
9.999186992645263672e-01
9.997808337211608887e-01
9.881086349487304688e-01
9.892195463180541992e-01
9.991150498390197754e-01
9.996076822280883789e-01
9.932143092155456543e-01
9.900758862495422363e-01
9.996209740638732910e-01
9.996191859245300293e-01
9.991638660430908203e-01
9.997594952583312988e-01
9.991270303726196289e-01
9.997522234916687012e-01
9.963708519935607910e-01
9.975171685218811035e-01
9.992760419845581055e-01
9.989324808120727539e-01
9.770094156265258789e-01
9.996457695960998535e-01
9.996269941329956055e-01
9.983379244804382324e-01
9.988538622856140137e-01
9.992744922637939453e-01
9.990177750587463379e-01
9.997870922088623047e-01
9.998013973236083984e-01
9.988424181938171387e-01
9.988175034523010254e-01
9.995310902595520020e-01
9.991492033004760742e-01
9.997632503509521484e-01
9.993141889572143555e-01
9.996153712272644043e-01
9.997593164443969727e-01
9.994215965270996094e-01
9.997583627700805664e-01
9.998352527618408203e-01
9.909331202507019043e-01
9.936547875404357910e-01
9.996528625488281250e-01
9.995819926261901855e-01
9.939278364181518555e-01
9.996144175529479980e-01
9.990188479423522949e-01
9.997147321701049805e-01
9.992766380310058594e-01
9.995980858802795410e-01
9.995490312576293945e-01
9.997162818908691406e-01
9.997221231460571289e-01
9.996528625488281250e-01
9.995961785316467285e-01
9.995965957641601562e-01
9.994741678237915039e-01
9.997768998146057129e-01
9.997106194496154785e-01
9.997692108154296875e-01
9.993005394935607910e-01
9.983978867530822754e-01
9.997704625129699707e-01
9.991515278816223145e-01
9.995988011360168457e-01
9.987034797668457031e-01
9.984819889068603516e-01
9.989776611328125000e-01
9.995637536048889160e-01
9.987525343894958496e-01
9.979836344718933105e-01
9.476342797279357910e-01
9.895620942115783691e-01
9.973337650299072266e-01
9.972462654113769531e-01
9.984897971153259277e-01
9.996906518936157227e-01
9.993195533752441406e-01
9.990620613098144531e-01
9.962855577468872070e-01
9.977892637252807617e-01
9.972665905952453613e-01
9.991515278816223145e-01
9.991992115974426270e-01
9.988458156585693359e-01
9.987918734550476074e-01
9.978465437889099121e-01
8.940887451171875000e-01
9.763423204421997070e-01
7.511186003684997559e-01
9.562965035438537598e-01
7.986056208610534668e-01
9.891945449635386467e-01
7.713398337364196777e-01
7.950106263160705566e-01
9.614153504371643066e-01
9.860281944274902344e-01
9.537029862403869629e-01
9.585249423980712891e-01
9.814249873161315918e-01
8.023863732814788818e-01
9.389497637748718262e-01
5.206521153450012207e-01
9.779163599014282227e-01
8.889868855476379395e-01
9.257526397705078125e-01
8.929502367973327637e-01
8.598822355270385742e-01
8.843615055084228516e-01
7.806284427642822266e-01
8.570528626441955566e-01
8.334686011075973511e-01
5.321993231773376465e-01
5.265018045902252197e-01
6.439112424850463867e-01
2.877546548843383789e-01
4.032600522041320801e-01
3.125938773155212402e-01
4.029753208160400391e-01
5.908345878124237061e-01
5.201782584190368652e-01
6.529699563980102539e-01
7.154838144779205322e-01
3.156797289848327637e-01
3.783912658691406250e-01
5.035280585289001465e-01
5.743390321731567383e-01
5.510286092758178711e-01
5.297048389911651611e-01
4.427144229412078857e-01
4.729489982128143311e-01
5.033604502677917480e-01
2.622308731079101562e-01
4.769122600555419922e-01
3.666170239448547363e-01
3.794525861740112305e-01
4.204612374305725098e-01
5.315601229667663574e-01
6.393603086471557617e-01
6.776484251022338867e-01
6.114085912704467773e-01
3.793334364891052246e-01
5.244043469429016113e-01
5.727652609348297119e-01
5.203768312931060791e-01
4.553689658641815186e-01
4.021505415439605713e-01
4.967760443687438965e-01
5.911111831665039062e-01
5.815061330795288086e-01
6.625077128410339355e-01
4.712745547294616699e-01
5.162076950073242188e-01
5.761971771717071533e-01
7.225719094276428223e-01
5.301337838172912598e-01
6.525567770004272461e-01
5.992014110088348389e-01
5.577649474143981934e-01
7.072110176086425781e-01
4.732165336608886719e-01
6.818909347057342529e-01
6.233360767364501953e-01
7.327755689620971680e-01
4.547958374023437500e-01
4.685181677341461182e-01
4.986692070960998535e-01
5.674842596054077148e-01
3.968240022659301758e-01
