9.961766004562377930e-01
9.970693588256835938e-01
9.985863566398620605e-01
9.985475540161132812e-01
9.888774156570434570e-01
9.962951540946960449e-01
9.985373020172119141e-01
7.218344211578369141e-01
9.873031973838806152e-01
9.964604973793029785e-01
9.955384731292724609e-01
9.996097683906555176e-01
9.998735189437866211e-01
9.985284209251403809e-01
9.984772205352783203e-01
9.994879364967346191e-01
9.994032979011535645e-01
9.998403191566467285e-01
9.998552203178405762e-01
9.998673796653747559e-01
9.998931884765625000e-01
9.988433122634887695e-01
9.996945261955261230e-01
9.998473525047302246e-01
9.999197125434875488e-01
9.999440312385559082e-01
9.999247193336486816e-01
9.999226927757263184e-01
9.998966455459594727e-01
9.998659491539001465e-01
9.999153017997741699e-01
9.999079704284667969e-01
9.999147653579711914e-01
9.999448060989379883e-01
9.999390840530395508e-01
9.999073147773742676e-01
9.998925328254699707e-01
9.997405409812927246e-01
9.868654608726501465e-01
5.466873049736022949e-01
9.845789074897766113e-01
2.536767721176147461e-01
8.172477483749389648e-01
6.217314600944519043e-01
4.807125329971313477e-01
8.190278708934783936e-01
8.695004582405090332e-01
9.976605176925659180e-01
9.991971254348754883e-01
9.998393058776855469e-01
9.993702173233032227e-01
9.990823864936828613e-01
9.996309876441955566e-01
9.995971918106079102e-01
9.996745586395263672e-01
9.996553063392639160e-01
9.998453855514526367e-01
9.994412660598754883e-01
9.991893172264099121e-01
9.997664690017700195e-01
9.997234940528869629e-01
9.995548725128173828e-01
9.993363618850708008e-01
9.998370409011840820e-01
9.979450106620788574e-01
9.989668130874633789e-01
9.990673065185546875e-01
9.987880587577819824e-01
9.993996024131774902e-01
9.985195398330688477e-01
9.975396990776062012e-01
9.997864365577697754e-01
9.991931319236755371e-01
9.961760640144348145e-01
9.959179162979125977e-01
9.988614916801452637e-01
9.996229410171508789e-01
9.958849549293518066e-01
9.996812343597412109e-01
9.997453093528747559e-01
9.997957944869995117e-01
9.996641874313354492e-01
9.997590780258178711e-01
9.996947050094604492e-01
9.997336864471435547e-01
9.997247457504272461e-01
9.997295737266540527e-01
9.998256564140319824e-01
9.997906684875488281e-01
9.997900128364562988e-01
9.998153448104858398e-01
9.997131228446960449e-01
9.988097548484802246e-01
9.996401667594909668e-01
9.988288879394531250e-01
9.997057318687438965e-01
9.995237588882446289e-01
9.994143247604370117e-01
9.951733946800231934e-01
9.973886609077453613e-01
9.994846582412719727e-01
9.995202422142028809e-01
9.987691044807434082e-01
9.991625547409057617e-01
9.979587793350219727e-01
9.996131062507629395e-01
9.995636343955993652e-01
9.993625283241271973e-01
9.952119588851928711e-01
9.921408891677856445e-01
9.900288581848144531e-01
9.990732073783874512e-01
9.990098476409912109e-01
9.998317360877990723e-01
9.990102648735046387e-01
9.954092502593994141e-01
9.977810978889465332e-01
9.760551452636718750e-01
9.995102882385253906e-01
9.996259212493896484e-01
9.978879094123840332e-01
9.534702897071838379e-01
7.729482054710388184e-01
9.751490950584411621e-01
9.982084035873413086e-01
9.603194594383239746e-01
9.671481847763061523e-01
9.755840301513671875e-01
9.951446652412414551e-01
9.980430006980895996e-01
9.845689535140991211e-01
8.073896169662475586e-01
7.715910673141479492e-01
7.551283240318298340e-01
9.803416132926940918e-01
9.866810441017150879e-01
9.894167780876159668e-01
9.867377877235412598e-01
9.951108098030090332e-01
9.854482412338256836e-01
9.967154860496520996e-01
9.874507784843444824e-01
9.908199310302734375e-01
9.879012107849121094e-01
9.573159813880920410e-01
8.038833141326904297e-01
8.196316957473754883e-01
6.928985118865966797e-01
7.529649734497070312e-01
6.911907792091369629e-01
8.636057376861572266e-01
7.372466921806335449e-01
9.184860363602638245e-01
7.284882664680480957e-01
8.168300390243530273e-01
7.274349927902221680e-01
7.507946491241455078e-01
6.869572997093200684e-01
7.140600681304931641e-01
7.343146800994873047e-01
7.784866094589233398e-01
7.599519491195678711e-01
7.768970727920532227e-01
5.567811131477355957e-01
3.109344840049743652e-01
3.779659271240234375e-01
2.527323961257934570e-01
4.069625139236450195e-01
3.119476437568664551e-01
3.562853336334228516e-01
3.581330776214599609e-01
4.017766118049621582e-01
3.823960423469543457e-01
4.313715696334838867e-01
4.652789533138275146e-01
4.831981658935546875e-01
3.922394514083862305e-01
4.338583946228027344e-01
3.886985480785369873e-01
4.073395729064941406e-01
3.273773789405822754e-01
4.444274306297302246e-01
4.750044941902160645e-01
2.735645771026611328e-01
2.734953165054321289e-01
4.663220047950744629e-01
3.644903898239135742e-01
5.587231218814849854e-01
3.490045070648193359e-01
3.833068907260894775e-01
4.378926455974578857e-01
4.159942865371704102e-01
4.797795116901397705e-01
3.303150534629821777e-01
2.678494453430175781e-01
4.072515964508056641e-01
4.567796885967254639e-01
5.507619082927703857e-01
4.385886788368225098e-01
4.092893600463867188e-01
3.669736385345458984e-01
4.240791201591491699e-01
3.080131113529205322e-01
5.270452499389648438e-01
4.759075641632080078e-01
5.871114730834960938e-01
5.231667160987854004e-01
