5.160000000000000000e+02
1.950000000000000000e+02
2.080000000000000000e+02
2.400000000000000000e+02
2.390000000000000000e+02
2.150000000000000000e+02
2.020000000000000000e+02
2.090000000000000000e+02
2.250000000000000000e+02
2.060000000000000000e+02
2.140000000000000000e+02
2.050000000000000000e+02
2.550000000000000000e+02
2.110000000000000000e+02
2.010000000000000000e+02
3.140000000000000000e+02
1.990000000000000000e+02
2.110000000000000000e+02
2.040000000000000000e+02
2.160000000000000000e+02
2.020000000000000000e+02
2.190000000000000000e+02
2.060000000000000000e+02
2.120000000000000000e+02
2.280000000000000000e+02
2.090000000000000000e+02
2.150000000000000000e+02
2.050000000000000000e+02
2.030000000000000000e+02
2.080000000000000000e+02
2.060000000000000000e+02
2.150000000000000000e+02
2.110000000000000000e+02
2.020000000000000000e+02
1.950000000000000000e+02
2.000000000000000000e+02
2.030000000000000000e+02
2.120000000000000000e+02
2.210000000000000000e+02
2.140000000000000000e+02
2.060000000000000000e+02
3.630000000000000000e+02
2.140000000000000000e+02
2.810000000000000000e+02
2.040000000000000000e+02
2.010000000000000000e+02
2.090000000000000000e+02
2.100000000000000000e+02
2.050000000000000000e+02
2.150000000000000000e+02
