6.461329460144042969e-01
6.517849564552307129e-01
6.412144899368286133e-01
6.632860302925109863e-01
6.476992368698120117e-01
6.525678634643554688e-01
6.616687774658203125e-01
6.705638170242309570e-01
6.734914183616638184e-01
6.654602885246276855e-01
6.641452312469482422e-01
6.566753387451171875e-01
6.674644351005554199e-01
6.589918732643127441e-01
6.657516956329345703e-01
6.695431470870971680e-01
6.755884289741516113e-01
6.673178076744079590e-01
6.890469193458557129e-01
6.838296055793762207e-01
6.811931729316711426e-01
6.830385327339172363e-01
6.800340414047241211e-01
6.917618513107299805e-01
6.763706803321838379e-01
6.975501775741577148e-01
7.006487846374511719e-01
6.923987269401550293e-01
6.848999857902526855e-01
7.001987695693969727e-01
6.986398696899414062e-01
6.802800893783569336e-01
7.041976451873779297e-01
6.871774792671203613e-01
6.992788314819335938e-01
6.926264762878417969e-01
7.005476951599121094e-01
7.035740017890930176e-01
6.807177662849426270e-01
7.106437087059020996e-01
7.065399885177612305e-01
7.092862725257873535e-01
6.766374111175537109e-01
7.168247699737548828e-01
7.088825106620788574e-01
7.102388739585876465e-01
7.037838101387023926e-01
7.170634269714355469e-01
7.174278497695922852e-01
7.023244500160217285e-01
7.061236500740051270e-01
6.922635436058044434e-01
6.999949216842651367e-01
6.897256970405578613e-01
7.069991827011108398e-01
7.034919261932373047e-01
7.207097411155700684e-01
7.100898027420043945e-01
7.272557616233825684e-01
7.283812165260314941e-01
7.007417082786560059e-01
7.214615345001220703e-01
7.300804257392883301e-01
7.201064229011535645e-01
7.219958901405334473e-01
7.361953258514404297e-01
7.024811506271362305e-01
7.291262745857238770e-01
7.398051619529724121e-01
7.138655185699462891e-01
7.419683337211608887e-01
7.409005165100097656e-01
7.369976639747619629e-01
7.481596469879150391e-01
7.446253299713134766e-01
7.435081005096435547e-01
7.382307052612304688e-01
7.427445054054260254e-01
7.326124310493469238e-01
7.454487085342407227e-01
7.457668781280517578e-01
7.704111933708190918e-01
7.513396143913269043e-01
7.588495612144470215e-01
7.339921593666076660e-01
7.586370706558227539e-01
7.864455580711364746e-01
7.646703124046325684e-01
7.926714420318603516e-01
7.600390315055847168e-01
7.597606778144836426e-01
7.693430781364440918e-01
7.642407417297363281e-01
8.036665320396423340e-01
7.920132279396057129e-01
7.784806489944458008e-01
8.086691498756408691e-01
7.911005020141601562e-01
7.858274579048156738e-01
7.934972643852233887e-01
8.044293522834777832e-01
7.710899710655212402e-01
8.044306635856628418e-01
8.096358180046081543e-01
7.940046191215515137e-01
8.061106204986572266e-01
7.964896559715270996e-01
7.732117772102355957e-01
7.921286821365356445e-01
8.087065219879150391e-01
7.964442968368530273e-01
8.340593576431274414e-01
8.089913129806518555e-01
8.196029067039489746e-01
7.961238622665405273e-01
8.014538884162902832e-01
8.397262692451477051e-01
8.337754607200622559e-01
8.277493119239807129e-01
8.495936989784240723e-01
8.389510512351989746e-01
8.289769291877746582e-01
8.424609899520874023e-01
8.054835796356201172e-01
8.298599123954772949e-01
8.504419922828674316e-01
8.096624612808227539e-01
8.615533113479614258e-01
8.628253936767578125e-01
8.484250903129577637e-01
8.685728907585144043e-01
8.650465607643127441e-01
8.663358092308044434e-01
8.684763312339782715e-01
8.838087320327758789e-01
8.702492117881774902e-01
8.479620814323425293e-01
8.791703581809997559e-01
8.789858818054199219e-01
8.803718090057373047e-01
8.917108774185180664e-01
8.807784914970397949e-01
8.537467122077941895e-01
8.918054103851318359e-01
8.969063758850097656e-01
8.893640041351318359e-01
8.882555961608886719e-01
8.873087167739868164e-01
9.087529182434082031e-01
8.789659142494201660e-01
8.982385993003845215e-01
8.852428197860717773e-01
9.033237695693969727e-01
8.906630873680114746e-01
8.822798728942871094e-01
8.855965137481689453e-01
8.518112301826477051e-01
9.042398929595947266e-01
9.209206700325012207e-01
8.942351341247558594e-01
8.849564790725708008e-01
8.819195628166198730e-01
9.142609834671020508e-01
8.537915349006652832e-01
9.086741209030151367e-01
9.136751890182495117e-01
9.170424342155456543e-01
9.062594175338745117e-01
8.871617913246154785e-01
9.138876199722290039e-01
9.213946461677551270e-01
9.232639670372009277e-01
8.983193635940551758e-01
9.333263039588928223e-01
8.675072789192199707e-01
9.375987648963928223e-01
9.234441518783569336e-01
9.363591074943542480e-01
9.242591857910156250e-01
9.335364699363708496e-01
9.552251100540161133e-01
9.176520109176635742e-01
8.260123133659362793e-01
9.238547086715698242e-01
9.638831615447998047e-01
9.650526642799377441e-01
9.325392246246337891e-01
9.701548814773559570e-01
9.837459921836853027e-01
9.428839683532714844e-01
9.602395892143249512e-01
9.089912772178649902e-01
9.422709345817565918e-01
9.737927913665771484e-01
8.619827628135681152e-01
9.790146350860595703e-01
-9.899900000000000000e+04
9.682233929634094238e-01
9.817776679992675781e-01
