6.461329460144042969e-01
6.245424747467041016e-01
6.406359076499938965e-01
6.476886868476867676e-01
6.467798352241516113e-01
6.525678634643554688e-01
6.615265011787414551e-01
6.678663492202758789e-01
6.592803001403808594e-01
6.654602885246276855e-01
6.752379536628723145e-01
6.636283397674560547e-01
6.751164197921752930e-01
6.533682942390441895e-01
6.657516956329345703e-01
6.695431470870971680e-01
6.789344549179077148e-01
6.863613128662109375e-01
6.750097870826721191e-01
6.801012754440307617e-01
6.728221774101257324e-01
6.819897294044494629e-01
6.756352782249450684e-01
6.899821162223815918e-01
7.024981975555419922e-01
7.015670537948608398e-01
6.933497786521911621e-01
6.934535503387451172e-01
6.863583922386169434e-01
7.057719230651855469e-01
6.961628794670104980e-01
6.914268136024475098e-01
7.017874121665954590e-01
7.016295790672302246e-01
7.038972377777099609e-01
7.021046876907348633e-01
7.019261717796325684e-01
6.986222863197326660e-01
7.004839181900024414e-01
7.076328992843627930e-01
7.056980729103088379e-01
6.920599341392517090e-01
7.148153781890869141e-01
6.960043311119079590e-01
6.989963054656982422e-01
7.104017734527587891e-01
6.908330917358398438e-01
7.121972441673278809e-01
7.118342518806457520e-01
6.935628652572631836e-01
6.950515508651733398e-01
6.999723315238952637e-01
7.170302867889404297e-01
6.903543472290039062e-01
7.205718755722045898e-01
7.286267280578613281e-01
7.209824919700622559e-01
7.101971507072448730e-01
7.261192798614501953e-01
7.172884941101074219e-01
7.336912751197814941e-01
7.279343605041503906e-01
7.275055050849914551e-01
7.307614088058471680e-01
7.259075641632080078e-01
7.304744720458984375e-01
7.364999055862426758e-01
7.239063978195190430e-01
7.086443305015563965e-01
7.288518548011779785e-01
7.444392442703247070e-01
7.366099357604980469e-01
7.518718242645263672e-01
7.239336371421813965e-01
7.346224188804626465e-01
7.399455904960632324e-01
7.348672151565551758e-01
7.429559826850891113e-01
7.336344122886657715e-01
7.561264038085937500e-01
7.368444204330444336e-01
7.448093295097351074e-01
7.607290744781494141e-01
7.607979178428649902e-01
7.726746797561645508e-01
7.831944227218627930e-01
7.404198050498962402e-01
7.748451828956604004e-01
7.885408401489257812e-01
7.730504870414733887e-01
7.732830643653869629e-01
7.644956111907958984e-01
7.977207899093627930e-01
7.556505799293518066e-01
7.856755852699279785e-01
7.973282337188720703e-01
7.841892838478088379e-01
7.955734729766845703e-01
7.762548327445983887e-01
8.014963269233703613e-01
7.669809460639953613e-01
8.004492521286010742e-01
7.417965531349182129e-01
8.037652969360351562e-01
8.062427043914794922e-01
7.780926823616027832e-01
8.006264567375183105e-01
7.690389156341552734e-01
8.048716783523559570e-01
8.182451725006103516e-01
8.066410422325134277e-01
7.864080071449279785e-01
7.987712621688842773e-01
8.190096616744995117e-01
8.186799287796020508e-01
7.837824225425720215e-01
8.383148908615112305e-01
8.296641707420349121e-01
8.259522318840026855e-01
8.438002467155456543e-01
8.285302519798278809e-01
8.419116139411926270e-01
8.432693481445312500e-01
8.403767347335815430e-01
8.607218861579895020e-01
8.607788681983947754e-01
8.613197803497314453e-01
7.919435501098632812e-01
8.607673645019531250e-01
8.722579479217529297e-01
8.602925539016723633e-01
8.622034788131713867e-01
8.630473017692565918e-01
8.546130061149597168e-01
8.653827309608459473e-01
8.788527250289916992e-01
8.494311571121215820e-01
8.756019473075866699e-01
8.703985214233398438e-01
8.754099011421203613e-01
8.697447776794433594e-01
8.511529564857482910e-01
8.961917161941528320e-01
9.000880718231201172e-01
8.912411332130432129e-01
8.814253807067871094e-01
8.840129971504211426e-01
8.998546600341796875e-01
8.818759918212890625e-01
8.686598539352416992e-01
8.683255314826965332e-01
8.681863546371459961e-01
8.882558941841125488e-01
9.049723148345947266e-01
8.771051168441772461e-01
8.982630968093872070e-01
8.936839699745178223e-01
9.206419587135314941e-01
9.119639396667480469e-01
9.192840456962585449e-01
9.160380363464355469e-01
8.687163591384887695e-01
8.819558024406433105e-01
9.221130609512329102e-01
9.053034186363220215e-01
8.842499256134033203e-01
7.951641678810119629e-01
8.032450675964355469e-01
9.235697388648986816e-01
9.310542345046997070e-01
9.121692776679992676e-01
9.026509523391723633e-01
9.194702506065368652e-01
8.921501040458679199e-01
9.266527295112609863e-01
9.295132160186767578e-01
9.235349893569946289e-01
9.406869411468505859e-01
9.589281678199768066e-01
9.332475662231445312e-01
9.338932633399963379e-01
9.374327659606933594e-01
9.389967918395996094e-01
9.754325747489929199e-01
9.485327601432800293e-01
9.701068401336669922e-01
9.183573722839355469e-01
9.737191796302795410e-01
9.410618543624877930e-01
9.089574813842773438e-01
8.278885483741760254e-01
9.740914106369018555e-01
9.961312413215637207e-01
9.782788157463073730e-01
9.808197021484375000e-01
9.796878099441528320e-01
9.149419069290161133e-01
9.670338034629821777e-01
9.898151159286499023e-01
9.477872252464294434e-01
9.306421279907226562e-01
9.985857605934143066e-01
1.002870559692382812e+00
9.956992864608764648e-01
9.703745841979980469e-01
9.515982270240783691e-01
8.600313067436218262e-01
-9.899900000000000000e+04
-9.899900000000000000e+04
8.268938064575195312e-01
-9.899900000000000000e+04
8.422967195510864258e-01
-9.899900000000000000e+04
-9.899900000000000000e+04
9.681048393249511719e-01
-9.899900000000000000e+04
8.680977225303649902e-01
-9.899900000000000000e+04
-9.899900000000000000e+04
9.661826491355895996e-01
9.407384991645812988e-01
9.681063890457153320e-01
-9.899900000000000000e+04
-9.899900000000000000e+04
-9.899900000000000000e+04
8.080822229385375977e-01
