6.225892305374145508e-01
6.358127593994140625e-01
6.407510042190551758e-01
6.606395840644836426e-01
6.512370109558105469e-01
6.525678634643554688e-01
6.616687774658203125e-01
6.705638170242309570e-01
6.592803001403808594e-01
6.655529737472534180e-01
6.639269590377807617e-01
6.636283397674560547e-01
6.678974032402038574e-01
6.659889221191406250e-01
6.657516956329345703e-01
6.849688887596130371e-01
6.755480766296386719e-01
6.737642884254455566e-01
6.750604510307312012e-01
6.883132457733154297e-01
6.757770180702209473e-01
6.750268340110778809e-01
6.518429517745971680e-01
7.030632495880126953e-01
6.923391222953796387e-01
6.929475665092468262e-01
7.008069157600402832e-01
6.929986476898193359e-01
6.882863640785217285e-01
6.901693344116210938e-01
6.940954327583312988e-01
6.891896724700927734e-01
6.965758204460144043e-01
6.912381052970886230e-01
6.941378712654113770e-01
6.949877738952636719e-01
7.008129358291625977e-01
6.992508769035339355e-01
6.965888738632202148e-01
7.106922864913940430e-01
6.992926597595214844e-01
7.040451169013977051e-01
7.102094888687133789e-01
7.020668983459472656e-01
7.157762646675109863e-01
7.175039649009704590e-01
7.129096984863281250e-01
7.165662646293640137e-01
7.133212089538574219e-01
7.027104496955871582e-01
7.048988342285156250e-01
7.119036912918090820e-01
7.151707410812377930e-01
7.115476727485656738e-01
7.016109228134155273e-01
7.064175009727478027e-01
7.062137722969055176e-01
7.104176282882690430e-01
6.953780055046081543e-01
7.267901897430419922e-01
7.197306156158447266e-01
6.948983073234558105e-01
7.209613323211669922e-01
7.174235582351684570e-01
7.279345989227294922e-01
7.339164018630981445e-01
7.198929190635681152e-01
7.215431332588195801e-01
7.392978668212890625e-01
7.317959070205688477e-01
7.398662567138671875e-01
7.505271434783935547e-01
7.251062393188476562e-01
7.306788563728332520e-01
7.446893453598022461e-01
7.448167204856872559e-01
7.527198791503906250e-01
7.390792369842529297e-01
7.584611773490905762e-01
7.402691841125488281e-01
7.332900166511535645e-01
7.287976741790771484e-01
7.711504697799682617e-01
7.431570887565612793e-01
7.604730129241943359e-01
7.750455737113952637e-01
7.797401547431945801e-01
7.298567891120910645e-01
7.469642758369445801e-01
7.936595678329467773e-01
7.763593196868896484e-01
7.844423055648803711e-01
7.975459694862365723e-01
7.844730019569396973e-01
7.691288590431213379e-01
7.870884537696838379e-01
7.654184103012084961e-01
7.991216778755187988e-01
7.906066179275512695e-01
7.980612516403198242e-01
7.945156693458557129e-01
7.529397606849670410e-01
7.866683602333068848e-01
7.375334501266479492e-01
7.984277009963989258e-01
7.902288436889648438e-01
7.954173088073730469e-01
8.146824836730957031e-01
8.063175082206726074e-01
7.999539971351623535e-01
8.026489615440368652e-01
7.952553033828735352e-01
7.953503131866455078e-01
8.114835023880004883e-01
8.041214942932128906e-01
8.312773108482360840e-01
8.099576234817504883e-01
7.768132686614990234e-01
8.368598818778991699e-01
8.562434911727905273e-01
7.987990975379943848e-01
8.335204124450683594e-01
8.303807973861694336e-01
8.306481838226318359e-01
8.605078458786010742e-01
8.626089096069335938e-01
8.629174828529357910e-01
8.421418666839599609e-01
8.318015336990356445e-01
8.464258909225463867e-01
8.678334355354309082e-01
8.488406538963317871e-01
8.369089961051940918e-01
8.587349653244018555e-01
8.767139911651611328e-01
8.837912678718566895e-01
8.836591839790344238e-01
8.846814036369323730e-01
8.721902370452880859e-01
8.719781041145324707e-01
8.856225609779357910e-01
8.806715607643127441e-01
8.793948292732238770e-01
8.667728900909423828e-01
8.994617462158203125e-01
8.728078603744506836e-01
9.007878899574279785e-01
8.912161588668823242e-01
8.780737519264221191e-01
8.864523768424987793e-01
8.889328241348266602e-01
8.718553185462951660e-01
9.013817906379699707e-01
9.032484292984008789e-01
9.078026413917541504e-01
8.897851705551147461e-01
8.925895690917968750e-01
9.198358654975891113e-01
9.117009043693542480e-01
8.505696654319763184e-01
9.163440465927124023e-01
9.047802090644836426e-01
9.126854538917541504e-01
8.834802508354187012e-01
8.924685120582580566e-01
9.153730869293212891e-01
9.012730717658996582e-01
9.138063788414001465e-01
9.193115234375000000e-01
9.269767999649047852e-01
9.240092635154724121e-01
9.231224656105041504e-01
8.013717532157897949e-01
9.274609684944152832e-01
8.961886763572692871e-01
8.931048512458801270e-01
9.199591279029846191e-01
9.328457117080688477e-01
9.471646547317504883e-01
9.097661375999450684e-01
9.563303589820861816e-01
9.609279632568359375e-01
9.658308029174804688e-01
9.303696155548095703e-01
8.130404353141784668e-01
-9.899900000000000000e+04
9.499132037162780762e-01
9.865360856056213379e-01
9.633275270462036133e-01
9.644589424133300781e-01
8.973668217658996582e-01
-9.899900000000000000e+04
9.681730270385742188e-01
9.658710360527038574e-01
9.438234567642211914e-01
9.811652898788452148e-01
8.529891967773437500e-01
8.434380888938903809e-01
9.603850841522216797e-01
8.961367011070251465e-01
9.611028432846069336e-01
9.975866079330444336e-01
-9.899900000000000000e+04
9.781739115715026855e-01
9.765552878379821777e-01
9.800283312797546387e-01
9.447439908981323242e-01
9.900425076484680176e-01
-9.899900000000000000e+04
-9.899900000000000000e+04
9.783795475959777832e-01
-9.899900000000000000e+04
-9.899900000000000000e+04
-9.899900000000000000e+04
9.742248654365539551e-01
1.006866455078125000e+00
-9.899900000000000000e+04
9.913982748985290527e-01
-9.899900000000000000e+04
9.254376292228698730e-01
-9.899900000000000000e+04
-9.899900000000000000e+04
-9.899900000000000000e+04
-9.899900000000000000e+04
-9.899900000000000000e+04
-9.899900000000000000e+04
-9.899900000000000000e+04
-9.899900000000000000e+04
9.298202395439147949e-01
-9.899900000000000000e+04
-9.899900000000000000e+04
-9.899900000000000000e+04
-9.899900000000000000e+04
-9.899900000000000000e+04
-9.899900000000000000e+04
