6.225892305374145508e-01
6.245424747467041016e-01
6.407510042190551758e-01
6.595162153244018555e-01
6.469347476959228516e-01
6.518133878707885742e-01
6.603446006774902344e-01
6.678663492202758789e-01
6.734914183616638184e-01
6.654602885246276855e-01
6.752379536628723145e-01
6.637942790985107422e-01
6.702970862388610840e-01
6.589918732643127441e-01
6.660924553871154785e-01
6.726527810096740723e-01
6.745044589042663574e-01
6.668570041656494141e-01
6.878682374954223633e-01
6.843210458755493164e-01
6.925835013389587402e-01
6.940180063247680664e-01
6.780844926834106445e-01
6.914480924606323242e-01
7.024981975555419922e-01
7.001323699951171875e-01
6.884102821350097656e-01
6.988925933837890625e-01
6.895462870597839355e-01
6.945591568946838379e-01
6.866462826728820801e-01
6.950945854187011719e-01
6.976435780525207520e-01
6.946499943733215332e-01
6.898364424705505371e-01
6.913436055183410645e-01
6.959405541419982910e-01
7.002434134483337402e-01
6.998379230499267578e-01
7.160279750823974609e-01
7.080223560333251953e-01
7.072044610977172852e-01
7.091936469078063965e-01
7.050781250000000000e-01
6.989283561706542969e-01
7.127723693847656250e-01
7.124391794204711914e-01
7.177953124046325684e-01
7.082875967025756836e-01
6.992616057395935059e-01
7.111510634422302246e-01
7.011536955833435059e-01
6.968358159065246582e-01
7.048389315605163574e-01
7.205292582511901855e-01
7.118380069732666016e-01
6.835712194442749023e-01
6.976463198661804199e-01
7.180156707763671875e-01
7.135415077209472656e-01
7.345211505889892578e-01
7.325822710990905762e-01
7.239367961883544922e-01
7.188095450401306152e-01
7.325123548507690430e-01
7.259984016418457031e-01
7.426264882087707520e-01
7.379387021064758301e-01
7.259222865104675293e-01
7.271506190299987793e-01
7.366335988044738770e-01
7.313822507858276367e-01
7.378273606300354004e-01
7.422243952751159668e-01
7.475982904434204102e-01
7.508156895637512207e-01
7.334488630294799805e-01
7.694981694221496582e-01
7.546616196632385254e-01
7.481932044029235840e-01
7.637411952018737793e-01
7.502644658088684082e-01
7.462764978408813477e-01
7.485638260841369629e-01
7.759715914726257324e-01
7.532401084899902344e-01
7.825807332992553711e-01
7.913574576377868652e-01
7.560953497886657715e-01
7.560038566589355469e-01
7.924211621284484863e-01
7.829972505569458008e-01
7.930422425270080566e-01
7.778022289276123047e-01
7.946363687515258789e-01
7.777682542800903320e-01
7.724869251251220703e-01
7.993043661117553711e-01
7.778397202491760254e-01
7.933778762817382812e-01
7.738561630249023438e-01
7.755578756332397461e-01
7.772997021675109863e-01
7.887843847274780273e-01
8.133239150047302246e-01
7.719240188598632812e-01
7.972611784934997559e-01
8.069894909858703613e-01
8.014903664588928223e-01
8.095390200614929199e-01
7.465587854385375977e-01
7.698035836219787598e-01
8.181704282760620117e-01
8.089728951454162598e-01
8.304628729820251465e-01
8.075379133224487305e-01
7.885144948959350586e-01
8.397393822669982910e-01
8.191450238227844238e-01
8.377162218093872070e-01
8.296796083450317383e-01
8.525811433792114258e-01
8.426917791366577148e-01
8.554576039314270020e-01
8.589384555816650391e-01
8.439720869064331055e-01
8.447649478912353516e-01
8.660063147544860840e-01
8.709594607353210449e-01
8.451128602027893066e-01
8.653504252433776855e-01
8.560244441032409668e-01
8.671112656593322754e-01
8.616719245910644531e-01
8.688033819198608398e-01
8.617363572120666504e-01
8.628844618797302246e-01
8.684243559837341309e-01
8.410904407501220703e-01
8.898323774337768555e-01
8.769060969352722168e-01
8.748779892921447754e-01
8.937292098999023438e-01
8.879554271697998047e-01
8.804758787155151367e-01
8.889147043228149414e-01
8.945159912109375000e-01
8.832415342330932617e-01
8.869329094886779785e-01
9.036815762519836426e-01
8.907940387725830078e-01
8.840415477752685547e-01
9.110329151153564453e-01
8.998763561248779297e-01
9.119701385498046875e-01
8.726042509078979492e-01
9.184420704841613770e-01
9.232052564620971680e-01
9.119528532028198242e-01
9.128713011741638184e-01
9.270354509353637695e-01
8.859729766845703125e-01
8.880544304847717285e-01
8.630256056785583496e-01
9.224655628204345703e-01
9.230639338493347168e-01
9.164723753929138184e-01
9.046579003334045410e-01
8.897836804389953613e-01
9.193994998931884766e-01
9.313157200813293457e-01
9.256444573402404785e-01
9.036640524864196777e-01
9.135597348213195801e-01
8.965333700180053711e-01
8.984776139259338379e-01
9.087919592857360840e-01
9.271194338798522949e-01
9.097202420234680176e-01
9.507994651794433594e-01
8.648301362991333008e-01
9.443310499191284180e-01
9.450086355209350586e-01
9.531688094139099121e-01
8.608340620994567871e-01
9.283440113067626953e-01
8.061254024505615234e-01
9.539318680763244629e-01
9.625603556632995605e-01
9.552822113037109375e-01
9.587726593017578125e-01
9.603465795516967773e-01
9.644054174423217773e-01
8.721690177917480469e-01
9.904448390007019043e-01
9.704746603965759277e-01
8.055061697959899902e-01
9.486522078514099121e-01
-9.899900000000000000e+04
8.566712141036987305e-01
8.501181006431579590e-01
9.781876802444458008e-01
9.607455134391784668e-01
9.641710519790649414e-01
9.778780937194824219e-01
8.813549876213073730e-01
-9.899900000000000000e+04
9.620393514633178711e-01
-9.899900000000000000e+04
8.414840698242187500e-01
-9.899900000000000000e+04
9.812029600143432617e-01
-9.899900000000000000e+04
9.954056739807128906e-01
-9.899900000000000000e+04
-9.899900000000000000e+04
-9.899900000000000000e+04
-9.899900000000000000e+04
-9.899900000000000000e+04
-9.899900000000000000e+04
9.092009663581848145e-01
-9.899900000000000000e+04
9.759783744812011719e-01
-9.899900000000000000e+04
-9.899900000000000000e+04
-9.899900000000000000e+04
9.505096077919006348e-01
9.876925945281982422e-01
-9.899900000000000000e+04
-9.899900000000000000e+04
-9.899900000000000000e+04
-9.899900000000000000e+04
-9.899900000000000000e+04
-9.899900000000000000e+04
-9.899900000000000000e+04
-9.899900000000000000e+04
-9.899900000000000000e+04
9.625521302223205566e-01
-9.899900000000000000e+04
-9.899900000000000000e+04
-9.899900000000000000e+04
-9.899900000000000000e+04
-9.899900000000000000e+04
-9.899900000000000000e+04
-9.899900000000000000e+04
-9.899900000000000000e+04
9.101709127426147461e-01
-9.899900000000000000e+04
-9.899900000000000000e+04
-9.899900000000000000e+04
-9.899900000000000000e+04
-9.899900000000000000e+04
-9.899900000000000000e+04
8.160894513130187988e-01
-9.899900000000000000e+04
