6.225892305374145508e-01
6.517849564552307129e-01
6.407510042190551758e-01
6.602879762649536133e-01
6.476992368698120117e-01
6.521380543708801270e-01
6.569207310676574707e-01
6.678663492202758789e-01
6.592803001403808594e-01
6.806339025497436523e-01
6.641452312469482422e-01
6.614516377449035645e-01
6.678974032402038574e-01
6.776527762413024902e-01
6.713212132453918457e-01
6.695431470870971680e-01
6.825008392333984375e-01
6.863613128662109375e-01
6.686673164367675781e-01
6.843210458755493164e-01
6.899451017379760742e-01
6.759751439094543457e-01
6.786067485809326172e-01
6.878223419189453125e-01
7.060412764549255371e-01
6.863782405853271484e-01
6.976380944252014160e-01
6.937755942344665527e-01
6.875582337379455566e-01
6.945109963417053223e-01
6.927626132965087891e-01
6.950945854187011719e-01
6.938701868057250977e-01
6.984742283821105957e-01
7.002978920936584473e-01
6.950627565383911133e-01
6.984021067619323730e-01
6.959519386291503906e-01
7.125459909439086914e-01
7.163553833961486816e-01
7.075613737106323242e-01
7.107867002487182617e-01
7.020802497863769531e-01
6.971020698547363281e-01
6.937404274940490723e-01
6.987213492393493652e-01
7.014923691749572754e-01
6.910154223442077637e-01
7.134005427360534668e-01
7.226958274841308594e-01
6.993933320045471191e-01
7.212207913398742676e-01
6.938611865043640137e-01
7.013381719589233398e-01
7.297073602676391602e-01
7.198475599288940430e-01
6.848396658897399902e-01
7.136301994323730469e-01
7.289495468139648438e-01
7.245053052902221680e-01
7.283363938331604004e-01
7.261136174201965332e-01
7.260648608207702637e-01
7.230834960937500000e-01
7.340508699417114258e-01
7.383846640586853027e-01
7.324988245964050293e-01
7.246338129043579102e-01
7.283846139907836914e-01
7.327840924263000488e-01
7.499592304229736328e-01
7.582643628120422363e-01
7.475756406784057617e-01
7.508331537246704102e-01
7.279747724533081055e-01
7.470664381980895996e-01
7.649763822555541992e-01
7.311389446258544922e-01
7.404727339744567871e-01
7.333030700683593750e-01
7.279806137084960938e-01
7.538532018661499023e-01
7.551406621932983398e-01
7.750400304794311523e-01
7.391743659973144531e-01
7.654819488525390625e-01
7.807747721672058105e-01
7.898827195167541504e-01
7.874453663825988770e-01
7.879300117492675781e-01
7.782598137855529785e-01
7.751179933547973633e-01
7.870633602142333984e-01
7.856970429420471191e-01
7.906960844993591309e-01
7.484759688377380371e-01
7.878393530845642090e-01
7.792284488677978516e-01
7.912361025810241699e-01
7.883479595184326172e-01
7.807407975196838379e-01
7.969585061073303223e-01
7.550045251846313477e-01
8.109777569770812988e-01
7.770507931709289551e-01
8.147827386856079102e-01
8.120754361152648926e-01
7.845482826232910156e-01
7.861444950103759766e-01
8.011646270751953125e-01
7.537189126014709473e-01
8.112233877182006836e-01
8.203215003013610840e-01
8.092644214630126953e-01
7.870773673057556152e-01
7.748832702636718750e-01
8.251171708106994629e-01
8.230752944946289062e-01
8.032824397087097168e-01
8.080918788909912109e-01
8.493005037307739258e-01
7.525356411933898926e-01
8.476935625076293945e-01
8.518401980400085449e-01
8.500770926475524902e-01
8.653384447097778320e-01
8.474858403205871582e-01
8.577119708061218262e-01
8.634726405143737793e-01
8.743212223052978516e-01
8.599649667739868164e-01
8.667482137680053711e-01
7.633621096611022949e-01
8.695186972618103027e-01
8.629705309867858887e-01
8.898119330406188965e-01
8.732557296752929688e-01
8.590386509895324707e-01
8.760983943939208984e-01
8.826433420181274414e-01
8.349627852439880371e-01
8.806410431861877441e-01
8.782551288604736328e-01
8.874751329421997070e-01
9.026122093200683594e-01
8.878374695777893066e-01
8.954309821128845215e-01
8.887368440628051758e-01
8.984472751617431641e-01
8.761914968490600586e-01
9.106790423393249512e-01
8.933629989624023438e-01
8.954077959060668945e-01
8.819131851196289062e-01
9.012167453765869141e-01
9.152407050132751465e-01
8.890983462333679199e-01
9.258792400360107422e-01
8.865362405776977539e-01
8.971732854843139648e-01
8.725190758705139160e-01
9.129182100296020508e-01
9.137872457504272461e-01
8.720562458038330078e-01
9.169751405715942383e-01
9.195582270622253418e-01
9.308930635452270508e-01
9.223928451538085938e-01
9.196468591690063477e-01
9.027347564697265625e-01
9.429309368133544922e-01
9.164046645164489746e-01
8.435775637626647949e-01
9.430603981018066406e-01
8.979165554046630859e-01
9.149070382118225098e-01
9.484255909919738770e-01
9.407062530517578125e-01
9.310384392738342285e-01
9.696794152259826660e-01
9.140636920928955078e-01
9.548633098602294922e-01
9.081623554229736328e-01
9.627774953842163086e-01
9.108303189277648926e-01
9.326769709587097168e-01
9.117168784141540527e-01
9.221675395965576172e-01
9.555490612983703613e-01
9.539369344711303711e-01
9.573974609375000000e-01
9.328991174697875977e-01
9.807891845703125000e-01
9.915251731872558594e-01
9.855830669403076172e-01
7.451339960098266602e-01
7.756085395812988281e-01
9.697237014770507812e-01
9.735671877861022949e-01
9.526417255401611328e-01
9.698503613471984863e-01
9.676541090011596680e-01
-9.899900000000000000e+04
9.447388052940368652e-01
-9.899900000000000000e+04
-9.899900000000000000e+04
9.704748392105102539e-01
-9.899900000000000000e+04
9.274144768714904785e-01
-9.899900000000000000e+04
