6.461329460144042969e-01
6.358127593994140625e-01
6.562239527702331543e-01
6.632860302925109863e-01
6.455930471420288086e-01
6.468650102615356445e-01
6.616687774658203125e-01
6.693965792655944824e-01
6.734914183616638184e-01
6.654602885246276855e-01
6.651251316070556641e-01
6.563256978988647461e-01
6.751718521118164062e-01
6.711479425430297852e-01
6.657516956329345703e-01
6.805133223533630371e-01
6.809154748916625977e-01
6.633310317993164062e-01
6.890469193458557129e-01
6.926084160804748535e-01
6.653994321823120117e-01
6.785908937454223633e-01
6.553434133529663086e-01
7.044531106948852539e-01
6.816271543502807617e-01
7.013657093048095703e-01
7.001491189002990723e-01
6.996856331825256348e-01
6.868521571159362793e-01
6.913889050483703613e-01
6.870552301406860352e-01
6.950945854187011719e-01
7.045224905014038086e-01
7.016736865043640137e-01
6.965642571449279785e-01
6.954445838928222656e-01
6.935344338417053223e-01
6.986254453659057617e-01
7.095757722854614258e-01
7.164593338966369629e-01
6.959201097488403320e-01
7.155794501304626465e-01
7.098392248153686523e-01
7.017534971237182617e-01
6.984698176383972168e-01
7.050708532333374023e-01
7.076039314270019531e-01
7.134808897972106934e-01
6.998229622840881348e-01
7.111119627952575684e-01
7.199392318725585938e-01
6.971352100372314453e-01
7.027916908264160156e-01
6.851094961166381836e-01
7.075112462043762207e-01
7.206495404243469238e-01
7.080234885215759277e-01
6.929016113281250000e-01
7.232160568237304688e-01
7.144854068756103516e-01
7.084419727325439453e-01
7.285958528518676758e-01
7.136145234107971191e-01
7.183676362037658691e-01
7.304294109344482422e-01
7.396984100341796875e-01
7.262235879898071289e-01
7.229561805725097656e-01
7.164008617401123047e-01
7.444851994514465332e-01
7.240475416183471680e-01
7.370190024375915527e-01
7.248678207397460938e-01
7.312862277030944824e-01
7.393037676811218262e-01
7.583123445510864258e-01
7.401646375656127930e-01
7.663684487342834473e-01
7.452796101570129395e-01
7.597894668579101562e-01
7.518520951271057129e-01
7.682017087936401367e-01
7.585127949714660645e-01
7.598957419395446777e-01
7.768168449401855469e-01
7.749870419502258301e-01
7.635769844055175781e-01
7.671377062797546387e-01
7.870163917541503906e-01
7.785546779632568359e-01
7.566928267478942871e-01
7.857334613800048828e-01
8.042415976524353027e-01
8.009235262870788574e-01
7.648404240608215332e-01
7.896108627319335938e-01
7.622480988502502441e-01
7.904023528099060059e-01
7.847752571105957031e-01
7.780954837799072266e-01
7.704049348831176758e-01
7.861259579658508301e-01
8.057576417922973633e-01
7.406660914421081543e-01
7.950852513313293457e-01
7.976098060607910156e-01
8.008773922920227051e-01
7.966902852058410645e-01
8.108577728271484375e-01
7.905376553535461426e-01
8.104192018508911133e-01
8.057208061218261719e-01
8.081956505775451660e-01
7.846401333808898926e-01
8.116114139556884766e-01
8.283646702766418457e-01
8.052328824996948242e-01
8.228670358657836914e-01
8.055074214935302734e-01
8.271046876907348633e-01
8.423781394958496094e-01
8.457892537117004395e-01
8.406069278717041016e-01
8.504765033721923828e-01
8.508487343788146973e-01
8.465390801429748535e-01
8.587033748626708984e-01
8.552936911582946777e-01
8.637455701828002930e-01
8.009325265884399414e-01
8.567212820053100586e-01
8.385187983512878418e-01
8.704786300659179688e-01
8.569824099540710449e-01
8.448207378387451172e-01
8.701944351196289062e-01
8.693053126335144043e-01
8.731703758239746094e-01
8.637316226959228516e-01
8.391959071159362793e-01
8.711774945259094238e-01
8.839111328125000000e-01
9.022823572158813477e-01
8.590230345726013184e-01
8.556080460548400879e-01
8.967108726501464844e-01
8.868962526321411133e-01
8.827807307243347168e-01
8.567685484886169434e-01
9.001194834709167480e-01
8.873640894889831543e-01
8.892214298248291016e-01
8.794679641723632812e-01
8.919544219970703125e-01
9.169182181358337402e-01
8.725659847259521484e-01
8.778989911079406738e-01
8.279042840003967285e-01
8.867581486701965332e-01
8.705361485481262207e-01
8.909099698066711426e-01
9.223445653915405273e-01
9.058805108070373535e-01
8.796803951263427734e-01
9.314885735511779785e-01
9.005232453346252441e-01
9.122066497802734375e-01
9.117835760116577148e-01
9.342625737190246582e-01
8.777589201927185059e-01
9.009192585945129395e-01
9.328597784042358398e-01
8.624504208564758301e-01
9.192209243774414062e-01
9.170232415199279785e-01
9.602321386337280273e-01
9.155133962631225586e-01
9.365279674530029297e-01
9.301209449768066406e-01
8.556975126266479492e-01
9.490920901298522949e-01
9.443548917770385742e-01
9.521047472953796387e-01
9.511864781379699707e-01
9.088043570518493652e-01
8.139422535896301270e-01
9.651052355766296387e-01
9.050530791282653809e-01
9.802533984184265137e-01
9.783099889755249023e-01
9.672531485557556152e-01
9.540458917617797852e-01
9.777255654335021973e-01
9.772478342056274414e-01
8.159828782081604004e-01
9.796918630599975586e-01
-9.899900000000000000e+04
9.536123275756835938e-01
8.808012604713439941e-01
-9.899900000000000000e+04
9.441886544227600098e-01
9.696864485740661621e-01
-9.899900000000000000e+04
9.973490834236145020e-01
-9.899900000000000000e+04
-9.899900000000000000e+04
9.863264560699462891e-01
-9.899900000000000000e+04
9.785441160202026367e-01
9.360592365264892578e-01
-9.899900000000000000e+04
-9.899900000000000000e+04
-9.899900000000000000e+04
9.580514430999755859e-01
8.820468783378601074e-01
-9.899900000000000000e+04
-9.899900000000000000e+04
-9.899900000000000000e+04
-9.899900000000000000e+04
-9.899900000000000000e+04
-9.899900000000000000e+04
9.417265057563781738e-01
-9.899900000000000000e+04
4.847350716590881348e-01
-9.899900000000000000e+04
-9.899900000000000000e+04
-9.899900000000000000e+04
-9.899900000000000000e+04
-9.899900000000000000e+04
-9.899900000000000000e+04
-9.899900000000000000e+04
-9.899900000000000000e+04
-9.899900000000000000e+04
-9.899900000000000000e+04
-9.899900000000000000e+04
-9.899900000000000000e+04
-9.899900000000000000e+04
-9.899900000000000000e+04
9.698934555053710938e-01
-9.899900000000000000e+04
-9.899900000000000000e+04
-9.899900000000000000e+04
-9.899900000000000000e+04
-9.899900000000000000e+04
-9.899900000000000000e+04
-9.899900000000000000e+04
-9.899900000000000000e+04
-9.899900000000000000e+04
-9.899900000000000000e+04
-9.899900000000000000e+04
-9.899900000000000000e+04
-9.899900000000000000e+04
-9.899900000000000000e+04
-9.899900000000000000e+04
-9.899900000000000000e+04
-9.899900000000000000e+04
-9.899900000000000000e+04
-9.899900000000000000e+04
-9.899900000000000000e+04
-9.899900000000000000e+04
-9.899900000000000000e+04
-9.899900000000000000e+04
-9.899900000000000000e+04
-9.899900000000000000e+04
-9.899900000000000000e+04
-9.899900000000000000e+04
-9.899900000000000000e+04
-9.899900000000000000e+04
9.617922306060791016e-01
-9.899900000000000000e+04
-9.899900000000000000e+04
-9.899900000000000000e+04
-9.899900000000000000e+04
-9.899900000000000000e+04
-9.899900000000000000e+04
-9.899900000000000000e+04
-9.899900000000000000e+04
6.999159455299377441e-01
-9.899900000000000000e+04
-9.899900000000000000e+04
-9.899900000000000000e+04
-9.899900000000000000e+04
-9.899900000000000000e+04
-9.899900000000000000e+04
-9.899900000000000000e+04
-9.899900000000000000e+04
-9.899900000000000000e+04
-9.899900000000000000e+04
-9.899900000000000000e+04
-9.899900000000000000e+04
-9.899900000000000000e+04
-9.899900000000000000e+04
-9.899900000000000000e+04
-9.899900000000000000e+04
-9.899900000000000000e+04
-9.899900000000000000e+04
-9.899900000000000000e+04
-9.899900000000000000e+04
-9.899900000000000000e+04
-9.899900000000000000e+04
-9.899900000000000000e+04
-9.899900000000000000e+04
-9.899900000000000000e+04
-9.899900000000000000e+04
-9.899900000000000000e+04
-9.899900000000000000e+04
-9.899900000000000000e+04
-9.899900000000000000e+04
-9.899900000000000000e+04
-9.899900000000000000e+04
-9.899900000000000000e+04
-9.899900000000000000e+04
-9.899900000000000000e+04
-9.899900000000000000e+04
-9.899900000000000000e+04
-9.899900000000000000e+04
-9.899900000000000000e+04
-9.899900000000000000e+04
-9.899900000000000000e+04
-9.899900000000000000e+04
-9.899900000000000000e+04
-9.899900000000000000e+04
-9.899900000000000000e+04
-2.794388830661773682e-01
-9.899900000000000000e+04
-9.899900000000000000e+04
-9.899900000000000000e+04
-9.899900000000000000e+04
-9.899900000000000000e+04
-9.899900000000000000e+04
-9.899900000000000000e+04
-9.899900000000000000e+04
-9.899900000000000000e+04
-9.899900000000000000e+04
-9.899900000000000000e+04
-9.899900000000000000e+04
-9.899900000000000000e+04
-9.899900000000000000e+04
-9.899900000000000000e+04
-9.899900000000000000e+04
4.720832705497741699e-01
-9.899900000000000000e+04
-9.899900000000000000e+04
-9.899900000000000000e+04
-9.899900000000000000e+04
-9.899900000000000000e+04
-9.899900000000000000e+04
-9.899900000000000000e+04
-9.899900000000000000e+04
-9.899900000000000000e+04
-9.899900000000000000e+04
-9.899900000000000000e+04
-9.899900000000000000e+04
-9.899900000000000000e+04
-9.899900000000000000e+04
-9.899900000000000000e+04
-9.899900000000000000e+04
-9.899900000000000000e+04
-9.899900000000000000e+04
-9.899900000000000000e+04
-9.899900000000000000e+04
-9.899900000000000000e+04
-9.899900000000000000e+04
-9.899900000000000000e+04
-9.899900000000000000e+04
