6.309524774551391602e-01
6.517849564552307129e-01
6.402796506881713867e-01
6.476886868476867676e-01
6.470496654510498047e-01
6.497756838798522949e-01
6.603446006774902344e-01
6.693965792655944824e-01
6.562860608100891113e-01
6.673698425292968750e-01
6.664795279502868652e-01
6.803489923477172852e-01
6.678974032402038574e-01
6.533682942390441895e-01
6.836334466934204102e-01
6.849688887596130371e-01
6.809154748916625977e-01
6.863613128662109375e-01
6.890469193458557129e-01
6.843210458755493164e-01
6.806809306144714355e-01
6.780090332031250000e-01
6.810171008110046387e-01
6.809147000312805176e-01
7.087706327438354492e-01
6.895736455917358398e-01
7.006487846374511719e-01
6.909920573234558105e-01
6.875582337379455566e-01
6.954091787338256836e-01
6.872646808624267578e-01
6.891896724700927734e-01
6.985192894935607910e-01
6.962742805480957031e-01
6.935407519340515137e-01
6.955422163009643555e-01
6.932854652404785156e-01
7.037948369979858398e-01
7.084416747093200684e-01
7.071730494499206543e-01
7.138149142265319824e-01
7.064243555068969727e-01
6.973720192909240723e-01
7.111380100250244141e-01
7.031493782997131348e-01
7.132829427719116211e-01
7.173875570297241211e-01
7.178967595100402832e-01
7.067179679870605469e-01
7.150923609733581543e-01
7.012593746185302734e-01
7.096917033195495605e-01
7.002468705177307129e-01
7.019031047821044922e-01
7.167890071868896484e-01
7.100645303726196289e-01
7.122139930725097656e-01
7.074076533317565918e-01
7.217819094657897949e-01
7.281841039657592773e-01
7.265985012054443359e-01
7.233197689056396484e-01
7.265780568122863770e-01
7.294365167617797852e-01
7.073792219161987305e-01
7.168999910354614258e-01
7.284070849418640137e-01
7.383219003677368164e-01
7.264281511306762695e-01
7.402698397636413574e-01
7.156994342803955078e-01
7.397390604019165039e-01
7.490652203559875488e-01
7.207548022270202637e-01
7.520657181739807129e-01
7.399359941482543945e-01
7.275508642196655273e-01
7.423472404479980469e-01
7.195860743522644043e-01
7.383098602294921875e-01
7.427138686180114746e-01
7.526920437812805176e-01
7.364544272422790527e-01
7.671268582344055176e-01
7.701004743576049805e-01
7.795986533164978027e-01
7.748202085494995117e-01
7.758287191390991211e-01
7.697744369506835938e-01
7.672995328903198242e-01
7.799496054649353027e-01
7.774791121482849121e-01
7.810915112495422363e-01
7.676963806152343750e-01
7.932852506637573242e-01
7.739380598068237305e-01
7.887840270996093750e-01
7.880529761314392090e-01
7.834890484809875488e-01
7.931163907051086426e-01
8.047837018966674805e-01
7.983497977256774902e-01
7.802495956420898438e-01
7.508751749992370605e-01
7.737945914268493652e-01
7.863232493400573730e-01
7.922837734222412109e-01
8.058239221572875977e-01
8.050686717033386230e-01
8.092442154884338379e-01
8.095448017120361328e-01
8.203969597816467285e-01
8.104468584060668945e-01
8.163343667984008789e-01
8.156231641769409180e-01
8.204765319824218750e-01
8.183109760284423828e-01
8.403087854385375977e-01
8.143674731254577637e-01
8.243334889411926270e-01
8.271158337593078613e-01
8.475200533866882324e-01
8.415384888648986816e-01
8.240894675254821777e-01
8.394638299942016602e-01
8.496065139770507812e-01
8.488498330116271973e-01
8.654463887214660645e-01
8.530184030532836914e-01
8.346618413925170898e-01
8.600975871086120605e-01
8.595457077026367188e-01
8.639698028564453125e-01
8.723402023315429688e-01
8.410974144935607910e-01
8.722292184829711914e-01
8.664951920509338379e-01
8.798775672912597656e-01
8.826750516891479492e-01
8.892095088958740234e-01
8.821777701377868652e-01
8.604249954223632812e-01
8.574574589729309082e-01
8.879107236862182617e-01
8.829721212387084961e-01
8.801314830780029297e-01
9.054464101791381836e-01
8.883705139160156250e-01
8.921829462051391602e-01
9.048855304718017578e-01
9.074503183364868164e-01
8.974924087524414062e-01
8.688639998435974121e-01
8.785265088081359863e-01
8.999012708663940430e-01
9.199692606925964355e-01
8.599157333374023438e-01
8.759325742721557617e-01
9.148427248001098633e-01
9.157181382179260254e-01
9.094135165214538574e-01
8.372459411621093750e-01
8.458604812622070312e-01
8.244378566741943359e-01
9.149324297904968262e-01
9.147670865058898926e-01
9.308450818061828613e-01
9.252005815505981445e-01
9.211633801460266113e-01
9.250338673591613770e-01
9.264062643051147461e-01
9.215635061264038086e-01
9.235054850578308105e-01
9.470203518867492676e-01
9.305880069732666016e-01
9.487516283988952637e-01
9.464784860610961914e-01
8.698478341102600098e-01
8.965306878089904785e-01
9.483639597892761230e-01
9.503938555717468262e-01
9.573502540588378906e-01
9.451516270637512207e-01
9.638342857360839844e-01
9.511699080467224121e-01
9.649654626846313477e-01
9.701406359672546387e-01
9.540114402770996094e-01
9.558572769165039062e-01
9.468709826469421387e-01
9.661098718643188477e-01
8.791690468788146973e-01
9.838191270828247070e-01
9.195613861083984375e-01
9.699481129646301270e-01
9.608576893806457520e-01
9.813814759254455566e-01
8.714919090270996094e-01
9.692949056625366211e-01
9.500787854194641113e-01
9.676871299743652344e-01
-9.899900000000000000e+04
1.011668086051940918e+00
9.688296914100646973e-01
8.665480613708496094e-01
1.004452824592590332e+00
9.680732488632202148e-01
-9.899900000000000000e+04
1.014982342720031738e+00
9.922987222671508789e-01
-9.899900000000000000e+04
-9.899900000000000000e+04
-9.899900000000000000e+04
