6.225892305374145508e-01
6.358127593994140625e-01
6.407510042190551758e-01
6.632860302925109863e-01
6.617763042449951172e-01
6.639208197593688965e-01
6.616687774658203125e-01
6.678663492202758789e-01
6.592803001403808594e-01
6.793448328971862793e-01
6.664795279502868652e-01
6.599124670028686523e-01
6.678974032402038574e-01
6.546568870544433594e-01
6.635941267013549805e-01
6.849688887596130371e-01
6.809154748916625977e-01
6.710654497146606445e-01
6.763575077056884766e-01
6.806299686431884766e-01
6.768352389335632324e-01
6.783048510551452637e-01
6.853700876235961914e-01
6.954405307769775391e-01
6.961972117424011230e-01
6.927474141120910645e-01
6.933497786521911621e-01
6.890015006065368652e-01
6.973822712898254395e-01
6.945591568946838379e-01
6.872646808624267578e-01
6.891896724700927734e-01
7.024661898612976074e-01
6.914362907409667969e-01
6.997989416122436523e-01
7.034580707550048828e-01
6.958599090576171875e-01
7.011405825614929199e-01
7.080863118171691895e-01
7.157986760139465332e-01
6.990765929222106934e-01
7.117599248886108398e-01
7.009627223014831543e-01
7.072386741638183594e-01
7.064148187637329102e-01
7.175109982490539551e-01
6.970187425613403320e-01
7.039930224418640137e-01
7.176901102066040039e-01
6.965796947479248047e-01
7.019069790840148926e-01
7.005366086959838867e-01
7.077642679214477539e-01
7.167189121246337891e-01
7.011963129043579102e-01
7.213183641433715820e-01
7.024644017219543457e-01
7.235277295112609863e-01
7.131883502006530762e-01
7.238804697990417480e-01
7.155187129974365234e-01
7.253053784370422363e-01
6.929062604904174805e-01
7.283037304878234863e-01
7.378845214843750000e-01
7.333030700683593750e-01
7.212433815002441406e-01
7.058150768280029297e-01
7.237251996994018555e-01
7.175967097282409668e-01
7.409167289733886719e-01
7.288214564323425293e-01
7.212321758270263672e-01
7.283078432083129883e-01
7.556362152099609375e-01
7.400258183479309082e-01
7.265670895576477051e-01
7.624312639236450195e-01
7.268500924110412598e-01
7.648955583572387695e-01
7.318947911262512207e-01
7.281538844108581543e-01
7.598801255226135254e-01
7.440976500511169434e-01
7.716217637062072754e-01
7.577758431434631348e-01
7.846431136131286621e-01
7.798612713813781738e-01
7.810279726982116699e-01
7.554624080657958984e-01
7.712440490722656250e-01
7.914315462112426758e-01
7.801678776741027832e-01
7.921941280364990234e-01
7.789324522018432617e-01
7.751988768577575684e-01
7.864922881126403809e-01
7.857009768486022949e-01
8.044608831405639648e-01
7.656369805335998535e-01
7.979283928871154785e-01
7.985982298851013184e-01
8.000304102897644043e-01
7.999518513679504395e-01
8.101170659065246582e-01
7.971941232681274414e-01
7.920156717300415039e-01
7.992610335350036621e-01
8.063565492630004883e-01
8.197057843208312988e-01
8.004231452941894531e-01
8.115532398223876953e-01
7.982170581817626953e-01
8.093900680541992188e-01
8.273891210556030273e-01
8.060867786407470703e-01
8.017342090606689453e-01
8.214098811149597168e-01
7.987366914749145508e-01
8.105916380882263184e-01
8.414806723594665527e-01
8.461108803749084473e-01
8.522139191627502441e-01
8.450672030448913574e-01
8.647527694702148438e-01
7.639560699462890625e-01
8.409780859947204590e-01
8.464970588684082031e-01
8.626847863197326660e-01
8.568094968795776367e-01
8.522502779960632324e-01
8.645189404487609863e-01
8.713046908378601074e-01
8.685827851295471191e-01
8.682979941368103027e-01
8.809215426445007324e-01
8.839177489280700684e-01
8.714813590049743652e-01
8.752481937408447266e-01
8.777358531951904297e-01
8.657392263412475586e-01
8.907016515731811523e-01
8.754512667655944824e-01
8.886044621467590332e-01
8.996969461441040039e-01
8.958715796470642090e-01
8.805409669876098633e-01
9.024248123168945312e-01
8.991061449050903320e-01
8.788567781448364258e-01
9.021835327148437500e-01
8.864924907684326172e-01
8.952915072441101074e-01
8.841144442558288574e-01
9.063871502876281738e-01
9.074867963790893555e-01
8.939130902290344238e-01
9.153219461441040039e-01
9.126921892166137695e-01
9.165084958076477051e-01
8.988463878631591797e-01
9.239212870597839355e-01
9.067206978797912598e-01
9.151163697242736816e-01
9.092764258384704590e-01
9.105868935585021973e-01
9.211495518684387207e-01
8.744090795516967773e-01
9.382503628730773926e-01
9.362060427665710449e-01
8.850980997085571289e-01
8.039013743400573730e-01
9.277740120887756348e-01
9.276797771453857422e-01
9.519418478012084961e-01
9.396601319313049316e-01
9.342092871665954590e-01
9.505507946014404297e-01
9.426408410072326660e-01
9.374783039093017578e-01
8.230026960372924805e-01
9.482691884040832520e-01
9.534034132957458496e-01
9.200292229652404785e-01
8.183811306953430176e-01
9.025010466575622559e-01
9.899680614471435547e-01
9.805228114128112793e-01
9.780817031860351562e-01
9.613329172134399414e-01
-9.899900000000000000e+04
9.845052361488342285e-01
9.577135443687438965e-01
9.620800614356994629e-01
9.722829461097717285e-01
9.372090697288513184e-01
9.247844815254211426e-01
9.736246466636657715e-01
9.907113909721374512e-01
9.611540436744689941e-01
9.472949504852294922e-01
9.735466837882995605e-01
8.349350690841674805e-01
-9.899900000000000000e+04
9.690847992897033691e-01
-9.899900000000000000e+04
9.727331399917602539e-01
1.018399238586425781e+00
