6.461329460144042969e-01
6.358127593994140625e-01
6.407510042190551758e-01
6.632860302925109863e-01
6.466499567031860352e-01
6.468650102615356445e-01
6.616687774658203125e-01
6.608954071998596191e-01
6.592803001403808594e-01
6.673698425292968750e-01
6.664795279502868652e-01
6.636283397674560547e-01
6.677441000938415527e-01
6.484600901603698730e-01
6.782366037368774414e-01
6.849688887596130371e-01
6.826283931732177734e-01
6.839639544486999512e-01
6.753183007240295410e-01
6.853554844856262207e-01
6.891955137252807617e-01
6.802825331687927246e-01
6.472196578979492188e-01
7.004266977310180664e-01
6.861715912818908691e-01
6.868506073951721191e-01
6.877062320709228516e-01
6.913158297538757324e-01
6.877900362014770508e-01
6.918540596961975098e-01
6.952600479125976562e-01
7.149221897125244141e-01
6.903439164161682129e-01
6.951933503150939941e-01
6.909157037734985352e-01
6.923667192459106445e-01
7.038413286209106445e-01
7.049033045768737793e-01
7.072947621345520020e-01
7.014405727386474609e-01
7.046907544136047363e-01
7.106292247772216797e-01
7.094860076904296875e-01
6.900707483291625977e-01
7.092431783676147461e-01
7.158182859420776367e-01
7.057537436485290527e-01
7.216098308563232422e-01
7.161540389060974121e-01
7.076647877693176270e-01
7.049444317817687988e-01
6.956281661987304688e-01
7.019153833389282227e-01
6.979970932006835938e-01
7.104297876358032227e-01
7.049548029899597168e-01
7.158415317535400391e-01
7.239345312118530273e-01
7.240542173385620117e-01
7.248655557632446289e-01
7.340628504753112793e-01
7.105457782745361328e-01
7.291874885559082031e-01
7.181962132453918457e-01
7.335677146911621094e-01
7.163461446762084961e-01
7.365698218345642090e-01
7.325672507286071777e-01
7.311091423034667969e-01
7.415068745613098145e-01
7.280874848365783691e-01
7.272378206253051758e-01
7.513629198074340820e-01
7.524338364601135254e-01
7.253904342651367188e-01
7.572616338729858398e-01
7.277273535728454590e-01
7.514468431472778320e-01
7.500029802322387695e-01
7.594003677368164062e-01
7.314565181732177734e-01
7.423521280288696289e-01
7.530949115753173828e-01
7.633894681930541992e-01
7.786389589309692383e-01
7.675998210906982422e-01
7.588279843330383301e-01
7.716283202171325684e-01
7.626259922981262207e-01
7.940700650215148926e-01
7.898695468902587891e-01
7.841247320175170898e-01
7.590689659118652344e-01
7.675836682319641113e-01
7.552576661109924316e-01
7.868093848228454590e-01
7.504469156265258789e-01
7.815799117088317871e-01
7.413507103919982910e-01
7.972242236137390137e-01
8.049286007881164551e-01
7.788131833076477051e-01
7.695171833038330078e-01
8.032247424125671387e-01
7.639542818069458008e-01
8.093008399009704590e-01
7.953923940658569336e-01
8.051920533180236816e-01
8.061026930809020996e-01
8.114446997642517090e-01
8.079344034194946289e-01
7.756252288818359375e-01
7.971152067184448242e-01
8.101838827133178711e-01
8.216106295585632324e-01
8.279276490211486816e-01
8.137735128402709961e-01
8.274545073509216309e-01
8.189421296119689941e-01
8.272910714149475098e-01
8.430990576744079590e-01
8.391948342323303223e-01
8.437973856925964355e-01
8.254988789558410645e-01
8.423955440521240234e-01
8.523203134536743164e-01
8.547614216804504395e-01
8.427496552467346191e-01
8.782795071601867676e-01
8.347939848899841309e-01
8.626245856285095215e-01
8.821657299995422363e-01
8.689314723014831543e-01
8.745734095573425293e-01
8.599877357482910156e-01
8.735632896423339844e-01
8.553759455680847168e-01
8.671525716781616211e-01
8.700296878814697266e-01
8.817440271377563477e-01
8.363528847694396973e-01
8.849587440490722656e-01
8.848936557769775391e-01
8.894770741462707520e-01
8.148046135902404785e-01
8.990290164947509766e-01
9.001999497413635254e-01
9.016417860984802246e-01
8.957595825195312500e-01
9.048314690589904785e-01
8.968849182128906250e-01
9.124059081077575684e-01
8.804278373718261719e-01
9.038669466972351074e-01
8.923097848892211914e-01
9.088220596313476562e-01
8.787495493888854980e-01
9.098380804061889648e-01
8.928329348564147949e-01
9.199014306068420410e-01
9.138292670249938965e-01
9.047724604606628418e-01
9.191626310348510742e-01
9.099131822586059570e-01
9.123675227165222168e-01
9.309505224227905273e-01
9.134940505027770996e-01
9.144260883331298828e-01
9.300065040588378906e-01
9.366369247436523438e-01
9.377367496490478516e-01
9.334130883216857910e-01
9.151886105537414551e-01
9.545854926109313965e-01
8.714355826377868652e-01
9.426183700561523438e-01
9.026839733123779297e-01
9.533727169036865234e-01
9.248859882354736328e-01
9.426388144493103027e-01
9.666267633438110352e-01
9.204246997833251953e-01
9.550513029098510742e-01
9.334337115287780762e-01
9.708478450775146484e-01
9.772647023200988770e-01
9.142866134643554688e-01
8.956682682037353516e-01
9.426276683807373047e-01
8.114655017852783203e-01
9.181613326072692871e-01
9.468428492546081543e-01
9.277337193489074707e-01
9.835416674613952637e-01
9.830967187881469727e-01
9.970392584800720215e-01
9.818682670593261719e-01
9.833077788352966309e-01
9.976796507835388184e-01
9.868367314338684082e-01
1.005852341651916504e+00
8.013689517974853516e-01
8.195733428001403809e-01
9.438037276268005371e-01
9.909494519233703613e-01
9.859265685081481934e-01
9.481205940246582031e-01
8.630620241165161133e-01
9.225003123283386230e-01
-9.899900000000000000e+04
-9.899900000000000000e+04
-9.899900000000000000e+04
-9.899900000000000000e+04
9.575363993644714355e-01
-9.899900000000000000e+04
-9.899900000000000000e+04
-9.899900000000000000e+04
-9.899900000000000000e+04
-9.899900000000000000e+04
9.145413637161254883e-01
-9.899900000000000000e+04
-9.899900000000000000e+04
-9.899900000000000000e+04
-9.899900000000000000e+04
-9.899900000000000000e+04
-9.899900000000000000e+04
-9.899900000000000000e+04
-9.899900000000000000e+04
-9.899900000000000000e+04
9.364705085754394531e-01
