6.309524774551391602e-01
6.358127593994140625e-01
6.388311982154846191e-01
6.632860302925109863e-01
6.510597467422485352e-01
6.639208197593688965e-01
6.616687774658203125e-01
6.602364182472229004e-01
6.592803001403808594e-01
6.655529737472534180e-01
6.664795279502868652e-01
6.614516377449035645e-01
6.633976101875305176e-01
6.744965314865112305e-01
6.813262104988098145e-01
6.814933419227600098e-01
6.825008392333984375e-01
6.673178076744079590e-01
6.719922423362731934e-01
6.883132457733154297e-01
6.855949759483337402e-01
6.800175309181213379e-01
6.810171008110046387e-01
6.878223419189453125e-01
6.966059207916259766e-01
6.925680041313171387e-01
6.903109550476074219e-01
6.891221404075622559e-01
6.881571412086486816e-01
7.075642347335815430e-01
6.970739364624023438e-01
6.870106458663940430e-01
6.906207799911499023e-01
6.914362907409667969e-01
6.909157037734985352e-01
7.028777599334716797e-01
7.019261717796325684e-01
7.143312692642211914e-01
7.082599997520446777e-01
7.087382674217224121e-01
7.145929932594299316e-01
7.167036533355712891e-01
7.135517001152038574e-01
6.868372559547424316e-01
7.123620510101318359e-01
6.954102516174316406e-01
7.055798768997192383e-01
7.152101397514343262e-01
7.155000567436218262e-01
7.033523321151733398e-01
7.020558714866638184e-01
7.085534930229187012e-01
6.999034285545349121e-01
7.075952291488647461e-01
7.010836005210876465e-01
7.203489542007446289e-01
7.194440960884094238e-01
7.226529717445373535e-01
7.230445742607116699e-01
7.150014638900756836e-01
7.129952311515808105e-01
7.197961211204528809e-01
7.294443249702453613e-01
7.290555238723754883e-01
7.335674166679382324e-01
7.124724388122558594e-01
7.396144270896911621e-01
7.234343886375427246e-01
7.418308854103088379e-01
7.386117577552795410e-01
7.248568534851074219e-01
7.479788661003112793e-01
7.444697618484497070e-01
7.528525590896606445e-01
7.476745843887329102e-01
7.471764087677001953e-01
7.238430976867675781e-01
7.540041208267211914e-01
7.600045204162597656e-01
7.504974007606506348e-01
7.428918480873107910e-01
7.723125219345092773e-01
7.642925381660461426e-01
7.827797532081604004e-01
7.788759469985961914e-01
7.586243152618408203e-01
7.617090940475463867e-01
7.405411005020141602e-01
7.779537439346313477e-01
7.745332121849060059e-01
7.845467329025268555e-01
7.379583716392517090e-01
7.933984994888305664e-01
7.412274479866027832e-01
7.851942181587219238e-01
7.749778032302856445e-01
7.725948095321655273e-01
8.135657906532287598e-01
7.815746068954467773e-01
7.931523919105529785e-01
7.879731655120849609e-01
7.867875695228576660e-01
8.047214746475219727e-01
7.760310769081115723e-01
8.054068088531494141e-01
8.026496767997741699e-01
7.802198529243469238e-01
7.959406971931457520e-01
8.028677701950073242e-01
7.833274602890014648e-01
8.020647764205932617e-01
8.071601390838623047e-01
7.877135872840881348e-01
7.967121005058288574e-01
8.275358080863952637e-01
7.809280157089233398e-01
8.225424885749816895e-01
8.284507989883422852e-01
8.476879000663757324e-01
8.147948384284973145e-01
8.454907536506652832e-01
8.439173102378845215e-01
8.722137212753295898e-01
8.580132126808166504e-01
8.627352118492126465e-01
8.614933490753173828e-01
8.632556796073913574e-01
8.549782633781433105e-01
8.560297489166259766e-01
8.704655766487121582e-01
8.555468320846557617e-01
8.702054619789123535e-01
8.619042634963989258e-01
8.626971840858459473e-01
8.773776292800903320e-01
8.609954714775085449e-01
8.521199822425842285e-01
8.723906874656677246e-01
8.645700812339782715e-01
8.739787340164184570e-01
8.817290067672729492e-01
8.845723271369934082e-01
8.642090559005737305e-01
8.845608234405517578e-01
8.907459974288940430e-01
8.351268172264099121e-01
8.824067115783691406e-01
9.093147516250610352e-01
8.882899880409240723e-01
8.748437762260437012e-01
8.810845017433166504e-01
8.726665377616882324e-01
8.829961419105529785e-01
8.722629547119140625e-01
8.925015926361083984e-01
8.926256299018859863e-01
8.725867867469787598e-01
8.755492568016052246e-01
9.049229025840759277e-01
8.474964499473571777e-01
7.398952841758728027e-01
9.201658964157104492e-01
8.957096338272094727e-01
9.203864336013793945e-01
9.229466915130615234e-01
9.191365242004394531e-01
9.224675297737121582e-01
9.113609790802001953e-01
9.326366782188415527e-01
9.184795022010803223e-01
9.401020407676696777e-01
9.264566302299499512e-01
9.316236972808837891e-01
9.162266254425048828e-01
8.772299885749816895e-01
9.435124993324279785e-01
9.477069377899169922e-01
9.386733174324035645e-01
9.372506141662597656e-01
9.540972113609313965e-01
9.568608999252319336e-01
9.413461685180664062e-01
9.342914819717407227e-01
9.408689141273498535e-01
8.769741654396057129e-01
9.697384834289550781e-01
9.545373916625976562e-01
9.494478702545166016e-01
8.726965188980102539e-01
9.778732061386108398e-01
9.270252585411071777e-01
9.503243565559387207e-01
9.692569971084594727e-01
9.852675795555114746e-01
9.649075865745544434e-01
9.850369691848754883e-01
9.529364109039306641e-01
-9.899900000000000000e+04
9.672903418540954590e-01
9.763240218162536621e-01
-9.899900000000000000e+04
9.836226701736450195e-01
-9.899900000000000000e+04
9.696618318557739258e-01
-9.899900000000000000e+04
-9.899900000000000000e+04
-9.899900000000000000e+04
8.684077858924865723e-01
9.514067769050598145e-01
-9.899900000000000000e+04
9.719855785369873047e-01
-9.899900000000000000e+04
9.931562542915344238e-01
-9.899900000000000000e+04
-9.899900000000000000e+04
-9.899900000000000000e+04
9.373652338981628418e-01
9.787833690643310547e-01
-9.899900000000000000e+04
-9.899900000000000000e+04
-9.899900000000000000e+04
-9.899900000000000000e+04
-9.899900000000000000e+04
-9.899900000000000000e+04
-9.899900000000000000e+04
-9.899900000000000000e+04
-9.899900000000000000e+04
-9.899900000000000000e+04
-9.899900000000000000e+04
-9.899900000000000000e+04
-9.899900000000000000e+04
-9.899900000000000000e+04
-9.899900000000000000e+04
-9.899900000000000000e+04
9.838691949844360352e-01
-9.899900000000000000e+04
-9.899900000000000000e+04
-9.899900000000000000e+04
-9.899900000000000000e+04
-9.899900000000000000e+04
-9.899900000000000000e+04
9.613100886344909668e-01
-9.899900000000000000e+04
-9.899900000000000000e+04
-9.899900000000000000e+04
7.633624672889709473e-01
-9.899900000000000000e+04
9.517207145690917969e-01
7.573228478431701660e-01
-9.899900000000000000e+04
-9.899900000000000000e+04
-9.899900000000000000e+04
-9.899900000000000000e+04
-9.899900000000000000e+04
-9.899900000000000000e+04
-9.899900000000000000e+04
-9.899900000000000000e+04
8.734288215637207031e-01
-9.899900000000000000e+04
-9.899900000000000000e+04
-9.899900000000000000e+04
-9.899900000000000000e+04
-9.899900000000000000e+04
-9.899900000000000000e+04
-9.899900000000000000e+04
-9.899900000000000000e+04
9.519882798194885254e-01
-9.899900000000000000e+04
-9.899900000000000000e+04
-9.899900000000000000e+04
-9.899900000000000000e+04
-9.899900000000000000e+04
-9.899900000000000000e+04
-9.899900000000000000e+04
6.955112814903259277e-01
-9.899900000000000000e+04
-9.899900000000000000e+04
-9.899900000000000000e+04
-9.899900000000000000e+04
