6.309524774551391602e-01
6.358127593994140625e-01
6.388311982154846191e-01
6.606395840644836426e-01
6.648994088172912598e-01
6.472339630126953125e-01
6.616687774658203125e-01
6.678663492202758789e-01
6.592803001403808594e-01
6.611856222152709961e-01
6.664795279502868652e-01
6.463167667388916016e-01
6.817724108695983887e-01
6.772983670234680176e-01
6.822105050086975098e-01
6.814933419227600098e-01
6.741776466369628906e-01
6.743230819702148438e-01
6.662587523460388184e-01
6.843210458755493164e-01
6.747638583183288574e-01
6.935253143310546875e-01
6.553434133529663086e-01
6.934551596641540527e-01
6.974132061004638672e-01
6.733146309852600098e-01
6.898013949394226074e-01
6.942473053932189941e-01
6.828344464302062988e-01
7.024404406547546387e-01
6.872646808624267578e-01
6.946958303451538086e-01
6.860018968582153320e-01
6.876105666160583496e-01
7.002978920936584473e-01
7.030688524246215820e-01
6.940272450447082520e-01
7.037529349327087402e-01
6.999636888504028320e-01
7.112755775451660156e-01
7.067958712577819824e-01
7.028153538703918457e-01
7.087279558181762695e-01
7.041897177696228027e-01
6.973282098770141602e-01
7.028735876083374023e-01
7.011548876762390137e-01
7.183886170387268066e-01
7.128487229347229004e-01
7.209521532058715820e-01
6.797281503677368164e-01
6.928332448005676270e-01
7.032873034477233887e-01
7.042666077613830566e-01
7.195541262626647949e-01
7.263649702072143555e-01
7.065629363059997559e-01
7.231230735778808594e-01
7.251970767974853516e-01
7.235317826271057129e-01
7.160453796386718750e-01
7.258753180503845215e-01
7.230599522590637207e-01
7.187225222587585449e-01
7.121701240539550781e-01
7.394075393676757812e-01
7.397524118423461914e-01
7.298401594161987305e-01
7.229499220848083496e-01
7.205896973609924316e-01
7.138465642929077148e-01
7.483778595924377441e-01
7.461967468261718750e-01
7.556118369102478027e-01
7.472407817840576172e-01
7.622586488723754883e-01
7.340152263641357422e-01
7.627096772193908691e-01
7.447645664215087891e-01
7.426354885101318359e-01
7.281466126441955566e-01
7.606434226036071777e-01
7.598268985748291016e-01
7.821399569511413574e-01
7.575994133949279785e-01
7.515079975128173828e-01
7.692744731903076172e-01
7.764324545860290527e-01
7.710996270179748535e-01
7.835735082626342773e-01
7.524237036705017090e-01
7.837998270988464355e-01
7.824000120162963867e-01
7.890645861625671387e-01
7.658976912498474121e-01
7.686513066291809082e-01
7.885762453079223633e-01
7.903320789337158203e-01
7.828756570816040039e-01
8.016276955604553223e-01
7.796671986579895020e-01
8.049485683441162109e-01
7.939006090164184570e-01
7.730318307876586914e-01
8.016579747200012207e-01
7.877393960952758789e-01
8.142570257186889648e-01
8.004270195960998535e-01
8.123197555541992188e-01
7.916806936264038086e-01
8.149674534797668457e-01
8.112104535102844238e-01
8.047117590904235840e-01
8.283154964447021484e-01
8.246436715126037598e-01
8.109861612319946289e-01
8.131383061408996582e-01
8.064022660255432129e-01
8.418353796005249023e-01
8.397989869117736816e-01
8.253741264343261719e-01
8.393224477767944336e-01
8.478645682334899902e-01
8.507224917411804199e-01
8.508412837982177734e-01
8.369827270507812500e-01
8.419106602668762207e-01
8.607732653617858887e-01
8.679214119911193848e-01
8.666415810585021973e-01
8.598093986511230469e-01
8.683300614356994629e-01
8.612717390060424805e-01
8.613541722297668457e-01
8.692118525505065918e-01
8.794007301330566406e-01
8.759777545928955078e-01
8.653624653816223145e-01
8.487061262130737305e-01
8.824934959411621094e-01
8.630861639976501465e-01
9.043346047401428223e-01
8.789427876472473145e-01
8.893510699272155762e-01
8.745411038398742676e-01
8.906878232955932617e-01
9.092215895652770996e-01
9.132213592529296875e-01
8.995787501335144043e-01
8.790541291236877441e-01
8.754183053970336914e-01
9.003232717514038086e-01
8.938884735107421875e-01
8.748185634613037109e-01
9.007962346076965332e-01
9.006986021995544434e-01
8.963659405708312988e-01
9.249968528747558594e-01
9.051291942596435547e-01
8.915165066719055176e-01
9.085209965705871582e-01
8.905238509178161621e-01
9.153177142143249512e-01
9.047276973724365234e-01
9.219849705696105957e-01
8.890105485916137695e-01
8.782094120979309082e-01
9.159393906593322754e-01
8.955490589141845703e-01
9.269915223121643066e-01
9.154891967773437500e-01
9.174577593803405762e-01
9.062343835830688477e-01
9.416923522949218750e-01
9.000040292739868164e-01
9.435136914253234863e-01
9.418663978576660156e-01
8.663347959518432617e-01
9.406676888465881348e-01
7.565423846244812012e-01
9.163390398025512695e-01
9.609791040420532227e-01
9.284648895263671875e-01
9.149814844131469727e-01
9.472764134407043457e-01
9.504560232162475586e-01
9.458604454994201660e-01
9.508774876594543457e-01
9.512757062911987305e-01
9.843635559082031250e-01
8.918271660804748535e-01
9.756379723548889160e-01
8.166088461875915527e-01
9.636711478233337402e-01
9.040561914443969727e-01
9.582490921020507812e-01
9.564278721809387207e-01
9.850339293479919434e-01
9.821478128433227539e-01
9.367913007736206055e-01
9.692432284355163574e-01
9.680503010749816895e-01
