6.291534900665283203e-01
6.257067918777465820e-01
6.406359076499938965e-01
6.606395840644836426e-01
6.469347476959228516e-01
6.518133878707885742e-01
6.616687774658203125e-01
6.703080534934997559e-01
6.596282720565795898e-01
6.673698425292968750e-01
6.752379536628723145e-01
6.740006208419799805e-01
6.633976101875305176e-01
6.840402483940124512e-01
6.808091402053833008e-01
6.734188199043273926e-01
6.755884289741516113e-01
6.668570041656494141e-01
6.876410841941833496e-01
6.764035224914550781e-01
6.899451017379760742e-01
6.762703061103820801e-01
6.749833226203918457e-01
6.926614642143249512e-01
7.024981975555419922e-01
6.865199208259582520e-01
7.006487846374511719e-01
6.913158297538757324e-01
6.941275596618652344e-01
6.918540596961975098e-01
6.916556358337402344e-01
6.921029686927795410e-01
6.915193796157836914e-01
6.992371082305908203e-01
7.008225321769714355e-01
6.951496005058288574e-01
7.012245655059814453e-01
7.004896402359008789e-01
6.882473230361938477e-01
7.067299485206604004e-01
7.065399885177612305e-01
7.153095602989196777e-01
7.098624110221862793e-01
7.141640186309814453e-01
6.997728943824768066e-01
7.051142454147338867e-01
7.114768028259277344e-01
6.935513615608215332e-01
7.135398983955383301e-01
6.974677443504333496e-01
6.894633769989013672e-01
7.046927809715270996e-01
6.943100690841674805e-01
7.131127119064331055e-01
7.059625387191772461e-01
7.022773027420043945e-01
7.198337912559509277e-01
7.244276404380798340e-01
7.278962731361389160e-01
7.233142256736755371e-01
7.009242177009582520e-01
7.343705296516418457e-01
7.257980704307556152e-01
7.145741581916809082e-01
7.332394719123840332e-01
7.378669381141662598e-01
7.260010242462158203e-01
7.268474102020263672e-01
7.248368263244628906e-01
7.410247325897216797e-01
7.302917838096618652e-01
7.296185493469238281e-01
7.388555407524108887e-01
7.469252347946166992e-01
7.523019313812255859e-01
7.538474798202514648e-01
7.607602477073669434e-01
7.583283782005310059e-01
7.358186841011047363e-01
7.425826787948608398e-01
7.615940570831298828e-01
7.629352807998657227e-01
7.259230017662048340e-01
7.731766104698181152e-01
7.406075000762939453e-01
7.483786940574645996e-01
7.817547321319580078e-01
7.620266079902648926e-01
7.878880500793457031e-01
7.683351635932922363e-01
7.981323003768920898e-01
7.582337260246276855e-01
7.977227568626403809e-01
7.871772646903991699e-01
7.748340964317321777e-01
7.718130350112915039e-01
7.952777147293090820e-01
7.793704271316528320e-01
7.455969452857971191e-01
7.909655570983886719e-01
7.821839451789855957e-01
7.931636571884155273e-01
7.931678295135498047e-01
7.767951488494873047e-01
7.830879092216491699e-01
7.984661459922790527e-01
7.925231456756591797e-01
8.045919537544250488e-01
8.132683634757995605e-01
8.132196068763732910e-01
7.991625666618347168e-01
7.891792654991149902e-01
8.236404061317443848e-01
8.157314062118530273e-01
8.245671987533569336e-01
8.012292981147766113e-01
8.175960779190063477e-01
8.240332007408142090e-01
8.508014082908630371e-01
8.216578364372253418e-01
8.099591732025146484e-01
8.426860570907592773e-01
8.427016139030456543e-01
8.470901250839233398e-01
8.008929491043090820e-01
8.577426671981811523e-01
8.512630462646484375e-01
8.630572557449340820e-01
8.597813248634338379e-01
8.754355907440185547e-01
8.676931262016296387e-01
8.542729616165161133e-01
8.735346794128417969e-01
8.777760863304138184e-01
8.844496011734008789e-01
8.851198554039001465e-01
8.628393411636352539e-01
8.702644109725952148e-01
8.762339949607849121e-01
8.712000846862792969e-01
8.650856018066406250e-01
8.091628551483154297e-01
8.920897245407104492e-01
8.930832743644714355e-01
8.835590481758117676e-01
8.986555337905883789e-01
9.044375419616699219e-01
8.938074707984924316e-01
8.909375071525573730e-01
8.986811637878417969e-01
8.816425800323486328e-01
8.167691826820373535e-01
8.896776437759399414e-01
8.738060593605041504e-01
8.890851140022277832e-01
8.861584067344665527e-01
8.825133442878723145e-01
9.072052240371704102e-01
9.174868464469909668e-01
8.976925015449523926e-01
8.912490606307983398e-01
9.065485596656799316e-01
9.084672331809997559e-01
9.085001945495605469e-01
9.291960000991821289e-01
8.995782136917114258e-01
9.144510030746459961e-01
8.956304788589477539e-01
8.332667946815490723e-01
9.283542633056640625e-01
9.349471330642700195e-01
9.288992881774902344e-01
9.171113967895507812e-01
8.805789947509765625e-01
9.658809900283813477e-01
9.185121655464172363e-01
9.376062750816345215e-01
9.320833683013916016e-01
8.279625177383422852e-01
9.452162981033325195e-01
9.352385997772216797e-01
9.083622694015502930e-01
9.837280511856079102e-01
9.564008116722106934e-01
9.380291104316711426e-01
9.460336565971374512e-01
9.526787996292114258e-01
9.299744367599487305e-01
9.665077924728393555e-01
9.798235297203063965e-01
9.267309308052062988e-01
9.894844293594360352e-01
8.785958290100097656e-01
9.405454397201538086e-01
-9.899900000000000000e+04
1.012386083602905273e+00
9.620311856269836426e-01
9.513959288597106934e-01
8.647916316986083984e-01
9.346334934234619141e-01
8.376294374465942383e-01
9.987025856971740723e-01
9.356991648674011230e-01
9.837350249290466309e-01
9.785535931587219238e-01
-9.899900000000000000e+04
-9.899900000000000000e+04
-9.899900000000000000e+04
-9.899900000000000000e+04
9.324497580528259277e-01
-9.899900000000000000e+04
9.765508770942687988e-01
-9.899900000000000000e+04
-9.899900000000000000e+04
-9.899900000000000000e+04
-9.899900000000000000e+04
-9.899900000000000000e+04
-9.899900000000000000e+04
9.803810715675354004e-01
