6.225892305374145508e-01
6.358127593994140625e-01
6.388311982154846191e-01
6.595162153244018555e-01
6.512370109558105469e-01
6.468650102615356445e-01
6.616687774658203125e-01
6.678663492202758789e-01
6.592803001403808594e-01
6.806339025497436523e-01
6.738380193710327148e-01
6.505369544029235840e-01
6.817724108695983887e-01
6.772983670234680176e-01
6.709099411964416504e-01
6.741617321968078613e-01
6.765583157539367676e-01
6.863613128662109375e-01
6.685377955436706543e-01
6.843210458755493164e-01
6.899451017379760742e-01
6.825303435325622559e-01
6.780844926834106445e-01
6.900770664215087891e-01
6.966059207916259766e-01
6.925680041313171387e-01
7.002821564674377441e-01
7.043316960334777832e-01
6.760867834091186523e-01
6.918540596961975098e-01
6.826096773147583008e-01
6.888970136642456055e-01
6.974868178367614746e-01
6.997878551483154297e-01
6.898364424705505371e-01
7.028777599334716797e-01
6.957610249519348145e-01
6.970299482345581055e-01
7.090248465538024902e-01
7.051445245742797852e-01
7.041190862655639648e-01
7.137159109115600586e-01
7.144544720649719238e-01
7.091802358627319336e-01
6.977422237396240234e-01
6.948339939117431641e-01
7.025651335716247559e-01
6.919237971305847168e-01
7.083663940429687500e-01
6.937298178672790527e-01
6.948311328887939453e-01
6.997135281562805176e-01
7.048487067222595215e-01
7.211061716079711914e-01
7.190287113189697266e-01
7.210426330566406250e-01
7.223340868949890137e-01
7.238815426826477051e-01
7.256452441215515137e-01
7.154312729835510254e-01
7.280527353286743164e-01
7.215110063552856445e-01
7.219878435134887695e-01
7.322587370872497559e-01
7.250989675521850586e-01
7.364002466201782227e-01
7.369909286499023438e-01
7.279061675071716309e-01
7.390508651733398438e-01
7.412159442901611328e-01
7.455713748931884766e-01
7.195499539375305176e-01
7.502840757369995117e-01
7.408147454261779785e-01
7.511675953865051270e-01
7.480925321578979492e-01
7.569568753242492676e-01
7.579312920570373535e-01
7.395103573799133301e-01
7.612861990928649902e-01
7.545912265777587891e-01
7.551895380020141602e-01
7.749807834625244141e-01
7.412409782409667969e-01
7.588625550270080566e-01
7.769525647163391113e-01
7.798031568527221680e-01
7.812050580978393555e-01
7.742561101913452148e-01
7.576636075973510742e-01
7.531234025955200195e-01
7.727707624435424805e-01
7.625961899757385254e-01
7.858324646949768066e-01
7.729715108871459961e-01
7.830677628517150879e-01
7.959449887275695801e-01
7.801671028137207031e-01
7.951945066452026367e-01
7.886881828308105469e-01
7.948141098022460938e-01
7.931973338127136230e-01
7.906864285469055176e-01
8.013401627540588379e-01
7.993767857551574707e-01
7.882568836212158203e-01
8.051939606666564941e-01
8.149746060371398926e-01
7.894369363784790039e-01
8.125201463699340820e-01
7.939365506172180176e-01
7.984804511070251465e-01
8.078975677490234375e-01
8.410383462905883789e-01
8.085293769836425781e-01
8.081880807876586914e-01
8.390312790870666504e-01
8.296375870704650879e-01
8.427456021308898926e-01
8.355870842933654785e-01
8.533204793930053711e-01
8.448638916015625000e-01
8.310095667839050293e-01
8.394833207130432129e-01
8.540721535682678223e-01
8.328874111175537109e-01
8.747823834419250488e-01
8.518316149711608887e-01
8.581335544586181641e-01
8.635790348052978516e-01
8.337618112564086914e-01
8.463758826255798340e-01
8.553642630577087402e-01
8.560726642608642578e-01
8.668175339698791504e-01
8.871824145317077637e-01
8.772392272949218750e-01
8.638988137245178223e-01
8.616289496421813965e-01
8.756543993949890137e-01
8.840160369873046875e-01
8.447433710098266602e-01
8.491963744163513184e-01
8.808273673057556152e-01
8.959884047508239746e-01
8.904514908790588379e-01
8.954262733459472656e-01
8.934403657913208008e-01
8.887854814529418945e-01
8.829912543296813965e-01
8.655249476432800293e-01
8.923104405403137207e-01
8.851014375686645508e-01
9.020745754241943359e-01
8.884571194648742676e-01
8.840088248252868652e-01
8.983239531517028809e-01
9.056575894355773926e-01
8.971524238586425781e-01
8.857905268669128418e-01
9.174640774726867676e-01
8.911005854606628418e-01
9.025122523307800293e-01
8.972256183624267578e-01
8.941519856452941895e-01
9.201238751411437988e-01
9.297654032707214355e-01
9.028781056404113770e-01
9.118285775184631348e-01
9.104549884796142578e-01
8.895700573921203613e-01
9.261030554771423340e-01
9.183591008186340332e-01
9.378157258033752441e-01
9.374006390571594238e-01
8.255808949470520020e-01
9.529431462287902832e-01
9.390557408332824707e-01
9.598724246025085449e-01
8.034907579421997070e-01
8.912094235420227051e-01
8.038732409477233887e-01
9.441199302673339844e-01
9.641060233116149902e-01
9.635704159736633301e-01
8.465672731399536133e-01
9.478273987770080566e-01
9.524748325347900391e-01
9.767889976501464844e-01
9.604094624519348145e-01
9.174776673316955566e-01
9.569751024246215820e-01
9.693956971168518066e-01
9.396108388900756836e-01
9.571595788002014160e-01
9.821768403053283691e-01
9.069276452064514160e-01
1.002873539924621582e+00
9.629932045936584473e-01
-9.899900000000000000e+04
9.968581199645996094e-01
