6.309524774551391602e-01
6.517849564552307129e-01
6.406359076499938965e-01
6.632860302925109863e-01
6.469347476959228516e-01
6.639208197593688965e-01
6.525503396987915039e-01
6.678663492202758789e-01
6.734914183616638184e-01
6.793448328971862793e-01
6.752379536628723145e-01
6.803489923477172852e-01
6.817905902862548828e-01
6.533682942390441895e-01
6.657516956329345703e-01
6.686975359916687012e-01
6.809154748916625977e-01
6.673178076744079590e-01
6.890469193458557129e-01
6.838296055793762207e-01
6.800538301467895508e-01
6.791911721229553223e-01
6.752519607543945312e-01
6.934551596641540527e-01
6.883972287178039551e-01
7.001015543937683105e-01
7.089968919754028320e-01
6.913158297538757324e-01
6.882863640785217285e-01
6.963743567466735840e-01
6.952600479125976562e-01
7.077122330665588379e-01
6.977807283401489258e-01
6.886798739433288574e-01
6.984798908233642578e-01
6.957734823226928711e-01
6.957601904869079590e-01
6.964154839515686035e-01
6.886186003684997559e-01
7.027247548103332520e-01
6.988779306411743164e-01
7.006900310516357422e-01
7.106606960296630859e-01
7.033425569534301758e-01
6.764194965362548828e-01
7.022134661674499512e-01
7.034773230552673340e-01
6.996990442276000977e-01
7.178912758827209473e-01
6.972680091857910156e-01
6.994251012802124023e-01
6.803737282752990723e-01
7.022367119789123535e-01
7.182399630546569824e-01
6.984731554985046387e-01
7.063851952552795410e-01
7.212780714035034180e-01
7.111678719520568848e-01
7.143894433975219727e-01
7.297284603118896484e-01
7.264457941055297852e-01
7.116740942001342773e-01
7.287932634353637695e-01
7.309083938598632812e-01
7.329043149948120117e-01
7.250515222549438477e-01
7.275089025497436523e-01
7.355455160140991211e-01
7.289490699768066406e-01
7.411143779754638672e-01
7.261428236961364746e-01
7.367243766784667969e-01
7.293468117713928223e-01
7.477427721023559570e-01
7.361736297607421875e-01
7.484694123268127441e-01
7.507162094116210938e-01
7.425832748413085938e-01
7.525757551193237305e-01
7.600664496421813965e-01
7.308952212333679199e-01
7.682407498359680176e-01
7.438756227493286133e-01
7.095820903778076172e-01
7.666198611259460449e-01
7.638932466506958008e-01
7.875820398330688477e-01
7.592946290969848633e-01
7.757681012153625488e-01
7.898136377334594727e-01
7.298097014427185059e-01
7.651479244232177734e-01
7.784931063652038574e-01
7.494167685508728027e-01
7.702646851539611816e-01
7.761057615280151367e-01
7.653678059577941895e-01
8.028087019920349121e-01
7.864100337028503418e-01
7.728092074394226074e-01
7.793649435043334961e-01
7.963359951972961426e-01
7.850311398506164551e-01
7.803219556808471680e-01
8.010711669921875000e-01
7.817189097404479980e-01
7.900407910346984863e-01
7.881234288215637207e-01
7.725866436958312988e-01
8.163942694664001465e-01
7.865829467773437500e-01
8.077569603919982910e-01
8.189685344696044922e-01
8.199250698089599609e-01
8.075703978538513184e-01
8.274139165878295898e-01
8.267638087272644043e-01
7.972366809844970703e-01
8.291791677474975586e-01
8.426412940025329590e-01
8.454700708389282227e-01
8.478167057037353516e-01
8.473215103149414062e-01
8.563121557235717773e-01
8.571133613586425781e-01
8.483282327651977539e-01
8.566480278968811035e-01
8.527199029922485352e-01
8.774400949478149414e-01
8.786624670028686523e-01
8.602442741394042969e-01
8.471822738647460938e-01
8.374944925308227539e-01
8.532786965370178223e-01
8.627287745475769043e-01
8.778026700019836426e-01
7.852600216865539551e-01
8.705109953880310059e-01
8.588027954101562500e-01
8.646392822265625000e-01
8.734484910964965820e-01
8.747110962867736816e-01
8.818162083625793457e-01
8.902456164360046387e-01
8.870384097099304199e-01
8.914718627929687500e-01
9.024720191955566406e-01
8.804601430892944336e-01
8.973070979118347168e-01
9.147396683692932129e-01
8.789582848548889160e-01
9.056935310363769531e-01
8.822174668312072754e-01
9.056206345558166504e-01
8.771585226058959961e-01
9.095848202705383301e-01
8.815645575523376465e-01
9.141369462013244629e-01
8.991118073463439941e-01
9.149133563041687012e-01
8.746860623359680176e-01
8.625482320785522461e-01
9.084967970848083496e-01
8.892462253570556641e-01
8.866705894470214844e-01
8.975325822830200195e-01
7.884577512741088867e-01
9.175870418548583984e-01
9.050093889236450195e-01
9.198604822158813477e-01
9.181900024414062500e-01
9.115688204765319824e-01
9.245516657829284668e-01
8.620220422744750977e-01
9.463524818420410156e-01
8.945060968399047852e-01
9.486986398696899414e-01
9.152005314826965332e-01
9.419288039207458496e-01
9.413413405418395996e-01
9.417610168457031250e-01
8.087849617004394531e-01
9.305815100669860840e-01
9.328236579895019531e-01
8.906441926956176758e-01
9.349651336669921875e-01
9.246348142623901367e-01
6.766307950019836426e-01
9.439013600349426270e-01
9.469714164733886719e-01
8.391218185424804688e-01
9.428576231002807617e-01
9.784129261970520020e-01
9.839697480201721191e-01
-9.899900000000000000e+04
9.497836232185363770e-01
9.676197767257690430e-01
1.001655220985412598e+00
9.863651990890502930e-01
9.996564388275146484e-01
9.773525595664978027e-01
9.812646508216857910e-01
9.769356250762939453e-01
9.654632806777954102e-01
9.754068851470947266e-01
-9.899900000000000000e+04
-9.899900000000000000e+04
-9.899900000000000000e+04
-9.899900000000000000e+04
