6.309524774551391602e-01
6.245424747467041016e-01
6.388311982154846191e-01
6.632860302925109863e-01
6.510597467422485352e-01
6.472339630126953125e-01
6.616687774658203125e-01
6.712651252746582031e-01
6.746804118156433105e-01
6.656666994094848633e-01
6.752379536628723145e-01
6.596245169639587402e-01
6.678974032402038574e-01
6.589918732643127441e-01
6.808091402053833008e-01
6.848210692405700684e-01
6.810971498489379883e-01
6.609527468681335449e-01
6.750097870826721191e-01
6.843210458755493164e-01
6.745607256889343262e-01
6.750268340110778809e-01
6.749833226203918457e-01
6.878223419189453125e-01
7.024981975555419922e-01
6.906134486198425293e-01
6.835106611251831055e-01
6.913158297538757324e-01
6.810050010681152344e-01
7.026348114013671875e-01
6.940954327583312988e-01
7.014163732528686523e-01
7.107746601104736328e-01
6.935343146324157715e-01
6.906653642654418945e-01
6.949884295463562012e-01
6.958599090576171875e-01
6.970299482345581055e-01
7.070650458335876465e-01
7.035292983055114746e-01
7.056334018707275391e-01
7.110667824745178223e-01
6.903662085533142090e-01
6.925241947174072266e-01
7.005380392074584961e-01
6.926412582397460938e-01
7.152827382087707520e-01
7.094183564186096191e-01
7.074453234672546387e-01
7.139459252357482910e-01
7.198730111122131348e-01
7.221456170082092285e-01
6.953643560409545898e-01
7.156661748886108398e-01
6.993483901023864746e-01
7.056894302368164062e-01
7.077493071556091309e-01
7.122310996055603027e-01
7.242348790168762207e-01
7.028958797454833984e-01
7.291699051856994629e-01
7.346662282943725586e-01
7.204877734184265137e-01
7.319440245628356934e-01
7.285264730453491211e-01
7.071585059165954590e-01
7.392439842224121094e-01
7.255489230155944824e-01
7.289584875106811523e-01
7.205467820167541504e-01
7.426644563674926758e-01
7.318724393844604492e-01
7.392408251762390137e-01
7.186821699142456055e-01
7.304145693778991699e-01
7.299878597259521484e-01
7.592220902442932129e-01
7.405248880386352539e-01
7.452735900878906250e-01
7.285776138305664062e-01
7.541809678077697754e-01
7.601732611656188965e-01
7.612951993942260742e-01
7.324299216270446777e-01
7.723495364189147949e-01
7.719703912734985352e-01
7.874596714973449707e-01
7.582372426986694336e-01
7.787550687789916992e-01
7.367035746574401855e-01
7.872740626335144043e-01
7.631739377975463867e-01
7.979846596717834473e-01
7.724896073341369629e-01
7.590765953063964844e-01
7.858827114105224609e-01
8.006714582443237305e-01
7.639982104301452637e-01
7.761554121971130371e-01
7.799561023712158203e-01
7.738891839981079102e-01
8.024295568466186523e-01
8.015213012695312500e-01
7.622196674346923828e-01
8.042992353439331055e-01
8.069989681243896484e-01
8.097071051597595215e-01
8.139567971229553223e-01
8.125135302543640137e-01
8.127736449241638184e-01
8.119701743125915527e-01
8.185668587684631348e-01
8.167258501052856445e-01
8.225269317626953125e-01
8.133530020713806152e-01
8.204305171966552734e-01
8.136968016624450684e-01
8.415458798408508301e-01
8.377789855003356934e-01
8.423849940299987793e-01
8.290683031082153320e-01
8.489466309547424316e-01
8.541455268859863281e-01
8.434144258499145508e-01
8.584080934524536133e-01
8.305825591087341309e-01
8.575772047042846680e-01
8.461572527885437012e-01
8.448894023895263672e-01
8.698490262031555176e-01
8.555270433425903320e-01
8.637956380844116211e-01
8.804627656936645508e-01
8.787713646888732910e-01
8.332964777946472168e-01
8.744606375694274902e-01
8.459317088127136230e-01
8.981766700744628906e-01
8.589408397674560547e-01
8.776366710662841797e-01
8.838139176368713379e-01
8.835633993148803711e-01
8.871873021125793457e-01
8.892613649368286133e-01
8.074709177017211914e-01
8.799629211425781250e-01
9.055642485618591309e-01
8.859245777130126953e-01
8.929880261421203613e-01
8.869414925575256348e-01
9.010106921195983887e-01
9.054041504859924316e-01
8.877840042114257812e-01
8.943766355514526367e-01
8.959996104240417480e-01
8.962153196334838867e-01
8.748357892036437988e-01
9.016315937042236328e-01
8.733728528022766113e-01
9.234387874603271484e-01
9.131152629852294922e-01
9.184163212776184082e-01
8.998384475708007812e-01
9.115882515907287598e-01
8.976616859436035156e-01
8.960229754447937012e-01
9.252582788467407227e-01
7.858014106750488281e-01
9.316927194595336914e-01
9.326693415641784668e-01
9.388543963432312012e-01
9.186879992485046387e-01
8.231391906738281250e-01
7.104547023773193359e-01
9.326487183570861816e-01
9.511511921882629395e-01
8.866267800331115723e-01
9.518373012542724609e-01
9.431926608085632324e-01
9.602496027946472168e-01
9.532223343849182129e-01
9.153081774711608887e-01
9.703404307365417480e-01
9.354376792907714844e-01
9.546271562576293945e-01
9.512759447097778320e-01
9.675785899162292480e-01
9.561371207237243652e-01
9.539170265197753906e-01
9.388601779937744141e-01
8.731658458709716797e-01
9.678061008453369141e-01
8.465518355369567871e-01
9.929550290107727051e-01
9.716662168502807617e-01
9.999215006828308105e-01
9.653056859970092773e-01
9.798215627670288086e-01
9.584535956382751465e-01
8.281304836273193359e-01
-9.899900000000000000e+04
-9.899900000000000000e+04
9.758574366569519043e-01
-9.899900000000000000e+04
9.929699301719665527e-01
-9.899900000000000000e+04
9.997437596321105957e-01
9.467408061027526855e-01
9.751309752464294434e-01
9.905180931091308594e-01
-9.899900000000000000e+04
-9.899900000000000000e+04
9.750759601593017578e-01
-9.899900000000000000e+04
-9.899900000000000000e+04
-9.899900000000000000e+04
9.485924243927001953e-01
-9.899900000000000000e+04
9.764888882637023926e-01
9.722236990928649902e-01
-9.899900000000000000e+04
