6.291534900665283203e-01
6.358127593994140625e-01
6.407510042190551758e-01
6.632860302925109863e-01
6.512370109558105469e-01
6.525678634643554688e-01
6.603446006774902344e-01
6.678663492202758789e-01
6.748499274253845215e-01
6.793448328971862793e-01
6.639269590377807617e-01
6.636283397674560547e-01
6.684929132461547852e-01
6.840402483940124512e-01
6.808091402053833008e-01
6.814933419227600098e-01
6.773794889450073242e-01
6.743230819702148438e-01
6.717495918273925781e-01
6.799179911613464355e-01
6.811931729316711426e-01
6.825083494186401367e-01
6.518429517745971680e-01
7.045492529869079590e-01
6.900914907455444336e-01
6.925680041313171387e-01
7.067971825599670410e-01
6.784461140632629395e-01
6.996704936027526855e-01
7.025297880172729492e-01
6.826096773147583008e-01
6.989364027976989746e-01
7.017874121665954590e-01
6.854111552238464355e-01
6.916729211807250977e-01
6.923815608024597168e-01
6.982364654541015625e-01
7.035740017890930176e-01
7.017441987991333008e-01
7.021402120590209961e-01
7.127915620803833008e-01
7.062084674835205078e-01
7.047892212867736816e-01
7.030934095382690430e-01
7.051275372505187988e-01
7.137567996978759766e-01
6.827089190483093262e-01
7.180095314979553223e-01
7.189451456069946289e-01
6.944682598114013672e-01
7.101479172706604004e-01
7.157384157180786133e-01
7.036859393119812012e-01
7.164043188095092773e-01
7.067449688911437988e-01
7.126404643058776855e-01
7.180120348930358887e-01
7.230645418167114258e-01
7.145155668258666992e-01
7.287604212760925293e-01
7.212351560592651367e-01
7.318459153175354004e-01
7.276236414909362793e-01
7.286425828933715820e-01
7.227511405944824219e-01
7.346539497375488281e-01
7.309734225273132324e-01
7.268458604812622070e-01
7.265906333923339844e-01
7.351686954498291016e-01
7.485733628273010254e-01
7.322701215744018555e-01
7.436683177947998047e-01
7.270265817642211914e-01
7.607595920562744141e-01
7.425312399864196777e-01
7.470445632934570312e-01
7.322809100151062012e-01
7.435913681983947754e-01
7.237667441368103027e-01
7.354660034179687500e-01
7.313802838325500488e-01
7.714726328849792480e-01
7.764879465103149414e-01
7.305829524993896484e-01
7.722792625427246094e-01
7.466255426406860352e-01
7.843227386474609375e-01
7.730599045753479004e-01
7.987971901893615723e-01
7.762592434883117676e-01
7.932922840118408203e-01
7.886152863502502441e-01
7.745266556739807129e-01
7.862483859062194824e-01
7.885189652442932129e-01
7.742143273353576660e-01
7.713342308998107910e-01
7.817210555076599121e-01
7.939082384109497070e-01
7.878440618515014648e-01
7.901542782783508301e-01
8.033215403556823730e-01
7.825250029563903809e-01
7.855540513992309570e-01
7.934405207633972168e-01
8.125976920127868652e-01
8.095477819442749023e-01
8.197751641273498535e-01
8.100706338882446289e-01
8.031089305877685547e-01
7.362722754478454590e-01
8.223792910575866699e-01
8.126133084297180176e-01
8.194330930709838867e-01
8.128371238708496094e-01
8.174567818641662598e-01
8.235033154487609863e-01
8.353109955787658691e-01
8.516257405281066895e-01
8.476400971412658691e-01
8.321307301521301270e-01
8.403757810592651367e-01
8.418368697166442871e-01
8.091040849685668945e-01
8.552615642547607422e-01
8.507829308509826660e-01
8.454633355140686035e-01
8.561678528785705566e-01
8.238056302070617676e-01
8.692380189895629883e-01
8.601797223091125488e-01
8.589220046997070312e-01
8.668500185012817383e-01
8.776106238365173340e-01
8.773981332778930664e-01
8.826439380645751953e-01
8.624856472015380859e-01
8.762894272804260254e-01
8.818920850753784180e-01
8.627905249595642090e-01
8.762909173965454102e-01
8.828816413879394531e-01
8.864815235137939453e-01
8.883320093154907227e-01
8.942310214042663574e-01
8.930161595344543457e-01
9.050651192665100098e-01
8.939961791038513184e-01
8.609428405761718750e-01
9.090647101402282715e-01
8.799165487289428711e-01
8.833675980567932129e-01
8.644615411758422852e-01
8.840531706809997559e-01
8.975182771682739258e-01
9.056764245033264160e-01
9.199405908584594727e-01
9.136411547660827637e-01
8.999242186546325684e-01
9.122371077537536621e-01
9.120120406150817871e-01
9.006329178810119629e-01
8.821812272071838379e-01
9.039282202720642090e-01
8.094527125358581543e-01
9.157123565673828125e-01
9.324414134025573730e-01
8.917309045791625977e-01
9.153665900230407715e-01
9.088047742843627930e-01
9.369799494743347168e-01
9.304015040397644043e-01
9.354332685470581055e-01
9.191742539405822754e-01
7.961528897285461426e-01
9.141935706138610840e-01
9.298200607299804688e-01
9.374249577522277832e-01
8.402417302131652832e-01
9.377489686012268066e-01
9.160118103027343750e-01
9.186833500862121582e-01
9.586046338081359863e-01
9.524608254432678223e-01
9.507405757904052734e-01
9.852966666221618652e-01
9.562239646911621094e-01
8.318422436714172363e-01
8.422407507896423340e-01
9.676631689071655273e-01
9.187634587287902832e-01
8.929510712623596191e-01
9.525744318962097168e-01
9.439938664436340332e-01
9.697453379631042480e-01
9.752418994903564453e-01
9.785071611404418945e-01
8.543924093246459961e-01
9.721956849098205566e-01
9.673334360122680664e-01
9.770250916481018066e-01
9.662899374961853027e-01
9.383759498596191406e-01
9.430598616600036621e-01
-9.899900000000000000e+04
-9.899900000000000000e+04
9.392648339271545410e-01
-9.899900000000000000e+04
-9.899900000000000000e+04
9.856528043746948242e-01
9.661130309104919434e-01
1.000221848487854004e+00
-9.899900000000000000e+04
-9.899900000000000000e+04
9.531349539756774902e-01
9.847277402877807617e-01
-9.899900000000000000e+04
-9.899900000000000000e+04
-9.899900000000000000e+04
-9.899900000000000000e+04
-9.899900000000000000e+04
-9.899900000000000000e+04
-9.899900000000000000e+04
-9.899900000000000000e+04
