6.309524774551391602e-01
6.517849564552307129e-01
6.406359076499938965e-01
6.632860302925109863e-01
6.617763042449951172e-01
6.639208197593688965e-01
6.616687774658203125e-01
6.678663492202758789e-01
6.795113086700439453e-01
6.673698425292968750e-01
6.641452312469482422e-01
6.566753387451171875e-01
6.817724108695983887e-01
6.775087118148803711e-01
6.811007857322692871e-01
6.814933419227600098e-01
6.765583157539367676e-01
6.710654497146606445e-01
6.753183007240295410e-01
6.843210458755493164e-01
6.836627721786499023e-01
6.750268340110778809e-01
6.810171008110046387e-01
6.934551596641540527e-01
6.966059207916259766e-01
6.991040706634521484e-01
6.874765753746032715e-01
6.993896961212158203e-01
7.011767029762268066e-01
6.932346820831298828e-01
6.932013630867004395e-01
6.950945854187011719e-01
6.915193796157836914e-01
7.033570408821105957e-01
6.904785633087158203e-01
6.979949474334716797e-01
7.000192999839782715e-01
6.965160369873046875e-01
7.080863118171691895e-01
7.060915231704711914e-01
6.870779991149902344e-01
7.064775228500366211e-01
7.060124874114990234e-01
7.003173232078552246e-01
7.017863988876342773e-01
7.050337195396423340e-01
7.014923691749572754e-01
7.130237221717834473e-01
7.178757786750793457e-01
7.060452103614807129e-01
7.186548113822937012e-01
7.048409581184387207e-01
7.121961712837219238e-01
7.042976021766662598e-01
7.164314985275268555e-01
7.126916646957397461e-01
7.203553318977355957e-01
6.951907277107238770e-01
7.228349447250366211e-01
7.311268448829650879e-01
7.265042662620544434e-01
7.245796322822570801e-01
7.304950952529907227e-01
7.208961248397827148e-01
7.226369976997375488e-01
7.371945977210998535e-01
7.396950125694274902e-01
7.395054697990417480e-01
7.383113503456115723e-01
7.300823926925659180e-01
7.208420038223266602e-01
7.352271676063537598e-01
7.322281002998352051e-01
7.574928402900695801e-01
7.431778311729431152e-01
7.346990108489990234e-01
7.433742284774780273e-01
7.465835213661193848e-01
7.381984591484069824e-01
7.145189046859741211e-01
7.521247267723083496e-01
7.599682807922363281e-01
7.623516321182250977e-01
7.407658100128173828e-01
7.659572958946228027e-01
7.500342130661010742e-01
7.846841216087341309e-01
7.633074522018432617e-01
7.828727364540100098e-01
7.752063870429992676e-01
7.870846986770629883e-01
7.918335199356079102e-01
7.762376666069030762e-01
7.943656444549560547e-01
7.872008681297302246e-01
7.750648260116577148e-01
7.946081757545471191e-01
7.935767173767089844e-01
7.734322547912597656e-01
7.761205434799194336e-01
8.063864707946777344e-01
7.745566964149475098e-01
8.019127845764160156e-01
7.707221508026123047e-01
7.968847751617431641e-01
8.043414354324340820e-01
7.876788377761840820e-01
7.974831461906433105e-01
7.963638305664062500e-01
8.163872957229614258e-01
8.063350915908813477e-01
8.068246841430664062e-01
8.327218294143676758e-01
8.013184070587158203e-01
7.969172000885009766e-01
8.309816718101501465e-01
8.186329007148742676e-01
8.252971768379211426e-01
8.186287283897399902e-01
8.416269421577453613e-01
8.141615986824035645e-01
8.493921756744384766e-01
8.446077704429626465e-01
8.717791438102722168e-01
8.630617260932922363e-01
8.729399442672729492e-01
8.394678235054016113e-01
8.557903766632080078e-01
8.550371527671813965e-01
8.506871461868286133e-01
8.207342624664306641e-01
8.516203761100769043e-01
8.593627810478210449e-01
8.369904756546020508e-01
8.749207854270935059e-01
8.613242506980895996e-01
8.668494820594787598e-01
8.819303512573242188e-01
8.615886569023132324e-01
8.838372826576232910e-01
8.731595277786254883e-01
8.689127564430236816e-01
8.839455842971801758e-01
8.852439522743225098e-01
8.806129693984985352e-01
8.939279317855834961e-01
8.879713416099548340e-01
8.883039951324462891e-01
8.696708083152770996e-01
8.738955855369567871e-01
8.993397355079650879e-01
8.724153637886047363e-01
8.805522322654724121e-01
9.052824378013610840e-01
8.535209894180297852e-01
8.494876027107238770e-01
9.089441895484924316e-01
9.063431024551391602e-01
8.904854059219360352e-01
8.377822041511535645e-01
9.124516844749450684e-01
8.964283466339111328e-01
8.746038675308227539e-01
9.170041680335998535e-01
9.184521436691284180e-01
8.981966376304626465e-01
9.303985834121704102e-01
8.702590465545654297e-01
9.121909737586975098e-01
9.334465265274047852e-01
9.363479018211364746e-01
9.382627010345458984e-01
8.658404350280761719e-01
9.173851609230041504e-01
7.662205696105957031e-01
7.598671317100524902e-01
9.256266355514526367e-01
9.162002801895141602e-01
9.399459362030029297e-01
9.466770887374877930e-01
9.466706514358520508e-01
7.101678848266601562e-01
9.388480186462402344e-01
9.375274777412414551e-01
8.859326243400573730e-01
9.176072478294372559e-01
9.617903828620910645e-01
9.732878208160400391e-01
9.484624862670898438e-01
9.459601640701293945e-01
9.756094217300415039e-01
8.284707665443420410e-01
9.418402910232543945e-01
9.491007924079895020e-01
9.602513313293457031e-01
9.716212749481201172e-01
9.771956205368041992e-01
9.760214090347290039e-01
9.857720732688903809e-01
8.884681463241577148e-01
9.920957684516906738e-01
9.688398241996765137e-01
9.829735159873962402e-01
9.859961867332458496e-01
-9.899900000000000000e+04
