6.291534900665283203e-01
6.358127593994140625e-01
6.412144899368286133e-01
6.632860302925109863e-01
6.455930471420288086e-01
6.654471755027770996e-01
6.579081416130065918e-01
6.678663492202758789e-01
6.734914183616638184e-01
6.654602885246276855e-01
6.639269590377807617e-01
6.636283397674560547e-01
6.678974032402038574e-01
6.776527762413024902e-01
6.836334466934204102e-01
6.848210692405700684e-01
6.765583157539367676e-01
6.880912780761718750e-01
6.668014526367187500e-01
6.810218691825866699e-01
6.809662580490112305e-01
6.853926181793212891e-01
6.752519607543945312e-01
7.044531106948852539e-01
6.966059207916259766e-01
6.925680041313171387e-01
6.895174980163574219e-01
6.919270753860473633e-01
6.875582337379455566e-01
6.945591568946838379e-01
6.952600479125976562e-01
7.123299241065979004e-01
7.017874121665954590e-01
6.997878551483154297e-01
6.948093771934509277e-01
6.919738650321960449e-01
7.006449103355407715e-01
6.939964890480041504e-01
7.070650458335876465e-01
7.070034146308898926e-01
6.737506985664367676e-01
6.980413198471069336e-01
6.994345188140869141e-01
7.079262137413024902e-01
7.046543359756469727e-01
6.998877525329589844e-01
7.024084329605102539e-01
7.040473222732543945e-01
7.149338126182556152e-01
6.888990998268127441e-01
6.979452967643737793e-01
7.004294395446777344e-01
6.972531080245971680e-01
7.160522937774658203e-01
7.171768546104431152e-01
7.190021872520446777e-01
7.258104085922241211e-01
6.793043613433837891e-01
7.104701399803161621e-01
7.148379087448120117e-01
7.333366274833679199e-01
7.171771526336669922e-01
7.260864973068237305e-01
6.990135908126831055e-01
7.339466214179992676e-01
7.227548956871032715e-01
7.242339253425598145e-01
7.398314476013183594e-01
7.068274021148681641e-01
7.411369681358337402e-01
7.231651544570922852e-01
7.319424748420715332e-01
7.256879806518554688e-01
7.336522936820983887e-01
7.464760541915893555e-01
7.381349802017211914e-01
7.317371964454650879e-01
7.417079210281372070e-01
7.554695606231689453e-01
7.508237361907958984e-01
7.484244108200073242e-01
7.526912093162536621e-01
7.410677671432495117e-01
7.737085223197937012e-01
7.306357026100158691e-01
7.640916705131530762e-01
7.723461389541625977e-01
7.692947983741760254e-01
7.754398584365844727e-01
7.637642621994018555e-01
8.001300096511840820e-01
7.720791697502136230e-01
7.967047095298767090e-01
7.880169749259948730e-01
7.849168777465820312e-01
7.920042276382446289e-01
8.040802478790283203e-01
7.851458191871643066e-01
7.636305689811706543e-01
7.981047034263610840e-01
8.009873032569885254e-01
7.801781296730041504e-01
7.981391549110412598e-01
8.010926246643066406e-01
7.925921082496643066e-01
7.862938046455383301e-01
8.022731542587280273e-01
8.176102638244628906e-01
8.099794387817382812e-01
7.967666983604431152e-01
8.204452395439147949e-01
7.932698130607604980e-01
7.951904535293579102e-01
8.100115656852722168e-01
8.187192082405090332e-01
8.158463835716247559e-01
8.271036744117736816e-01
8.060427904129028320e-01
8.092491626739501953e-01
8.281854987144470215e-01
8.409660458564758301e-01
8.430340290069580078e-01
8.531403541564941406e-01
8.276740312576293945e-01
8.584958910942077637e-01
8.609389662742614746e-01
8.449216485023498535e-01
8.390603065490722656e-01
8.528687953948974609e-01
8.599175214767456055e-01
8.537113070487976074e-01
8.596221208572387695e-01
8.393972516059875488e-01
8.610680699348449707e-01
8.746116757392883301e-01
8.806713223457336426e-01
8.713852167129516602e-01
7.001037001609802246e-01
8.768402934074401855e-01
8.850032091140747070e-01
8.799946308135986328e-01
8.836554288864135742e-01
8.725471496582031250e-01
8.825356364250183105e-01
8.860982656478881836e-01
8.872271180152893066e-01
8.828598856925964355e-01
8.891599774360656738e-01
8.895549178123474121e-01
8.921495079994201660e-01
8.878864049911499023e-01
8.980910181999206543e-01
9.065679311752319336e-01
8.935003280639648438e-01
9.046762585639953613e-01
8.852099776268005371e-01
8.703035116195678711e-01
9.035248756408691406e-01
8.939948678016662598e-01
9.195284843444824219e-01
8.980383872985839844e-01
9.097192883491516113e-01
9.136983156204223633e-01
8.973994255065917969e-01
7.936432361602783203e-01
9.224817752838134766e-01
9.286155104637145996e-01
9.228639006614685059e-01
9.360970854759216309e-01
9.225450158119201660e-01
9.092972278594970703e-01
9.342027306556701660e-01
9.241250753402709961e-01
9.314959049224853516e-01
9.034842252731323242e-01
9.146518707275390625e-01
9.375347495079040527e-01
9.373988509178161621e-01
7.949723005294799805e-01
8.068431615829467773e-01
9.346386194229125977e-01
7.929702997207641602e-01
9.677931666374206543e-01
9.522517323493957520e-01
9.527679085731506348e-01
9.329512715339660645e-01
8.594522476196289062e-01
9.752244949340820312e-01
9.624095559120178223e-01
9.703604578971862793e-01
9.048262834548950195e-01
9.981117844581604004e-01
9.965511560440063477e-01
9.678393006324768066e-01
9.735060930252075195e-01
9.902898669242858887e-01
-9.899900000000000000e+04
9.745972752571105957e-01
8.856573104858398438e-01
8.965054154396057129e-01
-9.899900000000000000e+04
7.679946422576904297e-01
9.684251546859741211e-01
9.545761942863464355e-01
