6.461329460144042969e-01
6.358127593994140625e-01
6.402796506881713867e-01
6.632860302925109863e-01
6.661324501037597656e-01
6.525678634643554688e-01
6.616687774658203125e-01
6.705638170242309570e-01
6.596282720565795898e-01
6.637250781059265137e-01
6.664010882377624512e-01
6.803489923477172852e-01
6.633976101875305176e-01
6.840402483940124512e-01
6.808091402053833008e-01
6.680523157119750977e-01
6.709856390953063965e-01
6.743230819702148438e-01
6.732835769653320312e-01
6.819898486137390137e-01
6.811931729316711426e-01
6.906421184539794922e-01
6.752519607543945312e-01
6.965808868408203125e-01
6.943342089653015137e-01
6.822878122329711914e-01
7.006487846374511719e-01
6.996856331825256348e-01
6.846235394477844238e-01
7.057719230651855469e-01
6.963772773742675781e-01
6.805781722068786621e-01
6.819819211959838867e-01
6.923421621322631836e-01
6.968212127685546875e-01
7.050077915191650391e-01
7.017454504966735840e-01
6.983587145805358887e-01
7.071206569671630859e-01
6.971325874328613281e-01
6.986343860626220703e-01
7.149466872215270996e-01
7.086558938026428223e-01
7.076099514961242676e-01
7.020356059074401855e-01
7.025417089462280273e-01
7.039315700531005859e-01
7.174816131591796875e-01
7.088515758514404297e-01
7.111300230026245117e-01
7.177715897560119629e-01
7.289906740188598633e-01
7.025923132896423340e-01
7.064272165298461914e-01
6.992454528808593750e-01
7.206605672836303711e-01
7.096042633056640625e-01
7.108043432235717773e-01
7.141944169998168945e-01
7.328036427497863770e-01
7.256792187690734863e-01
7.143331170082092285e-01
7.186834216117858887e-01
7.274827361106872559e-01
7.083690166473388672e-01
7.291623353958129883e-01
7.406846284866333008e-01
7.373206615447998047e-01
7.341811060905456543e-01
7.277568578720092773e-01
7.416048049926757812e-01
7.399996519088745117e-01
7.603611350059509277e-01
7.484216094017028809e-01
7.501363158226013184e-01
7.353410720825195312e-01
7.571773529052734375e-01
7.700889110565185547e-01
7.304306626319885254e-01
7.497722506523132324e-01
7.421439290046691895e-01
7.583680748939514160e-01
7.600305080413818359e-01
7.745965719223022461e-01
7.428050637245178223e-01
7.456412315368652344e-01
7.708740830421447754e-01
7.674967050552368164e-01
7.361788153648376465e-01
7.814001441001892090e-01
7.897163629531860352e-01
7.164211273193359375e-01
7.728387713432312012e-01
7.945346832275390625e-01
7.838975191116333008e-01
7.828936576843261719e-01
7.693594098091125488e-01
7.646173834800720215e-01
7.948784828186035156e-01
7.846542596817016602e-01
7.996815443038940430e-01
7.976958751678466797e-01
7.743873596191406250e-01
7.966020703315734863e-01
8.006324768066406250e-01
8.092044591903686523e-01
8.015152812004089355e-01
7.852891087532043457e-01
7.999006509780883789e-01
8.063100576400756836e-01
7.976567149162292480e-01
8.228863477706909180e-01
8.031439185142517090e-01
8.227536082267761230e-01
8.170075416564941406e-01
8.332195878028869629e-01
8.428465723991394043e-01
8.342607021331787109e-01
8.509784936904907227e-01
7.944291830062866211e-01
8.113688826560974121e-01
8.471807241439819336e-01
8.517693281173706055e-01
7.778846621513366699e-01
8.590845465660095215e-01
8.559095263481140137e-01
8.615390062332153320e-01
8.537470698356628418e-01
7.839368581771850586e-01
8.613846898078918457e-01
8.475029468536376953e-01
8.460806012153625488e-01
8.853551149368286133e-01
8.634926080703735352e-01
8.563858270645141602e-01
8.585931062698364258e-01
8.693898916244506836e-01
8.723492026329040527e-01
8.742784261703491211e-01
8.890742659568786621e-01
8.801199197769165039e-01
8.902840614318847656e-01
8.778120875358581543e-01
8.754972815513610840e-01
8.717254996299743652e-01
8.928269743919372559e-01
8.955594301223754883e-01
8.742339015007019043e-01
8.760251402854919434e-01
8.692297935485839844e-01
8.804840445518493652e-01
8.894314765930175781e-01
8.741338849067687988e-01
8.908685445785522461e-01
9.023439884185791016e-01
9.119615554809570312e-01
8.556933403015136719e-01
9.003794789314270020e-01
9.038035869598388672e-01
8.897275924682617188e-01
8.777736425399780273e-01
8.734218478202819824e-01
9.181763529777526855e-01
9.064871072769165039e-01
8.827430605888366699e-01
9.158080816268920898e-01
9.281213879585266113e-01
8.869497179985046387e-01
9.160215854644775391e-01
9.222401380538940430e-01
9.319322109222412109e-01
8.460607528686523438e-01
8.976268172264099121e-01
9.028678536415100098e-01
9.458954930305480957e-01
8.419265151023864746e-01
8.922791481018066406e-01
8.799577951431274414e-01
9.406367540359497070e-01
9.228153824806213379e-01
9.536830782890319824e-01
9.451656937599182129e-01
9.580418467521667480e-01
9.599983096122741699e-01
9.455273747444152832e-01
8.953659534454345703e-01
9.599304199218750000e-01
9.815696477890014648e-01
8.423228859901428223e-01
9.666153192520141602e-01
8.973438143730163574e-01
9.692797660827636719e-01
-9.899900000000000000e+04
-9.899900000000000000e+04
9.944642186164855957e-01
9.967672228813171387e-01
9.815930724143981934e-01
-9.899900000000000000e+04
9.084647893905639648e-01
9.586687684059143066e-01
1.010053634643554688e+00
-9.899900000000000000e+04
9.430030584335327148e-01
9.754036664962768555e-01
9.691799283027648926e-01
1.015686988830566406e+00
-9.899900000000000000e+04
8.783603310585021973e-01
-9.899900000000000000e+04
9.756768345832824707e-01
-9.899900000000000000e+04
9.055008292198181152e-01
-9.899900000000000000e+04
-9.899900000000000000e+04
-9.899900000000000000e+04
-9.899900000000000000e+04
9.830738306045532227e-01
-9.899900000000000000e+04
-9.899900000000000000e+04
-9.899900000000000000e+04
-9.899900000000000000e+04
-9.899900000000000000e+04
-9.899900000000000000e+04
9.287717938423156738e-01
-9.899900000000000000e+04
9.723409414291381836e-01
-9.899900000000000000e+04
9.732226729393005371e-01
-9.899900000000000000e+04
1.010433673858642578e+00
-9.899900000000000000e+04
-9.899900000000000000e+04
-9.899900000000000000e+04
-9.899900000000000000e+04
-9.899900000000000000e+04
-9.899900000000000000e+04
-9.899900000000000000e+04
9.331076145172119141e-01
-9.899900000000000000e+04
-9.899900000000000000e+04
-9.899900000000000000e+04
-9.899900000000000000e+04
-9.899900000000000000e+04
-9.899900000000000000e+04
-9.899900000000000000e+04
-9.899900000000000000e+04
-9.899900000000000000e+04
-9.899900000000000000e+04
-9.899900000000000000e+04
-9.899900000000000000e+04
-9.899900000000000000e+04
-9.899900000000000000e+04
-9.899900000000000000e+04
-9.899900000000000000e+04
9.857909679412841797e-01
-9.899900000000000000e+04
-9.899900000000000000e+04
-9.899900000000000000e+04
-9.899900000000000000e+04
-9.899900000000000000e+04
-9.899900000000000000e+04
-9.899900000000000000e+04
-9.899900000000000000e+04
-9.899900000000000000e+04
-9.899900000000000000e+04
-9.899900000000000000e+04
-9.899900000000000000e+04
-9.899900000000000000e+04
-9.899900000000000000e+04
-9.899900000000000000e+04
-9.899900000000000000e+04
