6.291534900665283203e-01
6.358127593994140625e-01
6.412144899368286133e-01
6.595162153244018555e-01
6.627352833747863770e-01
6.639208197593688965e-01
6.569207310676574707e-01
6.693965792655944824e-01
6.592803001403808594e-01
6.654602885246276855e-01
6.752379536628723145e-01
6.596245169639587402e-01
6.817724108695983887e-01
6.657763719558715820e-01
6.669101715087890625e-01
6.690617203712463379e-01
6.699507832527160645e-01
6.737642884254455566e-01
6.659120917320251465e-01
6.843210458755493164e-01
6.826136112213134766e-01
6.750268340110778809e-01
6.822980642318725586e-01
6.897810101509094238e-01
6.781988739967346191e-01
7.015670537948608398e-01
6.986935734748840332e-01
7.027965784072875977e-01
6.983751058578491211e-01
6.923171281814575195e-01
6.826096773147583008e-01
6.891896724700927734e-01
6.915193796157836914e-01
6.951933503150939941e-01
6.992788314819335938e-01
6.942258477210998535e-01
6.958599090576171875e-01
7.029889822006225586e-01
6.914837360382080078e-01
7.072014808654785156e-01
7.004706263542175293e-01
6.975224018096923828e-01
7.040937542915344238e-01
7.081945538520812988e-01
6.931779384613037109e-01
7.168437838554382324e-01
7.046375274658203125e-01
7.118516564369201660e-01
7.077756524085998535e-01
7.085039615631103516e-01
7.133204340934753418e-01
6.991479992866516113e-01
7.012611031532287598e-01
7.167282104492187500e-01
7.193765640258789062e-01
7.101940512657165527e-01
7.109757065773010254e-01
7.235378623008728027e-01
7.251673340797424316e-01
7.286856770515441895e-01
7.324460148811340332e-01
7.048984766006469727e-01
7.217441201210021973e-01
7.151180505752563477e-01
7.300108075141906738e-01
7.251710295677185059e-01
7.107891440391540527e-01
7.380046248435974121e-01
7.266604900360107422e-01
7.174836993217468262e-01
7.500876784324645996e-01
7.414421439170837402e-01
7.461962699890136719e-01
7.419265508651733398e-01
7.465708851814270020e-01
7.524396777153015137e-01
7.475167512893676758e-01
7.558767199516296387e-01
7.560321688652038574e-01
7.539315819740295410e-01
7.612701058387756348e-01
7.426957488059997559e-01
7.644355893135070801e-01
7.525938153266906738e-01
7.431806921958923340e-01
7.346299886703491211e-01
7.713438272476196289e-01
7.488064169883728027e-01
7.959553599357604980e-01
7.608585357666015625e-01
7.578663229942321777e-01
7.866044640541076660e-01
8.047276735305786133e-01
7.710469365119934082e-01
7.827067375183105469e-01
7.559424638748168945e-01
7.573080062866210938e-01
7.912216186523437500e-01
7.892314195632934570e-01
7.976459860801696777e-01
8.037943243980407715e-01
7.991700768470764160e-01
7.768910527229309082e-01
8.023892045021057129e-01
8.004271984100341797e-01
7.981283068656921387e-01
7.769610881805419922e-01
8.045558929443359375e-01
7.983160614967346191e-01
8.118540644645690918e-01
7.956144213676452637e-01
8.183411955833435059e-01
7.892683744430541992e-01
7.934936285018920898e-01
8.284975290298461914e-01
8.122184872627258301e-01
7.899616360664367676e-01
8.003545999526977539e-01
8.164226412773132324e-01
8.625429272651672363e-01
8.417882323265075684e-01
8.418144583702087402e-01
8.464738726615905762e-01
8.550230860710144043e-01
7.928103208541870117e-01
8.544275164604187012e-01
8.525953888893127441e-01
8.623036742210388184e-01
8.361728787422180176e-01
8.625485301017761230e-01
8.656663894653320312e-01
8.582308292388916016e-01
8.716139197349548340e-01
8.233551383018493652e-01
8.528159260749816895e-01
8.696516156196594238e-01
8.507661223411560059e-01
8.726343512535095215e-01
8.716813921928405762e-01
8.659889101982116699e-01
8.701949715614318848e-01
8.678141832351684570e-01
8.640875220298767090e-01
8.807998299598693848e-01
8.876512050628662109e-01
8.978167772293090820e-01
8.838437795639038086e-01
9.011924266815185547e-01
8.940734267234802246e-01
8.802201151847839355e-01
8.878232836723327637e-01
8.812913298606872559e-01
8.981031179428100586e-01
8.971393108367919922e-01
8.904085755348205566e-01
9.061332345008850098e-01
9.039301872253417969e-01
9.084261059761047363e-01
9.118247628211975098e-01
8.993974328041076660e-01
9.296355247497558594e-01
9.001393318176269531e-01
8.225905299186706543e-01
9.202042222023010254e-01
9.106664657592773438e-01
9.130847454071044922e-01
8.946754932403564453e-01
9.226441979408264160e-01
9.110357165336608887e-01
9.092538356781005859e-01
9.195586442947387695e-01
9.352718591690063477e-01
9.265405535697937012e-01
9.297030568122863770e-01
9.376341104507446289e-01
9.571084380149841309e-01
9.054113030433654785e-01
9.369986057281494141e-01
8.979699015617370605e-01
9.424285292625427246e-01
9.505230784416198730e-01
9.620475172996520996e-01
9.472785592079162598e-01
9.468482732772827148e-01
8.102983236312866211e-01
9.351849555969238281e-01
9.343280196189880371e-01
9.515574574470520020e-01
9.809303283691406250e-01
9.669598937034606934e-01
9.574041366577148438e-01
9.462071657180786133e-01
9.649878144264221191e-01
9.225724339485168457e-01
9.364699721336364746e-01
9.742156863212585449e-01
9.902159571647644043e-01
9.790636301040649414e-01
9.870136380195617676e-01
-9.899900000000000000e+04
9.752188920974731445e-01
9.995374679565429688e-01
8.708492517471313477e-01
