6.309524774551391602e-01
6.257067918777465820e-01
6.562239527702331543e-01
6.595162153244018555e-01
6.648994088172912598e-01
6.676552295684814453e-01
6.616687774658203125e-01
6.678663492202758789e-01
6.592803001403808594e-01
6.806339025497436523e-01
6.752379536628723145e-01
6.808035969734191895e-01
6.633976101875305176e-01
6.547865271568298340e-01
6.669101715087890625e-01
6.695431470870971680e-01
6.755884289741516113e-01
6.710654497146606445e-01
6.753183007240295410e-01
6.843210458755493164e-01
6.814632415771484375e-01
6.780090332031250000e-01
6.515519618988037109e-01
6.880162358283996582e-01
6.950142979621887207e-01
7.015670537948608398e-01
7.026354074478149414e-01
6.984701156616210938e-01
6.875582337379455566e-01
6.900801062583923340e-01
6.916280388832092285e-01
6.982316970825195312e-01
7.029561400413513184e-01
6.984742283821105957e-01
6.898364424705505371e-01
6.926264762878417969e-01
7.019261717796325684e-01
7.011405825614929199e-01
7.073532938957214355e-01
7.112755775451660156e-01
7.008877992630004883e-01
7.072718739509582520e-01
7.059307694435119629e-01
6.936429738998413086e-01
7.092535495758056641e-01
7.131137251853942871e-01
7.107774615287780762e-01
7.151506543159484863e-01
7.085097432136535645e-01
7.104284167289733887e-01
7.039205431938171387e-01
6.993119120597839355e-01
7.156727910041809082e-01
7.022951245307922363e-01
6.927732825279235840e-01
7.059394121170043945e-01
7.025526762008666992e-01
7.256848812103271484e-01
7.251073718070983887e-01
7.185530662536621094e-01
7.036779522895812988e-01
7.172864079475402832e-01
7.060818672180175781e-01
7.282319068908691406e-01
7.231462597846984863e-01
7.350624203681945801e-01
7.357410192489624023e-01
7.241023778915405273e-01
7.309846282005310059e-01
7.394323348999023438e-01
7.373306751251220703e-01
7.452374100685119629e-01
7.375247478485107422e-01
7.545518279075622559e-01
7.589521408081054688e-01
7.296724319458007812e-01
7.413802146911621094e-01
7.462710738182067871e-01
7.396774291992187500e-01
7.434868216514587402e-01
7.397731542587280273e-01
7.252961993217468262e-01
7.603829503059387207e-01
7.228501439094543457e-01
7.651354074478149414e-01
7.468336224555969238e-01
7.635344862937927246e-01
7.721217870712280273e-01
7.519392967224121094e-01
7.822859287261962891e-01
7.820258736610412598e-01
7.927781343460083008e-01
7.573124170303344727e-01
7.916516661643981934e-01
7.868834137916564941e-01
7.621550559997558594e-01
7.852901816368103027e-01
7.875804901123046875e-01
7.862354516983032227e-01
7.838977575302124023e-01
7.918558120727539062e-01
8.012406229972839355e-01
8.054351806640625000e-01
7.998750805854797363e-01
7.961536049842834473e-01
8.032858371734619141e-01
7.859230637550354004e-01
7.760852575302124023e-01
8.130047321319580078e-01
7.989020347595214844e-01
8.048238158226013184e-01
8.311628699302673340e-01
8.140041828155517578e-01
8.224529027938842773e-01
8.103483915328979492e-01
8.201849460601806641e-01
8.057793974876403809e-01
8.222120404243469238e-01
8.369971513748168945e-01
8.143708109855651855e-01
8.448448777198791504e-01
8.385640382766723633e-01
8.361331224441528320e-01
8.328350186347961426e-01
8.716397285461425781e-01
8.517388105392456055e-01
8.597916364669799805e-01
8.567130565643310547e-01
8.585774898529052734e-01
8.414201736450195312e-01
8.670074939727783203e-01
8.601673841476440430e-01
8.542937636375427246e-01
8.691752552986145020e-01
8.652182221412658691e-01
8.582949638366699219e-01
8.595810532569885254e-01
8.717208504676818848e-01
8.857422471046447754e-01
8.553923964500427246e-01
8.736923933029174805e-01
8.691555261611938477e-01
8.798371553421020508e-01
8.937104344367980957e-01
8.687663078308105469e-01
8.786307573318481445e-01
8.986617922782897949e-01
8.897135257720947266e-01
8.926289081573486328e-01
8.884449005126953125e-01
8.762564063072204590e-01
9.142760634422302246e-01
8.919501900672912598e-01
8.970134854316711426e-01
8.796626329421997070e-01
9.006956815719604492e-01
8.758621215820312500e-01
8.900692462921142578e-01
7.991760373115539551e-01
9.212230443954467773e-01
9.332754611968994141e-01
9.084758162498474121e-01
9.182136058807373047e-01
8.909177780151367188e-01
9.296183586120605469e-01
9.192386269569396973e-01
9.159107804298400879e-01
9.093260765075683594e-01
9.207540750503540039e-01
9.143224954605102539e-01
9.518011212348937988e-01
8.949828743934631348e-01
9.192970395088195801e-01
8.806285858154296875e-01
9.184261560440063477e-01
9.286702275276184082e-01
8.537960648536682129e-01
9.311577677726745605e-01
9.102813601493835449e-01
9.505624771118164062e-01
9.441674947738647461e-01
9.443135857582092285e-01
9.551531076431274414e-01
9.307152628898620605e-01
8.129253983497619629e-01
9.652613401412963867e-01
9.740297198295593262e-01
9.602534770965576172e-01
9.445486068725585938e-01
9.422310590744018555e-01
9.226095676422119141e-01
9.516749382019042969e-01
9.568895697593688965e-01
9.675162434577941895e-01
9.764119386672973633e-01
9.603828191757202148e-01
-9.899900000000000000e+04
9.806437492370605469e-01
9.748103022575378418e-01
1.005457639694213867e+00
