6.461329460144042969e-01
6.257067918777465820e-01
6.562239527702331543e-01
6.632860302925109863e-01
6.455930471420288086e-01
6.483440995216369629e-01
6.616687774658203125e-01
6.678663492202758789e-01
6.734914183616638184e-01
6.803293228149414062e-01
6.752379536628723145e-01
6.636283397674560547e-01
6.678974032402038574e-01
6.785833835601806641e-01
6.657516956329345703e-01
6.673680543899536133e-01
6.741776466369628906e-01
6.869531869888305664e-01
6.750097870826721191e-01
6.808509826660156250e-01
6.768352389335632324e-01
6.842587590217590332e-01
6.835269927978515625e-01
7.045492529869079590e-01
6.860341429710388184e-01
7.015670537948608398e-01
7.064307332038879395e-01
6.823875308036804199e-01
6.765385866165161133e-01
6.904824376106262207e-01
6.910675764083862305e-01
7.117307782173156738e-01
6.915193796157836914e-01
6.898589134216308594e-01
6.984534263610839844e-01
6.955252885818481445e-01
7.012215256690979004e-01
6.992508769035339355e-01
7.013962268829345703e-01
7.092915177345275879e-01
6.989681720733642578e-01
7.134009003639221191e-01
6.990426182746887207e-01
7.095831632614135742e-01
7.145595550537109375e-01
7.174567580223083496e-01
7.173728346824645996e-01
7.231303453445434570e-01
7.107728123664855957e-01
6.971821784973144531e-01
7.246936559677124023e-01
7.062925100326538086e-01
7.033314704895019531e-01
7.076777815818786621e-01
6.987870335578918457e-01
7.232684493064880371e-01
7.233497500419616699e-01
7.254409790039062500e-01
7.085989117622375488e-01
7.099545598030090332e-01
7.154362201690673828e-01
7.283981442451477051e-01
7.069433331489562988e-01
7.164600491523742676e-01
7.347526550292968750e-01
7.302761673927307129e-01
7.264841794967651367e-01
7.403284907341003418e-01
7.291696071624755859e-01
7.328213453292846680e-01
7.353073954582214355e-01
7.286908626556396484e-01
7.238990068435668945e-01
7.457534670829772949e-01
7.262133359909057617e-01
7.232494950294494629e-01
7.496536970138549805e-01
7.293004989624023438e-01
7.210876345634460449e-01
7.367736101150512695e-01
7.205082774162292480e-01
7.672703266143798828e-01
7.495231628417968750e-01
7.703520059585571289e-01
7.385937571525573730e-01
7.683190107345581055e-01
7.564892172813415527e-01
7.481516599655151367e-01
7.877752780914306641e-01
7.854514718055725098e-01
7.683783769607543945e-01
7.639619112014770508e-01
7.810696363449096680e-01
7.794606685638427734e-01
7.863817214965820312e-01
7.878315448760986328e-01
7.841746211051940918e-01
7.872210741043090820e-01
7.604083418846130371e-01
7.903164625167846680e-01
7.871949672698974609e-01
7.685949802398681641e-01
7.664894461631774902e-01
8.009531497955322266e-01
7.976206541061401367e-01
7.954422831535339355e-01
7.822350859642028809e-01
7.884429097175598145e-01
8.079566955566406250e-01
8.129073381423950195e-01
7.986443638801574707e-01
8.261703252792358398e-01
8.257988691329956055e-01
8.071610927581787109e-01
7.970724105834960938e-01
8.027855157852172852e-01
8.462590575218200684e-01
8.238637447357177734e-01
8.161900639533996582e-01
8.526399731636047363e-01
8.387939333915710449e-01
8.483416438102722168e-01
8.411427140235900879e-01
8.509743809700012207e-01
8.610569834709167480e-01
8.372483849525451660e-01
8.545471429824829102e-01
8.574824333190917969e-01
8.498054146766662598e-01
8.055578470230102539e-01
8.557957410812377930e-01
8.573077321052551270e-01
8.709776401519775391e-01
8.665381073951721191e-01
8.443234562873840332e-01
8.557469844818115234e-01
8.177705407142639160e-01
8.703725337982177734e-01
8.803379535675048828e-01
8.779785037040710449e-01
8.706085681915283203e-01
8.740323781967163086e-01
8.759082555770874023e-01
8.778619170188903809e-01
8.888081312179565430e-01
8.859970569610595703e-01
8.933100104331970215e-01
9.043385386466979980e-01
8.869868516921997070e-01
9.002348780632019043e-01
8.379558324813842773e-01
8.750963807106018066e-01
8.732746839523315430e-01
8.682805299758911133e-01
9.072977304458618164e-01
8.958227038383483887e-01
8.795245885848999023e-01
9.061288833618164062e-01
8.285561800003051758e-01
9.076070785522460938e-01
8.863507509231567383e-01
9.205613732337951660e-01
8.660557270050048828e-01
9.210669398307800293e-01
9.202638864517211914e-01
9.218266010284423828e-01
9.150380492210388184e-01
9.399083256721496582e-01
9.264094829559326172e-01
9.217799305915832520e-01
9.360485076904296875e-01
9.268317222595214844e-01
9.212355613708496094e-01
9.371803402900695801e-01
9.424571990966796875e-01
9.193758964538574219e-01
9.132798314094543457e-01
9.064402580261230469e-01
8.910787701606750488e-01
9.336189031600952148e-01
8.374688625335693359e-01
9.375200867652893066e-01
9.643510580062866211e-01
8.902615904808044434e-01
9.381734728813171387e-01
8.092690110206604004e-01
9.356963038444519043e-01
9.094514846801757812e-01
9.621250629425048828e-01
9.798518419265747070e-01
9.257465600967407227e-01
9.805204272270202637e-01
8.911359906196594238e-01
9.820635318756103516e-01
9.921137094497680664e-01
9.975571036338806152e-01
9.646571278572082520e-01
9.768829345703125000e-01
9.819163084030151367e-01
9.485922455787658691e-01
9.758340716361999512e-01
8.583143949508666992e-01
9.698334932327270508e-01
-9.899900000000000000e+04
9.803619384765625000e-01
-9.899900000000000000e+04
9.660773277282714844e-01
-9.899900000000000000e+04
9.695506095886230469e-01
-9.899900000000000000e+04
-9.899900000000000000e+04
-9.899900000000000000e+04
-9.899900000000000000e+04
-9.899900000000000000e+04
-9.899900000000000000e+04
-9.899900000000000000e+04
-9.899900000000000000e+04
-9.899900000000000000e+04
-9.899900000000000000e+04
9.953774809837341309e-01
8.854337334632873535e-01
9.693202376365661621e-01
-9.899900000000000000e+04
-9.899900000000000000e+04
-9.899900000000000000e+04
