6.225892305374145508e-01
6.517849564552307129e-01
6.407510042190551758e-01
6.606395840644836426e-01
6.469347476959228516e-01
6.525678634643554688e-01
6.708678007125854492e-01
6.749265789985656738e-01
6.734914183616638184e-01
6.585720181465148926e-01
6.664795279502868652e-01
6.636283397674560547e-01
6.751718521118164062e-01
6.547865271568298340e-01
6.657516956329345703e-01
6.680523157119750977e-01
6.755884289741516113e-01
6.710654497146606445e-01
6.732835769653320312e-01
6.843210458755493164e-01
6.753231287002563477e-01
6.942571401596069336e-01
6.822186708450317383e-01
6.897810101509094238e-01
6.987650990486145020e-01
7.035886049270629883e-01
7.084707617759704590e-01
7.043316960334777832e-01
6.846235394477844238e-01
6.948990821838378906e-01
7.099953293800354004e-01
7.001827359199523926e-01
6.864610314369201660e-01
7.011776566505432129e-01
6.939059495925903320e-01
7.021046876907348633e-01
6.989612579345703125e-01
6.970299482345581055e-01
7.063706517219543457e-01
7.130557894706726074e-01
7.067958712577819824e-01
7.004678845405578613e-01
7.006118893623352051e-01
7.112486958503723145e-01
7.152057290077209473e-01
7.158182859420776367e-01
7.055798768997192383e-01
7.184950113296508789e-01
7.167919278144836426e-01
7.150597572326660156e-01
7.175804972648620605e-01
7.009654641151428223e-01
7.010306119918823242e-01
7.174502015113830566e-01
7.199409604072570801e-01
7.044127583503723145e-01
7.190223932266235352e-01
6.935536265373229980e-01
7.242318391799926758e-01
7.175500392913818359e-01
7.272607684135437012e-01
7.111981511116027832e-01
7.053908705711364746e-01
7.290845513343811035e-01
7.333478927612304688e-01
7.327403426170349121e-01
7.259489893913269043e-01
7.264886498451232910e-01
7.375922203063964844e-01
7.312914133071899414e-01
7.436343431472778320e-01
7.323931455612182617e-01
7.319238185882568359e-01
7.365993261337280273e-01
7.262214422225952148e-01
7.661206126213073730e-01
7.284956574440002441e-01
7.451117634773254395e-01
7.478715181350708008e-01
7.305104732513427734e-01
7.362338304519653320e-01
7.559689879417419434e-01
7.744323611259460449e-01
7.316623330116271973e-01
7.259404659271240234e-01
7.733771800994873047e-01
7.549903988838195801e-01
7.903014421463012695e-01
7.820511460304260254e-01
7.709754109382629395e-01
7.824595570564270020e-01
7.738919258117675781e-01
7.897905707359313965e-01
7.667339444160461426e-01
7.841827869415283203e-01
7.973001599311828613e-01
7.905118465423583984e-01
7.802776694297790527e-01
7.763350009918212891e-01
7.924787998199462891e-01
8.015702962875366211e-01
8.012653589248657227e-01
7.879858016967773438e-01
8.047063350677490234e-01
7.778868079185485840e-01
7.999387383460998535e-01
7.675697207450866699e-01
8.049127459526062012e-01
8.152663111686706543e-01
7.958596348762512207e-01
8.045743107795715332e-01
8.006807565689086914e-01
8.099064826965332031e-01
8.212618231773376465e-01
8.074954152107238770e-01
8.224217295646667480e-01
7.774589657783508301e-01
8.368858098983764648e-01
8.414268493652343750e-01
7.863461375236511230e-01
8.488844633102416992e-01
8.420563936233520508e-01
8.425856828689575195e-01
7.975394725799560547e-01
8.542552590370178223e-01
8.654856085777282715e-01
8.649420738220214844e-01
8.646623492240905762e-01
8.460577726364135742e-01
8.730716109275817871e-01
8.581624031066894531e-01
8.696353435516357422e-01
8.592916727066040039e-01
8.683634400367736816e-01
8.705233931541442871e-01
8.582854866981506348e-01
8.847662210464477539e-01
8.542005419731140137e-01
8.023555874824523926e-01
8.806020617485046387e-01
8.871125578880310059e-01
8.755795359611511230e-01
8.881800174713134766e-01
8.946272730827331543e-01
8.830657601356506348e-01
8.972551822662353516e-01
8.867387771606445312e-01
8.964216709136962891e-01
8.939740657806396484e-01
8.911854624748229980e-01
8.872206211090087891e-01
8.648999333381652832e-01
8.828577995300292969e-01
8.942812085151672363e-01
8.869772553443908691e-01
8.867006897926330566e-01
9.246134757995605469e-01
8.957426548004150391e-01
8.945472240447998047e-01
9.332534670829772949e-01
9.054853320121765137e-01
9.170343279838562012e-01
8.955836892127990723e-01
9.233444929122924805e-01
9.299049973487854004e-01
9.306594133377075195e-01
8.926004171371459961e-01
8.419038653373718262e-01
9.099306464195251465e-01
7.858130335807800293e-01
7.765010595321655273e-01
9.410046339035034180e-01
9.316664934158325195e-01
8.925295472145080566e-01
9.364530444145202637e-01
9.517083168029785156e-01
9.462581276893615723e-01
7.969195842742919922e-01
9.537718296051025391e-01
9.532779455184936523e-01
9.235470890998840332e-01
9.528329372406005859e-01
9.509012103080749512e-01
9.656300544738769531e-01
9.118312001228332520e-01
8.851711750030517578e-01
9.700464010238647461e-01
9.582676887512207031e-01
9.590023756027221680e-01
9.749569296836853027e-01
9.575938582420349121e-01
9.519404172897338867e-01
9.849790334701538086e-01
9.706600904464721680e-01
9.672229290008544922e-01
9.744487404823303223e-01
9.865515828132629395e-01
9.967732429504394531e-01
-9.899900000000000000e+04
1.004047155380249023e+00
9.761301279067993164e-01
9.627555608749389648e-01
1.013257741928100586e+00
9.647623300552368164e-01
9.700115323066711426e-01
9.854847788810729980e-01
9.760510325431823730e-01
8.625926375389099121e-01
9.721773266792297363e-01
-9.899900000000000000e+04
-9.899900000000000000e+04
