6.461329460144042969e-01
6.257067918777465820e-01
6.406359076499938965e-01
6.632860302925109863e-01
6.627352833747863770e-01
6.493827104568481445e-01
6.616687774658203125e-01
6.678663492202758789e-01
6.553733348846435547e-01
6.642853021621704102e-01
6.664795279502868652e-01
6.650627255439758301e-01
6.710210442543029785e-01
6.785833835601806641e-01
6.669101715087890625e-01
6.695431470870971680e-01
6.723968982696533203e-01
6.673178076744079590e-01
6.690734028816223145e-01
6.843210458755493164e-01
6.901529431343078613e-01
6.802825331687927246e-01
6.810171008110046387e-01
6.954405307769775391e-01
6.961308717727661133e-01
6.836709380149841309e-01
6.893593072891235352e-01
7.043316960334777832e-01
6.994789838790893555e-01
6.932346820831298828e-01
6.824111342430114746e-01
7.123299241065979004e-01
6.765636205673217773e-01
7.021601200103759766e-01
6.939059495925903320e-01
6.961479783058166504e-01
7.046432495117187500e-01
6.987879276275634766e-01
7.011813521385192871e-01
7.159382700920104980e-01
7.042332887649536133e-01
6.984457969665527344e-01
7.148153781890869141e-01
7.026211023330688477e-01
7.087703347206115723e-01
6.916451454162597656e-01
7.196649909019470215e-01
7.014300823211669922e-01
7.105810642242431641e-01
7.006756067276000977e-01
7.014765143394470215e-01
7.094798684120178223e-01
7.144976258277893066e-01
7.214852571487426758e-01
7.055639624595642090e-01
6.956846714019775391e-01
7.207040786743164062e-01
7.082668542861938477e-01
7.249060869216918945e-01
7.171104550361633301e-01
7.110682725906372070e-01
7.304449677467346191e-01
7.174839377403259277e-01
7.313413023948669434e-01
7.213218808174133301e-01
7.394776344299316406e-01
7.358049154281616211e-01
7.232067584991455078e-01
7.402325868606567383e-01
7.200342416763305664e-01
7.231444716453552246e-01
7.437105774879455566e-01
7.366306185722351074e-01
7.329304218292236328e-01
7.630016803741455078e-01
7.371157407760620117e-01
7.526407837867736816e-01
7.402297854423522949e-01
7.311812639236450195e-01
7.563316226005554199e-01
7.502186894416809082e-01
7.550559043884277344e-01
7.212865948677062988e-01
7.591596245765686035e-01
7.660970091819763184e-01
7.732259631156921387e-01
7.901862859725952148e-01
7.728857994079589844e-01
7.610335946083068848e-01
7.566810250282287598e-01
7.732574939727783203e-01
7.801917791366577148e-01
7.817140817642211914e-01
7.945438027381896973e-01
7.890085577964782715e-01
7.643570899963378906e-01
8.031826019287109375e-01
7.439541816711425781e-01
7.794472575187683105e-01
7.956427335739135742e-01
7.792314291000366211e-01
7.788307070732116699e-01
7.745243906974792480e-01
8.058273196220397949e-01
7.993949651718139648e-01
7.448345422744750977e-01
7.891165614128112793e-01
7.962474822998046875e-01
8.056111931800842285e-01
8.075233101844787598e-01
8.039294481277465820e-01
7.995595932006835938e-01
7.975936532020568848e-01
8.110858798027038574e-01
8.266016244888305664e-01
8.234189152717590332e-01
8.292217850685119629e-01
8.092499971389770508e-01
8.472539186477661133e-01
8.365101218223571777e-01
8.086705803871154785e-01
8.455584645271301270e-01
8.481064438819885254e-01
8.498567342758178711e-01
8.535754084587097168e-01
8.598072528839111328e-01
8.619861006736755371e-01
8.794642090797424316e-01
8.570234179496765137e-01
8.617084026336669922e-01
8.537546396255493164e-01
8.672035932540893555e-01
8.634344339370727539e-01
8.774463534355163574e-01
8.648173213005065918e-01
8.637655973434448242e-01
8.642226457595825195e-01
8.658998012542724609e-01
8.160723447799682617e-01
8.852834105491638184e-01
8.807290792465209961e-01
8.656666874885559082e-01
8.883052468299865723e-01
8.923755288124084473e-01
8.626160621643066406e-01
8.997300863265991211e-01
8.833087682723999023e-01
9.037169218063354492e-01
8.647342324256896973e-01
8.856328725814819336e-01
8.911967873573303223e-01
8.792949914932250977e-01
8.782603740692138672e-01
8.994588255882263184e-01
8.204229474067687988e-01
8.904314637184143066e-01
8.976236581802368164e-01
9.004219174385070801e-01
8.760283589363098145e-01
8.761066198348999023e-01
8.806629180908203125e-01
9.197731018066406250e-01
9.243991971015930176e-01
9.111378192901611328e-01
8.523614406585693359e-01
7.460858225822448730e-01
8.911345005035400391e-01
9.341752529144287109e-01
8.360441327095031738e-01
9.134968519210815430e-01
9.442548751831054688e-01
9.076486825942993164e-01
9.129376411437988281e-01
9.244376420974731445e-01
9.244279265403747559e-01
8.471630215644836426e-01
9.314695000648498535e-01
9.381440281867980957e-01
8.059865832328796387e-01
8.096860647201538086e-01
8.915449380874633789e-01
9.429224729537963867e-01
9.575734734535217285e-01
9.502431154251098633e-01
9.382960200309753418e-01
9.724532961845397949e-01
8.203647732734680176e-01
9.587760567665100098e-01
9.219241142272949219e-01
9.517905116081237793e-01
9.865670800209045410e-01
9.525581598281860352e-01
9.684919714927673340e-01
9.398532509803771973e-01
8.383820652961730957e-01
9.691762924194335938e-01
9.476391673088073730e-01
9.766945838928222656e-01
9.193978309631347656e-01
9.775516390800476074e-01
6.302269101142883301e-01
7.684929966926574707e-01
9.563933610916137695e-01
-9.899900000000000000e+04
-9.899900000000000000e+04
-9.899900000000000000e+04
9.706802964210510254e-01
9.874129891395568848e-01
-9.899900000000000000e+04
9.790814518928527832e-01
