6.225892305374145508e-01
6.358127593994140625e-01
6.412144899368286133e-01
6.602879762649536133e-01
6.466499567031860352e-01
6.639208197593688965e-01
6.616687774658203125e-01
6.693965792655944824e-01
6.592803001403808594e-01
6.654602885246276855e-01
6.664795279502868652e-01
6.636283397674560547e-01
6.751164197921752930e-01
6.589918732643127441e-01
6.668683290481567383e-01
6.695431470870971680e-01
6.765583157539367676e-01
6.673178076744079590e-01
6.878682374954223633e-01
6.926084160804748535e-01
6.871049404144287109e-01
6.810644865036010742e-01
6.811702847480773926e-01
6.897810101509094238e-01
6.845775246620178223e-01
6.879019737243652344e-01
7.027961015701293945e-01
7.027965784072875977e-01
6.843441128730773926e-01
6.887785196304321289e-01
6.950305104255676270e-01
6.950945854187011719e-01
6.974868178367614746e-01
6.991445422172546387e-01
6.920434832572937012e-01
7.048809528350830078e-01
6.976517438888549805e-01
6.970893144607543945e-01
7.053661346435546875e-01
7.181994915008544922e-01
7.132812738418579102e-01
7.131278514862060547e-01
7.144544720649719238e-01
7.103881239891052246e-01
6.833035349845886230e-01
6.993519067764282227e-01
7.004690170288085938e-01
7.187585830688476562e-01
7.155000567436218262e-01
7.081392407417297363e-01
7.179088592529296875e-01
6.940119266510009766e-01
7.187393307685852051e-01
7.165918946266174316e-01
6.940814852714538574e-01
6.997482776641845703e-01
6.910542845726013184e-01
7.235875725746154785e-01
7.142573595046997070e-01
7.005955576896667480e-01
7.170560359954833984e-01
7.241815328598022461e-01
7.293164134025573730e-01
7.289584875106811523e-01
7.321816086769104004e-01
7.211102247238159180e-01
7.205989956855773926e-01
7.379728555679321289e-01
7.331476211547851562e-01
7.163766026496887207e-01
7.239584922790527344e-01
7.416225671768188477e-01
7.391609549522399902e-01
7.353662848472595215e-01
7.330987453460693359e-01
7.594657540321350098e-01
7.346214652061462402e-01
7.696617245674133301e-01
7.373865246772766113e-01
7.312023639678955078e-01
7.493135929107666016e-01
7.603565454483032227e-01
7.109767794609069824e-01
7.599119544029235840e-01
7.744507789611816406e-01
7.867498993873596191e-01
7.608984708786010742e-01
7.687530517578125000e-01
7.703788876533508301e-01
7.407775521278381348e-01
7.801085710525512695e-01
7.918630242347717285e-01
7.689436674118041992e-01
7.982276082038879395e-01
7.767153978347778320e-01
7.968202829360961914e-01
7.804495692253112793e-01
7.782894968986511230e-01
7.973858714103698730e-01
7.870334982872009277e-01
7.943096160888671875e-01
7.731046676635742188e-01
7.807168960571289062e-01
7.989181280136108398e-01
8.006722927093505859e-01
7.989246845245361328e-01
7.990723252296447754e-01
8.131778240203857422e-01
7.939606904983520508e-01
8.026873469352722168e-01
8.114789724349975586e-01
7.962134480476379395e-01
8.148148059844970703e-01
8.288109302520751953e-01
8.131503462791442871e-01
8.221349120140075684e-01
8.422727584838867188e-01
8.320018053054809570e-01
8.201310038566589355e-01
7.820665240287780762e-01
8.473034501075744629e-01
8.483003377914428711e-01
8.500902652740478516e-01
8.514357209205627441e-01
8.587659001350402832e-01
8.589776754379272461e-01
8.424156904220581055e-01
8.574750423431396484e-01
8.566643595695495605e-01
7.959143519401550293e-01
8.625012636184692383e-01
8.613361120223999023e-01
8.618540167808532715e-01
8.692756891250610352e-01
8.831947445869445801e-01
8.763480782508850098e-01
8.712710142135620117e-01
8.630270361900329590e-01
8.727737069129943848e-01
8.758243918418884277e-01
8.852015137672424316e-01
8.667184710502624512e-01
8.522418737411499023e-01
8.817861080169677734e-01
8.673059940338134766e-01
9.101815819740295410e-01
8.868843317031860352e-01
8.978145122528076172e-01
8.842132091522216797e-01
8.806204199790954590e-01
9.069195985794067383e-01
8.715065121650695801e-01
8.947985172271728516e-01
8.765786886215209961e-01
9.092731475830078125e-01
8.968541026115417480e-01
9.063271880149841309e-01
9.215841889381408691e-01
9.056534171104431152e-01
9.011646509170532227e-01
8.657020926475524902e-01
9.107812643051147461e-01
9.235113263130187988e-01
8.995692729949951172e-01
8.960316777229309082e-01
9.170544743537902832e-01
9.119485616683959961e-01
8.239573836326599121e-01
9.217966198921203613e-01
9.213246703147888184e-01
9.216134548187255859e-01
7.779569625854492188e-01
9.184186458587646484e-01
9.010371565818786621e-01
9.371767640113830566e-01
9.358887672424316406e-01
7.363432645797729492e-01
9.453084468841552734e-01
9.608287215232849121e-01
9.451432824134826660e-01
9.690497517585754395e-01
9.525586366653442383e-01
9.269564747810363770e-01
7.873027324676513672e-01
9.742507934570312500e-01
8.977938890457153320e-01
9.605156183242797852e-01
9.927915930747985840e-01
9.859300255775451660e-01
8.278604745864868164e-01
9.607185721397399902e-01
9.822651147842407227e-01
9.799143075942993164e-01
8.697080016136169434e-01
9.580469131469726562e-01
9.588168859481811523e-01
9.763638377189636230e-01
9.860280156135559082e-01
9.275341033935546875e-01
9.725978374481201172e-01
-9.899900000000000000e+04
9.801977872848510742e-01
