6.291534900665283203e-01
6.257067918777465820e-01
6.562239527702331543e-01
6.595162153244018555e-01
6.627352833747863770e-01
6.525678634643554688e-01
6.603446006774902344e-01
6.692662835121154785e-01
6.592803001403808594e-01
6.571092009544372559e-01
6.664795279502868652e-01
6.596245169639587402e-01
6.751718521118164062e-01
6.547865271568298340e-01
6.665367484092712402e-01
6.687693595886230469e-01
6.789344549179077148e-01
6.863613128662109375e-01
6.890469193458557129e-01
6.843210458755493164e-01
6.881055235862731934e-01
6.750268340110778809e-01
6.472196578979492188e-01
6.849752068519592285e-01
6.841415166854858398e-01
6.940991878509521484e-01
7.026354074478149414e-01
6.989399194717407227e-01
6.825704574584960938e-01
7.025297880172729492e-01
6.924442052841186523e-01
6.987908482551574707e-01
7.024661898612976074e-01
6.944863796234130859e-01
6.992788314819335938e-01
6.949877738952636719e-01
6.960754394531250000e-01
7.011607289314270020e-01
7.041161060333251953e-01
7.074828743934631348e-01
7.080223560333251953e-01
7.094503045082092285e-01
7.136890292167663574e-01
6.998770833015441895e-01
6.992796063423156738e-01
7.148404717445373535e-01
7.004993557929992676e-01
7.127302885055541992e-01
7.025555968284606934e-01
7.108973264694213867e-01
7.104015350341796875e-01
7.072855234146118164e-01
7.158695459365844727e-01
7.051286697387695312e-01
7.198301553726196289e-01
7.197623848915100098e-01
7.256509661674499512e-01
7.131010293960571289e-01
6.954068541526794434e-01
7.256263494491577148e-01
7.163156270980834961e-01
7.218902707099914551e-01
7.076172232627868652e-01
7.312843799591064453e-01
7.296528220176696777e-01
7.328421473503112793e-01
7.408715486526489258e-01
7.152229547500610352e-01
7.227549552917480469e-01
7.314024567604064941e-01
7.324720025062561035e-01
7.288864850997924805e-01
7.491300702095031738e-01
7.456728219985961914e-01
7.274033427238464355e-01
7.280029654502868652e-01
7.101938128471374512e-01
7.382546067237854004e-01
7.408006191253662109e-01
7.407062053680419922e-01
7.370573282241821289e-01
7.256602048873901367e-01
7.397024631500244141e-01
7.784163355827331543e-01
7.831206917762756348e-01
7.666171789169311523e-01
7.604717612266540527e-01
7.696418166160583496e-01
7.623606920242309570e-01
7.543380856513977051e-01
7.794280648231506348e-01
7.745845913887023926e-01
7.704488039016723633e-01
7.832311391830444336e-01
7.878954410552978516e-01
7.842758893966674805e-01
7.891681194305419922e-01
7.696710228919982910e-01
7.983434200286865234e-01
7.777429223060607910e-01
7.724308371543884277e-01
7.902359366416931152e-01
8.050623536109924316e-01
7.666605114936828613e-01
8.013463616371154785e-01
8.200229406356811523e-01
8.071792721748352051e-01
7.929965853691101074e-01
8.117198348045349121e-01
7.797491550445556641e-01
8.162059187889099121e-01
8.057444691658020020e-01
8.114219307899475098e-01
7.815940976142883301e-01
8.183526992797851562e-01
8.118056654930114746e-01
8.081690669059753418e-01
7.865061759948730469e-01
8.442239761352539062e-01
8.514828085899353027e-01
8.469477891921997070e-01
8.404300212860107422e-01
8.457054495811462402e-01
8.571135997772216797e-01
8.649905323982238770e-01
8.525893688201904297e-01
8.529955744743347168e-01
8.606074452400207520e-01
8.533729910850524902e-01
8.334140181541442871e-01
8.625113368034362793e-01
8.580243587493896484e-01
8.543724417686462402e-01
8.706755042076110840e-01
8.640458583831787109e-01
8.762763142585754395e-01
8.761435747146606445e-01
8.699223995208740234e-01
8.828580379486083984e-01
8.795748353004455566e-01
8.809598684310913086e-01
8.650336861610412598e-01
8.715022206306457520e-01
8.864126205444335938e-01
8.940410614013671875e-01
8.804234862327575684e-01
8.950030803680419922e-01
9.027424454689025879e-01
8.880391716957092285e-01
8.933091759681701660e-01
8.947742581367492676e-01
8.953717350959777832e-01
8.928267359733581543e-01
8.740284442901611328e-01
8.896686434745788574e-01
9.019736051559448242e-01
9.239736795425415039e-01
9.200841784477233887e-01
9.188053607940673828e-01
8.369539380073547363e-01
9.137443304061889648e-01
8.864582777023315430e-01
9.120424985885620117e-01
9.219608306884765625e-01
8.961656689643859863e-01
9.260027408599853516e-01
9.166244268417358398e-01
9.296631813049316406e-01
9.299234151840209961e-01
9.078079462051391602e-01
9.241836667060852051e-01
9.047236442565917969e-01
9.288046360015869141e-01
8.870022296905517578e-01
9.311686754226684570e-01
7.533656358718872070e-01
9.189775586128234863e-01
7.820368409156799316e-01
9.148007035255432129e-01
9.439898133277893066e-01
9.217616915702819824e-01
8.052523136138916016e-01
9.269865751266479492e-01
9.373942613601684570e-01
9.354010820388793945e-01
9.436908364295959473e-01
9.635198712348937988e-01
8.666900992393493652e-01
8.213379383087158203e-01
9.521034359931945801e-01
9.614928960800170898e-01
9.375446438789367676e-01
9.398026466369628906e-01
9.227198958396911621e-01
-9.899900000000000000e+04
9.430553913116455078e-01
9.854480028152465820e-01
9.548515677452087402e-01
9.609041213989257812e-01
1.006947278976440430e+00
9.998987913131713867e-01
9.644164443016052246e-01
9.785411953926086426e-01
-9.899900000000000000e+04
9.263956546783447266e-01
