6.309524774551391602e-01
6.257067918777465820e-01
6.407510042190551758e-01
6.632860302925109863e-01
6.627352833747863770e-01
6.518133878707885742e-01
6.579081416130065918e-01
6.678663492202758789e-01
6.592803001403808594e-01
6.654602885246276855e-01
6.664795279502868652e-01
6.587275862693786621e-01
6.751718521118164062e-01
6.659889221191406250e-01
6.811007857322692871e-01
6.787751913070678711e-01
6.741776466369628906e-01
6.710654497146606445e-01
6.750604510307312012e-01
6.803997755050659180e-01
6.755523085594177246e-01
6.750268340110778809e-01
6.823445558547973633e-01
6.941004395484924316e-01
6.907582283020019531e-01
6.893758177757263184e-01
7.027961015701293945e-01
6.947891116142272949e-01
6.932379007339477539e-01
6.942840218544006348e-01
7.071011066436767578e-01
6.891896724700927734e-01
6.974868178367614746e-01
6.989965438842773438e-01
6.916729211807250977e-01
6.950627565383911133e-01
6.957601904869079590e-01
7.035740017890930176e-01
7.092423439025878906e-01
7.164593338966369629e-01
7.078338265419006348e-01
6.996563076972961426e-01
6.965942382812500000e-01
7.035176753997802734e-01
6.944015026092529297e-01
7.070842981338500977e-01
7.139685750007629395e-01
7.153616547584533691e-01
7.122359275817871094e-01
6.874898672103881836e-01
7.103788256645202637e-01
6.957992911338806152e-01
7.130395770072937012e-01
7.179226875305175781e-01
6.994196176528930664e-01
7.231504917144775391e-01
7.162520289421081543e-01
7.133932113647460938e-01
7.234318852424621582e-01
7.290966510772705078e-01
7.217727303504943848e-01
7.318459153175354004e-01
7.166232466697692871e-01
7.209582924842834473e-01
7.301110029220581055e-01
7.007064223289489746e-01
7.238954901695251465e-01
7.356680035591125488e-01
7.312974333763122559e-01
7.405991554260253906e-01
7.358589172363281250e-01
7.431096434593200684e-01
7.257909178733825684e-01
7.099907994270324707e-01
7.230187058448791504e-01
7.462153434753417969e-01
7.620775699615478516e-01
7.600739002227783203e-01
7.401790022850036621e-01
7.248880267143249512e-01
7.284339666366577148e-01
7.289084792137145996e-01
7.627851366996765137e-01
7.498022913932800293e-01
7.732936739921569824e-01
7.697909474372863770e-01
7.676782011985778809e-01
7.770616412162780762e-01
7.890794277191162109e-01
7.941371202468872070e-01
7.917791008949279785e-01
7.970034480094909668e-01
7.872160077095031738e-01
7.802014946937561035e-01
7.530058026313781738e-01
7.752394080162048340e-01
7.680836915969848633e-01
7.749242782592773438e-01
7.834559679031372070e-01
7.964709997177124023e-01
7.850227952003479004e-01
7.869275808334350586e-01
8.108034729957580566e-01
7.511261105537414551e-01
7.650915980339050293e-01
7.968974113464355469e-01
8.087680339813232422e-01
8.183875083923339844e-01
8.045737743377685547e-01
8.138496875762939453e-01
7.954953312873840332e-01
7.591567635536193848e-01
7.432889342308044434e-01
8.189124464988708496e-01
7.976694107055664062e-01
8.289363980293273926e-01
8.135455250740051270e-01
7.996442317962646484e-01
8.446860909461975098e-01
8.426998257637023926e-01
8.435599207878112793e-01
8.221525549888610840e-01
8.245208263397216797e-01
8.295319080352783203e-01
8.615252971649169922e-01
8.434528112411499023e-01
8.624179363250732422e-01
8.489266633987426758e-01
8.591142892837524414e-01
8.746156096458435059e-01
8.589757084846496582e-01
8.603564500808715820e-01
8.643783330917358398e-01
8.688864111900329590e-01
8.716719746589660645e-01
8.765013217926025391e-01
8.503969311714172363e-01
8.800972700119018555e-01
8.734743595123291016e-01
8.825591206550598145e-01
7.956383228302001953e-01
8.958728909492492676e-01
8.741933703422546387e-01
8.880621194839477539e-01
9.007750749588012695e-01
8.504859805107116699e-01
8.618501424789428711e-01
9.012610912322998047e-01
9.067483544349670410e-01
8.932334184646606445e-01
8.959003686904907227e-01
9.011290073394775391e-01
8.568156361579895020e-01
8.912106752395629883e-01
8.953806161880493164e-01
9.056216478347778320e-01
8.859537243843078613e-01
9.208369255065917969e-01
9.192842841148376465e-01
8.323964476585388184e-01
9.126870632171630859e-01
8.978352546691894531e-01
9.031743407249450684e-01
7.925012707710266113e-01
8.456032276153564453e-01
9.363642930984497070e-01
9.286531805992126465e-01
9.311267733573913574e-01
7.362223863601684570e-01
9.217974543571472168e-01
9.096496105194091797e-01
8.838164806365966797e-01
9.301139116287231445e-01
9.325127005577087402e-01
8.693286776542663574e-01
9.276868700981140137e-01
9.300622940063476562e-01
9.382925629615783691e-01
8.073234558105468750e-01
8.757812380790710449e-01
9.126293063163757324e-01
9.438689351081848145e-01
9.644099473953247070e-01
9.462244510650634766e-01
9.531286358833312988e-01
9.427383542060852051e-01
9.304370880126953125e-01
9.572873711585998535e-01
9.684039950370788574e-01
9.128682613372802734e-01
9.816495180130004883e-01
9.504277110099792480e-01
9.672160148620605469e-01
-9.899900000000000000e+04
-9.899900000000000000e+04
9.805576801300048828e-01
9.665004611015319824e-01
8.705470561981201172e-01
-9.899900000000000000e+04
9.833517074584960938e-01
9.802783131599426270e-01
9.736612439155578613e-01
9.800515174865722656e-01
-9.899900000000000000e+04
9.338546395301818848e-01
-9.899900000000000000e+04
8.817554116249084473e-01
9.780032634735107422e-01
-9.899900000000000000e+04
