6.225892305374145508e-01
6.517849564552307129e-01
6.412144899368286133e-01
6.632860302925109863e-01
6.627352833747863770e-01
6.472339630126953125e-01
6.579081416130065918e-01
6.678663492202758789e-01
6.592803001403808594e-01
6.603376865386962891e-01
6.639269590377807617e-01
6.803489923477172852e-01
6.678974032402038574e-01
6.547865271568298340e-01
6.795085668563842773e-01
6.848675608634948730e-01
6.826283931732177734e-01
6.874428987503051758e-01
6.686673164367675781e-01
6.898058652877807617e-01
6.730217337608337402e-01
6.750268340110778809e-01
6.811555027961730957e-01
6.880162358283996582e-01
7.024981975555419922e-01
7.015670537948608398e-01
6.898013949394226074e-01
6.985210180282592773e-01
6.996704936027526855e-01
6.945591568946838379e-01
6.940954327583312988e-01
7.028635144233703613e-01
6.951276063919067383e-01
7.002720832824707031e-01
6.941004991531372070e-01
6.919738650321960449e-01
6.940130591392517090e-01
6.988803148269653320e-01
7.061207890510559082e-01
7.188727855682373047e-01
7.054155468940734863e-01
7.112235426902770996e-01
7.106822729110717773e-01
7.011688351631164551e-01
7.122289538383483887e-01
6.911194324493408203e-01
7.045925855636596680e-01
7.027491331100463867e-01
7.126724123954772949e-01
7.074918150901794434e-01
7.066340446472167969e-01
7.004900574684143066e-01
7.002468705177307129e-01
7.202186584472656250e-01
7.078827023506164551e-01
7.104137539863586426e-01
7.080494761466979980e-01
7.119981646537780762e-01
7.247471809387207031e-01
7.286094427108764648e-01
7.162978649139404297e-01
7.154126167297363281e-01
7.292958498001098633e-01
7.275201678276062012e-01
7.304771542549133301e-01
7.347612977027893066e-01
7.325904965400695801e-01
7.300805449485778809e-01
7.096904516220092773e-01
7.160084247589111328e-01
7.104730606079101562e-01
7.333903312683105469e-01
7.241148948669433594e-01
7.253289222717285156e-01
7.567302584648132324e-01
7.367131114006042480e-01
7.468462586402893066e-01
7.531220912933349609e-01
7.393085956573486328e-01
7.459001541137695312e-01
7.353464961051940918e-01
7.453370690345764160e-01
7.732055783271789551e-01
7.718855142593383789e-01
7.633377909660339355e-01
7.663000226020812988e-01
7.554919123649597168e-01
7.532920241355895996e-01
7.851694822311401367e-01
7.907717823982238770e-01
7.956615090370178223e-01
7.888942360877990723e-01
7.745039463043212891e-01
7.870507240295410156e-01
7.834631204605102539e-01
7.772371768951416016e-01
7.957289814949035645e-01
7.967681288719177246e-01
7.918566465377807617e-01
7.696428894996643066e-01
7.825163006782531738e-01
7.802753448486328125e-01
7.956985235214233398e-01
7.972116470336914062e-01
8.096957802772521973e-01
8.107689023017883301e-01
8.171074390411376953e-01
7.778761386871337891e-01
7.926757931709289551e-01
8.120805025100708008e-01
8.084112405776977539e-01
8.186509013175964355e-01
8.198297023773193359e-01
8.220092654228210449e-01
8.155544996261596680e-01
7.999753952026367188e-01
8.096265792846679688e-01
8.345732092857360840e-01
8.461695313453674316e-01
8.430573344230651855e-01
8.352824449539184570e-01
8.496863245964050293e-01
8.376476764678955078e-01
8.376207351684570312e-01
8.453572988510131836e-01
8.439311385154724121e-01
8.599934577941894531e-01
8.554441332817077637e-01
8.609147071838378906e-01
8.574646711349487305e-01
8.539338111877441406e-01
8.678384423255920410e-01
8.630544543266296387e-01
8.598586320877075195e-01
8.842578530311584473e-01
8.720950484275817871e-01
8.569620847702026367e-01
8.721118569374084473e-01
8.772680759429931641e-01
8.911723494529724121e-01
8.640277981758117676e-01
8.682174086570739746e-01
8.763070106506347656e-01
8.972963690757751465e-01
8.733605146408081055e-01
8.785238862037658691e-01
8.972017168998718262e-01
8.815788626670837402e-01
9.042275547981262207e-01
8.715996146202087402e-01
8.923932909965515137e-01
8.760394454002380371e-01
9.073742032051086426e-01
9.109960794448852539e-01
9.034991860389709473e-01
9.025423526763916016e-01
8.794537186622619629e-01
9.115369319915771484e-01
8.751239180564880371e-01
8.797495365142822266e-01
9.118311405181884766e-01
9.103572368621826172e-01
8.003190755844116211e-01
8.508958220481872559e-01
9.241951107978820801e-01
9.328415393829345703e-01
8.959296941757202148e-01
9.131287336349487305e-01
9.390561580657958984e-01
9.075533151626586914e-01
9.369931817054748535e-01
9.410065412521362305e-01
9.280623793601989746e-01
8.564534783363342285e-01
9.301395416259765625e-01
9.300873279571533203e-01
7.997238636016845703e-01
9.501031041145324707e-01
8.450837731361389160e-01
9.501087665557861328e-01
9.384106993675231934e-01
9.519134163856506348e-01
7.722983360290527344e-01
7.902806401252746582e-01
9.655713438987731934e-01
9.650191068649291992e-01
9.834416508674621582e-01
9.743424654006958008e-01
8.269243836402893066e-01
8.311148285865783691e-01
9.637575745582580566e-01
9.039763212203979492e-01
9.775945544242858887e-01
-9.899900000000000000e+04
9.539062976837158203e-01
9.472376108169555664e-01
9.678522348403930664e-01
9.762173295021057129e-01
9.059150815010070801e-01
9.584416747093200684e-01
8.748589158058166504e-01
-9.899900000000000000e+04
9.763224720954895020e-01
1.015854716300964355e+00
8.401444554328918457e-01
9.991748929023742676e-01
9.838308095932006836e-01
-9.899900000000000000e+04
-9.899900000000000000e+04
9.745961427688598633e-01
-9.899900000000000000e+04
9.825976490974426270e-01
9.910238981246948242e-01
-9.899900000000000000e+04
-9.899900000000000000e+04
9.339730739593505859e-01
-9.899900000000000000e+04
-9.899900000000000000e+04
-9.899900000000000000e+04
-9.899900000000000000e+04
-9.899900000000000000e+04
-9.899900000000000000e+04
9.796212911605834961e-01
1.003367185592651367e+00
9.600422382354736328e-01
-9.899900000000000000e+04
-9.899900000000000000e+04
9.053139686584472656e-01
-9.899900000000000000e+04
-9.899900000000000000e+04
-9.899900000000000000e+04
