6.461329460144042969e-01
6.257067918777465820e-01
6.407510042190551758e-01
6.632860302925109863e-01
6.455930471420288086e-01
6.468650102615356445e-01
6.603446006774902344e-01
6.678663492202758789e-01
6.649832725524902344e-01
6.654602885246276855e-01
6.664795279502868652e-01
6.596245169639587402e-01
6.633976101875305176e-01
6.772983670234680176e-01
6.824732422828674316e-01
6.848675608634948730e-01
6.826283931732177734e-01
6.740633845329284668e-01
6.753183007240295410e-01
6.764035224914550781e-01
6.755523085594177246e-01
6.750268340110778809e-01
6.810171008110046387e-01
6.881994009017944336e-01
6.852078437805175781e-01
7.014831900596618652e-01
6.938259005546569824e-01
6.946866512298583984e-01
6.877900362014770508e-01
6.988204717636108398e-01
7.072785496711730957e-01
6.952538490295410156e-01
7.013365626335144043e-01
6.902403831481933594e-01
6.902229189872741699e-01
6.928925514221191406e-01
7.047542929649353027e-01
6.967431306838989258e-01
7.049341201782226562e-01
6.979464292526245117e-01
7.105208635330200195e-01
6.980413198471069336e-01
7.141177654266357422e-01
7.026967406272888184e-01
7.078415155410766602e-01
6.948339939117431641e-01
6.915166378021240234e-01
7.194188237190246582e-01
7.137837409973144531e-01
6.983513236045837402e-01
7.020749449729919434e-01
6.998849511146545410e-01
7.142435908317565918e-01
7.015661597251892090e-01
7.069991827011108398e-01
6.936143636703491211e-01
7.215406894683837891e-01
7.031641602516174316e-01
7.140480875968933105e-01
7.277988791465759277e-01
7.261191606521606445e-01
7.027781605720520020e-01
7.186146974563598633e-01
7.201681733131408691e-01
7.360924482345581055e-01
7.266222834587097168e-01
7.381941080093383789e-01
7.235137820243835449e-01
7.346053123474121094e-01
7.281429171562194824e-01
7.434923648834228516e-01
7.180190086364746094e-01
7.393960952758789062e-01
7.368589639663696289e-01
7.329847216606140137e-01
7.706217765808105469e-01
7.687022686004638672e-01
7.395029664039611816e-01
7.249314188957214355e-01
7.520918846130371094e-01
7.574804425239562988e-01
7.481091022491455078e-01
7.378836870193481445e-01
7.577826976776123047e-01
7.519747018814086914e-01
7.624777555465698242e-01
7.745121121406555176e-01
7.814005017280578613e-01
7.470479607582092285e-01
7.811914086341857910e-01
7.795345783233642578e-01
7.876721024513244629e-01
7.974957227706909180e-01
7.600510120391845703e-01
7.784421443939208984e-01
7.765316963195800781e-01
7.700167298316955566e-01
7.954663038253784180e-01
7.847478389739990234e-01
7.861514091491699219e-01
7.704482674598693848e-01
7.920379042625427246e-01
7.697753310203552246e-01
8.010454177856445312e-01
8.043053150177001953e-01
7.884004116058349609e-01
7.823719978332519531e-01
8.113369941711425781e-01
8.181213140487670898e-01
8.074052333831787109e-01
7.752475738525390625e-01
7.907646298408508301e-01
8.118968605995178223e-01
8.214721083641052246e-01
8.285398483276367188e-01
8.238531947135925293e-01
8.385408520698547363e-01
8.092963099479675293e-01
7.906091213226318359e-01
8.017021417617797852e-01
8.255038261413574219e-01
8.066225647926330566e-01
8.383331894874572754e-01
8.527824282646179199e-01
8.583500981330871582e-01
8.564110994338989258e-01
8.551790118217468262e-01
8.576248884201049805e-01
8.526186347007751465e-01
8.599300980567932129e-01
8.570954203605651855e-01
8.574637770652770996e-01
8.570280671119689941e-01
8.692603707313537598e-01
8.430105447769165039e-01
8.839095830917358398e-01
8.884255290031433105e-01
8.754022717475891113e-01
8.589404225349426270e-01
8.746067285537719727e-01
8.742974400520324707e-01
8.489710092544555664e-01
8.762244582176208496e-01
8.824183344841003418e-01
8.754085302352905273e-01
8.897081017494201660e-01
8.854888081550598145e-01
8.880239725112915039e-01
8.959218263626098633e-01
8.515712022781372070e-01
8.737297654151916504e-01
8.943548202514648438e-01
8.956093192100524902e-01
8.273763656616210938e-01
8.622175455093383789e-01
8.265957236289978027e-01
8.955399990081787109e-01
9.106715321540832520e-01
9.001374244689941406e-01
9.122486114501953125e-01
9.294219017028808594e-01
9.157658815383911133e-01
8.980211615562438965e-01
9.262717366218566895e-01
8.930929899215698242e-01
9.024122953414916992e-01
9.377763867378234863e-01
7.565597295761108398e-01
9.354141354560852051e-01
9.222902059555053711e-01
8.043137192726135254e-01
9.166993498802185059e-01
9.161506891250610352e-01
8.637545108795166016e-01
9.141235351562500000e-01
8.036847710609436035e-01
9.163014888763427734e-01
8.268685340881347656e-01
9.284330010414123535e-01
9.236909747123718262e-01
9.376006722450256348e-01
9.270336627960205078e-01
9.522830247879028320e-01
9.368869066238403320e-01
9.632903337478637695e-01
9.377749562263488770e-01
9.844725131988525391e-01
9.502232074737548828e-01
9.705739617347717285e-01
9.814622402191162109e-01
9.771260619163513184e-01
9.780530929565429688e-01
9.483123421669006348e-01
9.860683083534240723e-01
9.980127811431884766e-01
9.505385160446166992e-01
9.338943362236022949e-01
9.738514423370361328e-01
8.262723088264465332e-01
9.083116054534912109e-01
9.725037217140197754e-01
-9.899900000000000000e+04
9.795506000518798828e-01
-9.899900000000000000e+04
9.736915230751037598e-01
