6.309524774551391602e-01
6.358127593994140625e-01
6.406359076499938965e-01
6.476886868476867676e-01
6.476992368698120117e-01
6.639208197593688965e-01
6.616687774658203125e-01
6.678663492202758789e-01
6.592803001403808594e-01
6.793448328971862793e-01
6.752379536628723145e-01
6.803489923477172852e-01
6.633976101875305176e-01
6.840402483940124512e-01
6.625126004219055176e-01
6.729526519775390625e-01
6.750033497810363770e-01
6.633310317993164062e-01
6.753183007240295410e-01
6.862480640411376953e-01
6.901529431343078613e-01
6.802825331687927246e-01
6.810171008110046387e-01
6.928482651710510254e-01
7.024981975555419922e-01
6.925680041313171387e-01
6.893593072891235352e-01
6.993896961212158203e-01
6.889561414718627930e-01
6.898700594902038574e-01
6.835317015647888184e-01
6.891896724700927734e-01
6.919070482254028320e-01
6.997209191322326660e-01
6.898364424705505371e-01
7.028777599334716797e-01
6.935344338417053223e-01
6.973177790641784668e-01
7.092423439025878906e-01
7.126390933990478516e-01
6.982327699661254883e-01
6.991039514541625977e-01
7.104474306106567383e-01
6.994535326957702637e-01
7.092535495758056641e-01
6.916451454162597656e-01
7.026386857032775879e-01
7.162244915962219238e-01
7.127336859703063965e-01
7.164031863212585449e-01
6.960738897323608398e-01
6.991410851478576660e-01
7.136362791061401367e-01
7.156661748886108398e-01
7.177237272262573242e-01
6.992999315261840820e-01
7.221143841743469238e-01
6.953982114791870117e-01
7.252033352851867676e-01
7.250465154647827148e-01
7.207847833633422852e-01
7.277234196662902832e-01
7.275871038436889648e-01
7.279620766639709473e-01
7.231293916702270508e-01
7.310793995857238770e-01
7.272981405258178711e-01
7.220570445060729980e-01
7.280426025390625000e-01
7.386901378631591797e-01
7.475848197937011719e-01
7.220070958137512207e-01
7.483352422714233398e-01
7.501470446586608887e-01
7.450573444366455078e-01
7.069392204284667969e-01
7.536642551422119141e-01
7.597101330757141113e-01
7.355285286903381348e-01
7.237851023674011230e-01
7.257715463638305664e-01
7.565497159957885742e-01
7.493575215339660645e-01
7.572871446609497070e-01
7.752375602722167969e-01
7.674039602279663086e-01
7.573451399803161621e-01
7.933707833290100098e-01
7.361308932304382324e-01
7.767744064331054688e-01
7.890038490295410156e-01
7.782450914382934570e-01
7.789563536643981934e-01
7.685610055923461914e-01
7.844448089599609375e-01
7.680631875991821289e-01
7.668941020965576172e-01
7.958527207374572754e-01
7.893794178962707520e-01
7.996683716773986816e-01
8.010252118110656738e-01
7.970722913742065430e-01
7.979263663291931152e-01
8.019735217094421387e-01
8.022595047950744629e-01
7.771431207656860352e-01
8.104538917541503906e-01
8.121184110641479492e-01
8.118472099304199219e-01
7.774558663368225098e-01
8.027800321578979492e-01
7.949292063713073730e-01
8.271080255508422852e-01
8.149781823158264160e-01
8.099414706230163574e-01
8.299944996833801270e-01
8.370949625968933105e-01
8.120810985565185547e-01
8.336765170097351074e-01
8.075600266456604004e-01
8.353520035743713379e-01
8.509109020233154297e-01
8.449001908302307129e-01
8.556299209594726562e-01
8.582016229629516602e-01
8.449419736862182617e-01
8.575623631477355957e-01
8.547483086585998535e-01
8.676590919494628906e-01
8.560975790023803711e-01
8.622300624847412109e-01
8.668713569641113281e-01
8.368083238601684570e-01
8.640805482864379883e-01
8.653651475906372070e-01
8.765571117401123047e-01
8.802512884140014648e-01
8.522043824195861816e-01
8.808210492134094238e-01
8.699465990066528320e-01
8.744301199913024902e-01
8.879057168960571289e-01
8.895574212074279785e-01
8.845519423484802246e-01
8.748852610588073730e-01
8.958821296691894531e-01
8.820208311080932617e-01
8.954062461853027344e-01
8.330529928207397461e-01
9.083548188209533691e-01
8.857121467590332031e-01
8.828964829444885254e-01
8.741624951362609863e-01
9.087500572204589844e-01
9.169325828552246094e-01
9.063984155654907227e-01
8.948222398757934570e-01
9.098277688026428223e-01
9.167517423629760742e-01
9.217805862426757812e-01
8.922667503356933594e-01
9.115861654281616211e-01
9.272027611732482910e-01
9.128032326698303223e-01
8.186720609664916992e-01
9.193577766418457031e-01
9.264848828315734863e-01
9.398059248924255371e-01
9.243271350860595703e-01
9.208785295486450195e-01
9.325847029685974121e-01
9.298928380012512207e-01
9.346234798431396484e-01
9.317279458045959473e-01
9.344134926795959473e-01
9.477260708808898926e-01
9.234234690666198730e-01
8.795951604843139648e-01
9.191697239875793457e-01
9.645084738731384277e-01
9.538189768791198730e-01
9.009651541709899902e-01
9.305629730224609375e-01
8.385418653488159180e-01
7.844862341880798340e-01
9.492397308349609375e-01
9.676053524017333984e-01
9.526606202125549316e-01
9.420729875564575195e-01
9.609428048133850098e-01
9.570713639259338379e-01
9.313111901283264160e-01
7.786819934844970703e-01
9.254674911499023438e-01
9.772024154663085938e-01
9.826443195343017578e-01
8.152391314506530762e-01
9.914953112602233887e-01
9.825742244720458984e-01
-9.899900000000000000e+04
-9.899900000000000000e+04
9.902783036231994629e-01
9.962742924690246582e-01
1.006538987159729004e+00
8.801254630088806152e-01
-9.899900000000000000e+04
9.688913822174072266e-01
9.852523803710937500e-01
