6.225892305374145508e-01
6.517849564552307129e-01
6.562239527702331543e-01
6.606395840644836426e-01
6.469347476959228516e-01
6.525678634643554688e-01
6.557057499885559082e-01
6.678663492202758789e-01
6.649832725524902344e-01
6.654602885246276855e-01
6.748403310775756836e-01
6.596245169639587402e-01
6.817724108695983887e-01
6.711479425430297852e-01
6.660924553871154785e-01
6.690617203712463379e-01
6.722906231880187988e-01
6.737642884254455566e-01
6.643912196159362793e-01
6.875582337379455566e-01
6.901529431343078613e-01
6.750268340110778809e-01
6.752519607543945312e-01
6.934551596641540527e-01
6.927614212036132812e-01
6.925680041313171387e-01
6.913393735885620117e-01
7.040576338768005371e-01
6.979752182960510254e-01
6.795403957366943359e-01
6.940954327583312988e-01
7.036141157150268555e-01
7.017874121665954590e-01
6.919832825660705566e-01
6.908600926399230957e-01
7.021046876907348633e-01
6.958599090576171875e-01
7.035740017890930176e-01
7.004280090332031250e-01
7.087800502777099609e-01
6.967268586158752441e-01
7.138999700546264648e-01
7.038843631744384766e-01
7.013785839080810547e-01
6.953164339065551758e-01
7.126438617706298828e-01
7.019128799438476562e-01
7.056582570075988770e-01
7.093032598495483398e-01
7.213504314422607422e-01
7.173206806182861328e-01
7.014289498329162598e-01
7.133530974388122559e-01
7.235053181648254395e-01
6.898636221885681152e-01
7.043092846870422363e-01
7.219586372375488281e-01
7.119475603103637695e-01
7.142915725708007812e-01
7.014753818511962891e-01
7.155181169509887695e-01
7.349725961685180664e-01
7.318471670150756836e-01
7.144095897674560547e-01
7.310930490493774414e-01
7.161143422126770020e-01
7.316560745239257812e-01
7.118267416954040527e-01
7.400199174880981445e-01
7.287716269493103027e-01
7.324753999710083008e-01
7.474893331527709961e-01
7.319062352180480957e-01
7.474184036254882812e-01
7.628001570701599121e-01
7.543777823448181152e-01
7.452826499938964844e-01
7.412455081939697266e-01
7.198519110679626465e-01
7.230560183525085449e-01
7.232425808906555176e-01
7.599264979362487793e-01
7.380675673484802246e-01
7.563344836235046387e-01
7.721265554428100586e-01
7.824368476867675781e-01
7.739045023918151855e-01
7.888936996459960938e-01
7.849229574203491211e-01
7.809239029884338379e-01
7.520455121994018555e-01
7.864313721656799316e-01
8.050353527069091797e-01
7.958344221115112305e-01
7.986954450607299805e-01
7.729759812355041504e-01
7.994713187217712402e-01
8.012301325798034668e-01
7.807615995407104492e-01
7.864125370979309082e-01
8.018078804016113281e-01
7.987410426139831543e-01
7.893314361572265625e-01
7.759764790534973145e-01
7.988356947898864746e-01
8.062195181846618652e-01
8.088986873626708984e-01
8.020685315132141113e-01
7.896147966384887695e-01
7.918350100517272949e-01
7.542989253997802734e-01
8.171209096908569336e-01
7.781823277473449707e-01
8.213353157043457031e-01
7.993432879447937012e-01
8.043279051780700684e-01
8.155658245086669922e-01
7.982449531555175781e-01
8.389925956726074219e-01
8.124322295188903809e-01
8.235681653022766113e-01
8.504153490066528320e-01
8.516464829444885254e-01
8.292558193206787109e-01
8.590939640998840332e-01
8.615441918373107910e-01
8.531019091606140137e-01
8.450926542282104492e-01
8.569822311401367188e-01
8.638834953308105469e-01
8.476024866104125977e-01
8.353256583213806152e-01
8.723908662796020508e-01
8.638077378273010254e-01
8.673424720764160156e-01
8.546449542045593262e-01
8.583124876022338867e-01
8.758541345596313477e-01
8.650063872337341309e-01
8.736519813537597656e-01
8.756752610206604004e-01
8.687964081764221191e-01
8.815445303916931152e-01
8.888594508171081543e-01
8.917706012725830078e-01
8.824236392974853516e-01
8.572022318840026855e-01
9.056898951530456543e-01
8.985868692398071289e-01
8.931640982627868652e-01
8.867247104644775391e-01
9.040658473968505859e-01
8.877245783805847168e-01
8.604435920715332031e-01
9.099757671356201172e-01
9.109604358673095703e-01
9.109874963760375977e-01
9.093442559242248535e-01
8.823697566986083984e-01
8.424628973007202148e-01
9.210265874862670898e-01
9.109718203544616699e-01
8.558126688003540039e-01
8.582221269607543945e-01
8.740190863609313965e-01
9.203329682350158691e-01
7.844541668891906738e-01
9.087709784507751465e-01
9.031089544296264648e-01
8.512318134307861328e-01
9.352301955223083496e-01
8.172862529754638672e-01
8.138753771781921387e-01
9.478616118431091309e-01
9.197185635566711426e-01
9.419491291046142578e-01
9.192127585411071777e-01
9.254846572875976562e-01
9.170039296150207520e-01
9.445570111274719238e-01
9.382283091545104980e-01
9.514793753623962402e-01
9.494234919548034668e-01
9.312667846679687500e-01
9.421654343605041504e-01
7.949053645133972168e-01
9.551141858100891113e-01
9.561881422996520996e-01
9.277139306068420410e-01
9.866075515747070312e-01
9.829041361808776855e-01
9.551995396614074707e-01
-9.899900000000000000e+04
8.059835433959960938e-01
9.028359055519104004e-01
9.756343364715576172e-01
9.451341032981872559e-01
9.301456212997436523e-01
9.748589992523193359e-01
9.878606200218200684e-01
-9.899900000000000000e+04
9.796898961067199707e-01
9.593908786773681641e-01
9.116958379745483398e-01
9.630681872367858887e-01
