6.461329460144042969e-01
6.517849564552307129e-01
6.406359076499938965e-01
6.595162153244018555e-01
6.627352833747863770e-01
6.468650102615356445e-01
6.617761850357055664e-01
6.678663492202758789e-01
6.617048382759094238e-01
6.654602885246276855e-01
6.752379536628723145e-01
6.803489923477172852e-01
6.676720976829528809e-01
6.785833835601806641e-01
6.672530174255371094e-01
6.672401428222656250e-01
6.750710010528564453e-01
6.622420549392700195e-01
6.746504306793212891e-01
6.843210458755493164e-01
6.799716949462890625e-01
6.801605224609375000e-01
6.749833226203918457e-01
7.025358080863952637e-01
7.012774944305419922e-01
6.925680041313171387e-01
7.025564312934875488e-01
6.985210180282592773e-01
6.846235394477844238e-01
7.024404406547546387e-01
7.085230350494384766e-01
7.109363079071044922e-01
6.911035776138305664e-01
6.782514452934265137e-01
6.992788314819335938e-01
6.939355134963989258e-01
7.021296024322509766e-01
6.967431306838989258e-01
7.076876759529113770e-01
6.999616622924804688e-01
7.000941038131713867e-01
6.990148425102233887e-01
6.932239532470703125e-01
6.987888813018798828e-01
6.991412043571472168e-01
7.019417881965637207e-01
7.028697729110717773e-01
7.159123420715332031e-01
7.107980847358703613e-01
7.186205983161926270e-01
7.100153565406799316e-01
7.212463021278381348e-01
7.158895730972290039e-01
6.967155933380126953e-01
6.943152546882629395e-01
7.221171855926513672e-01
7.056254744529724121e-01
6.970545649528503418e-01
7.248234748840332031e-01
7.291025519371032715e-01
7.260506153106689453e-01
7.321782112121582031e-01
7.047867178916931152e-01
7.290273904800415039e-01
7.113760113716125488e-01
7.186632156372070312e-01
7.366801500320434570e-01
7.404814958572387695e-01
7.377308607101440430e-01
7.220630049705505371e-01
7.227427959442138672e-01
7.215776443481445312e-01
7.471564412117004395e-01
7.457885146141052246e-01
7.627894878387451172e-01
7.468014955520629883e-01
7.344691157341003418e-01
7.322394847869873047e-01
7.480857968330383301e-01
7.370123863220214844e-01
7.454202771186828613e-01
7.396618723869323730e-01
7.805904150009155273e-01
7.288510203361511230e-01
7.380349636077880859e-01
7.514453530311584473e-01
7.834927439689636230e-01
7.801383733749389648e-01
7.951576709747314453e-01
7.839725613594055176e-01
7.825620770454406738e-01
7.949564456939697266e-01
7.882558703422546387e-01
7.959980964660644531e-01
7.639835476875305176e-01
7.908149361610412598e-01
8.022897243499755859e-01
7.846115231513977051e-01
7.818058729171752930e-01
7.765279412269592285e-01
7.999705672264099121e-01
7.617483139038085938e-01
8.007751703262329102e-01
8.058421611785888672e-01
7.857598662376403809e-01
7.866240143775939941e-01
8.028735518455505371e-01
7.785107493400573730e-01
7.864656448364257812e-01
8.147380352020263672e-01
8.084211349487304688e-01
7.816938757896423340e-01
8.013934493064880371e-01
8.105542659759521484e-01
7.893955707550048828e-01
8.152696490287780762e-01
8.382049798965454102e-01
8.106573224067687988e-01
8.228563666343688965e-01
8.355915546417236328e-01
8.198419809341430664e-01
8.448552489280700684e-01
8.413144350051879883e-01
8.413585424423217773e-01
8.401632905006408691e-01
8.433837890625000000e-01
8.594665527343750000e-01
8.674671053886413574e-01
8.432883024215698242e-01
8.371428847312927246e-01
8.661211729049682617e-01
8.467919230461120605e-01
8.326727747917175293e-01
8.718790411949157715e-01
8.654835224151611328e-01
8.695222735404968262e-01
8.671287894248962402e-01
8.922551274299621582e-01
8.672779798507690430e-01
8.876437544822692871e-01
8.819081187248229980e-01
8.887051939964294434e-01
8.775267004966735840e-01
8.812704682350158691e-01
8.858094215393066406e-01
9.021563529968261719e-01
8.662672638893127441e-01
8.623093962669372559e-01
8.959403634071350098e-01
8.658390045166015625e-01
8.768076300621032715e-01
8.954626917839050293e-01
8.880687355995178223e-01
8.803151845932006836e-01
8.940083980560302734e-01
8.906514048576354980e-01
8.589583635330200195e-01
7.921947240829467773e-01
9.243261218070983887e-01
8.704271912574768066e-01
8.484356999397277832e-01
8.769004344940185547e-01
8.957638740539550781e-01
9.137906432151794434e-01
9.179964065551757812e-01
9.222176074981689453e-01
8.556064963340759277e-01
8.658471703529357910e-01
8.910641074180603027e-01
9.294677972793579102e-01
9.170392751693725586e-01
9.355876445770263672e-01
9.252328872680664062e-01
9.351481199264526367e-01
9.097337126731872559e-01
9.298125505447387695e-01
9.542097449302673340e-01
9.608677625656127930e-01
9.307949542999267578e-01
9.369916915893554688e-01
9.589142203330993652e-01
9.296262860298156738e-01
9.570190310478210449e-01
9.310753345489501953e-01
9.346188306808471680e-01
9.394344091415405273e-01
9.593555927276611328e-01
9.370799064636230469e-01
9.534631371498107910e-01
9.582091569900512695e-01
9.602200984954833984e-01
9.639172554016113281e-01
9.714374542236328125e-01
9.881592392921447754e-01
9.488742351531982422e-01
9.836359024047851562e-01
9.826252460479736328e-01
9.877161979675292969e-01
9.842755794525146484e-01
9.681274890899658203e-01
-9.899900000000000000e+04
9.519565105438232422e-01
9.838534593582153320e-01
9.802293181419372559e-01
9.556623101234436035e-01
-9.899900000000000000e+04
-9.899900000000000000e+04
9.931402206420898438e-01
9.893507361412048340e-01
-9.899900000000000000e+04
-9.899900000000000000e+04
-9.899900000000000000e+04
-9.899900000000000000e+04
9.771208763122558594e-01
9.651970863342285156e-01
9.777705073356628418e-01
-9.899900000000000000e+04
9.921717643737792969e-01
-9.899900000000000000e+04
-9.899900000000000000e+04
-9.899900000000000000e+04
