6.309524774551391602e-01
6.358127593994140625e-01
6.412144899368286133e-01
6.595162153244018555e-01
6.476992368698120117e-01
6.468650102615356445e-01
6.616687774658203125e-01
6.749265789985656738e-01
6.746804118156433105e-01
6.806339025497436523e-01
6.664795279502868652e-01
6.803489923477172852e-01
6.676720976829528809e-01
6.584621667861938477e-01
6.669101715087890625e-01
6.788282990455627441e-01
6.745044589042663574e-01
6.863613128662109375e-01
6.680296063423156738e-01
6.816264390945434570e-01
6.816808581352233887e-01
6.759751439094543457e-01
6.752519607543945312e-01
6.934555768966674805e-01
6.812600493431091309e-01
7.015670537948608398e-01
6.884102821350097656e-01
6.988013386726379395e-01
6.996704936027526855e-01
6.901693344116210938e-01
7.003601789474487305e-01
6.891896724700927734e-01
7.049838900566101074e-01
6.936358809471130371e-01
7.008225321769714355e-01
6.939355134963989258e-01
6.959405541419982910e-01
6.991010308265686035e-01
7.116677165031433105e-01
7.092915177345275879e-01
6.978971362113952637e-01
7.147465348243713379e-01
7.097298502922058105e-01
6.934772133827209473e-01
6.986554265022277832e-01
7.035610079765319824e-01
7.073650956153869629e-01
7.053353190422058105e-01
7.130094766616821289e-01
7.159441709518432617e-01
6.990054249763488770e-01
6.995007395744323730e-01
7.002164721488952637e-01
7.164006829261779785e-01
7.181514501571655273e-01
7.005242109298706055e-01
7.211004495620727539e-01
7.127330899238586426e-01
7.200698256492614746e-01
7.237530946731567383e-01
7.133833169937133789e-01
7.282327413558959961e-01
7.010212540626525879e-01
7.114375829696655273e-01
7.310568094253540039e-01
7.286359071731567383e-01
7.239223718643188477e-01
7.243283390998840332e-01
7.357497215270996094e-01
7.207285165786743164e-01
7.375000119209289551e-01
7.474819421768188477e-01
7.339472770690917969e-01
7.530493736267089844e-01
7.594785094261169434e-01
7.554275393486022949e-01
7.348838448524475098e-01
7.614757418632507324e-01
7.416906356811523438e-01
7.479196786880493164e-01
7.505185604095458984e-01
7.341619133949279785e-01
7.304304242134094238e-01
7.407672405242919922e-01
7.804641723632812500e-01
7.690662741661071777e-01
7.761176824569702148e-01
7.872383594512939453e-01
7.928218841552734375e-01
7.941125035285949707e-01
7.886824607849121094e-01
7.889509797096252441e-01
7.755567431449890137e-01
7.887142896652221680e-01
7.978815436363220215e-01
7.845625877380371094e-01
7.745901346206665039e-01
7.697941064834594727e-01
7.623155713081359863e-01
7.833632230758666992e-01
7.907384037971496582e-01
8.032736182212829590e-01
8.014923930168151855e-01
7.760506868362426758e-01
8.035922646522521973e-01
8.030953407287597656e-01
8.000629544258117676e-01
8.088499903678894043e-01
7.876001596450805664e-01
8.263221383094787598e-01
7.961463332176208496e-01
8.169710040092468262e-01
7.877626419067382812e-01
8.087771534919738770e-01
8.014563918113708496e-01
8.122773766517639160e-01
8.376286029815673828e-01
8.097228407859802246e-01
8.139645457267761230e-01
8.040224909782409668e-01
8.416967391967773438e-01
8.488906025886535645e-01
8.418344259262084961e-01
8.359485864639282227e-01
8.308249711990356445e-01
8.595511913299560547e-01
8.542550206184387207e-01
8.458247184753417969e-01
8.503399491310119629e-01
8.683233261108398438e-01
8.518494963645935059e-01
8.654857277870178223e-01
8.652876615524291992e-01
8.661142587661743164e-01
8.752244710922241211e-01
7.869217991828918457e-01
8.770721554756164551e-01
8.904736638069152832e-01
8.839582800865173340e-01
8.894581198692321777e-01
8.780471682548522949e-01
8.694266676902770996e-01
8.705466389656066895e-01
8.947616219520568848e-01
8.195003867149353027e-01
8.914279937744140625e-01
8.820468783378601074e-01
8.950351476669311523e-01
9.017297029495239258e-01
8.965554833412170410e-01
9.028171896934509277e-01
8.886286020278930664e-01
8.946933746337890625e-01
8.847759962081909180e-01
9.034032225608825684e-01
9.033789634704589844e-01
8.970906734466552734e-01
9.036517739295959473e-01
8.952716588973999023e-01
9.146179556846618652e-01
8.655493855476379395e-01
9.043502807617187500e-01
8.393638730049133301e-01
9.311143755912780762e-01
9.205127954483032227e-01
8.885593414306640625e-01
9.162903428077697754e-01
8.848023414611816406e-01
9.124124050140380859e-01
9.230155348777770996e-01
9.291843175888061523e-01
9.161390662193298340e-01
9.239178895950317383e-01
9.435238838195800781e-01
9.383655786514282227e-01
8.082242012023925781e-01
9.426662325859069824e-01
9.552549123764038086e-01
9.247545003890991211e-01
9.377613067626953125e-01
9.452433586120605469e-01
9.555727839469909668e-01
7.511937022209167480e-01
9.704873561859130859e-01
9.587807655334472656e-01
7.170065641403198242e-01
9.901765584945678711e-01
9.268420338630676270e-01
9.524963498115539551e-01
9.486627578735351562e-01
8.282759189605712891e-01
9.892950057983398438e-01
9.696090817451477051e-01
9.840334653854370117e-01
9.898911118507385254e-01
9.632848501205444336e-01
9.431207776069641113e-01
8.387133479118347168e-01
9.910398721694946289e-01
-9.899900000000000000e+04
9.736582636833190918e-01
9.750468134880065918e-01
8.921194076538085938e-01
9.705265760421752930e-01
9.836758375167846680e-01
