/home/jvy5516/miniconda3/envs/mujoco/lib/python3.7/site-packages/tensorflow/python/framework/dtypes.py:516: FutureWarning: Passing (type, 1) or '1type' as a synonym of type is deprecated; in a future version of numpy, it will be understood as (type, (1,)) / '(1,)type'.
  _np_qint8 = np.dtype([("qint8", np.int8, 1)])
/home/jvy5516/miniconda3/envs/mujoco/lib/python3.7/site-packages/tensorflow/python/framework/dtypes.py:517: FutureWarning: Passing (type, 1) or '1type' as a synonym of type is deprecated; in a future version of numpy, it will be understood as (type, (1,)) / '(1,)type'.
  _np_quint8 = np.dtype([("quint8", np.uint8, 1)])
/home/jvy5516/miniconda3/envs/mujoco/lib/python3.7/site-packages/tensorflow/python/framework/dtypes.py:518: FutureWarning: Passing (type, 1) or '1type' as a synonym of type is deprecated; in a future version of numpy, it will be understood as (type, (1,)) / '(1,)type'.
  _np_qint16 = np.dtype([("qint16", np.int16, 1)])
/home/jvy5516/miniconda3/envs/mujoco/lib/python3.7/site-packages/tensorflow/python/framework/dtypes.py:519: FutureWarning: Passing (type, 1) or '1type' as a synonym of type is deprecated; in a future version of numpy, it will be understood as (type, (1,)) / '(1,)type'.
  _np_quint16 = np.dtype([("quint16", np.uint16, 1)])
/home/jvy5516/miniconda3/envs/mujoco/lib/python3.7/site-packages/tensorflow/python/framework/dtypes.py:520: FutureWarning: Passing (type, 1) or '1type' as a synonym of type is deprecated; in a future version of numpy, it will be understood as (type, (1,)) / '(1,)type'.
  _np_qint32 = np.dtype([("qint32", np.int32, 1)])
/home/jvy5516/miniconda3/envs/mujoco/lib/python3.7/site-packages/tensorflow/python/framework/dtypes.py:525: FutureWarning: Passing (type, 1) or '1type' as a synonym of type is deprecated; in a future version of numpy, it will be understood as (type, (1,)) / '(1,)type'.
  np_resource = np.dtype([("resource", np.ubyte, 1)])
/home/jvy5516/miniconda3/envs/mujoco/lib/python3.7/site-packages/tensorboard/compat/tensorflow_stub/dtypes.py:541: FutureWarning: Passing (type, 1) or '1type' as a synonym of type is deprecated; in a future version of numpy, it will be understood as (type, (1,)) / '(1,)type'.
  _np_qint8 = np.dtype([("qint8", np.int8, 1)])
/home/jvy5516/miniconda3/envs/mujoco/lib/python3.7/site-packages/tensorboard/compat/tensorflow_stub/dtypes.py:542: FutureWarning: Passing (type, 1) or '1type' as a synonym of type is deprecated; in a future version of numpy, it will be understood as (type, (1,)) / '(1,)type'.
  _np_quint8 = np.dtype([("quint8", np.uint8, 1)])
/home/jvy5516/miniconda3/envs/mujoco/lib/python3.7/site-packages/tensorboard/compat/tensorflow_stub/dtypes.py:543: FutureWarning: Passing (type, 1) or '1type' as a synonym of type is deprecated; in a future version of numpy, it will be understood as (type, (1,)) / '(1,)type'.
  _np_qint16 = np.dtype([("qint16", np.int16, 1)])
/home/jvy5516/miniconda3/envs/mujoco/lib/python3.7/site-packages/tensorboard/compat/tensorflow_stub/dtypes.py:544: FutureWarning: Passing (type, 1) or '1type' as a synonym of type is deprecated; in a future version of numpy, it will be understood as (type, (1,)) / '(1,)type'.
  _np_quint16 = np.dtype([("quint16", np.uint16, 1)])
/home/jvy5516/miniconda3/envs/mujoco/lib/python3.7/site-packages/tensorboard/compat/tensorflow_stub/dtypes.py:545: FutureWarning: Passing (type, 1) or '1type' as a synonym of type is deprecated; in a future version of numpy, it will be understood as (type, (1,)) / '(1,)type'.
  _np_qint32 = np.dtype([("qint32", np.int32, 1)])
/home/jvy5516/miniconda3/envs/mujoco/lib/python3.7/site-packages/tensorboard/compat/tensorflow_stub/dtypes.py:550: FutureWarning: Passing (type, 1) or '1type' as a synonym of type is deprecated; in a future version of numpy, it will be understood as (type, (1,)) / '(1,)type'.
  np_resource = np.dtype([("resource", np.ubyte, 1)])
WARNING:tensorflow:From replay_none.py:14: The name tf.ConfigProto is deprecated. Please use tf.compat.v1.ConfigProto instead.

WARNING:tensorflow:From replay_none.py:17: The name tf.Session is deprecated. Please use tf.compat.v1.Session instead.

2022-09-13 04:33:34.853633: I tensorflow/core/platform/cpu_feature_guard.cc:142] Your CPU supports instructions that this TensorFlow binary was not compiled to use: AVX2 FMA
2022-09-13 04:33:34.876939: I tensorflow/core/platform/profile_utils/cpu_utils.cc:94] CPU Frequency: 2000089999 Hz
2022-09-13 04:33:34.964179: I tensorflow/compiler/xla/service/service.cc:168] XLA service 0x556e1b2aa820 executing computations on platform Host. Devices:
2022-09-13 04:33:34.964298: I tensorflow/compiler/xla/service/service.cc:175]   StreamExecutor device (0): <undefined>, <undefined>
WARNING:tensorflow:From replay_none.py:19: The name tf.variables_initializer is deprecated. Please use tf.compat.v1.variables_initializer instead.

WARNING:tensorflow:From replay_none.py:19: The name tf.global_variables is deprecated. Please use tf.compat.v1.global_variables instead.

2022-09-13 04:33:34.990127: W tensorflow/compiler/jit/mark_for_compilation_pass.cc:1412] (One-time warning): Not using XLA:CPU for cluster because envvar TF_XLA_FLAGS=--tf_xla_cpu_global_jit was not set.  If you want XLA:CPU, either set that envvar, or use experimental_jit_scope to enable XLA:CPU.  To confirm that XLA is active, pass --vmodule=xla_compilation_cache=1 (as a proper command-line flag, not via TF_XLA_FLAGS) or set the envvar XLA_FLAGS=--xla_hlo_profile.
Creating agent humanoid_blocker
Reading agent XML from: /home/jvy5516/miniconda3/envs/mujoco/lib/python3.7/site-packages/gym_compete/new_envs/assets/humanoid_body.xml
Creating agent humanoid
Reading agent XML from: /home/jvy5516/miniconda3/envs/mujoco/lib/python3.7/site-packages/gym_compete/new_envs/assets/humanoid_body.xml
Scene XML path: /home/jvy5516/miniconda3/envs/mujoco/lib/python3.7/site-packages/gym_compete/new_envs/assets/world_body.humanoid_body.humanoid_body.xml
Created Scene with agents
WARNING:tensorflow:From /data/jiahao/mujoco/fidelity_runner/src/agent_fidelity.py:107: The name tf.get_default_session is deprecated. Please use tf.compat.v1.get_default_session instead.

WARNING:tensorflow:From /data/jiahao/mujoco/fidelity_runner/src/zoo_utils.py:172: to_float (from tensorflow.python.ops.math_ops) is deprecated and will be removed in a future version.
Instructions for updating:
Use `tf.cast` instead.
WARNING:tensorflow:From /home/jvy5516/miniconda3/envs/mujoco/lib/python3.7/site-packages/tensorflow/python/ops/init_ops.py:1251: calling VarianceScaling.__init__ (from tensorflow.python.ops.init_ops) with dtype is deprecated and will be removed in a future version.
Instructions for updating:
Call initializer instance with the dtype argument instead of passing it to the constructor
Process traj: 0
Process traj: 1
Process traj: 2
Process traj: 3
Process traj: 4
Process traj: 5
Process traj: 6
Process traj: 7
Process traj: 8
Process traj: 9
Process traj: 10
Process traj: 11
Process traj: 12
Process traj: 13
Process traj: 14
Process traj: 15
Process traj: 16
Process traj: 17
Process traj: 18
Process traj: 19
Process traj: 20
Process traj: 21
Process traj: 22
Process traj: 23
Process traj: 24
Process traj: 25
Process traj: 26
Process traj: 27
Process traj: 28
Process traj: 29
Process traj: 30
Process traj: 31
Process traj: 32
Process traj: 33
Process traj: 34
Process traj: 35
Process traj: 36
Process traj: 37
Process traj: 38
Process traj: 39
Process traj: 40
Process traj: 41
Process traj: 42
Process traj: 43
Process traj: 44
Process traj: 45
Process traj: 46
Process traj: 47
Process traj: 48
Process traj: 49
Process traj: 50
Process traj: 51
Process traj: 52
Process traj: 53
Process traj: 54
Process traj: 55
Process traj: 56
Process traj: 57
Process traj: 58
Process traj: 59
Process traj: 60
Process traj: 61
Process traj: 62
Process traj: 63
Process traj: 64
Process traj: 65
Process traj: 66
Process traj: 67
Process traj: 68
Process traj: 69
Process traj: 70
Process traj: 71
Process traj: 72
Process traj: 73
Process traj: 74
Process traj: 75
Process traj: 76
Process traj: 77
Process traj: 78
Process traj: 79
Process traj: 80
Process traj: 81
Process traj: 82
Process traj: 83
Process traj: 84
Process traj: 85
Process traj: 86
Process traj: 87
Process traj: 88
Process traj: 89
Process traj: 90
Process traj: 91
Process traj: 92
Process traj: 93
Process traj: 94
Process traj: 95
Process traj: 96
Process traj: 97
Process traj: 98
Process traj: 99
Process traj: 100
Process traj: 101
Process traj: 102
Process traj: 103
Process traj: 104
Process traj: 105
Process traj: 106
Process traj: 107
Process traj: 108
Process traj: 109
Process traj: 110
Process traj: 111
Process traj: 112
Process traj: 113
Process traj: 114
Process traj: 115
Process traj: 116
Process traj: 117
Process traj: 118
Process traj: 119
Process traj: 120
Process traj: 121
Process traj: 122
Process traj: 123
Process traj: 124
Process traj: 125
Process traj: 126
Process traj: 127
Process traj: 128
Process traj: 129
Process traj: 130
Process traj: 131
Process traj: 132
Process traj: 133
Process traj: 134
Process traj: 135
Process traj: 136
Process traj: 137
Process traj: 138
Process traj: 139
Process traj: 140
Process traj: 141
Process traj: 142
Process traj: 143
Process traj: 144
Process traj: 145
Process traj: 146
Process traj: 147
Process traj: 148
Process traj: 149
Process traj: 150
Process traj: 151
Process traj: 152
Process traj: 153
Process traj: 154
Process traj: 155
Process traj: 156
Process traj: 157
Process traj: 158
Process traj: 159
Process traj: 160
Process traj: 161
Process traj: 162
Process traj: 163
Process traj: 164
Process traj: 165
Process traj: 166
Process traj: 167
Process traj: 168
Process traj: 169
Process traj: 170
Process traj: 171
Process traj: 172
Process traj: 173
Process traj: 174
Process traj: 175
Process traj: 176
Process traj: 177
Process traj: 178
Process traj: 179
Process traj: 180
Process traj: 181
Process traj: 182
Process traj: 183
Process traj: 184
Process traj: 185
Process traj: 186
Process traj: 187
Process traj: 188
Process traj: 189
Process traj: 190
Process traj: 191
Process traj: 192
Process traj: 193
Process traj: 194
Process traj: 195
Process traj: 196
Process traj: 197
Process traj: 198
Process traj: 199
The winning rate is:  0.26
