6.225892305374145508e-01
6.257067918777465820e-01
6.412144899368286133e-01
6.606395840644836426e-01
6.512063741683959961e-01
6.639208197593688965e-01
6.616687774658203125e-01
6.602364182472229004e-01
6.608548164367675781e-01
6.637250781059265137e-01
6.752379536628723145e-01
6.779151558876037598e-01
6.817724108695983887e-01
6.722197532653808594e-01
6.657516956329345703e-01
6.884148120880126953e-01
6.745044589042663574e-01
6.600889563560485840e-01
6.717495918273925781e-01
6.819898486137390137e-01
6.768352389335632324e-01
6.810644865036010742e-01
6.805456280708312988e-01
6.898391246795654297e-01
7.024981975555419922e-01
6.925680041313171387e-01
7.027961015701293945e-01
6.996856331825256348e-01
6.847026944160461426e-01
6.945591568946838379e-01
7.041864991188049316e-01
6.921018958091735840e-01
7.021226286888122559e-01
6.902734041213989258e-01
7.007719278335571289e-01
6.961479783058166504e-01
6.965832710266113281e-01
6.951841711997985840e-01
7.084416747093200684e-01
7.164593338966369629e-01
7.083502411842346191e-01
7.118954658508300781e-01
6.967524290084838867e-01
7.027807831764221191e-01
7.003533840179443359e-01
7.138771414756774902e-01
7.021772265434265137e-01
7.159578800201416016e-01
7.188377380371093750e-01
6.949830651283264160e-01
7.087026238441467285e-01
7.095253467559814453e-01
6.985031366348266602e-01
7.085761427879333496e-01
7.073176503181457520e-01
7.220287322998046875e-01
6.806405782699584961e-01
7.112652659416198730e-01
7.247313857078552246e-01
7.250640988349914551e-01
7.263040542602539062e-01
7.322236299514770508e-01
7.275055050849914551e-01
7.282389998435974121e-01
7.226212620735168457e-01
7.315355539321899414e-01
7.238817214965820312e-01
7.346876263618469238e-01
7.350190877914428711e-01
7.400936484336853027e-01
7.207093834877014160e-01
7.354472279548645020e-01
7.499031424522399902e-01
7.553028464317321777e-01
7.192727327346801758e-01
7.251013517379760742e-01
7.358608841896057129e-01
7.575068473815917969e-01
7.550955414772033691e-01
7.574517726898193359e-01
7.221201062202453613e-01
7.507839202880859375e-01
7.248218655586242676e-01
7.754212617874145508e-01
7.774108648300170898e-01
7.731335759162902832e-01
7.702860832214355469e-01
7.424359321594238281e-01
7.771161794662475586e-01
7.633947134017944336e-01
7.596399784088134766e-01
7.307953238487243652e-01
7.930372357368469238e-01
7.796062231063842773e-01
7.785828709602355957e-01
7.855704426765441895e-01
8.007868528366088867e-01
8.059127330780029297e-01
7.828208804130554199e-01
7.924851775169372559e-01
7.930510044097900391e-01
7.970764040946960449e-01
8.056911230087280273e-01
7.880364656448364258e-01
7.856634259223937988e-01
8.068177103996276855e-01
7.963759899139404297e-01
7.970305085182189941e-01
8.047312498092651367e-01
7.939211130142211914e-01
8.063834905624389648e-01
7.761282324790954590e-01
7.828646898269653320e-01
8.207007646560668945e-01
8.176169395446777344e-01
8.120579123497009277e-01
8.015969991683959961e-01
8.083888888359069824e-01
8.055405020713806152e-01
8.160172104835510254e-01
8.311018943786621094e-01
8.363345265388488770e-01
8.529139161109924316e-01
8.498109579086303711e-01
8.487779498100280762e-01
8.584368824958801270e-01
8.320392370223999023e-01
8.553618192672729492e-01
8.746168017387390137e-01
8.458047509193420410e-01
8.427002429962158203e-01
8.460640907287597656e-01
8.772407770156860352e-01
8.724524974822998047e-01
8.747767806053161621e-01
8.801632523536682129e-01
8.733354210853576660e-01
8.729593157768249512e-01
7.570665478706359863e-01
8.694984912872314453e-01
8.688203096389770508e-01
8.891834020614624023e-01
8.879043459892272949e-01
8.819980025291442871e-01
8.952821493148803711e-01
9.073442816734313965e-01
8.909952044486999512e-01
8.855305314064025879e-01
9.027422666549682617e-01
8.811864852905273438e-01
8.855911493301391602e-01
9.085100293159484863e-01
8.925815820693969727e-01
8.834182024002075195e-01
8.661910891532897949e-01
9.112012982368469238e-01
9.170328378677368164e-01
9.150159358978271484e-01
9.025421142578125000e-01
9.023278355598449707e-01
8.863623142242431641e-01
9.003766179084777832e-01
9.122593998908996582e-01
8.303021192550659180e-01
9.120723605155944824e-01
9.147711396217346191e-01
9.272435307502746582e-01
9.199678897857666016e-01
9.374817013740539551e-01
8.649753928184509277e-01
8.819314241409301758e-01
7.864243984222412109e-01
9.212059974670410156e-01
9.262754917144775391e-01
9.307479858398437500e-01
8.963823914527893066e-01
9.221644997596740723e-01
9.471658468246459961e-01
9.454759359359741211e-01
9.346670508384704590e-01
9.375699758529663086e-01
9.536675214767456055e-01
8.261291384696960449e-01
9.430880546569824219e-01
9.621713757514953613e-01
9.651710987091064453e-01
9.355491995811462402e-01
9.893061518669128418e-01
9.291715025901794434e-01
9.737258553504943848e-01
9.591224789619445801e-01
9.589012265205383301e-01
9.553657174110412598e-01
9.736724495887756348e-01
9.322110414505004883e-01
9.429069161415100098e-01
9.774472713470458984e-01
9.716327786445617676e-01
9.957622885704040527e-01
