6.225892305374145508e-01
6.257067918777465820e-01
6.412144899368286133e-01
6.632860302925109863e-01
6.671371459960937500e-01
6.493827104568481445e-01
6.525503396987915039e-01
6.599435806274414062e-01
6.592803001403808594e-01
6.583898067474365234e-01
6.776774525642395020e-01
6.803489923477172852e-01
6.676720976829528809e-01
6.785833835601806641e-01
6.808091402053833008e-01
6.734188199043273926e-01
6.703849434852600098e-01
6.740633845329284668e-01
6.732835769653320312e-01
6.843210458755493164e-01
6.755523085594177246e-01
6.825096607208251953e-01
6.749833226203918457e-01
7.004049420356750488e-01
6.966059207916259766e-01
6.925680041313171387e-01
6.889412999153137207e-01
6.890015006065368652e-01
6.875582337379455566e-01
7.090559601783752441e-01
6.872646808624267578e-01
6.852827072143554688e-01
6.914412379264831543e-01
6.986690759658813477e-01
6.957926154136657715e-01
6.957734823226928711e-01
6.931000947952270508e-01
7.036349773406982422e-01
7.044388055801391602e-01
7.155848741531372070e-01
7.041155695915222168e-01
7.067556977272033691e-01
7.093592286109924316e-01
6.940495371818542480e-01
7.104285359382629395e-01
7.016644477844238281e-01
7.044186592102050781e-01
7.110440135002136230e-01
6.848443150520324707e-01
6.962355375289916992e-01
7.188218235969543457e-01
6.999032497406005859e-01
6.971424818038940430e-01
7.051796317100524902e-01
7.069991827011108398e-01
7.050656080245971680e-01
6.883359551429748535e-01
7.218266725540161133e-01
7.097241282463073730e-01
7.275263667106628418e-01
7.141504883766174316e-01
7.348392009735107422e-01
7.349846363067626953e-01
7.096832990646362305e-01
7.216025590896606445e-01
7.309747934341430664e-01
7.251027822494506836e-01
7.356973886489868164e-01
7.398188114166259766e-01
7.317951321601867676e-01
7.345660328865051270e-01
7.327337861061096191e-01
7.413061261177062988e-01
7.419345378875732422e-01
7.480774521827697754e-01
7.405744791030883789e-01
7.652080059051513672e-01
7.471386194229125977e-01
7.387766242027282715e-01
7.325106263160705566e-01
7.333381175994873047e-01
7.513502240180969238e-01
7.651408314704895020e-01
7.604832649230957031e-01
7.650139927864074707e-01
7.690939307212829590e-01
7.581226229667663574e-01
7.640696167945861816e-01
7.692462801933288574e-01
7.727741599082946777e-01
7.748627662658691406e-01
7.859781384468078613e-01
7.699387669563293457e-01
7.813565731048583984e-01
7.866088151931762695e-01
7.610561251640319824e-01
7.930965423583984375e-01
7.932847738265991211e-01
7.921679615974426270e-01
7.856249213218688965e-01
7.881705760955810547e-01
7.997014522552490234e-01
8.038039803504943848e-01
7.691929936408996582e-01
7.962288260459899902e-01
8.019768595695495605e-01
8.033282160758972168e-01
8.159962296485900879e-01
8.042784929275512695e-01
8.166041374206542969e-01
8.010740280151367188e-01
7.923771142959594727e-01
8.177378177642822266e-01
8.298152685165405273e-01
8.162947297096252441e-01
7.772558927536010742e-01
8.239121437072753906e-01
8.170762658119201660e-01
8.483487367630004883e-01
8.248162269592285156e-01
8.239004015922546387e-01
8.527276515960693359e-01
8.564530014991760254e-01
8.422703742980957031e-01
8.586357235908508301e-01
8.516725301742553711e-01
8.679936528205871582e-01
8.400589823722839355e-01
8.433896303176879883e-01
8.607759475708007812e-01
8.527230620384216309e-01
8.618862628936767578e-01
8.342081904411315918e-01
8.603062629699707031e-01
8.554224371910095215e-01
8.608361482620239258e-01
8.726795315742492676e-01
8.726920485496520996e-01
8.965238332748413086e-01
8.880039453506469727e-01
8.799664378166198730e-01
8.730387091636657715e-01
8.830030560493469238e-01
8.789995908737182617e-01
8.866930007934570312e-01
8.891435265541076660e-01
8.861057758331298828e-01
8.935109972953796387e-01
9.067652225494384766e-01
8.875801563262939453e-01
8.995034694671630859e-01
8.954261541366577148e-01
9.040018916130065918e-01
8.823581933975219727e-01
9.008463025093078613e-01
9.006316661834716797e-01
9.218492507934570312e-01
9.002326726913452148e-01
8.987685441970825195e-01
8.840529918670654297e-01
8.440858721733093262e-01
9.322925806045532227e-01
8.971754312515258789e-01
9.236556887626647949e-01
9.074863791465759277e-01
9.330557584762573242e-01
9.180471301078796387e-01
9.324358701705932617e-01
8.929960727691650391e-01
9.107391238212585449e-01
9.270048737525939941e-01
9.343077540397644043e-01
9.380323886871337891e-01
9.295713901519775391e-01
9.290156364440917969e-01
9.315880537033081055e-01
9.292333722114562988e-01
8.219480514526367188e-01
9.377928376197814941e-01
9.144977927207946777e-01
9.597334861755371094e-01
9.490195512771606445e-01
9.346185922622680664e-01
9.596841931343078613e-01
9.580277800559997559e-01
9.480857849121093750e-01
9.655671119689941406e-01
9.038279056549072266e-01
9.757966995239257812e-01
9.588198065757751465e-01
8.893073797225952148e-01
9.463317394256591797e-01
9.782937169075012207e-01
9.768627882003784180e-01
9.215812683105468750e-01
9.406196475028991699e-01
-9.899900000000000000e+04
9.551594853401184082e-01
8.462422490119934082e-01
9.401546716690063477e-01
8.096687197685241699e-01
-9.899900000000000000e+04
9.697748422622680664e-01
9.747701883316040039e-01
-9.899900000000000000e+04
8.471218943595886230e-01
-9.899900000000000000e+04
-9.899900000000000000e+04
9.699735045433044434e-01
9.737081527709960938e-01
-9.899900000000000000e+04
9.700552225112915039e-01
-9.899900000000000000e+04
-9.899900000000000000e+04
9.706943035125732422e-01
-9.899900000000000000e+04
-9.899900000000000000e+04
-9.899900000000000000e+04
-9.899900000000000000e+04
-9.899900000000000000e+04
-9.899900000000000000e+04
-3.869829475879669189e-01
-9.899900000000000000e+04
-9.899900000000000000e+04
8.984775543212890625e-01
-9.899900000000000000e+04
