6.461329460144042969e-01
6.358127593994140625e-01
6.406359076499938965e-01
6.632860302925109863e-01
6.469347476959228516e-01
6.493827104568481445e-01
6.561157107353210449e-01
6.615436673164367676e-01
6.592803001403808594e-01
6.793448328971862793e-01
6.752379536628723145e-01
6.636283397674560547e-01
6.751718521118164062e-01
6.533682942390441895e-01
6.657516956329345703e-01
6.680523157119750977e-01
6.809154748916625977e-01
6.650150418281555176e-01
6.890469193458557129e-01
6.843210458755493164e-01
6.754863858222961426e-01
6.783048510551452637e-01
6.810171008110046387e-01
6.928482651710510254e-01
6.966059207916259766e-01
6.943004727363586426e-01
7.009305357933044434e-01
7.040576338768005371e-01
7.007762789726257324e-01
7.073808312416076660e-01
6.826096773147583008e-01
6.866691112518310547e-01
7.021141052246093750e-01
7.016736865043640137e-01
6.906653642654418945e-01
7.014402151107788086e-01
6.940687894821166992e-01
6.990893483161926270e-01
6.998673081398010254e-01
7.027006149291992188e-01
7.000597119331359863e-01
7.068260312080383301e-01
6.883031725883483887e-01
7.111465334892272949e-01
6.984459757804870605e-01
7.000732421875000000e-01
7.053027153015136719e-01
7.092900276184082031e-01
7.013403773307800293e-01
7.129557728767395020e-01
7.151306867599487305e-01
6.955135464668273926e-01
7.022047638893127441e-01
7.100731730461120605e-01
7.290303111076354980e-01
7.063513994216918945e-01
7.072594165802001953e-01
7.093084454536437988e-01
7.240649461746215820e-01
7.240184545516967773e-01
7.116098999977111816e-01
7.106719017028808594e-01
7.213842868804931641e-01
7.040325999259948730e-01
7.225009202957153320e-01
7.316864728927612305e-01
7.378714084625244141e-01
7.280050516128540039e-01
7.302373647689819336e-01
7.222948074340820312e-01
7.324186563491821289e-01
7.179490923881530762e-01
7.367439270019531250e-01
7.568138837814331055e-01
7.209183573722839355e-01
7.395306229591369629e-01
7.184271216392517090e-01
7.723968625068664551e-01
7.339771986007690430e-01
7.380257844924926758e-01
7.416053414344787598e-01
7.715995907783508301e-01
7.222515940666198730e-01
7.588658928871154785e-01
7.673498392105102539e-01
7.809138298034667969e-01
7.736140489578247070e-01
7.815033793449401855e-01
7.868416309356689453e-01
7.766383290290832520e-01
7.875676751136779785e-01
7.714245319366455078e-01
7.907497882843017578e-01
7.457703351974487305e-01
7.728903889656066895e-01
7.852315902709960938e-01
7.754275202751159668e-01
7.948905825614929199e-01
7.875985503196716309e-01
7.833292484283447266e-01
7.566414475440979004e-01
8.056838512420654297e-01
7.879267930984497070e-01
8.040984272956848145e-01
7.825214862823486328e-01
8.052392601966857910e-01
7.829780578613281250e-01
8.049514889717102051e-01
7.922272086143493652e-01
7.935099005699157715e-01
8.207986950874328613e-01
8.187548518180847168e-01
8.028130531311035156e-01
7.987346649169921875e-01
8.142980337142944336e-01
8.280292749404907227e-01
8.270630240440368652e-01
8.145138621330261230e-01
8.304665088653564453e-01
8.420528769493103027e-01
8.541722893714904785e-01
8.461446762084960938e-01
8.173587322235107422e-01
8.622998595237731934e-01
8.501617908477783203e-01
8.613839745521545410e-01
8.575713634490966797e-01
8.472207188606262207e-01
8.428503274917602539e-01
8.163897991180419922e-01
8.781731128692626953e-01
8.580245375633239746e-01
8.289100527763366699e-01
8.738189935684204102e-01
8.590580224990844727e-01
8.635070919990539551e-01
8.717030882835388184e-01
8.816838860511779785e-01
8.634933233261108398e-01
8.781475424766540527e-01
8.852037191390991211e-01
8.889349102973937988e-01
8.881232738494873047e-01
9.053671956062316895e-01
9.046441316604614258e-01
8.939964771270751953e-01
8.693220615386962891e-01
8.858038783073425293e-01
8.865067362785339355e-01
8.866029381752014160e-01
8.829820156097412109e-01
8.873742818832397461e-01
9.014139771461486816e-01
8.924425840377807617e-01
8.970753550529479980e-01
9.004758000373840332e-01
9.145149588584899902e-01
8.933524489402770996e-01
8.955008387565612793e-01
9.043247699737548828e-01
8.977447748184204102e-01
9.217348098754882812e-01
9.095500111579895020e-01
9.137441515922546387e-01
9.279514551162719727e-01
8.977955579757690430e-01
9.177467226982116699e-01
9.193093180656433105e-01
9.160490632057189941e-01
9.089893102645874023e-01
7.827496528625488281e-01
9.356986880302429199e-01
7.477544546127319336e-01
9.002963900566101074e-01
7.758394479751586914e-01
9.407184720039367676e-01
9.209423661231994629e-01
9.383081197738647461e-01
9.591153264045715332e-01
9.463239312171936035e-01
9.604427814483642578e-01
8.165010809898376465e-01
9.149287939071655273e-01
9.435085058212280273e-01
9.360941648483276367e-01
8.865242600440979004e-01
9.573343396186828613e-01
9.813203811645507812e-01
9.068479537963867188e-01
9.663761854171752930e-01
9.728493094444274902e-01
9.750942587852478027e-01
9.759532809257507324e-01
9.876604080200195312e-01
9.623101949691772461e-01
9.399872422218322754e-01
9.687774777412414551e-01
9.754275679588317871e-01
9.990733861923217773e-01
-9.899900000000000000e+04
9.635780453681945801e-01
9.817948937416076660e-01
