6.291534900665283203e-01
6.358127593994140625e-01
6.412144899368286133e-01
6.606395840644836426e-01
6.512370109558105469e-01
6.521380543708801270e-01
6.548080444335937500e-01
6.678663492202758789e-01
6.580615043640136719e-01
6.793448328971862793e-01
6.664795279502868652e-01
6.803489923477172852e-01
6.676720976829528809e-01
6.722197532653808594e-01
6.657516956329345703e-01
6.859594583511352539e-01
6.694914698600769043e-01
6.880912780761718750e-01
6.668014526367187500e-01
6.758059859275817871e-01
6.768352389335632324e-01
6.750268340110778809e-01
6.797769665718078613e-01
6.946153044700622559e-01
6.877554059028625488e-01
6.970321536064147949e-01
7.030092477798461914e-01
6.972305774688720703e-01
6.973822712898254395e-01
6.887785196304321289e-01
6.927626132965087891e-01
6.936157941818237305e-01
6.994485855102539062e-01
6.774265766143798828e-01
6.992788314819335938e-01
6.926329731941223145e-01
6.989612579345703125e-01
6.991010308265686035e-01
7.025626897811889648e-01
7.053694128990173340e-01
7.000597119331359863e-01
7.005407214164733887e-01
7.091936469078063965e-01
7.026211023330688477e-01
7.017863988876342773e-01
6.972581148147583008e-01
7.013597488403320312e-01
7.161189913749694824e-01
7.178474068641662598e-01
7.164896130561828613e-01
7.126080989837646484e-01
6.908952593803405762e-01
6.994630098342895508e-01
7.006470561027526855e-01
7.001538276672363281e-01
7.096934914588928223e-01
7.088652849197387695e-01
7.100999355316162109e-01
7.266139388084411621e-01
7.275127172470092773e-01
7.031828761100769043e-01
7.337352633476257324e-01
7.200141549110412598e-01
7.075725197792053223e-01
7.311892509460449219e-01
7.366860508918762207e-01
7.385478019714355469e-01
7.179504632949829102e-01
7.148845195770263672e-01
7.278349399566650391e-01
7.349091768264770508e-01
7.376922369003295898e-01
7.403067946434020996e-01
7.420934438705444336e-01
7.390369176864624023e-01
7.687371373176574707e-01
7.451812028884887695e-01
7.514328360557556152e-01
7.351320981979370117e-01
7.469800114631652832e-01
7.567793130874633789e-01
7.427831888198852539e-01
7.666932344436645508e-01
7.664902210235595703e-01
7.807148098945617676e-01
7.697750329971313477e-01
7.670653462409973145e-01
7.541413903236389160e-01
7.272840142250061035e-01
7.920196056365966797e-01
7.748521566390991211e-01
7.763984203338623047e-01
7.900539040565490723e-01
7.821998596191406250e-01
7.850227355957031250e-01
7.761365175247192383e-01
7.841152548789978027e-01
7.882865071296691895e-01
7.957599759101867676e-01
7.696836590766906738e-01
7.759945392608642578e-01
7.416880130767822266e-01
8.013448715209960938e-01
7.700072526931762695e-01
8.048086762428283691e-01
7.866454720497131348e-01
8.096352219581604004e-01
7.892140150070190430e-01
8.019206523895263672e-01
8.180052042007446289e-01
8.009048700332641602e-01
8.016414046287536621e-01
7.880171537399291992e-01
8.023802042007446289e-01
8.108432292938232422e-01
8.005508780479431152e-01
8.284072279930114746e-01
8.000997304916381836e-01
8.307944536209106445e-01
8.353609442710876465e-01
8.413560986518859863e-01
8.472542762756347656e-01
8.317183256149291992e-01
8.551231026649475098e-01
8.584903478622436523e-01
8.606616258621215820e-01
8.509318828582763672e-01
8.259377479553222656e-01
8.481321930885314941e-01
8.659191727638244629e-01
8.513129949569702148e-01
8.582584261894226074e-01
8.561048507690429688e-01
8.860536813735961914e-01
8.770474791526794434e-01
8.823682665824890137e-01
8.550364375114440918e-01
8.692939877510070801e-01
8.841025233268737793e-01
8.785858154296875000e-01
8.841893672943115234e-01
8.832530379295349121e-01
8.769611716270446777e-01
8.766550421714782715e-01
8.739652037620544434e-01
8.934814929962158203e-01
8.906252384185791016e-01
8.798522353172302246e-01
8.907919526100158691e-01
8.830933570861816406e-01
9.104607701301574707e-01
8.668519258499145508e-01
8.850641846656799316e-01
8.618593215942382812e-01
8.993727564811706543e-01
8.881446123123168945e-01
8.816815018653869629e-01
9.161253571510314941e-01
9.128586053848266602e-01
8.614763617515563965e-01
8.576673865318298340e-01
8.876058459281921387e-01
9.073188304901123047e-01
9.208984971046447754e-01
9.094364643096923828e-01
8.880819678306579590e-01
9.104481935501098633e-01
8.830523490905761719e-01
9.245027899742126465e-01
9.319149255752563477e-01
9.103521704673767090e-01
9.380464553833007812e-01
9.204019308090209961e-01
9.177798032760620117e-01
9.503542184829711914e-01
9.405243992805480957e-01
9.317939877510070801e-01
8.182755112648010254e-01
9.478167295455932617e-01
8.956416845321655273e-01
9.419996738433837891e-01
9.372150897979736328e-01
9.431583881378173828e-01
9.299696087837219238e-01
9.513275027275085449e-01
8.826422691345214844e-01
9.493321180343627930e-01
8.332386016845703125e-01
9.610394835472106934e-01
9.813625812530517578e-01
8.593510389328002930e-01
9.608150124549865723e-01
9.716306924819946289e-01
9.916676878929138184e-01
9.663037061691284180e-01
-9.899900000000000000e+04
9.640514254570007324e-01
9.799854159355163574e-01
9.637730121612548828e-01
-9.899900000000000000e+04
9.549709558486938477e-01
9.581053853034973145e-01
