6.291534900665283203e-01
6.257067918777465820e-01
6.402796506881713867e-01
6.606395840644836426e-01
6.469347476959228516e-01
6.468650102615356445e-01
6.613437533378601074e-01
6.749265789985656738e-01
6.726477742195129395e-01
6.654602885246276855e-01
6.641452312469482422e-01
6.636283397674560547e-01
6.678974032402038574e-01
6.722197532653808594e-01
6.836334466934204102e-01
6.686975359916687012e-01
6.831842660903930664e-01
6.737642884254455566e-01
6.680296063423156738e-01
6.810218691825866699e-01
6.894173622131347656e-01
6.753953099250793457e-01
6.783506274223327637e-01
6.880162358283996582e-01
7.060412764549255371e-01
6.895736455917358398e-01
7.021903395652770996e-01
6.989474892616271973e-01
6.846235394477844238e-01
7.082548737525939941e-01
6.826096773147583008e-01
6.938384771347045898e-01
6.844068169593811035e-01
6.969190835952758789e-01
6.905819177627563477e-01
6.973733305931091309e-01
7.006449103355407715e-01
6.972584128379821777e-01
7.084416747093200684e-01
7.007040381431579590e-01
7.067958712577819824e-01
6.913471817970275879e-01
7.037876844406127930e-01
7.045805454254150391e-01
6.985721588134765625e-01
6.983470916748046875e-01
7.094507217407226562e-01
7.179389595985412598e-01
6.991010308265686035e-01
7.197407484054565430e-01
6.917048692703247070e-01
6.961035728454589844e-01
7.181321978569030762e-01
7.177113890647888184e-01
7.079305648803710938e-01
7.180987596511840820e-01
7.030100822448730469e-01
7.220817208290100098e-01
7.106779217720031738e-01
7.172199487686157227e-01
7.131042480468750000e-01
7.268060445785522461e-01
7.260695099830627441e-01
7.340670824050903320e-01
7.100380063056945801e-01
7.227754592895507812e-01
7.278660535812377930e-01
7.257869243621826172e-01
7.260733842849731445e-01
7.315581440925598145e-01
7.378471493721008301e-01
7.273427844047546387e-01
7.529441118240356445e-01
7.480650544166564941e-01
7.481204867362976074e-01
7.393733263015747070e-01
7.498371005058288574e-01
7.419717907905578613e-01
7.375848889350891113e-01
7.535102367401123047e-01
7.296903729438781738e-01
7.189117074012756348e-01
7.440719604492187500e-01
7.364282608032226562e-01
7.442126870155334473e-01
7.713196277618408203e-01
7.575202584266662598e-01
7.865011096000671387e-01
7.419161200523376465e-01
7.843267917633056641e-01
7.825213670730590820e-01
7.884699702262878418e-01
7.934299111366271973e-01
7.929875850677490234e-01
7.703108787536621094e-01
7.836073637008666992e-01
7.859537005424499512e-01
7.928714752197265625e-01
7.679674029350280762e-01
7.908369302749633789e-01
7.894855737686157227e-01
7.999805808067321777e-01
7.729652523994445801e-01
7.788381576538085938e-01
7.920731902122497559e-01
7.940863370895385742e-01
7.875829935073852539e-01
8.026397824287414551e-01
7.946642041206359863e-01
8.013851642608642578e-01
7.794379591941833496e-01
7.934549450874328613e-01
8.024192452430725098e-01
8.029199242591857910e-01
8.204174637794494629e-01
8.187733888626098633e-01
8.177487254142761230e-01
8.148802518844604492e-01
8.099964857101440430e-01
8.394298553466796875e-01
8.476352095603942871e-01
8.305462002754211426e-01
8.542343378067016602e-01
8.542619943618774414e-01
8.447115421295166016e-01
8.712744116783142090e-01
8.565471768379211426e-01
8.427078723907470703e-01
8.614281415939331055e-01
8.453167676925659180e-01
8.511486053466796875e-01
8.603923916816711426e-01
8.661541342735290527e-01
8.706989884376525879e-01
8.593185544013977051e-01
8.663089871406555176e-01
8.839290142059326172e-01
8.791821002960205078e-01
8.726183772087097168e-01
8.787227869033813477e-01
8.751015067100524902e-01
7.128338217735290527e-01
8.742407560348510742e-01
8.881833553314208984e-01
8.743758797645568848e-01
8.928546905517578125e-01
8.793915510177612305e-01
8.904603123664855957e-01
8.972951769828796387e-01
8.885344266891479492e-01
8.958568572998046875e-01
8.858851194381713867e-01
9.138290882110595703e-01
9.001213312149047852e-01
8.923264741897583008e-01
8.566561937332153320e-01
9.187155365943908691e-01
8.901383876800537109e-01
9.061742424964904785e-01
9.288605451583862305e-01
9.073796272277832031e-01
9.058153033256530762e-01
8.996635079383850098e-01
8.562699556350708008e-01
9.233319163322448730e-01
9.207016825675964355e-01
8.560106754302978516e-01
9.340341687202453613e-01
9.020918011665344238e-01
9.191825389862060547e-01
9.168833494186401367e-01
9.204802513122558594e-01
9.104357957839965820e-01
9.279983639717102051e-01
9.305412769317626953e-01
9.269215464591979980e-01
9.511107802391052246e-01
9.195215106010437012e-01
9.371091127395629883e-01
8.153184056282043457e-01
9.104763269424438477e-01
9.509681463241577148e-01
9.655662178993225098e-01
9.419258832931518555e-01
9.832704067230224609e-01
9.003394246101379395e-01
8.053188323974609375e-01
9.413062930107116699e-01
9.673147201538085938e-01
9.736982583999633789e-01
9.660154581069946289e-01
9.609181284904479980e-01
9.640615582466125488e-01
9.605889916419982910e-01
9.532448649406433105e-01
9.641407132148742676e-01
9.346625208854675293e-01
9.995388388633728027e-01
9.780699610710144043e-01
9.922357201576232910e-01
9.228420257568359375e-01
-9.899900000000000000e+04
9.834352731704711914e-01
-9.899900000000000000e+04
-9.899900000000000000e+04
9.900551438331604004e-01
-9.899900000000000000e+04
