6.291534900665283203e-01
6.257067918777465820e-01
6.388311982154846191e-01
6.606395840644836426e-01
6.510597467422485352e-01
6.481469869613647461e-01
6.666500568389892578e-01
6.599435806274414062e-01
6.649832725524902344e-01
6.654602885246276855e-01
6.641452312469482422e-01
6.636283397674560547e-01
6.608202457427978516e-01
6.785833835601806641e-01
6.822105050086975098e-01
6.729526519775390625e-01
6.765583157539367676e-01
6.653740406036376953e-01
6.745790243148803711e-01
6.843210458755493164e-01
6.790222525596618652e-01
6.835260391235351562e-01
6.803619265556335449e-01
6.880162358283996582e-01
7.024428248405456543e-01
7.005965709686279297e-01
6.952193379402160645e-01
7.027965784072875977e-01
7.000590562820434570e-01
7.056995630264282227e-01
6.826096773147583008e-01
6.994097232818603516e-01
7.041976451873779297e-01
6.898554563522338867e-01
6.966232061386108398e-01
6.957734823226928711e-01
6.965429782867431641e-01
7.005456089973449707e-01
6.994212865829467773e-01
7.033981680870056152e-01
6.976007223129272461e-01
7.051410675048828125e-01
7.029469609260559082e-01
7.061448693275451660e-01
7.004292607307434082e-01
7.120733261108398438e-01
7.015414834022521973e-01
7.106873393058776855e-01
7.110053896903991699e-01
7.077682018280029297e-01
7.181675434112548828e-01
7.232058644294738770e-01
7.056276202201843262e-01
7.205443382263183594e-01
7.182302474975585938e-01
7.048296928405761719e-01
7.201563715934753418e-01
7.131491899490356445e-01
7.248169779777526855e-01
7.038279771804809570e-01
7.020594477653503418e-01
7.310914397239685059e-01
7.131211757659912109e-01
7.195572257041931152e-01
7.324537634849548340e-01
7.237395644187927246e-01
7.312076091766357422e-01
7.368345856666564941e-01
7.371948361396789551e-01
7.268100380897521973e-01
7.321019172668457031e-01
7.287690639495849609e-01
7.212857007980346680e-01
7.475081682205200195e-01
7.471082210540771484e-01
7.570456266403198242e-01
7.629538774490356445e-01
7.615205645561218262e-01
7.331485152244567871e-01
7.429891824722290039e-01
7.574294805526733398e-01
7.669732570648193359e-01
7.523759007453918457e-01
7.665920853614807129e-01
7.690172195434570312e-01
7.838659882545471191e-01
7.688102126121520996e-01
7.874205708503723145e-01
7.866484522819519043e-01
7.729957103729248047e-01
7.826391458511352539e-01
7.913228273391723633e-01
7.945508360862731934e-01
7.625019550323486328e-01
7.855774164199829102e-01
7.563333511352539062e-01
7.377340793609619141e-01
7.884903550148010254e-01
7.959038019180297852e-01
7.819824814796447754e-01
7.628696560859680176e-01
7.753571271896362305e-01
7.937793731689453125e-01
7.757679820060729980e-01
7.937047481536865234e-01
7.837622761726379395e-01
8.026932477951049805e-01
8.054292201995849609e-01
7.925169467926025391e-01
7.969198822975158691e-01
8.123838901519775391e-01
8.038923740386962891e-01
8.048197031021118164e-01
8.083032965660095215e-01
7.928918600082397461e-01
8.110868930816650391e-01
8.218742012977600098e-01
8.005607128143310547e-01
8.301944136619567871e-01
8.230908513069152832e-01
8.335874080657958984e-01
8.474709391593933105e-01
8.442605137825012207e-01
8.511272072792053223e-01
8.511796593666076660e-01
8.739316463470458984e-01
8.406271934509277344e-01
8.237331509590148926e-01
8.572717905044555664e-01
8.584629297256469727e-01
8.583148121833801270e-01
8.630559444427490234e-01
8.653758764266967773e-01
8.704201579093933105e-01
8.669024109840393066e-01
8.705692291259765625e-01
8.801174759864807129e-01
8.926051855087280273e-01
8.923048377037048340e-01
8.593218922615051270e-01
8.683067560195922852e-01
8.721677064895629883e-01
8.893938660621643066e-01
8.765542507171630859e-01
8.732857108116149902e-01
9.023812413215637207e-01
8.867632150650024414e-01
9.136644005775451660e-01
8.918822407722473145e-01
8.945747613906860352e-01
8.847293257713317871e-01
8.919323682785034180e-01
8.503953814506530762e-01
9.204009175300598145e-01
8.995347023010253906e-01
9.078952074050903320e-01
8.846254348754882812e-01
8.470793366432189941e-01
9.105291962623596191e-01
8.974552154541015625e-01
8.616541624069213867e-01
9.248769879341125488e-01
8.969808220863342285e-01
9.168393015861511230e-01
9.173886179924011230e-01
8.983601927757263184e-01
9.240741729736328125e-01
9.172810912132263184e-01
9.278745651245117188e-01
9.352281689643859863e-01
9.533178210258483887e-01
9.169611930847167969e-01
8.186255097389221191e-01
9.106199145317077637e-01
9.099673032760620117e-01
9.296172857284545898e-01
9.013863205909729004e-01
9.126949310302734375e-01
9.228033423423767090e-01
9.384321570396423340e-01
9.479638934135437012e-01
9.249169826507568359e-01
7.567104101181030273e-01
9.493320584297180176e-01
9.594601392745971680e-01
9.546478390693664551e-01
9.598703980445861816e-01
9.542553424835205078e-01
9.765948653221130371e-01
9.645627140998840332e-01
9.121769070625305176e-01
9.681239128112792969e-01
9.557520747184753418e-01
9.910992383956909180e-01
9.576516747474670410e-01
-9.899900000000000000e+04
9.662285447120666504e-01
9.774176478385925293e-01
9.795302748680114746e-01
-9.899900000000000000e+04
9.733082056045532227e-01
-9.899900000000000000e+04
9.733614325523376465e-01
9.859594106674194336e-01
1.014849901199340820e+00
7.886627316474914551e-01
9.793179035186767578e-01
9.830090999603271484e-01
9.846971035003662109e-01
9.724964499473571777e-01
8.731592893600463867e-01
-9.899900000000000000e+04
9.733600020408630371e-01
9.680893421173095703e-01
9.775988459587097168e-01
8.992739915847778320e-01
-9.899900000000000000e+04
-9.899900000000000000e+04
9.633505940437316895e-01
-9.899900000000000000e+04
-9.899900000000000000e+04
-9.899900000000000000e+04
-9.899900000000000000e+04
-9.899900000000000000e+04
-9.899900000000000000e+04
-9.899900000000000000e+04
-9.899900000000000000e+04
-9.899900000000000000e+04
-9.899900000000000000e+04
-9.899900000000000000e+04
-9.899900000000000000e+04
9.656696319580078125e-01
-9.899900000000000000e+04
-9.899900000000000000e+04
-9.899900000000000000e+04
-9.899900000000000000e+04
-9.899900000000000000e+04
-9.899900000000000000e+04
-9.899900000000000000e+04
-9.899900000000000000e+04
9.431400299072265625e-01
-9.899900000000000000e+04
-9.899900000000000000e+04
-9.899900000000000000e+04
-9.899900000000000000e+04
-9.899900000000000000e+04
-9.899900000000000000e+04
-9.899900000000000000e+04
-9.899900000000000000e+04
9.484196305274963379e-01
-9.899900000000000000e+04
-9.899900000000000000e+04
8.822587728500366211e-01
-9.899900000000000000e+04
-9.899900000000000000e+04
