6.309524774551391602e-01
6.358127593994140625e-01
6.412144899368286133e-01
6.595162153244018555e-01
6.627352833747863770e-01
6.490440964698791504e-01
6.616687774658203125e-01
6.678663492202758789e-01
6.592803001403808594e-01
6.654602885246276855e-01
6.752379536628723145e-01
6.636283397674560547e-01
6.817724108695983887e-01
6.589918732643127441e-01
6.623350977897644043e-01
6.734188199043273926e-01
6.755884289741516113e-01
6.743296980857849121e-01
6.750604510307312012e-01
6.757357120513916016e-01
6.876512169837951660e-01
6.802825331687927246e-01
6.810171008110046387e-01
7.045492529869079590e-01
6.959241032600402832e-01
7.008943557739257812e-01
7.009305357933044434e-01
6.987124085426330566e-01
6.859198212623596191e-01
7.025297880172729492e-01
6.823386549949645996e-01
7.048670053482055664e-01
6.960031986236572266e-01
6.902734041213989258e-01
6.918588876724243164e-01
6.945666670799255371e-01
6.958599090576171875e-01
6.980213522911071777e-01
7.082526683807373047e-01
7.112755775451660156e-01
7.067958712577819824e-01
7.089309096336364746e-01
7.139601707458496094e-01
7.017909288406372070e-01
7.088825106620788574e-01
7.199168205261230469e-01
7.023876309394836426e-01
6.978227496147155762e-01
7.149900197982788086e-01
7.146043181419372559e-01
7.026259303092956543e-01
7.280811071395874023e-01
7.130091190338134766e-01
7.201048731803894043e-01
6.999800205230712891e-01
6.953044533729553223e-01
6.826652884483337402e-01
7.131310105323791504e-01
7.132892012596130371e-01
7.257253527641296387e-01
7.145843505859375000e-01
7.122305631637573242e-01
7.162247300148010254e-01
7.214797735214233398e-01
7.328435182571411133e-01
7.360211610794067383e-01
7.357122898101806641e-01
7.268733978271484375e-01
7.404755949974060059e-01
7.401569485664367676e-01
7.322413325309753418e-01
7.365449666976928711e-01
7.313396334648132324e-01
7.486179471015930176e-01
7.413511872291564941e-01
7.283120155334472656e-01
7.485730648040771484e-01
7.363012433052062988e-01
7.188319563865661621e-01
7.691661715507507324e-01
7.456953525543212891e-01
7.654514908790588379e-01
7.421014308929443359e-01
7.787194252014160156e-01
7.667745947837829590e-01
7.583988904953002930e-01
7.692397832870483398e-01
7.629655599594116211e-01
7.802191972732543945e-01
7.873654365539550781e-01
7.826484441757202148e-01
7.589401006698608398e-01
7.935137152671813965e-01
7.730291485786437988e-01
7.860627174377441406e-01
7.833989262580871582e-01
7.902594804763793945e-01
7.791690826416015625e-01
7.546228766441345215e-01
7.865310907363891602e-01
7.756159305572509766e-01
8.026948571205139160e-01
7.710998058319091797e-01
7.769243717193603516e-01
7.889505028724670410e-01
7.942804694175720215e-01
8.097352385520935059e-01
7.952168583869934082e-01
8.141877651214599609e-01
7.925143241882324219e-01
8.075199723243713379e-01
8.103558421134948730e-01
7.962132692337036133e-01
8.199200630187988281e-01
8.136956095695495605e-01
8.148428201675415039e-01
8.236932158470153809e-01
8.131768107414245605e-01
8.347033858299255371e-01
8.544711470603942871e-01
8.523097634315490723e-01
8.415446877479553223e-01
8.499286770820617676e-01
8.581303358078002930e-01
8.615005612373352051e-01
8.519496917724609375e-01
8.603541851043701172e-01
8.552792072296142578e-01
8.604072928428649902e-01
8.731457591056823730e-01
8.504809737205505371e-01
8.537606596946716309e-01
8.673269748687744141e-01
8.547070622444152832e-01
8.698639869689941406e-01
8.656247854232788086e-01
8.744997978210449219e-01
8.612715005874633789e-01
8.848913311958312988e-01
9.043139219284057617e-01
8.763926029205322266e-01
8.820503354072570801e-01
8.883588314056396484e-01
9.032409787178039551e-01
8.802235722541809082e-01
8.878675103187561035e-01
8.797986507415771484e-01
8.730041980743408203e-01
8.873030543327331543e-01
8.752095699310302734e-01
8.846074342727661133e-01
9.039838314056396484e-01
8.937610387802124023e-01
8.892062306404113770e-01
8.935631513595581055e-01
9.052221179008483887e-01
8.892231583595275879e-01
8.784239292144775391e-01
9.141653776168823242e-01
9.098919034004211426e-01
8.388836383819580078e-01
9.092821478843688965e-01
8.990553021430969238e-01
9.244043231010437012e-01
8.905885219573974609e-01
8.825505375862121582e-01
9.140945672988891602e-01
9.326002597808837891e-01
9.165140390396118164e-01
9.231794476509094238e-01
9.485220909118652344e-01
9.227949380874633789e-01
9.338327050209045410e-01
8.097669482231140137e-01
9.583738446235656738e-01
9.347487688064575195e-01
9.510453343391418457e-01
8.904951810836791992e-01
7.925145626068115234e-01
9.421625733375549316e-01
8.164441585540771484e-01
9.443110227584838867e-01
9.528835415840148926e-01
9.430822134017944336e-01
9.153120517730712891e-01
9.596687555313110352e-01
9.378204345703125000e-01
9.671300053596496582e-01
9.723432660102844238e-01
9.649067521095275879e-01
9.914359450340270996e-01
9.560114741325378418e-01
9.511412382125854492e-01
9.668083786964416504e-01
9.746491909027099609e-01
-9.899900000000000000e+04
9.772938489913940430e-01
8.650321364402770996e-01
9.723849296569824219e-01
9.899836778640747070e-01
-9.899900000000000000e+04
9.771151542663574219e-01
-9.899900000000000000e+04
9.973776340484619141e-01
9.708699584007263184e-01
1.001431941986083984e+00
9.684624075889587402e-01
-9.899900000000000000e+04
9.830580353736877441e-01
-9.899900000000000000e+04
-9.899900000000000000e+04
-9.899900000000000000e+04
-9.899900000000000000e+04
-9.899900000000000000e+04
9.156209230422973633e-01
9.516191482543945312e-01
-9.899900000000000000e+04
-9.899900000000000000e+04
8.908260464668273926e-01
-9.899900000000000000e+04
-9.899900000000000000e+04
-9.899900000000000000e+04
-9.899900000000000000e+04
-9.899900000000000000e+04
-9.899900000000000000e+04
-9.899900000000000000e+04
-9.899900000000000000e+04
-9.899900000000000000e+04
-9.899900000000000000e+04
-9.899900000000000000e+04
-9.899900000000000000e+04
9.615004658699035645e-01
9.087215065956115723e-01
-9.899900000000000000e+04
-9.899900000000000000e+04
-9.899900000000000000e+04
-9.899900000000000000e+04
-9.899900000000000000e+04
1.019135951995849609e+00
-9.899900000000000000e+04
-9.899900000000000000e+04
-9.899900000000000000e+04
-9.899900000000000000e+04
-9.899900000000000000e+04
-9.899900000000000000e+04
-9.899900000000000000e+04
-9.899900000000000000e+04
-9.899900000000000000e+04
-9.899900000000000000e+04
-9.899900000000000000e+04
-9.899900000000000000e+04
-9.899900000000000000e+04
-9.899900000000000000e+04
-9.899900000000000000e+04
-9.899900000000000000e+04
-9.899900000000000000e+04
-9.899900000000000000e+04
-9.899900000000000000e+04
-9.899900000000000000e+04
-9.899900000000000000e+04
-9.899900000000000000e+04
-9.899900000000000000e+04
-9.899900000000000000e+04
7.170206308364868164e-01
-9.899900000000000000e+04
-9.899900000000000000e+04
-9.899900000000000000e+04
-9.899900000000000000e+04
-9.899900000000000000e+04
-9.899900000000000000e+04
-9.899900000000000000e+04
-9.899900000000000000e+04
-9.899900000000000000e+04
-9.899900000000000000e+04
-9.899900000000000000e+04
9.437997341156005859e-01
-9.899900000000000000e+04
-9.899900000000000000e+04
-9.899900000000000000e+04
-9.899900000000000000e+04
-9.899900000000000000e+04
-9.899900000000000000e+04
-9.899900000000000000e+04
-9.899900000000000000e+04
-9.899900000000000000e+04
-9.899900000000000000e+04
-9.899900000000000000e+04
-9.899900000000000000e+04
-9.899900000000000000e+04
-9.899900000000000000e+04
-9.899900000000000000e+04
-9.899900000000000000e+04
-9.899900000000000000e+04
-9.899900000000000000e+04
-9.899900000000000000e+04
-9.899900000000000000e+04
-9.899900000000000000e+04
-9.899900000000000000e+04
-9.899900000000000000e+04
-9.899900000000000000e+04
-9.899900000000000000e+04
-9.899900000000000000e+04
-9.899900000000000000e+04
-9.899900000000000000e+04
-9.899900000000000000e+04
-9.899900000000000000e+04
-9.899900000000000000e+04
-9.899900000000000000e+04
-9.899900000000000000e+04
-9.899900000000000000e+04
-9.899900000000000000e+04
-9.899900000000000000e+04
-9.899900000000000000e+04
-9.899900000000000000e+04
-9.899900000000000000e+04
-9.899900000000000000e+04
-9.899900000000000000e+04
1.002964496612548828e+00
-9.899900000000000000e+04
-9.899900000000000000e+04
9.525389075279235840e-01
-9.899900000000000000e+04
-9.899900000000000000e+04
-9.899900000000000000e+04
-9.899900000000000000e+04
-9.899900000000000000e+04
-9.899900000000000000e+04
-9.899900000000000000e+04
-9.899900000000000000e+04
-9.899900000000000000e+04
-9.899900000000000000e+04
-9.899900000000000000e+04
-9.899900000000000000e+04
-9.899900000000000000e+04
-9.899900000000000000e+04
-9.899900000000000000e+04
8.766777068376541138e-02
-9.899900000000000000e+04
-9.899900000000000000e+04
-9.899900000000000000e+04
-9.899900000000000000e+04
-9.899900000000000000e+04
-9.899900000000000000e+04
-9.899900000000000000e+04
-9.899900000000000000e+04
-9.899900000000000000e+04
-9.899900000000000000e+04
-9.899900000000000000e+04
-9.899900000000000000e+04
-9.899900000000000000e+04
-9.899900000000000000e+04
-9.899900000000000000e+04
-9.899900000000000000e+04
-9.899900000000000000e+04
-9.899900000000000000e+04
-9.899900000000000000e+04
-9.899900000000000000e+04
-9.899900000000000000e+04
-9.899900000000000000e+04
-9.899900000000000000e+04
-9.899900000000000000e+04
-9.899900000000000000e+04
-1.180072426795959473e+00
-9.899900000000000000e+04
-9.899900000000000000e+04
