6.291534900665283203e-01
6.257067918777465820e-01
6.412144899368286133e-01
6.632860302925109863e-01
6.458758711814880371e-01
6.676552295684814453e-01
6.525503396987915039e-01
6.678663492202758789e-01
6.553733348846435547e-01
6.793448328971862793e-01
6.664795279502868652e-01
6.803489923477172852e-01
6.676720976829528809e-01
6.691722869873046875e-01
6.657516956329345703e-01
6.707124710083007812e-01
6.755884289741516113e-01
6.710654497146606445e-01
6.693271994590759277e-01
6.821352243423461914e-01
6.901529431343078613e-01
6.810644865036010742e-01
6.810171008110046387e-01
6.878223419189453125e-01
6.966059207916259766e-01
7.012339830398559570e-01
7.028447985649108887e-01
6.989399194717407227e-01
6.996704936027526855e-01
6.901693344116210938e-01
6.870552301406860352e-01
6.940888762474060059e-01
6.915193796157836914e-01
6.918091773986816406e-01
6.945909261703491211e-01
6.926264762878417969e-01
7.019261717796325684e-01
6.991010308265686035e-01
7.084416747093200684e-01
7.087382674217224121e-01
7.114502191543579102e-01
7.112235426902770996e-01
7.149895429611206055e-01
6.989610195159912109e-01
7.123273611068725586e-01
7.093961238861083984e-01
7.071505188941955566e-01
7.053073644638061523e-01
7.146285176277160645e-01
7.002816200256347656e-01
6.988351345062255859e-01
7.192081809043884277e-01
7.152908444404602051e-01
7.022292017936706543e-01
7.070469260215759277e-01
7.033432126045227051e-01
7.075825333595275879e-01
7.103310823440551758e-01
7.254363298416137695e-01
7.166147828102111816e-01
7.022846937179565430e-01
7.215666770935058594e-01
7.169684767723083496e-01
7.298307418823242188e-01
7.311541438102722168e-01
7.213643789291381836e-01
7.391523122787475586e-01
7.202448844909667969e-01
7.382908463478088379e-01
7.133722305297851562e-01
7.329081296920776367e-01
7.299587130546569824e-01
7.358174324035644531e-01
7.670034170150756836e-01
7.464354634284973145e-01
7.524573206901550293e-01
7.507025003433227539e-01
7.247130274772644043e-01
7.538967728614807129e-01
7.280817031860351562e-01
7.526184320449829102e-01
7.342796921730041504e-01
7.194093465805053711e-01
7.704614996910095215e-01
7.552311420440673828e-01
7.678371667861938477e-01
7.677670121192932129e-01
7.820624709129333496e-01
7.848059535026550293e-01
7.820130586624145508e-01
7.751268148422241211e-01
7.828516364097595215e-01
7.790508866310119629e-01
7.816575765609741211e-01
7.673192024230957031e-01
7.771743535995483398e-01
7.941299676895141602e-01
7.787798643112182617e-01
8.051732182502746582e-01
7.316051125526428223e-01
7.926553487777709961e-01
7.748248577117919922e-01
7.964025735855102539e-01
7.756788134574890137e-01
8.084152936935424805e-01
7.978716492652893066e-01
7.809621691703796387e-01
7.981994152069091797e-01
7.987767457962036133e-01
7.873616814613342285e-01
7.975918054580688477e-01
8.125275969505310059e-01
8.194135427474975586e-01
8.070760369300842285e-01
7.943194508552551270e-01
8.282775878906250000e-01
8.078866004943847656e-01
8.123929500579833984e-01
8.301437497138977051e-01
7.997374534606933594e-01
8.486579060554504395e-01
8.477429747581481934e-01
8.295553326606750488e-01
8.170795440673828125e-01
8.543527126312255859e-01
8.617310523986816406e-01
8.530491590499877930e-01
8.593342304229736328e-01
8.540850281715393066e-01
8.640556931495666504e-01
8.563695549964904785e-01
8.656314015388488770e-01
8.358426690101623535e-01
8.747456669807434082e-01
8.791979551315307617e-01
8.806862831115722656e-01
8.732576370239257812e-01
8.821899890899658203e-01
8.822714686393737793e-01
8.862906098365783691e-01
8.807106018066406250e-01
8.257703781127929688e-01
8.988585472106933594e-01
8.360162973403930664e-01
8.643929362297058105e-01
8.874236345291137695e-01
8.841088414192199707e-01
8.984534144401550293e-01
8.871824145317077637e-01
9.070356488227844238e-01
8.943479657173156738e-01
8.965602517127990723e-01
9.079899787902832031e-01
9.139263033866882324e-01
8.909320831298828125e-01
9.190133213996887207e-01
8.819484114646911621e-01
8.771659731864929199e-01
9.005398154258728027e-01
9.055789709091186523e-01
9.154076576232910156e-01
9.004514217376708984e-01
9.270159602165222168e-01
9.051754474639892578e-01
9.011421203613281250e-01
9.163412451744079590e-01
8.445709943771362305e-01
9.086101055145263672e-01
9.013972878456115723e-01
9.306495189666748047e-01
8.975335955619812012e-01
8.299133777618408203e-01
9.491195678710937500e-01
8.488885760307312012e-01
9.195699095726013184e-01
9.565811157226562500e-01
8.975867629051208496e-01
9.510343670845031738e-01
9.354054927825927734e-01
9.647074341773986816e-01
7.654641866683959961e-01
9.493188261985778809e-01
9.309139251708984375e-01
9.480193257331848145e-01
9.471568465232849121e-01
9.362999796867370605e-01
9.618790745735168457e-01
9.397897720336914062e-01
9.853548407554626465e-01
9.119077324867248535e-01
9.147852063179016113e-01
7.446571588516235352e-01
9.395483732223510742e-01
9.642234444618225098e-01
9.410324692726135254e-01
9.856449961662292480e-01
7.597270011901855469e-01
9.903403520584106445e-01
-9.899900000000000000e+04
8.891024589538574219e-01
9.781654477119445801e-01
-9.899900000000000000e+04
-9.899900000000000000e+04
9.769158363342285156e-01
8.263946175575256348e-01
9.814391136169433594e-01
-9.899900000000000000e+04
9.825499057769775391e-01
9.866601824760437012e-01
-9.899900000000000000e+04
-9.899900000000000000e+04
9.872646927833557129e-01
-9.899900000000000000e+04
