6.225892305374145508e-01
6.257067918777465820e-01
6.388311982154846191e-01
6.606395840644836426e-01
6.469347476959228516e-01
6.472339630126953125e-01
6.616687774658203125e-01
6.615436673164367676e-01
6.604414582252502441e-01
6.655529737472534180e-01
6.738380193710327148e-01
6.636283397674560547e-01
6.676720976829528809e-01
6.546568870544433594e-01
6.657516956329345703e-01
6.695431470870971680e-01
6.748010516166687012e-01
6.668570041656494141e-01
6.890469193458557129e-01
6.673808097839355469e-01
6.899451017379760742e-01
6.802825331687927246e-01
6.515519618988037109e-01
6.934551596641540527e-01
7.024981975555419922e-01
7.015670537948608398e-01
6.914620995521545410e-01
7.027965784072875977e-01
6.838987469673156738e-01
6.918540596961975098e-01
6.827443242073059082e-01
6.979426145553588867e-01
6.915193796157836914e-01
6.951933503150939941e-01
6.916729211807250977e-01
6.960429549217224121e-01
6.987966299057006836e-01
6.992508769035339355e-01
7.008619904518127441e-01
6.901710033416748047e-01
6.978430747985839844e-01
7.137159109115600586e-01
7.139601707458496094e-01
7.057476043701171875e-01
7.064265012741088867e-01
6.981019973754882812e-01
7.014923691749572754e-01
7.108010649681091309e-01
7.122215032577514648e-01
7.102676630020141602e-01
7.169888019561767578e-01
7.100632786750793457e-01
6.961508393287658691e-01
7.058463096618652344e-01
7.065972089767456055e-01
7.092658281326293945e-01
7.218797802925109863e-01
7.127067446708679199e-01
6.952870488166809082e-01
7.014753818511962891e-01
7.231079339981079102e-01
7.249443531036376953e-01
7.288216352462768555e-01
7.297145724296569824e-01
7.330412268638610840e-01
7.264120578765869141e-01
7.387778162956237793e-01
7.266265153884887695e-01
7.286175489425659180e-01
7.270413637161254883e-01
7.171524763107299805e-01
7.251980900764465332e-01
7.292888164520263672e-01
7.346884608268737793e-01
7.285401821136474609e-01
7.541587948799133301e-01
7.362812757492065430e-01
7.451015114784240723e-01
7.385112047195434570e-01
7.494993805885314941e-01
7.489721179008483887e-01
7.471536993980407715e-01
7.789762020111083984e-01
7.493737936019897461e-01
7.765936851501464844e-01
7.512602210044860840e-01
7.736127376556396484e-01
7.863469123840332031e-01
7.670798301696777344e-01
7.711433768272399902e-01
7.838987708091735840e-01
7.866370677947998047e-01
7.635000348091125488e-01
7.766370773315429688e-01
7.707751989364624023e-01
7.942111492156982422e-01
7.773442864418029785e-01
7.783476114273071289e-01
7.784607410430908203e-01
7.937319278717041016e-01
7.542130351066589355e-01
7.802413702011108398e-01
7.755395770072937012e-01
7.650227546691894531e-01
8.013781905174255371e-01
7.744417786598205566e-01
8.154092431068420410e-01
8.000973463058471680e-01
7.925005555152893066e-01
8.053715229034423828e-01
7.853317856788635254e-01
8.110920190811157227e-01
8.251079916954040527e-01
7.956483364105224609e-01
7.846496701240539551e-01
7.928332090377807617e-01
8.065555095672607422e-01
8.276512622833251953e-01
8.386076092720031738e-01
8.510334491729736328e-01
8.352934718132019043e-01
8.514820933341979980e-01
8.449746370315551758e-01
8.582780957221984863e-01
8.558155298233032227e-01
8.530961871147155762e-01
8.286023736000061035e-01
8.278762698173522949e-01
8.333925008773803711e-01
8.378773331642150879e-01
8.508225679397583008e-01
8.713598847389221191e-01
8.371098637580871582e-01
8.200198411941528320e-01
8.733128309249877930e-01
8.760892748832702637e-01
8.810853362083435059e-01
8.790151476860046387e-01
8.842855691909790039e-01
8.637410402297973633e-01
8.736123442649841309e-01
8.922204971313476562e-01
8.920291662216186523e-01
8.742334246635437012e-01
8.854884505271911621e-01
8.934384584426879883e-01
8.901015520095825195e-01
8.986511230468750000e-01
8.924906253814697266e-01
8.869691491127014160e-01
8.977994322776794434e-01
8.954929709434509277e-01
9.009264707565307617e-01
9.057133793830871582e-01
8.432041406631469727e-01
8.948477506637573242e-01
9.077105522155761719e-01
8.977149724960327148e-01
8.670010566711425781e-01
9.035623669624328613e-01
8.932678699493408203e-01
9.095427989959716797e-01
9.160797595977783203e-01
9.160667061805725098e-01
8.871681094169616699e-01
9.214590787887573242e-01
9.277275204658508301e-01
9.262099266052246094e-01
9.367197155952453613e-01
9.269136190414428711e-01
9.311972856521606445e-01
9.196407794952392578e-01
9.294682145118713379e-01
9.160979390144348145e-01
9.034853577613830566e-01
8.940076828002929688e-01
9.254497289657592773e-01
9.409646391868591309e-01
9.217339158058166504e-01
9.173030257225036621e-01
9.158564805984497070e-01
9.621126055717468262e-01
9.495503902435302734e-01
9.402009844779968262e-01
9.556177258491516113e-01
9.457544684410095215e-01
9.383924007415771484e-01
9.532639384269714355e-01
9.523873925209045410e-01
9.537527561187744141e-01
9.467139840126037598e-01
9.801979064941406250e-01
9.791750311851501465e-01
9.880676269531250000e-01
9.785200357437133789e-01
9.681070446968078613e-01
-9.899900000000000000e+04
9.797300696372985840e-01
8.677984476089477539e-01
9.608426094055175781e-01
9.815300703048706055e-01
9.180192351341247559e-01
-9.899900000000000000e+04
9.614493250846862793e-01
9.270361065864562988e-01
-9.899900000000000000e+04
9.628327488899230957e-01
9.854756593704223633e-01
-9.899900000000000000e+04
-9.899900000000000000e+04
9.762831926345825195e-01
7.775509357452392578e-01
9.874461889266967773e-01
-9.899900000000000000e+04
-9.899900000000000000e+04
-9.899900000000000000e+04
7.951505780220031738e-01
-9.899900000000000000e+04
9.813713431358337402e-01
-9.899900000000000000e+04
1.001192212104797363e+00
-9.899900000000000000e+04
-9.899900000000000000e+04
-9.899900000000000000e+04
-9.899900000000000000e+04
-9.899900000000000000e+04
-9.899900000000000000e+04
-9.899900000000000000e+04
9.757781624794006348e-01
-9.899900000000000000e+04
