6.225892305374145508e-01
6.517849564552307129e-01
6.406359076499938965e-01
6.595162153244018555e-01
6.469347476959228516e-01
6.472339630126953125e-01
6.616687774658203125e-01
6.693965792655944824e-01
6.592803001403808594e-01
6.766340136528015137e-01
6.639269590377807617e-01
6.636283397674560547e-01
6.678974032402038574e-01
6.578110456466674805e-01
6.657516956329345703e-01
6.741617321968078613e-01
6.809154748916625977e-01
6.863613128662109375e-01
6.674399375915527344e-01
6.843210458755493164e-01
6.876512169837951660e-01
6.759751439094543457e-01
6.799424290657043457e-01
6.899821162223815918e-01
7.016018033027648926e-01
6.737859845161437988e-01
7.026354074478149414e-01
6.934535503387451172e-01
6.993322968482971191e-01
6.945591568946838379e-01
6.989067792892456055e-01
6.950945854187011719e-01
6.974868178367614746e-01
6.871324181556701660e-01
6.992788314819335938e-01
6.946870684623718262e-01
7.006449103355407715e-01
6.986204385757446289e-01
7.061943411827087402e-01
7.077586650848388672e-01
7.075406312942504883e-01
7.126745581626892090e-01
7.081742286682128906e-01
7.038873434066772461e-01
6.824951767921447754e-01
7.038162350654602051e-01
7.163725495338439941e-01
7.051239609718322754e-01
7.216302156448364258e-01
6.999923586845397949e-01
7.133592367172241211e-01
7.129029631614685059e-01
6.939414739608764648e-01
7.062156796455383301e-01
7.065808176994323730e-01
6.915626525878906250e-01
7.048885822296142578e-01
7.018782496452331543e-01
7.084949612617492676e-01
7.289481759071350098e-01
7.279885411262512207e-01
7.234803438186645508e-01
7.312270402908325195e-01
7.186107635498046875e-01
7.204349637031555176e-01
7.339305877685546875e-01
6.998957395553588867e-01
7.221816778182983398e-01
7.110297083854675293e-01
7.381364703178405762e-01
7.368608117103576660e-01
7.320490479469299316e-01
7.407923340797424316e-01
7.170127034187316895e-01
7.281292080879211426e-01
7.468993663787841797e-01
7.399036884307861328e-01
7.359778285026550293e-01
7.502532005310058594e-01
7.532086968421936035e-01
7.602648138999938965e-01
7.618502974510192871e-01
7.299990057945251465e-01
7.719781398773193359e-01
7.453476786613464355e-01
7.689402699470520020e-01
7.743809223175048828e-01
7.760251164436340332e-01
7.699747681617736816e-01
7.837608456611633301e-01
7.812925577163696289e-01
7.330017089843750000e-01
7.935304641723632812e-01
7.715700864791870117e-01
7.830584645271301270e-01
7.965638637542724609e-01
7.995604276657104492e-01
7.525026202201843262e-01
7.491395473480224609e-01
7.758486866950988770e-01
7.933661341667175293e-01
7.796925902366638184e-01
8.022004961967468262e-01
8.033394217491149902e-01
7.389583587646484375e-01
8.084461688995361328e-01
8.200123310089111328e-01
8.107975721359252930e-01
8.125357031822204590e-01
7.930504679679870605e-01
7.924789190292358398e-01
8.210017681121826172e-01
8.035008907318115234e-01
7.855739593505859375e-01
8.086158037185668945e-01
8.138289451599121094e-01
8.261675238609313965e-01
8.323176503181457520e-01
8.282008767127990723e-01
8.497797250747680664e-01
8.583648204803466797e-01
7.721347808837890625e-01
8.534458875656127930e-01
8.501192331314086914e-01
8.375688195228576660e-01
8.601470589637756348e-01
8.373379111289978027e-01
8.661197423934936523e-01
8.582377433776855469e-01
8.606464862823486328e-01
8.578332066535949707e-01
8.563032746315002441e-01
8.696558475494384766e-01
8.642210960388183594e-01
8.419839739799499512e-01
8.930801153182983398e-01
8.696606755256652832e-01
8.761627078056335449e-01
8.510661125183105469e-01
8.636946678161621094e-01
8.823835253715515137e-01
8.872405290603637695e-01
8.770960569381713867e-01
8.932601213455200195e-01
8.915168046951293945e-01
9.079010486602783203e-01
8.822599053382873535e-01
8.884046077728271484e-01
8.822374343872070312e-01
9.100245833396911621e-01
8.846607208251953125e-01
8.910747766494750977e-01
8.641721606254577637e-01
8.699102401733398438e-01
8.444563150405883789e-01
8.783483505249023438e-01
8.906113505363464355e-01
9.087363481521606445e-01
8.975036144256591797e-01
8.989296555519104004e-01
9.089909195899963379e-01
8.988613486289978027e-01
9.130025506019592285e-01
8.139770627021789551e-01
9.211577773094177246e-01
8.976862430572509766e-01
9.279967546463012695e-01
8.212243914604187012e-01
9.263372421264648438e-01
9.244529604911804199e-01
9.107480049133300781e-01
8.258948922157287598e-01
9.289211630821228027e-01
7.692925930023193359e-01
9.086589813232421875e-01
9.618982076644897461e-01
7.384626865386962891e-01
9.473844170570373535e-01
9.633469581604003906e-01
9.428927898406982422e-01
8.130800724029541016e-01
8.902335166931152344e-01
9.607253074645996094e-01
9.580937623977661133e-01
9.692329764366149902e-01
9.440371394157409668e-01
9.605606794357299805e-01
9.718036055564880371e-01
9.109680652618408203e-01
9.538873434066772461e-01
9.274531602859497070e-01
9.368913769721984863e-01
9.870195984840393066e-01
9.932938814163208008e-01
9.853349924087524414e-01
8.933741450309753418e-01
9.758451581001281738e-01
9.467421770095825195e-01
9.408835768699645996e-01
8.013622164726257324e-01
1.002074480056762695e+00
9.784820079803466797e-01
9.665137529373168945e-01
-9.899900000000000000e+04
9.493675827980041504e-01
9.827096462249755859e-01
9.887987971305847168e-01
-9.899900000000000000e+04
9.760614037513732910e-01
9.161333441734313965e-01
-9.899900000000000000e+04
1.012854337692260742e+00
9.734128713607788086e-01
-9.899900000000000000e+04
-9.899900000000000000e+04
-9.899900000000000000e+04
9.584992527961730957e-01
9.720367193222045898e-01
9.782741069793701172e-01
-9.899900000000000000e+04
-9.899900000000000000e+04
-9.899900000000000000e+04
-9.899900000000000000e+04
-9.899900000000000000e+04
-9.899900000000000000e+04
-9.899900000000000000e+04
-9.899900000000000000e+04
-9.899900000000000000e+04
-9.899900000000000000e+04
-9.899900000000000000e+04
-9.899900000000000000e+04
-9.899900000000000000e+04
-9.899900000000000000e+04
-9.899900000000000000e+04
-9.899900000000000000e+04
-9.899900000000000000e+04
-9.899900000000000000e+04
-9.899900000000000000e+04
-9.899900000000000000e+04
5.725505948066711426e-01
-9.899900000000000000e+04
-9.899900000000000000e+04
-9.899900000000000000e+04
-9.899900000000000000e+04
1.015198349952697754e+00
-9.899900000000000000e+04
-9.899900000000000000e+04
-9.899900000000000000e+04
-9.899900000000000000e+04
-9.899900000000000000e+04
-9.899900000000000000e+04
-9.899900000000000000e+04
-9.899900000000000000e+04
-9.899900000000000000e+04
-9.899900000000000000e+04
-9.899900000000000000e+04
-9.899900000000000000e+04
-9.899900000000000000e+04
-9.899900000000000000e+04
-9.899900000000000000e+04
-9.899900000000000000e+04
-9.899900000000000000e+04
-9.899900000000000000e+04
-9.899900000000000000e+04
-9.899900000000000000e+04
-9.899900000000000000e+04
-9.899900000000000000e+04
-9.899900000000000000e+04
-9.899900000000000000e+04
-9.899900000000000000e+04
-9.899900000000000000e+04
-9.899900000000000000e+04
-9.899900000000000000e+04
-9.899900000000000000e+04
-9.899900000000000000e+04
-9.899900000000000000e+04
-9.899900000000000000e+04
-9.899900000000000000e+04
-9.899900000000000000e+04
