6.461329460144042969e-01
6.358127593994140625e-01
6.562239527702331543e-01
6.632860302925109863e-01
6.485855579376220703e-01
6.468650102615356445e-01
6.616687774658203125e-01
6.678663492202758789e-01
6.746804118156433105e-01
6.654602885246276855e-01
6.639269590377807617e-01
6.630030274391174316e-01
6.753827929496765137e-01
6.722197532653808594e-01
6.665367484092712402e-01
6.814933419227600098e-01
6.825008392333984375e-01
6.671335697174072266e-01
6.890469193458557129e-01
6.843210458755493164e-01
6.768352389335632324e-01
6.750268340110778809e-01
6.518429517745971680e-01
7.070810198783874512e-01
6.930550932884216309e-01
7.035980820655822754e-01
6.938259005546569824e-01
6.996140480041503906e-01
6.875582337379455566e-01
6.945109963417053223e-01
6.872646808624267578e-01
7.046317458152770996e-01
6.864610314369201660e-01
6.979438662528991699e-01
6.933419704437255859e-01
6.986033916473388672e-01
6.942809820175170898e-01
6.959512829780578613e-01
7.130541801452636719e-01
7.124676108360290527e-01
7.056334018707275391e-01
7.087143063545227051e-01
7.036337256431579590e-01
6.889207363128662109e-01
6.825337409973144531e-01
7.036186456680297852e-01
6.917569637298583984e-01
7.025641202926635742e-01
7.121732831001281738e-01
7.141265869140625000e-01
7.022989392280578613e-01
6.931502223014831543e-01
7.016819715499877930e-01
7.085225582122802734e-01
6.975690126419067383e-01
7.049889564514160156e-01
6.989043354988098145e-01
7.072083353996276855e-01
7.237946391105651855e-01
7.050388455390930176e-01
7.130524516105651855e-01
7.235195040702819824e-01
7.272956967353820801e-01
7.281142473220825195e-01
7.345091104507446289e-01
7.249306440353393555e-01
7.235965728759765625e-01
7.151224613189697266e-01
7.399815917015075684e-01
7.399874925613403320e-01
7.271926403045654297e-01
7.315965294837951660e-01
7.331727743148803711e-01
7.324695587158203125e-01
7.624482512474060059e-01
7.560582160949707031e-01
7.521021962165832520e-01
7.674823999404907227e-01
7.278683185577392578e-01
7.610614299774169922e-01
7.593097686767578125e-01
7.421723604202270508e-01
7.713620066642761230e-01
7.671451568603515625e-01
7.467286586761474609e-01
7.702627182006835938e-01
7.646018266677856445e-01
7.877039909362792969e-01
7.797849774360656738e-01
7.636219263076782227e-01
7.616742253303527832e-01
7.771676182746887207e-01
7.944202423095703125e-01
7.847203612327575684e-01
7.848866581916809082e-01
7.799618840217590332e-01
7.613592743873596191e-01
7.908763289451599121e-01
7.809239625930786133e-01
7.933901548385620117e-01
7.756985425949096680e-01
8.008510470390319824e-01
8.035950660705566406e-01
8.063183426856994629e-01
7.970533967018127441e-01
7.733984589576721191e-01
7.818936705589294434e-01
7.916085720062255859e-01
7.866076827049255371e-01
8.188931345939636230e-01
8.212875127792358398e-01
8.189098238945007324e-01
8.118700385093688965e-01
7.877278327941894531e-01
8.179608583450317383e-01
8.221190571784973145e-01
8.031632304191589355e-01
7.970820665359497070e-01
8.161900043487548828e-01
8.242799639701843262e-01
8.194649815559387207e-01
8.482793569564819336e-01
8.490560054779052734e-01
8.434796929359436035e-01
8.624337315559387207e-01
8.415878415107727051e-01
8.566586971282958984e-01
8.362408876419067383e-01
8.636235594749450684e-01
8.540675640106201172e-01
8.553916811943054199e-01
8.594057559967041016e-01
8.644750714302062988e-01
8.538782596588134766e-01
8.757032155990600586e-01
8.834174275398254395e-01
8.355649113655090332e-01
8.644342422485351562e-01
8.884516954421997070e-01
8.763675689697265625e-01
8.459416031837463379e-01
8.777108788490295410e-01
8.757443428039550781e-01
8.759550452232360840e-01
8.847045302391052246e-01
8.889678120613098145e-01
8.795838952064514160e-01
8.796031475067138672e-01
8.854246735572814941e-01
8.988226652145385742e-01
8.890989422798156738e-01
7.825353741645812988e-01
9.137515425682067871e-01
9.020946621894836426e-01
8.929653167724609375e-01
9.123800992965698242e-01
9.097123742103576660e-01
8.965269327163696289e-01
9.271253347396850586e-01
9.074689745903015137e-01
9.141612648963928223e-01
8.893830180168151855e-01
9.164481163024902344e-01
9.207802414894104004e-01
9.188930988311767578e-01
9.209147691726684570e-01
8.828596472740173340e-01
8.409200310707092285e-01
9.060951471328735352e-01
8.702138066291809082e-01
9.220459461212158203e-01
8.396407961845397949e-01
9.407962560653686523e-01
9.241222143173217773e-01
9.449666142463684082e-01
7.626591324806213379e-01
9.332535862922668457e-01
9.454469680786132812e-01
9.520564675331115723e-01
9.524508714675903320e-01
9.450763463973999023e-01
9.306159019470214844e-01
9.534739851951599121e-01
9.401957392692565918e-01
9.576340913772583008e-01
9.474375844001770020e-01
9.316102266311645508e-01
9.334223866462707520e-01
8.038692474365234375e-01
9.598461985588073730e-01
9.808904528617858887e-01
9.556016921997070312e-01
9.560298919677734375e-01
9.607427716255187988e-01
9.611327052116394043e-01
-9.899900000000000000e+04
5.523173809051513672e-01
9.756944775581359863e-01
9.422836303710937500e-01
9.779788255691528320e-01
9.559374451637268066e-01
9.813117384910583496e-01
