6.309524774551391602e-01
6.517849564552307129e-01
6.402796506881713867e-01
6.595162153244018555e-01
6.510597467422485352e-01
6.481469869613647461e-01
6.616687774658203125e-01
6.693965792655944824e-01
6.590787768363952637e-01
6.673698425292968750e-01
6.664795279502868652e-01
6.803489923477172852e-01
6.681141257286071777e-01
6.711479425430297852e-01
6.819232702255249023e-01
6.819742321968078613e-01
6.809154748916625977e-01
6.869531869888305664e-01
6.878952383995056152e-01
6.850000023841857910e-01
6.806809306144714355e-01
6.847827434539794922e-01
6.855162978172302246e-01
6.880162358283996582e-01
7.004052400588989258e-01
6.888324022293090820e-01
6.860964298248291016e-01
6.931471824645996094e-01
6.877900362014770508e-01
6.945591568946838379e-01
6.928294897079467773e-01
6.858766674995422363e-01
7.017874121665954590e-01
6.966369152069091797e-01
6.939700841903686523e-01
6.930131912231445312e-01
6.945384740829467773e-01
7.049526572227478027e-01
7.122806310653686523e-01
7.074828743934631348e-01
7.163191437721252441e-01
6.995802521705627441e-01
7.040695548057556152e-01
7.027437686920166016e-01
7.123273611068725586e-01
7.150403261184692383e-01
7.094507217407226562e-01
7.034298777580261230e-01
7.139897942543029785e-01
7.178879380226135254e-01
7.030813694000244141e-01
7.015457153320312500e-01
7.015506625175476074e-01
7.030206322669982910e-01
7.032720446586608887e-01
7.020272016525268555e-01
6.917399168014526367e-01
7.217828035354614258e-01
6.930692791938781738e-01
7.281237244606018066e-01
7.270010113716125488e-01
7.135361433029174805e-01
7.246562838554382324e-01
7.319867610931396484e-01
7.246930599212646484e-01
7.229537963867187500e-01
7.272753715515136719e-01
7.353771328926086426e-01
7.420714497566223145e-01
7.294592261314392090e-01
7.426185607910156250e-01
7.399957180023193359e-01
7.417399883270263672e-01
7.269139885902404785e-01
7.517554759979248047e-01
7.412307858467102051e-01
7.598564028739929199e-01
7.493987679481506348e-01
7.407475113868713379e-01
7.501268982887268066e-01
7.475423216819763184e-01
7.643676996231079102e-01
7.497999072074890137e-01
7.520381808280944824e-01
7.752026319503784180e-01
7.810821533203125000e-01
7.725631594657897949e-01
7.775303125381469727e-01
7.593446373939514160e-01
7.633274197578430176e-01
7.781665325164794922e-01
7.961669564247131348e-01
7.643721699714660645e-01
7.749981284141540527e-01
7.768097519874572754e-01
7.584968209266662598e-01
7.920433878898620605e-01
7.809537649154663086e-01
7.768200635910034180e-01
7.983964085578918457e-01
8.012822866439819336e-01
8.011969327926635742e-01
7.768789529800415039e-01
7.843029499053955078e-01
7.831264138221740723e-01
7.940019965171813965e-01
8.095232248306274414e-01
7.926373481750488281e-01
7.868297100067138672e-01
8.048431277275085449e-01
8.070681095123291016e-01
8.069199919700622559e-01
7.772973179817199707e-01
8.224477767944335938e-01
8.186060786247253418e-01
8.405196070671081543e-01
8.328896760940551758e-01
8.208925127983093262e-01
8.277528285980224609e-01
7.846011519432067871e-01
8.238461613655090332e-01
8.452442288398742676e-01
7.955491542816162109e-01
8.394024372100830078e-01
8.500378131866455078e-01
8.315529227256774902e-01
8.595554232597351074e-01
8.609506487846374512e-01
8.447661399841308594e-01
8.650621175765991211e-01
8.622010350227355957e-01
8.451387882232666016e-01
8.637622594833374023e-01
8.647443056106567383e-01
8.690263032913208008e-01
8.797281384468078613e-01
8.754981756210327148e-01
8.789237737655639648e-01
8.764361143112182617e-01
8.696408271789550781e-01
8.748451471328735352e-01
8.631004095077514648e-01
8.822982907295227051e-01
8.953356742858886719e-01
8.891097903251647949e-01
8.828820586204528809e-01
8.785207867622375488e-01
8.954772353172302246e-01
8.796177506446838379e-01
8.639873266220092773e-01
9.056873321533203125e-01
8.774582147598266602e-01
8.950523734092712402e-01
8.773640990257263184e-01
9.041158556938171387e-01
9.019184112548828125e-01
8.997544646263122559e-01
9.053514599800109863e-01
9.125021696090698242e-01
8.857403993606567383e-01
8.913692831993103027e-01
9.208890795707702637e-01
9.084362387657165527e-01
9.126724600791931152e-01
9.239381551742553711e-01
9.307870864868164062e-01
9.135016798973083496e-01
7.756518721580505371e-01
9.086363911628723145e-01
8.964980840682983398e-01
9.266375899314880371e-01
8.995496630668640137e-01
9.219354391098022461e-01
8.676475286483764648e-01
9.254284501075744629e-01
9.417285323143005371e-01
9.197714924812316895e-01
9.281824231147766113e-01
8.945887684822082520e-01
9.484031796455383301e-01
9.195060729980468750e-01
9.220813512802124023e-01
9.483794569969177246e-01
8.397152423858642578e-01
9.500400424003601074e-01
9.460167884826660156e-01
9.785863757133483887e-01
9.461535215377807617e-01
9.377161264419555664e-01
9.895281195640563965e-01
9.827836751937866211e-01
9.797194004058837891e-01
9.845340847969055176e-01
9.092665314674377441e-01
9.841805100440979004e-01
8.912104964256286621e-01
-9.899900000000000000e+04
9.891799688339233398e-01
9.590614438056945801e-01
9.772769212722778320e-01
8.390583992004394531e-01
9.809485673904418945e-01
9.888752698898315430e-01
9.757275581359863281e-01
9.650677442550659180e-01
8.548265099525451660e-01
9.957545399665832520e-01
9.755157232284545898e-01
-9.899900000000000000e+04
-9.899900000000000000e+04
9.284647703170776367e-01
-9.899900000000000000e+04
-9.899900000000000000e+04
-9.899900000000000000e+04
9.175742268562316895e-01
9.615084528923034668e-01
-9.899900000000000000e+04
-9.899900000000000000e+04
8.633832931518554688e-01
