6.309524774551391602e-01
6.358127593994140625e-01
6.412144899368286133e-01
6.476886868476867676e-01
6.627352833747863770e-01
6.468650102615356445e-01
6.616687774658203125e-01
6.578970551490783691e-01
6.649832725524902344e-01
6.654602885246276855e-01
6.641452312469482422e-01
6.596245169639587402e-01
6.817724108695983887e-01
6.744965314865112305e-01
6.813262104988098145e-01
6.849688887596130371e-01
6.755884289741516113e-01
6.695758104324340820e-01
6.746504306793212891e-01
6.843210458755493164e-01
6.899451017379760742e-01
6.935253143310546875e-01
6.592737436294555664e-01
6.934551596641540527e-01
6.966059207916259766e-01
6.779528260231018066e-01
6.893593072891235352e-01
6.979134678840637207e-01
6.843441128730773926e-01
7.020915746688842773e-01
6.924442052841186523e-01
7.012935280799865723e-01
6.868112683296203613e-01
6.889101266860961914e-01
7.005242109298706055e-01
7.028777599334716797e-01
6.940272450447082520e-01
7.040290236473083496e-01
6.998223662376403809e-01
7.023528814315795898e-01
7.059695124626159668e-01
6.942070722579956055e-01
6.980392336845397949e-01
7.061448693275451660e-01
6.986408829689025879e-01
7.015755772590637207e-01
7.183769941329956055e-01
7.095943689346313477e-01
7.112663984298706055e-01
7.004775404930114746e-01
6.949335336685180664e-01
7.171674370765686035e-01
6.956471204757690430e-01
6.984189748764038086e-01
7.009469866752624512e-01
7.190093398094177246e-01
7.050072550773620605e-01
7.095728516578674316e-01
7.128965258598327637e-01
7.268175482749938965e-01
7.152755260467529297e-01
7.179966568946838379e-01
7.321953177452087402e-01
7.298492193222045898e-01
7.230039834976196289e-01
7.332387566566467285e-01
7.235920429229736328e-01
7.258748412132263184e-01
7.303301095962524414e-01
7.267816662788391113e-01
7.323917746543884277e-01
7.290663123130798340e-01
7.522027492523193359e-01
7.515087127685546875e-01
7.466098070144653320e-01
7.689375281333923340e-01
7.515850663185119629e-01
7.563371062278747559e-01
7.472691535949707031e-01
7.598970532417297363e-01
7.504151463508605957e-01
7.596571445465087891e-01
7.737012505531311035e-01
7.411996126174926758e-01
7.773854732513427734e-01
7.693604230880737305e-01
7.583348751068115234e-01
7.805526852607727051e-01
7.866833209991455078e-01
7.885608077049255371e-01
7.511718869209289551e-01
7.952870130538940430e-01
7.593936324119567871e-01
7.907953262329101562e-01
7.621687650680541992e-01
7.826408743858337402e-01
7.685834765434265137e-01
7.822394371032714844e-01
7.943059802055358887e-01
7.754810452461242676e-01
7.999431490898132324e-01
7.999895811080932617e-01
7.814722657203674316e-01
7.913621664047241211e-01
7.812685966491699219e-01
7.870535850524902344e-01
8.145023584365844727e-01
8.036858439445495605e-01
8.107516765594482422e-01
8.064573407173156738e-01
8.159590363502502441e-01
8.129180073738098145e-01
8.146271705627441406e-01
8.248782753944396973e-01
8.267700076103210449e-01
8.252056241035461426e-01
8.381400108337402344e-01
8.356062173843383789e-01
8.393474817276000977e-01
8.168427944183349609e-01
8.375946283340454102e-01
8.378213047981262207e-01
8.377196192741394043e-01
8.463627696037292480e-01
8.626969456672668457e-01
8.561264276504516602e-01
8.629277348518371582e-01
8.685166835784912109e-01
8.490247130393981934e-01
8.548448085784912109e-01
8.494803905487060547e-01
8.538288474082946777e-01
8.584496974945068359e-01
8.755156993865966797e-01
8.617902398109436035e-01
8.733439445495605469e-01
8.581616282463073730e-01
8.651173710823059082e-01
8.579010367393493652e-01
8.896220922470092773e-01
8.728304505348205566e-01
8.610974550247192383e-01
8.695540428161621094e-01
8.823628425598144531e-01
8.884922862052917480e-01
8.862648010253906250e-01
8.827224969863891602e-01
9.161251187324523926e-01
8.964361548423767090e-01
8.981428742408752441e-01
8.886950016021728516e-01
8.909438848495483398e-01
8.965732455253601074e-01
8.618990182876586914e-01
8.660745620727539062e-01
8.814256787300109863e-01
9.124141931533813477e-01
9.063386321067810059e-01
8.780804872512817383e-01
8.814708590507507324e-01
9.142186045646667480e-01
9.181408882141113281e-01
9.038116931915283203e-01
9.134359359741210938e-01
9.238259196281433105e-01
8.413372039794921875e-01
9.354847669601440430e-01
9.266505837440490723e-01
9.045543074607849121e-01
9.080931544303894043e-01
9.229125976562500000e-01
9.432618618011474609e-01
9.315481781959533691e-01
9.184134602546691895e-01
9.481080770492553711e-01
8.093818426132202148e-01
9.023078680038452148e-01
9.434360265731811523e-01
9.405278563499450684e-01
8.107271194458007812e-01
9.412441253662109375e-01
9.166758656501770020e-01
9.411165714263916016e-01
7.887105345726013184e-01
9.280694127082824707e-01
8.243458271026611328e-01
9.361469149589538574e-01
9.677958488464355469e-01
9.656167030334472656e-01
9.127081632614135742e-01
9.807296395301818848e-01
9.304578900337219238e-01
9.287369847297668457e-01
9.223794341087341309e-01
9.873534440994262695e-01
9.676920771598815918e-01
9.805820584297180176e-01
9.837335944175720215e-01
9.710657000541687012e-01
9.678339958190917969e-01
9.866621494293212891e-01
9.732493758201599121e-01
9.810052514076232910e-01
9.768089652061462402e-01
-9.899900000000000000e+04
9.856018424034118652e-01
-9.899900000000000000e+04
-9.899900000000000000e+04
-9.899900000000000000e+04
-9.899900000000000000e+04
-9.899900000000000000e+04
-9.899900000000000000e+04
-9.899900000000000000e+04
-9.899900000000000000e+04
-9.899900000000000000e+04
9.613195061683654785e-01
-9.899900000000000000e+04
8.417119383811950684e-01
-9.899900000000000000e+04
