6.309524774551391602e-01
6.245424747467041016e-01
6.388311982154846191e-01
6.632860302925109863e-01
6.455930471420288086e-01
6.521380543708801270e-01
6.584378480911254883e-01
6.693965792655944824e-01
6.592803001403808594e-01
6.673698425292968750e-01
6.731992959976196289e-01
6.803489923477172852e-01
6.619938015937805176e-01
6.840402483940124512e-01
6.822105050086975098e-01
6.657047271728515625e-01
6.755884289741516113e-01
6.624777913093566895e-01
6.878952383995056152e-01
6.759077906608581543e-01
6.899451017379760742e-01
6.835260391235351562e-01
6.752519607543945312e-01
6.934555768966674805e-01
6.942873597145080566e-01
6.829102039337158203e-01
7.006487846374511719e-01
6.919270753860473633e-01
6.958838105201721191e-01
6.945591568946838379e-01
6.870552301406860352e-01
6.876907348632812500e-01
6.864610314369201660e-01
7.011776566505432129e-01
6.992788314819335938e-01
6.923815608024597168e-01
7.019261717796325684e-01
6.987879276275634766e-01
7.070650458335876465e-01
7.186087369918823242e-01
7.047944664955139160e-01
6.942774057388305664e-01
7.118106484413146973e-01
7.070455551147460938e-01
6.916375756263732910e-01
7.165562510490417480e-01
7.079245448112487793e-01
7.224788665771484375e-01
7.016896605491638184e-01
7.112483382225036621e-01
7.056709527969360352e-01
7.160090208053588867e-01
7.053192257881164551e-01
7.170565128326416016e-01
7.036412954330444336e-01
6.999611258506774902e-01
7.180125713348388672e-01
7.243336439132690430e-01
7.119798660278320312e-01
7.139648199081420898e-01
7.210355997085571289e-01
7.278877496719360352e-01
7.288601398468017578e-01
7.168213129043579102e-01
7.319332957267761230e-01
7.250550985336303711e-01
7.391199469566345215e-01
7.110050320625305176e-01
7.265939712524414062e-01
7.390030026435852051e-01
7.375816106796264648e-01
7.337225079536437988e-01
7.332628369331359863e-01
7.386297583580017090e-01
7.627350687980651855e-01
7.652965784072875977e-01
7.514020204544067383e-01
7.696510553359985352e-01
7.305920124053955078e-01
7.558900713920593262e-01
7.628480195999145508e-01
7.642999887466430664e-01
7.407476902008056641e-01
7.503483295440673828e-01
7.620792388916015625e-01
7.636612653732299805e-01
7.722452282905578613e-01
7.803599238395690918e-01
7.866923213005065918e-01
7.600490450859069824e-01
7.752012014389038086e-01
7.609860301017761230e-01
7.862105965614318848e-01
7.627060413360595703e-01
7.521745562553405762e-01
7.626103162765502930e-01
7.668637633323669434e-01
7.951390147209167480e-01
7.680259943008422852e-01
8.046271800994873047e-01
8.020449280738830566e-01
7.910721898078918457e-01
7.727829813957214355e-01
7.902733087539672852e-01
7.747359871864318848e-01
7.815756201744079590e-01
7.981495261192321777e-01
8.023835420608520508e-01
7.831132411956787109e-01
8.140293359756469727e-01
8.044156432151794434e-01
8.185050487518310547e-01
8.282743692398071289e-01
7.846224904060363770e-01
8.329658508300781250e-01
8.296080827713012695e-01
8.152120709419250488e-01
8.201984167098999023e-01
8.345842957496643066e-01
8.518575429916381836e-01
8.512144684791564941e-01
8.353283405303955078e-01
8.516273498535156250e-01
8.500773906707763672e-01
8.453290462493896484e-01
8.520169854164123535e-01
8.001841306686401367e-01
8.567198514938354492e-01
8.479633927345275879e-01
8.569273352622985840e-01
8.562709093093872070e-01
8.628691434860229492e-01
8.706699013710021973e-01
8.653475046157836914e-01
8.945452570915222168e-01
8.756957054138183594e-01
8.645142316818237305e-01
7.583411931991577148e-01
8.802049160003662109e-01
8.855434656143188477e-01
8.910337686538696289e-01
8.820480108261108398e-01
8.871130347251892090e-01
8.830310106277465820e-01
9.019576311111450195e-01
8.836863040924072266e-01
8.920542597770690918e-01
8.902348279953002930e-01
8.965315222740173340e-01
9.037788510322570801e-01
8.936756253242492676e-01
8.862562179565429688e-01
9.003043770790100098e-01
8.854649066925048828e-01
9.025166630744934082e-01
9.098646044731140137e-01
9.036568403244018555e-01
8.933148980140686035e-01
8.845258951187133789e-01
9.108522534370422363e-01
9.242699742317199707e-01
8.660054206848144531e-01
9.124354720115661621e-01
9.133863449096679688e-01
9.234851002693176270e-01
9.263321161270141602e-01
9.251989722251892090e-01
9.256702065467834473e-01
9.220102429389953613e-01
9.259756207466125488e-01
8.075686693191528320e-01
9.297443628311157227e-01
9.411009550094604492e-01
9.039558768272399902e-01
9.246293902397155762e-01
9.340014457702636719e-01
8.387856483459472656e-01
9.143406748771667480e-01
9.397280216217041016e-01
8.624952435493469238e-01
9.383085370063781738e-01
9.528605341911315918e-01
9.596467614173889160e-01
9.313776493072509766e-01
9.357807040214538574e-01
9.030498862266540527e-01
8.753246665000915527e-01
9.112521409988403320e-01
8.211290240287780762e-01
9.776574969291687012e-01
9.568558931350708008e-01
9.800397753715515137e-01
9.509069919586181641e-01
9.823345541954040527e-01
9.679728746414184570e-01
9.659134149551391602e-01
9.713115692138671875e-01
9.637027382850646973e-01
9.556359648704528809e-01
9.452522397041320801e-01
9.723672270774841309e-01
9.864069223403930664e-01
9.826920628547668457e-01
9.650216698646545410e-01
-9.899900000000000000e+04
9.768791794776916504e-01
9.832018613815307617e-01
-9.899900000000000000e+04
-9.899900000000000000e+04
9.969442486763000488e-01
-9.899900000000000000e+04
9.678819775581359863e-01
-9.899900000000000000e+04
9.759442806243896484e-01
9.658191800117492676e-01
-9.899900000000000000e+04
-9.899900000000000000e+04
-9.899900000000000000e+04
-9.899900000000000000e+04
-9.899900000000000000e+04
-9.899900000000000000e+04
