6.225892305374145508e-01
6.358127593994140625e-01
6.407510042190551758e-01
6.595162153244018555e-01
6.470496654510498047e-01
6.481469869613647461e-01
6.666500568389892578e-01
6.678663492202758789e-01
6.592803001403808594e-01
6.793448328971862793e-01
6.752379536628723145e-01
6.566753387451171875e-01
6.817724108695983887e-01
6.772983670234680176e-01
6.669101715087890625e-01
6.734188199043273926e-01
6.741776466369628906e-01
6.863613128662109375e-01
6.701426506042480469e-01
6.838296055793762207e-01
6.890597343444824219e-01
6.750268340110778809e-01
6.765956282615661621e-01
6.934551596641540527e-01
6.966059207916259766e-01
6.994273066520690918e-01
7.023404836654663086e-01
7.043316960334777832e-01
6.911430954933166504e-01
6.925091743469238281e-01
6.808701157569885254e-01
6.891896724700927734e-01
7.127491235733032227e-01
7.016736865043640137e-01
6.884192824363708496e-01
7.028777599334716797e-01
6.989961266517639160e-01
6.980213522911071777e-01
6.819055676460266113e-01
7.161822319030761719e-01
7.095009684562683105e-01
7.137159109115600586e-01
6.981854438781738281e-01
7.024664878845214844e-01
7.063022255897521973e-01
7.008678317070007324e-01
7.149985432624816895e-01
6.962689757347106934e-01
7.131100296974182129e-01
6.967516541481018066e-01
6.947311758995056152e-01
7.005429267883300781e-01
6.959233283996582031e-01
7.158775329589843750e-01
7.193765640258789062e-01
7.069762349128723145e-01
7.224249839782714844e-01
7.026931643486022949e-01
7.302365899085998535e-01
7.019986510276794434e-01
7.219216227531433105e-01
7.334613204002380371e-01
7.312351465225219727e-01
7.289689183235168457e-01
7.229338884353637695e-01
7.367979288101196289e-01
7.329591512680053711e-01
7.274724245071411133e-01
7.356063127517700195e-01
7.097201943397521973e-01
7.429098486900329590e-01
7.300109863281250000e-01
7.511284947395324707e-01
7.526154518127441406e-01
7.567223906517028809e-01
7.455826401710510254e-01
7.380108237266540527e-01
7.471160292625427246e-01
7.467150688171386719e-01
7.567757368087768555e-01
7.592875957489013672e-01
7.701914906501770020e-01
7.742552757263183594e-01
7.657003402709960938e-01
7.669041156768798828e-01
7.779595255851745605e-01
7.847416996955871582e-01
7.744718790054321289e-01
7.684562802314758301e-01
7.909888625144958496e-01
7.695876955986022949e-01
7.585646510124206543e-01
7.624742388725280762e-01
7.590711116790771484e-01
7.668480277061462402e-01
7.970028519630432129e-01
7.506973743438720703e-01
7.518019080162048340e-01
7.858493924140930176e-01
7.926055788993835449e-01
7.826486825942993164e-01
8.038981556892395020e-01
7.947034239768981934e-01
7.806689739227294922e-01
8.002653717994689941e-01
8.005030155181884766e-01
8.154684305191040039e-01
8.116535544395446777e-01
8.072203397750854492e-01
8.004838228225708008e-01
8.190311193466186523e-01
8.131325244903564453e-01
8.208754658699035645e-01
7.697333693504333496e-01
8.026771545410156250e-01
7.876989841461181641e-01
8.255014419555664062e-01
8.419255018234252930e-01
8.227989077568054199e-01
8.467617630958557129e-01
8.498858213424682617e-01
8.382670283317565918e-01
8.471748828887939453e-01
8.402571678161621094e-01
8.517685532569885254e-01
8.369597196578979492e-01
8.498231172561645508e-01
8.590583205223083496e-01
8.433424830436706543e-01
8.547121286392211914e-01
8.654996156692504883e-01
8.548041582107543945e-01
8.713629245758056641e-01
8.517141342163085938e-01
8.706904649734497070e-01
8.747885823249816895e-01
8.614646792411804199e-01
8.682386279106140137e-01
8.735714554786682129e-01
8.863818049430847168e-01
8.799512982368469238e-01
8.744296431541442871e-01
8.816550970077514648e-01
8.856446743011474609e-01
8.954196572303771973e-01
7.902455925941467285e-01
8.800365924835205078e-01
9.017437100410461426e-01
8.959308862686157227e-01
7.646154761314392090e-01
8.889995217323303223e-01
8.773698806762695312e-01
9.176717400550842285e-01
9.077969193458557129e-01
8.781099319458007812e-01
8.954027891159057617e-01
9.234473109245300293e-01
8.990609645843505859e-01
9.085810780525207520e-01
9.054471254348754883e-01
8.990625143051147461e-01
9.067088365554809570e-01
9.127103686332702637e-01
8.707267045974731445e-01
9.082702398300170898e-01
9.248186945915222168e-01
9.076677560806274414e-01
9.146185517311096191e-01
8.511422872543334961e-01
9.383145570755004883e-01
9.262619018554687500e-01
9.349089860916137695e-01
8.643936514854431152e-01
9.369837045669555664e-01
9.352845549583435059e-01
8.926545381546020508e-01
9.352363348007202148e-01
9.198645949363708496e-01
9.073673486709594727e-01
9.059242606163024902e-01
9.326171278953552246e-01
9.507569074630737305e-01
9.493713378906250000e-01
9.511414766311645508e-01
9.684926867485046387e-01
9.650030136108398438e-01
9.802060723304748535e-01
9.710545539855957031e-01
9.525313973426818848e-01
9.684209227561950684e-01
-9.899900000000000000e+04
9.776098132133483887e-01
8.447986841201782227e-01
-9.899900000000000000e+04
9.315536618232727051e-01
8.525885343551635742e-01
9.465266466140747070e-01
1.000812888145446777e+00
9.675238728523254395e-01
9.693388938903808594e-01
9.547708034515380859e-01
9.422391057014465332e-01
9.742115139961242676e-01
9.908857345581054688e-01
1.000967383384704590e+00
1.008957743644714355e+00
1.002113699913024902e+00
9.496828913688659668e-01
-9.899900000000000000e+04
-9.899900000000000000e+04
-9.899900000000000000e+04
-9.899900000000000000e+04
-9.899900000000000000e+04
-9.899900000000000000e+04
-9.899900000000000000e+04
-9.899900000000000000e+04
-9.899900000000000000e+04
-9.899900000000000000e+04
-9.899900000000000000e+04
-9.899900000000000000e+04
-9.899900000000000000e+04
-9.899900000000000000e+04
-9.899900000000000000e+04
-9.899900000000000000e+04
-9.899900000000000000e+04
