6.309524774551391602e-01
6.517849564552307129e-01
6.402796506881713867e-01
6.632860302925109863e-01
6.476992368698120117e-01
6.639208197593688965e-01
6.616687774658203125e-01
6.602364182472229004e-01
6.604414582252502441e-01
6.793448328971862793e-01
6.752379536628723145e-01
6.782299280166625977e-01
6.817724108695983887e-01
6.584621667861938477e-01
6.675803661346435547e-01
6.695431470870971680e-01
6.809154748916625977e-01
6.668570041656494141e-01
6.890469193458557129e-01
6.843210458755493164e-01
6.739029288291931152e-01
6.641519665718078613e-01
6.747049689292907715e-01
6.934555768966674805e-01
6.966059207916259766e-01
6.966674327850341797e-01
7.027961015701293945e-01
6.838133931159973145e-01
6.861440539360046387e-01
6.935788989067077637e-01
6.852568984031677246e-01
6.960346102714538574e-01
6.906363368034362793e-01
6.887894272804260254e-01
7.008225321769714355e-01
6.957734823226928711e-01
6.989961266517639160e-01
7.011755108833312988e-01
7.061207890510559082e-01
7.048935294151306152e-01
7.174431085586547852e-01
6.980413198471069336e-01
7.139793038368225098e-01
7.122208476066589355e-01
7.032299637794494629e-01
7.155970335006713867e-01
7.120623588562011719e-01
7.108831405639648438e-01
7.070680260658264160e-01
6.952648758888244629e-01
7.039249539375305176e-01
7.100632786750793457e-01
7.136436700820922852e-01
7.205649018287658691e-01
7.194386720657348633e-01
7.125942707061767578e-01
7.111620306968688965e-01
7.123023271560668945e-01
6.893517374992370605e-01
7.163764834403991699e-01
7.285813689231872559e-01
7.211186885833740234e-01
7.195438742637634277e-01
7.321069836616516113e-01
7.314251661300659180e-01
7.229537963867187500e-01
7.375347018241882324e-01
7.360616326332092285e-01
7.400708198547363281e-01
7.425865530967712402e-01
7.404139041900634766e-01
7.063602209091186523e-01
7.374260425567626953e-01
7.485536336898803711e-01
7.529612779617309570e-01
7.615019083023071289e-01
7.309423089027404785e-01
7.304210662841796875e-01
7.634360790252685547e-01
7.597438097000122070e-01
7.610823512077331543e-01
7.526754140853881836e-01
7.506937384605407715e-01
7.172716259956359863e-01
7.664543390274047852e-01
7.808239459991455078e-01
7.856568098068237305e-01
7.478803396224975586e-01
7.627370357513427734e-01
7.497061491012573242e-01
7.942770719528198242e-01
7.373085021972656250e-01
7.776374220848083496e-01
7.575952410697937012e-01
7.862021923065185547e-01
8.093826770782470703e-01
7.665826082229614258e-01
7.930905222892761230e-01
7.827138900756835938e-01
7.713267207145690918e-01
7.973973751068115234e-01
7.868961095809936523e-01
7.690343260765075684e-01
7.607732415199279785e-01
8.070921897888183594e-01
8.031820058822631836e-01
8.098550438880920410e-01
8.111953735351562500e-01
8.183289766311645508e-01
7.977186441421508789e-01
8.245562911033630371e-01
8.013329505920410156e-01
8.163931369781494141e-01
8.084222078323364258e-01
8.062952160835266113e-01
8.168602585792541504e-01
8.314998149871826172e-01
8.211428523063659668e-01
8.366659879684448242e-01
8.548399209976196289e-01
8.410138487815856934e-01
8.606958389282226562e-01
8.259559273719787598e-01
8.328734040260314941e-01
8.563472628593444824e-01
8.345695137977600098e-01
8.577932119369506836e-01
8.497203588485717773e-01
8.331303596496582031e-01
8.616732358932495117e-01
8.534817099571228027e-01
8.478862047195434570e-01
8.749322891235351562e-01
8.561222553253173828e-01
8.906715512275695801e-01
8.662776350975036621e-01
8.380720019340515137e-01
8.779640793800354004e-01
8.636184930801391602e-01
8.749952912330627441e-01
8.852254748344421387e-01
8.833905458450317383e-01
8.795987367630004883e-01
8.900740146636962891e-01
8.827774524688720703e-01
8.836954832077026367e-01
8.938838839530944824e-01
8.942996263504028320e-01
8.972499966621398926e-01
8.773595094680786133e-01
8.785665631294250488e-01
8.767831921577453613e-01
8.742132782936096191e-01
9.131535291671752930e-01
8.741284608840942383e-01
8.932260274887084961e-01
9.062644243240356445e-01
9.197938442230224609e-01
8.993290066719055176e-01
9.103352427482604980e-01
9.279296994209289551e-01
9.127259254455566406e-01
9.115652441978454590e-01
9.210277199745178223e-01
8.693396449089050293e-01
8.856775760650634766e-01
9.023614525794982910e-01
8.969634771347045898e-01
7.650696635246276855e-01
9.304309487342834473e-01
9.081598520278930664e-01
9.326030611991882324e-01
9.250577688217163086e-01
8.019058108329772949e-01
8.864299654960632324e-01
8.960101604461669922e-01
9.182149171829223633e-01
9.495621919631958008e-01
9.488024115562438965e-01
9.303779006004333496e-01
9.690675139427185059e-01
9.340435266494750977e-01
9.426283240318298340e-01
9.100698232650756836e-01
9.572842121124267578e-01
9.568369984626770020e-01
9.746481776237487793e-01
9.476887583732604980e-01
9.639299511909484863e-01
9.444735050201416016e-01
9.776409864425659180e-01
9.492752552032470703e-01
9.843572974205017090e-01
9.841190576553344727e-01
9.626711606979370117e-01
9.592124223709106445e-01
9.299276471138000488e-01
9.457371830940246582e-01
8.113538026809692383e-01
9.573966264724731445e-01
9.001730084419250488e-01
-9.899900000000000000e+04
9.588476419448852539e-01
9.346235990524291992e-01
9.645919203758239746e-01
