6.291534900665283203e-01
6.358127593994140625e-01
6.388311982154846191e-01
6.632860302925109863e-01
6.476992368698120117e-01
6.518133878707885742e-01
6.616687774658203125e-01
6.693965792655944824e-01
6.795113086700439453e-01
6.793448328971862793e-01
6.752379536628723145e-01
6.790804862976074219e-01
6.684089899063110352e-01
6.546568870544433594e-01
6.808091402053833008e-01
6.893771290779113770e-01
6.809154748916625977e-01
6.673178076744079590e-01
6.680296063423156738e-01
6.806299686431884766e-01
6.826136112213134766e-01
6.759751439094543457e-01
6.763271093368530273e-01
6.878223419189453125e-01
7.024981975555419922e-01
6.901190876960754395e-01
6.933497786521911621e-01
7.040958404541015625e-01
6.742102503776550293e-01
7.057719230651855469e-01
6.986398696899414062e-01
6.847347617149353027e-01
7.071722745895385742e-01
6.941862106323242188e-01
6.906443834304809570e-01
6.926264762878417969e-01
6.945686936378479004e-01
6.968074440956115723e-01
7.011813521385192871e-01
7.053827047348022461e-01
7.064490318298339844e-01
7.122882604598999023e-01
7.090473771095275879e-01
7.110808491706848145e-01
7.017863988876342773e-01
7.056640982627868652e-01
6.897857785224914551e-01
6.915974020957946777e-01
6.942045688629150391e-01
7.043901681900024414e-01
7.174091935157775879e-01
7.163953781127929688e-01
7.138958573341369629e-01
7.091761827468872070e-01
7.197150588035583496e-01
7.198395729064941406e-01
7.080494761466979980e-01
7.234307527542114258e-01
7.276679277420043945e-01
6.992862224578857422e-01
7.157201766967773438e-01
7.253696918487548828e-01
7.347116470336914062e-01
7.316473126411437988e-01
7.153487801551818848e-01
7.172016501426696777e-01
7.212746739387512207e-01
7.255131602287292480e-01
7.398787140846252441e-01
7.253763675689697266e-01
7.439228892326354980e-01
7.520170807838439941e-01
7.422327399253845215e-01
7.277752757072448730e-01
7.489738464355468750e-01
7.359656691551208496e-01
7.485304474830627441e-01
7.546394467353820801e-01
7.312062382698059082e-01
7.599651813507080078e-01
7.373931407928466797e-01
7.501026391983032227e-01
7.587910294532775879e-01
7.778987884521484375e-01
7.613272070884704590e-01
7.121906280517578125e-01
7.754567265510559082e-01
7.702224254608154297e-01
7.827454805374145508e-01
7.854607105255126953e-01
7.703705430030822754e-01
7.804799079895019531e-01
7.809836864471435547e-01
7.831155657768249512e-01
7.404692769050598145e-01
7.953630089759826660e-01
7.869203090667724609e-01
7.733086943626403809e-01
7.887207269668579102e-01
7.776642441749572754e-01
7.877234220504760742e-01
7.826151847839355469e-01
7.940623760223388672e-01
8.127611279487609863e-01
7.824772000312805176e-01
8.066106438636779785e-01
7.985720634460449219e-01
8.097575902938842773e-01
7.911348938941955566e-01
7.748509645462036133e-01
8.070797920227050781e-01
8.074689507484436035e-01
7.855482697486877441e-01
8.172594904899597168e-01
7.991267442703247070e-01
8.232543468475341797e-01
8.306349515914916992e-01
8.216947913169860840e-01
8.391819596290588379e-01
8.546937108039855957e-01
8.442842364311218262e-01
8.478861451148986816e-01
8.205423951148986816e-01
8.626856803894042969e-01
8.541167378425598145e-01
8.589124679565429688e-01
8.473638892173767090e-01
8.621842861175537109e-01
8.753519654273986816e-01
8.390927910804748535e-01
8.700468540191650391e-01
8.693116903305053711e-01
8.577378392219543457e-01
8.643329739570617676e-01
8.680672645568847656e-01
8.752062916755676270e-01
8.224999308586120605e-01
8.478732705116271973e-01
8.791906237602233887e-01
7.678411006927490234e-01
8.767520189285278320e-01
8.730427622795104980e-01
8.891130685806274414e-01
8.814716935157775879e-01
8.883020281791687012e-01
8.935832977294921875e-01
9.007109999656677246e-01
8.919635415077209473e-01
8.694584965705871582e-01
8.843324780464172363e-01
9.161683320999145508e-01
9.070721864700317383e-01
8.393531441688537598e-01
8.689319491386413574e-01
9.171897768974304199e-01
8.559028506278991699e-01
9.003314971923828125e-01
8.708043098449707031e-01
9.070785045623779297e-01
9.207707047462463379e-01
8.412219285964965820e-01
9.243941903114318848e-01
9.021797180175781250e-01
8.955612778663635254e-01
8.986148834228515625e-01
8.869642019271850586e-01
9.088532328605651855e-01
9.343644380569458008e-01
9.296205639839172363e-01
9.279348254203796387e-01
8.580562472343444824e-01
9.345536828041076660e-01
9.125161767005920410e-01
9.394053816795349121e-01
9.166771769523620605e-01
9.395050406455993652e-01
7.713938355445861816e-01
9.278815984725952148e-01
9.110396504402160645e-01
8.915438652038574219e-01
8.108214139938354492e-01
8.084990382194519043e-01
9.692835807800292969e-01
9.376868009567260742e-01
9.398866891860961914e-01
9.666066765785217285e-01
9.618942737579345703e-01
8.982959985733032227e-01
9.809538125991821289e-01
9.062307476997375488e-01
9.656608104705810547e-01
9.371199607849121094e-01
9.643636941909790039e-01
9.666572809219360352e-01
9.278688430786132812e-01
9.660995602607727051e-01
9.551541805267333984e-01
9.660153388977050781e-01
1.004873871803283691e+00
9.696571230888366699e-01
8.504967689514160156e-01
9.565559029579162598e-01
9.839549660682678223e-01
