6.291534900665283203e-01
6.358127593994140625e-01
6.562239527702331543e-01
6.632860302925109863e-01
6.470496654510498047e-01
6.493827104568481445e-01
6.616687774658203125e-01
6.749265789985656738e-01
6.723071336746215820e-01
6.704614162445068359e-01
6.664795279502868652e-01
6.614516377449035645e-01
6.746912598609924316e-01
6.772983670234680176e-01
6.811007857322692871e-01
6.805133223533630371e-01
6.773794889450073242e-01
6.743230819702148438e-01
6.717495918273925781e-01
6.850000023841857910e-01
6.742619872093200684e-01
6.746621131896972656e-01
6.592737436294555664e-01
7.045492529869079590e-01
6.912087798118591309e-01
6.877799630165100098e-01
7.030092477798461914e-01
6.890015006065368652e-01
6.958838105201721191e-01
7.051772475242614746e-01
6.808541417121887207e-01
6.976284980773925781e-01
7.012112736701965332e-01
6.902403831481933594e-01
6.898364424705505371e-01
6.951146125793457031e-01
7.008129358291625977e-01
7.046499252319335938e-01
7.084416747093200684e-01
7.090377211570739746e-01
7.071377635002136230e-01
6.954171061515808105e-01
7.048807144165039062e-01
7.035827040672302246e-01
7.036687135696411133e-01
7.114066481590270996e-01
6.912939548492431641e-01
6.958105564117431641e-01
7.132192850112915039e-01
7.087876200675964355e-01
7.152180075645446777e-01
7.071183919906616211e-01
7.218593358993530273e-01
7.157767415046691895e-01
7.163344621658325195e-01
7.028087973594665527e-01
7.203000187873840332e-01
7.218779921531677246e-01
7.145268321037292480e-01
7.274318933486938477e-01
7.154378890991210938e-01
7.066389918327331543e-01
7.282102108001708984e-01
7.321007251739501953e-01
7.074517607688903809e-01
7.363649010658264160e-01
7.394512295722961426e-01
7.360239028930664062e-01
7.422000765800476074e-01
7.171379923820495605e-01
7.263544201850891113e-01
7.356209158897399902e-01
7.512772679328918457e-01
7.389080524444580078e-01
7.589582204818725586e-01
7.280374765396118164e-01
7.619612216949462891e-01
7.340213060379028320e-01
7.498045563697814941e-01
7.429673075675964355e-01
7.404478788375854492e-01
7.497085332870483398e-01
7.537916898727416992e-01
7.757123112678527832e-01
7.312195301055908203e-01
7.776778936386108398e-01
7.523697018623352051e-01
7.914200425148010254e-01
7.717733383178710938e-01
7.753221392631530762e-01
7.881026268005371094e-01
7.889925837516784668e-01
7.745289802551269531e-01
7.790713310241699219e-01
7.853631973266601562e-01
7.795230150222778320e-01
7.889943718910217285e-01
8.009721636772155762e-01
7.834051251411437988e-01
7.544665932655334473e-01
7.699828743934631348e-01
7.740564346313476562e-01
7.923108935356140137e-01
7.893557548522949219e-01
8.049475550651550293e-01
8.147983551025390625e-01
8.101305365562438965e-01
8.187047243118286133e-01
7.942680716514587402e-01
8.112459182739257812e-01
7.798261046409606934e-01
8.121896386146545410e-01
8.082754611968994141e-01
8.123211860656738281e-01
8.029605746269226074e-01
8.352547883987426758e-01
8.439322113990783691e-01
8.265041708946228027e-01
8.295394778251647949e-01
8.195761442184448242e-01
8.394318222999572754e-01
8.380470275878906250e-01
8.549681305885314941e-01
8.555712103843688965e-01
8.596072196960449219e-01
8.448047041893005371e-01
8.649297356605529785e-01
8.624994754791259766e-01
8.635102510452270508e-01
8.394703865051269531e-01
8.675743341445922852e-01
8.767133951187133789e-01
8.443833589553833008e-01
8.446864485740661621e-01
8.673794269561767578e-01
8.747761845588684082e-01
8.834634423255920410e-01
8.405303359031677246e-01
8.775382637977600098e-01
8.768007755279541016e-01
8.528498411178588867e-01
8.617678880691528320e-01
8.785763978958129883e-01
8.888882994651794434e-01
8.530765771865844727e-01
8.895999789237976074e-01
8.870593309402465820e-01
9.070093035697937012e-01
8.888765573501586914e-01
8.907958865165710449e-01
8.789315819740295410e-01
8.896769285202026367e-01
8.981488943099975586e-01
8.824183344841003418e-01
9.119124412536621094e-01
9.099002480506896973e-01
8.395694494247436523e-01
8.980585336685180664e-01
8.619493842124938965e-01
8.603467941284179688e-01
9.108610153198242188e-01
8.594128489494323730e-01
9.218822717666625977e-01
8.350304365158081055e-01
9.212449193000793457e-01
9.247356057167053223e-01
9.280019998550415039e-01
9.138693213462829590e-01
9.292234778404235840e-01
7.915014028549194336e-01
8.538464307785034180e-01
9.189620018005371094e-01
9.114226102828979492e-01
9.091037511825561523e-01
9.400278925895690918e-01
9.518253207206726074e-01
8.977439403533935547e-01
9.216801524162292480e-01
9.210577011108398438e-01
9.234285950660705566e-01
9.530805945396423340e-01
7.763434052467346191e-01
9.564819931983947754e-01
9.369330406188964844e-01
9.681240320205688477e-01
9.768255352973937988e-01
9.703256487846374512e-01
9.240394234657287598e-01
9.621726274490356445e-01
9.710431098937988281e-01
9.615147113800048828e-01
9.801096320152282715e-01
9.702202081680297852e-01
9.609051942825317383e-01
9.556961655616760254e-01
9.563760161399841309e-01
9.912890195846557617e-01
9.856320023536682129e-01
9.863266944885253906e-01
9.010731577873229980e-01
