6.291534900665283203e-01
6.517849564552307129e-01
6.402796506881713867e-01
6.632860302925109863e-01
6.617763042449951172e-01
6.656777262687683105e-01
6.616687774658203125e-01
6.678663492202758789e-01
6.734914183616638184e-01
6.654602885246276855e-01
6.664795279502868652e-01
6.596245169639587402e-01
6.817724108695983887e-01
6.657763719558715820e-01
6.808091402053833008e-01
6.849688887596130371e-01
6.741776466369628906e-01
6.744850873947143555e-01
6.763575077056884766e-01
6.808509826660156250e-01
6.662126183509826660e-01
6.759751439094543457e-01
6.810171008110046387e-01
6.934555768966674805e-01
6.966059207916259766e-01
7.004000544548034668e-01
6.891257762908935547e-01
6.993896961212158203e-01
6.996704936027526855e-01
6.932346820831298828e-01
6.999942660331726074e-01
6.917779445648193359e-01
6.936291456222534180e-01
6.912381052970886230e-01
6.906630992889404297e-01
6.987829208374023438e-01
7.019261717796325684e-01
6.986222863197326660e-01
7.086678743362426758e-01
7.165950536727905273e-01
7.046907544136047363e-01
7.130564451217651367e-01
6.973953247070312500e-01
6.947516202926635742e-01
6.946889162063598633e-01
7.029966711997985840e-01
7.014923691749572754e-01
7.075992226600646973e-01
7.048327326774597168e-01
7.082765102386474609e-01
7.118843793869018555e-01
7.206586003303527832e-01
6.995912194252014160e-01
7.046256065368652344e-01
7.075939774513244629e-01
7.198322415351867676e-01
7.197129130363464355e-01
7.132167220115661621e-01
7.270508408546447754e-01
7.332615852355957031e-01
7.252053618431091309e-01
7.343379259109497070e-01
7.152874469757080078e-01
7.106202244758605957e-01
7.202318906784057617e-01
7.378665804862976074e-01
7.184150815010070801e-01
7.257704138755798340e-01
7.417146563529968262e-01
7.438467144966125488e-01
7.303660511970520020e-01
7.277765870094299316e-01
7.285268902778625488e-01
7.580935359001159668e-01
7.529187202453613281e-01
7.555122971534729004e-01
7.558291554450988770e-01
7.252416610717773438e-01
7.421824336051940918e-01
7.295436263084411621e-01
7.564492225646972656e-01
7.613568305969238281e-01
7.723887562751770020e-01
7.553605437278747559e-01
7.746351957321166992e-01
7.340056300163269043e-01
7.843973636627197266e-01
7.636509537696838379e-01
7.662221193313598633e-01
7.818502783775329590e-01
7.862688899040222168e-01
7.761873006820678711e-01
7.653587460517883301e-01
7.823138236999511719e-01
7.928015589714050293e-01
7.790570855140686035e-01
8.057532906532287598e-01
7.988461852073669434e-01
7.410167455673217773e-01
7.959261536598205566e-01
7.995452284812927246e-01
7.552394270896911621e-01
8.016820549964904785e-01
7.971288561820983887e-01
7.775203585624694824e-01
8.036552071571350098e-01
7.986122965812683105e-01
8.074318766593933105e-01
7.911527752876281738e-01
8.226809501647949219e-01
8.240792155265808105e-01
8.179966211318969727e-01
7.976620793342590332e-01
8.058347105979919434e-01
8.314406871795654297e-01
7.998676896095275879e-01
8.215079903602600098e-01
8.221001029014587402e-01
8.171688318252563477e-01
8.377822041511535645e-01
8.418907523155212402e-01
8.342158198356628418e-01
8.454579114913940430e-01
8.411774039268493652e-01
8.557222485542297363e-01
8.282194137573242188e-01
8.692013621330261230e-01
8.562893271446228027e-01
8.532028198242187500e-01
8.540082573890686035e-01
8.577743172645568848e-01
8.567082881927490234e-01
8.702730536460876465e-01
8.674880862236022949e-01
8.801265358924865723e-01
8.689613938331604004e-01
8.829421401023864746e-01
8.723372817039489746e-01
8.750151991844177246e-01
8.761928081512451172e-01
8.747035264968872070e-01
8.599827289581298828e-01
8.783354759216308594e-01
8.799014687538146973e-01
8.808830976486206055e-01
9.006738662719726562e-01
8.876738548278808594e-01
8.825714588165283203e-01
8.767736554145812988e-01
9.005730152130126953e-01
8.854856491088867188e-01
8.825836181640625000e-01
8.715282678604125977e-01
8.841444253921508789e-01
8.995741009712219238e-01
8.739356994628906250e-01
9.040627479553222656e-01
9.052940607070922852e-01
8.949913382530212402e-01
9.144570231437683105e-01
8.803653717041015625e-01
9.027281999588012695e-01
7.988497614860534668e-01
9.167914986610412598e-01
9.232932329177856445e-01
9.329448342323303223e-01
9.174748063087463379e-01
9.421002268791198730e-01
9.239079952239990234e-01
9.253548383712768555e-01
9.232256412506103516e-01
9.368971586227416992e-01
8.313244581222534180e-01
9.095754623413085938e-01
8.825262188911437988e-01
9.264287948608398438e-01
9.387972950935363770e-01
9.069229960441589355e-01
8.883187770843505859e-01
9.339087009429931641e-01
9.524902105331420898e-01
9.260022044181823730e-01
8.236292004585266113e-01
9.579905271530151367e-01
9.488954544067382812e-01
9.364181160926818848e-01
9.415430426597595215e-01
9.434049725532531738e-01
9.534119367599487305e-01
9.597446322441101074e-01
9.850696921348571777e-01
9.912121891975402832e-01
9.203245043754577637e-01
9.826580286026000977e-01
9.773275256156921387e-01
9.882491827011108398e-01
9.847341179847717285e-01
9.684426784515380859e-01
9.772419333457946777e-01
8.677293658256530762e-01
9.949533343315124512e-01
9.894169569015502930e-01
9.754071235656738281e-01
-9.899900000000000000e+04
-9.899900000000000000e+04
-9.899900000000000000e+04
9.572566151618957520e-01
9.781418442726135254e-01
9.669634699821472168e-01
8.851498365402221680e-01
-9.899900000000000000e+04
9.760233163833618164e-01
-9.899900000000000000e+04
9.730433821678161621e-01
-9.899900000000000000e+04
7.635311484336853027e-01
-9.899900000000000000e+04
-9.899900000000000000e+04
-9.899900000000000000e+04
-9.899900000000000000e+04
8.204712867736816406e-01
-9.899900000000000000e+04
8.708851933479309082e-01
9.889658689498901367e-01
-9.899900000000000000e+04
-9.899900000000000000e+04
9.398607015609741211e-01
-9.899900000000000000e+04
-9.899900000000000000e+04
-9.899900000000000000e+04
-9.899900000000000000e+04
