6.461329460144042969e-01
6.358127593994140625e-01
6.406359076499938965e-01
6.632860302925109863e-01
6.627352833747863770e-01
6.493827104568481445e-01
6.686866879463195801e-01
6.678663492202758789e-01
6.592803001403808594e-01
6.673698425292968750e-01
6.664795279502868652e-01
6.803489923477172852e-01
6.633976101875305176e-01
6.744965314865112305e-01
6.822105050086975098e-01
6.690617203712463379e-01
6.788036823272705078e-01
6.743230819702148438e-01
6.732835769653320312e-01
6.843210458755493164e-01
6.768352389335632324e-01
6.801605224609375000e-01
6.759938597679138184e-01
6.799573302268981934e-01
7.024981975555419922e-01
6.890242099761962891e-01
6.914618611335754395e-01
6.987124085426330566e-01
6.843441128730773926e-01
7.090559601783752441e-01
6.839743852615356445e-01
6.823578476905822754e-01
6.722912192344665527e-01
6.898482441902160645e-01
6.934235692024230957e-01
7.028777599334716797e-01
7.078422904014587402e-01
6.983587145805358887e-01
7.084416747093200684e-01
6.971325874328613281e-01
7.080223560333251953e-01
6.910412311553955078e-01
7.037900090217590332e-01
7.046236395835876465e-01
6.979450583457946777e-01
7.032963037490844727e-01
7.011703252792358398e-01
7.004750370979309082e-01
7.189380526542663574e-01
7.178162932395935059e-01
7.104158997535705566e-01
7.127000093460083008e-01
7.041702866554260254e-01
7.061913609504699707e-01
7.235637307167053223e-01
7.111309766769409180e-01
7.076331377029418945e-01
7.095047235488891602e-01
7.301841378211975098e-01
7.137141227722167969e-01
7.110164761543273926e-01
7.339566349983215332e-01
7.140361070632934570e-01
7.259184718132019043e-01
7.066189050674438477e-01
7.308720946311950684e-01
7.197613120079040527e-01
7.334764599800109863e-01
7.358875870704650879e-01
7.263303995132446289e-01
7.421985268592834473e-01
7.509168386459350586e-01
7.265448570251464844e-01
7.271731495857238770e-01
7.498347163200378418e-01
7.419424057006835938e-01
7.400143742561340332e-01
7.452869415283203125e-01
7.324654459953308105e-01
7.406659722328186035e-01
7.372463941574096680e-01
7.553699016571044922e-01
7.580774426460266113e-01
7.714575529098510742e-01
7.524582147598266602e-01
7.794370651245117188e-01
7.810785770416259766e-01
7.572014927864074707e-01
7.473066449165344238e-01
7.856442928314208984e-01
7.777687907218933105e-01
7.591366767883300781e-01
8.015598058700561523e-01
8.001844882965087891e-01
7.764840126037597656e-01
7.459719181060791016e-01
7.712773680686950684e-01
7.617852687835693359e-01
7.911965847015380859e-01
7.649487853050231934e-01
7.930874824523925781e-01
8.055129647254943848e-01
7.948745489120483398e-01
7.970776557922363281e-01
8.038102984428405762e-01
8.016935586929321289e-01
8.040155768394470215e-01
8.185186386108398438e-01
7.712333202362060547e-01
8.045185208320617676e-01
7.980753183364868164e-01
7.981545925140380859e-01
8.037985563278198242e-01
8.129181861877441406e-01
8.132488727569580078e-01
8.290277719497680664e-01
8.190402388572692871e-01
8.302457928657531738e-01
8.240374922752380371e-01
8.277664780616760254e-01
8.248527646064758301e-01
8.460733890533447266e-01
8.216490745544433594e-01
8.539039492607116699e-01
8.246306180953979492e-01
8.544069528579711914e-01
8.535175323486328125e-01
8.646476268768310547e-01
8.803254961967468262e-01
8.520990610122680664e-01
8.587138652801513672e-01
8.736431598663330078e-01
8.547824621200561523e-01
8.774450421333312988e-01
8.376898169517517090e-01
8.730055689811706543e-01
8.672583103179931641e-01
8.658182621002197266e-01
8.874131441116333008e-01
8.729104995727539062e-01
8.907275199890136719e-01
8.737165331840515137e-01
8.732100129127502441e-01
8.907982707023620605e-01
8.606665730476379395e-01
8.677626848220825195e-01
8.954732418060302734e-01
8.996267318725585938e-01
8.977904915809631348e-01
8.830644488334655762e-01
9.009152650833129883e-01
8.961430191993713379e-01
9.153507351875305176e-01
8.882847428321838379e-01
9.109193086624145508e-01
9.077218770980834961e-01
8.944442272186279297e-01
9.160385727882385254e-01
8.313422203063964844e-01
9.279323220252990723e-01
9.279652833938598633e-01
9.010292291641235352e-01
8.551266789436340332e-01
9.079045653343200684e-01
9.067013859748840332e-01
9.176247715950012207e-01
8.997092247009277344e-01
8.592362999916076660e-01
8.722226619720458984e-01
9.100289344787597656e-01
9.074222445487976074e-01
9.222825169563293457e-01
9.388538002967834473e-01
9.331540465354919434e-01
8.121017813682556152e-01
9.397772550582885742e-01
9.300251603126525879e-01
8.786997795104980469e-01
9.641984701156616211e-01
9.492841362953186035e-01
9.264643788337707520e-01
9.563061594963073730e-01
9.515537023544311523e-01
9.414548277854919434e-01
9.522291421890258789e-01
9.733521342277526855e-01
9.671401381492614746e-01
9.572898149490356445e-01
7.942938804626464844e-01
8.337261676788330078e-01
9.894993305206298828e-01
9.612826704978942871e-01
9.634653925895690918e-01
8.186541795730590820e-01
9.443555474281311035e-01
9.610674381256103516e-01
9.695498347282409668e-01
1.010951757431030273e+00
9.616475701332092285e-01
8.822455406188964844e-01
8.389832973480224609e-01
-9.899900000000000000e+04
-9.899900000000000000e+04
-9.899900000000000000e+04
9.638735651969909668e-01
9.566671252250671387e-01
-9.899900000000000000e+04
9.530686140060424805e-01
9.865367412567138672e-01
9.774816036224365234e-01
1.009918689727783203e+00
9.711091518402099609e-01
-9.899900000000000000e+04
1.000479459762573242e+00
9.753191471099853516e-01
-9.899900000000000000e+04
-9.899900000000000000e+04
-9.899900000000000000e+04
9.717299938201904297e-01
-9.899900000000000000e+04
-9.899900000000000000e+04
-9.899900000000000000e+04
-9.899900000000000000e+04
-9.899900000000000000e+04
9.819552302360534668e-01
