6.309524774551391602e-01
6.358127593994140625e-01
6.412144899368286133e-01
6.632860302925109863e-01
6.627352833747863770e-01
6.676552295684814453e-01
6.616687774658203125e-01
6.678663492202758789e-01
6.592803001403808594e-01
6.654602885246276855e-01
6.752379536628723145e-01
6.596245169639587402e-01
6.820835471153259277e-01
6.772983670234680176e-01
6.669101715087890625e-01
6.726527810096740723e-01
6.770184636116027832e-01
6.737642884254455566e-01
6.737265586853027344e-01
6.850000023841857910e-01
6.768352389335632324e-01
6.750268340110778809e-01
6.763271093368530273e-01
6.846538782119750977e-01
6.923391222953796387e-01
7.015670537948608398e-01
7.006487846374511719e-01
7.027965784072875977e-01
6.996704936027526855e-01
6.918540596961975098e-01
6.967647671699523926e-01
6.954731345176696777e-01
6.999737024307250977e-01
6.951933503150939941e-01
7.023847699165344238e-01
6.993906497955322266e-01
6.958599090576171875e-01
7.059254646301269531e-01
6.965888738632202148e-01
7.106437087059020996e-01
7.015811204910278320e-01
7.124544382095336914e-01
7.095468044281005859e-01
7.063575387001037598e-01
6.942456960678100586e-01
6.995125412940979004e-01
6.897161006927490234e-01
7.018305063247680664e-01
7.096464037895202637e-01
7.098006606101989746e-01
7.231217622756958008e-01
6.983457207679748535e-01
6.943982243537902832e-01
6.991114020347595215e-01
7.182302474975585938e-01
7.092658281326293945e-01
7.080751061439514160e-01
7.259607315063476562e-01
7.326563000679016113e-01
7.253196239471435547e-01
7.081124782562255859e-01
7.151187658309936523e-01
7.309798598289489746e-01
7.109250426292419434e-01
7.184947729110717773e-01
7.141380310058593750e-01
7.374383211135864258e-01
7.325508594512939453e-01
7.206529378890991211e-01
7.335426807403564453e-01
7.315386533737182617e-01
7.327491641044616699e-01
7.444563508033752441e-01
7.390981912612915039e-01
7.435857653617858887e-01
7.398449182510375977e-01
7.437898516654968262e-01
7.455012202262878418e-01
7.731086015701293945e-01
7.425856590270996094e-01
7.527925372123718262e-01
7.512870430946350098e-01
7.637868523597717285e-01
7.602117657661437988e-01
7.743205428123474121e-01
7.603283524513244629e-01
7.823950052261352539e-01
7.531311511993408203e-01
7.753865718841552734e-01
7.685933113098144531e-01
7.719705700874328613e-01
7.855261564254760742e-01
7.809159755706787109e-01
7.624593973159790039e-01
7.751138210296630859e-01
7.841771245002746582e-01
7.605002522468566895e-01
7.854955196380615234e-01
7.985460162162780762e-01
7.973696589469909668e-01
7.743101716041564941e-01
7.794537544250488281e-01
8.011317253112792969e-01
8.025256395339965820e-01
7.966724634170532227e-01
7.899857163429260254e-01
7.674553990364074707e-01
7.960851788520812988e-01
8.059725761413574219e-01
8.126727938652038574e-01
7.963176965713500977e-01
8.045320510864257812e-01
8.075199723243713379e-01
8.194624185562133789e-01
8.257188200950622559e-01
8.268837928771972656e-01
8.097562789916992188e-01
8.521850109100341797e-01
8.249412178993225098e-01
8.108073472976684570e-01
8.434394001960754395e-01
8.513589501380920410e-01
8.480609059333801270e-01
8.438361883163452148e-01
8.513050079345703125e-01
8.476479649543762207e-01
7.857680320739746094e-01
8.584693670272827148e-01
8.612065315246582031e-01
8.507848381996154785e-01
8.394420146942138672e-01
8.659335970878601074e-01
8.665155768394470215e-01
8.710481524467468262e-01
8.644793033599853516e-01
8.694042563438415527e-01
8.947478532791137695e-01
8.275436758995056152e-01
8.804724216461181641e-01
8.787690997123718262e-01
8.830442428588867188e-01
8.711519241333007812e-01
8.802814483642578125e-01
8.841261267662048340e-01
8.790340423583984375e-01
8.839669227600097656e-01
8.859750032424926758e-01
9.020392298698425293e-01
8.921408057212829590e-01
8.782617449760437012e-01
8.880551457405090332e-01
8.949761390686035156e-01
8.623262643814086914e-01
7.970597147941589355e-01
8.583670258522033691e-01
8.990826606750488281e-01
9.020468592643737793e-01
8.938894867897033691e-01
9.107727408409118652e-01
9.079746603965759277e-01
8.954991102218627930e-01
9.109913110733032227e-01
8.882617950439453125e-01
8.879054784774780273e-01
9.055023789405822754e-01
9.131445288658142090e-01
9.211227893829345703e-01
8.604731559753417969e-01
9.067043066024780273e-01
9.101341962814331055e-01
7.860672473907470703e-01
9.266496300697326660e-01
9.186363220214843750e-01
9.305871725082397461e-01
9.168917536735534668e-01
9.294229745864868164e-01
8.155369162559509277e-01
9.315710663795471191e-01
9.152961373329162598e-01
8.935545086860656738e-01
9.508441090583801270e-01
8.725715875625610352e-01
9.296495914459228516e-01
9.504212141036987305e-01
-9.899900000000000000e+04
9.535235166549682617e-01
9.471986293792724609e-01
9.357138276100158691e-01
9.804813265800476074e-01
9.540763497352600098e-01
-9.899900000000000000e+04
9.950779080390930176e-01
9.811060428619384766e-01
9.811438322067260742e-01
8.947945237159729004e-01
9.890638589859008789e-01
9.639272689819335938e-01
9.684588909149169922e-01
9.615973234176635742e-01
8.517016172409057617e-01
9.698545336723327637e-01
9.588658213615417480e-01
9.906288981437683105e-01
9.744135737419128418e-01
9.941877126693725586e-01
8.548241257667541504e-01
9.720981717109680176e-01
8.878285884857177734e-01
9.804143905639648438e-01
-9.899900000000000000e+04
8.257107138633728027e-01
