6.225892305374145508e-01
6.517849564552307129e-01
6.407510042190551758e-01
6.606395840644836426e-01
6.657932400703430176e-01
6.493827104568481445e-01
6.589984893798828125e-01
6.747170686721801758e-01
6.756605505943298340e-01
6.793448328971862793e-01
6.752379536628723145e-01
6.599124670028686523e-01
6.678974032402038574e-01
6.722197532653808594e-01
6.675803661346435547e-01
6.785594224929809570e-01
6.741776466369628906e-01
6.624777913093566895e-01
6.746504306793212891e-01
6.843210458755493164e-01
6.820154190063476562e-01
6.750268340110778809e-01
6.823445558547973633e-01
7.070810198783874512e-01
6.987650990486145020e-01
6.745337247848510742e-01
6.882924437522888184e-01
7.043316960334777832e-01
6.744977235794067383e-01
6.904824376106262207e-01
6.785405278205871582e-01
6.954005360603332520e-01
7.024661898612976074e-01
6.902403831481933594e-01
6.898364424705505371e-01
7.029964327812194824e-01
6.939515471458435059e-01
7.049033045768737793e-01
6.971114873886108398e-01
7.032558321952819824e-01
7.083502411842346191e-01
6.897072792053222656e-01
6.941268444061279297e-01
7.101618647575378418e-01
6.969016194343566895e-01
6.962879300117492676e-01
7.138633728027343750e-01
7.110307812690734863e-01
6.993274092674255371e-01
6.970170736312866211e-01
6.959655284881591797e-01
7.129982709884643555e-01
7.146128416061401367e-01
7.030990123748779297e-01
7.163115143775939941e-01
7.209911942481994629e-01
7.216591835021972656e-01
7.232176065444946289e-01
7.276732921600341797e-01
7.033788561820983887e-01
7.307125329971313477e-01
7.171860933303833008e-01
7.223599553108215332e-01
7.223635911941528320e-01
7.224767208099365234e-01
7.232357859611511230e-01
7.248008251190185547e-01
7.357963919639587402e-01
7.138763666152954102e-01
7.248908281326293945e-01
7.493516802787780762e-01
7.278379797935485840e-01
7.263359427452087402e-01
7.591523528099060059e-01
7.294653058052062988e-01
7.379772663116455078e-01
7.291026115417480469e-01
7.565116882324218750e-01
7.461445331573486328e-01
7.315466403961181641e-01
7.445725798606872559e-01
7.534425854682922363e-01
7.761250138282775879e-01
7.690995931625366211e-01
7.542718052864074707e-01
7.668242454528808594e-01
7.836555838584899902e-01
7.523881196975708008e-01
7.488787174224853516e-01
7.713196873664855957e-01
7.782528400421142578e-01
7.777029871940612793e-01
7.687706947326660156e-01
7.778128981590270996e-01
7.680776715278625488e-01
7.798281311988830566e-01
7.840608954429626465e-01
8.073438405990600586e-01
7.910552620887756348e-01
7.917417883872985840e-01
7.824209332466125488e-01
8.012664914131164551e-01
7.668207883834838867e-01
8.059532046318054199e-01
7.972083091735839844e-01
8.076359629631042480e-01
8.038060069084167480e-01
7.886941432952880859e-01
7.936154603958129883e-01
8.100889921188354492e-01
7.920770049095153809e-01
8.094140291213989258e-01
8.150921463966369629e-01
8.212445378303527832e-01
8.237753510475158691e-01
8.269760608673095703e-01
8.336744308471679688e-01
8.372423052787780762e-01
8.295898437500000000e-01
7.526443600654602051e-01
8.482623696327209473e-01
8.444503545761108398e-01
7.932355403900146484e-01
8.486163616180419922e-01
8.473954796791076660e-01
8.537396192550659180e-01
8.494712114334106445e-01
8.535998463630676270e-01
8.764172196388244629e-01
8.497086763381958008e-01
8.508895039558410645e-01
8.665190935134887695e-01
8.716672658920288086e-01
8.538808226585388184e-01
8.865250945091247559e-01
8.833001852035522461e-01
8.701276779174804688e-01
8.864795565605163574e-01
8.807294368743896484e-01
8.260108232498168945e-01
8.781874179840087891e-01
8.577364683151245117e-01
8.754255771636962891e-01
8.847851157188415527e-01
8.839054107666015625e-01
8.985209465026855469e-01
8.968022465705871582e-01
8.786764740943908691e-01
8.709532618522644043e-01
9.023057222366333008e-01
9.057572484016418457e-01
8.925046324729919434e-01
8.993010520935058594e-01
8.971245884895324707e-01
8.814388513565063477e-01
8.923866152763366699e-01
9.020639061927795410e-01
8.869075179100036621e-01
9.269009828567504883e-01
9.124731421470642090e-01
9.249411821365356445e-01
9.124745130538940430e-01
9.237566590309143066e-01
9.094197750091552734e-01
9.024207592010498047e-01
8.842881917953491211e-01
9.193417429924011230e-01
9.123840332031250000e-01
8.845347762107849121e-01
8.604704141616821289e-01
8.672953248023986816e-01
9.270706772804260254e-01
9.170964360237121582e-01
9.296565651893615723e-01
9.374061822891235352e-01
8.938174843788146973e-01
9.352779984474182129e-01
8.081970810890197754e-01
9.176377058029174805e-01
9.509954452514648438e-01
9.420490860939025879e-01
9.495186209678649902e-01
9.297389388084411621e-01
9.391726851463317871e-01
9.572681784629821777e-01
9.229292273521423340e-01
9.346326589584350586e-01
9.026719331741333008e-01
9.559227228164672852e-01
9.711972475051879883e-01
9.909176230430603027e-01
9.550289511680603027e-01
9.703995585441589355e-01
8.143823742866516113e-01
9.632962942123413086e-01
9.275754094123840332e-01
9.958587288856506348e-01
9.874387383460998535e-01
9.800050854682922363e-01
9.548640251159667969e-01
9.717879891395568848e-01
1.007664561271667480e+00
9.427032470703125000e-01
9.565507769584655762e-01
9.474395513534545898e-01
-9.899900000000000000e+04
-9.899900000000000000e+04
-9.899900000000000000e+04
9.699388146400451660e-01
-9.899900000000000000e+04
