6.461329460144042969e-01
6.257067918777465820e-01
6.407510042190551758e-01
6.632860302925109863e-01
6.469347476959228516e-01
6.521380543708801270e-01
6.613437533378601074e-01
6.700686812400817871e-01
6.795113086700439453e-01
6.793448328971862793e-01
6.651251316070556641e-01
6.636283397674560547e-01
6.678974032402038574e-01
6.533682942390441895e-01
6.688993573188781738e-01
6.690617203712463379e-01
6.765583157539367676e-01
6.876502633094787598e-01
6.701327562332153320e-01
6.824007630348205566e-01
6.768352389335632324e-01
6.802825331687927246e-01
6.805456280708312988e-01
7.045492529869079590e-01
6.923391222953796387e-01
6.991040706634521484e-01
7.067971825599670410e-01
6.890015006065368652e-01
6.846235394477844238e-01
6.924921870231628418e-01
6.870552301406860352e-01
7.123299241065979004e-01
6.919070482254028320e-01
6.871774792671203613e-01
7.023847699165344238e-01
6.950627565383911133e-01
7.004526853561401367e-01
6.952646374702453613e-01
6.847301125526428223e-01
7.033981680870056152e-01
6.982300877571105957e-01
7.124544382095336914e-01
7.121733427047729492e-01
7.198001742362976074e-01
7.088825106620788574e-01
7.000579237937927246e-01
7.087383270263671875e-01
7.181448340415954590e-01
7.149152159690856934e-01
6.931425333023071289e-01
7.149400711059570312e-01
7.134450078010559082e-01
6.994705200195312500e-01
7.038064002990722656e-01
7.078204751014709473e-01
7.175567746162414551e-01
7.075732350349426270e-01
7.076547145843505859e-01
7.145677804946899414e-01
7.118623256683349609e-01
7.157027125358581543e-01
7.232348322868347168e-01
7.131603956222534180e-01
7.070496678352355957e-01
7.304701209068298340e-01
7.232239246368408203e-01
7.363147139549255371e-01
7.144567966461181641e-01
7.290049195289611816e-01
7.306894063949584961e-01
7.320541143417358398e-01
7.469472289085388184e-01
7.282389402389526367e-01
7.262318134307861328e-01
7.392627596855163574e-01
7.620391845703125000e-01
7.552133798599243164e-01
7.513109445571899414e-01
7.501211166381835938e-01
7.613193392753601074e-01
7.332724332809448242e-01
7.337663173675537109e-01
7.537585496902465820e-01
7.549301981925964355e-01
7.589029669761657715e-01
7.763471603393554688e-01
7.624785304069519043e-01
7.625933885574340820e-01
7.712882161140441895e-01
7.718213200569152832e-01
7.769924402236938477e-01
7.526048421859741211e-01
7.716775536537170410e-01
7.751059532165527344e-01
7.736659049987792969e-01
7.738536596298217773e-01
7.914615273475646973e-01
7.818217277526855469e-01
7.953419089317321777e-01
7.976295351982116699e-01
7.951025962829589844e-01
7.986384034156799316e-01
7.853711247444152832e-01
8.119465708732604980e-01
8.099805116653442383e-01
8.032580614089965820e-01
8.125606179237365723e-01
7.944378256797790527e-01
7.966587543487548828e-01
7.851263284683227539e-01
8.114909529685974121e-01
8.181846141815185547e-01
8.254663944244384766e-01
8.129712343215942383e-01
8.063247203826904297e-01
7.960839867591857910e-01
8.202722072601318359e-01
8.246119618415832520e-01
8.398346900939941406e-01
8.605229258537292480e-01
8.388456106185913086e-01
8.453363180160522461e-01
8.425506949424743652e-01
8.318670392036437988e-01
8.539147973060607910e-01
8.587923645973205566e-01
8.608299493789672852e-01
8.605930209159851074e-01
8.579100966453552246e-01
8.558976650238037109e-01
8.599331974983215332e-01
8.701590299606323242e-01
8.824447989463806152e-01
8.756754398345947266e-01
8.832721710205078125e-01
8.736580014228820801e-01
7.854206562042236328e-01
8.791939616203308105e-01
8.195620775222778320e-01
8.365187048912048340e-01
8.862431049346923828e-01
8.923721909523010254e-01
8.889937400817871094e-01
8.959922194480895996e-01
8.916673064231872559e-01
8.925237059593200684e-01
8.970277309417724609e-01
8.462350964546203613e-01
8.776718974113464355e-01
8.837745785713195801e-01
8.945888280868530273e-01
8.959751129150390625e-01
8.826734423637390137e-01
8.669636845588684082e-01
9.112677574157714844e-01
8.838249444961547852e-01
8.811334967613220215e-01
9.067569375038146973e-01
9.042437672615051270e-01
9.237645268440246582e-01
9.134474396705627441e-01
8.525430560111999512e-01
8.359494805335998535e-01
9.070526361465454102e-01
9.193779826164245605e-01
9.194431900978088379e-01
9.182991385459899902e-01
9.143056273460388184e-01
9.299454689025878906e-01
8.857406377792358398e-01
9.302822947502136230e-01
8.554141521453857422e-01
9.289783239364624023e-01
9.320573806762695312e-01
9.173623323440551758e-01
9.298056364059448242e-01
9.234388470649719238e-01
9.275609850883483887e-01
9.377934336662292480e-01
9.463284611701965332e-01
9.451856017112731934e-01
9.591628909111022949e-01
9.283335208892822266e-01
9.567608833312988281e-01
9.705201387405395508e-01
9.640099406242370605e-01
9.508659243583679199e-01
9.639423489570617676e-01
9.841514825820922852e-01
8.450940251350402832e-01
9.699000716209411621e-01
9.650499820709228516e-01
9.864236712455749512e-01
9.801411628723144531e-01
-9.899900000000000000e+04
9.815543889999389648e-01
8.601348400115966797e-01
9.823724031448364258e-01
8.879966735839843750e-01
7.621741294860839844e-01
9.950445294380187988e-01
9.760673046112060547e-01
