6.225892305374145508e-01
6.517849564552307129e-01
6.562239527702331543e-01
6.606395840644836426e-01
6.512370109558105469e-01
6.503523588180541992e-01
6.616687774658203125e-01
6.678663492202758789e-01
6.746804118156433105e-01
6.793448328971862793e-01
6.616163849830627441e-01
6.636283397674560547e-01
6.753827929496765137e-01
6.711479425430297852e-01
6.657516956329345703e-01
6.690617203712463379e-01
6.765583157539367676e-01
6.678138971328735352e-01
6.750097870826721191e-01
6.843210458755493164e-01
6.871049404144287109e-01
6.810644865036010742e-01
6.810171008110046387e-01
6.874672770500183105e-01
7.060412764549255371e-01
6.971783041954040527e-01
6.893593072891235352e-01
7.040576338768005371e-01
6.871928572654724121e-01
6.945591568946838379e-01
7.072785496711730957e-01
6.834157109260559082e-01
6.888709068298339844e-01
6.984742283821105957e-01
6.966232061386108398e-01
7.048809528350830078e-01
6.961126923561096191e-01
6.861826181411743164e-01
7.092423439025878906e-01
6.987472176551818848e-01
7.060853242874145508e-01
7.175444364547729492e-01
6.985840201377868652e-01
6.994525790214538574e-01
7.121258974075317383e-01
6.965630650520324707e-01
7.019128799438476562e-01
7.220232486724853516e-01
7.141107916831970215e-01
6.970990896224975586e-01
7.014187574386596680e-01
7.047630548477172852e-01
7.050145268440246582e-01
7.201883196830749512e-01
7.190405726432800293e-01
7.176607251167297363e-01
7.023751139640808105e-01
7.131310105323791504e-01
7.180213928222656250e-01
7.195864915847778320e-01
7.264443039894104004e-01
7.206714749336242676e-01
7.319852709770202637e-01
7.308576703071594238e-01
7.334877848625183105e-01
7.238920331001281738e-01
7.286190390586853027e-01
7.264634966850280762e-01
7.382051348686218262e-01
7.390567660331726074e-01
7.380168437957763672e-01
7.304617166519165039e-01
7.326011061668395996e-01
7.249587774276733398e-01
7.376376390457153320e-01
7.601819634437561035e-01
7.657247781753540039e-01
7.434245347976684570e-01
7.608453631401062012e-01
7.489917874336242676e-01
7.376235127449035645e-01
7.569479942321777344e-01
7.660511732101440430e-01
7.550777196884155273e-01
7.604378461837768555e-01
7.457047104835510254e-01
7.755069732666015625e-01
7.918470501899719238e-01
7.884952425956726074e-01
7.762981057167053223e-01
7.887893319129943848e-01
7.765638232231140137e-01
7.751515507698059082e-01
7.856205701828002930e-01
7.845877408981323242e-01
7.932458519935607910e-01
7.882561087608337402e-01
7.875983119010925293e-01
7.828763723373413086e-01
7.998049855232238770e-01
8.012090325355529785e-01
8.015187978744506836e-01
8.042279481887817383e-01
7.887218594551086426e-01
7.846335768699645996e-01
8.068035244941711426e-01
8.045350313186645508e-01
8.057922124862670898e-01
8.282555341720581055e-01
7.972941398620605469e-01
8.149791955947875977e-01
8.204059600830078125e-01
8.124361038208007812e-01
8.205779790878295898e-01
8.055062890052795410e-01
8.065502643585205078e-01
8.177611231803894043e-01
8.248771429061889648e-01
8.207825422286987305e-01
8.510820865631103516e-01
8.490654230117797852e-01
8.463760018348693848e-01
8.527407646179199219e-01
8.436186313629150391e-01
8.419773578643798828e-01
8.251425623893737793e-01
8.648195266723632812e-01
8.480698466300964355e-01
8.271695375442504883e-01
8.561497330665588379e-01
8.489564061164855957e-01
8.591113090515136719e-01
8.695850968360900879e-01
8.530569076538085938e-01
8.912683129310607910e-01
8.558730483055114746e-01
8.754116296768188477e-01
8.242076039314270020e-01
8.543715476989746094e-01
8.810219168663024902e-01
8.895651698112487793e-01
8.797059655189514160e-01
8.823911547660827637e-01
8.418149352073669434e-01
8.622031807899475098e-01
8.870069384574890137e-01
8.929023742675781250e-01
9.189659953117370605e-01
8.721862435340881348e-01
8.961796760559082031e-01
8.985392451286315918e-01
9.034332633018493652e-01
9.076026678085327148e-01
9.034368991851806641e-01
8.032142519950866699e-01
8.295925259590148926e-01
8.928915858268737793e-01
9.183245301246643066e-01
9.012289047241210938e-01
8.851212859153747559e-01
9.244523048400878906e-01
8.929905295372009277e-01
9.172409772872924805e-01
8.956162929534912109e-01
9.179399609565734863e-01
9.257698059082031250e-01
8.907184600830078125e-01
9.037561416625976562e-01
8.625689148902893066e-01
9.113668799400329590e-01
9.098872542381286621e-01
8.819811344146728516e-01
9.095656871795654297e-01
9.070726037025451660e-01
9.390075802803039551e-01
9.574480652809143066e-01
9.304686784744262695e-01
8.914983868598937988e-01
8.813382983207702637e-01
9.434043765068054199e-01
9.056984782218933105e-01
9.526349902153015137e-01
9.344457387924194336e-01
9.354085922241210938e-01
9.376513957977294922e-01
7.995353937149047852e-01
9.677374362945556641e-01
8.009749650955200195e-01
9.843791723251342773e-01
9.520488977432250977e-01
9.716330766677856445e-01
-9.899900000000000000e+04
9.536399245262145996e-01
9.772148728370666504e-01
9.574176669120788574e-01
9.663254618644714355e-01
9.767695069313049316e-01
9.965179562568664551e-01
9.553967118263244629e-01
9.894819855690002441e-01
9.886642098426818848e-01
9.671046137809753418e-01
9.831147193908691406e-01
9.826050996780395508e-01
8.973262310028076172e-01
