6.461329460144042969e-01
6.517849564552307129e-01
6.412144899368286133e-01
6.595162153244018555e-01
6.476992368698120117e-01
6.656777262687683105e-01
6.613437533378601074e-01
6.693965792655944824e-01
6.734914183616638184e-01
6.654602885246276855e-01
6.664795279502868652e-01
6.615334749221801758e-01
6.678974032402038574e-01
6.589918732643127441e-01
6.654166579246520996e-01
6.680523157119750977e-01
6.755884289741516113e-01
6.710654497146606445e-01
6.753183007240295410e-01
6.810756325721740723e-01
6.899451017379760742e-01
6.802825331687927246e-01
6.518429517745971680e-01
7.045492529869079590e-01
7.024981975555419922e-01
6.881611347198486328e-01
7.027961015701293945e-01
6.811354160308837891e-01
6.875582337379455566e-01
7.057732343673706055e-01
6.826096773147583008e-01
6.858766674995422363e-01
7.022375464439392090e-01
6.905837655067443848e-01
7.023847699165344238e-01
6.986033916473388672e-01
6.987966299057006836e-01
7.049033045768737793e-01
7.013962268829345703e-01
7.065030336380004883e-01
7.044373750686645508e-01
6.931160688400268555e-01
7.148153781890869141e-01
7.100849747657775879e-01
7.014552950859069824e-01
7.153222560882568359e-01
7.001029849052429199e-01
7.114599347114562988e-01
7.173005342483520508e-01
7.130268216133117676e-01
6.960315108299255371e-01
7.094954848289489746e-01
7.139180898666381836e-01
7.173826694488525391e-01
7.119756340980529785e-01
7.180005311965942383e-01
6.832574009895324707e-01
7.209770083427429199e-01
7.133212685585021973e-01
7.256451249122619629e-01
7.046811580657958984e-01
7.099336981773376465e-01
7.110475301742553711e-01
7.196550369262695312e-01
7.313666343688964844e-01
7.231757044792175293e-01
7.362080216407775879e-01
7.387235760688781738e-01
7.279584407806396484e-01
7.291449308395385742e-01
7.253307700157165527e-01
7.365010380744934082e-01
7.525209784507751465e-01
7.379649877548217773e-01
7.541508674621582031e-01
7.534804940223693848e-01
7.210459113121032715e-01
7.394170165061950684e-01
7.473971843719482422e-01
7.210240364074707031e-01
7.377803325653076172e-01
7.435523271560668945e-01
7.587308287620544434e-01
7.618435621261596680e-01
7.819119095802307129e-01
7.440795898437500000e-01
7.310692071914672852e-01
7.794691324234008789e-01
7.824274301528930664e-01
7.478650212287902832e-01
7.866461277008056641e-01
7.680537104606628418e-01
7.873415946960449219e-01
7.883543372154235840e-01
7.980474829673767090e-01
7.885195612907409668e-01
7.897242903709411621e-01
7.997636198997497559e-01
7.806359529495239258e-01
7.864218354225158691e-01
7.778100371360778809e-01
7.809101343154907227e-01
8.019352555274963379e-01
7.752543687820434570e-01
8.030298352241516113e-01
7.780653834342956543e-01
7.880548834800720215e-01
8.082913756370544434e-01
8.195809721946716309e-01
8.169844746589660645e-01
8.149880766868591309e-01
7.879365682601928711e-01
8.159465789794921875e-01
8.068397045135498047e-01
8.128594160079956055e-01
8.282455801963806152e-01
8.212563395500183105e-01
8.137726783752441406e-01
8.096957206726074219e-01
8.327126502990722656e-01
8.319242000579833984e-01
8.514270186424255371e-01
8.410047888755798340e-01
8.486291170120239258e-01
8.572660088539123535e-01
8.462361693382263184e-01
8.384582400321960449e-01
8.554908633232116699e-01
8.476002216339111328e-01
8.579128980636596680e-01
8.812302947044372559e-01
8.721737265586853027e-01
8.604650497436523438e-01
8.719844222068786621e-01
8.528403639793395996e-01
8.823648691177368164e-01
8.590440154075622559e-01
8.493447899818420410e-01
8.854178786277770996e-01
8.868739008903503418e-01
8.876786231994628906e-01
9.069644808769226074e-01
8.905192613601684570e-01
8.762707710266113281e-01
8.622156381607055664e-01
8.875876665115356445e-01
9.013354182243347168e-01
8.914884924888610840e-01
8.849791288375854492e-01
8.898309469223022461e-01
8.735987544059753418e-01
8.604536056518554688e-01
8.834635019302368164e-01
8.916250467300415039e-01
8.472837805747985840e-01
8.570999503135681152e-01
9.131131768226623535e-01
9.001233577728271484e-01
9.104434847831726074e-01
8.527591228485107422e-01
8.974372744560241699e-01
8.944044709205627441e-01
9.027870893478393555e-01
9.060776233673095703e-01
7.874248623847961426e-01
9.136167168617248535e-01
8.863075971603393555e-01
9.146282672882080078e-01
9.164304137229919434e-01
8.714221715927124023e-01
9.210193157196044922e-01
9.426344037055969238e-01
9.227354526519775391e-01
9.283578991889953613e-01
9.476741552352905273e-01
9.352784752845764160e-01
8.481630086898803711e-01
9.617314338684082031e-01
9.635881185531616211e-01
8.154046535491943359e-01
9.572069644927978516e-01
9.401220083236694336e-01
9.465216398239135742e-01
9.492324590682983398e-01
9.423283338546752930e-01
9.405428767204284668e-01
9.701033234596252441e-01
9.038535952568054199e-01
9.558644890785217285e-01
9.882169365882873535e-01
9.433919191360473633e-01
9.577196836471557617e-01
9.575722217559814453e-01
7.956759929656982422e-01
9.918438196182250977e-01
9.944326281547546387e-01
9.708201885223388672e-01
8.654460310935974121e-01
9.858192205429077148e-01
8.214030861854553223e-01
9.714032411575317383e-01
-9.899900000000000000e+04
9.824860692024230957e-01
9.846891164779663086e-01
9.848142266273498535e-01
1.014784097671508789e+00
9.723086953163146973e-01
-9.899900000000000000e+04
-9.899900000000000000e+04
-9.899900000000000000e+04
-9.899900000000000000e+04
-9.899900000000000000e+04
-9.899900000000000000e+04
-9.899900000000000000e+04
-9.899900000000000000e+04
-9.899900000000000000e+04
-9.899900000000000000e+04
-9.899900000000000000e+04
1.002803444862365723e+00
-9.899900000000000000e+04
-9.899900000000000000e+04
-9.899900000000000000e+04
-9.899900000000000000e+04
9.807159304618835449e-01
-9.899900000000000000e+04
9.628587365150451660e-01
-9.899900000000000000e+04
-9.899900000000000000e+04
-9.899900000000000000e+04
-9.899900000000000000e+04
-9.899900000000000000e+04
