6.461329460144042969e-01
6.245424747467041016e-01
6.402796506881713867e-01
6.606395840644836426e-01
6.627352833747863770e-01
6.493827104568481445e-01
6.616687774658203125e-01
6.678663492202758789e-01
6.583522558212280273e-01
6.637250781059265137e-01
6.664795279502868652e-01
6.607053279876708984e-01
6.678974032402038574e-01
6.500943303108215332e-01
6.692880988121032715e-01
6.734188199043273926e-01
6.755884289741516113e-01
6.681502461433410645e-01
6.693271994590759277e-01
6.853554844856262207e-01
6.920887827873229980e-01
6.810644865036010742e-01
6.805456280708312988e-01
6.949322819709777832e-01
6.813585162162780762e-01
6.981906890869140625e-01
6.898013949394226074e-01
6.898468136787414551e-01
6.996704936027526855e-01
7.030382752418518066e-01
6.826096773147583008e-01
7.006686329841613770e-01
6.875116229057312012e-01
6.984587311744689941e-01
6.920434832572937012e-01
6.957734823226928711e-01
7.040219902992248535e-01
6.970299482345581055e-01
7.102681398391723633e-01
7.181994915008544922e-01
7.016821503639221191e-01
7.092862725257873535e-01
7.020851969718933105e-01
6.934131979942321777e-01
7.004452347755432129e-01
6.981019973754882812e-01
7.062927484512329102e-01
7.110307812690734863e-01
7.144966125488281250e-01
6.975342631340026855e-01
7.019876241683959961e-01
7.045155167579650879e-01
7.033594846725463867e-01
7.214580178260803223e-01
7.190415859222412109e-01
7.092464566230773926e-01
7.210763692855834961e-01
7.111927270889282227e-01
7.071723341941833496e-01
7.167572975158691406e-01
7.197929024696350098e-01
7.257698774337768555e-01
7.263835072517395020e-01
7.302101850509643555e-01
7.207714915275573730e-01
7.384925484657287598e-01
7.265918254852294922e-01
7.261570692062377930e-01
7.264311909675598145e-01
7.358669042587280273e-01
7.256054878234863281e-01
7.443872690200805664e-01
7.352734208106994629e-01
7.639780044555664062e-01
7.454059720039367676e-01
7.519313693046569824e-01
7.493447065353393555e-01
7.332186698913574219e-01
7.465240955352783203e-01
7.294298410415649414e-01
7.689628005027770996e-01
7.542932629585266113e-01
7.575343251228332520e-01
7.417995929718017578e-01
7.658720612525939941e-01
7.761210799217224121e-01
7.748950123786926270e-01
7.824068069458007812e-01
7.915416955947875977e-01
7.586200237274169922e-01
7.730364203453063965e-01
7.859053611755371094e-01
7.950729727745056152e-01
7.795968651771545410e-01
7.811066508293151855e-01
7.782374620437622070e-01
7.933648824691772461e-01
7.725577354431152344e-01
7.877498865127563477e-01
7.908864021301269531e-01
7.923819422721862793e-01
7.974429726600646973e-01
7.793952822685241699e-01
7.996915578842163086e-01
7.825065851211547852e-01
8.042735457420349121e-01
8.114708662033081055e-01
8.063887953758239746e-01
7.955715656280517578e-01
8.006209135055541992e-01
8.001127839088439941e-01
8.061836957931518555e-01
8.107904791831970215e-01
8.294247984886169434e-01
8.115971684455871582e-01
8.253767490386962891e-01
8.124434351921081543e-01
7.983449697494506836e-01
8.400608897209167480e-01
8.305583596229553223e-01
8.162572979927062988e-01
8.506962656974792480e-01
8.318200707435607910e-01
8.380217552185058594e-01
8.546052575111389160e-01
8.713070750236511230e-01
8.557499647140502930e-01
8.552938103675842285e-01
8.600682616233825684e-01
8.553771376609802246e-01
8.747595548629760742e-01
8.558827042579650879e-01
8.687781691551208496e-01
8.688946962356567383e-01
8.669605255126953125e-01
8.733197450637817383e-01
8.711655735969543457e-01
8.768252134323120117e-01
8.736334443092346191e-01
8.911447525024414062e-01
8.867056965827941895e-01
9.004015326499938965e-01
8.930941820144653320e-01
8.786302804946899414e-01
8.856288194656372070e-01
8.846534490585327148e-01
8.690688610076904297e-01
8.762053251266479492e-01
8.711061477661132812e-01
8.833142518997192383e-01
8.539014458656311035e-01
8.924732804298400879e-01
8.983438014984130859e-01
8.925042748451232910e-01
8.831450343132019043e-01
9.182094931602478027e-01
9.011222720146179199e-01
8.711521625518798828e-01
9.229804277420043945e-01
9.102834463119506836e-01
9.067894816398620605e-01
9.254734516143798828e-01
9.092327356338500977e-01
8.762674331665039062e-01
9.236515164375305176e-01
9.225645065307617188e-01
9.269056916236877441e-01
9.105699658393859863e-01
8.897372484207153320e-01
9.257227182388305664e-01
8.266710638999938965e-01
8.732255697250366211e-01
7.426329255104064941e-01
9.479367733001708984e-01
9.325165152549743652e-01
9.352238178253173828e-01
9.713396430015563965e-01
9.362027645111083984e-01
9.322177171707153320e-01
9.452637434005737305e-01
9.062267541885375977e-01
9.404262304306030273e-01
9.573510885238647461e-01
9.462968707084655762e-01
9.661974310874938965e-01
9.703767895698547363e-01
9.580884575843811035e-01
9.294480085372924805e-01
8.322371840476989746e-01
9.675758481025695801e-01
8.779408335685729980e-01
9.714250564575195312e-01
9.462520480155944824e-01
8.837591409683227539e-01
-9.899900000000000000e+04
9.673584699630737305e-01
9.896147251129150391e-01
9.651806354522705078e-01
9.762982130050659180e-01
9.674084782600402832e-01
-9.899900000000000000e+04
9.757409691810607910e-01
9.746083021163940430e-01
9.841092824935913086e-01
8.315199017524719238e-01
8.506881594657897949e-01
9.721451401710510254e-01
-9.899900000000000000e+04
9.796380400657653809e-01
9.654093980789184570e-01
9.894332289695739746e-01
-9.899900000000000000e+04
-9.899900000000000000e+04
9.665536880493164062e-01
9.776252508163452148e-01
7.124183177947998047e-01
8.931662440299987793e-01
-9.899900000000000000e+04
