6.225892305374145508e-01
6.517849564552307129e-01
6.407510042190551758e-01
6.632860302925109863e-01
6.627352833747863770e-01
6.490440964698791504e-01
6.616687774658203125e-01
6.693965792655944824e-01
6.649832725524902344e-01
6.673698425292968750e-01
6.664795279502868652e-01
6.803489923477172852e-01
6.678974032402038574e-01
6.719745397567749023e-01
6.705845594406127930e-01
6.849688887596130371e-01
6.831842660903930664e-01
6.869531869888305664e-01
6.697576045989990234e-01
6.843210458755493164e-01
6.771090030670166016e-01
6.759751439094543457e-01
6.592737436294555664e-01
6.822112202644348145e-01
7.024981975555419922e-01
7.001015543937683105e-01
6.893593072891235352e-01
7.043316960334777832e-01
6.996704936027526855e-01
6.984550952911376953e-01
6.940954327583312988e-01
7.012935280799865723e-01
6.875116229057312012e-01
6.997878551483154297e-01
6.935407519340515137e-01
6.930131912231445312e-01
6.958599090576171875e-01
6.964154839515686035e-01
7.076876759529113770e-01
7.135104537010192871e-01
7.041173577308654785e-01
7.092541456222534180e-01
7.050594091415405273e-01
7.060006260871887207e-01
7.121180891990661621e-01
6.965578198432922363e-01
7.146319746971130371e-01
7.066631913185119629e-01
7.144530415534973145e-01
7.095192074775695801e-01
7.076112031936645508e-01
6.956574320793151855e-01
6.796095967292785645e-01
7.185125946998596191e-01
6.988084316253662109e-01
7.043777704238891602e-01
7.260375022888183594e-01
7.117623686790466309e-01
7.251740694046020508e-01
7.293148040771484375e-01
7.159658670425415039e-01
7.202255129814147949e-01
7.278103828430175781e-01
7.269212007522583008e-01
7.218917012214660645e-01
7.304142713546752930e-01
7.389892339706420898e-01
7.205514907836914062e-01
7.209141254425048828e-01
7.379071712493896484e-01
7.433632016181945801e-01
7.499052882194519043e-01
7.233416438102722168e-01
7.504056692123413086e-01
7.426974773406982422e-01
7.536278963088989258e-01
7.259112000465393066e-01
7.401286959648132324e-01
7.474913597106933594e-01
7.631232142448425293e-01
7.447609901428222656e-01
7.559701800346374512e-01
7.618590593338012695e-01
7.625455260276794434e-01
7.635675668716430664e-01
7.718461155891418457e-01
7.670353651046752930e-01
7.739875316619873047e-01
7.641512751579284668e-01
7.818757295608520508e-01
7.838787436485290527e-01
7.954686880111694336e-01
7.694290876388549805e-01
7.886382937431335449e-01
7.953453063964843750e-01
7.843629121780395508e-01
8.030863404273986816e-01
7.726726531982421875e-01
7.669531702995300293e-01
7.694801688194274902e-01
8.000003099441528320e-01
7.863360047340393066e-01
7.985514998435974121e-01
7.728934288024902344e-01
8.067834377288818359e-01
8.020001053810119629e-01
8.043379187583923340e-01
8.010576963424682617e-01
8.103618025779724121e-01
7.926388382911682129e-01
8.209446072578430176e-01
7.500541806221008301e-01
8.143283128738403320e-01
8.218182325363159180e-01
8.172063827514648438e-01
8.221839666366577148e-01
8.221018314361572266e-01
8.342326283454895020e-01
7.621433138847351074e-01
8.543907403945922852e-01
8.368546962738037109e-01
8.386550545692443848e-01
8.452962636947631836e-01
8.504914045333862305e-01
8.572688102722167969e-01
8.661704659461975098e-01
8.579336404800415039e-01
8.502717614173889160e-01
8.454636335372924805e-01
8.626390695571899414e-01
8.588312864303588867e-01
8.656244874000549316e-01
8.778441548347473145e-01
8.651147484779357910e-01
8.773925304412841797e-01
8.334143161773681641e-01
8.533521294593811035e-01
8.720751404762268066e-01
8.638217449188232422e-01
8.750344514846801758e-01
8.905934691429138184e-01
8.254038691520690918e-01
8.877241015434265137e-01
8.839037418365478516e-01
8.683387041091918945e-01
8.915374875068664551e-01
9.010784626007080078e-01
8.700605034828186035e-01
9.006288051605224609e-01
8.877715468406677246e-01
8.895775675773620605e-01
8.910706043243408203e-01
9.090225100517272949e-01
8.994070887565612793e-01
9.081410765647888184e-01
9.100503921508789062e-01
9.155514240264892578e-01
9.091819524765014648e-01
8.895130157470703125e-01
9.239989519119262695e-01
9.002516865730285645e-01
8.689585328102111816e-01
9.102269411087036133e-01
9.168668389320373535e-01
8.380419611930847168e-01
8.498979210853576660e-01
9.101834297180175781e-01
9.081771373748779297e-01
9.274595975875854492e-01
9.219425916671752930e-01
9.229899048805236816e-01
8.807910084724426270e-01
8.757902383804321289e-01
9.468407630920410156e-01
8.951691389083862305e-01
9.312390089035034180e-01
9.286152124404907227e-01
7.681221961975097656e-01
9.151040911674499512e-01
8.139174580574035645e-01
9.606071710586547852e-01
9.415446519851684570e-01
9.612776041030883789e-01
9.574804306030273438e-01
9.449963569641113281e-01
9.470161795616149902e-01
9.435346722602844238e-01
9.690674543380737305e-01
9.762173295021057129e-01
9.511891603469848633e-01
9.622313380241394043e-01
9.864189624786376953e-01
9.841375946998596191e-01
8.304679989814758301e-01
9.578741788864135742e-01
9.856630563735961914e-01
7.867895364761352539e-01
9.829618334770202637e-01
-9.899900000000000000e+04
9.851225614547729492e-01
-9.899900000000000000e+04
9.645065665245056152e-01
8.830362558364868164e-01
9.778383374214172363e-01
9.689743518829345703e-01
-9.899900000000000000e+04
9.631498456001281738e-01
9.141860604286193848e-01
8.626710772514343262e-01
1.011423468589782715e+00
9.296264648437500000e-01
9.828932881355285645e-01
-9.899900000000000000e+04
-9.899900000000000000e+04
8.401824235916137695e-01
-9.899900000000000000e+04
9.733732342720031738e-01
-9.899900000000000000e+04
-9.899900000000000000e+04
-9.899900000000000000e+04
-9.899900000000000000e+04
-9.899900000000000000e+04
-9.899900000000000000e+04
9.682685732841491699e-01
-9.899900000000000000e+04
-9.899900000000000000e+04
