6.461329460144042969e-01
6.245424747467041016e-01
6.562239527702331543e-01
6.632860302925109863e-01
6.469347476959228516e-01
6.487110853195190430e-01
6.603446006774902344e-01
6.678663492202758789e-01
6.732025742530822754e-01
6.654602885246276855e-01
6.664795279502868652e-01
6.642193198204040527e-01
6.707508563995361328e-01
6.785833835601806641e-01
6.652894020080566406e-01
6.814933419227600098e-01
6.809154748916625977e-01
6.668570041656494141e-01
6.878682374954223633e-01
6.843210458755493164e-01
6.811931729316711426e-01
6.800579428672790527e-01
6.550176739692687988e-01
6.934551596641540527e-01
7.060412764549255371e-01
6.886332631111145020e-01
7.093890905380249023e-01
7.027965784072875977e-01
6.896805763244628906e-01
7.051772475242614746e-01
7.099953293800354004e-01
6.884792447090148926e-01
6.974868178367614746e-01
6.909015178680419922e-01
6.898364424705505371e-01
6.919738650321960449e-01
6.935344338417053223e-01
6.985812187194824219e-01
7.102681398391723633e-01
7.113607525825500488e-01
7.041155695915222168e-01
7.067984342575073242e-01
7.023419737815856934e-01
7.104471921920776367e-01
6.986854672431945801e-01
7.055279016494750977e-01
6.852554678916931152e-01
7.027596235275268555e-01
7.217918038368225098e-01
7.196170091629028320e-01
6.996051073074340820e-01
7.068718671798706055e-01
7.183153629302978516e-01
7.065804600715637207e-01
7.182302474975585938e-01
7.062575817108154297e-01
7.082780003547668457e-01
7.114965915679931641e-01
7.125805020332336426e-01
7.284385561943054199e-01
7.197155356407165527e-01
7.339873909950256348e-01
7.310243844985961914e-01
7.265312075614929199e-01
7.314677238464355469e-01
7.239051461219787598e-01
7.071394920349121094e-01
7.265087366104125977e-01
7.358016371726989746e-01
7.297559976577758789e-01
7.275993824005126953e-01
7.292466759681701660e-01
7.531796693801879883e-01
7.022281289100646973e-01
7.613480091094970703e-01
7.410964965820312500e-01
7.647571563720703125e-01
7.303349375724792480e-01
7.184554934501647949e-01
7.565823793411254883e-01
7.430042624473571777e-01
7.709046006202697754e-01
7.421127557754516602e-01
7.652699947357177734e-01
7.369062900543212891e-01
7.316453456878662109e-01
7.744676470756530762e-01
7.784796357154846191e-01
7.906680703163146973e-01
7.876976728439331055e-01
7.815851569175720215e-01
7.789088487625122070e-01
7.837764024734497070e-01
7.711333036422729492e-01
7.767966985702514648e-01
7.828955650329589844e-01
8.025282025337219238e-01
7.868376970291137695e-01
7.367416620254516602e-01
7.975109815597534180e-01
7.818049788475036621e-01
7.881405353546142578e-01
7.732909917831420898e-01
8.004733324050903320e-01
7.845532894134521484e-01
8.134786486625671387e-01
7.861413955688476562e-01
8.002977967262268066e-01
8.128069043159484863e-01
7.972183823585510254e-01
8.103364706039428711e-01
8.157760500907897949e-01
8.235973715782165527e-01
7.852351069450378418e-01
8.121794462203979492e-01
8.011857271194458008e-01
8.392211794853210449e-01
8.243576288223266602e-01
7.856472134590148926e-01
8.378447294235229492e-01
8.538144826889038086e-01
8.308205008506774902e-01
8.472340703010559082e-01
8.478822112083435059e-01
8.525667786598205566e-01
8.538876175880432129e-01
8.599926829338073730e-01
8.442887067794799805e-01
8.654968738555908203e-01
8.599915504455566406e-01
8.631121516227722168e-01
8.458024263381958008e-01
8.675802350044250488e-01
8.587995767593383789e-01
8.749717473983764648e-01
8.651719689369201660e-01
8.621118068695068359e-01
8.886833190917968750e-01
8.807092308998107910e-01
8.576089143753051758e-01
8.926925063133239746e-01
8.584635853767395020e-01
8.893648386001586914e-01
8.663921356201171875e-01
8.829737901687622070e-01
9.006186723709106445e-01
8.857217431068420410e-01
8.964729905128479004e-01
8.821645975112915039e-01
8.768025636672973633e-01
8.898447751998901367e-01
8.682325482368469238e-01
9.080295562744140625e-01
7.858608365058898926e-01
8.598954081535339355e-01
9.055811166763305664e-01
8.598902225494384766e-01
9.106664061546325684e-01
8.786845803260803223e-01
8.973646163940429688e-01
9.029496312141418457e-01
8.871878385543823242e-01
9.168930649757385254e-01
9.000991582870483398e-01
8.690792918205261230e-01
8.440371155738830566e-01
8.963001966476440430e-01
9.367133975028991699e-01
9.222078919410705566e-01
9.380863308906555176e-01
9.208611249923706055e-01
8.993519544601440430e-01
9.072281122207641602e-01
9.020279049873352051e-01
9.479135870933532715e-01
9.429885745048522949e-01
9.301916956901550293e-01
9.578769803047180176e-01
9.317298531532287598e-01
8.105950951576232910e-01
9.488172531127929688e-01
9.335461854934692383e-01
9.700134396553039551e-01
8.450363874435424805e-01
9.748441576957702637e-01
9.573865532875061035e-01
9.414095282554626465e-01
9.242027401924133301e-01
9.785407185554504395e-01
9.349547028541564941e-01
9.870126843452453613e-01
9.348037838935852051e-01
9.621132016181945801e-01
9.261556267738342285e-01
9.771627187728881836e-01
9.939632415771484375e-01
9.557796716690063477e-01
8.201220035552978516e-01
