6.225892305374145508e-01
6.517849564552307129e-01
6.412144899368286133e-01
6.606395840644836426e-01
6.476992368698120117e-01
6.468650102615356445e-01
6.616687774658203125e-01
6.602364182472229004e-01
6.592803001403808594e-01
6.673698425292968750e-01
6.664795279502868652e-01
6.614516377449035645e-01
6.813960671424865723e-01
6.775087118148803711e-01
6.801465153694152832e-01
6.814933419227600098e-01
6.825008392333984375e-01
6.840166449546813965e-01
6.753183007240295410e-01
6.843304634094238281e-01
6.591315269470214844e-01
6.802825331687927246e-01
6.802394986152648926e-01
7.064725756645202637e-01
6.849540472030639648e-01
6.890242099761962891e-01
7.026354074478149414e-01
6.909920573234558105e-01
6.983751058578491211e-01
7.000533342361450195e-01
7.000294327735900879e-01
7.020954489707946777e-01
6.875116229057312012e-01
6.912381052970886230e-01
6.921105384826660156e-01
6.928925514221191406e-01
6.946555376052856445e-01
7.049526572227478027e-01
7.080863118171691895e-01
7.177495956420898438e-01
6.935046315193176270e-01
7.048052549362182617e-01
6.989680528640747070e-01
7.133857607841491699e-01
7.006603479385375977e-01
6.726078987121582031e-01
7.012058496475219727e-01
7.188832759857177734e-01
7.143349647521972656e-01
7.104918956756591797e-01
6.942923069000244141e-01
7.127278447151184082e-01
6.946498155593872070e-01
7.034586071968078613e-01
7.074728012084960938e-01
6.992717385292053223e-01
7.207902073860168457e-01
7.228943705558776855e-01
7.119182944297790527e-01
6.954342722892761230e-01
7.256866693496704102e-01
7.262061238288879395e-01
7.268937826156616211e-01
7.243523001670837402e-01
7.197762131690979004e-01
7.138530611991882324e-01
7.389209866523742676e-01
7.398007512092590332e-01
7.258119583129882812e-01
7.359597682952880859e-01
7.267497181892395020e-01
7.472794055938720703e-01
7.158018350601196289e-01
7.499921917915344238e-01
7.605963349342346191e-01
7.558212280273437500e-01
7.542161345481872559e-01
7.701080441474914551e-01
7.527751326560974121e-01
7.254576683044433594e-01
7.623406052589416504e-01
7.293030023574829102e-01
7.307069897651672363e-01
7.240562438964843750e-01
7.751463651657104492e-01
7.439373731613159180e-01
7.963179945945739746e-01
7.947319746017456055e-01
7.869763970375061035e-01
7.455745935440063477e-01
7.744660973548889160e-01
7.876511812210083008e-01
7.904519438743591309e-01
7.868603467941284180e-01
7.874050140380859375e-01
7.862941026687622070e-01
7.930396795272827148e-01
8.021993041038513184e-01
8.084822893142700195e-01
7.857483029365539551e-01
8.061402440071105957e-01
7.651888728141784668e-01
7.910122275352478027e-01
7.860223054885864258e-01
8.064993619918823242e-01
8.056867718696594238e-01
8.085923194885253906e-01
7.829401493072509766e-01
8.152100443840026855e-01
8.151278495788574219e-01
8.043267726898193359e-01
8.182025551795959473e-01
8.202090859413146973e-01
7.988176941871643066e-01
8.085314035415649414e-01
8.233949542045593262e-01
8.223864436149597168e-01
8.242638111114501953e-01
8.354718089103698730e-01
8.315720558166503906e-01
8.439799547195434570e-01
8.331079483032226562e-01
8.407789468765258789e-01
8.606657385826110840e-01
8.557522892951965332e-01
8.576399087905883789e-01
8.559991121292114258e-01
8.521527051925659180e-01
8.129426240921020508e-01
8.432347774505615234e-01
8.642323017120361328e-01
8.862171769142150879e-01
8.595860004425048828e-01
8.603051304817199707e-01
8.785668015480041504e-01
8.881775140762329102e-01
8.673964142799377441e-01
8.995493054389953613e-01
8.818281292915344238e-01
8.663913011550903320e-01
8.756541013717651367e-01
8.775261044502258301e-01
8.730788826942443848e-01
8.850370049476623535e-01
9.072421789169311523e-01
8.962928056716918945e-01
8.954327702522277832e-01
8.870947957038879395e-01
9.025775790214538574e-01
8.738740682601928711e-01
8.942733407020568848e-01
8.668571114540100098e-01
7.953486442565917969e-01
9.019033312797546387e-01
8.999201059341430664e-01
8.751780986785888672e-01
8.949079513549804688e-01
9.100356698036193848e-01
8.861688971519470215e-01
9.094850420951843262e-01
9.193009138107299805e-01
9.140903353691101074e-01
9.184228777885437012e-01
8.879371285438537598e-01
8.958142995834350586e-01
9.076458811759948730e-01
9.223405122756958008e-01
9.156074523925781250e-01
9.299609065055847168e-01
8.775500059127807617e-01
9.282199144363403320e-01
9.296535849571228027e-01
9.118356108665466309e-01
9.252195954322814941e-01
9.352998733520507812e-01
9.313981533050537109e-01
9.122658967971801758e-01
9.449969530105590820e-01
9.334481954574584961e-01
9.538917541503906250e-01
9.300435781478881836e-01
9.765061140060424805e-01
9.287647604942321777e-01
9.587316513061523438e-01
9.264774918556213379e-01
9.514148235321044922e-01
9.430342912673950195e-01
9.779632091522216797e-01
9.432263374328613281e-01
9.565543532371520996e-01
9.719846844673156738e-01
9.353649616241455078e-01
8.727797865867614746e-01
9.648621678352355957e-01
9.618062376976013184e-01
9.345173239707946777e-01
-9.899900000000000000e+04
9.701333642005920410e-01
9.016653895378112793e-01
9.715301394462585449e-01
9.752625226974487305e-01
-9.899900000000000000e+04
9.457752108573913574e-01
9.772301316261291504e-01
8.981388807296752930e-01
-9.899900000000000000e+04
9.850761294364929199e-01
-9.899900000000000000e+04
