6.461329460144042969e-01
6.257067918777465820e-01
6.406359076499938965e-01
6.632860302925109863e-01
6.476992368698120117e-01
6.472339630126953125e-01
6.616687774658203125e-01
6.712651252746582031e-01
6.637279391288757324e-01
6.637250781059265137e-01
6.664795279502868652e-01
6.566753387451171875e-01
6.633976101875305176e-01
6.840402483940124512e-01
6.822105050086975098e-01
6.849688887596130371e-01
6.769139170646667480e-01
6.743230819702148438e-01
6.753183007240295410e-01
6.843210458755493164e-01
6.755523085594177246e-01
6.750268340110778809e-01
6.803619265556335449e-01
6.880162358283996582e-01
6.860341429710388184e-01
7.002747058868408203e-01
6.881282329559326172e-01
6.913158297538757324e-01
7.003341317176818848e-01
6.922535300254821777e-01
7.112637162208557129e-01
6.950945854187011719e-01
6.988686323165893555e-01
6.869524121284484863e-01
6.898364424705505371e-01
6.921381354331970215e-01
7.038966417312622070e-01
6.986254453659057617e-01
6.928834915161132812e-01
7.022771835327148438e-01
6.988303065299987793e-01
7.170456647872924805e-01
7.004169225692749023e-01
7.009941935539245605e-01
6.959536671638488770e-01
6.936388015747070312e-01
7.013833522796630859e-01
7.168177366256713867e-01
7.178912758827209473e-01
7.056889533996582031e-01
7.173232436180114746e-01
7.130019664764404297e-01
7.123879790306091309e-01
6.806990504264831543e-01
6.987616419792175293e-01
7.237881422042846680e-01
7.047879099845886230e-01
7.254667282104492188e-01
7.152146697044372559e-01
7.293847203254699707e-01
7.263286709785461426e-01
7.298355102539062500e-01
7.327760457992553711e-01
7.204012274742126465e-01
7.291086912155151367e-01
7.238349318504333496e-01
7.158249020576477051e-01
7.260112166404724121e-01
7.375919818878173828e-01
7.200705409049987793e-01
7.422307729721069336e-01
7.412509322166442871e-01
7.400655746459960938e-01
7.500010132789611816e-01
7.489871382713317871e-01
7.430718541145324707e-01
7.464743256568908691e-01
7.106531262397766113e-01
7.493106126785278320e-01
7.676110863685607910e-01
7.246244549751281738e-01
7.470378279685974121e-01
7.427331209182739258e-01
7.465178370475769043e-01
7.589710950851440430e-01
7.882978916168212891e-01
7.712135314941406250e-01
7.737993001937866211e-01
7.732889652252197266e-01
7.708860039710998535e-01
7.903680205345153809e-01
7.631451487541198730e-01
7.962039113044738770e-01
7.920039296150207520e-01
7.816273570060729980e-01
7.919138669967651367e-01
7.837377786636352539e-01
7.964915633201599121e-01
7.545909285545349121e-01
7.934115529060363770e-01
7.882582545280456543e-01
8.076763749122619629e-01
7.936471104621887207e-01
7.878116369247436523e-01
7.996593117713928223e-01
8.037765622138977051e-01
8.109040856361389160e-01
7.930679321289062500e-01
8.130829930305480957e-01
7.904947996139526367e-01
8.217426538467407227e-01
8.249942064285278320e-01
7.973735928535461426e-01
8.213334083557128906e-01
8.074298501014709473e-01
7.925145626068115234e-01
7.984865903854370117e-01
8.012232780456542969e-01
7.692490220069885254e-01
8.174179792404174805e-01
8.469932079315185547e-01
8.302580118179321289e-01
8.456194996833801270e-01
8.273876309394836426e-01
8.578584790229797363e-01
8.609459996223449707e-01
8.572638034820556641e-01
8.444016575813293457e-01
8.616585135459899902e-01
8.346543908119201660e-01
8.627839088439941406e-01
8.537515997886657715e-01
8.693125247955322266e-01
8.559596538543701172e-01
8.732928633689880371e-01
7.728651165962219238e-01
8.515645861625671387e-01
8.662636280059814453e-01
8.840875029563903809e-01
8.781120777130126953e-01
8.771097660064697266e-01
8.720420598983764648e-01
8.741347789764404297e-01
8.807592988014221191e-01
8.709580898284912109e-01
8.885893225669860840e-01
9.000278115272521973e-01
9.029886722564697266e-01
8.781806230545043945e-01
8.827617764472961426e-01
8.996228575706481934e-01
8.943030834197998047e-01
8.982543349266052246e-01
9.182014465332031250e-01
9.027153849601745605e-01
8.950423598289489746e-01
9.206256866455078125e-01
8.755213022232055664e-01
8.729659318923950195e-01
8.715485930442810059e-01
8.709402084350585938e-01
8.919781446456909180e-01
9.081242680549621582e-01
9.360232949256896973e-01
8.917458057403564453e-01
8.871954679489135742e-01
9.154857993125915527e-01
8.982125520706176758e-01
9.233090281486511230e-01
9.313977360725402832e-01
9.289606213569641113e-01
9.235828518867492676e-01
9.178438782691955566e-01
7.552860379219055176e-01
9.219609498977661133e-01
9.536710977554321289e-01
9.355240464210510254e-01
9.395011067390441895e-01
9.413897991180419922e-01
9.420791864395141602e-01
7.701506018638610840e-01
9.315963983535766602e-01
9.515363574028015137e-01
9.107338786125183105e-01
9.513157606124877930e-01
7.199028134346008301e-01
9.274265766143798828e-01
9.922013878822326660e-01
9.715400338172912598e-01
9.330738782882690430e-01
9.806979298591613770e-01
9.867377281188964844e-01
9.773198962211608887e-01
9.930713176727294922e-01
9.919783473014831543e-01
9.604930281639099121e-01
-9.899900000000000000e+04
8.579270839691162109e-01
9.913954734802246094e-01
8.110651373863220215e-01
8.595241308212280273e-01
9.719375967979431152e-01
9.256452918052673340e-01
9.546101093292236328e-01
-9.899900000000000000e+04
9.876799583435058594e-01
9.893065094947814941e-01
9.721614122390747070e-01
9.722748398780822754e-01
