6.225892305374145508e-01
6.358127593994140625e-01
6.406359076499938965e-01
6.632860302925109863e-01
6.476992368698120117e-01
6.521380543708801270e-01
6.616687774658203125e-01
6.700686812400817871e-01
6.598170399665832520e-01
6.603102087974548340e-01
6.664795279502868652e-01
6.596245169639587402e-01
6.817724108695983887e-01
6.840402483940124512e-01
6.808091402053833008e-01
6.849688887596130371e-01
6.745044589042663574e-01
6.668570041656494141e-01
6.686673164367675781e-01
6.757357120513916016e-01
6.745607256889343262e-01
6.825096607208251953e-01
6.871144175529479980e-01
6.878223419189453125e-01
6.976017355918884277e-01
6.925680041313171387e-01
6.869763731956481934e-01
6.917837262153625488e-01
6.875582337379455566e-01
7.060987949371337891e-01
6.927626132965087891e-01
6.879810690879821777e-01
6.915193796157836914e-01
6.914362907409667969e-01
6.940876841545104980e-01
7.028777599334716797e-01
6.958599090576171875e-01
7.037948369979858398e-01
7.007731199264526367e-01
7.035105824470520020e-01
7.116172313690185547e-01
7.126745581626892090e-01
6.793554425239562988e-01
7.021678090095520020e-01
7.152057290077209473e-01
7.006015181541442871e-01
7.063177824020385742e-01
7.017298936843872070e-01
7.142265439033508301e-01
7.087457776069641113e-01
7.033749818801879883e-01
7.131085395812988281e-01
6.995477080345153809e-01
7.061566710472106934e-01
7.107771039009094238e-01
7.171778678894042969e-01
7.193715572357177734e-01
7.126078605651855469e-01
7.144216299057006836e-01
7.273395061492919922e-01
7.296622991561889648e-01
7.325391173362731934e-01
7.286933660507202148e-01
7.327602505683898926e-01
7.202385067939758301e-01
7.369340062141418457e-01
7.257680296897888184e-01
7.327470183372497559e-01
7.275618910789489746e-01
7.364358901977539062e-01
7.325941920280456543e-01
7.511594295501708984e-01
7.173569798469543457e-01
7.254130840301513672e-01
7.625252008438110352e-01
7.651780843734741211e-01
7.385081052780151367e-01
7.407253384590148926e-01
7.570701241493225098e-01
7.552723884582519531e-01
7.312133908271789551e-01
7.474565505981445312e-01
7.641121745109558105e-01
7.653537392616271973e-01
7.735835909843444824e-01
7.744897007942199707e-01
7.780714035034179688e-01
7.707821130752563477e-01
7.496822476387023926e-01
7.891614437103271484e-01
7.768712043762207031e-01
7.731587886810302734e-01
7.864511013031005859e-01
7.877463698387145996e-01
7.911707758903503418e-01
7.544950842857360840e-01
7.861022353172302246e-01
7.673608064651489258e-01
7.952901124954223633e-01
7.820163369178771973e-01
8.028263449668884277e-01
7.921243309974670410e-01
7.896701097488403320e-01
7.901352047920227051e-01
7.975584864616394043e-01
7.935852408409118652e-01
8.047809600830078125e-01
8.214029669761657715e-01
8.013218641281127930e-01
8.179472684860229492e-01
7.988876104354858398e-01
8.059496283531188965e-01
8.216889500617980957e-01
8.302439451217651367e-01
8.196193575859069824e-01
7.980797886848449707e-01
8.084439635276794434e-01
8.378410935401916504e-01
8.479751944541931152e-01
8.547402024269104004e-01
8.381067514419555664e-01
8.523743152618408203e-01
8.400387763977050781e-01
8.527344465255737305e-01
8.597478270530700684e-01
8.473848104476928711e-01
8.428227901458740234e-01
8.603588938713073730e-01
7.750132679939270020e-01
8.549185395240783691e-01
8.603761196136474609e-01
8.225072026252746582e-01
8.609191179275512695e-01
8.687559366226196289e-01
8.918255567550659180e-01
8.708400726318359375e-01
8.565418720245361328e-01
8.734678626060485840e-01
8.699461221694946289e-01
8.802362680435180664e-01
8.675998449325561523e-01
8.655275702476501465e-01
8.519856929779052734e-01
8.835942745208740234e-01
8.871892690658569336e-01
8.813150525093078613e-01
8.510979413986206055e-01
8.832141160964965820e-01
8.775708079338073730e-01
8.968465924263000488e-01
8.775783181190490723e-01
9.005107283592224121e-01
8.877201080322265625e-01
9.121083617210388184e-01
8.797851800918579102e-01
9.236069321632385254e-01
8.947763442993164062e-01
8.930210471153259277e-01
9.198173880577087402e-01
9.152536392211914062e-01
9.235150814056396484e-01
8.833907842636108398e-01
9.002411365509033203e-01
9.193950891494750977e-01
9.239840507507324219e-01
9.103304147720336914e-01
9.276118874549865723e-01
8.855930566787719727e-01
9.066268205642700195e-01
8.173553347587585449e-01
9.263367652893066406e-01
9.079896807670593262e-01
7.442638874053955078e-01
8.865579366683959961e-01
9.275337457656860352e-01
9.478394985198974609e-01
9.404933452606201172e-01
9.171541929244995117e-01
9.616730213165283203e-01
9.314654469490051270e-01
9.503021240234375000e-01
8.054779767990112305e-01
9.363847374916076660e-01
9.597367048263549805e-01
9.465372562408447266e-01
9.474169015884399414e-01
9.484944939613342285e-01
9.730643630027770996e-01
9.903852343559265137e-01
9.475352168083190918e-01
9.901623725891113281e-01
9.445992708206176758e-01
9.903935790061950684e-01
9.778393507003784180e-01
9.748256802558898926e-01
9.872117042541503906e-01
9.123564362525939941e-01
9.924675226211547852e-01
9.713330268859863281e-01
1.000511765480041504e+00
9.866172075271606445e-01
8.498174548149108887e-01
8.454081416130065918e-01
-9.899900000000000000e+04
9.801902770996093750e-01
9.508905410766601562e-01
-9.899900000000000000e+04
-9.899900000000000000e+04
-9.899900000000000000e+04
1.008318662643432617e+00
-9.899900000000000000e+04
9.892148971557617188e-01
-9.899900000000000000e+04
-9.899900000000000000e+04
-9.899900000000000000e+04
-9.899900000000000000e+04
-9.899900000000000000e+04
-9.899900000000000000e+04
-9.899900000000000000e+04
-9.899900000000000000e+04
8.252522945404052734e-01
-9.899900000000000000e+04
-9.899900000000000000e+04
9.851090908050537109e-01
-9.899900000000000000e+04
-9.899900000000000000e+04
-9.899900000000000000e+04
8.918852806091308594e-01
-9.899900000000000000e+04
-9.899900000000000000e+04
-9.899900000000000000e+04
-9.899900000000000000e+04
-9.899900000000000000e+04
-9.899900000000000000e+04
-9.899900000000000000e+04
-9.899900000000000000e+04
-9.899900000000000000e+04
-9.899900000000000000e+04
-9.899900000000000000e+04
-9.899900000000000000e+04
-9.899900000000000000e+04
-9.899900000000000000e+04
-9.899900000000000000e+04
9.539343118667602539e-01
-9.899900000000000000e+04
-9.899900000000000000e+04
-9.899900000000000000e+04
-9.899900000000000000e+04
-9.899900000000000000e+04
-9.899900000000000000e+04
-9.899900000000000000e+04
-9.899900000000000000e+04
-9.899900000000000000e+04
-9.899900000000000000e+04
-9.899900000000000000e+04
-9.899900000000000000e+04
-9.899900000000000000e+04
-9.899900000000000000e+04
-9.899900000000000000e+04
9.667086601257324219e-01
9.915937185287475586e-01
-9.899900000000000000e+04
-9.899900000000000000e+04
-9.899900000000000000e+04
-9.899900000000000000e+04
-9.899900000000000000e+04
-9.899900000000000000e+04
-9.899900000000000000e+04
-9.899900000000000000e+04
-9.899900000000000000e+04
9.546445012092590332e-01
-9.899900000000000000e+04
-9.899900000000000000e+04
-9.899900000000000000e+04
-9.899900000000000000e+04
-9.899900000000000000e+04
-9.899900000000000000e+04
4.136087894439697266e-01
-9.899900000000000000e+04
