6.309524774551391602e-01
6.358127593994140625e-01
6.402796506881713867e-01
6.606395840644836426e-01
6.476992368698120117e-01
6.525678634643554688e-01
6.686866879463195801e-01
6.678663492202758789e-01
6.583522558212280273e-01
6.637250781059265137e-01
6.738380193710327148e-01
6.746125817298889160e-01
6.762049198150634766e-01
6.657763719558715820e-01
6.794710755348205566e-01
6.695431470870971680e-01
6.758943796157836914e-01
6.660917401313781738e-01
6.685377955436706543e-01
6.843210458755493164e-01
6.899451017379760742e-01
6.872458457946777344e-01
6.651087403297424316e-01
7.045492529869079590e-01
6.882070302963256836e-01
6.991040706634521484e-01
7.026354074478149414e-01
6.890015006065368652e-01
6.973822712898254395e-01
6.918540596961975098e-01
6.942000985145568848e-01
6.807694435119628906e-01
6.940789222717285156e-01
6.912381052970886230e-01
6.948868632316589355e-01
6.926264762878417969e-01
6.943072676658630371e-01
6.973558068275451660e-01
7.013962268829345703e-01
7.162116169929504395e-01
7.029383778572082520e-01
7.059310078620910645e-01
6.860904693603515625e-01
7.096167206764221191e-01
6.940609812736511230e-01
6.954102516174316406e-01
7.094507217407226562e-01
7.189494371414184570e-01
7.157085537910461426e-01
7.010707259178161621e-01
7.173884510993957520e-01
7.091243863105773926e-01
7.023091316223144531e-01
7.083979845046997070e-01
7.221333384513854980e-01
7.212545871734619141e-01
7.116355299949645996e-01
7.244276404380798340e-01
7.244624495506286621e-01
7.277120947837829590e-01
7.319646477699279785e-01
7.200105190277099609e-01
7.247499227523803711e-01
7.313413023948669434e-01
7.180587053298950195e-01
7.366026043891906738e-01
7.355944514274597168e-01
7.208356857299804688e-01
7.410730719566345215e-01
7.286632657051086426e-01
7.330062985420227051e-01
7.488654255867004395e-01
7.427763938903808594e-01
7.320584058761596680e-01
7.680684924125671387e-01
7.360961437225341797e-01
7.398652434349060059e-01
7.588785886764526367e-01
7.624659538269042969e-01
7.621712088584899902e-01
7.080159187316894531e-01
7.430246472358703613e-01
7.497420907020568848e-01
7.622875571250915527e-01
7.548506855964660645e-01
7.768756151199340820e-01
7.744668126106262207e-01
7.963496446609497070e-01
7.921134233474731445e-01
7.922453284263610840e-01
7.702670097351074219e-01
7.612821459770202637e-01
7.877699732780456543e-01
7.964940071105957031e-01
7.848930358886718750e-01
7.869917750358581543e-01
7.585310935974121094e-01
7.796146869659423828e-01
7.847995162010192871e-01
7.980597019195556641e-01
7.974668741226196289e-01
7.988560199737548828e-01
7.901849150657653809e-01
8.141382932662963867e-01
8.016023039817810059e-01
7.811427116394042969e-01
7.809893488883972168e-01
8.084462881088256836e-01
8.179379105567932129e-01
7.822382450103759766e-01
8.102629780769348145e-01
8.157633543014526367e-01
8.198623061180114746e-01
8.002957105636596680e-01
7.843952178955078125e-01
8.036578297615051270e-01
8.392929434776306152e-01
7.947646379470825195e-01
8.444229960441589355e-01
8.338570594787597656e-01
8.544788360595703125e-01
8.489667773246765137e-01
8.243622183799743652e-01
8.593158721923828125e-01
8.587362766265869141e-01
8.653424978256225586e-01
8.525760769844055176e-01
8.422079682350158691e-01
8.560897707939147949e-01
8.291296362876892090e-01
8.711712360382080078e-01
8.560318946838378906e-01
8.369780182838439941e-01
8.613722920417785645e-01
8.893655538558959961e-01
8.759726285934448242e-01
8.410273790359497070e-01
8.761000633239746094e-01
8.731556534767150879e-01
8.708212375640869141e-01
8.419691920280456543e-01
8.621893525123596191e-01
8.723154067993164062e-01
8.830222487449645996e-01
8.981943726539611816e-01
8.935074210166931152e-01
8.917015790939331055e-01
8.878839015960693359e-01
8.857463002204895020e-01
9.024086594581604004e-01
8.876006603240966797e-01
9.158548116683959961e-01
8.072256445884704590e-01
8.914811015129089355e-01
9.009399414062500000e-01
9.039866328239440918e-01
8.932169079780578613e-01
8.910689949989318848e-01
8.682988882064819336e-01
9.103526473045349121e-01
9.211860299110412598e-01
8.935796618461608887e-01
8.802621364593505859e-01
9.013433456420898438e-01
9.223024845123291016e-01
9.206036925315856934e-01
9.177277684211730957e-01
9.219532608985900879e-01
9.215051531791687012e-01
9.323835968971252441e-01
8.475846052169799805e-01
8.858345746994018555e-01
9.149760603904724121e-01
8.991989493370056152e-01
9.363701343536376953e-01
8.218407630920410156e-01
8.050231933593750000e-01
9.323928952217102051e-01
8.567042350769042969e-01
9.270281195640563965e-01
9.520366787910461426e-01
9.360613822937011719e-01
9.508256912231445312e-01
9.047423601150512695e-01
9.495577216148376465e-01
9.522618055343627930e-01
9.486589431762695312e-01
9.539179801940917969e-01
9.678680896759033203e-01
9.518620371818542480e-01
9.756723046302795410e-01
9.685776829719543457e-01
9.796866178512573242e-01
9.622815847396850586e-01
9.621468186378479004e-01
9.620606899261474609e-01
1.002809405326843262e+00
9.807287454605102539e-01
9.715315699577331543e-01
9.765694737434387207e-01
9.786278605461120605e-01
-9.899900000000000000e+04
9.522828459739685059e-01
9.808734655380249023e-01
-9.899900000000000000e+04
9.771713018417358398e-01
1.011610269546508789e+00
9.859347939491271973e-01
