6.461329460144042969e-01
6.257067918777465820e-01
6.407510042190551758e-01
6.632860302925109863e-01
6.455930471420288086e-01
6.525678634643554688e-01
6.686866879463195801e-01
6.703080534934997559e-01
6.596282720565795898e-01
6.654602885246276855e-01
6.774538755416870117e-01
6.636283397674560547e-01
6.753827929496765137e-01
6.711479425430297852e-01
6.669101715087890625e-01
6.690617203712463379e-01
6.831842660903930664e-01
6.863613128662109375e-01
6.700667738914489746e-01
6.853554844856262207e-01
6.811931729316711426e-01
6.753953099250793457e-01
6.802200078964233398e-01
6.881994009017944336e-01
7.024981975555419922e-01
6.991040706634521484e-01
6.885696649551391602e-01
6.937755942344665527e-01
6.878539323806762695e-01
7.048460245132446289e-01
6.927626132965087891e-01
6.921018958091735840e-01
7.017874121665954590e-01
7.011776566505432129e-01
6.952776312828063965e-01
7.028777599334716797e-01
7.021296024322509766e-01
6.854717731475830078e-01
6.990178823471069336e-01
7.112755775451660156e-01
7.031590342521667480e-01
7.036030292510986328e-01
7.016193270683288574e-01
7.091786265373229980e-01
7.069962620735168457e-01
7.040175199508666992e-01
7.116148471832275391e-01
7.061777710914611816e-01
7.105723023414611816e-01
6.923001408576965332e-01
7.036425471305847168e-01
7.094847559928894043e-01
7.001684904098510742e-01
7.046256065368652344e-01
7.193756699562072754e-01
7.215287089347839355e-01
7.215831279754638672e-01
7.233676910400390625e-01
7.248913049697875977e-01
7.167243361473083496e-01
7.128640413284301758e-01
7.206437587738037109e-01
7.169297337532043457e-01
7.029162645339965820e-01
7.284594178199768066e-01
7.339543104171752930e-01
7.304481267929077148e-01
7.390567064285278320e-01
7.390102744102478027e-01
7.308079600334167480e-01
7.433900237083435059e-01
7.334784865379333496e-01
7.649160027503967285e-01
7.290577292442321777e-01
7.337787151336669922e-01
7.342312932014465332e-01
7.354279756546020508e-01
7.592431902885437012e-01
7.411729693412780762e-01
7.400687932968139648e-01
7.713420987129211426e-01
7.550030350685119629e-01
7.531847357749938965e-01
7.387773990631103516e-01
7.649444341659545898e-01
7.674589753150939941e-01
7.249013781547546387e-01
7.567850947380065918e-01
7.865101099014282227e-01
7.671403884887695312e-01
7.553868889808654785e-01
7.755416035652160645e-01
7.862783670425415039e-01
7.878178954124450684e-01
7.809586524963378906e-01
7.914675474166870117e-01
7.833741307258605957e-01
7.959339022636413574e-01
7.868525981903076172e-01
7.992423772811889648e-01
7.556814551353454590e-01
8.011220097541809082e-01
7.982477545738220215e-01
7.939754128456115723e-01
7.736215591430664062e-01
7.971393465995788574e-01
7.762221097946166992e-01
7.941487431526184082e-01
8.124548196792602539e-01
7.437087893486022949e-01
8.191769123077392578e-01
8.035435676574707031e-01
7.998941540718078613e-01
7.463046908378601074e-01
8.017506003379821777e-01
7.946917414665222168e-01
7.982698082923889160e-01
8.162177801132202148e-01
8.264371156692504883e-01
8.442395329475402832e-01
8.430180549621582031e-01
8.486457467079162598e-01
8.388942480087280273e-01
8.553161025047302246e-01
8.651496767997741699e-01
8.488776683807373047e-01
8.395684957504272461e-01
8.546063899993896484e-01
8.562259674072265625e-01
8.530148267745971680e-01
8.675119280815124512e-01
8.603208065032958984e-01
8.627585172653198242e-01
8.818138241767883301e-01
8.736206889152526855e-01
8.786416649818420410e-01
8.718141317367553711e-01
8.696430921554565430e-01
8.846387267112731934e-01
8.375896215438842773e-01
8.786354064941406250e-01
8.406563997268676758e-01
8.884791731834411621e-01
8.885306119918823242e-01
8.924898505210876465e-01
8.949419260025024414e-01
8.970114588737487793e-01
9.026479721069335938e-01
7.900621294975280762e-01
9.074215292930603027e-01
9.020234346389770508e-01
8.690358996391296387e-01
8.608580827713012695e-01
7.994110584259033203e-01
8.864727616310119629e-01
9.086484313011169434e-01
9.091894626617431641e-01
9.100964069366455078e-01
8.865475654602050781e-01
9.064050912857055664e-01
8.954847455024719238e-01
8.997918367385864258e-01
9.247829318046569824e-01
9.097304940223693848e-01
8.980996012687683105e-01
9.065985083580017090e-01
9.304666519165039062e-01
9.293512701988220215e-01
9.300305843353271484e-01
9.133989810943603516e-01
9.103200435638427734e-01
9.125457406044006348e-01
7.756657600402832031e-01
8.701070547103881836e-01
9.151287078857421875e-01
9.325032830238342285e-01
9.242461323738098145e-01
9.392880797386169434e-01
9.028034210205078125e-01
9.363999962806701660e-01
9.373655915260314941e-01
9.492925405502319336e-01
9.497306942939758301e-01
9.343975782394409180e-01
9.169015288352966309e-01
9.511722922325134277e-01
9.732373356819152832e-01
9.226319789886474609e-01
9.592804312705993652e-01
9.000751376152038574e-01
9.257712364196777344e-01
9.723746776580810547e-01
8.709476590156555176e-01
9.586934447288513184e-01
9.819198846817016602e-01
9.791535139083862305e-01
9.799105525016784668e-01
9.200017452239990234e-01
9.887697100639343262e-01
9.640804529190063477e-01
9.586264491081237793e-01
8.279513716697692871e-01
9.839214682579040527e-01
