6.291534900665283203e-01
6.358127593994140625e-01
6.412144899368286133e-01
6.606395840644836426e-01
6.476992368698120117e-01
6.639208197593688965e-01
6.525503396987915039e-01
6.678663492202758789e-01
6.734914183616638184e-01
6.673698425292968750e-01
6.748403310775756836e-01
6.614516377449035645e-01
6.678974032402038574e-01
6.785833835601806641e-01
6.808091402053833008e-01
6.848675608634948730e-01
6.748010516166687012e-01
6.882724761962890625e-01
6.717495918273925781e-01
6.843210458755493164e-01
6.811931729316711426e-01
6.800579428672790527e-01
6.752519607543945312e-01
6.992974281311035156e-01
6.946699619293212891e-01
6.943459510803222656e-01
6.854707598686218262e-01
7.043316960334777832e-01
6.917265057563781738e-01
6.996331810951232910e-01
6.832608580589294434e-01
7.026811242103576660e-01
6.848660707473754883e-01
7.009570598602294922e-01
6.992788314819335938e-01
6.955422163009643555e-01
6.960448622703552246e-01
6.977472305297851562e-01
7.089968919754028320e-01
7.162795066833496094e-01
7.080223560333251953e-01
7.112235426902770996e-01
6.996060609817504883e-01
7.009479999542236328e-01
6.926077008247375488e-01
7.085194587707519531e-01
6.992810964584350586e-01
7.068523764610290527e-01
7.112631797790527344e-01
6.961830258369445801e-01
7.021132707595825195e-01
7.005146145820617676e-01
7.127560377120971680e-01
7.192031741142272949e-01
6.985851526260375977e-01
7.206652760505676270e-01
7.229672074317932129e-01
7.124348878860473633e-01
7.245504856109619141e-01
7.137989997863769531e-01
7.256060838699340820e-01
7.206948399543762207e-01
7.261001467704772949e-01
7.193493843078613281e-01
7.321390509605407715e-01
7.362393736839294434e-01
7.166882753372192383e-01
7.389270067214965820e-01
7.386070489883422852e-01
7.306249141693115234e-01
7.315928936004638672e-01
7.511896491050720215e-01
7.303125262260437012e-01
7.564765810966491699e-01
7.454366683959960938e-01
7.533218264579772949e-01
7.578813433647155762e-01
7.363690733909606934e-01
7.517790794372558594e-01
7.365021705627441406e-01
7.346844673156738281e-01
7.352922558784484863e-01
7.498074173927307129e-01
7.651507258415222168e-01
7.579979300498962402e-01
7.740933299064636230e-01
7.846587300300598145e-01
7.799670100212097168e-01
7.739015817642211914e-01
7.721679210662841797e-01
7.838714718818664551e-01
7.775175571441650391e-01
7.651311159133911133e-01
7.820726633071899414e-01
7.928987145423889160e-01
7.855920791625976562e-01
7.907737493515014648e-01
7.462545037269592285e-01
7.618975043296813965e-01
7.865979075431823730e-01
8.055849671363830566e-01
7.845528721809387207e-01
7.976592183113098145e-01
8.106927275657653809e-01
8.015783429145812988e-01
7.870108485221862793e-01
8.041241765022277832e-01
8.032351732254028320e-01
8.204904198646545410e-01
7.854304909706115723e-01
7.873867154121398926e-01
7.985309958457946777e-01
8.175736069679260254e-01
8.229571580886840820e-01
7.822191119194030762e-01
8.308202624320983887e-01
8.349721431732177734e-01
8.167780637741088867e-01
8.339042067527770996e-01
8.505228757858276367e-01
8.448089361190795898e-01
8.279866576194763184e-01
8.541374206542968750e-01
8.546441197395324707e-01
8.411219120025634766e-01
8.565880060195922852e-01
8.551321625709533691e-01
8.210113644599914551e-01
8.338851332664489746e-01
8.585997223854064941e-01
8.469573259353637695e-01
8.877259492874145508e-01
8.651826977729797363e-01
8.718246221542358398e-01
8.472325801849365234e-01
8.801397085189819336e-01
8.883488774299621582e-01
8.587745428085327148e-01
8.774636983871459961e-01
8.792393207550048828e-01
8.664100766181945801e-01
9.007030725479125977e-01
8.811292648315429688e-01
8.526361584663391113e-01
8.904930353164672852e-01
8.943427801132202148e-01
8.929384946823120117e-01
9.002208709716796875e-01
8.937404751777648926e-01
8.540748357772827148e-01
8.795419931411743164e-01
8.642156720161437988e-01
8.833940625190734863e-01
8.916741609573364258e-01
9.056863188743591309e-01
9.097639918327331543e-01
8.217128515243530273e-01
8.919848799705505371e-01
9.233723282814025879e-01
9.310324192047119141e-01
8.717253804206848145e-01
8.857923746109008789e-01
9.012483358383178711e-01
8.962495923042297363e-01
9.308071136474609375e-01
8.999557495117187500e-01
9.087867736816406250e-01
8.778030276298522949e-01
8.969047069549560547e-01
9.252276420593261719e-01
9.248342514038085938e-01
9.274414181709289551e-01
9.354261755943298340e-01
8.570296168327331543e-01
9.288114309310913086e-01
9.086859226226806641e-01
9.386866688728332520e-01
9.369849562644958496e-01
9.070359468460083008e-01
9.577842950820922852e-01
9.316307902336120605e-01
9.419086575508117676e-01
9.420011639595031738e-01
9.050169587135314941e-01
9.412983655929565430e-01
9.584800601005554199e-01
9.621950387954711914e-01
9.260196089744567871e-01
9.177920818328857422e-01
9.792417287826538086e-01
9.771053791046142578e-01
9.494115114212036133e-01
9.594442844390869141e-01
9.725136756896972656e-01
8.498366475105285645e-01
9.623646736145019531e-01
9.738018512725830078e-01
9.818493127822875977e-01
8.666512370109558105e-01
9.900355339050292969e-01
-9.899900000000000000e+04
9.804982542991638184e-01
9.687498211860656738e-01
9.739736914634704590e-01
-9.899900000000000000e+04
9.705131649971008301e-01
9.734867215156555176e-01
9.861804246902465820e-01
9.683259725570678711e-01
8.249554634094238281e-01
-9.899900000000000000e+04
9.114978313446044922e-01
-9.899900000000000000e+04
9.829639196395874023e-01
-9.899900000000000000e+04
9.891330003738403320e-01
-9.899900000000000000e+04
9.339380860328674316e-01
9.820947051048278809e-01
7.583640217781066895e-01
-9.899900000000000000e+04
