6.291534900665283203e-01
6.257067918777465820e-01
6.412144899368286133e-01
6.606395840644836426e-01
6.627352833747863770e-01
6.459521055221557617e-01
6.574916243553161621e-01
6.678663492202758789e-01
6.592803001403808594e-01
6.654602885246276855e-01
6.664795279502868652e-01
6.636283397674560547e-01
6.751718521118164062e-01
6.715887188911437988e-01
6.811007857322692871e-01
6.787751913070678711e-01
6.741776466369628906e-01
6.710654497146606445e-01
6.732835769653320312e-01
6.843210458755493164e-01
6.899451017379760742e-01
6.768280863761901855e-01
6.810171008110046387e-01
6.964374780654907227e-01
6.966059207916259766e-01
6.925680041313171387e-01
7.027961015701293945e-01
6.933836936950683594e-01
6.868521571159362793e-01
6.919391751289367676e-01
6.992936730384826660e-01
6.888970136642456055e-01
7.106655240058898926e-01
6.989965438842773438e-01
6.916729211807250977e-01
6.957734823226928711e-01
6.958599090576171875e-01
7.037529349327087402e-01
7.014343142509460449e-01
7.162116169929504395e-01
7.135040760040283203e-01
7.049439549446105957e-01
7.091936469078063965e-01
6.995171904563903809e-01
7.043866515159606934e-01
7.046608328819274902e-01
7.040467858314514160e-01
7.111841440200805664e-01
7.171325683593750000e-01
6.973896026611328125e-01
6.935533881187438965e-01
7.202363610267639160e-01
6.953787207603454590e-01
7.142149806022644043e-01
6.985851526260375977e-01
7.219592928886413574e-01
6.810161471366882324e-01
7.259035110473632812e-01
7.263167500495910645e-01
7.300747632980346680e-01
7.210863232612609863e-01
7.254194021224975586e-01
7.267050147056579590e-01
7.311542630195617676e-01
7.351524829864501953e-01
7.363624572753906250e-01
7.379335165023803711e-01
7.105399966239929199e-01
7.410943508148193359e-01
7.406806349754333496e-01
7.433005571365356445e-01
7.441791892051696777e-01
7.493817806243896484e-01
7.514343261718750000e-01
7.234283089637756348e-01
7.539651989936828613e-01
7.547618150711059570e-01
7.685353755950927734e-01
7.462028264999389648e-01
7.420873045921325684e-01
7.553135752677917480e-01
7.510997056961059570e-01
7.552511692047119141e-01
7.636889815330505371e-01
7.703663110733032227e-01
7.573467493057250977e-01
7.628909945487976074e-01
7.589754462242126465e-01
7.768759727478027344e-01
7.779266834259033203e-01
7.788315415382385254e-01
7.745057344436645508e-01
7.959961891174316406e-01
7.764197587966918945e-01
7.799545526504516602e-01
7.978561520576477051e-01
8.086986541748046875e-01
7.573094367980957031e-01
7.977680563926696777e-01
7.943280339241027832e-01
7.976204752922058105e-01
7.913042902946472168e-01
7.648398876190185547e-01
7.750379443168640137e-01
7.701501846313476562e-01
7.956327795982360840e-01
8.084363937377929688e-01
8.122205138206481934e-01
7.931523919105529785e-01
8.111895322799682617e-01
7.974512577056884766e-01
7.970691323280334473e-01
7.991096973419189453e-01
8.030350804328918457e-01
8.157741427421569824e-01
8.262993097305297852e-01
8.011720776557922363e-01
8.238746523857116699e-01
8.468090295791625977e-01
8.349127769470214844e-01
8.459269404411315918e-01
8.276755809783935547e-01
8.355887532234191895e-01
8.426241874694824219e-01
8.541305661201477051e-01
8.538020849227905273e-01
8.489926457405090332e-01
8.504450321197509766e-01
8.681390285491943359e-01
8.633224368095397949e-01
8.588913679122924805e-01
8.618850111961364746e-01
8.600951433181762695e-01
8.760708570480346680e-01
8.753423094749450684e-01
8.519896864891052246e-01
8.626498579978942871e-01
8.460663557052612305e-01
8.647209405899047852e-01
8.773210048675537109e-01
8.842033147811889648e-01
8.373264670372009277e-01
8.842918872833251953e-01
8.966997861862182617e-01
8.897153735160827637e-01
8.973699808120727539e-01
8.908482789993286133e-01
8.738820552825927734e-01
9.040789604187011719e-01
8.794649839401245117e-01
8.770342469215393066e-01
8.889521956443786621e-01
8.998839259147644043e-01
9.002956748008728027e-01
8.963261842727661133e-01
8.670230507850646973e-01
9.045090675354003906e-01
8.865523338317871094e-01
9.038731455802917480e-01
8.048245310783386230e-01
9.242154359817504883e-01
9.249336123466491699e-01
8.986091613769531250e-01
8.571909666061401367e-01
7.928209304809570312e-01
9.169363975524902344e-01
9.152105450630187988e-01
9.235584735870361328e-01
9.149110317230224609e-01
8.951994180679321289e-01
9.280273318290710449e-01
9.137424230575561523e-01
9.413552880287170410e-01
9.392082095146179199e-01
9.199770689010620117e-01
9.145113825798034668e-01
9.162246584892272949e-01
9.459991455078125000e-01
9.457243680953979492e-01
9.359690546989440918e-01
9.172281622886657715e-01
9.553425312042236328e-01
9.497502446174621582e-01
9.368779063224792480e-01
9.596907496452331543e-01
9.031990170478820801e-01
9.123268723487854004e-01
9.638907313346862793e-01
9.719471335411071777e-01
9.772110581398010254e-01
9.331942200660705566e-01
8.334599137306213379e-01
9.728550910949707031e-01
9.832625985145568848e-01
9.743018150329589844e-01
9.195421338081359863e-01
9.793809056282043457e-01
9.781777858734130859e-01
9.758949279785156250e-01
9.477267265319824219e-01
8.655272126197814941e-01
9.750338196754455566e-01
-9.899900000000000000e+04
9.915605783462524414e-01
9.801865220069885254e-01
-9.899900000000000000e+04
1.014731407165527344e+00
-9.899900000000000000e+04
9.519678950309753418e-01
9.863355159759521484e-01
