6.225892305374145508e-01
6.257067918777465820e-01
6.562239527702331543e-01
6.632860302925109863e-01
6.627352833747863770e-01
6.472339630126953125e-01
6.603446006774902344e-01
6.710209250450134277e-01
6.761762499809265137e-01
6.637250781059265137e-01
6.752379536628723145e-01
6.587275862693786621e-01
6.751718521118164062e-01
6.772983670234680176e-01
6.713212132453918457e-01
6.715213656425476074e-01
6.750710010528564453e-01
6.743230819702148438e-01
6.773480176925659180e-01
6.843210458755493164e-01
6.899451017379760742e-01
6.750268340110778809e-01
6.840745210647583008e-01
6.934551596641540527e-01
6.882846951484680176e-01
6.975893378257751465e-01
6.893593072891235352e-01
7.023245096206665039e-01
6.968358159065246582e-01
6.945109963417053223e-01
6.819250583648681641e-01
6.884792447090148926e-01
6.945300102233886719e-01
6.963562369346618652e-01
6.821942329406738281e-01
6.928925514221191406e-01
7.019261717796325684e-01
6.985812187194824219e-01
7.070650458335876465e-01
7.048425078392028809e-01
7.144457101821899414e-01
7.046125531196594238e-01
7.037900090217590332e-01
7.168520689010620117e-01
6.936661005020141602e-01
7.178995609283447266e-01
7.131712436676025391e-01
7.099615335464477539e-01
7.077690958976745605e-01
6.965600848197937012e-01
6.959107518196105957e-01
6.981728672981262207e-01
7.019662857055664062e-01
7.023627758026123047e-01
7.075991630554199219e-01
7.098627686500549316e-01
6.858572959899902344e-01
7.276397943496704102e-01
7.102062702178955078e-01
7.268314361572265625e-01
7.158561944961547852e-01
7.091813087463378906e-01
7.284567356109619141e-01
7.309890389442443848e-01
7.243488430976867676e-01
7.363923192024230957e-01
7.206149101257324219e-01
7.385057806968688965e-01
7.143917679786682129e-01
7.344904541969299316e-01
7.321502566337585449e-01
7.226964235305786133e-01
7.597313523292541504e-01
7.273581027984619141e-01
7.582916617393493652e-01
7.507680058479309082e-01
7.391895055770874023e-01
7.513563036918640137e-01
7.196042537689208984e-01
7.443665266036987305e-01
7.384992837905883789e-01
7.556223273277282715e-01
7.403727769851684570e-01
7.542048692703247070e-01
7.703952193260192871e-01
7.392570376396179199e-01
7.563432455062866211e-01
7.792772054672241211e-01
7.825891971588134766e-01
7.740911245346069336e-01
7.854648232460021973e-01
7.759494185447692871e-01
7.771909832954406738e-01
7.461483478546142578e-01
7.854281067848205566e-01
7.872467637062072754e-01
7.943502068519592285e-01
7.952730059623718262e-01
7.684611082077026367e-01
7.758937478065490723e-01
7.893856167793273926e-01
8.054475784301757812e-01
7.930248975753784180e-01
7.784418463706970215e-01
7.814309000968933105e-01
7.891744375228881836e-01
8.071585297584533691e-01
7.961197495460510254e-01
8.017362952232360840e-01
7.880835533142089844e-01
7.982771992683410645e-01
8.105093836784362793e-01
8.210858702659606934e-01
8.220010995864868164e-01
7.952789664268493652e-01
8.306224346160888672e-01
7.946873903274536133e-01
7.916881442070007324e-01
8.377357125282287598e-01
8.420338630676269531e-01
8.123304843902587891e-01
8.553459644317626953e-01
8.393598198890686035e-01
8.590802550315856934e-01
8.415738344192504883e-01
8.756524324417114258e-01
8.624016642570495605e-01
8.468636870384216309e-01
8.518481254577636719e-01
8.571410179138183594e-01
8.427725434303283691e-01
8.515828847885131836e-01
8.490889072418212891e-01
8.595526218414306641e-01
8.553768992424011230e-01
8.584331274032592773e-01
8.761857748031616211e-01
8.675022125244140625e-01
8.406307697296142578e-01
8.917591571807861328e-01
8.676936626434326172e-01
8.517598509788513184e-01
8.795751333236694336e-01
8.854408264160156250e-01
8.757439851760864258e-01
8.986011147499084473e-01
9.018114805221557617e-01
8.824316859245300293e-01
8.906334638595581055e-01
9.183681607246398926e-01
8.947492241859436035e-01
8.709459900856018066e-01
8.897013664245605469e-01
8.735220432281494141e-01
8.743705749511718750e-01
8.386114835739135742e-01
8.897896409034729004e-01
9.078842401504516602e-01
8.932690024375915527e-01
9.194979071617126465e-01
9.173424243927001953e-01
8.692626953125000000e-01
8.126454949378967285e-01
9.135057926177978516e-01
9.267432093620300293e-01
7.506279349327087402e-01
9.280141592025756836e-01
9.264985918998718262e-01
9.239301085472106934e-01
8.883707523345947266e-01
8.753362298011779785e-01
8.984373807907104492e-01
9.219017624855041504e-01
9.213463664054870605e-01
9.432994723320007324e-01
9.259245395660400391e-01
9.380025267601013184e-01
9.521919488906860352e-01
9.370250105857849121e-01
8.904219865798950195e-01
8.097844123840332031e-01
9.598182439804077148e-01
9.290493726730346680e-01
9.630267620086669922e-01
9.462969303131103516e-01
9.619817137718200684e-01
9.445014595985412598e-01
9.495040178298950195e-01
9.231450557708740234e-01
9.602401256561279297e-01
8.563073873519897461e-01
9.723547101020812988e-01
9.813926219940185547e-01
9.813417196273803711e-01
9.789444208145141602e-01
9.708990454673767090e-01
9.669691324234008789e-01
9.785636663436889648e-01
9.721772670745849609e-01
