6.225892305374145508e-01
6.517849564552307129e-01
6.562239527702331543e-01
6.632860302925109863e-01
6.455930471420288086e-01
6.468650102615356445e-01
6.616687774658203125e-01
6.678663492202758789e-01
6.592803001403808594e-01
6.766340136528015137e-01
6.664795279502868652e-01
6.614516377449035645e-01
6.632134318351745605e-01
6.711479425430297852e-01
6.672530174255371094e-01
6.715213656425476074e-01
6.741776466369628906e-01
6.668570041656494141e-01
6.643912196159362793e-01
6.843210458755493164e-01
6.787393689155578613e-01
6.783048510551452637e-01
6.749833226203918457e-01
6.934555768966674805e-01
6.966059207916259766e-01
6.890242099761962891e-01
7.027961015701293945e-01
6.996856331825256348e-01
6.857485771179199219e-01
6.918540596961975098e-01
6.934693455696105957e-01
7.080256938934326172e-01
6.903439164161682129e-01
6.920679211616516113e-01
6.911317706108093262e-01
7.048809528350830078e-01
6.940130591392517090e-01
7.040258646011352539e-01
7.057026624679565430e-01
7.090333104133605957e-01
7.057657241821289062e-01
7.009387612342834473e-01
7.013908028602600098e-01
7.094638347625732422e-01
7.134110927581787109e-01
6.896278262138366699e-01
7.107928395271301270e-01
7.089231014251708984e-01
7.116987705230712891e-01
7.086678147315979004e-01
7.007369399070739746e-01
7.009767889976501465e-01
7.014472484588623047e-01
7.048690915107727051e-01
6.817001104354858398e-01
7.049382925033569336e-01
7.032725214958190918e-01
7.101668715476989746e-01
7.240508198738098145e-01
7.295858263969421387e-01
7.265169024467468262e-01
7.084316015243530273e-01
7.167744040489196777e-01
7.289913296699523926e-01
7.360924482345581055e-01
7.123546004295349121e-01
7.170836329460144043e-01
7.263314723968505859e-01
7.306028604507446289e-01
7.393718957901000977e-01
7.472849488258361816e-01
7.532199621200561523e-01
7.490962743759155273e-01
7.601170539855957031e-01
7.368847727775573730e-01
7.345722913742065430e-01
7.526938915252685547e-01
7.471310496330261230e-01
7.339882850646972656e-01
7.693959474563598633e-01
7.410186529159545898e-01
7.627179622650146484e-01
7.756382226943969727e-01
7.620723843574523926e-01
7.658938169479370117e-01
7.658346891403198242e-01
7.677108049392700195e-01
7.732353210449218750e-01
7.815039157867431641e-01
7.804881930351257324e-01
7.816332578659057617e-01
7.672951221466064453e-01
7.734985947608947754e-01
7.850550413131713867e-01
7.896466255187988281e-01
7.683061957359313965e-01
7.934863567352294922e-01
7.791328430175781250e-01
7.850719690322875977e-01
8.035843372344970703e-01
8.034888505935668945e-01
7.933639287948608398e-01
7.582930922508239746e-01
7.927917242050170898e-01
8.039047718048095703e-01
7.884861230850219727e-01
7.954228520393371582e-01
8.132846951484680176e-01
7.992973923683166504e-01
7.989568710327148438e-01
8.065856099128723145e-01
8.150641918182373047e-01
8.207187652587890625e-01
7.950399518013000488e-01
8.142180442810058594e-01
8.032162785530090332e-01
8.160210251808166504e-01
8.106054663658142090e-01
8.218634724617004395e-01
8.396072983741760254e-01
8.446060419082641602e-01
8.492019772529602051e-01
8.199540376663208008e-01
8.511151671409606934e-01
8.504869341850280762e-01
8.395959734916687012e-01
8.580954670906066895e-01
8.635645508766174316e-01
8.528900742530822754e-01
8.776494860649108887e-01
8.423186540603637695e-01
8.341250419616699219e-01
8.277888298034667969e-01
8.866528868675231934e-01
8.749154806137084961e-01
8.623502850532531738e-01
8.672177791595458984e-01
8.384992480278015137e-01
8.726022243499755859e-01
8.684118986129760742e-01
8.818234801292419434e-01
8.758350610733032227e-01
8.808392286300659180e-01
8.768959045410156250e-01
8.976688385009765625e-01
8.887462615966796875e-01
8.901947140693664551e-01
8.743387460708618164e-01
9.136513471603393555e-01
8.838756084442138672e-01
8.984177708625793457e-01
9.088477492332458496e-01
8.731271028518676758e-01
8.953750729560852051e-01
8.903816938400268555e-01
8.769412636756896973e-01
8.431762456893920898e-01
8.946926593780517578e-01
9.294998049736022949e-01
9.168985486030578613e-01
8.781467676162719727e-01
9.178943037986755371e-01
9.235379695892333984e-01
8.955541849136352539e-01
7.800987958908081055e-01
7.884877324104309082e-01
9.010977149009704590e-01
9.186605811119079590e-01
8.080212473869323730e-01
9.395245909690856934e-01
8.941671252250671387e-01
8.452955484390258789e-01
9.297927618026733398e-01
8.520002365112304688e-01
9.403789043426513672e-01
8.541747331619262695e-01
9.431445002555847168e-01
9.631348252296447754e-01
6.953609585762023926e-01
7.408033609390258789e-01
9.209533929824829102e-01
9.216034412384033203e-01
9.407284855842590332e-01
9.291487336158752441e-01
9.212524294853210449e-01
9.391778111457824707e-01
8.045057058334350586e-01
9.531719088554382324e-01
9.624015092849731445e-01
9.060779213905334473e-01
9.564115405082702637e-01
8.313403129577636719e-01
8.627344369888305664e-01
9.469805359840393066e-01
9.832799434661865234e-01
9.812099933624267578e-01
9.795926213264465332e-01
-9.899900000000000000e+04
9.751405119895935059e-01
7.981711626052856445e-01
9.834723472595214844e-01
9.859397411346435547e-01
9.860147237777709961e-01
9.460592269897460938e-01
9.761564135551452637e-01
-9.899900000000000000e+04
-9.899900000000000000e+04
-9.899900000000000000e+04
-9.899900000000000000e+04
9.982580542564392090e-01
9.687033891677856445e-01
-9.899900000000000000e+04
9.714514017105102539e-01
-9.899900000000000000e+04
-9.899900000000000000e+04
-9.899900000000000000e+04
-9.899900000000000000e+04
-9.899900000000000000e+04
9.966547489166259766e-01
-9.899900000000000000e+04
-9.899900000000000000e+04
8.447570204734802246e-01
-9.899900000000000000e+04
-9.899900000000000000e+04
-9.899900000000000000e+04
-9.899900000000000000e+04
