6.461329460144042969e-01
6.358127593994140625e-01
6.388311982154846191e-01
6.632860302925109863e-01
6.476992368698120117e-01
6.692129373550415039e-01
6.505354642868041992e-01
6.678663492202758789e-01
6.596282720565795898e-01
6.803293228149414062e-01
6.738380193710327148e-01
6.636283397674560547e-01
6.751718521118164062e-01
6.546568870544433594e-01
6.709099411964416504e-01
6.695431470870971680e-01
6.826283931732177734e-01
6.732406020164489746e-01
6.881949305534362793e-01
6.843210458755493164e-01
6.771090030670166016e-01
6.750268340110778809e-01
6.836212873458862305e-01
6.920308470726013184e-01
6.886557936668395996e-01
6.890242099761962891e-01
7.026354074478149414e-01
7.043316960334777832e-01
6.996704936027526855e-01
7.051772475242614746e-01
6.823386549949645996e-01
6.979716420173645020e-01
7.020615339279174805e-01
6.994096040725708008e-01
6.902229189872741699e-01
7.028777599334716797e-01
6.940272450447082520e-01
6.954989433288574219e-01
7.092423439025878906e-01
7.022438049316406250e-01
7.018327713012695312e-01
7.024345397949218750e-01
7.001023888587951660e-01
6.988548040390014648e-01
6.913200020790100098e-01
7.042603492736816406e-01
7.005573511123657227e-01
7.135010957717895508e-01
7.011828422546386719e-01
7.175703048706054688e-01
7.155804634094238281e-01
7.207463383674621582e-01
7.099000811576843262e-01
7.061913609504699707e-01
7.228909134864807129e-01
7.061487436294555664e-01
7.083737850189208984e-01
7.091526985168457031e-01
7.211238741874694824e-01
7.383744716644287109e-01
7.159760594367980957e-01
7.177043557167053223e-01
7.151899337768554688e-01
7.048996686935424805e-01
7.214561700820922852e-01
7.371623516082763672e-01
7.394512295722961426e-01
7.377299666404724121e-01
7.251968383789062500e-01
7.305037975311279297e-01
7.318694591522216797e-01
7.405440211296081543e-01
7.308513522148132324e-01
7.428101301193237305e-01
7.463523745536804199e-01
7.617828249931335449e-01
7.387222051620483398e-01
7.571430206298828125e-01
7.588637471199035645e-01
7.356367707252502441e-01
7.602360844612121582e-01
7.467926740646362305e-01
7.431344985961914062e-01
7.609477043151855469e-01
7.671362757682800293e-01
7.757673263549804688e-01
7.576804161071777344e-01
7.883044481277465820e-01
7.817217707633972168e-01
7.838847637176513672e-01
7.850267887115478516e-01
7.773104310035705566e-01
7.907321453094482422e-01
7.656382322311401367e-01
7.957929968833923340e-01
7.800526022911071777e-01
7.751061320304870605e-01
8.004031777381896973e-01
7.894663214683532715e-01
7.927041649818420410e-01
7.878716588020324707e-01
7.831130623817443848e-01
8.097051382064819336e-01
8.061795234680175781e-01
7.756772041320800781e-01
8.022947907447814941e-01
7.858666181564331055e-01
8.093319535255432129e-01
8.140384554862976074e-01
8.128012418746948242e-01
8.161006569862365723e-01
8.002143502235412598e-01
8.020129203796386719e-01
7.839037775993347168e-01
8.332507014274597168e-01
8.203971982002258301e-01
8.129135966300964355e-01
7.687029838562011719e-01
8.324596881866455078e-01
8.103867173194885254e-01
8.491657972335815430e-01
8.543724417686462402e-01
8.531424403190612793e-01
8.483768105506896973e-01
8.687128424644470215e-01
8.511254787445068359e-01
8.759847283363342285e-01
8.733609318733215332e-01
8.556889295578002930e-01
8.610366582870483398e-01
8.772578835487365723e-01
8.634231090545654297e-01
8.642315864562988281e-01
8.224194049835205078e-01
8.701071143150329590e-01
8.559917807579040527e-01
8.482596278190612793e-01
8.585472106933593750e-01
8.784387707710266113e-01
8.862472772598266602e-01
8.788362741470336914e-01
8.781386017799377441e-01
8.797311782836914062e-01
8.930906653404235840e-01
8.910563588142395020e-01
8.951357007026672363e-01
9.047059416770935059e-01
9.033824205398559570e-01
8.932467103004455566e-01
9.038133025169372559e-01
8.895031809806823730e-01
9.159274101257324219e-01
8.376784920692443848e-01
8.847072720527648926e-01
9.033250808715820312e-01
9.210287928581237793e-01
8.883795738220214844e-01
9.143443107604980469e-01
8.890610933303833008e-01
8.969615101814270020e-01
9.031655192375183105e-01
8.894214630126953125e-01
9.218493700027465820e-01
9.152708053588867188e-01
8.724538683891296387e-01
9.285086393356323242e-01
9.116153120994567871e-01
8.097033500671386719e-01
9.232600331306457520e-01
9.158025383949279785e-01
9.113640189170837402e-01
8.615411520004272461e-01
9.161010384559631348e-01
8.163213729858398438e-01
9.384702444076538086e-01
9.259153008460998535e-01
9.462110400199890137e-01
9.426290392875671387e-01
9.579244852066040039e-01
9.316421151161193848e-01
9.468488693237304688e-01
9.297229051589965820e-01
9.279809594154357910e-01
9.616009593009948730e-01
9.696244001388549805e-01
9.540593624114990234e-01
7.922288179397583008e-01
9.676679372787475586e-01
9.301509261131286621e-01
9.452131390571594238e-01
9.712736010551452637e-01
9.607864618301391602e-01
9.592439532279968262e-01
9.434073567390441895e-01
8.961739540100097656e-01
9.778550267219543457e-01
9.518182277679443359e-01
9.293614625930786133e-01
9.872565269470214844e-01
9.664591550827026367e-01
9.614623785018920898e-01
9.734051823616027832e-01
8.195726275444030762e-01
9.800532460212707520e-01
9.772214293479919434e-01
1.004674553871154785e+00
9.455022811889648438e-01
9.983971714973449707e-01
9.731417894363403320e-01
9.667967557907104492e-01
9.920071363449096680e-01
-9.899900000000000000e+04
