6.309524774551391602e-01
6.257067918777465820e-01
6.402796506881713867e-01
6.632860302925109863e-01
6.470496654510498047e-01
6.458131670951843262e-01
6.723116040229797363e-01
6.721740961074829102e-01
6.734914183616638184e-01
6.654602885246276855e-01
6.641452312469482422e-01
6.636283397674560547e-01
6.676720976829528809e-01
6.722197532653808594e-01
6.836334466934204102e-01
6.785594224929809570e-01
6.790513992309570312e-01
6.695758104324340820e-01
6.732423305511474609e-01
6.808509826660156250e-01
6.797938942909240723e-01
6.750268340110778809e-01
6.764252781867980957e-01
6.897810101509094238e-01
7.016018033027648926e-01
6.980122923851013184e-01
6.999570131301879883e-01
6.996856331825256348e-01
6.843441128730773926e-01
6.945591568946838379e-01
6.826096773147583008e-01
6.980021595954895020e-01
6.915193796157836914e-01
7.016736865043640137e-01
6.908529996871948242e-01
6.957734823226928711e-01
6.984021067619323730e-01
6.985845565795898438e-01
7.073213458061218262e-01
7.092801928520202637e-01
7.040868997573852539e-01
7.098386883735656738e-01
7.022296786308288574e-01
6.914008259773254395e-01
6.958650350570678711e-01
7.157319784164428711e-01
7.071048021316528320e-01
7.104834914207458496e-01
7.044298052787780762e-01
7.087873816490173340e-01
6.952413320541381836e-01
6.987420916557312012e-01
7.143772244453430176e-01
7.160872220993041992e-01
6.923161149024963379e-01
6.998029947280883789e-01
7.095808386802673340e-01
7.018524408340454102e-01
7.239882349967956543e-01
7.177517414093017578e-01
7.272564172744750977e-01
7.225995659828186035e-01
7.170988917350769043e-01
7.292588353157043457e-01
7.242780923843383789e-01
7.260262370109558105e-01
7.275836467742919922e-01
7.277501821517944336e-01
7.256389856338500977e-01
7.358068227767944336e-01
7.359964251518249512e-01
7.496003508567810059e-01
7.335936427116394043e-01
7.159748077392578125e-01
7.325503826141357422e-01
7.718870639801025391e-01
7.563627362251281738e-01
7.342014908790588379e-01
7.384036779403686523e-01
7.571649551391601562e-01
7.340028285980224609e-01
7.446399331092834473e-01
7.619135379791259766e-01
7.751747369766235352e-01
7.605460286140441895e-01
7.756274938583374023e-01
7.859025597572326660e-01
7.834992408752441406e-01
7.840917110443115234e-01
7.804259657859802246e-01
7.891823053359985352e-01
7.779239416122436523e-01
7.995430827140808105e-01
7.990905642509460449e-01
7.815345525741577148e-01
7.885063290596008301e-01
7.842019796371459961e-01
8.044857978820800781e-01
7.863332033157348633e-01
7.867020964622497559e-01
7.832139730453491211e-01
7.909901738166809082e-01
7.683688402175903320e-01
7.989107370376586914e-01
7.791738510131835938e-01
8.091650605201721191e-01
7.813382148742675781e-01
8.133544325828552246e-01
8.056796193122863770e-01
7.923019528388977051e-01
7.987052798271179199e-01
7.949313521385192871e-01
8.230642676353454590e-01
8.105300068855285645e-01
8.142408132553100586e-01
8.076543807983398438e-01
8.216015696525573730e-01
8.237480521202087402e-01
8.417856097221374512e-01
8.225117325782775879e-01
8.510282635688781738e-01
8.433369994163513184e-01
8.430249094963073730e-01
8.332448005676269531e-01
8.433852791786193848e-01
8.504853844642639160e-01
8.497275710105895996e-01
8.530009388923645020e-01
8.502551913261413574e-01
7.721356749534606934e-01
8.671532273292541504e-01
8.581649661064147949e-01
8.624148964881896973e-01
8.738122582435607910e-01
8.571961522102355957e-01
8.639678359031677246e-01
8.802518844604492188e-01
8.588681817054748535e-01
8.534774780273437500e-01
8.809077739715576172e-01
8.880264759063720703e-01
8.744316101074218750e-01
8.781210780143737793e-01
8.885791301727294922e-01
9.003211259841918945e-01
9.064587354660034180e-01
9.077502489089965820e-01
9.002003669738769531e-01
8.965782523155212402e-01
9.051416516304016113e-01
9.095423221588134766e-01
8.966898322105407715e-01
8.292827010154724121e-01
9.038428664207458496e-01
8.862411379814147949e-01
8.019512891769409180e-01
9.284926652908325195e-01
9.158104658126831055e-01
9.167215228080749512e-01
9.039258360862731934e-01
9.224975705146789551e-01
7.789915800094604492e-01
9.134160280227661133e-01
8.903634548187255859e-01
8.980597257614135742e-01
9.278187155723571777e-01
8.650131225585937500e-01
9.407888054847717285e-01
9.219392538070678711e-01
9.267293810844421387e-01
9.240366220474243164e-01
9.375867843627929688e-01
9.210366010665893555e-01
9.482887983322143555e-01
7.698711752891540527e-01
9.430330395698547363e-01
8.047617077827453613e-01
9.136463403701782227e-01
9.428615570068359375e-01
9.322329163551330566e-01
9.495527148246765137e-01
9.311703443527221680e-01
8.363571166992187500e-01
9.325840473175048828e-01
9.518858790397644043e-01
9.350284337997436523e-01
9.639343023300170898e-01
9.697682261466979980e-01
9.815219640731811523e-01
9.927486181259155273e-01
9.837741851806640625e-01
9.936808347702026367e-01
8.098599910736083984e-01
9.792866110801696777e-01
9.609709978103637695e-01
9.892745018005371094e-01
9.783556461334228516e-01
9.842118620872497559e-01
9.750992059707641602e-01
9.836311340332031250e-01
9.811855554580688477e-01
-9.899900000000000000e+04
