6.225892305374145508e-01
6.358127593994140625e-01
6.407510042190551758e-01
6.632860302925109863e-01
6.512370109558105469e-01
6.493827104568481445e-01
6.616687774658203125e-01
6.703080534934997559e-01
6.583522558212280273e-01
6.655529737472534180e-01
6.664795279502868652e-01
6.636283397674560547e-01
6.702851653099060059e-01
6.775087118148803711e-01
6.709099411964416504e-01
6.848210692405700684e-01
6.755884289741516113e-01
6.743230819702148438e-01
6.737265586853027344e-01
6.873620748519897461e-01
6.811931729316711426e-01
6.783048510551452637e-01
6.518429517745971680e-01
7.005460858345031738e-01
6.923391222953796387e-01
7.010309696197509766e-01
7.006487846374511719e-01
7.040576338768005371e-01
6.987296342849731445e-01
6.901693344116210938e-01
7.112637162208557129e-01
7.012307643890380859e-01
6.994485855102539062e-01
6.854111552238464355e-01
6.933419704437255859e-01
6.964026689529418945e-01
6.987966299057006836e-01
6.954494118690490723e-01
6.965888738632202148e-01
6.979539990425109863e-01
7.145929932594299316e-01
7.086316347122192383e-01
7.022296786308288574e-01
7.065790295600891113e-01
7.131217122077941895e-01
7.089300751686096191e-01
7.171443104743957520e-01
7.090327739715576172e-01
7.098072767257690430e-01
7.140402197837829590e-01
6.964575648307800293e-01
7.185648679733276367e-01
7.157749533653259277e-01
7.028081417083740234e-01
7.238578200340270996e-01
7.197645902633666992e-01
7.041434049606323242e-01
7.223452329635620117e-01
7.135627269744873047e-01
7.159658074378967285e-01
7.154283523559570312e-01
7.202083468437194824e-01
7.203738093376159668e-01
7.043449878692626953e-01
7.215404510498046875e-01
7.245786786079406738e-01
7.249300479888916016e-01
7.222079038619995117e-01
7.255811691284179688e-01
7.271534800529479980e-01
7.344796061515808105e-01
7.220991253852844238e-01
7.383689284324645996e-01
7.357463836669921875e-01
7.253575921058654785e-01
7.384350895881652832e-01
7.418305277824401855e-01
7.480649352073669434e-01
7.608529329299926758e-01
7.307538986206054688e-01
7.321203351020812988e-01
7.364874482154846191e-01
7.264379262924194336e-01
7.390431165695190430e-01
7.542961835861206055e-01
7.764813303947448730e-01
7.698861956596374512e-01
7.877444028854370117e-01
7.739255428314208984e-01
7.919228076934814453e-01
7.634243965148925781e-01
7.938688397407531738e-01
7.871919870376586914e-01
7.695572972297668457e-01
7.754014730453491211e-01
7.779688239097595215e-01
8.006067872047424316e-01
7.840287685394287109e-01
7.927050590515136719e-01
7.971746921539306641e-01
7.991955280303955078e-01
7.743204832077026367e-01
8.040554523468017578e-01
7.705944180488586426e-01
8.122517466545104980e-01
8.099130392074584961e-01
7.482948899269104004e-01
7.869997024536132812e-01
8.204094767570495605e-01
7.782152295112609863e-01
7.492831945419311523e-01
8.054652810096740723e-01
8.106639981269836426e-01
8.133383393287658691e-01
8.178771734237670898e-01
7.948022484779357910e-01
8.091167211532592773e-01
8.344475626945495605e-01
8.450996279716491699e-01
8.259056210517883301e-01
8.052435517311096191e-01
8.456447124481201172e-01
8.510776758193969727e-01
8.450603485107421875e-01
8.407878875732421875e-01
8.440648317337036133e-01
8.539387583732604980e-01
8.517256975173950195e-01
8.366682529449462891e-01
8.595816493034362793e-01
8.520702719688415527e-01
8.106126189231872559e-01
8.862277865409851074e-01
8.743059635162353516e-01
8.699989914894104004e-01
8.809852004051208496e-01
8.738407492637634277e-01
8.825046420097351074e-01
8.770665526390075684e-01
8.594518303871154785e-01
8.658081889152526855e-01
8.486706018447875977e-01
8.187135457992553711e-01
8.906595706939697266e-01
8.743197917938232422e-01
8.804815411567687988e-01
8.998333215713500977e-01
8.959643244743347168e-01
8.893533349037170410e-01
8.408657908439636230e-01
8.836221694946289062e-01
8.888148069381713867e-01
8.962135910987854004e-01
8.962784409523010254e-01
8.980129361152648926e-01
9.207705855369567871e-01
8.873693346977233887e-01
8.732894659042358398e-01
9.048995375633239746e-01
9.250422716140747070e-01
9.020975232124328613e-01
9.022619128227233887e-01
9.012335538864135742e-01
8.891367912292480469e-01
9.080345034599304199e-01
9.226300716400146484e-01
9.186698198318481445e-01
9.191980957984924316e-01
9.232392311096191406e-01
9.188944101333618164e-01
9.216842651367187500e-01
8.972069025039672852e-01
9.436717033386230469e-01
9.286164045333862305e-01
9.298540353775024414e-01
9.436528682708740234e-01
9.314601421356201172e-01
9.145249128341674805e-01
9.451219439506530762e-01
9.599896073341369629e-01
9.203365445137023926e-01
9.614529013633728027e-01
9.627885818481445312e-01
9.673378467559814453e-01
9.724237918853759766e-01
9.092538952827453613e-01
9.740300178527832031e-01
9.750480055809020996e-01
9.616315364837646484e-01
9.629529118537902832e-01
8.110139966011047363e-01
9.408398270606994629e-01
9.463339447975158691e-01
9.734889864921569824e-01
-9.899900000000000000e+04
-9.899900000000000000e+04
9.933902621269226074e-01
9.747137427330017090e-01
9.786115288734436035e-01
9.473955631256103516e-01
9.706313014030456543e-01
9.920898675918579102e-01
