6.291534900665283203e-01
6.257067918777465820e-01
6.402796506881713867e-01
6.632860302925109863e-01
6.469347476959228516e-01
6.493827104568481445e-01
6.616687774658203125e-01
6.678663492202758789e-01
6.592803001403808594e-01
6.637250781059265137e-01
6.664795279502868652e-01
6.636283397674560547e-01
6.642153859138488770e-01
6.785833835601806641e-01
6.808091402053833008e-01
6.734188199043273926e-01
6.741776466369628906e-01
6.737642884254455566e-01
6.746504306793212891e-01
6.843210458755493164e-01
6.800538301467895508e-01
6.810644865036010742e-01
6.810171008110046387e-01
6.878223419189453125e-01
7.060412764549255371e-01
7.001173496246337891e-01
7.027961015701293945e-01
7.027965784072875977e-01
6.846235394477844238e-01
7.015619277954101562e-01
6.799917817115783691e-01
7.020954489707946777e-01
6.843231320381164551e-01
6.935343146324157715e-01
6.920434832572937012e-01
6.950627565383911133e-01
6.982364654541015625e-01
6.992242336273193359e-01
6.983380317687988281e-01
7.160250544548034668e-01
7.008877992630004883e-01
7.056466937065124512e-01
7.037900090217590332e-01
7.097416520118713379e-01
6.953670382499694824e-01
7.071253657341003418e-01
7.068495154380798340e-01
7.157124280929565430e-01
7.077059745788574219e-01
6.897212862968444824e-01
7.102367877960205078e-01
7.197397351264953613e-01
7.034938931465148926e-01
7.231429219245910645e-01
7.200165390968322754e-01
6.999742984771728516e-01
7.071700096130371094e-01
6.921044588088989258e-01
7.264410853385925293e-01
7.104057669639587402e-01
7.145490050315856934e-01
7.311985492706298828e-01
7.140020728111267090e-01
7.273240089416503906e-01
7.337706685066223145e-01
7.296824455261230469e-01
7.262630462646484375e-01
7.257555723190307617e-01
7.267184257507324219e-01
7.310071587562561035e-01
7.419481277465820312e-01
7.474513053894042969e-01
7.286357879638671875e-01
7.206212282180786133e-01
7.627397775650024414e-01
7.276853919029235840e-01
7.377154231071472168e-01
7.555589079856872559e-01
7.456923127174377441e-01
7.370535731315612793e-01
7.087240219116210938e-01
7.369505167007446289e-01
7.472971677780151367e-01
7.662316560745239258e-01
7.582018971443176270e-01
7.672560811042785645e-01
7.721404433250427246e-01
7.826685309410095215e-01
7.907188534736633301e-01
7.717517018318176270e-01
7.860550284385681152e-01
7.913607954978942871e-01
8.006146550178527832e-01
7.863408327102661133e-01
7.927373647689819336e-01
7.742037773132324219e-01
7.699759006500244141e-01
7.835353612899780273e-01
8.016738295555114746e-01
8.099482655525207520e-01
7.680889964103698730e-01
7.914122939109802246e-01
7.883874177932739258e-01
7.918911576271057129e-01
7.688724398612976074e-01
7.842198610305786133e-01
8.024264574050903320e-01
8.125059604644775391e-01
8.077198863029479980e-01
7.794140577316284180e-01
8.105292916297912598e-01
8.129408955574035645e-01
8.091819286346435547e-01
8.027876019477844238e-01
8.015569448471069336e-01
8.253204226493835449e-01
8.362674117088317871e-01
8.255445957183837891e-01
8.419497013092041016e-01
8.494211435317993164e-01
8.394805788993835449e-01
8.447240591049194336e-01
8.537032008171081543e-01
8.538342118263244629e-01
8.434408903121948242e-01
8.404459357261657715e-01
8.602253794670104980e-01
8.530871272087097168e-01
8.330428600311279297e-01
8.649814128875732422e-01
8.577799797058105469e-01
8.018833398818969727e-01
8.605577945709228516e-01
8.658098578453063965e-01
8.725089430809020996e-01
8.787462115287780762e-01
8.639244437217712402e-01
8.586674332618713379e-01
8.694673180580139160e-01
8.843315839767456055e-01
8.607828617095947266e-01
8.726495504379272461e-01
8.727782368659973145e-01
8.731206655502319336e-01
8.911929726600646973e-01
9.059189558029174805e-01
9.087643027305603027e-01
8.971422314643859863e-01
8.762495517730712891e-01
8.886735439300537109e-01
9.053590893745422363e-01
8.964722752571105957e-01
9.002867937088012695e-01
9.127261638641357422e-01
9.013510942459106445e-01
9.118608832359313965e-01
8.683089017868041992e-01
8.608176112174987793e-01
9.224802851676940918e-01
8.997211456298828125e-01
8.880884051322937012e-01
8.357830643653869629e-01
9.162752628326416016e-01
8.816444873809814453e-01
9.339107871055603027e-01
9.254175424575805664e-01
9.167529940605163574e-01
9.291328787803649902e-01
9.259568452835083008e-01
9.323432445526123047e-01
9.021524786949157715e-01
9.277104735374450684e-01
9.061543941497802734e-01
9.377445578575134277e-01
8.981884717941284180e-01
9.454054832458496094e-01
9.411308169364929199e-01
9.400297999382019043e-01
9.012855291366577148e-01
9.626237750053405762e-01
9.330148696899414062e-01
8.016684651374816895e-01
9.541263580322265625e-01
9.681161642074584961e-01
9.696346521377563477e-01
9.684669971466064453e-01
9.703907966613769531e-01
7.318103909492492676e-01
9.752558469772338867e-01
9.702004790306091309e-01
9.784884452819824219e-01
9.848972558975219727e-01
9.814289808273315430e-01
9.986079335212707520e-01
9.806258678436279297e-01
9.797173142433166504e-01
9.524648785591125488e-01
9.827222824096679688e-01
-9.899900000000000000e+04
8.418700098991394043e-01
9.843221306800842285e-01
9.390590190887451172e-01
9.215850234031677246e-01
9.735311269760131836e-01
9.245166778564453125e-01
9.498736858367919922e-01
9.888823032379150391e-01
