6.225892305374145508e-01
6.358127593994140625e-01
6.402796506881713867e-01
6.606395840644836426e-01
6.627352833747863770e-01
6.639208197593688965e-01
6.616687774658203125e-01
6.678663492202758789e-01
6.592803001403808594e-01
6.654602885246276855e-01
6.639269590377807617e-01
6.566753387451171875e-01
6.753827929496765137e-01
6.840402483940124512e-01
6.665367484092712402e-01
6.690617203712463379e-01
6.745044589042663574e-01
6.863613128662109375e-01
6.732423305511474609e-01
6.843210458755493164e-01
6.899451017379760742e-01
6.825096607208251953e-01
6.815856695175170898e-01
7.017838954925537109e-01
6.990560293197631836e-01
6.991040706634521484e-01
7.026354074478149414e-01
6.800680756568908691e-01
6.973822712898254395e-01
6.963743567466735840e-01
6.935219168663024902e-01
6.888970136642456055e-01
6.974868178367614746e-01
6.962742805480957031e-01
6.947598457336425781e-01
7.019020318984985352e-01
6.989612579345703125e-01
6.986222863197326660e-01
6.998223662376403809e-01
7.109565734863281250e-01
7.013009190559387207e-01
7.002760171890258789e-01
7.081847786903381348e-01
7.037029266357421875e-01
6.727106571197509766e-01
6.927814483642578125e-01
7.074865698814392090e-01
7.210072278976440430e-01
7.132374644279479980e-01
7.186864614486694336e-01
7.227881550788879395e-01
7.096716761589050293e-01
6.961809992790222168e-01
6.936326622962951660e-01
7.241290211677551270e-01
7.033908367156982422e-01
6.833925247192382812e-01
7.087293267250061035e-01
6.951261758804321289e-01
7.145966887474060059e-01
7.308492660522460938e-01
7.348760366439819336e-01
7.291313409805297852e-01
7.301012277603149414e-01
7.331738471984863281e-01
7.242010831832885742e-01
7.416929006576538086e-01
7.197725772857666016e-01
7.270846366882324219e-01
7.267642617225646973e-01
7.274870872497558594e-01
7.446796298027038574e-01
7.479279637336730957e-01
7.434785366058349609e-01
7.399067282676696777e-01
7.500139474868774414e-01
7.433664798736572266e-01
7.288478016853332520e-01
7.233974337577819824e-01
7.378705143928527832e-01
7.583867311477661133e-01
7.693711519241333008e-01
7.608879208564758301e-01
7.484906315803527832e-01
7.547619342803955078e-01
7.663825154304504395e-01
7.806000113487243652e-01
7.852311134338378906e-01
7.681843638420104980e-01
7.716478109359741211e-01
7.850917577743530273e-01
7.756137847900390625e-01
7.900314331054687500e-01
7.835996747016906738e-01
7.774945497512817383e-01
7.601315975189208984e-01
7.889378070831298828e-01
7.965697050094604492e-01
7.912656068801879883e-01
7.643519043922424316e-01
7.869547605514526367e-01
7.758935093879699707e-01
7.954460382461547852e-01
7.733262777328491211e-01
7.935979366302490234e-01
7.898263931274414062e-01
8.122146129608154297e-01
8.142374753952026367e-01
7.852604985237121582e-01
8.202450871467590332e-01
7.975345253944396973e-01
8.109086751937866211e-01
8.066394925117492676e-01
8.179278373718261719e-01
8.057925105094909668e-01
8.073170185089111328e-01
8.231113553047180176e-01
8.338040709495544434e-01
8.450219631195068359e-01
8.509513735771179199e-01
8.429272770881652832e-01
8.526593446731567383e-01
8.587448596954345703e-01
8.449471592903137207e-01
8.420286178588867188e-01
8.380468487739562988e-01
8.625820875167846680e-01
8.543134331703186035e-01
8.732492923736572266e-01
8.529620170593261719e-01
8.602836132049560547e-01
8.568334579467773438e-01
8.741548061370849609e-01
8.578859567642211914e-01
8.698038458824157715e-01
8.677339553833007812e-01
8.865179419517517090e-01
8.742926120758056641e-01
8.410348892211914062e-01
8.959455490112304688e-01
8.699495792388916016e-01
8.903222680091857910e-01
8.833962082862854004e-01
8.805684447288513184e-01
8.551967144012451172e-01
8.898705244064331055e-01
8.882297873497009277e-01
8.997067213058471680e-01
8.975301980972290039e-01
8.453841805458068848e-01
8.816651701927185059e-01
8.749442696571350098e-01
8.786518573760986328e-01
9.002099037170410156e-01
8.615805506706237793e-01
9.026494622230529785e-01
8.892500996589660645e-01
9.328153133392333984e-01
8.662118911743164062e-01
9.034795165061950684e-01
7.959081530570983887e-01
9.250428080558776855e-01
8.763298988342285156e-01
8.922033905982971191e-01
9.118102788925170898e-01
9.222157001495361328e-01
9.206150174140930176e-01
8.708452582359313965e-01
9.206979870796203613e-01
9.226377606391906738e-01
9.182634949684143066e-01
9.179900288581848145e-01
9.078620672225952148e-01
9.165229201316833496e-01
8.906754851341247559e-01
8.091974258422851562e-01
9.148269891738891602e-01
7.470618486404418945e-01
9.622796773910522461e-01
9.192587137222290039e-01
9.395053386688232422e-01
9.191454052925109863e-01
8.179514408111572266e-01
9.649113416671752930e-01
9.472950696945190430e-01
9.496206045150756836e-01
9.701203107833862305e-01
9.528998136520385742e-01
9.531093239784240723e-01
9.920480847358703613e-01
9.808104634284973145e-01
9.536002278327941895e-01
-9.899900000000000000e+04
9.592271447181701660e-01
9.496824145317077637e-01
9.891427755355834961e-01
8.293418884277343750e-01
9.819255471229553223e-01
9.674822688102722168e-01
9.766018986701965332e-01
9.761661887168884277e-01
9.899888634681701660e-01
9.794324636459350586e-01
