6.309524774551391602e-01
6.358127593994140625e-01
6.407510042190551758e-01
6.606395840644836426e-01
6.661324501037597656e-01
6.468650102615356445e-01
6.616687774658203125e-01
6.693965792655944824e-01
6.592803001403808594e-01
6.654602885246276855e-01
6.734725236892700195e-01
6.614516377449035645e-01
6.799548864364624023e-01
6.568657159805297852e-01
6.657516956329345703e-01
6.709692478179931641e-01
6.755480766296386719e-01
6.710654497146606445e-01
6.719922423362731934e-01
6.843210458755493164e-01
6.876512169837951660e-01
6.835260391235351562e-01
6.810171008110046387e-01
7.064043879508972168e-01
7.024981975555419922e-01
7.012339830398559570e-01
7.074854969978332520e-01
6.994094252586364746e-01
6.843441128730773926e-01
7.090559601783752441e-01
6.823386549949645996e-01
6.954005360603332520e-01
6.943687200546264648e-01
6.930918097496032715e-01
6.984449625015258789e-01
6.907964944839477539e-01
6.940272450447082520e-01
7.008988857269287109e-01
7.025626897811889648e-01
7.017706036567687988e-01
6.825698614120483398e-01
6.980413198471069336e-01
7.145922183990478516e-01
7.057812213897705078e-01
7.092535495758056641e-01
6.757260560989379883e-01
7.169547677040100098e-01
7.074410915374755859e-01
7.153068780899047852e-01
7.156824469566345215e-01
6.947984695434570312e-01
7.003946900367736816e-01
7.151223421096801758e-01
7.168670296669006348e-01
6.987870335578918457e-01
7.079459428787231445e-01
7.087866067886352539e-01
6.957599520683288574e-01
7.124978303909301758e-01
7.148666977882385254e-01
7.156588435173034668e-01
7.311397790908813477e-01
7.181285619735717773e-01
7.272526025772094727e-01
7.342220544815063477e-01
7.335036396980285645e-01
7.369946837425231934e-01
7.225840091705322266e-01
7.368022203445434570e-01
7.424067258834838867e-01
7.263613939285278320e-01
7.305280566215515137e-01
7.196920514106750488e-01
7.502816319465637207e-01
7.630001306533813477e-01
7.336151599884033203e-01
7.407196164131164551e-01
7.257627248764038086e-01
7.404439449310302734e-01
7.339317798614501953e-01
7.572999000549316406e-01
7.591646909713745117e-01
7.362785339355468750e-01
7.594731450080871582e-01
7.743901014328002930e-01
7.506757974624633789e-01
7.716961503028869629e-01
7.857285141944885254e-01
7.876899242401123047e-01
7.831573486328125000e-01
7.788853645324707031e-01
7.939049005508422852e-01
7.715737223625183105e-01
7.805993556976318359e-01
7.612708806991577148e-01
7.834480404853820801e-01
7.808232903480529785e-01
7.934191823005676270e-01
7.756149768829345703e-01
7.957932353019714355e-01
7.809184789657592773e-01
8.006885647773742676e-01
7.666530609130859375e-01
7.927733063697814941e-01
7.953881621360778809e-01
7.648829221725463867e-01
7.979716062545776367e-01
7.945560216903686523e-01
8.166213035583496094e-01
8.131923675537109375e-01
8.070079088211059570e-01
8.046318888664245605e-01
8.162225484848022461e-01
8.289334177970886230e-01
8.140332698822021484e-01
8.336259722709655762e-01
8.337115645408630371e-01
8.213052153587341309e-01
8.312878608703613281e-01
8.063901066780090332e-01
7.792236804962158203e-01
8.415517210960388184e-01
8.546332716941833496e-01
8.499441742897033691e-01
8.666200637817382812e-01
8.600958585739135742e-01
8.642839789390563965e-01
8.605196475982666016e-01
8.182249069213867188e-01
8.557533025741577148e-01
8.708644509315490723e-01
8.561801314353942871e-01
8.518397212028503418e-01
8.889178037643432617e-01
8.835285902023315430e-01
8.731712102890014648e-01
8.815886378288269043e-01
8.630029559135437012e-01
8.682676553726196289e-01
8.790012598037719727e-01
8.821625709533691406e-01
9.051306247711181641e-01
8.820025920867919922e-01
8.906642794609069824e-01
8.792612552642822266e-01
8.950818181037902832e-01
8.962758183479309082e-01
9.084892272949218750e-01
8.676946163177490234e-01
8.754146099090576172e-01
8.906098604202270508e-01
8.830508589744567871e-01
9.013319015502929688e-01
8.928171396255493164e-01
9.027112722396850586e-01
8.944334983825683594e-01
8.885088562965393066e-01
9.156873226165771484e-01
8.942797183990478516e-01
9.272707700729370117e-01
9.325590729713439941e-01
9.031023383140563965e-01
9.086650013923645020e-01
7.704710960388183594e-01
9.061940312385559082e-01
9.244983792304992676e-01
9.227187633514404297e-01
8.906424641609191895e-01
9.337114095687866211e-01
9.346319437026977539e-01
9.020538926124572754e-01
9.356511831283569336e-01
9.005802273750305176e-01
9.165480732917785645e-01
9.251384139060974121e-01
9.472919106483459473e-01
9.392091035842895508e-01
9.431234002113342285e-01
9.344795942306518555e-01
9.480271339416503906e-01
9.532183408737182617e-01
9.352952241897583008e-01
9.426752924919128418e-01
9.426912069320678711e-01
9.592919945716857910e-01
9.322469234466552734e-01
8.296744227409362793e-01
9.843840003013610840e-01
8.855334520339965820e-01
9.572814106941223145e-01
8.465147614479064941e-01
9.688769578933715820e-01
9.704896807670593262e-01
9.979326725006103516e-01
9.287800788879394531e-01
1.005416035652160645e+00
8.579226136207580566e-01
9.563349485397338867e-01
9.792848229408264160e-01
9.977563619613647461e-01
9.734981060028076172e-01
-9.899900000000000000e+04
-9.899900000000000000e+04
8.965737819671630859e-01
9.742238521575927734e-01
9.813076257705688477e-01
-9.899900000000000000e+04
9.753183722496032715e-01
9.911848902702331543e-01
-9.899900000000000000e+04
-9.899900000000000000e+04
9.660454392433166504e-01
9.740195870399475098e-01
-9.899900000000000000e+04
8.065313100814819336e-01
9.960041642189025879e-01
-9.899900000000000000e+04
9.735701680183410645e-01
-9.899900000000000000e+04
9.881300926208496094e-01
-9.899900000000000000e+04
-9.899900000000000000e+04
-9.899900000000000000e+04
-9.899900000000000000e+04
-9.899900000000000000e+04
-9.899900000000000000e+04
-9.899900000000000000e+04
-9.899900000000000000e+04
-9.899900000000000000e+04
-9.899900000000000000e+04
-9.899900000000000000e+04
-9.899900000000000000e+04
-9.899900000000000000e+04
-9.899900000000000000e+04
-9.899900000000000000e+04
-9.899900000000000000e+04
-9.899900000000000000e+04
9.280275702476501465e-01
-9.899900000000000000e+04
-9.899900000000000000e+04
-9.899900000000000000e+04
-9.899900000000000000e+04
-9.899900000000000000e+04
-9.899900000000000000e+04
-9.899900000000000000e+04
-9.899900000000000000e+04
-9.899900000000000000e+04
-9.899900000000000000e+04
-9.899900000000000000e+04
-9.899900000000000000e+04
-9.899900000000000000e+04
-9.899900000000000000e+04
-9.899900000000000000e+04
-9.899900000000000000e+04
-9.899900000000000000e+04
