6.309524774551391602e-01
6.257067918777465820e-01
6.412144899368286133e-01
6.632860302925109863e-01
6.512370109558105469e-01
6.639208197593688965e-01
6.616687774658203125e-01
6.678663492202758789e-01
6.592803001403808594e-01
6.617267727851867676e-01
6.748403310775756836e-01
6.803489923477172852e-01
6.678974032402038574e-01
6.711479425430297852e-01
6.721091866493225098e-01
6.684188842773437500e-01
6.741776466369628906e-01
6.710654497146606445e-01
6.643912196159362793e-01
6.843210458755493164e-01
6.757947206497192383e-01
6.810644865036010742e-01
6.823424696922302246e-01
6.880162358283996582e-01
6.840534210205078125e-01
6.991040706634521484e-01
7.026354074478149414e-01
6.887050867080688477e-01
6.983751058578491211e-01
6.924626827239990234e-01
6.961998343467712402e-01
6.946958303451538086e-01
6.908361315727233887e-01
6.935343146324157715e-01
6.982377171516418457e-01
6.926329731941223145e-01
7.005476951599121094e-01
7.012985944747924805e-01
7.095757722854614258e-01
7.078018784523010254e-01
7.072004079818725586e-01
7.055654525756835938e-01
7.167714834213256836e-01
7.123725414276123047e-01
7.123273611068725586e-01
7.109416723251342773e-01
6.856551766395568848e-01
7.158696055412292480e-01
7.127203345298767090e-01
6.904222369194030762e-01
7.168525457382202148e-01
7.163147330284118652e-01
7.120266556739807129e-01
7.000658512115478516e-01
7.064302563667297363e-01
7.162373661994934082e-01
7.081730961799621582e-01
7.050539255142211914e-01
7.194710373878479004e-01
7.064850926399230957e-01
7.348471283912658691e-01
7.248201370239257812e-01
7.008316516876220703e-01
7.296709418296813965e-01
7.304396033287048340e-01
7.267612814903259277e-01
7.351543903350830078e-01
7.374165654182434082e-01
7.413448095321655273e-01
7.216619849205017090e-01
7.224226593971252441e-01
7.434138059616088867e-01
7.482339143753051758e-01
7.531372308731079102e-01
7.401438355445861816e-01
7.445976734161376953e-01
7.377633452415466309e-01
7.399637699127197266e-01
7.394971251487731934e-01
7.422609329223632812e-01
7.491382956504821777e-01
7.447774410247802734e-01
7.524754405021667480e-01
7.746881842613220215e-01
7.770949006080627441e-01
7.788694500923156738e-01
7.601152062416076660e-01
7.848410606384277344e-01
7.854726910591125488e-01
7.797495722770690918e-01
7.689351439476013184e-01
7.901970744132995605e-01
7.839590311050415039e-01
7.735199928283691406e-01
7.866929769515991211e-01
7.700315117835998535e-01
7.855221629142761230e-01
7.838071584701538086e-01
7.813484668731689453e-01
7.871156334877014160e-01
7.920382618904113770e-01
7.907323837280273438e-01
7.902453541755676270e-01
8.016272783279418945e-01
8.101983666419982910e-01
8.048815727233886719e-01
7.883298993110656738e-01
8.124259114265441895e-01
7.979761958122253418e-01
8.116687536239624023e-01
8.010456562042236328e-01
8.125050663948059082e-01
8.158605098724365234e-01
8.331765532493591309e-01
8.377606868743896484e-01
8.275035619735717773e-01
8.120124936103820801e-01
8.178214430809020996e-01
8.359189033508300781e-01
8.137803673744201660e-01
8.322547674179077148e-01
8.364678621292114258e-01
8.551409840583801270e-01
8.653560876846313477e-01
8.535408973693847656e-01
8.631125688552856445e-01
8.432026505470275879e-01
8.474817872047424316e-01
8.464510440826416016e-01
8.518668413162231445e-01
8.493489623069763184e-01
8.528503775596618652e-01
8.566289544105529785e-01
8.700073957443237305e-01
8.484711050987243652e-01
7.793596982955932617e-01
8.788020014762878418e-01
8.759965300559997559e-01
8.673441410064697266e-01
8.758372664451599121e-01
8.723090887069702148e-01
8.546636104583740234e-01
8.681971430778503418e-01
8.900114297866821289e-01
8.952780961990356445e-01
8.941769599914550781e-01
8.947536349296569824e-01
8.854833245277404785e-01
8.983253836631774902e-01
8.618099093437194824e-01
8.564682602882385254e-01
8.849478960037231445e-01
8.953917026519775391e-01
8.943297266960144043e-01
8.980861306190490723e-01
8.796994686126708984e-01
8.451476097106933594e-01
8.637429475784301758e-01
8.815051913261413574e-01
9.305368661880493164e-01
9.074191451072692871e-01
7.972277998924255371e-01
8.697143793106079102e-01
9.204820394515991211e-01
8.621644377708435059e-01
9.156979322433471680e-01
9.294421076774597168e-01
9.229785799980163574e-01
9.267088174819946289e-01
9.086210727691650391e-01
9.315342307090759277e-01
9.285172820091247559e-01
9.291009902954101562e-01
9.317592382431030273e-01
9.336244463920593262e-01
9.387409687042236328e-01
8.741208910942077637e-01
8.095573186874389648e-01
9.336426854133605957e-01
9.341124892234802246e-01
9.283666610717773438e-01
8.192376494407653809e-01
9.549783468246459961e-01
9.426253437995910645e-01
9.591470956802368164e-01
9.009832143783569336e-01
9.037672281265258789e-01
9.461900591850280762e-01
9.765984416007995605e-01
9.611274003982543945e-01
9.803420901298522949e-01
9.872491359710693359e-01
9.762046337127685547e-01
9.834253787994384766e-01
9.848468899726867676e-01
9.748442769050598145e-01
9.759649634361267090e-01
9.609159231185913086e-01
8.525588512420654297e-01
9.633605480194091797e-01
1.000913739204406738e+00
9.759793877601623535e-01
9.822866916656494141e-01
1.016671061515808105e+00
8.844785094261169434e-01
9.771057367324829102e-01
9.411898851394653320e-01
1.001239061355590820e+00
9.099639654159545898e-01
1.002349376678466797e+00
