6.225892305374145508e-01
6.257067918777465820e-01
6.407510042190551758e-01
6.632860302925109863e-01
6.476992368698120117e-01
6.472339630126953125e-01
6.557057499885559082e-01
6.678663492202758789e-01
6.713973879814147949e-01
6.654602885246276855e-01
6.770343780517578125e-01
6.636283397674560547e-01
6.678974032402038574e-01
6.533682942390441895e-01
6.713212132453918457e-01
6.680523157119750977e-01
6.741776466369628906e-01
6.659612655639648438e-01
6.878952383995056152e-01
6.855593919754028320e-01
6.899451017379760742e-01
6.802825331687927246e-01
6.588505506515502930e-01
6.907803416252136230e-01
7.024981975555419922e-01
7.002159953117370605e-01
6.891645193099975586e-01
7.027965784072875977e-01
6.857199668884277344e-01
6.981823444366455078e-01
6.839743852615356445e-01
6.940888762474060059e-01
6.915193796157836914e-01
6.908506751060485840e-01
6.895970106124877930e-01
7.018082737922668457e-01
6.987966299057006836e-01
6.995586156845092773e-01
7.080863118171691895e-01
7.049537897109985352e-01
7.072585821151733398e-01
7.126745581626892090e-01
7.118402123451232910e-01
7.022345066070556641e-01
6.904652118682861328e-01
6.950238347053527832e-01
7.064431309700012207e-01
7.110218405723571777e-01
7.216189503669738770e-01
7.141498327255249023e-01
7.122631072998046875e-01
7.013164162635803223e-01
7.256047129631042480e-01
7.075605392456054688e-01
6.919928193092346191e-01
7.026412487030029297e-01
6.911846399307250977e-01
7.235585451126098633e-01
6.946850419044494629e-01
7.330084443092346191e-01
7.263878583908081055e-01
7.234861254692077637e-01
7.166348695755004883e-01
7.195527553558349609e-01
7.373071312904357910e-01
7.347980141639709473e-01
7.390841841697692871e-01
7.392814755439758301e-01
7.264766097068786621e-01
7.218842506408691406e-01
7.426519989967346191e-01
7.321692109107971191e-01
7.237499952316284180e-01
7.372779250144958496e-01
7.485045790672302246e-01
7.297522425651550293e-01
7.617439031600952148e-01
7.589285373687744141e-01
7.589315772056579590e-01
7.440357208251953125e-01
7.534129023551940918e-01
7.450397610664367676e-01
7.660071253776550293e-01
7.751953005790710449e-01
7.805455327033996582e-01
7.668629288673400879e-01
7.876380085945129395e-01
7.728371620178222656e-01
7.408370971679687500e-01
7.856132388114929199e-01
7.904763817787170410e-01
7.683588266372680664e-01
7.714124917984008789e-01
7.863140106201171875e-01
7.809714674949645996e-01
7.821764945983886719e-01
7.818139791488647461e-01
7.947615385055541992e-01
7.503989338874816895e-01
7.911276221275329590e-01
7.448085546493530273e-01
7.936193346977233887e-01
7.461475729942321777e-01
7.803849577903747559e-01
8.066027760505676270e-01
7.852082252502441406e-01
8.044520616531372070e-01
7.963196039199829102e-01
7.961997389793395996e-01
8.032207489013671875e-01
8.135311007499694824e-01
8.162764310836791992e-01
8.189183473587036133e-01
7.969897389411926270e-01
8.207833170890808105e-01
7.959735393524169922e-01
8.155910968780517578e-01
8.130510449409484863e-01
8.358054757118225098e-01
8.227154016494750977e-01
8.503302931785583496e-01
8.514094948768615723e-01
8.566956520080566406e-01
8.669883608818054199e-01
8.614557981491088867e-01
8.581277728080749512e-01
8.645048141479492188e-01
8.540286421775817871e-01
8.363714218139648438e-01
8.663067221641540527e-01
8.597745299339294434e-01
8.629913926124572754e-01
8.740791082382202148e-01
8.628730773925781250e-01
8.782389163970947266e-01
8.809952735900878906e-01
8.714699745178222656e-01
8.769708871841430664e-01
8.957123756408691406e-01
8.597900867462158203e-01
8.693916797637939453e-01
8.973547816276550293e-01
8.804891705513000488e-01
8.794215917587280273e-01
8.956422209739685059e-01
8.704723119735717773e-01
8.820133209228515625e-01
8.942888379096984863e-01
8.476999402046203613e-01
8.654044866561889648e-01
8.981026411056518555e-01
9.135056734085083008e-01
8.829298019409179688e-01
8.859909176826477051e-01
8.737196326255798340e-01
9.038914442062377930e-01
8.900789022445678711e-01
9.188105463981628418e-01
8.900728225708007812e-01
8.972393870353698730e-01
8.955696821212768555e-01
8.621143102645874023e-01
8.568228483200073242e-01
9.026842117309570312e-01
9.250531792640686035e-01
9.295102953910827637e-01
9.172011613845825195e-01
9.290196299552917480e-01
9.334795475006103516e-01
9.227187633514404297e-01
8.980695605278015137e-01
9.255626201629638672e-01
9.422499537467956543e-01
9.108079075813293457e-01
7.835068106651306152e-01
9.302331805229187012e-01
9.397077560424804688e-01
9.221689105033874512e-01
9.439697265625000000e-01
9.524038434028625488e-01
8.577798008918762207e-01
9.516273736953735352e-01
9.186432957649230957e-01
9.630213379859924316e-01
9.587768316268920898e-01
9.688442945480346680e-01
8.651130795478820801e-01
9.427439570426940918e-01
9.472445845603942871e-01
9.406374692916870117e-01
8.970344066619873047e-01
9.715718030929565430e-01
9.458814859390258789e-01
9.640789031982421875e-01
9.807174801826477051e-01
-9.899900000000000000e+04
9.487984180450439453e-01
9.154779911041259766e-01
9.756600260734558105e-01
9.818800687789916992e-01
9.830617308616638184e-01
9.636976122856140137e-01
9.740892052650451660e-01
9.756625294685363770e-01
9.842093586921691895e-01
9.779372215270996094e-01
-9.899900000000000000e+04
9.870104193687438965e-01
9.156898260116577148e-01
-9.899900000000000000e+04
-9.899900000000000000e+04
9.756078720092773438e-01
-9.899900000000000000e+04
8.640989065170288086e-01
8.301108479499816895e-01
-9.899900000000000000e+04
-9.899900000000000000e+04
-9.899900000000000000e+04
-9.899900000000000000e+04
-9.899900000000000000e+04
-9.899900000000000000e+04
-9.899900000000000000e+04
-9.899900000000000000e+04
8.215093016624450684e-01
-9.899900000000000000e+04
9.797322154045104980e-01
-9.899900000000000000e+04
-9.899900000000000000e+04
-9.899900000000000000e+04
-9.899900000000000000e+04
-9.899900000000000000e+04
-9.899900000000000000e+04
-9.899900000000000000e+04
-9.899900000000000000e+04
-9.899900000000000000e+04
-9.899900000000000000e+04
-9.899900000000000000e+04
9.366064667701721191e-01
-9.899900000000000000e+04
-9.899900000000000000e+04
-9.899900000000000000e+04
-9.899900000000000000e+04
1.004288792610168457e+00
-9.899900000000000000e+04
-9.899900000000000000e+04
-9.899900000000000000e+04
-9.899900000000000000e+04
-9.899900000000000000e+04
-9.899900000000000000e+04
-9.899900000000000000e+04
-9.899900000000000000e+04
-9.899900000000000000e+04
-9.899900000000000000e+04
-9.899900000000000000e+04
-9.899900000000000000e+04
-9.899900000000000000e+04
1.020100712776184082e+00
5.360371470451354980e-01
-9.899900000000000000e+04
-9.899900000000000000e+04
9.717679619789123535e-01
-9.899900000000000000e+04
-9.899900000000000000e+04
-9.899900000000000000e+04
8.989410996437072754e-01
-9.899900000000000000e+04
-9.899900000000000000e+04
-9.899900000000000000e+04
-9.899900000000000000e+04
-9.899900000000000000e+04
-9.899900000000000000e+04
-9.899900000000000000e+04
-9.899900000000000000e+04
-9.899900000000000000e+04
-9.899900000000000000e+04
-9.899900000000000000e+04
-9.899900000000000000e+04
-9.899900000000000000e+04
-9.899900000000000000e+04
-9.899900000000000000e+04
-9.899900000000000000e+04
-9.899900000000000000e+04
-9.899900000000000000e+04
-9.899900000000000000e+04
-9.899900000000000000e+04
-9.899900000000000000e+04
-9.899900000000000000e+04
-9.899900000000000000e+04
-9.899900000000000000e+04
-9.899900000000000000e+04
-9.899900000000000000e+04
-9.899900000000000000e+04
-9.899900000000000000e+04
-9.899900000000000000e+04
-9.899900000000000000e+04
-9.899900000000000000e+04
-9.899900000000000000e+04
-9.899900000000000000e+04
-9.899900000000000000e+04
-9.899900000000000000e+04
-9.899900000000000000e+04
-9.899900000000000000e+04
-9.899900000000000000e+04
5.286554098129272461e-01
-9.899900000000000000e+04
-9.899900000000000000e+04
-9.899900000000000000e+04
-9.899900000000000000e+04
-9.899900000000000000e+04
-9.899900000000000000e+04
-9.899900000000000000e+04
-9.899900000000000000e+04
-9.899900000000000000e+04
-9.899900000000000000e+04
-9.899900000000000000e+04
-9.899900000000000000e+04
-9.899900000000000000e+04
-9.899900000000000000e+04
-9.899900000000000000e+04
-9.899900000000000000e+04
-9.899900000000000000e+04
-9.899900000000000000e+04
-9.899900000000000000e+04
-9.899900000000000000e+04
-9.899900000000000000e+04
-9.899900000000000000e+04
-9.899900000000000000e+04
-9.899900000000000000e+04
-9.899900000000000000e+04
-9.899900000000000000e+04
-9.899900000000000000e+04
-9.899900000000000000e+04
3.453553318977355957e-01
-9.899900000000000000e+04
-9.899900000000000000e+04
-9.899900000000000000e+04
-9.899900000000000000e+04
-9.899900000000000000e+04
-9.899900000000000000e+04
-9.899900000000000000e+04
-9.899900000000000000e+04
-9.899900000000000000e+04
-9.899900000000000000e+04
-9.899900000000000000e+04
-9.899900000000000000e+04
7.022416591644287109e-01
-9.899900000000000000e+04
-9.899900000000000000e+04
-9.899900000000000000e+04
-9.899900000000000000e+04
-9.899900000000000000e+04
-9.899900000000000000e+04
-9.899900000000000000e+04
-9.899900000000000000e+04
-9.899900000000000000e+04
-9.899900000000000000e+04
-9.899900000000000000e+04
-9.899900000000000000e+04
-9.899900000000000000e+04
-9.899900000000000000e+04
-9.899900000000000000e+04
-9.899900000000000000e+04
-9.899900000000000000e+04
-9.899900000000000000e+04
-9.899900000000000000e+04
