6.225892305374145508e-01
6.517849564552307129e-01
6.406359076499938965e-01
6.602879762649536133e-01
6.476992368698120117e-01
6.472339630126953125e-01
6.616687774658203125e-01
6.734821796417236328e-01
6.592803001403808594e-01
6.766340136528015137e-01
6.664795279502868652e-01
6.636283397674560547e-01
6.677728891372680664e-01
6.589918732643127441e-01
6.669101715087890625e-01
6.734188199043273926e-01
6.809154748916625977e-01
6.863613128662109375e-01
6.686673164367675781e-01
6.926084160804748535e-01
6.920638680458068848e-01
6.750268340110778809e-01
6.749720573425292969e-01
6.884498596191406250e-01
7.060412764549255371e-01
6.890242099761962891e-01
7.028447985649108887e-01
6.989399194717407227e-01
6.875582337379455566e-01
6.913889050483703613e-01
6.934693455696105957e-01
6.979426145553588867e-01
6.906057596206665039e-01
6.984742283821105957e-01
6.991527080535888672e-01
6.957734823226928711e-01
6.987966299057006836e-01
6.972584128379821777e-01
7.101907134056091309e-01
7.088504433631896973e-01
7.149715423583984375e-01
6.990110874176025391e-01
6.952630281448364258e-01
7.079709172248840332e-01
7.010949254035949707e-01
7.028176784515380859e-01
7.069514989852905273e-01
6.969426870346069336e-01
7.156416177749633789e-01
7.104055285453796387e-01
7.125088572502136230e-01
7.130297422409057617e-01
7.004154324531555176e-01
6.869884133338928223e-01
7.073801755905151367e-01
7.096743583679199219e-01
7.014197111129760742e-01
7.124963402748107910e-01
7.172849774360656738e-01
7.087492942810058594e-01
7.276606559753417969e-01
7.267535328865051270e-01
7.144095897674560547e-01
7.292655110359191895e-01
7.179971933364868164e-01
7.365494966506958008e-01
7.393238544464111328e-01
7.163532972335815430e-01
7.290250658988952637e-01
7.346666455268859863e-01
7.313698530197143555e-01
7.449167966842651367e-01
7.374011874198913574e-01
7.352039813995361328e-01
7.518756985664367676e-01
7.477971911430358887e-01
7.365338206291198730e-01
7.262168526649475098e-01
7.526134848594665527e-01
7.705318331718444824e-01
7.633100748062133789e-01
7.525849342346191406e-01
7.479625940322875977e-01
7.602447271347045898e-01
7.626454830169677734e-01
7.819702029228210449e-01
7.754843235015869141e-01
7.796504497528076172e-01
7.749508023262023926e-01
7.750818133354187012e-01
7.865814566612243652e-01
7.655812501907348633e-01
7.917756438255310059e-01
8.041764497756958008e-01
7.757597565650939941e-01
7.805330157279968262e-01
7.757629752159118652e-01
7.640677094459533691e-01
7.923308610916137695e-01
7.434077858924865723e-01
7.583675384521484375e-01
7.767074108123779297e-01
8.105646967887878418e-01
7.948476672172546387e-01
7.754539847373962402e-01
8.038404583930969238e-01
8.042405247688293457e-01
7.992755770683288574e-01
7.768813967704772949e-01
8.163869976997375488e-01
7.891259193420410156e-01
8.061304688453674316e-01
8.033596277236938477e-01
8.107235431671142578e-01
8.044145107269287109e-01
8.038272261619567871e-01
8.238916397094726562e-01
8.302853703498840332e-01
8.379141688346862793e-01
8.230423331260681152e-01
8.466691374778747559e-01
8.434883356094360352e-01
8.469412922859191895e-01
8.528174757957458496e-01
8.447408676147460938e-01
8.612384200096130371e-01
8.567200899124145508e-01
8.254210948944091797e-01
8.644492626190185547e-01
8.509795069694519043e-01
8.620695471763610840e-01
8.480747342109680176e-01
8.522810935974121094e-01
8.528656363487243652e-01
8.658952713012695312e-01
8.712120652198791504e-01
8.743139505386352539e-01
8.663547635078430176e-01
8.602916002273559570e-01
8.677274584770202637e-01
8.678992390632629395e-01
8.727607727050781250e-01
8.833986520767211914e-01
8.893696069717407227e-01
8.904210925102233887e-01
8.998191952705383301e-01
8.895453810691833496e-01
9.132888913154602051e-01
8.837810754776000977e-01
9.095820784568786621e-01
8.552380800247192383e-01
8.994228839874267578e-01
9.086038470268249512e-01
8.959246873855590820e-01
9.014751911163330078e-01
8.934417963027954102e-01
9.110027551651000977e-01
9.188895225524902344e-01
9.122111201286315918e-01
9.129897356033325195e-01
8.995999693870544434e-01
9.069310426712036133e-01
8.722064495086669922e-01
8.830894231796264648e-01
9.239061474800109863e-01
9.335142970085144043e-01
9.354161620140075684e-01
9.020946621894836426e-01
9.225759506225585938e-01
9.118120670318603516e-01
9.105788469314575195e-01
8.016602396965026855e-01
9.338925480842590332e-01
9.291676282882690430e-01
9.300596117973327637e-01
8.982928395271301270e-01
9.306864738464355469e-01
9.425876736640930176e-01
9.489845037460327148e-01
8.517921566963195801e-01
9.442493319511413574e-01
9.514939785003662109e-01
9.413433670997619629e-01
7.394342422485351562e-01
9.415432810783386230e-01
9.129956364631652832e-01
9.759905338287353516e-01
9.397068023681640625e-01
9.463439583778381348e-01
9.510410428047180176e-01
9.012363553047180176e-01
9.620499610900878906e-01
9.282538294792175293e-01
9.514549374580383301e-01
9.528824687004089355e-01
8.443241715431213379e-01
9.557508826255798340e-01
9.264220595359802246e-01
9.607840776443481445e-01
9.527259469032287598e-01
9.676111936569213867e-01
9.772396683692932129e-01
9.832043051719665527e-01
-9.899900000000000000e+04
9.476259350776672363e-01
9.728856682777404785e-01
-9.899900000000000000e+04
8.775134086608886719e-01
-9.899900000000000000e+04
9.671284556388854980e-01
9.647145271301269531e-01
9.335005283355712891e-01
9.910545945167541504e-01
