6.461329460144042969e-01
6.358127593994140625e-01
6.562239527702331543e-01
6.606395840644836426e-01
6.458758711814880371e-01
6.472339630126953125e-01
6.616687774658203125e-01
6.678663492202758789e-01
6.734914183616638184e-01
6.673698425292968750e-01
6.664795279502868652e-01
6.614516377449035645e-01
6.751718521118164062e-01
6.722197532653808594e-01
6.705845594406127930e-01
6.804526448249816895e-01
6.810971498489379883e-01
6.668570041656494141e-01
6.876142621040344238e-01
6.882901191711425781e-01
6.811931729316711426e-01
6.780090332031250000e-01
6.799424290657043457e-01
7.045492529869079590e-01
6.923391222953796387e-01
7.035980820655822754e-01
6.933497786521911621e-01
6.993896961212158203e-01
6.877900362014770508e-01
6.947025060653686523e-01
6.924768090248107910e-01
7.106320261955261230e-01
7.024661898612976074e-01
6.989147067070007324e-01
6.936015486717224121e-01
6.957734823226928711e-01
6.937771439552307129e-01
6.964154839515686035e-01
7.071206569671630859e-01
7.135104537010192871e-01
7.065399885177612305e-01
7.126745581626892090e-01
7.048807144165039062e-01
7.071663737297058105e-01
7.131254673004150391e-01
7.089660763740539551e-01
7.112754583358764648e-01
7.099880576133728027e-01
7.042015790939331055e-01
7.119197845458984375e-01
7.161695957183837891e-01
6.978852152824401855e-01
6.999983787536621094e-01
7.074291110038757324e-01
7.166857719421386719e-01
7.266368865966796875e-01
7.114670872688293457e-01
7.130510210990905762e-01
7.125362753868103027e-01
7.177830934524536133e-01
7.224602699279785156e-01
7.283268570899963379e-01
7.291390895843505859e-01
7.196137905120849609e-01
7.268709540367126465e-01
7.231166958808898926e-01
7.202998399734497070e-01
7.249470949172973633e-01
7.347057461738586426e-01
7.408147454261779785e-01
7.401771545410156250e-01
7.396634817123413086e-01
7.284470200538635254e-01
7.294707894325256348e-01
7.308526039123535156e-01
7.460407018661499023e-01
7.353957891464233398e-01
7.697049379348754883e-01
7.523673176765441895e-01
7.217975854873657227e-01
7.723385691642761230e-01
7.476942539215087891e-01
7.616852521896362305e-01
7.654759883880615234e-01
7.736359238624572754e-01
7.751730680465698242e-01
7.722150087356567383e-01
7.752429246902465820e-01
7.628700137138366699e-01
7.826767563819885254e-01
7.449097633361816406e-01
7.912567853927612305e-01
7.894075512886047363e-01
7.895810008049011230e-01
7.649192810058593750e-01
8.017193078994750977e-01
7.751396298408508301e-01
7.708753347396850586e-01
7.731295228004455566e-01
7.667554616928100586e-01
7.668222784996032715e-01
7.970036864280700684e-01
8.093499541282653809e-01
7.603601217269897461e-01
8.064540028572082520e-01
8.010508418083190918e-01
7.889690995216369629e-01
8.045973181724548340e-01
8.160737752914428711e-01
8.055174946784973145e-01
8.006967902183532715e-01
8.125523328781127930e-01
8.164926171302795410e-01
8.131161332130432129e-01
8.041449785232543945e-01
8.069227337837219238e-01
8.242599964141845703e-01
8.198617696762084961e-01
8.390810489654541016e-01
8.146460056304931641e-01
8.398280739784240723e-01
8.588692545890808105e-01
8.482160568237304688e-01
8.485315442085266113e-01
8.467094302177429199e-01
8.561851978302001953e-01
8.514971733093261719e-01
8.501165509223937988e-01
8.475250005722045898e-01
8.539999127388000488e-01
8.654891252517700195e-01
8.496041297912597656e-01
8.659152984619140625e-01
8.783061504364013672e-01
8.644785284996032715e-01
8.742655515670776367e-01
8.706156611442565918e-01
8.740069866180419922e-01
8.762533068656921387e-01
8.808534741401672363e-01
8.923034071922302246e-01
8.886730670928955078e-01
8.749969601631164551e-01
8.781058788299560547e-01
8.951291441917419434e-01
8.941360712051391602e-01
8.844262361526489258e-01
8.743960261344909668e-01
9.051452875137329102e-01
8.787582516670227051e-01
9.166792631149291992e-01
8.723449707031250000e-01
8.588414192199707031e-01
9.105308055877685547e-01
9.080727696418762207e-01
8.831271529197692871e-01
9.120455980300903320e-01
8.810644149780273438e-01
8.764940500259399414e-01
9.027223587036132812e-01
9.201232194900512695e-01
8.977557420730590820e-01
9.108430147171020508e-01
9.069291949272155762e-01
9.300097227096557617e-01
9.209137558937072754e-01
8.432574272155761719e-01
9.286873936653137207e-01
9.111497998237609863e-01
9.135037064552307129e-01
9.291931390762329102e-01
9.311944842338562012e-01
9.520875811576843262e-01
9.338268637657165527e-01
9.279018044471740723e-01
8.817374110221862793e-01
9.213696718215942383e-01
9.493307471275329590e-01
9.383192658424377441e-01
9.545217752456665039e-01
8.245077133178710938e-01
8.902385234832763672e-01
8.519992828369140625e-01
7.837415933609008789e-01
9.741643071174621582e-01
9.388931393623352051e-01
9.741166234016418457e-01
9.588952064514160156e-01
9.515615105628967285e-01
9.923382997512817383e-01
9.251945614814758301e-01
9.664804339408874512e-01
9.840416312217712402e-01
9.712186455726623535e-01
8.473169207572937012e-01
-9.899900000000000000e+04
8.561940193176269531e-01
8.910562396049499512e-01
9.556927680969238281e-01
9.983004927635192871e-01
-9.899900000000000000e+04
-9.899900000000000000e+04
9.848496317863464355e-01
9.725218415260314941e-01
9.673899412155151367e-01
8.737039566040039062e-01
9.901348948478698730e-01
-9.899900000000000000e+04
1.004179954528808594e+00
-9.899900000000000000e+04
8.768872022628784180e-01
-9.899900000000000000e+04
9.976871609687805176e-01
-9.899900000000000000e+04
-9.899900000000000000e+04
9.711157679557800293e-01
-9.899900000000000000e+04
-9.899900000000000000e+04
-9.899900000000000000e+04
-9.899900000000000000e+04
-9.899900000000000000e+04
-9.899900000000000000e+04
8.037472367286682129e-01
-9.899900000000000000e+04
-9.899900000000000000e+04
-9.899900000000000000e+04
-9.899900000000000000e+04
-9.899900000000000000e+04
-9.899900000000000000e+04
-9.899900000000000000e+04
