6.309524774551391602e-01
6.517849564552307129e-01
6.402796506881713867e-01
6.606395840644836426e-01
6.455930471420288086e-01
6.493827104568481445e-01
6.616687774658203125e-01
6.678663492202758789e-01
6.592803001403808594e-01
6.654602885246276855e-01
6.664795279502868652e-01
6.803489923477172852e-01
6.678974032402038574e-01
6.722197532653808594e-01
6.813262104988098145e-01
6.813394427299499512e-01
6.809154748916625977e-01
6.832603812217712402e-01
6.890469193458557129e-01
6.843210458755493164e-01
6.809517145156860352e-01
6.750268340110778809e-01
6.810171008110046387e-01
6.994744539260864258e-01
6.958475112915039062e-01
6.888324022293090820e-01
7.006487846374511719e-01
6.934535503387451172e-01
6.868521571159362793e-01
6.918540596961975098e-01
6.927626132965087891e-01
6.952363252639770508e-01
7.017874121665954590e-01
6.933592557907104492e-01
6.920434832572937012e-01
6.766511797904968262e-01
6.960754394531250000e-01
7.049526572227478027e-01
7.084416747093200684e-01
6.864665150642395020e-01
7.164274454116821289e-01
7.134009003639221191e-01
7.048807144165039062e-01
7.027437686920166016e-01
7.000520229339599609e-01
7.108781933784484863e-01
7.140359878540039062e-01
7.118542790412902832e-01
7.133680582046508789e-01
7.131405472755432129e-01
6.924349069595336914e-01
6.942272186279296875e-01
7.003316879272460938e-01
7.148044109344482422e-01
7.069991827011108398e-01
7.027041912078857422e-01
7.118037939071655273e-01
7.247573733329772949e-01
7.208540439605712891e-01
7.161833047866821289e-01
7.314159870147705078e-01
7.350888252258300781e-01
7.310358881950378418e-01
7.195995450019836426e-01
7.204374670982360840e-01
7.234871387481689453e-01
7.030151486396789551e-01
7.061477303504943848e-01
7.419241070747375488e-01
7.270691990852355957e-01
7.487985491752624512e-01
7.236211895942687988e-01
7.319953441619873047e-01
7.385460734367370605e-01
7.525125741958618164e-01
7.579141855239868164e-01
7.440754771232604980e-01
7.331772446632385254e-01
7.314093112945556641e-01
7.474461197853088379e-01
7.623859047889709473e-01
7.734087109565734863e-01
7.592210769653320312e-01
7.695354223251342773e-01
7.821704149246215820e-01
7.495229244232177734e-01
7.732590436935424805e-01
7.785191535949707031e-01
7.666910290718078613e-01
7.746474742889404297e-01
7.916037440299987793e-01
7.846994996070861816e-01
7.906093597412109375e-01
7.710433602333068848e-01
7.591268420219421387e-01
7.692626118659973145e-01
7.828623056411743164e-01
7.911968827247619629e-01
7.672950625419616699e-01
7.920868992805480957e-01
7.851865291595458984e-01
7.918673157691955566e-01
7.651109695434570312e-01
8.029081225395202637e-01
7.967458963394165039e-01
7.708014249801635742e-01
8.139639496803283691e-01
7.995619773864746094e-01
8.083690404891967773e-01
8.076760172843933105e-01
8.065470457077026367e-01
8.252859711647033691e-01
7.947185635566711426e-01
8.117134571075439453e-01
8.137866854667663574e-01
8.239423036575317383e-01
7.905433177947998047e-01
8.277724385261535645e-01
8.416158556938171387e-01
8.453422188758850098e-01
8.256387114524841309e-01
8.571515083312988281e-01
8.480792641639709473e-01
8.646893501281738281e-01
8.626327514648437500e-01
8.563615679740905762e-01
8.576064705848693848e-01
8.536373376846313477e-01
8.543685078620910645e-01
8.571604490280151367e-01
8.601347804069519043e-01
8.439111709594726562e-01
8.662005066871643066e-01
8.736593127250671387e-01
8.855797648429870605e-01
8.687485456466674805e-01
8.736039400100708008e-01
8.752369284629821777e-01
8.739180564880371094e-01
8.828385472297668457e-01
8.755407929420471191e-01
8.864698410034179688e-01
8.744071722030639648e-01
8.889158368110656738e-01
8.915424346923828125e-01
8.976448774337768555e-01
8.849395513534545898e-01
8.958965539932250977e-01
8.791684508323669434e-01
9.060078859329223633e-01
8.872628211975097656e-01
8.144050240516662598e-01
8.959754109382629395e-01
9.079823493957519531e-01
8.800453543663024902e-01
9.069783091545104980e-01
8.973286747932434082e-01
8.964512944221496582e-01
8.990993499755859375e-01
9.123255014419555664e-01
8.720446825027465820e-01
9.172560572624206543e-01
9.139034152030944824e-01
9.150280356407165527e-01
9.169347286224365234e-01
8.036174178123474121e-01
9.199786782264709473e-01
8.908630013465881348e-01
7.839557528495788574e-01
9.189895987510681152e-01
9.188083410263061523e-01
9.323143362998962402e-01
9.125530123710632324e-01
9.335926771163940430e-01
9.384596943855285645e-01
9.428688287734985352e-01
9.130734205245971680e-01
9.536504149436950684e-01
9.213743805885314941e-01
8.228666186332702637e-01
9.245000481605529785e-01
6.898112893104553223e-01
9.649709463119506836e-01
9.634653329849243164e-01
9.376850128173828125e-01
9.681104421615600586e-01
9.603047370910644531e-01
9.835976958274841309e-01
7.789738178253173828e-01
9.350270032882690430e-01
9.768672585487365723e-01
9.108158349990844727e-01
8.450639247894287109e-01
9.533499479293823242e-01
9.706751108169555664e-01
9.520562291145324707e-01
9.754937291145324707e-01
9.822582006454467773e-01
9.008094072341918945e-01
9.169855117797851562e-01
9.815915822982788086e-01
9.994832873344421387e-01
8.082399964332580566e-01
-9.899900000000000000e+04
8.966606259346008301e-01
9.392398595809936523e-01
9.004353880882263184e-01
-9.899900000000000000e+04
-9.899900000000000000e+04
8.828284144401550293e-01
1.004163503646850586e+00
9.297211170196533203e-01
8.632454276084899902e-01
1.000920653343200684e+00
-9.899900000000000000e+04
9.433056712150573730e-01
8.723252415657043457e-01
9.429203867912292480e-01
-9.899900000000000000e+04
-9.899900000000000000e+04
-9.899900000000000000e+04
-9.899900000000000000e+04
-9.899900000000000000e+04
-9.899900000000000000e+04
-9.899900000000000000e+04
9.815104007720947266e-01
9.836427569389343262e-01
9.568319320678710938e-01
-9.899900000000000000e+04
-9.899900000000000000e+04
1.001224875450134277e+00
-9.899900000000000000e+04
-9.899900000000000000e+04
-9.899900000000000000e+04
8.949190378189086914e-01
-9.899900000000000000e+04
-9.899900000000000000e+04
-9.899900000000000000e+04
-9.899900000000000000e+04
-9.899900000000000000e+04
1.009532213211059570e+00
-9.899900000000000000e+04
-9.899900000000000000e+04
9.940458536148071289e-01
-9.899900000000000000e+04
-9.899900000000000000e+04
-9.899900000000000000e+04
-9.899900000000000000e+04
-9.899900000000000000e+04
-9.899900000000000000e+04
-9.899900000000000000e+04
-9.899900000000000000e+04
-9.899900000000000000e+04
8.385635614395141602e-01
-9.899900000000000000e+04
-9.899900000000000000e+04
-9.899900000000000000e+04
-9.899900000000000000e+04
-9.899900000000000000e+04
-9.899900000000000000e+04
-9.899900000000000000e+04
-9.899900000000000000e+04
-9.899900000000000000e+04
-9.899900000000000000e+04
-9.899900000000000000e+04
-9.899900000000000000e+04
-9.899900000000000000e+04
-9.899900000000000000e+04
-9.899900000000000000e+04
-9.899900000000000000e+04
-9.899900000000000000e+04
-9.899900000000000000e+04
-9.899900000000000000e+04
-9.899900000000000000e+04
-9.899900000000000000e+04
-9.899900000000000000e+04
-9.899900000000000000e+04
-9.899900000000000000e+04
-9.899900000000000000e+04
