6.461329460144042969e-01
6.358127593994140625e-01
6.407510042190551758e-01
6.476886868476867676e-01
6.617763042449951172e-01
6.692129373550415039e-01
6.686866879463195801e-01
6.693965792655944824e-01
6.592803001403808594e-01
6.673698425292968750e-01
6.664795279502868652e-01
6.636283397674560547e-01
6.690333485603332520e-01
6.744965314865112305e-01
6.794710755348205566e-01
6.848675608634948730e-01
6.826283931732177734e-01
6.863613128662109375e-01
6.746504306793212891e-01
6.843210458755493164e-01
6.745607256889343262e-01
6.833989620208740234e-01
6.592737436294555664e-01
7.032761573791503906e-01
6.834066510200500488e-01
6.980926394462585449e-01
6.933497786521911621e-01
6.938623785972595215e-01
6.877900362014770508e-01
6.948990821838378906e-01
6.826096773147583008e-01
7.149221897125244141e-01
7.026103138923645020e-01
6.927826404571533203e-01
6.904785633087158203e-01
6.928797364234924316e-01
7.005476951599121094e-01
7.049526572227478027e-01
7.075386643409729004e-01
7.162116169929504395e-01
6.996655464172363281e-01
7.053254842758178711e-01
7.174462676048278809e-01
7.088769078254699707e-01
7.047303318977355957e-01
7.038025856018066406e-01
6.975881457328796387e-01
7.202785611152648926e-01
7.084445357322692871e-01
6.992618441581726074e-01
7.146592736244201660e-01
7.075970172882080078e-01
7.029213905334472656e-01
7.051479816436767578e-01
7.122530937194824219e-01
7.191634774208068848e-01
7.212897539138793945e-01
7.191466689109802246e-01
7.271100878715515137e-01
7.266544103622436523e-01
7.284033298492431641e-01
7.123596072196960449e-01
7.283680438995361328e-01
7.286668419837951660e-01
7.329810857772827148e-01
7.387925386428833008e-01
7.057088017463684082e-01
7.403939366340637207e-01
7.251927256584167480e-01
7.380174994468688965e-01
7.327181100845336914e-01
7.238745689392089844e-01
7.482685446739196777e-01
7.375489473342895508e-01
7.421121001243591309e-01
7.453984618186950684e-01
7.616009116172790527e-01
7.703976631164550781e-01
7.559998035430908203e-01
7.238989472389221191e-01
7.301738858222961426e-01
7.336058020591735840e-01
7.600218057632446289e-01
7.686465382575988770e-01
7.728772163391113281e-01
7.770097255706787109e-01
7.818923592567443848e-01
7.746803164482116699e-01
7.828645706176757812e-01
7.946619391441345215e-01
7.915167212486267090e-01
7.958802580833435059e-01
7.881553173065185547e-01
7.860072255134582520e-01
7.590849995613098145e-01
7.531871795654296875e-01
7.896239161491394043e-01
7.942473292350769043e-01
7.587801814079284668e-01
8.000329732894897461e-01
7.884977459907531738e-01
7.619071602821350098e-01
8.013252019882202148e-01
7.735837101936340332e-01
8.009073734283447266e-01
8.054682016372680664e-01
7.753070592880249023e-01
7.912867069244384766e-01
8.007009625434875488e-01
8.081023097038269043e-01
8.154292702674865723e-01
7.786888480186462402e-01
8.179730772972106934e-01
8.009119629859924316e-01
8.055185675621032715e-01
8.223738074302673340e-01
8.243060111999511719e-01
8.304064869880676270e-01
8.376038670539855957e-01
8.097233772277832031e-01
8.110452890396118164e-01
8.345978260040283203e-01
8.394724726676940918e-01
7.238847613334655762e-01
8.405025601387023926e-01
8.540351390838623047e-01
8.598865866661071777e-01
8.524091243743896484e-01
8.353560566902160645e-01
8.608419895172119141e-01
8.744840025901794434e-01
8.633812665939331055e-01
8.708898425102233887e-01
8.431295752525329590e-01
8.650096654891967773e-01
8.845775723457336426e-01
8.662804961204528809e-01
8.468008041381835938e-01
8.796740770339965820e-01
8.815041184425354004e-01
8.805740475654602051e-01
8.816233873367309570e-01
8.824607729911804199e-01
8.797975778579711914e-01
8.907820582389831543e-01
7.667632102966308594e-01
8.865233659744262695e-01
8.992870450019836426e-01
8.985976576805114746e-01
8.221709728240966797e-01
8.883591890335083008e-01
8.823103904724121094e-01
9.073476195335388184e-01
9.038667082786560059e-01
8.710060715675354004e-01
9.032718539237976074e-01
9.165533781051635742e-01
9.218177795410156250e-01
8.806716799736022949e-01
9.009879827499389648e-01
9.144440293312072754e-01
9.089989066123962402e-01
9.221300482749938965e-01
9.157766103744506836e-01
8.923108577728271484e-01
9.092897772789001465e-01
9.187743663787841797e-01
9.113667607307434082e-01
9.026343226432800293e-01
7.312726974487304688e-01
9.138643145561218262e-01
9.263592958450317383e-01
8.856545090675354004e-01
9.220986366271972656e-01
9.240367412567138672e-01
9.348946809768676758e-01
9.169030189514160156e-01
9.505018591880798340e-01
9.019834399223327637e-01
9.280286431312561035e-01
9.346311688423156738e-01
9.477055668830871582e-01
9.603136181831359863e-01
9.658679366111755371e-01
9.526983499526977539e-01
9.572663307189941406e-01
9.467554688453674316e-01
1.002631425857543945e+00
9.832916855812072754e-01
9.808179736137390137e-01
9.815589785575866699e-01
9.922556877136230469e-01
8.608403205871582031e-01
9.619767665863037109e-01
9.821382164955139160e-01
-9.899900000000000000e+04
9.846614003181457520e-01
9.715903401374816895e-01
-9.899900000000000000e+04
9.985736012458801270e-01
8.607896566390991211e-01
9.507027268409729004e-01
