6.291534900665283203e-01
6.358127593994140625e-01
6.402796506881713867e-01
6.632860302925109863e-01
6.476992368698120117e-01
6.639208197593688965e-01
6.616687774658203125e-01
6.693965792655944824e-01
6.583522558212280273e-01
6.654602885246276855e-01
6.664795279502868652e-01
6.636283397674560547e-01
6.633976101875305176e-01
6.840402483940124512e-01
6.808091402053833008e-01
6.849688887596130371e-01
6.831842660903930664e-01
6.673178076744079590e-01
6.757262945175170898e-01
6.838296055793762207e-01
6.901529431343078613e-01
6.802825331687927246e-01
6.810171008110046387e-01
6.844035983085632324e-01
6.966059207916259766e-01
6.925680041313171387e-01
6.849386096000671387e-01
6.803610920906066895e-01
6.863583922386169434e-01
6.901693344116210938e-01
7.047212123870849609e-01
6.870106458663940430e-01
6.944019198417663574e-01
7.033570408821105957e-01
6.898364424705505371e-01
7.026885151863098145e-01
7.019261717796325684e-01
6.991207003593444824e-01
7.080863118171691895e-01
7.103316783905029297e-01
7.036556005477905273e-01
6.983842849731445312e-01
7.144544720649719238e-01
7.027807831764221191e-01
6.991581320762634277e-01
7.038912773132324219e-01
7.009559869766235352e-01
7.232279181480407715e-01
7.181338071823120117e-01
7.025986313819885254e-01
7.073030471801757812e-01
7.012473940849304199e-01
6.972531080245971680e-01
7.024654746055603027e-01
6.989066004753112793e-01
7.007487416267395020e-01
7.207099795341491699e-01
7.259035110473632812e-01
7.245181202888488770e-01
7.227848768234252930e-01
7.269235253334045410e-01
7.152419686317443848e-01
7.170084714889526367e-01
7.276036143302917480e-01
7.330196499824523926e-01
7.234506607055664062e-01
7.403355240821838379e-01
7.364842891693115234e-01
7.269976139068603516e-01
7.235021591186523438e-01
7.153115272521972656e-01
7.434433102607727051e-01
7.333336472511291504e-01
7.455299496650695801e-01
7.613239288330078125e-01
7.449550032615661621e-01
7.615920305252075195e-01
7.597617506980895996e-01
7.406336069107055664e-01
7.637765407562255859e-01
7.306923866271972656e-01
7.532163858413696289e-01
7.636091709136962891e-01
7.549490332603454590e-01
7.582045197486877441e-01
7.590335011482238770e-01
7.293614149093627930e-01
7.582998275756835938e-01
7.967137694358825684e-01
7.775328755378723145e-01
7.871006131172180176e-01
7.730268836021423340e-01
7.965782880783081055e-01
7.791269421577453613e-01
7.955633401870727539e-01
7.506849169731140137e-01
8.048708438873291016e-01
7.830459475517272949e-01
7.798221707344055176e-01
7.903527021408081055e-01
7.675795555114746094e-01
8.001534938812255859e-01
8.057190775871276855e-01
7.897748351097106934e-01
7.852944135665893555e-01
7.968543171882629395e-01
8.028565049171447754e-01
7.898750901222229004e-01
8.093661069869995117e-01
8.042111396789550781e-01
7.996102571487426758e-01
7.995487451553344727e-01
8.170827031135559082e-01
8.196623921394348145e-01
8.168416023254394531e-01
8.062861561775207520e-01
8.551588058471679688e-01
8.089483976364135742e-01
8.425481915473937988e-01
8.542176485061645508e-01
8.360846638679504395e-01
8.241897821426391602e-01
8.455202579498291016e-01
8.504551053047180176e-01
8.536574244499206543e-01
8.626443743705749512e-01
8.527367711067199707e-01
7.543181777000427246e-01
8.434313535690307617e-01
8.743109703063964844e-01
8.565149903297424316e-01
8.635911345481872559e-01
8.720117807388305664e-01
8.561665415763854980e-01
8.813064694404602051e-01
8.700963854789733887e-01
8.674553632736206055e-01
8.785544633865356445e-01
8.845248222351074219e-01
8.696739077568054199e-01
8.908749222755432129e-01
8.914296030998229980e-01
8.866383433341979980e-01
8.847911357879638672e-01
9.044137597084045410e-01
8.842310309410095215e-01
8.947685956954956055e-01
8.794748783111572266e-01
8.671019673347473145e-01
8.776771426200866699e-01
9.049102663993835449e-01
8.863188624382019043e-01
8.669182658195495605e-01
9.118068814277648926e-01
8.779036998748779297e-01
8.956663608551025391e-01
8.780088424682617188e-01
9.022675156593322754e-01
8.742915987968444824e-01
9.304344654083251953e-01
9.158801436424255371e-01
9.186953306198120117e-01
8.534733057022094727e-01
9.169305562973022461e-01
9.250448346138000488e-01
9.262464642524719238e-01
9.020850658416748047e-01
9.367420077323913574e-01
9.288504123687744141e-01
9.299400448799133301e-01
9.258658885955810547e-01
8.720777630805969238e-01
9.097265005111694336e-01
9.335135221481323242e-01
8.414061665534973145e-01
9.454861283302307129e-01
9.173216819763183594e-01
9.395098090171813965e-01
8.831232190132141113e-01
8.231168985366821289e-01
9.271572828292846680e-01
8.195237517356872559e-01
9.497296214103698730e-01
9.598790407180786133e-01
9.557366967201232910e-01
9.563097357749938965e-01
9.572162628173828125e-01
8.881493210792541504e-01
9.295904636383056641e-01
9.583497047424316406e-01
9.631763100624084473e-01
9.731691479682922363e-01
9.498244524002075195e-01
9.942623376846313477e-01
9.678220152854919434e-01
9.819906949996948242e-01
-9.899900000000000000e+04
9.791947007179260254e-01
9.882642626762390137e-01
9.536503553390502930e-01
9.997057318687438965e-01
9.121727943420410156e-01
-9.899900000000000000e+04
9.276921749114990234e-01
9.693182706832885742e-01
9.878234267234802246e-01
9.881815314292907715e-01
9.741873145103454590e-01
9.831764698028564453e-01
-9.899900000000000000e+04
9.920145869255065918e-01
-9.899900000000000000e+04
-9.899900000000000000e+04
-9.899900000000000000e+04
-9.899900000000000000e+04
-9.899900000000000000e+04
-9.899900000000000000e+04
-9.899900000000000000e+04
-9.899900000000000000e+04
