6.291534900665283203e-01
6.358127593994140625e-01
6.412144899368286133e-01
6.632860302925109863e-01
6.627352833747863770e-01
6.468650102615356445e-01
6.616687774658203125e-01
6.734821796417236328e-01
6.596282720565795898e-01
6.585720181465148926e-01
6.664795279502868652e-01
6.505369544029235840e-01
6.817724108695983887e-01
6.772983670234680176e-01
6.808091402053833008e-01
6.805133223533630371e-01
6.755884289741516113e-01
6.737642884254455566e-01
6.638529300689697266e-01
6.843210458755493164e-01
6.899451017379760742e-01
6.810644865036010742e-01
6.850000619888305664e-01
6.922982931137084961e-01
6.912087798118591309e-01
6.991040706634521484e-01
6.893593072891235352e-01
6.865958571434020996e-01
6.843441128730773926e-01
7.019232511520385742e-01
6.960663795471191406e-01
7.016095519065856934e-01
7.017874121665954590e-01
6.870712637901306152e-01
7.023847699165344238e-01
7.008796334266662598e-01
6.955612301826477051e-01
7.037529349327087402e-01
7.014572620391845703e-01
6.936416625976562500e-01
7.123741507530212402e-01
7.060279846191406250e-01
7.098392248153686523e-01
7.091786265373229980e-01
6.962599754333496094e-01
7.035614848136901855e-01
7.097945213317871094e-01
7.018668651580810547e-01
7.097776532173156738e-01
6.923030018806457520e-01
7.046442031860351562e-01
7.061635255813598633e-01
7.029631137847900391e-01
6.808270215988159180e-01
7.020232677459716797e-01
7.154525518417358398e-01
7.214860320091247559e-01
7.142759561538696289e-01
7.081143260002136230e-01
7.147755622863769531e-01
7.278130650520324707e-01
7.194101214408874512e-01
7.290402650833129883e-01
7.289628982543945312e-01
7.110008001327514648e-01
7.331078648567199707e-01
7.384793162345886230e-01
7.194836735725402832e-01
7.334241271018981934e-01
7.266266345977783203e-01
7.166762351989746094e-01
7.434669733047485352e-01
7.161595821380615234e-01
7.656836509704589844e-01
7.683872580528259277e-01
7.277717590332031250e-01
7.491428256034851074e-01
7.283993959426879883e-01
7.463508248329162598e-01
7.513949871063232422e-01
7.476922869682312012e-01
7.599765062332153320e-01
7.416900992393493652e-01
7.764422893524169922e-01
7.606776356697082520e-01
7.605156302452087402e-01
7.764021754264831543e-01
7.894250154495239258e-01
7.844338417053222656e-01
7.409951686859130859e-01
7.815673947334289551e-01
7.820007205009460449e-01
7.717319130897521973e-01
7.875919938087463379e-01
7.724716663360595703e-01
7.864760756492614746e-01
7.544716596603393555e-01
7.953824400901794434e-01
7.899799942970275879e-01
7.468088865280151367e-01
7.985321879386901855e-01
7.893919944763183594e-01
7.800192832946777344e-01
7.959036827087402344e-01
8.072172999382019043e-01
7.771770358085632324e-01
7.988238334655761719e-01
8.014667630195617676e-01
8.173109889030456543e-01
7.875692248344421387e-01
8.145821690559387207e-01
8.125507235527038574e-01
8.189337253570556641e-01
8.199755549430847168e-01
8.128168582916259766e-01
8.086364865303039551e-01
8.031736612319946289e-01
7.580692768096923828e-01
8.308542966842651367e-01
8.398864269256591797e-01
8.441699743270874023e-01
8.341604471206665039e-01
8.445827364921569824e-01
8.463803529739379883e-01
8.270444273948669434e-01
8.423935770988464355e-01
8.521467447280883789e-01
8.169265389442443848e-01
8.660625219345092773e-01
8.624678254127502441e-01
8.655203580856323242e-01
8.631551265716552734e-01
8.643121123313903809e-01
8.351621031761169434e-01
8.484860062599182129e-01
8.700453042984008789e-01
8.703202605247497559e-01
8.841583132743835449e-01
8.764314055442810059e-01
8.856671452522277832e-01
8.774292469024658203e-01
8.869850039482116699e-01
8.817747831344604492e-01
8.863081932067871094e-01
8.920485973358154297e-01
8.990058898925781250e-01
8.894026279449462891e-01
8.782212734222412109e-01
8.803818225860595703e-01
8.950870633125305176e-01
9.086116552352905273e-01
8.789647221565246582e-01
8.903523087501525879e-01
8.758652806282043457e-01
8.882263898849487305e-01
9.210880994796752930e-01
9.023376107215881348e-01
9.286000132560729980e-01
9.053485989570617676e-01
9.028225541114807129e-01
8.806211948394775391e-01
8.925027251243591309e-01
8.266566991806030273e-01
9.239318966865539551e-01
9.156185388565063477e-01
8.702207803726196289e-01
9.015556573867797852e-01
9.300550222396850586e-01
9.339931011199951172e-01
9.183920621871948242e-01
9.110547304153442383e-01
9.249042272567749023e-01
9.458203911781311035e-01
9.029549956321716309e-01
9.234098792076110840e-01
8.836305141448974609e-01
9.476863145828247070e-01
9.489082694053649902e-01
9.369910359382629395e-01
9.313262701034545898e-01
9.501956701278686523e-01
9.423236250877380371e-01
9.787997603416442871e-01
9.671673178672790527e-01
9.491084218025207520e-01
8.861209750175476074e-01
9.179449081420898438e-01
9.697127342224121094e-01
9.467712044715881348e-01
9.578537940979003906e-01
9.573917984962463379e-01
7.593815326690673828e-01
1.002023220062255859e+00
9.751445651054382324e-01
9.788030982017517090e-01
9.791733026504516602e-01
9.557883143424987793e-01
9.956213831901550293e-01
9.950665831565856934e-01
9.948011636734008789e-01
9.768827557563781738e-01
