6.225892305374145508e-01
6.245424747467041016e-01
6.562239527702331543e-01
6.632860302925109863e-01
6.476992368698120117e-01
6.472339630126953125e-01
6.616687774658203125e-01
6.678663492202758789e-01
6.596282720565795898e-01
6.793448328971862793e-01
6.752379536628723145e-01
6.599124670028686523e-01
6.817724108695983887e-01
6.840402483940124512e-01
6.660924553871154785e-01
6.715213656425476074e-01
6.741776466369628906e-01
6.863613128662109375e-01
6.686673164367675781e-01
6.843210458755493164e-01
6.745329499244689941e-01
6.783048510551452637e-01
6.755794286727905273e-01
6.928482651710510254e-01
6.912087798118591309e-01
6.940053701400756836e-01
7.034007310867309570e-01
6.909219622611999512e-01
6.861440539360046387e-01
6.892358660697937012e-01
6.826681494712829590e-01
6.891896724700927734e-01
7.020175457000732422e-01
7.021601200103759766e-01
6.909157037734985352e-01
7.028777599334716797e-01
6.989612579345703125e-01
6.986204385757446289e-01
7.095757722854614258e-01
7.073017954826354980e-01
6.913980245590209961e-01
7.131278514862060547e-01
7.014032006263732910e-01
7.149388194084167480e-01
7.034613490104675293e-01
7.085237503051757812e-01
6.886690258979797363e-01
7.036043405532836914e-01
7.166157364845275879e-01
6.906433105468750000e-01
7.082218527793884277e-01
7.095457315444946289e-01
7.095883488655090332e-01
6.929770708084106445e-01
7.286219596862792969e-01
7.228156328201293945e-01
7.120452523231506348e-01
7.046748399734497070e-01
7.253178358078002930e-01
7.177517414093017578e-01
7.245243787765502930e-01
7.346408367156982422e-01
7.023394703865051270e-01
7.321069836616516113e-01
7.352630496025085449e-01
7.383530139923095703e-01
7.178514003753662109e-01
7.227388024330139160e-01
7.117078304290771484e-01
7.243433594703674316e-01
7.059943675994873047e-01
7.460712194442749023e-01
7.494624257087707520e-01
7.548325061798095703e-01
7.428438067436218262e-01
7.405094504356384277e-01
7.461936473846435547e-01
7.327238917350769043e-01
7.379305362701416016e-01
7.476900219917297363e-01
7.651785016059875488e-01
7.515128254890441895e-01
7.571051716804504395e-01
7.616040706634521484e-01
7.548335194587707520e-01
7.739151716232299805e-01
7.781079411506652832e-01
7.913566827774047852e-01
7.325181365013122559e-01
7.885622978210449219e-01
7.600116133689880371e-01
7.796702980995178223e-01
7.638067603111267090e-01
7.811284661293029785e-01
7.601347565650939941e-01
7.977297306060791016e-01
7.943921685218811035e-01
7.808616757392883301e-01
7.833971977233886719e-01
8.060557842254638672e-01
7.687733769416809082e-01
7.914319038391113281e-01
7.761884927749633789e-01
8.014313578605651855e-01
8.052800297737121582e-01
7.852982282638549805e-01
8.089199662208557129e-01
8.044744133949279785e-01
8.166856765747070312e-01
8.170523643493652344e-01
7.971834540367126465e-01
8.035129308700561523e-01
8.138541579246520996e-01
8.070235252380371094e-01
8.257057070732116699e-01
8.035707473754882812e-01
8.283903598785400391e-01
8.015764951705932617e-01
8.374112844467163086e-01
8.331152200698852539e-01
8.255850672721862793e-01
8.175684213638305664e-01
8.519462943077087402e-01
8.537966609001159668e-01
8.458647131919860840e-01
8.438930511474609375e-01
8.588227629661560059e-01
8.159025907516479492e-01
8.735112547874450684e-01
8.501104712486267090e-01
8.412054181098937988e-01
8.613106012344360352e-01
8.575010895729064941e-01
8.649647235870361328e-01
8.603297472000122070e-01
8.619583845138549805e-01
8.683935403823852539e-01
8.975490927696228027e-01
8.590146303176879883e-01
8.661127686500549316e-01
8.902681469917297363e-01
8.807650208473205566e-01
8.846514225006103516e-01
8.907571434974670410e-01
8.894581198692321777e-01
8.866429328918457031e-01
8.821675181388854980e-01
8.744149804115295410e-01
8.892080783843994141e-01
8.920335769653320312e-01
8.886351585388183594e-01
8.927521109580993652e-01
8.995240926742553711e-01
9.098520278930664062e-01
8.643969893455505371e-01
9.190336465835571289e-01
8.936291337013244629e-01
9.277232289314270020e-01
8.996356725692749023e-01
9.102047085762023926e-01
8.967927694320678711e-01
8.441352248191833496e-01
9.085959196090698242e-01
9.035820960998535156e-01
8.412586450576782227e-01
9.163312315940856934e-01
9.231287837028503418e-01
9.003269672393798828e-01
9.033036828041076660e-01
9.158326387405395508e-01
9.026400446891784668e-01
9.282444119453430176e-01
9.558796286582946777e-01
9.255676269531250000e-01
9.159927964210510254e-01
9.198936223983764648e-01
8.959451913833618164e-01
8.414747118949890137e-01
9.488891363143920898e-01
8.345203399658203125e-01
9.639408588409423828e-01
8.280113935470581055e-01
9.616370201110839844e-01
9.685724377632141113e-01
9.618733525276184082e-01
9.535741806030273438e-01
9.234377741813659668e-01
9.540172219276428223e-01
9.720008969306945801e-01
9.489232301712036133e-01
9.397654533386230469e-01
9.717051982879638672e-01
9.352927803993225098e-01
8.981375098228454590e-01
9.892517328262329102e-01
9.724798202514648438e-01
9.163253307342529297e-01
7.716677188873291016e-01
9.868502020835876465e-01
9.804183244705200195e-01
9.875049591064453125e-01
9.694338440895080566e-01
9.709581136703491211e-01
9.697638154029846191e-01
-9.899900000000000000e+04
-9.899900000000000000e+04
9.795618057250976562e-01
8.703257441520690918e-01
9.734449982643127441e-01
-9.899900000000000000e+04
-9.899900000000000000e+04
-9.899900000000000000e+04
-9.899900000000000000e+04
-9.899900000000000000e+04
-9.899900000000000000e+04
8.914671540260314941e-01
-9.899900000000000000e+04
-9.899900000000000000e+04
-9.899900000000000000e+04
