6.291534900665283203e-01
6.517849564552307129e-01
6.406359076499938965e-01
6.632860302925109863e-01
6.510597467422485352e-01
6.676552295684814453e-01
6.616687774658203125e-01
6.678663492202758789e-01
6.795113086700439453e-01
6.793448328971862793e-01
6.796076297760009766e-01
6.801465153694152832e-01
6.740196943283081055e-01
6.588709354400634766e-01
6.695140600204467773e-01
6.734188199043273926e-01
6.809154748916625977e-01
6.660917401313781738e-01
6.890469193458557129e-01
6.706575751304626465e-01
6.731109023094177246e-01
6.750268340110778809e-01
6.808142066001892090e-01
6.934551596641540527e-01
6.967882513999938965e-01
6.991040706634521484e-01
7.067971825599670410e-01
6.934535503387451172e-01
6.940530538558959961e-01
6.901693344116210938e-01
6.826096773147583008e-01
7.100417017936706543e-01
6.974868178367614746e-01
6.898482441902160645e-01
7.023847699165344238e-01
6.957734823226928711e-01
6.940130591392517090e-01
6.964154839515686035e-01
7.074853777885437012e-01
7.121173739433288574e-01
7.080223560333251953e-01
6.992223262786865234e-01
7.105987668037414551e-01
6.971554756164550781e-01
6.993664503097534180e-01
7.151676416397094727e-01
6.952671408653259277e-01
7.161909937858581543e-01
7.107968926429748535e-01
7.163816094398498535e-01
6.916179060935974121e-01
7.019130587577819824e-01
6.946939229965209961e-01
7.069368958473205566e-01
7.239217162132263184e-01
7.219669818878173828e-01
7.190328240394592285e-01
7.123308777809143066e-01
7.115345001220703125e-01
7.281237244606018066e-01
7.205688357353210449e-01
7.019502520561218262e-01
7.293863296508789062e-01
7.318203449249267578e-01
7.345004081726074219e-01
7.398055791854858398e-01
7.362954616546630859e-01
7.358151078224182129e-01
7.390342950820922852e-01
7.392575144767761230e-01
7.354768514633178711e-01
7.361982464790344238e-01
7.349527478218078613e-01
7.418376207351684570e-01
7.133706808090209961e-01
7.516511678695678711e-01
7.567135095596313477e-01
7.388927340507507324e-01
7.371498346328735352e-01
7.569016814231872559e-01
7.309831380844116211e-01
7.664845585823059082e-01
6.931992173194885254e-01
7.455182671546936035e-01
7.772715687751770020e-01
7.775712013244628906e-01
7.712365388870239258e-01
7.790113091468811035e-01
7.759682536125183105e-01
7.479570508003234863e-01
7.295280098915100098e-01
7.835298180580139160e-01
7.852892279624938965e-01
7.631386518478393555e-01
7.715691328048706055e-01
7.718389630317687988e-01
7.754487395286560059e-01
8.023517727851867676e-01
7.988845705986022949e-01
7.943049073219299316e-01
7.891314625740051270e-01
7.687100768089294434e-01
7.551665902137756348e-01
8.032215237617492676e-01
8.051924705505371094e-01
8.144254088401794434e-01
8.031386733055114746e-01
8.091326951980590820e-01
8.171766400337219238e-01
8.076282143592834473e-01
7.956821322441101074e-01
8.075543045997619629e-01
8.237200379371643066e-01
8.038907647132873535e-01
8.215860128402709961e-01
8.279491066932678223e-01
8.024747371673583984e-01
8.281297087669372559e-01
8.173325657844543457e-01
8.483712673187255859e-01
8.505256772041320801e-01
8.506655693054199219e-01
8.452002406120300293e-01
8.354005813598632812e-01
8.608840703964233398e-01
8.623337149620056152e-01
8.544290661811828613e-01
8.489776849746704102e-01
8.454652428627014160e-01
8.548326492309570312e-01
8.574906587600708008e-01
8.590266704559326172e-01
8.737965822219848633e-01
8.767893314361572266e-01
8.223519325256347656e-01
7.787181138992309570e-01
8.780784606933593750e-01
8.776825070381164551e-01
8.691615462303161621e-01
8.842144608497619629e-01
8.473168015480041504e-01
8.813747763633728027e-01
8.792877197265625000e-01
8.814780712127685547e-01
8.748628497123718262e-01
8.861074447631835938e-01
9.050177931785583496e-01
9.056957960128784180e-01
8.875192403793334961e-01
8.879087567329406738e-01
8.847391605377197266e-01
8.954532146453857422e-01
8.942198753356933594e-01
8.697405457496643066e-01
8.973535895347595215e-01
8.612091541290283203e-01
9.094002246856689453e-01
9.185479283332824707e-01
9.051719307899475098e-01
8.790453672409057617e-01
8.483696579933166504e-01
8.583013415336608887e-01
9.111728668212890625e-01
9.223528504371643066e-01
9.317128062248229980e-01
9.074359536170959473e-01
9.241849184036254883e-01
8.055062890052795410e-01
9.008888006210327148e-01
9.217621684074401855e-01
9.051939249038696289e-01
9.440450668334960938e-01
9.194247126579284668e-01
9.284448027610778809e-01
9.565988779067993164e-01
7.742213010787963867e-01
9.096172451972961426e-01
7.986350059509277344e-01
9.609686136245727539e-01
9.467046260833740234e-01
9.544561505317687988e-01
9.440457820892333984e-01
8.039153814315795898e-01
9.589992761611938477e-01
8.317033648490905762e-01
9.515374898910522461e-01
8.756502270698547363e-01
9.676633477210998535e-01
9.630255699157714844e-01
9.747765064239501953e-01
-9.899900000000000000e+04
9.489446282386779785e-01
9.630608558654785156e-01
9.800143837928771973e-01
9.774444699287414551e-01
-9.899900000000000000e+04
9.681413769721984863e-01
9.823066592216491699e-01
1.008346438407897949e+00
9.066110253334045410e-01
9.769963026046752930e-01
8.916214108467102051e-01
7.992117404937744141e-01
9.672126173973083496e-01
9.763215184211730957e-01
-9.899900000000000000e+04
-9.899900000000000000e+04
-9.899900000000000000e+04
8.029593825340270996e-01
9.505923390388488770e-01
-9.899900000000000000e+04
-9.899900000000000000e+04
9.709313511848449707e-01
-9.899900000000000000e+04
-9.899900000000000000e+04
-9.899900000000000000e+04
-9.899900000000000000e+04
-9.899900000000000000e+04
-9.899900000000000000e+04
-9.899900000000000000e+04
9.770216941833496094e-01
