6.291534900665283203e-01
6.358127593994140625e-01
6.406359076499938965e-01
6.606395840644836426e-01
6.510597467422485352e-01
6.472339630126953125e-01
6.616687774658203125e-01
6.700686812400817871e-01
6.795113086700439453e-01
6.793448328971862793e-01
6.720840334892272949e-01
6.596245169639587402e-01
6.678974032402038574e-01
6.785833835601806641e-01
6.822105050086975098e-01
6.848675608634948730e-01
6.825008392333984375e-01
6.660917401313781738e-01
6.732835769653320312e-01
6.819898486137390137e-01
6.790222525596618652e-01
6.783048510551452637e-01
6.829127073287963867e-01
6.835055947303771973e-01
7.024981975555419922e-01
6.907290220260620117e-01
6.879978179931640625e-01
7.043316960334777832e-01
6.847026944160461426e-01
7.025297880172729492e-01
6.940954327583312988e-01
6.798064112663269043e-01
6.974868178367614746e-01
6.967349648475646973e-01
6.954714059829711914e-01
6.921381354331970215e-01
6.958599090576171875e-01
7.016730904579162598e-01
7.066417336463928223e-01
7.108461856842041016e-01
7.065399885177612305e-01
7.134361863136291504e-01
7.008206248283386230e-01
7.050446867942810059e-01
7.017863988876342773e-01
7.070934176445007324e-01
7.140570282936096191e-01
7.183765769004821777e-01
7.028675079345703125e-01
7.176443338394165039e-01
7.225277423858642578e-01
7.215296030044555664e-01
7.034998536109924316e-01
7.226862311363220215e-01
7.185813188552856445e-01
7.040848135948181152e-01
7.205837965011596680e-01
7.078176736831665039e-01
7.260570526123046875e-01
7.159323692321777344e-01
7.006191611289978027e-01
7.346289157867431641e-01
7.267417311668395996e-01
7.189919948577880859e-01
7.349646687507629395e-01
7.090231180191040039e-01
7.375774383544921875e-01
7.394811511039733887e-01
7.402584552764892578e-01
7.440700531005859375e-01
7.414474487304687500e-01
7.377832531929016113e-01
7.369859218597412109e-01
7.259456515312194824e-01
7.456335425376892090e-01
7.463691830635070801e-01
7.550216317176818848e-01
7.508636116981506348e-01
7.672888636589050293e-01
7.631604075431823730e-01
7.292903661727905273e-01
7.421913146972656250e-01
7.476679682731628418e-01
7.704916000366210938e-01
7.832537889480590820e-01
7.336705923080444336e-01
7.512844204902648926e-01
7.613763809204101562e-01
7.606070041656494141e-01
7.765389680862426758e-01
7.831481099128723145e-01
7.859091758728027344e-01
8.007795810699462891e-01
7.778456211090087891e-01
7.549773454666137695e-01
7.850849032402038574e-01
7.868511676788330078e-01
7.700898647308349609e-01
7.903766632080078125e-01
7.830396890640258789e-01
7.533966302871704102e-01
7.929095625877380371e-01
8.024730086326599121e-01
7.753018736839294434e-01
7.586901187896728516e-01
8.077957630157470703e-01
8.057666420936584473e-01
8.060021996498107910e-01
7.981325387954711914e-01
8.103510141372680664e-01
7.873949408531188965e-01
7.954733371734619141e-01
8.024227023124694824e-01
8.168486356735229492e-01
8.000763058662414551e-01
8.030297756195068359e-01
8.279192447662353516e-01
8.257930874824523926e-01
8.050504326820373535e-01
8.319185376167297363e-01
8.465338349342346191e-01
8.354180455207824707e-01
8.557757735252380371e-01
8.501636385917663574e-01
8.503986001014709473e-01
8.599130511283874512e-01
8.553909659385681152e-01
8.743790984153747559e-01
8.421592116355895996e-01
8.445010185241699219e-01
8.635680079460144043e-01
8.642483949661254883e-01
8.595923781394958496e-01
8.299456238746643066e-01
8.746426105499267578e-01
8.668020367622375488e-01
8.627705574035644531e-01
8.864074945449829102e-01
8.814269304275512695e-01
8.859302997589111328e-01
8.504397869110107422e-01
8.738936781883239746e-01
8.544744849205017090e-01
8.653970360755920410e-01
8.953349590301513672e-01
8.841279149055480957e-01
8.979882001876831055e-01
8.587750196456909180e-01
8.990134596824645996e-01
8.800352811813354492e-01
9.007189869880676270e-01
8.894178867340087891e-01
8.251136541366577148e-01
8.978724479675292969e-01
8.610438704490661621e-01
9.031232595443725586e-01
8.740943670272827148e-01
8.957964181900024414e-01
9.106229543685913086e-01
8.654779791831970215e-01
9.139724969863891602e-01
9.354441165924072266e-01
8.876036405563354492e-01
9.147982001304626465e-01
9.162501692771911621e-01
9.272470474243164062e-01
9.352216720581054688e-01
9.193780422210693359e-01
9.129987955093383789e-01
9.192008376121520996e-01
9.023059606552124023e-01
9.257022738456726074e-01
9.310418963432312012e-01
9.303064942359924316e-01
9.420673847198486328e-01
9.500300288200378418e-01
9.341151714324951172e-01
8.868552446365356445e-01
8.150852918624877930e-01
8.137907385826110840e-01
9.693213701248168945e-01
9.469737410545349121e-01
9.598935842514038086e-01
7.000010609626770020e-01
8.419256806373596191e-01
9.384862780570983887e-01
7.545264959335327148e-01
9.565174579620361328e-01
9.736030101776123047e-01
9.619205594062805176e-01
9.819482564926147461e-01
9.265030026435852051e-01
9.574382901191711426e-01
8.396174907684326172e-01
9.774776101112365723e-01
9.724515080451965332e-01
9.757257103919982910e-01
9.485211372375488281e-01
8.350349664688110352e-01
9.184831380844116211e-01
-9.899900000000000000e+04
-9.899900000000000000e+04
-9.899900000000000000e+04
9.726166725158691406e-01
9.389702677726745605e-01
