6.461329460144042969e-01
6.257067918777465820e-01
6.407510042190551758e-01
6.595162153244018555e-01
6.469347476959228516e-01
6.525678634643554688e-01
6.603446006774902344e-01
6.693965792655944824e-01
6.583522558212280273e-01
6.654602885246276855e-01
6.752379536628723145e-01
6.636283397674560547e-01
6.724217534065246582e-01
6.589918732643127441e-01
6.705845594406127930e-01
6.787751913070678711e-01
6.809154748916625977e-01
6.863613128662109375e-01
6.750097870826721191e-01
6.843210458755493164e-01
6.768352389335632324e-01
6.768280863761901855e-01
6.756133437156677246e-01
6.894417405128479004e-01
7.024981975555419922e-01
7.005965709686279297e-01
6.910071969032287598e-01
6.913158297538757324e-01
6.869817376136779785e-01
7.025297880172729492e-01
6.872646808624267578e-01
6.950945854187011719e-01
6.875709891319274902e-01
7.009570598602294922e-01
6.902229189872741699e-01
7.054998278617858887e-01
6.979155540466308594e-01
6.986204385757446289e-01
7.006036043167114258e-01
7.092915177345275879e-01
7.059190273284912109e-01
7.111132740974426270e-01
7.096167206764221191e-01
7.059736251831054688e-01
7.096542716026306152e-01
6.956266164779663086e-01
7.060469388961791992e-01
6.997302174568176270e-01
7.098287940025329590e-01
6.987857222557067871e-01
6.965811252593994141e-01
7.081906795501708984e-01
7.044138908386230469e-01
7.048222422599792480e-01
7.189743518829345703e-01
7.185903787612915039e-01
7.034451961517333984e-01
7.088493108749389648e-01
7.254397273063659668e-01
7.162861824035644531e-01
7.290010452270507812e-01
7.345110177993774414e-01
7.189512848854064941e-01
7.299678325653076172e-01
7.309042215347290039e-01
7.394460439682006836e-01
7.280788421630859375e-01
7.373449802398681641e-01
7.377451658248901367e-01
7.367945909500122070e-01
7.289853096008300781e-01
7.334526777267456055e-01
7.493723034858703613e-01
7.450068593025207520e-01
7.572235465049743652e-01
7.457322478294372559e-01
7.389240264892578125e-01
7.258157134056091309e-01
7.350069284439086914e-01
7.528240680694580078e-01
7.659624814987182617e-01
7.245239615440368652e-01
7.556716799736022949e-01
7.290411591529846191e-01
7.390769720077514648e-01
7.485057115554809570e-01
7.587105631828308105e-01
7.828277349472045898e-01
7.676033377647399902e-01
7.745391130447387695e-01
7.769419550895690918e-01
7.814620137214660645e-01
7.908580899238586426e-01
7.604197859764099121e-01
7.814161777496337891e-01
7.914592623710632324e-01
7.943288683891296387e-01
7.935420274734497070e-01
7.864461541175842285e-01
7.725849747657775879e-01
7.654727101325988770e-01
7.994934916496276855e-01
7.938551306724548340e-01
7.883181571960449219e-01
7.985306978225708008e-01
8.070480823516845703e-01
7.899402976036071777e-01
8.049787878990173340e-01
8.149989247322082520e-01
8.170488476753234863e-01
8.098573088645935059e-01
7.884988188743591309e-01
8.003914952278137207e-01
7.913845181465148926e-01
8.088049292564392090e-01
7.919272780418395996e-01
8.152862191200256348e-01
8.067998290061950684e-01
8.110572099685668945e-01
8.491955399513244629e-01
8.478011488914489746e-01
8.280147314071655273e-01
8.434389829635620117e-01
8.655830621719360352e-01
8.348551988601684570e-01
8.625153899192810059e-01
8.542379736900329590e-01
8.613896369934082031e-01
8.571289181709289551e-01
8.627735376358032227e-01
8.539720177650451660e-01
8.742167949676513672e-01
8.555259704589843750e-01
8.535872101783752441e-01
8.854977488517761230e-01
8.593098521232604980e-01
8.685855269432067871e-01
8.737037181854248047e-01
8.536123633384704590e-01
8.681741952896118164e-01
8.613491058349609375e-01
8.740360140800476074e-01
8.684974908828735352e-01
8.940253853797912598e-01
8.741303682327270508e-01
8.968657255172729492e-01
8.884432911872863770e-01
9.198396801948547363e-01
8.904818892478942871e-01
8.838146924972534180e-01
9.132351875305175781e-01
8.811822533607482910e-01
8.988435864448547363e-01
8.932582139968872070e-01
8.896115422248840332e-01
8.992742896080017090e-01
8.949817419052124023e-01
8.982466459274291992e-01
9.070600867271423340e-01
9.265804290771484375e-01
9.155484437942504883e-01
8.822498917579650879e-01
8.992298841476440430e-01
8.947322368621826172e-01
9.182512760162353516e-01
9.234170317649841309e-01
9.337896108627319336e-01
9.182089567184448242e-01
9.191802144050598145e-01
8.508192896842956543e-01
9.260482192039489746e-01
7.819690108299255371e-01
9.241507053375244141e-01
8.963854908943176270e-01
9.479138255119323730e-01
8.694555163383483887e-01
9.463775157928466797e-01
9.536085128784179688e-01
9.456524848937988281e-01
9.356078505516052246e-01
8.663534522056579590e-01
9.229665398597717285e-01
9.336649179458618164e-01
8.597419261932373047e-01
7.768025994300842285e-01
9.610037207603454590e-01
9.723898768424987793e-01
9.745875597000122070e-01
9.395377039909362793e-01
9.326195120811462402e-01
9.605067372322082520e-01
9.586449265480041504e-01
9.654967188835144043e-01
9.708744883537292480e-01
9.727852344512939453e-01
9.607856273651123047e-01
9.564626812934875488e-01
9.766089320182800293e-01
9.684643149375915527e-01
9.826478362083435059e-01
9.831175804138183594e-01
9.901244044303894043e-01
-9.899900000000000000e+04
9.511989355087280273e-01
