6.309524774551391602e-01
6.358127593994140625e-01
6.562239527702331543e-01
6.632860302925109863e-01
6.469347476959228516e-01
6.493827104568481445e-01
6.616687774658203125e-01
6.693965792655944824e-01
6.746804118156433105e-01
6.793448328971862793e-01
6.664795279502868652e-01
6.636283397674560547e-01
6.753827929496765137e-01
6.840402483940124512e-01
6.822105050086975098e-01
6.849688887596130371e-01
6.809154748916625977e-01
6.737642884254455566e-01
6.732835769653320312e-01
6.875582337379455566e-01
6.730217337608337402e-01
6.759751439094543457e-01
6.518429517745971680e-01
7.045492529869079590e-01
6.917125582695007324e-01
6.906134486198425293e-01
7.030092477798461914e-01
6.988013386726379395e-01
6.996704936027526855e-01
7.005459070205688477e-01
6.967647671699523926e-01
7.149221897125244141e-01
7.030033469200134277e-01
6.944863796234130859e-01
6.916729211807250977e-01
6.951146125793457031e-01
6.965429782867431641e-01
7.037948369979858398e-01
6.991586685180664062e-01
6.988423466682434082e-01
7.080223560333251953e-01
6.924584507942199707e-01
7.083740234375000000e-01
6.688082218170166016e-01
7.064265012741088867e-01
7.155987024307250977e-01
7.096180915832519531e-01
7.194973230361938477e-01
7.126260399818420410e-01
7.139319777488708496e-01
7.088077068328857422e-01
7.120826840400695801e-01
7.146342396736145020e-01
7.162388563156127930e-01
6.846690177917480469e-01
6.900413632392883301e-01
7.037720084190368652e-01
7.327781915664672852e-01
7.021216154098510742e-01
7.169312834739685059e-01
7.255097031593322754e-01
7.163947224617004395e-01
7.354007363319396973e-01
7.238193750381469727e-01
7.108715772628784180e-01
7.172718644142150879e-01
7.275229692459106445e-01
7.390853166580200195e-01
7.413374781608581543e-01
7.341502904891967773e-01
7.501877546310424805e-01
7.415304780006408691e-01
7.491338253021240234e-01
7.418082356452941895e-01
7.270570993423461914e-01
7.528776526451110840e-01
7.265912890434265137e-01
7.416985034942626953e-01
7.292156219482421875e-01
7.165484428405761719e-01
7.486100792884826660e-01
7.726591825485229492e-01
7.425476312637329102e-01
7.738830447196960449e-01
7.558904290199279785e-01
7.770189046859741211e-01
7.562285661697387695e-01
7.874972224235534668e-01
7.729749083518981934e-01
7.735835313796997070e-01
7.759433388710021973e-01
7.886970043182373047e-01
7.895365357398986816e-01
7.884187698364257812e-01
7.896931171417236328e-01
7.846706509590148926e-01
7.761731147766113281e-01
7.878655195236206055e-01
7.911087870597839355e-01
7.757380604743957520e-01
7.929026484489440918e-01
7.908235192298889160e-01
7.894299030303955078e-01
7.943615317344665527e-01
8.022860288619995117e-01
8.100037574768066406e-01
8.147566318511962891e-01
8.135741949081420898e-01
8.044202327728271484e-01
8.053407073020935059e-01
8.014155626296997070e-01
7.969865798950195312e-01
8.241220712661743164e-01
8.198436498641967773e-01
7.924260497093200684e-01
8.061457872390747070e-01
8.200386166572570801e-01
8.359707593917846680e-01
8.463001847267150879e-01
8.078626990318298340e-01
8.561994433403015137e-01
8.355315923690795898e-01
8.652522563934326172e-01
8.623546361923217773e-01
8.546012043952941895e-01
8.529057502746582031e-01
8.600144982337951660e-01
8.458548188209533691e-01
8.621971607208251953e-01
8.556759357452392578e-01
8.606368303298950195e-01
8.489965200424194336e-01
8.553552031517028809e-01
8.525686860084533691e-01
8.772059082984924316e-01
8.761280775070190430e-01
8.757161498069763184e-01
8.615534305572509766e-01
8.845828771591186523e-01
8.971053957939147949e-01
8.720591068267822266e-01
8.756704330444335938e-01
8.894305229187011719e-01
8.915886878967285156e-01
8.974138498306274414e-01
8.947484493255615234e-01
8.930935859680175781e-01
8.797518014907836914e-01
8.704903721809387207e-01
8.900799751281738281e-01
8.703742027282714844e-01
9.038294553756713867e-01
8.908509612083435059e-01
9.192010164260864258e-01
8.729985356330871582e-01
8.998591899871826172e-01
8.628630638122558594e-01
9.126018881797790527e-01
8.863080143928527832e-01
8.467538356781005859e-01
9.165108203887939453e-01
9.001239538192749023e-01
9.088186621665954590e-01
8.450682759284973145e-01
9.076836705207824707e-01
9.279496073722839355e-01
9.019429683685302734e-01
9.251644611358642578e-01
8.900992274284362793e-01
8.905756473541259766e-01
9.330897927284240723e-01
9.164813756942749023e-01
9.478095173835754395e-01
9.462501406669616699e-01
9.594267010688781738e-01
9.303498864173889160e-01
8.095622062683105469e-01
9.191810488700866699e-01
8.875250816345214844e-01
9.151517748832702637e-01
8.790423274040222168e-01
7.895656824111938477e-01
9.107771515846252441e-01
9.143463373184204102e-01
9.343125820159912109e-01
9.340629577636718750e-01
9.628623723983764648e-01
9.553041458129882812e-01
8.455745577812194824e-01
9.806005358695983887e-01
9.585389494895935059e-01
9.738390445709228516e-01
9.770804643630981445e-01
-9.899900000000000000e+04
9.906727075576782227e-01
1.000992059707641602e+00
1.002673625946044922e+00
9.731227755546569824e-01
9.784669280052185059e-01
-9.899900000000000000e+04
8.801659345626831055e-01
9.838605523109436035e-01
-9.899900000000000000e+04
-9.899900000000000000e+04
8.840529918670654297e-01
9.480553269386291504e-01
9.635089635848999023e-01
9.494938254356384277e-01
9.907298088073730469e-01
-9.899900000000000000e+04
9.796823263168334961e-01
9.729083776473999023e-01
-9.899900000000000000e+04
-9.899900000000000000e+04
9.606370329856872559e-01
-9.899900000000000000e+04
-9.899900000000000000e+04
-9.899900000000000000e+04
-9.899900000000000000e+04
-9.899900000000000000e+04
-9.899900000000000000e+04
-9.899900000000000000e+04
1.000295162200927734e+00
9.166191816329956055e-01
-9.899900000000000000e+04
-9.899900000000000000e+04
-9.899900000000000000e+04
-9.899900000000000000e+04
-9.899900000000000000e+04
-9.899900000000000000e+04
9.958043098449707031e-01
-9.899900000000000000e+04
-9.899900000000000000e+04
-9.899900000000000000e+04
-9.899900000000000000e+04
9.560952186584472656e-01
-9.899900000000000000e+04
-9.899900000000000000e+04
-9.899900000000000000e+04
-9.899900000000000000e+04
-9.899900000000000000e+04
-9.899900000000000000e+04
-9.899900000000000000e+04
-9.899900000000000000e+04
-9.899900000000000000e+04
-9.899900000000000000e+04
8.789724707603454590e-01
-9.899900000000000000e+04
-9.899900000000000000e+04
-9.899900000000000000e+04
-9.899900000000000000e+04
-9.899900000000000000e+04
9.016839265823364258e-01
-9.899900000000000000e+04
-9.899900000000000000e+04
-9.899900000000000000e+04
9.945144057273864746e-01
-9.899900000000000000e+04
-9.899900000000000000e+04
-9.899900000000000000e+04
-9.899900000000000000e+04
-9.899900000000000000e+04
-9.899900000000000000e+04
9.830599427223205566e-01
-9.899900000000000000e+04
-9.899900000000000000e+04
-9.899900000000000000e+04
-9.899900000000000000e+04
-9.899900000000000000e+04
-9.899900000000000000e+04
-9.899900000000000000e+04
