6.291534900665283203e-01
6.517849564552307129e-01
6.402796506881713867e-01
6.632860302925109863e-01
6.627352833747863770e-01
6.676552295684814453e-01
6.616687774658203125e-01
6.678663492202758789e-01
6.746804118156433105e-01
6.654602885246276855e-01
6.664795279502868652e-01
6.596245169639587402e-01
6.793047785758972168e-01
6.772983670234680176e-01
6.822105050086975098e-01
6.848675608634948730e-01
6.755480766296386719e-01
6.710654497146606445e-01
6.753183007240295410e-01
6.819898486137390137e-01
6.768352389335632324e-01
6.759751439094543457e-01
6.810171008110046387e-01
6.934555768966674805e-01
6.966059207916259766e-01
6.998791694641113281e-01
6.889234185218811035e-01
6.994913220405578613e-01
6.969946026802062988e-01
6.901693344116210938e-01
7.076503038406372070e-01
6.921018958091735840e-01
6.915193796157836914e-01
6.914362907409667969e-01
6.912078857421875000e-01
6.950627565383911133e-01
7.031751871109008789e-01
6.965782046318054199e-01
7.092423439025878906e-01
7.186087369918823242e-01
6.988298296928405762e-01
7.121078968048095703e-01
7.048807144165039062e-01
6.683904528617858887e-01
7.049814462661743164e-01
7.143347859382629395e-01
7.071982622146606445e-01
7.121972441673278809e-01
7.181001305580139160e-01
7.097948193550109863e-01
7.117975354194641113e-01
7.118235230445861816e-01
7.160077691078186035e-01
7.044070959091186523e-01
7.134670615196228027e-01
7.222250103950500488e-01
7.058498263359069824e-01
7.091097831726074219e-01
7.267221212387084961e-01
7.136304378509521484e-01
7.172072529792785645e-01
7.105479836463928223e-01
7.117185592651367188e-01
7.042255401611328125e-01
7.297438383102416992e-01
7.245171666145324707e-01
7.216646075248718262e-01
7.264166474342346191e-01
7.092324495315551758e-01
7.274630069732666016e-01
7.222993373870849609e-01
7.369586825370788574e-01
7.390937209129333496e-01
7.407582402229309082e-01
7.575301527976989746e-01
7.392497658729553223e-01
7.465004324913024902e-01
7.727212309837341309e-01
7.200273871421813965e-01
7.270806431770324707e-01
7.385361194610595703e-01
7.598561048507690430e-01
7.735390663146972656e-01
7.590509057044982910e-01
7.740451097488403320e-01
7.545149326324462891e-01
7.810343503952026367e-01
7.544056177139282227e-01
7.753381729125976562e-01
7.938222289085388184e-01
7.661849260330200195e-01
7.898568511009216309e-01
7.521423697471618652e-01
7.827382683753967285e-01
7.861019968986511230e-01
7.573372125625610352e-01
7.889994382858276367e-01
8.052107095718383789e-01
7.593915462493896484e-01
7.966481447219848633e-01
7.859844565391540527e-01
7.970702052116394043e-01
8.084579706192016602e-01
7.956740856170654297e-01
8.032960295677185059e-01
8.152562379837036133e-01
7.919554114341735840e-01
8.003545999526977539e-01
8.121871948242187500e-01
7.901108264923095703e-01
8.106396198272705078e-01
8.079054355621337891e-01
8.050320744514465332e-01
8.098271489143371582e-01
8.069391250610351562e-01
8.371248245239257812e-01
8.098724484443664551e-01
8.348621129989624023e-01
8.316737413406372070e-01
8.342569470405578613e-01
8.527272343635559082e-01
8.500096797943115234e-01
8.041886091232299805e-01
8.535983562469482422e-01
8.289485573768615723e-01
8.487067222595214844e-01
8.521438241004943848e-01
8.340324163436889648e-01
8.750837445259094238e-01
8.686560988426208496e-01
8.706569671630859375e-01
8.481132984161376953e-01
8.669007420539855957e-01
8.647769689559936523e-01
8.641796112060546875e-01
8.690317869186401367e-01
8.763222694396972656e-01
8.620063066482543945e-01
8.737727403640747070e-01
9.056600928306579590e-01
8.797522187232971191e-01
8.591610193252563477e-01
9.017580151557922363e-01
8.677252531051635742e-01
8.895726203918457031e-01
8.807223439216613770e-01
8.960031270980834961e-01
8.953541517257690430e-01
8.882504105567932129e-01
8.931687474250793457e-01
8.949886560440063477e-01
8.867928981781005859e-01
9.049422740936279297e-01
8.746982216835021973e-01
9.088155627250671387e-01
8.963358402252197266e-01
9.268934726715087891e-01
9.007771611213684082e-01
9.162567853927612305e-01
9.024097323417663574e-01
8.933178782463073730e-01
9.047079086303710938e-01
8.998256921768188477e-01
9.029706716537475586e-01
9.176865816116333008e-01
9.118893146514892578e-01
9.214239120483398438e-01
8.873661160469055176e-01
9.111540317535400391e-01
7.622482180595397949e-01
9.150826930999755859e-01
9.227856397628784180e-01
9.278930425643920898e-01
9.381356239318847656e-01
9.281128048896789551e-01
9.321417212486267090e-01
9.576562643051147461e-01
9.267495274543762207e-01
8.844189047813415527e-01
9.673471450805664062e-01
9.139949083328247070e-01
9.546947479248046875e-01
9.616181254386901855e-01
9.390485286712646484e-01
9.021945595741271973e-01
9.202785491943359375e-01
9.517221450805664062e-01
8.284302949905395508e-01
9.391529560089111328e-01
9.770017862319946289e-01
9.559038281440734863e-01
9.364900588989257812e-01
9.596707820892333984e-01
7.968785762786865234e-01
8.478354811668395996e-01
9.711294770240783691e-01
9.928472042083740234e-01
8.864772319793701172e-01
8.946079015731811523e-01
9.734982848167419434e-01
-9.899900000000000000e+04
9.845116734504699707e-01
-9.899900000000000000e+04
