6.461329460144042969e-01
6.358127593994140625e-01
6.388311982154846191e-01
6.651226878166198730e-01
6.617763042449951172e-01
6.503523588180541992e-01
6.603446006774902344e-01
6.678663492202758789e-01
6.755206584930419922e-01
6.654602885246276855e-01
6.664795279502868652e-01
6.803489923477172852e-01
6.706004142761230469e-01
6.775087118148803711e-01
6.811007857322692871e-01
6.695431470870971680e-01
6.770184636116027832e-01
6.746398210525512695e-01
6.750097870826721191e-01
6.819898486137390137e-01
6.891955137252807617e-01
6.906421184539794922e-01
6.627845168113708496e-01
6.952021121978759766e-01
6.959241032600402832e-01
6.829208135604858398e-01
7.008069157600402832e-01
6.979873180389404297e-01
6.846235394477844238e-01
7.005735039710998535e-01
6.864455342292785645e-01
6.891896724700927734e-01
6.807206273078918457e-01
6.914362907409667969e-01
6.930403113365173340e-01
7.051966190338134766e-01
6.935344338417053223e-01
6.964154839515686035e-01
7.054988741874694824e-01
7.130557894706726074e-01
7.012830376625061035e-01
7.119867205619812012e-01
7.117813825607299805e-01
7.020452618598937988e-01
7.047148942947387695e-01
6.959034800529479980e-01
6.943619847297668457e-01
7.040289044380187988e-01
7.074337005615234375e-01
7.218064665794372559e-01
7.096689939498901367e-01
7.191939353942871094e-01
7.006410956382751465e-01
7.119566202163696289e-01
7.054700851440429688e-01
6.977903842926025391e-01
6.956433057785034180e-01
7.039760947227478027e-01
7.121173739433288574e-01
7.145499587059020996e-01
7.204020023345947266e-01
7.302340865135192871e-01
7.176012992858886719e-01
6.991580724716186523e-01
7.329569458961486816e-01
7.179828286170959473e-01
7.146055102348327637e-01
7.100769281387329102e-01
7.397317886352539062e-01
7.278769612312316895e-01
7.316584587097167969e-01
7.414407730102539062e-01
7.593543529510498047e-01
7.591018080711364746e-01
7.575191855430603027e-01
7.510567307472229004e-01
7.324249148368835449e-01
7.596800923347473145e-01
7.217484116554260254e-01
7.686244249343872070e-01
7.598507404327392578e-01
7.589365243911743164e-01
7.374846935272216797e-01
7.601283192634582520e-01
7.524682879447937012e-01
7.478841543197631836e-01
7.569226622581481934e-01
7.633401155471801758e-01
7.792506217956542969e-01
7.936583161354064941e-01
7.511669993400573730e-01
7.623116374015808105e-01
7.955607175827026367e-01
7.800062298774719238e-01
7.628803849220275879e-01
7.967050671577453613e-01
7.827943563461303711e-01
7.614526152610778809e-01
7.869246006011962891e-01
7.948735952377319336e-01
8.018299341201782227e-01
7.975540757179260254e-01
7.832846641540527344e-01
8.007352948188781738e-01
8.028834462165832520e-01
8.002297282218933105e-01
8.099288344383239746e-01
8.139639496803283691e-01
8.055769205093383789e-01
8.094869852066040039e-01
8.072047233581542969e-01
8.160359859466552734e-01
8.095131516456604004e-01
8.166683316230773926e-01
8.129802942276000977e-01
8.385219573974609375e-01
8.401901125907897949e-01
8.244325518608093262e-01
7.686996459960937500e-01
8.498519062995910645e-01
8.470824956893920898e-01
8.443266749382019043e-01
8.535299301147460938e-01
8.448576331138610840e-01
8.449907302856445312e-01
8.652116060256958008e-01
8.435330986976623535e-01
8.532093167304992676e-01
8.413043022155761719e-01
8.531950116157531738e-01
8.579478263854980469e-01
8.595892786979675293e-01
8.697202205657958984e-01
8.566374778747558594e-01
8.629415631294250488e-01
8.573327064514160156e-01
8.634157180786132812e-01
8.573527932167053223e-01
8.668693304061889648e-01
8.807631731033325195e-01
8.498420119285583496e-01
8.801463842391967773e-01
8.813376426696777344e-01
9.000638723373413086e-01
8.781352639198303223e-01
8.826886415481567383e-01
8.946752548217773438e-01
8.862838149070739746e-01
8.956547379493713379e-01
8.914424180984497070e-01
8.922870159149169922e-01
9.054034352302551270e-01
9.027813673019409180e-01
8.997589349746704102e-01
8.763423562049865723e-01
8.796122670173645020e-01
8.364897966384887695e-01
9.075189232826232910e-01
9.096518754959106445e-01
8.793801665306091309e-01
9.119769930839538574e-01
9.129984378814697266e-01
9.154121279716491699e-01
9.256415963172912598e-01
8.523491024971008301e-01
8.134252429008483887e-01
8.820815682411193848e-01
9.466269612312316895e-01
8.789493441581726074e-01
9.126799106597900391e-01
9.186003804206848145e-01
9.165000915527343750e-01
9.273502826690673828e-01
8.979759812355041504e-01
9.305966496467590332e-01
9.443038702011108398e-01
7.562595605850219727e-01
9.430621862411499023e-01
8.935353159904479980e-01
9.387599229812622070e-01
9.137670993804931641e-01
9.566427469253540039e-01
9.312414526939392090e-01
9.693918228149414062e-01
9.784517288208007812e-01
9.062076210975646973e-01
9.761317968368530273e-01
9.674592614173889160e-01
9.550186991691589355e-01
9.787114858627319336e-01
9.688464403152465820e-01
9.589469432830810547e-01
9.933213591575622559e-01
9.918943047523498535e-01
9.722543358802795410e-01
9.725845456123352051e-01
9.591367840766906738e-01
9.976741671562194824e-01
9.963828325271606445e-01
9.566884040832519531e-01
