6.309524774551391602e-01
6.358127593994140625e-01
6.412144899368286133e-01
6.632860302925109863e-01
6.617763042449951172e-01
6.639208197593688965e-01
6.616687774658203125e-01
6.749265789985656738e-01
6.596282720565795898e-01
6.655529737472534180e-01
6.752379536628723145e-01
6.596245169639587402e-01
6.817905902862548828e-01
6.775087118148803711e-01
6.713212132453918457e-01
6.690617203712463379e-01
6.712474226951599121e-01
6.740633845329284668e-01
6.719922423362731934e-01
6.797250509262084961e-01
6.739029288291931152e-01
6.750268340110778809e-01
6.752519607543945312e-01
6.844035983085632324e-01
6.860341429710388184e-01
6.997061967849731445e-01
6.956829428672790527e-01
7.027965784072875977e-01
6.983751058578491211e-01
6.954091787338256836e-01
6.826096773147583008e-01
7.017663121223449707e-01
6.919070482254028320e-01
7.033570408821105957e-01
6.992788314819335938e-01
6.955422163009643555e-01
6.935344338417053223e-01
7.049526572227478027e-01
6.953494548797607422e-01
7.112755775451660156e-01
7.008877992630004883e-01
7.057657241821289062e-01
7.043865323066711426e-01
6.942454576492309570e-01
7.023352980613708496e-01
7.138581871986389160e-01
7.087383270263671875e-01
7.211282253265380859e-01
7.052316069602966309e-01
7.097156643867492676e-01
7.235847711563110352e-01
7.085094451904296875e-01
7.127357125282287598e-01
7.186079621315002441e-01
7.185855507850646973e-01
6.956846714019775391e-01
7.215929627418518066e-01
7.238815426826477051e-01
7.259964942932128906e-01
7.146295905113220215e-01
7.153819799423217773e-01
7.146182656288146973e-01
7.320438623428344727e-01
7.317723631858825684e-01
7.348960041999816895e-01
7.153348922729492188e-01
7.164667844772338867e-01
7.355815172195434570e-01
7.276102304458618164e-01
7.282872796058654785e-01
7.386139631271362305e-01
7.533061504364013672e-01
7.517445683479309082e-01
7.399309277534484863e-01
7.430009245872497559e-01
7.689332962036132812e-01
7.544969320297241211e-01
7.366781830787658691e-01
7.691142559051513672e-01
7.579321265220642090e-01
7.300328612327575684e-01
7.561684250831604004e-01
7.395220398902893066e-01
7.537004947662353516e-01
7.583727836608886719e-01
7.530468702316284180e-01
7.652171850204467773e-01
7.663974761962890625e-01
7.826266884803771973e-01
7.801203727722167969e-01
7.840555906295776367e-01
7.882440090179443359e-01
7.915056943893432617e-01
7.820309996604919434e-01
7.884815931320190430e-01
7.727443575859069824e-01
7.544894218444824219e-01
7.731025218963623047e-01
7.978922724723815918e-01
7.778609395027160645e-01
7.928081750869750977e-01
7.821290493011474609e-01
8.015154004096984863e-01
8.094663023948669434e-01
7.970877289772033691e-01
8.118446469306945801e-01
7.914797067642211914e-01
7.999629378318786621e-01
7.867043018341064453e-01
8.170952200889587402e-01
8.102821111679077148e-01
8.005750179290771484e-01
8.115295171737670898e-01
7.669467329978942871e-01
8.232598304748535156e-01
8.195401430130004883e-01
8.316292762756347656e-01
8.286593556404113770e-01
8.149138689041137695e-01
8.421060442924499512e-01
8.307079672813415527e-01
8.452472090721130371e-01
8.268473148345947266e-01
8.423979282379150391e-01
8.696782588958740234e-01
8.373325467109680176e-01
8.780598044395446777e-01
8.494763374328613281e-01
8.457746505737304688e-01
8.590810894966125488e-01
8.631341457366943359e-01
8.589462041854858398e-01
8.669680356979370117e-01
8.919305801391601562e-01
8.569546937942504883e-01
8.423621058464050293e-01
8.848454356193542480e-01
8.638944625854492188e-01
8.474352955818176270e-01
8.395924568176269531e-01
8.698348999023437500e-01
8.771311640739440918e-01
7.697232961654663086e-01
9.066604375839233398e-01
8.963837623596191406e-01
9.059364795684814453e-01
8.991177678108215332e-01
8.884747028350830078e-01
8.572416901588439941e-01
8.808550834655761719e-01
8.741610646247863770e-01
8.931149244308471680e-01
9.092000722885131836e-01
8.797105550765991211e-01
9.170403480529785156e-01
9.022294878959655762e-01
9.086756706237792969e-01
8.983255028724670410e-01
9.063180685043334961e-01
8.889493942260742188e-01
8.891338706016540527e-01
9.064736366271972656e-01
9.001364707946777344e-01
9.234670400619506836e-01
9.180127978324890137e-01
9.139417409896850586e-01
9.056551456451416016e-01
9.061750769615173340e-01
9.275112748146057129e-01
9.179317355155944824e-01
8.987274765968322754e-01
9.020611047744750977e-01
9.203963279724121094e-01
9.278174042701721191e-01
9.149510264396667480e-01
9.110199809074401855e-01
8.998910784721374512e-01
9.388489127159118652e-01
8.700079917907714844e-01
9.706304073333740234e-01
9.484222531318664551e-01
9.552725553512573242e-01
9.442886114120483398e-01
8.147115707397460938e-01
9.408634901046752930e-01
9.500605463981628418e-01
9.800514578819274902e-01
9.519850611686706543e-01
9.740720391273498535e-01
9.811006784439086914e-01
9.786161184310913086e-01
9.643324017524719238e-01
9.717785716056823730e-01
9.492960572242736816e-01
8.529700636863708496e-01
1.005698442459106445e+00
8.403288125991821289e-01
8.178019523620605469e-01
9.708881974220275879e-01
9.106960296630859375e-01
9.755462408065795898e-01
9.680107831954956055e-01
1.004257440567016602e+00
-9.899900000000000000e+04
9.251698255538940430e-01
8.711773753166198730e-01
9.765461683273315430e-01
8.707433938980102539e-01
9.778032302856445312e-01
-9.899900000000000000e+04
-9.899900000000000000e+04
-9.899900000000000000e+04
9.830915331840515137e-01
-9.899900000000000000e+04
-9.899900000000000000e+04
-9.899900000000000000e+04
-9.899900000000000000e+04
-9.899900000000000000e+04
-9.899900000000000000e+04
-9.899900000000000000e+04
-9.899900000000000000e+04
-9.899900000000000000e+04
9.820277094841003418e-01
-9.899900000000000000e+04
-9.899900000000000000e+04
-9.899900000000000000e+04
-9.899900000000000000e+04
-9.899900000000000000e+04
9.459240436553955078e-01
-9.899900000000000000e+04
-9.899900000000000000e+04
