6.225892305374145508e-01
6.517849564552307129e-01
6.412144899368286133e-01
6.595162153244018555e-01
6.648994088172912598e-01
6.525678634643554688e-01
6.548080444335937500e-01
6.749265789985656738e-01
6.760308146476745605e-01
6.793448328971862793e-01
6.752379536628723145e-01
6.596245169639587402e-01
6.676720976829528809e-01
6.711479425430297852e-01
6.657516956329345703e-01
6.695431470870971680e-01
6.741776466369628906e-01
6.668570041656494141e-01
6.662587523460388184e-01
6.843304634094238281e-01
6.651194691658020020e-01
6.750268340110778809e-01
6.802594661712646484e-01
7.024155259132385254e-01
7.060412764549255371e-01
7.039865851402282715e-01
6.914618611335754395e-01
7.043316960334777832e-01
6.843441128730773926e-01
6.933052539825439453e-01
6.956117153167724609e-01
6.954005360603332520e-01
7.024661898612976074e-01
6.914362907409667969e-01
6.912078857421875000e-01
7.050077915191650391e-01
6.984021067619323730e-01
6.980213522911071777e-01
6.938045024871826172e-01
7.106477022171020508e-01
7.080223560333251953e-01
7.117246389389038086e-01
7.050594091415405273e-01
7.024481892585754395e-01
7.012038826942443848e-01
7.037968039512634277e-01
7.100264430046081543e-01
7.168209552764892578e-01
7.161188721656799316e-01
7.012253403663635254e-01
6.990795731544494629e-01
7.127383947372436523e-01
7.156461477279663086e-01
7.049772143363952637e-01
6.991447806358337402e-01
7.216190099716186523e-01
7.058548331260681152e-01
7.120878100395202637e-01
7.263134717941284180e-01
7.096410989761352539e-01
7.318645119667053223e-01
7.272126078605651855e-01
7.178403735160827637e-01
7.091720700263977051e-01
7.221606373786926270e-01
7.287317514419555664e-01
7.232111096382141113e-01
7.425895929336547852e-01
7.032300829887390137e-01
7.161933779716491699e-01
7.223895192146301270e-01
7.393349409103393555e-01
7.414893507957458496e-01
7.467492222785949707e-01
7.585351467132568359e-01
7.271308302879333496e-01
7.380154132843017578e-01
7.537766098976135254e-01
7.431348562240600586e-01
7.133242487907409668e-01
7.720039486885070801e-01
7.425715923309326172e-01
7.608076930046081543e-01
7.713173627853393555e-01
7.687657475471496582e-01
7.655804753303527832e-01
7.545280456542968750e-01
7.796740531921386719e-01
7.737351059913635254e-01
7.812318205833435059e-01
7.759808301925659180e-01
7.578636407852172852e-01
7.658076286315917969e-01
7.795804142951965332e-01
7.596137523651123047e-01
7.860663533210754395e-01
7.836136221885681152e-01
7.956413030624389648e-01
7.949294447898864746e-01
7.961027026176452637e-01
7.986124157905578613e-01
7.921878099441528320e-01
7.999182939529418945e-01
7.867962718009948730e-01
7.748892307281494141e-01
8.151745796203613281e-01
7.882106304168701172e-01
8.036037087440490723e-01
7.780560255050659180e-01
7.892544269561767578e-01
8.057721853256225586e-01
8.109309077262878418e-01
8.220179080963134766e-01
8.044293522834777832e-01
8.242893218994140625e-01
8.145783543586730957e-01
8.310900926589965820e-01
8.236731290817260742e-01
8.398278951644897461e-01
8.476516604423522949e-01
8.415578007698059082e-01
8.542923927307128906e-01
8.414783477783203125e-01
8.391607403755187988e-01
8.471911549568176270e-01
8.294211030006408691e-01
8.290786743164062500e-01
8.406161665916442871e-01
8.477902412414550781e-01
8.580907583236694336e-01
8.504121899604797363e-01
8.753352761268615723e-01
8.644041419029235840e-01
8.623600602149963379e-01
8.473609089851379395e-01
8.792937994003295898e-01
8.615724444389343262e-01
8.635895252227783203e-01
8.687316179275512695e-01
8.630164861679077148e-01
8.628876209259033203e-01
8.808978199958801270e-01
8.786494731903076172e-01
8.806676268577575684e-01
8.906490802764892578e-01
8.876338005065917969e-01
9.020010828971862793e-01
7.936634421348571777e-01
8.720328807830810547e-01
8.930343389511108398e-01
8.991057276725769043e-01
8.977014422416687012e-01
8.869143724441528320e-01
9.011645317077636719e-01
8.797220587730407715e-01
8.852494359016418457e-01
8.476784229278564453e-01
8.231458067893981934e-01
8.839214444160461426e-01
8.385926485061645508e-01
9.204670190811157227e-01
7.907428741455078125e-01
8.439073562622070312e-01
9.086487889289855957e-01
9.123969078063964844e-01
8.533274531364440918e-01
9.333963394165039062e-01
9.085553884506225586e-01
9.160212278366088867e-01
9.181634783744812012e-01
9.143954515457153320e-01
9.374600052833557129e-01
9.360449910163879395e-01
8.942655324935913086e-01
9.427409172058105469e-01
9.356295466423034668e-01
9.318373203277587891e-01
9.473887681961059570e-01
9.254305958747863770e-01
9.398687481880187988e-01
9.482873678207397461e-01
9.556404352188110352e-01
9.578353166580200195e-01
9.122039675712585449e-01
9.704905152320861816e-01
9.669150710105895996e-01
8.301520943641662598e-01
9.417944550514221191e-01
8.486557006835937500e-01
8.513278365135192871e-01
9.710580706596374512e-01
9.386096000671386719e-01
9.743325710296630859e-01
8.213204741477966309e-01
9.739702939987182617e-01
9.842140674591064453e-01
9.268521666526794434e-01
9.545620679855346680e-01
9.747812151908874512e-01
9.635350704193115234e-01
9.263048171997070312e-01
-9.899900000000000000e+04
-9.899900000000000000e+04
-9.899900000000000000e+04
9.456431865692138672e-01
9.310920238494873047e-01
-9.899900000000000000e+04
-9.899900000000000000e+04
-9.899900000000000000e+04
9.814360141754150391e-01
9.588856697082519531e-01
