6.461329460144042969e-01
6.257067918777465820e-01
6.562239527702331543e-01
6.606395840644836426e-01
6.476992368698120117e-01
6.521380543708801270e-01
6.616687774658203125e-01
6.693965792655944824e-01
6.783686876296997070e-01
6.776518225669860840e-01
6.770343780517578125e-01
6.614516377449035645e-01
6.676720976829528809e-01
6.785833835601806641e-01
6.705845594406127930e-01
6.741617321968078613e-01
6.699507832527160645e-01
6.869531869888305664e-01
6.750604510307312012e-01
6.838296055793762207e-01
6.768352389335632324e-01
6.802825331687927246e-01
6.836212873458862305e-01
7.045492529869079590e-01
6.816271543502807617e-01
6.994273066520690918e-01
7.093890905380249023e-01
6.943283081054687500e-01
6.738314628601074219e-01
6.924921870231628418e-01
7.002182602882385254e-01
6.994097232818603516e-01
6.878544688224792480e-01
6.912381052970886230e-01
6.992788314819335938e-01
6.950627565383911133e-01
7.019261717796325684e-01
6.992841958999633789e-01
6.861554980278015137e-01
6.951735019683837891e-01
7.010316848754882812e-01
7.024710178375244141e-01
6.990332603454589844e-01
6.820988655090332031e-01
7.084442973136901855e-01
6.977047324180603027e-01
7.075765132904052734e-01
7.210945487022399902e-01
7.147068381309509277e-01
6.977860927581787109e-01
7.111319303512573242e-01
7.223612666130065918e-01
7.000585794448852539e-01
7.066725492477416992e-01
7.194386720657348633e-01
7.185641527175903320e-01
7.226141095161437988e-01
7.108768224716186523e-01
7.152974605560302734e-01
7.271351218223571777e-01
7.255696654319763184e-01
7.195033431053161621e-01
7.141542434692382812e-01
7.072952985763549805e-01
7.166896462440490723e-01
7.204026579856872559e-01
7.153357267379760742e-01
7.203594446182250977e-01
7.228770256042480469e-01
7.390567660331726074e-01
7.408506870269775391e-01
7.355940937995910645e-01
7.509435415267944336e-01
7.391483187675476074e-01
7.356012463569641113e-01
7.644330859184265137e-01
7.121602296829223633e-01
7.266868352890014648e-01
7.370039224624633789e-01
7.554795145988464355e-01
7.345105409622192383e-01
7.759251594543457031e-01
7.761165499687194824e-01
7.445982694625854492e-01
7.777439951896667480e-01
7.806438207626342773e-01
7.656854987144470215e-01
7.755768299102783203e-01
7.568733692169189453e-01
7.904095053672790527e-01
7.815628051757812500e-01
7.663674950599670410e-01
7.997537255287170410e-01
7.631670236587524414e-01
7.873684763908386230e-01
7.809675335884094238e-01
7.679882645606994629e-01
7.929379940032958984e-01
7.813611030578613281e-01
7.830780148506164551e-01
7.858859300613403320e-01
8.069997429847717285e-01
7.918078899383544922e-01
7.971301078796386719e-01
8.045098185539245605e-01
7.713345289230346680e-01
8.004531264305114746e-01
7.932803630828857422e-01
8.126885294914245605e-01
7.996892929077148438e-01
8.163510560989379883e-01
8.098325133323669434e-01
8.054692149162292480e-01
7.765100002288818359e-01
8.128803372383117676e-01
7.923018336296081543e-01
8.371676802635192871e-01
8.286109566688537598e-01
8.299515247344970703e-01
8.465282320976257324e-01
8.171886801719665527e-01
8.194394707679748535e-01
7.613152861595153809e-01
8.515840768814086914e-01
8.531259894371032715e-01
8.518349528312683105e-01
8.423265814781188965e-01
8.481771349906921387e-01
8.597670197486877441e-01
8.686237335205078125e-01
8.666601181030273438e-01
8.687634468078613281e-01
8.695594072341918945e-01
8.706857562065124512e-01
8.690029978752136230e-01
8.582038879394531250e-01
8.666244745254516602e-01
8.570755124092102051e-01
8.718476295471191406e-01
8.814828991889953613e-01
8.759338259696960449e-01
8.806708455085754395e-01
8.936845064163208008e-01
8.867868185043334961e-01
8.805975317955017090e-01
8.695160150527954102e-01
8.797610402107238770e-01
8.999394774436950684e-01
8.717424869537353516e-01
8.970814943313598633e-01
8.990783095359802246e-01
8.750824332237243652e-01
8.739610910415649414e-01
8.893932104110717773e-01
8.310317397117614746e-01
8.925467133522033691e-01
9.018679857254028320e-01
9.014768004417419434e-01
8.866840600967407227e-01
9.122754931449890137e-01
9.294894337654113770e-01
8.542891740798950195e-01
9.047874808311462402e-01
9.232131242752075195e-01
8.759322166442871094e-01
9.162577390670776367e-01
9.056600928306579590e-01
8.986067175865173340e-01
9.231566786766052246e-01
9.209096431732177734e-01
8.987520933151245117e-01
9.338589310646057129e-01
9.342831373214721680e-01
8.971505165100097656e-01
9.217225909233093262e-01
9.447030425071716309e-01
9.183264374732971191e-01
9.197728633880615234e-01
9.373118877410888672e-01
9.298052787780761719e-01
9.365679025650024414e-01
9.195222258567810059e-01
8.743628263473510742e-01
9.463330507278442383e-01
9.686359763145446777e-01
9.437561631202697754e-01
8.952057957649230957e-01
9.543614387512207031e-01
9.586705565452575684e-01
9.666182994842529297e-01
8.245077729225158691e-01
9.111024141311645508e-01
8.311483263969421387e-01
9.875639677047729492e-01
9.648094177246093750e-01
9.916142225265502930e-01
9.656027555465698242e-01
9.818225502967834473e-01
9.073408246040344238e-01
9.768027663230895996e-01
1.002513647079467773e+00
1.006724596023559570e+00
9.725750684738159180e-01
9.769879579544067383e-01
9.921332001686096191e-01
9.656018614768981934e-01
9.828513860702514648e-01
9.793862104415893555e-01
-9.899900000000000000e+04
9.778058528900146484e-01
-9.899900000000000000e+04
-9.899900000000000000e+04
-9.899900000000000000e+04
-9.899900000000000000e+04
-9.899900000000000000e+04
9.909377694129943848e-01
9.994150400161743164e-01
-9.899900000000000000e+04
9.355104565620422363e-01
-9.899900000000000000e+04
9.747976660728454590e-01
-9.899900000000000000e+04
9.855528473854064941e-01
-9.899900000000000000e+04
-9.899900000000000000e+04
-9.899900000000000000e+04
9.078418016433715820e-01
-9.899900000000000000e+04
-9.899900000000000000e+04
-9.899900000000000000e+04
-9.899900000000000000e+04
-9.899900000000000000e+04
-9.899900000000000000e+04
-9.899900000000000000e+04
-9.899900000000000000e+04
9.186031222343444824e-01
7.908696532249450684e-01
-9.899900000000000000e+04
9.034368395805358887e-01
-9.899900000000000000e+04
-9.899900000000000000e+04
-9.899900000000000000e+04
-9.899900000000000000e+04
-9.899900000000000000e+04
-9.899900000000000000e+04
-9.899900000000000000e+04
-9.899900000000000000e+04
-9.899900000000000000e+04
-9.899900000000000000e+04
-9.899900000000000000e+04
-9.899900000000000000e+04
-9.899900000000000000e+04
-9.899900000000000000e+04
