6.225892305374145508e-01
6.517849564552307129e-01
6.562239527702331543e-01
6.632860302925109863e-01
6.510597467422485352e-01
6.525678634643554688e-01
6.705154776573181152e-01
6.678663492202758789e-01
6.734914183616638184e-01
6.793448328971862793e-01
6.664795279502868652e-01
6.636283397674560547e-01
6.751718521118164062e-01
6.711479425430297852e-01
6.668683290481567383e-01
6.695431470870971680e-01
6.746627092361450195e-01
6.710654497146606445e-01
6.750604510307312012e-01
6.875582337379455566e-01
6.899451017379760742e-01
6.802825331687927246e-01
6.810171008110046387e-01
6.878223419189453125e-01
6.979097723960876465e-01
7.007247209548950195e-01
6.888701915740966797e-01
6.988013386726379395e-01
6.843441128730773926e-01
6.918540596961975098e-01
6.908670067787170410e-01
6.876170039176940918e-01
6.987927556037902832e-01
7.021601200103759766e-01
6.941277384757995605e-01
6.979723572731018066e-01
6.955493092536926270e-01
6.986204385757446289e-01
7.073228955268859863e-01
7.031947374343872070e-01
6.926578283309936523e-01
6.980413198471069336e-01
7.011744379997253418e-01
7.017534971237182617e-01
7.115187644958496094e-01
7.044372558593750000e-01
7.038199901580810547e-01
7.195640206336975098e-01
7.070534825325012207e-01
6.951578259468078613e-01
7.161040902137756348e-01
7.209685444831848145e-01
7.010306119918823242e-01
7.167189121246337891e-01
7.189158797264099121e-01
7.217373251914978027e-01
7.160285711288452148e-01
7.113808393478393555e-01
7.215517759323120117e-01
7.170102596282958984e-01
7.233549952507019043e-01
7.141780853271484375e-01
7.182040810585021973e-01
7.285704612731933594e-01
7.328391671180725098e-01
7.244666814804077148e-01
7.365439534187316895e-01
7.255525588989257812e-01
7.396515607833862305e-01
7.251914739608764648e-01
7.344687581062316895e-01
7.191945910453796387e-01
7.508530616760253906e-01
7.311317324638366699e-01
7.569915056228637695e-01
7.639577388763427734e-01
7.415494322776794434e-01
7.379390597343444824e-01
7.449844479560852051e-01
7.449945211410522461e-01
7.236539721488952637e-01
7.444853186607360840e-01
7.596146464347839355e-01
7.215142250061035156e-01
7.590140104293823242e-01
7.689681053161621094e-01
7.810449004173278809e-01
7.857270836830139160e-01
7.306697368621826172e-01
7.895868420600891113e-01
7.830352187156677246e-01
7.872479557991027832e-01
7.774214744567871094e-01
7.955986261367797852e-01
7.880734801292419434e-01
7.900898456573486328e-01
7.922440767288208008e-01
7.887408733367919922e-01
7.805818319320678711e-01
7.947582602500915527e-01
7.919177412986755371e-01
8.069475293159484863e-01
7.730926275253295898e-01
7.819184064865112305e-01
7.757935523986816406e-01
7.785622477531433105e-01
7.496834397315979004e-01
8.102664947509765625e-01
7.946930527687072754e-01
8.193908929824829102e-01
8.071054220199584961e-01
7.994760274887084961e-01
8.161683678627014160e-01
8.187668323516845703e-01
8.177415728569030762e-01
8.190104365348815918e-01
8.174520730972290039e-01
8.172976970672607422e-01
8.382056355476379395e-01
8.338674902915954590e-01
8.394395112991333008e-01
7.944455742835998535e-01
8.504627943038940430e-01
8.434323668479919434e-01
8.735246658325195312e-01
8.655372262001037598e-01
8.591251373291015625e-01
8.403300046920776367e-01
8.552724719047546387e-01
8.608826994895935059e-01
8.553444743156433105e-01
8.690246343612670898e-01
8.592585921287536621e-01
8.647696375846862793e-01
8.781010508537292480e-01
8.438093066215515137e-01
8.616836071014404297e-01
8.691324591636657715e-01
8.740285634994506836e-01
8.694785237312316895e-01
8.670881986618041992e-01
8.739644289016723633e-01
9.027209281921386719e-01
8.870818018913269043e-01
8.518858551979064941e-01
8.966945409774780273e-01
8.795142173767089844e-01
8.968450427055358887e-01
8.947795033454895020e-01
9.007437825202941895e-01
9.061282873153686523e-01
8.715267181396484375e-01
8.788306117057800293e-01
9.130300879478454590e-01
8.699660897254943848e-01
9.179466962814331055e-01
9.192365407943725586e-01
8.994503021240234375e-01
9.086087346076965332e-01
9.101986289024353027e-01
9.053857326507568359e-01
9.029743075370788574e-01
9.191826581954956055e-01
9.001312851905822754e-01
8.258045315742492676e-01
8.699007630348205566e-01
9.106845855712890625e-01
9.223303198814392090e-01
8.792513012886047363e-01
9.143570661544799805e-01
9.379081130027770996e-01
9.341616630554199219e-01
9.498724937438964844e-01
9.536790251731872559e-01
9.314918518066406250e-01
9.431782960891723633e-01
9.452480673789978027e-01
9.425082802772521973e-01
9.156460165977478027e-01
9.279995560646057129e-01
9.435961842536926270e-01
9.507473111152648926e-01
9.462173581123352051e-01
9.198198318481445312e-01
8.946617841720581055e-01
9.128249883651733398e-01
9.278063774108886719e-01
9.268377423286437988e-01
9.535642862319946289e-01
9.177123308181762695e-01
9.688109159469604492e-01
8.283002376556396484e-01
8.527508974075317383e-01
9.464216828346252441e-01
9.428779482841491699e-01
9.440406560897827148e-01
9.825941324234008789e-01
8.157775998115539551e-01
9.298777580261230469e-01
1.002825856208801270e+00
9.706887602806091309e-01
9.848271012306213379e-01
-9.899900000000000000e+04
-9.899900000000000000e+04
-9.899900000000000000e+04
9.691892862319946289e-01
9.728206992149353027e-01
1.013430595397949219e+00
8.566836714744567871e-01
1.000548124313354492e+00
