6.461329460144042969e-01
6.257067918777465820e-01
6.406359076499938965e-01
6.632860302925109863e-01
6.627352833747863770e-01
6.525678634643554688e-01
6.616687774658203125e-01
6.678663492202758789e-01
6.553733348846435547e-01
6.557765007019042969e-01
6.574903726577758789e-01
6.602298617362976074e-01
6.710210442543029785e-01
6.546568870544433594e-01
6.669101715087890625e-01
6.680523157119750977e-01
6.755884289741516113e-01
6.660917401313781738e-01
6.686673164367675781e-01
6.862480640411376953e-01
6.899451017379760742e-01
6.810644865036010742e-01
6.810171008110046387e-01
6.965808868408203125e-01
7.045752406120300293e-01
6.890242099761962891e-01
6.893593072891235352e-01
6.859896183013916016e-01
6.996704936027526855e-01
6.901693344116210938e-01
6.944646835327148438e-01
6.989718079566955566e-01
6.960031986236572266e-01
6.986690759658813477e-01
6.955842375755310059e-01
6.819823980331420898e-01
7.002396583557128906e-01
6.986204385757446289e-01
7.050544023513793945e-01
7.188727855682373047e-01
7.007465958595275879e-01
6.980413198471069336e-01
7.144544720649719238e-01
7.005742192268371582e-01
7.000420093536376953e-01
6.954102516174316406e-01
7.080219388008117676e-01
7.158669829368591309e-01
7.127630710601806641e-01
7.054761052131652832e-01
6.973480582237243652e-01
7.073909044265747070e-01
7.088161706924438477e-01
7.154431939125061035e-01
7.038414478302001953e-01
7.006945013999938965e-01
7.232002615928649902e-01
7.069470286369323730e-01
7.242487072944641113e-01
7.149170637130737305e-01
6.998545527458190918e-01
7.275304198265075684e-01
7.144940495491027832e-01
7.301571369171142578e-01
7.144443392753601074e-01
7.045726180076599121e-01
7.379643917083740234e-01
7.361060380935668945e-01
7.393224239349365234e-01
7.353922724723815918e-01
7.291118502616882324e-01
7.367894053459167480e-01
7.341646552085876465e-01
7.706344127655029297e-01
7.342081665992736816e-01
7.289276123046875000e-01
7.455515861511230469e-01
7.301121354103088379e-01
7.529693841934204102e-01
7.439041137695312500e-01
7.662257552146911621e-01
7.596451044082641602e-01
7.541443705558776855e-01
7.636204957962036133e-01
7.466546297073364258e-01
7.629792094230651855e-01
7.485616803169250488e-01
7.676855325698852539e-01
7.930363416671752930e-01
7.723951339721679688e-01
7.628144621849060059e-01
7.943044304847717285e-01
7.906340360641479492e-01
7.823236584663391113e-01
7.813332080841064453e-01
7.768850326538085938e-01
7.892950773239135742e-01
7.660315632820129395e-01
7.915132045745849609e-01
7.842400074005126953e-01
8.067276477813720703e-01
7.898024320602416992e-01
7.878296971321105957e-01
7.857080101966857910e-01
7.812734246253967285e-01
8.003121018409729004e-01
8.118953704833984375e-01
8.193775415420532227e-01
8.056970238685607910e-01
8.118507266044616699e-01
8.131278157234191895e-01
8.138239979743957520e-01
8.079550266265869141e-01
8.302471637725830078e-01
8.209125399589538574e-01
8.228812217712402344e-01
8.467609882354736328e-01
8.317655324935913086e-01
8.300359249114990234e-01
8.315363526344299316e-01
8.579490184783935547e-01
8.451414108276367188e-01
8.508446812629699707e-01
8.390129804611206055e-01
8.413661122322082520e-01
8.604849576950073242e-01
8.569275140762329102e-01
8.635452985763549805e-01
8.544660210609436035e-01
8.651634454727172852e-01
8.657822608947753906e-01
8.548247814178466797e-01
8.567996621131896973e-01
8.697507977485656738e-01
8.608555197715759277e-01
8.705963492393493652e-01
8.819591999053955078e-01
8.768810033798217773e-01
8.587432503700256348e-01
8.129048943519592285e-01
9.021873474121093750e-01
8.821607232093811035e-01
8.751019835472106934e-01
8.787733316421508789e-01
8.879872560501098633e-01
8.856210708618164062e-01
8.856714963912963867e-01
8.570082187652587891e-01
8.964627385139465332e-01
8.844463229179382324e-01
9.053044319152832031e-01
8.719493746757507324e-01
9.043844938278198242e-01
8.740943670272827148e-01
8.865075111389160156e-01
8.700483441352844238e-01
8.861916661262512207e-01
9.031475186347961426e-01
8.994122743606567383e-01
7.742049098014831543e-01
8.952323794364929199e-01
9.092761874198913574e-01
9.058744311332702637e-01
8.507314324378967285e-01
9.041439890861511230e-01
8.920245766639709473e-01
8.833545446395874023e-01
9.212950468063354492e-01
9.281052947044372559e-01
9.301234483718872070e-01
7.711650133132934570e-01
9.225822091102600098e-01
8.483186364173889160e-01
9.374246001243591309e-01
9.403249621391296387e-01
8.968349099159240723e-01
9.534820318222045898e-01
9.336143136024475098e-01
9.255664348602294922e-01
9.580535292625427246e-01
9.377659559249877930e-01
9.360060095787048340e-01
9.403732419013977051e-01
9.507220983505249023e-01
9.545199871063232422e-01
9.466235041618347168e-01
9.534832835197448730e-01
9.147213697433471680e-01
9.519538283348083496e-01
9.239502549171447754e-01
9.543552398681640625e-01
8.922094106674194336e-01
9.939481616020202637e-01
9.528023600578308105e-01
9.781262278556823730e-01
9.709259867668151855e-01
9.625296592712402344e-01
9.808320403099060059e-01
9.802803397178649902e-01
9.259722232818603516e-01
9.343366026878356934e-01
9.711949825286865234e-01
-9.899900000000000000e+04
-9.899900000000000000e+04
9.665647149085998535e-01
