6.225892305374145508e-01
6.358127593994140625e-01
6.388311982154846191e-01
6.606395840644836426e-01
6.466499567031860352e-01
6.676552295684814453e-01
6.616687774658203125e-01
6.678663492202758789e-01
6.592803001403808594e-01
6.793448328971862793e-01
6.641452312469482422e-01
6.564152836799621582e-01
6.676720976829528809e-01
6.711479425430297852e-01
6.657516956329345703e-01
6.814933419227600098e-01
6.825008392333984375e-01
6.691499948501586914e-01
6.753183007240295410e-01
6.843210458755493164e-01
6.806809306144714355e-01
6.750268340110778809e-01
6.518429517745971680e-01
6.934555768966674805e-01
6.981272697448730469e-01
6.907371878623962402e-01
6.895312070846557617e-01
6.928848624229431152e-01
7.024238705635070801e-01
6.951301693916320801e-01
6.963772773742675781e-01
6.855598092079162598e-01
6.955528259277343750e-01
6.868226528167724609e-01
7.013900876045227051e-01
7.058537006378173828e-01
6.958599090576171875e-01
6.991010308265686035e-01
7.011813521385192871e-01
7.138755917549133301e-01
7.060433030128479004e-01
7.106630206108093262e-01
7.087971568107604980e-01
7.009479999542236328e-01
7.057213187217712402e-01
7.055709362030029297e-01
7.185609936714172363e-01
7.065175175666809082e-01
7.146989703178405762e-01
6.923066377639770508e-01
6.953628063201904297e-01
7.220020294189453125e-01
7.015614509582519531e-01
6.943690180778503418e-01
7.185232043266296387e-01
7.194083333015441895e-01
7.186324000358581543e-01
7.163267135620117188e-01
7.209187150001525879e-01
6.961383819580078125e-01
7.242516875267028809e-01
7.343755364418029785e-01
7.351577281951904297e-01
7.187629938125610352e-01
7.369724512100219727e-01
7.349418997764587402e-01
7.390617728233337402e-01
7.379273176193237305e-01
7.408387660980224609e-01
7.371460795402526855e-01
7.436983585357666016e-01
7.417979836463928223e-01
7.293163537979125977e-01
7.250788211822509766e-01
7.376087307929992676e-01
7.212097048759460449e-01
7.567733526229858398e-01
7.434768676757812500e-01
7.753867506980895996e-01
7.389002442359924316e-01
7.491226792335510254e-01
7.513678669929504395e-01
7.533732056617736816e-01
7.183572649955749512e-01
7.855075001716613770e-01
7.494168281555175781e-01
7.836619615554809570e-01
7.691216468811035156e-01
7.340305447578430176e-01
7.887508273124694824e-01
7.704559564590454102e-01
7.866298556327819824e-01
7.714044451713562012e-01
7.895866036415100098e-01
7.798084616661071777e-01
7.716454863548278809e-01
7.894657850265502930e-01
7.777330279350280762e-01
7.976394295692443848e-01
7.724345326423645020e-01
7.812063097953796387e-01
8.042653799057006836e-01
7.714762091636657715e-01
7.971839308738708496e-01
8.052468895912170410e-01
7.672987580299377441e-01
7.794508934020996094e-01
8.005248308181762695e-01
7.935732007026672363e-01
8.163967728614807129e-01
8.011574745178222656e-01
8.205555677413940430e-01
8.045396804809570312e-01
7.889381051063537598e-01
8.146642446517944336e-01
8.092679381370544434e-01
8.342821598052978516e-01
8.286746740341186523e-01
8.337374329566955566e-01
8.058634996414184570e-01
7.827377915382385254e-01
8.526499867439270020e-01
8.367248773574829102e-01
8.391164541244506836e-01
8.523382544517517090e-01
8.549638986587524414e-01
8.551812767982482910e-01
8.545951843261718750e-01
8.573971986770629883e-01
8.629763126373291016e-01
8.529006838798522949e-01
8.013171553611755371e-01
8.753942251205444336e-01
8.683698177337646484e-01
8.550806641578674316e-01
8.668210506439208984e-01
8.926705718040466309e-01
8.884291648864746094e-01
8.862090706825256348e-01
8.761687278747558594e-01
8.765108585357666016e-01
8.921759724617004395e-01
8.815560936927795410e-01
8.671131730079650879e-01
8.951743245124816895e-01
8.827264308929443359e-01
8.745548129081726074e-01
8.939668536186218262e-01
8.793558478355407715e-01
8.973976373672485352e-01
8.918619155883789062e-01
8.754292130470275879e-01
8.887322545051574707e-01
9.090466499328613281e-01
8.907771706581115723e-01
8.928281664848327637e-01
9.040973782539367676e-01
9.081757664680480957e-01
8.851908445358276367e-01
9.105826020240783691e-01
8.759087324142456055e-01
8.224148154258728027e-01
8.993015289306640625e-01
9.056876301765441895e-01
9.264677762985229492e-01
9.207004904747009277e-01
9.219062924385070801e-01
9.144591093063354492e-01
8.656145334243774414e-01
8.420280218124389648e-01
9.082796573638916016e-01
8.999163508415222168e-01
9.207271337509155273e-01
9.040952920913696289e-01
7.947412133216857910e-01
9.383515119552612305e-01
9.522308111190795898e-01
9.539765119552612305e-01
9.648416042327880859e-01
9.474029541015625000e-01
9.424260854721069336e-01
9.587113261222839355e-01
9.621890187263488770e-01
9.513661861419677734e-01
9.259344935417175293e-01
9.109564423561096191e-01
8.790965676307678223e-01
9.445019364356994629e-01
9.658448100090026855e-01
7.153095006942749023e-01
9.532779455184936523e-01
9.916281700134277344e-01
9.530863165855407715e-01
9.858369827270507812e-01
9.763579368591308594e-01
9.738058447837829590e-01
9.658098816871643066e-01
9.472131729125976562e-01
9.681257009506225586e-01
9.515080451965332031e-01
9.093190431594848633e-01
9.957670569419860840e-01
9.836473464965820312e-01
9.754698872566223145e-01
8.161173462867736816e-01
-9.899900000000000000e+04
-9.899900000000000000e+04
-9.899900000000000000e+04
-9.899900000000000000e+04
