6.225892305374145508e-01
6.358127593994140625e-01
6.412144899368286133e-01
6.632860302925109863e-01
6.627352833747863770e-01
6.639208197593688965e-01
6.616687774658203125e-01
6.678663492202758789e-01
6.592803001403808594e-01
6.654602885246276855e-01
6.664795279502868652e-01
6.636283397674560547e-01
6.724217534065246582e-01
6.785833835601806641e-01
6.705845594406127930e-01
6.690617203712463379e-01
6.748010516166687012e-01
6.668570041656494141e-01
6.878952383995056152e-01
6.843210458755493164e-01
6.755523085594177246e-01
6.802825331687927246e-01
6.749833226203918457e-01
6.878223419189453125e-01
6.812600493431091309e-01
6.888324022293090820e-01
7.024117112159729004e-01
7.027965784072875977e-01
6.843441128730773926e-01
6.904824376106262207e-01
7.065244317054748535e-01
7.040021419525146484e-01
6.970201134681701660e-01
6.854333281517028809e-01
6.955842375755310059e-01
7.021046876907348633e-01
7.008129358291625977e-01
6.986222863197326660e-01
7.027180194854736328e-01
7.188727855682373047e-01
7.071599960327148438e-01
7.125728130340576172e-01
7.104921340942382812e-01
7.014772891998291016e-01
7.003533840179443359e-01
7.113755941390991211e-01
7.076153755187988281e-01
7.050986289978027344e-01
6.993120908737182617e-01
7.019238471984863281e-01
7.103083729743957520e-01
7.129982709884643555e-01
7.147308588027954102e-01
7.007763981819152832e-01
7.073176503181457520e-01
7.242180705070495605e-01
7.105169296264648438e-01
7.234092950820922852e-01
7.173759937286376953e-01
7.159812450408935547e-01
7.262593507766723633e-01
7.318241000175476074e-01
7.270035743713378906e-01
7.288858294486999512e-01
7.338563799858093262e-01
7.368769049644470215e-01
7.256945371627807617e-01
7.261831760406494141e-01
7.387409806251525879e-01
7.290700078010559082e-01
7.186489105224609375e-01
7.448131442070007324e-01
7.120084166526794434e-01
7.390025854110717773e-01
7.533252239227294922e-01
7.584473490715026855e-01
7.561094760894775391e-01
7.415630221366882324e-01
7.343136668205261230e-01
7.426844835281372070e-01
7.589367032051086426e-01
7.575890421867370605e-01
7.570261359214782715e-01
7.554554939270019531e-01
7.787194252014160156e-01
7.646058797836303711e-01
7.677747607231140137e-01
7.601078748703002930e-01
7.854686975479125977e-01
7.746810913085937500e-01
7.841229438781738281e-01
7.801752686500549316e-01
7.845437526702880859e-01
7.814079523086547852e-01
7.830976247787475586e-01
7.884917259216308594e-01
7.875822782516479492e-01
7.927319407463073730e-01
7.943180203437805176e-01
7.876407504081726074e-01
7.757526040077209473e-01
7.947812080383300781e-01
7.758486866950988770e-01
7.521700859069824219e-01
7.970345020294189453e-01
7.874564528465270996e-01
8.053370118141174316e-01
8.150088787078857422e-01
7.953176498413085938e-01
7.840346097946166992e-01
8.188107013702392578e-01
8.232524394989013672e-01
8.307907581329345703e-01
8.230766654014587402e-01
8.118262290954589844e-01
8.196831345558166504e-01
8.172326683998107910e-01
8.221549391746520996e-01
8.247616887092590332e-01
8.406721949577331543e-01
8.526537418365478516e-01
8.154112100601196289e-01
8.524624109268188477e-01
8.573428988456726074e-01
8.515924215316772461e-01
8.516128063201904297e-01
8.606974482536315918e-01
8.370289206504821777e-01
8.430109620094299316e-01
8.769894838333129883e-01
8.671382665634155273e-01
8.483992815017700195e-01
8.427517414093017578e-01
8.582102656364440918e-01
8.673781752586364746e-01
8.882940411567687988e-01
8.628748655319213867e-01
8.734479546546936035e-01
8.721765279769897461e-01
8.791213035583496094e-01
8.945801258087158203e-01
9.054670929908752441e-01
8.705223202705383301e-01
9.012603163719177246e-01
8.940696716308593750e-01
8.913759589195251465e-01
8.778612017631530762e-01
8.946167826652526855e-01
8.877605795860290527e-01
8.819044232368469238e-01
8.790558576583862305e-01
9.082688689231872559e-01
8.647354245185852051e-01
8.706928491592407227e-01
9.102255105972290039e-01
8.477939367294311523e-01
9.008799791336059570e-01
8.966299891471862793e-01
9.021292924880981445e-01
8.686158061027526855e-01
9.087458252906799316e-01
9.117597937583923340e-01
8.421844244003295898e-01
9.221696853637695312e-01
9.184290170669555664e-01
9.331329464912414551e-01
8.942956328392028809e-01
9.291771054267883301e-01
9.303784966468811035e-01
9.230217933654785156e-01
9.223492145538330078e-01
9.203853607177734375e-01
9.269080162048339844e-01
9.447693824768066406e-01
9.277169108390808105e-01
9.455248713493347168e-01
8.341426849365234375e-01
9.312363266944885254e-01
9.375985264778137207e-01
8.719971179962158203e-01
9.608607888221740723e-01
9.479304552078247070e-01
9.533356428146362305e-01
9.297572374343872070e-01
9.441068768501281738e-01
9.433983564376831055e-01
9.615251421928405762e-01
9.770438075065612793e-01
9.733743071556091309e-01
9.447697401046752930e-01
9.504141807556152344e-01
8.349095582962036133e-01
9.495543837547302246e-01
-9.899900000000000000e+04
9.658982753753662109e-01
-9.899900000000000000e+04
8.756437897682189941e-01
9.568125605583190918e-01
9.864881038665771484e-01
9.666185975074768066e-01
-9.899900000000000000e+04
-9.899900000000000000e+04
9.781600832939147949e-01
9.708620905876159668e-01
-9.899900000000000000e+04
9.691388010978698730e-01
9.368205070495605469e-01
-9.899900000000000000e+04
-9.899900000000000000e+04
-9.899900000000000000e+04
-9.899900000000000000e+04
9.599584341049194336e-01
9.861178994178771973e-01
-9.899900000000000000e+04
-9.899900000000000000e+04
-9.899900000000000000e+04
-9.899900000000000000e+04
-9.899900000000000000e+04
-9.899900000000000000e+04
-9.899900000000000000e+04
-9.899900000000000000e+04
-9.899900000000000000e+04
-9.899900000000000000e+04
-9.899900000000000000e+04
-9.899900000000000000e+04
9.344112277030944824e-01
-9.899900000000000000e+04
-9.899900000000000000e+04
-9.899900000000000000e+04
-9.899900000000000000e+04
9.627491831779479980e-01
