6.225892305374145508e-01
6.517849564552307129e-01
6.412144899368286133e-01
6.632860302925109863e-01
6.627352833747863770e-01
6.518133878707885742e-01
6.603446006774902344e-01
6.678663492202758789e-01
6.596282720565795898e-01
6.654602885246276855e-01
6.639269590377807617e-01
6.803489923477172852e-01
6.678974032402038574e-01
6.546568870544433594e-01
6.713212132453918457e-01
6.849688887596130371e-01
6.809154748916625977e-01
6.880912780761718750e-01
6.693843007087707520e-01
6.838296055793762207e-01
6.780407428741455078e-01
6.847827434539794922e-01
6.515519618988037109e-01
6.841276884078979492e-01
7.035616636276245117e-01
7.018926143646240234e-01
6.893593072891235352e-01
6.989399194717407227e-01
6.996704936027526855e-01
6.984028220176696777e-01
6.940954327583312988e-01
6.986805200576782227e-01
6.915193796157836914e-01
7.009570598602294922e-01
6.982485651969909668e-01
6.928925514221191406e-01
6.940272450447082520e-01
6.948182582855224609e-01
7.143017053604125977e-01
7.066999673843383789e-01
7.067958712577819824e-01
7.123758792877197266e-01
7.029371261596679688e-01
7.026267647743225098e-01
7.001528739929199219e-01
7.036186456680297852e-01
7.118855714797973633e-01
7.174121141433715820e-01
7.107717394828796387e-01
7.126283645629882812e-01
7.197353839874267578e-01
7.105139493942260742e-01
6.990985870361328125e-01
7.188192009925842285e-01
7.016744017601013184e-01
7.189427614212036133e-01
6.900430917739868164e-01
7.122300267219543457e-01
7.250856161117553711e-01
7.105278968811035156e-01
7.323015928268432617e-01
7.274479269981384277e-01
7.274232506752014160e-01
7.285145521163940430e-01
7.295936942100524902e-01
7.371623516082763672e-01
7.143990397453308105e-01
7.277429699897766113e-01
7.278833389282226562e-01
7.383190989494323730e-01
7.452962398529052734e-01
7.390797138214111328e-01
7.477437853813171387e-01
7.521330714225769043e-01
7.146102190017700195e-01
7.487884163856506348e-01
7.448525428771972656e-01
7.326419949531555176e-01
7.437744140625000000e-01
7.349687814712524414e-01
7.560558915138244629e-01
7.223280668258666992e-01
7.492238879203796387e-01
7.515917420387268066e-01
7.605435252189636230e-01
7.356737852096557617e-01
7.576421499252319336e-01
7.794820666313171387e-01
7.668259739875793457e-01
7.879325151443481445e-01
7.973459362983703613e-01
7.468782663345336914e-01
7.937026619911193848e-01
7.880080938339233398e-01
7.750300765037536621e-01
7.563424110412597656e-01
7.835817933082580566e-01
7.913619279861450195e-01
7.833662629127502441e-01
7.763654589653015137e-01
8.033332228660583496e-01
7.602490186691284180e-01
7.802414894104003906e-01
8.115914463996887207e-01
7.945037484169006348e-01
7.913998961448669434e-01
8.029326200485229492e-01
8.121765851974487305e-01
8.253194093704223633e-01
7.947408556938171387e-01
8.170371055603027344e-01
8.179410099983215332e-01
8.281078338623046875e-01
8.220920562744140625e-01
8.350737094879150391e-01
8.021979928016662598e-01
8.311089277267456055e-01
8.422034978866577148e-01
8.076673150062561035e-01
8.457098007202148438e-01
8.354134559631347656e-01
8.525307774543762207e-01
8.491393327713012695e-01
8.529905080795288086e-01
8.325724005699157715e-01
8.051809668540954590e-01
8.610798120498657227e-01
8.610930442810058594e-01
8.581465482711791992e-01
8.645365834236145020e-01
8.352422714233398438e-01
8.607854247093200684e-01
8.675836324691772461e-01
8.585557937622070312e-01
8.746141791343688965e-01
8.691130280494689941e-01
8.612358570098876953e-01
8.629328608512878418e-01
8.606377243995666504e-01
8.510141372680664062e-01
8.554717898368835449e-01
8.577894568443298340e-01
8.845707178115844727e-01
8.681140542030334473e-01
8.806455731391906738e-01
8.839585781097412109e-01
8.927462100982666016e-01
8.995313644409179688e-01
8.956251144409179688e-01
8.813014030456542969e-01
8.927322030067443848e-01
9.018564820289611816e-01
8.848897218704223633e-01
9.018585085868835449e-01
8.913406133651733398e-01
8.676899671554565430e-01
8.779900670051574707e-01
8.930695652961730957e-01
9.143794775009155273e-01
8.650242686271667480e-01
9.208214282989501953e-01
8.945951461791992188e-01
9.072566628456115723e-01
9.235489368438720703e-01
8.966200351715087891e-01
9.267468452453613281e-01
9.045758843421936035e-01
9.278655648231506348e-01
8.908129334449768066e-01
9.407894015312194824e-01
9.110977053642272949e-01
9.332224726676940918e-01
9.201207756996154785e-01
9.365032315254211426e-01
8.819909691810607910e-01
8.762199282646179199e-01
8.913555741310119629e-01
9.386525750160217285e-01
9.271491765975952148e-01
9.443953037261962891e-01
9.357444047927856445e-01
9.279698133468627930e-01
9.595050811767578125e-01
9.141277670860290527e-01
9.228004217147827148e-01
9.619630575180053711e-01
9.708329439163208008e-01
9.772334694862365723e-01
9.795515537261962891e-01
9.663892984390258789e-01
9.539197683334350586e-01
9.733399152755737305e-01
8.545012474060058594e-01
9.406723380088806152e-01
9.900126457214355469e-01
9.422059655189514160e-01
9.928258061408996582e-01
9.955964088439941406e-01
9.494062066078186035e-01
9.526138901710510254e-01
9.968363642692565918e-01
9.777293205261230469e-01
1.001220345497131348e+00
9.710459113121032715e-01
