6.461329460144042969e-01
6.257067918777465820e-01
6.562239527702331543e-01
6.632860302925109863e-01
6.467798352241516113e-01
6.468650102615356445e-01
6.561157107353210449e-01
6.678663492202758789e-01
6.592803001403808594e-01
6.654602885246276855e-01
6.664010882377624512e-01
6.614516377449035645e-01
6.678974032402038574e-01
6.785833835601806641e-01
6.802141070365905762e-01
6.848675608634948730e-01
6.809154748916625977e-01
6.624777913093566895e-01
6.882203221321105957e-01
6.838296055793762207e-01
6.768352389335632324e-01
6.886530518531799316e-01
6.515519618988037109e-01
6.906286478042602539e-01
7.028353214263916016e-01
6.890242099761962891e-01
7.027961015701293945e-01
7.027965784072875977e-01
6.875582337379455566e-01
7.067485451698303223e-01
6.961628794670104980e-01
6.909154653549194336e-01
7.091372609138488770e-01
6.951933503150939941e-01
6.902229189872741699e-01
6.793005466461181641e-01
6.937771439552307129e-01
6.986254453659057617e-01
7.058776021003723145e-01
7.162116169929504395e-01
7.080223560333251953e-01
7.024904489517211914e-01
7.025558948516845703e-01
7.081930637359619141e-01
7.092535495758056641e-01
7.092543840408325195e-01
7.113573551177978516e-01
7.067000269889831543e-01
7.114349007606506348e-01
7.174347639083862305e-01
7.038146853446960449e-01
6.913521289825439453e-01
7.143812775611877441e-01
7.047153115272521973e-01
7.194235920906066895e-01
7.201446890830993652e-01
7.120950818061828613e-01
7.216493487358093262e-01
7.064967155456542969e-01
7.286790609359741211e-01
7.158247232437133789e-01
7.311077713966369629e-01
7.313703894615173340e-01
7.360563874244689941e-01
7.331200838088989258e-01
7.181857824325561523e-01
7.217559218406677246e-01
7.267665266990661621e-01
7.143557071685791016e-01
7.353743314743041992e-01
7.432988286018371582e-01
7.221004366874694824e-01
7.427407503128051758e-01
7.426573038101196289e-01
7.443589568138122559e-01
7.418631315231323242e-01
7.457799911499023438e-01
7.384231686592102051e-01
7.410700917243957520e-01
7.423113584518432617e-01
7.551755905151367188e-01
7.723845243453979492e-01
7.398858666419982910e-01
7.641486525535583496e-01
7.371633052825927734e-01
7.324323654174804688e-01
7.626432776451110840e-01
7.886648774147033691e-01
7.684119939804077148e-01
7.671005129814147949e-01
7.806649208068847656e-01
7.866854667663574219e-01
7.937285900115966797e-01
7.928062081336975098e-01
7.387536168098449707e-01
7.822856307029724121e-01
7.996361851692199707e-01
7.964901328086853027e-01
7.802839875221252441e-01
7.949476242065429688e-01
7.720617055892944336e-01
7.954432368278503418e-01
7.653925418853759766e-01
8.111551403999328613e-01
8.013544678688049316e-01
8.110719323158264160e-01
7.816388010978698730e-01
8.116191029548645020e-01
8.150392174720764160e-01
8.140618205070495605e-01
8.069215416908264160e-01
8.063572645187377930e-01
8.020705580711364746e-01
7.859214544296264648e-01
8.016801476478576660e-01
8.138008117675781250e-01
8.104657530784606934e-01
8.216311931610107422e-01
8.436294794082641602e-01
7.776198387145996094e-01
8.376662135124206543e-01
8.374651074409484863e-01
8.383526802062988281e-01
8.301550745964050293e-01
8.528030514717102051e-01
8.454849720001220703e-01
8.509817123413085938e-01
8.389024734497070312e-01
8.416920304298400879e-01
8.478122353553771973e-01
8.711659312248229980e-01
8.574188947677612305e-01
8.638542294502258301e-01
8.845102190971374512e-01
8.936203718185424805e-01
8.719511032104492188e-01
8.953580260276794434e-01
8.889741301536560059e-01
8.700183033943176270e-01
8.694313764572143555e-01
8.786674141883850098e-01
8.754152655601501465e-01
9.059808850288391113e-01
8.693970441818237305e-01
9.030395746231079102e-01
8.960239291191101074e-01
9.048122763633728027e-01
9.148161411285400391e-01
8.891414999961853027e-01
8.889116048812866211e-01
8.946187496185302734e-01
8.997754454612731934e-01
8.689595460891723633e-01
9.009146690368652344e-01
9.042931199073791504e-01
8.822900652885437012e-01
9.021818041801452637e-01
8.723931908607482910e-01
8.650269508361816406e-01
9.178519248962402344e-01
9.060099720954895020e-01
9.256586432456970215e-01
9.253191947937011719e-01
7.901333570480346680e-01
9.161262512207031250e-01
8.691344857215881348e-01
9.136927127838134766e-01
8.383266329765319824e-01
9.265031814575195312e-01
9.231767654418945312e-01
7.703021168708801270e-01
8.455382585525512695e-01
9.397356510162353516e-01
9.451533555984497070e-01
9.294585585594177246e-01
9.232543110847473145e-01
9.506171345710754395e-01
9.322806000709533691e-01
9.272119402885437012e-01
8.439858555793762207e-01
9.651513099670410156e-01
9.544943571090698242e-01
9.373965263366699219e-01
9.675117731094360352e-01
9.634633660316467285e-01
9.638059139251708984e-01
9.063388705253601074e-01
9.523983597755432129e-01
9.706314206123352051e-01
9.586164355278015137e-01
8.279987573623657227e-01
7.891250252723693848e-01
9.258915185928344727e-01
9.427865743637084961e-01
9.702652096748352051e-01
8.746482729911804199e-01
9.713715314865112305e-01
9.902859926223754883e-01
9.741502404212951660e-01
9.827908873558044434e-01
9.702383875846862793e-01
9.475749731063842773e-01
9.923782944679260254e-01
9.833857417106628418e-01
9.811773300170898438e-01
