6.225892305374145508e-01
6.517849564552307129e-01
6.388311982154846191e-01
6.632860302925109863e-01
6.470496654510498047e-01
6.481469869613647461e-01
6.616687774658203125e-01
6.678663492202758789e-01
6.592803001403808594e-01
6.637250781059265137e-01
6.664795279502868652e-01
6.636283397674560547e-01
6.751164197921752930e-01
6.659889221191406250e-01
6.813262104988098145e-01
6.849688887596130371e-01
6.789344549179077148e-01
6.874428987503051758e-01
6.745790243148803711e-01
6.843210458755493164e-01
6.899451017379760742e-01
6.825096607208251953e-01
6.764252781867980957e-01
7.045492529869079590e-01
6.829063296318054199e-01
6.890242099761962891e-01
7.008727788925170898e-01
6.934731602668762207e-01
6.837767362594604492e-01
6.918540596961975098e-01
7.004672884941101074e-01
7.123299241065979004e-01
6.902014017105102539e-01
6.878125667572021484e-01
6.891650557518005371e-01
6.923667192459106445e-01
6.958599090576171875e-01
7.049526572227478027e-01
7.130541801452636719e-01
7.088504433631896973e-01
6.882440447807312012e-01
7.103883028030395508e-01
7.059921622276306152e-01
7.012034058570861816e-01
7.064265012741088867e-01
7.052369713783264160e-01
7.082573771476745605e-01
7.140630483627319336e-01
7.089533805847167969e-01
6.968360543251037598e-01
7.012202739715576172e-01
7.129599452018737793e-01
6.969680786132812500e-01
7.232918143272399902e-01
7.077127099037170410e-01
7.083211541175842285e-01
7.210137844085693359e-01
7.081959247589111328e-01
7.114483714103698730e-01
6.965377926826477051e-01
7.284033298492431641e-01
7.322101593017578125e-01
7.330369353294372559e-01
7.312273979187011719e-01
7.229502797126770020e-01
7.234727144241333008e-01
7.288289666175842285e-01
7.121207714080810547e-01
7.270237803459167480e-01
7.431765794754028320e-01
7.312712669372558594e-01
7.306300997734069824e-01
7.343970537185668945e-01
7.301434278488159180e-01
7.398827075958251953e-01
7.584908008575439453e-01
7.399509549140930176e-01
7.403597235679626465e-01
7.514336109161376953e-01
7.392297387123107910e-01
7.440370321273803711e-01
7.403226494789123535e-01
7.567195296287536621e-01
7.491848468780517578e-01
7.640669941902160645e-01
7.505624890327453613e-01
7.723576426506042480e-01
7.810225486755371094e-01
7.914469242095947266e-01
7.814104557037353516e-01
7.703394889831542969e-01
7.562592029571533203e-01
7.947942018508911133e-01
7.711398005485534668e-01
7.798089981079101562e-01
7.821755409240722656e-01
7.765507102012634277e-01
7.956582307815551758e-01
7.855144739151000977e-01
7.856417298316955566e-01
7.813979387283325195e-01
7.967754602432250977e-01
8.010231852531433105e-01
7.868791222572326660e-01
8.156744837760925293e-01
7.511813640594482422e-01
8.042406439781188965e-01
8.100062012672424316e-01
7.867348790168762207e-01
7.785311937332153320e-01
7.874873280525207520e-01
8.075484633445739746e-01
7.949053049087524414e-01
8.155488967895507812e-01
8.023251891136169434e-01
8.175581693649291992e-01
8.343468904495239258e-01
8.403115272521972656e-01
8.122113347053527832e-01
8.527221083641052246e-01
8.371731042861938477e-01
8.604503273963928223e-01
8.487220406532287598e-01
8.507528901100158691e-01
8.582733869552612305e-01
8.627908825874328613e-01
8.542758226394653320e-01
8.512526154518127441e-01
8.658829927444458008e-01
8.660264015197753906e-01
8.494139909744262695e-01
8.633482456207275391e-01
8.702761530876159668e-01
8.644666671752929688e-01
8.752637505531311035e-01
8.635769486427307129e-01
8.429223299026489258e-01
8.641217350959777832e-01
8.728309273719787598e-01
8.846104741096496582e-01
8.726251721382141113e-01
8.944796323776245117e-01
9.012670516967773438e-01
8.809856772422790527e-01
8.840878605842590332e-01
8.892012238502502441e-01
8.835373520851135254e-01
9.022862911224365234e-01
8.920181989669799805e-01
8.872215151786804199e-01
8.673321604728698730e-01
8.917127847671508789e-01
8.891611099243164062e-01
8.768990039825439453e-01
8.956398367881774902e-01
8.971462249755859375e-01
8.983896970748901367e-01
8.947199583053588867e-01
8.593386411666870117e-01
9.226297140121459961e-01
9.008071422576904297e-01
9.228869676589965820e-01
9.034862518310546875e-01
8.581984639167785645e-01
8.512405753135681152e-01
9.296961426734924316e-01
7.668831348419189453e-01
9.139350056648254395e-01
9.159976243972778320e-01
9.337088465690612793e-01
9.190167188644409180e-01
9.024090766906738281e-01
9.310081601142883301e-01
8.783583641052246094e-01
8.936204910278320312e-01
9.486069679260253906e-01
9.405238628387451172e-01
8.208631277084350586e-01
9.493606090545654297e-01
9.522628784179687500e-01
9.539992213249206543e-01
9.481463432312011719e-01
9.506298303604125977e-01
9.399713873863220215e-01
9.413321018218994141e-01
9.382035732269287109e-01
9.265176653861999512e-01
9.615857601165771484e-01
9.280653595924377441e-01
-9.899900000000000000e+04
9.936391711235046387e-01
8.557512760162353516e-01
9.445719718933105469e-01
9.573596715927124023e-01
9.845440387725830078e-01
-9.899900000000000000e+04
9.788805842399597168e-01
9.602812528610229492e-01
8.540464639663696289e-01
9.538646340370178223e-01
9.317477941513061523e-01
9.464443922042846680e-01
-9.899900000000000000e+04
9.828273653984069824e-01
9.748013615608215332e-01
9.627981185913085938e-01
9.791650772094726562e-01
-9.899900000000000000e+04
9.908209443092346191e-01
9.992913603782653809e-01
9.499360322952270508e-01
-9.899900000000000000e+04
-9.899900000000000000e+04
-9.899900000000000000e+04
8.997395634651184082e-01
-9.899900000000000000e+04
-9.899900000000000000e+04
9.668780565261840820e-01
8.810248970985412598e-01
9.825141429901123047e-01
8.883835077285766602e-01
-9.899900000000000000e+04
1.009463906288146973e+00
-9.899900000000000000e+04
-9.899900000000000000e+04
-9.899900000000000000e+04
