6.461329460144042969e-01
6.257067918777465820e-01
6.407510042190551758e-01
6.632860302925109863e-01
6.469347476959228516e-01
6.468650102615356445e-01
6.616687774658203125e-01
6.732829809188842773e-01
6.590787768363952637e-01
6.655529737472534180e-01
6.664795279502868652e-01
6.566753387451171875e-01
6.633976101875305176e-01
6.775087118148803711e-01
6.802141070365905762e-01
6.814933419227600098e-01
6.831842660903930664e-01
6.710654497146606445e-01
6.762902736663818359e-01
6.764035224914550781e-01
6.747097969055175781e-01
6.750268340110778809e-01
6.810171008110046387e-01
6.882590055465698242e-01
6.923391222953796387e-01
7.035980820655822754e-01
6.882598400115966797e-01
7.016958594322204590e-01
6.863583922386169434e-01
6.960824131965637207e-01
6.842760443687438965e-01
6.954005360603332520e-01
6.861816048622131348e-01
6.856771707534790039e-01
6.907341480255126953e-01
6.932483315467834473e-01
7.019261717796325684e-01
6.964154839515686035e-01
7.122806310653686523e-01
7.130557894706726074e-01
6.996781229972839355e-01
7.175849676132202148e-01
6.999548673629760742e-01
7.029143571853637695e-01
7.008220553398132324e-01
7.180735468864440918e-01
7.002575993537902832e-01
7.168380618095397949e-01
7.151274681091308594e-01
7.148847579956054688e-01
7.221372723579406738e-01
6.978991031646728516e-01
6.964393854141235352e-01
7.085360884666442871e-01
7.077779769897460938e-01
7.155424356460571289e-01
7.210742235183715820e-01
7.225123047828674316e-01
7.139106392860412598e-01
7.268272638320922852e-01
7.241539955139160156e-01
7.318781614303588867e-01
7.256968021392822266e-01
7.061539292335510254e-01
7.305662035942077637e-01
7.386463284492492676e-01
7.340677380561828613e-01
7.258204817771911621e-01
7.271509766578674316e-01
7.276141643524169922e-01
7.286738753318786621e-01
7.461826801300048828e-01
7.515593767166137695e-01
7.498964071273803711e-01
7.607886195182800293e-01
7.270444035530090332e-01
7.607060074806213379e-01
7.440282702445983887e-01
7.425910830497741699e-01
7.559227347373962402e-01
7.662423849105834961e-01
7.338060736656188965e-01
7.337974905967712402e-01
7.583253383636474609e-01
7.555335164070129395e-01
7.743141055107116699e-01
7.883223295211791992e-01
7.870008349418640137e-01
7.802209854125976562e-01
7.505799531936645508e-01
7.873960733413696289e-01
7.648132443428039551e-01
7.441955208778381348e-01
7.967379689216613770e-01
7.671732306480407715e-01
7.769885659217834473e-01
7.863032221794128418e-01
7.994774580001831055e-01
7.693322896957397461e-01
7.910662293434143066e-01
7.830762267112731934e-01
7.874298095703125000e-01
7.818550467491149902e-01
8.024757504463195801e-01
8.148291707038879395e-01
8.087753653526306152e-01
7.871525883674621582e-01
8.122064471244812012e-01
8.182461261749267578e-01
7.936389446258544922e-01
8.130508065223693848e-01
7.945759892463684082e-01
8.107779622077941895e-01
7.891126275062561035e-01
8.096701502799987793e-01
8.155202865600585938e-01
8.439180254936218262e-01
8.321304917335510254e-01
8.482818007469177246e-01
8.350204825401306152e-01
8.286508321762084961e-01
8.362721800804138184e-01
8.441288471221923828e-01
8.254476785659790039e-01
8.638169765472412109e-01
8.658667206764221191e-01
8.579882383346557617e-01
8.519115447998046875e-01
8.557147979736328125e-01
8.484472632408142090e-01
8.512194156646728516e-01
8.615150451660156250e-01
8.667652010917663574e-01
8.694653511047363281e-01
8.806256055831909180e-01
8.607012629508972168e-01
8.644769787788391113e-01
8.431616425514221191e-01
8.645880818367004395e-01
8.798718452453613281e-01
8.945401310920715332e-01
8.749429583549499512e-01
8.690503835678100586e-01
8.736175298690795898e-01
8.861207365989685059e-01
8.992419838905334473e-01
8.872533440589904785e-01
8.665073513984680176e-01
8.807534575462341309e-01
8.852284550666809082e-01
8.874847292900085449e-01
8.835832476615905762e-01
8.847275972366333008e-01
8.119840025901794434e-01
9.089968800544738770e-01
8.798432946205139160e-01
9.070482850074768066e-01
8.948353528976440430e-01
8.917917609214782715e-01
8.476769924163818359e-01
9.239547848701477051e-01
8.450709581375122070e-01
8.616421818733215332e-01
9.026601910591125488e-01
8.724896311759948730e-01
9.113721847534179688e-01
8.934112787246704102e-01
9.165856838226318359e-01
9.340482950210571289e-01
9.219483733177185059e-01
9.260323643684387207e-01
9.269043207168579102e-01
9.486550092697143555e-01
9.235293865203857422e-01
9.412323832511901855e-01
8.715044260025024414e-01
9.279777407646179199e-01
9.368298649787902832e-01
9.251089096069335938e-01
9.275843501091003418e-01
9.265887141227722168e-01
9.380105137825012207e-01
9.544282555580139160e-01
9.511486291885375977e-01
9.556925892829895020e-01
9.663683176040649414e-01
9.637550115585327148e-01
9.598332047462463379e-01
9.543213248252868652e-01
9.551676511764526367e-01
9.369720816612243652e-01
9.032285213470458984e-01
9.295402765274047852e-01
9.320630431175231934e-01
9.638794064521789551e-01
9.444947838783264160e-01
9.766196608543395996e-01
9.670202136039733887e-01
