6.225892305374145508e-01
6.358127593994140625e-01
6.407510042190551758e-01
6.632860302925109863e-01
6.470496654510498047e-01
6.472339630126953125e-01
6.596516370773315430e-01
6.678663492202758789e-01
6.592803001403808594e-01
6.615361571311950684e-01
6.664795279502868652e-01
6.596245169639587402e-01
6.817724108695983887e-01
6.840402483940124512e-01
6.808091402053833008e-01
6.893771290779113770e-01
6.765583157539367676e-01
6.681502461433410645e-01
6.686673164367675781e-01
6.862480640411376953e-01
6.811931729316711426e-01
6.930224299430847168e-01
6.518429517745971680e-01
6.880162358283996582e-01
7.058493494987487793e-01
6.872462034225463867e-01
7.006487846374511719e-01
7.027965784072875977e-01
6.863583922386169434e-01
7.054466605186462402e-01
7.081881761550903320e-01
6.891896724700927734e-01
6.915193796157836914e-01
6.914362907409667969e-01
6.916729211807250977e-01
7.018082737922668457e-01
6.957601904869079590e-01
7.037948369979858398e-01
6.999636888504028320e-01
6.997706294059753418e-01
6.982327699661254883e-01
6.980413198471069336e-01
7.003802657127380371e-01
7.058865427970886230e-01
6.977939009666442871e-01
7.159215211868286133e-01
7.124685645103454590e-01
7.171330451965332031e-01
7.020969390869140625e-01
7.252078652381896973e-01
6.911969184875488281e-01
7.128465771675109863e-01
6.974610686302185059e-01
7.006852626800537109e-01
7.204238772392272949e-01
7.219458222389221191e-01
7.076638936996459961e-01
6.951918601989746094e-01
7.236858606338500977e-01
7.274795770645141602e-01
7.292969822883605957e-01
7.184844613075256348e-01
7.090922594070434570e-01
7.310745716094970703e-01
7.219592928886413574e-01
7.389310002326965332e-01
7.265936136245727539e-01
7.371146082878112793e-01
7.262595891952514648e-01
7.426223158836364746e-01
7.233501076698303223e-01
7.292940020561218262e-01
7.508889436721801758e-01
7.274332642555236816e-01
7.440521717071533203e-01
7.335477471351623535e-01
7.619414925575256348e-01
7.668344974517822266e-01
7.760882973670959473e-01
7.392882704734802246e-01
7.378590106964111328e-01
7.584108114242553711e-01
7.525998950004577637e-01
7.210178375244140625e-01
7.677484154701232910e-01
7.788658142089843750e-01
7.711012959480285645e-01
7.714317440986633301e-01
7.403293848037719727e-01
7.826551198959350586e-01
7.683892846107482910e-01
7.565751671791076660e-01
7.738335728645324707e-01
7.834490537643432617e-01
7.846670150756835938e-01
7.556429505348205566e-01
7.880338430404663086e-01
7.781881093978881836e-01
7.659297585487365723e-01
7.934709787368774414e-01
8.009417653083801270e-01
7.861341834068298340e-01
7.746535539627075195e-01
8.004748821258544922e-01
7.684847116470336914e-01
7.995280623435974121e-01
8.073271512985229492e-01
8.070371747016906738e-01
8.181869983673095703e-01
8.161358237266540527e-01
8.057057261466979980e-01
7.805449962615966797e-01
7.972763776779174805e-01
8.197922706604003906e-01
8.250520229339599609e-01
8.413126468658447266e-01
8.043508529663085938e-01
8.222224116325378418e-01
8.255586028099060059e-01
8.066525459289550781e-01
8.361760377883911133e-01
8.403968811035156250e-01
8.386473059654235840e-01
8.490062355995178223e-01
8.588964343070983887e-01
8.527466058731079102e-01
8.574041128158569336e-01
8.752170205116271973e-01
8.494981527328491211e-01
8.770202398300170898e-01
8.248467445373535156e-01
8.371301889419555664e-01
8.382102847099304199e-01
8.425586223602294922e-01
7.819012403488159180e-01
8.598932623863220215e-01
8.739492893218994141e-01
8.621350526809692383e-01
8.782896995544433594e-01
8.819790482521057129e-01
8.639772534370422363e-01
9.016689658164978027e-01
8.844179511070251465e-01
8.957531452178955078e-01
8.895962834358215332e-01
8.691146373748779297e-01
8.880471587181091309e-01
8.973808288574218750e-01
9.086666107177734375e-01
8.823828101158142090e-01
8.526091575622558594e-01
8.941597342491149902e-01
8.723043203353881836e-01
8.537740111351013184e-01
8.937584757804870605e-01
9.244039654731750488e-01
9.213019013404846191e-01
9.082353711128234863e-01
8.810533881187438965e-01
9.111853241920471191e-01
8.154670596122741699e-01
8.971426486968994141e-01
8.938894867897033691e-01
9.061661958694458008e-01
9.215136170387268066e-01
8.516739010810852051e-01
9.323242902755737305e-01
9.290210604667663574e-01
9.422478079795837402e-01
8.129631876945495605e-01
9.271807670593261719e-01
9.155692458152770996e-01
9.382230639457702637e-01
9.228257536888122559e-01
9.251126646995544434e-01
9.095357060432434082e-01
8.435993194580078125e-01
9.515573978424072266e-01
9.360715150833129883e-01
8.832440376281738281e-01
9.495437741279602051e-01
9.554647207260131836e-01
8.096889853477478027e-01
9.466342329978942871e-01
9.438620209693908691e-01
8.493523001670837402e-01
9.303244352340698242e-01
9.862343072891235352e-01
8.340756297111511230e-01
9.586733579635620117e-01
9.843981862068176270e-01
9.881900548934936523e-01
9.290485382080078125e-01
9.914073944091796875e-01
9.804759621620178223e-01
9.159156680107116699e-01
9.481756091117858887e-01
-9.899900000000000000e+04
9.838820695877075195e-01
-9.899900000000000000e+04
9.640249013900756836e-01
9.637176394462585449e-01
1.000757217407226562e+00
-9.899900000000000000e+04
9.409638643264770508e-01
9.817973971366882324e-01
9.321504235267639160e-01
-9.899900000000000000e+04
