6.291534900665283203e-01
6.358127593994140625e-01
6.402796506881713867e-01
6.632860302925109863e-01
6.469347476959228516e-01
6.493827104568481445e-01
6.616687774658203125e-01
6.608954071998596191e-01
6.592803001403808594e-01
6.654602885246276855e-01
6.752379536628723145e-01
6.801465153694152832e-01
6.817724108695983887e-01
6.772983670234680176e-01
6.822105050086975098e-01
6.695431470870971680e-01
6.755884289741516113e-01
6.660327911376953125e-01
6.686673164367675781e-01
6.843210458755493164e-01
6.920385360717773438e-01
6.802825331687927246e-01
6.518429517745971680e-01
7.022562026977539062e-01
6.884194016456604004e-01
6.991040706634521484e-01
7.026354074478149414e-01
6.887050867080688477e-01
6.996704936027526855e-01
6.938453316688537598e-01
6.791658401489257812e-01
6.858766674995422363e-01
6.945536732673645020e-01
6.895725131034851074e-01
7.005242109298706055e-01
6.903501749038696289e-01
7.019448876380920410e-01
6.990877985954284668e-01
6.989997625350952148e-01
7.112550139427185059e-01
7.141782045364379883e-01
6.967457532882690430e-01
7.093085646629333496e-01
6.993855834007263184e-01
7.097895145416259766e-01
7.139577865600585938e-01
6.947411298751831055e-01
7.100814580917358398e-01
7.143191099166870117e-01
7.005352973937988281e-01
7.119900584220886230e-01
7.211509943008422852e-01
7.011946439743041992e-01
7.165403366088867188e-01
6.945132017135620117e-01
7.103066444396972656e-01
7.031478881835937500e-01
7.118101119995117188e-01
7.288615107536315918e-01
7.244087457656860352e-01
7.213315367698669434e-01
7.202265262603759766e-01
7.267636656761169434e-01
7.137455344200134277e-01
7.056528329849243164e-01
7.255759835243225098e-01
7.280196547508239746e-01
7.381294369697570801e-01
7.172702550888061523e-01
7.405839562416076660e-01
7.278386950492858887e-01
7.332773804664611816e-01
7.349934577941894531e-01
7.503949999809265137e-01
7.517911791801452637e-01
7.468869090080261230e-01
7.451194524765014648e-01
7.489217519760131836e-01
7.335906028747558594e-01
7.365413904190063477e-01
7.471485137939453125e-01
7.495765686035156250e-01
7.338619232177734375e-01
7.564136981964111328e-01
7.606770992279052734e-01
7.750230431556701660e-01
7.706677913665771484e-01
7.962849140167236328e-01
7.876062989234924316e-01
7.717808485031127930e-01
7.844035029411315918e-01
7.901186943054199219e-01
8.000853657722473145e-01
7.525880336761474609e-01
7.787104845046997070e-01
7.805364131927490234e-01
7.668364048004150391e-01
8.026388883590698242e-01
7.931484580039978027e-01
8.038303256034851074e-01
7.792204022407531738e-01
7.747514247894287109e-01
8.032747507095336914e-01
7.985625267028808594e-01
7.534338235855102539e-01
8.157761096954345703e-01
7.954522371292114258e-01
8.069865703582763672e-01
8.047795295715332031e-01
8.159891366958618164e-01
8.132985830307006836e-01
8.145738244056701660e-01
8.184830546379089355e-01
8.194915056228637695e-01
8.060243129730224609e-01
7.991533875465393066e-01
8.332159519195556641e-01
8.295381069183349609e-01
8.422207832336425781e-01
8.567430973052978516e-01
8.218521475791931152e-01
8.111998438835144043e-01
8.526918292045593262e-01
8.352318406105041504e-01
8.598706126213073730e-01
8.385663032531738281e-01
8.433338403701782227e-01
8.360844254493713379e-01
8.324205279350280762e-01
8.682454824447631836e-01
8.602580428123474121e-01
8.674386143684387207e-01
8.520215749740600586e-01
8.538565039634704590e-01
8.649854063987731934e-01
8.667662739753723145e-01
8.617827892303466797e-01
8.784526586532592773e-01
8.743961453437805176e-01
8.501452207565307617e-01
8.568832874298095703e-01
8.924158811569213867e-01
8.557983636856079102e-01
8.976830840110778809e-01
8.718015551567077637e-01
8.865867853164672852e-01
8.871313333511352539e-01
8.921501636505126953e-01
8.683883547782897949e-01
8.838085532188415527e-01
8.958545923233032227e-01
8.959749341011047363e-01
8.951055407524108887e-01
8.992804288864135742e-01
9.053741097450256348e-01
8.774026036262512207e-01
9.211475849151611328e-01
9.333758950233459473e-01
9.114472270011901855e-01
8.770044445991516113e-01
9.082111716270446777e-01
8.888408541679382324e-01
7.827414274215698242e-01
9.108020067214965820e-01
8.904229998588562012e-01
8.549312949180603027e-01
9.011740684509277344e-01
9.083048105239868164e-01
9.255783557891845703e-01
9.399383664131164551e-01
9.285309314727783203e-01
9.128317832946777344e-01
8.984703421592712402e-01
8.857199549674987793e-01
9.274242520332336426e-01
9.102303981781005859e-01
9.481980204582214355e-01
9.299213290214538574e-01
9.446668028831481934e-01
9.501426815986633301e-01
7.953647375106811523e-01
9.567456841468811035e-01
9.097763299942016602e-01
9.403263330459594727e-01
9.144836664199829102e-01
9.476891756057739258e-01
-9.899900000000000000e+04
9.847939014434814453e-01
-9.899900000000000000e+04
9.603796005249023438e-01
9.734880328178405762e-01
9.507144093513488770e-01
9.692527651786804199e-01
9.718823432922363281e-01
1.001579880714416504e+00
9.959877133369445801e-01
9.657503366470336914e-01
1.010112524032592773e+00
9.831260442733764648e-01
-9.899900000000000000e+04
9.734874367713928223e-01
-9.899900000000000000e+04
9.890050888061523438e-01
9.755367040634155273e-01
9.815433621406555176e-01
-9.899900000000000000e+04
9.629550576210021973e-01
-9.899900000000000000e+04
9.824274778366088867e-01
