6.309524774551391602e-01
6.358127593994140625e-01
6.406359076499938965e-01
6.595162153244018555e-01
6.512370109558105469e-01
6.639208197593688965e-01
6.616687774658203125e-01
6.602364182472229004e-01
6.779816150665283203e-01
6.793448328971862793e-01
6.752379536628723145e-01
6.803489923477172852e-01
6.635732054710388184e-01
6.840402483940124512e-01
6.665367484092712402e-01
6.734188199043273926e-01
6.809154748916625977e-01
6.660917401313781738e-01
6.778106093406677246e-01
6.862480640411376953e-01
6.899451017379760742e-01
6.800579428672790527e-01
6.810171008110046387e-01
6.904286742210388184e-01
6.883358955383300781e-01
6.925680041313171387e-01
6.880542039871215820e-01
6.994723677635192871e-01
6.875582337379455566e-01
6.921383738517761230e-01
6.924493312835693359e-01
6.982316970825195312e-01
6.861273646354675293e-01
7.021601200103759766e-01
6.888439059257507324e-01
7.028777599334716797e-01
6.958599090576171875e-01
6.970893144607543945e-01
7.046272158622741699e-01
7.071730494499206543e-01
6.881936192512512207e-01
6.821635365486145020e-01
6.984742879867553711e-01
7.041973471641540527e-01
7.077035307884216309e-01
7.101843357086181641e-01
7.096688747406005859e-01
7.110236883163452148e-01
7.137848734855651855e-01
7.146393656730651855e-01
6.788570284843444824e-01
6.986243128776550293e-01
7.183526158332824707e-01
7.139074802398681641e-01
7.201051115989685059e-01
6.988533139228820801e-01
7.215049862861633301e-01
7.208024859428405762e-01
7.286592721939086914e-01
7.271351218223571777e-01
7.023656964302062988e-01
7.024002075195312500e-01
7.272840142250061035e-01
7.190128564834594727e-01
7.339466214179992676e-01
7.360392212867736816e-01
7.265764474868774414e-01
7.321134805679321289e-01
7.280810475349426270e-01
7.275252938270568848e-01
7.250665426254272461e-01
7.210726141929626465e-01
7.501991391181945801e-01
7.582963109016418457e-01
7.539206147193908691e-01
7.307471632957458496e-01
7.663822174072265625e-01
7.681907415390014648e-01
7.338547706604003906e-01
7.583866715431213379e-01
7.271990776062011719e-01
7.306286096572875977e-01
7.577443718910217285e-01
7.642371654510498047e-01
7.309729456901550293e-01
7.726916074752807617e-01
7.686499953269958496e-01
7.845682501792907715e-01
7.864907383918762207e-01
7.785053253173828125e-01
7.794190049171447754e-01
7.889147996902465820e-01
7.887787222862243652e-01
7.797408699989318848e-01
7.878155708312988281e-01
7.764909267425537109e-01
8.068403601646423340e-01
7.859706282615661621e-01
7.897171378135681152e-01
7.900006771087646484e-01
7.901095747947692871e-01
7.916622757911682129e-01
7.842583656311035156e-01
7.984514832496643066e-01
8.024988174438476562e-01
7.987766265869140625e-01
7.903935909271240234e-01
7.811536192893981934e-01
8.157694935798645020e-01
8.157370090484619141e-01
7.827326059341430664e-01
8.193212151527404785e-01
8.208309412002563477e-01
8.072675466537475586e-01
8.143151998519897461e-01
8.194542527198791504e-01
8.057577610015869141e-01
8.408566117286682129e-01
8.334293961524963379e-01
8.354341387748718262e-01
8.535434007644653320e-01
8.490660786628723145e-01
8.520693182945251465e-01
8.591647148132324219e-01
8.578500151634216309e-01
8.479034900665283203e-01
8.016378283500671387e-01
8.548237681388854980e-01
8.644555211067199707e-01
8.460466265678405762e-01
8.623384833335876465e-01
7.804562449455261230e-01
8.747394084930419922e-01
8.576751947402954102e-01
8.706035017967224121e-01
8.541133999824523926e-01
8.481129407882690430e-01
8.861687779426574707e-01
8.721244931221008301e-01
8.656578660011291504e-01
8.804155588150024414e-01
8.671162128448486328e-01
8.609356284141540527e-01
8.874694705009460449e-01
8.943864703178405762e-01
8.799826502799987793e-01
8.938082456588745117e-01
8.785789608955383301e-01
9.024772047996520996e-01
9.053639769554138184e-01
9.006251096725463867e-01
8.809663653373718262e-01
8.969700336456298828e-01
9.010367393493652344e-01
8.967222571372985840e-01
9.201328158378601074e-01
8.752896189689636230e-01
8.813232183456420898e-01
8.860251307487487793e-01
9.068313837051391602e-01
9.031507968902587891e-01
9.050878882408142090e-01
9.211516380310058594e-01
9.153261780738830566e-01
9.189410209655761719e-01
9.247949719429016113e-01
7.879136800765991211e-01
9.270518422126770020e-01
9.120953679084777832e-01
8.937340378761291504e-01
9.081863760948181152e-01
9.310774803161621094e-01
9.152507781982421875e-01
7.990078926086425781e-01
9.204026460647583008e-01
9.356235861778259277e-01
8.746836185455322266e-01
9.430180191993713379e-01
9.417443275451660156e-01
9.297726154327392578e-01
9.451880455017089844e-01
9.556649923324584961e-01
9.379681348800659180e-01
9.406027197837829590e-01
9.486203789710998535e-01
9.709897637367248535e-01
9.720802903175354004e-01
9.021378159523010254e-01
9.629628658294677734e-01
9.223116636276245117e-01
9.597287774085998535e-01
9.690312743186950684e-01
-9.899900000000000000e+04
8.965033888816833496e-01
9.720275998115539551e-01
9.690402150154113770e-01
9.738621115684509277e-01
9.581422805786132812e-01
9.793803691864013672e-01
9.757888913154602051e-01
9.918886423110961914e-01
9.719362258911132812e-01
9.920544624328613281e-01
9.709621071815490723e-01
9.704228043556213379e-01
9.897558689117431641e-01
1.004801392555236816e+00
9.181327819824218750e-01
-9.899900000000000000e+04
1.027174830436706543e+00
-9.899900000000000000e+04
-9.899900000000000000e+04
9.702168703079223633e-01
-9.899900000000000000e+04
-9.899900000000000000e+04
-9.899900000000000000e+04
-9.899900000000000000e+04
-9.899900000000000000e+04
-9.899900000000000000e+04
7.220392823219299316e-01
-9.899900000000000000e+04
8.915066719055175781e-01
-9.899900000000000000e+04
1.006496071815490723e+00
-9.899900000000000000e+04
6.961784362792968750e-01
-9.899900000000000000e+04
-9.899900000000000000e+04
-9.899900000000000000e+04
-9.899900000000000000e+04
8.998739719390869141e-01
-9.899900000000000000e+04
-9.899900000000000000e+04
-9.899900000000000000e+04
-9.899900000000000000e+04
-9.899900000000000000e+04
-9.899900000000000000e+04
-9.899900000000000000e+04
-9.899900000000000000e+04
-9.899900000000000000e+04
-9.899900000000000000e+04
-9.899900000000000000e+04
-9.899900000000000000e+04
9.379178285598754883e-01
-9.899900000000000000e+04
-9.899900000000000000e+04
-9.899900000000000000e+04
8.871071338653564453e-01
-9.899900000000000000e+04
-9.899900000000000000e+04
-9.899900000000000000e+04
-9.899900000000000000e+04
-9.899900000000000000e+04
-9.899900000000000000e+04
8.739495277404785156e-01
-9.899900000000000000e+04
-9.899900000000000000e+04
-9.899900000000000000e+04
-9.899900000000000000e+04
-9.899900000000000000e+04
-9.899900000000000000e+04
9.895819425582885742e-01
-9.899900000000000000e+04
-9.899900000000000000e+04
-9.899900000000000000e+04
-9.899900000000000000e+04
-9.899900000000000000e+04
-9.899900000000000000e+04
-9.899900000000000000e+04
-9.899900000000000000e+04
-9.899900000000000000e+04
-9.899900000000000000e+04
-9.899900000000000000e+04
-9.899900000000000000e+04
-9.899900000000000000e+04
6.953355669975280762e-01
-9.899900000000000000e+04
-9.899900000000000000e+04
-9.899900000000000000e+04
