6.291534900665283203e-01
6.257067918777465820e-01
6.388311982154846191e-01
6.606395840644836426e-01
6.627352833747863770e-01
6.468650102615356445e-01
6.580078601837158203e-01
6.693965792655944824e-01
6.592803001403808594e-01
6.654602885246276855e-01
6.663048863410949707e-01
6.636283397674560547e-01
6.751718521118164062e-01
6.510875821113586426e-01
6.808091402053833008e-01
6.734188199043273926e-01
6.687476038932800293e-01
6.743296980857849121e-01
6.750604510307312012e-01
6.756022572517395020e-01
6.707497239112854004e-01
6.759751439094543457e-01
6.855162978172302246e-01
6.934551596641540527e-01
6.925622820854187012e-01
6.837576627731323242e-01
7.056509852409362793e-01
6.912838816642761230e-01
6.875582337379455566e-01
7.094321250915527344e-01
7.069277763366699219e-01
6.888970136642456055e-01
6.927933096885681152e-01
6.972445845603942871e-01
6.906653642654418945e-01
6.957734823226928711e-01
6.960754394531250000e-01
7.035740017890930176e-01
7.011978030204772949e-01
7.162116169929504395e-01
7.054634690284729004e-01
7.000876069068908691e-01
7.008155584335327148e-01
7.068703174591064453e-01
7.075335979461669922e-01
6.896960139274597168e-01
6.983445286750793457e-01
7.188832759857177734e-01
6.963248848915100098e-01
7.025986313819885254e-01
6.928949952125549316e-01
7.140072584152221680e-01
7.195298075675964355e-01
7.199878096580505371e-01
7.193187475204467773e-01
7.197585105895996094e-01
7.058963179588317871e-01
6.941063404083251953e-01
7.244064807891845703e-01
7.282268404960632324e-01
7.202211618423461914e-01
7.117902040481567383e-01
7.280087471008300781e-01
7.180552482604980469e-01
7.273133993148803711e-01
7.231661677360534668e-01
7.413473725318908691e-01
7.250896692276000977e-01
7.386023402214050293e-01
7.408234477043151855e-01
7.430647015571594238e-01
7.307992577552795410e-01
7.484140396118164062e-01
7.446229457855224609e-01
7.438924312591552734e-01
7.447420358657836914e-01
7.457687854766845703e-01
7.271134257316589355e-01
7.370643019676208496e-01
7.433463931083679199e-01
7.391378879547119141e-01
7.575723528861999512e-01
7.700765728950500488e-01
7.477908730506896973e-01
7.759740948677062988e-01
7.576022148132324219e-01
7.518398165702819824e-01
7.699868679046630859e-01
7.715778350830078125e-01
7.735278010368347168e-01
7.704240083694458008e-01
7.829586863517761230e-01
7.913063168525695801e-01
7.844898700714111328e-01
7.803493738174438477e-01
8.001246452331542969e-01
7.852201461791992188e-01
7.724045515060424805e-01
7.912341952323913574e-01
7.953916788101196289e-01
7.941961884498596191e-01
7.982454895973205566e-01
7.880079150199890137e-01
8.021513819694519043e-01
7.929975390434265137e-01
7.936689257621765137e-01
8.081445097923278809e-01
7.994128465652465820e-01
7.904720306396484375e-01
8.130643963813781738e-01
8.127155900001525879e-01
8.136040568351745605e-01
8.223770856857299805e-01
7.990350127220153809e-01
8.335508108139038086e-01
8.255196213722229004e-01
8.242899775505065918e-01
8.097280859947204590e-01
7.870309352874755859e-01
8.177879452705383301e-01
8.450356721878051758e-01
8.288449645042419434e-01
8.278102278709411621e-01
8.434530496597290039e-01
8.424693942070007324e-01
8.509313464164733887e-01
8.387484550476074219e-01
8.705244064331054688e-01
8.686059713363647461e-01
8.625753521919250488e-01
8.627038002014160156e-01
8.580250740051269531e-01
8.716123104095458984e-01
8.924384713172912598e-01
8.586734533309936523e-01
8.408637642860412598e-01
8.637792468070983887e-01
8.287708759307861328e-01
8.490536212921142578e-01
8.811970353126525879e-01
8.849222064018249512e-01
8.976020216941833496e-01
8.793050646781921387e-01
8.909502625465393066e-01
8.947083950042724609e-01
8.898447751998901367e-01
8.842993974685668945e-01
8.907168507575988770e-01
8.860781192779541016e-01
8.926215767860412598e-01
8.541591763496398926e-01
8.976039290428161621e-01
8.902888894081115723e-01
8.959384560585021973e-01
8.966643810272216797e-01
9.190884232521057129e-01
8.909988403320312500e-01
9.126074314117431641e-01
9.252396225929260254e-01
9.187081456184387207e-01
9.008113145828247070e-01
9.266105294227600098e-01
9.195398688316345215e-01
9.188112616539001465e-01
9.190475940704345703e-01
9.074628353118896484e-01
9.099035859107971191e-01
9.239853620529174805e-01
8.694414496421813965e-01
9.088864922523498535e-01
9.227504730224609375e-01
9.231505393981933594e-01
7.918223738670349121e-01
9.471792578697204590e-01
9.256040453910827637e-01
9.218841791152954102e-01
9.270507693290710449e-01
8.810114860534667969e-01
9.418247342109680176e-01
8.859224915504455566e-01
9.165417551994323730e-01
9.631763696670532227e-01
9.457286000251770020e-01
9.482985734939575195e-01
9.609666466712951660e-01
9.724693894386291504e-01
9.596135020256042480e-01
9.901661872863769531e-01
9.636567234992980957e-01
9.758965373039245605e-01
9.178102612495422363e-01
9.660647511482238770e-01
9.737387299537658691e-01
-9.899900000000000000e+04
-9.899900000000000000e+04
-9.899900000000000000e+04
9.450336098670959473e-01
1.002743244171142578e+00
-9.899900000000000000e+04
9.868327379226684570e-01
8.456633090972900391e-01
1.004480957984924316e+00
1.007993578910827637e+00
9.771442413330078125e-01
9.966241717338562012e-01
