6.225892305374145508e-01
6.257067918777465820e-01
6.562239527702331543e-01
6.606395840644836426e-01
6.469347476959228516e-01
6.468650102615356445e-01
6.616687774658203125e-01
6.678663492202758789e-01
6.794836521148681641e-01
6.654602885246276855e-01
6.664795279502868652e-01
6.564745903015136719e-01
6.632134318351745605e-01
6.840402483940124512e-01
6.669101715087890625e-01
6.734188199043273926e-01
6.709644198417663574e-01
6.737642884254455566e-01
6.732835769653320312e-01
6.666229367256164551e-01
6.814482212066650391e-01
6.802825331687927246e-01
6.766778826713562012e-01
6.934551596641540527e-01
6.889766454696655273e-01
7.035886049270629883e-01
6.878619194030761719e-01
6.913158297538757324e-01
6.704062223434448242e-01
7.025297880172729492e-01
6.918739080429077148e-01
6.987958550453186035e-01
6.970841288566589355e-01
6.914362907409667969e-01
6.920434832572937012e-01
6.926329731941223145e-01
7.019448876380920410e-01
6.967431306838989258e-01
7.040941715240478516e-01
7.008022665977478027e-01
7.012743949890136719e-01
7.033668756484985352e-01
7.091936469078063965e-01
6.962244510650634766e-01
7.048187255859375000e-01
7.055709362030029297e-01
7.014923691749572754e-01
6.986482143402099609e-01
7.201104164123535156e-01
6.977509856224060059e-01
6.831255555152893066e-01
7.273488640785217285e-01
6.987991333007812500e-01
7.177389860153198242e-01
7.193015217781066895e-01
6.999512910842895508e-01
7.055780291557312012e-01
7.136465311050415039e-01
7.233864068984985352e-01
7.169758677482604980e-01
7.094481587409973145e-01
7.345696687698364258e-01
7.292801141738891602e-01
7.293173074722290039e-01
7.219297885894775391e-01
7.207213640213012695e-01
7.231253981590270996e-01
7.362124919891357422e-01
7.385826110839843750e-01
7.317973375320434570e-01
7.423081398010253906e-01
7.359272241592407227e-01
7.512965202331542969e-01
7.285349965095520020e-01
7.441798448562622070e-01
7.313755750656127930e-01
7.634595632553100586e-01
7.399188280105590820e-01
7.332938313484191895e-01
7.487621307373046875e-01
7.364299893379211426e-01
7.495804429054260254e-01
7.356007695198059082e-01
7.506817579269409180e-01
7.572767138481140137e-01
7.623918056488037109e-01
7.703641653060913086e-01
7.662737369537353516e-01
7.712975740432739258e-01
7.591183781623840332e-01
7.970114946365356445e-01
7.822589278221130371e-01
7.895871400833129883e-01
7.965461611747741699e-01
7.892819643020629883e-01
7.999332547187805176e-01
7.583535313606262207e-01
8.080314993858337402e-01
7.974951863288879395e-01
7.752663493156433105e-01
7.837349176406860352e-01
7.964092493057250977e-01
8.002121448516845703e-01
7.747055292129516602e-01
8.040567636489868164e-01
8.047522902488708496e-01
8.187311291694641113e-01
7.882616519927978516e-01
8.021351695060729980e-01
7.926370501518249512e-01
8.025862574577331543e-01
8.010073900222778320e-01
8.318296670913696289e-01
8.132058382034301758e-01
8.015625476837158203e-01
8.214944005012512207e-01
7.987442016601562500e-01
8.351393938064575195e-01
8.417441248893737793e-01
8.379788398742675781e-01
8.269749879837036133e-01
8.323128223419189453e-01
8.535522818565368652e-01
8.588876724243164062e-01
8.544188141822814941e-01
8.495303988456726074e-01
8.725509643554687500e-01
8.667401671409606934e-01
8.557217121124267578e-01
8.648526072502136230e-01
8.504797816276550293e-01
8.602693080902099609e-01
8.720403313636779785e-01
8.518490195274353027e-01
8.585225939750671387e-01
8.584522008895874023e-01
8.694276213645935059e-01
8.677477836608886719e-01
8.614517450332641602e-01
8.703880906105041504e-01
8.758504390716552734e-01
8.782773017883300781e-01
8.989745378494262695e-01
8.590013980865478516e-01
8.779228329658508301e-01
8.959813714027404785e-01
8.089348673820495605e-01
8.919416069984436035e-01
8.917710781097412109e-01
9.075654149055480957e-01
8.523839712142944336e-01
8.956205248832702637e-01
9.004274010658264160e-01
8.819571137428283691e-01
9.021989107131958008e-01
8.559295535087585449e-01
8.787659406661987305e-01
9.096381664276123047e-01
8.578553795814514160e-01
9.148708581924438477e-01
9.260621070861816406e-01
8.557625412940979004e-01
9.060266017913818359e-01
8.782658576965332031e-01
8.661040067672729492e-01
8.957005739212036133e-01
9.319525361061096191e-01
9.124866724014282227e-01
9.214231967926025391e-01
9.265892505645751953e-01
8.740903139114379883e-01
9.353547692298889160e-01
9.247850775718688965e-01
9.334226846694946289e-01
9.187193512916564941e-01
9.333658814430236816e-01
9.360677599906921387e-01
9.332366585731506348e-01
9.270324110984802246e-01
9.184761047363281250e-01
9.640463590621948242e-01
9.670777320861816406e-01
9.266591072082519531e-01
9.512174129486083984e-01
9.746735095977783203e-01
9.065399765968322754e-01
9.371272921562194824e-01
9.687685966491699219e-01
9.367769360542297363e-01
9.640054106712341309e-01
9.659444093704223633e-01
9.887562990188598633e-01
9.805085062980651855e-01
9.435831308364868164e-01
9.749069809913635254e-01
9.377549886703491211e-01
7.932806015014648438e-01
9.883779287338256836e-01
9.785757064819335938e-01
-9.899900000000000000e+04
9.553562998771667480e-01
9.711024761199951172e-01
-9.899900000000000000e+04
9.830006957054138184e-01
-9.899900000000000000e+04
9.455202817916870117e-01
-9.899900000000000000e+04
-9.899900000000000000e+04
1.016344666481018066e+00
-9.899900000000000000e+04
9.527985453605651855e-01
-9.899900000000000000e+04
-9.899900000000000000e+04
9.705832004547119141e-01
-9.899900000000000000e+04
-9.899900000000000000e+04
8.584069013595581055e-01
9.593701362609863281e-01
8.485748767852783203e-01
-9.899900000000000000e+04
-9.899900000000000000e+04
