6.225892305374145508e-01
6.517849564552307129e-01
6.407510042190551758e-01
6.476886868476867676e-01
6.476992368698120117e-01
6.525678634643554688e-01
6.616687774658203125e-01
6.678663492202758789e-01
6.562860608100891113e-01
6.654602885246276855e-01
6.639269590377807617e-01
6.505369544029235840e-01
6.802445650100708008e-01
6.589918732643127441e-01
6.669101715087890625e-01
6.787751913070678711e-01
6.758943796157836914e-01
6.710654497146606445e-01
6.634995937347412109e-01
6.843210458755493164e-01
6.899451017379760742e-01
6.801605224609375000e-01
6.772003173828125000e-01
6.965808868408203125e-01
6.907892227172851562e-01
6.925680041313171387e-01
6.841933131217956543e-01
7.043316960334777832e-01
6.979752182960510254e-01
6.901693344116210938e-01
6.940954327583312988e-01
7.020954489707946777e-01
7.017874121665954590e-01
6.891390085220336914e-01
6.906653642654418945e-01
7.030688524246215820e-01
6.960754394531250000e-01
7.035740017890930176e-01
7.080863118171691895e-01
7.035178542137145996e-01
7.027752399444580078e-01
7.034052610397338867e-01
7.047892212867736816e-01
6.964973211288452148e-01
6.916243433952331543e-01
7.151239514350891113e-01
7.198631167411804199e-01
6.922220587730407715e-01
7.006412744522094727e-01
7.036383748054504395e-01
7.215903997421264648e-01
7.212207913398742676e-01
7.136724591255187988e-01
7.006618976593017578e-01
7.090504169464111328e-01
7.042073011398315430e-01
7.227660417556762695e-01
7.262471318244934082e-01
6.962589025497436523e-01
7.141985893249511719e-01
7.151107788085937500e-01
7.220863699913024902e-01
7.222492694854736328e-01
7.212601304054260254e-01
7.304916381835937500e-01
7.214329838752746582e-01
7.211874723434448242e-01
7.411712408065795898e-01
7.416361570358276367e-01
7.364252209663391113e-01
7.322885394096374512e-01
7.201457023620605469e-01
7.181585431098937988e-01
7.468328475952148438e-01
7.387936711311340332e-01
7.402855753898620605e-01
7.489680647850036621e-01
7.551336884498596191e-01
7.352820634841918945e-01
7.380187511444091797e-01
7.321610450744628906e-01
7.587550282478332520e-01
7.527242898941040039e-01
7.585122585296630859e-01
7.495297193527221680e-01
7.623839974403381348e-01
7.743948101997375488e-01
7.733606100082397461e-01
7.758528590202331543e-01
7.849172353744506836e-01
7.846625447273254395e-01
7.623351216316223145e-01
7.689664959907531738e-01
7.633500695228576660e-01
7.975471615791320801e-01
7.844060659408569336e-01
7.891552448272705078e-01
8.022423982620239258e-01
7.853395342826843262e-01
7.933310866355895996e-01
8.042061328887939453e-01
7.853158712387084961e-01
7.669300436973571777e-01
8.021166920661926270e-01
8.075255155563354492e-01
8.211108446121215820e-01
7.835673093795776367e-01
7.880725860595703125e-01
8.119293451309204102e-01
7.930489182472229004e-01
8.208400607109069824e-01
7.966890931129455566e-01
8.131315708160400391e-01
7.964316010475158691e-01
8.251628875732421875e-01
8.086528182029724121e-01
8.224887847900390625e-01
8.361346721649169922e-01
8.320316672325134277e-01
8.412690758705139160e-01
8.391578197479248047e-01
8.516711592674255371e-01
8.490645289421081543e-01
8.539016842842102051e-01
8.231181502342224121e-01
8.558608889579772949e-01
8.388457894325256348e-01
8.640409111976623535e-01
8.593499660491943359e-01
8.532446622848510742e-01
8.597167730331420898e-01
8.496838808059692383e-01
8.768691420555114746e-01
8.654933571815490723e-01
8.702637553215026855e-01
8.595734238624572754e-01
8.535231947898864746e-01
8.804870843887329102e-01
8.828436136245727539e-01
8.652397394180297852e-01
8.775538802146911621e-01
8.761023283004760742e-01
8.827304840087890625e-01
8.798365592956542969e-01
8.900030255317687988e-01
8.850458264350891113e-01
8.966297507286071777e-01
8.903545141220092773e-01
8.860161900520324707e-01
9.010785818099975586e-01
8.018950819969177246e-01
8.900671005249023438e-01
8.948304057121276855e-01
9.001161456108093262e-01
8.911197185516357422e-01
9.045382142066955566e-01
8.928902149200439453e-01
8.894542455673217773e-01
9.102709889411926270e-01
9.146496057510375977e-01
8.913380503654479980e-01
9.054781794548034668e-01
8.331798315048217773e-01
9.178587794303894043e-01
9.184198379516601562e-01
9.156537652015686035e-01
8.713167309761047363e-01
9.210465550422668457e-01
9.184694290161132812e-01
9.030684828758239746e-01
9.310351610183715820e-01
9.169305562973022461e-01
8.888704776763916016e-01
9.349980950355529785e-01
9.312671422958374023e-01
8.605616688728332520e-01
9.262157082557678223e-01
9.288387298583984375e-01
8.978426456451416016e-01
9.312415719032287598e-01
9.033170938491821289e-01
7.746818065643310547e-01
9.465882182121276855e-01
9.646573662757873535e-01
9.551760554313659668e-01
9.430155158042907715e-01
8.597882986068725586e-01
9.507343173027038574e-01
9.543654918670654297e-01
9.419270157814025879e-01
9.560442566871643066e-01
7.992533445358276367e-01
9.766625165939331055e-01
9.709693193435668945e-01
9.717811346054077148e-01
-9.899900000000000000e+04
-9.899900000000000000e+04
1.008317708969116211e+00
9.342455863952636719e-01
9.836547970771789551e-01
9.752255082130432129e-01
9.283680915832519531e-01
9.803186655044555664e-01
-9.899900000000000000e+04
-9.899900000000000000e+04
1.010039806365966797e+00
-9.899900000000000000e+04
9.733629226684570312e-01
-9.899900000000000000e+04
-9.899900000000000000e+04
