6.225892305374145508e-01
6.257067918777465820e-01
6.412144899368286133e-01
6.632860302925109863e-01
6.476992368698120117e-01
6.503523588180541992e-01
6.579081416130065918e-01
6.583173871040344238e-01
6.592803001403808594e-01
6.806339025497436523e-01
6.664795279502868652e-01
6.803489923477172852e-01
6.702851653099060059e-01
6.785833835601806641e-01
6.808091402053833008e-01
6.734188199043273926e-01
6.741776466369628906e-01
6.743296980857849121e-01
6.719922423362731934e-01
6.862480640411376953e-01
6.794834733009338379e-01
6.802825331687927246e-01
6.749833226203918457e-01
7.036659121513366699e-01
6.936887502670288086e-01
6.925680041313171387e-01
7.036836147308349609e-01
6.795616149902343750e-01
6.899530291557312012e-01
7.063283920288085938e-01
6.870552301406860352e-01
6.959274411201477051e-01
6.919070482254028320e-01
6.984149217605590820e-01
6.949518322944641113e-01
6.927754282951354980e-01
6.956294178962707520e-01
7.037948369979858398e-01
7.142062187194824219e-01
7.170654535293579102e-01
7.075406312942504883e-01
7.058923244476318359e-01
7.044899463653564453e-01
6.827882528305053711e-01
7.093123793601989746e-01
7.180735468864440918e-01
7.033544182777404785e-01
7.205169796943664551e-01
7.029748558998107910e-01
7.026237249374389648e-01
7.042118310928344727e-01
7.035096287727355957e-01
7.105579972267150879e-01
7.048222422599792480e-01
7.079367041587829590e-01
7.035960555076599121e-01
7.088823914527893066e-01
7.261797189712524414e-01
7.259337306022644043e-01
7.145623564720153809e-01
7.262436747550964355e-01
7.346408367156982422e-01
7.277609109878540039e-01
7.152426242828369141e-01
7.339466214179992676e-01
7.357865571975708008e-01
7.243828773498535156e-01
7.365505099296569824e-01
7.384934425354003906e-01
7.222934961318969727e-01
7.345328330993652344e-01
7.487334609031677246e-01
7.482358813285827637e-01
7.419670820236206055e-01
7.484605312347412109e-01
7.639316320419311523e-01
7.425540685653686523e-01
7.413139939308166504e-01
7.331774234771728516e-01
7.405626773834228516e-01
7.364251017570495605e-01
7.659643292427062988e-01
7.696077823638916016e-01
7.481724619865417480e-01
7.787412405014038086e-01
7.601037621498107910e-01
7.412298321723937988e-01
7.641583681106567383e-01
7.821382880210876465e-01
7.846263051033020020e-01
7.462650537490844727e-01
7.863525152206420898e-01
7.709259390830993652e-01
7.770767807960510254e-01
7.924687862396240234e-01
7.666789293289184570e-01
7.923265099525451660e-01
7.888674736022949219e-01
7.953019738197326660e-01
7.851408720016479492e-01
8.038752675056457520e-01
8.004697561264038086e-01
7.795919179916381836e-01
7.967891097068786621e-01
8.052973747253417969e-01
8.069109916687011719e-01
8.106166720390319824e-01
7.916539907455444336e-01
7.998924255371093750e-01
8.170372247695922852e-01
8.041912913322448730e-01
7.836632728576660156e-01
7.869988083839416504e-01
8.062445521354675293e-01
8.256677389144897461e-01
8.070264458656311035e-01
8.281273841857910156e-01
8.163588047027587891e-01
8.291857242584228516e-01
8.466876149177551270e-01
8.664315938949584961e-01
8.317111730575561523e-01
8.458979725837707520e-01
8.429535627365112305e-01
8.426149487495422363e-01
8.577548265457153320e-01
8.502941727638244629e-01
8.496913313865661621e-01
8.351109623908996582e-01
8.612759709358215332e-01
8.614805340766906738e-01
8.730995655059814453e-01
8.574092984199523926e-01
8.610648512840270996e-01
8.620616793632507324e-01
8.750710487365722656e-01
8.639341592788696289e-01
8.768680691719055176e-01
8.839823007583618164e-01
8.788979649543762207e-01
8.798170685768127441e-01
8.539142012596130371e-01
8.903576731681823730e-01
8.783022761344909668e-01
8.803542256355285645e-01
7.527173757553100586e-01
9.014768004417419434e-01
8.991239666938781738e-01
9.074877500534057617e-01
8.938179612159729004e-01
9.139146208763122559e-01
8.921737074851989746e-01
8.887798786163330078e-01
9.135196805000305176e-01
8.894132971763610840e-01
8.949603438377380371e-01
8.998759984970092773e-01
9.032338261604309082e-01
8.788128495216369629e-01
8.857831954956054688e-01
8.264234066009521484e-01
9.081599712371826172e-01
7.871565818786621094e-01
8.968827128410339355e-01
9.190428256988525391e-01
8.521717190742492676e-01
9.249444007873535156e-01
8.730431795120239258e-01
9.169445633888244629e-01
9.183470010757446289e-01
9.279102683067321777e-01
9.366860389709472656e-01
9.400207996368408203e-01
9.408681988716125488e-01
8.859604597091674805e-01
9.443209171295166016e-01
7.831465005874633789e-01
7.455662488937377930e-01
8.600699901580810547e-01
9.656987190246582031e-01
9.132140874862670898e-01
9.486105442047119141e-01
9.189697504043579102e-01
9.652327299118041992e-01
9.511261582374572754e-01
8.943282365798950195e-01
9.373273849487304688e-01
8.582241535186767578e-01
8.890696763992309570e-01
9.345318675041198730e-01
9.112263917922973633e-01
9.941720366477966309e-01
9.580930471420288086e-01
-9.899900000000000000e+04
9.843637943267822266e-01
9.943110346794128418e-01
1.012700200080871582e+00
8.887766003608703613e-01
9.922444820404052734e-01
