6.461329460144042969e-01
6.517849564552307129e-01
6.402796506881713867e-01
6.632860302925109863e-01
6.466499567031860352e-01
6.521380543708801270e-01
6.616687774658203125e-01
6.602364182472229004e-01
6.596282720565795898e-01
6.654602885246276855e-01
6.734725236892700195e-01
6.803489923477172852e-01
6.676720976829528809e-01
6.785833835601806641e-01
6.713212132453918457e-01
6.734188199043273926e-01
6.755884289741516113e-01
6.660917401313781738e-01
6.753183007240295410e-01
6.916552782058715820e-01
6.799716949462890625e-01
6.750268340110778809e-01
6.763271093368530273e-01
7.045492529869079590e-01
6.966059207916259766e-01
6.941078901290893555e-01
7.053291797637939453e-01
7.027965784072875977e-01
7.024238705635070801e-01
7.090559601783752441e-01
6.940954327583312988e-01
6.876907348632812500e-01
7.130468487739562988e-01
6.896564960479736328e-01
7.002978920936584473e-01
6.918908953666687012e-01
7.019261717796325684e-01
6.953260898590087891e-01
7.080863118171691895e-01
7.027006149291992188e-01
7.008715867996215820e-01
7.037720084190368652e-01
6.985918879508972168e-01
7.026267647743225098e-01
7.007940411567687988e-01
7.056640982627868652e-01
7.037129998207092285e-01
7.180514931678771973e-01
7.096463441848754883e-01
7.110828161239624023e-01
7.145692706108093262e-01
7.218311429023742676e-01
7.182216644287109375e-01
7.135491967201232910e-01
7.055122852325439453e-01
7.007736563682556152e-01
7.025740146636962891e-01
7.109041810035705566e-01
7.248234748840332031e-01
7.292220592498779297e-01
7.189961671829223633e-01
7.289664149284362793e-01
6.951364874839782715e-01
7.210263013839721680e-01
7.228411436080932617e-01
7.224693298339843750e-01
7.265988588333129883e-01
7.015701532363891602e-01
7.301447391510009766e-01
7.240773439407348633e-01
7.232947349548339844e-01
7.274377346038818359e-01
7.451500296592712402e-01
7.526524662971496582e-01
7.638667225837707520e-01
7.287909388542175293e-01
7.303317785263061523e-01
7.359304428100585938e-01
7.454095482826232910e-01
7.590094804763793945e-01
7.543429136276245117e-01
7.371894121170043945e-01
7.559372186660766602e-01
7.597230672836303711e-01
7.802549004554748535e-01
7.659614086151123047e-01
7.809748053550720215e-01
7.687295675277709961e-01
7.852566242218017578e-01
7.795666456222534180e-01
7.861358523368835449e-01
7.820374965667724609e-01
7.892385721206665039e-01
7.671470046043395996e-01
7.660114765167236328e-01
7.967640161514282227e-01
7.887287139892578125e-01
7.760480046272277832e-01
7.784006595611572266e-01
7.887904047966003418e-01
7.766444683074951172e-01
7.452653050422668457e-01
8.014988899230957031e-01
7.860888242721557617e-01
7.885055541992187500e-01
7.770478129386901855e-01
8.086514472961425781e-01
7.978366613388061523e-01
7.983030676841735840e-01
7.974677681922912598e-01
8.027377128601074219e-01
8.255122303962707520e-01
8.176422119140625000e-01
8.122642040252685547e-01
7.892596721649169922e-01
8.281319141387939453e-01
8.219543099403381348e-01
8.183669447898864746e-01
8.399396538734436035e-01
8.132260441780090332e-01
8.469509482383728027e-01
8.230642676353454590e-01
8.436005115509033203e-01
8.498858213424682617e-01
8.616731166839599609e-01
8.473559617996215820e-01
8.656392693519592285e-01
8.622713685035705566e-01
8.573443889617919922e-01
8.610984683036804199e-01
8.682618141174316406e-01
8.629517555236816406e-01
8.758991360664367676e-01
8.730655908584594727e-01
8.585500717163085938e-01
8.802623748779296875e-01
8.461743593215942383e-01
8.389056324958801270e-01
8.630960583686828613e-01
8.748582601547241211e-01
8.740620017051696777e-01
8.678631186485290527e-01
8.970659375190734863e-01
8.726905584335327148e-01
8.889843225479125977e-01
8.944529294967651367e-01
8.885444998741149902e-01
9.026437997817993164e-01
8.823074102401733398e-01
8.662441968917846680e-01
8.771101236343383789e-01
8.970655798912048340e-01
9.020130634307861328e-01
8.484411835670471191e-01
8.627206087112426758e-01
9.097485542297363281e-01
9.167099595069885254e-01
9.184698462486267090e-01
8.895906209945678711e-01
8.827438950538635254e-01
9.270819425582885742e-01
9.053399562835693359e-01
8.948943614959716797e-01
8.669758439064025879e-01
8.974181413650512695e-01
9.223491549491882324e-01
8.537480831146240234e-01
8.915379047393798828e-01
9.273480176925659180e-01
9.134687781333923340e-01
8.828128576278686523e-01
9.040771722793579102e-01
9.351373314857482910e-01
9.493817687034606934e-01
7.737156152725219727e-01
9.520059823989868164e-01
9.442857503890991211e-01
9.349961876869201660e-01
9.456874728202819824e-01
8.727782964706420898e-01
7.716279625892639160e-01
9.560202360153198242e-01
7.072516679763793945e-01
9.446187019348144531e-01
9.530233144760131836e-01
9.471599459648132324e-01
8.431226015090942383e-01
9.792875647544860840e-01
9.600984454154968262e-01
9.617120623588562012e-01
9.820289611816406250e-01
8.667938113212585449e-01
8.327243924140930176e-01
9.706722497940063477e-01
9.502911567687988281e-01
9.399105906486511230e-01
9.718859195709228516e-01
9.841501116752624512e-01
8.233531713485717773e-01
1.000137209892272949e+00
8.874630928039550781e-01
9.835073947906494141e-01
9.714967608451843262e-01
1.011998176574707031e+00
9.238083362579345703e-01
9.703688621520996094e-01
9.755949974060058594e-01
-9.899900000000000000e+04
-9.899900000000000000e+04
9.815610051155090332e-01
-9.899900000000000000e+04
-9.899900000000000000e+04
