6.461329460144042969e-01
6.358127593994140625e-01
6.402796506881713867e-01
6.606395840644836426e-01
6.469347476959228516e-01
6.493827104568481445e-01
6.616687774658203125e-01
6.599628925323486328e-01
6.592803001403808594e-01
6.745225191116333008e-01
6.734725236892700195e-01
6.630030274391174316e-01
6.677063107490539551e-01
6.722197532653808594e-01
6.669101715087890625e-01
6.741617321968078613e-01
6.825008392333984375e-01
6.737642884254455566e-01
6.890469193458557129e-01
6.855593919754028320e-01
6.811931729316711426e-01
6.750268340110778809e-01
6.810171008110046387e-01
6.949169635772705078e-01
6.885718703269958496e-01
6.890242099761962891e-01
7.026354074478149414e-01
7.043316960334777832e-01
7.009540200233459473e-01
7.060251235961914062e-01
6.930959224700927734e-01
6.970528364181518555e-01
7.024661898612976074e-01
6.996866464614868164e-01
6.898364424705505371e-01
7.028777599334716797e-01
6.960754394531250000e-01
7.013345360755920410e-01
7.076876759529113770e-01
7.109208106994628906e-01
7.095009684562683105e-01
7.024345397949218750e-01
6.844066381454467773e-01
6.925911903381347656e-01
6.991146802902221680e-01
7.115310430526733398e-01
7.081844210624694824e-01
7.195293307304382324e-01
7.118651270866394043e-01
7.098942399024963379e-01
7.173982858657836914e-01
6.924604773521423340e-01
7.017236948013305664e-01
6.998553872108459473e-01
7.181423902511596680e-01
7.180789113044738770e-01
7.084310054779052734e-01
7.101971507072448730e-01
7.232701778411865234e-01
7.276784181594848633e-01
7.249042987823486328e-01
7.058954834938049316e-01
7.346773743629455566e-01
7.174865007400512695e-01
7.068066000938415527e-01
7.397436499595642090e-01
7.403933405876159668e-01
7.378358840942382812e-01
7.299443483352661133e-01
7.241878509521484375e-01
7.200700640678405762e-01
7.469884753227233887e-01
7.363826632499694824e-01
7.375765442848205566e-01
7.319060564041137695e-01
7.431918382644653320e-01
7.420960664749145508e-01
7.407776117324829102e-01
7.609160542488098145e-01
7.489099502563476562e-01
7.520120143890380859e-01
7.678168416023254395e-01
7.212322354316711426e-01
7.431928515434265137e-01
7.661805748939514160e-01
7.760311961174011230e-01
7.649722099304199219e-01
7.878291010856628418e-01
7.935045361518859863e-01
7.899588942527770996e-01
7.833532094955444336e-01
7.871797680854797363e-01
7.909568548202514648e-01
7.811926603317260742e-01
7.943630218505859375e-01
7.968738675117492676e-01
7.912897467613220215e-01
7.834781408309936523e-01
7.855737209320068359e-01
7.858319878578186035e-01
7.627487182617187500e-01
8.012842535972595215e-01
8.127921223640441895e-01
8.106807470321655273e-01
7.946755886077880859e-01
8.014449477195739746e-01
8.047873973846435547e-01
8.107843399047851562e-01
7.938123941421508789e-01
7.668293118476867676e-01
8.193419575691223145e-01
7.923867702484130859e-01
8.048782944679260254e-01
8.117102980613708496e-01
8.266843557357788086e-01
8.118199706077575684e-01
8.307276964187622070e-01
8.119866847991943359e-01
8.231002688407897949e-01
8.095384240150451660e-01
8.359733223915100098e-01
8.460797667503356934e-01
8.321032524108886719e-01
8.513850569725036621e-01
8.481911420822143555e-01
8.622984290122985840e-01
8.533007502555847168e-01
8.627389669418334961e-01
8.667649626731872559e-01
8.563032746315002441e-01
8.485559821128845215e-01
8.528729081153869629e-01
8.801760077476501465e-01
7.577708959579467773e-01
8.548366427421569824e-01
8.680965900421142578e-01
8.689818382263183594e-01
8.601074218750000000e-01
8.684079051017761230e-01
8.659781813621520996e-01
8.849295377731323242e-01
8.777035474777221680e-01
8.889562487602233887e-01
8.920699954032897949e-01
8.794617652893066406e-01
8.849089145660400391e-01
8.761648535728454590e-01
8.982616662979125977e-01
8.700072765350341797e-01
9.134737253189086914e-01
9.021312594413757324e-01
8.583561182022094727e-01
9.141811728477478027e-01
9.084618687629699707e-01
9.068103432655334473e-01
9.088797569274902344e-01
8.945006728172302246e-01
8.812126517295837402e-01
9.159151911735534668e-01
9.142284393310546875e-01
9.188452363014221191e-01
8.974456787109375000e-01
9.147521853446960449e-01
9.087601304054260254e-01
8.396026492118835449e-01
9.001017808914184570e-01
9.073345661163330078e-01
9.246202111244201660e-01
8.587732911109924316e-01
9.323145747184753418e-01
9.188918471336364746e-01
9.359742999076843262e-01
9.247757196426391602e-01
9.345409274101257324e-01
9.225265383720397949e-01
9.146443009376525879e-01
9.459846019744873047e-01
9.334502220153808594e-01
9.388019442558288574e-01
8.174307942390441895e-01
9.513937830924987793e-01
9.412435889244079590e-01
9.660837650299072266e-01
9.064517617225646973e-01
9.297388792037963867e-01
9.405225515365600586e-01
9.352222681045532227e-01
9.382410049438476562e-01
9.860411882400512695e-01
9.484471082687377930e-01
7.742209434509277344e-01
9.580735564231872559e-01
8.768710494041442871e-01
9.540389180183410645e-01
9.521249532699584961e-01
-9.899900000000000000e+04
9.996880292892456055e-01
9.735787510871887207e-01
7.407222390174865723e-01
8.589205741882324219e-01
-9.899900000000000000e+04
-9.899900000000000000e+04
-9.899900000000000000e+04
9.841182231903076172e-01
-9.899900000000000000e+04
9.830353856086730957e-01
1.004316926002502441e+00
-9.899900000000000000e+04
-9.899900000000000000e+04
-9.899900000000000000e+04
-9.899900000000000000e+04
-9.899900000000000000e+04
-9.899900000000000000e+04
-9.899900000000000000e+04
-9.899900000000000000e+04
-9.899900000000000000e+04
1.002283453941345215e+00
-9.899900000000000000e+04
-9.899900000000000000e+04
8.744425773620605469e-01
-9.899900000000000000e+04
-9.899900000000000000e+04
-9.899900000000000000e+04
-9.899900000000000000e+04
-9.899900000000000000e+04
-9.899900000000000000e+04
-9.899900000000000000e+04
-9.899900000000000000e+04
-9.899900000000000000e+04
-9.899900000000000000e+04
-9.899900000000000000e+04
-9.899900000000000000e+04
-9.899900000000000000e+04
8.492130041122436523e-01
8.742538690567016602e-01
