6.309524774551391602e-01
6.358127593994140625e-01
6.412144899368286133e-01
6.606395840644836426e-01
6.469347476959228516e-01
6.518133878707885742e-01
6.616687774658203125e-01
6.766836643218994141e-01
6.734914183616638184e-01
6.793448328971862793e-01
6.639269590377807617e-01
6.803489923477172852e-01
6.676098108291625977e-01
6.482808589935302734e-01
6.693573594093322754e-01
6.814933419227600098e-01
6.770184636116027832e-01
6.876502633094787598e-01
6.756433248519897461e-01
6.753895878791809082e-01
6.814067363739013672e-01
6.750268340110778809e-01
6.760488152503967285e-01
6.934551596641540527e-01
6.923391222953796387e-01
7.013657093048095703e-01
7.027961015701293945e-01
6.892336606979370117e-01
6.983751058578491211e-01
6.918435692787170410e-01
6.998813152313232422e-01
6.891896724700927734e-01
6.955528259277343750e-01
6.895725131034851074e-01
6.985338330268859863e-01
6.921381354331970215e-01
6.965832710266113281e-01
7.016550302505493164e-01
7.095757722854614258e-01
7.081775069236755371e-01
6.883513927459716797e-01
6.961939930915832520e-01
7.011201977729797363e-01
7.087583541870117188e-01
7.026552557945251465e-01
7.031822800636291504e-01
7.022421360015869141e-01
7.223827242851257324e-01
7.115752696990966797e-01
7.184793353080749512e-01
7.131059169769287109e-01
6.970207095146179199e-01
7.077845931053161621e-01
7.111774086952209473e-01
6.985851526260375977e-01
7.190780639648437500e-01
7.011774778366088867e-01
7.119660377502441406e-01
7.135472893714904785e-01
7.274646162986755371e-01
7.069056034088134766e-01
7.210052013397216797e-01
7.017298936843872070e-01
7.038173079490661621e-01
7.293500900268554688e-01
6.982843279838562012e-01
7.405491471290588379e-01
7.121399044990539551e-01
7.300427556037902832e-01
7.249951958656311035e-01
7.264429926872253418e-01
7.304150462150573730e-01
7.327098250389099121e-01
7.460671067237854004e-01
7.394130825996398926e-01
7.444152235984802246e-01
7.408916354179382324e-01
7.376210689544677734e-01
7.248921394348144531e-01
7.437150478363037109e-01
7.513134479522705078e-01
7.379130721092224121e-01
7.289006114006042480e-01
7.330248355865478516e-01
7.653294205665588379e-01
7.546709775924682617e-01
7.887586355209350586e-01
7.720040082931518555e-01
7.832355499267578125e-01
7.913767099380493164e-01
7.856345176696777344e-01
7.915523052215576172e-01
7.835886478424072266e-01
7.809554934501647949e-01
7.943116426467895508e-01
7.970368862152099609e-01
7.662686705589294434e-01
7.994089722633361816e-01
7.830542922019958496e-01
7.588309049606323242e-01
7.738825082778930664e-01
8.063537478446960449e-01
7.952961921691894531e-01
7.737882733345031738e-01
8.001278638839721680e-01
7.704837918281555176e-01
8.023822307586669922e-01
7.836054563522338867e-01
7.968236207962036133e-01
8.144130110740661621e-01
8.147614002227783203e-01
8.094318509101867676e-01
8.212479948997497559e-01
8.044462203979492188e-01
8.139643073081970215e-01
8.306263685226440430e-01
8.140584826469421387e-01
8.043462038040161133e-01
8.354861736297607422e-01
8.248240351676940918e-01
8.547062873840332031e-01
8.357102870941162109e-01
8.063483238220214844e-01
8.376236557960510254e-01
8.584595322608947754e-01
8.600322008132934570e-01
8.504094481468200684e-01
8.341984152793884277e-01
8.530106544494628906e-01
8.798531889915466309e-01
8.519889116287231445e-01
8.604721426963806152e-01
8.640061020851135254e-01
8.487692475318908691e-01
8.712515234947204590e-01
8.732618093490600586e-01
8.492307662963867188e-01
8.443574309349060059e-01
8.935577869415283203e-01
8.768767118453979492e-01
8.690674901008605957e-01
8.724805116653442383e-01
8.852846622467041016e-01
8.922254443168640137e-01
8.671048283576965332e-01
8.749693036079406738e-01
9.126446843147277832e-01
8.794251680374145508e-01
8.882473111152648926e-01
8.981799483299255371e-01
8.991380333900451660e-01
9.078563451766967773e-01
8.850359320640563965e-01
8.874446749687194824e-01
9.020490050315856934e-01
8.997670412063598633e-01
9.021796584129333496e-01
9.179995059967041016e-01
9.186785817146301270e-01
8.895661830902099609e-01
9.133546352386474609e-01
9.043146371841430664e-01
9.076806902885437012e-01
8.905689120292663574e-01
9.212520718574523926e-01
9.109345078468322754e-01
8.717997670173645020e-01
8.358616232872009277e-01
9.271316528320312500e-01
9.207174181938171387e-01
8.997836709022521973e-01
8.877094984054565430e-01
8.847167491912841797e-01
9.172490835189819336e-01
8.623265027999877930e-01
9.539342522621154785e-01
9.181116223335266113e-01
9.193830490112304688e-01
9.362156987190246582e-01
9.430222511291503906e-01
9.380526542663574219e-01
7.475549578666687012e-01
9.307102560997009277e-01
9.373379349708557129e-01
9.521723985671997070e-01
9.194907546043395996e-01
9.681200981140136719e-01
9.689375162124633789e-01
9.373556375503540039e-01
9.540540575981140137e-01
9.764473438262939453e-01
9.449242353439331055e-01
9.510046243667602539e-01
9.818968772888183594e-01
9.818255305290222168e-01
9.695061445236206055e-01
9.721423983573913574e-01
9.764343500137329102e-01
9.574510455131530762e-01
9.726203680038452148e-01
9.912401437759399414e-01
-9.899900000000000000e+04
