6.291534900665283203e-01
6.257067918777465820e-01
6.406359076499938965e-01
6.606395840644836426e-01
6.467798352241516113e-01
6.472339630126953125e-01
6.616687774658203125e-01
6.734821796417236328e-01
6.746804118156433105e-01
6.637250781059265137e-01
6.664795279502868652e-01
6.636283397674560547e-01
6.674644351005554199e-01
6.722197532653808594e-01
6.782366037368774414e-01
6.675821542739868164e-01
6.810971498489379883e-01
6.737642884254455566e-01
6.684823036193847656e-01
6.843210458755493164e-01
6.745607256889343262e-01
6.750268340110778809e-01
6.753086447715759277e-01
6.880162358283996582e-01
7.020037770271301270e-01
6.968398094177246094e-01
7.006487846374511719e-01
6.997370719909667969e-01
6.765385866165161133e-01
6.984028220176696777e-01
6.949840784072875977e-01
6.986805200576782227e-01
6.919070482254028320e-01
6.985394954681396484e-01
6.900141835212707520e-01
6.957734823226928711e-01
6.957610249519348145e-01
7.022693157196044922e-01
6.967304944992065430e-01
7.130557894706726074e-01
7.051937580108642578e-01
7.130564451217651367e-01
7.022715806961059570e-01
7.024756073951721191e-01
6.852086186408996582e-01
7.051060795783996582e-01
7.122957110404968262e-01
7.204348444938659668e-01
6.912428140640258789e-01
6.979824304580688477e-01
7.034710049629211426e-01
7.153028845787048340e-01
6.946037411689758301e-01
7.064967751502990723e-01
7.171717286109924316e-01
7.223458886146545410e-01
7.284226417541503906e-01
7.244964838027954102e-01
7.248913049697875977e-01
7.127084136009216309e-01
7.256483435630798340e-01
7.120350003242492676e-01
7.159490585327148438e-01
7.300221920013427734e-01
7.242201566696166992e-01
7.284413576126098633e-01
7.376495599746704102e-01
7.231064438819885254e-01
7.213445901870727539e-01
7.351970672607421875e-01
7.289040088653564453e-01
7.369524836540222168e-01
7.410766482353210449e-01
7.527579069137573242e-01
7.511600852012634277e-01
7.468473315238952637e-01
7.385475635528564453e-01
7.233444452285766602e-01
7.688424587249755859e-01
7.367147207260131836e-01
7.415005564689636230e-01
7.432809472084045410e-01
7.524194121360778809e-01
7.565512657165527344e-01
7.449892759323120117e-01
7.714588046073913574e-01
7.731896638870239258e-01
7.868095040321350098e-01
7.850763797760009766e-01
7.824007868766784668e-01
7.864398956298828125e-01
7.789123058319091797e-01
7.769792079925537109e-01
7.860161662101745605e-01
7.743533849716186523e-01
7.756799459457397461e-01
7.788183093070983887e-01
7.753324508666992188e-01
7.627979516983032227e-01
7.790781855583190918e-01
7.933513522148132324e-01
7.755811810493469238e-01
7.941937446594238281e-01
7.916458249092102051e-01
7.928757667541503906e-01
8.044547438621520996e-01
7.779026627540588379e-01
8.093523979187011719e-01
7.762143611907958984e-01
8.170413970947265625e-01
8.172865509986877441e-01
8.204494714736938477e-01
7.781378626823425293e-01
8.022102713584899902e-01
8.095605373382568359e-01
8.184219598770141602e-01
8.081066608428955078e-01
8.122457861900329590e-01
8.385335803031921387e-01
8.508681654930114746e-01
8.381272554397583008e-01
8.407147526741027832e-01
8.455812931060791016e-01
7.896803021430969238e-01
8.511713743209838867e-01
8.664118051528930664e-01
8.564993739128112793e-01
8.437694311141967773e-01
8.622732758522033691e-01
8.589348793029785156e-01
8.644087314605712891e-01
8.475777506828308105e-01
8.589362502098083496e-01
8.603822588920593262e-01
8.919674158096313477e-01
8.759852647781372070e-01
8.712308406829833984e-01
8.682659268379211426e-01
8.508595228195190430e-01
8.153992891311645508e-01
8.861469626426696777e-01
8.829487562179565430e-01
8.597113490104675293e-01
8.824388980865478516e-01
8.820449113845825195e-01
9.001029729843139648e-01
9.030299782752990723e-01
8.840975165367126465e-01
8.822111487388610840e-01
8.748039007186889648e-01
8.987147212028503418e-01
8.824828267097473145e-01
8.862781524658203125e-01
8.852760791778564453e-01
9.041116833686828613e-01
8.812541961669921875e-01
8.860827684402465820e-01
8.806513547897338867e-01
9.166827201843261719e-01
8.901789784431457520e-01
9.191380739212036133e-01
8.956534266471862793e-01
9.047540426254272461e-01
9.325821995735168457e-01
9.101792573928833008e-01
9.183433055877685547e-01
8.112419247627258301e-01
9.092786908149719238e-01
9.175411462783813477e-01
9.307191371917724609e-01
9.169225692749023438e-01
9.408727884292602539e-01
9.255472421646118164e-01
9.121279716491699219e-01
9.630303978919982910e-01
9.364727735519409180e-01
9.482161998748779297e-01
9.419124722480773926e-01
9.479387402534484863e-01
8.693413138389587402e-01
7.754276990890502930e-01
9.239277243614196777e-01
9.593552350997924805e-01
9.254311919212341309e-01
9.489480853080749512e-01
9.548100829124450684e-01
9.631451368331909180e-01
9.569174647331237793e-01
9.237998723983764648e-01
9.350163936614990234e-01
9.774385690689086914e-01
9.260579943656921387e-01
7.927859425544738770e-01
8.572793602943420410e-01
9.942170977592468262e-01
9.953901171684265137e-01
1.006795167922973633e+00
9.918415546417236328e-01
9.553537368774414062e-01
-9.899900000000000000e+04
9.801588654518127441e-01
-9.899900000000000000e+04
