6.225892305374145508e-01
6.358127593994140625e-01
6.388311982154846191e-01
6.606395840644836426e-01
6.467798352241516113e-01
6.493827104568481445e-01
6.616687774658203125e-01
6.703080534934997559e-01
6.649832725524902344e-01
6.654602885246276855e-01
6.664795279502868652e-01
6.614516377449035645e-01
6.690333485603332520e-01
6.659889221191406250e-01
6.669101715087890625e-01
6.893771290779113770e-01
6.717624068260192871e-01
6.737642884254455566e-01
6.750097870826721191e-01
6.799179911613464355e-01
6.744204163551330566e-01
6.783048510551452637e-01
6.880592107772827148e-01
7.017528414726257324e-01
6.844179034233093262e-01
7.006990909576416016e-01
6.914618611335754395e-01
6.920828223228454590e-01
6.884272098541259766e-01
6.932346820831298828e-01
6.999942660331726074e-01
6.851924657821655273e-01
7.024661898612976074e-01
6.891487836837768555e-01
6.930403113365173340e-01
6.938245892524719238e-01
6.984021067619323730e-01
6.964253187179565430e-01
7.084416747093200684e-01
7.112755775451660156e-01
6.956794857978820801e-01
7.086457014083862305e-01
7.034081816673278809e-01
7.026211023330688477e-01
7.096367478370666504e-01
7.054303884506225586e-01
7.014428377151489258e-01
7.134460210800170898e-01
7.198017835617065430e-01
6.943470239639282227e-01
6.980087757110595703e-01
6.974827647209167480e-01
7.148543596267700195e-01
6.833906769752502441e-01
7.207086682319641113e-01
6.918008327484130859e-01
7.022841572761535645e-01
7.235156893730163574e-01
7.125434279441833496e-01
7.186913490295410156e-01
7.128590941429138184e-01
7.067073583602905273e-01
7.174082398414611816e-01
7.177430987358093262e-01
7.280793190002441406e-01
7.306265830993652344e-01
7.249770164489746094e-01
7.254586815834045410e-01
7.349116802215576172e-01
7.276069521903991699e-01
7.302822470664978027e-01
7.388831973075866699e-01
7.364103198051452637e-01
7.350094914436340332e-01
7.163474559783935547e-01
7.483693957328796387e-01
7.483974695205688477e-01
7.439786791801452637e-01
7.508638501167297363e-01
7.447804212570190430e-01
7.433998584747314453e-01
7.340523004531860352e-01
7.552154064178466797e-01
7.342957854270935059e-01
7.794079184532165527e-01
7.792370915412902832e-01
7.867653369903564453e-01
7.792198061943054199e-01
7.793939113616943359e-01
7.816072702407836914e-01
7.656746506690979004e-01
7.721894383430480957e-01
7.850539088249206543e-01
7.860823869705200195e-01
7.850046157836914062e-01
7.879886031150817871e-01
8.009103536605834961e-01
7.704795598983764648e-01
7.676624059677124023e-01
7.841702103614807129e-01
8.002622723579406738e-01
7.649829387664794922e-01
7.947639822959899902e-01
7.740276455879211426e-01
7.878838777542114258e-01
7.680661082267761230e-01
8.042313456535339355e-01
7.914610505104064941e-01
7.989910244941711426e-01
8.020632266998291016e-01
7.801451683044433594e-01
8.155382871627807617e-01
8.080170750617980957e-01
8.090068101882934570e-01
7.897174954414367676e-01
8.280705213546752930e-01
8.120590448379516602e-01
8.320508003234863281e-01
8.297083973884582520e-01
8.433179259300231934e-01
8.283268809318542480e-01
8.393632173538208008e-01
8.583843111991882324e-01
8.564122319221496582e-01
8.296698331832885742e-01
8.547747731208801270e-01
8.801634907722473145e-01
8.691463470458984375e-01
8.541229963302612305e-01
8.550726771354675293e-01
8.634881973266601562e-01
8.609347939491271973e-01
8.671822547912597656e-01
8.585225343704223633e-01
8.706538081169128418e-01
8.671891093254089355e-01
8.622930645942687988e-01
8.864293694496154785e-01
8.640248179435729980e-01
8.824189901351928711e-01
8.931534886360168457e-01
8.785835504531860352e-01
8.889850378036499023e-01
8.692646622657775879e-01
8.835401535034179688e-01
9.064331650733947754e-01
8.915190100669860840e-01
8.921380043029785156e-01
8.940928578376770020e-01
8.705980181694030762e-01
8.364155292510986328e-01
8.827317953109741211e-01
7.541410326957702637e-01
8.743823170661926270e-01
8.724958896636962891e-01
8.713080286979675293e-01
8.410072326660156250e-01
8.969227075576782227e-01
9.008491635322570801e-01
9.040955901145935059e-01
9.053357243537902832e-01
9.221636652946472168e-01
8.982411623001098633e-01
8.246500492095947266e-01
9.278340935707092285e-01
9.241445660591125488e-01
9.255749583244323730e-01
8.968177437782287598e-01
8.514720201492309570e-01
7.821191549301147461e-01
8.911545276641845703e-01
9.270346760749816895e-01
9.365674257278442383e-01
9.100086092948913574e-01
9.186918139457702637e-01
8.666842579841613770e-01
9.330800175666809082e-01
9.506904482841491699e-01
8.539745211601257324e-01
9.152911901473999023e-01
9.606720805168151855e-01
9.608207941055297852e-01
9.607012271881103516e-01
9.242060184478759766e-01
9.386607408523559570e-01
9.350191354751586914e-01
9.184844493865966797e-01
9.478851556777954102e-01
9.549832940101623535e-01
9.212254285812377930e-01
9.653277993202209473e-01
9.593907594680786133e-01
9.574063420295715332e-01
9.706157445907592773e-01
9.547242522239685059e-01
8.756725192070007324e-01
9.766846895217895508e-01
1.000184178352355957e+00
-9.899900000000000000e+04
9.908959865570068359e-01
9.724603295326232910e-01
9.790455698966979980e-01
-9.899900000000000000e+04
9.802080988883972168e-01
-9.899900000000000000e+04
9.894642829895019531e-01
1.017756700515747070e+00
