6.225892305374145508e-01
6.358127593994140625e-01
6.406359076499938965e-01
6.595162153244018555e-01
6.627352833747863770e-01
6.676552295684814453e-01
6.616687774658203125e-01
6.707251071929931641e-01
6.592803001403808594e-01
6.654602885246276855e-01
6.664795279502868652e-01
6.566753387451171875e-01
6.751718521118164062e-01
6.840402483940124512e-01
6.660924553871154785e-01
6.697694659233093262e-01
6.741776466369628906e-01
6.863613128662109375e-01
6.717842817306518555e-01
6.808509826660156250e-01
6.899451017379760742e-01
6.810644865036010742e-01
6.574354171752929688e-01
7.048239707946777344e-01
6.965461969375610352e-01
6.975893378257751465e-01
7.009305357933044434e-01
7.027965784072875977e-01
6.996704936027526855e-01
6.928951740264892578e-01
6.940954327583312988e-01
6.904504895210266113e-01
6.974868178367614746e-01
6.916258335113525391e-01
6.918588876724243164e-01
6.950627565383911133e-01
6.982492804527282715e-01
6.988722681999206543e-01
7.004839181900024414e-01
7.005625963211059570e-01
7.037588953971862793e-01
6.981589794158935547e-01
6.984742879867553711e-01
7.022345066070556641e-01
7.005231380462646484e-01
6.948611140251159668e-01
7.028697729110717773e-01
7.157588005065917969e-01
7.121991515159606934e-01
7.108973264694213867e-01
7.085465192794799805e-01
7.012590765953063965e-01
6.972531080245971680e-01
7.189715504646301270e-01
7.190980911254882812e-01
7.293248772621154785e-01
7.005816698074340820e-01
6.982394456863403320e-01
7.147982716560363770e-01
7.109565138816833496e-01
7.140571475028991699e-01
7.065060138702392578e-01
7.287318706512451172e-01
7.317575216293334961e-01
7.337111830711364746e-01
7.236087918281555176e-01
7.212224602699279785e-01
7.219355702400207520e-01
7.301616668701171875e-01
7.276637554168701172e-01
7.512969374656677246e-01
7.293102145195007324e-01
7.334644198417663574e-01
7.549811601638793945e-01
7.071433067321777344e-01
7.472845911979675293e-01
7.527060508728027344e-01
7.383179068565368652e-01
7.689583897590637207e-01
7.528471350669860840e-01
7.648961544036865234e-01
7.559188604354858398e-01
7.602816820144653320e-01
7.598946094512939453e-01
7.762145400047302246e-01
7.383441925048828125e-01
7.786665558815002441e-01
7.740049958229064941e-01
7.633893489837646484e-01
7.873339056968688965e-01
7.858363389968872070e-01
7.797204256057739258e-01
7.911264896392822266e-01
7.843495011329650879e-01
7.934497594833374023e-01
7.923080325126647949e-01
7.914320826530456543e-01
8.050626516342163086e-01
7.915303111076354980e-01
7.481084465980529785e-01
7.935226559638977051e-01
7.509707212448120117e-01
7.464805245399475098e-01
7.293223738670349121e-01
7.435364723205566406e-01
8.068779706954956055e-01
8.057407140731811523e-01
7.923952937126159668e-01
8.040660023689270020e-01
8.005439043045043945e-01
7.990126609802246094e-01
8.136150836944580078e-01
7.934468984603881836e-01
8.193645477294921875e-01
8.141874074935913086e-01
8.312988281250000000e-01
8.260372281074523926e-01
8.267959356307983398e-01
8.210877180099487305e-01
8.475267291069030762e-01
7.713872790336608887e-01
8.475075364112854004e-01
8.508477807044982910e-01
8.267372250556945801e-01
8.572753667831420898e-01
8.279985189437866211e-01
7.695968747138977051e-01
8.608531355857849121e-01
8.504673242568969727e-01
8.549082279205322266e-01
8.579105734825134277e-01
8.721852898597717285e-01
8.606814146041870117e-01
8.623566627502441406e-01
8.674422502517700195e-01
8.756586313247680664e-01
8.768547177314758301e-01
8.576965928077697754e-01
8.834517002105712891e-01
8.738789558410644531e-01
8.795541524887084961e-01
8.931260108947753906e-01
8.850100040435791016e-01
8.739256262779235840e-01
8.881812095642089844e-01
8.907876014709472656e-01
8.838615417480468750e-01
8.836432099342346191e-01
8.645488619804382324e-01
8.974905014038085938e-01
9.005932807922363281e-01
9.013451933860778809e-01
8.832738399505615234e-01
8.793301582336425781e-01
8.707472085952758789e-01
8.949487209320068359e-01
8.882461190223693848e-01
8.837686181068420410e-01
8.888391256332397461e-01
9.231334924697875977e-01
9.117366075515747070e-01
9.157435894012451172e-01
9.131144285202026367e-01
9.175639152526855469e-01
9.267067313194274902e-01
8.606601953506469727e-01
8.031240701675415039e-01
9.074881672859191895e-01
8.986932039260864258e-01
9.151775240898132324e-01
9.041102528572082520e-01
9.223288297653198242e-01
9.285074472427368164e-01
9.124324917793273926e-01
9.425216317176818848e-01
9.083216786384582520e-01
9.311742782592773438e-01
9.393161535263061523e-01
9.535862207412719727e-01
9.442033171653747559e-01
9.563706517219543457e-01
9.338515996932983398e-01
9.635049104690551758e-01
9.636864066123962402e-01
9.606992602348327637e-01
9.057739973068237305e-01
9.769052267074584961e-01
9.773036241531372070e-01
9.489034414291381836e-01
9.036535024642944336e-01
9.714609980583190918e-01
-9.899900000000000000e+04
8.860439062118530273e-01
-9.899900000000000000e+04
-9.899900000000000000e+04
9.628195166587829590e-01
9.409738779067993164e-01
9.803382158279418945e-01
-9.899900000000000000e+04
8.948956727981567383e-01
9.861472249031066895e-01
8.356931805610656738e-01
-9.899900000000000000e+04
9.664390087127685547e-01
8.746827244758605957e-01
9.847072362899780273e-01
-9.899900000000000000e+04
9.642197489738464355e-01
1.020912289619445801e+00
9.742841720581054688e-01
-9.899900000000000000e+04
8.681018352508544922e-01
-9.899900000000000000e+04
-9.899900000000000000e+04
-9.899900000000000000e+04
9.670800566673278809e-01
9.759269356727600098e-01
-9.899900000000000000e+04
8.864170908927917480e-01
-9.899900000000000000e+04
-9.899900000000000000e+04
-9.899900000000000000e+04
-9.899900000000000000e+04
8.732613325119018555e-01
-9.899900000000000000e+04
-9.899900000000000000e+04
-9.899900000000000000e+04
-9.899900000000000000e+04
-9.899900000000000000e+04
-9.899900000000000000e+04
-9.899900000000000000e+04
-9.899900000000000000e+04
-9.899900000000000000e+04
-9.899900000000000000e+04
8.999635577201843262e-01
-9.899900000000000000e+04
-9.899900000000000000e+04
9.808355569839477539e-01
-9.899900000000000000e+04
-9.899900000000000000e+04
-9.899900000000000000e+04
-9.899900000000000000e+04
-9.899900000000000000e+04
-9.899900000000000000e+04
-9.899900000000000000e+04
-9.899900000000000000e+04
-9.899900000000000000e+04
-9.899900000000000000e+04
-9.899900000000000000e+04
-9.899900000000000000e+04
-9.899900000000000000e+04
-9.899900000000000000e+04
-9.899900000000000000e+04
-9.899900000000000000e+04
-9.899900000000000000e+04
