6.291534900665283203e-01
6.257067918777465820e-01
6.407510042190551758e-01
6.632860302925109863e-01
6.458758711814880371e-01
6.639208197593688965e-01
6.548080444335937500e-01
6.678663492202758789e-01
6.592803001403808594e-01
6.793448328971862793e-01
6.641452312469482422e-01
6.803489923477172852e-01
6.676720976829528809e-01
6.711479425430297852e-01
6.672530174255371094e-01
6.726527810096740723e-01
6.755884289741516113e-01
6.691499948501586914e-01
6.643912196159362793e-01
6.844645142555236816e-01
6.876512169837951660e-01
6.802825331687927246e-01
6.848892569541931152e-01
6.878223419189453125e-01
6.882846951484680176e-01
6.998791694641113281e-01
7.028447985649108887e-01
6.890015006065368652e-01
7.000448703765869141e-01
6.935788989067077637e-01
6.872646808624267578e-01
6.954005360603332520e-01
6.940789222717285156e-01
6.944863796234130859e-01
6.941004991531372070e-01
6.955422163009643555e-01
7.045052051544189453e-01
6.952646374702453613e-01
7.011813521385192871e-01
7.092915177345275879e-01
7.116267681121826172e-01
7.138628363609313965e-01
7.140887379646301270e-01
6.994812488555908203e-01
7.001842856407165527e-01
7.046456933021545410e-01
7.078362703323364258e-01
7.199015617370605469e-01
7.140749096870422363e-01
6.954694986343383789e-01
7.184987664222717285e-01
7.053337097167968750e-01
7.242030501365661621e-01
7.165048122406005859e-01
7.099239230155944824e-01
7.186273336410522461e-01
7.080494761466979980e-01
7.136128544807434082e-01
7.253162860870361328e-01
7.293538451194763184e-01
7.293835282325744629e-01
7.347925901412963867e-01
7.284633517265319824e-01
7.300037145614624023e-01
7.330691814422607422e-01
7.258267402648925781e-01
7.332298159599304199e-01
7.287099957466125488e-01
7.412976026535034180e-01
7.196175456047058105e-01
7.379288077354431152e-01
7.153939008712768555e-01
7.383177280426025391e-01
7.575706839561462402e-01
7.531429529190063477e-01
7.397686839103698730e-01
7.633763551712036133e-01
7.220596671104431152e-01
7.555395960807800293e-01
7.316024303436279297e-01
7.571918368339538574e-01
7.568241357803344727e-01
7.656897306442260742e-01
7.731158733367919922e-01
7.569629549980163574e-01
7.685438394546508789e-01
7.633386254310607910e-01
7.854656577110290527e-01
7.735882401466369629e-01
7.734755277633666992e-01
7.910129427909851074e-01
7.615730762481689453e-01
7.713173627853393555e-01
7.633938193321228027e-01
7.907314896583557129e-01
7.901760935783386230e-01
7.964401841163635254e-01
7.892481088638305664e-01
7.941922545433044434e-01
7.859846949577331543e-01
7.985103130340576172e-01
7.789225578308105469e-01
7.898753285408020020e-01
8.083640336990356445e-01
8.088668584823608398e-01
8.039153218269348145e-01
7.886550426483154297e-01
7.966562509536743164e-01
8.018456101417541504e-01
7.553802132606506348e-01
7.890540957450866699e-01
8.005724549293518066e-01
8.203590512275695801e-01
8.015837669372558594e-01
8.001371622085571289e-01
8.174308538436889648e-01
8.020761013031005859e-01
8.347940444946289062e-01
8.387643694877624512e-01
8.503401279449462891e-01
8.287931084632873535e-01
8.430674076080322266e-01
8.575209975242614746e-01
8.621498942375183105e-01
8.533590435981750488e-01
8.514510393142700195e-01
8.689717650413513184e-01
8.518530130386352539e-01
8.616168498992919922e-01
8.602845668792724609e-01
8.637703061103820801e-01
8.582171201705932617e-01
8.416273593902587891e-01
8.693507313728332520e-01
8.754070997238159180e-01
8.761296272277832031e-01
8.697708249092102051e-01
8.758660554885864258e-01
8.634810447692871094e-01
8.731432557106018066e-01
8.524008393287658691e-01
8.877216577529907227e-01
8.928837776184082031e-01
8.683137893676757812e-01
8.725052475929260254e-01
8.796818256378173828e-01
8.840215802192687988e-01
8.979880213737487793e-01
8.664774894714355469e-01
8.688555955886840820e-01
8.919323682785034180e-01
8.837268352508544922e-01
8.954929709434509277e-01
9.016209244728088379e-01
8.830724954605102539e-01
9.151152968406677246e-01
9.052753448486328125e-01
9.137554168701171875e-01
9.179976582527160645e-01
8.769586086273193359e-01
8.913444876670837402e-01
8.282111883163452148e-01
9.070833921432495117e-01
9.238383173942565918e-01
8.844475150108337402e-01
9.255505800247192383e-01
9.049462676048278809e-01
9.170012474060058594e-01
7.830132842063903809e-01
9.286720752716064453e-01
9.442863464355468750e-01
9.190954566001892090e-01
9.138756990432739258e-01
9.324367046356201172e-01
9.258813261985778809e-01
8.334956169128417969e-01
9.440118074417114258e-01
9.466209411621093750e-01
9.466960430145263672e-01
9.242879152297973633e-01
9.272359013557434082e-01
9.447422027587890625e-01
7.952233552932739258e-01
8.205317258834838867e-01
9.332855939865112305e-01
9.299332499504089355e-01
9.473373889923095703e-01
8.493026494979858398e-01
9.542521238327026367e-01
9.661179780960083008e-01
9.369593262672424316e-01
9.805226325988769531e-01
9.478511810302734375e-01
9.799472689628601074e-01
9.699817299842834473e-01
9.719573855400085449e-01
9.760837554931640625e-01
8.366908431053161621e-01
9.737842082977294922e-01
9.358268380165100098e-01
1.016939520835876465e+00
9.369406104087829590e-01
9.773144721984863281e-01
9.866187572479248047e-01
-9.899900000000000000e+04
9.780667424201965332e-01
-9.899900000000000000e+04
-9.899900000000000000e+04
-9.899900000000000000e+04
-9.899900000000000000e+04
-9.899900000000000000e+04
-9.899900000000000000e+04
9.686310887336730957e-01
-9.899900000000000000e+04
-9.899900000000000000e+04
-9.899900000000000000e+04
9.853048920631408691e-01
-9.899900000000000000e+04
-9.899900000000000000e+04
-9.899900000000000000e+04
7.510060667991638184e-01
-9.899900000000000000e+04
5.228200554847717285e-01
-9.899900000000000000e+04
-9.899900000000000000e+04
-9.899900000000000000e+04
-9.899900000000000000e+04
-9.899900000000000000e+04
-9.899900000000000000e+04
-9.899900000000000000e+04
-9.899900000000000000e+04
-9.899900000000000000e+04
-9.899900000000000000e+04
-9.899900000000000000e+04
-9.899900000000000000e+04
-9.899900000000000000e+04
-9.899900000000000000e+04
-9.899900000000000000e+04
-9.899900000000000000e+04
-9.899900000000000000e+04
-9.899900000000000000e+04
-9.899900000000000000e+04
-9.899900000000000000e+04
-9.899900000000000000e+04
-9.899900000000000000e+04
-9.899900000000000000e+04
-9.899900000000000000e+04
-9.899900000000000000e+04
-9.899900000000000000e+04
-9.899900000000000000e+04
-9.899900000000000000e+04
-9.899900000000000000e+04
-9.899900000000000000e+04
-9.899900000000000000e+04
-9.899900000000000000e+04
-9.899900000000000000e+04
8.974043726921081543e-01
-9.899900000000000000e+04
-9.899900000000000000e+04
-9.899900000000000000e+04
-9.899900000000000000e+04
-9.899900000000000000e+04
-9.899900000000000000e+04
-9.899900000000000000e+04
-9.899900000000000000e+04
-9.899900000000000000e+04
-9.899900000000000000e+04
-9.899900000000000000e+04
-9.899900000000000000e+04
-9.899900000000000000e+04
-9.899900000000000000e+04
-9.899900000000000000e+04
-9.899900000000000000e+04
-9.899900000000000000e+04
-9.899900000000000000e+04
-9.899900000000000000e+04
-9.899900000000000000e+04
-9.899900000000000000e+04
-9.899900000000000000e+04
-9.899900000000000000e+04
-9.899900000000000000e+04
-9.899900000000000000e+04
-9.899900000000000000e+04
-9.899900000000000000e+04
-9.899900000000000000e+04
-9.899900000000000000e+04
-9.899900000000000000e+04
-9.899900000000000000e+04
-9.899900000000000000e+04
-9.899900000000000000e+04
-9.899900000000000000e+04
-9.899900000000000000e+04
-9.899900000000000000e+04
-9.899900000000000000e+04
-9.899900000000000000e+04
-9.899900000000000000e+04
-9.899900000000000000e+04
-9.899900000000000000e+04
-9.899900000000000000e+04
-9.899900000000000000e+04
-9.899900000000000000e+04
-9.899900000000000000e+04
-9.899900000000000000e+04
-9.899900000000000000e+04
-9.899900000000000000e+04
-9.899900000000000000e+04
-9.899900000000000000e+04
-9.899900000000000000e+04
-9.899900000000000000e+04
-9.899900000000000000e+04
-9.899900000000000000e+04
-9.899900000000000000e+04
-9.899900000000000000e+04
-9.899900000000000000e+04
-9.899900000000000000e+04
-9.899900000000000000e+04
-9.899900000000000000e+04
-9.899900000000000000e+04
-9.899900000000000000e+04
-9.899900000000000000e+04
-9.899900000000000000e+04
-9.899900000000000000e+04
-9.899900000000000000e+04
-9.899900000000000000e+04
-9.899900000000000000e+04
-9.899900000000000000e+04
-9.899900000000000000e+04
-9.899900000000000000e+04
-9.899900000000000000e+04
-9.899900000000000000e+04
-9.899900000000000000e+04
-9.899900000000000000e+04
-9.899900000000000000e+04
-9.899900000000000000e+04
-9.899900000000000000e+04
-9.899900000000000000e+04
-9.899900000000000000e+04
-9.899900000000000000e+04
-9.899900000000000000e+04
-9.899900000000000000e+04
-9.899900000000000000e+04
-9.899900000000000000e+04
-9.899900000000000000e+04
-9.899900000000000000e+04
-9.899900000000000000e+04
3.145858347415924072e-01
-9.899900000000000000e+04
-9.899900000000000000e+04
-9.899900000000000000e+04
-9.899900000000000000e+04
-9.899900000000000000e+04
-9.899900000000000000e+04
-9.899900000000000000e+04
-9.899900000000000000e+04
-9.899900000000000000e+04
-9.899900000000000000e+04
-9.899900000000000000e+04
-9.899900000000000000e+04
-9.899900000000000000e+04
-9.899900000000000000e+04
-9.899900000000000000e+04
-9.899900000000000000e+04
-9.899900000000000000e+04
-9.899900000000000000e+04
-9.899900000000000000e+04
