6.225892305374145508e-01
6.517849564552307129e-01
6.407510042190551758e-01
6.595162153244018555e-01
6.510597467422485352e-01
6.468650102615356445e-01
6.624276041984558105e-01
6.678663492202758789e-01
6.617048382759094238e-01
6.776518225669860840e-01
6.664795279502868652e-01
6.636283397674560547e-01
6.633976101875305176e-01
6.590739488601684570e-01
6.669101715087890625e-01
6.724083423614501953e-01
6.687352061271667480e-01
6.668570041656494141e-01
6.693843007087707520e-01
6.924183964729309082e-01
6.771090030670166016e-01
6.750268340110778809e-01
6.763271093368530273e-01
6.934555768966674805e-01
6.971731781959533691e-01
6.888324022293090820e-01
7.027961015701293945e-01
6.993896961212158203e-01
6.877900362014770508e-01
6.945591568946838379e-01
6.870552301406860352e-01
7.121903896331787109e-01
6.903439164161682129e-01
6.951933503150939941e-01
6.875000596046447754e-01
7.016981244087219238e-01
6.957601904869079590e-01
7.049526572227478027e-01
7.068926692008972168e-01
7.087800502777099609e-01
7.004706263542175293e-01
7.091358900070190430e-01
7.142788767814636230e-01
6.931282877922058105e-01
7.095600366592407227e-01
6.853094100952148438e-01
7.158942222595214844e-01
6.981811523437500000e-01
7.146359682083129883e-01
7.080507278442382812e-01
6.984227299690246582e-01
6.975839138031005859e-01
7.028076052665710449e-01
7.006773948669433594e-01
7.087854743003845215e-01
7.186561226844787598e-01
7.203183770179748535e-01
7.071060538291931152e-01
7.083385586738586426e-01
7.290378212928771973e-01
7.182554602622985840e-01
7.257773876190185547e-01
7.294247150421142578e-01
7.287718653678894043e-01
7.213757634162902832e-01
7.285242080688476562e-01
7.373752593994140625e-01
7.179983258247375488e-01
7.267628312110900879e-01
7.347335815429687500e-01
7.468658685684204102e-01
7.460840344429016113e-01
7.305419445037841797e-01
7.518173456192016602e-01
7.572200894355773926e-01
7.266840934753417969e-01
7.388371825218200684e-01
7.230949997901916504e-01
7.427077293395996094e-01
7.430593371391296387e-01
7.506999373435974121e-01
7.576313018798828125e-01
7.713239192962646484e-01
7.622874379158020020e-01
7.636011242866516113e-01
7.620872855186462402e-01
7.605751156806945801e-01
7.843858599662780762e-01
7.662853598594665527e-01
7.781348824501037598e-01
7.763741612434387207e-01
7.762143611907958984e-01
7.933920025825500488e-01
7.755471467971801758e-01
7.520012855529785156e-01
7.490370869636535645e-01
7.901391983032226562e-01
7.930324077606201172e-01
7.954295277595520020e-01
7.895410656929016113e-01
7.902755737304687500e-01
8.120684623718261719e-01
7.696003913879394531e-01
7.771946191787719727e-01
8.108143806457519531e-01
7.958028912544250488e-01
8.009833693504333496e-01
8.130590319633483887e-01
8.012474775314331055e-01
8.004931211471557617e-01
8.151013255119323730e-01
7.978543043136596680e-01
8.060052990913391113e-01
7.989296913146972656e-01
8.256672024726867676e-01
7.762887477874755859e-01
8.221750259399414062e-01
8.224788308143615723e-01
8.442467451095581055e-01
8.207657933235168457e-01
7.598694562911987305e-01
8.496331572532653809e-01
8.362414240837097168e-01
8.597487211227416992e-01
8.577865958213806152e-01
8.610945343971252441e-01
8.572493195533752441e-01
8.418799638748168945e-01
8.653016686439514160e-01
8.508486151695251465e-01
8.759869337081909180e-01
8.566296696662902832e-01
8.593420982360839844e-01
8.670163750648498535e-01
8.896604776382446289e-01
8.561512231826782227e-01
8.692603707313537598e-01
8.703774213790893555e-01
8.754457831382751465e-01
8.172847032546997070e-01
8.501533269882202148e-01
8.435472249984741211e-01
8.846278786659240723e-01
8.827025294303894043e-01
7.774199247360229492e-01
8.873336911201477051e-01
8.521749973297119141e-01
8.953849077224731445e-01
8.916028738021850586e-01
8.871124386787414551e-01
9.109358787536621094e-01
8.697696924209594727e-01
8.794012069702148438e-01
8.852743506431579590e-01
8.957139849662780762e-01
9.062651991844177246e-01
8.953653573989868164e-01
9.095945954322814941e-01
8.939119577407836914e-01
9.005109071731567383e-01
9.126195907592773438e-01
9.086893200874328613e-01
8.986952304840087891e-01
9.106585383415222168e-01
9.254212975502014160e-01
9.195758700370788574e-01
9.265692830085754395e-01
9.245695471763610840e-01
8.976923227310180664e-01
9.205873608589172363e-01
8.888494968414306641e-01
9.299926161766052246e-01
9.293414354324340820e-01
9.412308931350708008e-01
9.123826622962951660e-01
9.022874236106872559e-01
9.398837089538574219e-01
9.155779480934143066e-01
8.785529732704162598e-01
9.313695430755615234e-01
8.921075463294982910e-01
9.254108071327209473e-01
9.498091936111450195e-01
9.339957833290100098e-01
9.367533922195434570e-01
9.425308108329772949e-01
9.542040228843688965e-01
9.615728259086608887e-01
9.742953181266784668e-01
9.723560214042663574e-01
8.013800978660583496e-01
9.250855445861816406e-01
9.495566487312316895e-01
9.331300854682922363e-01
9.846451282501220703e-01
9.920189380645751953e-01
9.493042230606079102e-01
9.307857751846313477e-01
9.811700582504272461e-01
9.798493981361389160e-01
9.699568748474121094e-01
9.687008261680603027e-01
9.707130193710327148e-01
9.959452152252197266e-01
9.913341999053955078e-01
1.004553675651550293e+00
-9.899900000000000000e+04
8.772355914115905762e-01
