6.225892305374145508e-01
6.517849564552307129e-01
6.402796506881713867e-01
6.606395840644836426e-01
6.467798352241516113e-01
6.521380543708801270e-01
6.616687774658203125e-01
6.678663492202758789e-01
6.596282720565795898e-01
6.793448328971862793e-01
6.664795279502868652e-01
6.636283397674560547e-01
6.676720976829528809e-01
6.533682942390441895e-01
6.657516956329345703e-01
6.734188199043273926e-01
6.766312718391418457e-01
6.863613128662109375e-01
6.627379059791564941e-01
6.862480640411376953e-01
6.876512169837951660e-01
6.750268340110778809e-01
6.755794286727905273e-01
6.880162358283996582e-01
7.060412764549255371e-01
6.890242099761962891e-01
7.026354074478149414e-01
6.781988143920898438e-01
6.877900362014770508e-01
6.945591568946838379e-01
6.870552301406860352e-01
6.917779445648193359e-01
6.967749595642089844e-01
6.984742283821105957e-01
6.958616971969604492e-01
6.968235373497009277e-01
6.955317258834838867e-01
6.985845565795898438e-01
7.095757722854614258e-01
7.087587118148803711e-01
7.083363533020019531e-01
6.959177255630493164e-01
7.103019356727600098e-01
7.021391987800598145e-01
6.983032226562500000e-01
7.012581825256347656e-01
6.937935948371887207e-01
6.965305209159851074e-01
7.151274681091308594e-01
7.213691473007202148e-01
7.158745527267456055e-01
7.123839855194091797e-01
6.996483802795410156e-01
6.990801095962524414e-01
7.072096467018127441e-01
7.214139103889465332e-01
7.093841433525085449e-01
6.969573497772216797e-01
7.260173559188842773e-01
7.300385236740112305e-01
7.101796269416809082e-01
7.239078283309936523e-01
7.340177893638610840e-01
7.192531824111938477e-01
7.314199209213256836e-01
7.176089286804199219e-01
7.334158420562744141e-01
7.270851135253906250e-01
7.243575453758239746e-01
7.374089360237121582e-01
7.444227933883666992e-01
7.308163046836853027e-01
7.299572825431823730e-01
7.089368104934692383e-01
7.372825145721435547e-01
7.333477139472961426e-01
7.453892230987548828e-01
7.521772980690002441e-01
7.363294959068298340e-01
7.244097590446472168e-01
7.617680430412292480e-01
7.550840973854064941e-01
7.626017928123474121e-01
7.747570276260375977e-01
7.661030292510986328e-01
7.718399763107299805e-01
7.767329216003417969e-01
7.599123716354370117e-01
7.770105600357055664e-01
7.779417634010314941e-01
7.646208405494689941e-01
7.438716888427734375e-01
7.832898497581481934e-01
7.892769575119018555e-01
7.594460248947143555e-01
7.858323454856872559e-01
7.964754700660705566e-01
7.882609963417053223e-01
7.802577614784240723e-01
7.846195697784423828e-01
7.812184095382690430e-01
7.725000977516174316e-01
7.739005684852600098e-01
8.053494095802307129e-01
7.612699270248413086e-01
7.975780367851257324e-01
7.809540629386901855e-01
8.056127429008483887e-01
8.189059495925903320e-01
8.142158389091491699e-01
8.141209483146667480e-01
8.169794678688049316e-01
7.977142930030822754e-01
8.149065971374511719e-01
8.033391237258911133e-01
8.439293503761291504e-01
8.406757116317749023e-01
8.233334422111511230e-01
8.367180228233337402e-01
8.276317119598388672e-01
8.142656087875366211e-01
8.449307084083557129e-01
8.565713763236999512e-01
8.543970584869384766e-01
8.596814870834350586e-01
8.520086407661437988e-01
8.621377944946289062e-01
8.546281456947326660e-01
8.595825433731079102e-01
8.608816266059875488e-01
7.783107161521911621e-01
8.600599765777587891e-01
8.618156313896179199e-01
8.874484896659851074e-01
8.688898682594299316e-01
8.730232119560241699e-01
8.722925186157226562e-01
8.656149506568908691e-01
8.831030130386352539e-01
8.867431282997131348e-01
8.776488304138183594e-01
8.773058056831359863e-01
8.822596669197082520e-01
8.705724477767944336e-01
8.835114836692810059e-01
8.980451822280883789e-01
8.882190585136413574e-01
8.934791684150695801e-01
8.848471641540527344e-01
8.889148831367492676e-01
8.923621773719787598e-01
8.783675432205200195e-01
9.061220288276672363e-01
9.049707055091857910e-01
8.915549516677856445e-01
8.978033661842346191e-01
8.996792435646057129e-01
8.867503404617309570e-01
8.163508772850036621e-01
8.899325728416442871e-01
8.912386894226074219e-01
8.927972316741943359e-01
9.154943823814392090e-01
8.505964875221252441e-01
9.216931462287902832e-01
8.837104439735412598e-01
8.462013602256774902e-01
8.943019509315490723e-01
9.200589656829833984e-01
9.291808605194091797e-01
9.281826615333557129e-01
9.212160110473632812e-01
9.133878350257873535e-01
9.440740346908569336e-01
9.324560761451721191e-01
9.438211917877197266e-01
9.393916726112365723e-01
9.615522623062133789e-01
9.555900096893310547e-01
9.323126077651977539e-01
9.518056511878967285e-01
8.303573727607727051e-01
9.475581049919128418e-01
9.536234140396118164e-01
9.472072720527648926e-01
9.563916325569152832e-01
9.523111581802368164e-01
8.566661477088928223e-01
9.665032625198364258e-01
9.703521728515625000e-01
9.709661602973937988e-01
9.484123587608337402e-01
9.732161164283752441e-01
9.730486869812011719e-01
9.756512641906738281e-01
9.720405340194702148e-01
9.789424538612365723e-01
9.804991483688354492e-01
8.333331346511840820e-01
9.837524890899658203e-01
8.101891875267028809e-01
-9.899900000000000000e+04
9.758644700050354004e-01
-9.899900000000000000e+04
9.893379807472229004e-01
1.004370570182800293e+00
9.832207560539245605e-01
9.273387193679809570e-01
9.743108749389648438e-01
1.012023925781250000e+00
-9.899900000000000000e+04
-9.899900000000000000e+04
9.995055794715881348e-01
7.887138128280639648e-01
9.443617463111877441e-01
9.654701948165893555e-01
-9.899900000000000000e+04
-9.899900000000000000e+04
-9.899900000000000000e+04
-9.899900000000000000e+04
-9.899900000000000000e+04
-9.899900000000000000e+04
-9.899900000000000000e+04
-9.899900000000000000e+04
-9.899900000000000000e+04
-9.899900000000000000e+04
-9.899900000000000000e+04
-9.899900000000000000e+04
-9.899900000000000000e+04
-9.899900000000000000e+04
