6.461329460144042969e-01
6.358127593994140625e-01
6.562239527702331543e-01
6.632860302925109863e-01
6.476992368698120117e-01
6.472339630126953125e-01
6.616687774658203125e-01
6.678663492202758789e-01
6.734914183616638184e-01
6.654602885246276855e-01
6.639269590377807617e-01
6.637942790985107422e-01
6.697334647178649902e-01
6.711479425430297852e-01
6.631523966789245605e-01
6.814933419227600098e-01
6.809154748916625977e-01
6.668570041656494141e-01
6.697809100151062012e-01
6.926084160804748535e-01
6.811931729316711426e-01
6.825303435325622559e-01
6.758878827095031738e-01
7.045492529869079590e-01
6.923391222953796387e-01
7.015670537948608398e-01
6.943253278732299805e-01
6.922407150268554688e-01
6.868521571159362793e-01
6.945591568946838379e-01
6.917235255241394043e-01
7.025762796401977539e-01
7.045224905014038086e-01
6.996866464614868164e-01
6.920434832572937012e-01
6.957734823226928711e-01
6.935344338417053223e-01
6.951841711997985840e-01
7.053397297859191895e-01
7.046298980712890625e-01
7.065399885177612305e-01
7.121187448501586914e-01
7.048807144165039062e-01
6.972997188568115234e-01
7.084326744079589844e-01
7.073675394058227539e-01
6.847494840621948242e-01
7.148315310478210449e-01
7.088515758514404297e-01
7.075409293174743652e-01
7.111708521842956543e-01
7.159275412559509277e-01
6.971367001533508301e-01
7.243992686271667480e-01
7.065972089767456055e-01
7.198240756988525391e-01
6.844848990440368652e-01
6.930825710296630859e-01
7.248250246047973633e-01
7.235117554664611816e-01
7.210088968276977539e-01
7.226195931434631348e-01
7.252615094184875488e-01
7.193372249603271484e-01
7.358756065368652344e-01
7.255052924156188965e-01
7.381988763809204102e-01
7.240379452705383301e-01
7.081049680709838867e-01
7.409123778343200684e-01
7.247246503829956055e-01
7.283760309219360352e-01
7.230867147445678711e-01
7.517712712287902832e-01
7.267063856124877930e-01
7.410781979560852051e-01
7.049229145050048828e-01
7.516825795173645020e-01
7.636552453041076660e-01
7.195388078689575195e-01
7.480184435844421387e-01
7.435650229454040527e-01
7.690668106079101562e-01
7.578198909759521484e-01
7.701764702796936035e-01
7.746242284774780273e-01
7.841300964355468750e-01
7.828853726387023926e-01
7.671355009078979492e-01
7.705355882644653320e-01
7.494477033615112305e-01
7.784950137138366699e-01
7.984608411788940430e-01
7.968444824218750000e-01
7.800705432891845703e-01
7.974115014076232910e-01
7.473708987236022949e-01
8.036764264106750488e-01
7.706077098846435547e-01
7.820111513137817383e-01
7.747995853424072266e-01
7.900595664978027344e-01
7.670181989669799805e-01
7.741690278053283691e-01
8.062654137611389160e-01
8.112365603446960449e-01
7.886564731597900391e-01
7.728618979454040527e-01
7.953445315361022949e-01
7.753598093986511230e-01
8.078726530075073242e-01
8.093368411064147949e-01
8.203848004341125488e-01
7.977192997932434082e-01
8.082352280616760254e-01
8.197478652000427246e-01
8.276457190513610840e-01
8.143916130065917969e-01
8.162786364555358887e-01
8.492631316184997559e-01
8.235221505165100098e-01
8.285507559776306152e-01
8.434448838233947754e-01
8.454887270927429199e-01
8.449770808219909668e-01
8.551556468009948730e-01
8.571450710296630859e-01
8.715785145759582520e-01
8.561968207359313965e-01
8.516581654548645020e-01
7.714633941650390625e-01
8.362564444541931152e-01
8.658242821693420410e-01
8.843190670013427734e-01
8.661996126174926758e-01
8.797256946563720703e-01
8.798238039016723633e-01
8.851736187934875488e-01
8.584726452827453613e-01
8.889388442039489746e-01
8.857375383377075195e-01
8.907061815261840820e-01
8.665281534194946289e-01
9.006494879722595215e-01
8.927785754203796387e-01
8.686796426773071289e-01
8.830577135086059570e-01
8.928075432777404785e-01
8.866125941276550293e-01
9.062537550926208496e-01
8.984090685844421387e-01
9.031704664230346680e-01
9.011909365653991699e-01
9.111977219581604004e-01
8.989485502243041992e-01
8.841330409049987793e-01
9.041131734848022461e-01
9.074629545211791992e-01
9.108583927154541016e-01
9.184629321098327637e-01
9.270077347755432129e-01
8.915969133377075195e-01
9.145782589912414551e-01
8.538766503334045410e-01
9.055142998695373535e-01
9.233676195144653320e-01
9.339168667793273926e-01
8.592943549156188965e-01
8.954818844795227051e-01
8.808353543281555176e-01
9.166538119316101074e-01
9.202353954315185547e-01
9.289467334747314453e-01
9.469029307365417480e-01
8.822472095489501953e-01
9.310514926910400391e-01
9.425287842750549316e-01
8.994272947311401367e-01
9.406061768531799316e-01
9.257419705390930176e-01
8.058768510818481445e-01
9.670357108116149902e-01
9.384912252426147461e-01
9.527616500854492188e-01
9.571839570999145508e-01
9.592586159706115723e-01
9.503632783889770508e-01
9.166762828826904297e-01
9.386931657791137695e-01
9.415367245674133301e-01
9.950758218765258789e-01
9.427583217620849609e-01
9.701848626136779785e-01
9.637273550033569336e-01
9.647758007049560547e-01
-9.899900000000000000e+04
9.893207550048828125e-01
9.513800144195556641e-01
8.849206566810607910e-01
9.961201548576354980e-01
9.225381612777709961e-01
9.799963831901550293e-01
9.788366556167602539e-01
9.742649793624877930e-01
-9.899900000000000000e+04
9.869193434715270996e-01
1.021142005920410156e+00
9.725578427314758301e-01
9.734261035919189453e-01
-9.899900000000000000e+04
8.806333541870117188e-01
-9.899900000000000000e+04
9.607519507408142090e-01
-9.899900000000000000e+04
-9.899900000000000000e+04
8.988912701606750488e-01
9.566521644592285156e-01
9.469748735427856445e-01
-9.899900000000000000e+04
8.245182633399963379e-01
-9.899900000000000000e+04
-9.899900000000000000e+04
-9.899900000000000000e+04
-9.899900000000000000e+04
-9.899900000000000000e+04
-9.899900000000000000e+04
-9.899900000000000000e+04
-9.899900000000000000e+04
-9.899900000000000000e+04
8.615213632583618164e-01
-9.899900000000000000e+04
-9.899900000000000000e+04
-9.899900000000000000e+04
-9.899900000000000000e+04
-9.899900000000000000e+04
-9.899900000000000000e+04
-9.899900000000000000e+04
-9.899900000000000000e+04
-9.899900000000000000e+04
-9.899900000000000000e+04
-9.899900000000000000e+04
9.146517515182495117e-01
-9.899900000000000000e+04
-9.899900000000000000e+04
-9.899900000000000000e+04
-9.899900000000000000e+04
-9.899900000000000000e+04
-9.899900000000000000e+04
-9.899900000000000000e+04
-9.899900000000000000e+04
-9.899900000000000000e+04
-9.899900000000000000e+04
-9.899900000000000000e+04
-9.899900000000000000e+04
7.261329293251037598e-01
-9.899900000000000000e+04
-9.899900000000000000e+04
-9.899900000000000000e+04
-9.899900000000000000e+04
-9.899900000000000000e+04
-9.899900000000000000e+04
-9.899900000000000000e+04
9.771950840950012207e-01
9.509558081626892090e-01
-9.899900000000000000e+04
-9.899900000000000000e+04
-9.899900000000000000e+04
-9.899900000000000000e+04
-9.899900000000000000e+04
-9.899900000000000000e+04
-9.899900000000000000e+04
-9.899900000000000000e+04
-9.899900000000000000e+04
-9.899900000000000000e+04
-9.899900000000000000e+04
-9.899900000000000000e+04
-9.899900000000000000e+04
-9.899900000000000000e+04
-9.899900000000000000e+04
