6.291534900665283203e-01
6.517849564552307129e-01
6.388311982154846191e-01
6.632860302925109863e-01
6.467798352241516113e-01
6.525678634643554688e-01
6.603446006774902344e-01
6.678663492202758789e-01
6.592803001403808594e-01
6.654602885246276855e-01
6.641452312469482422e-01
6.803489923477172852e-01
6.676720976829528809e-01
6.722197532653808594e-01
6.822105050086975098e-01
6.849688887596130371e-01
6.825008392333984375e-01
6.876502633094787598e-01
6.895180940628051758e-01
6.862480640411376953e-01
6.812440752983093262e-01
6.516663432121276855e-01
6.850000619888305664e-01
6.880162358283996582e-01
6.979516148567199707e-01
6.886332631111145020e-01
6.914618611335754395e-01
6.931471824645996094e-01
6.851676702499389648e-01
6.954091787338256836e-01
6.927626132965087891e-01
7.047562003135681152e-01
7.043594121932983398e-01
6.904677748680114746e-01
6.923674345016479492e-01
6.923815608024597168e-01
6.960754394531250000e-01
7.049526572227478027e-01
7.051445245742797852e-01
7.162795066833496094e-01
7.077451348304748535e-01
7.034701108932495117e-01
7.121659517288208008e-01
7.094638347625732422e-01
6.959289312362670898e-01
7.085409760475158691e-01
7.118402719497680664e-01
7.141919136047363281e-01
7.099983692169189453e-01
7.094280123710632324e-01
6.948121786117553711e-01
7.234478592872619629e-01
7.106844186782836914e-01
6.926088333129882812e-01
7.117989659309387207e-01
6.988149881362915039e-01
7.079764008522033691e-01
7.221366763114929199e-01
7.259078025817871094e-01
7.143067717552185059e-01
7.219944000244140625e-01
7.165283560752868652e-01
7.318345904350280762e-01
7.314826250076293945e-01
7.282975316047668457e-01
7.362696528434753418e-01
7.218575477600097656e-01
7.359025478363037109e-01
7.293739318847656250e-01
7.271634936332702637e-01
7.406410574913024902e-01
7.227899432182312012e-01
7.228217720985412598e-01
7.475669384002685547e-01
7.715769410133361816e-01
7.224920392036437988e-01
7.559046149253845215e-01
7.598222494125366211e-01
7.299323678016662598e-01
7.616087794303894043e-01
7.432763576507568359e-01
7.385088205337524414e-01
7.609646320343017578e-01
7.732717394828796387e-01
7.760466337203979492e-01
7.756272554397583008e-01
7.745308279991149902e-01
7.901171445846557617e-01
7.666002511978149414e-01
7.527638077735900879e-01
7.923306822776794434e-01
7.766123414039611816e-01
7.940073609352111816e-01
7.602960467338562012e-01
7.863970398902893066e-01
7.817651629447937012e-01
7.970373630523681641e-01
7.903932929039001465e-01
7.884282469749450684e-01
7.569573521614074707e-01
7.991415858268737793e-01
7.772214412689208984e-01
7.667236924171447754e-01
8.052406311035156250e-01
7.840511202812194824e-01
8.056758642196655273e-01
7.931506633758544922e-01
8.044174313545227051e-01
8.107898831367492676e-01
7.958827018737792969e-01
7.961342930793762207e-01
8.186637163162231445e-01
7.957861423492431641e-01
8.085994720458984375e-01
7.901291847229003906e-01
8.238124847412109375e-01
8.215335011482238770e-01
8.083485960960388184e-01
8.261263370513916016e-01
8.218207359313964844e-01
8.458344936370849609e-01
8.489607572555541992e-01
8.215431571006774902e-01
8.174759745597839355e-01
8.429128527641296387e-01
8.615094423294067383e-01
8.479449152946472168e-01
8.747988343238830566e-01
8.576493263244628906e-01
8.650738596916198730e-01
8.630035519599914551e-01
8.698673248291015625e-01
8.605108857154846191e-01
8.630810976028442383e-01
8.714643120765686035e-01
8.529956936836242676e-01
8.766897320747375488e-01
8.293472528457641602e-01
8.656823635101318359e-01
8.666980862617492676e-01
8.776143193244934082e-01
8.878429532051086426e-01
8.839851021766662598e-01
8.778914213180541992e-01
8.840446472167968750e-01
9.061661958694458008e-01
8.946667909622192383e-01
9.004594683647155762e-01
8.808767199516296387e-01
8.810579180717468262e-01
8.933234214782714844e-01
8.949418067932128906e-01
8.933411240577697754e-01
8.814382553100585938e-01
8.789768218994140625e-01
8.859849572181701660e-01
8.808428645133972168e-01
9.082197546958923340e-01
9.246337413787841797e-01
9.013441801071166992e-01
9.092180132865905762e-01
9.173011183738708496e-01
9.181643724441528320e-01
9.001706242561340332e-01
9.206680655479431152e-01
9.200838804244995117e-01
9.242092370986938477e-01
8.938654065132141113e-01
9.037922620773315430e-01
8.922211527824401855e-01
9.329481124877929688e-01
8.308156728744506836e-01
9.274504184722900391e-01
9.321080446243286133e-01
9.452216625213623047e-01
9.384132623672485352e-01
9.011157751083374023e-01
9.286006689071655273e-01
9.604832530021667480e-01
9.467064738273620605e-01
9.617238044738769531e-01
9.287015795707702637e-01
9.574081897735595703e-01
9.637583494186401367e-01
9.591583013534545898e-01
9.401832222938537598e-01
9.727170467376708984e-01
9.200078248977661133e-01
8.462713360786437988e-01
9.738430380821228027e-01
9.724330306053161621e-01
8.180374503135681152e-01
9.591150879859924316e-01
9.673761725425720215e-01
9.716175198554992676e-01
9.667156338691711426e-01
9.508147835731506348e-01
9.748820662498474121e-01
-9.899900000000000000e+04
9.850369691848754883e-01
9.709070324897766113e-01
-9.899900000000000000e+04
