6.309524774551391602e-01
6.358127593994140625e-01
6.406359076499938965e-01
6.632860302925109863e-01
6.455930471420288086e-01
6.458131670951843262e-01
6.616687774658203125e-01
6.678663492202758789e-01
6.592803001403808594e-01
6.673698425292968750e-01
6.664795279502868652e-01
6.636283397674560547e-01
6.541976332664489746e-01
6.840402483940124512e-01
6.839462518692016602e-01
6.849688887596130371e-01
6.809154748916625977e-01
6.658515334129333496e-01
6.717495918273925781e-01
6.843210458755493164e-01
6.946128010749816895e-01
6.895257830619812012e-01
6.810171008110046387e-01
6.874404549598693848e-01
6.966059207916259766e-01
6.913400888442993164e-01
6.902933120727539062e-01
6.919270753860473633e-01
6.881571412086486816e-01
6.890816688537597656e-01
6.675934195518493652e-01
6.954005360603332520e-01
6.906057596206665039e-01
6.892899870872497559e-01
6.853394508361816406e-01
7.030688524246215820e-01
7.000192999839782715e-01
6.964154839515686035e-01
7.072203159332275391e-01
7.082552313804626465e-01
7.083660364151000977e-01
6.902349591255187988e-01
6.972609162330627441e-01
6.958559155464172363e-01
7.028996348381042480e-01
7.009472846984863281e-01
6.936103701591491699e-01
7.145689129829406738e-01
7.087683081626892090e-01
6.857630014419555664e-01
7.035906314849853516e-01
6.987595558166503906e-01
7.019343376159667969e-01
7.075924873352050781e-01
7.075939774513244629e-01
7.185512185096740723e-01
7.005617022514343262e-01
7.105789184570312500e-01
7.054405212402343750e-01
7.015814781188964844e-01
7.265481352806091309e-01
7.331677675247192383e-01
7.139306068420410156e-01
7.290096879005432129e-01
7.223808765411376953e-01
7.211631536483764648e-01
7.224744558334350586e-01
7.251191139221191406e-01
7.386340498924255371e-01
7.258920669555664062e-01
7.297085523605346680e-01
7.421311736106872559e-01
7.297391295433044434e-01
7.516147494316101074e-01
7.525840401649475098e-01
7.555232644081115723e-01
7.651571631431579590e-01
7.386744618415832520e-01
7.658404707908630371e-01
7.592803835868835449e-01
7.304587960243225098e-01
7.503955364227294922e-01
7.566324472427368164e-01
7.300056815147399902e-01
7.747942805290222168e-01
7.729717493057250977e-01
7.739299535751342773e-01
7.550784349441528320e-01
7.832267880439758301e-01
7.806520462036132812e-01
7.908400893211364746e-01
7.216399312019348145e-01
7.914292812347412109e-01
7.676513195037841797e-01
7.857006192207336426e-01
7.494942545890808105e-01
7.896889448165893555e-01
7.523264288902282715e-01
7.824615836143493652e-01
7.840775251388549805e-01
7.772843241691589355e-01
7.879927754402160645e-01
7.977795004844665527e-01
7.544621825218200684e-01
7.809928059577941895e-01
8.055899143218994141e-01
7.999742031097412109e-01
7.875922322273254395e-01
8.064830303192138672e-01
8.089988231658935547e-01
8.093017339706420898e-01
8.062606453895568848e-01
8.241404294967651367e-01
8.015223741531372070e-01
8.273218870162963867e-01
8.229181766510009766e-01
8.309670686721801758e-01
8.055729269981384277e-01
8.338918685913085938e-01
8.297209143638610840e-01
8.552409410476684570e-01
8.464138507843017578e-01
8.214845061302185059e-01
8.498050570487976074e-01
8.625739216804504395e-01
8.004041314125061035e-01
8.551171422004699707e-01
8.530635237693786621e-01
8.474398851394653320e-01
8.623613715171813965e-01
8.584039211273193359e-01
8.598909378051757812e-01
8.326991200447082520e-01
8.642758131027221680e-01
8.667420744895935059e-01
8.538144230842590332e-01
8.759497404098510742e-01
8.470811843872070312e-01
8.765598535537719727e-01
8.269519805908203125e-01
8.788859844207763672e-01
8.835501074790954590e-01
8.934360146522521973e-01
8.935545682907104492e-01
8.759226202964782715e-01
8.776788711547851562e-01
8.927204012870788574e-01
8.868246078491210938e-01
8.870467543601989746e-01
8.859685063362121582e-01
9.001163244247436523e-01
8.867088556289672852e-01
8.715747594833374023e-01
8.596469759941101074e-01
8.754748702049255371e-01
8.882073163986206055e-01
8.742014765739440918e-01
9.100924134254455566e-01
9.158754944801330566e-01
9.102967381477355957e-01
9.000701308250427246e-01
8.922578692436218262e-01
8.684067130088806152e-01
9.194985032081604004e-01
8.803294897079467773e-01
8.176026344299316406e-01
9.213917851448059082e-01
9.213159680366516113e-01
9.029859900474548340e-01
8.958981633186340332e-01
9.016579389572143555e-01
9.104883074760437012e-01
9.330973625183105469e-01
9.527764320373535156e-01
9.558573961257934570e-01
9.327586293220520020e-01
9.280398488044738770e-01
9.323838353157043457e-01
9.349797964096069336e-01
9.317333102226257324e-01
9.425503015518188477e-01
9.430409669876098633e-01
7.483767271041870117e-01
9.634599685668945312e-01
8.109549880027770996e-01
9.586382508277893066e-01
9.688718914985656738e-01
9.691643118858337402e-01
9.671006798744201660e-01
9.585232138633728027e-01
9.251987934112548828e-01
9.786705374717712402e-01
9.774183630943298340e-01
9.417358636856079102e-01
9.802284836769104004e-01
9.539281725883483887e-01
9.494004845619201660e-01
9.505313634872436523e-01
9.862649440765380859e-01
9.579330682754516602e-01
8.816242218017578125e-01
