6.291534900665283203e-01
6.358127593994140625e-01
6.412144899368286133e-01
6.606395840644836426e-01
6.627352833747863770e-01
6.521380543708801270e-01
6.616687774658203125e-01
6.678663492202758789e-01
6.592803001403808594e-01
6.654602885246276855e-01
6.584692001342773438e-01
6.596245169639587402e-01
6.817724108695983887e-01
6.772983670234680176e-01
6.813262104988098145e-01
6.849688887596130371e-01
6.755480766296386719e-01
6.710654497146606445e-01
6.753183007240295410e-01
6.843210458755493164e-01
6.899451017379760742e-01
6.802825331687927246e-01
6.510673165321350098e-01
6.934551596641540527e-01
6.927260756492614746e-01
6.989215016365051270e-01
6.898307204246520996e-01
6.996856331825256348e-01
7.000590562820434570e-01
7.024404406547546387e-01
6.909177303314208984e-01
7.013561129570007324e-01
7.017874121665954590e-01
6.944863796234130859e-01
6.992788314819335938e-01
7.031911611557006836e-01
6.957601904869079590e-01
7.037948369979858398e-01
6.974841356277465820e-01
7.107880115509033203e-01
6.980664730072021484e-01
7.108331322669982910e-01
6.993551254272460938e-01
7.102161645889282227e-01
6.974158287048339844e-01
6.955863237380981445e-01
7.096342444419860840e-01
7.106482386589050293e-01
7.066606283187866211e-01
6.943674683570861816e-01
7.061551213264465332e-01
7.140213847160339355e-01
7.020257711410522461e-01
7.064058184623718262e-01
7.188720107078552246e-01
7.211021184921264648e-01
7.223888635635375977e-01
7.237578630447387695e-01
7.088593840599060059e-01
7.134585380554199219e-01
7.272295355796813965e-01
7.034563422203063965e-01
7.263689041137695312e-01
7.328120470046997070e-01
7.014446258544921875e-01
7.374535202980041504e-01
7.285841703414916992e-01
7.342045307159423828e-01
7.270873785018920898e-01
7.108412384986877441e-01
7.421908378601074219e-01
7.408270239830017090e-01
7.347202897071838379e-01
7.579635977745056152e-01
7.379595041275024414e-01
7.594612836837768555e-01
7.522369027137756348e-01
7.593408226966857910e-01
7.434880137443542480e-01
7.496149539947509766e-01
7.445039749145507812e-01
7.722713351249694824e-01
7.387049198150634766e-01
7.406067848205566406e-01
7.742125988006591797e-01
7.609180808067321777e-01
7.560443878173828125e-01
7.854769229888916016e-01
7.858721017837524414e-01
7.903529405593872070e-01
7.691942453384399414e-01
7.805100083351135254e-01
7.735477089881896973e-01
7.923114299774169922e-01
7.615304589271545410e-01
7.699072957038879395e-01
7.723355293273925781e-01
7.754759788513183594e-01
8.003330826759338379e-01
7.582905888557434082e-01
7.776557207107543945e-01
7.988713383674621582e-01
7.856971025466918945e-01
7.979760169982910156e-01
8.078650832176208496e-01
7.780084609985351562e-01
8.069111108779907227e-01
8.039935231208801270e-01
8.113343715667724609e-01
8.048622608184814453e-01
8.110551834106445312e-01
7.954810261726379395e-01
7.899790406227111816e-01
7.869540452957153320e-01
8.128845095634460449e-01
8.126778006553649902e-01
8.379663228988647461e-01
8.265848159790039062e-01
8.141638636589050293e-01
8.496773838996887207e-01
8.454211950302124023e-01
8.394516110420227051e-01
8.606664538383483887e-01
8.422141671180725098e-01
8.597776293754577637e-01
8.540208339691162109e-01
8.684697151184082031e-01
8.594971299171447754e-01
8.553434014320373535e-01
8.601447343826293945e-01
8.502541184425354004e-01
8.628561496734619141e-01
8.519148826599121094e-01
8.778027892112731934e-01
8.647077083587646484e-01
8.487240672111511230e-01
8.732306957244873047e-01
8.665690422058105469e-01
8.748239278793334961e-01
8.731052875518798828e-01
9.009197950363159180e-01
8.861985802650451660e-01
8.883250951766967773e-01
7.955550551414489746e-01
8.921133875846862793e-01
8.714104890823364258e-01
8.969779014587402344e-01
9.036573171615600586e-01
8.799557685852050781e-01
9.042534828186035156e-01
9.039327502250671387e-01
8.930949568748474121e-01
8.900482654571533203e-01
9.020474553108215332e-01
8.975312709808349609e-01
8.946460485458374023e-01
8.576286435127258301e-01
8.818772435188293457e-01
9.277447462081909180e-01
9.265304207801818848e-01
9.186835885047912598e-01
9.130926728248596191e-01
8.739206194877624512e-01
7.770748734474182129e-01
8.992848992347717285e-01
9.130497574806213379e-01
8.148915767669677734e-01
9.134669303894042969e-01
9.269877076148986816e-01
9.287983775138854980e-01
9.160591363906860352e-01
9.096633195877075195e-01
9.402896761894226074e-01
9.222958683967590332e-01
9.314211010932922363e-01
9.034261703491210938e-01
9.359479546546936035e-01
9.243263602256774902e-01
9.428035616874694824e-01
9.475627541542053223e-01
9.417892694473266602e-01
8.778809309005737305e-01
9.427058696746826172e-01
9.610854983329772949e-01
9.300326108932495117e-01
9.689946174621582031e-01
9.685968160629272461e-01
9.805697798728942871e-01
9.854270815849304199e-01
9.451333880424499512e-01
9.711989760398864746e-01
9.166607856750488281e-01
9.786403179168701172e-01
9.571627378463745117e-01
9.374724030494689941e-01
9.900521636009216309e-01
9.734059572219848633e-01
9.762534499168395996e-01
9.963707923889160156e-01
9.973830580711364746e-01
9.684098958969116211e-01
-9.899900000000000000e+04
-9.899900000000000000e+04
-9.899900000000000000e+04
-9.899900000000000000e+04
9.812886118888854980e-01
9.555462598800659180e-01
9.757528901100158691e-01
8.801792860031127930e-01
