6.291534900665283203e-01
6.257067918777465820e-01
6.402796506881713867e-01
6.602879762649536133e-01
6.455930471420288086e-01
6.490440964698791504e-01
6.616687774658203125e-01
6.674526929855346680e-01
6.592803001403808594e-01
6.637250781059265137e-01
6.734725236892700195e-01
6.803489923477172852e-01
6.633976101875305176e-01
6.840402483940124512e-01
6.822105050086975098e-01
6.690617203712463379e-01
6.770184636116027832e-01
6.660917401313781738e-01
6.890469193458557129e-01
6.843210458755493164e-01
6.871049404144287109e-01
6.889427304267883301e-01
6.753197908401489258e-01
6.926614642143249512e-01
7.024981975555419922e-01
6.821084618568420410e-01
7.006487846374511719e-01
6.898468136787414551e-01
7.016385793685913086e-01
6.954091787338256836e-01
6.870552301406860352e-01
6.817967295646667480e-01
6.915193796157836914e-01
7.016736865043640137e-01
7.023847699165344238e-01
6.926329731941223145e-01
7.045052051544189453e-01
6.971634030342102051e-01
7.038728594779968262e-01
6.976168155670166016e-01
7.078412771224975586e-01
7.124544382095336914e-01
7.170034646987915039e-01
7.026211023330688477e-01
6.997728943824768066e-01
7.138581871986389160e-01
7.176165580749511719e-01
7.179389595985412598e-01
7.149286270141601562e-01
6.961324810981750488e-01
7.030813694000244141e-01
7.037765383720397949e-01
7.012434005737304688e-01
7.155187726020812988e-01
7.189751267433166504e-01
7.192670106887817383e-01
7.202973961830139160e-01
7.231452465057373047e-01
7.258462905883789062e-01
7.281728982925415039e-01
7.149582505226135254e-01
7.153412699699401855e-01
7.259613275527954102e-01
7.179635763168334961e-01
7.326952219009399414e-01
7.326667308807373047e-01
7.251651287078857422e-01
7.178008556365966797e-01
7.239191532135009766e-01
7.403236031532287598e-01
7.137603759765625000e-01
7.371982336044311523e-01
7.256729602813720703e-01
7.432377338409423828e-01
7.253099679946899414e-01
7.498261928558349609e-01
7.665569186210632324e-01
7.551077008247375488e-01
7.364717721939086914e-01
7.301031351089477539e-01
7.592511773109436035e-01
7.683932781219482422e-01
7.343885898590087891e-01
7.752212285995483398e-01
7.669308185577392578e-01
7.364653348922729492e-01
7.800448536872863770e-01
7.870671153068542480e-01
7.808474898338317871e-01
7.221884727478027344e-01
7.564258575439453125e-01
7.726436853408813477e-01
7.734754681587219238e-01
7.789588570594787598e-01
7.855191230773925781e-01
7.470474243164062500e-01
7.917274236679077148e-01
7.581019997596740723e-01
7.236082553863525391e-01
7.946884632110595703e-01
7.955457568168640137e-01
7.798746824264526367e-01
7.628452777862548828e-01
7.806656360626220703e-01
7.871363759040832520e-01
8.007852435111999512e-01
7.963684797286987305e-01
7.987954020500183105e-01
7.884187102317810059e-01
8.116700649261474609e-01
7.956482768058776855e-01
8.114423751831054688e-01
8.025532364845275879e-01
8.105663657188415527e-01
8.221740126609802246e-01
8.317308425903320312e-01
7.959349155426025391e-01
8.288956284523010254e-01
8.378766179084777832e-01
8.261349201202392578e-01
8.395941257476806641e-01
8.396358489990234375e-01
8.495250344276428223e-01
8.406990170478820801e-01
8.606566190719604492e-01
8.634729385375976562e-01
8.621135354042053223e-01
8.559737205505371094e-01
8.685548901557922363e-01
8.473908305168151855e-01
8.641759157180786133e-01
8.470357060432434082e-01
8.729246854782104492e-01
8.767471313476562500e-01
7.808051109313964844e-01
8.621236085891723633e-01
8.766827583312988281e-01
8.570957183837890625e-01
8.661370873451232910e-01
8.791878223419189453e-01
8.792082667350769043e-01
8.666911125183105469e-01
8.838906884193420410e-01
8.849822282791137695e-01
8.498383760452270508e-01
8.798962235450744629e-01
8.996712565422058105e-01
9.036442637443542480e-01
9.067591428756713867e-01
8.946589231491088867e-01
8.982607126235961914e-01
8.922885656356811523e-01
8.445410728454589844e-01
8.843138813972473145e-01
9.101605415344238281e-01
9.019730687141418457e-01
9.077099561691284180e-01
9.157625436782836914e-01
8.824913501739501953e-01
8.813161849975585938e-01
9.120599627494812012e-01
8.534823656082153320e-01
8.968361020088195801e-01
9.025459885597229004e-01
8.385501503944396973e-01
9.273772835731506348e-01
9.072290658950805664e-01
9.245330095291137695e-01
8.794473409652709961e-01
9.289331436157226562e-01
9.176368117332458496e-01
9.366494417190551758e-01
8.330859541893005371e-01
9.383044242858886719e-01
9.481310844421386719e-01
9.376322031021118164e-01
9.130892753601074219e-01
9.367823004722595215e-01
8.963894248008728027e-01
9.258695840835571289e-01
9.026497006416320801e-01
9.524485468864440918e-01
9.460697174072265625e-01
8.808004856109619141e-01
9.513840079307556152e-01
9.815475344657897949e-01
9.456735253334045410e-01
9.406287670135498047e-01
9.735208153724670410e-01
9.613574147224426270e-01
9.695663452148437500e-01
9.858034253120422363e-01
9.728051424026489258e-01
8.274632692337036133e-01
9.561304450035095215e-01
9.837402105331420898e-01
1.005038142204284668e+00
9.715790748596191406e-01
9.720281958580017090e-01
9.564169049263000488e-01
9.751033186912536621e-01
9.802944064140319824e-01
1.000275254249572754e+00
-9.899900000000000000e+04
9.460152983665466309e-01
-9.899900000000000000e+04
9.629368185997009277e-01
9.367652535438537598e-01
-9.899900000000000000e+04
-9.899900000000000000e+04
9.830228686332702637e-01
-9.899900000000000000e+04
-9.899900000000000000e+04
9.724123477935791016e-01
-9.899900000000000000e+04
1.003687500953674316e+00
-9.899900000000000000e+04
-9.899900000000000000e+04
7.722480297088623047e-01
