6.309524774551391602e-01
6.245424747467041016e-01
6.402796506881713867e-01
6.632860302925109863e-01
6.476992368698120117e-01
6.639208197593688965e-01
6.616687774658203125e-01
6.678663492202758789e-01
6.734914183616638184e-01
6.793448328971862793e-01
6.770343780517578125e-01
6.803489923477172852e-01
6.799799799919128418e-01
6.785833835601806641e-01
6.675803661346435547e-01
6.695431470870971680e-01
6.825008392333984375e-01
6.681502461433410645e-01
6.878952383995056152e-01
6.764035224914550781e-01
6.796151995658874512e-01
6.750268340110778809e-01
6.749720573425292969e-01
6.913185119628906250e-01
6.900914907455444336e-01
6.975893378257751465e-01
7.027961015701293945e-01
6.915073394775390625e-01
6.858313679695129395e-01
6.875993609428405762e-01
6.826096773147583008e-01
7.020954489707946777e-01
6.974868178367614746e-01
6.890668869018554688e-01
7.023847699165344238e-01
6.945666670799255371e-01
6.960754394531250000e-01
6.950572729110717773e-01
7.027344107627868652e-01
7.112755775451660156e-01
7.080223560333251953e-01
6.934712529182434082e-01
7.148153781890869141e-01
7.095004916191101074e-01
7.046543359756469727e-01
7.187854051589965820e-01
7.064565420150756836e-01
7.092061042785644531e-01
7.183961868286132812e-01
6.853773593902587891e-01
7.019069790840148926e-01
7.135803103446960449e-01
6.946570873260498047e-01
7.179052829742431641e-01
7.138190269470214844e-01
7.221037149429321289e-01
7.023959159851074219e-01
7.249550819396972656e-01
7.135852575302124023e-01
7.139028310775756836e-01
7.288794517517089844e-01
7.203206419944763184e-01
7.275491952896118164e-01
7.072097659111022949e-01
7.301880717277526855e-01
7.256386876106262207e-01
7.386568784713745117e-01
7.200024127960205078e-01
7.185227274894714355e-01
7.401096820831298828e-01
7.346191406250000000e-01
7.410184144973754883e-01
7.179422378540039062e-01
7.483665943145751953e-01
7.256504297256469727e-01
7.458752989768981934e-01
7.506219148635864258e-01
7.669343352317810059e-01
7.541983127593994141e-01
7.583672404289245605e-01
7.606285214424133301e-01
7.554735541343688965e-01
7.554022669792175293e-01
7.506343722343444824e-01
7.674241662025451660e-01
7.774268984794616699e-01
7.757439017295837402e-01
7.575098276138305664e-01
7.830960750579833984e-01
7.648462653160095215e-01
7.784602642059326172e-01
7.994008660316467285e-01
7.911423444747924805e-01
7.754294276237487793e-01
7.692414522171020508e-01
7.845749258995056152e-01
7.677618265151977539e-01
7.895268797874450684e-01
7.724443078041076660e-01
7.844900488853454590e-01
7.720811367034912109e-01
7.851429581642150879e-01
7.816320657730102539e-01
7.854164242744445801e-01
8.079641461372375488e-01
7.843830585479736328e-01
7.859590649604797363e-01
7.972694039344787598e-01
8.022392988204956055e-01
8.054741024971008301e-01
8.228970170021057129e-01
7.925252318382263184e-01
8.123579025268554688e-01
8.036912679672241211e-01
8.197050094604492188e-01
8.099082112312316895e-01
8.354458808898925781e-01
8.191445469856262207e-01
8.413545489311218262e-01
8.418025374412536621e-01
8.155397176742553711e-01
8.119199872016906738e-01
8.567603230476379395e-01
8.449179530143737793e-01
8.171218633651733398e-01
8.397282361984252930e-01
8.491333127021789551e-01
8.504102826118469238e-01
8.584043383598327637e-01
8.532909154891967773e-01
8.600221872329711914e-01
8.552153706550598145e-01
8.606665730476379395e-01
8.560962677001953125e-01
8.765193223953247070e-01
8.702201843261718750e-01
8.765647411346435547e-01
8.347147107124328613e-01
8.335932493209838867e-01
8.651536703109741211e-01
8.343180418014526367e-01
8.829613924026489258e-01
8.764796257019042969e-01
8.892070055007934570e-01
8.744689822196960449e-01
8.863978385925292969e-01
8.924245834350585938e-01
8.663733601570129395e-01
8.685926198959350586e-01
8.999344110488891602e-01
8.813992142677307129e-01
8.705374002456665039e-01
8.967825174331665039e-01
9.003813862800598145e-01
9.058174490928649902e-01
8.838898539543151855e-01
9.153175950050354004e-01
9.071823358535766602e-01
8.947010636329650879e-01
8.909366726875305176e-01
9.269329309463500977e-01
9.168345928192138672e-01
9.079775214195251465e-01
9.032825827598571777e-01
9.249222874641418457e-01
9.048532843589782715e-01
9.229167103767395020e-01
9.192509055137634277e-01
9.110767841339111328e-01
8.167143464088439941e-01
8.995242714881896973e-01
8.679272532463073730e-01
8.714290261268615723e-01
7.899137139320373535e-01
9.411454200744628906e-01
9.267467260360717773e-01
9.582188725471496582e-01
9.371302723884582520e-01
9.438483715057373047e-01
9.437857270240783691e-01
9.251486659049987793e-01
8.055427074432373047e-01
8.736197352409362793e-01
9.358801841735839844e-01
9.367576241493225098e-01
9.614605903625488281e-01
9.410532712936401367e-01
9.600451588630676270e-01
9.408692717552185059e-01
8.357540369033813477e-01
9.160902500152587891e-01
9.795734286308288574e-01
9.846377372741699219e-01
9.942700862884521484e-01
9.734460115432739258e-01
-9.899900000000000000e+04
8.726906776428222656e-01
9.216904044151306152e-01
9.834557771682739258e-01
9.909713864326477051e-01
9.761869907379150391e-01
-9.899900000000000000e+04
1.002485513687133789e+00
-9.899900000000000000e+04
9.713084697723388672e-01
9.717749357223510742e-01
8.462639451026916504e-01
9.566829204559326172e-01
-9.899900000000000000e+04
9.838374853134155273e-01
-9.899900000000000000e+04
-9.899900000000000000e+04
-9.899900000000000000e+04
9.770446419715881348e-01
-9.899900000000000000e+04
-9.899900000000000000e+04
8.729127049446105957e-01
-9.899900000000000000e+04
-9.899900000000000000e+04
-9.899900000000000000e+04
9.686751365661621094e-01
9.686685800552368164e-01
-9.899900000000000000e+04
-9.899900000000000000e+04
-9.899900000000000000e+04
