6.461329460144042969e-01
6.517849564552307129e-01
6.412144899368286133e-01
6.606395840644836426e-01
6.476992368698120117e-01
6.493827104568481445e-01
6.616687774658203125e-01
6.703080534934997559e-01
6.734914183616638184e-01
6.673698425292968750e-01
6.664795279502868652e-01
6.569395065307617188e-01
6.704792380332946777e-01
6.785833835601806641e-01
6.665367484092712402e-01
6.695431470870971680e-01
6.770184636116027832e-01
6.668570041656494141e-01
6.878682374954223633e-01
6.806299686431884766e-01
6.799716949462890625e-01
6.750268340110778809e-01
6.756352782249450684e-01
6.965808868408203125e-01
6.861715912818908691e-01
6.954388618469238281e-01
7.006487846374511719e-01
6.955689787864685059e-01
6.914812326431274414e-01
6.918540596961975098e-01
6.954346299171447754e-01
6.950945854187011719e-01
6.943687200546264648e-01
6.874786615371704102e-01
7.040269374847412109e-01
6.951496005058288574e-01
7.019261717796325684e-01
7.049526572227478027e-01
6.960166692733764648e-01
7.125880718231201172e-01
6.979771256446838379e-01
7.125903367996215820e-01
7.148153781890869141e-01
7.116703391075134277e-01
7.117916345596313477e-01
7.089729905128479004e-01
6.977993845939636230e-01
6.957864165306091309e-01
6.948360800743103027e-01
7.015132308006286621e-01
7.084529399871826172e-01
6.974994540214538574e-01
7.151856422424316406e-01
6.991904973983764648e-01
7.071114182472229004e-01
7.211037874221801758e-01
7.206289768218994141e-01
7.145476937294006348e-01
7.269335985183715820e-01
7.138315439224243164e-01
7.109732031822204590e-01
7.350888252258300781e-01
7.164891958236694336e-01
7.229546904563903809e-01
7.202581763267517090e-01
7.357059717178344727e-01
7.220632433891296387e-01
7.230244874954223633e-01
7.387791275978088379e-01
7.097831964492797852e-01
7.512459754943847656e-01
7.532279491424560547e-01
7.451866269111633301e-01
7.438194751739501953e-01
7.406186461448669434e-01
7.313257455825805664e-01
7.232704758644104004e-01
7.200925350189208984e-01
7.132579088211059570e-01
7.496546506881713867e-01
7.646846771240234375e-01
7.661289572715759277e-01
7.559081912040710449e-01
7.655153274536132812e-01
7.531368136405944824e-01
7.582939863204956055e-01
7.828291654586791992e-01
7.751353383064270020e-01
7.915083169937133789e-01
7.669161558151245117e-01
7.742475867271423340e-01
7.885476946830749512e-01
7.879638671875000000e-01
7.932034730911254883e-01
7.611656785011291504e-01
7.950742840766906738e-01
8.070641160011291504e-01
7.880743741989135742e-01
7.962833642959594727e-01
7.693440318107604980e-01
8.069972991943359375e-01
7.740932703018188477e-01
8.052612543106079102e-01
8.101586103439331055e-01
7.991693019866943359e-01
8.058074116706848145e-01
7.962747812271118164e-01
8.075000047683715820e-01
7.783509492874145508e-01
8.116618394851684570e-01
8.155887722969055176e-01
8.105278015136718750e-01
8.041642904281616211e-01
8.078820705413818359e-01
7.852712869644165039e-01
8.047134876251220703e-01
8.209967017173767090e-01
8.327720165252685547e-01
8.476639986038208008e-01
8.466348052024841309e-01
8.241756558418273926e-01
8.260679244995117188e-01
8.441933393478393555e-01
8.503250479698181152e-01
8.613089323043823242e-01
8.600580692291259766e-01
8.451823592185974121e-01
8.601462244987487793e-01
8.588989377021789551e-01
8.277192115783691406e-01
8.430300951004028320e-01
8.589361310005187988e-01
8.694177865982055664e-01
8.448578119277954102e-01
8.666961789131164551e-01
8.733307719230651855e-01
8.616136312484741211e-01
8.694847226142883301e-01
8.829352259635925293e-01
8.077610731124877930e-01
8.998213410377502441e-01
8.912620544433593750e-01
8.741968870162963867e-01
9.037947654724121094e-01
8.750174641609191895e-01
8.669813275337219238e-01
8.917187452316284180e-01
9.050137400627136230e-01
8.848610520362854004e-01
8.834081292152404785e-01
8.835447430610656738e-01
8.894828557968139648e-01
8.981877565383911133e-01
8.818317651748657227e-01
9.062197804450988770e-01
8.775776028633117676e-01
9.073523879051208496e-01
8.669090867042541504e-01
8.958178758621215820e-01
9.185075163841247559e-01
9.155158996582031250e-01
8.870500922203063965e-01
9.126555919647216797e-01
8.875303268432617188e-01
9.090549945831298828e-01
8.521840572357177734e-01
7.983956336975097656e-01
9.293636679649353027e-01
9.329375624656677246e-01
9.261308908462524414e-01
9.348623156547546387e-01
9.175623059272766113e-01
9.218080639839172363e-01
9.266064167022705078e-01
9.207903146743774414e-01
9.336760044097900391e-01
9.368538856506347656e-01
9.229435920715332031e-01
9.073058962821960449e-01
9.221602082252502441e-01
9.371524453163146973e-01
9.565297961235046387e-01
9.499515891075134277e-01
9.029054641723632812e-01
9.562444090843200684e-01
9.378489851951599121e-01
9.734027385711669922e-01
9.900028705596923828e-01
9.582741856575012207e-01
9.082495570182800293e-01
9.825654625892639160e-01
9.624099135398864746e-01
9.249369502067565918e-01
1.001227259635925293e+00
-9.899900000000000000e+04
9.648824930191040039e-01
9.762359261512756348e-01
9.877536296844482422e-01
9.887211322784423828e-01
-9.899900000000000000e+04
-9.899900000000000000e+04
9.780250787734985352e-01
-9.899900000000000000e+04
-9.899900000000000000e+04
