6.291534900665283203e-01
6.358127593994140625e-01
6.388311982154846191e-01
6.632860302925109863e-01
6.469347476959228516e-01
6.468650102615356445e-01
6.616687774658203125e-01
6.678663492202758789e-01
6.713973879814147949e-01
6.793448328971862793e-01
6.752379536628723145e-01
6.599124670028686523e-01
6.677441000938415527e-01
6.519362330436706543e-01
6.811007857322692871e-01
6.848210692405700684e-01
6.789344549179077148e-01
6.611099839210510254e-01
6.717495918273925781e-01
6.806299686431884766e-01
6.768352389335632324e-01
6.780090332031250000e-01
6.752519607543945312e-01
6.880162358283996582e-01
7.024981975555419922e-01
6.912575960159301758e-01
6.933497786521911621e-01
7.043316960334777832e-01
6.843441128730773926e-01
7.025297880172729492e-01
6.940954327583312988e-01
6.824267506599426270e-01
6.945300102233886719e-01
7.041181325912475586e-01
6.898364424705505371e-01
6.924406886100769043e-01
6.950816512107849121e-01
6.975901722908020020e-01
7.138468027114868164e-01
7.029144167900085449e-01
7.144457101821899414e-01
7.125728130340576172e-01
7.062345147132873535e-01
6.942454576492309570e-01
6.791446805000305176e-01
7.123107314109802246e-01
6.997278928756713867e-01
7.217879295349121094e-01
7.104582190513610840e-01
7.161074280738830566e-01
7.169888019561767578e-01
7.133069038391113281e-01
7.076828479766845703e-01
7.092223167419433594e-01
7.194176912307739258e-01
7.067317962646484375e-01
7.074162960052490234e-01
7.253506183624267578e-01
7.257308959960937500e-01
7.168916463851928711e-01
7.151643037796020508e-01
7.176925539970397949e-01
7.324562668800354004e-01
7.303960323333740234e-01
7.239853143692016602e-01
7.199080586433410645e-01
7.380641698837280273e-01
7.368539571762084961e-01
7.397392988204956055e-01
7.370403409004211426e-01
7.274324893951416016e-01
7.400385737419128418e-01
7.203112840652465820e-01
7.468174695968627930e-01
7.402013540267944336e-01
7.508005499839782715e-01
7.435617446899414062e-01
7.492558360099792480e-01
7.613142132759094238e-01
7.537538409233093262e-01
7.258474826812744141e-01
7.228789329528808594e-01
7.443967461585998535e-01
7.604161500930786133e-01
7.518135905265808105e-01
7.543381452560424805e-01
7.788784503936767578e-01
7.477527856826782227e-01
7.841995954513549805e-01
7.736548185348510742e-01
7.615960240364074707e-01
7.583675384521484375e-01
7.936552166938781738e-01
7.854846715927124023e-01
7.873233556747436523e-01
7.916615009307861328e-01
7.969275116920471191e-01
7.552136778831481934e-01
7.928470373153686523e-01
7.874662280082702637e-01
7.912150025367736816e-01
7.988429069519042969e-01
7.884752750396728516e-01
7.760528922080993652e-01
7.812553644180297852e-01
8.019420504570007324e-01
8.086932301521301270e-01
8.036326766014099121e-01
7.975589632987976074e-01
8.131058812141418457e-01
8.058850765228271484e-01
8.112298846244812012e-01
8.077311515808105469e-01
8.220321536064147949e-01
8.060269355773925781e-01
7.925777435302734375e-01
8.213031888008117676e-01
8.196471929550170898e-01
8.377432227134704590e-01
8.478776216506958008e-01
7.994707822799682617e-01
8.336421251296997070e-01
7.409541010856628418e-01
8.394180536270141602e-01
8.646661639213562012e-01
8.404286503791809082e-01
8.671624064445495605e-01
8.465662598609924316e-01
8.486343026161193848e-01
8.261967301368713379e-01
8.395217061042785645e-01
8.434018492698669434e-01
8.644840121269226074e-01
8.766503334045410156e-01
8.705724477767944336e-01
8.648343086242675781e-01
8.601465821266174316e-01
8.811986446380615234e-01
8.633072972297668457e-01
8.660809993743896484e-01
8.900320529937744141e-01
8.805140852928161621e-01
8.978245258331298828e-01
8.755853176116943359e-01
8.913156390190124512e-01
8.648292422294616699e-01
8.971655368804931641e-01
9.042712450027465820e-01
8.998845815658569336e-01
8.928980231285095215e-01
8.841883540153503418e-01
9.004417657852172852e-01
8.946273922920227051e-01
8.343893289566040039e-01
8.941821455955505371e-01
8.837751746177673340e-01
8.962921500205993652e-01
8.970213532447814941e-01
8.813947439193725586e-01
8.970456123352050781e-01
7.978782653808593750e-01
8.737003803253173828e-01
9.034659862518310547e-01
9.275379180908203125e-01
9.255144596099853516e-01
8.742985725402832031e-01
9.316166639328002930e-01
9.080149531364440918e-01
9.206408858299255371e-01
9.305401444435119629e-01
9.386259317398071289e-01
8.617797493934631348e-01
9.326393604278564453e-01
9.525950551033020020e-01
9.431423544883728027e-01
8.314757347106933594e-01
9.226952791213989258e-01
9.419517517089843750e-01
8.277289271354675293e-01
9.265842437744140625e-01
9.364013671875000000e-01
9.198049902915954590e-01
9.608907103538513184e-01
9.479542374610900879e-01
9.590137600898742676e-01
9.541403055191040039e-01
9.780907630920410156e-01
9.043413400650024414e-01
8.015148043632507324e-01
9.484502077102661133e-01
9.643744230270385742e-01
8.432213068008422852e-01
9.723925590515136719e-01
9.295276403427124023e-01
9.804492592811584473e-01
9.360356330871582031e-01
1.010919213294982910e+00
9.616295099258422852e-01
9.720378518104553223e-01
9.685676693916320801e-01
-9.899900000000000000e+04
-9.899900000000000000e+04
1.003968715667724609e+00
9.555698037147521973e-01
9.596588611602783203e-01
-9.899900000000000000e+04
9.703326225280761719e-01
-9.899900000000000000e+04
9.752919077873229980e-01
-9.899900000000000000e+04
9.521393179893493652e-01
8.719915151596069336e-01
8.742105960845947266e-01
9.826493859291076660e-01
9.852130413055419922e-01
-9.899900000000000000e+04
-9.899900000000000000e+04
-9.899900000000000000e+04
-9.899900000000000000e+04
-9.899900000000000000e+04
-9.899900000000000000e+04
9.404656291007995605e-01
-9.899900000000000000e+04
-9.899900000000000000e+04
-9.899900000000000000e+04
-9.899900000000000000e+04
-9.899900000000000000e+04
-9.899900000000000000e+04
-9.899900000000000000e+04
-9.899900000000000000e+04
-9.899900000000000000e+04
8.659269809722900391e-01
-9.899900000000000000e+04
-9.899900000000000000e+04
8.951897621154785156e-01
-9.899900000000000000e+04
-9.899900000000000000e+04
-9.899900000000000000e+04
-9.899900000000000000e+04
-9.899900000000000000e+04
-9.899900000000000000e+04
-9.899900000000000000e+04
-9.899900000000000000e+04
-9.899900000000000000e+04
-9.899900000000000000e+04
-9.899900000000000000e+04
-9.899900000000000000e+04
-9.899900000000000000e+04
9.310572743415832520e-01
-9.899900000000000000e+04
-9.899900000000000000e+04
-9.899900000000000000e+04
8.982512950897216797e-01
-9.899900000000000000e+04
-9.899900000000000000e+04
-9.899900000000000000e+04
-9.899900000000000000e+04
-9.899900000000000000e+04
-9.899900000000000000e+04
-9.899900000000000000e+04
-9.899900000000000000e+04
-9.899900000000000000e+04
-9.899900000000000000e+04
-9.899900000000000000e+04
-9.899900000000000000e+04
-9.899900000000000000e+04
-9.899900000000000000e+04
-9.899900000000000000e+04
-9.899900000000000000e+04
-9.899900000000000000e+04
-9.899900000000000000e+04
