6.291534900665283203e-01
6.358127593994140625e-01
6.412144899368286133e-01
6.606395840644836426e-01
6.627352833747863770e-01
6.639208197593688965e-01
6.616687774658203125e-01
6.678663492202758789e-01
6.583522558212280273e-01
6.654602885246276855e-01
6.677550077438354492e-01
6.560889482498168945e-01
6.830174326896667480e-01
6.772983670234680176e-01
6.721091866493225098e-01
6.729526519775390625e-01
6.765583157539367676e-01
6.673779487609863281e-01
6.750604510307312012e-01
6.883132457733154297e-01
6.784586310386657715e-01
6.817106008529663086e-01
6.752519607543945312e-01
6.846538782119750977e-01
6.923391222953796387e-01
7.015670537948608398e-01
6.909391283988952637e-01
6.988013386726379395e-01
6.968358159065246582e-01
6.918540596961975098e-01
6.826096773147583008e-01
6.907146573066711426e-01
7.023957967758178711e-01
6.967349648475646973e-01
6.992788314819335938e-01
6.926329731941223145e-01
6.942567825317382812e-01
7.049033045768737793e-01
6.956245899200439453e-01
7.092915177345275879e-01
7.090638875961303711e-01
7.124153971672058105e-01
7.091936469078063965e-01
7.017789483070373535e-01
7.042388916015625000e-01
7.006976604461669922e-01
7.037225365638732910e-01
7.195172905921936035e-01
7.108628749847412109e-01
7.113264799118041992e-01
7.076705098152160645e-01
7.061849236488342285e-01
7.081304788589477539e-01
6.982201337814331055e-01
7.181119322776794434e-01
6.901559829711914062e-01
7.078505754470825195e-01
7.042396068572998047e-01
7.111896872520446777e-01
7.130013108253479004e-01
7.333445549011230469e-01
7.210646271705627441e-01
7.177522778511047363e-01
7.166078686714172363e-01
7.354602217674255371e-01
7.274807095527648926e-01
7.069671154022216797e-01
7.238790988922119141e-01
7.193138599395751953e-01
7.263001799583435059e-01
7.248687148094177246e-01
7.600586414337158203e-01
7.383115291595458984e-01
7.390137314796447754e-01
7.447791099548339844e-01
7.622253894805908203e-01
7.434771656990051270e-01
7.387557029724121094e-01
7.603856921195983887e-01
7.390958666801452637e-01
7.292705774307250977e-01
7.509912252426147461e-01
7.377992272377014160e-01
7.294216752052307129e-01
7.702488303184509277e-01
7.718601822853088379e-01
7.479863762855529785e-01
7.810872197151184082e-01
7.888812422752380371e-01
7.631947398185729980e-01
7.363218069076538086e-01
7.682926058769226074e-01
7.925958633422851562e-01
7.568079829216003418e-01
7.679733633995056152e-01
7.855958342552185059e-01
7.516154050827026367e-01
7.981219291687011719e-01
7.899201512336730957e-01
7.928004860877990723e-01
8.017107248306274414e-01
7.781561613082885742e-01
8.030104637145996094e-01
7.719643115997314453e-01
7.712920308113098145e-01
7.961956262588500977e-01
8.122364282608032227e-01
7.811294794082641602e-01
7.971661686897277832e-01
8.153985142707824707e-01
7.921268343925476074e-01
8.068556785583496094e-01
8.175644278526306152e-01
8.110212087631225586e-01
8.251372575759887695e-01
8.287056088447570801e-01
8.218148946762084961e-01
8.189697861671447754e-01
7.986947894096374512e-01
8.433208465576171875e-01
8.484744429588317871e-01
8.408877253532409668e-01
8.474098443984985352e-01
8.279713988304138184e-01
8.576413393020629883e-01
8.572762608528137207e-01
8.590698242187500000e-01
8.737053871154785156e-01
8.482797741889953613e-01
8.705440163612365723e-01
8.626179695129394531e-01
8.667622208595275879e-01
8.683387041091918945e-01
8.673524260520935059e-01
8.354657292366027832e-01
8.668987154960632324e-01
8.568772673606872559e-01
8.555429577827453613e-01
8.812091946601867676e-01
8.610299825668334961e-01
8.702446222305297852e-01
8.675032854080200195e-01
8.884704709053039551e-01
8.751435875892639160e-01
8.570941090583801270e-01
8.959305882453918457e-01
8.846166133880615234e-01
8.825784325599670410e-01
8.893873095512390137e-01
8.836974501609802246e-01
8.804758787155151367e-01
8.969955444335937500e-01
8.959373831748962402e-01
9.061894416809082031e-01
9.175555109977722168e-01
8.766202330589294434e-01
8.481796383857727051e-01
8.825070261955261230e-01
8.599284887313842773e-01
9.147849082946777344e-01
8.792927265167236328e-01
9.156644344329833984e-01
9.025690555572509766e-01
8.729374408721923828e-01
8.687976002693176270e-01
9.149783253669738770e-01
8.897404670715332031e-01
9.196876287460327148e-01
9.088067412376403809e-01
9.264145493507385254e-01
9.166423678398132324e-01
9.311533570289611816e-01
9.155409932136535645e-01
9.421337246894836426e-01
9.413326978683471680e-01
8.444239497184753418e-01
9.412381052970886230e-01
9.533950090408325195e-01
8.260836601257324219e-01
9.435631632804870605e-01
9.402944445610046387e-01
9.416726231575012207e-01
9.544153809547424316e-01
9.514254331588745117e-01
9.631754755973815918e-01
9.465768337249755859e-01
9.562916159629821777e-01
8.070173263549804688e-01
9.394175410270690918e-01
9.724494814872741699e-01
9.763932824134826660e-01
9.530552029609680176e-01
9.587128162384033203e-01
-9.899900000000000000e+04
9.652214050292968750e-01
9.799013137817382812e-01
9.678581357002258301e-01
8.186167478561401367e-01
9.798200726509094238e-01
9.642718434333801270e-01
9.370917677879333496e-01
1.013577938079833984e+00
9.877876043319702148e-01
-9.899900000000000000e+04
9.809517860412597656e-01
9.587169885635375977e-01
-9.899900000000000000e+04
-9.899900000000000000e+04
9.676789045333862305e-01
9.696677327156066895e-01
-9.899900000000000000e+04
-9.899900000000000000e+04
-9.899900000000000000e+04
-9.899900000000000000e+04
-9.899900000000000000e+04
8.860999941825866699e-01
-9.899900000000000000e+04
-9.899900000000000000e+04
-9.899900000000000000e+04
-9.899900000000000000e+04
-9.899900000000000000e+04
9.364998340606689453e-01
9.794037938117980957e-01
-9.899900000000000000e+04
-9.899900000000000000e+04
