6.309524774551391602e-01
6.257067918777465820e-01
6.562239527702331543e-01
6.651226878166198730e-01
6.661324501037597656e-01
6.458131670951843262e-01
6.616687774658203125e-01
6.678663492202758789e-01
6.592803001403808594e-01
6.742225289344787598e-01
6.752379536628723145e-01
6.803489923477172852e-01
6.633976101875305176e-01
6.711479425430297852e-01
6.669101715087890625e-01
6.729526519775390625e-01
6.770184636116027832e-01
6.717467904090881348e-01
6.753183007240295410e-01
6.875582337379455566e-01
6.809430718421936035e-01
6.825303435325622559e-01
6.598374843597412109e-01
6.899821162223815918e-01
7.008396387100219727e-01
7.015670537948608398e-01
7.026354074478149414e-01
6.921386122703552246e-01
6.747035384178161621e-01
6.901693344116210938e-01
6.826681494712829590e-01
6.985133886337280273e-01
6.960552334785461426e-01
6.984742283821105957e-01
6.898364424705505371e-01
6.922577619552612305e-01
7.019261717796325684e-01
6.952646374702453613e-01
7.068926692008972168e-01
6.944471001625061035e-01
7.015811204910278320e-01
6.959204673767089844e-01
7.048807144165039062e-01
6.940495371818542480e-01
7.024626135826110840e-01
6.894300580024719238e-01
7.036190629005432129e-01
7.181465029716491699e-01
7.146200537681579590e-01
7.105528116226196289e-01
7.056885361671447754e-01
7.101144790649414062e-01
7.145637273788452148e-01
7.161642313003540039e-01
7.045713663101196289e-01
7.191553115844726562e-01
6.986844539642333984e-01
7.226537466049194336e-01
7.255168557167053223e-01
7.250585556030273438e-01
7.115523219108581543e-01
7.190847396850585938e-01
7.286905050277709961e-01
7.296385765075683594e-01
7.230039834976196289e-01
7.220003008842468262e-01
7.226071953773498535e-01
7.222396731376647949e-01
7.358704209327697754e-01
7.380118966102600098e-01
7.309760451316833496e-01
7.414005994796752930e-01
7.273217439651489258e-01
7.375783920288085938e-01
7.490295171737670898e-01
7.427024245262145996e-01
7.201353311538696289e-01
7.371683120727539062e-01
7.563123106956481934e-01
7.513344883918762207e-01
7.365285158157348633e-01
7.329018115997314453e-01
7.443028688430786133e-01
7.763379812240600586e-01
7.513859272003173828e-01
7.560391426086425781e-01
7.887906432151794434e-01
7.791526317596435547e-01
7.325206995010375977e-01
7.363796830177307129e-01
7.830075025558471680e-01
7.922733426094055176e-01
7.728652954101562500e-01
7.684274911880493164e-01
7.768952250480651855e-01
7.534780502319335938e-01
7.778282761573791504e-01
7.965098023414611816e-01
8.001484870910644531e-01
7.707328200340270996e-01
7.948983311653137207e-01
7.979084253311157227e-01
7.978361248970031738e-01
8.037799000740051270e-01
8.026046752929687500e-01
8.100277185440063477e-01
7.856264114379882812e-01
7.771495580673217773e-01
8.248251080513000488e-01
8.018667697906494141e-01
7.974665760993957520e-01
7.897033095359802246e-01
8.183451294898986816e-01
8.001976609230041504e-01
8.264060616493225098e-01
8.289656043052673340e-01
7.924987673759460449e-01
8.381781578063964844e-01
8.495872616767883301e-01
8.457510471343994141e-01
8.455597758293151855e-01
8.372046351432800293e-01
8.512201309204101562e-01
8.489480614662170410e-01
8.440133929252624512e-01
8.661357164382934570e-01
8.480694293975830078e-01
8.327683806419372559e-01
8.454716801643371582e-01
8.636093139648437500e-01
8.616706728935241699e-01
8.674076199531555176e-01
8.760612010955810547e-01
8.719569444656372070e-01
8.699561357498168945e-01
8.803702592849731445e-01
8.805214166641235352e-01
8.768005371093750000e-01
8.738761544227600098e-01
8.818269371986389160e-01
8.793784379959106445e-01
8.796967267990112305e-01
8.770972490310668945e-01
8.708016276359558105e-01
8.979002833366394043e-01
8.942366838455200195e-01
9.083451628684997559e-01
8.972360491752624512e-01
8.787418603897094727e-01
8.982160091400146484e-01
9.055446982383728027e-01
8.855700492858886719e-01
9.044845700263977051e-01
8.949482440948486328e-01
8.866292834281921387e-01
9.081859588623046875e-01
8.894413709640502930e-01
8.803175091743469238e-01
9.072656631469726562e-01
8.636257052421569824e-01
9.065132737159729004e-01
8.263531923294067383e-01
8.989236354827880859e-01
9.047309756278991699e-01
9.345210194587707520e-01
8.282716870307922363e-01
8.700031042098999023e-01
9.129820466041564941e-01
8.839532136917114258e-01
8.847318887710571289e-01
8.852190971374511719e-01
9.387761354446411133e-01
9.413744211196899414e-01
8.267072439193725586e-01
9.361324310302734375e-01
9.418140649795532227e-01
9.393790960311889648e-01
9.520890712738037109e-01
9.525821805000305176e-01
9.162235260009765625e-01
9.336895942687988281e-01
9.461925029754638672e-01
8.994429707527160645e-01
8.178267478942871094e-01
9.684018492698669434e-01
9.472342133522033691e-01
9.104791283607482910e-01
9.345602989196777344e-01
9.788970351219177246e-01
8.078626394271850586e-01
9.836747050285339355e-01
9.726611971855163574e-01
9.668070673942565918e-01
9.790650606155395508e-01
9.756546020507812500e-01
-9.899900000000000000e+04
9.788506627082824707e-01
9.819822311401367188e-01
9.029712080955505371e-01
9.794923067092895508e-01
9.972425103187561035e-01
-9.899900000000000000e+04
9.560381174087524414e-01
9.836984276771545410e-01
-9.899900000000000000e+04
9.621852040290832520e-01
-9.899900000000000000e+04
-9.899900000000000000e+04
9.678877592086791992e-01
-9.899900000000000000e+04
-9.899900000000000000e+04
