6.225892305374145508e-01
6.517849564552307129e-01
6.412144899368286133e-01
6.632860302925109863e-01
6.627352833747863770e-01
6.519112586975097656e-01
6.616687774658203125e-01
6.749265789985656738e-01
6.734914183616638184e-01
6.793448328971862793e-01
6.734725236892700195e-01
6.596245169639587402e-01
6.690333485603332520e-01
6.573318243026733398e-01
6.641516089439392090e-01
6.715213656425476074e-01
6.758943796157836914e-01
6.668570041656494141e-01
6.753183007240295410e-01
6.778044700622558594e-01
6.820154190063476562e-01
6.756991147994995117e-01
6.508281230926513672e-01
7.036338448524475098e-01
6.937975287437438965e-01
7.015670537948608398e-01
7.006487846374511719e-01
6.849560737609863281e-01
6.864321827888488770e-01
6.921383738517761230e-01
6.819937825202941895e-01
6.950945854187011719e-01
7.055331468582153320e-01
6.876105666160583496e-01
6.927835941314697266e-01
7.021046876907348633e-01
6.989612579345703125e-01
7.056145071983337402e-01
7.080863118171691895e-01
7.032558321952819824e-01
6.982300877571105957e-01
7.100431919097900391e-01
6.816706061363220215e-01
7.149388194084167480e-01
7.096367478370666504e-01
7.039554715156555176e-01
7.094805836677551270e-01
6.935688853263854980e-01
7.176688909530639648e-01
6.899896264076232910e-01
7.039511799812316895e-01
7.259422540664672852e-01
7.167435884475708008e-01
7.050235867500305176e-01
7.162948846817016602e-01
7.222371101379394531e-01
7.206211090087890625e-01
7.246645689010620117e-01
7.116929888725280762e-01
7.186870574951171875e-01
7.151978611946105957e-01
7.142798900604248047e-01
7.266722917556762695e-01
7.162927985191345215e-01
7.223368287086486816e-01
7.377583980560302734e-01
7.281320095062255859e-01
7.256683111190795898e-01
7.343271374702453613e-01
7.222067713737487793e-01
7.367031574249267578e-01
7.273749113082885742e-01
7.415095567703247070e-01
7.299488186836242676e-01
7.474282383918762207e-01
7.328799962997436523e-01
7.592129111289978027e-01
7.597571611404418945e-01
7.386504411697387695e-01
7.390310764312744141e-01
7.571080923080444336e-01
7.323061227798461914e-01
7.467927932739257812e-01
7.583594322204589844e-01
7.742605805397033691e-01
7.726159691810607910e-01
7.822161316871643066e-01
7.552293539047241211e-01
7.787590026855468750e-01
7.886540293693542480e-01
7.806953191757202148e-01
7.814649939537048340e-01
7.890580892562866211e-01
7.746887207031250000e-01
7.675009965896606445e-01
7.820659279823303223e-01
7.739859819412231445e-01
8.050249814987182617e-01
7.731673121452331543e-01
7.818568944931030273e-01
8.033351898193359375e-01
8.009710311889648438e-01
8.007686734199523926e-01
7.930067181587219238e-01
7.794055342674255371e-01
7.976288199424743652e-01
7.795643806457519531e-01
8.122279047966003418e-01
8.078689575195312500e-01
8.044442534446716309e-01
8.019269108772277832e-01
7.647088766098022461e-01
8.204934000968933105e-01
8.092061877250671387e-01
8.023335933685302734e-01
8.058054447174072266e-01
8.303279280662536621e-01
8.034434318542480469e-01
8.186450004577636719e-01
8.288049697875976562e-01
8.457203507423400879e-01
8.492196202278137207e-01
8.549106121063232422e-01
8.107909560203552246e-01
8.526017665863037109e-01
8.611859679222106934e-01
8.708347082138061523e-01
8.315993547439575195e-01
8.512781858444213867e-01
8.597413301467895508e-01
8.619457483291625977e-01
8.516384363174438477e-01
8.229080438613891602e-01
8.557037711143493652e-01
8.653975725173950195e-01
8.695904016494750977e-01
8.594609498977661133e-01
8.838617801666259766e-01
8.840559124946594238e-01
8.858034014701843262e-01
8.693178296089172363e-01
8.748334050178527832e-01
8.814680576324462891e-01
8.776620030403137207e-01
8.989649415016174316e-01
9.014851450920104980e-01
8.875218629837036133e-01
8.992813229560852051e-01
8.975091576576232910e-01
8.803034424781799316e-01
8.984857797622680664e-01
8.883478045463562012e-01
8.904525637626647949e-01
8.770956993103027344e-01
9.117040038108825684e-01
8.911403417587280273e-01
8.873764276504516602e-01
8.875383734703063965e-01
9.097003340721130371e-01
9.159476757049560547e-01
8.983331918716430664e-01
8.705645203590393066e-01
9.149934053421020508e-01
9.014730453491210938e-01
9.035773873329162598e-01
9.076846241950988770e-01
9.217226505279541016e-01
9.242226481437683105e-01
9.012084007263183594e-01
9.204881191253662109e-01
9.005036950111389160e-01
7.948309183120727539e-01
9.335246086120605469e-01
9.149967432022094727e-01
9.250294566154479980e-01
8.296021223068237305e-01
9.142062067985534668e-01
9.296867847442626953e-01
8.747853040695190430e-01
8.293009400367736816e-01
9.493228793144226074e-01
9.631599187850952148e-01
9.591109752655029297e-01
9.303195476531982422e-01
8.611982464790344238e-01
9.503411650657653809e-01
9.460657238960266113e-01
9.538829326629638672e-01
9.385915398597717285e-01
9.561167359352111816e-01
9.855138659477233887e-01
9.367351531982421875e-01
9.565897583961486816e-01
9.423537850379943848e-01
9.743417501449584961e-01
9.744123220443725586e-01
9.405277371406555176e-01
9.664645791053771973e-01
9.825823307037353516e-01
9.755465388298034668e-01
9.672400355339050293e-01
9.530969262123107910e-01
9.869294762611389160e-01
8.562604784965515137e-01
-9.899900000000000000e+04
-9.899900000000000000e+04
-9.899900000000000000e+04
-9.899900000000000000e+04
9.831732511520385742e-01
-9.899900000000000000e+04
9.227421283721923828e-01
-9.899900000000000000e+04
-9.899900000000000000e+04
-9.899900000000000000e+04
8.776224255561828613e-01
8.008372783660888672e-01
-9.899900000000000000e+04
-9.899900000000000000e+04
-9.899900000000000000e+04
-9.899900000000000000e+04
9.744173884391784668e-01
8.901495933532714844e-01
-9.899900000000000000e+04
-9.899900000000000000e+04
8.691486716270446777e-01
9.729126691818237305e-01
8.914744257926940918e-01
-9.899900000000000000e+04
9.887934327125549316e-01
-9.899900000000000000e+04
7.939856052398681641e-01
-9.899900000000000000e+04
-9.899900000000000000e+04
-9.899900000000000000e+04
8.773390650749206543e-01
-9.899900000000000000e+04
-9.899900000000000000e+04
-9.899900000000000000e+04
-9.899900000000000000e+04
-9.899900000000000000e+04
-9.899900000000000000e+04
-9.899900000000000000e+04
-9.899900000000000000e+04
-9.899900000000000000e+04
-9.899900000000000000e+04
-9.899900000000000000e+04
5.037713646888732910e-01
-9.899900000000000000e+04
-9.899900000000000000e+04
-9.899900000000000000e+04
-9.899900000000000000e+04
-9.899900000000000000e+04
-9.899900000000000000e+04
