6.461329460144042969e-01
6.257067918777465820e-01
6.388311982154846191e-01
6.595162153244018555e-01
6.476992368698120117e-01
6.481469869613647461e-01
6.603446006774902344e-01
6.703080534934997559e-01
6.649832725524902344e-01
6.637250781059265137e-01
6.625410914421081543e-01
6.636283397674560547e-01
6.663303375244140625e-01
6.589918732643127441e-01
6.657516956329345703e-01
6.729526519775390625e-01
6.781916618347167969e-01
6.880912780761718750e-01
6.756566762924194336e-01
6.843210458755493164e-01
6.768352389335632324e-01
6.750268340110778809e-01
6.786067485809326172e-01
6.899821162223815918e-01
6.891497969627380371e-01
7.001173496246337891e-01
6.898172497749328613e-01
6.931471824645996094e-01
6.884492635726928711e-01
7.025297880172729492e-01
6.960663795471191406e-01
6.802216172218322754e-01
6.844068169593811035e-01
7.008664011955261230e-01
6.898364424705505371e-01
7.008562088012695312e-01
7.000192999839782715e-01
6.973177790641784668e-01
7.011813521385192871e-01
7.072448730468750000e-01
7.080223560333251953e-01
7.111771106719970703e-01
7.144544720649719238e-01
7.111531496047973633e-01
7.092709541320800781e-01
7.004425525665283203e-01
7.211997509002685547e-01
7.126666307449340820e-01
7.148375511169433594e-01
6.940296292304992676e-01
6.925098896026611328e-01
6.878099441528320312e-01
7.003411054611206055e-01
7.056154608726501465e-01
7.053207755088806152e-01
7.274959683418273926e-01
7.147767543792724609e-01
7.230278849601745605e-01
7.067835330963134766e-01
7.272276878356933594e-01
7.025709152221679688e-01
7.109509110450744629e-01
7.040683031082153320e-01
7.153760194778442383e-01
7.353583574295043945e-01
7.235648036003112793e-01
7.295673489570617676e-01
7.396002411842346191e-01
7.379841208457946777e-01
7.321793437004089355e-01
7.122330665588378906e-01
7.307549715042114258e-01
7.314475774765014648e-01
7.468018531799316406e-01
7.552247643470764160e-01
7.207707166671752930e-01
7.462908625602722168e-01
7.691502571105957031e-01
7.661681771278381348e-01
7.459312677383422852e-01
7.416322827339172363e-01
7.459565401077270508e-01
7.465393543243408203e-01
7.689022421836853027e-01
7.640705704689025879e-01
7.769687771797180176e-01
7.711385488510131836e-01
7.376995682716369629e-01
7.740464806556701660e-01
7.686590552330017090e-01
7.608367800712585449e-01
7.727196216583251953e-01
7.977218627929687500e-01
7.764961123466491699e-01
7.907085418701171875e-01
7.713316679000854492e-01
7.859946489334106445e-01
7.995239496231079102e-01
7.928946614265441895e-01
7.944423556327819824e-01
7.952486276626586914e-01
7.893125414848327637e-01
7.952826619148254395e-01
7.728401422500610352e-01
8.014321923255920410e-01
7.967520356178283691e-01
8.030315041542053223e-01
7.936801910400390625e-01
7.976790070533752441e-01
8.156535625457763672e-01
8.191974163055419922e-01
7.877973318099975586e-01
8.156837821006774902e-01
8.112808465957641602e-01
7.958029508590698242e-01
8.421536087989807129e-01
8.210089802742004395e-01
7.912904620170593262e-01
8.390023112297058105e-01
8.259719610214233398e-01
8.242261409759521484e-01
8.365468382835388184e-01
8.353570699691772461e-01
8.634626865386962891e-01
8.567506670951843262e-01
8.506094813346862793e-01
8.574054241180419922e-01
8.466478586196899414e-01
8.479034304618835449e-01
8.685356378555297852e-01
8.634018301963806152e-01
8.460783362388610840e-01
8.655223250389099121e-01
8.779739141464233398e-01
7.628858685493469238e-01
8.774794936180114746e-01
8.721511960029602051e-01
8.958534598350524902e-01
8.604500293731689453e-01
8.831083774566650391e-01
8.688768744468688965e-01
8.776884078979492188e-01
8.964994549751281738e-01
8.837226629257202148e-01
9.037847518920898438e-01
8.884367346763610840e-01
8.643221855163574219e-01
9.002954363822937012e-01
8.952706456184387207e-01
9.064298272132873535e-01
8.832148313522338867e-01
8.762744665145874023e-01
9.081834554672241211e-01
9.142020940780639648e-01
8.831905126571655273e-01
8.827818036079406738e-01
8.877192735671997070e-01
9.097847342491149902e-01
8.717840313911437988e-01
9.068732857704162598e-01
9.199340939521789551e-01
9.062086939811706543e-01
8.898501992225646973e-01
9.354408979415893555e-01
9.018932580947875977e-01
9.187927246093750000e-01
8.764678835868835449e-01
9.178858995437622070e-01
9.432030916213989258e-01
9.259614944458007812e-01
9.190940856933593750e-01
9.171718358993530273e-01
8.262671828269958496e-01
9.161311984062194824e-01
9.355427026748657227e-01
9.215504527091979980e-01
8.667273521423339844e-01
9.423109292984008789e-01
8.463167548179626465e-01
8.019009828567504883e-01
9.156851768493652344e-01
9.295057058334350586e-01
9.429154992103576660e-01
9.548053145408630371e-01
9.607260227203369141e-01
9.502217769622802734e-01
9.759453535079956055e-01
8.396085500717163086e-01
9.683364629745483398e-01
9.811831116676330566e-01
9.655691385269165039e-01
9.402045607566833496e-01
9.856827855110168457e-01
9.801850914955139160e-01
9.721981287002563477e-01
9.665011763572692871e-01
9.774109125137329102e-01
1.001532316207885742e+00
9.770279526710510254e-01
9.687924981117248535e-01
9.388233423233032227e-01
-9.899900000000000000e+04
-9.899900000000000000e+04
9.691811800003051758e-01
9.686141610145568848e-01
1.022657990455627441e+00
9.731550812721252441e-01
9.785579442977905273e-01
-9.899900000000000000e+04
