6.461329460144042969e-01
6.257067918777465820e-01
6.406359076499938965e-01
6.632860302925109863e-01
6.627352833747863770e-01
6.478809714317321777e-01
6.616687774658203125e-01
6.749265789985656738e-01
6.592803001403808594e-01
6.673698425292968750e-01
6.664795279502868652e-01
6.636283397674560547e-01
6.691736578941345215e-01
6.546568870544433594e-01
6.713212132453918457e-01
6.715213656425476074e-01
6.745044589042663574e-01
6.660917401313781738e-01
6.686673164367675781e-01
6.879869699478149414e-01
6.926071047782897949e-01
6.825096607208251953e-01
6.807523369789123535e-01
6.934551596641540527e-01
7.024981975555419922e-01
6.943572759628295898e-01
6.897016167640686035e-01
7.017132043838500977e-01
6.996704936027526855e-01
6.921409368515014648e-01
6.855580806732177734e-01
7.012380361557006836e-01
6.960031986236572266e-01
6.989716887474060059e-01
6.939059495925903320e-01
6.957734823226928711e-01
7.021217942237854004e-01
6.973177790641784668e-01
6.934514641761779785e-01
7.162116169929504395e-01
7.130106091499328613e-01
7.170456647872924805e-01
7.133802771568298340e-01
7.088769078254699707e-01
6.996588110923767090e-01
6.933972239494323730e-01
7.022421360015869141e-01
7.143869996070861816e-01
7.167919278144836426e-01
7.130031585693359375e-01
7.014873623847961426e-01
7.044476270675659180e-01
7.135831117630004883e-01
7.033600807189941406e-01
7.197744846343994141e-01
7.070222496986389160e-01
7.200000882148742676e-01
6.979369521141052246e-01
7.069463729858398438e-01
6.999584436416625977e-01
7.159329652786254883e-01
7.259098887443542480e-01
7.261838912963867188e-01
7.194871306419372559e-01
7.351742982864379883e-01
7.339298129081726074e-01
7.363924384117126465e-01
7.325798869132995605e-01
7.230811715126037598e-01
7.138234376907348633e-01
7.225989699363708496e-01
7.342747449874877930e-01
7.557505369186401367e-01
7.646565437316894531e-01
7.400583624839782715e-01
7.440677881240844727e-01
7.646420598030090332e-01
7.407673001289367676e-01
7.378613948822021484e-01
7.359490990638732910e-01
7.552897930145263672e-01
7.648152112960815430e-01
7.560621500015258789e-01
7.458199858665466309e-01
7.382140159606933594e-01
7.808263301849365234e-01
7.808123230934143066e-01
7.723940610885620117e-01
7.645079493522644043e-01
7.720444202423095703e-01
7.720801234245300293e-01
7.822783589363098145e-01
7.937436103820800781e-01
7.725939750671386719e-01
7.969011664390563965e-01
7.825172543525695801e-01
7.903525829315185547e-01
8.045885562896728516e-01
7.894797325134277344e-01
7.649105191230773926e-01
7.877834439277648926e-01
8.017025589942932129e-01
7.690350413322448730e-01
7.770776152610778809e-01
7.982501387596130371e-01
8.020191192626953125e-01
7.971448898315429688e-01
8.123041987419128418e-01
8.177562952041625977e-01
7.947874665260314941e-01
8.132817149162292480e-01
8.266053795814514160e-01
8.145690560340881348e-01
8.063001632690429688e-01
7.820424437522888184e-01
8.244544863700866699e-01
8.150124549865722656e-01
8.173830509185791016e-01
8.131775856018066406e-01
8.281232118606567383e-01
8.516999483108520508e-01
8.496087789535522461e-01
8.378839492797851562e-01
8.525323271751403809e-01
8.462015986442565918e-01
8.595450520515441895e-01
8.467084169387817383e-01
8.493216037750244141e-01
8.628581166267395020e-01
8.502108454704284668e-01
8.553742766380310059e-01
8.822895288467407227e-01
8.209186196327209473e-01
7.961955666542053223e-01
8.765597939491271973e-01
8.578767180442810059e-01
8.615042567253112793e-01
8.450393080711364746e-01
8.534319400787353516e-01
8.777907490730285645e-01
8.316892385482788086e-01
8.833683729171752930e-01
8.998934626579284668e-01
8.842109441757202148e-01
8.775833845138549805e-01
8.680201172828674316e-01
8.990410566329956055e-01
9.036887288093566895e-01
8.615040183067321777e-01
7.589139938354492188e-01
8.851976394653320312e-01
8.880249261856079102e-01
9.110385179519653320e-01
8.896688818931579590e-01
8.926030397415161133e-01
9.036404490470886230e-01
8.940436840057373047e-01
9.136538505554199219e-01
9.107223749160766602e-01
9.117092490196228027e-01
8.912095427513122559e-01
8.967329263687133789e-01
9.171922802925109863e-01
9.178528785705566406e-01
8.592780828475952148e-01
9.188019633293151855e-01
8.821419477462768555e-01
9.309856891632080078e-01
9.319244027137756348e-01
8.841727972030639648e-01
8.322446942329406738e-01
9.254942536354064941e-01
9.531837701797485352e-01
8.733688592910766602e-01
9.311960935592651367e-01
8.702725172042846680e-01
9.504311680793762207e-01
8.964890241622924805e-01
9.341513514518737793e-01
9.310534000396728516e-01
9.276058673858642578e-01
9.268506765365600586e-01
9.420047998428344727e-01
9.489260911941528320e-01
8.800317645072937012e-01
9.545760750770568848e-01
9.717506170272827148e-01
8.215548396110534668e-01
9.565324783325195312e-01
9.686352610588073730e-01
9.651333689689636230e-01
9.194241166114807129e-01
9.613618850708007812e-01
9.302289485931396484e-01
8.595659136772155762e-01
9.331989884376525879e-01
9.446789622306823730e-01
9.842137098312377930e-01
8.591490983963012695e-01
9.803124070167541504e-01
9.828436374664306641e-01
9.754926562309265137e-01
-9.899900000000000000e+04
1.014909386634826660e+00
9.872313737869262695e-01
-9.899900000000000000e+04
1.009063005447387695e+00
9.826188683509826660e-01
1.003546237945556641e+00
9.808920621871948242e-01
9.698827862739562988e-01
-9.899900000000000000e+04
-9.899900000000000000e+04
-1.875273436307907104e-01
-9.899900000000000000e+04
-9.899900000000000000e+04
-9.899900000000000000e+04
-9.899900000000000000e+04
-9.899900000000000000e+04
7.269625067710876465e-01
9.199153780937194824e-01
-9.899900000000000000e+04
6.843020915985107422e-01
-9.899900000000000000e+04
-9.899900000000000000e+04
9.673573970794677734e-01
-9.899900000000000000e+04
-9.899900000000000000e+04
8.750081062316894531e-01
-9.899900000000000000e+04
-9.899900000000000000e+04
