6.291534900665283203e-01
6.257067918777465820e-01
6.562239527702331543e-01
6.632860302925109863e-01
6.657932400703430176e-01
6.503523588180541992e-01
6.546016335487365723e-01
6.693965792655944824e-01
6.802015900611877441e-01
6.654602885246276855e-01
6.664795279502868652e-01
6.531379818916320801e-01
6.753827929496765137e-01
6.532153487205505371e-01
6.657516956329345703e-01
6.729526519775390625e-01
6.809154748916625977e-01
6.874428987503051758e-01
6.890469193458557129e-01
6.764035224914550781e-01
6.925835013389587402e-01
6.806604266166687012e-01
6.518429517745971680e-01
6.882084012031555176e-01
6.923391222953796387e-01
6.942903995513916016e-01
7.000611424446105957e-01
6.798931956291198730e-01
6.846292614936828613e-01
7.090559601783752441e-01
6.872646808624267578e-01
6.980200409889221191e-01
6.951276063919067383e-01
6.897970438003540039e-01
6.954813003540039062e-01
6.958934068679809570e-01
6.950838565826416016e-01
6.975836753845214844e-01
7.014056444168090820e-01
7.164593338966369629e-01
7.164274454116821289e-01
7.117894291877746582e-01
7.142788767814636230e-01
6.906437277793884277e-01
7.049151659011840820e-01
7.059212327003479004e-01
7.043733596801757812e-01
7.033877968788146973e-01
7.066257596015930176e-01
7.163237929344177246e-01
7.079085111618041992e-01
7.030259966850280762e-01
7.174737453460693359e-01
7.047326564788818359e-01
7.078912854194641113e-01
7.201446890830993652e-01
7.201563715934753418e-01
7.110093832015991211e-01
7.162863016128540039e-01
7.155988812446594238e-01
7.252534627914428711e-01
7.318619489669799805e-01
7.150278091430664062e-01
7.259426712989807129e-01
7.295489907264709473e-01
7.323266267776489258e-01
7.227243781089782715e-01
7.376446723937988281e-01
7.204973101615905762e-01
7.261420488357543945e-01
7.334941625595092773e-01
7.464995384216308594e-01
7.506501078605651855e-01
7.497004866600036621e-01
7.308493852615356445e-01
7.398713231086730957e-01
7.427237629890441895e-01
7.279599905014038086e-01
7.527483105659484863e-01
7.465851902961730957e-01
7.472692728042602539e-01
7.324924468994140625e-01
7.643865942955017090e-01
7.738212347030639648e-01
7.670317292213439941e-01
7.690253853797912598e-01
7.722724676132202148e-01
7.771468162536621094e-01
7.815887928009033203e-01
7.747846245765686035e-01
7.752932906150817871e-01
7.824224233627319336e-01
7.850432991981506348e-01
7.782113552093505859e-01
7.925004363059997559e-01
7.943277359008789062e-01
7.744799256324768066e-01
7.978404760360717773e-01
7.886776328086853027e-01
7.645348906517028809e-01
7.711207270622253418e-01
7.954757213592529297e-01
7.884389758110046387e-01
7.912178039550781250e-01
8.007334470748901367e-01
8.176785111427307129e-01
7.942665219306945801e-01
8.172428011894226074e-01
8.057788014411926270e-01
8.112496733665466309e-01
7.988812923431396484e-01
7.931388616561889648e-01
8.158621788024902344e-01
8.183782696723937988e-01
8.057454824447631836e-01
8.306655287742614746e-01
7.912296056747436523e-01
8.321707248687744141e-01
8.440956473350524902e-01
8.474654555320739746e-01
8.414086699485778809e-01
8.225597739219665527e-01
8.303910493850708008e-01
8.347149491310119629e-01
8.343353867530822754e-01
8.622729182243347168e-01
8.601478934288024902e-01
8.417506217956542969e-01
8.366214036941528320e-01
8.677847981452941895e-01
8.609401583671569824e-01
8.565717339515686035e-01
8.523777127265930176e-01
8.543682098388671875e-01
8.608253002166748047e-01
8.802658915519714355e-01
8.802135586738586426e-01
8.327861428260803223e-01
8.836572766304016113e-01
8.861055374145507812e-01
8.367567658424377441e-01
8.772291541099548340e-01
8.772715926170349121e-01
8.848282694816589355e-01
9.048762917518615723e-01
8.944370746612548828e-01
8.986448645591735840e-01
8.973785042762756348e-01
8.922010064125061035e-01
8.474844694137573242e-01
8.679164052009582520e-01
9.074912667274475098e-01
8.973262310028076172e-01
8.836481571197509766e-01
8.809915781021118164e-01
8.938128352165222168e-01
8.835883736610412598e-01
9.195990562438964844e-01
8.658841252326965332e-01
9.164255857467651367e-01
8.728573918342590332e-01
9.204900860786437988e-01
8.732540011405944824e-01
9.063257575035095215e-01
9.254736900329589844e-01
7.345406413078308105e-01
9.136685729026794434e-01
9.374089837074279785e-01
8.496210575103759766e-01
8.688446879386901855e-01
9.143629670143127441e-01
9.406151771545410156e-01
8.185471892356872559e-01
9.433603286743164062e-01
9.398402571678161621e-01
7.411623597145080566e-01
9.437256455421447754e-01
9.329374432563781738e-01
9.251288771629333496e-01
9.501629471778869629e-01
7.396855950355529785e-01
9.358733892440795898e-01
9.498668909072875977e-01
8.200590014457702637e-01
9.352887272834777832e-01
8.219324946403503418e-01
9.555376172065734863e-01
9.539120197296142578e-01
9.423168897628784180e-01
9.594196677207946777e-01
9.703297615051269531e-01
8.407711386680603027e-01
9.892539381980895996e-01
9.897105693817138672e-01
9.804043173789978027e-01
9.803075790405273438e-01
9.712864160537719727e-01
9.698672294616699219e-01
-9.899900000000000000e+04
9.957385063171386719e-01
8.339030146598815918e-01
8.522213697433471680e-01
8.938254117965698242e-01
9.802201986312866211e-01
