6.225892305374145508e-01
6.517849564552307129e-01
6.388311982154846191e-01
6.606395840644836426e-01
6.627352833747863770e-01
6.518133878707885742e-01
6.592960357666015625e-01
6.608954071998596191e-01
6.583522558212280273e-01
6.654602885246276855e-01
6.639269590377807617e-01
6.803489923477172852e-01
6.678974032402038574e-01
6.740311384201049805e-01
6.669101715087890625e-01
6.849688887596130371e-01
6.809154748916625977e-01
6.869531869888305664e-01
6.685377955436706543e-01
6.843210458755493164e-01
6.897858977317810059e-01
6.753291487693786621e-01
6.518429517745971680e-01
6.878223419189453125e-01
7.024981975555419922e-01
7.008943557739257812e-01
6.893593072891235352e-01
7.043316960334777832e-01
6.968358159065246582e-01
6.944173574447631836e-01
6.954346299171447754e-01
6.870106458663940430e-01
6.791743040084838867e-01
7.021601200103759766e-01
6.954317092895507812e-01
6.926329731941223145e-01
6.941249370574951172e-01
6.964154839515686035e-01
7.097616195678710938e-01
7.162116169929504395e-01
7.015979290008544922e-01
7.122882604598999023e-01
7.084654569625854492e-01
6.997888088226318359e-01
7.114667296409606934e-01
7.150518298149108887e-01
7.107580304145812988e-01
7.094050049781799316e-01
7.113254666328430176e-01
7.185525894165039062e-01
7.172269225120544434e-01
7.129029631614685059e-01
7.086820006370544434e-01
7.169107794761657715e-01
7.112509012222290039e-01
7.227749824523925781e-01
6.852000951766967773e-01
7.124180197715759277e-01
7.244324088096618652e-01
7.116311192512512207e-01
7.102628350257873535e-01
7.211647033691406250e-01
7.284892797470092773e-01
7.289120554924011230e-01
7.217085361480712891e-01
7.374175190925598145e-01
7.350648045539855957e-01
7.273997664451599121e-01
7.221910357475280762e-01
7.382099032402038574e-01
7.276847958564758301e-01
7.345039844512939453e-01
7.472409009933471680e-01
7.479305267333984375e-01
7.385898232460021973e-01
7.673727273941040039e-01
7.623803019523620605e-01
7.598730921745300293e-01
7.293174266815185547e-01
7.285611629486083984e-01
7.615285515785217285e-01
7.438346147537231445e-01
7.379789948463439941e-01
7.253431081771850586e-01
7.600970864295959473e-01
7.301030158996582031e-01
7.765564322471618652e-01
7.692859768867492676e-01
7.623224854469299316e-01
7.438914775848388672e-01
7.872568964958190918e-01
7.886883616447448730e-01
7.766043543815612793e-01
7.895441055297851562e-01
7.853701710700988770e-01
7.847426533699035645e-01
7.945221066474914551e-01
7.914512157440185547e-01
7.826194167137145996e-01
7.683696746826171875e-01
7.891192436218261719e-01
7.704420685768127441e-01
7.880277037620544434e-01
7.923386096954345703e-01
7.811769247055053711e-01
7.849449515342712402e-01
7.873678207397460938e-01
7.819544672966003418e-01
8.132604360580444336e-01
8.095442652702331543e-01
7.892841100692749023e-01
8.199077844619750977e-01
8.194525837898254395e-01
8.199103474617004395e-01
8.169619441032409668e-01
7.867369055747985840e-01
8.082257509231567383e-01
8.296841979026794434e-01
7.820833325386047363e-01
8.404901623725891113e-01
8.413795232772827148e-01
8.623540997505187988e-01
8.475385308265686035e-01
8.442693948745727539e-01
8.207390904426574707e-01
8.585098385810852051e-01
8.489621877670288086e-01
8.529365062713623047e-01
8.432108759880065918e-01
8.658582568168640137e-01
8.532137870788574219e-01
8.567323088645935059e-01
8.672360777854919434e-01
8.155540227890014648e-01
8.791952729225158691e-01
8.801078200340270996e-01
8.800363540649414062e-01
8.871515393257141113e-01
8.395630121231079102e-01
8.697409629821777344e-01
8.650368452072143555e-01
8.668154478073120117e-01
8.884398341178894043e-01
8.944588899612426758e-01
8.513628840446472168e-01
8.832527399063110352e-01
8.948955535888671875e-01
8.922976851463317871e-01
8.799438476562500000e-01
8.591064810752868652e-01
8.853470087051391602e-01
9.046553373336791992e-01
8.974868059158325195e-01
8.773192763328552246e-01
8.983401060104370117e-01
9.113977551460266113e-01
8.906666040420532227e-01
8.755658268928527832e-01
8.542065024375915527e-01
8.163940310478210449e-01
8.961721062660217285e-01
9.108284115791320801e-01
8.431351184844970703e-01
9.128458499908447266e-01
9.084278345108032227e-01
8.205050230026245117e-01
9.153702259063720703e-01
9.238047003746032715e-01
9.233962297439575195e-01
9.187535643577575684e-01
9.136818647384643555e-01
8.978363275527954102e-01
9.390225410461425781e-01
9.441402554512023926e-01
8.357157707214355469e-01
9.285519123077392578e-01
9.334457516670227051e-01
9.307149052619934082e-01
9.535310864448547363e-01
9.257543087005615234e-01
9.552668929100036621e-01
9.175860285758972168e-01
9.703121185302734375e-01
9.661856293678283691e-01
8.980502486228942871e-01
9.477992653846740723e-01
7.805995345115661621e-01
8.386924862861633301e-01
9.697781801223754883e-01
9.786338210105895996e-01
9.846097230911254883e-01
9.640512466430664062e-01
9.608631134033203125e-01
9.912191033363342285e-01
9.735570549964904785e-01
9.352372288703918457e-01
9.870276451110839844e-01
9.470894336700439453e-01
9.695631861686706543e-01
9.948842525482177734e-01
1.000332593917846680e+00
9.826298952102661133e-01
9.667907953262329102e-01
-9.899900000000000000e+04
9.795089364051818848e-01
