6.461329460144042969e-01
6.245424747467041016e-01
6.562239527702331543e-01
6.651226878166198730e-01
6.455930471420288086e-01
6.518133878707885742e-01
6.541773080825805664e-01
6.678663492202758789e-01
6.649832725524902344e-01
6.654602885246276855e-01
6.748403310775756836e-01
6.636283397674560547e-01
6.676720976829528809e-01
6.785833835601806641e-01
6.836334466934204102e-01
6.884148120880126953e-01
6.809154748916625977e-01
6.616569757461547852e-01
6.881949305534362793e-01
6.843210458755493164e-01
6.913586258888244629e-01
6.875352263450622559e-01
6.834138631820678711e-01
6.934551596641540527e-01
7.060412764549255371e-01
6.879019737243652344e-01
6.959459185600280762e-01
7.035475373268127441e-01
6.866332292556762695e-01
7.096251845359802246e-01
6.998301744461059570e-01
6.895745396614074707e-01
6.974868178367614746e-01
6.937133073806762695e-01
6.902229189872741699e-01
6.923815608024597168e-01
6.958599090576171875e-01
6.964154839515686035e-01
7.071206569671630859e-01
7.057856917381286621e-01
7.052266597747802734e-01
6.907579302787780762e-01
7.011201977729797363e-01
7.018863558769226074e-01
7.030788064002990723e-01
7.108951807022094727e-01
7.075647115707397461e-01
7.116648554801940918e-01
7.056736350059509277e-01
7.111005783081054688e-01
7.230461239814758301e-01
7.027584910392761230e-01
7.131426930427551270e-01
7.041590213775634766e-01
7.196795344352722168e-01
6.922484636306762695e-01
7.087124586105346680e-01
7.098596692085266113e-01
7.246124744415283203e-01
7.291025519371032715e-01
7.038909792900085449e-01
7.343337535858154297e-01
7.265845537185668945e-01
7.230010032653808594e-01
7.317045331001281738e-01
7.381956577301025391e-01
7.242075204849243164e-01
7.206441760063171387e-01
7.405138611793518066e-01
7.274049520492553711e-01
7.353344559669494629e-01
7.460710406303405762e-01
7.452832460403442383e-01
7.482602596282958984e-01
7.415606379508972168e-01
7.627480626106262207e-01
7.464082837104797363e-01
7.327395677566528320e-01
7.369102239608764648e-01
7.441956400871276855e-01
7.558400630950927734e-01
7.627583146095275879e-01
7.570173740386962891e-01
7.483035326004028320e-01
7.680241465568542480e-01
7.528697848320007324e-01
7.634278535842895508e-01
7.583007812500000000e-01
7.849773764610290527e-01
7.746954560279846191e-01
7.576954364776611328e-01
7.597861886024475098e-01
7.786648869514465332e-01
7.940967679023742676e-01
7.915822267532348633e-01
7.883714437484741211e-01
7.923002839088439941e-01
7.571411728858947754e-01
7.774441242218017578e-01
7.934555411338806152e-01
7.768563628196716309e-01
7.874227166175842285e-01
8.000551462173461914e-01
7.906764745712280273e-01
7.896270155906677246e-01
7.972741127014160156e-01
7.968149185180664062e-01
8.100779056549072266e-01
7.890759706497192383e-01
8.168538808822631836e-01
7.708193659782409668e-01
8.241344094276428223e-01
8.266445994377136230e-01
8.258220553398132324e-01
8.123955130577087402e-01
8.270395398139953613e-01
8.294625282287597656e-01
8.283963799476623535e-01
8.061994910240173340e-01
8.133868575096130371e-01
8.255228400230407715e-01
8.306923508644104004e-01
8.402255177497863770e-01
8.617044091224670410e-01
8.420913815498352051e-01
8.469273447990417480e-01
8.502008914947509766e-01
8.607633113861083984e-01
8.593750000000000000e-01
8.173351287841796875e-01
8.692625761032104492e-01
8.585842847824096680e-01
8.583487868309020996e-01
8.359172940254211426e-01
8.686457872390747070e-01
8.699457645416259766e-01
8.754971623420715332e-01
8.763040900230407715e-01
8.826128244400024414e-01
8.675148487091064453e-01
8.749389648437500000e-01
8.821753263473510742e-01
8.859078884124755859e-01
8.575683832168579102e-01
8.736438155174255371e-01
8.914554119110107422e-01
8.548190593719482422e-01
9.059268236160278320e-01
9.008709192276000977e-01
8.908126950263977051e-01
8.292108178138732910e-01
8.630327582359313965e-01
8.643682003021240234e-01
8.863947987556457520e-01
8.540264368057250977e-01
9.098273515701293945e-01
8.783796429634094238e-01
8.444221019744873047e-01
8.864751458168029785e-01
8.954914212226867676e-01
9.256867170333862305e-01
9.155310392379760742e-01
8.724239468574523926e-01
9.290184378623962402e-01
9.285969138145446777e-01
9.184121489524841309e-01
9.094206094741821289e-01
9.240933060646057129e-01
8.836948275566101074e-01
8.558163642883300781e-01
9.183751344680786133e-01
9.177439212799072266e-01
9.068899750709533691e-01
9.136384129524230957e-01
9.352458715438842773e-01
9.458732008934020996e-01
9.498417377471923828e-01
8.543431162834167480e-01
7.632807493209838867e-01
8.311429023742675781e-01
9.316465258598327637e-01
9.660620689392089844e-01
9.273320436477661133e-01
8.991131186485290527e-01
9.480109810829162598e-01
9.512307047843933105e-01
9.595246911048889160e-01
9.629593491554260254e-01
9.419580101966857910e-01
9.648033976554870605e-01
9.761846065521240234e-01
9.695001244544982910e-01
8.796125650405883789e-01
9.776933193206787109e-01
9.688642024993896484e-01
9.418531656265258789e-01
9.535629749298095703e-01
9.900394082069396973e-01
9.530321359634399414e-01
9.846581220626831055e-01
9.008240103721618652e-01
9.786826968193054199e-01
-9.899900000000000000e+04
9.761174321174621582e-01
9.735624790191650391e-01
-9.899900000000000000e+04
9.847304821014404297e-01
-9.899900000000000000e+04
9.860898852348327637e-01
9.809190630912780762e-01
8.866731524467468262e-01
8.448730707168579102e-01
9.493981599807739258e-01
-9.899900000000000000e+04
-9.899900000000000000e+04
-9.899900000000000000e+04
8.333873748779296875e-01
9.683287143707275391e-01
-9.899900000000000000e+04
-9.899900000000000000e+04
-9.899900000000000000e+04
-9.899900000000000000e+04
-9.899900000000000000e+04
-9.899900000000000000e+04
-9.899900000000000000e+04
-9.899900000000000000e+04
