6.225892305374145508e-01
6.517849564552307129e-01
6.407510042190551758e-01
6.632860302925109863e-01
6.467798352241516113e-01
6.521380543708801270e-01
6.616687774658203125e-01
6.748265624046325684e-01
6.592803001403808594e-01
6.635634899139404297e-01
6.664795279502868652e-01
6.636283397674560547e-01
6.751718521118164062e-01
6.744965314865112305e-01
6.822105050086975098e-01
6.848675608634948730e-01
6.809154748916625977e-01
6.794753074645996094e-01
6.745790243148803711e-01
6.875582337379455566e-01
6.871049404144287109e-01
6.802825331687927246e-01
6.753086447715759277e-01
7.017838954925537109e-01
6.930550932884216309e-01
6.980122923851013184e-01
7.026354074478149414e-01
6.931471824645996094e-01
6.958838105201721191e-01
6.945591568946838379e-01
6.924442052841186523e-01
6.934030055999755859e-01
7.017874121665954590e-01
6.914362907409667969e-01
6.906443834304809570e-01
6.855990290641784668e-01
6.958599090576171875e-01
7.035740017890930176e-01
7.074337601661682129e-01
7.157986760139465332e-01
7.065399885177612305e-01
7.124544382095336914e-01
7.103185653686523438e-01
7.019787430763244629e-01
7.070721387863159180e-01
7.003515362739562988e-01
7.078362703323364258e-01
7.198475599288940430e-01
7.158027291297912598e-01
7.084162235260009766e-01
7.108845710754394531e-01
7.095718383789062500e-01
7.025567293167114258e-01
7.165030837059020996e-01
7.070987820625305176e-01
7.028695344924926758e-01
7.243130803108215332e-01
7.225053310394287109e-01
7.262994647026062012e-01
7.186870574951171875e-01
7.155215144157409668e-01
7.311574220657348633e-01
7.349886298179626465e-01
7.255190014839172363e-01
7.056789398193359375e-01
7.213831543922424316e-01
7.143611311912536621e-01
7.146754264831542969e-01
7.256159186363220215e-01
7.327330708503723145e-01
7.325952053070068359e-01
7.464895248413085938e-01
7.145658731460571289e-01
7.480016350746154785e-01
7.400962710380554199e-01
7.511041164398193359e-01
7.400102019309997559e-01
7.650593519210815430e-01
7.537957429885864258e-01
7.328482866287231445e-01
7.540865540504455566e-01
7.421699762344360352e-01
7.441843152046203613e-01
7.625699639320373535e-01
7.568031549453735352e-01
7.333323955535888672e-01
7.734814286231994629e-01
7.662851214408874512e-01
7.898383736610412598e-01
7.839608192443847656e-01
7.697768807411193848e-01
7.911521196365356445e-01
7.939019799232482910e-01
7.834511399269104004e-01
7.893193960189819336e-01
7.834467291831970215e-01
7.716185450553894043e-01
7.873579263687133789e-01
7.937523126602172852e-01
7.870085835456848145e-01
7.918280959129333496e-01
7.922860980033874512e-01
8.017204403877258301e-01
7.901663780212402344e-01
8.098398447036743164e-01
7.824383378028869629e-01
7.800822854042053223e-01
8.044878244400024414e-01
8.201745748519897461e-01
8.063372373580932617e-01
8.103533983230590820e-01
8.217754364013671875e-01
8.085201978683471680e-01
8.209173679351806641e-01
8.217613101005554199e-01
8.219953179359436035e-01
8.216678500175476074e-01
8.340312242507934570e-01
8.354936242103576660e-01
8.383774757385253906e-01
8.302596807479858398e-01
8.508524894714355469e-01
8.516743779182434082e-01
8.565655350685119629e-01
8.585747480392456055e-01
8.060880899429321289e-01
8.491570949554443359e-01
8.577091693878173828e-01
7.996728420257568359e-01
8.396987915039062500e-01
8.503547310829162598e-01
8.447302579879760742e-01
8.682605624198913574e-01
8.683956265449523926e-01
8.630686998367309570e-01
8.782047629356384277e-01
8.751673102378845215e-01
8.669869899749755859e-01
8.657228350639343262e-01
8.688862919807434082e-01
8.859961628913879395e-01
8.838612437248229980e-01
8.797770738601684570e-01
8.646817207336425781e-01
8.812585473060607910e-01
8.781026601791381836e-01
8.811877369880676270e-01
8.934167027473449707e-01
8.818598389625549316e-01
8.806045055389404297e-01
8.977400064468383789e-01
8.747080564498901367e-01
9.068064689636230469e-01
8.599743843078613281e-01
8.595529198646545410e-01
9.160312414169311523e-01
8.930739760398864746e-01
9.110019803047180176e-01
8.915162682533264160e-01
8.914471268653869629e-01
8.707021474838256836e-01
9.083267450332641602e-01
9.236197471618652344e-01
9.270377755165100098e-01
8.785458207130432129e-01
9.040254354476928711e-01
9.295207262039184570e-01
9.226578474044799805e-01
9.390115141868591309e-01
9.083527326583862305e-01
9.140462875366210938e-01
9.280684590339660645e-01
9.355639219284057617e-01
9.274476766586303711e-01
9.288773536682128906e-01
9.415606260299682617e-01
9.541960358619689941e-01
8.578821420669555664e-01
9.567140340805053711e-01
9.460834264755249023e-01
9.259816408157348633e-01
9.425830245018005371e-01
9.422609210014343262e-01
9.484314322471618652e-01
9.305078387260437012e-01
9.585430622100830078e-01
7.982971072196960449e-01
9.541721343994140625e-01
9.583448171615600586e-01
9.856216311454772949e-01
9.873772263526916504e-01
9.793079495429992676e-01
9.898746013641357422e-01
8.589450716972351074e-01
9.597622752189636230e-01
9.766936898231506348e-01
9.112221598625183105e-01
9.849351048469543457e-01
