6.461329460144042969e-01
6.245424747467041016e-01
6.406359076499938965e-01
6.595162153244018555e-01
6.476992368698120117e-01
6.472339630126953125e-01
6.616687774658203125e-01
6.678663492202758789e-01
6.592803001403808594e-01
6.654602885246276855e-01
6.664795279502868652e-01
6.599124670028686523e-01
6.633976101875305176e-01
6.772983670234680176e-01
6.811007857322692871e-01
6.849688887596130371e-01
6.784713864326477051e-01
6.659859418869018555e-01
6.753183007240295410e-01
6.843210458755493164e-01
6.899451017379760742e-01
6.847827434539794922e-01
6.824870109558105469e-01
6.842138767242431641e-01
6.860341429710388184e-01
7.015670537948608398e-01
6.927769780158996582e-01
6.996856331825256348e-01
6.907861232757568359e-01
6.923171281814575195e-01
7.060992121696472168e-01
6.950945854187011719e-01
7.017874121665954590e-01
6.856771707534790039e-01
6.898364424705505371e-01
7.004256844520568848e-01
7.019261717796325684e-01
6.967431306838989258e-01
7.071206569671630859e-01
7.049015164375305176e-01
7.095009684562683105e-01
7.052552700042724609e-01
7.142788767814636230e-01
6.903681159019470215e-01
6.994770169258117676e-01
7.040646672248840332e-01
7.087698578834533691e-01
7.173901200294494629e-01
7.166249752044677734e-01
6.975342631340026855e-01
7.009264826774597168e-01
7.019679546356201172e-01
7.136003971099853516e-01
7.057414650917053223e-01
6.893690228462219238e-01
7.168338894844055176e-01
7.206289768218994141e-01
7.244016528129577637e-01
6.961336731910705566e-01
6.977242827415466309e-01
6.991460919380187988e-01
7.227888107299804688e-01
7.137263417243957520e-01
7.162262201309204102e-01
7.339996099472045898e-01
7.309597730636596680e-01
7.063759565353393555e-01
7.337127327919006348e-01
7.406116724014282227e-01
7.213382124900817871e-01
7.393206954002380371e-01
7.335968017578125000e-01
7.509105205535888672e-01
7.574959397315979004e-01
7.416409254074096680e-01
7.157727479934692383e-01
7.340774536132812500e-01
7.422022819519042969e-01
7.262527942657470703e-01
7.391678690910339355e-01
7.502246499061584473e-01
7.275503277778625488e-01
7.580476403236389160e-01
7.370586395263671875e-01
7.309106588363647461e-01
7.572227120399475098e-01
7.826968431472778320e-01
7.858835458755493164e-01
7.671036720275878906e-01
7.706069350242614746e-01
7.864439487457275391e-01
7.848604917526245117e-01
7.972066998481750488e-01
7.766400575637817383e-01
7.872645258903503418e-01
7.818341255187988281e-01
7.951132059097290039e-01
8.069596886634826660e-01
7.773635983467102051e-01
7.846500873565673828e-01
7.954888343811035156e-01
8.002541661262512207e-01
8.033049106597900391e-01
8.002397418022155762e-01
8.031910061836242676e-01
7.803709506988525391e-01
7.792581915855407715e-01
7.988620996475219727e-01
7.973091602325439453e-01
8.030316233634948730e-01
8.183656334877014160e-01
8.241037726402282715e-01
8.097781538963317871e-01
7.952141165733337402e-01
8.145756721496582031e-01
8.158745765686035156e-01
8.325471878051757812e-01
8.344433307647705078e-01
7.948449254035949707e-01
8.466163873672485352e-01
8.423611521720886230e-01
7.449418306350708008e-01
8.620447516441345215e-01
8.273515105247497559e-01
8.415173292160034180e-01
8.588083982467651367e-01
8.313394784927368164e-01
8.319578170776367188e-01
8.530361652374267578e-01
8.660559058189392090e-01
8.698762655258178711e-01
8.579239249229431152e-01
8.563444018363952637e-01
8.656225204467773438e-01
8.802987933158874512e-01
8.787977099418640137e-01
8.617016673088073730e-01
8.814913034439086914e-01
8.725019097328186035e-01
8.782796859741210938e-01
8.766427636146545410e-01
8.717263936996459961e-01
8.300173878669738770e-01
8.990308642387390137e-01
8.870044350624084473e-01
8.905676603317260742e-01
9.013264179229736328e-01
8.906515836715698242e-01
8.788669109344482422e-01
8.908399343490600586e-01
8.947687149047851562e-01
9.040539264678955078e-01
8.971281051635742188e-01
9.096767902374267578e-01
8.979495167732238770e-01
8.906332850456237793e-01
8.620820641517639160e-01
9.268422722816467285e-01
9.166671037673950195e-01
9.036797881126403809e-01
8.913424015045166016e-01
8.713892102241516113e-01
8.521410226821899414e-01
9.108500480651855469e-01
9.014343023300170898e-01
9.180575013160705566e-01
9.011704325675964355e-01
9.230043292045593262e-01
9.312009215354919434e-01
7.717422842979431152e-01
9.368618726730346680e-01
8.724696040153503418e-01
9.258970022201538086e-01
9.373587369918823242e-01
9.443153738975524902e-01
9.403987526893615723e-01
9.289294481277465820e-01
9.079716801643371582e-01
9.557093381881713867e-01
9.570629596710205078e-01
8.060175180435180664e-01
9.344316720962524414e-01
9.192871451377868652e-01
9.340735077857971191e-01
9.183429479598999023e-01
9.525434374809265137e-01
9.744169712066650391e-01
9.645910859107971191e-01
9.681018590927124023e-01
9.117835164070129395e-01
9.813849329948425293e-01
9.629986882209777832e-01
9.830598831176757812e-01
8.248139023780822754e-01
-9.899900000000000000e+04
9.809779524803161621e-01
9.825184345245361328e-01
9.778960943222045898e-01
9.732310175895690918e-01
9.860101342201232910e-01
9.894375801086425781e-01
-9.899900000000000000e+04
9.857185482978820801e-01
9.945422410964965820e-01
9.728531241416931152e-01
9.902849197387695312e-01
9.724328517913818359e-01
-9.899900000000000000e+04
