6.225892305374145508e-01
6.358127593994140625e-01
6.406359076499938965e-01
6.632860302925109863e-01
6.469347476959228516e-01
6.468650102615356445e-01
6.616687774658203125e-01
6.712651252746582031e-01
6.592803001403808594e-01
6.655529737472534180e-01
6.664795279502868652e-01
6.596245169639587402e-01
6.820835471153259277e-01
6.764656901359558105e-01
6.811007857322692871e-01
6.857078075408935547e-01
6.741776466369628906e-01
6.668570041656494141e-01
6.685377955436706543e-01
6.843210458755493164e-01
6.811931729316711426e-01
6.802825331687927246e-01
6.518429517745971680e-01
6.886864900588989258e-01
7.060412764549255371e-01
6.856634020805358887e-01
6.890025138854980469e-01
6.909219622611999512e-01
6.899530291557312012e-01
6.997045278549194336e-01
7.001370787620544434e-01
6.891896724700927734e-01
6.811395287513732910e-01
6.764941811561584473e-01
6.898364424705505371e-01
7.021046876907348633e-01
6.946555376052856445e-01
7.034287452697753906e-01
6.999636888504028320e-01
7.112755775451660156e-01
7.156443595886230469e-01
7.140213847160339355e-01
7.048807144165039062e-01
6.919518709182739258e-01
7.081490159034729004e-01
7.148278951644897461e-01
7.064504027366638184e-01
7.233045697212219238e-01
7.042805552482604980e-01
7.120383977890014648e-01
7.032396197319030762e-01
7.118235230445861816e-01
7.006764411926269531e-01
7.006999254226684570e-01
7.148129343986511230e-01
7.194600701332092285e-01
7.209824919700622559e-01
6.909765005111694336e-01
7.244086861610412598e-01
7.096313834190368652e-01
7.236177325248718262e-01
7.299346923828125000e-01
7.324553728103637695e-01
7.328350543975830078e-01
7.355407476425170898e-01
7.249259948730468750e-01
7.262235879898071289e-01
7.390935420989990234e-01
7.199575901031494141e-01
7.322642207145690918e-01
7.241734266281127930e-01
7.295391559600830078e-01
7.266895174980163574e-01
7.531495690345764160e-01
7.277289032936096191e-01
7.280949950218200684e-01
7.239823341369628906e-01
7.396932840347290039e-01
7.469166517257690430e-01
7.335398793220520020e-01
7.290661931037902832e-01
7.490150928497314453e-01
7.560598254203796387e-01
7.488812804222106934e-01
7.687131166458129883e-01
7.750740647315979004e-01
7.801294326782226562e-01
7.892162203788757324e-01
7.901809811592102051e-01
7.897657752037048340e-01
7.608858942985534668e-01
7.820630073547363281e-01
7.592539787292480469e-01
7.850069999694824219e-01
7.773773074150085449e-01
7.761407494544982910e-01
7.875279784202575684e-01
7.614872455596923828e-01
7.812056541442871094e-01
7.873796224594116211e-01
7.985551357269287109e-01
7.889736890792846680e-01
7.972744107246398926e-01
7.977725863456726074e-01
7.969006896018981934e-01
8.068982362747192383e-01
8.136508464813232422e-01
8.180508613586425781e-01
8.139733076095581055e-01
7.804341316223144531e-01
8.085158467292785645e-01
8.271917700767517090e-01
7.999747991561889648e-01
8.190879225730895996e-01
8.235002160072326660e-01
8.393072485923767090e-01
8.004879951477050781e-01
8.415036201477050781e-01
8.243681788444519043e-01
8.522999882698059082e-01
8.490605950355529785e-01
8.423026204109191895e-01
8.529399037361145020e-01
8.496678471565246582e-01
8.492291569709777832e-01
8.681154251098632812e-01
8.539184927940368652e-01
8.356661200523376465e-01
8.565842509269714355e-01
8.620828390121459961e-01
8.606293201446533203e-01
8.280444145202636719e-01
8.688851594924926758e-01
8.663283586502075195e-01
8.749366998672485352e-01
8.711462616920471191e-01
8.937759995460510254e-01
8.669010400772094727e-01
8.406193256378173828e-01
8.654302954673767090e-01
8.809424042701721191e-01
8.766972422599792480e-01
8.744467496871948242e-01
8.103956580162048340e-01
8.850302696228027344e-01
8.862370848655700684e-01
8.504751920700073242e-01
8.906351327896118164e-01
8.593209981918334961e-01
8.949215412139892578e-01
8.762137293815612793e-01
8.716319799423217773e-01
9.013710618019104004e-01
8.886016011238098145e-01
8.649134039878845215e-01
9.008684158325195312e-01
9.201474189758300781e-01
9.087147712707519531e-01
9.044991135597229004e-01
9.163860678672790527e-01
8.565442562103271484e-01
9.198172092437744141e-01
9.166953563690185547e-01
8.839083909988403320e-01
9.141976237297058105e-01
9.179478287696838379e-01
8.353847861289978027e-01
9.216003417968750000e-01
8.334304094314575195e-01
9.245640039443969727e-01
9.328905940055847168e-01
9.251908063888549805e-01
9.157290458679199219e-01
9.371064305305480957e-01
9.242284893989562988e-01
8.437996506690979004e-01
9.029964804649353027e-01
9.337414503097534180e-01
9.216177463531494141e-01
9.370505809783935547e-01
9.473595023155212402e-01
9.136165380477905273e-01
9.507427215576171875e-01
8.729862570762634277e-01
8.010910749435424805e-01
9.621030688285827637e-01
9.788762927055358887e-01
9.075524210929870605e-01
9.729842543601989746e-01
9.377946257591247559e-01
9.808696508407592773e-01
9.949044585227966309e-01
9.682605862617492676e-01
9.751401543617248535e-01
9.950000643730163574e-01
9.653667807579040527e-01
7.782295942306518555e-01
9.540641903877258301e-01
9.748941063880920410e-01
8.074867129325866699e-01
9.605358839035034180e-01
9.328970313072204590e-01
8.556112647056579590e-01
1.010170102119445801e+00
9.823715686798095703e-01
9.413697123527526855e-01
9.731670022010803223e-01
-9.899900000000000000e+04
-9.899900000000000000e+04
