6.309524774551391602e-01
6.358127593994140625e-01
6.402796506881713867e-01
6.476886868476867676e-01
6.455930471420288086e-01
6.493827104568481445e-01
6.616687774658203125e-01
6.712651252746582031e-01
6.592803001403808594e-01
6.824432611465454102e-01
6.752379536628723145e-01
6.803489923477172852e-01
6.817724108695983887e-01
6.659889221191406250e-01
6.808091402053833008e-01
6.724083423614501953e-01
6.748010516166687012e-01
6.681502461433410645e-01
6.693843007087707520e-01
6.843210458755493164e-01
6.926071047782897949e-01
6.800579428672790527e-01
6.518429517745971680e-01
7.045492529869079590e-01
6.887410283088684082e-01
6.991040706634521484e-01
7.026354074478149414e-01
6.890015006065368652e-01
6.996704936027526855e-01
6.984028220176696777e-01
6.823386549949645996e-01
6.858766674995422363e-01
6.915193796157836914e-01
6.884429454803466797e-01
7.011094689369201660e-01
6.925373673439025879e-01
7.019782662391662598e-01
6.986204385757446289e-01
6.935710906982421875e-01
7.133189439773559570e-01
7.056334018707275391e-01
7.024989724159240723e-01
7.034081816673278809e-01
7.026211023330688477e-01
6.999439001083374023e-01
6.966617107391357422e-01
7.046893239021301270e-01
7.114273309707641602e-01
7.029820084571838379e-01
6.997507810592651367e-01
7.173982858657836914e-01
7.067418098449707031e-01
7.057438492774963379e-01
6.939327716827392578e-01
7.000431418418884277e-01
7.170135974884033203e-01
7.090123295783996582e-01
7.086822390556335449e-01
7.113679647445678711e-01
7.264053821563720703e-01
7.322983741760253906e-01
7.198326587677001953e-01
7.256090641021728516e-01
7.217254042625427246e-01
7.224069237709045410e-01
7.269422411918640137e-01
7.366566061973571777e-01
7.295817732810974121e-01
7.409082055091857910e-01
7.267146110534667969e-01
7.297263741493225098e-01
7.301245927810668945e-01
7.314074039459228516e-01
7.431007623672485352e-01
7.279386520385742188e-01
7.657445073127746582e-01
7.620801925659179688e-01
7.591936588287353516e-01
7.652958631515502930e-01
7.376223206520080566e-01
7.495890855789184570e-01
7.441236376762390137e-01
7.560794949531555176e-01
7.685040831565856934e-01
7.649906277656555176e-01
7.755085825920104980e-01
7.715322971343994141e-01
7.549141645431518555e-01
7.890766859054565430e-01
7.767558097839355469e-01
7.795222997665405273e-01
7.794706821441650391e-01
7.965688705444335938e-01
7.920826673507690430e-01
7.824323773384094238e-01
7.893198728561401367e-01
7.737723588943481445e-01
7.914338111877441406e-01
7.448883652687072754e-01
7.913172245025634766e-01
7.965669035911560059e-01
7.921866178512573242e-01
7.878272533416748047e-01
7.831421494483947754e-01
7.786031365394592285e-01
8.003470301628112793e-01
8.001117110252380371e-01
8.084816336631774902e-01
8.240363597869873047e-01
8.302425742149353027e-01
8.076950311660766602e-01
7.923396825790405273e-01
8.095588684082031250e-01
8.217946290969848633e-01
8.158650994300842285e-01
8.034579157829284668e-01
8.023621439933776855e-01
8.226331472396850586e-01
8.414653539657592773e-01
8.489177227020263672e-01
8.389627933502197266e-01
8.573206663131713867e-01
8.423923254013061523e-01
8.631284236907958984e-01
8.473499417304992676e-01
8.649216294288635254e-01
8.280139565467834473e-01
8.671617507934570312e-01
8.577811121940612793e-01
8.539364933967590332e-01
7.804409265518188477e-01
8.652746677398681641e-01
8.687651157379150391e-01
8.695080876350402832e-01
8.844858407974243164e-01
8.738909959793090820e-01
8.927533030509948730e-01
8.722177743911743164e-01
8.674734234809875488e-01
8.825862407684326172e-01
8.517600297927856445e-01
8.863182067871093750e-01
8.745879530906677246e-01
8.875552415847778320e-01
8.521994352340698242e-01
8.867263793945312500e-01
8.737339973449707031e-01
8.934222459793090820e-01
8.928237557411193848e-01
9.006872773170471191e-01
8.800055384635925293e-01
8.784597516059875488e-01
8.907577991485595703e-01
8.861239552497863770e-01
8.281111717224121094e-01
9.041584134101867676e-01
9.142717123031616211e-01
8.854767680168151855e-01
8.727031350135803223e-01
9.163853526115417480e-01
9.076767563819885254e-01
8.818061351776123047e-01
9.011920094490051270e-01
9.060696363449096680e-01
9.348297119140625000e-01
8.972384333610534668e-01
9.187959432601928711e-01
8.947698473930358887e-01
9.154581427574157715e-01
8.935419321060180664e-01
9.414029717445373535e-01
9.213938117027282715e-01
9.260433912277221680e-01
9.246365427970886230e-01
9.156595468521118164e-01
9.175201654434204102e-01
9.224213361740112305e-01
8.231822848320007324e-01
9.404581189155578613e-01
8.471113443374633789e-01
9.287533760070800781e-01
9.380053877830505371e-01
9.600888490676879883e-01
9.510895013809204102e-01
9.541822075843811035e-01
9.706064462661743164e-01
9.244984984397888184e-01
8.483757972717285156e-01
9.398052692413330078e-01
9.506537914276123047e-01
9.582435488700866699e-01
9.738284349441528320e-01
9.793986082077026367e-01
9.846476316452026367e-01
9.541592001914978027e-01
9.792852997779846191e-01
9.825471043586730957e-01
9.874415397644042969e-01
8.880350589752197266e-01
9.556963443756103516e-01
9.242203831672668457e-01
9.755746126174926758e-01
9.759268760681152344e-01
7.502526044845581055e-01
9.985480904579162598e-01
-9.899900000000000000e+04
9.361792802810668945e-01
-9.899900000000000000e+04
7.388383150100708008e-01
1.008449196815490723e+00
9.455901980400085449e-01
9.700339436531066895e-01
-9.899900000000000000e+04
-9.899900000000000000e+04
-9.899900000000000000e+04
9.739847183227539062e-01
-9.899900000000000000e+04
-9.899900000000000000e+04
-9.899900000000000000e+04
-9.899900000000000000e+04
-9.899900000000000000e+04
9.996063709259033203e-01
-9.899900000000000000e+04
-9.899900000000000000e+04
-9.899900000000000000e+04
-9.899900000000000000e+04
-9.899900000000000000e+04
-9.899900000000000000e+04
-9.899900000000000000e+04
9.803183078765869141e-01
-9.899900000000000000e+04
-9.899900000000000000e+04
-9.899900000000000000e+04
-9.899900000000000000e+04
-9.899900000000000000e+04
-9.899900000000000000e+04
-9.899900000000000000e+04
9.102782607078552246e-01
1.006022930145263672e+00
-9.899900000000000000e+04
-9.899900000000000000e+04
-9.899900000000000000e+04
-9.899900000000000000e+04
-9.899900000000000000e+04
-9.899900000000000000e+04
-9.899900000000000000e+04
-9.899900000000000000e+04
-9.899900000000000000e+04
-9.899900000000000000e+04
5.357193946838378906e-01
8.674337863922119141e-01
-9.899900000000000000e+04
-9.899900000000000000e+04
-9.899900000000000000e+04
-9.899900000000000000e+04
-9.899900000000000000e+04
-9.899900000000000000e+04
-9.899900000000000000e+04
-9.899900000000000000e+04
-9.899900000000000000e+04
-9.899900000000000000e+04
-9.899900000000000000e+04
-9.899900000000000000e+04
-9.899900000000000000e+04
-9.899900000000000000e+04
-9.899900000000000000e+04
-9.899900000000000000e+04
-9.899900000000000000e+04
-9.899900000000000000e+04
-9.899900000000000000e+04
-9.899900000000000000e+04
-9.899900000000000000e+04
-9.899900000000000000e+04
9.201567769050598145e-01
-9.899900000000000000e+04
-9.899900000000000000e+04
-9.899900000000000000e+04
-9.899900000000000000e+04
8.671823740005493164e-01
