6.291534900665283203e-01
6.358127593994140625e-01
6.402796506881713867e-01
6.595162153244018555e-01
6.469347476959228516e-01
6.639208197593688965e-01
6.616687774658203125e-01
6.599435806274414062e-01
6.592803001403808594e-01
6.793448328971862793e-01
6.738380193710327148e-01
6.803489923477172852e-01
6.568321585655212402e-01
6.772983670234680176e-01
6.641516089439392090e-01
6.787751913070678711e-01
6.810971498489379883e-01
6.668570041656494141e-01
6.753183007240295410e-01
6.843210458755493164e-01
6.742731928825378418e-01
6.767383813858032227e-01
6.823445558547973633e-01
6.934551596641540527e-01
7.024981975555419922e-01
6.925680041313171387e-01
6.888701915740966797e-01
6.996856331825256348e-01
6.908463239669799805e-01
6.887785196304321289e-01
6.946620345115661621e-01
6.927553415298461914e-01
6.915193796157836914e-01
6.980717182159423828e-01
6.902229189872741699e-01
7.051966190338134766e-01
6.958599090576171875e-01
6.868389248847961426e-01
7.027180194854736328e-01
6.991270780563354492e-01
7.034114003181457520e-01
6.851661801338195801e-01
7.104917764663696289e-01
6.998255252838134766e-01
7.069843411445617676e-01
7.116094827651977539e-01
7.117811441421508789e-01
7.170123457908630371e-01
6.999635696411132812e-01
7.069553136825561523e-01
7.136638760566711426e-01
6.985793113708496094e-01
7.129842638969421387e-01
7.159600853919982910e-01
7.112675309181213379e-01
6.946545839309692383e-01
7.210949063301086426e-01
7.056629061698913574e-01
7.224076986312866211e-01
7.275810241699218750e-01
7.129135727882385254e-01
7.262983322143554688e-01
7.268214225769042969e-01
7.252901196479797363e-01
7.334039807319641113e-01
7.361829876899719238e-01
7.265936136245727539e-01
7.400200366973876953e-01
7.203425168991088867e-01
7.386795878410339355e-01
7.248018383979797363e-01
7.214929461479187012e-01
7.391672730445861816e-01
7.471318840980529785e-01
7.499682903289794922e-01
7.556031346321105957e-01
7.259571552276611328e-01
7.624871730804443359e-01
7.418097853660583496e-01
7.193191647529602051e-01
7.440983653068542480e-01
7.478418946266174316e-01
7.508003115653991699e-01
7.644840478897094727e-01
7.688306570053100586e-01
7.652199268341064453e-01
7.812803387641906738e-01
7.798017859458923340e-01
7.871145606040954590e-01
7.872917056083679199e-01
7.891619205474853516e-01
7.908132672309875488e-01
7.779097557067871094e-01
7.504393458366394043e-01
7.941062450408935547e-01
7.646900415420532227e-01
7.874779105186462402e-01
7.768098115921020508e-01
7.996702194213867188e-01
7.920378446578979492e-01
7.882291078567504883e-01
8.006189465522766113e-01
7.867596149444580078e-01
7.563056349754333496e-01
7.798584103584289551e-01
7.922856211662292480e-01
8.063168525695800781e-01
7.943869829177856445e-01
8.125101327896118164e-01
7.818854451179504395e-01
7.998934388160705566e-01
8.008220195770263672e-01
7.984547615051269531e-01
8.253529667854309082e-01
8.154103755950927734e-01
7.993294000625610352e-01
8.199265599250793457e-01
8.165513277053833008e-01
8.489448428153991699e-01
8.007616400718688965e-01
8.400678634643554688e-01
8.414129018783569336e-01
8.411264419555664062e-01
8.479864001274108887e-01
8.470004796981811523e-01
8.515676856040954590e-01
8.415485024452209473e-01
8.538377285003662109e-01
8.372344970703125000e-01
8.461636900901794434e-01
8.670421838760375977e-01
8.704688549041748047e-01
8.547905087471008301e-01
8.724038600921630859e-01
8.792812824249267578e-01
8.578109145164489746e-01
8.720760941505432129e-01
8.657321929931640625e-01
8.623304963111877441e-01
8.781294226646423340e-01
8.793413043022155762e-01
8.823674321174621582e-01
8.962900638580322266e-01
8.943854570388793945e-01
8.455700278282165527e-01
8.826506733894348145e-01
8.821766376495361328e-01
8.926777839660644531e-01
9.014469385147094727e-01
8.730969429016113281e-01
8.952965140342712402e-01
8.636369705200195312e-01
8.882923126220703125e-01
9.084895253181457520e-01
9.004983901977539062e-01
9.072015881538391113e-01
9.179056286811828613e-01
8.913403749465942383e-01
8.842189908027648926e-01
9.244346618652343750e-01
9.165286421775817871e-01
9.047317504882812500e-01
8.300872445106506348e-01
9.125425219535827637e-01
8.876809477806091309e-01
9.044834971427917480e-01
9.049259424209594727e-01
9.035051465034484863e-01
9.252638816833496094e-01
9.217947125434875488e-01
8.517450690269470215e-01
9.250811338424682617e-01
8.552695512771606445e-01
9.338532686233520508e-01
9.356066584587097168e-01
9.525843858718872070e-01
9.350236654281616211e-01
9.627320170402526855e-01
9.441888332366943359e-01
8.803364634513854980e-01
9.603401422500610352e-01
9.088556170463562012e-01
9.585866928100585938e-01
9.650937914848327637e-01
9.462908506393432617e-01
9.627566337585449219e-01
9.780080914497375488e-01
9.573429226875305176e-01
9.442229866981506348e-01
8.779391050338745117e-01
9.458963274955749512e-01
9.721562266349792480e-01
9.373970627784729004e-01
9.807819724082946777e-01
9.787883162498474121e-01
9.975941777229309082e-01
-9.899900000000000000e+04
9.446495175361633301e-01
9.633240699768066406e-01
9.711716175079345703e-01
9.644904136657714844e-01
8.280644416809082031e-01
8.831623792648315430e-01
9.833238720893859863e-01
9.686527848243713379e-01
9.711779356002807617e-01
9.850580096244812012e-01
9.839179515838623047e-01
