6.225892305374145508e-01
6.358127593994140625e-01
6.407510042190551758e-01
6.632860302925109863e-01
6.617763042449951172e-01
6.639208197593688965e-01
6.616687774658203125e-01
6.678663492202758789e-01
6.596282720565795898e-01
6.793448328971862793e-01
6.664795279502868652e-01
6.576035618782043457e-01
6.678974032402038574e-01
6.722197532653808594e-01
6.660924553871154785e-01
6.805133223533630371e-01
6.825008392333984375e-01
6.710654497146606445e-01
6.745790243148803711e-01
6.810218691825866699e-01
6.811931729316711426e-01
6.750268340110778809e-01
6.531196832656860352e-01
6.954405307769775391e-01
7.060412764549255371e-01
6.925680041313171387e-01
6.933497786521911621e-01
6.946866512298583984e-01
6.996704936027526855e-01
6.913889050483703613e-01
6.866462826728820801e-01
6.855598092079162598e-01
7.024661898612976074e-01
6.914362907409667969e-01
7.002978920936584473e-01
7.021046876907348633e-01
6.960754394531250000e-01
7.034513950347900391e-01
7.013962268829345703e-01
7.090047001838684082e-01
7.067958712577819824e-01
7.102963328361511230e-01
7.071722745895385742e-01
7.110723853111267090e-01
7.056704163551330566e-01
7.129970788955688477e-01
7.078362703323364258e-01
7.103636860847473145e-01
7.110245227813720703e-01
6.960738897323608398e-01
6.978468298912048340e-01
7.037255167961120605e-01
7.011163830757141113e-01
7.199507355690002441e-01
7.182387709617614746e-01
7.067325711250305176e-01
7.207668423652648926e-01
7.224957942962646484e-01
6.973686218261718750e-01
7.048411369323730469e-01
7.250298857688903809e-01
7.152128815650939941e-01
7.152770161628723145e-01
7.275008559226989746e-01
7.313671708106994629e-01
7.266635298728942871e-01
7.380290031433105469e-01
7.139754295349121094e-01
7.405209541320800781e-01
7.405290603637695312e-01
7.381890416145324707e-01
7.482335567474365234e-01
7.252048850059509277e-01
7.416941523551940918e-01
7.348799705505371094e-01
7.512806653976440430e-01
7.417492270469665527e-01
7.367568016052246094e-01
7.424466013908386230e-01
7.539587616920471191e-01
7.420645952224731445e-01
7.234262824058532715e-01
7.657232880592346191e-01
7.356120944023132324e-01
7.750682234764099121e-01
7.654134631156921387e-01
7.645974755287170410e-01
7.762109637260437012e-01
7.819930911064147949e-01
7.792148590087890625e-01
7.778730988502502441e-01
7.869182825088500977e-01
7.775586247444152832e-01
7.971171736717224121e-01
7.990411520004272461e-01
7.923785448074340820e-01
7.926279902458190918e-01
7.943833470344543457e-01
7.877315282821655273e-01
7.741033434867858887e-01
8.024750947952270508e-01
7.955289483070373535e-01
7.861204147338867188e-01
7.956429719924926758e-01
7.975670099258422852e-01
7.686537504196166992e-01
7.831752896308898926e-01
8.141601085662841797e-01
8.156467676162719727e-01
8.069894909858703613e-01
7.830641269683837891e-01
8.146103620529174805e-01
7.972694635391235352e-01
8.005766868591308594e-01
8.225234150886535645e-01
8.214257359504699707e-01
8.359066843986511230e-01
8.200464248657226562e-01
8.359414935111999512e-01
8.392277956008911133e-01
8.557999730110168457e-01
8.356484770774841309e-01
8.309644460678100586e-01
8.470020294189453125e-01
8.587090373039245605e-01
8.685834407806396484e-01
8.461920022964477539e-01
8.629361391067504883e-01
8.548328876495361328e-01
8.542485237121582031e-01
8.552188873291015625e-01
8.593146204948425293e-01
8.773577213287353516e-01
7.908575534820556641e-01
8.777213692665100098e-01
8.662822246551513672e-01
8.373102545738220215e-01
8.536810278892517090e-01
8.866896629333496094e-01
8.845632672309875488e-01
8.497824072837829590e-01
8.761833310127258301e-01
8.807119131088256836e-01
8.796643614768981934e-01
8.910226821899414062e-01
8.799836635589599609e-01
8.888699412345886230e-01
8.973308205604553223e-01
9.012945890426635742e-01
8.794997334480285645e-01
8.839578628540039062e-01
8.887785077095031738e-01
8.910400271415710449e-01
8.944043517112731934e-01
8.891553282737731934e-01
8.745919466018676758e-01
9.184522628784179688e-01
9.059613347053527832e-01
9.103123545646667480e-01
9.093255400657653809e-01
9.152147173881530762e-01
9.197912216186523438e-01
8.782857060432434082e-01
8.457065224647521973e-01
9.241082072257995605e-01
9.328123331069946289e-01
9.277839064598083496e-01
8.150112628936767578e-01
9.210541248321533203e-01
9.110966920852661133e-01
9.309188723564147949e-01
9.283227324485778809e-01
9.124994874000549316e-01
9.306846261024475098e-01
7.904826402664184570e-01
9.148671627044677734e-01
9.444923400878906250e-01
9.212715029716491699e-01
9.661457538604736328e-01
9.402086138725280762e-01
9.601139426231384277e-01
9.326626658439636230e-01
9.413388967514038086e-01
9.565004706382751465e-01
9.513161778450012207e-01
9.731624126434326172e-01
9.421017169952392578e-01
8.709165453910827637e-01
9.622886776924133301e-01
9.135271906852722168e-01
9.198184013366699219e-01
9.668747186660766602e-01
9.602558016777038574e-01
8.781377077102661133e-01
9.202221632003784180e-01
9.796209931373596191e-01
1.009459733963012695e+00
8.518301248550415039e-01
8.575934171676635742e-01
8.478520512580871582e-01
9.777528643608093262e-01
9.788609147071838379e-01
-9.899900000000000000e+04
