6.309524774551391602e-01
6.245424747467041016e-01
6.388311982154846191e-01
6.632860302925109863e-01
6.469347476959228516e-01
6.639208197593688965e-01
6.616687774658203125e-01
6.578970551490783691e-01
6.746804118156433105e-01
6.637250781059265137e-01
6.664795279502868652e-01
6.636283397674560547e-01
6.674644351005554199e-01
6.785833835601806641e-01
6.797096729278564453e-01
6.805133223533630371e-01
6.755884289741516113e-01
6.863613128662109375e-01
6.698896288871765137e-01
6.843210458755493164e-01
6.850009560585021973e-01
6.769530773162841797e-01
6.753197908401489258e-01
7.045492529869079590e-01
6.974132061004638672e-01
6.925680041313171387e-01
6.903109550476074219e-01
6.933836936950683594e-01
6.864569187164306641e-01
6.918540596961975098e-01
6.970739364624023438e-01
7.143507003784179688e-01
7.017874121665954590e-01
6.997878551483154297e-01
7.023847699165344238e-01
6.832389235496520996e-01
6.961126923561096191e-01
6.986222863197326660e-01
7.094219923019409180e-01
7.164593338966369629e-01
6.875705122947692871e-01
6.959177255630493164e-01
7.048807144165039062e-01
6.943047642707824707e-01
6.979699730873107910e-01
7.066221833229064941e-01
6.992432475090026855e-01
7.224131822586059570e-01
7.089198231697082520e-01
6.943935751914978027e-01
7.080060839653015137e-01
7.005429267883300781e-01
7.153096199035644531e-01
7.268885970115661621e-01
7.039739489555358887e-01
6.997746825218200684e-01
7.020153403282165527e-01
7.126078605651855469e-01
7.256193161010742188e-01
7.267782688140869141e-01
7.116546034812927246e-01
7.231255173683166504e-01
7.247650027275085449e-01
7.152223587036132812e-01
7.106516361236572266e-01
7.248042225837707520e-01
7.316790819168090820e-01
7.395768761634826660e-01
7.286385893821716309e-01
7.404106855392456055e-01
7.314850687980651855e-01
7.336876988410949707e-01
7.449378371238708496e-01
7.485769987106323242e-01
7.506836652755737305e-01
7.507699131965637207e-01
7.558660507202148438e-01
7.152218222618103027e-01
7.365775704383850098e-01
7.261176109313964844e-01
7.284144759178161621e-01
7.463843822479248047e-01
7.573167681694030762e-01
7.687178254127502441e-01
7.429698705673217773e-01
7.693054080009460449e-01
7.791145443916320801e-01
7.687659263610839844e-01
7.792341709136962891e-01
7.749744057655334473e-01
7.872236371040344238e-01
7.762263417243957520e-01
7.884266376495361328e-01
7.942301034927368164e-01
7.892665863037109375e-01
7.835287451744079590e-01
7.862814664840698242e-01
7.840386033058166504e-01
7.704440355300903320e-01
7.958882451057434082e-01
7.905455231666564941e-01
7.957934737205505371e-01
7.988585829734802246e-01
8.042746186256408691e-01
7.922223806381225586e-01
7.857574820518493652e-01
7.872485518455505371e-01
7.964846491813659668e-01
8.041111826896667480e-01
7.875052094459533691e-01
8.198829889297485352e-01
7.982860803604125977e-01
7.940106391906738281e-01
8.177238106727600098e-01
7.911927700042724609e-01
8.143939971923828125e-01
8.104202747344970703e-01
8.093721270561218262e-01
7.983388900756835938e-01
8.257735371589660645e-01
8.197563886642456055e-01
8.506869077682495117e-01
7.905015349388122559e-01
8.435063958168029785e-01
8.604519963264465332e-01
8.516466021537780762e-01
8.493965268135070801e-01
8.501036763191223145e-01
8.562886118888854980e-01
8.508961796760559082e-01
8.304678201675415039e-01
8.301068544387817383e-01
8.733637928962707520e-01
8.304535746574401855e-01
8.806002736091613770e-01
8.688247203826904297e-01
8.673719167709350586e-01
8.486731648445129395e-01
8.464636802673339844e-01
8.599784970283508301e-01
8.164206743240356445e-01
8.800668120384216309e-01
8.823742270469665527e-01
8.880616426467895508e-01
8.928996324539184570e-01
8.788955211639404297e-01
8.897435069084167480e-01
8.971455693244934082e-01
8.583720922470092773e-01
8.024380803108215332e-01
8.404237031936645508e-01
8.903093934059143066e-01
9.042995572090148926e-01
8.874297142028808594e-01
9.179673194885253906e-01
8.873420357704162598e-01
9.115666151046752930e-01
8.701012134552001953e-01
9.061477780342102051e-01
8.993769288063049316e-01
9.064177870750427246e-01
8.878949880599975586e-01
9.196869730949401855e-01
9.136052727699279785e-01
8.997003436088562012e-01
8.222628235816955566e-01
9.177808761596679688e-01
9.087929725646972656e-01
8.752956390380859375e-01
9.385954141616821289e-01
9.042096138000488281e-01
9.179989099502563477e-01
9.285432100296020508e-01
9.385777711868286133e-01
9.397720098495483398e-01
8.724910020828247070e-01
9.427244663238525391e-01
9.423197507858276367e-01
9.070507287979125977e-01
9.544574022293090820e-01
9.388628602027893066e-01
9.433325529098510742e-01
9.260516166687011719e-01
9.540020823478698730e-01
9.402811527252197266e-01
9.616390466690063477e-01
9.693027734756469727e-01
9.727522134780883789e-01
9.442393779754638672e-01
9.607728719711303711e-01
9.650049805641174316e-01
9.541226625442504883e-01
9.797052741050720215e-01
9.605832099914550781e-01
9.776350855827331543e-01
9.216591119766235352e-01
9.608716368675231934e-01
9.713904857635498047e-01
9.317476153373718262e-01
-9.899900000000000000e+04
9.534904956817626953e-01
9.950945973396301270e-01
-9.899900000000000000e+04
9.685267210006713867e-01
9.908118247985839844e-01
