6.225892305374145508e-01
6.257067918777465820e-01
6.562239527702331543e-01
6.606395840644836426e-01
6.467798352241516113e-01
6.468650102615356445e-01
6.616687774658203125e-01
6.605220437049865723e-01
6.769386529922485352e-01
6.673698425292968750e-01
6.664795279502868652e-01
6.566753387451171875e-01
6.633976101875305176e-01
6.772983670234680176e-01
6.675803661346435547e-01
6.695431470870971680e-01
6.755884289741516113e-01
6.710654497146606445e-01
6.668014526367187500e-01
6.746516227722167969e-01
6.891955137252807617e-01
6.889427304267883301e-01
6.752575039863586426e-01
6.923526525497436523e-01
6.974132061004638672e-01
6.991040706634521484e-01
6.933497786521911621e-01
6.905534863471984863e-01
6.843441128730773926e-01
7.019232511520385742e-01
6.835317015647888184e-01
7.020954489707946777e-01
6.974868178367614746e-01
6.914362907409667969e-01
6.920434832572937012e-01
6.951496005058288574e-01
7.019261717796325684e-01
7.064615488052368164e-01
7.071184515953063965e-01
7.074828743934631348e-01
7.070654034614562988e-01
6.991039514541625977e-01
7.044899463653564453e-01
7.036047577857971191e-01
7.057392001152038574e-01
7.039760351181030273e-01
7.167484760284423828e-01
6.986482143402099609e-01
7.122215032577514648e-01
7.013703584671020508e-01
7.162594795227050781e-01
7.119610905647277832e-01
7.000528573989868164e-01
7.191343307495117188e-01
7.201272845268249512e-01
6.970068216323852539e-01
7.108771204948425293e-01
7.070380449295043945e-01
7.118630409240722656e-01
7.092059850692749023e-01
7.135618925094604492e-01
7.335610389709472656e-01
7.284056544303894043e-01
7.253581881523132324e-01
7.183818221092224121e-01
7.348892688751220703e-01
7.272613048553466797e-01
7.265660762786865234e-01
7.332606315612792969e-01
7.400045990943908691e-01
7.512102127075195312e-01
7.469232082366943359e-01
7.239841222763061523e-01
7.202032804489135742e-01
7.439696788787841797e-01
7.552710771560668945e-01
7.662063241004943848e-01
7.290030717849731445e-01
7.480918765068054199e-01
7.474259138107299805e-01
7.255564332008361816e-01
7.396962046623229980e-01
7.654119133949279785e-01
7.677637934684753418e-01
7.349474430084228516e-01
7.585285305976867676e-01
7.764176726341247559e-01
7.726315855979919434e-01
7.903493046760559082e-01
7.562965154647827148e-01
7.697039842605590820e-01
7.770956158638000488e-01
7.971872091293334961e-01
7.989569306373596191e-01
7.948501110076904297e-01
7.981784343719482422e-01
7.653922438621520996e-01
7.949759364128112793e-01
8.038158416748046875e-01
7.776910066604614258e-01
7.884712815284729004e-01
7.711325883865356445e-01
8.015143871307373047e-01
7.470832467079162598e-01
7.983710765838623047e-01
7.898483276367187500e-01
8.159942030906677246e-01
7.498447299003601074e-01
8.163615465164184570e-01
7.907966971397399902e-01
8.158385157585144043e-01
8.193131089210510254e-01
8.056871294975280762e-01
8.222209215164184570e-01
8.070097565650939941e-01
7.920434474945068359e-01
8.071168661117553711e-01
8.280715942382812500e-01
8.351011872291564941e-01
8.214104771614074707e-01
8.323456048965454102e-01
8.493381142616271973e-01
8.434105515480041504e-01
8.545989394187927246e-01
8.422526121139526367e-01
8.645555377006530762e-01
8.370603919029235840e-01
8.444344401359558105e-01
8.635799288749694824e-01
8.386408686637878418e-01
8.748082518577575684e-01
8.527506589889526367e-01
8.589943647384643555e-01
8.696517944335937500e-01
8.543884158134460449e-01
8.720126152038574219e-01
8.747215867042541504e-01
8.674138188362121582e-01
8.937482237815856934e-01
8.646693229675292969e-01
8.839184641838073730e-01
8.766923546791076660e-01
8.779088854789733887e-01
8.789855837821960449e-01
8.871769905090332031e-01
8.886288404464721680e-01
8.589099645614624023e-01
9.115962386131286621e-01
7.993713617324829102e-01
8.796085119247436523e-01
8.966639041900634766e-01
8.125048279762268066e-01
8.906092643737792969e-01
9.015056490898132324e-01
9.247134327888488770e-01
9.198347330093383789e-01
9.112357497215270996e-01
8.462918996810913086e-01
8.374240398406982422e-01
8.457175493240356445e-01
9.025138616561889648e-01
9.215241670608520508e-01
8.771731257438659668e-01
9.295168519020080566e-01
9.203649759292602539e-01
9.175258874893188477e-01
9.274545907974243164e-01
9.299907088279724121e-01
8.306075334548950195e-01
7.599493861198425293e-01
9.300789237022399902e-01
8.835700154304504395e-01
9.155055880546569824e-01
9.334483146667480469e-01
8.765554428100585938e-01
9.350841045379638672e-01
9.562294483184814453e-01
8.783064484596252441e-01
9.441192746162414551e-01
9.450145363807678223e-01
9.479118585586547852e-01
8.131084442138671875e-01
8.896051645278930664e-01
7.975689172744750977e-01
9.616166353225708008e-01
9.349272251129150391e-01
9.377286434173583984e-01
8.957266211509704590e-01
9.396540522575378418e-01
9.628171324729919434e-01
9.719323515892028809e-01
7.679699659347534180e-01
9.548079967498779297e-01
9.168674349784851074e-01
9.620500802993774414e-01
8.096147179603576660e-01
9.926881790161132812e-01
9.779338836669921875e-01
9.780603051185607910e-01
1.005051255226135254e+00
9.997838735580444336e-01
9.492445588111877441e-01
9.690392613410949707e-01
9.811665415763854980e-01
-9.899900000000000000e+04
9.671542048454284668e-01
-9.899900000000000000e+04
-9.899900000000000000e+04
-9.899900000000000000e+04
9.708871841430664062e-01
