6.225892305374145508e-01
6.257067918777465820e-01
6.407510042190551758e-01
6.606395840644836426e-01
6.510597467422485352e-01
6.639208197593688965e-01
6.616687774658203125e-01
6.619584560394287109e-01
6.592803001403808594e-01
6.673698425292968750e-01
6.752379536628723145e-01
6.803489923477172852e-01
6.767420768737792969e-01
6.722197532653808594e-01
6.695140600204467773e-01
6.819742321968078613e-01
6.755884289741516113e-01
6.673178076744079590e-01
6.750604510307312012e-01
6.797577142715454102e-01
6.729680895805358887e-01
6.802825331687927246e-01
6.803619265556335449e-01
6.934551596641540527e-01
7.024981975555419922e-01
6.910318732261657715e-01
7.072806954383850098e-01
6.996856331825256348e-01
6.843175888061523438e-01
6.938453316688537598e-01
7.108050584793090820e-01
7.049137353897094727e-01
6.944019198417663574e-01
6.918015480041503906e-01
7.007209062576293945e-01
6.986877322196960449e-01
6.989612579345703125e-01
6.988803148269653320e-01
7.057147622108459473e-01
7.186087369918823242e-01
7.188430428504943848e-01
7.130770683288574219e-01
6.980392336845397949e-01
6.919986009597778320e-01
7.052891850471496582e-01
7.171804308891296387e-01
6.956595182418823242e-01
7.157394886016845703e-01
7.068346142768859863e-01
6.951892375946044922e-01
6.956845521926879883e-01
6.973402500152587891e-01
7.039502263069152832e-01
6.939876675605773926e-01
7.075939774513244629e-01
7.197623848915100098e-01
7.066961526870727539e-01
7.146379947662353516e-01
7.298721671104431152e-01
7.180368304252624512e-01
7.261511683464050293e-01
7.110344171524047852e-01
7.271997332572937012e-01
7.214065194129943848e-01
7.258524298667907715e-01
7.129656672477722168e-01
7.288440465927124023e-01
7.245500087738037109e-01
7.309013009071350098e-01
7.403197884559631348e-01
7.358101010322570801e-01
7.270853519439697266e-01
7.480146884918212891e-01
7.415452003479003906e-01
7.489542961120605469e-01
7.495294213294982910e-01
7.651578187942504883e-01
7.430667877197265625e-01
7.315432429313659668e-01
7.530934810638427734e-01
7.398822307586669922e-01
7.310317158699035645e-01
7.775141000747680664e-01
7.643074393272399902e-01
7.644290924072265625e-01
7.767871618270874023e-01
7.691112756729125977e-01
7.706484794616699219e-01
7.656365036964416504e-01
7.653471827507019043e-01
7.774983048439025879e-01
7.593161463737487793e-01
7.812217473983764648e-01
7.981196641921997070e-01
7.753403782844543457e-01
7.715679407119750977e-01
7.922962903976440430e-01
7.723054885864257812e-01
7.987829446792602539e-01
8.047848343849182129e-01
7.847223877906799316e-01
7.762339711189270020e-01
7.712052464485168457e-01
7.813211083412170410e-01
8.069835901260375977e-01
8.041320443153381348e-01
8.052492141723632812e-01
7.880194187164306641e-01
8.214452862739562988e-01
8.100310564041137695e-01
8.186560273170471191e-01
7.963531017303466797e-01
7.706769704818725586e-01
8.171902894973754883e-01
8.055904507637023926e-01
8.336150646209716797e-01
8.167656064033508301e-01
8.410436511039733887e-01
7.277762293815612793e-01
8.380401134490966797e-01
8.360128998756408691e-01
8.226794004440307617e-01
8.375697731971740723e-01
8.454737067222595215e-01
8.579871654510498047e-01
8.602555990219116211e-01
8.566588163375854492e-01
8.605168461799621582e-01
8.574406504631042480e-01
8.589563965797424316e-01
8.513934016227722168e-01
8.439434170722961426e-01
8.710352778434753418e-01
8.695515394210815430e-01
8.728279471397399902e-01
8.589565157890319824e-01
8.798891901969909668e-01
8.716717362403869629e-01
8.928340077400207520e-01
8.621534705162048340e-01
8.749265074729919434e-01
8.749930262565612793e-01
8.826288580894470215e-01
8.688772320747375488e-01
8.862746953964233398e-01
8.954808115959167480e-01
8.812725543975830078e-01
8.860619068145751953e-01
8.174107670783996582e-01
9.031546711921691895e-01
8.851217627525329590e-01
8.943861722946166992e-01
9.038146138191223145e-01
8.833619356155395508e-01
8.896637558937072754e-01
8.971473574638366699e-01
8.173844218254089355e-01
8.900913596153259277e-01
8.766645193099975586e-01
9.173837900161743164e-01
8.895326256752014160e-01
8.963018655776977539e-01
9.220644831657409668e-01
9.037089347839355469e-01
9.062295556068420410e-01
9.254167079925537109e-01
8.778733611106872559e-01
9.276725649833679199e-01
9.175688028335571289e-01
9.301120638847351074e-01
8.771105408668518066e-01
9.228969216346740723e-01
9.210654497146606445e-01
8.932582736015319824e-01
8.669161796569824219e-01
9.309914112091064453e-01
9.459602832794189453e-01
8.652922511100769043e-01
9.523294568061828613e-01
9.454219341278076172e-01
9.338015317916870117e-01
9.549827575683593750e-01
9.400436878204345703e-01
9.472808241844177246e-01
9.405939579010009766e-01
9.490844607353210449e-01
9.625768661499023438e-01
9.224688410758972168e-01
9.759835600852966309e-01
9.319890737533569336e-01
9.197839498519897461e-01
9.717242121696472168e-01
9.913678169250488281e-01
9.707183837890625000e-01
9.783132076263427734e-01
9.571212530136108398e-01
9.240388870239257812e-01
9.734233021736145020e-01
9.821926355361938477e-01
9.917238950729370117e-01
9.771199226379394531e-01
9.863834381103515625e-01
1.018364071846008301e+00
9.829355478286743164e-01
-9.899900000000000000e+04
-9.899900000000000000e+04
9.798570275306701660e-01
1.008252501487731934e+00
9.572014212608337402e-01
-9.899900000000000000e+04
8.921130299568176270e-01
-9.899900000000000000e+04
9.698554277420043945e-01
9.804401397705078125e-01
9.858195781707763672e-01
9.798460006713867188e-01
-9.899900000000000000e+04
-9.899900000000000000e+04
-9.899900000000000000e+04
-9.899900000000000000e+04
-9.899900000000000000e+04
-9.899900000000000000e+04
7.928342819213867188e-01
-9.899900000000000000e+04
9.676339030265808105e-01
-9.899900000000000000e+04
