6.461329460144042969e-01
6.358127593994140625e-01
6.406359076499938965e-01
6.632860302925109863e-01
6.455930471420288086e-01
6.493827104568481445e-01
6.616687774658203125e-01
6.602364182472229004e-01
6.596282720565795898e-01
6.793448328971862793e-01
6.734725236892700195e-01
6.636283397674560547e-01
6.751718521118164062e-01
6.711479425430297852e-01
6.695140600204467773e-01
6.734188199043273926e-01
6.809154748916625977e-01
6.735684275627136230e-01
6.878682374954223633e-01
6.843210458755493164e-01
6.812440752983093262e-01
6.750268340110778809e-01
6.799057722091674805e-01
6.934555768966674805e-01
6.966059207916259766e-01
6.888324022293090820e-01
7.026354074478149414e-01
7.043316960334777832e-01
7.014166712760925293e-01
7.025297880172729492e-01
6.826096773147583008e-01
6.950945854187011719e-01
6.861273646354675293e-01
6.971195936203002930e-01
6.912078857421875000e-01
7.018082737922668457e-01
6.940130591392517090e-01
7.006725072860717773e-01
6.950133442878723145e-01
7.087800502777099609e-01
6.926578283309936523e-01
7.017381191253662109e-01
7.039842605590820312e-01
7.059142589569091797e-01
6.961348652839660645e-01
6.996263265609741211e-01
7.126240730285644531e-01
7.205231785774230957e-01
7.177108526229858398e-01
7.130511403083801270e-01
7.143278121948242188e-01
7.199065685272216797e-01
7.000585794448852539e-01
7.066872119903564453e-01
6.959838271141052246e-01
7.211785912513732910e-01
7.068296670913696289e-01
7.219554781913757324e-01
7.260581254959106445e-01
7.333363890647888184e-01
7.100948095321655273e-01
7.203206419944763184e-01
7.218500971794128418e-01
6.997631192207336426e-01
7.222808599472045898e-01
7.291493415832519531e-01
7.377664446830749512e-01
7.324671745300292969e-01
7.217535376548767090e-01
7.305854558944702148e-01
7.299754619598388672e-01
7.476221919059753418e-01
7.431421279907226562e-01
7.429329156875610352e-01
7.443859577178955078e-01
7.214912176132202148e-01
7.476630210876464844e-01
7.425733208656311035e-01
7.387322783470153809e-01
7.373242974281311035e-01
7.731482982635498047e-01
7.702477574348449707e-01
7.439483404159545898e-01
7.493370771408081055e-01
7.504612207412719727e-01
7.566403150558471680e-01
7.717072963714599609e-01
7.877128124237060547e-01
7.744124531745910645e-01
7.853276133537292480e-01
7.903658747673034668e-01
7.857840657234191895e-01
7.785858511924743652e-01
7.664344310760498047e-01
7.906668782234191895e-01
7.809802889823913574e-01
7.821052074432373047e-01
7.776483297348022461e-01
7.708719968795776367e-01
8.005940914154052734e-01
7.698359489440917969e-01
7.897801995277404785e-01
8.068019747734069824e-01
8.079465031623840332e-01
7.662954330444335938e-01
8.038981556892395020e-01
7.830782532691955566e-01
8.034496903419494629e-01
7.926504015922546387e-01
8.028526902198791504e-01
8.040073513984680176e-01
8.162024617195129395e-01
7.980413436889648438e-01
7.989377975463867188e-01
8.224425315856933594e-01
8.059371709823608398e-01
8.192919492721557617e-01
8.205658197402954102e-01
8.175156712532043457e-01
8.290784955024719238e-01
8.463430404663085938e-01
8.191524744033813477e-01
8.342801928520202637e-01
8.610539436340332031e-01
8.370906114578247070e-01
8.639194369316101074e-01
8.475944995880126953e-01
8.407782912254333496e-01
8.575535416603088379e-01
8.665671944618225098e-01
8.568158149719238281e-01
8.741214275360107422e-01
8.670572042465209961e-01
8.724728822708129883e-01
8.698707818984985352e-01
8.841028809547424316e-01
8.773872256278991699e-01
8.714629411697387695e-01
8.816615939140319824e-01
8.749563097953796387e-01
8.736035227775573730e-01
8.705766201019287109e-01
8.795952200889587402e-01
8.981359601020812988e-01
8.962887525558471680e-01
8.843023777008056641e-01
8.858146071434020996e-01
9.002974629402160645e-01
8.679789900779724121e-01
8.677608370780944824e-01
8.775843977928161621e-01
8.981118798255920410e-01
8.924830555915832520e-01
8.995787501335144043e-01
8.994034528732299805e-01
9.115578532218933105e-01
8.763798475265502930e-01
9.120851159095764160e-01
8.923283815383911133e-01
9.046172499656677246e-01
8.820096254348754883e-01
8.960140943527221680e-01
8.728083968162536621e-01
9.199955463409423828e-01
9.130753874778747559e-01
9.182144403457641602e-01
8.969835042953491211e-01
9.354327917098999023e-01
9.044988751411437988e-01
8.835302591323852539e-01
9.125864505767822266e-01
9.192746281623840332e-01
8.913669586181640625e-01
9.464108943939208984e-01
8.986812829971313477e-01
9.296163320541381836e-01
8.029322028160095215e-01
8.661702871322631836e-01
9.153684377670288086e-01
9.275328516960144043e-01
9.419606924057006836e-01
9.325900673866271973e-01
9.436872005462646484e-01
9.562280178070068359e-01
9.269408583641052246e-01
9.558710455894470215e-01
9.404591917991638184e-01
8.238769173622131348e-01
9.378795623779296875e-01
9.347419142723083496e-01
9.562355279922485352e-01
8.434490561485290527e-01
9.867523908615112305e-01
9.538023471832275391e-01
8.497119545936584473e-01
9.181694984436035156e-01
9.838845729827880859e-01
9.871919751167297363e-01
9.996946454048156738e-01
-9.899900000000000000e+04
-9.899900000000000000e+04
9.789289832115173340e-01
