6.291534900665283203e-01
6.358127593994140625e-01
6.407510042190551758e-01
6.632860302925109863e-01
6.671371459960937500e-01
6.472339630126953125e-01
6.525709033012390137e-01
6.678663492202758789e-01
6.734914183616638184e-01
6.793448328971862793e-01
6.664795279502868652e-01
6.801465153694152832e-01
6.676720976829528809e-01
6.587446928024291992e-01
6.639202237129211426e-01
6.849688887596130371e-01
6.750710010528564453e-01
6.839639544486999512e-01
6.750097870826721191e-01
6.838296055793762207e-01
6.771522164344787598e-01
6.750268340110778809e-01
6.802200078964233398e-01
6.965808868408203125e-01
6.923391222953796387e-01
7.035980820655822754e-01
7.028169035911560059e-01
6.986902356147766113e-01
6.996704936027526855e-01
6.901693344116210938e-01
6.870552301406860352e-01
6.888970136642456055e-01
7.022375464439392090e-01
6.881421208381652832e-01
6.992788314819335938e-01
6.926329731941223145e-01
6.978567838668823242e-01
7.005456089973449707e-01
7.074337601661682129e-01
7.106437087059020996e-01
7.056692838668823242e-01
7.005900740623474121e-01
7.044899463653564453e-01
6.844649910926818848e-01
7.072663903236389160e-01
7.186965346336364746e-01
7.056482434272766113e-01
6.973173618316650391e-01
7.167590260505676270e-01
7.180218696594238281e-01
7.056690454483032227e-01
6.998454332351684570e-01
7.013754844665527344e-01
7.141177654266357422e-01
7.115772366523742676e-01
7.208688855171203613e-01
7.213823795318603516e-01
7.244276404380798340e-01
7.191138267517089844e-01
7.147624492645263672e-01
7.007796764373779297e-01
7.113825678825378418e-01
7.318076491355895996e-01
7.237187623977661133e-01
7.294593453407287598e-01
7.070784568786621094e-01
7.394667267799377441e-01
7.354196310043334961e-01
7.073416709899902344e-01
7.265334725379943848e-01
7.487559318542480469e-01
7.313824892044067383e-01
7.477714419364929199e-01
7.484035491943359375e-01
7.226405143737792969e-01
7.338201403617858887e-01
7.469809651374816895e-01
7.576901912689208984e-01
7.227436304092407227e-01
7.265298962593078613e-01
7.615372538566589355e-01
7.414155006408691406e-01
7.632617354393005371e-01
7.640051841735839844e-01
7.781698703765869141e-01
7.707315087318420410e-01
7.746839523315429688e-01
7.695439457893371582e-01
7.914023995399475098e-01
7.866461873054504395e-01
7.707617878913879395e-01
7.884435653686523438e-01
7.850321531295776367e-01
7.933034300804138184e-01
7.825351357460021973e-01
7.703892588615417480e-01
7.793478965759277344e-01
7.857093214988708496e-01
7.723786830902099609e-01
7.977410554885864258e-01
7.920773625373840332e-01
8.010019659996032715e-01
7.803161740303039551e-01
7.990956306457519531e-01
8.079336285591125488e-01
7.601656913757324219e-01
7.685419917106628418e-01
7.922215461730957031e-01
7.921413779258728027e-01
7.970025539398193359e-01
8.239088058471679688e-01
8.178919553756713867e-01
8.257431387901306152e-01
8.053969144821166992e-01
8.082179427146911621e-01
8.184565305709838867e-01
8.216875195503234863e-01
8.350659608840942383e-01
8.439249992370605469e-01
8.550441265106201172e-01
8.561974763870239258e-01
8.525589108467102051e-01
8.466125726699829102e-01
8.352774977684020996e-01
8.405032157897949219e-01
8.522375822067260742e-01
8.603693842887878418e-01
8.526878952980041504e-01
8.501446247100830078e-01
8.464286327362060547e-01
8.544241786003112793e-01
8.511806726455688477e-01
8.444792628288269043e-01
8.539289832115173340e-01
8.552162647247314453e-01
8.796998858451843262e-01
8.773382306098937988e-01
8.735541105270385742e-01
8.740195035934448242e-01
8.772793412208557129e-01
8.844900727272033691e-01
8.752086758613586426e-01
8.746355175971984863e-01
8.755854368209838867e-01
8.946972489356994629e-01
8.968644142150878906e-01
8.892105221748352051e-01
8.923776745796203613e-01
9.113308787345886230e-01
9.021489024162292480e-01
9.123196601867675781e-01
8.788955211639404297e-01
8.797631859779357910e-01
8.842984437942504883e-01
9.140055775642395020e-01
8.851052522659301758e-01
9.110674262046813965e-01
8.977310061454772949e-01
9.153258800506591797e-01
8.925610780715942383e-01
8.940708637237548828e-01
9.127355813980102539e-01
8.769310712814331055e-01
9.276773929595947266e-01
9.223850965499877930e-01
9.196130633354187012e-01
9.098795652389526367e-01
8.663798570632934570e-01
9.167866706848144531e-01
9.259115457534790039e-01
9.329879879951477051e-01
9.387516975402832031e-01
9.191712737083435059e-01
9.258605241775512695e-01
9.233095049858093262e-01
9.212480187416076660e-01
9.385221004486083984e-01
9.299517273902893066e-01
9.557031989097595215e-01
9.335720539093017578e-01
9.610270261764526367e-01
9.468777775764465332e-01
9.038652181625366211e-01
9.239096045494079590e-01
9.591441154479980469e-01
9.629118442535400391e-01
9.314884543418884277e-01
9.758102893829345703e-01
9.212692379951477051e-01
9.538846611976623535e-01
7.896402478218078613e-01
9.686206579208374023e-01
9.539548754692077637e-01
9.102743864059448242e-01
9.515916109085083008e-01
9.495503902435302734e-01
-9.899900000000000000e+04
9.555886387825012207e-01
9.924881458282470703e-01
9.512456059455871582e-01
9.731187224388122559e-01
1.005102157592773438e+00
9.932312965393066406e-01
9.464697241783142090e-01
-9.899900000000000000e+04
-9.899900000000000000e+04
-9.899900000000000000e+04
