6.225892305374145508e-01
6.358127593994140625e-01
6.412144899368286133e-01
6.632860302925109863e-01
6.510597467422485352e-01
6.692129373550415039e-01
6.617761850357055664e-01
6.678663492202758789e-01
6.592803001403808594e-01
6.654602885246276855e-01
6.640101075172424316e-01
6.636283397674560547e-01
6.694386601448059082e-01
6.775087118148803711e-01
6.713212132453918457e-01
6.848675608634948730e-01
6.748010516166687012e-01
6.622663140296936035e-01
6.750604510307312012e-01
6.862691640853881836e-01
6.768352389335632324e-01
6.749768853187561035e-01
6.533963680267333984e-01
7.045492529869079590e-01
6.852249503135681152e-01
7.018926143646240234e-01
6.898909211158752441e-01
6.938623785972595215e-01
6.877900362014770508e-01
6.818487644195556641e-01
6.940954327583312988e-01
6.985133886337280273e-01
7.024661898612976074e-01
6.857731938362121582e-01
6.918588876724243164e-01
6.950627565383911133e-01
6.959405541419982910e-01
7.014652490615844727e-01
6.901751160621643066e-01
7.085791826248168945e-01
7.080223560333251953e-01
7.086316347122192383e-01
7.011098265647888184e-01
6.903681159019470215e-01
6.963564157485961914e-01
7.055709362030029297e-01
7.054271101951599121e-01
7.149412631988525391e-01
7.054919004440307617e-01
6.813163161277770996e-01
7.146881222724914551e-01
7.122913002967834473e-01
7.166000604629516602e-01
7.054668664932250977e-01
7.186424732208251953e-01
7.213773727416992188e-01
7.225539088249206543e-01
7.238815426826477051e-01
7.144637107849121094e-01
7.323238849639892578e-01
7.154138088226318359e-01
7.071556448936462402e-01
7.343057990074157715e-01
7.205588221549987793e-01
7.326402068138122559e-01
7.116534113883972168e-01
7.258491516113281250e-01
7.250638604164123535e-01
7.373927831649780273e-01
7.227261662483215332e-01
7.414410710334777832e-01
7.494539022445678711e-01
7.326586246490478516e-01
7.463629245758056641e-01
7.569538950920104980e-01
7.441608309745788574e-01
7.408926486968994141e-01
7.554808855056762695e-01
7.473815083503723145e-01
7.467503547668457031e-01
7.486264705657958984e-01
7.271378040313720703e-01
7.538493275642395020e-01
7.452694177627563477e-01
7.754700779914855957e-01
7.623058557510375977e-01
7.882620692253112793e-01
7.857031226158142090e-01
7.583721280097961426e-01
7.894548177719116211e-01
7.768810987472534180e-01
7.748380303382873535e-01
7.971805930137634277e-01
7.906711697578430176e-01
7.661824226379394531e-01
7.804193496704101562e-01
7.808307409286499023e-01
7.951900362968444824e-01
7.842987775802612305e-01
8.044966459274291992e-01
7.953422665596008301e-01
7.475259304046630859e-01
8.019036650657653809e-01
7.577162384986877441e-01
7.959706187248229980e-01
7.714406251907348633e-01
8.125411272048950195e-01
7.801051139831542969e-01
7.883337140083312988e-01
8.072311878204345703e-01
7.911227941513061523e-01
8.160417675971984863e-01
8.117779493331909180e-01
8.088698983192443848e-01
8.294037580490112305e-01
7.745491862297058105e-01
7.560687065124511719e-01
8.318352103233337402e-01
8.263670206069946289e-01
8.392375707626342773e-01
8.449171781539916992e-01
8.205876946449279785e-01
8.501765131950378418e-01
8.530904650688171387e-01
8.545248508453369141e-01
8.543345928192138672e-01
8.552198410034179688e-01
8.571182489395141602e-01
8.732374906539916992e-01
8.541672825813293457e-01
8.512166142463684082e-01
8.737227320671081543e-01
8.742788434028625488e-01
8.686568737030029297e-01
8.791901469230651855e-01
8.657687902450561523e-01
8.775105476379394531e-01
8.828365206718444824e-01
8.818954229354858398e-01
8.798034191131591797e-01
8.736807703971862793e-01
8.889916539192199707e-01
8.557037115097045898e-01
8.891486525535583496e-01
8.789003491401672363e-01
9.003521800041198730e-01
8.921478986740112305e-01
9.053414463996887207e-01
8.832606077194213867e-01
8.969703912734985352e-01
8.896324038505554199e-01
9.006441831588745117e-01
8.350452184677124023e-01
9.012662768363952637e-01
7.994711399078369141e-01
9.110519886016845703e-01
8.899410963058471680e-01
9.098291993141174316e-01
8.986663222312927246e-01
9.218809604644775391e-01
8.955275416374206543e-01
9.190155267715454102e-01
8.941116929054260254e-01
9.013239741325378418e-01
9.249776601791381836e-01
9.166927337646484375e-01
7.954928278923034668e-01
9.216342568397521973e-01
9.168565869331359863e-01
9.469780921936035156e-01
9.431462883949279785e-01
9.405909180641174316e-01
9.048109054565429688e-01
8.861437439918518066e-01
9.426252245903015137e-01
9.269060492515563965e-01
9.302895665168762207e-01
7.856553196907043457e-01
9.199060201644897461e-01
9.320690035820007324e-01
9.475342631340026855e-01
9.716133475303649902e-01
9.597818851470947266e-01
9.365369677543640137e-01
9.399278759956359863e-01
8.101772665977478027e-01
8.155134916305541992e-01
9.491098523139953613e-01
9.707008600234985352e-01
9.734097123146057129e-01
9.377114772796630859e-01
9.903062582015991211e-01
9.786432981491088867e-01
9.653745293617248535e-01
9.783039689064025879e-01
9.551174640655517578e-01
9.804013967514038086e-01
-9.899900000000000000e+04
9.477630853652954102e-01
9.639381170272827148e-01
9.177674055099487305e-01
9.781765341758728027e-01
9.807614684104919434e-01
9.992577433586120605e-01
-9.899900000000000000e+04
9.709106087684631348e-01
-9.899900000000000000e+04
-9.899900000000000000e+04
9.719742536544799805e-01
9.776874780654907227e-01
-9.899900000000000000e+04
-9.899900000000000000e+04
9.719238281250000000e-01
9.986361265182495117e-01
9.975656270980834961e-01
9.742985367774963379e-01
9.924221038818359375e-01
1.000576019287109375e+00
-9.899900000000000000e+04
-9.899900000000000000e+04
-9.899900000000000000e+04
-9.899900000000000000e+04
-9.899900000000000000e+04
-9.899900000000000000e+04
-9.899900000000000000e+04
-9.899900000000000000e+04
-9.899900000000000000e+04
-9.899900000000000000e+04
-9.899900000000000000e+04
-9.899900000000000000e+04
-9.899900000000000000e+04
-9.899900000000000000e+04
-9.899900000000000000e+04
-9.899900000000000000e+04
-9.899900000000000000e+04
-9.899900000000000000e+04
-9.899900000000000000e+04
-9.899900000000000000e+04
-9.899900000000000000e+04
-9.899900000000000000e+04
-9.899900000000000000e+04
-9.899900000000000000e+04
-9.899900000000000000e+04
-9.899900000000000000e+04
-9.899900000000000000e+04
-9.899900000000000000e+04
-9.899900000000000000e+04
-9.899900000000000000e+04
-9.899900000000000000e+04
-9.899900000000000000e+04
-9.899900000000000000e+04
-9.899900000000000000e+04
-9.899900000000000000e+04
-9.899900000000000000e+04
-9.899900000000000000e+04
