6.309524774551391602e-01
6.257067918777465820e-01
6.407510042190551758e-01
6.595162153244018555e-01
6.469347476959228516e-01
6.478809714317321777e-01
6.616687774658203125e-01
6.678663492202758789e-01
6.592803001403808594e-01
6.611856222152709961e-01
6.664795279502868652e-01
6.636283397674560547e-01
6.608077883720397949e-01
6.785833835601806641e-01
6.808091402053833008e-01
6.734188199043273926e-01
6.751233339309692383e-01
6.691499948501586914e-01
6.773480176925659180e-01
6.816264390945434570e-01
6.809662580490112305e-01
6.800579428672790527e-01
6.810171008110046387e-01
6.826320886611938477e-01
7.060412764549255371e-01
6.980445981025695801e-01
7.089968919754028320e-01
7.003745436668395996e-01
6.843441128730773926e-01
7.025297880172729492e-01
6.907115578651428223e-01
7.020954489707946777e-01
6.935439109802246094e-01
6.920173168182373047e-01
6.920434832572937012e-01
7.003043889999389648e-01
6.956791281700134277e-01
6.992508769035339355e-01
6.967936158180236816e-01
7.035665512084960938e-01
7.027752399444580078e-01
6.954816579818725586e-01
7.047892212867736816e-01
6.958667039871215820e-01
7.116240262985229492e-01
7.203739881515502930e-01
6.987327933311462402e-01
7.191093564033508301e-01
7.141156792640686035e-01
7.005352973937988281e-01
7.196570634841918945e-01
7.263538837432861328e-01
7.019045948982238770e-01
7.033116221427917480e-01
7.216438055038452148e-01
7.240134477615356445e-01
7.065659761428833008e-01
7.111989855766296387e-01
6.963710188865661621e-01
7.130119204521179199e-01
7.165794968605041504e-01
7.201078534126281738e-01
7.162992954254150391e-01
7.293184995651245117e-01
7.201839685440063477e-01
7.263109683990478516e-01
7.258544564247131348e-01
7.376742959022521973e-01
7.272329926490783691e-01
7.279964685440063477e-01
7.372906804084777832e-01
7.397449612617492676e-01
7.417874932289123535e-01
7.401898503303527832e-01
7.435322403907775879e-01
6.961752772331237793e-01
7.352976799011230469e-01
7.645230889320373535e-01
7.287054061889648438e-01
7.397937178611755371e-01
7.453977465629577637e-01
7.760666012763977051e-01
7.772031426429748535e-01
7.699857950210571289e-01
7.491944432258605957e-01
7.847850918769836426e-01
7.663813829421997070e-01
7.813009619712829590e-01
7.854721546173095703e-01
7.647237777709960938e-01
7.964512705802917480e-01
7.833206057548522949e-01
7.827724814414978027e-01
7.814011573791503906e-01
7.929424047470092773e-01
7.534631490707397461e-01
7.709004282951354980e-01
7.925395965576171875e-01
8.001480698585510254e-01
7.684398889541625977e-01
7.761751413345336914e-01
7.918452024459838867e-01
7.811568975448608398e-01
7.807721495628356934e-01
7.795946598052978516e-01
8.058351874351501465e-01
7.680786252021789551e-01
8.072346448898315430e-01
8.094230294227600098e-01
7.775990962982177734e-01
7.970125675201416016e-01
8.027173876762390137e-01
8.133651018142700195e-01
7.889797091484069824e-01
8.092186450958251953e-01
8.096020817756652832e-01
8.108971118927001953e-01
8.121840357780456543e-01
8.417773246765136719e-01
8.355224132537841797e-01
8.504976034164428711e-01
8.536125421524047852e-01
8.521792292594909668e-01
8.532495498657226562e-01
8.556869626045227051e-01
8.493563532829284668e-01
8.639906048774719238e-01
8.353614807128906250e-01
8.603975176811218262e-01
8.677087426185607910e-01
8.485217690467834473e-01
8.583379387855529785e-01
8.812360763549804688e-01
8.705170750617980957e-01
8.531610369682312012e-01
8.603181242942810059e-01
8.792418837547302246e-01
8.772965669631958008e-01
8.591083884239196777e-01
8.855700492858886719e-01
8.914939761161804199e-01
8.911709189414978027e-01
8.848951458930969238e-01
8.915625810623168945e-01
8.964974284172058105e-01
8.919411301612854004e-01
9.047155380249023438e-01
8.868218660354614258e-01
8.680539727210998535e-01
8.988892436027526855e-01
9.090839624404907227e-01
8.481488227844238281e-01
8.620297908782958984e-01
8.833512067794799805e-01
9.103358387947082520e-01
8.958759307861328125e-01
9.079387187957763672e-01
8.159448504447937012e-01
9.013776779174804688e-01
8.895408511161804199e-01
9.005253314971923828e-01
9.026399254798889160e-01
9.227787852287292480e-01
8.891222476959228516e-01
9.015291929244995117e-01
8.874350190162658691e-01
9.332075119018554688e-01
9.280109405517578125e-01
9.485535621643066406e-01
9.038339853286743164e-01
7.686492800712585449e-01
8.945357203483581543e-01
9.426528811454772949e-01
9.081164598464965820e-01
9.218421578407287598e-01
9.388867020606994629e-01
9.384779930114746094e-01
8.765026330947875977e-01
9.476681351661682129e-01
9.091002345085144043e-01
7.949737906455993652e-01
9.330855607986450195e-01
9.593290686607360840e-01
9.052042961120605469e-01
9.466608166694641113e-01
9.394135475158691406e-01
9.590657353401184082e-01
9.715642333030700684e-01
8.326902389526367188e-01
9.712674617767333984e-01
9.671078324317932129e-01
9.934552907943725586e-01
9.795715212821960449e-01
9.992355704307556152e-01
9.887709021568298340e-01
9.576584100723266602e-01
9.626799225807189941e-01
1.007533550262451172e+00
9.901769161224365234e-01
-9.899900000000000000e+04
9.847915172576904297e-01
9.597143530845642090e-01
-9.899900000000000000e+04
1.012311816215515137e+00
-9.899900000000000000e+04
-9.899900000000000000e+04
-9.899900000000000000e+04
-9.899900000000000000e+04
-9.899900000000000000e+04
9.675333499908447266e-01
