6.225892305374145508e-01
6.358127593994140625e-01
6.407510042190551758e-01
6.606395840644836426e-01
6.627352833747863770e-01
6.639208197593688965e-01
6.603446006774902344e-01
6.678663492202758789e-01
6.592803001403808594e-01
6.824432611465454102e-01
6.664795279502868652e-01
6.596245169639587402e-01
6.751718521118164062e-01
6.840402483940124512e-01
6.671554446220397949e-01
6.658440232276916504e-01
6.758943796157836914e-01
6.874428987503051758e-01
6.750604510307312012e-01
6.843210458755493164e-01
6.876512169837951660e-01
6.802825331687927246e-01
6.518429517745971680e-01
7.045492529869079590e-01
7.065337896347045898e-01
6.980122923851013184e-01
6.895737648010253906e-01
7.027965784072875977e-01
7.004201412200927734e-01
6.901693344116210938e-01
7.079150676727294922e-01
6.891896724700927734e-01
6.974868178367614746e-01
6.907345652580261230e-01
6.941004991531372070e-01
6.991676688194274902e-01
7.006449103355407715e-01
6.980213522911071777e-01
7.011813521385192871e-01
6.951501369476318359e-01
6.888989806175231934e-01
7.018590569496154785e-01
7.013908028602600098e-01
7.104471921920776367e-01
7.031278014183044434e-01
7.102590203285217285e-01
7.096688747406005859e-01
6.937850713729858398e-01
7.099050283432006836e-01
7.188600301742553711e-01
7.038409709930419922e-01
7.000806927680969238e-01
7.172837853431701660e-01
7.247091531753540039e-01
7.059023976325988770e-01
7.214987874031066895e-01
6.993163228034973145e-01
6.955080628395080566e-01
7.155318856239318848e-01
7.163317799568176270e-01
7.266589999198913574e-01
7.194101214408874512e-01
7.168001532554626465e-01
7.237640619277954102e-01
7.231378555297851562e-01
7.253524065017700195e-01
7.320614457130432129e-01
7.262528538703918457e-01
7.078648209571838379e-01
7.360399365425109863e-01
7.448095083236694336e-01
7.236737012863159180e-01
7.405171394348144531e-01
7.750837802886962891e-01
7.402513623237609863e-01
7.437572479248046875e-01
7.477729320526123047e-01
7.374880313873291016e-01
7.339628338813781738e-01
7.404564619064331055e-01
7.613475918769836426e-01
7.593774199485778809e-01
7.727116942405700684e-01
7.532286047935485840e-01
7.732139229774475098e-01
7.706465721130371094e-01
7.693904638290405273e-01
7.713627219200134277e-01
7.759342193603515625e-01
7.704800367355346680e-01
7.848935723304748535e-01
7.701707482337951660e-01
8.067434430122375488e-01
7.992079854011535645e-01
7.257999777793884277e-01
7.519352436065673828e-01
7.831909656524658203e-01
7.909564971923828125e-01
8.019859194755554199e-01
7.892852425575256348e-01
7.967215180397033691e-01
7.703599929809570312e-01
7.943381667137145996e-01
7.743447422981262207e-01
8.048641681671142578e-01
7.907000184059143066e-01
8.146532773971557617e-01
8.110435605049133301e-01
7.989239692687988281e-01
8.192378282546997070e-01
8.050177693367004395e-01
7.996428012847900391e-01
8.097453117370605469e-01
7.697451114654541016e-01
8.213560581207275391e-01
8.090513944625854492e-01
8.263579607009887695e-01
8.186779022216796875e-01
8.369054794311523438e-01
8.362727761268615723e-01
8.276603817939758301e-01
8.295207023620605469e-01
8.488233685493469238e-01
8.432598114013671875e-01
8.409543037414550781e-01
8.753251433372497559e-01
8.271393775939941406e-01
8.590512871742248535e-01
8.436781167984008789e-01
8.475680351257324219e-01
8.603472113609313965e-01
8.663052916526794434e-01
8.639519214630126953e-01
8.323717117309570312e-01
8.684101700782775879e-01
8.854960799217224121e-01
8.610045909881591797e-01
8.721254467964172363e-01
8.485195040702819824e-01
8.724579811096191406e-01
8.895654082298278809e-01
8.861758708953857422e-01
8.737292885780334473e-01
8.960716128349304199e-01
8.933135867118835449e-01
8.803285956382751465e-01
9.023132920265197754e-01
9.050135016441345215e-01
8.997714519500732422e-01
9.078195691108703613e-01
9.054659008979797363e-01
8.909738659858703613e-01
8.567961454391479492e-01
9.063745141029357910e-01
8.997300267219543457e-01
8.870759606361389160e-01
8.951640129089355469e-01
8.989845514297485352e-01
9.273945093154907227e-01
9.201450943946838379e-01
9.148786067962646484e-01
8.655949831008911133e-01
9.203937649726867676e-01
8.939547538757324219e-01
9.241954088211059570e-01
9.119253158569335938e-01
9.223132133483886719e-01
7.755120396614074707e-01
9.375616312026977539e-01
9.420118927955627441e-01
8.164421916007995605e-01
9.259229898452758789e-01
8.851328492164611816e-01
9.450615644454956055e-01
9.483321905136108398e-01
7.544726729393005371e-01
8.250983953475952148e-01
9.368312954902648926e-01
9.334049820899963379e-01
9.341641068458557129e-01
9.282275438308715820e-01
9.399142265319824219e-01
9.221648573875427246e-01
8.812003731727600098e-01
9.360512495040893555e-01
8.145165443420410156e-01
8.224069476127624512e-01
9.503909349441528320e-01
9.501002430915832520e-01
9.885233044624328613e-01
9.410508275032043457e-01
9.770801067352294922e-01
7.705740928649902344e-01
9.750666618347167969e-01
9.460878968238830566e-01
9.778363108634948730e-01
9.361721277236938477e-01
9.632410407066345215e-01
9.757654070854187012e-01
9.775692820549011230e-01
9.915052056312561035e-01
8.743597269058227539e-01
-9.899900000000000000e+04
-9.899900000000000000e+04
9.829422831535339355e-01
9.774681925773620605e-01
9.904121160507202148e-01
-9.899900000000000000e+04
8.468050956726074219e-01
9.525141716003417969e-01
1.011987566947937012e+00
9.391685128211975098e-01
-9.899900000000000000e+04
9.816366434097290039e-01
9.795312285423278809e-01
-9.899900000000000000e+04
-9.899900000000000000e+04
1.011901617050170898e+00
8.841463327407836914e-01
-9.899900000000000000e+04
-9.899900000000000000e+04
1.007487535476684570e+00
-9.899900000000000000e+04
-9.899900000000000000e+04
-9.899900000000000000e+04
-9.899900000000000000e+04
-9.899900000000000000e+04
-9.899900000000000000e+04
-9.899900000000000000e+04
-9.899900000000000000e+04
-9.899900000000000000e+04
-9.899900000000000000e+04
-9.899900000000000000e+04
-9.899900000000000000e+04
-9.899900000000000000e+04
-9.899900000000000000e+04
-9.899900000000000000e+04
-9.899900000000000000e+04
-9.899900000000000000e+04
-9.899900000000000000e+04
-9.899900000000000000e+04
-9.899900000000000000e+04
-9.899900000000000000e+04
-9.899900000000000000e+04
-9.899900000000000000e+04
9.514517188072204590e-01
8.209607005119323730e-01
-9.899900000000000000e+04
-9.899900000000000000e+04
-9.899900000000000000e+04
-9.899900000000000000e+04
-9.899900000000000000e+04
-9.899900000000000000e+04
-9.899900000000000000e+04
-9.899900000000000000e+04
-9.899900000000000000e+04
-9.899900000000000000e+04
-9.899900000000000000e+04
9.729493260383605957e-01
-9.899900000000000000e+04
-9.899900000000000000e+04
-9.899900000000000000e+04
-9.899900000000000000e+04
-9.899900000000000000e+04
-9.899900000000000000e+04
-9.899900000000000000e+04
-9.899900000000000000e+04
-9.899900000000000000e+04
-9.899900000000000000e+04
-9.899900000000000000e+04
-9.899900000000000000e+04
-9.899900000000000000e+04
9.966346025466918945e-01
-9.899900000000000000e+04
-9.899900000000000000e+04
-9.899900000000000000e+04
-9.899900000000000000e+04
-9.899900000000000000e+04
-9.899900000000000000e+04
-9.899900000000000000e+04
-9.899900000000000000e+04
-9.899900000000000000e+04
-9.899900000000000000e+04
-9.899900000000000000e+04
-9.899900000000000000e+04
-9.899900000000000000e+04
-9.899900000000000000e+04
-9.899900000000000000e+04
-9.899900000000000000e+04
7.470362782478332520e-01
-9.899900000000000000e+04
-9.899900000000000000e+04
-9.899900000000000000e+04
-9.899900000000000000e+04
-9.899900000000000000e+04
-9.899900000000000000e+04
-9.899900000000000000e+04
-9.899900000000000000e+04
-9.899900000000000000e+04
-9.899900000000000000e+04
-9.899900000000000000e+04
-9.899900000000000000e+04
-9.899900000000000000e+04
-9.899900000000000000e+04
-9.899900000000000000e+04
-9.899900000000000000e+04
-9.899900000000000000e+04
-9.899900000000000000e+04
-9.899900000000000000e+04
-9.899900000000000000e+04
-9.899900000000000000e+04
-9.899900000000000000e+04
-9.899900000000000000e+04
-9.899900000000000000e+04
-9.899900000000000000e+04
-9.899900000000000000e+04
-9.899900000000000000e+04
-9.899900000000000000e+04
-9.899900000000000000e+04
-9.899900000000000000e+04
-9.899900000000000000e+04
-9.899900000000000000e+04
-9.899900000000000000e+04
-9.899900000000000000e+04
-9.899900000000000000e+04
-9.899900000000000000e+04
-9.899900000000000000e+04
-9.899900000000000000e+04
-9.899900000000000000e+04
-9.899900000000000000e+04
-9.899900000000000000e+04
-9.899900000000000000e+04
-9.899900000000000000e+04
-9.899900000000000000e+04
-9.899900000000000000e+04
-9.899900000000000000e+04
-9.899900000000000000e+04
-9.899900000000000000e+04
-9.899900000000000000e+04
-9.899900000000000000e+04
-9.899900000000000000e+04
-9.899900000000000000e+04
-9.899900000000000000e+04
-9.899900000000000000e+04
-9.899900000000000000e+04
-9.899900000000000000e+04
-9.899900000000000000e+04
-9.899900000000000000e+04
-9.899900000000000000e+04
-9.899900000000000000e+04
-9.899900000000000000e+04
-9.899900000000000000e+04
-9.899900000000000000e+04
-9.899900000000000000e+04
-9.899900000000000000e+04
-9.899900000000000000e+04
-9.899900000000000000e+04
-9.899900000000000000e+04
-9.899900000000000000e+04
-9.899900000000000000e+04
-9.899900000000000000e+04
-9.899900000000000000e+04
-9.899900000000000000e+04
-9.899900000000000000e+04
-9.900100000000000000e+04
