6.225892305374145508e-01
6.257067918777465820e-01
6.412144899368286133e-01
6.595162153244018555e-01
6.476992368698120117e-01
6.493827104568481445e-01
6.525709033012390137e-01
6.734821796417236328e-01
6.592803001403808594e-01
6.803293228149414062e-01
6.664795279502868652e-01
6.803489923477172852e-01
6.678974032402038574e-01
6.589918732643127441e-01
6.808091402053833008e-01
6.680523157119750977e-01
6.748010516166687012e-01
6.710654497146606445e-01
6.750604510307312012e-01
6.843210458755493164e-01
6.901529431343078613e-01
6.835260391235351562e-01
6.753086447715759277e-01
7.045492529869079590e-01
6.971731781959533691e-01
6.931847333908081055e-01
7.006487846374511719e-01
6.887050867080688477e-01
6.932216286659240723e-01
7.019232511520385742e-01
6.866462826728820801e-01
6.940888762474060059e-01
6.882430911064147949e-01
6.971195936203002930e-01
6.970080137252807617e-01
6.950627565383911133e-01
6.994271278381347656e-01
7.035740017890930176e-01
7.084416747093200684e-01
7.058835029602050781e-01
7.167661786079406738e-01
6.985927820205688477e-01
7.031233906745910645e-01
7.011688351631164551e-01
7.136985659599304199e-01
7.051142454147338867e-01
7.024170756340026855e-01
7.161748409271240234e-01
6.926822662353515625e-01
6.891442537307739258e-01
7.046504020690917969e-01
7.006524801254272461e-01
7.002914547920227051e-01
7.016506791114807129e-01
7.065294384956359863e-01
6.887081861495971680e-01
7.092094421386718750e-01
6.954094171524047852e-01
7.260247468948364258e-01
7.274795770645141602e-01
7.222983241081237793e-01
7.298980951309204102e-01
7.170089483261108398e-01
7.030029892921447754e-01
7.335677146911621094e-01
7.336538434028625488e-01
7.234579920768737793e-01
7.394695281982421875e-01
7.393878102302551270e-01
7.234100699424743652e-01
7.430327534675598145e-01
7.399677634239196777e-01
7.205056548118591309e-01
7.550867199897766113e-01
7.272862792015075684e-01
7.433326244354248047e-01
7.219209074974060059e-01
7.439804077148437500e-01
7.510583400726318359e-01
7.520157098770141602e-01
7.110862135887145996e-01
7.287600636482238770e-01
7.368490695953369141e-01
7.784919738769531250e-01
7.805193066596984863e-01
7.698076963424682617e-01
7.710195183753967285e-01
7.408992052078247070e-01
7.671684622764587402e-01
7.427211403846740723e-01
7.535104155540466309e-01
7.854299545288085938e-01
7.756187319755554199e-01
7.905882000923156738e-01
7.728103995323181152e-01
7.882643938064575195e-01
7.909357547760009766e-01
7.697505950927734375e-01
7.809293270111083984e-01
7.947101593017578125e-01
7.992083430290222168e-01
7.821827530860900879e-01
8.016286492347717285e-01
7.989138364791870117e-01
7.801312208175659180e-01
8.164368867874145508e-01
7.832646369934082031e-01
7.534469366073608398e-01
8.172340393066406250e-01
7.989304661750793457e-01
7.952139377593994141e-01
7.966568470001220703e-01
8.148912787437438965e-01
8.155472874641418457e-01
8.134996891021728516e-01
8.035307526588439941e-01
8.230431675910949707e-01
8.107815980911254883e-01
8.353799581527709961e-01
8.260149359703063965e-01
8.020560145378112793e-01
8.434844017028808594e-01
7.643736004829406738e-01
8.394970297813415527e-01
8.292877674102783203e-01
8.494738340377807617e-01
8.662744760513305664e-01
8.340445756912231445e-01
8.631591796875000000e-01
8.557003736495971680e-01
8.599066138267517090e-01
8.616434335708618164e-01
8.681678175926208496e-01
8.735625147819519043e-01
8.569222092628479004e-01
8.826052546501159668e-01
8.780196309089660645e-01
8.674647212028503418e-01
8.705188632011413574e-01
8.836888670921325684e-01
8.661170601844787598e-01
8.830621838569641113e-01
8.897681832313537598e-01
8.848970532417297363e-01
9.025895595550537109e-01
9.013328552246093750e-01
8.880181312561035156e-01
8.937111496925354004e-01
8.886483907699584961e-01
8.752457499504089355e-01
8.798246383666992188e-01
9.111031293869018555e-01
8.939334750175476074e-01
8.953369259834289551e-01
8.418292403221130371e-01
8.468962907791137695e-01
9.067775607109069824e-01
9.186233282089233398e-01
9.100646376609802246e-01
9.051349759101867676e-01
9.200714826583862305e-01
9.111802577972412109e-01
9.049109816551208496e-01
9.146311879158020020e-01
8.990326523780822754e-01
9.252290725708007812e-01
9.163365364074707031e-01
7.971374392509460449e-01
9.145849347114562988e-01
9.388470649719238281e-01
9.298249483108520508e-01
9.424770474433898926e-01
9.043655395507812500e-01
9.284589290618896484e-01
9.472581148147583008e-01
9.419876337051391602e-01
9.255933761596679688e-01
9.248372912406921387e-01
9.757457375526428223e-01
8.772583603858947754e-01
7.884644269943237305e-01
9.328964948654174805e-01
9.205969572067260742e-01
9.429285526275634766e-01
9.621620774269104004e-01
9.259589910507202148e-01
9.469236731529235840e-01
9.029431343078613281e-01
9.585492014884948730e-01
9.334464669227600098e-01
9.440898299217224121e-01
9.859956502914428711e-01
9.578183889389038086e-01
9.636348485946655273e-01
9.499350190162658691e-01
9.685519933700561523e-01
9.724324941635131836e-01
9.724786281585693359e-01
9.791359305381774902e-01
9.869125485420227051e-01
-9.899900000000000000e+04
9.764188528060913086e-01
-9.899900000000000000e+04
9.722182750701904297e-01
9.770463705062866211e-01
-9.899900000000000000e+04
9.745858311653137207e-01
1.013452053070068359e+00
