6.291534900665283203e-01
6.257067918777465820e-01
6.407510042190551758e-01
6.602879762649536133e-01
6.467798352241516113e-01
6.692129373550415039e-01
6.616687774658203125e-01
6.678663492202758789e-01
6.632632613182067871e-01
6.803293228149414062e-01
6.748403310775756836e-01
6.803489923477172852e-01
6.676720976829528809e-01
6.711479425430297852e-01
6.657516956329345703e-01
6.785594224929809570e-01
6.758943796157836914e-01
6.710654497146606445e-01
6.693843007087707520e-01
6.843210458755493164e-01
6.899451017379760742e-01
6.835260391235351562e-01
6.805456280708312988e-01
6.878223419189453125e-01
6.966059207916259766e-01
6.988457441329956055e-01
7.002325057983398438e-01
6.862472891807556152e-01
6.958838105201721191e-01
6.901693344116210938e-01
6.703771352767944336e-01
6.954005360603332520e-01
6.903545260429382324e-01
6.924187541007995605e-01
6.941277384757995605e-01
6.919738650321960449e-01
7.006580829620361328e-01
6.991010308265686035e-01
6.990178823471069336e-01
7.092871665954589844e-01
7.067958712577819824e-01
7.106400728225708008e-01
6.954659819602966309e-01
7.037993669509887695e-01
6.938783526420593262e-01
7.097502350807189941e-01
7.016157507896423340e-01
7.145048379898071289e-01
7.146359682083129883e-01
7.010470032691955566e-01
7.116411924362182617e-01
7.210776805877685547e-01
7.127560377120971680e-01
7.110593318939208984e-01
7.071678638458251953e-01
7.189350724220275879e-01
7.102288603782653809e-01
6.941585540771484375e-01
6.927347779273986816e-01
7.161745429039001465e-01
7.295101284980773926e-01
7.258285284042358398e-01
7.179504036903381348e-01
7.290851473808288574e-01
7.304771542549133301e-01
7.253686785697937012e-01
7.237514853477478027e-01
7.226361036300659180e-01
6.925526857376098633e-01
7.151220440864562988e-01
7.226125597953796387e-01
7.453007102012634277e-01
7.397491931915283203e-01
7.530120015144348145e-01
7.284494042396545410e-01
7.373403310775756836e-01
7.201799750328063965e-01
7.455318570137023926e-01
7.483802437782287598e-01
7.488158941268920898e-01
7.579432725906372070e-01
7.436236143112182617e-01
7.384419441223144531e-01
7.594619989395141602e-01
7.734426259994506836e-01
7.611206769943237305e-01
7.677559852600097656e-01
8.009852170944213867e-01
7.906175255775451660e-01
7.911167740821838379e-01
7.677659988403320312e-01
7.865837812423706055e-01
7.770735621452331543e-01
7.725738883018493652e-01
7.647784948348999023e-01
7.833500504493713379e-01
7.975147366523742676e-01
7.904266119003295898e-01
7.852455973625183105e-01
7.894825339317321777e-01
7.878063917160034180e-01
7.585695981979370117e-01
8.004173636436462402e-01
7.811299562454223633e-01
8.062685132026672363e-01
8.045586943626403809e-01
7.734819650650024414e-01
8.127617239952087402e-01
8.016912341117858887e-01
8.093039393424987793e-01
8.027575016021728516e-01
7.868922352790832520e-01
7.939566373825073242e-01
7.850586771965026855e-01
7.897526025772094727e-01
8.376467227935791016e-01
8.119360804557800293e-01
8.439915776252746582e-01
8.142322301864624023e-01
8.262108564376831055e-01
8.413273096084594727e-01
8.480355143547058105e-01
8.501230478286743164e-01
8.530030250549316406e-01
8.601771593093872070e-01
8.499152064323425293e-01
8.510065674781799316e-01
8.472719788551330566e-01
8.621064424514770508e-01
8.548783063888549805e-01
8.360009789466857910e-01
8.731831908226013184e-01
8.645039796829223633e-01
8.632723093032836914e-01
8.408213853836059570e-01
8.676323890686035156e-01
8.673785328865051270e-01
8.369526267051696777e-01
8.810966014862060547e-01
8.532711863517761230e-01
8.789865374565124512e-01
8.919507861137390137e-01
8.858799338340759277e-01
8.846732378005981445e-01
8.947631120681762695e-01
8.775303363800048828e-01
8.826255798339843750e-01
8.945616483688354492e-01
9.094938039779663086e-01
8.994405269622802734e-01
8.525523543357849121e-01
8.750211000442504883e-01
9.001930356025695801e-01
9.060657024383544922e-01
8.981342911720275879e-01
9.114021062850952148e-01
9.013049602508544922e-01
9.055384397506713867e-01
8.585736751556396484e-01
9.151101112365722656e-01
8.976193070411682129e-01
9.236370921134948730e-01
9.253554344177246094e-01
9.137810468673706055e-01
8.182757496833801270e-01
9.200246930122375488e-01
9.284754395484924316e-01
9.163084030151367188e-01
9.360629916191101074e-01
9.133346676826477051e-01
9.322266578674316406e-01
9.317211508750915527e-01
9.156821370124816895e-01
9.241417646408081055e-01
9.378404617309570312e-01
9.377285242080688477e-01
9.391614794731140137e-01
9.225481748580932617e-01
9.442793130874633789e-01
9.528094530105590820e-01
9.351651668548583984e-01
8.548037409782409668e-01
9.307254552841186523e-01
9.316385984420776367e-01
9.513633847236633301e-01
6.190409660339355469e-01
9.633414149284362793e-01
9.568631649017333984e-01
8.009073734283447266e-01
9.834067225456237793e-01
9.685689210891723633e-01
9.469861388206481934e-01
9.171478152275085449e-01
-9.899900000000000000e+04
9.640820622444152832e-01
9.722743630409240723e-01
9.706589579582214355e-01
9.840644598007202148e-01
1.003903031349182129e+00
-9.899900000000000000e+04
9.668903946876525879e-01
9.931282997131347656e-01
9.694019556045532227e-01
-9.899900000000000000e+04
-9.899900000000000000e+04
-9.899900000000000000e+04
9.597796797752380371e-01
-9.899900000000000000e+04
1.017373681068420410e+00
9.591317176818847656e-01
-9.899900000000000000e+04
9.797047376632690430e-01
9.790264368057250977e-01
-9.899900000000000000e+04
-9.899900000000000000e+04
-9.899900000000000000e+04
9.735836386680603027e-01
8.526008725166320801e-01
-9.899900000000000000e+04
-9.899900000000000000e+04
-9.899900000000000000e+04
1.002739787101745605e+00
-9.899900000000000000e+04
9.717662930488586426e-01
-9.899900000000000000e+04
-9.899900000000000000e+04
-9.899900000000000000e+04
-9.899900000000000000e+04
-9.899900000000000000e+04
-9.899900000000000000e+04
