6.225892305374145508e-01
6.257067918777465820e-01
6.562239527702331543e-01
6.632860302925109863e-01
6.476992368698120117e-01
6.468650102615356445e-01
6.616687774658203125e-01
6.678663492202758789e-01
6.734914183616638184e-01
6.654602885246276855e-01
6.724160313606262207e-01
6.636283397674560547e-01
6.690735220909118652e-01
6.578110456466674805e-01
6.669101715087890625e-01
6.690617203712463379e-01
6.762954592704772949e-01
6.668570041656494141e-01
6.890469193458557129e-01
6.843210458755493164e-01
6.901529431343078613e-01
6.802825331687927246e-01
6.518429517745971680e-01
6.911942958831787109e-01
7.024981975555419922e-01
7.027370333671569824e-01
6.916500329971313477e-01
7.027965784072875977e-01
6.846235394477844238e-01
6.911410093307495117e-01
6.933150887489318848e-01
6.884792447090148926e-01
6.940789222717285156e-01
6.997878551483154297e-01
7.011713385581970215e-01
7.021046876907348633e-01
6.937009096145629883e-01
7.084934115409851074e-01
7.092423439025878906e-01
7.138755917549133301e-01
7.075406312942504883e-01
7.010074853897094727e-01
7.139601707458496094e-01
7.002077698707580566e-01
7.000163793563842773e-01
7.039639353752136230e-01
7.091311216354370117e-01
7.144928574562072754e-01
7.092770338058471680e-01
7.105430364608764648e-01
7.123771905899047852e-01
7.213006615638732910e-01
7.143797278404235840e-01
6.783545613288879395e-01
7.128821015357971191e-01
6.916851401329040527e-01
7.228435873985290527e-01
7.000385522842407227e-01
7.135008573532104492e-01
7.280532121658325195e-01
7.333561182022094727e-01
7.335318326950073242e-01
7.149880528450012207e-01
7.301262021064758301e-01
7.248229980468750000e-01
7.380669116973876953e-01
7.414340972900390625e-01
7.139834165573120117e-01
7.286810874938964844e-01
7.261662483215332031e-01
7.296890616416931152e-01
7.355390787124633789e-01
7.296879291534423828e-01
7.327852249145507812e-01
7.254275679588317871e-01
7.454003691673278809e-01
7.351483702659606934e-01
7.540150284767150879e-01
7.327083945274353027e-01
7.661728858947753906e-01
7.189808487892150879e-01
7.560065388679504395e-01
7.680506706237792969e-01
7.643899321556091309e-01
7.747964262962341309e-01
7.686886191368103027e-01
7.774963974952697754e-01
7.855197191238403320e-01
7.764933109283447266e-01
7.889852523803710938e-01
7.887502908706665039e-01
7.809122204780578613e-01
7.701894044876098633e-01
7.878313660621643066e-01
7.914134860038757324e-01
7.993565201759338379e-01
7.985490560531616211e-01
7.890797853469848633e-01
7.801079750061035156e-01
7.967231869697570801e-01
7.628762125968933105e-01
7.788069844245910645e-01
7.699060440063476562e-01
7.830191254615783691e-01
8.026791214942932129e-01
7.834084033966064453e-01
8.162594437599182129e-01
8.047597408294677734e-01
7.720991373062133789e-01
7.828243374824523926e-01
8.105621933937072754e-01
7.966944575309753418e-01
8.201523423194885254e-01
8.050882816314697266e-01
8.240666985511779785e-01
7.961229085922241211e-01
7.900029420852661133e-01
8.416481018066406250e-01
8.407104015350341797e-01
8.423830866813659668e-01
8.429797887802124023e-01
8.369044065475463867e-01
8.540481328964233398e-01
8.082448840141296387e-01
8.513363003730773926e-01
8.232421278953552246e-01
8.663221597671508789e-01
7.920022010803222656e-01
8.229528665542602539e-01
8.513882756233215332e-01
8.734405040740966797e-01
8.639507293701171875e-01
8.563432693481445312e-01
8.450300097465515137e-01
8.454000949859619141e-01
8.732166290283203125e-01
8.517379760742187500e-01
8.444746136665344238e-01
8.756104111671447754e-01
8.746504783630371094e-01
8.785272836685180664e-01
8.982586860656738281e-01
8.926491737365722656e-01
8.745266795158386230e-01
8.590236306190490723e-01
8.920832276344299316e-01
8.831516504287719727e-01
8.893094658851623535e-01
8.965691328048706055e-01
8.916091322898864746e-01
8.903887271881103516e-01
8.839978575706481934e-01
8.973364830017089844e-01
8.906319141387939453e-01
8.028770685195922852e-01
8.844071030616760254e-01
8.910565972328186035e-01
9.196531176567077637e-01
9.140622019767761230e-01
9.252157211303710938e-01
9.124314188957214355e-01
9.306376576423645020e-01
9.053413867950439453e-01
9.077477455139160156e-01
9.060126543045043945e-01
9.105812311172485352e-01
8.564028739929199219e-01
9.171316027641296387e-01
9.382515549659729004e-01
9.118251204490661621e-01
9.234215021133422852e-01
9.009835720062255859e-01
9.385513067245483398e-01
9.298815131187438965e-01
9.242492914199829102e-01
9.523438811302185059e-01
8.933536410331726074e-01
8.915234208106994629e-01
9.340035319328308105e-01
9.313902258872985840e-01
8.880576491355895996e-01
9.699454903602600098e-01
9.292485713958740234e-01
9.674264192581176758e-01
8.826667666435241699e-01
9.592721462249755859e-01
9.666427969932556152e-01
9.098442792892456055e-01
9.632803797721862793e-01
9.665412902832031250e-01
9.499144554138183594e-01
9.767374396324157715e-01
9.442524313926696777e-01
9.896527528762817383e-01
8.486925363540649414e-01
9.913880228996276855e-01
8.371305465698242188e-01
9.797043204307556152e-01
9.118204712867736816e-01
1.008204817771911621e+00
9.205108880996704102e-01
-9.899900000000000000e+04
9.757503271102905273e-01
9.807525277137756348e-01
9.523119926452636719e-01
7.742297053337097168e-01
9.795201420783996582e-01
-9.899900000000000000e+04
9.800376296043395996e-01
-9.899900000000000000e+04
9.103559851646423340e-01
-9.899900000000000000e+04
-9.899900000000000000e+04
9.753842353820800781e-01
-9.899900000000000000e+04
-9.899900000000000000e+04
8.723682761192321777e-01
-9.899900000000000000e+04
-9.899900000000000000e+04
9.797745943069458008e-01
9.666028022766113281e-01
-9.899900000000000000e+04
-9.899900000000000000e+04
-9.899900000000000000e+04
-9.899900000000000000e+04
-9.899900000000000000e+04
-9.899900000000000000e+04
9.008656740188598633e-01
8.645929098129272461e-01
-9.899900000000000000e+04
-9.899900000000000000e+04
9.161386489868164062e-01
-9.899900000000000000e+04
-9.899900000000000000e+04
-9.899900000000000000e+04
-9.899900000000000000e+04
-9.899900000000000000e+04
-9.899900000000000000e+04
-9.899900000000000000e+04
-9.899900000000000000e+04
-9.899900000000000000e+04
-9.899900000000000000e+04
-9.899900000000000000e+04
-9.899900000000000000e+04
-9.899900000000000000e+04
-9.899900000000000000e+04
-9.899900000000000000e+04
-9.899900000000000000e+04
-9.899900000000000000e+04
-9.899900000000000000e+04
-9.899900000000000000e+04
-9.899900000000000000e+04
-9.899900000000000000e+04
-9.899900000000000000e+04
-9.899900000000000000e+04
-9.899900000000000000e+04
-9.899900000000000000e+04
-9.899900000000000000e+04
-9.899900000000000000e+04
-9.899900000000000000e+04
-9.899900000000000000e+04
-9.899900000000000000e+04
-9.899900000000000000e+04
-9.899900000000000000e+04
-9.899900000000000000e+04
-9.899900000000000000e+04
-9.899900000000000000e+04
-9.899900000000000000e+04
-9.899900000000000000e+04
-9.899900000000000000e+04
-9.899900000000000000e+04
-9.899900000000000000e+04
-9.899900000000000000e+04
5.198081135749816895e-01
-9.899900000000000000e+04
-9.899900000000000000e+04
-9.899900000000000000e+04
-9.899900000000000000e+04
-9.899900000000000000e+04
