6.225892305374145508e-01
6.517849564552307129e-01
6.388311982154846191e-01
6.606395840644836426e-01
6.510597467422485352e-01
6.472339630126953125e-01
6.616687774658203125e-01
6.749265789985656738e-01
6.592803001403808594e-01
6.793448328971862793e-01
6.664795279502868652e-01
6.602298617362976074e-01
6.676720976829528809e-01
6.778634786605834961e-01
6.671554446220397949e-01
6.734188199043273926e-01
6.826283931732177734e-01
6.863613128662109375e-01
6.638583540916442871e-01
6.838296055793762207e-01
6.899451017379760742e-01
6.750268340110778809e-01
6.763271093368530273e-01
6.844261288642883301e-01
7.060412764549255371e-01
6.890242099761962891e-01
7.002814412117004395e-01
6.931471824645996094e-01
6.875582337379455566e-01
6.980389356613159180e-01
6.927626132965087891e-01
6.928601264953613281e-01
6.974868178367614746e-01
6.892899870872497559e-01
7.023847699165344238e-01
6.932854056358337402e-01
6.984021067619323730e-01
6.986204385757446289e-01
7.061207890510559082e-01
7.157986760139465332e-01
7.074000239372253418e-01
7.111132740974426270e-01
7.144544720649719238e-01
7.031029462814331055e-01
7.064666748046875000e-01
7.033302783966064453e-01
7.022421360015869141e-01
7.106543779373168945e-01
7.103185653686523438e-01
7.126283645629882812e-01
7.097433209419250488e-01
7.204535007476806641e-01
7.024575471878051758e-01
7.075980305671691895e-01
7.096809148788452148e-01
7.051683068275451660e-01
6.882710456848144531e-01
7.142629623413085938e-01
6.970504522323608398e-01
7.119156718254089355e-01
7.118921279907226562e-01
7.272588610649108887e-01
7.094748020172119141e-01
7.214443683624267578e-01
7.317090034484863281e-01
7.372440099716186523e-01
7.274276614189147949e-01
7.277038693428039551e-01
7.235198616981506348e-01
7.377635836601257324e-01
7.411016821861267090e-01
7.497861385345458984e-01
7.322372794151306152e-01
7.283950448036193848e-01
7.411329746246337891e-01
7.324699163436889648e-01
7.647585868835449219e-01
7.279580235481262207e-01
7.550311088562011719e-01
7.110238075256347656e-01
7.541725039482116699e-01
7.708092331886291504e-01
7.313311696052551270e-01
7.450053691864013672e-01
7.653315663337707520e-01
7.595780491828918457e-01
7.833404541015625000e-01
7.647572755813598633e-01
7.473904490470886230e-01
7.874314188957214355e-01
7.887367010116577148e-01
7.649426460266113281e-01
7.918655872344970703e-01
7.935749292373657227e-01
7.805791497230529785e-01
7.872008085250854492e-01
7.951809167861938477e-01
7.820742726325988770e-01
7.975243926048278809e-01
7.862857580184936523e-01
7.680737972259521484e-01
7.713622450828552246e-01
8.063855767250061035e-01
7.969002723693847656e-01
7.605952620506286621e-01
7.840004563331604004e-01
8.079526424407958984e-01
8.062799572944641113e-01
7.997426986694335938e-01
8.060389161109924316e-01
8.113443851470947266e-01
8.150162696838378906e-01
8.074513077735900879e-01
8.172293901443481445e-01
8.138495683670043945e-01
8.106386065483093262e-01
8.247795104980468750e-01
8.427819609642028809e-01
8.440654277801513672e-01
8.434194326400756836e-01
8.471191525459289551e-01
8.478904366493225098e-01
8.627999424934387207e-01
8.320661187171936035e-01
8.602926731109619141e-01
8.588157296180725098e-01
8.632405996322631836e-01
8.554808497428894043e-01
8.511016368865966797e-01
8.634051680564880371e-01
8.579056262969970703e-01
8.529360890388488770e-01
8.614411354064941406e-01
8.696256875991821289e-01
8.790168762207031250e-01
8.794896006584167480e-01
8.534551858901977539e-01
8.874302506446838379e-01
8.622262477874755859e-01
7.995519638061523438e-01
8.842297792434692383e-01
9.017143249511718750e-01
8.761338591575622559e-01
8.930844664573669434e-01
8.822610378265380859e-01
8.908610343933105469e-01
8.911651372909545898e-01
8.993655443191528320e-01
8.968414664268493652e-01
9.044464230537414551e-01
8.991495966911315918e-01
8.837044835090637207e-01
8.935297131538391113e-01
8.626861572265625000e-01
9.085044264793395996e-01
9.023628830909729004e-01
9.059416055679321289e-01
9.035884737968444824e-01
8.640735745429992676e-01
9.254868626594543457e-01
9.261183142662048340e-01
8.921284079551696777e-01
8.819257020950317383e-01
9.112442731857299805e-01
9.110338091850280762e-01
8.974032998085021973e-01
9.353852272033691406e-01
9.137644767761230469e-01
8.731166124343872070e-01
9.218057990074157715e-01
8.949664831161499023e-01
9.277967214584350586e-01
9.137414693832397461e-01
8.912798762321472168e-01
9.256791472434997559e-01
9.326620101928710938e-01
9.436175227165222168e-01
9.339649677276611328e-01
9.072548747062683105e-01
9.465870261192321777e-01
9.055827856063842773e-01
8.012825250625610352e-01
9.500334262847900391e-01
8.573512434959411621e-01
9.413449168205261230e-01
9.475612044334411621e-01
9.604269266128540039e-01
9.558824896812438965e-01
9.045453071594238281e-01
8.406678438186645508e-01
9.574328660964965820e-01
9.942017793655395508e-01
9.601500630378723145e-01
9.883685708045959473e-01
9.436359405517578125e-01
9.585678577423095703e-01
9.820355772972106934e-01
-9.899900000000000000e+04
8.748326301574707031e-01
9.749538302421569824e-01
9.712515473365783691e-01
9.810896515846252441e-01
