6.461329460144042969e-01
6.358127593994140625e-01
6.562239527702331543e-01
6.632860302925109863e-01
6.455930471420288086e-01
6.472339630126953125e-01
6.617761850357055664e-01
6.678663492202758789e-01
6.734914183616638184e-01
6.654602885246276855e-01
6.664795279502868652e-01
6.636283397674560547e-01
6.751718521118164062e-01
6.711479425430297852e-01
6.657162308692932129e-01
6.848210692405700684e-01
6.809154748916625977e-01
6.668570041656494141e-01
6.890469193458557129e-01
6.843210458755493164e-01
6.768352389335632324e-01
6.814361810684204102e-01
6.553434133529663086e-01
7.045492529869079590e-01
6.923391222953796387e-01
6.992040872573852539e-01
6.886549592018127441e-01
6.919270753860473633e-01
6.882863640785217285e-01
6.918540596961975098e-01
6.872646808624267578e-01
6.860582232475280762e-01
7.024661898612976074e-01
6.980717182159423828e-01
6.941378712654113770e-01
6.961479783058166504e-01
6.944380402565002441e-01
6.986222863197326660e-01
7.054988741874694824e-01
7.088504433631896973e-01
7.078338265419006348e-01
7.121776342391967773e-01
7.011026740074157715e-01
7.069764733314514160e-01
7.147734761238098145e-01
6.966617107391357422e-01
7.070606946945190430e-01
7.179172039031982422e-01
7.085471749305725098e-01
7.030165791511535645e-01
7.098441123962402344e-01
7.086635231971740723e-01
7.007585167884826660e-01
7.088267207145690918e-01
7.066550850868225098e-01
7.219642400741577148e-01
6.880108714103698730e-01
6.925783753395080566e-01
7.243941426277160645e-01
7.275874614715576172e-01
7.333366274833679199e-01
7.305966019630432129e-01
7.138194441795349121e-01
7.289703488349914551e-01
7.222005128860473633e-01
7.356554269790649414e-01
7.260966300964355469e-01
7.245626449584960938e-01
7.363122105598449707e-01
7.382089495658874512e-01
7.332903146743774414e-01
7.296630740165710449e-01
7.359220385551452637e-01
7.331814169883728027e-01
7.609331607818603516e-01
7.750857472419738770e-01
7.456240057945251465e-01
7.498718500137329102e-01
7.375847101211547852e-01
7.303591370582580566e-01
7.634289860725402832e-01
7.404973506927490234e-01
7.608520984649658203e-01
7.640825510025024414e-01
7.433082461357116699e-01
7.693758606910705566e-01
7.569805383682250977e-01
7.897946238517761230e-01
7.765376567840576172e-01
7.399172782897949219e-01
7.844874262809753418e-01
7.793269753456115723e-01
7.805830836296081543e-01
7.917715907096862793e-01
7.777499556541442871e-01
7.633926868438720703e-01
7.821885347366333008e-01
7.985078692436218262e-01
7.532239556312561035e-01
7.800395488739013672e-01
7.636550664901733398e-01
8.019841313362121582e-01
7.921882867813110352e-01
7.927957177162170410e-01
8.086089491844177246e-01
7.993246316909790039e-01
7.754526138305664062e-01
8.064861297607421875e-01
8.127490878105163574e-01
8.005505800247192383e-01
7.993291020393371582e-01
8.005560040473937988e-01
8.139798045158386230e-01
8.028209209442138672e-01
8.055490851402282715e-01
8.169990181922912598e-01
8.302970528602600098e-01
8.328536152839660645e-01
8.392636775970458984e-01
8.112573623657226562e-01
8.333908915519714355e-01
8.497266173362731934e-01
8.581707477569580078e-01
8.573321104049682617e-01
8.353575468063354492e-01
8.597285747528076172e-01
8.287491202354431152e-01
8.609668016433715820e-01
8.722491860389709473e-01
8.642105460166931152e-01
8.543335795402526855e-01
8.712682723999023438e-01
8.585761189460754395e-01
8.573848605155944824e-01
8.821187019348144531e-01
8.911975622177124023e-01
8.682552576065063477e-01
8.846573829650878906e-01
8.935971260070800781e-01
8.765059113502502441e-01
8.983507156372070312e-01
8.874086737632751465e-01
9.037572145462036133e-01
8.797578215599060059e-01
8.985612392425537109e-01
8.849748969078063965e-01
8.972503542900085449e-01
8.941963315010070801e-01
8.904609680175781250e-01
8.913344144821166992e-01
8.784804344177246094e-01
9.026499986648559570e-01
8.771507143974304199e-01
8.483484387397766113e-01
9.183096289634704590e-01
9.152960777282714844e-01
8.644261360168457031e-01
8.902782201766967773e-01
8.935920596122741699e-01
8.272555470466613770e-01
9.099523425102233887e-01
9.132059216499328613e-01
8.864309191703796387e-01
9.043387174606323242e-01
9.246249198913574219e-01
9.172319769859313965e-01
9.304409027099609375e-01
8.724376559257507324e-01
9.370205998420715332e-01
9.223915338516235352e-01
9.354695677757263184e-01
9.337701797485351562e-01
9.433488249778747559e-01
9.415578842163085938e-01
9.276148676872253418e-01
8.343269228935241699e-01
9.426196813583374023e-01
7.644233703613281250e-01
9.626574516296386719e-01
9.471570849418640137e-01
9.587220549583435059e-01
8.771194219589233398e-01
9.510157704353332520e-01
9.419648647308349609e-01
9.656763672828674316e-01
9.639167189598083496e-01
9.421084523200988770e-01
9.465919733047485352e-01
9.456152319908142090e-01
9.627978205680847168e-01
9.599197506904602051e-01
9.623544812202453613e-01
9.620463252067565918e-01
9.855434894561767578e-01
9.796625375747680664e-01
9.894474148750305176e-01
9.460020065307617188e-01
9.861813783645629883e-01
9.540085196495056152e-01
9.768478870391845703e-01
9.840496778488159180e-01
9.779192805290222168e-01
9.740322828292846680e-01
-9.899900000000000000e+04
-9.899900000000000000e+04
9.880532622337341309e-01
9.392817616462707520e-01
-9.899900000000000000e+04
-9.899900000000000000e+04
-9.899900000000000000e+04
9.699319005012512207e-01
9.846601486206054688e-01
-9.899900000000000000e+04
9.635436534881591797e-01
8.253058195114135742e-01
9.810927510261535645e-01
-9.899900000000000000e+04
-9.899900000000000000e+04
9.664635658264160156e-01
