6.309524774551391602e-01
6.517849564552307129e-01
6.406359076499938965e-01
6.632860302925109863e-01
6.455930471420288086e-01
6.493827104568481445e-01
6.616687774658203125e-01
6.678663492202758789e-01
6.649832725524902344e-01
6.654602885246276855e-01
6.633135676383972168e-01
6.803489923477172852e-01
6.676720976829528809e-01
6.722197532653808594e-01
6.808091402053833008e-01
6.804526448249816895e-01
6.809154748916625977e-01
6.874428987503051758e-01
6.878952383995056152e-01
6.843210458755493164e-01
6.797826886177062988e-01
6.750268340110778809e-01
6.824870109558105469e-01
6.878223419189453125e-01
7.060412764549255371e-01
6.932565569877624512e-01
7.022464275360107422e-01
6.844471693038940430e-01
6.875582337379455566e-01
6.945109963417053223e-01
6.872646808624267578e-01
6.855598092079162598e-01
6.994485855102539062e-01
6.924187541007995605e-01
6.965330839157104492e-01
6.996238231658935547e-01
6.947717666625976562e-01
7.037948369979858398e-01
7.089968919754028320e-01
6.945369243621826172e-01
6.997706294059753418e-01
6.916616559028625488e-01
7.008292078971862793e-01
7.017534971237182617e-01
7.088053226470947266e-01
7.101843357086181641e-01
7.068135142326354980e-01
7.137390971183776855e-01
7.044148445129394531e-01
7.016069889068603516e-01
6.860414147377014160e-01
7.085131406784057617e-01
7.015414834022521973e-01
7.160068154335021973e-01
7.066715359687805176e-01
7.023314833641052246e-01
7.201006412506103516e-01
7.231166958808898926e-01
7.273094654083251953e-01
7.283453345298767090e-01
7.343602776527404785e-01
7.293790578842163086e-01
7.280839085578918457e-01
7.307829260826110840e-01
7.116044759750366211e-01
7.258313298225402832e-01
7.394890785217285156e-01
7.125008106231689453e-01
7.354294061660766602e-01
7.408866882324218750e-01
7.418847084045410156e-01
7.320244312286376953e-01
7.313274741172790527e-01
7.363906502723693848e-01
7.657818794250488281e-01
7.365995645523071289e-01
7.535631656646728516e-01
7.602753639221191406e-01
7.320458292961120605e-01
7.206818461418151855e-01
7.493827342987060547e-01
7.695857286453247070e-01
7.466360330581665039e-01
7.480525970458984375e-01
7.555366158485412598e-01
7.638489007949829102e-01
7.690412998199462891e-01
7.841341495513916016e-01
7.385432720184326172e-01
7.719423770904541016e-01
7.717244029045104980e-01
7.320402264595031738e-01
7.929655313491821289e-01
7.679948806762695312e-01
7.800140380859375000e-01
7.674578428268432617e-01
7.867361903190612793e-01
7.915018200874328613e-01
7.907710075378417969e-01
7.711887955665588379e-01
7.737644910812377930e-01
7.956410050392150879e-01
7.795524001121520996e-01
8.068730235099792480e-01
7.749563455581665039e-01
8.057070970535278320e-01
7.676060795783996582e-01
7.805717587471008301e-01
8.060182332992553711e-01
8.015381097793579102e-01
8.143655061721801758e-01
8.149615526199340820e-01
8.038833141326904297e-01
8.082140684127807617e-01
8.212915062904357910e-01
8.058826327323913574e-01
8.248189091682434082e-01
8.400824666023254395e-01
8.307954668998718262e-01
8.457589745521545410e-01
8.414614796638488770e-01
8.611972928047180176e-01
8.450492024421691895e-01
8.509439826011657715e-01
8.308948278427124023e-01
8.632684946060180664e-01
8.321571350097656250e-01
8.539656400680541992e-01
8.329508304595947266e-01
8.433030843734741211e-01
8.650223612785339355e-01
8.595101237297058105e-01
8.622071743011474609e-01
8.483763933181762695e-01
8.609853386878967285e-01
8.660442829132080078e-01
8.817397356033325195e-01
8.648545145988464355e-01
8.655297160148620605e-01
8.521471619606018066e-01
8.394476771354675293e-01
8.818456530570983887e-01
8.877487778663635254e-01
8.904299736022949219e-01
8.727905154228210449e-01
8.907098174095153809e-01
8.826860785484313965e-01
8.842107653617858887e-01
8.995131850242614746e-01
8.616763949394226074e-01
9.042404890060424805e-01
8.931267857551574707e-01
8.797184824943542480e-01
8.896876573562622070e-01
8.702172040939331055e-01
8.920727968215942383e-01
8.918029069900512695e-01
9.184095859527587891e-01
9.142828583717346191e-01
8.998156785964965820e-01
9.209408760070800781e-01
9.060685038566589355e-01
8.135257959365844727e-01
9.049708247184753418e-01
9.128378629684448242e-01
9.107054471969604492e-01
9.171194434165954590e-01
9.211413860321044922e-01
9.236303567886352539e-01
9.253031611442565918e-01
9.205759763717651367e-01
9.267157912254333496e-01
9.166371226310729980e-01
9.193847179412841797e-01
9.231513738632202148e-01
9.186277985572814941e-01
9.485502243041992188e-01
7.840863466262817383e-01
9.282072782516479492e-01
9.626711606979370117e-01
9.596024155616760254e-01
9.585211277008056641e-01
9.067626595497131348e-01
9.353821873664855957e-01
9.484108686447143555e-01
9.428443908691406250e-01
9.424815773963928223e-01
9.599938392639160156e-01
9.847199916839599609e-01
9.700776934623718262e-01
9.350899457931518555e-01
9.853483438491821289e-01
9.698919653892517090e-01
9.899891018867492676e-01
9.701115489006042480e-01
-9.899900000000000000e+04
9.192095994949340820e-01
9.781467914581298828e-01
9.946645498275756836e-01
9.703132510185241699e-01
9.911270737648010254e-01
