6.461329460144042969e-01
6.245424747467041016e-01
6.407510042190551758e-01
6.606395840644836426e-01
6.627352833747863770e-01
6.468650102615356445e-01
6.686866879463195801e-01
6.678663492202758789e-01
6.596282720565795898e-01
6.585409641265869141e-01
6.664795279502868652e-01
6.636283397674560547e-01
6.676720976829528809e-01
6.659889221191406250e-01
6.808091402053833008e-01
6.783661246299743652e-01
6.826283931732177734e-01
6.863613128662109375e-01
6.746504306793212891e-01
6.808509826660156250e-01
6.731029152870178223e-01
6.895257830619812012e-01
6.510673165321350098e-01
7.045492529869079590e-01
6.758313179016113281e-01
6.980445981025695801e-01
6.911751627922058105e-01
6.848072409629821777e-01
6.871928572654724121e-01
6.945109963417053223e-01
6.952600479125976562e-01
6.970750689506530762e-01
6.960031986236572266e-01
6.931397914886474609e-01
6.907341480255126953e-01
6.991898417472839355e-01
7.005476951599121094e-01
7.035740017890930176e-01
7.077404856681823730e-01
7.162116169929504395e-01
7.008186578750610352e-01
7.000876069068908691e-01
6.955708861351013184e-01
7.017790079116821289e-01
6.916409730911254883e-01
7.172414064407348633e-01
7.054787278175354004e-01
7.155698537826538086e-01
7.078472971916198730e-01
6.900224089622497559e-01
6.918128728866577148e-01
6.984323263168334961e-01
7.079529762268066406e-01
6.819518208503723145e-01
7.187842726707458496e-01
7.079632878303527832e-01
7.117281556129455566e-01
7.054569721221923828e-01
7.232800126075744629e-01
7.257265448570251465e-01
7.149103879928588867e-01
7.119568586349487305e-01
7.286700010299682617e-01
7.039946913719177246e-01
7.245345711708068848e-01
7.394876480102539062e-01
7.215349078178405762e-01
7.349746823310852051e-01
7.308515310287475586e-01
7.387752532958984375e-01
7.381798624992370605e-01
7.195663452148437500e-01
7.471685409545898438e-01
7.433760762214660645e-01
7.552434802055358887e-01
7.513298988342285156e-01
7.475540637969970703e-01
7.347387671470642090e-01
7.251699566841125488e-01
7.417846322059631348e-01
7.630802392959594727e-01
7.402793169021606445e-01
7.491895556449890137e-01
7.456555366516113281e-01
7.392468452453613281e-01
7.563744187355041504e-01
7.844474911689758301e-01
7.848240733146667480e-01
7.545463442802429199e-01
7.861351966857910156e-01
7.959291934967041016e-01
7.884198427200317383e-01
7.657240033149719238e-01
7.903821468353271484e-01
7.580760717391967773e-01
8.009570240974426270e-01
7.821246981620788574e-01
7.938295006752014160e-01
7.812964320182800293e-01
7.907140851020812988e-01
7.926138639450073242e-01
7.648847699165344238e-01
7.824457883834838867e-01
7.773052453994750977e-01
7.749268412590026855e-01
7.902125120162963867e-01
7.761155962944030762e-01
7.949144244194030762e-01
8.033262491226196289e-01
8.045963048934936523e-01
8.266493082046508789e-01
7.989400029182434082e-01
8.113307952880859375e-01
8.293463587760925293e-01
8.242750167846679688e-01
8.097587823867797852e-01
8.419277667999267578e-01
8.289805650711059570e-01
8.385518193244934082e-01
8.214178085327148438e-01
8.359292745590209961e-01
7.840756177902221680e-01
8.378416895866394043e-01
8.584419488906860352e-01
8.476369976997375488e-01
8.533127903938293457e-01
8.540829420089721680e-01
8.498545885086059570e-01
8.518080711364746094e-01
8.524465560913085938e-01
8.390981554985046387e-01
8.521221280097961426e-01
8.561304211616516113e-01
8.784349560737609863e-01
8.691103458404541016e-01
8.747964501380920410e-01
8.631296753883361816e-01
8.844466805458068848e-01
8.761588931083679199e-01
8.850832581520080566e-01
8.628740906715393066e-01
8.785020112991333008e-01
8.771384358406066895e-01
8.777446150779724121e-01
8.692141771316528320e-01
8.869742155075073242e-01
8.851128220558166504e-01
8.956190347671508789e-01
8.949262499809265137e-01
8.943001627922058105e-01
8.963907361030578613e-01
8.738847970962524414e-01
9.020735025405883789e-01
8.967502117156982422e-01
8.931264877319335938e-01
8.790533542633056641e-01
9.049131870269775391e-01
9.060170650482177734e-01
9.035238027572631836e-01
8.594157099723815918e-01
9.232486486434936523e-01
9.158111214637756348e-01
9.128752946853637695e-01
9.000104069709777832e-01
9.186732769012451172e-01
9.149162173271179199e-01
8.969562053680419922e-01
9.240088462829589844e-01
9.050526618957519531e-01
9.403336644172668457e-01
9.398262500762939453e-01
9.395525455474853516e-01
9.155153036117553711e-01
9.041985869407653809e-01
9.378834366798400879e-01
9.196892976760864258e-01
9.495375752449035645e-01
8.993651270866394043e-01
9.056407213211059570e-01
9.283527135848999023e-01
9.354587793350219727e-01
9.424985051155090332e-01
9.292612075805664062e-01
9.763727188110351562e-01
8.122292160987854004e-01
8.012340664863586426e-01
9.668606519699096680e-01
9.656440615653991699e-01
9.781625866889953613e-01
9.831388592720031738e-01
9.557494521141052246e-01
9.601778388023376465e-01
9.222166538238525391e-01
9.729291200637817383e-01
9.626764655113220215e-01
9.679849147796630859e-01
9.410538077354431152e-01
9.613834023475646973e-01
9.722939729690551758e-01
9.834591746330261230e-01
8.459303379058837891e-01
9.704135656356811523e-01
9.788004755973815918e-01
9.650472402572631836e-01
1.011555314064025879e+00
9.810367822647094727e-01
-9.899900000000000000e+04
-9.899900000000000000e+04
-9.899900000000000000e+04
