6.291534900665283203e-01
6.358127593994140625e-01
6.412144899368286133e-01
6.476886868476867676e-01
6.617763042449951172e-01
6.459521055221557617e-01
6.589984893798828125e-01
6.678663492202758789e-01
6.592803001403808594e-01
6.673698425292968750e-01
6.664795279502868652e-01
6.596245169639587402e-01
6.819658279418945312e-01
6.659889221191406250e-01
6.812437176704406738e-01
6.723955273628234863e-01
6.755884289741516113e-01
6.737642884254455566e-01
6.745790243148803711e-01
6.855593919754028320e-01
6.747097969055175781e-01
6.835260391235351562e-01
6.440877914428710938e-01
6.934551596641540527e-01
6.882846951484680176e-01
6.812588572502136230e-01
6.832728981971740723e-01
6.951449513435363770e-01
6.846292614936828613e-01
7.025297880172729492e-01
6.870552301406860352e-01
6.954005360603332520e-01
7.017874121665954590e-01
6.892899870872497559e-01
7.023847699165344238e-01
7.006568312644958496e-01
7.015361785888671875e-01
7.046499252319335938e-01
6.993663311004638672e-01
7.066942453384399414e-01
7.064060568809509277e-01
6.942070722579956055e-01
6.903157234191894531e-01
7.098326683044433594e-01
6.974887847900390625e-01
7.038770318031311035e-01
7.057351469993591309e-01
6.899170279502868652e-01
7.057970762252807617e-01
6.825200319290161133e-01
7.064578533172607422e-01
6.980689764022827148e-01
7.103980779647827148e-01
7.041590213775634766e-01
7.163457870483398438e-01
7.064175009727478027e-01
7.229984402656555176e-01
7.218140363693237305e-01
6.950972080230712891e-01
7.269312143325805664e-01
7.285042405128479004e-01
6.938991546630859375e-01
7.255737781524658203e-01
7.326934337615966797e-01
7.100682258605957031e-01
7.374647259712219238e-01
7.238534092903137207e-01
7.390567064285278320e-01
7.304897904396057129e-01
7.277639508247375488e-01
7.339031100273132324e-01
7.270337343215942383e-01
7.266106009483337402e-01
7.443453073501586914e-01
7.354311347007751465e-01
7.519509792327880859e-01
7.592729330062866211e-01
7.418342232704162598e-01
7.532156705856323242e-01
7.247617244720458984e-01
7.420734167098999023e-01
7.552719712257385254e-01
7.729454040527343750e-01
7.589582800865173340e-01
7.760122418403625488e-01
7.548752427101135254e-01
7.562521696090698242e-01
7.932483553886413574e-01
7.690001726150512695e-01
7.901999354362487793e-01
7.829198837280273438e-01
7.904446721076965332e-01
7.684900760650634766e-01
7.799178957939147949e-01
7.567059397697448730e-01
7.824653983116149902e-01
7.882797718048095703e-01
7.807427644729614258e-01
7.876217365264892578e-01
7.888660430908203125e-01
7.997569441795349121e-01
7.815560698509216309e-01
7.810206413269042969e-01
7.719128727912902832e-01
8.045850396156311035e-01
8.000285625457763672e-01
7.877398133277893066e-01
7.796632051467895508e-01
8.082528710365295410e-01
7.907786369323730469e-01
7.768081426620483398e-01
8.200145363807678223e-01
8.001576066017150879e-01
8.112385272979736328e-01
7.889409065246582031e-01
8.272990584373474121e-01
8.251575827598571777e-01
8.155238628387451172e-01
8.432968854904174805e-01
8.279151320457458496e-01
7.848268151283264160e-01
8.236746788024902344e-01
8.476473689079284668e-01
8.545885682106018066e-01
8.437137007713317871e-01
8.582658171653747559e-01
8.565313816070556641e-01
8.712963461875915527e-01
8.615712523460388184e-01
8.393415808677673340e-01
8.519835472106933594e-01
8.371855020523071289e-01
8.569549322128295898e-01
8.582514524459838867e-01
8.501693010330200195e-01
7.604311108589172363e-01
8.692244887351989746e-01
8.732903599739074707e-01
8.752416372299194336e-01
8.891969919204711914e-01
8.733828067779541016e-01
8.727588653564453125e-01
8.830512166023254395e-01
8.775564432144165039e-01
8.884819149971008301e-01
8.855723142623901367e-01
8.814530372619628906e-01
8.796412348747253418e-01
8.587750792503356934e-01
8.832392096519470215e-01
8.852744698524475098e-01
8.963451981544494629e-01
9.123207330703735352e-01
8.886215090751647949e-01
9.013926386833190918e-01
8.855531811714172363e-01
9.141610860824584961e-01
9.230456352233886719e-01
9.011341929435729980e-01
9.241483807563781738e-01
9.138623476028442383e-01
8.266981840133666992e-01
9.108023643493652344e-01
9.250160455703735352e-01
8.914588689804077148e-01
9.057033658027648926e-01
9.186228513717651367e-01
9.168986082077026367e-01
9.216400980949401855e-01
8.985931277275085449e-01
9.233427643775939941e-01
9.297549128532409668e-01
9.434125423431396484e-01
9.211634397506713867e-01
9.278842210769653320e-01
9.275500774383544922e-01
9.478747844696044922e-01
9.282497763633728027e-01
9.513956308364868164e-01
9.566240906715393066e-01
9.627873301506042480e-01
9.380201101303100586e-01
9.444057941436767578e-01
9.373761415481567383e-01
9.654259085655212402e-01
9.419918060302734375e-01
9.281967878341674805e-01
9.475111365318298340e-01
9.420213699340820312e-01
9.715978503227233887e-01
9.081131815910339355e-01
9.566968083381652832e-01
9.753565788269042969e-01
9.909076690673828125e-01
9.808712005615234375e-01
-9.899900000000000000e+04
9.824067950248718262e-01
9.947414398193359375e-01
9.509456753730773926e-01
9.663378596305847168e-01
-9.899900000000000000e+04
9.763249158859252930e-01
7.723961472511291504e-01
9.855922460556030273e-01
8.155987262725830078e-01
7.902638912200927734e-01
-9.899900000000000000e+04
9.300587177276611328e-01
9.982043504714965820e-01
9.957776665687561035e-01
-9.899900000000000000e+04
-9.899900000000000000e+04
9.986742734909057617e-01
-9.899900000000000000e+04
-9.899900000000000000e+04
9.645408987998962402e-01
-9.899900000000000000e+04
-9.899900000000000000e+04
-9.899900000000000000e+04
9.785320162773132324e-01
9.061545729637145996e-01
