6.291534900665283203e-01
6.257067918777465820e-01
6.406359076499938965e-01
6.632860302925109863e-01
6.469347476959228516e-01
6.472339630126953125e-01
6.548080444335937500e-01
6.678663492202758789e-01
6.583522558212280273e-01
6.654602885246276855e-01
6.734725236892700195e-01
6.793104410171508789e-01
6.633976101875305176e-01
6.840402483940124512e-01
6.813262104988098145e-01
6.744443178176879883e-01
6.734913587570190430e-01
6.668570041656494141e-01
6.890469193458557129e-01
6.764035224914550781e-01
6.920385360717773438e-01
6.835260391235351562e-01
6.780844926834106445e-01
6.934555768966674805e-01
7.041345834732055664e-01
6.931847333908081055e-01
6.909391283988952637e-01
7.027965784072875977e-01
6.969946026802062988e-01
6.911410093307495117e-01
6.864455342292785645e-01
6.891896724700927734e-01
6.915193796157836914e-01
6.973629593849182129e-01
7.002978920936584473e-01
6.951496005058288574e-01
7.000192999839782715e-01
6.851058006286621094e-01
7.080863118171691895e-01
7.162116169929504395e-01
7.080104947090148926e-01
6.959204673767089844e-01
7.144544720649719238e-01
7.087444067001342773e-01
7.069532871246337891e-01
6.993770003318786621e-01
7.188339829444885254e-01
7.067867517471313477e-01
7.130811214447021484e-01
7.034870386123657227e-01
6.948014497756958008e-01
6.927095651626586914e-01
6.996483802795410156e-01
7.165910601615905762e-01
7.006272077560424805e-01
7.074359655380249023e-01
7.021175026893615723e-01
7.230723500251770020e-01
7.248250246047973633e-01
7.284620404243469238e-01
7.156588435173034668e-01
7.093653082847595215e-01
7.270535826683044434e-01
7.105587720870971680e-01
7.298486232757568359e-01
7.319535017013549805e-01
7.111778259277343750e-01
7.235098481178283691e-01
7.299205660820007324e-01
7.359437942504882812e-01
7.478986978530883789e-01
7.512001991271972656e-01
7.502955198287963867e-01
7.455419898033142090e-01
7.451706528663635254e-01
7.371110320091247559e-01
7.464151978492736816e-01
7.481690049171447754e-01
7.303902506828308105e-01
7.437980771064758301e-01
7.612813115119934082e-01
7.532909512519836426e-01
7.492687702178955078e-01
7.709414362907409668e-01
7.582789063453674316e-01
7.521598935127258301e-01
7.875196337699890137e-01
7.886866927146911621e-01
7.817690372467041016e-01
7.731558680534362793e-01
7.871626615524291992e-01
7.773948907852172852e-01
7.720521092414855957e-01
7.515245079994201660e-01
7.663828730583190918e-01
7.862797975540161133e-01
7.836829423904418945e-01
7.937965989112854004e-01
7.671282291412353516e-01
7.797821760177612305e-01
7.884795665740966797e-01
7.974212765693664551e-01
7.825701236724853516e-01
7.611634135246276855e-01
7.962701320648193359e-01
8.048156499862670898e-01
8.124652504920959473e-01
8.193926811218261719e-01
7.824717760086059570e-01
8.117189407348632812e-01
8.079758882522583008e-01
7.753919363021850586e-01
7.956044077873229980e-01
8.273321390151977539e-01
8.020401597023010254e-01
8.104398250579833984e-01
8.203574419021606445e-01
8.369097113609313965e-01
8.395894169807434082e-01
8.445060849189758301e-01
8.338961601257324219e-01
8.600296378135681152e-01
8.543728590011596680e-01
8.390152454376220703e-01
8.549125790596008301e-01
8.597699403762817383e-01
8.581104874610900879e-01
8.604923486709594727e-01
8.371327519416809082e-01
8.577762246131896973e-01
8.548130989074707031e-01
8.761168718338012695e-01
8.384650349617004395e-01
8.681462407112121582e-01
8.649473786354064941e-01
8.767858743667602539e-01
8.898909091949462891e-01
8.624443411827087402e-01
8.849049210548400879e-01
8.712520003318786621e-01
8.791336417198181152e-01
8.880601525306701660e-01
8.764449954032897949e-01
8.798888325691223145e-01
8.658525347709655762e-01
8.863170146942138672e-01
8.817415237426757812e-01
9.096511006355285645e-01
8.496276736259460449e-01
8.860765099525451660e-01
8.771553039550781250e-01
8.856294155120849609e-01
9.074901342391967773e-01
8.911507129669189453e-01
9.091746807098388672e-01
8.906686305999755859e-01
8.908673524856567383e-01
9.106257557868957520e-01
8.993949890136718750e-01
9.157904982566833496e-01
8.794231414794921875e-01
9.001496434211730957e-01
9.125690460205078125e-01
9.051761031150817871e-01
9.191232919692993164e-01
9.179674386978149414e-01
9.041661024093627930e-01
9.360994100570678711e-01
9.199333190917968750e-01
9.383083581924438477e-01
9.102843403816223145e-01
9.272548556327819824e-01
8.880888223648071289e-01
9.364569187164306641e-01
9.397447109222412109e-01
9.467929005622863770e-01
9.109925627708435059e-01
9.504321217536926270e-01
9.543844461441040039e-01
8.600077629089355469e-01
9.552617669105529785e-01
9.509168267250061035e-01
9.435926675796508789e-01
9.507592320442199707e-01
9.318493604660034180e-01
9.534560441970825195e-01
9.681897759437561035e-01
9.598713517189025879e-01
9.348982572555541992e-01
9.463828206062316895e-01
9.630808234214782715e-01
9.789742231369018555e-01
9.461243152618408203e-01
8.635774254798889160e-01
9.733007550239562988e-01
8.130326867103576660e-01
8.339105844497680664e-01
9.546063542366027832e-01
9.658021926879882812e-01
9.670773744583129883e-01
9.812992215156555176e-01
1.004496932029724121e+00
9.486598968505859375e-01
1.003831624984741211e+00
9.776269197463989258e-01
9.772762060165405273e-01
-9.899900000000000000e+04
8.585342168807983398e-01
9.781783819198608398e-01
-9.899900000000000000e+04
8.538909554481506348e-01
-9.899900000000000000e+04
-9.899900000000000000e+04
-9.899900000000000000e+04
-9.899900000000000000e+04
-9.899900000000000000e+04
9.183373451232910156e-01
-9.899900000000000000e+04
9.664781689643859863e-01
9.601371288299560547e-01
9.972947835922241211e-01
9.854676127433776855e-01
-9.899900000000000000e+04
9.025707840919494629e-01
-9.899900000000000000e+04
