6.225892305374145508e-01
6.358127593994140625e-01
6.562239527702331543e-01
6.632860302925109863e-01
6.469347476959228516e-01
6.472339630126953125e-01
6.616687774658203125e-01
6.678663492202758789e-01
6.590787768363952637e-01
6.793448328971862793e-01
6.752379536628723145e-01
6.596245169639587402e-01
6.817724108695983887e-01
6.775087118148803711e-01
6.665367484092712402e-01
6.734188199043273926e-01
6.762954592704772949e-01
6.863613128662109375e-01
6.693843007087707520e-01
6.843210458755493164e-01
6.744791269302368164e-01
6.750268340110778809e-01
6.753086447715759277e-01
6.934551596641540527e-01
6.963170170783996582e-01
6.925680041313171387e-01
7.026354074478149414e-01
7.008475661277770996e-01
6.863583922386169434e-01
6.925091743469238281e-01
6.927702426910400391e-01
6.907146573066711426e-01
6.955528259277343750e-01
7.016736865043640137e-01
6.904785633087158203e-01
7.030688524246215820e-01
6.961060762405395508e-01
6.987879276275634766e-01
6.972191333770751953e-01
7.131766676902770996e-01
7.105208635330200195e-01
7.173403501510620117e-01
7.176811695098876953e-01
7.111834883689880371e-01
7.194207310676574707e-01
7.117699384689331055e-01
7.075698375701904297e-01
7.189159989356994629e-01
7.180004119873046875e-01
6.902300119400024414e-01
7.034710049629211426e-01
7.008901834487915039e-01
7.144674062728881836e-01
6.938937306404113770e-01
7.197744846343994141e-01
7.205992341041564941e-01
7.260646224021911621e-01
7.036975622177124023e-01
6.878917813301086426e-01
7.163454294204711914e-01
7.292611598968505859e-01
7.299754023551940918e-01
7.110163569450378418e-01
7.308490276336669922e-01
7.295352816581726074e-01
7.357321977615356445e-01
7.258775830268859863e-01
7.217302322387695312e-01
7.169329524040222168e-01
7.407425642013549805e-01
7.329394221305847168e-01
7.354339957237243652e-01
7.420374155044555664e-01
7.316802740097045898e-01
7.580542564392089844e-01
7.529677748680114746e-01
7.243251204490661621e-01
7.404006719589233398e-01
7.322720289230346680e-01
7.487803697586059570e-01
7.381085157394409180e-01
7.517386674880981445e-01
7.554200887680053711e-01
7.555780410766601562e-01
7.457304596900939941e-01
7.672154307365417480e-01
7.893253564834594727e-01
7.891016602516174316e-01
7.445220351219177246e-01
7.650271654129028320e-01
7.534929513931274414e-01
7.826203107833862305e-01
7.711332440376281738e-01
7.763779759407043457e-01
7.588544487953186035e-01
7.876016497611999512e-01
7.939906120300292969e-01
7.564592361450195312e-01
8.002737164497375488e-01
7.885738015174865723e-01
7.651462554931640625e-01
7.831704616546630859e-01
7.920038700103759766e-01
7.945002317428588867e-01
8.072014451026916504e-01
8.078094124794006348e-01
8.026643991470336914e-01
8.095735311508178711e-01
8.121747970581054688e-01
8.179700970649719238e-01
8.083747029304504395e-01
8.192044496536254883e-01
8.093359470367431641e-01
8.206371068954467773e-01
8.225666284561157227e-01
8.322033882141113281e-01
8.081375956535339355e-01
8.221486806869506836e-01
8.342970013618469238e-01
7.938330769538879395e-01
8.272748589515686035e-01
8.407025337219238281e-01
8.500024080276489258e-01
8.581401705741882324e-01
8.592604994773864746e-01
8.567132949829101562e-01
8.672055602073669434e-01
8.544449210166931152e-01
8.490738272666931152e-01
8.458910584449768066e-01
8.665105104446411133e-01
8.607502579689025879e-01
8.626387119293212891e-01
8.471281528472900391e-01
8.676435947418212891e-01
8.704739212989807129e-01
8.547676801681518555e-01
8.351398110389709473e-01
8.721913099288940430e-01
8.763990402221679688e-01
8.810818791389465332e-01
8.765647411346435547e-01
8.914146423339843750e-01
8.886284828186035156e-01
8.689304590225219727e-01
8.849855661392211914e-01
8.986597061157226562e-01
8.920802474021911621e-01
8.956984281539916992e-01
8.693838119506835938e-01
8.825549483299255371e-01
8.766028881072998047e-01
8.871344923973083496e-01
9.074783921241760254e-01
8.962613344192504883e-01
8.886763453483581543e-01
9.069747924804687500e-01
9.249578118324279785e-01
9.275400638580322266e-01
9.182636737823486328e-01
8.840477466583251953e-01
9.200842976570129395e-01
8.869856595993041992e-01
9.103633761405944824e-01
9.324851036071777344e-01
9.299569129943847656e-01
8.213137388229370117e-01
9.230301380157470703e-01
9.383864402770996094e-01
9.239529967308044434e-01
8.801476359367370605e-01
8.962357640266418457e-01
9.448835253715515137e-01
8.788906931877136230e-01
9.290987253189086914e-01
9.212394952774047852e-01
9.579154253005981445e-01
9.524022936820983887e-01
7.932034730911254883e-01
9.301378726959228516e-01
9.373047947883605957e-01
9.503689408302307129e-01
9.332398176193237305e-01
9.389756917953491211e-01
9.580093622207641602e-01
9.459219574928283691e-01
9.405090808868408203e-01
9.373664855957031250e-01
9.589421153068542480e-01
9.511507153511047363e-01
9.834997653961181641e-01
9.935778379440307617e-01
9.034249782562255859e-01
7.737411260604858398e-01
1.008020758628845215e+00
9.547064304351806641e-01
9.821490049362182617e-01
9.856420755386352539e-01
1.012149691581726074e+00
9.982811808586120605e-01
9.824789762496948242e-01
-9.899900000000000000e+04
9.962045550346374512e-01
9.700464010238647461e-01
9.872495532035827637e-01
