6.291534900665283203e-01
6.517849564552307129e-01
6.402796506881713867e-01
6.606395840644836426e-01
6.476992368698120117e-01
6.639208197593688965e-01
6.584378480911254883e-01
6.678663492202758789e-01
6.746804118156433105e-01
6.793448328971862793e-01
6.752379536628723145e-01
6.777954697608947754e-01
6.817724108695983887e-01
6.785833835601806641e-01
6.655953526496887207e-01
6.695431470870971680e-01
6.809154748916625977e-01
6.668570041656494141e-01
6.878952383995056152e-01
6.843210458755493164e-01
6.811931729316711426e-01
6.783048510551452637e-01
6.747049689292907715e-01
6.924650669097900391e-01
6.917254328727722168e-01
6.991040706634521484e-01
7.027961015701293945e-01
6.919270753860473633e-01
6.875582337379455566e-01
6.902313828468322754e-01
6.826096773147583008e-01
7.012380361557006836e-01
6.987777352333068848e-01
6.902403831481933594e-01
7.023847699165344238e-01
6.961479783058166504e-01
6.960754394531250000e-01
6.964154839515686035e-01
6.812590360641479492e-01
7.087800502777099609e-01
7.057248950004577637e-01
7.115495800971984863e-01
7.091320157051086426e-01
7.149388194084167480e-01
7.044717669486999512e-01
6.933119297027587891e-01
7.074338793754577637e-01
7.036191821098327637e-01
7.162981033325195312e-01
6.856085658073425293e-01
7.064357995986938477e-01
7.095322608947753906e-01
7.173121571540832520e-01
7.151644825935363770e-01
7.236739397048950195e-01
7.222771048545837402e-01
7.205214500427246094e-01
7.111678719520568848e-01
7.131628394126892090e-01
7.362043857574462891e-01
7.340891957283020020e-01
7.106323838233947754e-01
7.176104187965393066e-01
7.216396331787109375e-01
7.204355597496032715e-01
7.162441015243530273e-01
7.081057429313659668e-01
7.168604135513305664e-01
7.319171428680419922e-01
7.392321228981018066e-01
7.357006669044494629e-01
7.088032960891723633e-01
7.347273230552673340e-01
7.602375745773315430e-01
7.572494745254516602e-01
7.589170336723327637e-01
7.485875487327575684e-01
7.423706054687500000e-01
7.543925046920776367e-01
7.418444752693176270e-01
7.457796931266784668e-01
7.253869771957397461e-01
7.470870614051818848e-01
7.549684643745422363e-01
7.697981595993041992e-01
7.730652689933776855e-01
7.380419373512268066e-01
7.773630023002624512e-01
7.775999307632446289e-01
7.580534815788269043e-01
7.733879089355468750e-01
7.883902192115783691e-01
7.812781929969787598e-01
7.660620808601379395e-01
7.855952382087707520e-01
7.892612814903259277e-01
7.882549762725830078e-01
7.904409170150756836e-01
7.831173539161682129e-01
7.883483171463012695e-01
7.984875440597534180e-01
7.978193163871765137e-01
7.792446613311767578e-01
8.058190345764160156e-01
8.083410859107971191e-01
8.152864575386047363e-01
8.052126169204711914e-01
8.024458289146423340e-01
7.852536439895629883e-01
8.152649998664855957e-01
7.647836208343505859e-01
8.173141479492187500e-01
8.150583505630493164e-01
7.936754822731018066e-01
8.184940814971923828e-01
8.157886862754821777e-01
8.096386194229125977e-01
8.141589164733886719e-01
8.337282538414001465e-01
8.253883719444274902e-01
8.482121825218200684e-01
8.488819599151611328e-01
8.437582254409790039e-01
8.667927384376525879e-01
8.549737334251403809e-01
8.467105627059936523e-01
8.591735363006591797e-01
8.627501726150512695e-01
8.641226887702941895e-01
8.690288066864013672e-01
8.623927831649780273e-01
8.503918647766113281e-01
8.869417309761047363e-01
8.728615045547485352e-01
8.907017707824707031e-01
8.691112995147705078e-01
8.759157061576843262e-01
8.657490015029907227e-01
8.505390286445617676e-01
8.805907964706420898e-01
8.810092806816101074e-01
8.836582899093627930e-01
8.807774186134338379e-01
8.959197402000427246e-01
8.936831355094909668e-01
8.911624550819396973e-01
8.798373341560363770e-01
8.855562806129455566e-01
8.804741501808166504e-01
8.938625454902648926e-01
8.735069632530212402e-01
8.975166678428649902e-01
9.142186045646667480e-01
9.005309939384460449e-01
9.154955744743347168e-01
8.875902891159057617e-01
9.162704348564147949e-01
9.138205051422119141e-01
9.142045974731445312e-01
8.721660971641540527e-01
8.947649002075195312e-01
8.876116275787353516e-01
8.900318145751953125e-01
9.220983982086181641e-01
9.248960018157958984e-01
9.204639196395874023e-01
9.211280345916748047e-01
9.315694570541381836e-01
7.680162191390991211e-01
9.142809510231018066e-01
9.329854846000671387e-01
8.798877000808715820e-01
9.356293082237243652e-01
9.351621866226196289e-01
9.349939227104187012e-01
9.445720911026000977e-01
8.977784514427185059e-01
9.392935633659362793e-01
9.549830555915832520e-01
9.258393049240112305e-01
9.561054110527038574e-01
9.615235924720764160e-01
9.496440887451171875e-01
9.562585949897766113e-01
9.532952904701232910e-01
9.436354637145996094e-01
9.511119723320007324e-01
8.222591280937194824e-01
8.473367691040039062e-01
9.689705967903137207e-01
9.353638887405395508e-01
9.580757617950439453e-01
9.715191721916198730e-01
9.551991820335388184e-01
9.647166728973388672e-01
8.874120712280273438e-01
9.662782549858093262e-01
9.884042143821716309e-01
9.105803966522216797e-01
-9.899900000000000000e+04
-9.899900000000000000e+04
9.802311062812805176e-01
8.521504402160644531e-01
9.456673860549926758e-01
-9.899900000000000000e+04
-9.899900000000000000e+04
9.835978150367736816e-01
-9.899900000000000000e+04
9.749441742897033691e-01
-9.899900000000000000e+04
9.751801490783691406e-01
-9.899900000000000000e+04
-9.899900000000000000e+04
9.765703678131103516e-01
-9.899900000000000000e+04
9.929124116897583008e-01
-9.899900000000000000e+04
-9.899900000000000000e+04
-9.899900000000000000e+04
-9.899900000000000000e+04
-9.899900000000000000e+04
-9.899900000000000000e+04
-9.899900000000000000e+04
6.212267875671386719e-01
9.140039682388305664e-01
-9.899900000000000000e+04
-9.899900000000000000e+04
-9.899900000000000000e+04
-9.899900000000000000e+04
-9.899900000000000000e+04
8.553569316864013672e-01
-9.899900000000000000e+04
9.835431575775146484e-01
-9.899900000000000000e+04
-9.899900000000000000e+04
-9.899900000000000000e+04
9.000109434127807617e-01
-9.899900000000000000e+04
-9.899900000000000000e+04
9.226821064949035645e-01
-9.899900000000000000e+04
-9.899900000000000000e+04
-9.899900000000000000e+04
-9.899900000000000000e+04
-9.899900000000000000e+04
-9.899900000000000000e+04
-9.899900000000000000e+04
-9.899900000000000000e+04
-9.899900000000000000e+04
-9.899900000000000000e+04
-9.899900000000000000e+04
-9.899900000000000000e+04
9.775038361549377441e-01
8.752331137657165527e-01
-9.899900000000000000e+04
-9.899900000000000000e+04
-9.899900000000000000e+04
-9.899900000000000000e+04
-9.899900000000000000e+04
-9.899900000000000000e+04
-9.899900000000000000e+04
-9.899900000000000000e+04
-9.899900000000000000e+04
-9.899900000000000000e+04
-9.899900000000000000e+04
-9.899900000000000000e+04
-9.899900000000000000e+04
-9.899900000000000000e+04
9.743934273719787598e-01
-9.899900000000000000e+04
-9.899900000000000000e+04
