6.309524774551391602e-01
6.358127593994140625e-01
6.402796506881713867e-01
6.632860302925109863e-01
6.455930471420288086e-01
6.472339630126953125e-01
6.617761850357055664e-01
6.678663492202758789e-01
6.608805060386657715e-01
6.806339025497436523e-01
6.738380193710327148e-01
6.528923511505126953e-01
6.615848541259765625e-01
6.785833835601806641e-01
6.811007857322692871e-01
6.849688887596130371e-01
6.831842660903930664e-01
6.668570041656494141e-01
6.757262945175170898e-01
6.816264390945434570e-01
6.811931729316711426e-01
6.822508573532104492e-01
6.747049689292907715e-01
6.880162358283996582e-01
6.953828334808349609e-01
6.894702911376953125e-01
6.933497786521911621e-01
7.043316960334777832e-01
6.859198212623596191e-01
7.067485451698303223e-01
7.072785496711730957e-01
6.809264421463012695e-01
6.974868178367614746e-01
6.935343146324157715e-01
6.926670670509338379e-01
6.928925514221191406e-01
6.955612301826477051e-01
6.933708190917968750e-01
7.060009241104125977e-01
7.186087369918823242e-01
6.979771256446838379e-01
7.134256958961486816e-01
7.037900090217590332e-01
7.006298899650573730e-01
7.046762704849243164e-01
7.062401771545410156e-01
7.138836979866027832e-01
7.145982980728149414e-01
7.171648144721984863e-01
7.052770256996154785e-01
7.199649214744567871e-01
7.121004462242126465e-01
7.140452861785888672e-01
7.173483371734619141e-01
7.189846634864807129e-01
7.197840213775634766e-01
7.073727250099182129e-01
7.087646126747131348e-01
7.196657657623291016e-01
7.120781540870666504e-01
7.000606656074523926e-01
7.141228318214416504e-01
7.171747684478759766e-01
7.113603949546813965e-01
7.360885739326477051e-01
7.193484902381896973e-01
7.232881784439086914e-01
7.407367825508117676e-01
7.183313369750976562e-01
7.218220233917236328e-01
7.420911788940429688e-01
7.418705821037292480e-01
7.604188323020935059e-01
7.535339593887329102e-01
7.476695179939270020e-01
7.601456642150878906e-01
7.431162595748901367e-01
7.498912215232849121e-01
7.392778396606445312e-01
7.583113908767700195e-01
7.505744695663452148e-01
7.512679100036621094e-01
7.561739087104797363e-01
7.511644363403320312e-01
7.745993137359619141e-01
7.485569715499877930e-01
7.930999398231506348e-01
7.699537277221679688e-01
7.924486994743347168e-01
7.356211543083190918e-01
7.815967202186584473e-01
7.570453882217407227e-01
7.587566375732421875e-01
7.994737625122070312e-01
7.495412826538085938e-01
7.968934774398803711e-01
7.928231954574584961e-01
7.729735970497131348e-01
8.056527376174926758e-01
7.814133763313293457e-01
7.781713604927062988e-01
7.977745532989501953e-01
8.059090375900268555e-01
8.009154200553894043e-01
8.041592836380004883e-01
7.987133264541625977e-01
8.092640042304992676e-01
7.904040217399597168e-01
8.159164786338806152e-01
8.194504976272583008e-01
8.050125837326049805e-01
7.930279374122619629e-01
8.092191815376281738e-01
8.238782286643981934e-01
8.110937476158142090e-01
8.025524020195007324e-01
8.407348394393920898e-01
8.441190123558044434e-01
8.406173586845397949e-01
8.384662866592407227e-01
8.391529917716979980e-01
8.483193516731262207e-01
8.453828692436218262e-01
8.654273748397827148e-01
8.491134047508239746e-01
8.469617962837219238e-01
8.677736520767211914e-01
8.463521599769592285e-01
8.660004734992980957e-01
8.425185680389404297e-01
8.387147784233093262e-01
7.959963083267211914e-01
8.667221069335937500e-01
8.650401830673217773e-01
8.820005059242248535e-01
8.740614652633666992e-01
8.755307793617248535e-01
8.397077918052673340e-01
8.711782097816467285e-01
8.932052850723266602e-01
8.802126646041870117e-01
9.006852507591247559e-01
8.850239515304565430e-01
8.834748268127441406e-01
8.950222134590148926e-01
8.706278800964355469e-01
8.832598924636840820e-01
8.888319730758666992e-01
7.593896985054016113e-01
8.757394552230834961e-01
9.019346833229064941e-01
9.045015573501586914e-01
8.725929856300354004e-01
7.695354223251342773e-01
8.499569892883300781e-01
9.007821083068847656e-01
9.167556166648864746e-01
9.180353879928588867e-01
9.275188446044921875e-01
9.112330079078674316e-01
9.256663322448730469e-01
8.609793186187744141e-01
9.089670181274414062e-01
8.646807670593261719e-01
9.187034964561462402e-01
9.118634462356567383e-01
8.989884853363037109e-01
9.070697426795959473e-01
9.336084723472595215e-01
9.242690801620483398e-01
9.374480843544006348e-01
9.324185848236083984e-01
8.308803439140319824e-01
9.191242456436157227e-01
8.711538314819335938e-01
9.330427050590515137e-01
9.402976632118225098e-01
8.521153926849365234e-01
7.601965665817260742e-01
9.490740299224853516e-01
9.288846850395202637e-01
9.302086830139160156e-01
9.370708465576171875e-01
8.863245248794555664e-01
9.404478073120117188e-01
9.455530047416687012e-01
9.431450366973876953e-01
9.645711183547973633e-01
9.527378082275390625e-01
9.511063098907470703e-01
9.756514430046081543e-01
9.592654705047607422e-01
8.529573082923889160e-01
9.766172766685485840e-01
9.874637722969055176e-01
9.316502213478088379e-01
-9.899900000000000000e+04
9.823272824287414551e-01
9.849060773849487305e-01
9.928668737411499023e-01
