6.291534900665283203e-01
6.358127593994140625e-01
6.407510042190551758e-01
6.632860302925109863e-01
6.476992368698120117e-01
6.493827104568481445e-01
6.603446006774902344e-01
6.678663492202758789e-01
6.734914183616638184e-01
6.793448328971862793e-01
6.664795279502868652e-01
6.636283397674560547e-01
6.751718521118164062e-01
6.772983670234680176e-01
6.808091402053833008e-01
6.849688887596130371e-01
6.826283931732177734e-01
6.710654497146606445e-01
6.717495918273925781e-01
6.843210458755493164e-01
6.777609586715698242e-01
6.750268340110778809e-01
6.518429517745971680e-01
7.022562026977539062e-01
6.927260756492614746e-01
6.925680041313171387e-01
7.095837593078613281e-01
6.887050867080688477e-01
6.993127465248107910e-01
7.025297880172729492e-01
6.855580806732177734e-01
7.010816335678100586e-01
7.017874121665954590e-01
6.890668869018554688e-01
6.898364424705505371e-01
6.923815608024597168e-01
6.959329843521118164e-01
7.049526572227478027e-01
7.092423439025878906e-01
7.162116169929504395e-01
7.080223560333251953e-01
6.942828297615051270e-01
6.993213891983032227e-01
6.988620162010192871e-01
7.098971009254455566e-01
7.199168205261230469e-01
7.054307460784912109e-01
7.162964940071105957e-01
7.043562531471252441e-01
7.018509507179260254e-01
7.176102399826049805e-01
7.178427577018737793e-01
7.195270657539367676e-01
7.169173359870910645e-01
7.075471282005310059e-01
7.189950346946716309e-01
7.097736001014709473e-01
7.227659225463867188e-01
7.151115536689758301e-01
6.891560554504394531e-01
7.113535404205322266e-01
7.180848121643066406e-01
7.222821712493896484e-01
7.301847338676452637e-01
7.221606373786926270e-01
7.371448278427124023e-01
7.213336825370788574e-01
7.368251085281372070e-01
7.413115501403808594e-01
7.429777979850769043e-01
7.352060079574584961e-01
7.328142523765563965e-01
7.496950626373291016e-01
7.446771264076232910e-01
7.653912901878356934e-01
7.498075962066650391e-01
7.400302290916442871e-01
7.532633543014526367e-01
7.524605989456176758e-01
7.494726777076721191e-01
7.564880847930908203e-01
7.567301392555236816e-01
7.632744908332824707e-01
7.716611623764038086e-01
7.482593655586242676e-01
7.727963328361511230e-01
7.697097659111022949e-01
7.805508375167846680e-01
7.686671614646911621e-01
7.853897213935852051e-01
7.851871252059936523e-01
7.776556611061096191e-01
7.501124739646911621e-01
7.459738850593566895e-01
7.803049087524414062e-01
7.954455018043518066e-01
7.599511146545410156e-01
8.057214021682739258e-01
7.803679704666137695e-01
7.730838060379028320e-01
7.832147479057312012e-01
7.989503741264343262e-01
7.909914255142211914e-01
7.808492183685302734e-01
8.029301762580871582e-01
8.147644400596618652e-01
8.003135919570922852e-01
8.025529980659484863e-01
8.094888925552368164e-01
8.075988292694091797e-01
8.096412420272827148e-01
8.125495910644531250e-01
8.139654994010925293e-01
8.129182457923889160e-01
8.192865252494812012e-01
8.212133049964904785e-01
8.414973616600036621e-01
8.183418512344360352e-01
8.333198428153991699e-01
8.314707279205322266e-01
8.568950295448303223e-01
8.542368412017822266e-01
8.383817076683044434e-01
8.591341972351074219e-01
8.406494259834289551e-01
8.484531044960021973e-01
8.555852174758911133e-01
8.469461202621459961e-01
8.521223664283752441e-01
8.523028492927551270e-01
8.496499061584472656e-01
8.691746592521667480e-01
8.552249073982238770e-01
8.769655823707580566e-01
8.689186573028564453e-01
8.604051470756530762e-01
8.506625294685363770e-01
8.879701495170593262e-01
8.771948218345642090e-01
8.832803368568420410e-01
8.887447118759155273e-01
8.792209029197692871e-01
8.831033706665039062e-01
8.491820693016052246e-01
8.880782723426818848e-01
8.970604538917541504e-01
8.901435732841491699e-01
8.920488357543945312e-01
9.036462903022766113e-01
9.086386561393737793e-01
9.017617702484130859e-01
8.628656864166259766e-01
8.887721896171569824e-01
9.013772010803222656e-01
9.028547406196594238e-01
9.105076193809509277e-01
9.013302326202392578e-01
9.023981690406799316e-01
9.032357931137084961e-01
9.145118594169616699e-01
8.874506354331970215e-01
9.090081453323364258e-01
9.150366783142089844e-01
9.152791500091552734e-01
9.217646121978759766e-01
9.033768177032470703e-01
9.353135228157043457e-01
8.768826127052307129e-01
9.307131767272949219e-01
8.839460015296936035e-01
8.244820237159729004e-01
9.053698778152465820e-01
9.158451557159423828e-01
9.149844646453857422e-01
9.132495522499084473e-01
8.337626457214355469e-01
9.288920164108276367e-01
9.279401302337646484e-01
9.349896311759948730e-01
9.451942443847656250e-01
9.361746907234191895e-01
9.493705034255981445e-01
9.442104101181030273e-01
8.127389550209045410e-01
9.569780826568603516e-01
9.434320330619812012e-01
9.519494771957397461e-01
8.766919374465942383e-01
9.557567834854125977e-01
9.557479619979858398e-01
9.347903132438659668e-01
9.602069854736328125e-01
9.987255930900573730e-01
9.727823138236999512e-01
9.623729586601257324e-01
9.728168249130249023e-01
9.744231104850769043e-01
9.699823260307312012e-01
9.779364466667175293e-01
9.913130402565002441e-01
9.859183430671691895e-01
9.799965620040893555e-01
8.584331274032592773e-01
9.547430276870727539e-01
9.701844453811645508e-01
-9.899900000000000000e+04
-9.899900000000000000e+04
1.002994656562805176e+00
9.744815230369567871e-01
-9.899900000000000000e+04
1.003060221672058105e+00
-9.899900000000000000e+04
-9.899900000000000000e+04
-9.899900000000000000e+04
-9.899900000000000000e+04
8.230335712432861328e-01
-9.899900000000000000e+04
-9.899900000000000000e+04
-9.899900000000000000e+04
9.736465215682983398e-01
-9.899900000000000000e+04
9.038506746292114258e-01
-9.899900000000000000e+04
-9.899900000000000000e+04
-9.899900000000000000e+04
-9.899900000000000000e+04
-9.899900000000000000e+04
-9.899900000000000000e+04
-9.899900000000000000e+04
9.904617071151733398e-01
-9.899900000000000000e+04
