6.309524774551391602e-01
6.517849564552307129e-01
6.402796506881713867e-01
6.632860302925109863e-01
6.627352833747863770e-01
6.639208197593688965e-01
6.616687774658203125e-01
6.678663492202758789e-01
6.734914183616638184e-01
6.654602885246276855e-01
6.664795279502868652e-01
6.596245169639587402e-01
6.820835471153259277e-01
6.657763719558715820e-01
6.822105050086975098e-01
6.849688887596130371e-01
6.750710010528564453e-01
6.740633845329284668e-01
6.746504306793212891e-01
6.843210458755493164e-01
6.745431423187255859e-01
6.906421184539794922e-01
6.810171008110046387e-01
6.919773221015930176e-01
6.896346211433410645e-01
6.940991878509521484e-01
6.884102821350097656e-01
6.989399194717407227e-01
6.979752182960510254e-01
6.901693344116210938e-01
6.728570461273193359e-01
7.006130218505859375e-01
6.915193796157836914e-01
6.871324181556701660e-01
6.891033649444580078e-01
6.957734823226928711e-01
7.021296024322509766e-01
6.967431306838989258e-01
6.999636888504028320e-01
7.135104537010192871e-01
6.977297663688659668e-01
6.954816579818725586e-01
7.047892212867736816e-01
7.014772891998291016e-01
6.960474252700805664e-01
7.063009142875671387e-01
7.037663459777832031e-01
7.072196602821350098e-01
7.098816037178039551e-01
7.053776383399963379e-01
7.122161984443664551e-01
7.101674079895019531e-01
7.171138525009155273e-01
7.000032663345336914e-01
7.141537666320800781e-01
7.216153740882873535e-01
7.220517992973327637e-01
6.890751123428344727e-01
6.941579580307006836e-01
7.111592888832092285e-01
7.139188647270202637e-01
6.975778937339782715e-01
6.992958784103393555e-01
7.138456106185913086e-01
7.192971706390380859e-01
7.399698495864868164e-01
7.375106811523437500e-01
7.243694663047790527e-01
7.369591593742370605e-01
7.386007905006408691e-01
7.337041497230529785e-01
7.398792505264282227e-01
7.290370464324951172e-01
7.590420246124267578e-01
7.352468371391296387e-01
7.370896339416503906e-01
7.543469667434692383e-01
7.629911899566650391e-01
7.385932803153991699e-01
7.243823409080505371e-01
7.472955584526062012e-01
7.587861418724060059e-01
7.703141570091247559e-01
7.649078369140625000e-01
7.772612571716308594e-01
7.395526766777038574e-01
7.594798803329467773e-01
7.855556011199951172e-01
7.682712674140930176e-01
7.869423031806945801e-01
7.759119272232055664e-01
7.514240741729736328e-01
7.582908868789672852e-01
7.885506153106689453e-01
7.999199032783508301e-01
7.669073939323425293e-01
7.936761379241943359e-01
7.834980487823486328e-01
7.558548450469970703e-01
7.702682018280029297e-01
7.988668680191040039e-01
8.044602870941162109e-01
7.799960374832153320e-01
8.061726093292236328e-01
8.041322827339172363e-01
7.997411489486694336e-01
7.999285459518432617e-01
8.142558336257934570e-01
7.870715260505676270e-01
7.763596773147583008e-01
8.188851475715637207e-01
8.207695484161376953e-01
8.103204965591430664e-01
7.805340290069580078e-01
8.223681449890136719e-01
8.105661869049072266e-01
8.359403014183044434e-01
8.228188157081604004e-01
8.519873619079589844e-01
8.235199451446533203e-01
8.303601145744323730e-01
8.486037850379943848e-01
8.510988950729370117e-01
8.531488776206970215e-01
8.304390311241149902e-01
8.693488240242004395e-01
8.624133467674255371e-01
8.511108160018920898e-01
8.506799340248107910e-01
8.591005802154541016e-01
8.656948208808898926e-01
8.525102138519287109e-01
8.720453977584838867e-01
8.703802227973937988e-01
8.718301057815551758e-01
8.604786992073059082e-01
8.630813956260681152e-01
8.772059082984924316e-01
8.701663017272949219e-01
8.727493882179260254e-01
8.787260055541992188e-01
8.913292884826660156e-01
8.756444454193115234e-01
8.737894892692565918e-01
8.763227462768554688e-01
8.829563260078430176e-01
8.972297906875610352e-01
8.965432047843933105e-01
9.003210663795471191e-01
9.020223617553710938e-01
8.786377906799316406e-01
8.764914274215698242e-01
9.103169441223144531e-01
9.073403477668762207e-01
8.771457672119140625e-01
8.265100717544555664e-01
8.864071965217590332e-01
9.143630862236022949e-01
9.248399138450622559e-01
9.181314110755920410e-01
9.124898910522460938e-01
8.942867517471313477e-01
8.564918041229248047e-01
9.019108414649963379e-01
9.188565611839294434e-01
9.343038797378540039e-01
8.961285948753356934e-01
9.169702529907226562e-01
9.173286557197570801e-01
9.272773265838623047e-01
9.172751307487487793e-01
9.084141254425048828e-01
9.375521540641784668e-01
9.340056777000427246e-01
9.525303840637207031e-01
9.366347789764404297e-01
9.093837141990661621e-01
8.998771905899047852e-01
8.028769493103027344e-01
9.374281167984008789e-01
9.196291565895080566e-01
7.921821475028991699e-01
9.516059756278991699e-01
9.524634480476379395e-01
8.517019748687744141e-01
9.553025364875793457e-01
9.784402847290039062e-01
9.696297049522399902e-01
9.247506260871887207e-01
9.180774092674255371e-01
9.560039043426513672e-01
9.717947244644165039e-01
9.754148125648498535e-01
9.524618387222290039e-01
9.698092341423034668e-01
8.563985824584960938e-01
9.740908741950988770e-01
6.326693892478942871e-01
8.687065839767456055e-01
9.844417572021484375e-01
-9.899900000000000000e+04
-9.899900000000000000e+04
9.824545383453369141e-01
-9.899900000000000000e+04
9.710290431976318359e-01
-9.899900000000000000e+04
8.526437878608703613e-01
-9.899900000000000000e+04
1.009356975555419922e+00
-9.899900000000000000e+04
6.799274682998657227e-01
-9.899900000000000000e+04
-9.899900000000000000e+04
9.779970049858093262e-01
-9.899900000000000000e+04
-9.899900000000000000e+04
9.825249910354614258e-01
-9.899900000000000000e+04
-9.899900000000000000e+04
8.489690423011779785e-01
-9.899900000000000000e+04
-9.899900000000000000e+04
9.888202548027038574e-01
8.820545673370361328e-01
-9.899900000000000000e+04
