6.309524774551391602e-01
6.358127593994140625e-01
6.407510042190551758e-01
6.632860302925109863e-01
6.617763042449951172e-01
6.639208197593688965e-01
6.616687774658203125e-01
6.678663492202758789e-01
6.583522558212280273e-01
6.654602885246276855e-01
6.752379536628723145e-01
6.596245169639587402e-01
6.817724108695983887e-01
6.744965314865112305e-01
6.675803661346435547e-01
6.734188199043273926e-01
6.699507832527160645e-01
6.710654497146606445e-01
6.668014526367187500e-01
6.875582337379455566e-01
6.768352389335632324e-01
6.753291487693786621e-01
6.765956282615661621e-01
6.881994009017944336e-01
6.923391222953796387e-01
6.997061967849731445e-01
7.006487846374511719e-01
7.027965784072875977e-01
7.004201412200927734e-01
6.954091787338256836e-01
6.943779587745666504e-01
6.891896724700927734e-01
6.944659948348999023e-01
6.899577975273132324e-01
7.023847699165344238e-01
6.951496005058288574e-01
6.942425370216369629e-01
7.037948369979858398e-01
6.995397806167602539e-01
7.107880115509033203e-01
7.022230625152587891e-01
7.033281922340393066e-01
6.914154291152954102e-01
7.021391987800598145e-01
7.029279470443725586e-01
7.055709362030029297e-01
7.030067443847656250e-01
7.064749598503112793e-01
7.151948213577270508e-01
7.097156643867492676e-01
7.295757532119750977e-01
7.032002210617065430e-01
7.012860774993896484e-01
7.006470561027526855e-01
7.233454585075378418e-01
7.103215456008911133e-01
7.076331377029418945e-01
7.090654373168945312e-01
7.240144610404968262e-01
7.289268374443054199e-01
7.047082185745239258e-01
7.203286290168762207e-01
7.322298884391784668e-01
7.183711528778076172e-01
7.351524829864501953e-01
7.241464853286743164e-01
7.102227807044982910e-01
7.370614409446716309e-01
7.240884304046630859e-01
7.203265428543090820e-01
7.370986342430114746e-01
7.354083061218261719e-01
7.378864288330078125e-01
7.391690015792846680e-01
7.469699978828430176e-01
7.471569180488586426e-01
7.441264390945434570e-01
7.343028187751770020e-01
7.636881470680236816e-01
7.234466075897216797e-01
7.740437388420104980e-01
6.990531086921691895e-01
7.725992798805236816e-01
7.244887948036193848e-01
7.650846838951110840e-01
7.742792367935180664e-01
7.835505008697509766e-01
7.643119692802429199e-01
7.767655253410339355e-01
7.513483762741088867e-01
7.506437301635742188e-01
7.897754907608032227e-01
7.849684357643127441e-01
7.580742239952087402e-01
7.759472131729125977e-01
7.750130891799926758e-01
7.484083771705627441e-01
7.785851359367370605e-01
7.893685698509216309e-01
7.960218787193298340e-01
7.979038357734680176e-01
7.841425538063049316e-01
8.041037917137145996e-01
7.937536239624023438e-01
7.926524281501770020e-01
8.027078509330749512e-01
7.821499705314636230e-01
8.070722818374633789e-01
7.918502688407897949e-01
8.146468400955200195e-01
8.053176999092102051e-01
8.202708959579467773e-01
7.967151403427124023e-01
8.097614049911499023e-01
8.175918459892272949e-01
8.007869720458984375e-01
8.069820404052734375e-01
8.444573879241943359e-01
8.169119358062744141e-01
8.173254132270812988e-01
8.032512068748474121e-01
8.438730239868164062e-01
8.586476445198059082e-01
8.527941107749938965e-01
8.534853458404541016e-01
8.574339747428894043e-01
8.602421879768371582e-01
8.496181368827819824e-01
8.498529195785522461e-01
8.565388917922973633e-01
8.605099320411682129e-01
8.563362956047058105e-01
8.771345019340515137e-01
8.737008571624755859e-01
8.002119064331054688e-01
8.730560541152954102e-01
8.766150474548339844e-01
8.840495944023132324e-01
8.755918741226196289e-01
8.392256498336791992e-01
8.796340823173522949e-01
8.770486116409301758e-01
8.926937580108642578e-01
9.013673663139343262e-01
8.492820858955383301e-01
8.972531557083129883e-01
8.904032707214355469e-01
9.075496792793273926e-01
8.703640699386596680e-01
8.983181118965148926e-01
8.786520957946777344e-01
8.795281648635864258e-01
9.064692258834838867e-01
8.562080264091491699e-01
9.039628505706787109e-01
8.922443389892578125e-01
8.996468186378479004e-01
9.213769435882568359e-01
8.480000495910644531e-01
8.409438729286193848e-01
8.949580788612365723e-01
9.119985699653625488e-01
9.313770532608032227e-01
9.181639552116394043e-01
9.159309267997741699e-01
9.276289343833923340e-01
9.260126352310180664e-01
9.336626529693603516e-01
9.331245422363281250e-01
8.012793660163879395e-01
8.848527669906616211e-01
9.164956212043762207e-01
9.213708639144897461e-01
9.357843399047851562e-01
9.354436397552490234e-01
9.406242370605468750e-01
8.972867131233215332e-01
9.312426447868347168e-01
9.416443109512329102e-01
9.006261229515075684e-01
9.145122766494750977e-01
9.565789699554443359e-01
9.413905143737792969e-01
9.144924283027648926e-01
9.415062069892883301e-01
9.566645026206970215e-01
9.292053580284118652e-01
9.472768902778625488e-01
9.653943181037902832e-01
9.691473841667175293e-01
8.552592396736145020e-01
7.675260901451110840e-01
9.751060009002685547e-01
9.674805402755737305e-01
8.307686448097229004e-01
9.547580480575561523e-01
9.386387467384338379e-01
9.986954927444458008e-01
7.601249814033508301e-01
9.774270057678222656e-01
1.007968187332153320e+00
9.840201139450073242e-01
8.081983923912048340e-01
9.779691696166992188e-01
9.833965301513671875e-01
9.758031964302062988e-01
1.012441754341125488e+00
-9.899900000000000000e+04
9.769556522369384766e-01
-9.899900000000000000e+04
9.212755560874938965e-01
9.772487282752990723e-01
-9.899900000000000000e+04
9.705450534820556641e-01
-9.899900000000000000e+04
9.778913855552673340e-01
-9.899900000000000000e+04
1.016074061393737793e+00
-9.899900000000000000e+04
-9.899900000000000000e+04
-9.899900000000000000e+04
-9.899900000000000000e+04
-9.899900000000000000e+04
-9.899900000000000000e+04
-9.899900000000000000e+04
-9.899900000000000000e+04
9.690553545951843262e-01
-9.899900000000000000e+04
-9.899900000000000000e+04
-9.899900000000000000e+04
-9.899900000000000000e+04
-9.899900000000000000e+04
8.415284752845764160e-01
9.594772458076477051e-01
-9.899900000000000000e+04
-9.899900000000000000e+04
-9.899900000000000000e+04
-9.899900000000000000e+04
-9.899900000000000000e+04
-9.899900000000000000e+04
-9.899900000000000000e+04
-9.899900000000000000e+04
-9.899900000000000000e+04
9.555086493492126465e-01
-9.899900000000000000e+04
-9.899900000000000000e+04
-9.899900000000000000e+04
-9.899900000000000000e+04
-9.899900000000000000e+04
-9.899900000000000000e+04
-9.899900000000000000e+04
-9.899900000000000000e+04
-9.899900000000000000e+04
