6.225892305374145508e-01
6.517849564552307129e-01
6.412144899368286133e-01
6.606395840644836426e-01
6.627352833747863770e-01
6.493827104568481445e-01
6.603446006774902344e-01
6.749265789985656738e-01
6.734914183616638184e-01
6.766340136528015137e-01
6.752379536628723145e-01
6.626130342483520508e-01
6.678974032402038574e-01
6.722197532653808594e-01
6.669101715087890625e-01
6.695431470870971680e-01
6.741776466369628906e-01
6.624777913093566895e-01
6.762902736663818359e-01
6.843210458755493164e-01
6.768352389335632324e-01
6.750268340110778809e-01
6.518429517745971680e-01
7.040821909904479980e-01
7.060412764549255371e-01
7.027370333671569824e-01
6.894884109497070312e-01
7.051684856414794922e-01
6.846235394477844238e-01
6.908096075057983398e-01
6.826096773147583008e-01
6.954005360603332520e-01
7.024661898612976074e-01
6.944863796234130859e-01
6.906443834304809570e-01
7.026386857032775879e-01
7.008129358291625977e-01
6.970301866531372070e-01
6.967304944992065430e-01
7.092915177345275879e-01
7.054046392440795898e-01
7.126528024673461914e-01
7.095223069190979004e-01
6.950397491455078125e-01
6.940810084342956543e-01
6.937150955200195312e-01
7.009559869766235352e-01
7.136982083320617676e-01
7.197155952453613281e-01
6.974968314170837402e-01
6.996055245399475098e-01
7.055239677429199219e-01
7.147948145866394043e-01
7.048222422599792480e-01
6.861305236816406250e-01
7.221037149429321289e-01
7.236676812171936035e-01
7.250818014144897461e-01
7.240760326385498047e-01
7.175830602645874023e-01
7.212298512458801270e-01
6.880111694335937500e-01
7.169327139854431152e-01
7.039946913719177246e-01
6.972411870956420898e-01
7.328774333000183105e-01
7.364280819892883301e-01
7.257128953933715820e-01
7.410960793495178223e-01
7.202236652374267578e-01
7.409858107566833496e-01
7.358481287956237793e-01
7.401798367500305176e-01
7.478675246238708496e-01
7.311540246009826660e-01
7.280958294868469238e-01
7.449675202369689941e-01
7.391528487205505371e-01
7.528276443481445312e-01
7.691281437873840332e-01
7.628158926963806152e-01
7.630861401557922363e-01
7.562556862831115723e-01
7.665551900863647461e-01
7.736074924468994141e-01
7.434437274932861328e-01
7.663453221321105957e-01
7.777441740036010742e-01
7.819332480430603027e-01
7.925738096237182617e-01
7.712357044219970703e-01
7.645034193992614746e-01
8.001573085784912109e-01
7.505574822425842285e-01
7.530736923217773438e-01
7.622915506362915039e-01
7.919563651084899902e-01
8.072965741157531738e-01
7.660921812057495117e-01
7.937650680541992188e-01
7.710946798324584961e-01
7.970731258392333984e-01
7.839864492416381836e-01
7.906668782234191895e-01
7.973762750625610352e-01
8.094913959503173828e-01
7.723426818847656250e-01
7.858958244323730469e-01
8.121836781501770020e-01
8.029482364654541016e-01
8.171125054359436035e-01
8.137912154197692871e-01
7.809561491012573242e-01
8.201329708099365234e-01
8.155161142349243164e-01
8.146496415138244629e-01
8.169489502906799316e-01
8.273461461067199707e-01
8.409308195114135742e-01
8.281776905059814453e-01
8.165333271026611328e-01
8.585504889488220215e-01
8.596575260162353516e-01
8.584565520286560059e-01
8.702872991561889648e-01
8.582348823547363281e-01
8.439666628837585449e-01
8.480594158172607422e-01
8.664816617965698242e-01
8.783376812934875488e-01
8.818557262420654297e-01
8.590189218521118164e-01
8.433544039726257324e-01
8.642697334289550781e-01
8.802204728126525879e-01
8.656368255615234375e-01
8.567032814025878906e-01
8.708893656730651855e-01
8.723601698875427246e-01
8.831460475921630859e-01
8.711756467819213867e-01
8.767836689949035645e-01
8.894287347793579102e-01
8.724859952926635742e-01
8.874147534370422363e-01
8.873481750488281250e-01
8.779821395874023438e-01
8.947132229804992676e-01
8.643415570259094238e-01
8.992694616317749023e-01
8.730069994926452637e-01
9.018582105636596680e-01
8.217039108276367188e-01
8.767877221107482910e-01
8.820514678955078125e-01
9.066936969757080078e-01
9.245544075965881348e-01
9.159010052680969238e-01
8.761470317840576172e-01
9.330243468284606934e-01
9.014070630073547363e-01
9.147096872329711914e-01
9.146894216537475586e-01
8.786396980285644531e-01
9.146412014961242676e-01
8.015543222427368164e-01
9.327828288078308105e-01
8.963761925697326660e-01
9.332039952278137207e-01
9.316135644912719727e-01
8.985303640365600586e-01
8.244308829307556152e-01
8.924154639244079590e-01
9.467027187347412109e-01
9.195873737335205078e-01
9.239134192466735840e-01
9.497548937797546387e-01
9.473569393157958984e-01
9.323710799217224121e-01
9.229696989059448242e-01
9.519790410995483398e-01
9.043895602226257324e-01
9.171246886253356934e-01
9.610687494277954102e-01
9.706304669380187988e-01
9.582634568214416504e-01
8.818255662918090820e-01
9.292491674423217773e-01
9.477707743644714355e-01
9.442574381828308105e-01
9.322971701622009277e-01
9.534451961517333984e-01
9.998054504394531250e-01
9.616170525550842285e-01
9.901738762855529785e-01
9.885311126708984375e-01
9.844456315040588379e-01
9.498796463012695312e-01
9.900173544883728027e-01
9.872659444808959961e-01
9.711848497390747070e-01
9.700916409492492676e-01
