6.461329460144042969e-01
6.245424747467041016e-01
6.407510042190551758e-01
6.602879762649536133e-01
6.469347476959228516e-01
6.487110853195190430e-01
6.616687774658203125e-01
6.734821796417236328e-01
6.581990718841552734e-01
6.776518225669860840e-01
6.752379536628723145e-01
6.636283397674560547e-01
6.681050658226013184e-01
6.785833835601806641e-01
6.669101715087890625e-01
6.654390096664428711e-01
6.717624068260192871e-01
6.863613128662109375e-01
6.732835769653320312e-01
6.838296055793762207e-01
6.740895509719848633e-01
6.802825331687927246e-01
6.871144175529479980e-01
7.017838954925537109e-01
6.885852217674255371e-01
7.015670537948608398e-01
7.027961015701293945e-01
6.929986476898193359e-01
7.024238705635070801e-01
6.901693344116210938e-01
7.081881761550903320e-01
6.985622048377990723e-01
6.919070482254028320e-01
6.892899870872497559e-01
6.992788314819335938e-01
6.979203224182128906e-01
7.000192999839782715e-01
6.992508769035339355e-01
7.055535912513732910e-01
7.045266032218933105e-01
7.031820416450500488e-01
6.942253708839416504e-01
6.999582648277282715e-01
7.095323204994201660e-01
7.064713835716247559e-01
7.116935253143310547e-01
7.003386616706848145e-01
7.197226881980895996e-01
7.092006206512451172e-01
7.212427854537963867e-01
7.134382128715515137e-01
7.127278447151184082e-01
7.010012269020080566e-01
7.041590213775634766e-01
6.992454528808593750e-01
7.204721570014953613e-01
7.258636355400085449e-01
7.261438369750976562e-01
6.914513707160949707e-01
7.270155549049377441e-01
7.166862487792968750e-01
7.182631492614746094e-01
7.196958661079406738e-01
6.946933269500732422e-01
7.209709882736206055e-01
7.163742184638977051e-01
7.251471877098083496e-01
7.392259836196899414e-01
7.409816384315490723e-01
7.390443086624145508e-01
7.399376630783081055e-01
7.200664281845092773e-01
7.506352663040161133e-01
7.294098734855651855e-01
7.354952692985534668e-01
7.336137890815734863e-01
7.517615556716918945e-01
7.489294409751892090e-01
7.270955443382263184e-01
7.500563263893127441e-01
7.181225419044494629e-01
7.535291314125061035e-01
7.707409858703613281e-01
7.712478041648864746e-01
7.371381521224975586e-01
7.827534675598144531e-01
7.893883585929870605e-01
7.501579523086547852e-01
7.699801325798034668e-01
7.424231767654418945e-01
7.782573699951171875e-01
7.627268433570861816e-01
7.682399153709411621e-01
7.721012830734252930e-01
7.858068346977233887e-01
7.887475490570068359e-01
7.990775108337402344e-01
7.909042239189147949e-01
7.862665653228759766e-01
7.805506587028503418e-01
8.016608357429504395e-01
7.951074242591857910e-01
8.053393363952636719e-01
7.822901606559753418e-01
7.990729212760925293e-01
7.789865732192993164e-01
8.059498667716979980e-01
7.886050343513488770e-01
8.072459697723388672e-01
8.084661364555358887e-01
8.036494851112365723e-01
7.925729155540466309e-01
8.182736039161682129e-01
8.230164051055908203e-01
8.298310041427612305e-01
8.121380209922790527e-01
8.391391634941101074e-01
8.322945833206176758e-01
8.253958821296691895e-01
8.289182782173156738e-01
8.115443587303161621e-01
8.135393857955932617e-01
8.445723056793212891e-01
8.478769063949584961e-01
8.522622585296630859e-01
8.575356602668762207e-01
8.567216396331787109e-01
8.577991127967834473e-01
8.528186082839965820e-01
8.695884943008422852e-01
8.620417118072509766e-01
8.629035949707031250e-01
8.451222181320190430e-01
8.858402967453002930e-01
8.766044974327087402e-01
8.764272928237915039e-01
8.729662895202636719e-01
8.430848717689514160e-01
8.651584982872009277e-01
8.560002446174621582e-01
8.990416526794433594e-01
8.626847863197326660e-01
8.950241804122924805e-01
8.862668871879577637e-01
8.940091133117675781e-01
9.009640216827392578e-01
7.552118301391601562e-01
8.987669944763183594e-01
8.799610733985900879e-01
8.509963154792785645e-01
8.942723274230957031e-01
8.645162582397460938e-01
8.888338208198547363e-01
8.891676664352416992e-01
9.187458753585815430e-01
9.003274440765380859e-01
8.928584456443786621e-01
8.986890316009521484e-01
8.967226743698120117e-01
9.183155298233032227e-01
8.875660896301269531e-01
9.122418165206909180e-01
8.932546973228454590e-01
9.081301093101501465e-01
8.339275717735290527e-01
8.325039744377136230e-01
9.052386879920959473e-01
8.371441960334777832e-01
9.083821177482604980e-01
9.050279259681701660e-01
9.066627025604248047e-01
8.603173494338989258e-01
8.968216180801391602e-01
9.322344660758972168e-01
9.249681234359741211e-01
9.295367598533630371e-01
9.535287022590637207e-01
9.481230974197387695e-01
9.188077449798583984e-01
9.326501488685607910e-01
9.513362050056457520e-01
9.366912245750427246e-01
9.457437992095947266e-01
9.496622085571289062e-01
9.409804940223693848e-01
7.973493933677673340e-01
9.074795842170715332e-01
9.293581247329711914e-01
9.132675528526306152e-01
9.215766787528991699e-01
9.515625238418579102e-01
9.082885980606079102e-01
9.467548131942749023e-01
9.802814722061157227e-01
9.751385450363159180e-01
9.602042436599731445e-01
9.841576814651489258e-01
9.487789869308471680e-01
9.993037581443786621e-01
9.503992795944213867e-01
9.905478358268737793e-01
9.419577717781066895e-01
8.691237568855285645e-01
-9.899900000000000000e+04
9.194064736366271973e-01
