6.225892305374145508e-01
6.245424747467041016e-01
6.562239527702331543e-01
6.632860302925109863e-01
6.458758711814880371e-01
6.518133878707885742e-01
6.616687774658203125e-01
6.693965792655944824e-01
6.802015900611877441e-01
6.766340136528015137e-01
6.630946397781372070e-01
6.636283397674560547e-01
6.633976101875305176e-01
6.578110456466674805e-01
6.713212132453918457e-01
6.734188199043273926e-01
6.755884289741516113e-01
6.660917401313781738e-01
6.685377955436706543e-01
6.926084160804748535e-01
6.757770180702209473e-01
6.783048510551452637e-01
6.750503778457641602e-01
6.964374780654907227e-01
6.882586479187011719e-01
6.888847947120666504e-01
7.028169035911560059e-01
6.978551149368286133e-01
6.875582337379455566e-01
6.826124191284179688e-01
6.865864396095275879e-01
6.994097232818603516e-01
6.943687200546264648e-01
6.902734041213989258e-01
6.955094933509826660e-01
7.028777599334716797e-01
6.960754394531250000e-01
7.030713558197021484e-01
7.080863118171691895e-01
7.016274333000183105e-01
7.138149142265319824e-01
7.124153971672058105e-01
6.985840201377868652e-01
7.130100131034851074e-01
7.094777822494506836e-01
7.064934968948364258e-01
6.984337568283081055e-01
7.109524011611938477e-01
7.077282071113586426e-01
7.138165831565856934e-01
6.947386264801025391e-01
6.928983926773071289e-01
7.037094831466674805e-01
6.922785639762878418e-01
7.044186592102050781e-01
7.120631933212280273e-01
7.045329213142395020e-01
7.096185684204101562e-01
7.240508198738098145e-01
7.252092361450195312e-01
7.321586012840270996e-01
7.071380615234375000e-01
7.283736467361450195e-01
7.317575216293334961e-01
7.228550314903259277e-01
7.118676304817199707e-01
7.230698466300964355e-01
7.190482020378112793e-01
7.273347973823547363e-01
7.403187751770019531e-01
7.359278798103332520e-01
7.462997436523437500e-01
7.325188517570495605e-01
7.338048219680786133e-01
7.343214750289916992e-01
7.479144334793090820e-01
7.380850911140441895e-01
7.402675151824951172e-01
7.431909441947937012e-01
7.470585107803344727e-01
7.417456507682800293e-01
7.476779818534851074e-01
7.203539013862609863e-01
7.629040479660034180e-01
7.507261633872985840e-01
7.362843751907348633e-01
7.649900317192077637e-01
7.907852530479431152e-01
7.524414658546447754e-01
7.734090089797973633e-01
7.826049327850341797e-01
7.620244026184082031e-01
7.947331666946411133e-01
7.749627232551574707e-01
7.899459004402160645e-01
7.660365104675292969e-01
7.896637320518493652e-01
8.027567267417907715e-01
7.921379208564758301e-01
8.002676963806152344e-01
8.062564730644226074e-01
8.109093308448791504e-01
7.940538525581359863e-01
7.845816612243652344e-01
8.059242963790893555e-01
7.894393205642700195e-01
8.045392632484436035e-01
7.903872132301330566e-01
7.920194864273071289e-01
7.924314737319946289e-01
8.226470351219177246e-01
8.138086795806884766e-01
8.111735582351684570e-01
7.892674207687377930e-01
8.132345080375671387e-01
8.185721635818481445e-01
8.325598239898681641e-01
8.227958679199218750e-01
8.378582000732421875e-01
8.145779371261596680e-01
8.459761142730712891e-01
8.371869325637817383e-01
8.277269005775451660e-01
8.560708761215209961e-01
8.418356180191040039e-01
8.384472131729125977e-01
8.310768604278564453e-01
8.383384346961975098e-01
8.566290736198425293e-01
8.264818787574768066e-01
8.322907686233520508e-01
8.625292181968688965e-01
8.577957749366760254e-01
8.748111128807067871e-01
8.912377357482910156e-01
8.729756474494934082e-01
8.783566355705261230e-01
8.576617240905761719e-01
8.625941872596740723e-01
8.733006715774536133e-01
8.951054811477661133e-01
8.653429746627807617e-01
8.752942085266113281e-01
8.843184113502502441e-01
8.886446356773376465e-01
8.770338892936706543e-01
8.777817487716674805e-01
8.634371757507324219e-01
8.719054460525512695e-01
8.793469071388244629e-01
9.129517078399658203e-01
9.080700278282165527e-01
8.731479644775390625e-01
8.953744769096374512e-01
9.081013798713684082e-01
8.765177726745605469e-01
8.958733677864074707e-01
8.989711403846740723e-01
9.212424755096435547e-01
8.336184024810791016e-01
8.174025416374206543e-01
8.760586977005004883e-01
9.008380770683288574e-01
8.101598024368286133e-01
9.246965646743774414e-01
9.199364781379699707e-01
7.712091207504272461e-01
8.997977375984191895e-01
9.411675333976745605e-01
9.328079223632812500e-01
8.880116939544677734e-01
9.482995271682739258e-01
9.334347844123840332e-01
9.264429807662963867e-01
9.588138461112976074e-01
9.369200468063354492e-01
9.209679961204528809e-01
9.071903228759765625e-01
9.360095858573913574e-01
9.802175164222717285e-01
8.586705923080444336e-01
9.470898509025573730e-01
9.226630926132202148e-01
9.373704195022583008e-01
9.353339076042175293e-01
9.514760375022888184e-01
9.243757128715515137e-01
9.519155621528625488e-01
9.472077488899230957e-01
9.843571186065673828e-01
9.557533264160156250e-01
9.089450836181640625e-01
9.709237813949584961e-01
9.642757177352905273e-01
9.635008573532104492e-01
9.602167010307312012e-01
9.802724123001098633e-01
9.788121581077575684e-01
9.234973192214965820e-01
9.806141853332519531e-01
9.942756295204162598e-01
9.760625958442687988e-01
9.840806722640991211e-01
9.073881506919860840e-01
-9.899900000000000000e+04
9.792997241020202637e-01
9.656434655189514160e-01
8.406091928482055664e-01
-9.899900000000000000e+04
