6.461329460144042969e-01
6.517849564552307129e-01
6.412144899368286133e-01
6.632860302925109863e-01
6.671371459960937500e-01
6.654471755027770996e-01
6.616687774658203125e-01
6.712651252746582031e-01
6.713973879814147949e-01
6.654602885246276855e-01
6.641452312469482422e-01
6.650627255439758301e-01
6.707508563995361328e-01
6.711479425430297852e-01
6.665367484092712402e-01
6.690617203712463379e-01
6.745044589042663574e-01
6.717467904090881348e-01
6.756537556648254395e-01
6.843210458755493164e-01
6.777361035346984863e-01
6.842587590217590332e-01
6.602112650871276855e-01
7.027127742767333984e-01
7.024981975555419922e-01
6.881611347198486328e-01
6.855786442756652832e-01
6.827634572982788086e-01
6.872790455818176270e-01
7.025297880172729492e-01
6.949840784072875977e-01
6.858766674995422363e-01
7.014117240905761719e-01
6.929505467414855957e-01
7.008225321769714355e-01
6.957734823226928711e-01
6.916295886039733887e-01
7.023142576217651367e-01
7.080863118171691895e-01
7.031335830688476562e-01
7.067958712577819824e-01
7.170456647872924805e-01
7.137593030929565430e-01
7.085477113723754883e-01
7.097895145416259766e-01
7.056753635406494141e-01
7.085617780685424805e-01
7.060139179229736328e-01
7.053811550140380859e-01
7.102767229080200195e-01
7.034710049629211426e-01
7.077053189277648926e-01
7.106527686119079590e-01
6.970018744468688965e-01
7.056294679641723633e-01
7.001834511756896973e-01
7.016561031341552734e-01
7.076364755630493164e-01
7.085304856300354004e-01
7.281101942062377930e-01
7.157410979270935059e-01
6.890065073966979980e-01
7.155382037162780762e-01
7.292651534080505371e-01
7.083959579467773438e-01
7.274943590164184570e-01
7.354158759117126465e-01
7.371123433113098145e-01
7.240138053894042969e-01
7.396090030670166016e-01
7.425790429115295410e-01
7.382460832595825195e-01
7.423341274261474609e-01
7.533376216888427734e-01
7.471643686294555664e-01
7.179564833641052246e-01
7.409081459045410156e-01
7.514058947563171387e-01
7.351037859916687012e-01
7.310611605644226074e-01
7.549501061439514160e-01
7.514643669128417969e-01
7.581485509872436523e-01
7.765303254127502441e-01
7.325922250747680664e-01
7.500052452087402344e-01
7.802004218101501465e-01
7.884110808372497559e-01
7.655529975891113281e-01
7.793649435043334961e-01
7.902572154998779297e-01
7.743752598762512207e-01
7.943400144577026367e-01
7.803932428359985352e-01
7.791109085083007812e-01
7.862247228622436523e-01
7.874206304550170898e-01
7.978684902191162109e-01
7.817353606224060059e-01
7.856814861297607422e-01
7.930597662925720215e-01
8.018051981925964355e-01
7.545609474182128906e-01
7.587258815765380859e-01
7.911194562911987305e-01
8.027448058128356934e-01
7.686346769332885742e-01
7.815673947334289551e-01
8.149996995925903320e-01
8.156834840774536133e-01
8.221961259841918945e-01
8.057352304458618164e-01
8.214567303657531738e-01
7.966886758804321289e-01
8.107402324676513672e-01
8.389204144477844238e-01
8.357481956481933594e-01
8.436828851699829102e-01
8.282778263092041016e-01
8.431016802787780762e-01
7.608641982078552246e-01
8.533099293708801270e-01
8.569090962409973145e-01
8.554065227508544922e-01
8.352534174919128418e-01
8.627896904945373535e-01
8.427841663360595703e-01
8.385096788406372070e-01
8.562592864036560059e-01
8.606719970703125000e-01
8.622026443481445312e-01
8.792371749877929688e-01
8.467838168144226074e-01
8.757119178771972656e-01
8.931496143341064453e-01
8.728001713752746582e-01
8.672304749488830566e-01
8.729010820388793945e-01
8.707767128944396973e-01
8.756027221679687500e-01
7.917438149452209473e-01
8.888602852821350098e-01
8.732643127441406250e-01
8.827435970306396484e-01
8.659989237785339355e-01
8.826152682304382324e-01
8.830682039260864258e-01
9.121372699737548828e-01
8.683075904846191406e-01
8.777340650558471680e-01
8.794258832931518555e-01
8.783214092254638672e-01
9.030782580375671387e-01
9.002743959426879883e-01
8.918921947479248047e-01
8.214003443717956543e-01
9.140350222587585449e-01
8.904861807823181152e-01
8.885848522186279297e-01
9.116712212562561035e-01
8.920005559921264648e-01
8.932707905769348145e-01
9.117833971977233887e-01
8.895608186721801758e-01
9.034643769264221191e-01
8.976154923439025879e-01
9.251402020454406738e-01
8.950816988945007324e-01
9.300339221954345703e-01
9.147317409515380859e-01
8.911210894584655762e-01
9.259054064750671387e-01
9.305602312088012695e-01
9.278071522712707520e-01
9.058241844177246094e-01
8.228401541709899902e-01
9.282234907150268555e-01
9.275925159454345703e-01
9.109973311424255371e-01
9.206800460815429688e-01
9.374147653579711914e-01
7.934839725494384766e-01
9.430866837501525879e-01
9.656624197959899902e-01
8.162916302680969238e-01
9.651636481285095215e-01
9.504799842834472656e-01
9.597491621971130371e-01
9.855360984802246094e-01
9.707918167114257812e-01
9.384832978248596191e-01
9.333791136741638184e-01
9.766501784324645996e-01
9.415882825851440430e-01
9.355570673942565918e-01
9.598239064216613770e-01
9.863190650939941406e-01
9.626777768135070801e-01
-9.899900000000000000e+04
9.758801460266113281e-01
8.469068408012390137e-01
9.043026566505432129e-01
9.695798158645629883e-01
8.485332727432250977e-01
9.653775095939636230e-01
9.510049223899841309e-01
9.855630993843078613e-01
8.775797486305236816e-01
9.568138122558593750e-01
8.626479506492614746e-01
-9.899900000000000000e+04
-9.899900000000000000e+04
9.760761857032775879e-01
-9.899900000000000000e+04
9.773885607719421387e-01
8.561221957206726074e-01
-9.899900000000000000e+04
9.906857013702392578e-01
