6.225892305374145508e-01
6.358127593994140625e-01
6.412144899368286133e-01
6.632860302925109863e-01
6.627352833747863770e-01
6.639208197593688965e-01
6.617761850357055664e-01
6.580737233161926270e-01
6.592803001403808594e-01
6.654602885246276855e-01
6.664795279502868652e-01
6.636283397674560547e-01
6.750172972679138184e-01
6.779532432556152344e-01
6.669101715087890625e-01
6.695431470870971680e-01
6.770184636116027832e-01
6.633409857749938965e-01
6.878952383995056152e-01
6.843210458755493164e-01
6.740483045578002930e-01
6.802825331687927246e-01
6.797769665718078613e-01
6.873584985733032227e-01
6.850396990776062012e-01
6.827255487442016602e-01
7.027961015701293945e-01
7.027965784072875977e-01
6.846235394477844238e-01
6.914247274398803711e-01
7.079150676727294922e-01
6.950945854187011719e-01
6.974868178367614746e-01
6.935343146324157715e-01
6.918588876724243164e-01
7.030688524246215820e-01
6.992735266685485840e-01
6.973177790641784668e-01
7.080863118171691895e-01
7.057856917381286621e-01
7.037087678909301758e-01
7.100553512573242188e-01
7.093216776847839355e-01
7.061448693275451660e-01
7.052252292633056641e-01
7.102388739585876465e-01
7.075335979461669922e-01
7.180095314979553223e-01
7.100136280059814453e-01
7.082443833351135254e-01
7.173232436180114746e-01
7.125616073608398438e-01
7.179651856422424316e-01
6.973333954811096191e-01
7.071723937988281250e-01
7.018092870712280273e-01
6.914765834808349609e-01
7.239872217178344727e-01
7.082076668739318848e-01
7.016718983650207520e-01
7.077741026878356934e-01
7.341029047966003418e-01
7.222297787666320801e-01
7.302057743072509766e-01
7.324509620666503906e-01
7.334042787551879883e-01
7.382531166076660156e-01
7.370684146881103516e-01
7.385259866714477539e-01
7.207307219505310059e-01
7.381976246833801270e-01
7.266478538513183594e-01
7.501525282859802246e-01
7.395247220993041992e-01
7.312446236610412598e-01
7.463978528976440430e-01
7.437013387680053711e-01
7.430864572525024414e-01
7.441665530204772949e-01
7.357690334320068359e-01
7.713877558708190918e-01
7.404068112373352051e-01
7.477646470069885254e-01
7.462328076362609863e-01
7.620949149131774902e-01
7.368479967117309570e-01
7.736961245536804199e-01
7.744489908218383789e-01
7.604125142097473145e-01
7.760092020034790039e-01
7.730981707572937012e-01
7.810126543045043945e-01
7.987647056579589844e-01
7.966199517250061035e-01
7.674013376235961914e-01
7.899383902549743652e-01
7.971757054328918457e-01
7.763206362724304199e-01
7.831351757049560547e-01
8.040605783462524414e-01
7.851658463478088379e-01
7.967435121536254883e-01
8.040965199470520020e-01
7.960714697837829590e-01
8.065078854560852051e-01
8.020581603050231934e-01
8.178325891494750977e-01
8.106632828712463379e-01
7.940038442611694336e-01
8.020417690277099609e-01
7.985243797302246094e-01
8.254531621932983398e-01
7.831104993820190430e-01
8.258016705513000488e-01
8.140268921852111816e-01
8.222354054450988770e-01
8.447594046592712402e-01
8.110202550888061523e-01
8.287897109985351562e-01
8.145058155059814453e-01
8.418133258819580078e-01
8.378770947456359863e-01
8.136357665061950684e-01
8.477162718772888184e-01
8.561303019523620605e-01
8.546671271324157715e-01
8.304039835929870605e-01
8.517166972160339355e-01
8.618778586387634277e-01
8.749546408653259277e-01
8.471237421035766602e-01
8.810548186302185059e-01
8.715306520462036133e-01
8.647298812866210938e-01
8.626802563667297363e-01
8.737498521804809570e-01
8.512994050979614258e-01
8.958299756050109863e-01
8.770163655281066895e-01
8.713542819023132324e-01
8.669030070304870605e-01
8.810762166976928711e-01
8.804016709327697754e-01
8.946325778961181641e-01
9.067751765251159668e-01
8.946003913879394531e-01
8.868378400802612305e-01
8.874197602272033691e-01
8.762364387512207031e-01
8.890546560287475586e-01
8.843466043472290039e-01
8.988320231437683105e-01
8.911616206169128418e-01
9.002600908279418945e-01
9.082307219505310059e-01
9.081049561500549316e-01
8.894785642623901367e-01
8.639997243881225586e-01
9.141179323196411133e-01
8.194016814231872559e-01
9.093737006187438965e-01
9.127626419067382812e-01
9.182614684104919434e-01
8.430922031402587891e-01
9.301820993423461914e-01
9.307063817977905273e-01
8.972438573837280273e-01
9.125953316688537598e-01
8.933869600296020508e-01
9.376048445701599121e-01
7.737990617752075195e-01
9.021822810173034668e-01
9.429497718811035156e-01
9.451017379760742188e-01
9.195206761360168457e-01
9.421306848526000977e-01
9.644201993942260742e-01
9.283512830734252930e-01
7.247650027275085449e-01
9.370031952857971191e-01
9.375975728034973145e-01
9.483061432838439941e-01
9.407202005386352539e-01
9.548659920692443848e-01
9.657106995582580566e-01
9.826902747154235840e-01
9.513418674468994141e-01
9.420019388198852539e-01
8.858723044395446777e-01
9.430371522903442383e-01
9.631375074386596680e-01
9.891189336776733398e-01
9.535248279571533203e-01
8.679262995719909668e-01
9.798823595046997070e-01
9.190789461135864258e-01
9.648183584213256836e-01
9.505004286766052246e-01
-9.899900000000000000e+04
9.653211236000061035e-01
9.862244725227355957e-01
-9.899900000000000000e+04
-9.899900000000000000e+04
9.222721457481384277e-01
9.701313376426696777e-01
