6.291534900665283203e-01
6.257067918777465820e-01
6.562239527702331543e-01
6.632860302925109863e-01
6.657932400703430176e-01
6.525678634643554688e-01
6.616687774658203125e-01
6.605220437049865723e-01
6.592803001403808594e-01
6.655529737472534180e-01
6.628841757774353027e-01
6.599124670028686523e-01
6.684470772743225098e-01
6.711479425430297852e-01
6.669101715087890625e-01
6.695431470870971680e-01
6.809154748916625977e-01
6.876502633094787598e-01
6.890469193458557129e-01
6.755548119544982910e-01
6.899451017379760742e-01
6.750268340110778809e-01
6.533963680267333984e-01
6.878223419189453125e-01
6.826539039611816406e-01
7.003075480461120605e-01
7.026354074478149414e-01
6.890015006065368652e-01
7.024238705635070801e-01
7.025297880172729492e-01
6.872646808624267578e-01
7.012380361557006836e-01
7.021141052246093750e-01
6.946499943733215332e-01
7.040269374847412109e-01
6.991676688194274902e-01
6.958599090576171875e-01
7.034837603569030762e-01
7.058739662170410156e-01
7.135104537010192871e-01
7.083363533020019531e-01
7.117894291877746582e-01
7.157736420631408691e-01
7.070627808570861816e-01
7.072137594223022461e-01
6.965722441673278809e-01
7.070007920265197754e-01
7.219582796096801758e-01
7.059749364852905273e-01
7.095390558242797852e-01
7.167924046516418457e-01
7.152634859085083008e-01
7.151522040367126465e-01
7.033522725105285645e-01
7.194949388504028320e-01
6.832574009895324707e-01
7.183622717857360840e-01
6.932023763656616211e-01
7.091250419616699219e-01
7.195190787315368652e-01
6.855362653732299805e-01
7.346774935722351074e-01
7.210184335708618164e-01
7.228477597236633301e-01
7.315538525581359863e-01
7.377672791481018066e-01
7.393492460250854492e-01
7.360107898712158203e-01
7.263420820236206055e-01
7.306641936302185059e-01
7.159562110900878906e-01
7.280346751213073730e-01
7.412276864051818848e-01
7.271559834480285645e-01
7.615433931350708008e-01
7.315914630889892578e-01
7.474442720413208008e-01
7.527740597724914551e-01
7.485356926918029785e-01
7.433352470397949219e-01
7.518769502639770508e-01
7.541652321815490723e-01
7.512673139572143555e-01
7.665502429008483887e-01
7.617387175559997559e-01
7.670480012893676758e-01
7.628275156021118164e-01
7.678839564323425293e-01
7.726085186004638672e-01
7.835334539413452148e-01
7.681119441986083984e-01
7.875673770904541016e-01
7.779582142829895020e-01
7.828671932220458984e-01
7.944876551628112793e-01
7.909594774246215820e-01
7.906881570816040039e-01
7.964055538177490234e-01
8.024948239326477051e-01
7.979221343994140625e-01
7.664794325828552246e-01
7.957073450088500977e-01
7.860593795776367188e-01
8.094252943992614746e-01
8.059633374214172363e-01
7.851323485374450684e-01
8.060912489891052246e-01
8.110589385032653809e-01
7.931526899337768555e-01
8.005393147468566895e-01
7.656635642051696777e-01
8.137415051460266113e-01
8.108198046684265137e-01
8.272770643234252930e-01
8.186711668968200684e-01
8.193358182907104492e-01
8.003701567649841309e-01
8.342495560646057129e-01
8.417478203773498535e-01
8.368706107139587402e-01
8.432206511497497559e-01
8.388762474060058594e-01
8.246614933013916016e-01
8.704050779342651367e-01
8.316959142684936523e-01
8.557882905006408691e-01
8.490793704986572266e-01
8.622407913208007812e-01
8.520675301551818848e-01
8.250861763954162598e-01
8.671926259994506836e-01
8.699952363967895508e-01
8.649869561195373535e-01
8.716108798980712891e-01
8.620718121528625488e-01
8.783426284790039062e-01
8.744246959686279297e-01
8.745688796043395996e-01
8.669285774230957031e-01
8.810432553291320801e-01
8.883583545684814453e-01
9.051290750503540039e-01
8.581105470657348633e-01
8.784107565879821777e-01
9.007455706596374512e-01
8.927889466285705566e-01
8.921751379966735840e-01
8.592231869697570801e-01
8.627822995185852051e-01
8.873084783554077148e-01
8.848463892936706543e-01
8.785681128501892090e-01
8.764918446540832520e-01
9.145588874816894531e-01
9.170391559600830078e-01
8.651633858680725098e-01
9.032201170921325684e-01
9.071217775344848633e-01
8.649324178695678711e-01
9.195276498794555664e-01
9.118797183036804199e-01
9.092301726341247559e-01
9.076583385467529297e-01
8.849937915802001953e-01
9.032633900642395020e-01
9.269960522651672363e-01
9.002006053924560547e-01
9.171495437622070312e-01
9.134541153907775879e-01
9.228101372718811035e-01
9.324015378952026367e-01
9.242621064186096191e-01
8.214548230171203613e-01
9.454541802406311035e-01
9.207792878150939941e-01
9.520249962806701660e-01
8.634878993034362793e-01
9.092194437980651855e-01
9.511715173721313477e-01
9.258719086647033691e-01
9.579432010650634766e-01
9.638534784317016602e-01
9.143797755241394043e-01
9.627751708030700684e-01
8.205017447471618652e-01
9.622637033462524414e-01
9.294795393943786621e-01
9.258508086204528809e-01
9.644604325294494629e-01
9.812832474708557129e-01
9.554178714752197266e-01
9.643467664718627930e-01
8.882772326469421387e-01
9.569677710533142090e-01
1.001793980598449707e+00
-9.899900000000000000e+04
9.720728397369384766e-01
-9.899900000000000000e+04
9.771920442581176758e-01
9.826350808143615723e-01
9.741346240043640137e-01
1.007263064384460449e+00
1.002050757408142090e+00
9.690534472465515137e-01
-9.899900000000000000e+04
1.019029617309570312e+00
1.022941827774047852e+00
-9.899900000000000000e+04
8.539686203002929688e-01
9.845059514045715332e-01
-9.899900000000000000e+04
-9.899900000000000000e+04
9.370298385620117188e-01
-9.899900000000000000e+04
-9.899900000000000000e+04
-9.899900000000000000e+04
-9.899900000000000000e+04
-9.899900000000000000e+04
-9.899900000000000000e+04
-9.899900000000000000e+04
-9.899900000000000000e+04
-9.899900000000000000e+04
-9.899900000000000000e+04
9.480181932449340820e-01
-9.899900000000000000e+04
-9.899900000000000000e+04
