6.225892305374145508e-01
6.517849564552307129e-01
6.412144899368286133e-01
6.632860302925109863e-01
6.617763042449951172e-01
6.487110853195190430e-01
6.616687774658203125e-01
6.615436673164367676e-01
6.592803001403808594e-01
6.632599234580993652e-01
6.664795279502868652e-01
6.803489923477172852e-01
6.681141257286071777e-01
6.711479425430297852e-01
6.713212132453918457e-01
6.814933419227600098e-01
6.810971498489379883e-01
6.869531869888305664e-01
6.686673164367675781e-01
6.843210458755493164e-01
6.811931729316711426e-01
6.768280863761901855e-01
6.871144175529479980e-01
6.874404549598693848e-01
6.760022640228271484e-01
7.015670537948608398e-01
6.898013949394226074e-01
6.972305774688720703e-01
7.004201412200927734e-01
6.984550952911376953e-01
6.954346299171447754e-01
6.949396729469299316e-01
6.915193796157836914e-01
7.021601200103759766e-01
6.917372941970825195e-01
6.923667192459106445e-01
6.958599090576171875e-01
6.986254453659057617e-01
7.138468027114868164e-01
7.186087369918823242e-01
7.067958712577819824e-01
7.178828120231628418e-01
7.038770914077758789e-01
7.007349729537963867e-01
7.088825106620788574e-01
6.918312907218933105e-01
6.912939548492431641e-01
7.076128125190734863e-01
7.143605947494506836e-01
7.180839776992797852e-01
7.111715674400329590e-01
7.194367647171020508e-01
7.038906216621398926e-01
7.187125682830810547e-01
7.032396197319030762e-01
7.194004058837890625e-01
7.087033390998840332e-01
7.102250456809997559e-01
7.229160070419311523e-01
7.289620041847229004e-01
7.258395552635192871e-01
7.119481563568115234e-01
7.323809266090393066e-01
7.247428297996520996e-01
7.246229648590087891e-01
7.303818464279174805e-01
7.213711142539978027e-01
7.243283390998840332e-01
7.296206355094909668e-01
7.392752170562744141e-01
7.487227320671081543e-01
7.387943863868713379e-01
7.500785589218139648e-01
7.456697821617126465e-01
7.393673062324523926e-01
7.674311995506286621e-01
7.571336030960083008e-01
7.487560510635375977e-01
7.450851202011108398e-01
7.474369406700134277e-01
7.439138293266296387e-01
7.436535954475402832e-01
7.590379118919372559e-01
7.738671302795410156e-01
7.483979463577270508e-01
7.597675919532775879e-01
7.712948322296142578e-01
7.700783014297485352e-01
7.737308144569396973e-01
7.650594115257263184e-01
7.929561138153076172e-01
7.939442396163940430e-01
7.907687425613403320e-01
7.833107709884643555e-01
7.848744988441467285e-01
7.865409255027770996e-01
7.936487197875976562e-01
7.890394926071166992e-01
7.890294790267944336e-01
7.450217008590698242e-01
7.867597341537475586e-01
7.919027805328369141e-01
7.936305999755859375e-01
7.984386086463928223e-01
8.120356798171997070e-01
8.055732846260070801e-01
8.212615847587585449e-01
7.837704420089721680e-01
8.102004528045654297e-01
7.955375909805297852e-01
8.065552115440368652e-01
8.212405443191528320e-01
7.885077595710754395e-01
8.228163123130798340e-01
8.209019303321838379e-01
7.864060997962951660e-01
8.275240659713745117e-01
8.061386942863464355e-01
7.843017578125000000e-01
8.149334192276000977e-01
8.263938426971435547e-01
8.356255292892456055e-01
8.439226150512695312e-01
8.512974977493286133e-01
8.316110968589782715e-01
8.440380096435546875e-01
8.566778302192687988e-01
8.597630262374877930e-01
8.636755347251892090e-01
8.533336520195007324e-01
8.460357189178466797e-01
8.900972604751586914e-01
8.890011906623840332e-01
8.562304973602294922e-01
8.869823813438415527e-01
8.705554604530334473e-01
8.656334280967712402e-01
8.667454123497009277e-01
8.727563619613647461e-01
8.643361926078796387e-01
8.684494495391845703e-01
8.751382827758789062e-01
8.788462281227111816e-01
8.626101016998291016e-01
8.950582146644592285e-01
8.832970857620239258e-01
8.871017098426818848e-01
8.785838484764099121e-01
9.014273285865783691e-01
8.905616402626037598e-01
8.578852415084838867e-01
9.022218585014343262e-01
8.879698514938354492e-01
9.069679975509643555e-01
9.160325527191162109e-01
9.073719382286071777e-01
9.152085781097412109e-01
8.975039720535278320e-01
9.077363014221191406e-01
9.229243993759155273e-01
9.252513647079467773e-01
9.073731899261474609e-01
8.225215673446655273e-01
8.302671909332275391e-01
9.127790331840515137e-01
9.150600433349609375e-01
8.876885175704956055e-01
8.934301137924194336e-01
8.869833350181579590e-01
9.206772446632385254e-01
9.151628017425537109e-01
9.373807311058044434e-01
9.119359254837036133e-01
9.286003708839416504e-01
9.363122582435607910e-01
9.425443410873413086e-01
9.401609301567077637e-01
9.385786056518554688e-01
9.321718811988830566e-01
9.627336859703063965e-01
9.403955936431884766e-01
9.379024505615234375e-01
9.396265745162963867e-01
9.356695413589477539e-01
9.664744138717651367e-01
9.684578180313110352e-01
9.756522774696350098e-01
9.508222937583923340e-01
9.696729779243469238e-01
9.580701589584350586e-01
9.468901753425598145e-01
9.842731952667236328e-01
9.779856801033020020e-01
9.661003947257995605e-01
9.199847579002380371e-01
8.392667174339294434e-01
9.920761585235595703e-01
9.397448301315307617e-01
