6.461329460144042969e-01
6.245424747467041016e-01
6.562239527702331543e-01
6.595162153244018555e-01
6.469347476959228516e-01
6.468650102615356445e-01
6.616687774658203125e-01
6.678663492202758789e-01
6.592803001403808594e-01
6.637250781059265137e-01
6.664795279502868652e-01
6.648764610290527344e-01
6.681141257286071777e-01
6.785833835601806641e-01
6.808091402053833008e-01
6.849688887596130371e-01
6.781916618347167969e-01
6.668570041656494141e-01
6.890469193458557129e-01
6.873620748519897461e-01
6.777609586715698242e-01
6.825096607208251953e-01
6.515519618988037109e-01
6.934555768966674805e-01
6.950142979621887207e-01
6.873574852943420410e-01
6.865636110305786133e-01
7.025219202041625977e-01
6.877900362014770508e-01
7.025297880172729492e-01
6.864455342292785645e-01
6.954247951507568359e-01
6.974868178367614746e-01
7.032955884933471680e-01
6.898364424705505371e-01
6.926329731941223145e-01
6.945686936378479004e-01
6.985812187194824219e-01
7.011813521385192871e-01
7.188727855682373047e-01
7.083502411842346191e-01
7.025304436683654785e-01
7.051421999931335449e-01
7.117359042167663574e-01
6.864712238311767578e-01
7.063012123107910156e-01
7.040305733680725098e-01
7.156617641448974609e-01
6.983703970909118652e-01
7.019716501235961914e-01
7.187082767486572266e-01
7.011282444000244141e-01
7.123779058456420898e-01
6.996644139289855957e-01
7.238258123397827148e-01
7.198395729064941406e-01
7.100586891174316406e-01
7.222451567649841309e-01
7.259854674339294434e-01
7.280411124229431152e-01
7.206821441650390625e-01
7.273765802383422852e-01
7.282907962799072266e-01
7.176383733749389648e-01
7.317702770233154297e-01
7.113103866577148438e-01
7.203385829925537109e-01
7.271527647972106934e-01
7.193964123725891113e-01
7.209889292716979980e-01
7.306505441665649414e-01
7.409403324127197266e-01
7.436828613281250000e-01
7.378032803535461426e-01
7.276504039764404297e-01
7.571842670440673828e-01
7.412564754486083984e-01
7.393718957901000977e-01
7.347077727317810059e-01
7.494517564773559570e-01
7.550725340843200684e-01
7.606269717216491699e-01
7.224725484848022461e-01
7.483398914337158203e-01
7.369264960289001465e-01
7.367510795593261719e-01
7.695319652557373047e-01
7.877424359321594238e-01
7.774807214736938477e-01
7.686360478401184082e-01
7.561973929405212402e-01
7.801373004913330078e-01
7.924689054489135742e-01
7.921764850616455078e-01
7.802451252937316895e-01
7.872241139411926270e-01
7.871980071067810059e-01
7.931819558143615723e-01
7.656639814376831055e-01
7.927601337432861328e-01
7.906325459480285645e-01
7.595826387405395508e-01
7.909934520721435547e-01
7.949981093406677246e-01
8.076827526092529297e-01
7.408965229988098145e-01
7.992812991142272949e-01
8.009476065635681152e-01
7.879881262779235840e-01
8.177893757820129395e-01
8.001300096511840820e-01
8.163118958473205566e-01
8.298805952072143555e-01
8.198528885841369629e-01
8.130251169204711914e-01
8.247078061103820801e-01
8.264274001121520996e-01
8.383175134658813477e-01
7.988107800483703613e-01
8.443139791488647461e-01
8.409430384635925293e-01
8.246300816535949707e-01
8.504472374916076660e-01
8.516821265220642090e-01
8.636498451232910156e-01
8.540735244750976562e-01
8.688068985939025879e-01
8.525914549827575684e-01
8.568227291107177734e-01
8.357987999916076660e-01
7.715804576873779297e-01
8.471534848213195801e-01
8.484768867492675781e-01
8.633902668952941895e-01
8.713674545288085938e-01
8.626366257667541504e-01
8.418481945991516113e-01
8.836147785186767578e-01
8.983848690986633301e-01
8.744136691093444824e-01
8.789522647857666016e-01
7.557005286216735840e-01
8.886958360671997070e-01
8.735494017601013184e-01
8.842334151268005371e-01
9.004532694816589355e-01
8.837956786155700684e-01
8.914044499397277832e-01
8.949666023254394531e-01
8.649476170539855957e-01
8.929538726806640625e-01
8.883941769599914551e-01
9.026548266410827637e-01
8.740097284317016602e-01
8.556389212608337402e-01
9.115703701972961426e-01
8.880876898765563965e-01
8.818060159683227539e-01
8.926877975463867188e-01
9.009560942649841309e-01
9.057967066764831543e-01
8.933702707290649414e-01
8.855924606323242188e-01
8.999858498573303223e-01
9.249366521835327148e-01
9.195604920387268066e-01
9.134575128555297852e-01
9.117174744606018066e-01
9.015401005744934082e-01
9.312055110931396484e-01
9.126468896865844727e-01
9.132706522941589355e-01
7.938402295112609863e-01
9.289147257804870605e-01
8.624409437179565430e-01
9.116905927658081055e-01
7.359184026718139648e-01
9.135751724243164062e-01
9.644400477409362793e-01
9.400201439857482910e-01
8.725048899650573730e-01
9.424321651458740234e-01
9.553149342536926270e-01
9.740613698959350586e-01
9.705098271369934082e-01
9.446273446083068848e-01
8.766016364097595215e-01
9.429656267166137695e-01
8.530944585800170898e-01
9.388983845710754395e-01
9.761664271354675293e-01
8.467417955398559570e-01
9.644328355789184570e-01
9.758836627006530762e-01
8.822972178459167480e-01
9.356018900871276855e-01
9.798489809036254883e-01
9.785629510879516602e-01
8.472751379013061523e-01
9.673054814338684082e-01
8.977291584014892578e-01
9.240847229957580566e-01
8.225181102752685547e-01
9.772854447364807129e-01
1.004015326499938965e+00
9.634503126144409180e-01
-9.899900000000000000e+04
9.731076359748840332e-01
