6.225892305374145508e-01
6.517849564552307129e-01
6.407510042190551758e-01
6.632860302925109863e-01
6.467798352241516113e-01
6.472339630126953125e-01
6.522759199142456055e-01
6.678663492202758789e-01
6.649832725524902344e-01
6.654602885246276855e-01
6.664795279502868652e-01
6.636283397674560547e-01
6.751718521118164062e-01
6.772983670234680176e-01
6.813262104988098145e-01
6.804526448249816895e-01
6.825008392333984375e-01
6.863613128662109375e-01
6.763575077056884766e-01
6.850000023841857910e-01
6.899451017379760742e-01
6.802825331687927246e-01
6.758441925048828125e-01
7.022562026977539062e-01
6.923391222953796387e-01
6.888324022293090820e-01
7.008727788925170898e-01
6.917837262153625488e-01
6.996704936027526855e-01
6.956803798675537109e-01
6.975631117820739746e-01
6.994097232818603516e-01
7.017874121665954590e-01
6.873989105224609375e-01
6.916729211807250977e-01
6.926264762878417969e-01
6.958599090576171875e-01
7.035740017890930176e-01
7.027180194854736328e-01
7.081758379936218262e-01
7.048280239105224609e-01
7.014247179031372070e-01
6.997049450874328613e-01
7.137854099273681641e-01
7.017986178398132324e-01
7.023512721061706543e-01
7.104432582855224609e-01
7.067779302597045898e-01
7.189192771911621094e-01
7.146908640861511230e-01
6.985649466514587402e-01
7.137708067893981934e-01
7.025527954101562500e-01
7.173483371734619141e-01
7.061566710472106934e-01
7.204224467277526855e-01
7.203918099403381348e-01
7.119475603103637695e-01
7.114117145538330078e-01
7.168085575103759766e-01
7.224052548408508301e-01
7.318459153175354004e-01
7.336845993995666504e-01
7.297539710998535156e-01
6.784330010414123535e-01
7.371529340744018555e-01
7.178196310997009277e-01
6.970862150192260742e-01
7.250931262969970703e-01
7.218149900436401367e-01
7.165613174438476562e-01
7.490233778953552246e-01
7.357470393180847168e-01
7.258878350257873535e-01
7.414031028747558594e-01
7.549422383308410645e-01
7.324978113174438477e-01
7.409904599189758301e-01
7.207072377204895020e-01
7.416126728057861328e-01
7.574107050895690918e-01
7.419542670249938965e-01
7.464663982391357422e-01
7.576978206634521484e-01
7.423785328865051270e-01
7.432035207748413086e-01
7.832115292549133301e-01
7.874735593795776367e-01
7.733113169670104980e-01
7.644157409667968750e-01
7.788257598876953125e-01
7.900528311729431152e-01
7.992326021194458008e-01
7.903007864952087402e-01
7.865115404129028320e-01
7.830630540847778320e-01
7.815929651260375977e-01
7.945257425308227539e-01
7.886611223220825195e-01
7.895426750183105469e-01
7.904879450798034668e-01
7.964271306991577148e-01
7.960283160209655762e-01
8.032041192054748535e-01
8.025439381599426270e-01
7.944852709770202637e-01
8.021344542503356934e-01
8.017489314079284668e-01
8.157629966735839844e-01
8.179348707199096680e-01
8.151880502700805664e-01
7.988161444664001465e-01
8.279323577880859375e-01
8.169814348220825195e-01
7.981971502304077148e-01
8.058121800422668457e-01
8.249427080154418945e-01
8.122538924217224121e-01
8.224624991416931152e-01
8.321801424026489258e-01
8.421819806098937988e-01
8.541097640991210938e-01
8.550918698310852051e-01
8.502724766731262207e-01
8.580964207649230957e-01
8.462266921997070312e-01
8.601219058036804199e-01
7.977761626243591309e-01
8.322064876556396484e-01
8.527258038520812988e-01
8.662664890289306641e-01
8.623170256614685059e-01
8.608448505401611328e-01
8.707402944564819336e-01
8.783288002014160156e-01
8.294014930725097656e-01
8.677613139152526855e-01
8.959938883781433105e-01
8.670802116394042969e-01
8.777326941490173340e-01
8.750594854354858398e-01
8.816651701927185059e-01
8.713324666023254395e-01
8.709704279899597168e-01
8.842382431030273438e-01
8.980792164802551270e-01
8.594419956207275391e-01
8.951488733291625977e-01
9.106209874153137207e-01
8.967271447181701660e-01
8.929175734519958496e-01
8.784433007240295410e-01
8.926952481269836426e-01
9.062228202819824219e-01
9.160739183425903320e-01
8.805773258209228516e-01
9.182721376419067383e-01
9.140347838401794434e-01
8.849970102310180664e-01
9.176989793777465820e-01
8.953256011009216309e-01
9.309614300727844238e-01
9.157443642616271973e-01
9.058731198310852051e-01
8.961419463157653809e-01
9.351168870925903320e-01
9.247076511383056641e-01
8.780676126480102539e-01
9.312858581542968750e-01
9.225362539291381836e-01
9.236558675765991211e-01
9.118958115577697754e-01
8.631147146224975586e-01
9.372519254684448242e-01
9.024634361267089844e-01
9.311519861221313477e-01
9.374823570251464844e-01
8.236050605773925781e-01
9.487504363059997559e-01
9.412180781364440918e-01
9.144718647003173828e-01
9.729958176612854004e-01
9.078456759452819824e-01
9.509018063545227051e-01
9.566918611526489258e-01
9.549899697303771973e-01
9.664285778999328613e-01
9.724361300468444824e-01
9.720361828804016113e-01
9.267070293426513672e-01
9.431275725364685059e-01
9.547132849693298340e-01
9.763485789299011230e-01
9.796667098999023438e-01
-9.899900000000000000e+04
9.887352585792541504e-01
9.681521058082580566e-01
9.958359599113464355e-01
1.009750604629516602e+00
1.014069557189941406e+00
9.985978007316589355e-01
-9.899900000000000000e+04
-9.899900000000000000e+04
9.754263758659362793e-01
9.791322946548461914e-01
9.799791574478149414e-01
-9.899900000000000000e+04
8.569601774215698242e-01
9.701748490333557129e-01
