6.461329460144042969e-01
6.517849564552307129e-01
6.388311982154846191e-01
6.632860302925109863e-01
6.512370109558105469e-01
6.493827104568481445e-01
6.616687774658203125e-01
6.678663492202758789e-01
6.734914183616638184e-01
6.673698425292968750e-01
6.664795279502868652e-01
6.596245169639587402e-01
6.674644351005554199e-01
6.546568870544433594e-01
6.669101715087890625e-01
6.715213656425476074e-01
6.741776466369628906e-01
6.624777913093566895e-01
6.878682374954223633e-01
6.850636601448059082e-01
6.771090030670166016e-01
6.750268340110778809e-01
6.752519607543945312e-01
6.922837495803833008e-01
6.923391222953796387e-01
6.991040706634521484e-01
6.894884109497070312e-01
6.918029189109802246e-01
6.875582337379455566e-01
6.945591568946838379e-01
6.940954327583312988e-01
6.954005360603332520e-01
7.041976451873779297e-01
7.019326686859130859e-01
6.992788314819335938e-01
6.966513991355895996e-01
7.019261717796325684e-01
7.049526572227478027e-01
7.020526528358459473e-01
7.087800502777099609e-01
7.057657241821289062e-01
7.134361863136291504e-01
6.809772849082946777e-01
7.112494707107543945e-01
6.989170908927917480e-01
7.042016386985778809e-01
7.055798768997192383e-01
7.074987888336181641e-01
7.023773789405822754e-01
7.098585367202758789e-01
7.046442031860351562e-01
6.964265108108520508e-01
7.017557024955749512e-01
7.047540545463562012e-01
6.872677206993103027e-01
7.243276834487915039e-01
7.063375711441040039e-01
7.251009345054626465e-01
7.242435216903686523e-01
7.274485230445861816e-01
7.096425294876098633e-01
7.222861051559448242e-01
7.144369482994079590e-01
7.286813259124755859e-01
7.106085419654846191e-01
7.299127578735351562e-01
7.227953076362609863e-01
7.255517244338989258e-01
7.344297170639038086e-01
7.406188845634460449e-01
7.396475076675415039e-01
7.399891018867492676e-01
7.473901510238647461e-01
7.285904288291931152e-01
7.406828403472900391e-01
7.523060441017150879e-01
7.541671395301818848e-01
7.477888464927673340e-01
7.663141489028930664e-01
7.573824524879455566e-01
7.371891736984252930e-01
7.773653864860534668e-01
7.384418249130249023e-01
7.358943819999694824e-01
7.543612718582153320e-01
7.479955554008483887e-01
7.739864587783813477e-01
7.308959364891052246e-01
7.722127437591552734e-01
7.758592367172241211e-01
7.658113837242126465e-01
7.667891979217529297e-01
7.699147462844848633e-01
7.949101924896240234e-01
7.800498604774475098e-01
8.004018664360046387e-01
7.992324829101562500e-01
7.836024761199951172e-01
7.972322106361389160e-01
7.962241768836975098e-01
7.889993190765380859e-01
7.795119881629943848e-01
8.002563714981079102e-01
8.090357780456542969e-01
7.999719381332397461e-01
8.084879517555236816e-01
8.075509071350097656e-01
7.984963655471801758e-01
7.934156060218811035e-01
8.191622495651245117e-01
8.223949670791625977e-01
8.210135102272033691e-01
8.051480650901794434e-01
8.113673925399780273e-01
8.130421042442321777e-01
7.907966375350952148e-01
8.276401758193969727e-01
8.372170329093933105e-01
8.017956614494323730e-01
8.320084810256958008e-01
8.152841925621032715e-01
8.071392178535461426e-01
8.368785977363586426e-01
8.203444480895996094e-01
8.598743081092834473e-01
8.584724664688110352e-01
8.663421273231506348e-01
8.542971611022949219e-01
8.304105997085571289e-01
8.558914065361022949e-01
8.635224699974060059e-01
8.682816624641418457e-01
8.703341484069824219e-01
8.732358813285827637e-01
8.625040650367736816e-01
8.716012239456176758e-01
8.725245594978332520e-01
8.745945692062377930e-01
8.707405924797058105e-01
8.643417954444885254e-01
8.838633298873901367e-01
8.582239747047424316e-01
8.472338318824768066e-01
8.938546180725097656e-01
8.838237524032592773e-01
9.000518321990966797e-01
8.057872056961059570e-01
9.055403470993041992e-01
8.958873748779296875e-01
9.072927832603454590e-01
9.033786654472351074e-01
8.898631334304809570e-01
9.025567770004272461e-01
8.639696240425109863e-01
8.865764141082763672e-01
9.044305086135864258e-01
9.008991718292236328e-01
9.043583273887634277e-01
9.150482416152954102e-01
9.214974641799926758e-01
8.624626398086547852e-01
9.015840888023376465e-01
8.796090483665466309e-01
8.770009279251098633e-01
9.361995458602905273e-01
8.500728607177734375e-01
9.114462733268737793e-01
9.230347275733947754e-01
9.132925868034362793e-01
9.254726767539978027e-01
9.309782981872558594e-01
9.422282576560974121e-01
8.224081993103027344e-01
9.260899424552917480e-01
8.813017010688781738e-01
9.244585037231445312e-01
9.559234380722045898e-01
8.590772151947021484e-01
9.117511510848999023e-01
9.399495124816894531e-01
9.146049618721008301e-01
9.303607344627380371e-01
8.282977938652038574e-01
9.036980867385864258e-01
8.112874031066894531e-01
9.487652182579040527e-01
9.461772441864013672e-01
9.812067747116088867e-01
9.577142596244812012e-01
9.649726152420043945e-01
9.538118243217468262e-01
9.657787680625915527e-01
9.681272506713867188e-01
9.651777744293212891e-01
9.691408872604370117e-01
9.796264171600341797e-01
9.782979488372802734e-01
8.162211775779724121e-01
9.420938491821289062e-01
-9.899900000000000000e+04
9.948576092720031738e-01
1.002814531326293945e+00
9.658552408218383789e-01
