6.225892305374145508e-01
6.358127593994140625e-01
6.406359076499938965e-01
6.606395840644836426e-01
6.617763042449951172e-01
6.639208197593688965e-01
6.603446006774902344e-01
6.678663492202758789e-01
6.570147871971130371e-01
6.793448328971862793e-01
6.664795279502868652e-01
6.596245169639587402e-01
6.642084121704101562e-01
6.722197532653808594e-01
6.668683290481567383e-01
6.806000471115112305e-01
6.810971498489379883e-01
6.735684275627136230e-01
6.746504306793212891e-01
6.769333481788635254e-01
6.768352389335632324e-01
6.783048510551452637e-01
6.518429517745971680e-01
6.945618987083435059e-01
7.060412764549255371e-01
6.870748996734619141e-01
6.901558041572570801e-01
6.890015006065368652e-01
7.004201412200927734e-01
7.001985907554626465e-01
6.917791366577148438e-01
6.981522440910339355e-01
7.024661898612976074e-01
6.875712275505065918e-01
7.002019882202148438e-01
6.955570578575134277e-01
6.858760118484497070e-01
6.992508769035339355e-01
6.993663311004638672e-01
7.164593338966369629e-01
7.139450907707214355e-01
7.121187448501586914e-01
7.038825750350952148e-01
6.953905820846557617e-01
6.984698176383972168e-01
7.046608328819274902e-01
7.121828198432922363e-01
7.053638696670532227e-01
7.085540890693664551e-01
6.854925751686096191e-01
7.035258412361145020e-01
7.088031768798828125e-01
7.020036578178405762e-01
7.210075259208679199e-01
7.204852700233459473e-01
7.027044296264648438e-01
7.246369123458862305e-01
7.228723168373107910e-01
7.263757586479187012e-01
7.281237244606018066e-01
7.279850244522094727e-01
7.280648350715637207e-01
7.290051579475402832e-01
7.288914918899536133e-01
7.208951711654663086e-01
7.327407598495483398e-01
7.378934025764465332e-01
7.358409762382507324e-01
7.304484844207763672e-01
7.381459474563598633e-01
7.417754530906677246e-01
7.498990893363952637e-01
7.348465919494628906e-01
7.545643448829650879e-01
7.421863675117492676e-01
7.395741939544677734e-01
7.223548889160156250e-01
7.233029007911682129e-01
7.268548607826232910e-01
7.594078183174133301e-01
7.398184537887573242e-01
7.514033913612365723e-01
7.244489192962646484e-01
7.647641301155090332e-01
7.674316167831420898e-01
7.457911372184753418e-01
7.702322006225585938e-01
7.657921910285949707e-01
7.711771726608276367e-01
7.740534543991088867e-01
7.755139470100402832e-01
7.778065204620361328e-01
7.842651605606079102e-01
8.064621090888977051e-01
7.661200165748596191e-01
7.925986647605895996e-01
7.967078089714050293e-01
7.906933426856994629e-01
7.869987487792968750e-01
7.721931934356689453e-01
7.991120815277099609e-01
7.801272273063659668e-01
7.934175729751586914e-01
7.976880073547363281e-01
7.999942898750305176e-01
8.116038441658020020e-01
7.909427285194396973e-01
8.159935474395751953e-01
7.978602051734924316e-01
7.992253303527832031e-01
7.948620319366455078e-01
8.093236684799194336e-01
8.045465350151062012e-01
8.082162737846374512e-01
8.163365721702575684e-01
8.049111962318420410e-01
8.205038905143737793e-01
7.783250212669372559e-01
8.411011695861816406e-01
8.269874453544616699e-01
8.443368077278137207e-01
8.620146512985229492e-01
8.518334627151489258e-01
8.365249633789062500e-01
8.596667051315307617e-01
8.594679832458496094e-01
8.553588390350341797e-01
8.527655601501464844e-01
8.664476275444030762e-01
8.446413278579711914e-01
8.580770492553710938e-01
8.838299512863159180e-01
8.584748506546020508e-01
8.607724905014038086e-01
8.643661737442016602e-01
8.297575116157531738e-01
7.760593891143798828e-01
8.778297901153564453e-01
8.821911215782165527e-01
9.035633802413940430e-01
8.627615571022033691e-01
8.793587684631347656e-01
8.665664792060852051e-01
8.954389095306396484e-01
8.804125785827636719e-01
8.864306211471557617e-01
8.936232924461364746e-01
8.887780308723449707e-01
8.949704170227050781e-01
8.844678401947021484e-01
9.016419053077697754e-01
8.701483011245727539e-01
9.079423546791076660e-01
8.635995388031005859e-01
8.962136507034301758e-01
8.445711731910705566e-01
8.880230784416198730e-01
8.873988986015319824e-01
9.185133576393127441e-01
9.111548066139221191e-01
9.010791182518005371e-01
9.220162630081176758e-01
9.010258316993713379e-01
9.305378198623657227e-01
9.027689099311828613e-01
8.620644807815551758e-01
8.900227546691894531e-01
9.105155467987060547e-01
9.050635099411010742e-01
9.301711916923522949e-01
9.261212348937988281e-01
9.188439249992370605e-01
9.195358753204345703e-01
9.347906112670898438e-01
9.238861203193664551e-01
9.384717941284179688e-01
9.407942891120910645e-01
9.568880200386047363e-01
9.622578024864196777e-01
9.251636862754821777e-01
8.474388718605041504e-01
9.359948039054870605e-01
9.523815512657165527e-01
9.538835287094116211e-01
9.219020009040832520e-01
7.503064870834350586e-01
9.523078799247741699e-01
9.525308609008789062e-01
9.806665182113647461e-01
8.733313083648681641e-01
-9.899900000000000000e+04
9.675970077514648438e-01
9.678689241409301758e-01
8.578171133995056152e-01
9.615465402603149414e-01
-9.899900000000000000e+04
9.853342175483703613e-01
9.961624145507812500e-01
9.931966066360473633e-01
9.928706884384155273e-01
7.108802199363708496e-01
9.800085425376892090e-01
9.767251610755920410e-01
-9.899900000000000000e+04
9.653702378273010254e-01
9.805462956428527832e-01
-9.899900000000000000e+04
9.321375489234924316e-01
8.664767146110534668e-01
9.696457386016845703e-01
-9.899900000000000000e+04
9.869610071182250977e-01
8.422674536705017090e-01
7.804996371269226074e-01
9.106456637382507324e-01
9.724884629249572754e-01
-9.899900000000000000e+04
-9.899900000000000000e+04
-9.899900000000000000e+04
-9.899900000000000000e+04
-9.899900000000000000e+04
