6.309524774551391602e-01
6.245424747467041016e-01
6.412144899368286133e-01
6.632860302925109863e-01
6.467798352241516113e-01
6.639208197593688965e-01
6.574916243553161621e-01
6.678663492202758789e-01
6.713973879814147949e-01
6.654602885246276855e-01
6.664795279502868652e-01
6.650627255439758301e-01
6.678974032402038574e-01
6.589918732643127441e-01
6.808091402053833008e-01
6.848675608634948730e-01
6.755884289741516113e-01
6.874428987503051758e-01
6.750604510307312012e-01
6.843210458755493164e-01
6.771090030670166016e-01
6.806647181510925293e-01
6.749833226203918457e-01
7.064043879508972168e-01
6.966059207916259766e-01
6.894702911376953125e-01
6.873456835746765137e-01
6.899021267890930176e-01
6.877900362014770508e-01
7.001985907554626465e-01
6.956083774566650391e-01
6.968304514884948730e-01
6.923021674156188965e-01
6.971195936203002930e-01
6.992788314819335938e-01
6.926264762878417969e-01
7.006449103355407715e-01
6.973177790641784668e-01
7.015904188156127930e-01
7.172909975051879883e-01
7.144963145256042480e-01
7.149466872215270996e-01
7.063749432563781738e-01
7.034687399864196777e-01
7.068790197372436523e-01
7.073717713356018066e-01
7.040305733680725098e-01
7.192147970199584961e-01
7.216937541961669922e-01
6.942827105522155762e-01
7.034751176834106445e-01
6.989114880561828613e-01
7.138190269470214844e-01
7.173936963081359863e-01
7.164309024810791016e-01
7.194294929504394531e-01
7.044960260391235352e-01
7.111439704895019531e-01
7.258112430572509766e-01
7.291553616523742676e-01
7.252410054206848145e-01
6.837297081947326660e-01
7.190133333206176758e-01
7.320118546485900879e-01
7.365013360977172852e-01
7.245620489120483398e-01
7.248160243034362793e-01
7.215247750282287598e-01
7.368571162223815918e-01
7.272779345512390137e-01
7.389094829559326172e-01
7.237991094589233398e-01
7.512526512145996094e-01
7.615703344345092773e-01
7.210350036621093750e-01
7.476614117622375488e-01
7.518405318260192871e-01
7.537527680397033691e-01
7.665113806724548340e-01
7.251525521278381348e-01
7.346811294555664062e-01
7.599145174026489258e-01
7.301468253135681152e-01
7.649019360542297363e-01
7.355108261108398438e-01
7.551237344741821289e-01
7.349295020103454590e-01
7.622449398040771484e-01
7.531718611717224121e-01
7.359799742698669434e-01
7.860954999923706055e-01
7.575830817222595215e-01
8.008537888526916504e-01
7.941607236862182617e-01
7.900090217590332031e-01
7.787059545516967773e-01
7.888264060020446777e-01
7.935127615928649902e-01
7.796283960342407227e-01
8.006106019020080566e-01
7.989462614059448242e-01
7.911137938499450684e-01
7.722013592720031738e-01
7.993479967117309570e-01
7.769991755485534668e-01
7.802103161811828613e-01
8.074578046798706055e-01
8.110248446464538574e-01
8.048477172851562500e-01
7.889014482498168945e-01
8.170555830001831055e-01
8.059886097908020020e-01
7.709602713584899902e-01
8.267338871955871582e-01
8.135314583778381348e-01
8.163613677024841309e-01
8.399314284324645996e-01
8.460861444473266602e-01
8.289365768432617188e-01
8.278944492340087891e-01
8.341494798660278320e-01
8.137596249580383301e-01
8.331995010375976562e-01
8.319866657257080078e-01
8.596899509429931641e-01
7.960581183433532715e-01
8.551047444343566895e-01
8.521605134010314941e-01
8.590386509895324707e-01
8.625767827033996582e-01
8.696187734603881836e-01
8.593825101852416992e-01
8.617458343505859375e-01
8.647221922874450684e-01
8.515072464942932129e-01
8.332174420356750488e-01
8.672703504562377930e-01
8.489943146705627441e-01
8.782261013984680176e-01
8.720896840095520020e-01
8.849837183952331543e-01
8.908522725105285645e-01
8.716485500335693359e-01
8.772766590118408203e-01
8.797481656074523926e-01
8.708825707435607910e-01
8.848513960838317871e-01
8.993528485298156738e-01
8.876739740371704102e-01
8.983293771743774414e-01
8.836758136749267578e-01
8.906421065330505371e-01
8.996998071670532227e-01
9.005373716354370117e-01
8.716313242912292480e-01
8.891732692718505859e-01
8.867417573928833008e-01
9.260278940200805664e-01
9.115183949470520020e-01
9.018478989601135254e-01
9.268310070037841797e-01
9.127733707427978516e-01
9.151943922042846680e-01
8.617436885833740234e-01
9.134028553962707520e-01
9.152146577835083008e-01
9.231361150741577148e-01
9.147110581398010254e-01
9.201369881629943848e-01
9.105312824249267578e-01
9.167953133583068848e-01
9.156064987182617188e-01
8.708250522613525391e-01
9.265168309211730957e-01
9.208472967147827148e-01
9.488093256950378418e-01
9.239968061447143555e-01
8.591253161430358887e-01
9.185693264007568359e-01
9.257811903953552246e-01
9.501187801361083984e-01
9.465716481208801270e-01
9.478458762168884277e-01
9.155724644660949707e-01
9.439374804496765137e-01
9.455446600914001465e-01
9.122891426086425781e-01
9.319940805435180664e-01
7.921575903892517090e-01
9.869322180747985840e-01
9.802556037902832031e-01
9.514386653900146484e-01
9.236286282539367676e-01
9.477039575576782227e-01
9.747425913810729980e-01
9.956372380256652832e-01
9.748904705047607422e-01
9.959466457366943359e-01
8.769131898880004883e-01
-9.899900000000000000e+04
8.003289699554443359e-01
9.702482223510742188e-01
9.846299290657043457e-01
9.502484798431396484e-01
-9.899900000000000000e+04
9.775220155715942383e-01
9.902272820472717285e-01
9.379871487617492676e-01
8.196869492530822754e-01
-9.899900000000000000e+04
