6.291534900665283203e-01
6.358127593994140625e-01
6.412144899368286133e-01
6.595162153244018555e-01
6.476992368698120117e-01
6.654471755027770996e-01
6.579081416130065918e-01
6.678663492202758789e-01
6.734914183616638184e-01
6.655529737472534180e-01
6.664795279502868652e-01
6.636283397674560547e-01
6.696323752403259277e-01
6.546568870544433594e-01
6.808091402053833008e-01
6.849688887596130371e-01
6.755884289741516113e-01
6.882724761962890625e-01
6.756566762924194336e-01
6.758059859275817871e-01
6.730217337608337402e-01
6.825096607208251953e-01
6.752519607543945312e-01
7.045492529869079590e-01
6.884194016456604004e-01
6.925680041313171387e-01
6.893593072891235352e-01
7.040576338768005371e-01
6.868521571159362793e-01
6.961627602577209473e-01
6.965515613555908203e-01
7.149221897125244141e-01
7.017874121665954590e-01
7.011776566505432129e-01
6.999552845954895020e-01
6.960429549217224121e-01
6.962229013442993164e-01
6.980213522911071777e-01
7.075061798095703125e-01
6.915504932403564453e-01
7.075406312942504883e-01
6.959177255630493164e-01
7.050594091415405273e-01
6.980108618736267090e-01
7.037847042083740234e-01
7.062083482742309570e-01
7.219654917716979980e-01
7.019340991973876953e-01
7.129635810852050781e-01
6.968922019004821777e-01
7.008817195892333984e-01
7.001723051071166992e-01
6.996718645095825195e-01
7.164081335067749023e-01
7.198447585105895996e-01
7.120074033737182617e-01
7.225237488746643066e-01
7.022707462310791016e-01
7.258060574531555176e-01
7.244387269020080566e-01
7.138158679008483887e-01
7.193597555160522461e-01
7.280462980270385742e-01
7.133955359458923340e-01
7.128818035125732422e-01
7.354843020439147949e-01
7.074825763702392578e-01
7.399266958236694336e-01
7.339649200439453125e-01
7.411143779754638672e-01
7.303767204284667969e-01
7.445055246353149414e-01
7.363164424896240234e-01
7.456701397895812988e-01
7.445301413536071777e-01
7.507211565971374512e-01
7.525258064270019531e-01
7.503763437271118164e-01
7.629128098487854004e-01
7.437948584556579590e-01
7.470823526382446289e-01
7.363510131835937500e-01
7.503722906112670898e-01
7.825347185134887695e-01
7.641255259513854980e-01
7.547240257263183594e-01
7.420024871826171875e-01
7.677627205848693848e-01
7.922156453132629395e-01
7.721626162528991699e-01
7.933027148246765137e-01
7.725269198417663574e-01
8.026244044303894043e-01
7.909757494926452637e-01
7.799782752990722656e-01
7.901484370231628418e-01
7.857637405395507812e-01
8.018884658813476562e-01
7.523696422576904297e-01
7.965559959411621094e-01
8.011292815208435059e-01
7.964216470718383789e-01
7.618606686592102051e-01
8.056422472000122070e-01
7.973620295524597168e-01
7.774697542190551758e-01
7.976443171501159668e-01
7.846059203147888184e-01
8.179178833961486816e-01
8.012366294860839844e-01
8.173354268074035645e-01
7.897160649299621582e-01
8.013647794723510742e-01
8.002619743347167969e-01
7.997796535491943359e-01
8.047975897789001465e-01
8.166117072105407715e-01
8.085456490516662598e-01
8.216710090637207031e-01
8.170222640037536621e-01
8.139327764511108398e-01
8.462494015693664551e-01
8.357138633728027344e-01
8.476966023445129395e-01
8.540388941764831543e-01
8.540191054344177246e-01
8.509986996650695801e-01
8.481113910675048828e-01
8.518943786621093750e-01
8.567094802856445312e-01
8.634643554687500000e-01
8.518602848052978516e-01
8.244966864585876465e-01
8.783909678459167480e-01
8.415102362632751465e-01
8.683823347091674805e-01
8.336414098739624023e-01
8.291864395141601562e-01
8.667574524879455566e-01
8.663774132728576660e-01
8.807551860809326172e-01
8.900227546691894531e-01
8.769578933715820312e-01
8.756491541862487793e-01
8.761683702468872070e-01
8.915667533874511719e-01
8.719175457954406738e-01
8.832511305809020996e-01
8.823858499526977539e-01
8.866416215896606445e-01
8.768216371536254883e-01
8.877130150794982910e-01
9.115582704544067383e-01
8.793107867240905762e-01
9.085948467254638672e-01
8.888912200927734375e-01
8.710925579071044922e-01
8.980174660682678223e-01
8.749469518661499023e-01
9.025768041610717773e-01
9.110803604125976562e-01
9.094684123992919922e-01
9.081695675849914551e-01
9.137611985206604004e-01
9.162970185279846191e-01
9.309822320938110352e-01
8.944492340087890625e-01
8.843378424644470215e-01
9.268223643302917480e-01
8.938571214675903320e-01
9.080050587654113770e-01
8.956177234649658203e-01
9.122517108917236328e-01
9.079367518424987793e-01
9.318569898605346680e-01
9.484682083129882812e-01
9.237827062606811523e-01
9.175161719322204590e-01
9.308280944824218750e-01
9.112172722816467285e-01
9.396758675575256348e-01
9.210032224655151367e-01
9.768269062042236328e-01
8.975372314453125000e-01
9.657756090164184570e-01
9.427157044410705566e-01
9.731135964393615723e-01
9.621376395225524902e-01
8.442122340202331543e-01
8.307894468307495117e-01
9.844375848770141602e-01
8.749085068702697754e-01
9.724964499473571777e-01
9.782795310020446777e-01
8.919630646705627441e-01
9.757025837898254395e-01
9.755782485008239746e-01
9.654862284660339355e-01
9.670012593269348145e-01
8.192964196205139160e-01
-9.899900000000000000e+04
-9.899900000000000000e+04
9.749395847320556641e-01
9.238103628158569336e-01
3.861585259437561035e-01
-9.899900000000000000e+04
9.950168132781982422e-01
9.905760288238525391e-01
-9.899900000000000000e+04
-9.899900000000000000e+04
9.970852732658386230e-01
8.740447759628295898e-01
9.613025784492492676e-01
9.677340984344482422e-01
8.868832588195800781e-01
-9.899900000000000000e+04
-9.899900000000000000e+04
-9.899900000000000000e+04
-9.899900000000000000e+04
9.810867309570312500e-01
-9.899900000000000000e+04
-9.899900000000000000e+04
-9.899900000000000000e+04
-9.899900000000000000e+04
-9.899900000000000000e+04
-9.899900000000000000e+04
