6.309524774551391602e-01
6.257067918777465820e-01
6.406359076499938965e-01
6.632860302925109863e-01
6.469347476959228516e-01
6.503523588180541992e-01
6.616687774658203125e-01
6.692662835121154785e-01
6.802015900611877441e-01
6.655529737472534180e-01
6.664795279502868652e-01
6.650627255439758301e-01
6.633976101875305176e-01
6.785833835601806641e-01
6.808091402053833008e-01
6.675862669944763184e-01
6.741776466369628906e-01
6.744903922080993652e-01
6.773480176925659180e-01
6.753895878791809082e-01
6.806809306144714355e-01
6.832048296928405762e-01
6.805456280708312988e-01
6.880162358283996582e-01
6.936892271041870117e-01
6.995259523391723633e-01
7.065351605415344238e-01
6.958689093589782715e-01
6.846235394477844238e-01
7.075642347335815430e-01
6.938963532447814941e-01
7.014163732528686523e-01
6.960031986236572266e-01
6.934447288513183594e-01
6.933419704437255859e-01
6.957734823226928711e-01
6.992735266685485840e-01
7.072744369506835938e-01
7.015569210052490234e-01
7.047928571701049805e-01
7.034114003181457520e-01
7.011451721191406250e-01
6.973720192909240723e-01
7.097127437591552734e-01
7.123273611068725586e-01
6.953281164169311523e-01
7.157809734344482422e-01
7.076055407524108887e-01
7.167415618896484375e-01
6.892691254615783691e-01
7.172197103500366211e-01
6.968696117401123047e-01
7.006328105926513672e-01
6.997644305229187012e-01
7.139615416526794434e-01
7.008662223815917969e-01
7.032398581504821777e-01
7.106521725654602051e-01
7.134214043617248535e-01
7.163267731666564941e-01
7.003636360168457031e-01
7.311241030693054199e-01
7.288857102394104004e-01
7.328534126281738281e-01
7.247391343116760254e-01
7.195124030113220215e-01
7.254096269607543945e-01
7.306810021400451660e-01
7.298723459243774414e-01
7.356126904487609863e-01
7.368127703666687012e-01
7.461159825325012207e-01
7.323988080024719238e-01
7.168702483177185059e-01
7.519623637199401855e-01
7.349579334259033203e-01
7.556727528572082520e-01
7.486538887023925781e-01
7.198783755302429199e-01
7.307512760162353516e-01
7.522898912429809570e-01
7.621418833732604980e-01
7.347053885459899902e-01
7.786103487014770508e-01
7.626406550407409668e-01
7.847319841384887695e-01
7.755214571952819824e-01
7.604984045028686523e-01
7.365968823432922363e-01
7.701399326324462891e-01
7.632642984390258789e-01
7.934686541557312012e-01
7.806950211524963379e-01
7.705351710319519043e-01
7.795079946517944336e-01
7.873808145523071289e-01
7.730978727340698242e-01
7.716252207756042480e-01
7.697069048881530762e-01
7.914621233940124512e-01
7.843610644340515137e-01
7.815718054771423340e-01
7.926001548767089844e-01
8.050780892372131348e-01
8.010452985763549805e-01
7.966263890266418457e-01
7.938514947891235352e-01
7.970721125602722168e-01
8.109407424926757812e-01
7.941893935203552246e-01
8.015174865722656250e-01
7.974327206611633301e-01
7.936724424362182617e-01
8.042610883712768555e-01
8.161493539810180664e-01
8.096705079078674316e-01
8.224656581878662109e-01
8.264043927192687988e-01
8.173179030418395996e-01
8.597343564033508301e-01
8.196963071823120117e-01
8.436023592948913574e-01
8.445698618888854980e-01
8.389212489128112793e-01
8.385200500488281250e-01
8.606104850769042969e-01
8.581523895263671875e-01
8.593581914901733398e-01
8.417729735374450684e-01
8.581737875938415527e-01
8.683558702468872070e-01
8.611659407615661621e-01
8.697059154510498047e-01
8.501194715499877930e-01
8.785306811332702637e-01
8.703154325485229492e-01
8.590933680534362793e-01
8.792234659194946289e-01
8.779587745666503906e-01
8.751987814903259277e-01
8.824494481086730957e-01
8.746860027313232422e-01
8.567843437194824219e-01
8.714506030082702637e-01
8.928759694099426270e-01
8.595978021621704102e-01
8.585019707679748535e-01
9.050688743591308594e-01
9.057459235191345215e-01
8.922535181045532227e-01
8.993934988975524902e-01
8.986611366271972656e-01
8.886177539825439453e-01
9.088262319564819336e-01
9.055817127227783203e-01
8.879919648170471191e-01
9.070913791656494141e-01
9.240491390228271484e-01
8.958469629287719727e-01
8.971418142318725586e-01
9.040707945823669434e-01
9.109113216400146484e-01
9.250389933586120605e-01
9.051745533943176270e-01
8.954076170921325684e-01
8.331543803215026855e-01
9.284587502479553223e-01
9.177863597869873047e-01
7.694508433341979980e-01
9.242039322853088379e-01
9.253334999084472656e-01
9.517379999160766602e-01
9.263134002685546875e-01
9.258391261100769043e-01
9.465792775154113770e-01
9.349199533462524414e-01
9.467505812644958496e-01
9.246449470520019531e-01
8.340739607810974121e-01
9.620199799537658691e-01
9.660483598709106445e-01
9.393906593322753906e-01
9.482624530792236328e-01
9.596865177154541016e-01
8.820581436157226562e-01
7.400853037834167480e-01
9.379498958587646484e-01
9.721861481666564941e-01
9.359761476516723633e-01
9.422075748443603516e-01
9.622061252593994141e-01
9.563032984733581543e-01
9.787163138389587402e-01
8.213090300559997559e-01
9.571980834007263184e-01
7.689500451087951660e-01
9.259175658226013184e-01
-9.899900000000000000e+04
9.713615775108337402e-01
9.519108533859252930e-01
-9.899900000000000000e+04
9.739904999732971191e-01
9.778086543083190918e-01
9.768440723419189453e-01
9.822555184364318848e-01
-9.899900000000000000e+04
1.011491775512695312e+00
9.718830585479736328e-01
9.976996779441833496e-01
-9.899900000000000000e+04
9.777874946594238281e-01
-9.899900000000000000e+04
