6.225892305374145508e-01
6.358127593994140625e-01
6.406359076499938965e-01
6.632860302925109863e-01
6.627352833747863770e-01
6.656777262687683105e-01
6.557057499885559082e-01
6.678663492202758789e-01
6.583533287048339844e-01
6.654602885246276855e-01
6.641452312469482422e-01
6.596245169639587402e-01
6.753827929496765137e-01
6.840402483940124512e-01
6.657516956329345703e-01
6.724083423614501953e-01
6.755884289741516113e-01
6.882724761962890625e-01
6.750604510307312012e-01
6.843210458755493164e-01
6.891989111900329590e-01
6.835260391235351562e-01
6.871144175529479980e-01
7.045492529869079590e-01
6.936892271041870117e-01
7.004000544548034668e-01
6.866199970245361328e-01
6.929986476898193359e-01
6.964234113693237305e-01
6.963743567466735840e-01
6.940954327583312988e-01
6.921029686927795410e-01
6.974868178367614746e-01
6.962742805480957031e-01
6.924089789390563965e-01
6.960772275924682617e-01
7.003414034843444824e-01
6.972584128379821777e-01
6.988639831542968750e-01
7.019857764244079590e-01
7.068961262702941895e-01
7.124544382095336914e-01
7.040517926216125488e-01
7.130815982818603516e-01
7.028996348381042480e-01
6.823217868804931641e-01
7.045609354972839355e-01
7.045317888259887695e-01
7.187744975090026855e-01
7.137143611907958984e-01
7.176238894462585449e-01
6.950178146362304688e-01
7.137620449066162109e-01
7.174275517463684082e-01
7.159397006034851074e-01
7.227215766906738281e-01
7.102427482604980469e-01
6.917871832847595215e-01
7.132748961448669434e-01
7.288433313369750977e-01
7.236427664756774902e-01
7.185869812965393066e-01
7.290271520614624023e-01
7.342090010643005371e-01
7.338930964469909668e-01
7.162502408027648926e-01
7.366064190864562988e-01
7.222857475280761719e-01
7.406008839607238770e-01
7.383094429969787598e-01
7.455763816833496094e-01
7.183408141136169434e-01
7.227412462234497070e-01
7.450067400932312012e-01
7.602281570434570312e-01
6.921665072441101074e-01
7.517489790916442871e-01
7.430357933044433594e-01
7.425180673599243164e-01
7.435654997825622559e-01
7.369836568832397461e-01
7.568815350532531738e-01
7.748753428459167480e-01
7.465379238128662109e-01
7.648206353187561035e-01
7.727347612380981445e-01
7.847534418106079102e-01
7.955008149147033691e-01
7.765275835990905762e-01
7.958528399467468262e-01
7.896405458450317383e-01
7.725741267204284668e-01
7.933206558227539062e-01
7.860034704208374023e-01
7.733892798423767090e-01
7.939266562461853027e-01
7.870495319366455078e-01
7.766749262809753418e-01
7.943528890609741211e-01
7.508659958839416504e-01
7.778693437576293945e-01
7.621206641197204590e-01
7.971702218055725098e-01
7.608144283294677734e-01
8.095626831054687500e-01
8.111048340797424316e-01
7.708747982978820801e-01
8.093690276145935059e-01
7.873450517654418945e-01
8.176063299179077148e-01
8.128801584243774414e-01
8.193597793579101562e-01
8.155129551887512207e-01
7.993332743644714355e-01
8.135342597961425781e-01
8.089479804039001465e-01
8.090415000915527344e-01
8.213650584220886230e-01
8.226147294044494629e-01
8.430699110031127930e-01
8.550726771354675293e-01
8.437538146972656250e-01
8.209367394447326660e-01
8.287860155105590820e-01
8.590040206909179688e-01
8.563933968544006348e-01
8.500284552574157715e-01
8.622511625289916992e-01
8.615151047706604004e-01
7.627808451652526855e-01
8.601146936416625977e-01
8.737124800682067871e-01
8.623960018157958984e-01
8.578903079032897949e-01
8.492670655250549316e-01
8.771498799324035645e-01
8.764002919197082520e-01
8.832439780235290527e-01
8.830212354660034180e-01
8.808082342147827148e-01
8.917493224143981934e-01
8.858050704002380371e-01
8.736114501953125000e-01
8.762519955635070801e-01
8.850746750831604004e-01
8.869830369949340820e-01
8.801388144493103027e-01
8.865054845809936523e-01
9.002748131752014160e-01
8.815426826477050781e-01
8.796883225440979004e-01
8.162468671798706055e-01
8.731849789619445801e-01
9.002082347869873047e-01
9.018872976303100586e-01
9.002007842063903809e-01
8.551430106163024902e-01
9.111325740814208984e-01
9.121085405349731445e-01
9.063645005226135254e-01
8.486576676368713379e-01
9.051721096038818359e-01
9.205471277236938477e-01
9.317108988761901855e-01
9.206163287162780762e-01
9.075084328651428223e-01
8.423435688018798828e-01
8.838894963264465332e-01
8.568879961967468262e-01
9.293197393417358398e-01
9.081043004989624023e-01
9.320480823516845703e-01
9.328935742378234863e-01
9.158459901809692383e-01
9.449363350868225098e-01
9.360000491142272949e-01
9.248290657997131348e-01
9.481204748153686523e-01
9.173622727394104004e-01
9.644493460655212402e-01
9.242901206016540527e-01
9.343523383140563965e-01
9.552561640739440918e-01
9.471449255943298340e-01
9.331744313240051270e-01
7.913866639137268066e-01
9.517736434936523438e-01
8.503527045249938965e-01
9.799984693527221680e-01
9.619176387786865234e-01
9.817287325859069824e-01
9.230452775955200195e-01
9.772092700004577637e-01
8.716359734535217285e-01
9.829007387161254883e-01
9.413969516754150391e-01
9.660283923149108887e-01
1.008973121643066406e+00
9.829810857772827148e-01
9.687351584434509277e-01
9.767372012138366699e-01
9.884862899780273438e-01
-9.899900000000000000e+04
8.067765831947326660e-01
-9.899900000000000000e+04
-9.899900000000000000e+04
-9.899900000000000000e+04
9.981410503387451172e-01
9.458227157592773438e-01
-9.899900000000000000e+04
-9.899900000000000000e+04
9.866167902946472168e-01
8.897234201431274414e-01
1.008641004562377930e+00
8.790253996849060059e-01
-9.899900000000000000e+04
-9.899900000000000000e+04
-9.899900000000000000e+04
-9.899900000000000000e+04
-9.899900000000000000e+04
-9.899900000000000000e+04
-9.899900000000000000e+04
-9.899900000000000000e+04
-9.899900000000000000e+04
9.074989557266235352e-01
-9.899900000000000000e+04
-9.899900000000000000e+04
-9.899900000000000000e+04
-9.899900000000000000e+04
-9.899900000000000000e+04
-9.899900000000000000e+04
-9.899900000000000000e+04
-9.899900000000000000e+04
-9.899900000000000000e+04
-9.899900000000000000e+04
