6.291534900665283203e-01
6.358127593994140625e-01
6.407510042190551758e-01
6.606395840644836426e-01
6.627352833747863770e-01
6.472339630126953125e-01
6.707448363304138184e-01
6.734821796417236328e-01
6.583522558212280273e-01
6.637250781059265137e-01
6.734725236892700195e-01
6.565151214599609375e-01
6.817724108695983887e-01
6.533682942390441895e-01
6.657516956329345703e-01
6.690617203712463379e-01
6.741776466369628906e-01
6.717467904090881348e-01
6.750604510307312012e-01
6.843210458755493164e-01
6.870919466018676758e-01
6.884125471115112305e-01
6.810171008110046387e-01
7.045492529869079590e-01
7.024981975555419922e-01
7.012339830398559570e-01
7.026354074478149414e-01
6.988013386726379395e-01
6.859198212623596191e-01
7.025297880172729492e-01
6.949840784072875977e-01
6.950945854187011719e-01
6.943687200546264648e-01
6.926406025886535645e-01
6.920434832572937012e-01
6.957734823226928711e-01
6.944380402565002441e-01
6.986204385757446289e-01
7.060671448707580566e-01
7.107880115509033203e-01
7.078338265419006348e-01
7.117894291877746582e-01
7.140755057334899902e-01
7.012672424316406250e-01
7.117916345596313477e-01
7.055177092552185059e-01
6.955498456954956055e-01
7.037467360496520996e-01
7.107825875282287598e-01
7.150641083717346191e-01
6.999491453170776367e-01
7.124643325805664062e-01
7.190728187561035156e-01
7.141864299774169922e-01
7.189524769783020020e-01
7.113665938377380371e-01
7.091415524482727051e-01
7.115847468376159668e-01
7.147982716560363770e-01
7.277120947837829590e-01
6.905327439308166504e-01
7.154527306556701660e-01
7.266534566879272461e-01
7.301418781280517578e-01
7.373071312904357910e-01
7.352329492568969727e-01
7.244862914085388184e-01
7.383144497871398926e-01
7.426080703735351562e-01
7.275710105895996094e-01
7.352397441864013672e-01
7.185862660408020020e-01
7.154678702354431152e-01
7.401839494705200195e-01
7.297867536544799805e-01
7.452567815780639648e-01
7.401950955390930176e-01
7.492989897727966309e-01
7.431259155273437500e-01
7.696919441223144531e-01
7.366459965705871582e-01
7.548251748085021973e-01
7.254387736320495605e-01
7.802127003669738770e-01
7.793414592742919922e-01
7.702243924140930176e-01
7.805663943290710449e-01
7.709822058677673340e-01
7.882657051086425781e-01
7.705438137054443359e-01
7.637394666671752930e-01
7.794507145881652832e-01
7.911370396614074707e-01
7.611262202262878418e-01
7.444745302200317383e-01
7.799696922302246094e-01
7.870125770568847656e-01
7.930164933204650879e-01
7.855325341224670410e-01
7.989974021911621094e-01
7.836978435516357422e-01
7.975893020629882812e-01
7.967093586921691895e-01
7.970914840698242188e-01
7.889577746391296387e-01
8.074627518653869629e-01
7.817660570144653320e-01
8.105657100677490234e-01
8.054061532020568848e-01
8.075873851776123047e-01
7.975077033042907715e-01
7.968002557754516602e-01
8.107454776763916016e-01
8.145205378532409668e-01
7.987651228904724121e-01
8.189326524734497070e-01
8.054484724998474121e-01
7.899398207664489746e-01
8.528950214385986328e-01
8.398925662040710449e-01
8.488638997077941895e-01
8.426082730293273926e-01
8.462775349617004395e-01
8.489044904708862305e-01
8.603874444961547852e-01
8.682584762573242188e-01
8.593954443931579590e-01
8.697444200515747070e-01
8.413340449333190918e-01
8.627831935882568359e-01
8.619528412818908691e-01
8.886578679084777832e-01
8.633731603622436523e-01
8.650213479995727539e-01
8.671473264694213867e-01
8.796939253807067871e-01
8.529565930366516113e-01
8.545258641242980957e-01
8.676558732986450195e-01
8.549815416336059570e-01
9.003291130065917969e-01
8.814831972122192383e-01
8.413943648338317871e-01
8.292940855026245117e-01
8.906273841857910156e-01
8.887577056884765625e-01
8.582088351249694824e-01
8.751945495605468750e-01
8.808471560478210449e-01
9.023160338401794434e-01
8.831065893173217773e-01
8.970867991447448730e-01
8.970134854316711426e-01
9.043528437614440918e-01
9.040828347206115723e-01
9.192936420440673828e-01
9.173780679702758789e-01
9.117208123207092285e-01
9.010438919067382812e-01
8.979976773262023926e-01
9.146105647087097168e-01
7.966389060020446777e-01
9.068261981010437012e-01
8.612911105155944824e-01
8.976134657859802246e-01
9.279865026473999023e-01
9.188134074211120605e-01
9.247409105300903320e-01
9.246658682823181152e-01
9.215341210365295410e-01
9.269534945487976074e-01
9.234971404075622559e-01
9.072378873825073242e-01
9.123405814170837402e-01
9.472988843917846680e-01
8.855865001678466797e-01
7.564715147018432617e-01
9.387722015380859375e-01
8.851910829544067383e-01
9.600760936737060547e-01
9.372404217720031738e-01
9.443127512931823730e-01
8.392711281776428223e-01
9.509961605072021484e-01
9.506120085716247559e-01
9.626374840736389160e-01
9.652220010757446289e-01
9.338228702545166016e-01
9.062006473541259766e-01
9.749369025230407715e-01
9.588247537612915039e-01
9.261543154716491699e-01
8.630267381668090820e-01
9.852885603904724121e-01
9.842818379402160645e-01
9.053275585174560547e-01
9.539870619773864746e-01
8.455791473388671875e-01
9.388440251350402832e-01
9.919794201850891113e-01
9.608840942382812500e-01
1.006324052810668945e+00
