6.225892305374145508e-01
6.257067918777465820e-01
6.562239527702331543e-01
6.476886868476867676e-01
6.467798352241516113e-01
6.480431556701660156e-01
6.603446006774902344e-01
6.678663492202758789e-01
6.604414582252502441e-01
6.654602885246276855e-01
6.752379536628723145e-01
6.636283397674560547e-01
6.676720976829528809e-01
6.711479425430297852e-01
6.621386408805847168e-01
6.734188199043273926e-01
6.748010516166687012e-01
6.681502461433410645e-01
6.878682374954223633e-01
6.843210458755493164e-01
6.899451017379760742e-01
6.836686730384826660e-01
6.443635225296020508e-01
6.934555768966674805e-01
7.024981975555419922e-01
7.005987763404846191e-01
6.886343955993652344e-01
7.027965784072875977e-01
6.846235394477844238e-01
6.949440836906433105e-01
6.864455342292785645e-01
6.954005360603332520e-01
6.972745656967163086e-01
6.921889781951904297e-01
6.916526556015014648e-01
7.050077915191650391e-01
6.967086791992187500e-01
6.954989433288574219e-01
6.986993551254272461e-01
7.157986760139465332e-01
7.064844965934753418e-01
7.123616933822631836e-01
7.142788767814636230e-01
7.023651599884033203e-01
7.044857740402221680e-01
6.957862377166748047e-01
7.011377811431884766e-01
7.174866795539855957e-01
7.106869816780090332e-01
7.153993248939514160e-01
7.067448496818542480e-01
6.859769225120544434e-01
6.944037675857543945e-01
7.100107073783874512e-01
7.065972089767456055e-01
6.947234272956848145e-01
7.091107368469238281e-01
7.126855254173278809e-01
7.012714147567749023e-01
7.257874011993408203e-01
7.099116444587707520e-01
7.202655076980590820e-01
7.277473211288452148e-01
7.293347716331481934e-01
7.362154126167297363e-01
7.385562658309936523e-01
7.369188666343688965e-01
7.392259836196899414e-01
7.283239960670471191e-01
7.231397032737731934e-01
7.351073622703552246e-01
7.523861527442932129e-01
7.472530007362365723e-01
7.314504384994506836e-01
7.551528811454772949e-01
7.335289716720581055e-01
7.317881584167480469e-01
7.494269609451293945e-01
7.466825246810913086e-01
7.275097966194152832e-01
7.475902438163757324e-01
7.662919163703918457e-01
7.684126496315002441e-01
7.535665631294250488e-01
7.724264860153198242e-01
7.463443875312805176e-01
7.828919291496276855e-01
7.896374464035034180e-01
7.742103338241577148e-01
7.442700266838073730e-01
7.857697010040283203e-01
7.928978204727172852e-01
7.835208177566528320e-01
7.964205741882324219e-01
7.730005979537963867e-01
7.828731536865234375e-01
7.578817009925842285e-01
7.526799440383911133e-01
7.793776392936706543e-01
7.994982600212097168e-01
7.739507555961608887e-01
8.037137985229492188e-01
8.051148056983947754e-01
7.976588010787963867e-01
8.039293289184570312e-01
7.949497699737548828e-01
7.930806279182434082e-01
8.081396818161010742e-01
8.095792531967163086e-01
7.914462685585021973e-01
8.075354099273681641e-01
8.014818429946899414e-01
8.095973134040832520e-01
8.175375461578369141e-01
7.912408709526062012e-01
8.048506975173950195e-01
8.039430975914001465e-01
8.287110328674316406e-01
8.254425525665283203e-01
8.316714763641357422e-01
8.222550153732299805e-01
8.476101756095886230e-01
8.478672504425048828e-01
8.095014095306396484e-01
8.589197993278503418e-01
8.361079096794128418e-01
8.549345731735229492e-01
8.404673337936401367e-01
8.551386594772338867e-01
8.571845293045043945e-01
8.512803316116333008e-01
8.671947121620178223e-01
8.666538596153259277e-01
8.782665729522705078e-01
8.892831802368164062e-01
8.596961498260498047e-01
8.523157238960266113e-01
8.800194263458251953e-01
8.774227499961853027e-01
8.791052103042602539e-01
8.792325258255004883e-01
8.793465495109558105e-01
8.857291340827941895e-01
8.948254585266113281e-01
9.047924280166625977e-01
8.825601339340209961e-01
8.798313736915588379e-01
8.979323506355285645e-01
8.715222477912902832e-01
9.005092978477478027e-01
9.053940773010253906e-01
8.752710819244384766e-01
8.813975453376770020e-01
8.689849972724914551e-01
8.761735558509826660e-01
8.929100632667541504e-01
9.074587821960449219e-01
9.049780964851379395e-01
9.222907423973083496e-01
9.013567566871643066e-01
9.156373739242553711e-01
9.048597216606140137e-01
8.835452795028686523e-01
9.195612072944641113e-01
9.193009138107299805e-01
8.673083186149597168e-01
9.203740358352661133e-01
9.289970397949218750e-01
9.453197121620178223e-01
9.090539216995239258e-01
7.813305854797363281e-01
9.144830107688903809e-01
9.125993251800537109e-01
9.229105710983276367e-01
9.323174953460693359e-01
9.161443710327148438e-01
8.877204656600952148e-01
9.464750885963439941e-01
9.412178993225097656e-01
9.581362605094909668e-01
9.467433094978332520e-01
9.412758350372314453e-01
9.761441349983215332e-01
9.444016814231872559e-01
8.028080463409423828e-01
9.563012123107910156e-01
8.459601998329162598e-01
9.558732509613037109e-01
9.354122877120971680e-01
9.708464741706848145e-01
9.674544334411621094e-01
9.688500761985778809e-01
9.855636954307556152e-01
8.346996903419494629e-01
9.252985715866088867e-01
9.378632903099060059e-01
9.587436318397521973e-01
9.591891169548034668e-01
9.918958544731140137e-01
8.355858325958251953e-01
9.661745429039001465e-01
9.731043577194213867e-01
9.702903628349304199e-01
9.779399037361145020e-01
-9.899900000000000000e+04
9.860287308692932129e-01
-9.899900000000000000e+04
