6.225892305374145508e-01
6.517849564552307129e-01
6.402796506881713867e-01
6.632860302925109863e-01
6.469347476959228516e-01
6.468650102615356445e-01
6.616687774658203125e-01
6.732829809188842773e-01
6.592803001403808594e-01
6.793448328971862793e-01
6.664795279502868652e-01
6.636283397674560547e-01
6.707508563995361328e-01
6.785833835601806641e-01
6.672530174255371094e-01
6.695431470870971680e-01
6.826283931732177734e-01
6.863613128662109375e-01
6.686673164367675781e-01
6.843210458755493164e-01
6.899451017379760742e-01
6.762291789054870605e-01
6.752519607543945312e-01
6.878445744514465332e-01
7.060412764549255371e-01
6.873574852943420410e-01
6.970756053924560547e-01
6.923987269401550293e-01
6.993322968482971191e-01
6.940014958381652832e-01
6.870552301406860352e-01
6.884792447090148926e-01
6.987777352333068848e-01
6.869524121284484863e-01
6.992788314819335938e-01
6.945666670799255371e-01
6.992735266685485840e-01
6.968074440956115723e-01
7.025626897811889648e-01
7.133250236511230469e-01
7.127915620803833008e-01
6.995662450790405273e-01
7.114655375480651855e-01
6.937673687934875488e-01
6.997435092926025391e-01
6.986900568008422852e-01
7.160791754722595215e-01
7.137431502342224121e-01
7.159460783004760742e-01
7.139319777488708496e-01
7.160331606864929199e-01
7.273488640785217285e-01
6.988503336906433105e-01
6.973508596420288086e-01
7.075112462043762207e-01
7.041465044021606445e-01
7.081730961799621582e-01
7.247958779335021973e-01
7.262923121452331543e-01
7.158179879188537598e-01
7.076209783554077148e-01
7.329205274581909180e-01
7.166556715965270996e-01
7.177312970161437988e-01
7.216897606849670410e-01
7.360565662384033203e-01
7.342197299003601074e-01
7.204491496086120605e-01
7.299777269363403320e-01
7.142550349235534668e-01
7.317841053009033203e-01
7.328307628631591797e-01
7.151420116424560547e-01
7.332947850227355957e-01
7.440212965011596680e-01
7.474469542503356934e-01
7.563384175300598145e-01
7.463158965110778809e-01
7.509794831275939941e-01
7.423728108406066895e-01
7.626590728759765625e-01
7.722040414810180664e-01
7.524778842926025391e-01
7.747299075126647949e-01
7.474631667137145996e-01
7.823970913887023926e-01
7.426749467849731445e-01
7.827442884445190430e-01
7.885507345199584961e-01
7.713929414749145508e-01
7.729728221893310547e-01
7.459719777107238770e-01
7.934289574623107910e-01
7.913278937339782715e-01
7.943355441093444824e-01
7.599211931228637695e-01
7.887825369834899902e-01
7.551793456077575684e-01
7.836923003196716309e-01
7.695787549018859863e-01
7.920717000961303711e-01
7.728235125541687012e-01
7.792160511016845703e-01
7.844263315200805664e-01
7.675213813781738281e-01
8.150997161865234375e-01
8.098645806312561035e-01
8.106219768524169922e-01
8.057307600975036621e-01
7.769612073898315430e-01
8.030434846878051758e-01
7.976727485656738281e-01
8.138430118560791016e-01
8.245370388031005859e-01
7.975093722343444824e-01
8.274888992309570312e-01
8.376222848892211914e-01
8.392117023468017578e-01
8.025044798851013184e-01
8.201270699501037598e-01
8.406503796577453613e-01
8.291980028152465820e-01
8.451859951019287109e-01
8.563044071197509766e-01
8.660491108894348145e-01
8.387629985809326172e-01
8.639738559722900391e-01
8.558546304702758789e-01
8.564334511756896973e-01
8.612242937088012695e-01
8.603844046592712402e-01
8.467051386833190918e-01
8.615494370460510254e-01
8.772393465042114258e-01
8.549754023551940918e-01
8.610843420028686523e-01
8.484742045402526855e-01
8.470867872238159180e-01
8.635278344154357910e-01
8.642804622650146484e-01
8.649876713752746582e-01
8.816259503364562988e-01
8.778052330017089844e-01
8.515521883964538574e-01
8.928708434104919434e-01
8.938161730766296387e-01
8.893693089485168457e-01
8.826313018798828125e-01
8.991585969924926758e-01
9.030067324638366699e-01
8.959053754806518555e-01
8.960561752319335938e-01
8.952890038490295410e-01
8.702228665351867676e-01
9.013261795043945312e-01
9.031907320022583008e-01
8.812019228935241699e-01
9.008021354675292969e-01
9.194226861000061035e-01
9.192254543304443359e-01
8.791859745979309082e-01
8.891302347183227539e-01
9.122007489204406738e-01
8.875439763069152832e-01
9.259966015815734863e-01
9.166669249534606934e-01
9.281318187713623047e-01
9.048295021057128906e-01
9.175083041191101074e-01
9.150646924972534180e-01
9.166210889816284180e-01
9.038019180297851562e-01
9.372094273567199707e-01
9.350450634956359863e-01
9.433009028434753418e-01
9.498069882392883301e-01
9.396081566810607910e-01
9.523870944976806641e-01
9.150009155273437500e-01
9.326198697090148926e-01
9.397348761558532715e-01
9.289328455924987793e-01
9.486494064331054688e-01
9.262392520904541016e-01
9.518880248069763184e-01
9.348297715187072754e-01
9.509014487266540527e-01
9.445890784263610840e-01
9.293899536132812500e-01
9.471845030784606934e-01
9.420045018196105957e-01
9.530996084213256836e-01
9.390411972999572754e-01
9.611169695854187012e-01
-9.899900000000000000e+04
9.757148027420043945e-01
9.756454229354858398e-01
9.688803553581237793e-01
9.769974946975708008e-01
-9.899900000000000000e+04
-9.899900000000000000e+04
-9.899900000000000000e+04
9.825304150581359863e-01
