6.461329460144042969e-01
6.358127593994140625e-01
6.407510042190551758e-01
6.632860302925109863e-01
6.476992368698120117e-01
6.518133878707885742e-01
6.603446006774902344e-01
6.678663492202758789e-01
6.795113086700439453e-01
6.585720181465148926e-01
6.664795279502868652e-01
6.636283397674560547e-01
6.751164197921752930e-01
6.533682942390441895e-01
6.660924553871154785e-01
6.849688887596130371e-01
6.809154748916625977e-01
6.658515334129333496e-01
6.890469193458557129e-01
6.832796931266784668e-01
6.768352389335632324e-01
6.750268340110778809e-01
6.627288460731506348e-01
7.030388116836547852e-01
6.923391222953796387e-01
7.012339830398559570e-01
6.886549592018127441e-01
6.909219622611999512e-01
6.891703009605407715e-01
6.970706582069396973e-01
6.922556757926940918e-01
7.106320261955261230e-01
7.024661898612976074e-01
7.021601200103759766e-01
6.933560371398925781e-01
6.957734823226928711e-01
6.940272450447082520e-01
6.986222863197326660e-01
7.055723667144775391e-01
7.087587118148803711e-01
7.005413770675659180e-01
7.119026780128479004e-01
7.037900090217590332e-01
6.985802054405212402e-01
6.995537877082824707e-01
7.063958644866943359e-01
6.863591670989990234e-01
7.218542098999023438e-01
7.056344151496887207e-01
7.042893767356872559e-01
7.176009416580200195e-01
6.948422789573669434e-01
7.005926966667175293e-01
7.083782553672790527e-01
7.063964009284973145e-01
7.064176201820373535e-01
6.890695691108703613e-01
7.259035110473632812e-01
6.930583715438842773e-01
7.268060445785522461e-01
7.288843393325805664e-01
7.311638593673706055e-01
7.156803011894226074e-01
7.251201272010803223e-01
7.336263656616210938e-01
7.169759869575500488e-01
7.257490754127502441e-01
7.248858809471130371e-01
7.338039875030517578e-01
7.400743365287780762e-01
7.338640689849853516e-01
7.424729466438293457e-01
7.489886283874511719e-01
7.495190501213073730e-01
7.378892898559570312e-01
7.488520741462707520e-01
7.420277595520019531e-01
7.456050515174865723e-01
7.602857947349548340e-01
7.692916393280029297e-01
7.335398197174072266e-01
7.666190862655639648e-01
7.641482949256896973e-01
7.465963959693908691e-01
7.739773988723754883e-01
7.740148901939392090e-01
7.256479263305664062e-01
7.742700576782226562e-01
7.871770858764648438e-01
7.829909324645996094e-01
7.681071162223815918e-01
7.852166295051574707e-01
7.698827385902404785e-01
7.861198186874389648e-01
7.766731381416320801e-01
7.812377810478210449e-01
7.455717325210571289e-01
7.969702482223510742e-01
7.734128832817077637e-01
7.853572964668273926e-01
7.545746564865112305e-01
7.975583076477050781e-01
7.586573362350463867e-01
7.887434363365173340e-01
8.032207489013671875e-01
8.007577061653137207e-01
8.073980212211608887e-01
7.782598137855529785e-01
7.917080521583557129e-01
8.024351596832275391e-01
8.100535869598388672e-01
8.189553618431091309e-01
8.046616911888122559e-01
8.160824775695800781e-01
8.192403316497802734e-01
8.406003713607788086e-01
8.221098184585571289e-01
8.261432051658630371e-01
8.486700057983398438e-01
8.583326339721679688e-01
8.463835120201110840e-01
8.477280735969543457e-01
8.519086837768554688e-01
8.605493903160095215e-01
8.557226657867431641e-01
8.616087436676025391e-01
8.476809263229370117e-01
8.624500036239624023e-01
8.592686653137207031e-01
8.558065891265869141e-01
8.616067767143249512e-01
8.604459762573242188e-01
8.337630033493041992e-01
8.621577620506286621e-01
8.707756996154785156e-01
8.705578446388244629e-01
8.597791790962219238e-01
8.625172972679138184e-01
8.683664798736572266e-01
8.622076511383056641e-01
8.859591484069824219e-01
8.714122772216796875e-01
8.874694108963012695e-01
8.968486785888671875e-01
8.823981881141662598e-01
8.978168964385986328e-01
8.824301958084106445e-01
8.902552127838134766e-01
9.005008935928344727e-01
8.933579325675964355e-01
8.975880146026611328e-01
8.505080342292785645e-01
8.892214298248291016e-01
8.927301764488220215e-01
8.938333988189697266e-01
8.848488330841064453e-01
8.763453960418701172e-01
9.231593012809753418e-01
9.137856364250183105e-01
8.340782523155212402e-01
9.246053695678710938e-01
9.193422198295593262e-01
9.033365845680236816e-01
8.569494485855102539e-01
9.075818657875061035e-01
9.174605607986450195e-01
8.187363743782043457e-01
8.656570911407470703e-01
9.287728667259216309e-01
9.252465963363647461e-01
9.144946932792663574e-01
9.403463006019592285e-01
9.277318716049194336e-01
8.950341939926147461e-01
9.229403138160705566e-01
9.217354655265808105e-01
9.210469126701354980e-01
9.272558689117431641e-01
9.483684897422790527e-01
9.541764259338378906e-01
9.514231085777282715e-01
9.679961204528808594e-01
9.678082466125488281e-01
9.185377359390258789e-01
9.507227540016174316e-01
9.535971879959106445e-01
9.464797973632812500e-01
9.784265756607055664e-01
9.570707678794860840e-01
9.338165521621704102e-01
8.574040532112121582e-01
9.742648601531982422e-01
9.768295884132385254e-01
9.992879629135131836e-01
9.313635826110839844e-01
9.316713213920593262e-01
9.814741611480712891e-01
8.805140256881713867e-01
9.705175161361694336e-01
-9.899900000000000000e+04
9.095149636268615723e-01
9.820269346237182617e-01
-9.899900000000000000e+04
-9.899900000000000000e+04
9.438981413841247559e-01
8.469021916389465332e-01
9.813808798789978027e-01
-9.899900000000000000e+04
9.854623079299926758e-01
-9.899900000000000000e+04
-9.899900000000000000e+04
1.000920414924621582e+00
1.009937047958374023e+00
7.901496291160583496e-01
-9.899900000000000000e+04
9.596785306930541992e-01
-9.899900000000000000e+04
9.665371179580688477e-01
1.001506924629211426e+00
-9.899900000000000000e+04
-9.899900000000000000e+04
-9.899900000000000000e+04
-9.899900000000000000e+04
9.634067416191101074e-01
-9.899900000000000000e+04
-9.899900000000000000e+04
9.135161638259887695e-01
9.351264238357543945e-01
-9.899900000000000000e+04
-9.899900000000000000e+04
-9.899900000000000000e+04
-9.899900000000000000e+04
9.005948305130004883e-01
-9.899900000000000000e+04
-9.899900000000000000e+04
-9.899900000000000000e+04
-9.899900000000000000e+04
-9.899900000000000000e+04
-9.899900000000000000e+04
-9.899900000000000000e+04
-9.899900000000000000e+04
-9.899900000000000000e+04
-9.899900000000000000e+04
-9.899900000000000000e+04
-9.899900000000000000e+04
-9.899900000000000000e+04
-9.899900000000000000e+04
-9.899900000000000000e+04
9.541045427322387695e-01
-9.899900000000000000e+04
-9.899900000000000000e+04
-9.899900000000000000e+04
4.689790904521942139e-01
-9.899900000000000000e+04
-9.899900000000000000e+04
