6.291534900665283203e-01
6.517849564552307129e-01
6.406359076499938965e-01
6.632860302925109863e-01
6.470496654510498047e-01
6.525678634643554688e-01
6.603446006774902344e-01
6.678663492202758789e-01
6.596282720565795898e-01
6.610577702522277832e-01
6.664795279502868652e-01
6.740006208419799805e-01
6.678974032402038574e-01
6.463881731033325195e-01
6.808091402053833008e-01
6.848675608634948730e-01
6.825008392333984375e-01
6.763418316841125488e-01
6.878682374954223633e-01
6.850000023841857910e-01
6.730217337608337402e-01
6.801605224609375000e-01
6.811599135398864746e-01
6.826367378234863281e-01
6.979516148567199707e-01
6.888324022293090820e-01
6.891390085220336914e-01
6.912456750869750977e-01
6.917755603790283203e-01
6.918540596961975098e-01
7.041864991188049316e-01
6.891896724700927734e-01
6.955528259277343750e-01
6.966037750244140625e-01
6.956360340118408203e-01
6.922577619552612305e-01
6.930783987045288086e-01
7.035740017890930176e-01
7.055524587631225586e-01
7.073274850845336914e-01
7.086195945739746094e-01
7.033668756484985352e-01
7.051421999931335449e-01
6.795335412025451660e-01
6.928004026412963867e-01
7.128524780273437500e-01
7.152400612831115723e-01
7.120312452316284180e-01
7.126699090003967285e-01
7.115226387977600098e-01
7.069207429885864258e-01
6.996689438819885254e-01
7.020695209503173828e-01
7.048389315605163574e-01
7.067449688911437988e-01
7.046850919723510742e-01
6.913604736328125000e-01
7.231100797653198242e-01
7.271921634674072266e-01
7.248222827911376953e-01
7.106461524963378906e-01
7.281135320663452148e-01
7.323397994041442871e-01
7.300256490707397461e-01
7.245596647262573242e-01
7.236837744712829590e-01
7.262092232704162598e-01
7.202460765838623047e-01
7.344058156013488770e-01
7.266012430191040039e-01
7.352462410926818848e-01
7.318133115768432617e-01
7.331067323684692383e-01
7.304728031158447266e-01
7.470759749412536621e-01
7.403286695480346680e-01
7.534944415092468262e-01
7.251375317573547363e-01
7.299759387969970703e-01
7.535477280616760254e-01
7.238379120826721191e-01
7.483140826225280762e-01
7.470079660415649414e-01
7.697753310203552246e-01
7.665334343910217285e-01
7.721886038780212402e-01
7.883100509643554688e-01
7.827134132385253906e-01
7.732844948768615723e-01
7.235082387924194336e-01
7.821658253669738770e-01
7.913816571235656738e-01
7.854002118110656738e-01
7.677850723266601562e-01
7.637625336647033691e-01
7.771981358528137207e-01
7.962275147438049316e-01
7.910769581794738770e-01
7.725293040275573730e-01
8.022115230560302734e-01
7.910367250442504883e-01
7.896636724472045898e-01
7.751496434211730957e-01
7.756505012512207031e-01
7.930386662483215332e-01
8.024289011955261230e-01
7.887265086174011230e-01
7.625114917755126953e-01
7.280222177505493164e-01
8.082869648933410645e-01
8.101150989532470703e-01
8.186057806015014648e-01
8.006206154823303223e-01
8.180654048919677734e-01
8.153783082962036133e-01
8.246313929557800293e-01
8.124902844429016113e-01
7.493273019790649414e-01
8.325842618942260742e-01
8.467480540275573730e-01
8.351444005966186523e-01
7.869102954864501953e-01
8.189999461174011230e-01
8.504463434219360352e-01
8.655331730842590332e-01
8.529196381568908691e-01
8.657317161560058594e-01
8.427272439002990723e-01
7.925488352775573730e-01
8.648825883865356445e-01
8.709292411804199219e-01
8.673308491706848145e-01
8.622051477432250977e-01
8.658199310302734375e-01
8.545116186141967773e-01
8.717380166053771973e-01
8.859180212020874023e-01
8.667548894882202148e-01
8.756133317947387695e-01
8.822571039199829102e-01
8.769100308418273926e-01
8.734976053237915039e-01
8.753096461296081543e-01
8.901315331459045410e-01
8.856393098831176758e-01
8.879129290580749512e-01
8.973630666732788086e-01
8.928220868110656738e-01
8.491889834403991699e-01
8.850054740905761719e-01
8.955434560775756836e-01
8.803215026855468750e-01
9.108628630638122559e-01
9.059191346168518066e-01
8.753176331520080566e-01
8.800738453865051270e-01
8.344867825508117676e-01
9.221263527870178223e-01
9.070467352867126465e-01
9.176803231239318848e-01
9.143975377082824707e-01
9.170712232589721680e-01
9.057870507240295410e-01
8.653436899185180664e-01
8.566561937332153320e-01
9.298332333564758301e-01
9.228121042251586914e-01
9.269313812255859375e-01
9.228336811065673828e-01
9.294930696487426758e-01
9.104186892509460449e-01
9.147540330886840820e-01
9.350304603576660156e-01
9.343377351760864258e-01
9.469035267829895020e-01
8.591765761375427246e-01
9.400851726531982422e-01
9.413681626319885254e-01
9.557460546493530273e-01
9.374555945396423340e-01
9.611926674842834473e-01
9.652671813964843750e-01
7.477325797080993652e-01
8.991112709045410156e-01
8.021553158760070801e-01
7.841988801956176758e-01
8.371949791908264160e-01
8.946459293365478516e-01
9.383581280708312988e-01
9.711622595787048340e-01
9.517151713371276855e-01
9.747673273086547852e-01
7.966182827949523926e-01
9.348395466804504395e-01
8.255920410156250000e-01
9.870854020118713379e-01
9.918525218963623047e-01
9.633205533027648926e-01
9.793548583984375000e-01
8.368861079216003418e-01
9.823683500289916992e-01
7.872530221939086914e-01
9.981412887573242188e-01
9.783933162689208984e-01
9.684560298919677734e-01
9.199408292770385742e-01
9.770511984825134277e-01
1.012677788734436035e+00
-9.899900000000000000e+04
-9.899900000000000000e+04
