6.461329460144042969e-01
6.358127593994140625e-01
6.402796506881713867e-01
6.632860302925109863e-01
6.627352833747863770e-01
6.472339630126953125e-01
6.616687774658203125e-01
6.678663492202758789e-01
6.592803001403808594e-01
6.654602885246276855e-01
6.764703989028930664e-01
6.602298617362976074e-01
6.676098108291625977e-01
6.775087118148803711e-01
6.836334466934204102e-01
6.848675608634948730e-01
6.809154748916625977e-01
6.876502633094787598e-01
6.753183007240295410e-01
6.843210458755493164e-01
6.811931729316711426e-01
6.802825331687927246e-01
6.518429517745971680e-01
7.066379189491271973e-01
6.806656122207641602e-01
6.892796158790588379e-01
6.940029263496398926e-01
6.898468136787414551e-01
6.899530291557312012e-01
6.945109963417053223e-01
6.826096773147583008e-01
6.994097232818603516e-01
6.951522231101989746e-01
6.939595341682434082e-01
6.898364424705505371e-01
6.951496005058288574e-01
7.005476951599121094e-01
7.049526572227478027e-01
7.028917670249938965e-01
7.135342955589294434e-01
6.980664730072021484e-01
7.134009003639221191e-01
7.088007330894470215e-01
7.113200426101684570e-01
7.042388916015625000e-01
7.135854959487915039e-01
7.115396857261657715e-01
7.173803448677062988e-01
7.161540389060974121e-01
6.983513236045837402e-01
6.979096531867980957e-01
6.992675662040710449e-01
6.954717040061950684e-01
7.047153115272521973e-01
7.207152843475341797e-01
7.201923727989196777e-01
7.249690890312194824e-01
7.200075387954711914e-01
7.272225022315979004e-01
7.100934982299804688e-01
7.149528264999389648e-01
7.315524220466613770e-01
7.283598184585571289e-01
7.038500905036926270e-01
7.318761348724365234e-01
7.365466952323913574e-01
7.112421393394470215e-01
7.391357421875000000e-01
7.281900048255920410e-01
7.358108758926391602e-01
7.247068881988525391e-01
7.318404912948608398e-01
7.229054570198059082e-01
7.364577054977416992e-01
7.457520961761474609e-01
7.674999833106994629e-01
7.630094289779663086e-01
7.443143725395202637e-01
7.590602636337280273e-01
7.405283451080322266e-01
7.389538884162902832e-01
7.402884960174560547e-01
7.344090342521667480e-01
7.710173726081848145e-01
7.716769576072692871e-01
7.663317322731018066e-01
7.880305051803588867e-01
7.706127166748046875e-01
7.687034010887145996e-01
7.890897393226623535e-01
7.822841405868530273e-01
7.975791692733764648e-01
7.874535918235778809e-01
7.851057648658752441e-01
7.775028944015502930e-01
7.832025289535522461e-01
7.757999897003173828e-01
7.680835723876953125e-01
7.842416763305664062e-01
7.964149117469787598e-01
7.984252572059631348e-01
7.619011402130126953e-01
7.991250753402709961e-01
7.927482724189758301e-01
8.033549189567565918e-01
7.951458096504211426e-01
8.150193691253662109e-01
8.021379709243774414e-01
8.071748614311218262e-01
8.080520629882812500e-01
8.228089809417724609e-01
7.933002114295959473e-01
8.257523179054260254e-01
8.064554929733276367e-01
8.096203207969665527e-01
8.267292976379394531e-01
8.200013041496276855e-01
8.158629536628723145e-01
8.491007685661315918e-01
8.601624369621276855e-01
8.402488231658935547e-01
8.511862158775329590e-01
8.501724004745483398e-01
8.419119715690612793e-01
8.273667097091674805e-01
7.933068275451660156e-01
8.302078247070312500e-01
8.520063757896423340e-01
8.624448180198669434e-01
8.407641649246215820e-01
7.904015779495239258e-01
8.508589863777160645e-01
8.804329037666320801e-01
8.796878457069396973e-01
8.743136525154113770e-01
8.830544352531433105e-01
8.609013557434082031e-01
8.725916147232055664e-01
8.630264997482299805e-01
8.697126507759094238e-01
8.779434561729431152e-01
8.726118206977844238e-01
8.842706084251403809e-01
8.899554014205932617e-01
8.542954921722412109e-01
8.851053118705749512e-01
8.894128799438476562e-01
9.040856957435607910e-01
8.731893897056579590e-01
8.856779336929321289e-01
8.786751627922058105e-01
8.676376938819885254e-01
8.912890553474426270e-01
8.784273862838745117e-01
9.158374667167663574e-01
8.266113400459289551e-01
8.839005827903747559e-01
8.695080280303955078e-01
9.108419418334960938e-01
9.023289084434509277e-01
9.232267737388610840e-01
8.849128484725952148e-01
8.241490721702575684e-01
8.482636809349060059e-01
9.097823500633239746e-01
8.627361059188842773e-01
9.180547595024108887e-01
9.207195043563842773e-01
9.123022556304931641e-01
9.345735907554626465e-01
9.220197200775146484e-01
9.194158911705017090e-01
9.309324026107788086e-01
8.376930952072143555e-01
9.254781603813171387e-01
9.392378926277160645e-01
9.460855722427368164e-01
8.877955079078674316e-01
9.531680941581726074e-01
9.644579291343688965e-01
9.437820315361022949e-01
9.370099902153015137e-01
9.318584203720092773e-01
7.925521135330200195e-01
9.532359242439270020e-01
9.639211893081665039e-01
8.502712249755859375e-01
9.305611848831176758e-01
9.549029469490051270e-01
9.840948581695556641e-01
9.449314475059509277e-01
9.235514402389526367e-01
9.805073142051696777e-01
9.595199227333068848e-01
9.443179965019226074e-01
9.871637821197509766e-01
9.404120445251464844e-01
9.842849969863891602e-01
9.948134422302246094e-01
9.702384471893310547e-01
9.807108044624328613e-01
9.505046010017395020e-01
9.331232905387878418e-01
9.844208955764770508e-01
-9.899900000000000000e+04
9.636636972427368164e-01
-9.899900000000000000e+04
-9.899900000000000000e+04
1.013547062873840332e+00
-9.899900000000000000e+04
-9.899900000000000000e+04
9.590451121330261230e-01
-9.899900000000000000e+04
9.084467291831970215e-01
9.055509567260742188e-01
9.866780042648315430e-01
-9.899900000000000000e+04
8.628349900245666504e-01
-9.899900000000000000e+04
9.517629146575927734e-01
9.697133898735046387e-01
-9.899900000000000000e+04
-9.899900000000000000e+04
-9.899900000000000000e+04
7.187416553497314453e-01
-9.899900000000000000e+04
-9.899900000000000000e+04
-9.899900000000000000e+04
-9.899900000000000000e+04
-9.899900000000000000e+04
-9.899900000000000000e+04
-9.899900000000000000e+04
-9.899900000000000000e+04
9.421367645263671875e-01
-9.899900000000000000e+04
-9.899900000000000000e+04
-9.899900000000000000e+04
-9.899900000000000000e+04
-9.899900000000000000e+04
-9.899900000000000000e+04
-9.899900000000000000e+04
-9.899900000000000000e+04
-9.899900000000000000e+04
-9.899900000000000000e+04
-9.899900000000000000e+04
-9.899900000000000000e+04
-9.899900000000000000e+04
9.925188422203063965e-01
-9.899900000000000000e+04
-9.899900000000000000e+04
-9.899900000000000000e+04
-9.899900000000000000e+04
-9.899900000000000000e+04
-9.899900000000000000e+04
-9.899900000000000000e+04
-9.899900000000000000e+04
-9.899900000000000000e+04
-9.899900000000000000e+04
-9.899900000000000000e+04
-9.899900000000000000e+04
-9.899900000000000000e+04
-9.899900000000000000e+04
-9.899900000000000000e+04
-9.899900000000000000e+04
-9.899900000000000000e+04
-9.899900000000000000e+04
-9.899900000000000000e+04
1.004113912582397461e+00
-9.899900000000000000e+04
-9.899900000000000000e+04
-9.899900000000000000e+04
-9.899900000000000000e+04
-9.899900000000000000e+04
-9.899900000000000000e+04
-9.899900000000000000e+04
-9.899900000000000000e+04
-9.899900000000000000e+04
-9.899900000000000000e+04
-9.899900000000000000e+04
-9.899900000000000000e+04
-9.899900000000000000e+04
-9.899900000000000000e+04
-9.899900000000000000e+04
-9.899900000000000000e+04
-9.899900000000000000e+04
-9.899900000000000000e+04
-9.899900000000000000e+04
-9.899900000000000000e+04
-9.899900000000000000e+04
-9.899900000000000000e+04
-9.899900000000000000e+04
-9.899900000000000000e+04
-9.899900000000000000e+04
-9.899900000000000000e+04
-9.899900000000000000e+04
-9.899900000000000000e+04
-9.899900000000000000e+04
-9.899900000000000000e+04
-9.899900000000000000e+04
-9.899900000000000000e+04
-9.899900000000000000e+04
-9.899900000000000000e+04
-9.899900000000000000e+04
-9.899900000000000000e+04
-9.899900000000000000e+04
-9.899900000000000000e+04
-9.899900000000000000e+04
-9.899900000000000000e+04
-9.899900000000000000e+04
-9.899900000000000000e+04
-9.899900000000000000e+04
-9.899900000000000000e+04
-9.899900000000000000e+04
-9.899900000000000000e+04
-9.899900000000000000e+04
-9.899900000000000000e+04
-9.899900000000000000e+04
-9.899900000000000000e+04
-9.899900000000000000e+04
2.451408468186855316e-02
-9.899900000000000000e+04
-9.899900000000000000e+04
-9.899900000000000000e+04
-9.899900000000000000e+04
-9.899900000000000000e+04
-9.899900000000000000e+04
-9.899900000000000000e+04
-9.899900000000000000e+04
-9.899900000000000000e+04
-9.899900000000000000e+04
-9.899900000000000000e+04
-9.899900000000000000e+04
-9.899900000000000000e+04
-9.899900000000000000e+04
-9.899900000000000000e+04
-9.899900000000000000e+04
-9.899900000000000000e+04
-9.899900000000000000e+04
-9.899900000000000000e+04
-9.899900000000000000e+04
-9.899900000000000000e+04
-9.899900000000000000e+04
-9.899900000000000000e+04
-9.899900000000000000e+04
-9.899900000000000000e+04
-9.899900000000000000e+04
-9.899900000000000000e+04
-9.899900000000000000e+04
-9.899900000000000000e+04
-9.899900000000000000e+04
-9.899900000000000000e+04
-9.899900000000000000e+04
-9.899900000000000000e+04
-9.899900000000000000e+04
-9.899900000000000000e+04
-9.899900000000000000e+04
-9.899900000000000000e+04
-9.899900000000000000e+04
-9.899900000000000000e+04
-9.899900000000000000e+04
-9.899900000000000000e+04
-9.899900000000000000e+04
-9.899900000000000000e+04
-9.899900000000000000e+04
-9.899900000000000000e+04
