6.309524774551391602e-01
6.358127593994140625e-01
6.388311982154846191e-01
6.606395840644836426e-01
6.510597467422485352e-01
6.676552295684814453e-01
6.616687774658203125e-01
6.678663492202758789e-01
6.596282720565795898e-01
6.655529737472534180e-01
6.641452312469482422e-01
6.636283397674560547e-01
6.641311645507812500e-01
6.746569275856018066e-01
6.811007857322692871e-01
6.893771290779113770e-01
6.826283931732177734e-01
6.668570041656494141e-01
6.750097870826721191e-01
6.843210458755493164e-01
6.873530149459838867e-01
6.800579428672790527e-01
6.823445558547973633e-01
6.878223419189453125e-01
6.912003159523010254e-01
6.931847333908081055e-01
6.914620995521545410e-01
6.890015006065368652e-01
6.999823451042175293e-01
6.901693344116210938e-01
6.940954327583312988e-01
6.958774924278259277e-01
6.938859224319458008e-01
6.914362907409667969e-01
6.911317706108093262e-01
7.028777599334716797e-01
7.007786035537719727e-01
6.986867785453796387e-01
7.053397297859191895e-01
7.087800502777099609e-01
6.957369446754455566e-01
7.175444364547729492e-01
7.139601707458496094e-01
7.043913602828979492e-01
7.041514515876770020e-01
7.131643891334533691e-01
7.064055800437927246e-01
7.172574996948242188e-01
7.172774672508239746e-01
6.976957917213439941e-01
7.006050348281860352e-01
6.998893618583679199e-01
7.058469653129577637e-01
7.078666687011718750e-01
7.186387777328491211e-01
7.172552347183227539e-01
7.235962152481079102e-01
7.241417765617370605e-01
7.112869024276733398e-01
7.130212187767028809e-01
7.087804079055786133e-01
7.010136246681213379e-01
7.145820260047912598e-01
7.183331847190856934e-01
7.272940874099731445e-01
7.048174142837524414e-01
7.090780138969421387e-01
7.211634516716003418e-01
7.395470142364501953e-01
7.317326664924621582e-01
7.323536872863769531e-01
7.380579113960266113e-01
7.520602941513061523e-01
7.507979869842529297e-01
7.424827814102172852e-01
7.443558573722839355e-01
7.565907239913940430e-01
7.431893944740295410e-01
7.365599870681762695e-01
7.596228122711181641e-01
7.488412261009216309e-01
7.451348900794982910e-01
7.693753242492675781e-01
7.575984597206115723e-01
7.327426671981811523e-01
7.848176360130310059e-01
7.727407217025756836e-01
7.764432430267333984e-01
7.904037237167358398e-01
7.839255332946777344e-01
7.888754606246948242e-01
7.560557723045349121e-01
7.859218716621398926e-01
7.514429092407226562e-01
7.895259261131286621e-01
7.728462815284729004e-01
7.689509987831115723e-01
7.772985696792602539e-01
7.766647934913635254e-01
7.870953679084777832e-01
7.757825255393981934e-01
7.912548780441284180e-01
8.016759157180786133e-01
7.778183817863464355e-01
7.869259715080261230e-01
7.596099376678466797e-01
8.020524978637695312e-01
8.080429434776306152e-01
7.853249907493591309e-01
8.082975745201110840e-01
7.881673574447631836e-01
8.085931539535522461e-01
8.237547874450683594e-01
8.028959631919860840e-01
8.200253844261169434e-01
8.235607743263244629e-01
8.251417875289916992e-01
8.318209648132324219e-01
8.350985050201416016e-01
8.482224941253662109e-01
8.474872112274169922e-01
7.962839603424072266e-01
8.472772836685180664e-01
8.435235023498535156e-01
8.399459719657897949e-01
8.450178503990173340e-01
8.475379943847656250e-01
8.429456353187561035e-01
8.485600948333740234e-01
8.651782274246215820e-01
8.625041246414184570e-01
7.712743878364562988e-01
8.525733947753906250e-01
8.629981279373168945e-01
8.683560490608215332e-01
8.749074339866638184e-01
8.680154681205749512e-01
8.642876148223876953e-01
8.663802146911621094e-01
8.794744610786437988e-01
8.828386664390563965e-01
8.731545209884643555e-01
8.773388862609863281e-01
8.946439623832702637e-01
8.939339518547058105e-01
8.342486023902893066e-01
8.673891425132751465e-01
9.073575735092163086e-01
8.877374529838562012e-01
8.960806727409362793e-01
8.642311692237854004e-01
8.792461156845092773e-01
9.000137448310852051e-01
8.905009627342224121e-01
8.829870820045471191e-01
9.134373664855957031e-01
8.913524746894836426e-01
9.258889555931091309e-01
9.059283733367919922e-01
9.065195322036743164e-01
9.134624600410461426e-01
9.124323129653930664e-01
9.120938777923583984e-01
9.250332117080688477e-01
9.322775602340698242e-01
9.209247231483459473e-01
8.115745186805725098e-01
9.136716127395629883e-01
8.791193962097167969e-01
9.413784742355346680e-01
9.063643217086791992e-01
9.042320251464843750e-01
9.408349394798278809e-01
9.316061139106750488e-01
9.219042658805847168e-01
9.028289914131164551e-01
9.347061514854431152e-01
7.333682775497436523e-01
9.529184699058532715e-01
9.478457570075988770e-01
8.857949376106262207e-01
9.368326663970947266e-01
8.961607217788696289e-01
9.590830802917480469e-01
9.257825016975402832e-01
9.685618281364440918e-01
9.474304914474487305e-01
9.489473104476928711e-01
9.507343173027038574e-01
9.437346458435058594e-01
9.773970842361450195e-01
9.262211918830871582e-01
9.711905121803283691e-01
9.719362854957580566e-01
9.598150253295898438e-01
7.946726083755493164e-01
9.804120659828186035e-01
8.523413538932800293e-01
9.932084083557128906e-01
9.863971471786499023e-01
-9.899900000000000000e+04
9.682029485702514648e-01
9.688643813133239746e-01
1.013310551643371582e+00
9.769039154052734375e-01
9.253653883934020996e-01
9.867990016937255859e-01
-9.899900000000000000e+04
8.480610251426696777e-01
-9.899900000000000000e+04
-9.899900000000000000e+04
-9.899900000000000000e+04
8.952957391738891602e-01
