6.309524774551391602e-01
6.257067918777465820e-01
6.407510042190551758e-01
6.606395840644836426e-01
6.617763042449951172e-01
6.468650102615356445e-01
6.548080444335937500e-01
6.721740961074829102e-01
6.592803001403808594e-01
6.654602885246276855e-01
6.664795279502868652e-01
6.636283397674560547e-01
6.751718521118164062e-01
6.772983670234680176e-01
6.789467334747314453e-01
6.695431470870971680e-01
6.750710010528564453e-01
6.710654497146606445e-01
6.756566762924194336e-01
6.810218691825866699e-01
6.891989111900329590e-01
6.759751439094543457e-01
6.810171008110046387e-01
6.934551596641540527e-01
6.839741468429565430e-01
6.868163943290710449e-01
7.051947116851806641e-01
6.913158297538757324e-01
6.882863640785217285e-01
6.942840218544006348e-01
7.059055566787719727e-01
6.891896724700927734e-01
6.974868178367614746e-01
6.997878551483154297e-01
6.898364424705505371e-01
6.968235373497009277e-01
6.904432773590087891e-01
7.037948369979858398e-01
7.027180194854736328e-01
7.160422801971435547e-01
7.067958712577819824e-01
7.030103206634521484e-01
6.860904693603515625e-01
6.894401907920837402e-01
6.980538368225097656e-01
6.874356865882873535e-01
7.118818759918212891e-01
7.200730443000793457e-01
7.024727463722229004e-01
6.994442343711853027e-01
7.085322141647338867e-01
7.204761505126953125e-01
7.119206190109252930e-01
6.978381872177124023e-01
7.071624398231506348e-01
7.214808464050292969e-01
6.828834414482116699e-01
7.249603867530822754e-01
7.262625098228454590e-01
7.281440496444702148e-01
7.169986963272094727e-01
7.232648134231567383e-01
7.149080634117126465e-01
7.322717905044555664e-01
7.306721210479736328e-01
7.076507806777954102e-01
7.328415513038635254e-01
7.372019290924072266e-01
7.416269183158874512e-01
7.264963388442993164e-01
7.420864105224609375e-01
7.399947047233581543e-01
7.481696009635925293e-01
7.496879696846008301e-01
7.333472371101379395e-01
7.353445887565612793e-01
7.587421536445617676e-01
7.549656033515930176e-01
7.384303212165832520e-01
7.419930696487426758e-01
7.473854422569274902e-01
7.405262589454650879e-01
7.444264888763427734e-01
7.349980473518371582e-01
7.459684610366821289e-01
7.666881680488586426e-01
7.667741179466247559e-01
7.923133373260498047e-01
7.642474174499511719e-01
7.981372475624084473e-01
7.779803872108459473e-01
7.945875525474548340e-01
7.865768671035766602e-01
7.898865342140197754e-01
7.890945672988891602e-01
7.964429855346679688e-01
7.981767654418945312e-01
7.614599466323852539e-01
7.755710482597351074e-01
7.997971773147583008e-01
7.709275484085083008e-01
7.702054381370544434e-01
7.776854634284973145e-01
7.778314352035522461e-01
7.837193012237548828e-01
8.106395006179809570e-01
8.114417195320129395e-01
7.909713983535766602e-01
7.941554784774780273e-01
7.905709743499755859e-01
7.974169254302978516e-01
8.159912824630737305e-01
8.082808256149291992e-01
7.923315167427062988e-01
8.066145181655883789e-01
8.111646175384521484e-01
8.128733634948730469e-01
7.953535914421081543e-01
8.382334709167480469e-01
8.393287062644958496e-01
7.705620527267456055e-01
8.447522521018981934e-01
8.311923742294311523e-01
8.571299910545349121e-01
8.518946766853332520e-01
8.501551151275634766e-01
8.586704134941101074e-01
8.445898890495300293e-01
8.653063774108886719e-01
8.551362752914428711e-01
8.462315797805786133e-01
8.503991365432739258e-01
8.568243980407714844e-01
8.541061878204345703e-01
8.792130947113037109e-01
8.298382759094238281e-01
8.777558207511901855e-01
8.670607805252075195e-01
8.837531805038452148e-01
8.726592063903808594e-01
8.785015940666198730e-01
8.962088823318481445e-01
8.744211196899414062e-01
8.924325108528137207e-01
8.647673130035400391e-01
8.891887068748474121e-01
8.838235139846801758e-01
9.066223502159118652e-01
8.840781450271606445e-01
8.812710642814636230e-01
9.087489843368530273e-01
8.635310530662536621e-01
9.237728118896484375e-01
9.104511141777038574e-01
8.899946808815002441e-01
8.839938044548034668e-01
9.135254025459289551e-01
8.746010661125183105e-01
9.238632917404174805e-01
9.150891304016113281e-01
8.930475115776062012e-01
8.788842558860778809e-01
8.768064379692077637e-01
9.026756286621093750e-01
9.298724532127380371e-01
9.130586385726928711e-01
9.013963937759399414e-01
8.906337022781372070e-01
9.126780033111572266e-01
7.894862890243530273e-01
8.811959028244018555e-01
9.377856850624084473e-01
9.451797604560852051e-01
9.514529109001159668e-01
9.389845728874206543e-01
9.387710690498352051e-01
7.987971305847167969e-01
9.031892418861389160e-01
9.515122175216674805e-01
9.520300030708312988e-01
9.395788311958312988e-01
9.563218355178833008e-01
9.372664690017700195e-01
9.556424617767333984e-01
8.335509300231933594e-01
9.649999737739562988e-01
9.554678797721862793e-01
9.399719834327697754e-01
9.814274311065673828e-01
9.602200388908386230e-01
9.636114239692687988e-01
8.347374796867370605e-01
9.874687790870666504e-01
9.778202772140502930e-01
8.453038930892944336e-01
9.769663810729980469e-01
-9.899900000000000000e+04
9.484475851058959961e-01
9.427708387374877930e-01
9.686336517333984375e-01
9.726117253303527832e-01
9.659239649772644043e-01
-9.899900000000000000e+04
9.815711379051208496e-01
-9.899900000000000000e+04
1.004349112510681152e+00
9.744529128074645996e-01
9.854210615158081055e-01
