6.309524774551391602e-01
6.358127593994140625e-01
6.407510042190551758e-01
6.476886868476867676e-01
6.627352833747863770e-01
6.468650102615356445e-01
6.616687774658203125e-01
6.605220437049865723e-01
6.592803001403808594e-01
6.654602885246276855e-01
6.664795279502868652e-01
6.596245169639587402e-01
6.817724108695983887e-01
6.685171127319335938e-01
6.836334466934204102e-01
6.814933419227600098e-01
6.755884289741516113e-01
6.668350100517272949e-01
6.753183007240295410e-01
6.927700638771057129e-01
6.899451017379760742e-01
6.802825331687927246e-01
6.518429517745971680e-01
6.928482651710510254e-01
6.966059207916259766e-01
6.871798634529113770e-01
6.904173493385314941e-01
6.844471693038940430e-01
6.857199668884277344e-01
7.024404406547546387e-01
6.937355995178222656e-01
7.025762796401977539e-01
7.012892961502075195e-01
6.898482441902160645e-01
6.997128129005432129e-01
7.028777599334716797e-01
6.955612301826477051e-01
7.037529349327087402e-01
7.082526683807373047e-01
7.003899216651916504e-01
7.116708159446716309e-01
6.938206553459167480e-01
7.150185108184814453e-01
7.002953886985778809e-01
6.981349587440490723e-01
7.163318991661071777e-01
7.091754078865051270e-01
7.150843143463134766e-01
7.073490023612976074e-01
6.984573602676391602e-01
6.854706406593322754e-01
7.049986720085144043e-01
6.900969743728637695e-01
7.002075314521789551e-01
7.182501554489135742e-01
6.976611018180847168e-01
7.218948006629943848e-01
7.234825491905212402e-01
7.251001596450805664e-01
7.270036935806274414e-01
7.265804409980773926e-01
7.139584422111511230e-01
7.192900776863098145e-01
7.289640307426452637e-01
7.177828550338745117e-01
7.375212907791137695e-01
7.356553077697753906e-01
7.387422919273376465e-01
7.285752296447753906e-01
7.228496074676513672e-01
7.165347337722778320e-01
7.324327230453491211e-01
7.271569967269897461e-01
7.385839223861694336e-01
7.462853789329528809e-01
7.184616923332214355e-01
7.423736453056335449e-01
7.553367018699645996e-01
7.509974837303161621e-01
7.420005202293395996e-01
7.326683998107910156e-01
7.596831917762756348e-01
7.385285496711730957e-01
7.635571956634521484e-01
7.381080985069274902e-01
7.640241384506225586e-01
7.565034031867980957e-01
7.702031731605529785e-01
7.811523079872131348e-01
7.887660264968872070e-01
7.427633404731750488e-01
7.725866436958312988e-01
7.605004906654357910e-01
7.665320038795471191e-01
7.562962770462036133e-01
7.798298597335815430e-01
7.838549613952636719e-01
8.017641901969909668e-01
7.398357391357421875e-01
7.541588544845581055e-01
7.831014990806579590e-01
7.638642787933349609e-01
7.821044921875000000e-01
7.923403978347778320e-01
8.005494475364685059e-01
7.768843770027160645e-01
7.849833965301513672e-01
8.024323582649230957e-01
8.225407004356384277e-01
8.119410276412963867e-01
8.125501871109008789e-01
8.187638521194458008e-01
7.885769009590148926e-01
8.214300870895385742e-01
7.953709363937377930e-01
8.383504152297973633e-01
8.471632599830627441e-01
8.308709859848022461e-01
8.427223563194274902e-01
8.236711025238037109e-01
8.325818181037902832e-01
8.507931828498840332e-01
8.512641191482543945e-01
8.488526940345764160e-01
8.476689457893371582e-01
8.370864987373352051e-01
8.521132469177246094e-01
8.562943935394287109e-01
8.550923466682434082e-01
8.523635864257812500e-01
8.463810682296752930e-01
8.690702319145202637e-01
8.796823024749755859e-01
8.665366172790527344e-01
8.590499758720397949e-01
8.653815388679504395e-01
8.689302802085876465e-01
8.871474862098693848e-01
8.675998449325561523e-01
8.879067897796630859e-01
8.822506070137023926e-01
8.817284703254699707e-01
8.838478326797485352e-01
8.875361680984497070e-01
8.991597294807434082e-01
9.023987054824829102e-01
8.975645303726196289e-01
8.916782736778259277e-01
8.839046359062194824e-01
9.061505198478698730e-01
8.975072503089904785e-01
8.956232666969299316e-01
8.890261650085449219e-01
8.797527551651000977e-01
8.947076797485351562e-01
9.063717722892761230e-01
8.940046429634094238e-01
9.095363020896911621e-01
9.202306866645812988e-01
9.109704494476318359e-01
9.126609563827514648e-01
8.827088475227355957e-01
9.087272286415100098e-01
9.120938181877136230e-01
9.296158552169799805e-01
9.086418151855468750e-01
9.299058914184570312e-01
9.283468127250671387e-01
9.163295030593872070e-01
9.292073249816894531e-01
8.287631869316101074e-01
9.295172095298767090e-01
8.937460780143737793e-01
9.029370546340942383e-01
9.335684776306152344e-01
9.376426935195922852e-01
9.429524540901184082e-01
9.473993778228759766e-01
8.881366252899169922e-01
9.107823371887207031e-01
9.019935727119445801e-01
8.708369135856628418e-01
9.697155356407165527e-01
9.576463699340820312e-01
9.551625847816467285e-01
7.795689105987548828e-01
9.356369376182556152e-01
9.489071965217590332e-01
9.652702808380126953e-01
9.810696840286254883e-01
9.890447258949279785e-01
9.545275568962097168e-01
9.662813544273376465e-01
9.556570053100585938e-01
9.621721506118774414e-01
8.466631174087524414e-01
9.877232909202575684e-01
9.772283434867858887e-01
9.818683266639709473e-01
9.696322679519653320e-01
9.268651008605957031e-01
9.530184864997863770e-01
9.326607584953308105e-01
9.945077896118164062e-01
-9.899900000000000000e+04
9.149803519248962402e-01
-9.899900000000000000e+04
8.377596139907836914e-01
9.780145883560180664e-01
-9.899900000000000000e+04
9.759514331817626953e-01
-9.899900000000000000e+04
-9.899900000000000000e+04
-9.899900000000000000e+04
-9.899900000000000000e+04
-9.899900000000000000e+04
-9.899900000000000000e+04
-9.899900000000000000e+04
-9.899900000000000000e+04
-9.899900000000000000e+04
9.588058590888977051e-01
-9.899900000000000000e+04
-9.899900000000000000e+04
-9.899900000000000000e+04
-9.899900000000000000e+04
-9.899900000000000000e+04
8.891101479530334473e-01
-9.899900000000000000e+04
9.651964306831359863e-01
-9.899900000000000000e+04
