6.225892305374145508e-01
6.358127593994140625e-01
6.388311982154846191e-01
6.632860302925109863e-01
6.455930471420288086e-01
6.468650102615356445e-01
6.603446006774902344e-01
6.678663492202758789e-01
6.592803001403808594e-01
6.766340136528015137e-01
6.731992959976196289e-01
6.496273875236511230e-01
6.820835471153259277e-01
6.775087118148803711e-01
6.669101715087890625e-01
6.787751913070678711e-01
6.692328453063964844e-01
6.880912780761718750e-01
6.686673164367675781e-01
6.926084160804748535e-01
6.794834733009338379e-01
6.759751439094543457e-01
6.763271093368530273e-01
6.887806653976440430e-01
6.882846951484680176e-01
6.992064118385314941e-01
6.984800696372985840e-01
7.017132043838500977e-01
6.875582337379455566e-01
6.966083645820617676e-01
6.826096773147583008e-01
6.884792447090148926e-01
6.977807283401489258e-01
6.944198608398437500e-01
6.898364424705505371e-01
7.048809528350830078e-01
7.008129358291625977e-01
6.968931555747985840e-01
7.058776021003723145e-01
7.120028734207153320e-01
7.145929932594299316e-01
7.119142413139343262e-01
7.199100852012634277e-01
7.024664878845214844e-01
7.134836316108703613e-01
7.008299827575683594e-01
7.051894068717956543e-01
7.053746581077575684e-01
7.094790339469909668e-01
6.933018565177917480e-01
6.905149221420288086e-01
7.062911987304687500e-01
7.134228348731994629e-01
7.168329358100891113e-01
7.202088832855224609e-01
7.160232663154602051e-01
7.011300921440124512e-01
7.229315042495727539e-01
6.991273164749145508e-01
7.192264199256896973e-01
7.284559011459350586e-01
7.249443531036376953e-01
7.014470696449279785e-01
7.298457622528076172e-01
7.207924723625183105e-01
7.314994335174560547e-01
7.259597182273864746e-01
7.247934341430664062e-01
7.344154119491577148e-01
7.369393706321716309e-01
7.248488068580627441e-01
7.423968315124511719e-01
7.391170859336853027e-01
7.366002798080444336e-01
7.606374621391296387e-01
7.256094217300415039e-01
7.699097990989685059e-01
7.412903904914855957e-01
7.481258511543273926e-01
7.527096867561340332e-01
7.696039080619812012e-01
7.749698758125305176e-01
7.586194872856140137e-01
7.439466118812561035e-01
7.600666284561157227e-01
7.676732540130615234e-01
7.836411595344543457e-01
7.891303300857543945e-01
7.232407331466674805e-01
7.870068550109863281e-01
7.753897905349731445e-01
7.582109570503234863e-01
7.456675171852111816e-01
7.953049540519714355e-01
7.691749334335327148e-01
7.905184626579284668e-01
7.754073739051818848e-01
7.263478636741638184e-01
7.923322319984436035e-01
7.954096794128417969e-01
7.780914902687072754e-01
7.939388751983642578e-01
7.852080464363098145e-01
7.783050537109375000e-01
8.047611713409423828e-01
8.140794038772583008e-01
8.007515668869018555e-01
8.011457324028015137e-01
8.215133547782897949e-01
8.258871436119079590e-01
8.081046938896179199e-01
7.907353639602661133e-01
8.276260495185852051e-01
7.975050806999206543e-01
8.120610713958740234e-01
8.203549385070800781e-01
8.270251750946044922e-01
8.354118466377258301e-01
7.947380542755126953e-01
8.573380708694458008e-01
8.391056656837463379e-01
8.487696051597595215e-01
8.538175225257873535e-01
8.444395065307617188e-01
8.542677164077758789e-01
8.311653137207031250e-01
8.558776378631591797e-01
8.283521533012390137e-01
8.606763482093811035e-01
8.564733862876892090e-01
8.518832325935363770e-01
8.691003322601318359e-01
8.630068898200988770e-01
8.659890294075012207e-01
8.703436255455017090e-01
8.756734132766723633e-01
8.726741671562194824e-01
8.705798387527465820e-01
8.755661249160766602e-01
8.701740503311157227e-01
8.660211563110351562e-01
8.693066835403442383e-01
8.548220992088317871e-01
8.990696072578430176e-01
8.103632330894470215e-01
8.973426222801208496e-01
8.942347168922424316e-01
8.940435647964477539e-01
8.749898076057434082e-01
8.769675493240356445e-01
8.993018865585327148e-01
8.967145085334777832e-01
8.942330479621887207e-01
9.085777401924133301e-01
9.150876998901367188e-01
9.162530303001403809e-01
9.003543257713317871e-01
9.029157757759094238e-01
8.979127407073974609e-01
9.213971495628356934e-01
9.210534691810607910e-01
9.084368348121643066e-01
9.279063940048217773e-01
8.892089128494262695e-01
8.793139457702636719e-01
8.876467347145080566e-01
7.930888533592224121e-01
9.154752492904663086e-01
9.316551685333251953e-01
9.436061382293701172e-01
8.201625943183898926e-01
9.261869788169860840e-01
9.069010615348815918e-01
7.795212268829345703e-01
9.386010766029357910e-01
9.197765588760375977e-01
9.353227615356445312e-01
9.074555039405822754e-01
9.433651566505432129e-01
9.430645108222961426e-01
9.304170608520507812e-01
9.444105625152587891e-01
9.672842025756835938e-01
9.463534951210021973e-01
9.435652494430541992e-01
8.369027376174926758e-01
9.648870229721069336e-01
9.493705630302429199e-01
9.681075215339660645e-01
9.578732848167419434e-01
8.589898347854614258e-01
8.137596845626831055e-01
9.683127999305725098e-01
9.901601672172546387e-01
-9.899900000000000000e+04
9.823451042175292969e-01
9.735527038574218750e-01
9.614883661270141602e-01
9.834600090980529785e-01
1.013669610023498535e+00
9.840005636215209961e-01
9.979354739189147949e-01
