6.309524774551391602e-01
6.517849564552307129e-01
6.406359076499938965e-01
6.606395840644836426e-01
6.476992368698120117e-01
6.639208197593688965e-01
6.505354642868041992e-01
6.678663492202758789e-01
6.608805060386657715e-01
6.742225289344787598e-01
6.752379536628723145e-01
6.803489923477172852e-01
6.820835471153259277e-01
6.780193448066711426e-01
6.657516956329345703e-01
6.734188199043273926e-01
6.809154748916625977e-01
6.660917401313781738e-01
6.890469193458557129e-01
6.862480640411376953e-01
6.768352389335632324e-01
6.750268340110778809e-01
6.796241402626037598e-01
6.926614642143249512e-01
6.900914907455444336e-01
6.970321536064147949e-01
6.992933750152587891e-01
6.803610920906066895e-01
6.899018287658691406e-01
6.963743567466735840e-01
6.823386549949645996e-01
7.020954489707946777e-01
6.974868178367614746e-01
6.881421208381652832e-01
7.015504240989685059e-01
6.958934068679809570e-01
6.947717666625976562e-01
6.964154839515686035e-01
6.991586685180664062e-01
7.112755775451660156e-01
7.127915620803833008e-01
7.178828120231628418e-01
7.098899483680725098e-01
7.022776603698730469e-01
7.042450308799743652e-01
7.065966129302978516e-01
7.022421360015869141e-01
6.970306038856506348e-01
7.149555683135986328e-01
7.016049623489379883e-01
6.994149088859558105e-01
7.117888927459716797e-01
7.178492546081542969e-01
7.157067656517028809e-01
7.235218286514282227e-01
7.012972235679626465e-01
7.172046303749084473e-01
7.088304758071899414e-01
7.135475873947143555e-01
7.231269478797912598e-01
7.344422340393066406e-01
7.202553153038024902e-01
7.291601300239562988e-01
7.224154472351074219e-01
7.334685921669006348e-01
7.318326830863952637e-01
7.156478166580200195e-01
7.355097532272338867e-01
7.347123622894287109e-01
7.180640101432800293e-01
7.283393144607543945e-01
7.515599131584167480e-01
7.308779954910278320e-01
7.379499077796936035e-01
7.506777644157409668e-01
7.331894636154174805e-01
7.463139295578002930e-01
7.346660494804382324e-01
7.563931941986083984e-01
7.437061071395874023e-01
7.561109662055969238e-01
7.492892146110534668e-01
7.571936249732971191e-01
7.567039132118225098e-01
7.433329224586486816e-01
7.795232534408569336e-01
7.927021980285644531e-01
7.550136446952819824e-01
7.852492332458496094e-01
7.754660844802856445e-01
7.895503640174865723e-01
7.854843139648437500e-01
7.774563431739807129e-01
7.593604922294616699e-01
7.809293270111083984e-01
7.699683904647827148e-01
7.893280982971191406e-01
7.926014661788940430e-01
7.595659494400024414e-01
7.759302854537963867e-01
7.846590876579284668e-01
7.831538319587707520e-01
7.445900440216064453e-01
7.911062240600585938e-01
7.672393918037414551e-01
8.108555078506469727e-01
8.057685494422912598e-01
8.118597865104675293e-01
7.951637506484985352e-01
7.905648946762084961e-01
8.024191260337829590e-01
8.147390484809875488e-01
8.135364055633544922e-01
8.030515909194946289e-01
8.211209774017333984e-01
8.390207886695861816e-01
8.336031436920166016e-01
8.291440010070800781e-01
8.211277127265930176e-01
8.365790247917175293e-01
8.615225553512573242e-01
8.512147068977355957e-01
8.511021733283996582e-01
8.629823923110961914e-01
8.495740294456481934e-01
8.570047616958618164e-01
8.377091884613037109e-01
8.591589331626892090e-01
8.552526831626892090e-01
8.680433630943298340e-01
8.620287775993347168e-01
8.722649216651916504e-01
8.606042265892028809e-01
8.650093674659729004e-01
8.763054609298706055e-01
8.608176708221435547e-01
8.791815042495727539e-01
8.769535422325134277e-01
8.735817670822143555e-01
8.791241645812988281e-01
8.771469593048095703e-01
8.938712477684020996e-01
8.647947907447814941e-01
8.973450064659118652e-01
8.989601135253906250e-01
8.986929655075073242e-01
9.041584730148315430e-01
8.984428048133850098e-01
8.976286649703979492e-01
8.713030815124511719e-01
8.918744325637817383e-01
8.940877318382263184e-01
8.576611876487731934e-01
8.950947523117065430e-01
8.973133563995361328e-01
8.102936744689941406e-01
8.868551850318908691e-01
9.130392670631408691e-01
9.267884492874145508e-01
8.899591565132141113e-01
9.173186421394348145e-01
9.036108851432800293e-01
9.108683466911315918e-01
9.159191846847534180e-01
8.793066740036010742e-01
9.299293160438537598e-01
9.227381944656372070e-01
9.116874933242797852e-01
7.474977970123291016e-01
7.959651350975036621e-01
8.855095505714416504e-01
9.173631668090820312e-01
9.417644739151000977e-01
8.744385838508605957e-01
9.346078038215637207e-01
9.314591288566589355e-01
9.437052011489868164e-01
9.251036643981933594e-01
8.335601091384887695e-01
9.052059650421142578e-01
9.207857251167297363e-01
9.235746264457702637e-01
9.603743553161621094e-01
9.674540162086486816e-01
9.577258825302124023e-01
9.281072616577148438e-01
9.402915835380554199e-01
8.223026990890502930e-01
9.765655994415283203e-01
9.498770833015441895e-01
9.664384126663208008e-01
9.842743277549743652e-01
9.773984551429748535e-01
9.908178448677062988e-01
8.438951969146728516e-01
8.449102044105529785e-01
9.785855412483215332e-01
9.442390203475952148e-01
9.383580684661865234e-01
1.009496331214904785e+00
9.000194668769836426e-01
9.740208983421325684e-01
9.757200479507446289e-01
9.748419523239135742e-01
9.784162044525146484e-01
-9.899900000000000000e+04
8.465824127197265625e-01
-9.899900000000000000e+04
6.784297227859497070e-01
-9.899900000000000000e+04
9.729490876197814941e-01
-9.899900000000000000e+04
9.695364832878112793e-01
9.614256620407104492e-01
-9.899900000000000000e+04
-9.899900000000000000e+04
-9.899900000000000000e+04
9.884777665138244629e-01
-9.899900000000000000e+04
