6.461329460144042969e-01
6.358127593994140625e-01
6.402796506881713867e-01
6.632860302925109863e-01
6.469347476959228516e-01
6.472339630126953125e-01
6.574916243553161621e-01
6.734821796417236328e-01
6.734914183616638184e-01
6.793448328971862793e-01
6.749642491340637207e-01
6.803489923477172852e-01
6.672799587249755859e-01
6.589918732643127441e-01
6.669101715087890625e-01
6.848675608634948730e-01
6.809154748916625977e-01
6.837844848632812500e-01
6.693271994590759277e-01
6.843210458755493164e-01
6.790222525596618652e-01
6.759751439094543457e-01
6.753086447715759277e-01
6.934551596641540527e-01
7.024981975555419922e-01
6.991040706634521484e-01
6.933497786521911621e-01
6.934535503387451172e-01
6.838052868843078613e-01
6.894190311431884766e-01
7.026867866516113281e-01
6.981390118598937988e-01
7.018780112266540527e-01
6.997878551483154297e-01
6.941004991531372070e-01
6.928925514221191406e-01
6.856561899185180664e-01
7.027794122695922852e-01
7.013962268829345703e-01
7.181994915008544922e-01
7.082543373107910156e-01
7.121776342391967773e-01
7.091936469078063965e-01
7.040271162986755371e-01
7.129833102226257324e-01
7.006662487983703613e-01
6.932226419448852539e-01
7.233365774154663086e-01
7.134017348289489746e-01
6.914104223251342773e-01
7.078629136085510254e-01
7.044545412063598633e-01
7.196571826934814453e-01
7.159600853919982910e-01
7.196422815322875977e-01
7.204495072364807129e-01
7.210577726364135742e-01
7.134656906127929688e-01
7.248250246047973633e-01
7.153803706169128418e-01
7.012258768081665039e-01
7.075998783111572266e-01
7.257879376411437988e-01
7.190848588943481445e-01
7.235701084136962891e-01
7.254985570907592773e-01
7.085637450218200684e-01
7.356230616569519043e-01
7.308560609817504883e-01
7.407734394073486328e-01
7.384623289108276367e-01
7.126180529594421387e-01
7.363377809524536133e-01
7.583666443824768066e-01
7.036008834838867188e-01
7.504364252090454102e-01
7.377125620841979980e-01
7.475678324699401855e-01
7.650623321533203125e-01
7.581211328506469727e-01
7.256446480751037598e-01
7.417357563972473145e-01
7.345375418663024902e-01
7.691014409065246582e-01
7.816840410232543945e-01
7.660031318664550781e-01
7.567277550697326660e-01
7.503759860992431641e-01
7.825522422790527344e-01
7.795698642730712891e-01
7.539429068565368652e-01
7.819652557373046875e-01
7.844617962837219238e-01
7.661806941032409668e-01
7.899605631828308105e-01
7.828207015991210938e-01
8.038333058357238770e-01
7.623102664947509766e-01
7.774507999420166016e-01
7.756719589233398438e-01
7.930518984794616699e-01
7.941962480545043945e-01
8.065760135650634766e-01
8.001557588577270508e-01
8.043538331985473633e-01
7.988053560256958008e-01
7.705389857292175293e-01
7.904454469680786133e-01
8.040078282356262207e-01
8.133369684219360352e-01
8.122383356094360352e-01
8.072829842567443848e-01
8.177345395088195801e-01
8.061513304710388184e-01
8.155954480171203613e-01
8.141729831695556641e-01
8.262067437171936035e-01
8.310575485229492188e-01
8.397172689437866211e-01
8.387468457221984863e-01
8.473157286643981934e-01
8.508477807044982910e-01
8.262467980384826660e-01
8.574969768524169922e-01
8.518086075782775879e-01
8.490760922431945801e-01
8.485819697380065918e-01
8.582927584648132324e-01
8.517972230911254883e-01
8.269309401512145996e-01
7.962625026702880859e-01
8.680325150489807129e-01
8.691571950912475586e-01
8.779196739196777344e-01
8.833056092262268066e-01
8.719594478607177734e-01
8.704104423522949219e-01
8.582660555839538574e-01
8.789679408073425293e-01
8.697544336318969727e-01
8.780843615531921387e-01
8.706977963447570801e-01
8.772791028022766113e-01
8.825116753578186035e-01
8.835851550102233887e-01
8.788228034973144531e-01
8.961989283561706543e-01
9.006153941154479980e-01
8.937741518020629883e-01
8.918359875679016113e-01
8.814295530319213867e-01
8.844631910324096680e-01
8.986909985542297363e-01
8.965554237365722656e-01
8.397554755210876465e-01
8.998478055000305176e-01
9.001646041870117188e-01
9.089120030403137207e-01
9.135516285896301270e-01
8.534434437751770020e-01
9.275470376014709473e-01
8.927196860313415527e-01
9.013237357139587402e-01
9.185510873794555664e-01
8.905855417251586914e-01
9.225003719329833984e-01
9.144018292427062988e-01
9.193391799926757812e-01
9.221934080123901367e-01
9.117600917816162109e-01
9.268440604209899902e-01
9.183547496795654297e-01
9.180756807327270508e-01
9.274253249168395996e-01
9.268685579299926758e-01
9.294931292533874512e-01
8.553326725959777832e-01
9.297052621841430664e-01
8.923634886741638184e-01
9.511422514915466309e-01
9.388817548751831055e-01
9.473467469215393066e-01
9.317856431007385254e-01
9.639933705329895020e-01
9.605515599250793457e-01
9.165997505187988281e-01
8.982927203178405762e-01
9.472059607505798340e-01
9.512287974357604980e-01
9.658783078193664551e-01
9.125823974609375000e-01
9.071152210235595703e-01
9.999505281448364258e-01
9.760009646415710449e-01
9.880661368370056152e-01
-9.899900000000000000e+04
8.209449052810668945e-01
9.800307750701904297e-01
9.814527630805969238e-01
9.659298658370971680e-01
8.617933988571166992e-01
