6.291534900665283203e-01
6.358127593994140625e-01
6.402796506881713867e-01
6.632860302925109863e-01
6.476992368698120117e-01
6.521380543708801270e-01
6.616687774658203125e-01
6.693965792655944824e-01
6.795113086700439453e-01
6.803293228149414062e-01
6.770343780517578125e-01
6.596245169639587402e-01
6.678974032402038574e-01
6.589918732643127441e-01
6.723734736442565918e-01
6.849688887596130371e-01
6.809154748916625977e-01
6.633310317993164062e-01
6.732835769653320312e-01
6.806299686431884766e-01
6.876175999641418457e-01
6.819897294044494629e-01
6.804964542388916016e-01
6.887484192848205566e-01
7.024981975555419922e-01
6.894702911376953125e-01
6.890818476676940918e-01
7.043316960334777832e-01
6.846235394477844238e-01
7.015619277954101562e-01
7.059190869331359863e-01
7.006686329841613770e-01
6.945703029632568359e-01
6.891613602638244629e-01
6.898364424705505371e-01
6.928925514221191406e-01
6.940130591392517090e-01
6.969068646430969238e-01
7.095757722854614258e-01
7.162116169929504395e-01
7.065399885177612305e-01
7.002965211868286133e-01
6.972193717956542969e-01
6.993310451507568359e-01
7.037232518196105957e-01
7.024098634719848633e-01
7.012058496475219727e-01
7.056582570075988770e-01
7.134357094764709473e-01
7.055708169937133789e-01
7.188817262649536133e-01
7.241495251655578613e-01
7.249145507812500000e-01
7.063648104667663574e-01
7.062748074531555176e-01
6.963301897048950195e-01
6.890162229537963867e-01
7.093306183815002441e-01
7.106478810310363770e-01
7.167966365814208984e-01
7.262983322143554688e-01
7.270139455795288086e-01
7.331719994544982910e-01
7.313917875289916992e-01
7.298247814178466797e-01
7.211435437202453613e-01
7.201392054557800293e-01
7.365439534187316895e-01
7.381253838539123535e-01
7.356076836585998535e-01
7.273074984550476074e-01
7.502793669700622559e-01
7.491717934608459473e-01
7.611061930656433105e-01
7.433447837829589844e-01
7.341734170913696289e-01
7.596250772476196289e-01
7.616316676139831543e-01
7.458445429801940918e-01
7.730229496955871582e-01
7.304966449737548828e-01
7.402216792106628418e-01
7.619612812995910645e-01
7.812325954437255859e-01
7.627239823341369629e-01
7.681583166122436523e-01
7.840187549591064453e-01
7.792822122573852539e-01
7.910752892494201660e-01
7.400764226913452148e-01
7.907193303108215332e-01
7.627295255661010742e-01
7.951239943504333496e-01
7.965230345726013184e-01
7.635878324508666992e-01
8.002557158470153809e-01
7.949648499488830566e-01
7.661649584770202637e-01
7.378395795822143555e-01
7.617974877357482910e-01
7.887630462646484375e-01
7.996394634246826172e-01
8.075698018074035645e-01
7.955697774887084961e-01
8.071168065071105957e-01
8.073376417160034180e-01
8.048750758171081543e-01
7.957036495208740234e-01
8.128472566604614258e-01
8.127398490905761719e-01
8.140470385551452637e-01
8.218792080879211426e-01
8.122936487197875977e-01
8.091847896575927734e-01
8.153825998306274414e-01
8.226593136787414551e-01
7.794979810714721680e-01
8.280898332595825195e-01
8.175919055938720703e-01
8.648051619529724121e-01
8.324397206306457520e-01
8.524557352066040039e-01
8.514775633811950684e-01
8.710281252861022949e-01
8.604577779769897461e-01
8.455119132995605469e-01
8.752302527427673340e-01
8.633460402488708496e-01
8.523058891296386719e-01
8.703521490097045898e-01
8.398133516311645508e-01
8.627071976661682129e-01
8.711463212966918945e-01
8.870283365249633789e-01
8.548206090927124023e-01
8.581966757774353027e-01
8.608677387237548828e-01
8.616128563880920410e-01
8.640754818916320801e-01
8.698837161064147949e-01
8.703250885009765625e-01
8.915665149688720703e-01
8.723779916763305664e-01
8.826934695243835449e-01
8.695882558822631836e-01
8.662760257720947266e-01
8.843597769737243652e-01
8.952404260635375977e-01
8.768299221992492676e-01
8.543707728385925293e-01
8.798077702522277832e-01
8.979175090789794922e-01
8.563489913940429688e-01
8.956035375595092773e-01
9.108290672302246094e-01
9.030970931053161621e-01
9.029747843742370605e-01
8.897009491920471191e-01
9.058127403259277344e-01
9.147754907608032227e-01
9.129896759986877441e-01
8.906971216201782227e-01
9.080051183700561523e-01
8.470749855041503906e-01
9.079970121383666992e-01
8.848223090171813965e-01
8.401632905006408691e-01
9.375764131546020508e-01
8.842370510101318359e-01
9.066919684410095215e-01
8.400438427925109863e-01
8.447232842445373535e-01
9.154319763183593750e-01
8.824963569641113281e-01
9.370835423469543457e-01
8.802484273910522461e-01
9.274041056632995605e-01
9.496783614158630371e-01
9.395526647567749023e-01
8.888400197029113770e-01
9.350098371505737305e-01
9.314505457878112793e-01
9.108591675758361816e-01
9.543550610542297363e-01
9.625861048698425293e-01
9.347177743911743164e-01
9.346159100532531738e-01
9.464924335479736328e-01
9.636870622634887695e-01
9.179894924163818359e-01
9.243380427360534668e-01
9.823436141014099121e-01
9.638695120811462402e-01
9.822285771369934082e-01
9.682407975196838379e-01
9.550188183784484863e-01
9.842803478240966797e-01
7.812498211860656738e-01
9.798112511634826660e-01
8.675196766853332520e-01
8.401938080787658691e-01
-9.899900000000000000e+04
9.552282691001892090e-01
9.814182519912719727e-01
-9.899900000000000000e+04
9.583958983421325684e-01
8.530716896057128906e-01
-9.899900000000000000e+04
-9.899900000000000000e+04
