6.291534900665283203e-01
6.358127593994140625e-01
6.407510042190551758e-01
6.606395840644836426e-01
6.467798352241516113e-01
6.493827104568481445e-01
6.686866879463195801e-01
6.747170686721801758e-01
6.734914183616638184e-01
6.766340136528015137e-01
6.639269590377807617e-01
6.636283397674560547e-01
6.751718521118164062e-01
6.743492484092712402e-01
6.808091402053833008e-01
6.848210692405700684e-01
6.819947361946105957e-01
6.699510216712951660e-01
6.750604510307312012e-01
6.843210458755493164e-01
6.768352389335632324e-01
6.750268340110778809e-01
6.518429517745971680e-01
7.070810198783874512e-01
6.966059207916259766e-01
6.925680041313171387e-01
7.067971825599670410e-01
6.797222495079040527e-01
6.996704936027526855e-01
7.025297880172729492e-01
6.952600479125976562e-01
6.911689639091491699e-01
7.121598720550537109e-01
6.944863796234130859e-01
6.898364424705505371e-01
6.973820924758911133e-01
6.966025829315185547e-01
7.035740017890930176e-01
7.027180194854736328e-01
7.138547897338867188e-01
7.075406312942504883e-01
7.068110704421997070e-01
7.048807144165039062e-01
7.023507356643676758e-01
6.977422237396240234e-01
7.166356444358825684e-01
7.011377811431884766e-01
7.162581086158752441e-01
7.136371731758117676e-01
7.169409394264221191e-01
7.026216983795166016e-01
6.977690458297729492e-01
7.116796970367431641e-01
7.165403366088867188e-01
6.842680573463439941e-01
7.180063724517822266e-01
7.052297592163085938e-01
7.218949794769287109e-01
6.935257911682128906e-01
7.291502952575683594e-01
7.029777765274047852e-01
7.163755297660827637e-01
7.271116971969604492e-01
7.323406934738159180e-01
7.228232026100158691e-01
7.328444719314575195e-01
7.384322285652160645e-01
7.366199493408203125e-01
7.407946586608886719e-01
7.371644377708435059e-01
7.378884553909301758e-01
7.273371815681457520e-01
7.638009190559387207e-01
7.404985427856445312e-01
7.678512334823608398e-01
7.527534365653991699e-01
7.525324821472167969e-01
7.515028119087219238e-01
7.726200819015502930e-01
7.051719427108764648e-01
7.387294173240661621e-01
7.508119940757751465e-01
7.674918770790100098e-01
7.767664194107055664e-01
7.652579545974731445e-01
7.777804732322692871e-01
7.526912093162536621e-01
7.514702081680297852e-01
7.540863156318664551e-01
7.904382944107055664e-01
7.719924449920654297e-01
7.844336032867431641e-01
7.863711714744567871e-01
7.576082944869995117e-01
7.661938667297363281e-01
7.897524237632751465e-01
7.608324885368347168e-01
7.678842544555664062e-01
7.620244026184082031e-01
7.611328363418579102e-01
7.889476418495178223e-01
7.767581939697265625e-01
8.025999665260314941e-01
8.029035925865173340e-01
8.029607534408569336e-01
7.972326874732971191e-01
7.869206666946411133e-01
8.169156908988952637e-01
8.130463957786560059e-01
8.176707625389099121e-01
8.209667801856994629e-01
8.108590245246887207e-01
8.181056380271911621e-01
8.199514746665954590e-01
8.113965988159179688e-01
8.033195137977600098e-01
8.190522789955139160e-01
8.333411812782287598e-01
8.584371209144592285e-01
8.672804832458496094e-01
8.486462831497192383e-01
8.472138643264770508e-01
8.473453521728515625e-01
8.498762845993041992e-01
8.358732461929321289e-01
8.538935780525207520e-01
8.385631442070007324e-01
8.456368446350097656e-01
8.440354466438293457e-01
8.689313530921936035e-01
8.716531395912170410e-01
8.664962649345397949e-01
7.602548003196716309e-01
8.757357001304626465e-01
7.725104093551635742e-01
8.937374949455261230e-01
8.782588839530944824e-01
8.732544779777526855e-01
8.458103537559509277e-01
8.670743107795715332e-01
8.868197798728942871e-01
8.807716965675354004e-01
8.695492148399353027e-01
8.748215436935424805e-01
8.869694471359252930e-01
8.969419598579406738e-01
8.953204154968261719e-01
8.983457684516906738e-01
8.600985407829284668e-01
9.044380784034729004e-01
8.993361592292785645e-01
8.870095014572143555e-01
8.861657381057739258e-01
8.976564407348632812e-01
8.522996306419372559e-01
8.969846963882446289e-01
9.295800924301147461e-01
9.068667888641357422e-01
8.683041930198669434e-01
8.554050922393798828e-01
9.010464549064636230e-01
9.001263380050659180e-01
9.139046072959899902e-01
9.067287445068359375e-01
9.109872579574584961e-01
9.256446957588195801e-01
9.098356962203979492e-01
9.229474067687988281e-01
9.182025194168090820e-01
8.324499130249023438e-01
9.143845438957214355e-01
8.140153288841247559e-01
9.221682548522949219e-01
9.504508376121520996e-01
7.990276217460632324e-01
8.818281292915344238e-01
9.626237750053405762e-01
9.402095675468444824e-01
9.287310242652893066e-01
8.924891948699951172e-01
8.785438537597656250e-01
9.363667964935302734e-01
9.380844831466674805e-01
9.566215276718139648e-01
9.446942210197448730e-01
9.716151356697082520e-01
9.460453391075134277e-01
9.381085634231567383e-01
9.725552797317504883e-01
9.620955586433410645e-01
9.997349977493286133e-01
7.693631649017333984e-01
9.728347659111022949e-01
9.651319980621337891e-01
9.318650364875793457e-01
9.850172400474548340e-01
-9.899900000000000000e+04
9.664935469627380371e-01
7.409499287605285645e-01
8.410094380378723145e-01
9.888525605201721191e-01
-9.899900000000000000e+04
-9.899900000000000000e+04
9.652073979377746582e-01
8.759574890136718750e-01
8.753291964530944824e-01
9.774577617645263672e-01
9.749331474304199219e-01
9.453929662704467773e-01
9.630224108695983887e-01
9.905327558517456055e-01
8.603321909904479980e-01
7.803092598915100098e-01
-9.899900000000000000e+04
-9.899900000000000000e+04
-9.899900000000000000e+04
9.829349517822265625e-01
9.677793979644775391e-01
9.639134407043457031e-01
