6.291534900665283203e-01
6.517849564552307129e-01
6.406359076499938965e-01
6.595162153244018555e-01
6.627352833747863770e-01
6.639208197593688965e-01
6.617761850357055664e-01
6.678663492202758789e-01
6.748499274253845215e-01
6.654602885246276855e-01
6.664795279502868652e-01
6.528923511505126953e-01
6.817724108695983887e-01
6.766728758811950684e-01
6.789467334747314453e-01
6.848210692405700684e-01
6.748010516166687012e-01
6.691186428070068359e-01
6.745790243148803711e-01
6.843210458755493164e-01
6.754863858222961426e-01
6.750268340110778809e-01
6.810171008110046387e-01
6.934551596641540527e-01
6.836936473846435547e-01
6.991040706634521484e-01
6.893593072891235352e-01
6.996856331825256348e-01
6.996704936027526855e-01
6.901693344116210938e-01
7.104821205139160156e-01
6.995962262153625488e-01
6.915193796157836914e-01
6.881421208381652832e-01
6.899401545524597168e-01
6.987829208374023438e-01
7.019261717796325684e-01
6.986222863197326660e-01
7.061207890510559082e-01
7.163191437721252441e-01
7.089183330535888672e-01
7.139351963996887207e-01
7.052850127220153809e-01
6.947516202926635742e-01
7.122550606727600098e-01
7.085194587707519531e-01
7.078362703323364258e-01
7.160962224006652832e-01
7.093053460121154785e-01
7.025658488273620605e-01
7.123000025749206543e-01
6.999056339263916016e-01
7.042501568794250488e-01
6.827928423881530762e-01
7.059767842292785645e-01
7.234618663787841797e-01
7.215778827667236328e-01
7.123883962631225586e-01
7.263126969337463379e-01
7.153536081314086914e-01
7.308946251869201660e-01
7.260523438453674316e-01
7.262486219406127930e-01
7.071391940116882324e-01
7.309917211532592773e-01
7.395063042640686035e-01
7.365624904632568359e-01
7.389664053916931152e-01
7.369623780250549316e-01
7.398283481597900391e-01
7.314419150352478027e-01
7.484316229820251465e-01
7.493987679481506348e-01
7.475062012672424316e-01
7.478123903274536133e-01
7.256503701210021973e-01
7.392363548278808594e-01
7.561269998550415039e-01
7.370306849479675293e-01
7.315493822097778320e-01
7.456302046775817871e-01
7.753617167472839355e-01
7.667065262794494629e-01
7.341690063476562500e-01
7.654671669006347656e-01
7.462005615234375000e-01
7.588673830032348633e-01
7.406508326530456543e-01
7.738434076309204102e-01
7.503426074981689453e-01
7.879876494407653809e-01
7.599577307701110840e-01
7.716029286384582520e-01
8.018653988838195801e-01
7.979838848114013672e-01
7.784519791603088379e-01
8.011177778244018555e-01
8.013681173324584961e-01
7.617288231849670410e-01
7.882421016693115234e-01
7.919540405273437500e-01
7.982856035232543945e-01
8.033118844032287598e-01
7.927726507186889648e-01
7.904698252677917480e-01
8.187688589096069336e-01
8.010787367820739746e-01
8.144788146018981934e-01
8.042933940887451172e-01
7.985573410987854004e-01
7.705717682838439941e-01
8.229520916938781738e-01
8.109749555587768555e-01
8.015543222427368164e-01
8.122730851173400879e-01
8.356055617332458496e-01
8.194956183433532715e-01
8.004820346832275391e-01
8.081238269805908203e-01
8.477114439010620117e-01
8.076892495155334473e-01
8.217330574989318848e-01
8.493322134017944336e-01
8.269181847572326660e-01
8.448907732963562012e-01
8.634523153305053711e-01
8.394994735717773438e-01
8.456562757492065430e-01
8.525182008743286133e-01
7.681322097778320312e-01
8.147132396697998047e-01
8.684207797050476074e-01
8.590164780616760254e-01
8.706407546997070312e-01
8.692249059677124023e-01
8.758859634399414062e-01
8.774337172508239746e-01
8.889750838279724121e-01
8.738195896148681641e-01
8.826543688774108887e-01
8.783710002899169922e-01
8.822112083435058594e-01
8.990299701690673828e-01
8.803626894950866699e-01
9.020828604698181152e-01
8.836795091629028320e-01
8.916043043136596680e-01
9.026079773902893066e-01
8.917969465255737305e-01
8.908189535140991211e-01
9.042933583259582520e-01
8.952895998954772949e-01
8.842654824256896973e-01
9.137854576110839844e-01
8.932374119758605957e-01
8.977808356285095215e-01
9.046708345413208008e-01
8.791018128395080566e-01
9.094977974891662598e-01
8.566921949386596680e-01
8.950875401496887207e-01
8.774922490119934082e-01
9.005838632583618164e-01
9.049267768859863281e-01
9.347399473190307617e-01
9.161255955696105957e-01
9.242163896560668945e-01
8.350350856781005859e-01
9.283320307731628418e-01
9.208446741104125977e-01
9.283274412155151367e-01
9.232056140899658203e-01
7.868500947952270508e-01
8.008309602737426758e-01
7.801592350006103516e-01
9.415805339813232422e-01
9.412739276885986328e-01
9.487505555152893066e-01
9.220119714736938477e-01
8.141188621520996094e-01
9.425845146179199219e-01
9.334214329719543457e-01
9.572963118553161621e-01
7.609184384346008301e-01
9.535531997680664062e-01
9.299165010452270508e-01
9.386326074600219727e-01
9.791418313980102539e-01
9.181576967239379883e-01
-9.899900000000000000e+04
9.515599012374877930e-01
8.747296929359436035e-01
9.766834378242492676e-01
9.671548008918762207e-01
9.589759707450866699e-01
9.413836002349853516e-01
9.396942853927612305e-01
9.586412310600280762e-01
9.768346548080444336e-01
9.699479341506958008e-01
9.924120306968688965e-01
9.218852519989013672e-01
9.918929934501647949e-01
9.932618737220764160e-01
1.009535908699035645e+00
-9.899900000000000000e+04
9.821265339851379395e-01
-9.899900000000000000e+04
-9.899900000000000000e+04
-9.899900000000000000e+04
-9.899900000000000000e+04
-9.899900000000000000e+04
-9.899900000000000000e+04
-9.899900000000000000e+04
-9.899900000000000000e+04
-9.899900000000000000e+04
-9.899900000000000000e+04
-9.899900000000000000e+04
-9.899900000000000000e+04
9.609971046447753906e-01
-9.899900000000000000e+04
