6.461329460144042969e-01
6.358127593994140625e-01
6.388311982154846191e-01
6.595162153244018555e-01
6.627352833747863770e-01
6.493827104568481445e-01
6.616687774658203125e-01
6.678663492202758789e-01
6.755206584930419922e-01
6.654602885246276855e-01
6.664795279502868652e-01
6.777954697608947754e-01
6.633976101875305176e-01
6.840402483940124512e-01
6.808091402053833008e-01
6.680523157119750977e-01
6.755884289741516113e-01
6.710654497146606445e-01
6.732835769653320312e-01
6.819898486137390137e-01
6.754863858222961426e-01
6.783048510551452637e-01
6.767608523368835449e-01
6.908586025238037109e-01
7.024981975555419922e-01
6.893761157989501953e-01
6.913222074508666992e-01
6.975380182266235352e-01
7.000036835670471191e-01
7.054708600044250488e-01
6.953070163726806641e-01
6.891896724700927734e-01
6.906753778457641602e-01
6.897674202919006348e-01
6.920434832572937012e-01
7.028777599334716797e-01
6.958599090576171875e-01
6.967431306838989258e-01
6.922188401222229004e-01
6.855576634407043457e-01
7.073801755905151367e-01
6.967388987541198730e-01
6.949876546859741211e-01
6.976505517959594727e-01
6.953670382499694824e-01
7.158182859420776367e-01
7.096785902976989746e-01
7.154232263565063477e-01
7.099400758743286133e-01
7.069970965385437012e-01
7.001112103462219238e-01
7.204535007476806641e-01
7.035648226737976074e-01
6.836234927177429199e-01
7.160531282424926758e-01
7.281574606895446777e-01
7.108237147331237793e-01
7.047953009605407715e-01
7.232623100280761719e-01
7.097225785255432129e-01
7.290689945220947266e-01
7.335610389709472656e-01
7.039627432823181152e-01
7.297673821449279785e-01
7.210472822189331055e-01
7.225776910781860352e-01
7.266126871109008789e-01
7.336300015449523926e-01
7.395795583724975586e-01
7.212944030761718750e-01
7.482408285140991211e-01
7.358476519584655762e-01
7.229382395744323730e-01
7.520694732666015625e-01
7.381100654602050781e-01
7.414163351058959961e-01
7.371845841407775879e-01
7.419102787971496582e-01
7.558763027191162109e-01
7.600257396697998047e-01
7.330861687660217285e-01
7.519348263740539551e-01
7.582786083221435547e-01
7.499422430992126465e-01
7.666349411010742188e-01
7.504462003707885742e-01
7.820972204208374023e-01
7.681515216827392578e-01
7.469412684440612793e-01
7.859168052673339844e-01
7.874970436096191406e-01
7.574036121368408203e-01
7.846989035606384277e-01
7.722271680831909180e-01
7.461718916893005371e-01
7.992799282073974609e-01
7.802413702011108398e-01
7.689837217330932617e-01
8.003166913986206055e-01
8.010617494583129883e-01
7.999904155731201172e-01
7.993893623352050781e-01
8.012165427207946777e-01
7.793694138526916504e-01
7.917374372482299805e-01
8.073979616165161133e-01
8.056201934814453125e-01
8.092311620712280273e-01
8.149272203445434570e-01
7.936127185821533203e-01
7.797567248344421387e-01
7.962207794189453125e-01
8.237352371215820312e-01
8.141285181045532227e-01
8.281819820404052734e-01
8.235188722610473633e-01
8.424647450447082520e-01
8.238261938095092773e-01
8.263187408447265625e-01
8.535168766975402832e-01
8.270668387413024902e-01
8.388779759407043457e-01
8.297706246376037598e-01
8.451145887374877930e-01
8.582377433776855469e-01
8.619154095649719238e-01
8.288802504539489746e-01
8.609876632690429688e-01
8.543381690979003906e-01
8.612745404243469238e-01
8.589844107627868652e-01
8.596817255020141602e-01
8.573430776596069336e-01
8.698698282241821289e-01
8.700004220008850098e-01
8.382101655006408691e-01
8.753325939178466797e-01
8.497132658958435059e-01
8.745853900909423828e-01
8.829520940780639648e-01
8.757745623588562012e-01
8.456323146820068359e-01
8.870409131050109863e-01
8.778571486473083496e-01
8.679997920989990234e-01
8.817126154899597168e-01
8.978688716888427734e-01
8.944214582443237305e-01
9.006178379058837891e-01
9.058907628059387207e-01
8.732674717903137207e-01
8.610796332359313965e-01
8.629419207572937012e-01
8.850442767143249512e-01
9.210845232009887695e-01
9.036165475845336914e-01
8.985242843627929688e-01
9.092776179313659668e-01
9.132119417190551758e-01
9.208173751831054688e-01
9.108684659004211426e-01
8.816142678260803223e-01
9.089171886444091797e-01
9.121310114860534668e-01
8.345739245414733887e-01
9.349189400672912598e-01
8.228715658187866211e-01
9.200420379638671875e-01
9.195028543472290039e-01
9.343799352645874023e-01
9.380809068679809570e-01
9.335866570472717285e-01
9.090102910995483398e-01
8.143134713172912598e-01
9.412078857421875000e-01
9.338200092315673828e-01
9.208539128303527832e-01
9.500295519828796387e-01
9.384003281593322754e-01
9.462295174598693848e-01
8.831171989440917969e-01
9.467653036117553711e-01
9.231705665588378906e-01
9.101917743682861328e-01
9.265509247779846191e-01
9.414228796958923340e-01
9.704165458679199219e-01
-9.899900000000000000e+04
9.856976866722106934e-01
9.261449575424194336e-01
8.792266249656677246e-01
9.420769214630126953e-01
9.573109745979309082e-01
9.501701593399047852e-01
-9.899900000000000000e+04
9.764781594276428223e-01
-9.899900000000000000e+04
9.703923463821411133e-01
9.531541466712951660e-01
9.836205840110778809e-01
9.727908968925476074e-01
9.816704392433166504e-01
9.767489433288574219e-01
1.003356456756591797e+00
9.884368181228637695e-01
8.276642560958862305e-01
-9.899900000000000000e+04
9.944591522216796875e-01
-9.899900000000000000e+04
9.870688319206237793e-01
9.889864325523376465e-01
9.831544160842895508e-01
-9.899900000000000000e+04
-9.899900000000000000e+04
-9.899900000000000000e+04
-9.899900000000000000e+04
-9.899900000000000000e+04
-9.899900000000000000e+04
-9.899900000000000000e+04
9.705467224121093750e-01
-9.899900000000000000e+04
8.781761527061462402e-01
-9.899900000000000000e+04
-9.899900000000000000e+04
-9.899900000000000000e+04
