6.309524774551391602e-01
6.358127593994140625e-01
6.412144899368286133e-01
6.606395840644836426e-01
6.617763042449951172e-01
6.639208197593688965e-01
6.708678007125854492e-01
6.678663492202758789e-01
6.592803001403808594e-01
6.629770398139953613e-01
6.752379536628723145e-01
6.495677828788757324e-01
6.816588044166564941e-01
6.657763719558715820e-01
6.644315719604492188e-01
6.734188199043273926e-01
6.755884289741516113e-01
6.743230819702148438e-01
6.750097870826721191e-01
6.832796931266784668e-01
6.739029288291931152e-01
6.750268340110778809e-01
6.753086447715759277e-01
6.876715421676635742e-01
6.812600493431091309e-01
6.975893378257751465e-01
6.914618611335754395e-01
7.027965784072875977e-01
6.996704936027526855e-01
6.918540596961975098e-01
6.823386549949645996e-01
6.858766674995422363e-01
6.845012903213500977e-01
6.935343146324157715e-01
6.992788314819335938e-01
6.926329731941223145e-01
6.958599090576171875e-01
7.049526572227478027e-01
7.025626897811889648e-01
7.033981680870056152e-01
7.004706263542175293e-01
7.032269835472106934e-01
7.051421999931335449e-01
6.925911903381347656e-01
7.015471458435058594e-01
7.042366266250610352e-01
6.957729458808898926e-01
7.146413922309875488e-01
7.126724720001220703e-01
7.124791145324707031e-01
6.970309019088745117e-01
7.041080594062805176e-01
7.061443328857421875e-01
7.156661748886108398e-01
7.186715602874755859e-01
6.897307038307189941e-01
6.831349134445190430e-01
6.960331201553344727e-01
7.250843644142150879e-01
7.142366766929626465e-01
7.291699051856994629e-01
7.198326587677001953e-01
7.246977686882019043e-01
7.000095844268798828e-01
7.306897044181823730e-01
7.065742015838623047e-01
7.221376299858093262e-01
7.344565987586975098e-01
7.240964770317077637e-01
7.387782931327819824e-01
7.274948954582214355e-01
7.462849617004394531e-01
7.326112985610961914e-01
7.293496131896972656e-01
7.303841114044189453e-01
7.228037118911743164e-01
7.476751208305358887e-01
7.418887019157409668e-01
7.578428387641906738e-01
7.543393373489379883e-01
7.647494077682495117e-01
7.414423823356628418e-01
7.521466016769409180e-01
7.652644515037536621e-01
7.710371017456054688e-01
7.658593654632568359e-01
7.780059576034545898e-01
7.572742700576782227e-01
7.748961448669433594e-01
7.635384202003479004e-01
7.638666629791259766e-01
7.944452166557312012e-01
7.819552421569824219e-01
7.771013975143432617e-01
7.791451215744018555e-01
7.915458083152770996e-01
7.539727687835693359e-01
7.722164988517761230e-01
7.999964952468872070e-01
7.815794348716735840e-01
7.875565290451049805e-01
7.867476344108581543e-01
7.998812198638916016e-01
8.018228411674499512e-01
8.002117872238159180e-01
8.093342781066894531e-01
8.094540834426879883e-01
8.041079044342041016e-01
8.026799559593200684e-01
8.205471038818359375e-01
8.026961684226989746e-01
8.073396682739257812e-01
8.082340955734252930e-01
8.268001079559326172e-01
7.956733703613281250e-01
8.255752921104431152e-01
8.125178813934326172e-01
8.311311006546020508e-01
8.093755245208740234e-01
8.247420191764831543e-01
8.453583121299743652e-01
8.099148869514465332e-01
8.345158696174621582e-01
8.617789149284362793e-01
8.397898077964782715e-01
8.559526205062866211e-01
8.572184443473815918e-01
8.463663458824157715e-01
8.639252781867980957e-01
8.629785180091857910e-01
8.531221747398376465e-01
8.466881513595581055e-01
8.562084436416625977e-01
8.646761178970336914e-01
8.740913867950439453e-01
8.876779079437255859e-01
8.763614296913146973e-01
8.524847626686096191e-01
8.433262705802917480e-01
8.775348067283630371e-01
8.806287050247192383e-01
8.809282183647155762e-01
8.799486756324768066e-01
8.388586640357971191e-01
8.896255493164062500e-01
8.715125918388366699e-01
8.971382379531860352e-01
8.987361192703247070e-01
8.950343728065490723e-01
9.001005291938781738e-01
8.747683167457580566e-01
8.988938331604003906e-01
8.509341478347778320e-01
8.863017559051513672e-01
9.229621887207031250e-01
9.036496281623840332e-01
9.064689874649047852e-01
8.592063188552856445e-01
8.725699782371520996e-01
9.180573821067810059e-01
8.705435991287231445e-01
9.094366431236267090e-01
9.061775207519531250e-01
9.009568691253662109e-01
9.188174009323120117e-01
8.705082535743713379e-01
8.911192417144775391e-01
8.906397223472595215e-01
9.287925958633422852e-01
9.153152108192443848e-01
9.280326366424560547e-01
8.355991840362548828e-01
9.070561528205871582e-01
8.728680014610290527e-01
9.226417541503906250e-01
9.361763000488281250e-01
9.466440081596374512e-01
9.309263825416564941e-01
9.290119409561157227e-01
8.610925078392028809e-01
9.154038429260253906e-01
9.254497289657592773e-01
9.264360666275024414e-01
9.503684639930725098e-01
9.634340405464172363e-01
9.762008786201477051e-01
8.586614131927490234e-01
9.681246280670166016e-01
9.416959881782531738e-01
8.486775755882263184e-01
8.358070850372314453e-01
9.602176547050476074e-01
9.841295480728149414e-01
8.716414570808410645e-01
9.774762988090515137e-01
9.811090230941772461e-01
9.814347028732299805e-01
-9.899900000000000000e+04
9.288537502288818359e-01
9.847328662872314453e-01
9.823936820030212402e-01
1.010571479797363281e+00
9.855133891105651855e-01
9.813088774681091309e-01
9.772235155105590820e-01
