6.225892305374145508e-01
6.257067918777465820e-01
6.562239527702331543e-01
6.632860302925109863e-01
6.469347476959228516e-01
6.487110853195190430e-01
6.603446006774902344e-01
6.734821796417236328e-01
6.649832725524902344e-01
6.655529737472534180e-01
6.619139313697814941e-01
6.596245169639587402e-01
6.633976101875305176e-01
6.772983670234680176e-01
6.647344231605529785e-01
6.673680543899536133e-01
6.765583157539367676e-01
6.710654497146606445e-01
6.750097870826721191e-01
6.843210458755493164e-01
6.814482212066650391e-01
6.802825331687927246e-01
6.752519607543945312e-01
6.898391246795654297e-01
6.966059207916259766e-01
7.009621262550354004e-01
6.915603280067443848e-01
6.934535503387451172e-01
6.843441128730773926e-01
7.090559601783752441e-01
6.964626312255859375e-01
7.020954489707946777e-01
6.970201134681701660e-01
6.898482441902160645e-01
6.932061910629272461e-01
6.921381354331970215e-01
7.005476951599121094e-01
6.986254453659057617e-01
7.095757722854614258e-01
7.157986760139465332e-01
7.038853764533996582e-01
7.037720084190368652e-01
7.085446119308471680e-01
6.907241940498352051e-01
6.939402818679809570e-01
7.122668027877807617e-01
7.014923691749572754e-01
7.131660580635070801e-01
7.108960151672363281e-01
6.954123973846435547e-01
7.188420891761779785e-01
7.200184464454650879e-01
7.174288630485534668e-01
7.173008322715759277e-01
7.203478813171386719e-01
7.045351862907409668e-01
7.085882425308227539e-01
7.138387560844421387e-01
7.125073671340942383e-01
7.181261181831359863e-01
7.283073663711547852e-01
7.346662282943725586e-01
7.348508834838867188e-01
7.288594245910644531e-01
7.035198211669921875e-01
7.368259429931640625e-01
7.119300961494445801e-01
7.440989017486572266e-01
7.220564484596252441e-01
7.417094707489013672e-01
7.393367290496826172e-01
7.262302637100219727e-01
7.204695343971252441e-01
7.401706576347351074e-01
7.480638027191162109e-01
7.641198635101318359e-01
7.612581849098205566e-01
7.325783371925354004e-01
7.155107259750366211e-01
7.427392601966857910e-01
7.642782330513000488e-01
7.526479959487915039e-01
7.479398846626281738e-01
7.631269097328186035e-01
7.656126022338867188e-01
7.563413381576538086e-01
7.811329960823059082e-01
7.597916126251220703e-01
7.790162563323974609e-01
7.853413820266723633e-01
7.671683430671691895e-01
7.730414867401123047e-01
7.826673984527587891e-01
7.915710210800170898e-01
7.906073331832885742e-01
7.968450188636779785e-01
7.578588128089904785e-01
7.921592593193054199e-01
7.872198224067687988e-01
7.862113714218139648e-01
7.754286527633666992e-01
8.017248511314392090e-01
7.767117619514465332e-01
7.739823460578918457e-01
7.908474802970886230e-01
8.108341693878173828e-01
8.057837486267089844e-01
7.807036638259887695e-01
8.165938854217529297e-01
8.258953690528869629e-01
8.205814361572265625e-01
7.938860654830932617e-01
8.199195861816406250e-01
8.197159767150878906e-01
8.224003314971923828e-01
8.243795037269592285e-01
8.115684390068054199e-01
8.025023937225341797e-01
8.517494797706604004e-01
8.190186619758605957e-01
8.336187601089477539e-01
7.702519893646240234e-01
8.521595001220703125e-01
8.334435820579528809e-01
7.894917726516723633e-01
8.315203189849853516e-01
8.551067113876342773e-01
8.565128445625305176e-01
8.555897474288940430e-01
8.549782037734985352e-01
8.629875779151916504e-01
8.518072366714477539e-01
8.574533462524414062e-01
8.545891642570495605e-01
8.626049757003784180e-01
8.730098605155944824e-01
8.547673821449279785e-01
8.417690992355346680e-01
8.779049515724182129e-01
8.742128610610961914e-01
8.742377758026123047e-01
8.708285689353942871e-01
8.961011171340942383e-01
8.959332704544067383e-01
8.854575753211975098e-01
8.791332840919494629e-01
9.063988327980041504e-01
8.946530818939208984e-01
8.800272345542907715e-01
8.959708213806152344e-01
9.106563925743103027e-01
9.016434550285339355e-01
8.887298107147216797e-01
9.007718563079833984e-01
8.773656487464904785e-01
9.029758572578430176e-01
9.031035900115966797e-01
9.114597439765930176e-01
9.054099321365356445e-01
9.209033250808715820e-01
8.824865818023681641e-01
9.074317216873168945e-01
9.028671979904174805e-01
8.968276381492614746e-01
9.180243015289306641e-01
9.241002798080444336e-01
9.000398516654968262e-01
8.246927857398986816e-01
9.279561638832092285e-01
9.232937693595886230e-01
9.040107131004333496e-01
9.254594445228576660e-01
9.207097887992858887e-01
8.174211978912353516e-01
8.799931406974792480e-01
7.660718560218811035e-01
9.471063613891601562e-01
9.330481290817260742e-01
8.777704238891601562e-01
9.294754266738891602e-01
9.561172127723693848e-01
9.516325592994689941e-01
9.531385898590087891e-01
7.766261100769042969e-01
9.218288660049438477e-01
9.414598345756530762e-01
9.302459359169006348e-01
9.269306063652038574e-01
9.774512648582458496e-01
9.121599197387695312e-01
9.548129439353942871e-01
9.300972223281860352e-01
9.720001816749572754e-01
8.344827890396118164e-01
9.717781543731689453e-01
9.716741442680358887e-01
9.879853725433349609e-01
9.642358422279357910e-01
9.874836206436157227e-01
-9.899900000000000000e+04
8.598966598510742188e-01
1.003647327423095703e+00
-9.899900000000000000e+04
9.945460557937622070e-01
