6.225892305374145508e-01
6.245424747467041016e-01
6.412144899368286133e-01
6.632860302925109863e-01
6.661324501037597656e-01
6.692129373550415039e-01
6.616687774658203125e-01
6.693965792655944824e-01
6.734914183616638184e-01
6.793448328971862793e-01
6.752379536628723145e-01
6.596245169639587402e-01
6.681141257286071777e-01
6.589918732643127441e-01
6.639691591262817383e-01
6.695431470870971680e-01
6.758943796157836914e-01
6.668570041656494141e-01
6.746504306793212891e-01
6.810218691825866699e-01
6.739029288291931152e-01
6.770913004875183105e-01
6.606175303459167480e-01
7.045492529869079590e-01
7.016018033027648926e-01
6.888324022293090820e-01
7.008069157600402832e-01
7.043316960334777832e-01
6.830921769142150879e-01
6.963743567466735840e-01
6.826681494712829590e-01
7.006130218505859375e-01
7.024661898612976074e-01
6.944863796234130859e-01
6.906653642654418945e-01
6.991950869560241699e-01
7.006449103355407715e-01
6.987879276275634766e-01
6.997444033622741699e-01
7.087382674217224121e-01
7.138149142265319824e-01
7.022188901901245117e-01
7.044899463653564453e-01
7.087177634239196777e-01
6.989806294441223145e-01
6.856774091720581055e-01
7.071505188941955566e-01
7.147107124328613281e-01
7.143349647521972656e-01
6.933891177177429199e-01
7.022007703781127930e-01
7.137738466262817383e-01
6.970874071121215820e-01
7.064058184623718262e-01
7.165543437004089355e-01
7.067346572875976562e-01
7.039893865585327148e-01
7.226204276084899902e-01
7.260856628417968750e-01
7.051262855529785156e-01
7.315896153450012207e-01
7.127481698989868164e-01
7.193378806114196777e-01
7.303569316864013672e-01
7.192634344100952148e-01
7.350772023200988770e-01
7.226488590240478516e-01
7.340899109840393066e-01
7.414529919624328613e-01
7.396451830863952637e-01
7.241459488868713379e-01
7.461335659027099609e-01
7.170636653900146484e-01
7.540916800498962402e-01
7.384896278381347656e-01
7.336845397949218750e-01
7.374935746192932129e-01
7.627618312835693359e-01
7.573972940444946289e-01
7.635650634765625000e-01
7.376589775085449219e-01
7.503332495689392090e-01
7.485700249671936035e-01
7.567813396453857422e-01
7.726406455039978027e-01
7.431781888008117676e-01
7.783678770065307617e-01
7.579970955848693848e-01
7.453892230987548828e-01
7.752006649971008301e-01
7.857775688171386719e-01
7.781227827072143555e-01
7.859428524971008301e-01
7.631995677947998047e-01
7.815722823143005371e-01
7.983567714691162109e-01
8.010079264640808105e-01
7.993100285530090332e-01
7.964817881584167480e-01
7.790597677230834961e-01
7.850020527839660645e-01
7.693268060684204102e-01
7.915863394737243652e-01
7.825680971145629883e-01
8.039258718490600586e-01
7.851657867431640625e-01
7.813346982002258301e-01
7.827681303024291992e-01
7.850878238677978516e-01
8.038079142570495605e-01
7.902092933654785156e-01
8.047189712524414062e-01
8.155252933502197266e-01
8.134161829948425293e-01
8.141822814941406250e-01
8.197740912437438965e-01
8.234162330627441406e-01
8.413481712341308594e-01
8.241950869560241699e-01
8.415879011154174805e-01
8.309764266014099121e-01
8.511775135993957520e-01
8.191807866096496582e-01
8.340784907341003418e-01
8.434245586395263672e-01
8.413021564483642578e-01
8.591547608375549316e-01
8.448808789253234863e-01
8.591333031654357910e-01
8.654835224151611328e-01
8.513258695602416992e-01
8.584294319152832031e-01
8.555051088333129883e-01
8.642201423645019531e-01
8.801154494285583496e-01
8.741436004638671875e-01
8.768723011016845703e-01
8.781612515449523926e-01
8.487978577613830566e-01
8.749325871467590332e-01
8.729149103164672852e-01
8.785887360572814941e-01
8.951954245567321777e-01
8.836148977279663086e-01
8.962250351905822754e-01
8.744904398918151855e-01
8.997097015380859375e-01
8.748475909233093262e-01
8.745973706245422363e-01
9.024766087532043457e-01
8.977183699607849121e-01
8.933555483818054199e-01
8.965868949890136719e-01
8.649922609329223633e-01
8.886269927024841309e-01
8.315187692642211914e-01
8.568100929260253906e-01
8.925164341926574707e-01
9.116564989089965820e-01
9.196245670318603516e-01
9.072210192680358887e-01
9.126906991004943848e-01
9.111897945404052734e-01
9.171088933944702148e-01
8.955029845237731934e-01
8.443018794059753418e-01
9.222982525825500488e-01
9.128425717353820801e-01
9.105258584022521973e-01
9.181952476501464844e-01
8.856359124183654785e-01
8.967962265014648438e-01
9.310051202774047852e-01
8.277000188827514648e-01
9.135696887969970703e-01
9.543491601943969727e-01
9.264824986457824707e-01
8.744001984596252441e-01
9.525088071823120117e-01
9.495810866355895996e-01
9.456778764724731445e-01
8.138800859451293945e-01
9.490060806274414062e-01
7.688807845115661621e-01
8.101193904876708984e-01
9.395203590393066406e-01
9.264435768127441406e-01
9.678332805633544922e-01
8.500667214393615723e-01
8.870130777359008789e-01
9.543867111206054688e-01
9.615827798843383789e-01
9.858709573745727539e-01
-9.899900000000000000e+04
9.775164723396301270e-01
-9.899900000000000000e+04
9.904207587242126465e-01
1.005012154579162598e+00
9.687745571136474609e-01
-9.899900000000000000e+04
9.878585934638977051e-01
9.228195548057556152e-01
9.770048260688781738e-01
