6.461329460144042969e-01
6.257067918777465820e-01
6.407510042190551758e-01
6.632860302925109863e-01
6.627352833747863770e-01
6.493827104568481445e-01
6.686866879463195801e-01
6.693965792655944824e-01
6.592803001403808594e-01
6.654602885246276855e-01
6.664795279502868652e-01
6.636283397674560547e-01
6.678974032402038574e-01
6.553989648818969727e-01
6.672530174255371094e-01
6.690617203712463379e-01
6.677132844924926758e-01
6.668570041656494141e-01
6.693843007087707520e-01
6.741706728935241699e-01
6.925835013389587402e-01
6.802825331687927246e-01
6.847697496414184570e-01
6.934551596641540527e-01
7.024981975555419922e-01
7.034397721290588379e-01
6.893593072891235352e-01
7.040576338768005371e-01
6.996704936027526855e-01
6.898700594902038574e-01
6.735384464263916016e-01
7.123299241065979004e-01
6.960031986236572266e-01
6.971195936203002930e-01
6.933560371398925781e-01
6.955752968788146973e-01
7.045052051544189453e-01
6.997693777084350586e-01
7.084416747093200684e-01
7.093575596809387207e-01
6.991627812385559082e-01
6.942070722579956055e-01
7.096321582794189453e-01
7.111676931381225586e-01
7.086278200149536133e-01
6.920992136001586914e-01
7.022421360015869141e-01
7.228567600250244141e-01
7.165289521217346191e-01
6.977618336677551270e-01
7.009348869323730469e-01
7.133069038391113281e-01
7.190482020378112793e-01
7.006375789642333984e-01
7.149792909622192383e-01
7.098627686500549316e-01
7.044664025306701660e-01
7.053841352462768555e-01
7.248234748840332031e-01
7.186870574951171875e-01
6.954545378684997559e-01
7.318459153175354004e-01
7.211189866065979004e-01
7.228299975395202637e-01
6.958110332489013672e-01
7.197328209877014160e-01
7.212362289428710938e-01
7.394169569015502930e-01
7.396179437637329102e-01
7.379194498062133789e-01
7.260092496871948242e-01
7.369700074195861816e-01
7.180809974670410156e-01
7.514839768409729004e-01
7.381221055984497070e-01
7.410453557968139648e-01
7.395199537277221680e-01
7.580604553222656250e-01
7.739031314849853516e-01
7.581239342689514160e-01
7.560595870018005371e-01
7.557252049446105957e-01
7.575264573097229004e-01
7.598862051963806152e-01
7.640929818153381348e-01
7.619085311889648438e-01
7.752411365509033203e-01
7.529284954071044922e-01
7.843972444534301758e-01
7.622998952865600586e-01
7.714446783065795898e-01
7.769556641578674316e-01
7.873741984367370605e-01
7.944837808609008789e-01
7.627446055412292480e-01
7.866104841232299805e-01
7.943820953369140625e-01
7.894960045814514160e-01
7.776074409484863281e-01
7.899634838104248047e-01
7.932171225547790527e-01
7.993699908256530762e-01
7.982944846153259277e-01
8.016880750656127930e-01
8.101893663406372070e-01
8.072829842567443848e-01
7.867338657379150391e-01
8.113630414009094238e-01
7.971109747886657715e-01
8.106869459152221680e-01
8.135795593261718750e-01
8.162008523941040039e-01
8.183264732360839844e-01
8.259270191192626953e-01
8.000270724296569824e-01
8.260353803634643555e-01
8.105146884918212891e-01
8.160907626152038574e-01
8.127114772796630859e-01
8.198832869529724121e-01
8.286343812942504883e-01
8.427097201347351074e-01
8.422546386718750000e-01
8.400446772575378418e-01
7.870090603828430176e-01
8.727943897247314453e-01
8.577657341957092285e-01
8.641052842140197754e-01
8.403989672660827637e-01
8.316956758499145508e-01
8.540918231010437012e-01
8.617138862609863281e-01
8.710584044456481934e-01
8.456080555915832520e-01
8.745150566101074219e-01
8.756772875785827637e-01
8.757807612419128418e-01
8.459320068359375000e-01
7.608608007431030273e-01
8.681843876838684082e-01
8.567049503326416016e-01
8.794519901275634766e-01
8.530125021934509277e-01
8.865957260131835938e-01
8.723328113555908203e-01
8.887845873832702637e-01
8.804437518119812012e-01
8.817883133888244629e-01
8.279289603233337402e-01
8.953670859336853027e-01
8.703084588050842285e-01
8.844308257102966309e-01
9.042133688926696777e-01
8.994729518890380859e-01
8.920056819915771484e-01
9.242182970046997070e-01
8.988733291625976562e-01
9.144156575202941895e-01
8.941313028335571289e-01
9.135082960128784180e-01
8.992924094200134277e-01
9.256537556648254395e-01
9.116445779800415039e-01
8.935286402702331543e-01
8.247596621513366699e-01
8.981584906578063965e-01
9.178045988082885742e-01
9.279953241348266602e-01
8.402636051177978516e-01
9.288587570190429688e-01
9.220520853996276855e-01
9.111036658287048340e-01
9.454910159111022949e-01
7.734126448631286621e-01
9.311046600341796875e-01
8.818871378898620605e-01
9.469876289367675781e-01
9.031966328620910645e-01
9.539610743522644043e-01
9.325139522552490234e-01
9.360164999961853027e-01
8.271656036376953125e-01
9.409252405166625977e-01
9.659140706062316895e-01
9.088770747184753418e-01
9.348065257072448730e-01
9.821206331253051758e-01
9.444518089294433594e-01
8.621675372123718262e-01
9.515340328216552734e-01
9.669586420059204102e-01
9.783749580383300781e-01
9.732508659362792969e-01
8.799962401390075684e-01
9.517464637756347656e-01
8.650954961776733398e-01
9.952845573425292969e-01
9.057631492614746094e-01
8.596648573875427246e-01
9.808341860771179199e-01
9.864957928657531738e-01
8.961707353591918945e-01
9.835320115089416504e-01
-9.899900000000000000e+04
-9.899900000000000000e+04
9.771770834922790527e-01
-9.899900000000000000e+04
9.823913574218750000e-01
-9.899900000000000000e+04
-9.899900000000000000e+04
-9.899900000000000000e+04
