6.225892305374145508e-01
6.358127593994140625e-01
6.412144899368286133e-01
6.632860302925109863e-01
6.627352833747863770e-01
6.645812392234802246e-01
6.613437533378601074e-01
6.608954071998596191e-01
6.583522558212280273e-01
6.673698425292968750e-01
6.639269590377807617e-01
6.613467335700988770e-01
6.753827929496765137e-01
6.546568870544433594e-01
6.657516956329345703e-01
6.734188199043273926e-01
6.745044589042663574e-01
6.603123545646667480e-01
6.890469193458557129e-01
6.843210458755493164e-01
6.876512169837951660e-01
6.884125471115112305e-01
6.765956282615661621e-01
6.880162358283996582e-01
6.923391222953796387e-01
6.888324022293090820e-01
7.030092477798461914e-01
6.986656785011291504e-01
6.762709021568298340e-01
6.925014853477478027e-01
7.072785496711730957e-01
6.954005360603332520e-01
6.974868178367614746e-01
6.926406025886535645e-01
6.941004991531372070e-01
7.046407461166381836e-01
7.008129358291625977e-01
6.986204385757446289e-01
7.097616195678710938e-01
7.162116169929504395e-01
7.123741507530212402e-01
7.126745581626892090e-01
7.050837874412536621e-01
7.122208476066589355e-01
7.087814211845397949e-01
7.077136635780334473e-01
6.970891952514648438e-01
7.103734016418457031e-01
7.140033245086669922e-01
6.970946192741394043e-01
7.149550914764404297e-01
7.115185856819152832e-01
6.947122812271118164e-01
7.166299819946289062e-01
6.898629665374755859e-01
7.227215766906738281e-01
6.833872795104980469e-01
7.045187354087829590e-01
7.137954235076904297e-01
7.115232944488525391e-01
7.328419089317321777e-01
7.335808873176574707e-01
7.255678176879882812e-01
7.205184102058410645e-01
7.330895066261291504e-01
7.182496786117553711e-01
7.325879335403442383e-01
7.239513993263244629e-01
7.173142433166503906e-01
7.220790982246398926e-01
7.247781157493591309e-01
7.421784400939941406e-01
7.550168633460998535e-01
7.432904243469238281e-01
7.465161681175231934e-01
7.745127081871032715e-01
7.478479146957397461e-01
7.478429675102233887e-01
7.573023438453674316e-01
7.580436468124389648e-01
7.574716210365295410e-01
7.385073304176330566e-01
7.699913382530212402e-01
7.145619988441467285e-01
7.667955160140991211e-01
7.780239582061767578e-01
7.463650107383728027e-01
7.776583433151245117e-01
7.399679422378540039e-01
7.531249523162841797e-01
7.796778678894042969e-01
7.909275889396667480e-01
7.821698188781738281e-01
7.907930612564086914e-01
7.750986218452453613e-01
7.846061587333679199e-01
7.986323237419128418e-01
7.889440655708312988e-01
7.831960320472717285e-01
7.516696453094482422e-01
7.992525100708007812e-01
7.695446610450744629e-01
7.966201901435852051e-01
7.791234254837036133e-01
8.032293915748596191e-01
7.708232402801513672e-01
7.986720204353332520e-01
8.149113059043884277e-01
8.127620816230773926e-01
8.003482222557067871e-01
7.912562489509582520e-01
8.153434991836547852e-01
8.217662572860717773e-01
8.137768507003784180e-01
8.179767727851867676e-01
8.200663924217224121e-01
8.005292415618896484e-01
7.960895895957946777e-01
8.321942090988159180e-01
8.289409279823303223e-01
8.413698077201843262e-01
8.387103080749511719e-01
8.535234332084655762e-01
8.650394082069396973e-01
8.362643718719482422e-01
8.436725735664367676e-01
8.654477596282958984e-01
8.625923395156860352e-01
8.631427884101867676e-01
8.596177697181701660e-01
8.405112624168395996e-01
8.672455549240112305e-01
8.499813079833984375e-01
8.276608586311340332e-01
8.669347763061523438e-01
8.588534593582153320e-01
8.389896154403686523e-01
8.730066418647766113e-01
8.810827136039733887e-01
8.754637837409973145e-01
8.797290325164794922e-01
7.884252071380615234e-01
8.606010675430297852e-01
8.787110447883605957e-01
8.971860408782958984e-01
8.983523249626159668e-01
8.852391242980957031e-01
8.987391591072082520e-01
8.816259503364562988e-01
8.878809809684753418e-01
8.173961043357849121e-01
8.832664489746093750e-01
9.117423892021179199e-01
9.046257138252258301e-01
8.863337039947509766e-01
8.741750121116638184e-01
8.929570317268371582e-01
9.126515388488769531e-01
9.135081768035888672e-01
8.880021572113037109e-01
9.016733765602111816e-01
9.242870211601257324e-01
8.719242215156555176e-01
9.233113527297973633e-01
9.231914281845092773e-01
9.265788197517395020e-01
9.031402468681335449e-01
9.341492652893066406e-01
9.340106248855590820e-01
9.324239492416381836e-01
9.201350212097167969e-01
9.428836107254028320e-01
9.164568781852722168e-01
9.299072623252868652e-01
9.099342226982116699e-01
9.380136132240295410e-01
9.252215623855590820e-01
9.506841897964477539e-01
9.181054830551147461e-01
9.598022103309631348e-01
9.291839599609375000e-01
9.545816779136657715e-01
9.617304801940917969e-01
9.170295596122741699e-01
9.484742879867553711e-01
9.592106342315673828e-01
9.336948394775390625e-01
9.820501804351806641e-01
9.474205374717712402e-01
9.467161893844604492e-01
9.259884953498840332e-01
7.404972910881042480e-01
9.574974179267883301e-01
9.330647587776184082e-01
9.563960433006286621e-01
9.442285299301147461e-01
9.691404104232788086e-01
9.759727120399475098e-01
9.747379422187805176e-01
9.482817053794860840e-01
7.917705774307250977e-01
-9.899900000000000000e+04
9.737710356712341309e-01
-9.899900000000000000e+04
-9.899900000000000000e+04
9.995267391204833984e-01
9.794199466705322266e-01
9.710415005683898926e-01
-9.899900000000000000e+04
8.532102704048156738e-01
-9.899900000000000000e+04
9.739645719528198242e-01
-9.899900000000000000e+04
-9.899900000000000000e+04
-9.899900000000000000e+04
-9.899900000000000000e+04
-9.899900000000000000e+04
-9.899900000000000000e+04
-9.899900000000000000e+04
8.898677229881286621e-01
-9.899900000000000000e+04
-9.899900000000000000e+04
-9.899900000000000000e+04
-9.899900000000000000e+04
-9.899900000000000000e+04
9.750455617904663086e-01
2.459643930196762085e-01
-9.899900000000000000e+04
9.926832318305969238e-01
-9.899900000000000000e+04
-9.899900000000000000e+04
-9.899900000000000000e+04
-9.899900000000000000e+04
9.004883170127868652e-01
-9.899900000000000000e+04
-9.899900000000000000e+04
-9.899900000000000000e+04
-9.899900000000000000e+04
-9.899900000000000000e+04
1.013259768486022949e+00
-9.899900000000000000e+04
-9.899900000000000000e+04
-9.899900000000000000e+04
-9.899900000000000000e+04
-9.899900000000000000e+04
-9.899900000000000000e+04
-9.899900000000000000e+04
-9.899900000000000000e+04
-9.899900000000000000e+04
-9.899900000000000000e+04
-9.899900000000000000e+04
-9.899900000000000000e+04
-9.899900000000000000e+04
