6.225892305374145508e-01
6.517849564552307129e-01
6.412144899368286133e-01
6.632860302925109863e-01
6.627352833747863770e-01
6.472339630126953125e-01
6.616687774658203125e-01
6.678663492202758789e-01
6.562860608100891113e-01
6.654602885246276855e-01
6.664795279502868652e-01
6.777954697608947754e-01
6.681141257286071777e-01
6.711479425430297852e-01
6.669101715087890625e-01
6.813394427299499512e-01
6.809154748916625977e-01
6.876502633094787598e-01
6.691300868988037109e-01
6.927700638771057129e-01
6.811931729316711426e-01
6.801605224609375000e-01
6.518429517745971680e-01
6.806368827819824219e-01
6.959494352340698242e-01
6.966674327850341797e-01
6.895635724067687988e-01
6.971027255058288574e-01
6.996704936027526855e-01
6.984550952911376953e-01
7.044145464897155762e-01
6.981608867645263672e-01
6.940789222717285156e-01
6.986690759658813477e-01
6.920434832572937012e-01
6.930131912231445312e-01
6.940272450447082520e-01
6.950572729110717773e-01
7.044388055801391602e-01
7.186087369918823242e-01
7.102538943290710449e-01
7.038241028785705566e-01
7.078484296798706055e-01
6.926764845848083496e-01
7.099899649620056152e-01
6.934310793876647949e-01
6.983445286750793457e-01
7.183119654655456543e-01
6.967872977256774902e-01
7.153614163398742676e-01
7.049748301506042480e-01
7.181337475776672363e-01
6.862982511520385742e-01
7.308279275894165039e-01
6.940357089042663574e-01
7.200536727905273438e-01
6.745855212211608887e-01
7.120567560195922852e-01
7.381550073623657227e-01
7.286003828048706055e-01
7.264171838760375977e-01
7.061203718185424805e-01
7.290093302726745605e-01
7.250187397003173828e-01
7.368423342704772949e-01
7.252370119094848633e-01
7.059236764907836914e-01
7.250223159790039062e-01
7.263180613517761230e-01
7.375350594520568848e-01
7.259464859962463379e-01
7.435544133186340332e-01
7.284914255142211914e-01
7.472965121269226074e-01
7.505670189857482910e-01
7.167913913726806641e-01
7.471423745155334473e-01
7.113058567047119141e-01
7.516066431999206543e-01
7.311356067657470703e-01
7.401028871536254883e-01
7.497494816780090332e-01
7.511370778083801270e-01
7.539207935333251953e-01
7.577739953994750977e-01
7.533165216445922852e-01
7.609902024269104004e-01
7.800442576408386230e-01
7.726930975914001465e-01
7.791219949722290039e-01
7.858724594116210938e-01
7.882723212242126465e-01
7.648425698280334473e-01
7.933847904205322266e-01
7.844676971435546875e-01
7.713840007781982422e-01
7.794600725173950195e-01
7.974717020988464355e-01
7.727058529853820801e-01
7.561624050140380859e-01
7.907460927963256836e-01
7.633726596832275391e-01
7.963554859161376953e-01
7.953014373779296875e-01
7.935823202133178711e-01
7.949593663215637207e-01
7.998397350311279297e-01
8.045146465301513672e-01
8.227660059928894043e-01
7.935495376586914062e-01
7.988345623016357422e-01
8.139281272888183594e-01
8.091717958450317383e-01
8.051341772079467773e-01
8.325203061103820801e-01
8.067983388900756836e-01
8.230224847793579102e-01
8.383488655090332031e-01
8.451405763626098633e-01
8.068800568580627441e-01
8.413065075874328613e-01
8.465805053710937500e-01
8.495382070541381836e-01
8.533859848976135254e-01
8.480308055877685547e-01
8.672717809677124023e-01
8.735188245773315430e-01
8.466948270797729492e-01
8.619264960289001465e-01
8.585142493247985840e-01
8.512654304504394531e-01
8.516661524772644043e-01
8.718545436859130859e-01
8.688336014747619629e-01
8.660158514976501465e-01
8.722621202468872070e-01
8.668166399002075195e-01
8.607999682426452637e-01
8.766995668411254883e-01
8.207872509956359863e-01
8.900175094604492188e-01
8.804749250411987305e-01
8.571216464042663574e-01
8.752095699310302734e-01
8.965417146682739258e-01
9.142134785652160645e-01
8.998580574989318848e-01
8.785843253135681152e-01
8.721943497657775879e-01
8.465726971626281738e-01
8.881402611732482910e-01
8.945108056068420410e-01
9.100247025489807129e-01
8.947039842605590820e-01
8.973714709281921387e-01
9.025399088859558105e-01
8.649784326553344727e-01
9.073585271835327148e-01
8.833037614822387695e-01
9.048945307731628418e-01
9.302942156791687012e-01
9.256935119628906250e-01
9.161071777343750000e-01
9.101536870002746582e-01
9.087522029876708984e-01
9.234839081764221191e-01
9.054005146026611328e-01
9.296550750732421875e-01
8.824140429496765137e-01
9.388303160667419434e-01
9.106909036636352539e-01
9.297127723693847656e-01
8.838996291160583496e-01
7.935169339179992676e-01
9.353582262992858887e-01
9.015889167785644531e-01
9.301075935363769531e-01
9.003106951713562012e-01
9.511296153068542480e-01
9.526512026786804199e-01
9.494909048080444336e-01
9.296318292617797852e-01
8.974623084068298340e-01
9.275788664817810059e-01
8.119417428970336914e-01
9.488448500633239746e-01
9.622794985771179199e-01
9.472850561141967773e-01
9.622645974159240723e-01
9.531945586204528809e-01
9.612179398536682129e-01
9.717449545860290527e-01
9.264977574348449707e-01
9.640065431594848633e-01
9.863033294677734375e-01
9.653587937355041504e-01
7.863940596580505371e-01
9.793376922607421875e-01
9.719599485397338867e-01
9.919123649597167969e-01
9.796152710914611816e-01
9.891430139541625977e-01
