6.225892305374145508e-01
6.517849564552307129e-01
6.562239527702331543e-01
6.632860302925109863e-01
6.476992368698120117e-01
6.525678634643554688e-01
6.561157107353210449e-01
6.678663492202758789e-01
6.592803001403808594e-01
6.654602885246276855e-01
6.664795279502868652e-01
6.596245169639587402e-01
6.819658279418945312e-01
6.711479425430297852e-01
6.675803661346435547e-01
6.734188199043273926e-01
6.755884289741516113e-01
6.710654497146606445e-01
6.697576045989990234e-01
6.821352243423461914e-01
6.899451017379760742e-01
6.750268340110778809e-01
6.749833226203918457e-01
6.926614642143249512e-01
6.968566179275512695e-01
6.874428987503051758e-01
6.895312070846557617e-01
7.043316960334777832e-01
6.996704936027526855e-01
6.932346820831298828e-01
6.940954327583312988e-01
7.020954489707946777e-01
7.012112736701965332e-01
6.910005211830139160e-01
6.916729211807250977e-01
7.028777599334716797e-01
6.935344338417053223e-01
7.035740017890930176e-01
7.080863118171691895e-01
7.112755775451660156e-01
7.005009055137634277e-01
7.099519371986389160e-01
7.051421999931335449e-01
6.950693130493164062e-01
6.999396681785583496e-01
7.061484456062316895e-01
6.990699768066406250e-01
7.095143795013427734e-01
7.089035511016845703e-01
7.107096910476684570e-01
7.173232436180114746e-01
6.991670131683349609e-01
7.129081487655639648e-01
7.129321694374084473e-01
7.163820266723632812e-01
7.183037996292114258e-01
7.207902073860168457e-01
7.105004787445068359e-01
7.122146487236022949e-01
7.281290888786315918e-01
7.295884490013122559e-01
7.028965353965759277e-01
7.245768308639526367e-01
7.152959108352661133e-01
7.348600029945373535e-01
7.383692264556884766e-01
7.405911684036254883e-01
7.226037979125976562e-01
7.018461227416992188e-01
7.387061715126037598e-01
7.316576838493347168e-01
7.215278148651123047e-01
7.264987230300903320e-01
7.452594637870788574e-01
7.595622539520263672e-01
7.330985665321350098e-01
7.504066228866577148e-01
7.272004485130310059e-01
7.306029200553894043e-01
7.363836169242858887e-01
7.517287731170654297e-01
6.976607441902160645e-01
7.400201559066772461e-01
7.657476663589477539e-01
7.680819034576416016e-01
7.435034513473510742e-01
7.705347537994384766e-01
7.753185033798217773e-01
7.811468243598937988e-01
7.849188446998596191e-01
7.684578895568847656e-01
7.931839227676391602e-01
8.022212982177734375e-01
7.967319488525390625e-01
7.836074233055114746e-01
7.602466344833374023e-01
7.919539809226989746e-01
8.067651987075805664e-01
7.971100211143493652e-01
7.937967777252197266e-01
7.788315415382385254e-01
7.812219858169555664e-01
7.751128077507019043e-01
7.956489324569702148e-01
7.932812571525573730e-01
8.027619123458862305e-01
7.978537678718566895e-01
8.185471892356872559e-01
7.994628548622131348e-01
8.117375373840332031e-01
7.976534962654113770e-01
8.019924163818359375e-01
8.317123055458068848e-01
8.136479854583740234e-01
8.054010868072509766e-01
8.044231534004211426e-01
8.281338214874267578e-01
8.184375166893005371e-01
8.392881155014038086e-01
8.302397131919860840e-01
8.188071250915527344e-01
8.370270729064941406e-01
8.494995236396789551e-01
8.581961989402770996e-01
8.484178781509399414e-01
8.522869944572448730e-01
8.528491854667663574e-01
8.659974932670593262e-01
8.223828673362731934e-01
8.579987287521362305e-01
8.526373505592346191e-01
8.510323762893676758e-01
8.664089441299438477e-01
8.695478439331054688e-01
8.549146652221679688e-01
8.640809059143066406e-01
8.673415184020996094e-01
8.972227573394775391e-01
8.450913429260253906e-01
8.839140534400939941e-01
8.832356929779052734e-01
8.793749809265136719e-01
8.778995275497436523e-01
8.864136338233947754e-01
8.875392675399780273e-01
8.886758685111999512e-01
8.753227591514587402e-01
8.824505805969238281e-01
9.102468490600585938e-01
8.908583521842956543e-01
8.888806700706481934e-01
8.995991349220275879e-01
8.875838518142700195e-01
8.499239087104797363e-01
8.794317841529846191e-01
9.024418592453002930e-01
9.177622795104980469e-01
8.922756910324096680e-01
9.058510661125183105e-01
9.212384819984436035e-01
9.232318401336669922e-01
9.099193811416625977e-01
8.939315676689147949e-01
9.164497852325439453e-01
9.213063716888427734e-01
9.004978537559509277e-01
9.159625768661499023e-01
8.610931038856506348e-01
9.389405250549316406e-01
9.204193949699401855e-01
9.208739995956420898e-01
9.179729819297790527e-01
9.153023958206176758e-01
8.843199610710144043e-01
9.055542349815368652e-01
9.442037940025329590e-01
9.667209386825561523e-01
9.488207697868347168e-01
8.983606696128845215e-01
9.622052311897277832e-01
9.410900473594665527e-01
9.600234627723693848e-01
9.600124955177307129e-01
9.175207018852233887e-01
9.443107843399047852e-01
9.408900737762451172e-01
9.761483073234558105e-01
9.352459907531738281e-01
9.248844981193542480e-01
9.396627545356750488e-01
9.445748329162597656e-01
9.719946384429931641e-01
9.582387804985046387e-01
8.490259051322937012e-01
9.493969678878784180e-01
8.845443725585937500e-01
8.769156336784362793e-01
9.578143358230590820e-01
-9.899900000000000000e+04
9.763162136077880859e-01
9.465047717094421387e-01
9.793909192085266113e-01
-9.899900000000000000e+04
9.485701918601989746e-01
9.957566261291503906e-01
9.932354688644409180e-01
9.852648377418518066e-01
9.760531783103942871e-01
-9.899900000000000000e+04
