6.225892305374145508e-01
6.517849564552307129e-01
6.388311982154846191e-01
6.632860302925109863e-01
6.476992368698120117e-01
6.521380543708801270e-01
6.616687774658203125e-01
6.602364182472229004e-01
6.596282720565795898e-01
6.824432611465454102e-01
6.664795279502868652e-01
6.636283397674560547e-01
6.845522522926330566e-01
6.657763719558715820e-01
6.808091402053833008e-01
6.849688887596130371e-01
6.809154748916625977e-01
6.876502633094787598e-01
6.753183007240295410e-01
6.843210458755493164e-01
6.855949759483337402e-01
6.802825331687927246e-01
6.749833226203918457e-01
7.045492529869079590e-01
6.864434480667114258e-01
7.003075480461120605e-01
7.026354074478149414e-01
6.925571560859680176e-01
6.981388330459594727e-01
6.945591568946838379e-01
6.872646808624267578e-01
7.020954489707946777e-01
6.903439164161682129e-01
6.914362907409667969e-01
6.896747350692749023e-01
6.927673816680908203e-01
6.940272450447082520e-01
7.035740017890930176e-01
6.906545162200927734e-01
7.164593338966369629e-01
6.994587779045104980e-01
7.024904489517211914e-01
7.006703019142150879e-01
6.897045969963073730e-01
7.117613554000854492e-01
7.057896256446838379e-01
6.974409222602844238e-01
7.172974944114685059e-01
7.208458185195922852e-01
7.121597528457641602e-01
6.999930143356323242e-01
7.051184177398681641e-01
6.984109878540039062e-01
7.170565128326416016e-01
7.167268991470336914e-01
7.111279964447021484e-01
7.189169526100158691e-01
7.244683504104614258e-01
7.283913493156433105e-01
7.051978707313537598e-01
7.284559011459350586e-01
7.307108640670776367e-01
7.269663810729980469e-01
7.185862660408020020e-01
7.214964032173156738e-01
7.275534868240356445e-01
7.206783294677734375e-01
7.389282584190368652e-01
7.244569659233093262e-01
7.363986968994140625e-01
7.386247515678405762e-01
7.487232089042663574e-01
7.503793835639953613e-01
7.322084307670593262e-01
7.454878687858581543e-01
7.307394742965698242e-01
7.669005990028381348e-01
7.512337565422058105e-01
7.331205606460571289e-01
7.475340962409973145e-01
7.514680027961730957e-01
7.421477437019348145e-01
7.624696493148803711e-01
7.317005395889282227e-01
7.646634578704833984e-01
7.565991282463073730e-01
7.862413525581359863e-01
7.863385677337646484e-01
7.959287166595458984e-01
7.931267023086547852e-01
7.473507523536682129e-01
7.840400338172912598e-01
7.771096229553222656e-01
7.871996760368347168e-01
7.860151529312133789e-01
7.878924012184143066e-01
7.864984273910522461e-01
7.886850237846374512e-01
7.970536351203918457e-01
7.666220664978027344e-01
7.892320752143859863e-01
7.783223986625671387e-01
7.945606708526611328e-01
8.053561449050903320e-01
7.921432256698608398e-01
8.017703294754028320e-01
8.097465634346008301e-01
8.203974366188049316e-01
8.091937899589538574e-01
8.036620020866394043e-01
8.047425746917724609e-01
7.952387332916259766e-01
8.208578228950500488e-01
7.945765852928161621e-01
8.157908916473388672e-01
8.104425072669982910e-01
8.149876594543457031e-01
8.215038180351257324e-01
7.981766462326049805e-01
8.212101459503173828e-01
8.480825424194335938e-01
8.479959368705749512e-01
8.524785637855529785e-01
8.323847055435180664e-01
8.486448526382446289e-01
8.489918708801269531e-01
8.574555516242980957e-01
8.659750819206237793e-01
8.564227819442749023e-01
8.594487309455871582e-01
8.638393282890319824e-01
8.621569871902465820e-01
8.779257535934448242e-01
8.270696401596069336e-01
8.756941556930541992e-01
8.675188422203063965e-01
8.766810297966003418e-01
8.637583851814270020e-01
8.670336604118347168e-01
8.629069924354553223e-01
7.824047803878784180e-01
8.582361340522766113e-01
8.761695027351379395e-01
8.784511089324951172e-01
8.835595250129699707e-01
8.937596678733825684e-01
8.926269412040710449e-01
8.717789053916931152e-01
8.890179991722106934e-01
8.845139741897583008e-01
8.965397477149963379e-01
9.080927371978759766e-01
8.877727389335632324e-01
8.687850832939147949e-01
8.912601470947265625e-01
8.997036814689636230e-01
8.846362829208374023e-01
9.208059906959533691e-01
9.065344333648681641e-01
9.179191589355468750e-01
9.133098721504211426e-01
9.200824499130249023e-01
8.772678971290588379e-01
9.219934940338134766e-01
9.175007939338684082e-01
9.197040796279907227e-01
9.163240194320678711e-01
8.805326223373413086e-01
9.219574928283691406e-01
8.610916137695312500e-01
7.521628141403198242e-01
8.167408108711242676e-01
9.245455861091613770e-01
8.769095540046691895e-01
9.145728349685668945e-01
9.409946203231811523e-01
9.385396242141723633e-01
9.351710677146911621e-01
9.285131096839904785e-01
9.349284172058105469e-01
9.341208338737487793e-01
9.504576325416564941e-01
8.240298628807067871e-01
9.579818844795227051e-01
9.284437298774719238e-01
9.763695597648620605e-01
9.467468261718750000e-01
9.615873694419860840e-01
9.357241988182067871e-01
9.781556129455566406e-01
9.804312586784362793e-01
9.606168270111083984e-01
9.730500578880310059e-01
8.363315463066101074e-01
9.716138243675231934e-01
9.777627587318420410e-01
1.000763297080993652e+00
8.263149261474609375e-01
9.663525819778442383e-01
9.622558951377868652e-01
8.461384177207946777e-01
9.769865274429321289e-01
9.686703085899353027e-01
9.972932338714599609e-01
9.100225567817687988e-01
7.604297399520874023e-01
8.661316633224487305e-01
-9.899900000000000000e+04
8.814621567726135254e-01
-9.899900000000000000e+04
-9.899900000000000000e+04
9.306404590606689453e-01
-9.899900000000000000e+04
8.953275680541992188e-01
-9.899900000000000000e+04
-9.899900000000000000e+04
-9.899900000000000000e+04
-9.899900000000000000e+04
-9.899900000000000000e+04
8.821229338645935059e-01
-9.899900000000000000e+04
-9.899900000000000000e+04
-9.899900000000000000e+04
-9.899900000000000000e+04
8.685137629508972168e-01
-9.899900000000000000e+04
-9.899900000000000000e+04
-9.899900000000000000e+04
-9.899900000000000000e+04
-9.899900000000000000e+04
-9.899900000000000000e+04
