6.461329460144042969e-01
6.257067918777465820e-01
6.407510042190551758e-01
6.595162153244018555e-01
6.510597467422485352e-01
6.472339630126953125e-01
6.525709033012390137e-01
6.678663492202758789e-01
6.592803001403808594e-01
6.655529737472534180e-01
6.664795279502868652e-01
6.596245169639587402e-01
6.608960032463073730e-01
6.772983670234680176e-01
6.808091402053833008e-01
6.849688887596130371e-01
6.789344549179077148e-01
6.710654497146606445e-01
6.746504306793212891e-01
6.757357120513916016e-01
6.899451017379760742e-01
6.759751439094543457e-01
6.835269927978515625e-01
6.843086481094360352e-01
6.923391222953796387e-01
7.015670537948608398e-01
6.635900139808654785e-01
6.921573877334594727e-01
7.025068998336791992e-01
6.947674155235290527e-01
7.032066583633422852e-01
7.049137353897094727e-01
7.034649848937988281e-01
6.902403831481933594e-01
6.898364424705505371e-01
6.987915635108947754e-01
7.050275802612304688e-01
6.964154839515686035e-01
7.025626897811889648e-01
7.082552313804626465e-01
7.017602920532226562e-01
7.110769152641296387e-01
7.103185653686523438e-01
7.075620293617248535e-01
7.046543359756469727e-01
6.929191350936889648e-01
7.137361764907836914e-01
7.160901427268981934e-01
7.105363011360168457e-01
6.942922472953796387e-01
7.025333046913146973e-01
7.059431672096252441e-01
7.070302367210388184e-01
7.087467312812805176e-01
7.015634179115295410e-01
7.190905809402465820e-01
7.042835354804992676e-01
7.244276404380798340e-01
7.153378725051879883e-01
7.169300913810729980e-01
7.265583276748657227e-01
7.224963307380676270e-01
7.241086363792419434e-01
7.007616162300109863e-01
7.344196438789367676e-01
7.394398450851440430e-01
7.153197526931762695e-01
7.215383052825927734e-01
7.343640923500061035e-01
7.258204221725463867e-01
7.288478016853332520e-01
7.251558899879455566e-01
6.988177895545959473e-01
7.579465508460998535e-01
7.445535659790039062e-01
7.351326346397399902e-01
7.609766125679016113e-01
6.988934278488159180e-01
7.273228168487548828e-01
7.574234008789062500e-01
7.673385739326477051e-01
7.561538219451904297e-01
7.544767856597900391e-01
7.489967942237854004e-01
7.798261046409606934e-01
7.719298005104064941e-01
7.753241062164306641e-01
7.533832192420959473e-01
7.795046567916870117e-01
7.640132308006286621e-01
7.907860875129699707e-01
7.721543312072753906e-01
7.787517905235290527e-01
7.588311433792114258e-01
7.851155400276184082e-01
7.953797578811645508e-01
7.764773368835449219e-01
8.019433021545410156e-01
7.448205351829528809e-01
7.886083126068115234e-01
7.919155359268188477e-01
7.951538562774658203e-01
7.954942584037780762e-01
8.000271320343017578e-01
8.034121394157409668e-01
7.944654822349548340e-01
7.928698062896728516e-01
7.847198843955993652e-01
8.103106021881103516e-01
7.843424677848815918e-01
8.094040155410766602e-01
8.032647371292114258e-01
8.123080730438232422e-01
8.233768939971923828e-01
8.329644203186035156e-01
8.036240935325622559e-01
8.031899929046630859e-01
8.200856447219848633e-01
8.239229917526245117e-01
8.004579544067382812e-01
8.181277513504028320e-01
8.439391255378723145e-01
8.338473439216613770e-01
8.671830892562866211e-01
8.491970300674438477e-01
8.522460460662841797e-01
8.541464805603027344e-01
8.479090332984924316e-01
8.529340028762817383e-01
8.358437418937683105e-01
8.660992980003356934e-01
8.598759770393371582e-01
8.756353855133056641e-01
8.544685244560241699e-01
8.462361097335815430e-01
8.383019566535949707e-01
8.771560192108154297e-01
8.696881532669067383e-01
8.690072298049926758e-01
8.858572244644165039e-01
8.682343363761901855e-01
8.685119748115539551e-01
8.749296665191650391e-01
8.980340957641601562e-01
8.955159783363342285e-01
9.015862941741943359e-01
8.789948225021362305e-01
8.902936577796936035e-01
8.785914778709411621e-01
8.743268847465515137e-01
9.019954204559326172e-01
8.903436064720153809e-01
8.709099888801574707e-01
9.014364480972290039e-01
8.976811170578002930e-01
8.932365775108337402e-01
8.984073996543884277e-01
8.845690488815307617e-01
8.948168158531188965e-01
8.963161706924438477e-01
9.232236742973327637e-01
9.144864082336425781e-01
9.213901162147521973e-01
9.092496633529663086e-01
9.349280595779418945e-01
9.137032628059387207e-01
9.311152100563049316e-01
9.184922575950622559e-01
9.173368811607360840e-01
8.437477946281433105e-01
9.369357824325561523e-01
9.127380847930908203e-01
8.772491216659545898e-01
9.512494802474975586e-01
9.044252038002014160e-01
9.323413968086242676e-01
9.553628563880920410e-01
9.414744377136230469e-01
9.553400874137878418e-01
9.271835684776306152e-01
8.014345169067382812e-01
9.512415528297424316e-01
9.598171710968017578e-01
9.654605388641357422e-01
9.645054340362548828e-01
9.544384479522705078e-01
9.533453583717346191e-01
9.314063191413879395e-01
9.626237154006958008e-01
9.614322185516357422e-01
9.938338994979858398e-01
9.844472408294677734e-01
9.649855494499206543e-01
9.867523312568664551e-01
9.683721065521240234e-01
9.726726412773132324e-01
9.880331754684448242e-01
9.632741808891296387e-01
9.823004007339477539e-01
-9.899900000000000000e+04
9.609028697013854980e-01
9.724189639091491699e-01
9.818387627601623535e-01
-9.899900000000000000e+04
9.751604795455932617e-01
9.972075819969177246e-01
5.558801889419555664e-01
-9.899900000000000000e+04
9.733897447586059570e-01
8.464120626449584961e-01
1.002300500869750977e+00
-9.899900000000000000e+04
9.824333786964416504e-01
-9.899900000000000000e+04
-9.899900000000000000e+04
-9.899900000000000000e+04
9.613019227981567383e-01
-9.899900000000000000e+04
