6.225892305374145508e-01
6.358127593994140625e-01
6.402796506881713867e-01
6.632860302925109863e-01
6.467798352241516113e-01
6.521380543708801270e-01
6.613437533378601074e-01
6.678663492202758789e-01
6.583522558212280273e-01
6.673698425292968750e-01
6.664795279502868652e-01
6.596245169639587402e-01
6.817724108695983887e-01
6.840402483940124512e-01
6.813262104988098145e-01
6.849688887596130371e-01
6.750710010528564453e-01
6.668570041656494141e-01
6.693843007087707520e-01
6.843210458755493164e-01
6.777609586715698242e-01
6.835260391235351562e-01
6.518429517745971680e-01
6.878223419189453125e-01
6.979516148567199707e-01
6.925680041313171387e-01
6.898909211158752441e-01
6.916248798370361328e-01
6.897060275077819824e-01
7.062456607818603516e-01
6.872646808624267578e-01
6.891375184059143066e-01
6.940789222717285156e-01
6.914362907409667969e-01
6.916729211807250977e-01
7.028777599334716797e-01
6.946555376052856445e-01
6.887747645378112793e-01
7.002509832382202148e-01
7.037389278411865234e-01
7.067958712577819824e-01
6.980413198471069336e-01
6.908971667289733887e-01
7.023770213127136230e-01
6.999439001083374023e-01
7.086390852928161621e-01
7.193047404289245605e-01
7.128633856773376465e-01
7.070593237876892090e-01
7.152673602104187012e-01
7.041230201721191406e-01
7.102903723716735840e-01
7.003462910652160645e-01
7.038259506225585938e-01
7.190415859222412109e-01
7.216616272926330566e-01
7.050904035568237305e-01
7.124324440956115723e-01
7.094170451164245605e-01
7.264053821563720703e-01
7.144569754600524902e-01
7.284591794013977051e-01
7.343680858612060547e-01
7.318993806838989258e-01
7.349829673767089844e-01
7.366080284118652344e-01
7.234622240066528320e-01
7.292154431343078613e-01
7.307555675506591797e-01
7.428959608078002930e-01
7.264862656593322754e-01
7.210562229156494141e-01
7.261285185813903809e-01
7.560157775878906250e-01
7.663114070892333984e-01
7.216195464134216309e-01
7.540214657783508301e-01
7.352319955825805664e-01
7.467849850654602051e-01
7.342510223388671875e-01
7.555569410324096680e-01
7.555317878723144531e-01
7.536114454269409180e-01
7.535921335220336914e-01
7.496883869171142578e-01
7.557640075683593750e-01
7.657641172409057617e-01
7.783316373825073242e-01
7.768388986587524414e-01
7.854502201080322266e-01
7.758551836013793945e-01
7.838098406791687012e-01
7.892013788223266602e-01
7.906849384307861328e-01
7.781190872192382812e-01
7.663787603378295898e-01
7.745248079299926758e-01
7.722801566123962402e-01
7.971946597099304199e-01
7.974262237548828125e-01
7.984006404876708984e-01
7.966466546058654785e-01
7.959077954292297363e-01
8.045241832733154297e-01
7.686198949813842773e-01
7.963691353797912598e-01
8.140891790390014648e-01
8.070597648620605469e-01
8.014938831329345703e-01
8.146434426307678223e-01
8.182337284088134766e-01
7.874263525009155273e-01
8.088948130607604980e-01
8.190478086471557617e-01
8.269414901733398438e-01
8.128570914268493652e-01
8.338922858238220215e-01
8.327296972274780273e-01
8.326116204261779785e-01
8.287110328674316406e-01
8.251637220382690430e-01
8.015481829643249512e-01
8.462265729904174805e-01
8.550164699554443359e-01
8.418386578559875488e-01
8.581838011741638184e-01
8.623971343040466309e-01
8.450482487678527832e-01
8.531599640846252441e-01
8.620225191116333008e-01
8.593648076057434082e-01
8.537452816963195801e-01
8.666006922721862793e-01
8.750345110893249512e-01
8.771339058876037598e-01
8.703263998031616211e-01
8.650938272476196289e-01
8.754237890243530273e-01
8.960779309272766113e-01
8.704035282135009766e-01
8.815099000930786133e-01
8.302405476570129395e-01
8.731222748756408691e-01
8.982100486755371094e-01
8.952893614768981934e-01
8.859724402427673340e-01
8.540377616882324219e-01
9.020446538925170898e-01
9.025220870971679688e-01
8.997368812561035156e-01
8.987748026847839355e-01
8.832998871803283691e-01
8.865962028503417969e-01
8.995326757431030273e-01
8.813924789428710938e-01
8.975555896759033203e-01
8.911560177803039551e-01
8.966580629348754883e-01
7.782073616981506348e-01
8.545618057250976562e-01
9.343297481536865234e-01
8.887841701507568359e-01
9.015990495681762695e-01
9.171478152275085449e-01
9.248340725898742676e-01
9.196566343307495117e-01
9.249711632728576660e-01
9.244942069053649902e-01
9.167240262031555176e-01
8.997066617012023926e-01
9.061679244041442871e-01
8.940382599830627441e-01
9.246392846107482910e-01
9.066967964172363281e-01
9.175722002983093262e-01
8.959729671478271484e-01
9.110529422760009766e-01
7.814528942108154297e-01
9.514865875244140625e-01
9.611948132514953613e-01
9.422658681869506836e-01
8.555814027786254883e-01
9.602296352386474609e-01
9.388427734375000000e-01
9.569286108016967773e-01
9.604143500328063965e-01
8.573404550552368164e-01
9.544669985771179199e-01
9.562664031982421875e-01
8.291969895362854004e-01
9.482755064964294434e-01
9.581103920936584473e-01
9.664884209632873535e-01
9.684861898422241211e-01
8.580476045608520508e-01
9.850025177001953125e-01
9.672614336013793945e-01
9.961962699890136719e-01
9.502810239791870117e-01
9.959144592285156250e-01
9.753154516220092773e-01
9.838691949844360352e-01
9.726024270057678223e-01
9.915913343429565430e-01
