6.291534900665283203e-01
6.245424747467041016e-01
6.388311982154846191e-01
6.602879762649536133e-01
6.476992368698120117e-01
6.521380543708801270e-01
6.616687774658203125e-01
6.678663492202758789e-01
6.734914183616638184e-01
6.656666994094848633e-01
6.738380193710327148e-01
6.795358061790466309e-01
6.580088138580322266e-01
6.785833835601806641e-01
6.813262104988098145e-01
6.813394427299499512e-01
6.723968982696533203e-01
6.874428987503051758e-01
6.693843007087707520e-01
6.843210458755493164e-01
6.925835013389587402e-01
6.750268340110778809e-01
6.810171008110046387e-01
6.922023892402648926e-01
7.024981975555419922e-01
7.002797126770019531e-01
7.027961015701293945e-01
7.043316960334777832e-01
6.882811784744262695e-01
6.934182643890380859e-01
6.826096773147583008e-01
7.020954489707946777e-01
6.944659948348999023e-01
7.016736865043640137e-01
6.902229189872741699e-01
6.958934068679809570e-01
6.834532022476196289e-01
6.967431306838989258e-01
6.988788843154907227e-01
6.986958980560302734e-01
7.120158672332763672e-01
7.059940695762634277e-01
6.987264156341552734e-01
7.030254602432250977e-01
6.986554265022277832e-01
6.949102878570556641e-01
7.100667357444763184e-01
7.198287248611450195e-01
6.888610124588012695e-01
6.933891177177429199e-01
7.198545932769775391e-01
7.273488640785217285e-01
7.140620946884155273e-01
6.883693933486938477e-01
7.064277529716491699e-01
7.046158909797668457e-01
7.071470618247985840e-01
7.245813012123107910e-01
6.943701505661010742e-01
7.270344495773315430e-01
7.299887537956237793e-01
7.022157311439514160e-01
7.320549488067626953e-01
6.982689499855041504e-01
7.321728467941284180e-01
7.330065369606018066e-01
7.261838316917419434e-01
7.404271364212036133e-01
7.301218509674072266e-01
7.240032553672790527e-01
7.519151568412780762e-01
7.345067858695983887e-01
7.391100525856018066e-01
7.319654822349548340e-01
7.513910531997680664e-01
7.423080205917358398e-01
7.515578866004943848e-01
7.322311401367187500e-01
7.451558113098144531e-01
7.415845990180969238e-01
7.320163846015930176e-01
7.454134821891784668e-01
7.547338604927062988e-01
7.576321959495544434e-01
7.760903835296630859e-01
7.639187574386596680e-01
7.758015990257263184e-01
7.773869037628173828e-01
7.854773998260498047e-01
7.760490775108337402e-01
7.971968054771423340e-01
7.366720438003540039e-01
7.947755455970764160e-01
7.792507410049438477e-01
7.772614955902099609e-01
7.649215459823608398e-01
7.834614515304565430e-01
7.941119074821472168e-01
7.897905111312866211e-01
7.922047376632690430e-01
7.843841910362243652e-01
7.989447116851806641e-01
7.711142301559448242e-01
8.057968020439147949e-01
8.149546384811401367e-01
7.891458868980407715e-01
8.071265816688537598e-01
7.738054394721984863e-01
7.998250126838684082e-01
8.037781715393066406e-01
8.197163939476013184e-01
8.044740557670593262e-01
7.994127869606018066e-01
8.216006159782409668e-01
8.123785257339477539e-01
8.168043494224548340e-01
7.971593737602233887e-01
8.154891729354858398e-01
8.231150507926940918e-01
8.420708179473876953e-01
8.401204943656921387e-01
8.472335934638977051e-01
8.449465632438659668e-01
8.499957323074340820e-01
8.598143458366394043e-01
8.419803977012634277e-01
8.556715846061706543e-01
8.552574515342712402e-01
8.557936549186706543e-01
8.567172884941101074e-01
8.697812557220458984e-01
8.698998689651489258e-01
8.878858089447021484e-01
8.681201934814453125e-01
8.462923169136047363e-01
8.735887408256530762e-01
8.690723776817321777e-01
8.924601078033447266e-01
8.765676021575927734e-01
8.950366973876953125e-01
8.638073801994323730e-01
8.877424001693725586e-01
8.878716230392456055e-01
9.012520909309387207e-01
8.799606561660766602e-01
8.874648809432983398e-01
8.871692419052124023e-01
8.944146037101745605e-01
9.047053456306457520e-01
8.872130513191223145e-01
9.018878340721130371e-01
9.043539166450500488e-01
9.123446345329284668e-01
8.944112062454223633e-01
8.437735438346862793e-01
8.840560317039489746e-01
9.196555614471435547e-01
8.923494815826416016e-01
8.918391466140747070e-01
8.728244900703430176e-01
8.637248873710632324e-01
8.779350519180297852e-01
9.031057953834533691e-01
7.886546254158020020e-01
9.226499199867248535e-01
9.315081238746643066e-01
9.271950125694274902e-01
9.144617915153503418e-01
9.049160480499267578e-01
8.166970610618591309e-01
9.319657683372497559e-01
9.307535290718078613e-01
9.220966100692749023e-01
9.232636690139770508e-01
9.240299463272094727e-01
9.164099693298339844e-01
8.327093720436096191e-01
9.222248196601867676e-01
9.543318748474121094e-01
9.402237534523010254e-01
9.333819746971130371e-01
9.402495622634887695e-01
9.581550359725952148e-01
9.189027547836303711e-01
9.409258961677551270e-01
9.812842011451721191e-01
9.246563315391540527e-01
9.639446139335632324e-01
9.462256431579589844e-01
9.867262840270996094e-01
9.116117358207702637e-01
9.210281968116760254e-01
9.862362146377563477e-01
9.870237708091735840e-01
9.826035499572753906e-01
9.830947518348693848e-01
9.897044301033020020e-01
9.697638750076293945e-01
9.657287001609802246e-01
1.001504540443420410e+00
9.690622091293334961e-01
9.472027420997619629e-01
-9.899900000000000000e+04
-9.899900000000000000e+04
9.895104169845581055e-01
-9.899900000000000000e+04
-9.899900000000000000e+04
-9.899900000000000000e+04
