6.291534900665283203e-01
6.257067918777465820e-01
6.562239527702331543e-01
6.632860302925109863e-01
6.455930471420288086e-01
6.493827104568481445e-01
6.616687774658203125e-01
6.678663492202758789e-01
6.734914183616638184e-01
6.793448328971862793e-01
6.752379536628723145e-01
6.636283397674560547e-01
6.751718521118164062e-01
6.513145565986633301e-01
6.808091402053833008e-01
6.690617203712463379e-01
6.825008392333984375e-01
6.668570041656494141e-01
6.686673164367675781e-01
6.924183964729309082e-01
6.757770180702209473e-01
6.780090332031250000e-01
6.796241402626037598e-01
6.917618513107299805e-01
6.954293847084045410e-01
6.998791694641113281e-01
7.027961015701293945e-01
6.897315979003906250e-01
6.846235394477844238e-01
6.929410696029663086e-01
6.940954327583312988e-01
6.879810690879821777e-01
7.014117240905761719e-01
6.914362907409667969e-01
6.918588876724243164e-01
6.993906497955322266e-01
6.946555376052856445e-01
7.013345360755920410e-01
7.024116516113281250e-01
7.186087369918823242e-01
7.062881588935852051e-01
7.117894291877746582e-01
6.943629980087280273e-01
7.066401243209838867e-01
7.031278014183044434e-01
6.996715664863586426e-01
7.085617780685424805e-01
7.066180706024169922e-01
7.112807631492614746e-01
7.181358337402343750e-01
7.031273841857910156e-01
7.024582028388977051e-01
7.038220167160034180e-01
7.164668440818786621e-01
7.186988592147827148e-01
7.230523824691772461e-01
7.046203017234802246e-01
6.908707618713378906e-01
7.121741771697998047e-01
7.278974056243896484e-01
6.996943950653076172e-01
7.215110063552856445e-01
7.242721319198608398e-01
7.293016910552978516e-01
7.334393858909606934e-01
7.199864983558654785e-01
7.363924384117126465e-01
7.361834645271301270e-01
7.262205481529235840e-01
7.368834018707275391e-01
7.291928529739379883e-01
7.149577736854553223e-01
7.455340623855590820e-01
7.277557253837585449e-01
7.300563454627990723e-01
7.526805996894836426e-01
7.634673118591308594e-01
7.426404356956481934e-01
7.508066296577453613e-01
7.457723021507263184e-01
7.542719244956970215e-01
7.440184950828552246e-01
7.562248706817626953e-01
7.647109031677246094e-01
7.629489898681640625e-01
7.495156526565551758e-01
7.797205448150634766e-01
7.775270342826843262e-01
7.754107713699340820e-01
7.760168910026550293e-01
7.699233293533325195e-01
7.814173102378845215e-01
7.633411884307861328e-01
7.826005220413208008e-01
7.773361802101135254e-01
7.998967766761779785e-01
7.877483367919921875e-01
7.974619865417480469e-01
7.447009682655334473e-01
8.018140792846679688e-01
7.700053453445434570e-01
7.605733871459960938e-01
8.082999587059020996e-01
8.099045157432556152e-01
8.076494336128234863e-01
8.035265803337097168e-01
7.795739769935607910e-01
8.135102987289428711e-01
8.140803575515747070e-01
8.102339506149291992e-01
8.116798400878906250e-01
8.031651377677917480e-01
8.174334168434143066e-01
7.899683713912963867e-01
7.982414960861206055e-01
8.093443512916564941e-01
8.187711238861083984e-01
8.378762602806091309e-01
8.333706855773925781e-01
8.222683072090148926e-01
8.294256925582885742e-01
8.408970236778259277e-01
8.444575667381286621e-01
8.496370911598205566e-01
8.387946486473083496e-01
8.448404669761657715e-01
8.510872721672058105e-01
8.500311970710754395e-01
8.763791322708129883e-01
8.681076765060424805e-01
8.591809272766113281e-01
8.685169219970703125e-01
8.503374457359313965e-01
8.692647218704223633e-01
8.709552884101867676e-01
8.647334575653076172e-01
8.782945871353149414e-01
8.668102025985717773e-01
8.738035559654235840e-01
8.610260486602783203e-01
8.822855353355407715e-01
8.425609469413757324e-01
8.793677687644958496e-01
9.050475358963012695e-01
9.045326113700866699e-01
8.860822916030883789e-01
8.994107842445373535e-01
8.195416927337646484e-01
8.882386684417724609e-01
9.189493656158447266e-01
9.069373607635498047e-01
8.747494220733642578e-01
8.831189870834350586e-01
9.011339545249938965e-01
9.078824520111083984e-01
9.258267283439636230e-01
8.703373074531555176e-01
8.972850441932678223e-01
9.198902845382690430e-01
9.283394217491149902e-01
9.239078164100646973e-01
9.262086153030395508e-01
9.205234050750732422e-01
9.130024909973144531e-01
9.269142150878906250e-01
9.169282913208007812e-01
9.192081689834594727e-01
9.061098098754882812e-01
9.239941239356994629e-01
9.138719439506530762e-01
9.299021959304809570e-01
8.960302472114562988e-01
9.340946078300476074e-01
9.346743226051330566e-01
9.366201162338256836e-01
9.266798496246337891e-01
9.264021515846252441e-01
8.888217806816101074e-01
9.255455732345581055e-01
8.306644558906555176e-01
9.317314028739929199e-01
9.653857946395874023e-01
9.526870250701904297e-01
9.073247313499450684e-01
9.313636422157287598e-01
9.523952007293701172e-01
9.256997108459472656e-01
9.199478626251220703e-01
8.196901679039001465e-01
9.628703594207763672e-01
9.586238265037536621e-01
9.596626758575439453e-01
9.545253515243530273e-01
9.811733365058898926e-01
9.783179163932800293e-01
7.848924398422241211e-01
9.283286333084106445e-01
9.798675775527954102e-01
9.806138277053833008e-01
9.785349369049072266e-01
-9.899900000000000000e+04
9.762731790542602539e-01
9.780052900314331055e-01
9.868845939636230469e-01
9.812952280044555664e-01
-9.899900000000000000e+04
8.304199576377868652e-01
9.794904589653015137e-01
6.448206901550292969e-01
