6.225892305374145508e-01
6.517849564552307129e-01
6.402796506881713867e-01
6.476886868476867676e-01
6.467798352241516113e-01
6.493827104568481445e-01
6.616687774658203125e-01
6.678663492202758789e-01
6.734914183616638184e-01
6.641169786453247070e-01
6.664795279502868652e-01
6.596245169639587402e-01
6.633976101875305176e-01
6.513145565986633301e-01
6.657516956329345703e-01
6.848210692405700684e-01
6.809154748916625977e-01
6.668570041656494141e-01
6.890469193458557129e-01
6.838296055793762207e-01
6.768352389335632324e-01
6.770246624946594238e-01
6.764078736305236816e-01
7.070810198783874512e-01
7.024981975555419922e-01
6.958093047142028809e-01
6.893593072891235352e-01
6.971027255058288574e-01
6.774193644523620605e-01
7.055193781852722168e-01
6.860709786415100098e-01
7.012380361557006836e-01
6.888709068298339844e-01
6.891390085220336914e-01
6.898364424705505371e-01
6.926329731941223145e-01
7.006449103355407715e-01
6.994202733039855957e-01
7.027344107627868652e-01
7.162116169929504395e-01
7.045700550079345703e-01
6.902349591255187988e-01
7.032732367515563965e-01
7.030977606773376465e-01
7.036945819854736328e-01
7.079670429229736328e-01
7.105005383491516113e-01
7.078297734260559082e-01
7.133084535598754883e-01
7.084956765174865723e-01
7.017090320587158203e-01
7.097806930541992188e-01
7.200036048889160156e-01
7.161642313003540039e-01
7.181811332702636719e-01
7.218641638755798340e-01
7.121232748031616211e-01
7.171255350112915039e-01
7.258006334304809570e-01
7.170082330703735352e-01
7.110164165496826172e-01
7.297077775001525879e-01
7.282414436340332031e-01
7.187048792839050293e-01
7.334752678871154785e-01
7.273980975151062012e-01
7.278504967689514160e-01
7.399466633796691895e-01
7.135508060455322266e-01
7.255407571792602539e-01
7.152277231216430664e-01
7.436285018920898438e-01
7.350454926490783691e-01
7.219510078430175781e-01
7.534527778625488281e-01
7.035512328147888184e-01
7.422922849655151367e-01
7.343769669532775879e-01
7.452866435050964355e-01
7.637430429458618164e-01
7.422681450843811035e-01
7.529526352882385254e-01
7.740027904510498047e-01
7.719013094902038574e-01
7.717919945716857910e-01
7.748727202415466309e-01
7.504398822784423828e-01
7.703117728233337402e-01
7.648310661315917969e-01
7.701433300971984863e-01
7.934623956680297852e-01
7.839899659156799316e-01
7.881380319595336914e-01
7.732814550399780273e-01
7.683925628662109375e-01
7.890591621398925781e-01
7.741327881813049316e-01
7.892434000968933105e-01
7.660529017448425293e-01
7.852352261543273926e-01
8.008484244346618652e-01
7.895473241806030273e-01
7.954506874084472656e-01
7.954513430595397949e-01
7.804272770881652832e-01
7.862908244132995605e-01
7.718703746795654297e-01
8.025632500648498535e-01
8.242455124855041504e-01
7.887646555900573730e-01
8.114400506019592285e-01
7.875050902366638184e-01
8.088022470474243164e-01
7.966711521148681641e-01
8.254060745239257812e-01
7.887446880340576172e-01
8.357558846473693848e-01
8.294408917427062988e-01
8.120713233947753906e-01
8.218798041343688965e-01
8.100658655166625977e-01
8.446203470230102539e-01
8.407237529754638672e-01
8.446161746978759766e-01
8.372439146041870117e-01
8.616183400154113770e-01
8.597600460052490234e-01
8.613015413284301758e-01
8.697223663330078125e-01
8.523681163787841797e-01
8.664176464080810547e-01
8.566396832466125488e-01
8.364912271499633789e-01
8.653464317321777344e-01
8.721833229064941406e-01
8.680621385574340820e-01
8.666715025901794434e-01
8.754066228866577148e-01
8.707492351531982422e-01
8.868187069892883301e-01
8.694372177124023438e-01
8.881718516349792480e-01
8.655813932418823242e-01
8.907979130744934082e-01
8.814502358436584473e-01
9.010081887245178223e-01
8.984186649322509766e-01
8.856132626533508301e-01
9.007966518402099609e-01
8.693841099739074707e-01
8.638567924499511719e-01
8.885992169380187988e-01
8.770321011543273926e-01
8.816854357719421387e-01
8.813837766647338867e-01
8.961553573608398438e-01
8.977377414703369141e-01
9.148710370063781738e-01
9.191631078720092773e-01
9.032225012779235840e-01
8.930782079696655273e-01
8.871681690216064453e-01
9.105626940727233887e-01
9.088602662086486816e-01
9.123413562774658203e-01
9.059987068176269531e-01
9.191029071807861328e-01
9.063705801963806152e-01
9.220743179321289062e-01
9.251255989074707031e-01
9.284006357192993164e-01
9.185509681701660156e-01
9.099864363670349121e-01
9.366539120674133301e-01
9.260941743850708008e-01
9.255467057228088379e-01
9.501940011978149414e-01
9.230920076370239258e-01
9.262855648994445801e-01
7.899716496467590332e-01
9.303544163703918457e-01
9.446507692337036133e-01
9.768268465995788574e-01
8.858181834220886230e-01
9.616723060607910156e-01
9.407007694244384766e-01
9.205454587936401367e-01
9.512806534767150879e-01
9.611731767654418945e-01
8.302988409996032715e-01
9.582548141479492188e-01
9.658209085464477539e-01
8.320440649986267090e-01
9.521666169166564941e-01
9.611359238624572754e-01
9.326955676078796387e-01
9.897727966308593750e-01
9.877938628196716309e-01
-9.899900000000000000e+04
9.816161394119262695e-01
9.575375318527221680e-01
9.981054067611694336e-01
-9.899900000000000000e+04
9.815691709518432617e-01
1.012909650802612305e+00
9.732120037078857422e-01
-9.899900000000000000e+04
-9.899900000000000000e+04
-9.899900000000000000e+04
1.015329003334045410e+00
9.865716695785522461e-01
-9.899900000000000000e+04
9.998797178268432617e-01
-9.899900000000000000e+04
8.254627585411071777e-01
9.567754268646240234e-01
9.729200005531311035e-01
-9.899900000000000000e+04
-9.899900000000000000e+04
-9.899900000000000000e+04
8.562687635421752930e-01
-9.899900000000000000e+04
9.679402709007263184e-01
-9.899900000000000000e+04
-9.899900000000000000e+04
9.749066829681396484e-01
-9.899900000000000000e+04
-9.899900000000000000e+04
-9.899900000000000000e+04
-9.899900000000000000e+04
9.753870368003845215e-01
-9.899900000000000000e+04
-9.899900000000000000e+04
-9.899900000000000000e+04
9.860273599624633789e-01
-9.899900000000000000e+04
-9.899900000000000000e+04
-9.899900000000000000e+04
-9.899900000000000000e+04
-9.899900000000000000e+04
-9.899900000000000000e+04
-9.899900000000000000e+04
-9.899900000000000000e+04
-9.899900000000000000e+04
-9.899900000000000000e+04
5.362384319305419922e-01
-9.899900000000000000e+04
-9.899900000000000000e+04
-9.899900000000000000e+04
-9.899900000000000000e+04
-9.899900000000000000e+04
-9.899900000000000000e+04
-9.899900000000000000e+04
-9.899900000000000000e+04
-9.899900000000000000e+04
9.087799787521362305e-01
-9.899900000000000000e+04
-9.899900000000000000e+04
-9.899900000000000000e+04
9.445901513099670410e-01
9.685486555099487305e-01
-9.899900000000000000e+04
-9.899900000000000000e+04
-9.899900000000000000e+04
-8.324678540229797363e-01
9.159380197525024414e-01
-9.899900000000000000e+04
-9.899900000000000000e+04
9.893053174018859863e-01
6.509515643119812012e-01
-9.899900000000000000e+04
-9.899900000000000000e+04
-9.899900000000000000e+04
-9.899900000000000000e+04
-9.899900000000000000e+04
-9.899900000000000000e+04
-9.899900000000000000e+04
-9.899900000000000000e+04
-9.899900000000000000e+04
