6.461329460144042969e-01
6.517849564552307129e-01
6.402796506881713867e-01
6.476886868476867676e-01
6.661324501037597656e-01
6.472339630126953125e-01
6.723116040229797363e-01
6.693965792655944824e-01
6.592803001403808594e-01
6.598164439201354980e-01
6.752379536628723145e-01
6.803489923477172852e-01
6.676720976829528809e-01
6.785833835601806641e-01
6.669101715087890625e-01
6.695431470870971680e-01
6.723968982696533203e-01
6.658515334129333496e-01
6.773480176925659180e-01
6.926084160804748535e-01
6.809517145156860352e-01
6.750268340110778809e-01
6.750503778457641602e-01
7.039837837219238281e-01
6.974132061004638672e-01
6.849930286407470703e-01
7.064307332038879395e-01
6.972305774688720703e-01
6.864321827888488770e-01
7.090559601783752441e-01
6.940954327583312988e-01
6.989732384681701660e-01
6.926333308219909668e-01
6.886419653892517090e-01
7.008225321769714355e-01
6.923815608024597168e-01
7.019448876380920410e-01
6.967431306838989258e-01
7.004554867744445801e-01
7.007040381431579590e-01
6.982300877571105957e-01
7.036852836608886719e-01
6.966558098793029785e-01
6.958559155464172363e-01
7.011793851852416992e-01
7.024780511856079102e-01
6.912939548492431641e-01
7.132101058959960938e-01
7.051671147346496582e-01
7.126240730285644531e-01
7.060186862945556641e-01
7.261958718299865723e-01
7.133584618568420410e-01
7.024816274642944336e-01
7.175239920616149902e-01
7.216153740882873535e-01
7.207099795341491699e-01
7.075573205947875977e-01
7.251721620559692383e-01
7.074806094169616699e-01
7.150052785873413086e-01
7.314273118972778320e-01
7.155169844627380371e-01
7.282887697219848633e-01
7.179851531982421875e-01
7.236304283142089844e-01
7.402974963188171387e-01
7.355102300643920898e-01
7.351027727127075195e-01
7.306246161460876465e-01
7.322863936424255371e-01
7.280667424201965332e-01
7.355112433433532715e-01
7.495998740196228027e-01
7.522622346878051758e-01
7.645627856254577637e-01
7.372687458992004395e-01
7.331550121307373047e-01
7.239538431167602539e-01
7.386544942855834961e-01
7.478993535041809082e-01
7.476336359977722168e-01
7.450116872787475586e-01
7.342156171798706055e-01
7.300466299057006836e-01
7.604383826255798340e-01
7.639011144638061523e-01
7.793272137641906738e-01
7.892989516258239746e-01
7.841270565986633301e-01
7.779052853584289551e-01
7.886922359466552734e-01
7.857679128646850586e-01
7.752655744552612305e-01
7.601621747016906738e-01
7.846480011940002441e-01
7.880558967590332031e-01
7.743271589279174805e-01
7.870272397994995117e-01
7.551972866058349609e-01
7.569391131401062012e-01
7.728054523468017578e-01
7.996833920478820801e-01
7.890662550926208496e-01
8.084059357643127441e-01
7.745596766471862793e-01
7.826845645904541016e-01
7.740654349327087402e-01
7.994542717933654785e-01
7.299421429634094238e-01
8.024137616157531738e-01
7.759149074554443359e-01
7.937095761299133301e-01
8.050717115402221680e-01
7.994354367256164551e-01
8.232876062393188477e-01
8.491828441619873047e-01
8.334746956825256348e-01
8.168995380401611328e-01
8.279792666435241699e-01
8.458800911903381348e-01
8.247026801109313965e-01
8.472214937210083008e-01
8.405829668045043945e-01
8.421812057495117188e-01
8.740811944007873535e-01
8.562499284744262695e-01
8.410080075263977051e-01
8.496099710464477539e-01
8.556508421897888184e-01
8.539749383926391602e-01
7.534546852111816406e-01
8.669275641441345215e-01
8.613486289978027344e-01
8.838516473770141602e-01
8.663060069084167480e-01
8.790261149406433105e-01
8.658353090286254883e-01
8.759372234344482422e-01
8.761135935783386230e-01
8.876087069511413574e-01
8.910567164421081543e-01
8.864001035690307617e-01
8.906064629554748535e-01
8.856755495071411133e-01
8.912123441696166992e-01
8.870221376419067383e-01
9.011802077293395996e-01
8.756746649742126465e-01
9.020384550094604492e-01
9.147821664810180664e-01
9.059477448463439941e-01
8.872088789939880371e-01
8.714686632156372070e-01
8.979266881942749023e-01
9.067503809928894043e-01
8.995119333267211914e-01
9.091335535049438477e-01
8.834606409072875977e-01
9.131566286087036133e-01
9.315531253814697266e-01
8.927542567253112793e-01
9.383774399757385254e-01
8.874338269233703613e-01
8.550627827644348145e-01
8.772841095924377441e-01
9.273294806480407715e-01
8.983598351478576660e-01
9.165104031562805176e-01
9.002626538276672363e-01
8.496568202972412109e-01
9.293606281280517578e-01
8.572782874107360840e-01
9.252995252609252930e-01
9.280004501342773438e-01
9.394872188568115234e-01
8.689452409744262695e-01
9.497229456901550293e-01
9.060517549514770508e-01
9.305390715599060059e-01
8.245846033096313477e-01
9.238590002059936523e-01
9.672970175743103027e-01
7.927491664886474609e-01
8.115136623382568359e-01
9.520511031150817871e-01
9.855651259422302246e-01
9.446266889572143555e-01
9.608490467071533203e-01
9.250454902648925781e-01
9.651762247085571289e-01
8.643676638603210449e-01
9.338436722755432129e-01
9.711989164352416992e-01
9.893318414688110352e-01
9.713338017463684082e-01
9.556882381439208984e-01
9.319423437118530273e-01
9.773885011672973633e-01
-9.899900000000000000e+04
9.754164218902587891e-01
1.006054401397705078e+00
9.935937523841857910e-01
