6.291534900665283203e-01
6.245424747467041016e-01
6.412144899368286133e-01
6.632860302925109863e-01
6.469347476959228516e-01
6.490440964698791504e-01
6.616687774658203125e-01
6.678663492202758789e-01
6.604414582252502441e-01
6.793448328971862793e-01
6.664795279502868652e-01
6.777954697608947754e-01
6.678974032402038574e-01
6.533682942390441895e-01
6.688993573188781738e-01
6.849688887596130371e-01
6.748010516166687012e-01
6.869531869888305664e-01
6.750097870826721191e-01
6.803997755050659180e-01
6.740895509719848633e-01
6.750268340110778809e-01
6.753197908401489258e-01
6.923526525497436523e-01
6.812600493431091309e-01
7.015670537948608398e-01
7.064307332038879395e-01
6.989399194717407227e-01
6.922364234924316406e-01
6.901693344116210938e-01
6.963772773742675781e-01
7.006686329841613770e-01
6.795135140419006348e-01
6.854111552238464355e-01
6.963403820991516113e-01
6.923815608024597168e-01
6.989612579345703125e-01
6.992508769035339355e-01
7.032983899116516113e-01
7.103593945503234863e-01
6.917791962623596191e-01
7.017381191253662109e-01
7.091936469078063965e-01
6.947516202926635742e-01
6.776817440986633301e-01
7.076052427291870117e-01
6.994835734367370605e-01
7.179709672927856445e-01
7.158564925193786621e-01
7.102723121643066406e-01
7.120310664176940918e-01
7.093681693077087402e-01
6.996734738349914551e-01
7.192168235778808594e-01
7.039749026298522949e-01
7.071828842163085938e-01
7.207290530204772949e-01
7.227996587753295898e-01
7.272267341613769531e-01
7.130774259567260742e-01
7.202596664428710938e-01
7.342631816864013672e-01
7.317456603050231934e-01
7.168654799461364746e-01
7.151162028312683105e-01
7.330713272094726562e-01
7.292867302894592285e-01
7.194482088088989258e-01
7.282004952430725098e-01
7.307487130165100098e-01
7.434176206588745117e-01
7.342327237129211426e-01
7.403764724731445312e-01
7.501033544540405273e-01
7.335734367370605469e-01
7.459470033645629883e-01
7.327427864074707031e-01
7.656275033950805664e-01
7.402656674385070801e-01
7.290281057357788086e-01
7.415718436241149902e-01
7.276186943054199219e-01
7.234836220741271973e-01
7.446421980857849121e-01
7.776837348937988281e-01
7.875008583068847656e-01
7.758808732032775879e-01
7.459179162979125977e-01
7.946524620056152344e-01
7.993761301040649414e-01
7.726024389266967773e-01
7.993861436843872070e-01
7.650167942047119141e-01
7.795559167861938477e-01
7.837396860122680664e-01
7.798619270324707031e-01
7.863077521324157715e-01
7.850887179374694824e-01
7.775591611862182617e-01
7.333295345306396484e-01
7.780610918998718262e-01
7.804244756698608398e-01
8.044946193695068359e-01
7.198908329010009766e-01
8.056657314300537109e-01
7.866161465644836426e-01
8.077386021614074707e-01
7.800740599632263184e-01
7.913851737976074219e-01
8.161186575889587402e-01
7.994785308837890625e-01
8.045621514320373535e-01
7.892032265663146973e-01
8.137500286102294922e-01
8.056405782699584961e-01
8.211639523506164551e-01
8.330388069152832031e-01
8.098306655883789062e-01
8.378806114196777344e-01
8.184719681739807129e-01
8.227061033248901367e-01
8.464094996452331543e-01
8.500564694404602051e-01
8.149468302726745605e-01
8.621953129768371582e-01
8.411365151405334473e-01
8.499913215637207031e-01
8.654336929321289062e-01
8.542156815528869629e-01
8.424538373947143555e-01
8.558594584465026855e-01
8.604345321655273438e-01
8.655477762222290039e-01
8.586808443069458008e-01
8.640236258506774902e-01
8.829842209815979004e-01
8.500103950500488281e-01
8.723686933517456055e-01
8.728341460227966309e-01
8.619560599327087402e-01
8.900488018989562988e-01
8.755701780319213867e-01
8.683607578277587891e-01
8.866890072822570801e-01
9.037322998046875000e-01
8.792256712913513184e-01
9.081147909164428711e-01
8.938640952110290527e-01
8.934732675552368164e-01
8.937468528747558594e-01
8.952454924583435059e-01
9.094292521476745605e-01
8.616030812263488770e-01
8.836514949798583984e-01
8.986904621124267578e-01
8.934687376022338867e-01
7.936431765556335449e-01
9.159125089645385742e-01
9.048385620117187500e-01
9.252256751060485840e-01
9.251471161842346191e-01
9.230348467826843262e-01
8.272181153297424316e-01
9.142406582832336426e-01
9.174444079399108887e-01
9.069384932518005371e-01
8.835985064506530762e-01
9.101908206939697266e-01
9.143124818801879883e-01
9.155368804931640625e-01
9.227120876312255859e-01
9.361819624900817871e-01
9.075886011123657227e-01
9.157215952873229980e-01
8.156604766845703125e-01
9.409517049789428711e-01
8.508427143096923828e-01
9.343856573104858398e-01
9.337769150733947754e-01
8.769766688346862793e-01
9.175503253936767578e-01
9.596506357192993164e-01
9.631168246269226074e-01
9.570895433425903320e-01
9.400020241737365723e-01
9.560845494270324707e-01
9.382398724555969238e-01
9.455127120018005371e-01
8.193143010139465332e-01
8.493679761886596680e-01
7.893154621124267578e-01
9.719573259353637695e-01
9.837570190429687500e-01
9.217370152473449707e-01
9.811064004898071289e-01
9.787911176681518555e-01
-9.899900000000000000e+04
9.833275675773620605e-01
9.698476791381835938e-01
9.805411100387573242e-01
9.940350055694580078e-01
-9.899900000000000000e+04
9.965240955352783203e-01
-9.899900000000000000e+04
9.861193895339965820e-01
8.754186034202575684e-01
9.380745291709899902e-01
9.970170855522155762e-01
8.474147319793701172e-01
-9.899900000000000000e+04
9.185339808464050293e-01
-9.899900000000000000e+04
9.305463433265686035e-01
-9.899900000000000000e+04
9.721315503120422363e-01
-9.899900000000000000e+04
-9.899900000000000000e+04
-9.899900000000000000e+04
-9.899900000000000000e+04
9.824545979499816895e-01
-9.899900000000000000e+04
