6.291534900665283203e-01
6.257067918777465820e-01
6.407510042190551758e-01
6.632860302925109863e-01
6.455930471420288086e-01
6.518133878707885742e-01
6.617761850357055664e-01
6.766836643218994141e-01
6.734914183616638184e-01
6.654602885246276855e-01
6.664795279502868652e-01
6.614516377449035645e-01
6.676720976829528809e-01
6.546568870544433594e-01
6.808091402053833008e-01
6.690617203712463379e-01
6.766312718391418457e-01
6.710654497146606445e-01
6.750097870826721191e-01
6.819898486137390137e-01
6.741899251937866211e-01
6.780090332031250000e-01
6.749833226203918457e-01
6.880162358283996582e-01
6.974107027053833008e-01
6.843531131744384766e-01
6.998802423477172852e-01
6.996856331825256348e-01
6.848294138908386230e-01
6.954091787338256836e-01
6.857179403305053711e-01
6.994097232818603516e-01
6.861273646354675293e-01
6.971195936203002930e-01
6.928989291191101074e-01
6.956982016563415527e-01
6.952564716339111328e-01
6.995586156845092773e-01
7.092423439025878906e-01
7.023650407791137695e-01
7.145929932594299316e-01
7.114221453666687012e-01
7.051421999931335449e-01
6.940556764602661133e-01
6.953892707824707031e-01
6.926355957984924316e-01
7.016428709030151367e-01
7.181617617607116699e-01
7.172898650169372559e-01
7.148847579956054688e-01
7.111585736274719238e-01
7.050950527191162109e-01
7.151021957397460938e-01
7.164354920387268066e-01
7.002055644989013672e-01
7.223928570747375488e-01
7.076708674430847168e-01
7.238815426826477051e-01
7.241171002388000488e-01
7.167955636978149414e-01
7.269310355186462402e-01
7.280722260475158691e-01
7.288061976432800293e-01
7.263954877853393555e-01
7.123804688453674316e-01
7.378925681114196777e-01
7.254900336265563965e-01
7.208182215690612793e-01
7.304897904396057129e-01
7.292813658714294434e-01
7.449774742126464844e-01
7.441214323043823242e-01
7.345283031463623047e-01
7.566986083984375000e-01
7.314159870147705078e-01
7.399385571479797363e-01
7.353312373161315918e-01
7.100969552993774414e-01
7.351849079132080078e-01
7.620119452476501465e-01
7.353788614273071289e-01
7.797204256057739258e-01
7.450696825981140137e-01
7.758768200874328613e-01
7.624267935752868652e-01
7.827568054199218750e-01
7.686572670936584473e-01
7.895650267601013184e-01
7.777215838432312012e-01
7.719044685363769531e-01
7.904908061027526855e-01
7.703950405120849609e-01
7.785981297492980957e-01
7.943108081817626953e-01
7.904408574104309082e-01
7.757384181022644043e-01
7.841053605079650879e-01
8.044272661209106445e-01
7.422780990600585938e-01
7.616744041442871094e-01
8.002504706382751465e-01
7.918910384178161621e-01
7.999247312545776367e-01
8.044326305389404297e-01
7.916149497032165527e-01
8.092183470726013184e-01
7.892937064170837402e-01
7.982035279273986816e-01
7.906132340431213379e-01
8.111466765403747559e-01
8.248617649078369141e-01
7.995302081108093262e-01
8.260543346405029297e-01
8.060478568077087402e-01
8.086735010147094727e-01
8.374778628349304199e-01
8.232571482658386230e-01
7.601064443588256836e-01
8.375298976898193359e-01
8.462851643562316895e-01
8.367422819137573242e-01
8.401006460189819336e-01
8.390396833419799805e-01
8.456142544746398926e-01
8.482786417007446289e-01
8.564046621322631836e-01
8.542636632919311523e-01
8.576601147651672363e-01
8.649350404739379883e-01
8.674518465995788574e-01
8.634226322174072266e-01
8.700797557830810547e-01
8.728479146957397461e-01
8.659779429435729980e-01
8.628260493278503418e-01
8.757686018943786621e-01
9.006347656250000000e-01
8.529785871505737305e-01
8.703156113624572754e-01
7.905880808830261230e-01
8.776897192001342773e-01
8.765633702278137207e-01
8.829147219657897949e-01
8.879958987236022949e-01
8.923571705818176270e-01
8.955780863761901855e-01
8.536003828048706055e-01
8.957660794258117676e-01
8.764933943748474121e-01
8.983365893363952637e-01
8.641096353530883789e-01
8.842192292213439941e-01
8.819592595100402832e-01
8.702955245971679688e-01
8.146604895591735840e-01
8.777374029159545898e-01
9.112246632575988770e-01
9.266116023063659668e-01
9.032188057899475098e-01
8.914732933044433594e-01
9.229213595390319824e-01
9.268105626106262207e-01
8.900399804115295410e-01
8.947317600250244141e-01
9.230833053588867188e-01
7.812762260437011719e-01
8.926554322242736816e-01
8.632897138595581055e-01
9.293946027755737305e-01
9.077851772308349609e-01
9.053262472152709961e-01
8.995528817176818848e-01
9.344000220298767090e-01
9.367151260375976562e-01
9.333075284957885742e-01
9.320405125617980957e-01
9.277432560920715332e-01
9.483799934387207031e-01
9.568076133728027344e-01
9.267351627349853516e-01
9.190581440925598145e-01
9.210212826728820801e-01
9.473361372947692871e-01
9.628240466117858887e-01
9.376588463783264160e-01
9.382386803627014160e-01
9.712862968444824219e-01
9.747141003608703613e-01
9.363424777984619141e-01
9.351211190223693848e-01
9.765219092369079590e-01
9.397962689399719238e-01
9.832287430763244629e-01
8.137450218200683594e-01
9.780337810516357422e-01
9.883380532264709473e-01
9.632316827774047852e-01
6.547574996948242188e-01
-9.899900000000000000e+04
-9.899900000000000000e+04
8.478590250015258789e-01
9.362309575080871582e-01
9.799419641494750977e-01
9.721288084983825684e-01
8.201065063476562500e-01
-9.899900000000000000e+04
8.351547718048095703e-01
-9.899900000000000000e+04
-9.899900000000000000e+04
-9.899900000000000000e+04
