1.430000000000000000e+02
1.690000000000000000e+02
2.100000000000000000e+01
9.100000000000000000e+01
2.100000000000000000e+01
2.300000000000000000e+01
2.100000000000000000e+01
2.100000000000000000e+01
2.200000000000000000e+01
2.100000000000000000e+01
2.000000000000000000e+01
2.200000000000000000e+01
2.100000000000000000e+01
2.200000000000000000e+01
1.500000000000000000e+01
2.800000000000000000e+01
2.100000000000000000e+01
2.100000000000000000e+01
8.900000000000000000e+01
2.100000000000000000e+01
2.300000000000000000e+01
5.000000000000000000e+01
2.300000000000000000e+01
8.600000000000000000e+01
2.100000000000000000e+01
1.100000000000000000e+01
2.100000000000000000e+01
2.800000000000000000e+01
2.100000000000000000e+01
2.300000000000000000e+01
2.100000000000000000e+01
2.800000000000000000e+01
2.100000000000000000e+01
2.100000000000000000e+01
2.100000000000000000e+01
2.100000000000000000e+01
2.100000000000000000e+01
2.300000000000000000e+01
2.800000000000000000e+01
2.200000000000000000e+01
2.100000000000000000e+01
2.500000000000000000e+01
2.200000000000000000e+01
8.700000000000000000e+01
1.500000000000000000e+01
2.100000000000000000e+01
2.200000000000000000e+01
2.000000000000000000e+01
4.900000000000000000e+01
2.100000000000000000e+01
8.400000000000000000e+01
2.200000000000000000e+01
2.100000000000000000e+01
5.500000000000000000e+01
2.100000000000000000e+01
1.500000000000000000e+01
2.100000000000000000e+01
2.300000000000000000e+01
2.100000000000000000e+01
2.100000000000000000e+01
2.200000000000000000e+01
2.200000000000000000e+01
2.800000000000000000e+01
8.300000000000000000e+01
1.500000000000000000e+01
2.100000000000000000e+01
2.100000000000000000e+01
2.100000000000000000e+01
2.100000000000000000e+01
9.600000000000000000e+01
2.800000000000000000e+01
2.100000000000000000e+01
2.100000000000000000e+01
2.100000000000000000e+01
2.300000000000000000e+01
2.200000000000000000e+01
2.100000000000000000e+01
2.800000000000000000e+01
2.200000000000000000e+01
2.100000000000000000e+01
2.100000000000000000e+01
2.100000000000000000e+01
2.100000000000000000e+01
2.100000000000000000e+01
2.100000000000000000e+01
1.500000000000000000e+01
2.300000000000000000e+01
9.900000000000000000e+01
2.300000000000000000e+01
2.100000000000000000e+01
2.200000000000000000e+01
2.800000000000000000e+01
2.100000000000000000e+01
2.100000000000000000e+01
2.100000000000000000e+01
2.100000000000000000e+01
2.100000000000000000e+01
2.100000000000000000e+01
2.200000000000000000e+01
2.100000000000000000e+01
2.600000000000000000e+01
2.200000000000000000e+01
8.400000000000000000e+01
1.600000000000000000e+01
2.800000000000000000e+01
4.900000000000000000e+01
2.100000000000000000e+01
2.200000000000000000e+01
8.400000000000000000e+01
2.100000000000000000e+01
2.100000000000000000e+01
2.800000000000000000e+01
3.300000000000000000e+01
2.100000000000000000e+01
2.100000000000000000e+01
2.300000000000000000e+01
2.100000000000000000e+01
2.100000000000000000e+01
8.300000000000000000e+01
2.200000000000000000e+01
7.700000000000000000e+01
2.300000000000000000e+01
7.700000000000000000e+01
2.100000000000000000e+01
2.100000000000000000e+01
2.100000000000000000e+01
2.100000000000000000e+01
2.300000000000000000e+01
2.100000000000000000e+01
2.100000000000000000e+01
2.100000000000000000e+01
2.100000000000000000e+01
2.100000000000000000e+01
1.500000000000000000e+01
2.100000000000000000e+01
2.100000000000000000e+01
2.200000000000000000e+01
2.100000000000000000e+01
2.100000000000000000e+01
8.000000000000000000e+01
2.100000000000000000e+01
2.100000000000000000e+01
2.100000000000000000e+01
2.100000000000000000e+01
1.700000000000000000e+01
2.100000000000000000e+01
5.000000000000000000e+01
2.800000000000000000e+01
2.100000000000000000e+01
2.200000000000000000e+01
2.100000000000000000e+01
2.100000000000000000e+01
1.000000000000000000e+01
2.100000000000000000e+01
8.000000000000000000e+01
2.100000000000000000e+01
2.200000000000000000e+01
2.100000000000000000e+01
2.800000000000000000e+01
2.200000000000000000e+01
2.200000000000000000e+01
2.100000000000000000e+01
7.900000000000000000e+01
2.100000000000000000e+01
2.300000000000000000e+01
2.100000000000000000e+01
2.100000000000000000e+01
2.800000000000000000e+01
1.500000000000000000e+01
8.600000000000000000e+01
2.200000000000000000e+01
1.500000000000000000e+01
2.200000000000000000e+01
2.100000000000000000e+01
2.800000000000000000e+01
2.800000000000000000e+01
2.200000000000000000e+01
2.200000000000000000e+01
2.100000000000000000e+01
2.200000000000000000e+01
9.900000000000000000e+01
2.800000000000000000e+01
2.200000000000000000e+01
2.100000000000000000e+01
2.100000000000000000e+01
2.300000000000000000e+01
2.100000000000000000e+01
2.100000000000000000e+01
2.200000000000000000e+01
2.200000000000000000e+01
7.700000000000000000e+01
2.100000000000000000e+01
1.500000000000000000e+01
2.100000000000000000e+01
2.100000000000000000e+01
1.500000000000000000e+01
2.100000000000000000e+01
2.100000000000000000e+01
5.300000000000000000e+01
2.100000000000000000e+01
4.000000000000000000e+00
2.100000000000000000e+01
2.000000000000000000e+01
2.100000000000000000e+01
2.100000000000000000e+01
2.100000000000000000e+01
2.100000000000000000e+01
1.500000000000000000e+01
2.100000000000000000e+01
2.200000000000000000e+01
2.100000000000000000e+01
2.100000000000000000e+01
2.100000000000000000e+01
2.100000000000000000e+01
2.100000000000000000e+01
2.800000000000000000e+01
2.100000000000000000e+01
2.800000000000000000e+01
1.100000000000000000e+01
2.100000000000000000e+01
2.400000000000000000e+01
2.100000000000000000e+01
8.300000000000000000e+01
8.100000000000000000e+01
2.100000000000000000e+01
2.100000000000000000e+01
2.300000000000000000e+01
8.200000000000000000e+01
2.800000000000000000e+01
2.100000000000000000e+01
2.200000000000000000e+01
2.200000000000000000e+01
2.800000000000000000e+01
5.700000000000000000e+01
2.300000000000000000e+01
2.100000000000000000e+01
2.100000000000000000e+01
2.100000000000000000e+01
2.800000000000000000e+01
2.100000000000000000e+01
2.800000000000000000e+01
2.100000000000000000e+01
2.100000000000000000e+01
2.800000000000000000e+01
2.100000000000000000e+01
2.100000000000000000e+01
2.100000000000000000e+01
2.100000000000000000e+01
2.100000000000000000e+01
2.100000000000000000e+01
2.100000000000000000e+01
2.100000000000000000e+01
2.200000000000000000e+01
2.200000000000000000e+01
2.000000000000000000e+00
2.200000000000000000e+01
2.100000000000000000e+01
8.300000000000000000e+01
2.100000000000000000e+01
2.100000000000000000e+01
2.300000000000000000e+01
2.200000000000000000e+01
5.000000000000000000e+01
2.800000000000000000e+01
2.100000000000000000e+01
2.200000000000000000e+01
2.100000000000000000e+01
2.100000000000000000e+01
2.200000000000000000e+01
2.000000000000000000e+01
2.200000000000000000e+01
1.160000000000000000e+02
2.100000000000000000e+01
2.100000000000000000e+01
2.100000000000000000e+01
2.200000000000000000e+01
2.100000000000000000e+01
2.300000000000000000e+01
2.300000000000000000e+01
2.100000000000000000e+01
2.200000000000000000e+01
2.100000000000000000e+01
8.100000000000000000e+01
2.100000000000000000e+01
2.800000000000000000e+01
2.100000000000000000e+01
2.200000000000000000e+01
2.100000000000000000e+01
2.100000000000000000e+01
2.200000000000000000e+01
2.100000000000000000e+01
8.100000000000000000e+01
2.100000000000000000e+01
9.800000000000000000e+01
2.100000000000000000e+01
2.200000000000000000e+01
2.100000000000000000e+01
2.100000000000000000e+01
2.100000000000000000e+01
5.200000000000000000e+01
7.900000000000000000e+01
2.100000000000000000e+01
2.800000000000000000e+01
2.300000000000000000e+01
2.100000000000000000e+01
2.200000000000000000e+01
2.200000000000000000e+01
1.500000000000000000e+01
2.100000000000000000e+01
8.500000000000000000e+01
2.800000000000000000e+01
2.200000000000000000e+01
2.200000000000000000e+01
2.200000000000000000e+01
2.100000000000000000e+01
2.100000000000000000e+01
7.800000000000000000e+01
2.100000000000000000e+01
2.200000000000000000e+01
2.200000000000000000e+01
2.100000000000000000e+01
2.100000000000000000e+01
2.300000000000000000e+01
4.900000000000000000e+01
2.200000000000000000e+01
2.800000000000000000e+01
1.500000000000000000e+01
2.300000000000000000e+01
0.000000000000000000e+00
2.100000000000000000e+01
2.100000000000000000e+01
2.100000000000000000e+01
2.100000000000000000e+01
2.800000000000000000e+01
4.900000000000000000e+01
2.200000000000000000e+01
2.100000000000000000e+01
2.200000000000000000e+01
2.100000000000000000e+01
8.000000000000000000e+01
2.200000000000000000e+01
2.100000000000000000e+01
2.300000000000000000e+01
4.900000000000000000e+01
2.300000000000000000e+01
2.000000000000000000e+01
1.500000000000000000e+01
2.100000000000000000e+01
2.800000000000000000e+01
2.100000000000000000e+01
1.500000000000000000e+01
2.100000000000000000e+01
2.800000000000000000e+01
2.100000000000000000e+01
2.300000000000000000e+01
2.100000000000000000e+01
2.200000000000000000e+01
2.100000000000000000e+01
2.800000000000000000e+01
2.100000000000000000e+01
2.800000000000000000e+01
2.200000000000000000e+01
2.800000000000000000e+01
2.100000000000000000e+01
2.100000000000000000e+01
2.300000000000000000e+01
1.500000000000000000e+01
2.300000000000000000e+01
2.100000000000000000e+01
2.800000000000000000e+01
2.800000000000000000e+01
1.600000000000000000e+01
2.100000000000000000e+01
2.200000000000000000e+01
2.100000000000000000e+01
2.200000000000000000e+01
2.800000000000000000e+01
2.100000000000000000e+01
2.200000000000000000e+01
2.800000000000000000e+01
2.300000000000000000e+01
1.500000000000000000e+01
2.200000000000000000e+01
2.100000000000000000e+01
2.100000000000000000e+01
2.100000000000000000e+01
2.100000000000000000e+01
2.100000000000000000e+01
2.100000000000000000e+01
2.200000000000000000e+01
2.100000000000000000e+01
1.100000000000000000e+01
4.900000000000000000e+01
2.100000000000000000e+01
2.100000000000000000e+01
1.100000000000000000e+01
2.100000000000000000e+01
1.500000000000000000e+01
2.100000000000000000e+01
2.200000000000000000e+01
2.800000000000000000e+01
1.500000000000000000e+01
7.900000000000000000e+01
2.100000000000000000e+01
2.100000000000000000e+01
2.300000000000000000e+01
2.300000000000000000e+01
2.800000000000000000e+01
2.100000000000000000e+01
2.100000000000000000e+01
2.100000000000000000e+01
2.100000000000000000e+01
2.200000000000000000e+01
2.800000000000000000e+01
2.200000000000000000e+01
2.200000000000000000e+01
2.100000000000000000e+01
2.100000000000000000e+01
1.500000000000000000e+01
2.100000000000000000e+01
2.100000000000000000e+01
2.100000000000000000e+01
2.100000000000000000e+01
2.100000000000000000e+01
8.000000000000000000e+00
2.100000000000000000e+01
2.200000000000000000e+01
1.000000000000000000e+01
2.100000000000000000e+01
2.800000000000000000e+01
2.300000000000000000e+01
1.700000000000000000e+01
2.100000000000000000e+01
2.100000000000000000e+01
2.100000000000000000e+01
2.000000000000000000e+01
2.100000000000000000e+01
8.500000000000000000e+01
8.500000000000000000e+01
2.100000000000000000e+01
8.600000000000000000e+01
8.900000000000000000e+01
8.000000000000000000e+00
2.100000000000000000e+01
7.800000000000000000e+01
2.100000000000000000e+01
2.200000000000000000e+01
2.100000000000000000e+01
2.100000000000000000e+01
2.100000000000000000e+01
2.800000000000000000e+01
2.100000000000000000e+01
2.200000000000000000e+01
2.800000000000000000e+01
2.200000000000000000e+01
2.100000000000000000e+01
2.200000000000000000e+01
2.200000000000000000e+01
2.100000000000000000e+01
2.100000000000000000e+01
2.300000000000000000e+01
2.100000000000000000e+01
2.100000000000000000e+01
9.000000000000000000e+01
2.100000000000000000e+01
8.400000000000000000e+01
2.100000000000000000e+01
2.100000000000000000e+01
2.100000000000000000e+01
2.800000000000000000e+01
2.100000000000000000e+01
2.100000000000000000e+01
2.300000000000000000e+01
2.100000000000000000e+01
2.300000000000000000e+01
2.200000000000000000e+01
5.000000000000000000e+01
2.100000000000000000e+01
8.300000000000000000e+01
2.100000000000000000e+01
2.800000000000000000e+01
2.100000000000000000e+01
2.800000000000000000e+01
2.200000000000000000e+01
2.100000000000000000e+01
2.300000000000000000e+01
2.100000000000000000e+01
2.300000000000000000e+01
2.100000000000000000e+01
2.300000000000000000e+01
2.100000000000000000e+01
2.100000000000000000e+01
2.300000000000000000e+01
2.800000000000000000e+01
2.300000000000000000e+01
2.100000000000000000e+01
2.100000000000000000e+01
2.100000000000000000e+01
2.300000000000000000e+01
2.100000000000000000e+01
