9.961766004562377930e-01
9.970693588256835938e-01
4.997427463531494141e-01
5.682862997055053711e-01
9.958591461181640625e-01
9.985280632972717285e-01
6.148990988731384277e-01
6.979869604110717773e-01
9.952147006988525391e-01
9.967195391654968262e-01
9.970041513442993164e-01
9.995087981224060059e-01
9.998688101768493652e-01
9.988847970962524414e-01
9.980537891387939453e-01
9.995005726814270020e-01
9.993952512741088867e-01
9.998386502265930176e-01
9.998552799224853516e-01
9.998674392700195312e-01
9.990972876548767090e-01
9.982586503028869629e-01
9.998455643653869629e-01
9.998319149017333984e-01
9.999226927757263184e-01
9.999374747276306152e-01
9.999264478683471680e-01
9.994032979011535645e-01
9.998719096183776855e-01
9.999051690101623535e-01
9.999077916145324707e-01
9.999374151229858398e-01
9.999417066574096680e-01
9.999029040336608887e-01
9.998949170112609863e-01
9.999221563339233398e-01
9.999186992645263672e-01
9.997780323028564453e-01
9.883300662040710449e-01
9.888069629669189453e-01
9.793288111686706543e-01
9.814680218696594238e-01
7.531929016113281250e-01
9.725704193115234375e-01
5.144124031066894531e-01
6.731179356575012207e-01
9.757584333419799805e-01
9.964904785156250000e-01
8.230485767126083374e-01
9.830952882766723633e-01
9.994992613792419434e-01
9.993529915809631348e-01
9.996901750564575195e-01
9.996519088745117188e-01
9.998423457145690918e-01
9.994090199470520020e-01
9.991763234138488770e-01
9.996615648269653320e-01
9.994120001792907715e-01
9.998009204864501953e-01
9.988695383071899414e-01
9.998912215232849121e-01
9.996732473373413086e-01
9.974484443664550781e-01
9.986048936843872070e-01
9.991910457611083984e-01
9.994412660598754883e-01
9.995449781417846680e-01
9.993922710418701172e-01
9.996874332427978516e-01
9.978824853897094727e-01
9.972916245460510254e-01
9.994317293167114258e-01
9.984846711158752441e-01
9.937314987182617188e-01
9.912647008895874023e-01
9.996441602706909180e-01
9.995950460433959961e-01
9.985622167587280273e-01
9.958299994468688965e-01
9.986408948898315430e-01
9.996843934059143066e-01
9.996766448020935059e-01
9.992257356643676758e-01
9.996554851531982422e-01
9.998240470886230469e-01
9.994386434555053711e-01
9.995814561843872070e-01
9.993455410003662109e-01
9.996244311332702637e-01
9.996088147163391113e-01
9.995512366294860840e-01
9.998074769973754883e-01
9.995627403259277344e-01
9.997701644897460938e-01
9.995107054710388184e-01
9.997279047966003418e-01
9.996114373207092285e-01
9.957733154296875000e-01
9.991804361343383789e-01
9.985787868499755859e-01
9.996336698532104492e-01
9.994558691978454590e-01
9.995303750038146973e-01
9.982581138610839844e-01
9.957635402679443359e-01
9.681847095489501953e-01
9.975965619087219238e-01
9.959954023361206055e-01
9.992991685867309570e-01
9.996115565299987793e-01
9.988623261451721191e-01
9.961280226707458496e-01
9.988705515861511230e-01
9.984773993492126465e-01
9.991966485977172852e-01
9.972002506256103516e-01
9.995124340057373047e-01
9.996567964553833008e-01
9.986110925674438477e-01
9.969252347946166992e-01
8.047803044319152832e-01
6.036571264266967773e-01
9.499568939208984375e-01
9.935619235038757324e-01
9.963758587837219238e-01
9.993585944175720215e-01
9.528782367706298828e-01
9.883334636688232422e-01
9.970582127571105957e-01
9.929600954055786133e-01
9.921387434005737305e-01
9.970533251762390137e-01
9.979867935180664062e-01
9.898720979690551758e-01
9.805122613906860352e-01
9.621104598045349121e-01
9.760681986808776855e-01
9.886333346366882324e-01
9.851167798042297363e-01
9.949950575828552246e-01
9.968900680541992188e-01
9.952145218849182129e-01
9.893637299537658691e-01
9.757131338119506836e-01
9.802086353302001953e-01
9.112218022346496582e-01
8.524421453475952148e-01
9.210308790206909180e-01
7.884269952774047852e-01
9.028921648859977722e-01
8.719205856323242188e-01
8.874700665473937988e-01
7.576143741607666016e-01
8.114182949066162109e-01
7.684145718812942505e-01
9.384551644325256348e-01
9.540634155273437500e-01
8.470503687858581543e-01
7.090247273445129395e-01
9.002799391746520996e-01
9.021658301353454590e-01
8.994030207395553589e-01
7.000590264797210693e-01
4.426960051059722900e-01
5.831752121448516846e-01
4.637732505798339844e-01
6.268239021301269531e-01
6.968261003494262695e-01
4.268326163291931152e-01
5.344842672348022461e-01
7.551097273826599121e-01
6.150117516517639160e-01
6.595491170883178711e-01
6.794467568397521973e-01
6.331807971000671387e-01
4.637457430362701416e-01
6.490864753723144531e-01
3.418275713920593262e-01
5.528627038002014160e-01
6.692260503768920898e-01
4.054719805717468262e-01
4.629203081130981445e-01
3.685064315795898438e-01
2.834821939468383789e-01
1.995822191238403320e-01
2.266368269920349121e-01
3.997734487056732178e-01
3.010380864143371582e-01
3.133481442928314209e-01
4.052145481109619141e-01
3.217491507530212402e-01
3.976611495018005371e-01
4.315274953842163086e-01
6.139165759086608887e-01
4.913585782051086426e-01
5.642251670360565186e-01
6.274684071540832520e-01
5.315299630165100098e-01
4.827292859554290771e-01
3.940032720565795898e-01
4.310559630393981934e-01
4.445840418338775635e-01
3.608752489089965820e-01
4.572209119796752930e-01
3.664837479591369629e-01
3.883423805236816406e-01
3.902714252471923828e-01
4.205137491226196289e-01
4.625626504421234131e-01
4.278604984283447266e-01
3.429597020149230957e-01
4.309673905372619629e-01
3.330271840095520020e-01
3.323320746421813965e-01
3.522816896438598633e-01
3.927628993988037109e-01
4.342001080513000488e-01
4.231017231941223145e-01
3.909374773502349854e-01
4.223157167434692383e-01
