9.961766004562377930e-01
9.970693588256835938e-01
9.985863566398620605e-01
6.561009287834167480e-01
9.846214652061462402e-01
9.987663626670837402e-01
4.852566719055175781e-01
7.445484995841979980e-01
9.955805540084838867e-01
9.956941008567810059e-01
9.976858496665954590e-01
9.995087981224060059e-01
9.998688101768493652e-01
9.998847842216491699e-01
9.987072944641113281e-01
9.982871413230895996e-01
9.994984865188598633e-01
9.998257160186767578e-01
9.998814463615417480e-01
9.585264921188354492e-01
9.979286193847656250e-01
9.996428489685058594e-01
9.998295903205871582e-01
9.998399615287780762e-01
9.999109506607055664e-01
9.999142289161682129e-01
9.999448657035827637e-01
9.999305605888366699e-01
9.999287724494934082e-01
9.998864531517028809e-01
9.998669624328613281e-01
9.999229907989501953e-01
9.999395012855529785e-01
9.999026060104370117e-01
9.998983144760131836e-01
9.999214410781860352e-01
9.999217987060546875e-01
9.997813701629638672e-01
9.997540116310119629e-01
9.997566938400268555e-01
9.998903870582580566e-01
9.998838901519775391e-01
9.996055364608764648e-01
9.986607432365417480e-01
9.422673583030700684e-01
9.971934556961059570e-01
9.993016123771667480e-01
9.998153448104858398e-01
9.988217353820800781e-01
9.932951331138610840e-01
9.178888201713562012e-01
8.895944356918334961e-01
9.918773174285888672e-01
9.991278648376464844e-01
9.985098242759704590e-01
9.996336102485656738e-01
9.940505027770996094e-01
9.743570089340209961e-01
9.976806640625000000e-01
9.996522068977355957e-01
9.996588230133056641e-01
9.995248913764953613e-01
9.997701644897460938e-01
9.991765022277832031e-01
9.984613060951232910e-01
9.994310140609741211e-01
9.993513822555541992e-01
9.995175600051879883e-01
9.991372227668762207e-01
9.991120696067810059e-01
9.997258186340332031e-01
9.994747042655944824e-01
9.992794394493103027e-01
9.993424415588378906e-01
9.992590546607971191e-01
9.995123147964477539e-01
9.993794560432434082e-01
9.998488426208496094e-01
6.593346595764160156e-01
9.063400030136108398e-01
9.887845516204833984e-01
9.983335799770429730e-01
9.980317354202270508e-01
9.994928836822509766e-01
9.994921088218688965e-01
9.997518658638000488e-01
9.997632503509521484e-01
9.994805455207824707e-01
9.997847080230712891e-01
9.997838139533996582e-01
9.994829893112182617e-01
9.998097419738769531e-01
9.994720220565795898e-01
9.996914863586425781e-01
9.989974498748779297e-01
9.993016719818115234e-01
9.996402263641357422e-01
9.996322393417358398e-01
9.996539950370788574e-01
9.995525479316711426e-01
9.996132254600524902e-01
9.997318983078002930e-01
9.993569850921630859e-01
9.996262192726135254e-01
9.994611740112304688e-01
9.996396899223327637e-01
9.998258352279663086e-01
9.977568387985229492e-01
7.360807061195373535e-01
4.541115760803222656e-01
6.379960477352142334e-01
6.691305041313171387e-01
9.798873662948608398e-01
9.996035695075988770e-01
9.994775652885437012e-01
9.995894432067871094e-01
9.997245073318481445e-01
9.995487928390502930e-01
9.990712404251098633e-01
9.996805787086486816e-01
9.994994401931762695e-01
9.997022151947021484e-01
9.967656731605529785e-01
9.974200129508972168e-01
9.980965256690979004e-01
9.995833635330200195e-01
9.994444847106933594e-01
9.997106194496154785e-01
9.992378950119018555e-01
9.970303773880004883e-01
9.909766316413879395e-01
9.933986663818359375e-01
9.982143640518188477e-01
9.946237802505493164e-01
9.931322932243347168e-01
9.918912649154663086e-01
8.716014027595520020e-01
9.654240012168884277e-01
9.896492958068847656e-01
4.884729981422424316e-01
9.224428534507751465e-01
7.909722924232482910e-01
8.884503841400146484e-01
6.700278520584106445e-01
9.677388668060302734e-01
8.888356089591979980e-01
9.311401247978210449e-01
9.570844769477844238e-01
8.093592524528503418e-01
6.864705681800842285e-01
5.055784583091735840e-01
5.632367730140686035e-01
4.320601224899291992e-01
5.857321023941040039e-01
4.048102796077728271e-01
7.687941044569015503e-01
7.915531694889068604e-01
3.646740317344665527e-01
6.225285828113555908e-01
4.534524679183959961e-01
7.092715501785278320e-01
5.192059576511383057e-01
6.069236099720001221e-01
7.661269903182983398e-01
6.074135303497314453e-01
5.018773376941680908e-01
5.302365422248840332e-01
4.578213691711425781e-01
6.516032218933105469e-01
3.562308549880981445e-01
5.370110869407653809e-01
4.653925299644470215e-01
3.660794198513031006e-01
4.393053352832794189e-01
3.153991103172302246e-01
3.742336034774780273e-01
3.643578886985778809e-01
4.411013722419738770e-01
3.041545748710632324e-01
3.551815450191497803e-01
3.801224231719970703e-01
4.576618969440460205e-01
3.115130066871643066e-01
3.315333724021911621e-01
4.000820517539978027e-01
5.050035119056701660e-01
6.230378150939941406e-01
7.383123636245727539e-01
8.348723053932189941e-01
5.750701427459716797e-01
5.660961270332336426e-01
4.973286986351013184e-01
5.570615828037261963e-01
6.301917731761932373e-01
6.722993552684783936e-01
4.908281564712524414e-01
5.426406264305114746e-01
6.374565958976745605e-01
