9.961766004562377930e-01
9.970693588256835938e-01
9.985863566398620605e-01
6.561009287834167480e-01
9.846214652061462402e-01
9.987663626670837402e-01
4.852566719055175781e-01
7.445484995841979980e-01
9.955805540084838867e-01
9.956941008567810059e-01
9.976858496665954590e-01
9.995087981224060059e-01
9.998688101768493652e-01
9.988949298858642578e-01
9.980537891387939453e-01
9.995019435882568359e-01
9.994032979011535645e-01
9.998383522033691406e-01
9.998545050621032715e-01
9.998666644096374512e-01
9.998934268951416016e-01
9.988467693328857422e-01
9.996949434280395508e-01
9.998439550399780273e-01
9.999200105667114258e-01
9.999439716339111328e-01
9.999244213104248047e-01
9.999229311943054199e-01
9.998961687088012695e-01
9.998660683631896973e-01
9.999152421951293945e-01
9.999079704284667969e-01
9.999350905418395996e-01
9.999068379402160645e-01
9.998866915702819824e-01
9.999257326126098633e-01
9.999186992645263672e-01
9.997808337211608887e-01
9.881086349487304688e-01
9.895275831222534180e-01
9.991501569747924805e-01
9.767444133758544922e-01
9.908706545829772949e-01
9.973536729812622070e-01
9.718681573867797852e-01
9.990184307098388672e-01
7.000038623809814453e-01
9.898622632026672363e-01
7.812410593032836914e-01
9.966414570808410645e-01
9.990715384483337402e-01
9.989101290702819824e-01
9.995779395103454590e-01
9.994391202926635742e-01
9.996384382247924805e-01
9.998579025268554688e-01
9.993659853935241699e-01
9.991979002952575684e-01
9.996619224548339844e-01
9.996344447135925293e-01
9.997009634971618652e-01
9.996809363365173340e-01
9.997928142547607422e-01
9.992036223411560059e-01
9.987251758575439453e-01
9.995468258857727051e-01
9.993577003479003906e-01
9.995024800300598145e-01
9.994315505027770996e-01
9.991601109504699707e-01
9.995859265327453613e-01
9.992212653160095215e-01
9.992722868919372559e-01
9.990124702453613281e-01
9.956116080284118652e-01
9.976621866226196289e-01
9.994438886642456055e-01
9.995394349098205566e-01
9.992457628250122070e-01
9.971720576286315918e-01
9.996058344841003418e-01
9.992968440055847168e-01
9.993208646774291992e-01
9.980347156524658203e-01
9.975011944770812988e-01
9.998521208763122559e-01
9.997479319572448730e-01
9.997249841690063477e-01
9.984461069107055664e-01
9.976592063903808594e-01
9.990677833557128906e-01
9.988288283348083496e-01
9.996886253356933594e-01
9.994667172431945801e-01
9.995390772819519043e-01
9.995744824409484863e-01
9.995241165161132812e-01
9.993763566017150879e-01
9.937115311622619629e-01
9.988448023796081543e-01
9.993430972099304199e-01
9.994212388992309570e-01
9.990553855895996094e-01
9.987268447875976562e-01
9.980637431144714355e-01
9.993988871574401855e-01
9.968709349632263184e-01
9.992983341217041016e-01
9.984503984451293945e-01
9.992656707763671875e-01
9.985089898109436035e-01
9.990034699440002441e-01
9.995103478431701660e-01
9.989659786224365234e-01
9.935811758041381836e-01
9.712113142013549805e-01
9.891805052757263184e-01
9.983619451522827148e-01
9.994754791259765625e-01
9.997074007987976074e-01
9.994312524795532227e-01
9.994207024574279785e-01
9.849075675010681152e-01
9.861556291580200195e-01
9.980891346931457520e-01
7.160620093345642090e-01
9.977235794067382812e-01
9.983290433883666992e-01
9.905263781547546387e-01
9.196226000785827637e-01
9.902368783950805664e-01
9.851355552673339844e-01
9.983842968940734863e-01
9.749975800514221191e-01
9.297628402709960938e-01
9.915871024131774902e-01
8.541240394115447998e-01
9.844425916671752930e-01
6.956899762153625488e-01
9.386705756187438965e-01
9.293350577354431152e-01
9.622623324394226074e-01
9.720182418823242188e-01
9.350312948226928711e-01
6.565129756927490234e-01
7.471139430999755859e-01
3.523448705673217773e-01
4.655956625938415527e-01
4.301578998565673828e-01
5.578119158744812012e-01
5.384031534194946289e-01
5.998189449310302734e-01
5.307817459106445312e-01
4.516980051994323730e-01
5.782897770404815674e-01
3.684703111648559570e-01
5.581169724464416504e-01
4.575259089469909668e-01
4.654468297958374023e-01
4.299708604812622070e-01
3.827137351036071777e-01
5.420588254928588867e-01
4.585041403770446777e-01
3.744285106658935547e-01
4.467423558235168457e-01
3.179684281349182129e-01
3.502306938171386719e-01
3.705267906188964844e-01
3.191991448402404785e-01
4.690117835998535156e-01
2.721112966537475586e-01
3.898578286170959473e-01
3.478142619132995605e-01
3.819980323314666748e-01
3.507822155952453613e-01
3.373127579689025879e-01
3.001684844493865967e-01
3.735749125480651855e-01
2.917824387550354004e-01
2.817375063896179199e-01
2.854717969894409180e-01
2.157972455024719238e-01
3.102719485759735107e-01
3.745355010032653809e-01
3.830235898494720459e-01
4.339444041252136230e-01
3.531166315078735352e-01
3.896890878677368164e-01
3.703903555870056152e-01
3.905222713947296143e-01
3.553970456123352051e-01
3.988552093505859375e-01
3.887221217155456543e-01
3.614947795867919922e-01
4.641837179660797119e-01
4.387716650962829590e-01
4.387439489364624023e-01
5.545763969421386719e-01
4.098963737487792969e-01
