9.961766004562377930e-01
9.970693588256835938e-01
9.985863566398620605e-01
9.985475540161132812e-01
9.996557831764221191e-01
9.997925162315368652e-01
9.997665286064147949e-01
9.998143911361694336e-01
9.995024800300598145e-01
9.996802210807800293e-01
9.998058080673217773e-01
9.989076852798461914e-01
9.998217225074768066e-01
9.986685514450073242e-01
9.976138472557067871e-01
9.996119737625122070e-01
9.994136691093444824e-01
9.998365640640258789e-01
9.998647570610046387e-01
9.998674392700195312e-01
9.990633130073547363e-01
9.982663989067077637e-01
9.995063543319702148e-01
9.998279809951782227e-01
9.999221563339233398e-01
9.999371170997619629e-01
9.998969435691833496e-01
9.999073147773742676e-01
9.999222755432128906e-01
9.999212622642517090e-01
9.999425411224365234e-01
9.998894333839416504e-01
9.998853206634521484e-01
9.999247193336486816e-01
9.999178051948547363e-01
9.999191761016845703e-01
9.999166131019592285e-01
9.998786449432373047e-01
9.996346235275268555e-01
9.631378054618835449e-01
4.926514029502868652e-01
9.839762449264526367e-01
9.844285249710083008e-01
9.993715286254882812e-01
6.059667766094207764e-01
9.868055582046508789e-01
6.820920705795288086e-01
9.637808203697204590e-01
6.765640974044799805e-01
9.533619284629821777e-01
9.812964797019958496e-01
9.870281219482421875e-01
9.996293783187866211e-01
9.742706418037414551e-01
9.475010633468627930e-01
9.997399449348449707e-01
9.995567202568054199e-01
9.996556639671325684e-01
9.996298551559448242e-01
9.996322989463806152e-01
9.998561143875122070e-01
9.993141889572143555e-01
9.983601570129394531e-01
9.996337890625000000e-01
9.995649456977844238e-01
9.990466833114624023e-01
9.997287392616271973e-01
9.998387098312377930e-01
9.976062774658203125e-01
9.988912343978881836e-01
9.983249306678771973e-01
9.992792606353759766e-01
9.977821111679077148e-01
9.997475147247314453e-01
9.994420409202575684e-01
9.995024800300598145e-01
9.998253583908081055e-01
9.609090685844421387e-01
9.915680885314941406e-01
9.951913952827453613e-01
9.996094703674316406e-01
9.992881417274475098e-01
9.995422363281250000e-01
9.970568418502807617e-01
9.992302060127258301e-01
9.997113347053527832e-01
9.992550015449523926e-01
9.997994303703308105e-01
9.990367889404296875e-01
9.997121095657348633e-01
9.994823932647705078e-01
9.987437725067138672e-01
9.997706413269042969e-01
9.991597533226013184e-01
9.995950460433959961e-01
9.995182156562805176e-01
9.994583725929260254e-01
9.996210932731628418e-01
9.996196031570434570e-01
9.996310472488403320e-01
9.995731115341186523e-01
9.996106028556823730e-01
9.993189573287963867e-01
9.992786049842834473e-01
9.994091391563415527e-01
9.989517927169799805e-01
9.995884299278259277e-01
9.946481585502624512e-01
9.994849562644958496e-01
9.990953803062438965e-01
9.992708563804626465e-01
9.983879923820495605e-01
9.997605085372924805e-01
9.995083808898925781e-01
9.988344311714172363e-01
9.996053576469421387e-01
9.964251518249511719e-01
9.996475577354431152e-01
9.989733695983886719e-01
9.989711642265319824e-01
9.997891783714294434e-01
9.985323548316955566e-01
9.982863664627075195e-01
9.996517300605773926e-01
9.928179979324340820e-01
9.435966610908508301e-01
8.294657468795776367e-01
9.902666807174682617e-01
9.986779093742370605e-01
9.370173215866088867e-01
9.834428429603576660e-01
9.822318553924560547e-01
8.957342505455017090e-01
5.072723031044006348e-01
9.216027855873107910e-01
9.344104528427124023e-01
9.762470722198486328e-01
9.020751118659973145e-01
8.490651100873947144e-01
9.404286146163940430e-01
9.665610790252685547e-01
6.672393977642059326e-01
8.819820880889892578e-01
9.755532741546630859e-01
7.580710649490356445e-01
9.608801603317260742e-01
8.595767766237258911e-01
9.044098258018493652e-01
7.147989273071289062e-01
5.186264514923095703e-01
3.567677736282348633e-01
3.747700452804565430e-01
6.160707473754882812e-01
2.974537014961242676e-01
4.485646784305572510e-01
5.273872017860412598e-01
4.577322602272033691e-01
5.060335397720336914e-01
4.448828697204589844e-01
5.731856226921081543e-01
3.567482829093933105e-01
4.876627326011657715e-01
3.715237975120544434e-01
4.971430301666259766e-01
3.570251166820526123e-01
4.307539463043212891e-01
6.290575563907623291e-01
5.817680656909942627e-01
5.547326803207397461e-01
4.803672134876251221e-01
4.238995313644409180e-01
2.799711525440216064e-01
2.406697273254394531e-01
3.703638911247253418e-01
4.379211664199829102e-01
4.105782508850097656e-01
4.352309107780456543e-01
4.843101799488067627e-01
3.890723288059234619e-01
5.099456906318664551e-01
3.292358517646789551e-01
3.829665184020996094e-01
3.337154388427734375e-01
4.027036428451538086e-01
2.825059592723846436e-01
3.010048866271972656e-01
2.586979269981384277e-01
3.169255852699279785e-01
2.529522180557250977e-01
4.046798944473266602e-01
3.972498774528503418e-01
3.579067587852478027e-01
4.245018959045410156e-01
4.037021398544311523e-01
5.387203991413116455e-01
3.836882710456848145e-01
5.463083088397979736e-01
4.069866538047790527e-01
5.084067583084106445e-01
5.129334628582000732e-01
5.468131303787231445e-01
4.519788026809692383e-01
3.760835528373718262e-01
3.701093196868896484e-01
3.197611570358276367e-01
