9.961766004562377930e-01
9.970693588256835938e-01
9.985863566398620605e-01
6.561009287834167480e-01
9.846214652061462402e-01
9.987663626670837402e-01
4.852566421031951904e-01
7.445484995841979980e-01
9.955805540084838867e-01
9.956941008567810059e-01
9.976858496665954590e-01
9.995087981224060059e-01
9.998688101768493652e-01
9.988949298858642578e-01
9.980537891387939453e-01
9.995019435882568359e-01
9.994032979011535645e-01
9.998383522033691406e-01
9.998545050621032715e-01
9.998666644096374512e-01
9.998934268951416016e-01
9.998809099197387695e-01
9.997652173042297363e-01
9.996891021728515625e-01
9.999229311943054199e-01
9.999417066574096680e-01
9.999338388442993164e-01
9.999222755432128906e-01
9.998726844787597656e-01
9.998827576637268066e-01
9.999152421951293945e-01
9.999079704284667969e-01
9.999350905418395996e-01
9.998968243598937988e-01
9.998866915702819824e-01
9.999257326126098633e-01
9.999186992645263672e-01
9.997808337211608887e-01
9.997564554214477539e-01
9.997556209564208984e-01
9.972718358039855957e-01
9.785726070404052734e-01
9.315521121025085449e-01
9.524375200271606445e-01
9.936773777008056641e-01
9.994966983795166016e-01
9.432734847068786621e-01
9.856442809104919434e-01
9.989838600158691406e-01
9.972956180572509766e-01
9.156507849693298340e-01
9.714531898498535156e-01
9.787664413452148438e-01
9.992153644561767578e-01
9.995133280754089355e-01
9.997264742851257324e-01
9.981571435928344727e-01
9.994950294494628906e-01
9.996421933174133301e-01
9.996055364608764648e-01
9.996884465217590332e-01
9.996571540832519531e-01
9.997835159301757812e-01
9.990832805633544922e-01
9.986404776573181152e-01
9.996697902679443359e-01
9.996037483215332031e-01
9.993173480033874512e-01
9.990659356117248535e-01
9.996758103370666504e-01
9.996830224990844727e-01
9.997816681861877441e-01
9.996140599250793457e-01
9.987556338310241699e-01
9.989443421363830566e-01
9.985332489013671875e-01
9.983407258987426758e-01
9.680444598197937012e-01
8.401613235473632812e-01
9.219440221786499023e-01
9.612762331962585449e-01
9.984582662582397461e-01
9.875718355178833008e-01
9.994325041770935059e-01
9.960671663284301758e-01
9.998339414596557617e-01
9.994518756866455078e-01
9.993876814842224121e-01
9.997162222862243652e-01
9.993994832038879395e-01
9.981682896614074707e-01
9.980928897857666016e-01
9.996602535247802734e-01
9.994117021560668945e-01
9.996237754821777344e-01
9.993929266929626465e-01
9.993957281112670898e-01
9.996652007102966309e-01
9.993838667869567871e-01
9.995077252388000488e-01
9.996344447135925293e-01
9.994651079177856445e-01
9.993693828582763672e-01
9.995885491371154785e-01
9.995913505554199219e-01
9.996479153633117676e-01
9.996843934059143066e-01
9.994860291481018066e-01
9.992642998695373535e-01
9.949796199798583984e-01
9.935603141784667969e-01
9.984894990921020508e-01
9.966003894805908203e-01
9.993938207626342773e-01
9.993432760238647461e-01
9.997462034225463867e-01
9.995459914207458496e-01
9.973307847976684570e-01
9.990643262863159180e-01
9.983541369438171387e-01
9.993485212326049805e-01
9.996209740638732910e-01
9.993225932121276855e-01
9.983680248260498047e-01
9.957903623580932617e-01
9.020573496818542480e-01
9.812523722648620605e-01
4.441461563110351562e-01
8.806838393211364746e-01
8.386102318763732910e-01
9.733739495277404785e-01
9.908715486526489258e-01
9.365918636322021484e-01
9.739468507468700409e-01
9.628311991691589355e-01
9.479545354843139648e-01
8.617647886276245117e-01
9.597083777189254761e-01
9.518368840217590332e-01
9.262448549270629883e-01
7.958046197891235352e-01
8.214777112007141113e-01
8.522797822952270508e-01
6.790953874588012695e-01
8.413183689117431641e-01
7.589044272899627686e-01
6.057959794998168945e-01
6.541432738304138184e-01
5.952259302139282227e-01
4.637119174003601074e-01
3.083046078681945801e-01
4.782859981060028076e-01
3.489791750907897949e-01
3.841561675071716309e-01
5.090559124946594238e-01
3.812735676765441895e-01
4.172791242599487305e-01
4.645289778709411621e-01
4.286139011383056641e-01
3.145143985748291016e-01
3.951182365417480469e-01
3.484843373298645020e-01
3.968328833580017090e-01
4.795866906642913818e-01
5.121914744377136230e-01
3.995677232742309570e-01
3.887773752212524414e-01
3.148490786552429199e-01
4.450415670871734619e-01
4.040423929691314697e-01
4.907248020172119141e-01
2.816289663314819336e-01
3.684929609298706055e-01
3.379410803318023682e-01
3.743605017662048340e-01
3.101730942726135254e-01
3.559087812900543213e-01
5.363510251045227051e-01
4.905417859554290771e-01
4.824182987213134766e-01
4.619368016719818115e-01
3.721444010734558105e-01
4.468616843223571777e-01
4.148881435394287109e-01
2.869504690170288086e-01
3.266721963882446289e-01
3.842132985591888428e-01
4.900310635566711426e-01
5.290902256965637207e-01
5.217543244361877441e-01
6.660178899765014648e-01
6.348270177841186523e-01
5.981043577194213867e-01
4.394778013229370117e-01
5.047236680984497070e-01
5.463294386863708496e-01
4.109649062156677246e-01
3.661476373672485352e-01
3.345259428024291992e-01
4.965230226516723633e-01
3.362116217613220215e-01
6.247286796569824219e-01
5.860956907272338867e-01
5.235490798950195312e-01
4.334137439727783203e-01
4.442078471183776855e-01
5.016613602638244629e-01
