9.961766004562377930e-01
9.970693588256835938e-01
9.985863566398620605e-01
6.561009287834167480e-01
9.846214652061462402e-01
9.987663626670837402e-01
4.852566719055175781e-01
7.445484995841979980e-01
9.955805540084838867e-01
9.956941008567810059e-01
9.976858496665954590e-01
9.995087981224060059e-01
9.998688101768493652e-01
9.998847842216491699e-01
9.987072944641113281e-01
9.982871413230895996e-01
9.994984865188598633e-01
9.998257160186767578e-01
9.998814463615417480e-01
9.585264921188354492e-01
9.979286193847656250e-01
9.996428489685058594e-01
9.998295903205871582e-01
9.998399615287780762e-01
9.999109506607055664e-01
9.999142289161682129e-01
9.999448657035827637e-01
9.999305605888366699e-01
9.998197555541992188e-01
9.998757839202880859e-01
9.999055266380310059e-01
9.999178051948547363e-01
9.999440312385559082e-01
9.998990893363952637e-01
9.998912811279296875e-01
9.999257326126098633e-01
9.999186992645263672e-01
9.997813701629638672e-01
8.393104076385498047e-01
9.897111058235168457e-01
9.991409778594970703e-01
9.771909117698669434e-01
9.900799989700317383e-01
9.776630401611328125e-01
9.798653125762939453e-01
6.375658512115478516e-01
7.475243210792541504e-01
9.963222742080688477e-01
7.846958786249160767e-01
9.971058964729309082e-01
9.989693760871887207e-01
9.994349479675292969e-01
9.994773268699645996e-01
9.996405839920043945e-01
9.996439814567565918e-01
9.998570680618286133e-01
9.993694424629211426e-01
9.991979002952575684e-01
9.996653199195861816e-01
9.996344447135925293e-01
9.997019171714782715e-01
9.996835589408874512e-01
9.997941255569458008e-01
9.991936683654785156e-01
9.987779855728149414e-01
9.995601177215576172e-01
9.993804693222045898e-01
9.993052482604980469e-01
9.988887310028076172e-01
9.990440607070922852e-01
9.995771050453186035e-01
9.987671971321105957e-01
9.991461038589477539e-01
9.996913671493530273e-01
9.989929199218750000e-01
9.981392621994018555e-01
9.946824908256530762e-01
9.997910261154174805e-01
9.997223019599914551e-01
9.993715882301330566e-01
9.997369647026062012e-01
9.902598261833190918e-01
9.960730075836181641e-01
9.992413520812988281e-01
9.993465542793273926e-01
9.998233914375305176e-01
9.997496008872985840e-01
9.993941187858581543e-01
9.998403191566467285e-01
9.997553825378417969e-01
9.998082518577575684e-01
9.997888803482055664e-01
9.996558427810668945e-01
9.989994168281555176e-01
9.996510148048400879e-01
9.995865821838378906e-01
9.996508955955505371e-01
9.994847178459167480e-01
9.995107054710388184e-01
9.996096491813659668e-01
9.991891384124755859e-01
9.987451434135437012e-01
9.997551441192626953e-01
9.997397661209106445e-01
8.020302504301071167e-01
9.879000782966613770e-01
9.803860187530517578e-01
9.994618296623229980e-01
9.734272360801696777e-01
9.957180023193359375e-01
9.981769323348999023e-01
9.954065084457397461e-01
9.984117150306701660e-01
9.991298317909240723e-01
9.984217286109924316e-01
9.997747540473937988e-01
9.989646673202514648e-01
9.980444908142089844e-01
9.991365075111389160e-01
9.981303215026855469e-01
9.995103478431701660e-01
9.993507266044616699e-01
9.981835484504699707e-01
9.313113689422607422e-01
9.364705085754394531e-01
9.947203397750854492e-01
9.987970590591430664e-01
9.579238295555114746e-01
8.448961377143859863e-01
9.452822804450988770e-01
9.936517477035522461e-01
9.979586005210876465e-01
9.869922399520874023e-01
8.653091788291931152e-01
9.818071722984313965e-01
9.840997457504272461e-01
9.872584939002990723e-01
9.925864338874816895e-01
9.963722229003906250e-01
9.819796085357666016e-01
9.775109887123107910e-01
9.384266138076782227e-01
9.733766317367553711e-01
9.501935243606567383e-01
9.369600415229797363e-01
9.005513191223144531e-01
9.360036849975585938e-01
9.147508144378662109e-01
9.301344156265258789e-01
7.903541326522827148e-01
9.195097088813781738e-01
7.027115225791931152e-01
7.689428329467773438e-01
7.229668498039245605e-01
5.732271671295166016e-01
7.900964617729187012e-01
4.107199013233184814e-01
5.433319211006164551e-01
5.775332450866699219e-01
6.595576107501983643e-01
5.613989233970642090e-01
4.538127183914184570e-01
4.184286594390869141e-01
5.901559591293334961e-01
5.631247162818908691e-01
5.396130681037902832e-01
5.537861585617065430e-01
3.912676572799682617e-01
5.501532256603240967e-01
3.477253317832946777e-01
4.762996137142181396e-01
3.580983877182006836e-01
3.686526417732238770e-01
2.922183871269226074e-01
5.549355745315551758e-01
2.426466941833496094e-01
3.988306820392608643e-01
4.106874763965606689e-01
5.062547028064727783e-01
5.048840045928955078e-01
3.872999250888824463e-01
4.535028338432312012e-01
3.708685040473937988e-01
5.282770991325378418e-01
3.146203160285949707e-01
2.648174166679382324e-01
3.300745189189910889e-01
2.955530881881713867e-01
4.721777439117431641e-01
3.939862251281738281e-01
4.488987624645233154e-01
5.221983790397644043e-01
4.099530875682830811e-01
4.378015995025634766e-01
4.791742563247680664e-01
4.928869605064392090e-01
