9.961766004562377930e-01
9.970693588256835938e-01
9.985863566398620605e-01
6.561009287834167480e-01
9.846214652061462402e-01
9.987663626670837402e-01
4.852566421031951904e-01
7.445484995841979980e-01
9.955805540084838867e-01
9.956941008567810059e-01
9.976858496665954590e-01
9.995087981224060059e-01
9.998688101768493652e-01
9.998847842216491699e-01
9.987072944641113281e-01
9.982871413230895996e-01
9.994984865188598633e-01
9.998257160186767578e-01
9.998814463615417480e-01
9.585264921188354492e-01
9.979286193847656250e-01
9.996428489685058594e-01
9.998295903205871582e-01
9.998399615287780762e-01
9.999109506607055664e-01
9.999142289161682129e-01
9.999448657035827637e-01
9.999305605888366699e-01
9.998197555541992188e-01
9.998757839202880859e-01
9.999055266380310059e-01
9.999178051948547363e-01
9.999440312385559082e-01
9.998990893363952637e-01
9.998912811279296875e-01
9.999257326126098633e-01
9.999186992645263672e-01
9.997813701629638672e-01
8.489871621131896973e-01
9.897111058235168457e-01
9.991409778594970703e-01
9.996044635772705078e-01
9.932143092155456543e-01
9.912635087966918945e-01
9.996291995048522949e-01
9.996275305747985840e-01
9.997796416282653809e-01
9.998859763145446777e-01
9.996032714843750000e-01
9.998526573181152344e-01
9.998983144760131836e-01
9.998947381973266602e-01
9.999042153358459473e-01
9.999008178710937500e-01
9.999009370803833008e-01
9.999351501464843750e-01
9.998698830604553223e-01
9.965706467628479004e-01
9.998244047164916992e-01
9.970635175704956055e-01
9.983027577400207520e-01
9.990962147712707520e-01
9.994360208511352539e-01
9.994297623634338379e-01
9.898738861083984375e-01
9.251863360404968262e-01
9.965488910675048828e-01
9.974017739295959473e-01
9.988830089569091797e-01
9.985671043395996094e-01
9.995132684707641602e-01
9.991791844367980957e-01
9.991874098777770996e-01
9.686261415481567383e-01
9.971897006034851074e-01
9.995471239089965820e-01
9.993185400962829590e-01
9.997353553771972656e-01
9.997356534004211426e-01
9.997575283050537109e-01
9.997067451477050781e-01
9.994403123855590820e-01
9.960382580757141113e-01
9.993115663528442383e-01
9.994947314262390137e-01
9.997121691703796387e-01
9.997813701629638672e-01
9.996995925903320312e-01
9.997625350952148438e-01
9.996400475502014160e-01
9.991732835769653320e-01
9.971128106117248535e-01
9.998044967651367188e-01
9.990985393524169922e-01
9.998291134834289551e-01
9.993339180946350098e-01
9.997634291648864746e-01
9.993516206741333008e-01
9.963738918304443359e-01
9.996983408927917480e-01
9.992518424987792969e-01
9.996196627616882324e-01
9.994986057281494141e-01
7.476791739463806152e-01
9.876990914344787598e-01
9.867510795593261719e-01
9.994608163833618164e-01
9.996789097785949707e-01
9.261597394943237305e-01
9.934375882148742676e-01
9.986139535903930664e-01
9.976420998573303223e-01
9.991649985313415527e-01
9.995194077491760254e-01
9.992365241050720215e-01
9.998659491539001465e-01
9.985454082489013672e-01
9.994949698448181152e-01
9.992110729217529297e-01
6.968477666378021240e-01
8.214691281318664551e-01
9.342213869094848633e-01
9.881177544593811035e-01
9.987378120422363281e-01
9.905300736427307129e-01
8.971310257911682129e-01
9.832599759101867676e-01
9.977482557296752930e-01
9.774981141090393066e-01
8.782632946968078613e-01
9.643578529357910156e-01
9.963113665580749512e-01
9.825016260147094727e-01
9.110949039459228516e-01
9.757171869277954102e-01
9.911190867424011230e-01
9.929984211921691895e-01
9.930016398429870605e-01
9.983949661254882812e-01
9.783853292465209961e-01
9.972293376922607422e-01
9.780598282814025879e-01
9.592900872230529785e-01
4.299373030662536621e-01
8.235257267951965332e-01
9.364235997200012207e-01
9.809501767158508301e-01
8.974127769470214844e-01
9.622971415519714355e-01
6.685402989387512207e-01
6.285758018493652344e-01
8.205124735832214355e-01
6.274245381355285645e-01
4.279407858848571777e-01
5.793597102165222168e-01
5.163230299949645996e-01
7.138742804527282715e-01
4.639763832092285156e-01
4.457988142967224121e-01
5.241082310676574707e-01
5.948233008384704590e-01
5.177518129348754883e-01
5.159916877746582031e-01
4.644484519958496094e-01
2.883108556270599365e-01
4.065073728561401367e-01
2.511930465698242188e-01
3.332061767578125000e-01
3.364436626434326172e-01
2.277905941009521484e-01
2.909042239189147949e-01
2.455062866210937500e-01
3.100513815879821777e-01
3.173118233680725098e-01
1.870653629302978516e-01
2.495767474174499512e-01
3.462326526641845703e-01
2.719020843505859375e-01
2.947201132774353027e-01
3.731848895549774170e-01
3.141582608222961426e-01
2.382330298423767090e-01
3.440770506858825684e-01
2.157659530639648438e-01
2.719002664089202881e-01
2.429423034191131592e-01
2.797034382820129395e-01
3.536276817321777344e-01
3.745220303535461426e-01
3.801968991756439209e-01
3.712877035140991211e-01
4.350316524505615234e-01
4.849150180816650391e-01
4.706983268260955811e-01
3.622550368309020996e-01
3.400036394596099854e-01
4.364691972732543945e-01
4.542553424835205078e-01
3.994874358177185059e-01
4.255755543708801270e-01
4.959851503372192383e-01
5.483068227767944336e-01
4.672229886054992676e-01
5.619268119335174561e-01
4.907804131507873535e-01
4.777728617191314697e-01
5.705553293228149414e-01
4.239170551300048828e-01
6.041338145732879639e-01
4.245467782020568848e-01
4.206054210662841797e-01
4.310453832149505615e-01
4.298539757728576660e-01
3.191701769828796387e-01
