9.961766004562377930e-01
9.970693588256835938e-01
9.985863566398620605e-01
9.985475540161132812e-01
9.996557831764221191e-01
9.997925162315368652e-01
9.964882135391235352e-01
9.971145987510681152e-01
9.875730872154235840e-01
9.848216772079467773e-01
9.970052838325500488e-01
9.994402527809143066e-01
9.998731613159179688e-01
9.989282488822937012e-01
9.979112744331359863e-01
9.995701909065246582e-01
9.994032979011535645e-01
9.998399615287780762e-01
9.998552799224853516e-01
9.998674392700195312e-01
9.998927116394042969e-01
9.998805522918701172e-01
9.988691806793212891e-01
9.996901154518127441e-01
9.999223351478576660e-01
9.999418258666992188e-01
9.999443292617797852e-01
9.998912215232849121e-01
9.999234080314636230e-01
9.998986721038818359e-01
9.998666048049926758e-01
9.999153017997741699e-01
9.999091625213623047e-01
9.999149441719055176e-01
9.999262094497680664e-01
9.999395012855529785e-01
9.999065399169921875e-01
9.994744658470153809e-01
9.997401237487792969e-01
9.886775612831115723e-01
5.800288915634155273e-01
9.868007898330688477e-01
2.585992515087127686e-01
8.274925649166107178e-01
5.993024706840515137e-01
5.392817854881286621e-01
8.316981494426727295e-01
9.911284446716308594e-01
9.976599812507629395e-01
9.993999004364013672e-01
9.998425841331481934e-01
9.994115829467773438e-01
9.991287589073181152e-01
9.996376037597656250e-01
9.995942115783691406e-01
9.996749758720397949e-01
9.996507167816162109e-01
9.996508955955505371e-01
9.998599886894226074e-01
9.998512864112854004e-01
9.993676543235778809e-01
9.991832375526428223e-01
9.994902014732360840e-01
9.986494183540344238e-01
9.998100399971008301e-01
9.996805787086486816e-01
9.996485710144042969e-01
9.997910261154174805e-01
9.995146393775939941e-01
9.997491240501403809e-01
9.997006654739379883e-01
9.945355057716369629e-01
9.982677102088928223e-01
9.998012185096740723e-01
9.983288645744323730e-01
9.990412592887878418e-01
9.987074136734008789e-01
9.974625110626220703e-01
9.983935952186584473e-01
9.968291521072387695e-01
9.994623064994812012e-01
9.993625879287719727e-01
9.992409944534301758e-01
9.955466985702514648e-01
9.994668960571289062e-01
9.994961619377136230e-01
9.995137453079223633e-01
9.993029832839965820e-01
9.994531869888305664e-01
9.996239542961120605e-01
9.947471618652343750e-01
9.994984865188598633e-01
9.988161325454711914e-01
9.984053373336791992e-01
9.986985325813293457e-01
9.994718432426452637e-01
9.997239112854003906e-01
9.991288185119628906e-01
9.994990229606628418e-01
9.988526701927185059e-01
9.982268810272216797e-01
9.993052482604980469e-01
9.998133778572082520e-01
9.992951154708862305e-01
9.997667074203491211e-01
9.993113875389099121e-01
9.974389672279357910e-01
9.940612912178039551e-01
9.964411258697509766e-01
9.984444379806518555e-01
9.997482895851135254e-01
9.993517994880676270e-01
9.980806708335876465e-01
9.995363354682922363e-01
9.974471926689147949e-01
9.992157220840454102e-01
9.986669421195983887e-01
9.980283379554748535e-01
9.994979500770568848e-01
9.995527267456054688e-01
9.991458654403686523e-01
9.816050529479980469e-01
9.977948665618896484e-01
9.594757556915283203e-01
8.597357869148254395e-01
9.713962674140930176e-01
9.979426860809326172e-01
9.876045584678649902e-01
9.246395826339721680e-01
9.615969657897949219e-01
6.324208974838256836e-01
9.819604158401489258e-01
9.134208559989929199e-01
7.298488616943359375e-01
9.912899136543273926e-01
8.988549709320068359e-01
7.210102677345275879e-01
9.604400992393493652e-01
9.839197993278503418e-01
9.873695373535156250e-01
9.968719482421875000e-01
9.961566925048828125e-01
9.944372773170471191e-01
9.888055920600891113e-01
8.981454372406005859e-01
8.669426441192626953e-01
4.610273241996765137e-01
7.601796388626098633e-01
8.096009492874145508e-01
4.974175691604614258e-01
4.768027663230895996e-01
5.507248044013977051e-01
2.349887490272521973e-01
7.021777033805847168e-01
4.724469780921936035e-01
6.316254734992980957e-01
6.066749691963195801e-01
7.365739345550537109e-01
6.133216619491577148e-01
6.169425845146179199e-01
5.747990608215332031e-01
5.860983133316040039e-01
5.870524048805236816e-01
4.033505320549011230e-01
4.330437183380126953e-01
4.370423555374145508e-01
3.716499507427215576e-01
3.385610580444335938e-01
3.860622048377990723e-01
4.548167586326599121e-01
3.153890371322631836e-01
4.361797571182250977e-01
3.798911869525909424e-01
2.838444411754608154e-01
2.918199896812438965e-01
4.162425696849822998e-01
3.734164535999298096e-01
3.649525344371795654e-01
2.762689590454101562e-01
3.282834887504577637e-01
3.554790019989013672e-01
2.982457280158996582e-01
1.868360638618469238e-01
3.575076460838317871e-01
3.313453197479248047e-01
3.214930891990661621e-01
3.728582262992858887e-01
3.832256197929382324e-01
4.072077274322509766e-01
4.114503562450408936e-01
3.871734738349914551e-01
4.496136307716369629e-01
4.498477578163146973e-01
3.282551467418670654e-01
4.075827002525329590e-01
3.364153504371643066e-01
3.096716403961181641e-01
3.175190687179565430e-01
3.214718699455261230e-01
3.577429056167602539e-01
4.983301162719726562e-01
4.118062257766723633e-01
4.439102411270141602e-01
4.167923927307128906e-01
4.705359935760498047e-01
4.307458400726318359e-01
4.015664756298065186e-01
