9.961766004562377930e-01
9.970693588256835938e-01
9.985863566398620605e-01
6.561008989810943604e-01
9.846214652061462402e-01
9.987663626670837402e-01
4.852566719055175781e-01
7.445484995841979980e-01
9.955805540084838867e-01
9.956941008567810059e-01
9.976858496665954590e-01
9.995087981224060059e-01
9.998688101768493652e-01
9.998847842216491699e-01
9.987072944641113281e-01
9.982871413230895996e-01
9.994984865188598633e-01
9.998257160186767578e-01
9.998814463615417480e-01
9.585264921188354492e-01
9.979286193847656250e-01
9.996428489685058594e-01
9.998295903205871582e-01
9.998399615287780762e-01
9.999109506607055664e-01
9.999142289161682129e-01
9.999448657035827637e-01
9.999305605888366699e-01
9.998197555541992188e-01
9.998757839202880859e-01
9.999055266380310059e-01
9.999178051948547363e-01
9.999440312385559082e-01
9.998990893363952637e-01
9.998912811279296875e-01
9.999257326126098633e-01
9.999186992645263672e-01
9.997813701629638672e-01
8.393104076385498047e-01
9.895275831222534180e-01
9.991501569747924805e-01
7.484430670738220215e-01
5.871788859367370605e-01
9.769866466522216797e-01
5.354395508766174316e-01
6.175609230995178223e-01
9.211140349507331848e-01
9.974184036254882812e-01
7.138857245445251465e-01
9.840455651283264160e-01
9.995135664939880371e-01
9.993472695350646973e-01
9.996843338012695312e-01
9.996571540832519531e-01
9.996502399444580078e-01
9.998565912246704102e-01
9.993709325790405273e-01
9.991784691810607910e-01
9.996517300605773926e-01
9.996389150619506836e-01
9.995661973953247070e-01
9.998074769973754883e-01
9.997223019599914551e-01
9.995468258857727051e-01
9.967827796936035156e-01
9.964817166328430176e-01
9.995616078376770020e-01
9.992924928665161133e-01
9.993433952331542969e-01
9.993616938591003418e-01
9.995744824409484863e-01
9.975807070732116699e-01
9.992339015007019043e-01
9.982863068580627441e-01
9.945923089981079102e-01
9.990422725677490234e-01
9.986881017684936523e-01
9.994090795516967773e-01
9.934215545654296875e-01
9.914245605468750000e-01
9.996471405029296875e-01
9.996532201766967773e-01
9.990884065628051758e-01
9.978555440902709961e-01
9.991077780723571777e-01
9.996864795684814453e-01
9.996940493583679199e-01
9.995103478431701660e-01
9.995216727256774902e-01
9.993873238563537598e-01
9.985444545745849609e-01
9.975612163543701172e-01
9.997269511222839355e-01
9.995859861373901367e-01
9.997822642326354980e-01
9.991806745529174805e-01
9.986401200294494629e-01
9.997918605804443359e-01
9.965996146202087402e-01
9.987429380416870117e-01
9.995011091232299805e-01
9.995241165161132812e-01
9.990877509117126465e-01
9.993781447410583496e-01
9.980854988098144531e-01
9.994015097618103027e-01
9.984118938446044922e-01
9.996692538261413574e-01
9.996252655982971191e-01
9.941483736038208008e-01
9.923576116561889648e-01
9.975076913833618164e-01
9.981906414031982422e-01
9.986383318901062012e-01
9.988659024238586426e-01
9.995338320732116699e-01
9.993406534194946289e-01
9.929062128067016602e-01
9.992786049842834473e-01
9.995663762092590332e-01
9.989939332008361816e-01
9.996975064277648926e-01
9.874788522720336914e-01
9.975506067276000977e-01
9.897569417953491211e-01
8.942459821701049805e-01
9.964215755462646484e-01
9.968094825744628906e-01
9.420702457427978516e-01
9.804348945617675781e-01
9.846494197845458984e-01
9.967386722564697266e-01
9.758797287940979004e-01
5.834668278694152832e-01
9.597030282020568848e-01
9.933437108993530273e-01
9.828231334686279297e-01
9.945138096809387207e-01
9.797664284706115723e-01
9.495751261711120605e-01
9.090396761894226074e-01
9.551360607147216797e-01
9.840447902679443359e-01
9.489887356758117676e-01
9.202384352684020996e-01
8.186982274055480957e-01
8.307632207870483398e-01
7.984436899423599243e-01
7.752517461776733398e-01
6.179007589817047119e-01
6.690978407859802246e-01
6.002369225025177002e-01
4.735247790813446045e-01
8.564158082008361816e-01
7.591006755828857422e-01
5.586779415607452393e-01
5.943504571914672852e-01
5.577535033226013184e-01
5.865190625190734863e-01
6.455421447753906250e-01
5.568158030509948730e-01
5.293752849102020264e-01
4.946137666702270508e-01
3.473553061485290527e-01
5.369589328765869141e-01
2.545625567436218262e-01
4.831933975219726562e-01
2.827051877975463867e-01
3.777348399162292480e-01
4.057407379150390625e-01
2.516093254089355469e-01
3.514899015426635742e-01
4.583113193511962891e-01
2.732718288898468018e-01
2.787351608276367188e-01
2.843216061592102051e-01
2.526980638504028320e-01
2.922477126121520996e-01
2.908272743225097656e-01
3.966409564018249512e-01
3.415939211845397949e-01
3.375748693943023682e-01
2.638093531131744385e-01
2.994673848152160645e-01
2.777538597583770752e-01
2.943926453590393066e-01
3.203089833259582520e-01
3.613234162330627441e-01
4.351611137390136719e-01
4.890349805355072021e-01
4.001700282096862793e-01
4.449160993099212646e-01
4.212632775306701660e-01
