9.961766004562377930e-01
9.970693588256835938e-01
4.997427463531494141e-01
5.682862997055053711e-01
9.958591461181640625e-01
9.985280632972717285e-01
6.148990988731384277e-01
6.979869604110717773e-01
9.952147006988525391e-01
9.967195391654968262e-01
9.970041513442993164e-01
9.995087981224060059e-01
9.998688101768493652e-01
9.998848438262939453e-01
9.987072944641113281e-01
9.982758164405822754e-01
9.994968175888061523e-01
9.998260140419006348e-01
9.998820424079895020e-01
9.633339047431945801e-01
9.978017807006835938e-01
9.996408820152282715e-01
9.998307824134826660e-01
9.998425841331481934e-01
9.999104738235473633e-01
9.999142885208129883e-01
9.999451041221618652e-01
9.999305605888366699e-01
9.998201131820678711e-01
9.998764395713806152e-01
9.999051690101623535e-01
9.999387264251708984e-01
9.999043941497802734e-01
9.998878240585327148e-01
9.999240040779113770e-01
9.999216794967651367e-01
9.999253153800964355e-01
9.997556805610656738e-01
9.997519254684448242e-01
9.917011857032775879e-01
9.965087175369262695e-01
9.997951388359069824e-01
9.774113297462463379e-01
9.913759231567382812e-01
9.996751546859741211e-01
9.982629418373107910e-01
7.150579094886779785e-01
9.926664233207702637e-01
9.982667565345764160e-01
9.975239634513854980e-01
8.355333209037780762e-01
9.539898037910461426e-01
9.598333239555358887e-01
9.907426834106445312e-01
9.996895790100097656e-01
9.710832834243774414e-01
9.974655508995056152e-01
9.997510910034179688e-01
9.995962977409362793e-01
9.996843934059143066e-01
9.996581077575683594e-01
9.998419284820556641e-01
9.990408420562744141e-01
9.985033869743347168e-01
9.996563196182250977e-01
9.996002912521362305e-01
9.993702173233032227e-01
9.996259212493896484e-01
9.996170401573181152e-01
9.997108578681945801e-01
9.996280670166015625e-01
9.997382164001464844e-01
9.998412728309631348e-01
9.998849034309387207e-01
7.743768692016601562e-01
9.980499744415283203e-01
9.255685210227966309e-01
9.979714751243591309e-01
8.898688554763793945e-01
9.995458126068115234e-01
9.983203411102294922e-01
9.986528754234313965e-01
9.996628761291503906e-01
9.995335340499877930e-01
9.997661709785461426e-01
9.998074173927307129e-01
9.996530413627624512e-01
9.997693300247192383e-01
9.995549917221069336e-01
9.995691776275634766e-01
9.993616938591003418e-01
9.997093081474304199e-01
9.996571540832519531e-01
9.996142387390136719e-01
9.994223713874816895e-01
9.993209242820739746e-01
9.992553591728210449e-01
9.995836615562438965e-01
9.994826912879943848e-01
9.988458752632141113e-01
9.936745762825012207e-01
9.985008239746093750e-01
9.995177388191223145e-01
9.964181184768676758e-01
5.814191699028015137e-01
2.132539749145507812e-01
8.850663900375366211e-01
9.936211109161376953e-01
9.993347525596618652e-01
9.155008196830749512e-01
8.974872827529907227e-01
7.218856215476989746e-01
9.407361149787902832e-01
9.984612464904785156e-01
9.997904896736145020e-01
9.643073678016662598e-01
8.772375583648681641e-01
9.730268120765686035e-01
9.766301512718200684e-01
9.992987513542175293e-01
9.706861972808837891e-01
7.836033701896667480e-01
9.917585253715515137e-01
9.891753792762756348e-01
9.987334012985229492e-01
9.773242473602294922e-01
8.602075576782226562e-01
9.746019840240478516e-01
9.337512254714965820e-01
8.058087229728698730e-01
9.678762555122375488e-01
8.539826571941375732e-01
9.037656188011169434e-01
7.930901050567626953e-01
8.682599067687988281e-01
2.735783457756042480e-01
9.754235744476318359e-01
9.715770483016967773e-01
9.730008840560913086e-01
9.869425883516669273e-01
9.430434703826904297e-01
9.789764285087585449e-01
9.830766916275024414e-01
9.522222280502319336e-01
7.792365550994873047e-01
7.409717440605163574e-01
9.304495453834533691e-01
6.884122490882873535e-01
8.823790773749351501e-01
6.640563011169433594e-01
6.839762330055236816e-01
3.652356863021850586e-01
7.895819544792175293e-01
5.914445519447326660e-01
7.641707211732864380e-01
7.125099301338195801e-01
5.086900293827056885e-01
5.753627419471740723e-01
4.473372101783752441e-01
6.106937527656555176e-01
4.097356796264648438e-01
5.336393713951110840e-01
6.587119102478027344e-01
4.043634831905364990e-01
4.101460576057434082e-01
3.109065294265747070e-01
3.470533490180969238e-01
3.022547960281372070e-01
3.531977534294128418e-01
2.997410893440246582e-01
3.734079003334045410e-01
3.140086233615875244e-01
2.940683960914611816e-01
3.195433616638183594e-01
2.207236886024475098e-01
2.493416666984558105e-01
3.047679066658020020e-01
3.738095760345458984e-01
3.907364010810852051e-01
3.985692560672760010e-01
4.387052953243255615e-01
3.912878334522247314e-01
4.292185306549072266e-01
3.707158565521240234e-01
2.826868295669555664e-01
2.688520550727844238e-01
3.441562056541442871e-01
3.096022605895996094e-01
4.581246376037597656e-01
4.514173865318298340e-01
4.722373485565185547e-01
5.725681781768798828e-01
4.392114281654357910e-01
4.183129966259002686e-01
3.340812325477600098e-01
3.325756490230560303e-01
3.534690141677856445e-01
