9.961766004562377930e-01
9.970693588256835938e-01
4.997427463531494141e-01
5.682863593101501465e-01
9.958591461181640625e-01
9.985280632972717285e-01
9.986448287963867188e-01
9.990281462669372559e-01
9.996793270111083984e-01
9.928966164588928223e-01
9.857288599014282227e-01
9.994789361953735352e-01
9.998585581779479980e-01
9.988344311714172363e-01
9.980738162994384766e-01
9.994714856147766113e-01
9.994907379150390625e-01
9.998394846916198730e-01
9.998552203178405762e-01
9.998669028282165527e-01
9.990972876548767090e-01
9.983353018760681152e-01
9.998444914817810059e-01
9.998320937156677246e-01
9.999223351478576660e-01
9.999374747276306152e-01
9.999392628669738770e-01
9.999347329139709473e-01
9.998204112052917480e-01
9.998764395713806152e-01
9.999061822891235352e-01
9.999313354492187500e-01
9.999044537544250488e-01
9.998878240585327148e-01
9.999243021011352539e-01
9.999217987060546875e-01
9.999256134033203125e-01
9.997545480728149414e-01
9.997522830963134766e-01
9.970477819442749023e-01
6.714156270027160645e-01
9.909266233444213867e-01
9.218577817082405090e-01
9.834749698638916016e-01
9.956737756729125977e-01
5.680567920207977295e-01
9.825873970985412598e-01
8.117919564247131348e-01
6.820801198482513428e-01
9.989048838615417480e-01
9.993960857391357422e-01
9.995701313018798828e-01
9.994362592697143555e-01
9.996356964111328125e-01
9.998551011085510254e-01
9.993643164634704590e-01
9.991756677627563477e-01
9.996510744094848633e-01
9.996298551559448242e-01
9.997012615203857422e-01
9.996840953826904297e-01
9.998526573181152344e-01
9.991770386695861816e-01
9.987655282020568848e-01
9.995180964469909668e-01
9.993621706962585449e-01
9.992917776107788086e-01
9.989151954650878906e-01
9.989814162254333496e-01
9.995976686477661133e-01
9.977655410766601562e-01
9.959143996238708496e-01
9.985854029655456543e-01
9.994993209838867188e-01
9.986656308174133301e-01
9.995742440223693848e-01
9.982413649559020996e-01
9.993102550506591797e-01
9.657253623008728027e-01
9.663219451904296875e-01
9.961665272712707520e-01
9.993458986282348633e-01
9.984856843948364258e-01
9.987004995346069336e-01
9.997704625129699707e-01
9.997062087059020996e-01
9.997422695159912109e-01
9.994864463806152344e-01
9.998162984848022461e-01
9.997836351394653320e-01
9.998933672904968262e-01
9.998026490211486816e-01
9.998064637184143066e-01
9.996991157531738281e-01
9.986738562583923340e-01
9.996969699859619141e-01
9.989769458770751953e-01
9.996692538261413574e-01
9.994905591011047363e-01
9.996706843376159668e-01
9.992275238037109375e-01
9.989768266677856445e-01
9.991883635520935059e-01
9.998107552528381348e-01
9.997466802597045898e-01
9.996270537376403809e-01
9.930450320243835449e-01
9.878279566764831543e-01
9.813709259033203125e-01
9.993761777877807617e-01
9.981461763381958008e-01
9.997154474258422852e-01
9.974356889724731445e-01
9.979663491249084473e-01
9.954126477241516113e-01
9.977954030036926270e-01
9.968451261520385742e-01
9.948024153709411621e-01
9.994945526123046875e-01
9.989512562751770020e-01
9.985073208808898926e-01
9.993543028831481934e-01
9.992696046829223633e-01
9.967333078384399414e-01
9.587520956993103027e-01
8.988917469978332520e-01
9.273405075073242188e-01
9.887825846672058105e-01
9.964721798896789551e-01
9.342924356460571289e-01
9.956698417663574219e-01
9.938696026802062988e-01
9.974667429924011230e-01
9.902915954589843750e-01
9.986467957496643066e-01
9.967176914215087891e-01
9.807391762733459473e-01
9.958367943763732910e-01
9.948157072067260742e-01
9.334909915924072266e-01
9.820377826690673828e-01
9.703570604324340820e-01
9.822866320610046387e-01
9.560176730155944824e-01
9.789009094238281250e-01
9.635999202728271484e-01
9.699050188064575195e-01
7.526111006736755371e-01
9.779605865478515625e-01
4.591667652130126953e-01
4.250391721725463867e-01
3.894590139389038086e-01
4.747938811779022217e-01
7.215446233749389648e-01
4.692573249340057373e-01
4.976176619529724121e-01
6.685393750667572021e-01
6.262540221214294434e-01
5.604035258293151855e-01
7.249171733856201172e-01
5.362347662448883057e-01
5.266382098197937012e-01
5.251459479331970215e-01
6.970719099044799805e-01
7.064643502235412598e-01
5.273005366325378418e-01
3.081282973289489746e-01
4.037095904350280762e-01
3.007932305335998535e-01
3.848011493682861328e-01
2.944883704185485840e-01
3.325606584548950195e-01
2.320480942726135254e-01
3.525641560554504395e-01
3.336966037750244141e-01
4.532973766326904297e-01
2.440482378005981445e-01
3.087831139564514160e-01
2.469042539596557617e-01
3.327943682670593262e-01
2.501552999019622803e-01
2.536516189575195312e-01
2.831479310989379883e-01
2.051929384469985962e-01
2.709935903549194336e-01
2.856140136718750000e-01
2.977665364742279053e-01
3.297166228294372559e-01
3.577460944652557373e-01
3.463529646396636963e-01
2.668423056602478027e-01
3.560736775398254395e-01
4.607189595699310303e-01
4.369575977325439453e-01
4.675335884094238281e-01
4.116249680519104004e-01
3.587298095226287842e-01
3.296163678169250488e-01
3.434323072433471680e-01
3.927739858627319336e-01
3.218239545822143555e-01
3.405985236167907715e-01
3.666306138038635254e-01
3.429885506629943848e-01
4.171375632286071777e-01
2.760851383209228516e-01
3.357036709785461426e-01
3.597438931465148926e-01
4.888553619384765625e-01
3.688588142395019531e-01
4.782081842422485352e-01
