9.961766004562377930e-01
9.970693588256835938e-01
9.985863566398620605e-01
9.985475540161132812e-01
9.996557831764221191e-01
9.997925162315368652e-01
9.964882135391235352e-01
4.419230222702026367e-01
9.826245903968811035e-01
9.955924749374389648e-01
9.964840412139892578e-01
9.995678663253784180e-01
9.998683929443359375e-01
9.988179802894592285e-01
9.984772205352783203e-01
9.994907975196838379e-01
9.994032979011535645e-01
9.998399615287780762e-01
9.998552799224853516e-01
9.998674392700195312e-01
9.998922944068908691e-01
9.998800754547119141e-01
9.988691806793212891e-01
9.996901154518127441e-01
9.999221563339233398e-01
9.999418258666992188e-01
9.999086856842041016e-01
9.998808503150939941e-01
9.999381899833679199e-01
9.998930096626281738e-01
9.998818635940551758e-01
9.999126195907592773e-01
9.999060034751892090e-01
9.999194741249084473e-01
9.999226331710815430e-01
9.999395012855529785e-01
9.999066591262817383e-01
9.994614720344543457e-01
9.997401237487792969e-01
9.882854223251342773e-01
5.686546266078948975e-01
9.863921999931335449e-01
9.792233109474182129e-01
9.996873140335083008e-01
8.057862520217895508e-01
4.541081190109252930e-01
5.797390937805175781e-01
9.901458621025085449e-01
9.948672056198120117e-01
9.995106458663940430e-01
9.998158216476440430e-01
9.988020658493041992e-01
9.992579221725463867e-01
9.996275901794433594e-01
9.996001124382019043e-01
9.996770024299621582e-01
9.996520280838012695e-01
9.996627569198608398e-01
9.998603463172912598e-01
9.993554949760437012e-01
9.992175102233886719e-01
9.997690320014953613e-01
9.996115565299987793e-01
9.996908903121948242e-01
9.988045692443847656e-01
9.998440742492675781e-01
9.996852874755859375e-01
9.990459084510803223e-01
9.978613257408142090e-01
9.987519383430480957e-01
9.988805055618286133e-01
9.990108609199523926e-01
9.994783997535705566e-01
9.998105764389038086e-01
9.978088736534118652e-01
3.532550334930419922e-01
8.839866518974304199e-01
9.981311559677124023e-01
9.991526603698730469e-01
9.963729977607727051e-01
9.995206594467163086e-01
9.994437098503112793e-01
9.996462464332580566e-01
9.997371435165405273e-01
9.995865821838378906e-01
9.997162818908691406e-01
9.997221827507019043e-01
9.997047781944274902e-01
9.996318221092224121e-01
9.996653199195861816e-01
9.996345639228820801e-01
9.998275637626647949e-01
9.997787475585937500e-01
9.997197389602661133e-01
9.992327690124511719e-01
9.995976090431213379e-01
9.997117519378662109e-01
9.996176958084106445e-01
9.993509054183959961e-01
9.993982315063476562e-01
9.933298826217651367e-01
9.996810555458068848e-01
9.998323321342468262e-01
9.993747472763061523e-01
9.994386434555053711e-01
9.932573437690734863e-01
9.854555726051330566e-01
9.920273423194885254e-01
9.993477463722229004e-01
9.988122582435607910e-01
9.997995495796203613e-01
9.985411167144775391e-01
9.973008036613464355e-01
9.984138607978820801e-01
9.982191324234008789e-01
9.990805983543395996e-01
9.948588609695434570e-01
9.976458549499511719e-01
9.992569684982299805e-01
9.993681311607360840e-01
9.996779561042785645e-01
9.987336993217468262e-01
9.980580806732177734e-01
9.306415915489196777e-01
9.328134059906005859e-01
9.663814306259155273e-01
9.921914339065551758e-01
9.709516763687133789e-01
9.796501994132995605e-01
9.733988046646118164e-01
9.376702904701232910e-01
8.146383166313171387e-01
7.802969217300415039e-01
9.846371412277221680e-01
9.962370991706848145e-01
9.948583841323852539e-01
9.759474396705627441e-01
9.880355596542358398e-01
9.882897734642028809e-01
9.920725226402282715e-01
9.821684360504150391e-01
9.706722497940063477e-01
9.937660098075866699e-01
9.837832450866699219e-01
9.833148717880249023e-01
9.137030243873596191e-01
8.182280063629150391e-01
8.074287325143814087e-01
9.273369908332824707e-01
8.306565284729003906e-01
9.682630300521850586e-01
8.259025812149047852e-01
8.299073576927185059e-01
8.282194733619689941e-01
8.033535480499267578e-01
6.627291738986968994e-01
7.674516737461090088e-01
9.765610694885253906e-01
8.360239267349243164e-01
9.366679191589355469e-01
8.272762894630432129e-01
9.274715781211853027e-01
9.456135034561157227e-01
8.917713165283203125e-01
9.734742641448974609e-01
7.543285191059112549e-01
7.767837643623352051e-01
5.302714705467224121e-01
4.341961145401000977e-01
3.749457597732543945e-01
3.305869698524475098e-01
7.404924035072326660e-01
7.510337531566619873e-01
9.828102588653564453e-01
7.633271068334579468e-01
8.201660513877868652e-01
8.743413388729095459e-01
7.996950745582580566e-01
8.124101758003234863e-01
8.454141020774841309e-01
9.130371809005737305e-01
9.265584945678710938e-01
8.675754070281982422e-01
8.859354853630065918e-01
8.735376000404357910e-01
8.761236071586608887e-01
8.393737673759460449e-01
8.658138513565063477e-01
9.331635832786560059e-01
8.553892374038696289e-01
8.445205092430114746e-01
5.963237881660461426e-01
5.272202491760253906e-01
5.854578614234924316e-01
6.018164753913879395e-01
7.138300538063049316e-01
7.862605005502700806e-01
8.583157658576965332e-01
7.508761286735534668e-01
6.716274023056030273e-01
6.764724254608154297e-01
5.702535510063171387e-01
6.525827646255493164e-01
6.176979243755340576e-01
8.507588356733322144e-01
6.383063197135925293e-01
5.601316094398498535e-01
5.589564442634582520e-01
7.395251393318176270e-01
7.213227152824401855e-01
8.018243312835693359e-01
6.739214062690734863e-01
5.885949730873107910e-01
4.742749333381652832e-01
5.695383846759796143e-01
4.215162992477416992e-01
4.853962957859039307e-01
3.712556362152099609e-01
4.345717430114746094e-01
4.215363860130310059e-01
3.818181157112121582e-01
5.043809413909912109e-01
4.783219099044799805e-01
4.510400593280792236e-01
4.386937022209167480e-01
4.783637523651123047e-01
6.022278070449829102e-01
7.430647015571594238e-01
6.119775772094726562e-01
6.080041527748107910e-01
6.593073010444641113e-01
6.738085746765136719e-01
6.012471914291381836e-01
6.201058030128479004e-01
6.921727061271667480e-01
5.994615554809570312e-01
4.284960627555847168e-01
5.346066951751708984e-01
5.036705732345581055e-01
5.247744321823120117e-01
5.528643131256103516e-01
5.396579504013061523e-01
5.900993347167968750e-01
