9.961766004562377930e-01
9.970693588256835938e-01
9.985863566398620605e-01
9.985475540161132812e-01
9.996557831764221191e-01
9.997925162315368652e-01
9.997665286064147949e-01
9.998143911361694336e-01
9.995024800300598145e-01
9.996802210807800293e-01
9.898691177368164062e-01
9.986970424652099609e-01
9.998733401298522949e-01
9.985077381134033203e-01
9.983109831809997559e-01
9.995744228363037109e-01
9.993776082992553711e-01
9.998534917831420898e-01
9.998551011085510254e-01
9.998674392700195312e-01
9.998931884765625000e-01
9.998809099197387695e-01
9.988454580307006836e-01
9.996901154518127441e-01
9.999222755432128906e-01
9.999417066574096680e-01
9.999083280563354492e-01
9.998808503150939941e-01
9.999186396598815918e-01
9.999284148216247559e-01
9.999425411224365234e-01
9.998896718025207520e-01
9.998708367347717285e-01
9.999178051948547363e-01
9.999176859855651855e-01
9.999192357063293457e-01
9.999169111251831055e-01
9.998790621757507324e-01
9.996389150619506836e-01
9.638763070106506348e-01
5.052560865879058838e-01
9.837433695793151855e-01
9.848975539207458496e-01
9.993554949760437012e-01
9.496836662292480469e-01
9.870576858520507812e-01
6.881574392318725586e-01
9.637808203697204590e-01
7.417461872100830078e-01
9.589483141899108887e-01
9.820995330810546875e-01
9.989981651306152344e-01
9.996461272239685059e-01
9.749865531921386719e-01
9.474673271179199219e-01
9.997518658638000488e-01
9.995540976524353027e-01
9.996449947357177734e-01
9.996395707130432129e-01
9.996420145034790039e-01
9.998561143875122070e-01
9.992857575416564941e-01
9.984138607978820801e-01
9.996323585510253906e-01
9.995627999305725098e-01
9.989556074142456055e-01
9.997130632400512695e-01
9.998373985290527344e-01
9.972122907638549805e-01
9.991902112960815430e-01
9.980965256690979004e-01
9.985771775245666504e-01
9.995111823081970215e-01
9.961627721786499023e-01
9.975782036781311035e-01
9.995910525321960449e-01
9.997255802154541016e-01
9.263337254524230957e-01
8.203713893890380859e-01
9.413803219795227051e-01
9.993812441825866699e-01
9.997918605804443359e-01
9.996530413627624512e-01
9.997743964195251465e-01
9.997490644454956055e-01
9.995394349098205566e-01
9.994090199470520020e-01
9.994924068450927734e-01
9.996713995933532715e-01
9.996913671493530273e-01
9.996531605720520020e-01
9.996467828750610352e-01
9.991402029991149902e-01
9.996644854545593262e-01
9.993703961372375488e-01
9.996354579925537109e-01
9.996766448020935059e-01
9.996066093444824219e-01
9.992752075195312500e-01
9.995368123054504395e-01
9.996531605720520020e-01
9.995728135108947754e-01
9.997020959854125977e-01
9.992944598197937012e-01
9.993013143539428711e-01
9.996919035911560059e-01
9.996449947357177734e-01
9.997701644897460938e-01
9.992616772651672363e-01
7.427486181259155273e-01
7.684220671653747559e-01
9.304375648498535156e-01
9.986825585365295410e-01
9.988278150558471680e-01
9.671558141708374023e-01
8.734789490699768066e-01
9.659107327461242676e-01
9.943884015083312988e-01
7.084270119667053223e-01
3.508875072002410889e-01
5.136141180992126465e-01
9.519476890563964844e-01
9.732222557067871094e-01
8.674047589302062988e-01
7.861807346343994141e-01
8.155670762062072754e-01
7.080717682838439941e-01
8.475792407989501953e-01
8.308573663234710693e-01
8.071178942918777466e-01
7.688184380531311035e-01
9.074091911315917969e-01
7.512675523757934570e-01
8.596136569976806641e-01
9.524527192115783691e-01
7.176283001899719238e-01
9.001609683036804199e-01
8.648936152458190918e-01
9.724344015121459961e-01
8.037198781967163086e-01
8.846989870071411133e-01
9.717734456062316895e-01
8.090227246284484863e-01
9.191378951072692871e-01
8.815593719482421875e-01
8.725058436393737793e-01
8.217999935150146484e-01
8.412662893533706665e-01
7.372157573699951172e-01
6.054893136024475098e-01
5.375501215457916260e-01
3.752469122409820557e-01
5.132516622543334961e-01
7.726781964302062988e-01
3.704322576522827148e-01
6.712844967842102051e-01
8.258709907531738281e-01
6.079280376434326172e-01
6.220849156379699707e-01
5.658635199069976807e-01
6.739864349365234375e-01
6.969113349914550781e-01
7.596020698547363281e-01
7.101373076438903809e-01
5.263902842998504639e-01
5.743721127510070801e-01
2.927227318286895752e-01
3.243676424026489258e-01
3.360769152641296387e-01
4.837577342987060547e-01
4.927852451801300049e-01
5.255883932113647461e-01
5.689353942871093750e-01
5.442480742931365967e-01
3.583771586418151855e-01
4.123502373695373535e-01
3.823039531707763672e-01
4.374404549598693848e-01
4.345821738243103027e-01
3.813985586166381836e-01
5.282269418239593506e-01
4.127906858921051025e-01
4.836319088935852051e-01
4.905496835708618164e-01
4.571725726127624512e-01
4.697583913803100586e-01
3.185995221138000488e-01
4.785713553428649902e-01
3.895844817161560059e-01
4.804329872131347656e-01
4.069518446922302246e-01
4.795351028442382812e-01
5.540583133697509766e-01
5.205372571945190430e-01
4.728546738624572754e-01
5.030527412891387939e-01
3.477933704853057861e-01
4.130192995071411133e-01
3.304724097251892090e-01
4.408029913902282715e-01
3.745900094509124756e-01
3.804111182689666748e-01
3.829495310783386230e-01
4.134166538715362549e-01
4.695378541946411133e-01
3.317382037639617920e-01
3.886594772338867188e-01
3.874485194683074951e-01
4.281051754951477051e-01
4.284973442554473877e-01
5.046663582324981689e-01
3.903431296348571777e-01
4.268528819084167480e-01
4.250809550285339355e-01
