9.961766004562377930e-01
9.970693588256835938e-01
9.985863566398620605e-01
6.561009287834167480e-01
9.846214652061462402e-01
9.987663626670837402e-01
4.852566421031951904e-01
7.445484995841979980e-01
9.955805540084838867e-01
9.956941008567810059e-01
9.976858496665954590e-01
9.995087981224060059e-01
9.998688101768493652e-01
9.998847842216491699e-01
9.987072944641113281e-01
9.982871413230895996e-01
9.994984865188598633e-01
9.998257160186767578e-01
9.998814463615417480e-01
9.585264921188354492e-01
9.979286193847656250e-01
9.996428489685058594e-01
9.998295903205871582e-01
9.998399615287780762e-01
9.999109506607055664e-01
9.999142289161682129e-01
9.999448657035827637e-01
9.999305605888366699e-01
9.999287724494934082e-01
9.998864531517028809e-01
9.998669624328613281e-01
9.999229907989501953e-01
9.999395012855529785e-01
9.999026060104370117e-01
9.998983144760131836e-01
9.999214410781860352e-01
9.999217987060546875e-01
9.997813701629638672e-01
9.997540116310119629e-01
9.997566938400268555e-01
9.971616864204406738e-01
9.771715998649597168e-01
4.446425139904022217e-01
9.519759416580200195e-01
9.921289682388305664e-01
6.377840638160705566e-01
6.023315489292144775e-01
9.947216510772705078e-01
7.974756360054016113e-01
9.966509938240051270e-01
9.994415640830993652e-01
9.994618296623229980e-01
9.994642734527587891e-01
9.996420145034790039e-01
9.996392130851745605e-01
9.998595714569091797e-01
9.993776082992553711e-01
9.991763234138488770e-01
9.996582865715026855e-01
9.996414780616760254e-01
9.997009634971618652e-01
9.996749758720397949e-01
9.997941255569458008e-01
9.991936683654785156e-01
9.987276196479797363e-01
9.995436668395996094e-01
9.993625283241271973e-01
9.992737174034118652e-01
9.988230466842651367e-01
9.990577101707458496e-01
9.995698928833007812e-01
9.987520575523376465e-01
9.966706633567810059e-01
9.989864826202392578e-01
9.988899827003479004e-01
9.993454217910766602e-01
9.972792863845825195e-01
9.991413354873657227e-01
9.994929432868957520e-01
9.995007514953613281e-01
9.996615648269653320e-01
9.996866583824157715e-01
9.996510148048400879e-01
9.995202422142028809e-01
9.996327757835388184e-01
9.997352957725524902e-01
9.997865557670593262e-01
9.997729659080505371e-01
9.995794296264648438e-01
9.997404217720031738e-01
9.994320869445800781e-01
9.998486638069152832e-01
9.995757937431335449e-01
9.988271594047546387e-01
9.996365904808044434e-01
9.995172023773193359e-01
9.994980096817016602e-01
9.997801780700683594e-01
9.995403885841369629e-01
9.997047781944274902e-01
9.988020658493041992e-01
9.994234442710876465e-01
9.991491436958312988e-01
9.994950294494628906e-01
9.996914863586425781e-01
9.996462464332580566e-01
9.961744546890258789e-01
9.882482290267944336e-01
9.969421029090881348e-01
9.977724552154541016e-01
9.989229440689086914e-01
9.996649026870727539e-01
9.986677169799804688e-01
9.960668087005615234e-01
9.978328347206115723e-01
9.885243773460388184e-01
9.977144598960876465e-01
9.979684352874755859e-01
9.991356730461120605e-01
9.991636872291564941e-01
9.948740601539611816e-01
9.986683726310729980e-01
9.991748332977294922e-01
9.992401599884033203e-01
9.976641535758972168e-01
9.476541876792907715e-01
9.588605165481567383e-01
9.810118079185485840e-01
9.971904754638671875e-01
9.859151840209960938e-01
9.484444856643676758e-01
9.850121140480041504e-01
9.954390525817871094e-01
9.767004251480102539e-01
9.978501200675964355e-01
9.670473933219909668e-01
9.857980012893676758e-01
9.834177494049072266e-01
9.862641096115112305e-01
9.519677162170410156e-01
9.896366596221923828e-01
9.853561520576477051e-01
9.943054914474487305e-01
9.790734648704528809e-01
9.853896498680114746e-01
9.847006201744079590e-01
9.719748497009277344e-01
9.507007598876953125e-01
9.065964818000793457e-01
7.764551192522048950e-01
8.817148804664611816e-01
6.394042372703552246e-01
7.687506079673767090e-01
8.109607100486755371e-01
7.707154154777526855e-01
6.595531702041625977e-01
7.742232084274291992e-01
9.362199902534484863e-01
8.655295372009277344e-01
8.339310884475708008e-01
6.527891159057617188e-01
7.067959606647491455e-01
7.152260541915893555e-01
7.998324036598205566e-01
7.386812567710876465e-01
8.075232505798339844e-01
8.248319625854492188e-01
7.746574282646179199e-01
6.649145781993865967e-01
6.360154449939727783e-01
5.328857004642486572e-01
4.204451739788055420e-01
4.360257387161254883e-01
2.036786675453186035e-01
3.201538920402526855e-01
2.923377752304077148e-01
3.300074934959411621e-01
3.758424520492553711e-01
2.425745725631713867e-01
4.740918278694152832e-01
3.734866380691528320e-01
3.924046456813812256e-01
3.651084601879119873e-01
3.621280193328857422e-01
3.210250139236450195e-01
4.009317159652709961e-01
3.914830684661865234e-01
5.141244232654571533e-01
5.185357630252838135e-01
4.909752905368804932e-01
4.258639216423034668e-01
5.104613006114959717e-01
5.746133923530578613e-01
3.499845266342163086e-01
3.997299671173095703e-01
3.904798030853271484e-01
5.526089668273925781e-01
4.873647689819335938e-01
4.593003094196319580e-01
5.610496401786804199e-01
6.421064734458923340e-01
4.648246169090270996e-01
4.186504483222961426e-01
4.965131878852844238e-01
5.696734189987182617e-01
6.802689731121063232e-01
5.169963538646697998e-01
4.092050790786743164e-01
4.956993758678436279e-01
4.291922450065612793e-01
4.271075427532196045e-01
5.307240486145019531e-01
5.448847413063049316e-01
4.326280951499938965e-01
