9.961766004562377930e-01
9.970693588256835938e-01
9.985863566398620605e-01
6.561008989810943604e-01
9.846214652061462402e-01
9.987663626670837402e-01
4.852566421031951904e-01
7.445484995841979980e-01
9.955805540084838867e-01
9.956941008567810059e-01
9.976858496665954590e-01
9.995087981224060059e-01
9.998688101768493652e-01
9.998847842216491699e-01
9.987072944641113281e-01
9.982871413230895996e-01
9.994984865188598633e-01
9.998257160186767578e-01
9.998814463615417480e-01
9.585264921188354492e-01
9.979286193847656250e-01
9.996428489685058594e-01
9.998295903205871582e-01
9.998399615287780762e-01
9.999109506607055664e-01
9.999142289161682129e-01
9.999448657035827637e-01
9.999305605888366699e-01
9.998197555541992188e-01
9.998757839202880859e-01
9.999055266380310059e-01
9.999178051948547363e-01
9.999440312385559082e-01
9.999418854713439941e-01
9.999035596847534180e-01
9.998966455459594727e-01
9.999222755432128906e-01
9.997323155403137207e-01
8.683731555938720703e-01
9.902617931365966797e-01
9.990102052688598633e-01
9.996576309204101562e-01
9.930981993675231934e-01
5.615967214107513428e-01
9.828512072563171387e-01
9.992821216583251953e-01
7.249059081077575684e-01
9.923343062400817871e-01
7.492858767509460449e-01
9.975131750106811523e-01
9.454905390739440918e-01
9.710568189620971680e-01
9.872345328330993652e-01
9.888585805892944336e-01
9.994938373565673828e-01
9.997545480728149414e-01
9.977775812149047852e-01
9.994823932647705078e-01
9.996310472488403320e-01
9.996119141578674316e-01
9.996805787086486816e-01
9.996470808982849121e-01
9.997864365577697754e-01
9.991002678871154785e-01
9.985384345054626465e-01
9.996731877326965332e-01
9.995924234390258789e-01
9.990279674530029297e-01
9.997258186340332031e-01
9.996761083602905273e-01
9.997809529304504395e-01
9.992413520812988281e-01
9.996600747108459473e-01
9.979153871536254883e-01
9.983524084091186523e-01
9.984776973724365234e-01
9.988250732421875000e-01
9.568023085594177246e-01
9.004397988319396973e-01
9.666510224342346191e-01
9.994994401931762695e-01
9.996067881584167480e-01
9.998034834861755371e-01
9.997571706771850586e-01
9.997681975364685059e-01
9.995123147964477539e-01
9.997670650482177734e-01
9.995792508125305176e-01
9.995253086090087891e-01
9.993506669998168945e-01
9.995958209037780762e-01
9.996597170829772949e-01
9.997253417968750000e-01
9.994204640388488770e-01
9.994494318962097168e-01
9.997179508209228516e-01
9.996066689491271973e-01
9.996956586837768555e-01
9.991726875305175781e-01
9.993630051612854004e-01
9.985682368278503418e-01
9.997448921203613281e-01
9.986202120780944824e-01
9.992738962173461914e-01
9.985215067863464355e-01
9.991824030876159668e-01
9.997313022613525391e-01
9.998081326484680176e-01
9.996402263641357422e-01
9.944330453872680664e-01
9.868963956832885742e-01
9.913762211799621582e-01
9.994221329689025879e-01
9.989231228828430176e-01
9.998110532760620117e-01
9.994087219238281250e-01
9.988051652908325195e-01
9.988074898719787598e-01
9.995663762092590332e-01
9.996362924575805664e-01
9.979843497276306152e-01
9.983189105987548828e-01
9.823290705680847168e-01
9.553847312927246094e-01
9.825704693794250488e-01
6.506934762001037598e-01
9.696353077888488770e-01
7.062973976135253906e-01
5.208389759063720703e-01
8.266808986663818359e-01
9.764061570167541504e-01
4.710358083248138428e-01
9.214282035827636719e-01
7.833068966865539551e-01
9.121522903442382812e-01
7.897701561450958252e-01
8.512240201234817505e-01
9.626683592796325684e-01
8.667117357254028320e-01
9.115650653839111328e-01
8.688212037086486816e-01
9.263069033622741699e-01
9.392088055610656738e-01
8.392985463142395020e-01
9.328714609146118164e-01
7.844833731651306152e-01
9.235165715217590332e-01
6.621295213699340820e-01
8.841212391853332520e-01
6.057002544403076172e-01
7.009252607822418213e-01
7.600574940443038940e-01
7.405770421028137207e-01
7.103323340415954590e-01
7.364755868911743164e-01
5.063076019287109375e-01
5.913795530796051025e-01
6.674254536628723145e-01
6.375739276409149170e-01
3.670327067375183105e-01
3.995856046676635742e-01
3.907434940338134766e-01
6.377740502357482910e-01
5.681623220443725586e-01
6.903710961341857910e-01
3.995117545127868652e-01
5.057047903537750244e-01
4.699253439903259277e-01
4.270099103450775146e-01
3.378657102584838867e-01
4.038026332855224609e-01
5.295254886150360107e-01
3.684473633766174316e-01
4.093961715698242188e-01
3.948618173599243164e-01
3.347852826118469238e-01
4.363834857940673828e-01
2.548522949218750000e-01
3.555458784103393555e-01
4.517059326171875000e-01
2.335894107818603516e-01
4.045674800872802734e-01
3.331548571586608887e-01
2.827547192573547363e-01
3.951125144958496094e-01
4.248282909393310547e-01
2.240611910820007324e-01
4.808362722396850586e-01
4.109325706958770752e-01
2.735239267349243164e-01
4.182932376861572266e-01
3.550371527671813965e-01
3.349992036819458008e-01
3.990294635295867920e-01
3.932864069938659668e-01
3.433735966682434082e-01
3.514715433120727539e-01
3.539498448371887207e-01
3.311813473701477051e-01
4.553459584712982178e-01
4.738383591175079346e-01
4.869294762611389160e-01
4.355366230010986328e-01
4.404500722885131836e-01
4.952274560928344727e-01
3.450719416141510010e-01
4.716978669166564941e-01
4.036943316459655762e-01
6.415809392929077148e-01
4.982871413230895996e-01
4.458253979682922363e-01
5.075178742408752441e-01
3.991484642028808594e-01
3.528937697410583496e-01
4.487310647964477539e-01
3.824803829193115234e-01
4.796133339405059814e-01
5.416307747364044189e-01
5.305305123329162598e-01
4.230527281761169434e-01
4.969073832035064697e-01
3.602115511894226074e-01
4.043300747871398926e-01
