9.961766004562377930e-01
9.970693588256835938e-01
9.985863566398620605e-01
6.561009287834167480e-01
9.846214652061462402e-01
9.987663626670837402e-01
4.852566719055175781e-01
7.445484995841979980e-01
9.955805540084838867e-01
9.956941008567810059e-01
9.976858496665954590e-01
9.995087981224060059e-01
9.998688101768493652e-01
9.998847842216491699e-01
9.987072944641113281e-01
9.982871413230895996e-01
9.994984865188598633e-01
9.998257160186767578e-01
9.998814463615417480e-01
9.585264921188354492e-01
9.979286193847656250e-01
9.996428489685058594e-01
9.998295903205871582e-01
9.998399615287780762e-01
9.999109506607055664e-01
9.999142289161682129e-01
9.999448657035827637e-01
9.999305605888366699e-01
9.999287724494934082e-01
9.998864531517028809e-01
9.998669624328613281e-01
9.999229907989501953e-01
9.999395012855529785e-01
9.999026060104370117e-01
9.998983144760131836e-01
9.999214410781860352e-01
9.999217987060546875e-01
9.997813701629638672e-01
9.997540116310119629e-01
9.997566938400268555e-01
9.971616864204406738e-01
9.771715998649597168e-01
4.431213140487670898e-01
9.537293314933776855e-01
9.935970902442932129e-01
9.994866847991943359e-01
5.243676900863647461e-01
9.861441254615783691e-01
8.361262083053588867e-01
9.965713024139404297e-01
9.993811249732971191e-01
9.994193911552429199e-01
9.995785951614379883e-01
9.994544386863708496e-01
9.996656775474548340e-01
9.998583793640136719e-01
9.993712306022644043e-01
9.991934299468994141e-01
9.996545314788818359e-01
9.996376037597656250e-01
9.995657205581665039e-01
9.997887611389160156e-01
9.994054436683654785e-01
9.998826980590820312e-01
9.985646009445190430e-01
9.983320236206054688e-01
9.993112087249755859e-01
9.992492198944091797e-01
9.995133280754089355e-01
9.989181756973266602e-01
9.994938373565673828e-01
9.943519234657287598e-01
9.979596138000488281e-01
9.980169534683227539e-01
9.959536194801330566e-01
9.969868063926696777e-01
9.964368939399719238e-01
9.978702664375305176e-01
9.961474537849426270e-01
9.960228800773620605e-01
9.961087703704833984e-01
9.994531869888305664e-01
9.984403252601623535e-01
9.986022114753723145e-01
9.994154572486877441e-01
9.996684789657592773e-01
9.997189044952392578e-01
9.996615648269653320e-01
9.995948672294616699e-01
9.996081590652465820e-01
9.995306730270385742e-01
9.994542598724365234e-01
9.995554089546203613e-01
9.993279576301574707e-01
9.992161393165588379e-01
9.983969926834106445e-01
9.948887228965759277e-01
9.991133809089660645e-01
9.985616207122802734e-01
9.995563030242919922e-01
9.995617866516113281e-01
9.994097352027893066e-01
9.986134171485900879e-01
9.976193308830261230e-01
9.990022182464599609e-01
9.991358518600463867e-01
9.913253784179687500e-01
9.970564842224121094e-01
9.973034858703613281e-01
9.979408383369445801e-01
9.902983307838439941e-01
9.842381477355957031e-01
9.971622824668884277e-01
9.991114139556884766e-01
9.993125796318054199e-01
9.997310042381286621e-01
9.993702173233032227e-01
9.783086776733398438e-01
9.734449982643127441e-01
9.949276447296142578e-01
9.988298416137695312e-01
9.988326430320739746e-01
9.978379607200622559e-01
9.948386549949645996e-01
9.909899830818176270e-01
9.558754563331604004e-01
8.709250092506408691e-01
9.756276011466979980e-01
7.929361462593078613e-01
8.315709233283996582e-01
9.148903489112854004e-01
9.675197005271911621e-01
6.236694455146789551e-01
8.505593538284301758e-01
8.810417056083679199e-01
9.677341580390930176e-01
6.479071676731109619e-01
8.677808642387390137e-01
8.473005294799804688e-01
6.272547841072082520e-01
7.151846885681152344e-01
4.477632641792297363e-01
6.878702044486999512e-01
6.076129078865051270e-01
6.195546388626098633e-01
6.534045636653900146e-01
5.103992223739624023e-01
5.077359080314636230e-01
6.956006884574890137e-01
4.319874048233032227e-01
3.683024048805236816e-01
4.936498105525970459e-01
4.041264951229095459e-01
3.752336800098419189e-01
4.221642613410949707e-01
2.664275765419006348e-01
2.385535240173339844e-01
3.359532952308654785e-01
3.130009174346923828e-01
5.406019687652587891e-01
3.717511296272277832e-01
3.771389126777648926e-01
3.033781051635742188e-01
3.830876946449279785e-01
3.809571862220764160e-01
3.894846439361572266e-01
4.514276385307312012e-01
5.743485391139984131e-01
4.086648225784301758e-01
2.926537394523620605e-01
3.108142614364624023e-01
3.213536143302917480e-01
3.699541091918945312e-01
4.972220063209533691e-01
4.376885294914245605e-01
2.908235788345336914e-01
3.253493309020996094e-01
3.445644974708557129e-01
2.324955463409423828e-01
3.658225536346435547e-01
2.318180799484252930e-01
4.241722524166107178e-01
2.922540903091430664e-01
3.345314264297485352e-01
3.650490045547485352e-01
3.233537673950195312e-01
3.655498921871185303e-01
4.610072672367095947e-01
3.275058269500732422e-01
3.331502676010131836e-01
2.907329797744750977e-01
4.388920068740844727e-01
3.941248059272766113e-01
3.844823837280273438e-01
4.982984662055969238e-01
5.642347931861877441e-01
5.588383078575134277e-01
5.197471678256988525e-01
4.956374764442443848e-01
4.456949830055236816e-01
5.594986975193023682e-01
6.019734740257263184e-01
5.014421045780181885e-01
5.848793983459472656e-01
5.163168907165527344e-01
3.552196323871612549e-01
