9.961766004562377930e-01
9.970693588256835938e-01
9.985863566398620605e-01
6.561008989810943604e-01
9.846214652061462402e-01
9.987663626670837402e-01
4.852566719055175781e-01
7.445484995841979980e-01
9.955805540084838867e-01
9.956941008567810059e-01
9.976858496665954590e-01
9.995087981224060059e-01
9.998688101768493652e-01
9.998847842216491699e-01
9.987072944641113281e-01
9.982871413230895996e-01
9.994984865188598633e-01
9.998257160186767578e-01
9.998814463615417480e-01
9.585264921188354492e-01
9.979286193847656250e-01
9.996428489685058594e-01
9.998295903205871582e-01
9.998399615287780762e-01
9.999109506607055664e-01
9.999142289161682129e-01
9.999448657035827637e-01
9.999305605888366699e-01
9.998197555541992188e-01
9.998757839202880859e-01
9.999055266380310059e-01
9.999178051948547363e-01
9.999440312385559082e-01
9.999418854713439941e-01
9.999035596847534180e-01
9.998966455459594727e-01
9.999222755432128906e-01
9.997323155403137207e-01
8.698069453239440918e-01
9.900598526000976562e-01
9.989786744117736816e-01
9.816625714302062988e-01
9.900799989700317383e-01
9.779845476150512695e-01
9.828439354896545410e-01
9.995197057723999023e-01
7.111940383911132812e-01
9.926459789276123047e-01
8.458262085914611816e-01
9.977021813392639160e-01
9.991287589073181152e-01
9.995031952857971191e-01
9.996520280838012695e-01
9.994805455207824707e-01
9.996836781501770020e-01
9.998627305030822754e-01
9.998547434806823730e-01
9.994197487831115723e-01
9.992449879646301270e-01
9.996793270111083984e-01
9.996339678764343262e-01
9.996939301490783691e-01
9.998065829277038574e-01
9.989553093910217285e-01
9.988239407539367676e-01
9.996856451034545898e-01
9.993873238563537598e-01
9.989607930183410645e-01
9.994141459465026855e-01
9.990550875663757324e-01
9.994340538978576660e-01
9.979924559593200684e-01
9.980184435844421387e-01
9.993863701820373535e-01
9.988343119621276855e-01
9.985737204551696777e-01
9.995458126068115234e-01
9.981411695480346680e-01
9.992840290069580078e-01
9.626723527908325195e-01
9.648027420043945312e-01
9.960973858833312988e-01
9.993069171905517578e-01
9.991055130958557129e-01
9.992412924766540527e-01
9.997208714485168457e-01
9.995933175086975098e-01
9.997522234916687012e-01
9.993247389793395996e-01
9.997965693473815918e-01
9.997522830963134766e-01
9.997762441635131836e-01
9.998179674148559570e-01
9.995448589324951172e-01
9.997208118438720703e-01
9.995256066322326660e-01
9.996654987335205078e-01
9.996808767318725586e-01
9.990217089653015137e-01
9.997622966766357422e-01
9.994072318077087402e-01
9.995718002319335938e-01
9.991607069969177246e-01
9.981722831726074219e-01
9.996914863586425781e-01
9.996888041496276855e-01
9.993286728858947754e-01
9.993314146995544434e-01
9.968785643577575684e-01
9.974368810653686523e-01
9.992926120758056641e-01
9.983663558959960938e-01
9.997774362564086914e-01
9.991319775581359863e-01
9.876015782356262207e-01
9.986035227775573730e-01
9.903896450996398926e-01
9.986214637756347656e-01
9.985458850860595703e-01
9.993366003036499023e-01
9.991641640663146973e-01
9.936403036117553711e-01
9.991102814674377441e-01
9.996224641799926758e-01
9.987473487854003906e-01
9.975081682205200195e-01
9.875949025154113770e-01
8.888363838195800781e-01
9.978826045989990234e-01
9.463171362876892090e-01
9.219934940338134766e-01
9.954994320869445801e-01
9.912558197975158691e-01
9.914734363555908203e-01
9.961838722229003906e-01
9.861360788345336914e-01
8.910579681396484375e-01
9.220488071441650391e-01
9.666994214057922363e-01
9.341892376542091370e-01
8.296418190002441406e-01
9.463325738906860352e-01
9.858729839324951172e-01
9.974932670593261719e-01
9.639899134635925293e-01
9.898407459259033203e-01
9.730010628700256348e-01
9.583281874656677246e-01
7.217053771018981934e-01
4.769382476806640625e-01
3.371329307556152344e-01
8.046452850103378296e-01
6.567351222038269043e-01
7.332299947738647461e-01
4.938230812549591064e-01
6.457118391990661621e-01
6.002531051635742188e-01
6.539499163627624512e-01
8.411975502967834473e-01
4.871759116649627686e-01
6.198832392692565918e-01
5.846362709999084473e-01
6.179921030998229980e-01
4.717537164688110352e-01
5.043792724609375000e-01
7.031552195549011230e-01
5.081684887409210205e-01
4.659874439239501953e-01
3.487925529479980469e-01
3.771956562995910645e-01
2.526279091835021973e-01
2.448901534080505371e-01
2.984874248504638672e-01
3.494987487792968750e-01
4.553371071815490723e-01
3.552444577217102051e-01
3.647984266281127930e-01
3.216676712036132812e-01
4.254161715507507324e-01
3.974187970161437988e-01
3.493422269821166992e-01
4.704397320747375488e-01
3.839541971683502197e-01
3.294437527656555176e-01
3.181583881378173828e-01
4.046167433261871338e-01
2.842197418212890625e-01
3.631649017333984375e-01
3.960064649581909180e-01
3.710824847221374512e-01
3.729448318481445312e-01
4.175578951835632324e-01
4.359126687049865723e-01
3.599247932434082031e-01
3.996827006340026855e-01
3.270949721336364746e-01
2.949208021163940430e-01
3.626536726951599121e-01
3.429831266403198242e-01
4.019945859909057617e-01
3.726976811885833740e-01
4.439566731452941895e-01
3.942957520484924316e-01
4.084816575050354004e-01
4.222137033939361572e-01
3.801953196525573730e-01
4.106118679046630859e-01
4.045537114143371582e-01
4.125171303749084473e-01
