9.961766004562377930e-01
9.970693588256835938e-01
4.997427463531494141e-01
5.682862997055053711e-01
9.958591461181640625e-01
9.985280632972717285e-01
6.148992180824279785e-01
6.979869604110717773e-01
9.952147006988525391e-01
9.967195391654968262e-01
9.970041513442993164e-01
9.995087981224060059e-01
9.998688101768493652e-01
9.998848438262939453e-01
9.987072944641113281e-01
9.982758164405822754e-01
9.994968175888061523e-01
9.998260140419006348e-01
9.998820424079895020e-01
9.633339047431945801e-01
9.978017807006835938e-01
9.996408820152282715e-01
9.998307824134826660e-01
9.998425841331481934e-01
9.999104738235473633e-01
9.999142885208129883e-01
9.999451041221618652e-01
9.999305605888366699e-01
9.998201131820678711e-01
9.998764395713806152e-01
9.999051690101623535e-01
9.999387264251708984e-01
9.999043941497802734e-01
9.998878240585327148e-01
9.999240040779113770e-01
9.999216794967651367e-01
9.999253153800964355e-01
9.997556805610656738e-01
9.997519254684448242e-01
9.917011857032775879e-01
9.965087175369262695e-01
9.023033380508422852e-01
9.827758669853210449e-01
9.819990992546081543e-01
9.729000329971313477e-01
4.966118931770324707e-01
8.112639784812927246e-01
7.943560481071472168e-01
6.778481602668762207e-01
9.992991685867309570e-01
9.994658827781677246e-01
9.995476603507995605e-01
9.994363188743591309e-01
9.996226429939270020e-01
9.998582601547241211e-01
9.998462200164794922e-01
9.993739128112792969e-01
9.991601109504699707e-01
9.996579885482788086e-01
9.996374249458312988e-01
9.993829131126403809e-01
9.998883008956909180e-01
9.975173473358154297e-01
9.996545314788818359e-01
9.987762570381164551e-01
9.994620084762573242e-01
9.992088079452514648e-01
9.987971782684326172e-01
9.993066191673278809e-01
9.995153546333312988e-01
9.966247677803039551e-01
9.979717731475830078e-01
9.991630315780639648e-01
9.954113364219665527e-01
9.935822486877441406e-01
9.979414939880371094e-01
9.993063807487487793e-01
9.995963573455810547e-01
9.621711969375610352e-01
9.858371019363403320e-01
9.995989203453063965e-01
9.992995262145996094e-01
9.995706081390380859e-01
9.995340108871459961e-01
9.997934699058532715e-01
9.997757673263549805e-01
9.993611574172973633e-01
9.995831847190856934e-01
9.996050596237182617e-01
9.989364743232727051e-01
9.983162879943847656e-01
9.996635913848876953e-01
9.996766448020935059e-01
9.997269511222839355e-01
9.989516139030456543e-01
9.995341897010803223e-01
9.996227622032165527e-01
9.966537952423095703e-01
9.835929274559020996e-01
9.982834458351135254e-01
9.973908066749572754e-01
9.994102120399475098e-01
9.987276196479797363e-01
9.990145564079284668e-01
9.982759952545166016e-01
9.990916848182678223e-01
9.992530345916748047e-01
9.997075796127319336e-01
9.961325526237487793e-01
9.954921603202819824e-01
9.951939582824707031e-01
9.954023361206054688e-01
9.993215799331665039e-01
9.988705515861511230e-01
9.997087121009826660e-01
9.988532066345214844e-01
9.905004501342773438e-01
9.989445805549621582e-01
9.991154074668884277e-01
9.993304014205932617e-01
9.994115829467773438e-01
9.992281794548034668e-01
9.990809559822082520e-01
9.808857440948486328e-01
9.906360507011413574e-01
9.973628520965576172e-01
9.980321526527404785e-01
9.985708594322204590e-01
9.943004846572875977e-01
9.944545030593872070e-01
9.992918372154235840e-01
9.629414677619934082e-01
9.184784889221191406e-01
9.769345521926879883e-01
9.807180166244506836e-01
9.918886423110961914e-01
9.955745339393615723e-01
9.963606595993041992e-01
9.926933646202087402e-01
9.753218889236450195e-01
9.843646883964538574e-01
9.913263916969299316e-01
9.812754392623901367e-01
9.819085597991943359e-01
9.614112377166748047e-01
9.115993380546569824e-01
7.542191147804260254e-01
6.265441179275512695e-01
7.399921715259552002e-01
2.155726552009582520e-01
8.377673029899597168e-01
6.911163926124572754e-01
8.346980214118957520e-01
9.015791416168212891e-01
6.025823354721069336e-01
7.076354026794433594e-01
4.836903512477874756e-01
6.971405148506164551e-01
4.337880611419677734e-01
7.321173548698425293e-01
6.622221469879150391e-01
5.723714828491210938e-01
6.317222416400909424e-01
5.090593993663787842e-01
3.978627324104309082e-01
2.741718888282775879e-01
3.638520240783691406e-01
3.700839281082153320e-01
3.691420555114746094e-01
4.656013846397399902e-01
4.255010485649108887e-01
3.166804313659667969e-01
3.124256730079650879e-01
2.838081121444702148e-01
3.190312981605529785e-01
3.284202218055725098e-01
3.163877725601196289e-01
2.777792215347290039e-01
3.270929455757141113e-01
2.532141208648681641e-01
3.104560971260070801e-01
2.163588404655456543e-01
3.284781873226165771e-01
3.164313435554504395e-01
2.904169559478759766e-01
3.080167472362518311e-01
2.977072298526763916e-01
4.754838943481445312e-01
4.005195498466491699e-01
3.869915902614593506e-01
4.386793076992034912e-01
4.218479990959167480e-01
3.953946828842163086e-01
3.900256752967834473e-01
3.374779224395751953e-01
3.928348422050476074e-01
3.864488899707794189e-01
4.220584630966186523e-01
4.603785574436187744e-01
4.754310846328735352e-01
4.379737377166748047e-01
3.801310658454895020e-01
4.546607136726379395e-01
3.274903893470764160e-01
5.431972742080688477e-01
5.014377534389495850e-01
5.931025743484497070e-01
5.322675108909606934e-01
