9.961766004562377930e-01
9.970693588256835938e-01
4.997427463531494141e-01
5.682863593101501465e-01
9.958591461181640625e-01
9.985280632972717285e-01
9.986448287963867188e-01
9.990281462669372559e-01
9.996793270111083984e-01
9.928966164588928223e-01
9.857288599014282227e-01
9.994789361953735352e-01
9.998585581779479980e-01
9.988344311714172363e-01
9.980738162994384766e-01
9.994714856147766113e-01
9.994907379150390625e-01
9.998394846916198730e-01
9.998552203178405762e-01
9.998669028282165527e-01
9.998931884765625000e-01
9.988839626312255859e-01
9.996949434280395508e-01
9.998465180397033691e-01
9.999191761016845703e-01
9.999439716339111328e-01
9.999247789382934570e-01
9.990944266319274902e-01
9.998874664306640625e-01
9.999051690101623535e-01
9.999091625213623047e-01
9.999374151229858398e-01
9.998838901519775391e-01
9.998908638954162598e-01
9.999253153800964355e-01
9.999186992645263672e-01
9.999256134033203125e-01
9.997519254684448242e-01
9.997522830963134766e-01
9.969992637634277344e-01
6.922819316387176514e-01
9.913133978843688965e-01
9.218577742576599121e-01
9.832139611244201660e-01
9.957352876663208008e-01
5.309449434280395508e-01
7.847641110420227051e-01
7.958762049674987793e-01
7.014730572700500488e-01
9.989137649536132812e-01
9.993873238563537598e-01
9.995701313018798828e-01
9.994531869888305664e-01
9.996566176414489746e-01
9.998565316200256348e-01
9.993386864662170410e-01
9.991822242736816406e-01
9.996546506881713867e-01
9.996244311332702637e-01
9.997028112411499023e-01
9.996802210807800293e-01
9.998534917831420898e-01
9.991501569747924805e-01
9.987062811851501465e-01
9.995223283767700195e-01
9.993638992309570312e-01
9.994874596595764160e-01
9.994466900825500488e-01
9.991384744644165039e-01
9.995810389518737793e-01
9.971839189529418945e-01
9.974631071090698242e-01
9.986999630928039551e-01
9.991840720176696777e-01
9.931773543357849121e-01
9.954048395156860352e-01
9.990669488906860352e-01
9.978492856025695801e-01
9.939537048339843750e-01
9.989878535270690918e-01
9.990329146385192871e-01
9.991615414619445801e-01
9.993134737014770508e-01
9.990177750587463379e-01
9.997706413269042969e-01
9.997665286064147949e-01
9.997749328613281250e-01
9.996296167373657227e-01
9.990046620368957520e-01
9.980382323265075684e-01
9.988914132118225098e-01
9.995976090431213379e-01
9.992222189903259277e-01
9.996810555458068848e-01
9.994043111801147461e-01
9.996787309646606445e-01
9.997047185897827148e-01
9.989809393882751465e-01
9.998313188552856445e-01
9.981433153152465820e-01
9.996027350425720215e-01
9.995906949043273926e-01
9.996680021286010742e-01
9.996986985206604004e-01
9.996115565299987793e-01
9.990076422691345215e-01
9.995879530906677246e-01
9.991101026535034180e-01
9.955325722694396973e-01
9.948210716247558594e-01
9.987269639968872070e-01
9.984956383705139160e-01
9.993921518325805664e-01
9.996181726455688477e-01
9.997213482856750488e-01
9.994351863861083984e-01
9.936541318893432617e-01
9.859022498130798340e-01
9.931473135948181152e-01
9.990906715393066406e-01
9.995731115341186523e-01
9.985444545745849609e-01
9.852480292320251465e-01
9.909623265266418457e-01
9.878229498863220215e-01
9.053574204444885254e-01
9.737024307250976562e-01
9.970271587371826172e-01
9.944438934326171875e-01
9.973253607749938965e-01
9.218593239784240723e-01
9.578225016593933105e-01
9.963926672935485840e-01
9.472012519836425781e-01
8.850699216127395630e-01
9.491155743598937988e-01
9.679321646690368652e-01
9.834738969802856445e-01
9.858052730560302734e-01
8.998700976371765137e-01
9.275727272033691406e-01
9.138327836990356445e-01
9.634823203086853027e-01
8.722864389419555664e-01
8.260601758956909180e-01
7.336081862449645996e-01
8.139304518699645996e-01
6.198250055313110352e-01
6.410843729972839355e-01
2.964535653591156006e-01
5.010083913803100586e-01
4.310187101364135742e-01
3.936123251914978027e-01
4.667437076568603516e-01
4.358334541320800781e-01
2.739048600196838379e-01
2.991488575935363770e-01
4.191825985908508301e-01
5.038515031337738037e-01
4.726415276527404785e-01
4.713568985462188721e-01
3.911030292510986328e-01
4.230223000049591064e-01
4.901392757892608643e-01
4.737530946731567383e-01
4.246400594711303711e-01
6.092416346073150635e-01
4.605260193347930908e-01
3.975605964660644531e-01
3.019351959228515625e-01
3.261652290821075439e-01
2.217681407928466797e-01
3.168148994445800781e-01
2.271470427513122559e-01
3.062269687652587891e-01
3.273922204971313477e-01
2.136753201484680176e-01
2.498830556869506836e-01
3.668656349182128906e-01
2.638927698135375977e-01
3.589171171188354492e-01
3.825973868370056152e-01
4.411202967166900635e-01
3.948569297790527344e-01
2.802862226963043213e-01
2.687817811965942383e-01
2.658996582031250000e-01
4.850196838378906250e-01
3.530695438385009766e-01
5.899446010589599609e-01
5.380699932575225830e-01
6.066089868545532227e-01
4.327605366706848145e-01
4.783258438110351562e-01
4.875555336475372314e-01
5.690151453018188477e-01
4.647690653800964355e-01
4.140987694263458252e-01
4.749343991279602051e-01
6.054890155792236328e-01
4.967111945152282715e-01
5.344113707542419434e-01
4.669145941734313965e-01
5.897558331489562988e-01
5.788764953613281250e-01
4.999997615814208984e-01
5.890871286392211914e-01
