9.961766004562377930e-01
9.970693588256835938e-01
9.985863566398620605e-01
6.561008989810943604e-01
9.846214652061462402e-01
9.987663626670837402e-01
4.852566719055175781e-01
7.445484995841979980e-01
9.955805540084838867e-01
9.956941008567810059e-01
9.976858496665954590e-01
9.995087981224060059e-01
9.998688101768493652e-01
9.988949298858642578e-01
9.980537891387939453e-01
9.995019435882568359e-01
9.994032979011535645e-01
9.998383522033691406e-01
9.998545050621032715e-01
9.998666644096374512e-01
9.991444349288940430e-01
9.982780814170837402e-01
9.998444914817810059e-01
9.998291730880737305e-01
9.999231100082397461e-01
9.999374747276306152e-01
9.999262094497680664e-01
9.994128346443176270e-01
9.998719096183776855e-01
9.999049305915832520e-01
9.999081492424011230e-01
9.999170303344726562e-01
9.999417066574096680e-01
9.999031424522399902e-01
9.998953342437744141e-01
9.999220967292785645e-01
9.999186992645263672e-01
9.997808337211608887e-01
9.881086312234401703e-01
9.897111058235168457e-01
9.991150498390197754e-01
9.771909117698669434e-01
9.905800819396972656e-01
7.512069344520568848e-01
9.796679019927978516e-01
9.994596838951110840e-01
6.811470985412597656e-01
9.906426668167114258e-01
9.988739490509033203e-01
9.997049570083618164e-01
9.973520636558532715e-01
9.210271239280700684e-01
9.792057871818542480e-01
9.980042576789855957e-01
9.995454549789428711e-01
9.998125433921813965e-01
9.981683492660522461e-01
9.975383281707763672e-01
9.997688531875610352e-01
9.996196627616882324e-01
9.996805787086486816e-01
9.996631741523742676e-01
9.997852444648742676e-01
9.990715980529785156e-01
9.986404776573181152e-01
9.996726512908935547e-01
9.996106624603271484e-01
9.991127252578735352e-01
9.997276067733764648e-01
9.996620416641235352e-01
9.995254278182983398e-01
9.998262524604797363e-01
9.992566108703613281e-01
9.988565444946289062e-01
9.973018169403076172e-01
9.978762269020080566e-01
9.949963688850402832e-01
6.108618378639221191e-01
9.048328995704650879e-01
9.988986849784851074e-01
9.996383786201477051e-01
9.182061553001403809e-01
8.403710126876831055e-01
9.129297137260437012e-01
9.991700649261474609e-01
9.995683431625366211e-01
9.996135830879211426e-01
9.997157454490661621e-01
9.996479153633117676e-01
9.996322989463806152e-01
9.997675418853759766e-01
9.994263052940368652e-01
9.997774362564086914e-01
9.996297359466552734e-01
9.994595050811767578e-01
9.995625019073486328e-01
9.991793632507324219e-01
9.997964501380920410e-01
9.982224702835083008e-01
9.992280006408691406e-01
9.992383718490600586e-01
9.995324015617370605e-01
9.993118643760681152e-01
9.996124505996704102e-01
9.991717338562011719e-01
9.996228218078613281e-01
9.993799328804016113e-01
9.996241331100463867e-01
9.972872734069824219e-01
9.940252900123596191e-01
9.910790324211120605e-01
9.987117648124694824e-01
9.996728301048278809e-01
9.994564056396484375e-01
9.976944327354431152e-01
9.990966320037841797e-01
9.936110377311706543e-01
9.982476234436035156e-01
9.996628761291503906e-01
9.994974732398986816e-01
9.494450092315673828e-01
9.569048881530761719e-01
9.765352010726928711e-01
9.887366890907287598e-01
9.902786612510681152e-01
9.440551400184631348e-01
8.589962124824523926e-01
5.502149462699890137e-01
9.341802597045898438e-01
8.997612595558166504e-01
6.762117445468902588e-01
9.497101306915283203e-01
9.344767928123474121e-01
9.651947021484375000e-01
7.300666570663452148e-01
9.549081921577453613e-01
9.060162901878356934e-01
7.745667695999145508e-01
8.332573771476745605e-01
7.178181409835815430e-01
7.577242255210876465e-01
6.147469878196716309e-01
6.426611542701721191e-01
6.502020955085754395e-01
3.993551731109619141e-01
5.868142843246459961e-01
3.808150291442871094e-01
6.525619626045227051e-01
4.701413214206695557e-01
4.461095631122589111e-01
4.094609618186950684e-01
3.950715363025665283e-01
4.500721991062164307e-01
4.995822310447692871e-01
3.868689537048339844e-01
5.444323420524597168e-01
6.005249917507171631e-01
5.351400971412658691e-01
3.597236871719360352e-01
3.488921523094177246e-01
4.462767839431762695e-01
2.672219276428222656e-01
4.691040515899658203e-01
2.922896742820739746e-01
5.243654251098632812e-01
4.484388232231140137e-01
4.834491610527038574e-01
3.810431957244873047e-01
2.978630065917968750e-01
3.062982559204101562e-01
4.684628844261169434e-01
3.655140995979309082e-01
4.526931643486022949e-01
4.626684188842773438e-01
5.191591978073120117e-01
4.385072588920593262e-01
4.974732697010040283e-01
5.448511242866516113e-01
4.504341483116149902e-01
4.704668223857879639e-01
4.228571057319641113e-01
6.121112108230590820e-01
4.454720616340637207e-01
3.737092018127441406e-01
4.421550929546356201e-01
3.519199490547180176e-01
2.021862268447875977e-01
4.325926899909973145e-01
3.666115999221801758e-01
4.705747961997985840e-01
5.580330491065979004e-01
5.680804848670959473e-01
6.294903159141540527e-01
5.383186638355255127e-01
5.217706859111785889e-01
5.143989920616149902e-01
4.857568144798278809e-01
4.803213775157928467e-01
