9.961766004562377930e-01
9.970693588256835938e-01
4.997427463531494141e-01
5.682862997055053711e-01
9.958591461181640625e-01
9.985280632972717285e-01
9.986448287963867188e-01
9.990281462669372559e-01
9.996793270111083984e-01
9.998212456703186035e-01
9.899336099624633789e-01
9.988597035408020020e-01
9.998691082000732422e-01
9.983907938003540039e-01
9.983653426170349121e-01
9.994916319847106934e-01
9.993877410888671875e-01
9.998526573181152344e-01
9.998552203178405762e-01
9.998669028282165527e-01
9.990972876548767090e-01
9.982780814170837402e-01
9.998444914817810059e-01
9.998320937156677246e-01
9.999223351478576660e-01
9.999374151229858398e-01
9.999392628669738770e-01
9.999347329139709473e-01
9.998204112052917480e-01
9.998764395713806152e-01
9.999052286148071289e-01
9.999083280563354492e-01
9.999440312385559082e-01
9.998986721038818359e-01
9.998916983604431152e-01
9.999257922172546387e-01
9.999190568923950195e-01
9.997780323028564453e-01
9.881455898284912109e-01
9.964895248413085938e-01
9.990970492362976074e-01
9.751715660095214844e-01
9.907110929489135742e-01
9.793527126312255859e-01
9.785395264625549316e-01
9.994637966156005859e-01
9.638595581054687500e-01
9.913557171821594238e-01
9.988301992416381836e-01
9.997080564498901367e-01
9.973377585411071777e-01
9.230163097381591797e-01
9.786728024482727051e-01
9.979658722877502441e-01
9.997078180313110352e-01
9.882438182830810547e-01
9.974543452262878418e-01
9.991638660430908203e-01
9.997382760047912598e-01
9.996783137321472168e-01
9.996588230133056641e-01
9.996479749679565430e-01
9.998103976249694824e-01
9.997918009757995605e-01
9.989101290702819824e-01
9.987319111824035645e-01
9.996731281280517578e-01
9.994807839393615723e-01
9.991366863250732422e-01
9.998664259910583496e-01
9.998482465744018555e-01
9.979060292243957520e-01
9.996411800384521484e-01
9.976242184638977051e-01
9.966502785682678223e-01
9.992525577545166016e-01
9.993607401847839355e-01
9.669561982154846191e-01
9.556857347488403320e-01
9.991753101348876953e-01
9.997382760047912598e-01
9.997496008872985840e-01
9.995570182800292969e-01
9.998062849044799805e-01
9.993808269500732422e-01
9.997531175613403320e-01
9.994184374809265137e-01
9.996249675750732422e-01
9.996261596679687500e-01
9.995458722114562988e-01
9.996705055236816406e-01
9.992617368698120117e-01
9.997826814651489258e-01
9.992705583572387695e-01
9.998030066490173340e-01
9.986621141433715820e-01
9.995602965354919434e-01
9.997479319572448730e-01
9.977663755416870117e-01
9.988585114479064941e-01
9.996365904808044434e-01
9.997447133064270020e-01
9.993656873703002930e-01
9.995363354682922363e-01
9.991462230682373047e-01
9.984773993492126465e-01
9.966760873794555664e-01
9.994663596153259277e-01
7.752588391304016113e-01
8.889809846878051758e-01
9.406315088272094727e-01
9.985371232032775879e-01
6.810245215892791748e-01
8.392477035522460938e-01
9.628092646598815918e-01
9.994498491287231445e-01
9.335456490516662598e-01
8.636420369148254395e-01
9.633224010467529297e-01
9.942986369132995605e-01
9.835342168807983398e-01
9.402297735214233398e-01
9.995553493499755859e-01
9.493629932403564453e-01
7.799722552299499512e-01
9.859904646873474121e-01
9.211620688438415527e-01
9.986622929573059082e-01
9.507868289947509766e-01
7.670547664165496826e-01
9.698513746261596680e-01
8.224080801010131836e-01
9.403587579727172852e-01
9.714379906654357910e-01
8.523787856101989746e-01
8.154383301734924316e-01
7.140564918518066406e-01
8.250298500061035156e-01
9.558029174804687500e-01
9.957387447357177734e-01
9.782249927520751953e-01
9.978787302970886230e-01
9.973902106285095215e-01
9.823971390724182129e-01
9.528408050537109375e-01
9.530969262123107910e-01
8.164256811141967773e-01
8.635216653347015381e-01
9.240788817405700684e-01
8.821585178375244141e-01
8.374337553977966309e-01
9.184907078742980957e-01
9.091099500656127930e-01
9.145686030387878418e-01
8.942638635635375977e-01
8.997533917427062988e-01
9.135500192642211914e-01
9.603387117385864258e-01
9.892148375511169434e-01
9.606525301933288574e-01
9.643454551696777344e-01
9.715864658355712891e-01
9.839252233505249023e-01
9.615063071250915527e-01
9.368618726730346680e-01
9.366494938731193542e-01
9.286534786224365234e-01
8.983669281005859375e-01
9.151613116264343262e-01
9.449525400996208191e-01
9.904046654701232910e-01
5.914182364940643311e-01
7.949108481407165527e-01
8.661064207553863525e-01
9.393481016159057617e-01
9.354984164237976074e-01
6.003338098526000977e-01
8.675751686096191406e-01
9.832402467727661133e-01
9.502726197242736816e-01
9.761441349983215332e-01
9.978269338607788086e-01
9.944696426391601562e-01
9.979248046875000000e-01
9.954174757003784180e-01
9.469355940818786621e-01
3.563709259033203125e-01
3.454042673110961914e-01
3.063280582427978516e-01
2.080010175704956055e-01
8.522453904151916504e-01
7.754445672035217285e-01
5.978398919105529785e-01
7.654507458209991455e-01
7.829984128475189209e-01
7.846719622611999512e-01
4.147139489650726318e-01
9.926278591156005859e-01
9.549987912178039551e-01
4.135212898254394531e-01
9.404573328793048859e-01
8.146332502365112305e-01
9.836997389793395996e-01
8.862380012869834900e-01
9.542013406753540039e-01
9.791762232780456543e-01
4.531373679637908936e-01
6.595419645309448242e-01
3.425712585449218750e-01
6.218419671058654785e-01
7.142462134361267090e-01
9.602542519569396973e-01
1.981717944145202637e-01
8.014937341213226318e-01
7.160642743110656738e-01
9.944371581077575684e-01
3.845233321189880371e-01
5.184002220630645752e-01
6.561402082443237305e-01
7.828514277935028076e-01
9.015631079673767090e-01
8.987537622451782227e-01
9.773195385932922363e-01
9.797581434249877930e-01
8.198227286338806152e-01
8.046399354934692383e-01
5.585675239562988281e-01
3.970042169094085693e-01
7.349051237106323242e-01
9.482681751251220703e-01
5.204026103019714355e-01
6.188952326774597168e-01
8.627852201461791992e-01
3.511463105678558350e-01
7.402219772338867188e-01
5.319325327873229980e-01
8.608115911483764648e-01
5.224187374114990234e-01
9.789581298828125000e-01
9.873452186584472656e-01
6.805637478828430176e-01
8.846499919891357422e-01
9.774460196495056152e-01
8.206477761268615723e-01
4.811763763427734375e-01
6.754768490791320801e-01
7.631771564483642578e-01
5.213793814182281494e-01
5.526377558708190918e-01
5.490567386150360107e-01
6.429146528244018555e-01
5.413554310798645020e-01
9.027743339538574219e-01
6.181944012641906738e-01
7.894295454025268555e-01
8.957912921905517578e-01
6.039085388183593750e-01
4.826481938362121582e-01
5.937083959579467773e-01
7.923883199691772461e-01
9.190609455108642578e-01
9.664732813835144043e-01
9.251233935356140137e-01
8.332299590110778809e-01
6.865658164024353027e-01
2.542853057384490967e-01
3.517391085624694824e-01
1.924531459808349609e-01
2.248084545135498047e-01
1.886451840400695801e-01
2.197461128234863281e-01
7.236142754554748535e-01
4.380987584590911865e-01
4.681344330310821533e-01
6.877295970916748047e-01
4.870777130126953125e-01
7.689848691225051880e-01
7.149464488029479980e-01
9.394643306732177734e-01
9.959181547164916992e-01
8.388800024986267090e-01
6.023432910442352295e-01
9.647721350193023682e-01
9.533347487449645996e-01
5.880752503871917725e-01
6.932120323181152344e-01
2.693952322006225586e-01
2.323631644248962402e-01
2.705735564231872559e-01
2.384217977523803711e-01
1.742429733276367188e-01
2.952784299850463867e-01
3.032717704772949219e-01
2.024485468864440918e-01
2.281890511512756348e-01
8.872233033180236816e-01
1.476233005523681641e-01
1.416525840759277344e-01
1.032412052154541016e-01
8.074172586202621460e-01
4.197613894939422607e-01
7.707809358835220337e-01
9.267990589141845703e-01
8.889636397361755371e-01
8.555451035499572754e-01
7.309612631797790527e-01
2.554702460765838623e-01
2.821234762668609619e-01
3.469800353050231934e-01
3.738157451152801514e-01
4.309121072292327881e-01
3.791309595108032227e-01
3.403738439083099365e-01
5.013977289199829102e-01
5.867738425731658936e-01
4.333572983741760254e-01
4.655208885669708252e-01
2.412198781967163086e-01
3.749894201755523682e-01
2.884604334831237793e-01
2.887820899486541748e-01
2.881415486335754395e-01
3.913275003433227539e-01
6.449128091335296631e-01
5.974841713905334473e-01
6.039603352546691895e-01
5.521085858345031738e-01
4.549878239631652832e-01
4.955489635467529297e-01
2.904581427574157715e-01
4.779881238937377930e-01
4.573214054107666016e-01
4.539980292320251465e-01
2.796813249588012695e-01
4.769088625907897949e-01
4.154938459396362305e-01
4.762377142906188965e-01
5.153713226318359375e-01
8.581037521362304688e-01
4.019575119018554688e-01
5.056802034378051758e-01
4.074826240539550781e-01
7.592781782150268555e-01
4.791744351387023926e-01
5.665464401245117188e-01
4.134103655815124512e-01
1.934089660644531250e-01
4.181647896766662598e-01
3.315200805664062500e-01
3.966889381408691406e-01
4.022054672241210938e-01
4.441918730735778809e-01
5.519101023674011230e-01
4.214434623718261719e-01
7.989728152751922607e-01
7.654370069503784180e-01
6.924594044685363770e-01
3.921624422073364258e-01
4.874327778816223145e-01
3.569248914718627930e-01
5.538521409034729004e-01
3.947055935859680176e-01
3.185395598411560059e-01
3.897588253021240234e-01
5.068127810955047607e-01
4.234708547592163086e-01
3.865150809288024902e-01
4.408749341964721680e-01
3.315122425556182861e-01
3.273699283599853516e-01
3.605548143386840820e-01
3.872838616371154785e-01
3.035699129104614258e-01
4.252455830574035645e-01
5.142150521278381348e-01
2.380534261465072632e-01
4.436116516590118408e-01
3.199063241481781006e-01
4.126158356666564941e-01
2.332996726036071777e-01
5.245967805385589600e-01
4.927904009819030762e-01
3.605863451957702637e-01
4.181855916976928711e-01
3.030090332031250000e-01
2.960685491561889648e-01
1.609691977500915527e-01
1.661350131034851074e-01
2.530060112476348877e-01
2.171161174774169922e-01
1.906787157058715820e-01
3.181210756301879883e-01
3.310947120189666748e-01
3.779690265655517578e-01
3.240060806274414062e-01
2.581340670585632324e-01
3.589024543762207031e-01
1.997920870780944824e-01
4.106527566909790039e-01
3.831851482391357422e-01
2.667184472084045410e-01
3.359200656414031982e-01
3.007849454879760742e-01
3.540485203266143799e-01
3.159712851047515869e-01
4.102676808834075928e-01
5.333978831768035889e-01
2.706490755081176758e-01
2.987000942230224609e-01
3.508363366127014160e-01
4.040504097938537598e-01
3.929672539234161377e-01
1.914225816726684570e-01
2.815939784049987793e-01
2.575846910476684570e-01
3.623042106628417969e-01
2.088512778282165527e-01
2.759959995746612549e-01
2.454878687858581543e-01
3.286752104759216309e-01
2.778064608573913574e-01
3.789034783840179443e-01
4.897949099540710449e-01
3.438643515110015869e-01
4.521011710166931152e-01
4.641720056533813477e-01
5.250597596168518066e-01
4.226578176021575928e-01
5.049814581871032715e-01
4.971733987331390381e-01
4.702720642089843750e-01
5.007411837577819824e-01
3.446518182754516602e-01
3.927931189537048340e-01
3.139233589172363281e-01
3.544504642486572266e-01
3.380437493324279785e-01
4.264798164367675781e-01
3.222873210906982422e-01
4.212492108345031738e-01
3.838918805122375488e-01
4.346829056739807129e-01
4.335639476776123047e-01
4.193986058235168457e-01
4.482542276382446289e-01
3.017872571945190430e-01
2.378655672073364258e-01
3.370177149772644043e-01
2.953253984451293945e-01
2.917897701263427734e-01
3.122211098670959473e-01
3.497657775878906250e-01
4.172126054763793945e-01
3.496208786964416504e-01
5.108132064342498779e-01
5.956490039825439453e-01
6.396036744117736816e-01
6.366000175476074219e-01
6.506556272506713867e-01
4.768581390380859375e-01
5.148032903671264648e-01
4.375300407409667969e-01
5.121012628078460693e-01
4.547823369503021240e-01
5.379815399646759033e-01
4.970682263374328613e-01
4.184815287590026855e-01
4.279825687408447266e-01
4.764679074287414551e-01
3.983731269836425781e-01
4.044556021690368652e-01
4.582322239875793457e-01
3.858078122138977051e-01
3.668484687805175781e-01
3.975259065628051758e-01
4.116856157779693604e-01
3.906815052032470703e-01
3.910761475563049316e-01
3.441523313522338867e-01
3.354903459548950195e-01
3.676990866661071777e-01
3.956149816513061523e-01
3.139196336269378662e-01
3.564791679382324219e-01
3.646088242530822754e-01
4.154990911483764648e-01
3.160286545753479004e-01
3.923069238662719727e-01
3.381714224815368652e-01
4.125450551509857178e-01
3.595311045646667480e-01
4.173002243041992188e-01
3.541825711727142334e-01
3.726204633712768555e-01
4.367890357971191406e-01
3.775411844253540039e-01
3.593070507049560547e-01
3.614718914031982422e-01
3.544822931289672852e-01
3.671352565288543701e-01
2.912016510963439941e-01
3.442199230194091797e-01
3.210895359516143799e-01
3.458622694015502930e-01
3.079403638839721680e-01
3.951966762542724609e-01
3.683313131332397461e-01
3.400358855724334717e-01
4.017179608345031738e-01
3.643453717231750488e-01
3.555970788002014160e-01
2.852437496185302734e-01
3.123918771743774414e-01
3.187178969383239746e-01
3.049741983413696289e-01
3.052405714988708496e-01
3.281721472740173340e-01
3.682345151901245117e-01
3.674926459789276123e-01
3.983203172683715820e-01
3.576069474220275879e-01
3.448100686073303223e-01
3.595270514488220215e-01
3.102912902832031250e-01
4.161988198757171631e-01
3.411954343318939209e-01
4.252930879592895508e-01
4.427540302276611328e-01
3.816474676132202148e-01
4.230170249938964844e-01
4.420778751373291016e-01
4.676123559474945068e-01
4.196189045906066895e-01
3.987464904785156250e-01
4.073767662048339844e-01
4.218378067016601562e-01
4.405761957168579102e-01
4.387315511703491211e-01
4.317604899406433105e-01
4.363527297973632812e-01
4.735957384109497070e-01
3.573470711708068848e-01
4.480265080928802490e-01
4.051676392555236816e-01
4.001181721687316895e-01
3.903229236602783203e-01
3.811615109443664551e-01
3.923497796058654785e-01
3.544296920299530029e-01
3.789737820625305176e-01
3.923229873180389404e-01
4.609339833259582520e-01
4.139722883701324463e-01
4.187825918197631836e-01
4.194421768188476562e-01
4.532099962234497070e-01
3.628218173980712891e-01
4.512896537780761719e-01
3.482437133789062500e-01
3.956446349620819092e-01
3.339897096157073975e-01
4.043662548065185547e-01
3.444744348526000977e-01
4.696183502674102783e-01
3.847193121910095215e-01
3.710462450981140137e-01
4.111735820770263672e-01
4.145003855228424072e-01
3.567776679992675781e-01
3.692288994789123535e-01
3.521694839000701904e-01
3.631504178047180176e-01
3.123169541358947754e-01
3.990816771984100342e-01
3.267109990119934082e-01
3.707967996597290039e-01
3.345975279808044434e-01
3.534451127052307129e-01
3.019059300422668457e-01
3.401720523834228516e-01
3.418656587600708008e-01
2.906478047370910645e-01
3.319770693778991699e-01
4.054012298583984375e-01
3.561373949050903320e-01
3.839830458164215088e-01
4.024314880371093750e-01
3.979999423027038574e-01
4.492541551589965820e-01
3.655719161033630371e-01
4.598396718502044678e-01
3.541460633277893066e-01
4.077285528182983398e-01
3.597720861434936523e-01
3.735612034797668457e-01
3.045493662357330322e-01
3.704107403755187988e-01
4.020810723304748535e-01
3.372345864772796631e-01
3.568748831748962402e-01
3.467211127281188965e-01
3.450953364372253418e-01
3.546879887580871582e-01
4.021887183189392090e-01
3.884167075157165527e-01
4.223579168319702148e-01
4.477822482585906982e-01
4.448873996734619141e-01
4.485304951667785645e-01
4.544887244701385498e-01
4.542673826217651367e-01
4.525349140167236328e-01
4.812875390052795410e-01
4.838394522666931152e-01
3.992614746093750000e-01
3.803505897521972656e-01
3.689376115798950195e-01
3.840195536613464355e-01
3.698772788047790527e-01
3.646206855773925781e-01
3.812719285488128662e-01
4.182935059070587158e-01
3.722369074821472168e-01
4.725328087806701660e-01
3.333692848682403564e-01
3.830320537090301514e-01
3.111044168472290039e-01
3.592020273208618164e-01
3.389084935188293457e-01
3.522682785987854004e-01
3.533504009246826172e-01
3.409275412559509277e-01
3.724566102027893066e-01
3.604615926742553711e-01
3.728919029235839844e-01
4.237520396709442139e-01
3.927283585071563721e-01
3.935492038726806641e-01
3.537698388099670410e-01
3.744286298751831055e-01
4.189683794975280762e-01
3.755504786968231201e-01
4.371035993099212646e-01
3.836317658424377441e-01
4.105884432792663574e-01
3.705034255981445312e-01
4.270190596580505371e-01
3.506034016609191895e-01
4.215067028999328613e-01
3.746314048767089844e-01
4.069533646106719971e-01
3.766609430313110352e-01
4.183100461959838867e-01
3.556854724884033203e-01
4.224923253059387207e-01
4.013721644878387451e-01
4.302123188972473145e-01
3.622834086418151855e-01
3.967504501342773438e-01
4.221034049987792969e-01
4.135290384292602539e-01
3.313949704170227051e-01
3.735454678535461426e-01
3.157480955123901367e-01
3.527325391769409180e-01
3.348417878150939941e-01
