9.961766004562377930e-01
9.970693588256835938e-01
9.985863566398620605e-01
9.985475540161132812e-01
9.996557831764221191e-01
9.997925162315368652e-01
9.997665286064147949e-01
9.998143911361694336e-01
9.998072981834411621e-01
9.997022747993469238e-01
9.996765851974487305e-01
9.998104572296142578e-01
9.998943209648132324e-01
9.998303055763244629e-01
9.965413808822631836e-01
9.980955123901367188e-01
9.994947314262390137e-01
9.998326301574707031e-01
9.998809099197387695e-01
9.998514652252197266e-01
9.998799562454223633e-01
9.998962283134460449e-01
9.998816847801208496e-01
9.987798333168029785e-01
9.998518824577331543e-01
9.999226331710815430e-01
9.999418258666992188e-01
9.999075531959533691e-01
9.998825788497924805e-01
9.999200105667114258e-01
9.999277591705322266e-01
9.999426603317260742e-01
9.999416470527648926e-01
9.999395012855529785e-01
9.999422430992126465e-01
9.999400973320007324e-01
9.998920559883117676e-01
9.994403123855590820e-01
9.958539009094238281e-01
9.663435220718383789e-01
9.372440576553344727e-01
9.455251693725585938e-01
4.551829695701599121e-01
7.302061915397644043e-01
7.079266309738159180e-01
7.142174839973449707e-01
9.970677495002746582e-01
7.770066857337951660e-01
8.444646000862121582e-01
9.993529319763183594e-01
9.995944499969482422e-01
9.996692538261413574e-01
9.996362924575805664e-01
9.998399615287780762e-01
9.993682503700256348e-01
9.991219043731689453e-01
9.996298551559448242e-01
9.996002316474914551e-01
9.996774196624755859e-01
9.996663331985473633e-01
9.996604323387145996e-01
9.998547434806823730e-01
9.997974038124084473e-01
9.981606602668762207e-01
9.993903636932373047e-01
9.995414018630981445e-01
9.996743202209472656e-01
9.984868168830871582e-01
9.998086094856262207e-01
9.998195767402648926e-01
9.994199275970458984e-01
9.983861446380615234e-01
9.990801811218261719e-01
9.983524680137634277e-01
7.445871233940124512e-01
6.802496314048767090e-01
9.981470704078674316e-01
9.996884465217590332e-01
9.997552037239074707e-01
9.997196793556213379e-01
9.996167421340942383e-01
9.996919631958007812e-01
9.995210170745849609e-01
9.996528625488281250e-01
9.996835589408874512e-01
9.995067119598388672e-01
9.997709393501281738e-01
9.993646144866943359e-01
9.997299909591674805e-01
9.988917112350463867e-01
9.995735883712768555e-01
9.997049570083618164e-01
9.997157454490661621e-01
9.994992613792419434e-01
9.992301464080810547e-01
9.994972944259643555e-01
9.995081424713134766e-01
9.994857907295227051e-01
9.987220764160156250e-01
9.989326596260070801e-01
9.995865821838378906e-01
9.996252655982971191e-01
9.989261627197265625e-01
9.994511604309082031e-01
9.996477365493774414e-01
9.991457462310791016e-01
9.993400573730468750e-01
9.972261190414428711e-01
9.864863157272338867e-01
9.984347224235534668e-01
9.979207515716552734e-01
9.994872808456420898e-01
9.990687966346740723e-01
9.981226921081542969e-01
9.993352293968200684e-01
9.989928007125854492e-01
9.991171360015869141e-01
9.986379742622375488e-01
9.997049570083618164e-01
9.993345737457275391e-01
9.994090795516967773e-01
9.977690577507019043e-01
9.966358542442321777e-01
9.826971292495727539e-01
8.018047213554382324e-01
7.423143982887268066e-01
6.530691385269165039e-01
8.661773204803466797e-01
9.677854776382446289e-01
9.264738559722900391e-01
9.382424950599670410e-01
9.389888644218444824e-01
8.709619045257568359e-01
4.513338804244995117e-01
8.240277171134948730e-01
9.825091361999511719e-01
8.728486895561218262e-01
9.173761010169982910e-01
8.913862705230712891e-01
8.757116198539733887e-01
7.031450867652893066e-01
8.647736907005310059e-01
8.174759149551391602e-01
6.474895477294921875e-01
8.545350432395935059e-01
6.716504096984863281e-01
7.067845761775970459e-01
7.291003763675689697e-01
6.517508625984191895e-01
3.412880301475524902e-01
2.982959151268005371e-01
2.983182668685913086e-01
2.154428958892822266e-01
4.547346830368041992e-01
3.979882001876831055e-01
3.424789905548095703e-01
3.791742622852325439e-01
3.094225525856018066e-01
2.988141179084777832e-01
4.445758461952209473e-01
3.872430026531219482e-01
4.595253467559814453e-01
5.313336253166198730e-01
5.578097701072692871e-01
5.123989582061767578e-01
4.638554155826568604e-01
4.335898756980895996e-01
4.451749324798583984e-01
4.149632453918457031e-01
3.056929111480712891e-01
3.321245908737182617e-01
3.826524019241333008e-01
3.173975050449371338e-01
5.077136754989624023e-01
4.454907774925231934e-01
3.233708739280700684e-01
3.372452259063720703e-01
3.131397366523742676e-01
3.433986306190490723e-01
4.298071265220642090e-01
2.847389578819274902e-01
3.130821883678436279e-01
3.409237861633300781e-01
4.114362597465515137e-01
4.581732749938964844e-01
4.128388762474060059e-01
4.565675854682922363e-01
5.546296238899230957e-01
5.043681859970092773e-01
5.855136513710021973e-01
6.047291159629821777e-01
5.678781867027282715e-01
7.540347576141357422e-01
5.687692165374755859e-01
