9.961766004562377930e-01
9.970693588256835938e-01
9.985863566398620605e-01
9.985475540161132812e-01
9.888774156570434570e-01
9.962951540946960449e-01
5.403824448585510254e-01
6.431323587894439697e-01
9.964160323143005371e-01
9.960402250289916992e-01
9.969883561134338379e-01
9.995815157890319824e-01
9.998688101768493652e-01
9.998847842216491699e-01
9.987204670906066895e-01
9.982277750968933105e-01
9.994984865188598633e-01
9.998282790184020996e-01
9.998814463615417480e-01
9.524303078651428223e-01
9.978466629981994629e-01
9.996371269226074219e-01
9.994258284568786621e-01
9.998400211334228516e-01
9.999104142189025879e-01
9.999142885208129883e-01
9.999448657035827637e-01
9.999305009841918945e-01
9.999290108680725098e-01
9.998859763145446777e-01
9.998673796653747559e-01
9.999226927757263184e-01
9.999173283576965332e-01
9.999425411224365234e-01
9.999068975448608398e-01
9.998887777328491211e-01
9.999257922172546387e-01
9.997302293777465820e-01
8.698069453239440918e-01
9.900920391082763672e-01
9.974343776702880859e-01
9.996519088745117188e-01
9.925641417503356934e-01
9.335448145866394043e-01
3.568175435066223145e-01
5.970751643180847168e-01
8.790934681892395020e-01
9.905868172645568848e-01
6.418255567550659180e-01
9.880434870719909668e-01
8.904394283890724182e-01
9.555816650390625000e-01
9.947776794433593750e-01
9.869475960731506348e-01
9.990871548652648926e-01
9.997653961181640625e-01
9.998345375061035156e-01
9.993850588798522949e-01
9.990989565849304199e-01
9.996311664581298828e-01
9.996153712272644043e-01
9.996812343597412109e-01
9.994320869445800781e-01
9.997825026512145996e-01
9.990841150283813477e-01
9.985901713371276855e-01
9.996611475944519043e-01
9.995974302291870117e-01
9.992802739143371582e-01
9.990946650505065918e-01
9.996770024299621582e-01
9.996106028556823730e-01
9.996967315673828125e-01
9.993265271186828613e-01
9.984490871429443359e-01
9.988235831260681152e-01
9.867029190063476562e-01
6.432683467864990234e-01
9.976578354835510254e-01
9.979658722877502441e-01
9.967271685600280762e-01
9.997231364250183105e-01
9.992586374282836914e-01
9.996464252471923828e-01
9.368438348174095154e-01
9.906016588211059570e-01
9.997736215591430664e-01
9.997200369834899902e-01
9.996744990348815918e-01
9.996598958969116211e-01
9.994291663169860840e-01
9.997473359107971191e-01
9.996097683906555176e-01
9.993240237236022949e-01
9.995502233505249023e-01
9.994243979454040527e-01
9.997223019599914551e-01
9.997366070747375488e-01
9.993039965629577637e-01
9.997597932815551758e-01
9.984157085418701172e-01
9.982752203941345215e-01
9.988096356391906738e-01
9.991988539695739746e-01
9.991909861564636230e-01
4.176021218299865723e-01
3.872532248497009277e-01
9.846649765968322754e-01
9.969729781150817871e-01
9.985802769660949707e-01
9.994842410087585449e-01
9.995332956314086914e-01
9.980121850967407227e-01
9.969280362129211426e-01
9.986206293106079102e-01
9.988493323326110840e-01
9.987204670906066895e-01
9.997115135192871094e-01
9.988387823104858398e-01
9.989457130432128906e-01
9.965275526046752930e-01
9.993500113487243652e-01
9.979642033576965332e-01
9.940582513809204102e-01
9.890973567962646484e-01
6.879772543907165527e-01
9.822911024093627930e-01
6.160204410552978516e-01
9.668650627136230469e-01
4.456341862678527832e-01
7.545914351940155029e-01
5.006437897682189941e-01
9.100674986839294434e-01
9.666054844856262207e-01
7.340246438980102539e-01
8.165924549102783203e-01
8.557716608047485352e-01
9.219297766685485840e-01
7.774387598037719727e-01
8.859089612960815430e-01
8.777078762650489807e-01
9.447140693664550781e-01
8.881507515907287598e-01
7.707239985466003418e-01
7.614980190992355347e-01
8.079293966293334961e-01
6.147458553314208984e-01
8.269202709197998047e-01
8.065211325883865356e-01
6.641132235527038574e-01
6.448163986206054688e-01
7.376126050949096680e-01
7.243714630603790283e-01
5.868104100227355957e-01
6.054471731185913086e-01
5.572365224361419678e-01
3.874143362045288086e-01
5.391538143157958984e-01
4.634757041931152344e-01
3.979406952857971191e-01
4.011098146438598633e-01
3.792180418968200684e-01
4.184723496437072754e-01
4.803045988082885742e-01
3.446786403656005859e-01
3.510539829730987549e-01
2.827644944190979004e-01
3.220366239547729492e-01
3.372157812118530273e-01
3.494516909122467041e-01
4.731190800666809082e-01
4.127874076366424561e-01
4.743521213531494141e-01
3.632807731628417969e-01
4.604289531707763672e-01
4.762488007545471191e-01
5.663414895534515381e-01
5.077856183052062988e-01
5.420981645584106445e-01
5.906275510787963867e-01
5.053786039352416992e-01
5.812515616416931152e-01
3.685256242752075195e-01
4.328565597534179688e-01
4.241943955421447754e-01
4.497165083885192871e-01
4.893311858177185059e-01
4.101276397705078125e-01
4.145320057868957520e-01
3.746230006217956543e-01
4.836705327033996582e-01
5.351473689079284668e-01
4.402592778205871582e-01
5.651295185089111328e-01
4.516645669937133789e-01
5.746966302394866943e-01
4.881652593612670898e-01
5.787689685821533203e-01
4.281095266342163086e-01
6.408996582031250000e-01
5.865386724472045898e-01
5.942449569702148438e-01
4.259814023971557617e-01
4.959761202335357666e-01
4.828769266605377197e-01
5.119592547416687012e-01
