9.961766004562377930e-01
9.970693588256835938e-01
9.985863566398620605e-01
6.561008989810943604e-01
9.846214652061462402e-01
9.987663626670837402e-01
9.982448220252990723e-01
9.990825057029724121e-01
9.997147321701049805e-01
9.997891783714294434e-01
9.925791025161743164e-01
9.988597035408020020e-01
9.998691082000732422e-01
9.983907938003540039e-01
9.983519911766052246e-01
9.995027780532836914e-01
9.993776082992553711e-01
9.998521208763122559e-01
9.998552203178405762e-01
9.998673796653747559e-01
9.990972876548767090e-01
9.982728362083435059e-01
9.998444914817810059e-01
9.998320937156677246e-01
9.999229311943054199e-01
9.999374747276306152e-01
9.999263882637023926e-01
9.993781447410583496e-01
9.998721480369567871e-01
9.999051690101623535e-01
9.999092221260070801e-01
9.999168515205383301e-01
9.999418258666992188e-01
9.999034404754638672e-01
9.998947381973266602e-01
9.999222755432128906e-01
9.999191761016845703e-01
9.997777342796325684e-01
9.890367388725280762e-01
9.901220798492431641e-01
9.991314411163330078e-01
9.995974898338317871e-01
9.935174584388732910e-01
9.357957839965820312e-01
9.816381335258483887e-01
9.992983341217041016e-01
9.710419774055480957e-01
9.968966245651245117e-01
7.330829501152038574e-01
9.975729584693908691e-01
9.989109635353088379e-01
9.993982911109924316e-01
9.995681643486022949e-01
9.994062781333923340e-01
9.996498823165893555e-01
9.998592138290405273e-01
9.993756413459777832e-01
9.991979002952575684e-01
9.996668100357055664e-01
9.996380805969238281e-01
9.997034668922424316e-01
9.996819496154785156e-01
9.997946619987487793e-01
9.991947412490844727e-01
9.988117218017578125e-01
9.994444847106933594e-01
9.993668929673731327e-01
9.992766380310058594e-01
9.988337755203247070e-01
9.990742802619934082e-01
9.995837807655334473e-01
9.987425804138183594e-01
9.991495609283447266e-01
9.996510148048400879e-01
9.983415007591247559e-01
9.987094402313232422e-01
9.952813982963562012e-01
9.997183680534362793e-01
9.992095828056335449e-01
9.998393058776855469e-01
9.996549487113952637e-01
9.996067881584167480e-01
9.998220801353454590e-01
9.996771812438964844e-01
9.997256398200988770e-01
9.995074868202209473e-01
9.997556209564208984e-01
9.997478127479553223e-01
9.996978640556335449e-01
9.998121857643127441e-01
9.996947050094604492e-01
9.998135566711425781e-01
9.989075064659118652e-01
9.996253848075866699e-01
9.966407418251037598e-01
9.982030987739562988e-01
9.972362518310546875e-01
9.862309694290161133e-01
9.954934716224670410e-01
9.601368904113769531e-01
9.930342435836791992e-01
9.896834492683410645e-01
9.993844032287597656e-01
9.957755804061889648e-01
9.988244175910949707e-01
9.992127418518066406e-01
9.994223713874816895e-01
9.888467192649841309e-01
9.968689680099487305e-01
9.959636330604553223e-01
9.991501569747924805e-01
9.993615746498107910e-01
9.969740509986877441e-01
9.983719587326049805e-01
9.991388320922851562e-01
9.985309243202209473e-01
9.989761710166931152e-01
9.984090924263000488e-01
9.997057318687438965e-01
9.997662305831909180e-01
9.982541799545288086e-01
9.987676143646240234e-01
9.543474912643432617e-01
9.987807869911193848e-01
9.873642921447753906e-01
8.851272463798522949e-01
9.559585452079772949e-01
9.993585944175720215e-01
5.778738856315612793e-01
9.623047113418579102e-01
9.083050489425659180e-01
9.928967356681823730e-01
9.955457448959350586e-01
7.459824681282043457e-01
9.096491932868957520e-01
9.935467839241027832e-01
9.218794703483581543e-01
9.894903898239135742e-01
9.653851389884948730e-01
9.866423606872558594e-01
9.831159710884094238e-01
9.986812472343444824e-01
9.968705177307128906e-01
9.972578883171081543e-01
9.682394862174987793e-01
9.077612161636352539e-01
6.330596506595611572e-01
9.034771323204040527e-01
9.033154249191284180e-01
3.439483642578125000e-01
8.212756514549255371e-01
7.778130769729614258e-01
4.266183376312255859e-01
7.084097862243652344e-01
9.238674640655517578e-01
9.157040715217590332e-01
8.800708055496215820e-01
8.281149864196777344e-01
6.158910393714904785e-01
6.661176085472106934e-01
6.857073307037353516e-01
8.368275761604309082e-01
6.803087592124938965e-01
7.060227394104003906e-01
6.126168966293334961e-01
4.235601425170898438e-01
3.963767290115356445e-01
3.855653703212738037e-01
4.334911108016967773e-01
3.276046216487884521e-01
4.582125842571258545e-01
4.890803098678588867e-01
4.791541993618011475e-01
5.726526975631713867e-01
4.142450094223022461e-01
3.642403483390808105e-01
4.204380512237548828e-01
2.720637917518615723e-01
4.582737982273101807e-01
3.836857080459594727e-01
4.858888983726501465e-01
4.363293051719665527e-01
3.531697988510131836e-01
2.801328301429748535e-01
3.135901987552642822e-01
2.722592949867248535e-01
3.031421303749084473e-01
3.262526392936706543e-01
3.154989182949066162e-01
3.905910551548004150e-01
2.987274825572967529e-01
3.717745840549468994e-01
3.118194341659545898e-01
3.547586798667907715e-01
3.090328574180603027e-01
4.099255204200744629e-01
4.409324526786804199e-01
5.645886659622192383e-01
3.801925480365753174e-01
5.113357305526733398e-01
5.165087282657623291e-01
4.444758892059326172e-01
5.916911959648132324e-01
4.590370655059814453e-01
4.373247623443603516e-01
4.309645891189575195e-01
4.038417935371398926e-01
4.486763179302215576e-01
5.187583267688751221e-01
4.267349243164062500e-01
4.515743255615234375e-01
