9.961766004562377930e-01
9.970693588256835938e-01
9.985863566398620605e-01
9.985475540161132812e-01
9.888774156570434570e-01
9.962951540946960449e-01
9.985373020172119141e-01
7.218344807624816895e-01
9.873031973838806152e-01
9.964604973793029785e-01
9.955384731292724609e-01
9.996097683906555176e-01
9.998735189437866211e-01
9.985284209251403809e-01
9.984772205352783203e-01
9.994879364967346191e-01
9.994032979011535645e-01
9.998403191566467285e-01
9.998552203178405762e-01
9.998673796653747559e-01
9.998931884765625000e-01
9.998808503150939941e-01
9.997647404670715332e-01
9.997004270553588867e-01
9.999225735664367676e-01
9.999418854713439941e-01
9.999339580535888672e-01
9.988604784011840820e-01
9.998586773872375488e-01
9.999147653579711914e-01
9.999082088470458984e-01
9.999170303344726562e-01
9.999129176139831543e-01
9.999349117279052734e-01
9.999057054519653320e-01
9.998922348022460938e-01
9.999226331710815430e-01
9.997296929359436035e-01
9.912323355674743652e-01
9.909070134162902832e-01
9.976137280464172363e-01
9.996576309204101562e-01
9.935174584388732910e-01
9.991730451583862305e-01
9.996203184127807617e-01
9.996274113655090332e-01
9.991745948791503906e-01
9.992900490760803223e-01
9.998245239257812500e-01
9.999173283576965332e-01
9.997754096984863281e-01
9.901733398437500000e-01
9.982813000679016113e-01
9.988470077514648438e-01
9.994437694549560547e-01
9.994316101074218750e-01
9.998097419738769531e-01
9.998310208320617676e-01
9.989712238311767578e-01
9.992323517799377441e-01
9.996725320816040039e-01
9.996388554573059082e-01
9.995262026786804199e-01
9.997757077217102051e-01
9.996904730796813965e-01
9.979984164237976074e-01
9.973637461662292480e-01
9.983860254287719727e-01
9.985892176628112793e-01
9.984017610549926758e-01
9.950401186943054199e-01
9.996270537376403809e-01
9.997962713241577148e-01
9.996057152748107910e-01
9.992281794548034668e-01
9.994642734527587891e-01
9.997913837432861328e-01
9.996951818466186523e-01
9.991639852523803711e-01
9.985992908477783203e-01
9.995293617248535156e-01
9.985175132751464844e-01
9.988541007041931152e-01
9.985640048980712891e-01
9.995768070220947266e-01
9.992462992668151855e-01
9.997130632400512695e-01
9.993790984153747559e-01
9.998273253440856934e-01
9.994392991065979004e-01
9.988040924072265625e-01
9.982145428657531738e-01
9.990167617797851562e-01
9.993975758552551270e-01
9.995763897895812988e-01
9.990321397781372070e-01
9.986596703529357910e-01
9.996323585510253906e-01
9.976156353950500488e-01
9.985350966453552246e-01
9.995533823966979980e-01
9.995124340057373047e-01
9.991493821144104004e-01
9.993069767951965332e-01
9.988337755203247070e-01
9.991589188575744629e-01
9.995616078376770020e-01
9.987758398056030273e-01
9.990210533142089844e-01
9.949349164962768555e-01
9.941737651824951172e-01
9.983524680137634277e-01
9.988014101982116699e-01
9.991984367370605469e-01
9.987842440605163574e-01
9.983566999435424805e-01
9.993565678596496582e-01
9.989086985588073730e-01
9.988253712654113770e-01
9.996508955955505371e-01
9.981145262718200684e-01
9.694197773933410645e-01
9.506657719612121582e-01
9.368241429328918457e-01
9.969875216484069824e-01
9.893537759780883789e-01
9.631512165069580078e-01
9.767788648605346680e-01
9.770191311836242676e-01
9.905477166175842285e-01
9.972895979881286621e-01
8.657369017601013184e-01
9.910383820533752441e-01
7.300759553909301758e-01
8.021750450134277344e-01
9.719762802124023438e-01
9.737538695335388184e-01
9.691714048385620117e-01
9.887868762016296387e-01
9.820420145988464355e-01
9.572656154632568359e-01
9.653516411781311035e-01
9.095815420150756836e-01
9.765170216560363770e-01
9.058977365493774414e-01
8.844034671783447266e-01
9.156382679939270020e-01
9.097872972488403320e-01
9.215795993804931641e-01
3.971379697322845459e-01
8.659254908561706543e-01
7.537715435028076172e-01
6.853919029235839844e-01
4.840063452720642090e-01
8.618532419204711914e-01
7.043920755386352539e-01
5.224947929382324219e-01
5.076512694358825684e-01
6.515690386295318604e-01
5.337378680706024170e-01
5.852149426937103271e-01
6.747211217880249023e-01
6.785534918308258057e-01
5.922954082489013672e-01
5.988885164260864258e-01
4.303977489471435547e-01
3.933548331260681152e-01
2.723116874694824219e-01
3.822428584098815918e-01
2.712401151657104492e-01
3.507653772830963135e-01
2.116391807794570923e-01
3.408647179603576660e-01
3.571621775627136230e-01
2.432879209518432617e-01
2.968648076057434082e-01
3.597850203514099121e-01
2.791802287101745605e-01
4.088582694530487061e-01
3.588594198226928711e-01
3.433609604835510254e-01
3.857489526271820068e-01
4.070540666580200195e-01
3.357921838760375977e-01
3.467546105384826660e-01
3.666155934333801270e-01
3.285884857177734375e-01
3.646509647369384766e-01
3.814355731010437012e-01
3.762784898281097412e-01
3.420199751853942871e-01
4.124933481216430664e-01
5.298352539539337158e-01
4.445036649703979492e-01
5.413902997970581055e-01
4.640786945819854736e-01
4.396724104881286621e-01
3.939442634582519531e-01
4.533846974372863770e-01
3.865808248519897461e-01
4.964181780815124512e-01
