9.961766004562377930e-01
9.970693588256835938e-01
9.985863566398620605e-01
9.985475540161132812e-01
9.996557831764221191e-01
9.997925162315368652e-01
9.964882135391235352e-01
9.971145987510681152e-01
9.997074007987976074e-01
9.997804760932922363e-01
9.998107552528381348e-01
9.998169541358947754e-01
9.998995065689086914e-01
9.998383522033691406e-01
9.961624145507812500e-01
9.981701374053955078e-01
9.994019865989685059e-01
9.998326301574707031e-01
9.998809099197387695e-01
9.998513460159301758e-01
9.998788237571716309e-01
9.992058277130126953e-01
9.983148574829101562e-01
9.998443722724914551e-01
9.999192357063293457e-01
9.999231100082397461e-01
9.999374747276306152e-01
9.998973608016967773e-01
9.999336004257202148e-01
9.998859763145446777e-01
9.998660683631896973e-01
9.999148845672607422e-01
9.999091029167175293e-01
9.999243021011352539e-01
9.999257922172546387e-01
9.999395012855529785e-01
9.999065399169921875e-01
9.995627999305725098e-01
9.997397661209106445e-01
9.997314214706420898e-01
9.927471280097961426e-01
9.912109375000000000e-01
9.996817111968994141e-01
9.997847676277160645e-01
9.993720650672912598e-01
9.398871660232543945e-01
9.988306760787963867e-01
9.340855479240417480e-01
9.792706370353698730e-01
9.448314905166625977e-01
9.721574187278747559e-01
9.857111573219299316e-01
9.407818913459777832e-01
9.708867073059082031e-01
9.982707500457763672e-01
9.988611340522766113e-01
9.997751116752624512e-01
9.996328353881835938e-01
9.998426437377929688e-01
9.994332194328308105e-01
9.991300702095031738e-01
9.996432065963745117e-01
9.993542432785034180e-01
9.995082020759582520e-01
9.994388818740844727e-01
9.997960925102233887e-01
9.991375207901000977e-01
9.987220764160156250e-01
9.996716976165771484e-01
9.996172189712524414e-01
9.991201162338256836e-01
9.997427463531494141e-01
9.996917843818664551e-01
9.997601509094238281e-01
9.998299479484558105e-01
9.997578263282775879e-01
7.549648284912109375e-01
9.583261609077453613e-01
9.997787475585937500e-01
9.988784790039062500e-01
9.770382046699523926e-01
9.983303546905517578e-01
9.993003606796264648e-01
9.996801018714904785e-01
9.989248514175415039e-01
9.996005892753601074e-01
9.997084140777587891e-01
9.994215369224548340e-01
9.988293647766113281e-01
9.990801811218261719e-01
9.994723796844482422e-01
9.996165633201599121e-01
9.996871352195739746e-01
9.974104762077331543e-01
9.993712306022644043e-01
9.994320869445800781e-01
9.995418190956115723e-01
9.996336698532104492e-01
9.994472265243530273e-01
9.996374249458312988e-01
9.992725253105163574e-01
9.997565150260925293e-01
9.993809461593627930e-01
9.996696114540100098e-01
9.989539384841918945e-01
9.988999366760253906e-01
9.984703660011291504e-01
9.994816780090332031e-01
9.902098774909973145e-01
9.889334440231323242e-01
9.857656955718994141e-01
9.979230165481567383e-01
9.995319843292236328e-01
9.996053576469421387e-01
9.965835213661193848e-01
9.991884231567382812e-01
9.964999556541442871e-01
9.983742833137512207e-01
9.989820718765258789e-01
9.993181228637695312e-01
9.991335272789001465e-01
9.986586570739746094e-01
9.941470026969909668e-01
8.348672091960906982e-01
9.174428582191467285e-01
6.791061162948608398e-01
9.763327240943908691e-01
8.693109303712844849e-01
9.702411293983459473e-01
8.365779966115951538e-01
9.860256910324096680e-01
5.704352855682373047e-01
9.516340494155883789e-01
9.679403901100158691e-01
9.897325038909912109e-01
9.525680541992187500e-01
9.660874009132385254e-01
9.851198792457580566e-01
9.242808818817138672e-01
9.719647169113159180e-01
8.810678720474243164e-01
9.659345746040344238e-01
9.552264809608459473e-01
9.753113985061645508e-01
9.628980755805969238e-01
8.798281550407409668e-01
8.179385215044021606e-01
8.520100116729736328e-01
7.686806321144104004e-01
5.439646840095520020e-01
7.032840251922607422e-01
8.985801339149475098e-01
6.358379721641540527e-01
6.116923093795776367e-01
3.877807855606079102e-01
6.756793856620788574e-01
5.799598991870880127e-01
5.656933784484863281e-01
6.166965961456298828e-01
6.530735492706298828e-01
6.051877140998840332e-01
4.156681299209594727e-01
5.890398621559143066e-01
6.778301000595092773e-01
4.957516789436340332e-01
4.960053563117980957e-01
5.717921257019042969e-01
5.478553771972656250e-01
3.787448406219482422e-01
4.858957231044769287e-01
5.200156569480895996e-01
3.843312859535217285e-01
4.761243462562561035e-01
4.418932199478149414e-01
4.799544215202331543e-01
5.170072019100189209e-01
6.539222002029418945e-01
5.019077360630035400e-01
6.234945952892303467e-01
4.393990039825439453e-01
4.627175033092498779e-01
4.019933342933654785e-01
5.494981408119201660e-01
4.502441585063934326e-01
5.133239626884460449e-01
5.410541296005249023e-01
3.707967698574066162e-01
5.657958984375000000e-01
4.158457517623901367e-01
2.319604903459548950e-01
3.413411378860473633e-01
3.724266588687896729e-01
4.613332152366638184e-01
5.051386952400207520e-01
4.993090033531188965e-01
5.460947155952453613e-01
5.528416037559509277e-01
6.785088777542114258e-01
6.583867669105529785e-01
3.586571812629699707e-01
5.070163905620574951e-01
4.710522294044494629e-01
5.256055891513824463e-01
6.286237835884094238e-01
6.139535009860992432e-01
3.723285496234893799e-01
5.288547277450561523e-01
4.024695754051208496e-01
6.517558097839355469e-01
5.190646052360534668e-01
5.492406487464904785e-01
5.173514783382415771e-01
3.609117269515991211e-01
3.382505774497985840e-01
3.302693665027618408e-01
3.311473131179809570e-01
3.292771577835083008e-01
3.542497158050537109e-01
4.067083597183227539e-01
3.351082801818847656e-01
3.848164081573486328e-01
3.943125605583190918e-01
4.401268064975738525e-01
3.161760270595550537e-01
2.557779550552368164e-01
3.323318958282470703e-01
3.748312890529632568e-01
4.627938270568847656e-01
5.286847352981567383e-01
5.269252657890319824e-01
