9.961766004562377930e-01
9.970693588256835938e-01
9.985863566398620605e-01
6.561008989810943604e-01
9.846214605495333672e-01
9.987663626670837402e-01
4.852566719055175781e-01
7.445484995841979980e-01
9.955805540084838867e-01
9.956941008567810059e-01
9.976858496665954590e-01
9.995087981224060059e-01
9.998688101768493652e-01
9.998847842216491699e-01
9.987072944641113281e-01
9.982871413230895996e-01
9.994984865188598633e-01
9.998257160186767578e-01
9.998814463615417480e-01
9.585265293717384338e-01
9.979286193847656250e-01
9.996428489685058594e-01
9.998295903205871582e-01
9.998399615287780762e-01
9.999109506607055664e-01
9.999142289161682129e-01
9.999448657035827637e-01
9.999305605888366699e-01
9.998197555541992188e-01
9.998757839202880859e-01
9.999055266380310059e-01
9.999178051948547363e-01
9.999440312385559082e-01
9.998990893363952637e-01
9.998912811279296875e-01
9.999257326126098633e-01
9.999186992645263672e-01
9.997813701629638672e-01
8.489872217178344727e-01
9.897111058235168457e-01
9.991409778594970703e-01
9.767444133758544922e-01
9.905800819396972656e-01
9.973142743110656738e-01
9.996036887168884277e-01
9.996993541717529297e-01
9.990195631980895996e-01
9.997568726539611816e-01
9.993361830711364746e-01
9.858688712120056152e-01
9.975343346595764160e-01
9.988993406295776367e-01
9.992243647575378418e-01
9.989819526672363281e-01
9.994689226150512695e-01
9.998266696929931641e-01
9.989233016967773438e-01
9.991939663887023926e-01
9.996649026870727539e-01
9.996483922004699707e-01
9.997067451477050781e-01
9.996805787086486816e-01
9.997971057891845703e-01
9.991931319236755371e-01
9.988154768943786621e-01
9.994593262672424316e-01
9.993812441825866699e-01
9.993055462837219238e-01
9.988743066787719727e-01
9.993707537651062012e-01
9.997392296791076660e-01
9.996074438095092773e-01
9.982090592384338379e-01
9.991791248321533203e-01
9.993556737899780273e-01
9.997869133949279785e-01
9.978594779968261719e-01
9.995107054710388184e-01
9.989847540855407715e-01
9.994418621063232422e-01
9.987003207206726074e-01
9.967745542526245117e-01
9.993018507957458496e-01
9.993394613265991211e-01
9.989829063415527344e-01
9.998304247856140137e-01
9.997408986091613770e-01
9.998125433921813965e-01
9.997154474258422852e-01
9.997192025184631348e-01
9.996866583824157715e-01
9.997765421867370605e-01
9.997144341468811035e-01
9.995064139366149902e-01
9.992458224296569824e-01
9.995757341384887695e-01
9.990279674530029297e-01
9.993795156478881836e-01
9.982533454895019531e-01
9.996153712272644043e-01
9.997913241386413574e-01
9.992787837982177734e-01
9.997369647026062012e-01
9.992526769638061523e-01
9.997036457061767578e-01
9.987822771072387695e-01
9.997904896736145020e-01
9.993617534637451172e-01
9.995746612548828125e-01
9.959765672683715820e-01
9.927777051925659180e-01
9.982733130455017090e-01
9.994336366653442383e-01
9.994828701019287109e-01
9.998173117637634277e-01
9.989412426948547363e-01
9.977771043777465820e-01
9.995431900024414062e-01
9.995306730270385742e-01
9.996244311332702637e-01
9.969499111175537109e-01
9.944129586219787598e-01
9.983513951301574707e-01
9.985248446464538574e-01
8.900231122970581055e-01
9.872121810913085938e-01
8.980428576469421387e-01
9.972108006477355957e-01
9.968750476837158203e-01
8.840250968933105469e-01
8.204738497734069824e-01
9.796569943428039551e-01
7.381659746170043945e-01
6.199900507926940918e-01
7.733494043350219727e-01
9.679609537124633789e-01
9.537962675094604492e-01
9.977619647979736328e-01
9.919666051864624023e-01
9.894857406616210938e-01
9.947597384452819824e-01
9.939463138580322266e-01
8.976498246192932129e-01
8.648228049278259277e-01
6.512187421321868896e-01
6.662850975990295410e-01
6.915798187255859375e-01
6.565350294113159180e-01
8.945834040641784668e-01
8.580713868141174316e-01
8.111611008644104004e-01
8.692817091941833496e-01
8.742714822292327881e-01
8.927993178367614746e-01
8.093442916870117188e-01
6.776238679885864258e-01
7.607517838478088379e-01
7.495903372764587402e-01
4.941902756690979004e-01
6.265482604503631592e-01
7.526205331087112427e-01
7.657631039619445801e-01
6.146614253520965576e-01
4.393022060394287109e-01
4.358053803443908691e-01
3.246873617172241211e-01
4.099915027618408203e-01
3.704891204833984375e-01
4.752078056335449219e-01
3.470069169998168945e-01
4.620420336723327637e-01
5.010732412338256836e-01
5.129042267799377441e-01
4.145916998386383057e-01
5.239395797252655029e-01
6.637967228889465332e-01
4.397820532321929932e-01
4.391716718673706055e-01
3.824808001518249512e-01
5.339265465736389160e-01
6.127283573150634766e-01
4.460042119026184082e-01
4.837492704391479492e-01
2.929466366767883301e-01
3.987526893615722656e-01
2.286096811294555664e-01
2.223530411720275879e-01
3.055117726325988770e-01
4.679662585258483887e-01
3.205500841140747070e-01
4.099754691123962402e-01
4.966067373752593994e-01
4.721678793430328369e-01
3.791629672050476074e-01
4.245492815971374512e-01
3.714849948883056641e-01
3.923681378364562988e-01
3.228639364242553711e-01
3.825286030769348145e-01
3.587194681167602539e-01
3.719000816345214844e-01
3.729864358901977539e-01
3.712365031242370605e-01
4.751553535461425781e-01
3.938841521739959717e-01
4.367185533046722412e-01
5.125128626823425293e-01
4.267781078815460205e-01
3.815826177597045898e-01
3.778159022331237793e-01
3.791188001632690430e-01
