9.961766004562377930e-01
9.970693588256835938e-01
9.985863566398620605e-01
6.561009287834167480e-01
9.846214652061462402e-01
9.987663626670837402e-01
4.852566719055175781e-01
7.445484995841979980e-01
9.955805540084838867e-01
9.956941008567810059e-01
9.976858496665954590e-01
9.995087981224060059e-01
9.998688101768493652e-01
9.998847842216491699e-01
9.987072944641113281e-01
9.982871413230895996e-01
9.994984865188598633e-01
9.998257160186767578e-01
9.998814463615417480e-01
9.585264921188354492e-01
9.979286193847656250e-01
9.996428489685058594e-01
9.998295903205871582e-01
9.998399615287780762e-01
9.999109506607055664e-01
9.999142289161682129e-01
9.999448657035827637e-01
9.999305605888366699e-01
9.998197555541992188e-01
9.998757839202880859e-01
9.999055266380310059e-01
9.999178051948547363e-01
9.999440312385559082e-01
9.999418854713439941e-01
9.999035596847534180e-01
9.998966455459594727e-01
9.999222755432128906e-01
9.997323155403137207e-01
8.683731555938720703e-01
9.904291629791259766e-01
9.989987015724182129e-01
9.996576309204101562e-01
9.932143092155456543e-01
5.615967214107513428e-01
9.825701117515563965e-01
9.992966055870056152e-01
7.164712548255920410e-01
9.923343062400817871e-01
7.274622321128845215e-01
9.974992871284484863e-01
9.988579750061035156e-01
9.993686079978942871e-01
9.995714426040649414e-01
9.994108676910400391e-01
9.996454715728759766e-01
9.998570680618286133e-01
9.993760585784912109e-01
9.991810917854309082e-01
9.996631741523742676e-01
9.996358156204223633e-01
9.997053742408752441e-01
9.996832013130187988e-01
9.996441602706909180e-01
9.996461272239685059e-01
9.983206391334533691e-01
9.996722340583801270e-01
9.991715550422668457e-01
9.990292787551879883e-01
9.992476105690002441e-01
9.981533885002136230e-01
9.996756911277770996e-01
9.982886314392089844e-01
9.987159371376037598e-01
9.995900988578796387e-01
9.519780278205871582e-01
9.886615611612796783e-01
9.994021654129028320e-01
9.997191429138183594e-01
9.998365044593811035e-01
9.997014999389648438e-01
9.997360706329345703e-01
9.994373321533203125e-01
9.984313249588012695e-01
9.984377026557922363e-01
9.992551803588867188e-01
9.998291134834289551e-01
9.998335838317871094e-01
9.997451901435852051e-01
9.996783137321472168e-01
9.998442530632019043e-01
9.995936751365661621e-01
9.997239112854003906e-01
9.997946619987487793e-01
9.995676875114440918e-01
9.997305274009704590e-01
9.986456036567687988e-01
9.997790455818176270e-01
9.992197751998901367e-01
9.995142817497253418e-01
9.992073178291320801e-01
9.988865256309509277e-01
9.994457960128784180e-01
9.996906518936157227e-01
9.996093511581420898e-01
9.995458126068115234e-01
9.975477457046508789e-01
9.982839226722717285e-01
9.935997724533081055e-01
9.826842546463012695e-01
9.980382323265075684e-01
9.977703690528869629e-01
9.995849132537841797e-01
9.968668222427368164e-01
9.925032258033752441e-01
9.988538622856140137e-01
9.852335965260863304e-01
9.987628459930419922e-01
9.974840283393859863e-01
9.994672536849975586e-01
9.989483356475830078e-01
9.974317550659179688e-01
8.748828768730163574e-01
7.750521302223205566e-01
9.868510365486145020e-01
9.984005093574523926e-01
9.710223078727722168e-01
8.481078147888183594e-01
9.853188991546630859e-01
9.653336405754089355e-01
8.514103293418884277e-01
9.908063411712646484e-01
9.921066164970397949e-01
5.277748107910156250e-01
9.502941370010375977e-01
9.768723249435424805e-01
9.091600775718688965e-01
8.102235794067382812e-01
9.664980769157409668e-01
9.789975881576538086e-01
9.643381834030151367e-01
9.874149560928344727e-01
9.822759032249450684e-01
9.884801506996154785e-01
9.846954941749572754e-01
9.739567637443542480e-01
9.186817407608032227e-01
7.380442619323730469e-01
7.509292960166931152e-01
7.709928601980209351e-01
7.133649885654449463e-01
5.362510383129119873e-01
8.652320504188537598e-01
6.924774646759033203e-01
7.218109965324401855e-01
7.484604120254516602e-01
6.760324239730834961e-01
5.703293681144714355e-01
5.932801961898803711e-01
7.886232733726501465e-01
5.891785621643066406e-01
6.250000596046447754e-01
6.233585476875305176e-01
7.326290011405944824e-01
7.364273071289062500e-01
5.488430261611938477e-01
5.402019917964935303e-01
6.456001400947570801e-01
5.617504715919494629e-01
4.886958003044128418e-01
5.404616296291351318e-01
4.569581151008605957e-01
4.423412084579467773e-01
4.493110775947570801e-01
3.488693535327911377e-01
5.903019905090332031e-01
3.694507777690887451e-01
3.971264362335205078e-01
3.073278069496154785e-01
2.044529318809509277e-01
2.707924842834472656e-01
2.820174396038055420e-01
4.246484339237213135e-01
3.277084231376647949e-01
2.402259111404418945e-01
3.676908910274505615e-01
2.885541319847106934e-01
2.954778075218200684e-01
3.293039202690124512e-01
3.521187901496887207e-01
3.280664086341857910e-01
3.731147646903991699e-01
3.135048747062683105e-01
3.142353892326354980e-01
4.239731132984161377e-01
4.030007123947143555e-01
