9.961766004562377930e-01
9.970693588256835938e-01
9.985863566398620605e-01
6.561008989810943604e-01
9.846214652061462402e-01
9.987663626670837402e-01
4.852566719055175781e-01
7.445484995841979980e-01
9.955805540084838867e-01
9.956941008567810059e-01
9.976858496665954590e-01
9.995087981224060059e-01
9.998688101768493652e-01
9.998847842216491699e-01
9.987072944641113281e-01
9.982871413230895996e-01
9.994984865188598633e-01
9.998257160186767578e-01
9.997482299804687500e-01
9.997482895851135254e-01
9.998587369918823242e-01
9.996459484100341797e-01
7.170794606208801270e-01
9.970521926879882812e-01
9.995814561843872070e-01
9.862539768218994141e-01
9.995819926261901855e-01
9.998174309730529785e-01
9.994241595268249512e-01
9.998082518577575684e-01
9.998396039009094238e-01
9.998314380645751953e-01
9.999350905418395996e-01
9.996428489685058594e-01
9.995053410530090332e-01
9.999127388000488281e-01
9.999017119407653809e-01
9.997600913047790527e-01
9.943102598190307617e-01
9.959629774093627930e-01
9.995467066764831543e-01
9.994921088218688965e-01
9.769263863563537598e-01
9.961922168731689453e-01
9.846873879432678223e-01
9.987378120422363281e-01
9.889945387840270996e-01
9.995358586311340332e-01
9.885409474372863770e-01
9.994640946388244629e-01
9.979863166809082031e-01
9.996753334999084473e-01
9.992136955261230469e-01
9.985093474388122559e-01
9.993498325347900391e-01
9.997140765190124512e-01
9.991952776908874512e-01
9.987207651138305664e-01
9.995642304420471191e-01
9.994841217994689941e-01
9.991003870964050293e-01
9.996948242187500000e-01
9.995137453079223633e-01
9.996536970138549805e-01
9.940659403800964355e-01
9.968577623367309570e-01
9.916057586669921875e-01
9.935590028762817383e-01
9.976124763488769531e-01
9.953423142433166504e-01
9.997255802154541016e-01
9.872483015060424805e-01
9.984843134880065918e-01
9.988245368003845215e-01
9.970818758010864258e-01
9.990835785865783691e-01
9.978393316268920898e-01
9.996275901794433594e-01
9.997745752334594727e-01
9.996602535247802734e-01
9.995698332786560059e-01
9.997591972351074219e-01
9.996411800384521484e-01
9.967748522758483887e-01
9.970908164978027344e-01
9.986018538475036621e-01
9.996643662452697754e-01
9.991485476493835449e-01
9.941931962966918945e-01
9.826459884643554688e-01
9.981179237365722656e-01
9.792522192001342773e-01
9.956023693084716797e-01
9.982746243476867676e-01
9.949488043785095215e-01
9.982407093048095703e-01
9.965224266052246094e-01
9.945659637451171875e-01
9.993794560432434082e-01
9.985474944114685059e-01
9.984507560729980469e-01
9.957624077796936035e-01
9.996897578239440918e-01
9.997887611389160156e-01
9.996789097785949707e-01
9.997773170471191406e-01
9.996067881584167480e-01
9.997851252555847168e-01
9.996728301048278809e-01
9.996961355209350586e-01
9.997940063476562500e-01
9.994238615036010742e-01
9.997649192810058594e-01
9.993279576301574707e-01
9.997712373733520508e-01
9.996999502182006836e-01
9.997558593750000000e-01
9.996305108070373535e-01
9.992604255676269531e-01
9.995866417884826660e-01
9.994754195213317871e-01
9.997045397758483887e-01
9.994813799858093262e-01
9.996867179870605469e-01
9.988420009613037109e-01
9.963107705116271973e-01
9.925447106361389160e-01
9.857800006866455078e-01
9.950256347656250000e-01
8.962141871452331543e-01
9.872509837150573730e-01
9.022496938705444336e-01
9.537068605422973633e-01
5.446684956550598145e-01
8.727855682373046875e-01
8.965673744678497314e-01
9.639236330986022949e-01
9.961376786231994629e-01
9.979437589645385742e-01
9.994141459465026855e-01
9.985695481300354004e-01
9.903082251548767090e-01
9.987299442291259766e-01
9.981453418731689453e-01
9.967793226242065430e-01
9.993312358856201172e-01
9.990628957748413086e-01
9.989221096038818359e-01
9.967516064643859863e-01
6.094914674758911133e-01
5.184068679809570312e-01
7.231985926628112793e-01
7.857559919357299805e-01
8.158137947320938110e-01
9.315376877784729004e-01
9.919467568397521973e-01
9.406919442117214203e-01
8.750871419906616211e-01
9.714325666427612305e-01
9.711357355117797852e-01
9.857470393180847168e-01
9.837878346443176270e-01
9.779046773910522461e-01
5.869081914424896240e-01
7.998278141021728516e-01
8.412550240755081177e-01
9.635750055313110352e-01
9.574155807495117188e-01
9.929170608520507812e-01
9.990060925483703613e-01
9.920336604118347168e-01
9.613765478134155273e-01
4.811291098594665527e-01
6.158348917961120605e-01
5.420628190040588379e-01
3.090140223503112793e-01
3.986899256706237793e-01
4.989765584468841553e-01
8.036233782768249512e-01
7.519264668226242065e-01
6.817627549171447754e-01
5.293110013008117676e-01
9.082037210464477539e-01
7.172764241695404053e-01
9.854753017425537109e-01
7.643177509307861328e-01
9.984716176986694336e-01
8.840322494506835938e-01
5.862696766853332520e-01
9.826127886772155762e-01
8.574216812849044800e-01
9.321920275688171387e-01
6.698482036590576172e-01
7.903942465782165527e-01
7.751325815916061401e-01
9.394825696945190430e-01
4.540479779243469238e-01
5.617270171642303467e-01
9.537053108215332031e-01
9.088889956474304199e-01
9.571097493171691895e-01
9.528564214706420898e-01
9.942650198936462402e-01
9.929798841476440430e-01
9.935697317123413086e-01
9.946801066398620605e-01
9.861556291580200195e-01
9.939967393875122070e-01
8.963549733161926270e-01
9.862337708473205566e-01
9.396135210990905762e-01
9.950820803642272949e-01
9.612552523612976074e-01
9.778934717178344727e-01
7.625610977411270142e-01
5.764913558959960938e-01
2.656458616256713867e-01
6.163442730903625488e-01
5.994412004947662354e-01
6.832353472709655762e-01
9.865116477012634277e-01
6.844211518764495850e-01
8.451620936393737793e-01
8.968840241432189941e-01
8.614078462123870850e-01
8.585174679756164551e-01
9.803670644760131836e-01
6.116006076335906982e-01
4.122319519519805908e-01
9.370921254158020020e-01
7.312161326408386230e-01
6.282649636268615723e-01
8.609818816184997559e-01
7.344189882278442383e-01
8.755841255187988281e-01
9.128041863441467285e-01
4.275376498699188232e-01
6.480151414871215820e-01
4.006713032722473145e-01
4.046152234077453613e-01
5.535796880722045898e-01
6.025457382202148438e-01
8.512840867042541504e-01
4.552016258239746094e-01
7.388927340507507324e-01
3.672592043876647949e-01
7.704091668128967285e-01
5.325496196746826172e-01
7.123722434043884277e-01
9.574502110481262207e-01
9.127855896949768066e-01
8.062018752098083496e-01
5.799120366573333740e-01
5.435430109500885010e-01
4.550601840019226074e-01
5.477577447891235352e-01
4.030811190605163574e-01
4.819657504558563232e-01
7.546028047800064087e-01
4.176141619682312012e-01
6.893330216407775879e-01
5.632172226905822754e-01
4.156373143196105957e-01
3.591462373733520508e-01
7.591200917959213257e-01
7.995351850986480713e-01
9.332000017166137695e-01
7.690278887748718262e-01
5.974818766117095947e-01
9.033933952450752258e-01
8.320531249046325684e-01
5.065554380416870117e-01
7.989734411239624023e-01
5.197601914405822754e-01
6.271631121635437012e-01
6.652444601058959961e-01
5.147429406642913818e-01
2.424144893884658813e-01
3.334311246871948242e-01
4.345473051071166992e-01
3.026333451271057129e-01
4.796339869499206543e-01
4.201033711433410645e-01
3.629994094371795654e-01
2.732989788055419922e-01
2.484240531921386719e-01
4.669352173805236816e-01
1.910843849182128906e-01
3.148023486137390137e-01
8.385872840881347656e-01
7.009214162826538086e-01
5.166319608688354492e-01
3.010872602462768555e-01
2.039911150932312012e-01
1.477761864662170410e-01
1.405637860298156738e-01
2.439208626747131348e-01
2.771761417388916016e-01
5.612774789333343506e-01
4.193652868270874023e-01
3.915855288505554199e-01
3.884227275848388672e-01
4.651218652725219727e-01
3.446009755134582520e-01
5.127685070037841797e-01
7.189472317695617676e-01
3.242758214473724365e-01
4.556515216827392578e-01
4.108661413192749023e-01
7.506442368030548096e-01
5.265042781829833984e-01
6.193310618400573730e-01
5.325534939765930176e-01
3.194839954376220703e-01
4.778994321823120117e-01
2.942077815532684326e-01
4.416955113410949707e-01
3.707617521286010742e-01
4.902464449405670166e-01
3.583363294601440430e-01
5.564178228378295898e-01
3.960163891315460205e-01
8.484065532684326172e-01
3.925927877426147461e-01
4.216432571411132812e-01
4.388787746429443359e-01
4.806385636329650879e-01
5.220316052436828613e-01
5.160843133926391602e-01
6.308428645133972168e-01
4.801163673400878906e-01
4.232863187789916992e-01
3.487038612365722656e-01
5.525163710117340088e-01
3.480343818664550781e-01
4.265416264533996582e-01
4.687880873680114746e-01
4.281231462955474854e-01
4.739932417869567871e-01
4.686619639396667480e-01
4.521002769470214844e-01
4.295347630977630615e-01
4.292599558830261230e-01
4.364657998085021973e-01
4.554160833358764648e-01
3.649972379207611084e-01
4.100503921508789062e-01
3.632623255252838135e-01
3.804783225059509277e-01
3.019137978553771973e-01
4.312943816184997559e-01
4.048211276531219482e-01
3.578816354274749756e-01
4.990565478801727295e-01
5.103461742401123047e-01
4.034678936004638672e-01
4.594379663467407227e-01
5.375559926033020020e-01
3.897312283515930176e-01
4.680236577987670898e-01
4.805158972740173340e-01
4.516640305519104004e-01
5.185315608978271484e-01
4.615406394004821777e-01
5.946123600006103516e-01
3.695876002311706543e-01
5.311728119850158691e-01
4.677571058273315430e-01
3.812841773033142090e-01
4.615691006183624268e-01
4.628996253013610840e-01
4.600130319595336914e-01
3.312891125679016113e-01
4.267112016677856445e-01
4.297762513160705566e-01
4.145737886428833008e-01
4.874130487442016602e-01
4.582197070121765137e-01
5.208129286766052246e-01
3.894526064395904541e-01
4.028226733207702637e-01
3.601527810096740723e-01
3.587555885314941406e-01
3.393267989158630371e-01
3.026488423347473145e-01
3.913145959377288818e-01
3.253350257873535156e-01
4.121196568012237549e-01
3.607494831085205078e-01
4.404057860374450684e-01
4.152578711509704590e-01
3.282300829887390137e-01
3.386221528053283691e-01
3.303152918815612793e-01
3.668068349361419678e-01
3.544054031372070312e-01
3.423705995082855225e-01
3.939916491508483887e-01
3.551537394523620605e-01
4.057964086532592773e-01
4.466038346290588379e-01
4.184911251068115234e-01
4.679225683212280273e-01
3.386967182159423828e-01
4.627431035041809082e-01
4.465835690498352051e-01
5.064974427223205566e-01
4.688639640808105469e-01
4.974671304225921631e-01
3.959237337112426758e-01
4.857727289199829102e-01
3.980998098850250244e-01
3.504301905632019043e-01
3.133702278137207031e-01
3.241349458694458008e-01
3.579981327056884766e-01
2.929427027702331543e-01
4.185461103916168213e-01
2.959181666374206543e-01
3.433426320552825928e-01
3.569676876068115234e-01
4.095436930656433105e-01
4.021612107753753662e-01
3.804500102996826172e-01
4.460198879241943359e-01
3.151240944862365723e-01
3.697922229766845703e-01
2.890323996543884277e-01
3.805508017539978027e-01
4.231298863887786865e-01
4.722452759742736816e-01
4.898530244827270508e-01
4.203385710716247559e-01
4.987733066082000732e-01
4.573992788791656494e-01
4.313920140266418457e-01
4.387359619140625000e-01
4.466393589973449707e-01
4.252754449844360352e-01
3.083516359329223633e-01
3.410942554473876953e-01
3.489408791065216064e-01
3.608130812644958496e-01
3.086456656455993652e-01
3.701583743095397949e-01
3.340922594070434570e-01
3.665357828140258789e-01
3.296331167221069336e-01
4.145767092704772949e-01
5.026088953018188477e-01
3.993800282478332520e-01
4.671922326087951660e-01
4.090085029602050781e-01
4.976234734058380127e-01
4.243173003196716309e-01
4.728502035140991211e-01
5.007198452949523926e-01
4.568101763725280762e-01
4.653951227664947510e-01
4.269946217536926270e-01
5.066841244697570801e-01
5.416796803474426270e-01
3.697496652603149414e-01
4.799532294273376465e-01
3.678687810897827148e-01
4.441592097282409668e-01
3.521621823310852051e-01
4.271829724311828613e-01
3.528215289115905762e-01
4.324821829795837402e-01
4.538856148719787598e-01
4.124892354011535645e-01
3.987028896808624268e-01
3.855885863304138184e-01
3.823986649513244629e-01
3.380961418151855469e-01
3.675212860107421875e-01
4.158670008182525635e-01
3.744291067123413086e-01
4.525387883186340332e-01
4.485130012035369873e-01
4.150825142860412598e-01
3.940646648406982422e-01
3.933677673339843750e-01
4.648679196834564209e-01
3.411113321781158447e-01
4.329940080642700195e-01
3.378180265426635742e-01
4.178834259510040283e-01
3.214292526245117188e-01
3.672999739646911621e-01
3.569022417068481445e-01
3.706426620483398438e-01
3.917611837387084961e-01
3.798821866512298584e-01
4.352748394012451172e-01
4.025068283081054688e-01
4.027050733566284180e-01
3.664121031761169434e-01
4.312093853950500488e-01
3.578347563743591309e-01
3.875100612640380859e-01
3.419838547706604004e-01
3.281660377979278564e-01
3.924424648284912109e-01
3.281474113464355469e-01
3.911362886428833008e-01
3.712562620639801025e-01
3.781321942806243896e-01
3.824053108692169189e-01
3.790568709373474121e-01
4.260385036468505859e-01
4.050886631011962891e-01
4.502960741519927979e-01
4.549690485000610352e-01
4.182850718498229980e-01
4.362363815307617188e-01
3.933374285697937012e-01
3.678160011768341064e-01
3.745869994163513184e-01
3.597212433815002441e-01
3.642435669898986816e-01
3.577651083469390869e-01
3.442062139511108398e-01
4.336962401866912842e-01
4.000546336174011230e-01
4.709067940711975098e-01
3.677005767822265625e-01
4.491311311721801758e-01
3.945632576942443848e-01
4.516408443450927734e-01
3.924769163131713867e-01
4.237818717956542969e-01
4.774602651596069336e-01
4.865857958793640137e-01
4.575973749160766602e-01
4.652737379074096680e-01
