9.961766004562377930e-01
9.970693588256835938e-01
9.985863566398620605e-01
6.561008989810943604e-01
9.846214652061462402e-01
9.987663626670837402e-01
4.852566421031951904e-01
7.445484995841979980e-01
9.955805540084838867e-01
9.956941008567810059e-01
9.976858496665954590e-01
9.995087981224060059e-01
9.998688101768493652e-01
9.998847842216491699e-01
9.987072944641113281e-01
9.982871413230895996e-01
9.994984865188598633e-01
9.998257160186767578e-01
9.998814463615417480e-01
9.585264921188354492e-01
9.979286193847656250e-01
9.996428489685058594e-01
9.998295903205871582e-01
9.998399615287780762e-01
9.999109506607055664e-01
9.999142289161682129e-01
9.999448657035827637e-01
9.999305605888366699e-01
9.998197555541992188e-01
9.998757839202880859e-01
9.999055266380310059e-01
9.999178051948547363e-01
9.999440312385559082e-01
9.998990893363952637e-01
9.998912811279296875e-01
9.999257326126098633e-01
9.999186992645263672e-01
9.997813701629638672e-01
8.393104225397109985e-01
9.897111058235168457e-01
9.991409778594970703e-01
9.996076822280883789e-01
9.928505420684814453e-01
9.912635087966918945e-01
9.996291995048522949e-01
9.983015060424804688e-01
9.993395209312438965e-01
9.998362064361572266e-01
9.998204112052917480e-01
9.997948408126831055e-01
9.997631311416625977e-01
9.998718500137329102e-01
9.998547434806823730e-01
9.998994469642639160e-01
9.998956322669982910e-01
9.995798468589782715e-01
9.997095465660095215e-01
9.988905787467956543e-01
9.984354972839355469e-01
9.994496703147888184e-01
9.994563460350036621e-01
9.996067881584167480e-01
9.997310638427734375e-01
9.996595978736877441e-01
9.996269941329956055e-01
9.983496069908142090e-01
9.997004866600036621e-01
9.979584813117980957e-01
9.982531070709228516e-01
9.990637302398681641e-01
9.997305274009704590e-01
9.939810037612915039e-01
9.967107772827148438e-01
9.964346885681152344e-01
5.826497077941894531e-01
9.948744177818298340e-01
9.964405894279479980e-01
9.994637370109558105e-01
9.978631138801574707e-01
9.944708347320556641e-01
9.990197420120239258e-01
9.995037317276000977e-01
9.989026784896850586e-01
9.994736909866333008e-01
9.961380958557128906e-01
9.997862577438354492e-01
9.989756345748901367e-01
9.997109770774841309e-01
9.996420145034790039e-01
9.992392063140869141e-01
9.972620010375976562e-01
9.995431900024414062e-01
9.995144605636596680e-01
9.994800686836242676e-01
9.993143677711486816e-01
9.992527365684509277e-01
9.994252324104309082e-01
9.989294409751892090e-01
9.963182210922241211e-01
9.981294870376586914e-01
9.993538260459899902e-01
9.995785355567932129e-01
9.992777705192565918e-01
9.994906187057495117e-01
9.872380495071411133e-01
9.958001971244812012e-01
9.915615916252136230e-01
9.996513724327087402e-01
9.988764524459838867e-01
9.963414669036865234e-01
9.978687763214111328e-01
9.981970787048339844e-01
9.980729222297668457e-01
9.969702959060668945e-01
9.985215663909912109e-01
9.993082284927368164e-01
9.985603094100952148e-01
9.935598373413085938e-01
9.992228150367736816e-01
9.992439746856689453e-01
9.994762539863586426e-01
9.955976605415344238e-01
9.950894117355346680e-01
9.977928996086120605e-01
9.422580003738403320e-01
9.891116023063659668e-01
9.658539891242980957e-01
8.896106481552124023e-01
9.903069734573364258e-01
9.947765469551086426e-01
8.811351656913757324e-01
9.106656908988952637e-01
9.203343987464904785e-01
9.714537058025598526e-01
9.528250694274902344e-01
9.059243202209472656e-01
8.535337746143341064e-01
9.606384634971618652e-01
9.970368146896362305e-01
9.662738442420959473e-01
9.819572567939758301e-01
9.857304096221923828e-01
9.888278841972351074e-01
9.579550027847290039e-01
8.313367068767547607e-01
8.332138210535049438e-01
8.609139323234558105e-01
7.155373096466064453e-01
7.952350974082946777e-01
3.882668018341064453e-01
6.463099122047424316e-01
5.872377753257751465e-01
5.721629858016967773e-01
8.565870523452758789e-01
7.735810279846191406e-01
7.420606613159179688e-01
6.039741039276123047e-01
4.107829034328460693e-01
5.912683010101318359e-01
3.649592399597167969e-01
7.744144797325134277e-01
5.605375170707702637e-01
5.077796876430511475e-01
5.100519061088562012e-01
2.991270422935485840e-01
4.572915434837341309e-01
3.129263520240783691e-01
4.232928752899169922e-01
4.747198522090911865e-01
4.646744728088378906e-01
3.645047247409820557e-01
4.378101229667663574e-01
3.790285289287567139e-01
4.717267751693725586e-01
2.788429856300354004e-01
4.582396745681762695e-01
6.406602263450622559e-01
4.448571503162384033e-01
4.679631292819976807e-01
3.404694795608520508e-01
5.121635794639587402e-01
4.740867018699645996e-01
4.223120808601379395e-01
4.267172813415527344e-01
3.778062462806701660e-01
4.950452446937561035e-01
3.299020826816558838e-01
4.418830275535583496e-01
4.065793156623840332e-01
3.516731858253479004e-01
3.928307890892028809e-01
4.408444166183471680e-01
3.310625553131103516e-01
3.925623893737792969e-01
3.882502913475036621e-01
3.852172493934631348e-01
4.582968950271606445e-01
2.858879566192626953e-01
4.202281832695007324e-01
3.556452989578247070e-01
3.789754509925842285e-01
4.287856817245483398e-01
4.310378730297088623e-01
3.740679621696472168e-01
3.878721594810485840e-01
4.100828468799591064e-01
3.593978285789489746e-01
3.312285542488098145e-01
3.535055220127105713e-01
4.194897413253784180e-01
4.083634018898010254e-01
4.601069688796997070e-01
