9.961766004562377930e-01
9.970693588256835938e-01
9.985863566398620605e-01
6.561009287834167480e-01
9.846214652061462402e-01
9.987663626670837402e-01
4.852566719055175781e-01
7.445484995841979980e-01
9.955805540084838867e-01
9.956941008567810059e-01
9.976858496665954590e-01
9.995087981224060059e-01
9.998688101768493652e-01
9.998847842216491699e-01
9.987072944641113281e-01
9.982871413230895996e-01
9.994984865188598633e-01
9.998257160186767578e-01
9.998814463615417480e-01
9.585264921188354492e-01
9.979286193847656250e-01
9.996428489685058594e-01
9.998295903205871582e-01
9.998399615287780762e-01
9.999109506607055664e-01
9.999142289161682129e-01
9.999448657035827637e-01
9.999305605888366699e-01
9.998197555541992188e-01
9.998757839202880859e-01
9.999055266380310059e-01
9.999178051948547363e-01
9.999440312385559082e-01
9.999418854713439941e-01
9.999035596847534180e-01
9.998966455459594727e-01
9.999222755432128906e-01
9.997323155403137207e-01
8.683731555938720703e-01
9.904291629791259766e-01
9.989987015724182129e-01
9.825883507728576660e-01
9.905800819396972656e-01
7.784621715545654297e-01
9.801687598228454590e-01
6.260022222995758057e-01
7.432207465171813965e-01
9.963222742080688477e-01
7.872080802917480469e-01
9.971632957458496094e-01
9.990156292915344238e-01
9.994394779205322266e-01
9.994727969169616699e-01
9.895336627960205078e-01
9.989878535270690918e-01
9.997471570968627930e-01
9.989998936653137207e-01
9.987515211105346680e-01
9.992396831512451172e-01
9.989714026451110840e-01
9.997754096984863281e-01
9.996628761291503906e-01
9.997014999389648438e-01
9.995737671852111816e-01
9.979385733604431152e-01
9.997349381446838379e-01
9.993728399276733398e-01
9.986825585365295410e-01
9.990448951721191406e-01
9.996633529663085938e-01
9.996531605720520020e-01
9.992206096649169922e-01
9.995151162147521973e-01
9.993538260459899902e-01
9.984394907951354980e-01
9.996113777160644531e-01
9.318222329020500183e-01
9.003561362624168396e-01
9.653872847557067871e-01
9.983224272727966309e-01
9.989290833473205566e-01
9.996231198310852051e-01
9.993439912796020508e-01
9.995083808898925781e-01
9.997392892837524414e-01
9.996410608291625977e-01
9.997499585151672363e-01
9.996569752693176270e-01
9.997106194496154785e-01
9.994849562644958496e-01
9.992828965187072754e-01
9.997465014457702637e-01
9.996340870857238770e-01
9.996016025543212891e-01
9.995051026344299316e-01
9.994268417358398438e-01
9.995414018630981445e-01
9.994723796844482422e-01
9.988731741905212402e-01
9.993319511413574219e-01
9.994711279869079590e-01
9.987536668777465820e-01
9.993053078651428223e-01
9.993238449096679688e-01
9.993929862976074219e-01
9.921753406524658203e-01
9.843962788581848145e-01
9.988244175910949707e-01
9.219415783882141113e-01
9.803444147109985352e-01
9.990758895874023438e-01
9.953501224517822266e-01
9.994509816169738770e-01
9.993646144866943359e-01
9.992830753326416016e-01
9.998043775558471680e-01
9.997282028198242188e-01
9.990590810775756836e-01
9.922414422035217285e-01
9.990288019180297852e-01
9.969841837882995605e-01
9.994897842407226562e-01
9.995072484016418457e-01
9.981622695922851562e-01
8.329003304243087769e-01
6.377604007720947266e-01
9.964173436164855957e-01
8.586050271987915039e-01
9.478904604911804199e-01
9.976593255996704102e-01
9.981713294982910156e-01
9.984126687049865723e-01
9.943552613258361816e-01
9.913258552551269531e-01
9.810673594474792480e-01
9.957042932510375977e-01
9.702937006950378418e-01
9.939697384834289551e-01
9.969954490661621094e-01
9.921834468841552734e-01
9.927293369546532631e-01
9.905073642730712891e-01
9.902665019035339355e-01
9.735600352287292480e-01
9.910450577735900879e-01
9.932052493095397949e-01
9.858503341674804688e-01
9.785736203193664551e-01
9.428126215934753418e-01
7.482525110244750977e-01
3.808676600456237793e-01
4.311242699623107910e-01
6.702748537063598633e-01
8.543694615364074707e-01
6.223502159118652344e-01
5.632942318916320801e-01
6.281513571739196777e-01
6.922475695610046387e-01
5.977217555046081543e-01
5.998897552490234375e-01
6.702845990657806396e-01
8.741170167922973633e-01
5.763875544071197510e-01
6.056860387325286865e-01
5.584078431129455566e-01
5.733968615531921387e-01
5.299316644668579102e-01
3.496505022048950195e-01
3.157643675804138184e-01
2.864130437374114990e-01
3.373094201087951660e-01
3.002119362354278564e-01
3.206976056098937988e-01
3.712046146392822266e-01
2.629564404487609863e-01
3.514506816864013672e-01
3.395513892173767090e-01
4.187607169151306152e-01
3.336941599845886230e-01
3.183333277702331543e-01
3.142707347869873047e-01
3.372777700424194336e-01
2.254301905632019043e-01
2.795066237449645996e-01
3.643468022346496582e-01
3.116250634193420410e-01
2.456782311201095581e-01
3.313676118850708008e-01
3.952199816703796387e-01
3.146131038665771484e-01
4.375066757202148438e-01
4.584878683090209961e-01
5.388847589492797852e-01
4.920275211334228516e-01
4.329658746719360352e-01
5.175824761390686035e-01
3.563185930252075195e-01
4.246885180473327637e-01
4.336650669574737549e-01
4.072055220603942871e-01
4.556427597999572754e-01
3.699501156806945801e-01
3.721915185451507568e-01
3.661084175109863281e-01
3.967375159263610840e-01
3.906180262565612793e-01
4.918260574340820312e-01
3.452491164207458496e-01
5.153741836547851562e-01
4.569945037364959717e-01
