9.961766004562377930e-01
2.928562760353088379e-01
4.109065830707550049e-01
8.505931496620178223e-01
9.950274825096130371e-01
9.988708496093750000e-01
5.628299415111541748e-01
6.676136255264282227e-01
9.964333772659301758e-01
9.957265853881835938e-01
9.970041513442993164e-01
9.995087981224060059e-01
9.998688101768493652e-01
9.998847842216491699e-01
9.987072944641113281e-01
9.981560707092285156e-01
9.994923472404479980e-01
9.998260140419006348e-01
9.998813867568969727e-01
9.631966352462768555e-01
9.979286193847656250e-01
9.996344447135925293e-01
9.998296499252319336e-01
9.998421072959899902e-01
9.999101161956787109e-01
9.999140501022338867e-01
9.999448657035827637e-01
9.999305605888366699e-01
9.998207688331604004e-01
9.998749494552612305e-01
9.999300837516784668e-01
9.998927712440490723e-01
9.997648596763610840e-01
9.998685717582702637e-01
9.998990893363952637e-01
9.999081492424011230e-01
9.999004006385803223e-01
9.996700882911682129e-01
9.998742938041687012e-01
9.994069337844848633e-01
9.859966794028878212e-01
9.601233005523681641e-01
9.682779908180236816e-01
9.966717362403869629e-01
9.951641559600830078e-01
7.976147532463073730e-01
3.975506424903869629e-01
8.124194741249084473e-01
9.060100913047790527e-01
9.975053668022155762e-01
9.960131049156188965e-01
9.791578054428100586e-01
9.965792298316955566e-01
9.992153048515319824e-01
9.992096424102783203e-01
9.877766370773315430e-01
9.783238768577575684e-01
9.945634603500366211e-01
9.939789772033691406e-01
9.968463778495788574e-01
9.992896318435668945e-01
9.017066955566406250e-01
9.952908158302307129e-01
9.942167401313781738e-01
8.450714349746704102e-01
9.670393392443656921e-01
9.592078328132629395e-01
9.953781366348266602e-01
9.758481383323669434e-01
9.520031213760375977e-01
9.826223254203796387e-01
9.961940646171569824e-01
9.865393042564392090e-01
9.882476925849914551e-01
9.697187542915344238e-01
9.973831176757812500e-01
9.975585341453552246e-01
9.972103834152221680e-01
9.972194433212280273e-01
9.973134398460388184e-01
9.972327947616577148e-01
9.971928000450134277e-01
9.970645904541015625e-01
9.974156022071838379e-01
9.965651631355285645e-01
9.966532588005065918e-01
9.973120093345642090e-01
9.973666071891784668e-01
9.760211110115051270e-01
9.939580559730529785e-01
9.943680763244628906e-01
9.904902577400207520e-01
9.984443187713623047e-01
9.972149133682250977e-01
9.946632981300354004e-01
9.974560737609863281e-01
9.952635169029235840e-01
9.990837574005126953e-01
9.956164956092834473e-01
9.995070695877075195e-01
9.990962147712707520e-01
9.994455575942993164e-01
9.989526271820068359e-01
9.974703788757324219e-01
9.993273019790649414e-01
9.989488124847412109e-01
9.992674589157104492e-01
9.984782338142395020e-01
9.988487362861633301e-01
9.954788684844970703e-01
9.996879696846008301e-01
9.970369935035705566e-01
9.982098937034606934e-01
9.134533181786537170e-01
9.969436968676745892e-01
9.747327454388141632e-01
9.790349602699279785e-01
9.969004392623901367e-01
9.976007342338562012e-01
9.988197684288024902e-01
9.987836480140686035e-01
9.991472363471984863e-01
5.089854001998901367e-01
5.415605902671813965e-01
9.234283566474914551e-01
9.661070108413696289e-01
5.571267604827880859e-01
8.974493741989135742e-01
9.218340516090393066e-01
9.648535251617431641e-01
4.545155763626098633e-01
9.138896465301513672e-01
9.493699073791503906e-01
9.895947575569152832e-01
6.376087069511413574e-01
9.966630935668945312e-01
8.860658407211303711e-01
9.232915639877319336e-01
9.944685101509094238e-01
9.933322072029113770e-01
9.760282635688781738e-01
9.981428980827331543e-01
9.993609189987182617e-01
9.988947510719299316e-01
7.649282813072204590e-01
8.344949930906295776e-01
9.884072542190551758e-01
9.925093650817871094e-01
9.991931319236755371e-01
9.514094591140747070e-01
9.722794890403747559e-01
9.924902319908142090e-01
5.944688916206359863e-01
4.050391912460327148e-01
9.808841943740844727e-01
5.110124945640563965e-01
4.827628433704376221e-01
4.587735533714294434e-01
9.796700477600097656e-01
8.301135003566741943e-01
8.180116415023803711e-01
7.759280800819396973e-01
7.712636590003967285e-01
7.742555141448974609e-01
7.593789696693420410e-01
9.306530952453613281e-01
9.757580161094665527e-01
9.296568036079406738e-01
6.007887721061706543e-01
6.273046433925628662e-01
3.893032073974609375e-01
8.724699616432189941e-01
5.176107883453369141e-01
9.482823014259338379e-01
3.539482653141021729e-01
8.199945688247680664e-01
7.577405571937561035e-01
9.523390531539916992e-01
8.587177395820617676e-01
9.687387347221374512e-01
9.916460514068603516e-01
6.587370038032531738e-01
9.950922727584838867e-01
9.488151669502258301e-01
8.718193173408508301e-01
3.724066615104675293e-01
9.655720591545104980e-01
9.888145327568054199e-01
9.161328673362731934e-01
9.599732756614685059e-01
9.742126464843750000e-01
6.147013306617736816e-01
5.919957756996154785e-01
9.088389873504638672e-01
9.450725317001342773e-01
8.682761788368225098e-01
8.378427028656005859e-01
5.883409976959228516e-01
6.108467578887939453e-01
8.070653080940246582e-01
6.618348360061645508e-01
5.652563571929931641e-01
5.486373305320739746e-01
4.626890420913696289e-01
6.867393255233764648e-01
4.652384221553802490e-01
7.042856216430664062e-01
5.914397537708282471e-01
5.056773424148559570e-01
7.758585810661315918e-01
6.735727190971374512e-01
7.433435618877410889e-01
5.876623392105102539e-01
8.616120815277099609e-01
8.153824806213378906e-01
6.765254735946655273e-01
5.777565240859985352e-01
5.948567986488342285e-01
7.122558951377868652e-01
5.985378623008728027e-01
7.101686596870422363e-01
6.303285360336303711e-01
7.230505943298339844e-01
7.150910496711730957e-01
6.716921925544738770e-01
7.591365575790405273e-01
8.060081005096435547e-01
7.525259405374526978e-01
5.023384094238281250e-01
6.311643123626708984e-01
5.466367006301879883e-01
5.527817606925964355e-01
5.214505791664123535e-01
5.961074829101562500e-01
6.474712491035461426e-01
7.057822942733764648e-01
6.106802821159362793e-01
7.280704975128173828e-01
7.842680215835571289e-01
5.511038899421691895e-01
5.688055157661437988e-01
5.625660419464111328e-01
6.228340268135070801e-01
5.291110277175903320e-01
6.419978141784667969e-01
5.637881457805633545e-01
6.444961428642272949e-01
6.411657333374023438e-01
6.421527862548828125e-01
7.856115698814392090e-01
6.400663256645202637e-01
6.528506875038146973e-01
6.141754984855651855e-01
5.659797489643096924e-01
4.901760220527648926e-01
6.466790735721588135e-01
6.273261010646820068e-01
6.181188821792602539e-01
5.836815834045410156e-01
5.853725671768188477e-01
6.981464028358459473e-01
5.880883932113647461e-01
3.471505939960479736e-01
3.363277614116668701e-01
5.167819261550903320e-01
4.115972518920898438e-01
5.022845864295959473e-01
4.434589147567749023e-01
5.049705505371093750e-01
4.075763821601867676e-01
6.452221870422363281e-01
4.409313797950744629e-01
3.770849704742431641e-01
4.684546887874603271e-01
3.472846746444702148e-01
5.405878424644470215e-01
4.200413823127746582e-01
4.352048039436340332e-01
4.627592265605926514e-01
4.403693675994873047e-01
4.504302442073822021e-01
4.310970604419708252e-01
4.463178515434265137e-01
4.504228830337524414e-01
4.810084998607635498e-01
5.539066195487976074e-01
6.144450902938842773e-01
4.492207765579223633e-01
4.346541166305541992e-01
4.477509260177612305e-01
4.503571391105651855e-01
5.395458042621612549e-01
3.896034657955169678e-01
5.493235886096954346e-01
4.097523093223571777e-01
4.312201142311096191e-01
5.455555915832519531e-01
3.824637234210968018e-01
5.390381813049316406e-01
4.392976164817810059e-01
5.787184834480285645e-01
5.670276880264282227e-01
5.411971211433410645e-01
5.116965770721435547e-01
6.174535155296325684e-01
3.904885649681091309e-01
5.586438775062561035e-01
4.136285781860351562e-01
4.511538743972778320e-01
5.560720562934875488e-01
4.880108833312988281e-01
4.528189301490783691e-01
5.972738862037658691e-01
4.940813779830932617e-01
5.001340508460998535e-01
6.438047289848327637e-01
4.924805760383605957e-01
5.901179313659667969e-01
6.493079662322998047e-01
3.854961395263671875e-01
5.701506137847900391e-01
4.212648868560791016e-01
4.905734658241271973e-01
5.162248015403747559e-01
4.830860495567321777e-01
5.440512895584106445e-01
4.658915698528289795e-01
4.901366233825683594e-01
5.362537503242492676e-01
5.959580540657043457e-01
5.939823389053344727e-01
5.940454006195068359e-01
5.148656070232391357e-01
5.026816725730895996e-01
5.395195484161376953e-01
5.692288875579833984e-01
5.098028779029846191e-01
5.443733930587768555e-01
5.883060991764068604e-01
5.575928688049316406e-01
6.190095543861389160e-01
5.429624915122985840e-01
5.545274019241333008e-01
5.346665084362030029e-01
5.047549903392791748e-01
4.736139774322509766e-01
5.262985825538635254e-01
5.412828922271728516e-01
5.166702270507812500e-01
5.717887878417968750e-01
5.067891478538513184e-01
5.797982811927795410e-01
5.339103341102600098e-01
6.203522682189941406e-01
4.833556115627288818e-01
5.408082008361816406e-01
5.194982886314392090e-01
4.818231165409088135e-01
4.411154687404632568e-01
5.159432888031005859e-01
4.539406299591064453e-01
5.040652155876159668e-01
4.833814501762390137e-01
4.647253155708312988e-01
5.242215394973754883e-01
4.409956932067871094e-01
