9.961766004562377930e-01
9.970693588256835938e-01
4.997427463531494141e-01
5.682862997055053711e-01
9.958591461181640625e-01
9.985280632972717285e-01
6.148990988731384277e-01
6.979869604110717773e-01
9.952147006988525391e-01
9.967195391654968262e-01
9.970041513442993164e-01
9.995087981224060059e-01
9.998688101768493652e-01
9.998848438262939453e-01
9.987072944641113281e-01
9.982758164405822754e-01
9.994968175888061523e-01
9.998260140419006348e-01
9.998820424079895020e-01
9.633339047431945801e-01
9.978017807006835938e-01
9.996408820152282715e-01
9.998307824134826660e-01
9.998425841331481934e-01
9.999104738235473633e-01
9.999142885208129883e-01
9.999451041221618652e-01
9.999305605888366699e-01
9.998201131820678711e-01
9.998764395713806152e-01
9.999051690101623535e-01
9.999387264251708984e-01
9.999043941497802734e-01
9.998878240585327148e-01
9.999240040779113770e-01
9.999216794967651367e-01
9.999253153800964355e-01
9.997556805610656738e-01
9.997519254684448242e-01
9.917011857032775879e-01
9.963644146919250488e-01
9.034386873245239258e-01
9.820621609687805176e-01
9.819990992546081543e-01
9.729000329971313477e-01
4.966118931770324707e-01
8.034088313579559326e-01
8.044587969779968262e-01
6.772243380546569824e-01
9.992915987968444824e-01
9.994788765907287598e-01
9.995431900024414062e-01
9.994202852249145508e-01
9.996351003646850586e-01
9.998575448989868164e-01
9.993284940719604492e-01
9.991700649261474609e-01
9.996579885482788086e-01
9.996341466903686523e-01
9.996927976608276367e-01
9.996861219406127930e-01
9.998497366905212402e-01
9.991475343704223633e-01
9.987435936927795410e-01
9.995370507240295410e-01
9.994751214981079102e-01
9.994801878929138184e-01
9.992477893829345703e-01
9.988193511962890625e-01
9.997408986091613770e-01
9.963320493698120117e-01
9.945998191833496094e-01
9.973548650741577148e-01
9.990630149841308594e-01
9.985111951828002930e-01
9.973770380020141602e-01
9.989778399467468262e-01
8.810199499130249023e-01
8.277754783630371094e-01
9.972817301750183105e-01
9.987264275550842285e-01
9.964341521263122559e-01
9.989585876464843750e-01
9.976047277450561523e-01
9.997247457504272461e-01
9.996691346168518066e-01
9.995948672294616699e-01
9.997391104698181152e-01
9.996614456176757812e-01
9.997478127479553223e-01
9.986413121223449707e-01
9.995415806770324707e-01
9.996181726455688477e-01
9.995175600051879883e-01
9.996163845062255859e-01
9.992053508758544922e-01
9.984595775604248047e-01
9.995579719543457031e-01
9.992492794990539551e-01
9.996467828750610352e-01
9.987055659294128418e-01
9.970359802246093750e-01
9.994786381721496582e-01
9.995952844619750977e-01
9.989466667175292969e-01
9.994379878044128418e-01
9.995589852333068848e-01
9.993669986724853516e-01
9.959611892700195312e-01
9.958781003952026367e-01
9.811018109321594238e-01
9.991302490234375000e-01
9.987751245498657227e-01
9.994224309921264648e-01
9.995622634887695312e-01
9.991155266761779785e-01
9.901927113533020020e-01
9.981539249420166016e-01
9.977400302886962891e-01
9.986564517021179199e-01
9.995228648185729980e-01
9.995933771133422852e-01
9.993434548377990723e-01
9.985231757164001465e-01
9.980227351188659668e-01
9.881413578987121582e-01
8.812711834907531738e-01
9.482005238533020020e-01
9.661175608634948730e-01
9.855040311813354492e-01
9.990847110748291016e-01
8.199241757392883301e-01
9.731277227401733398e-01
9.926769137382507324e-01
9.894718527793884277e-01
9.923756122589111328e-01
9.959697723388671875e-01
9.989895224571228027e-01
9.932509064674377441e-01
9.963566660881042480e-01
9.960010647773742676e-01
9.944550991058349609e-01
9.812163114547729492e-01
9.929007887840270996e-01
9.820157885551452637e-01
9.793894886970520020e-01
9.711251258850097656e-01
9.316557049751281738e-01
8.345858454704284668e-01
6.347048878669738770e-01
6.993113160133361816e-01
6.956586241722106934e-01
6.713708937168121338e-01
9.495926499366760254e-01
4.830875992774963379e-01
7.293621301651000977e-01
8.720971941947937012e-01
7.006525397300720215e-01
8.010045886039733887e-01
8.621715903282165527e-01
9.684735536575317383e-01
8.373423218727111816e-01
8.995815515518188477e-01
9.603909850120544434e-01
5.603250265121459961e-01
5.471588969230651855e-01
3.363478779792785645e-01
7.930692434310913086e-01
5.391880273818969727e-01
8.937804698944091797e-01
2.292169332504272461e-01
5.744006633758544922e-01
9.723029732704162598e-01
3.470760583877563477e-02
6.236469745635986328e-01
8.962684869766235352e-01
9.873340129852294922e-01
4.818698167800903320e-01
7.206301093101501465e-01
8.527399897575378418e-01
5.884882807731628418e-01
3.322807550430297852e-01
9.611706137657165527e-01
9.904541373252868652e-01
9.669210910797119141e-01
9.343228340148925781e-01
9.385681152343750000e-02
5.610802769660949707e-01
7.074843347072601318e-01
8.221853971481323242e-01
9.865315556526184082e-01
9.921615123748779297e-01
9.817172288894653320e-01
8.839930891990661621e-01
9.026431441307067871e-01
8.440166711807250977e-01
7.270666360855102539e-01
3.589574694633483887e-01
7.178726196289062500e-01
9.507821202278137207e-01
9.686374068260192871e-01
2.826467156410217285e-01
8.999106884002685547e-01
9.249301552772521973e-01
7.105859518051147461e-01
3.408341407775878906e-01
7.688533663749694824e-01
9.523497819900512695e-01
7.484791874885559082e-01
9.169992804527282715e-01
9.119935035705566406e-01
7.954146862030029297e-01
7.334086000919342041e-01
7.291610240936279297e-01
7.869371175765991211e-01
8.395663797855377197e-01
7.639857530593872070e-01
6.657191514968872070e-01
5.563051402568817139e-01
8.239288330078125000e-01
8.134498596191406250e-01
4.643836021423339844e-01
7.628716230392456055e-01
6.864168345928192139e-01
6.719488501548767090e-01
6.899533271789550781e-01
5.510364472866058350e-01
5.122026801109313965e-01
5.692118406295776367e-01
6.247115135192871094e-01
6.910024285316467285e-01
6.575713157653808594e-01
6.937742531299591064e-01
4.006571173667907715e-01
6.186078190803527832e-01
5.501970052719116211e-01
6.107153892517089844e-01
6.010107994079589844e-01
5.282859802246093750e-01
4.949979782104492188e-01
3.740955591201782227e-01
4.618230164051055908e-01
4.438071846961975098e-01
5.626901984214782715e-01
3.580237030982971191e-01
3.902440667152404785e-01
2.449235916137695312e-01
4.418045282363891602e-01
3.452412486076354980e-01
5.442821979522705078e-01
4.546994566917419434e-01
4.878029823303222656e-01
5.696361660957336426e-01
6.543806195259094238e-01
4.731742143630981445e-01
4.741651415824890137e-01
4.760274589061737061e-01
4.094757437705993652e-01
4.765455126762390137e-01
4.435139298439025879e-01
4.882090389728546143e-01
5.006493926048278809e-01
3.318241834640502930e-01
3.043417930603027344e-01
2.505996227264404297e-01
4.123118519783020020e-01
4.934937357902526855e-01
4.749962687492370605e-01
4.490975141525268555e-01
3.862563669681549072e-01
4.628828167915344238e-01
5.586761236190795898e-01
3.159990906715393066e-01
3.052108585834503174e-01
3.829184770584106445e-01
4.266699254512786865e-01
4.514064788818359375e-01
4.693901538848876953e-01
3.291797041893005371e-01
