9.961766004562377930e-01
9.970693588256835938e-01
9.985863566398620605e-01
6.561009287834167480e-01
9.846214652061462402e-01
9.987663626670837402e-01
4.852566719055175781e-01
7.445484995841979980e-01
9.955805540084838867e-01
9.956941008567810059e-01
9.976858496665954590e-01
9.995087981224060059e-01
9.998688101768493652e-01
9.998847842216491699e-01
9.987072944641113281e-01
9.982871413230895996e-01
9.994984865188598633e-01
9.998257160186767578e-01
9.998814463615417480e-01
9.998573660850524902e-01
9.998692274093627930e-01
9.998960494995117188e-01
9.997652173042297363e-01
9.996891021728515625e-01
9.999229311943054199e-01
9.999200105667114258e-01
9.999443292617797852e-01
9.999252557754516602e-01
9.997967481613159180e-01
9.998905658721923828e-01
9.999055266380310059e-01
9.999083876609802246e-01
9.999383687973022461e-01
9.999349117279052734e-01
9.999035596847534180e-01
9.998966455459594727e-01
9.999222755432128906e-01
9.997323155403137207e-01
8.698069453239440918e-01
9.900598526000976562e-01
9.989786744117736816e-01
9.996562600135803223e-01
9.925641417503356934e-01
9.311808943748474121e-01
9.813498258590698242e-01
9.992904663085937500e-01
7.145370244979858398e-01
9.920560121536254883e-01
7.341176271438598633e-01
9.975833892822265625e-01
9.989325404167175293e-01
9.993842840194702148e-01
9.995698928833007812e-01
9.994023442268371582e-01
9.996393322944641113e-01
9.998577237129211426e-01
9.993730187416076660e-01
9.991888999938964844e-01
9.996611475944519043e-01
9.996340870857238770e-01
9.996978640556335449e-01
9.996748566627502441e-01
9.997149109840393066e-01
9.996035695075988770e-01
9.981085658073425293e-01
9.997147917747497559e-01
9.990056157112121582e-01
9.988956451416015625e-01
9.993759989738464355e-01
9.985756874084472656e-01
9.998053312301635742e-01
9.985941648483276367e-01
9.990317225456237793e-01
9.997404217720031738e-01
9.959053993225097656e-01
9.975343346595764160e-01
9.991623759269714355e-01
9.997890591621398926e-01
9.996891617774963379e-01
9.995107054710388184e-01
8.507178425788879395e-01
9.863014221191406250e-01
9.991975426673889160e-01
9.992976784706115723e-01
9.997736215591430664e-01
9.993786811828613281e-01
9.998105764389038086e-01
9.997747540473937988e-01
9.995779395103454590e-01
9.997532367706298828e-01
9.996830821037292480e-01
9.997978806495666504e-01
9.998052716255187988e-01
9.992689490318298340e-01
9.997496008872985840e-01
9.991651773452758789e-01
9.995729327201843262e-01
9.996246099472045898e-01
9.990935921669006348e-01
9.995002746582031250e-01
9.982675909996032715e-01
9.995757341384887695e-01
9.997466206550598145e-01
9.995336532592773438e-01
9.995887279510498047e-01
9.989159107208251953e-01
9.995082020759582520e-01
9.992322921752929688e-01
9.995367527008056641e-01
9.991513490676879883e-01
9.900349974632263184e-01
9.851950407028198242e-01
9.886169433593750000e-01
9.971106052398681641e-01
9.989556074142456055e-01
9.996787905693054199e-01
9.986495971679687500e-01
9.958232045173645020e-01
9.980235099792480469e-01
9.996314644813537598e-01
9.996175169944763184e-01
9.989751577377319336e-01
9.981463551521301270e-01
9.863091707229614258e-01
9.962875843048095703e-01
9.585862159729003906e-01
9.444938302040100098e-01
9.722789525985717773e-01
9.971933364868164062e-01
9.946576952934265137e-01
9.698664546012878418e-01
9.969351291656494141e-01
9.265740141272544861e-01
9.242211580276489258e-01
9.326201677322387695e-01
8.544666171073913574e-01
7.620712518692016602e-01
8.632324337959289551e-01
9.894435405731201172e-01
9.631040692329406738e-01
9.743905663490295410e-01
8.771298006176948547e-01
9.576419591903686523e-01
8.988655805587768555e-01
8.765907287597656250e-01
9.197887182235717773e-01
7.510326504707336426e-01
8.913364410400390625e-01
7.595914304256439209e-01
6.103058457374572754e-01
6.118441224098205566e-01
4.063753485679626465e-01
4.972259700298309326e-01
4.038808345794677734e-01
4.701765775680541992e-01
7.448445558547973633e-01
4.138169288635253906e-01
4.756805896759033203e-01
5.620817542076110840e-01
5.398497581481933594e-01
4.109914302825927734e-01
4.021886885166168213e-01
5.388142466545104980e-01
5.392272174358367920e-01
2.478342652320861816e-01
4.012433290481567383e-01
2.824937403202056885e-01
2.668498158454895020e-01
3.204261660575866699e-01
3.158203661441802979e-01
4.117512702941894531e-01
2.737191319465637207e-01
3.125175833702087402e-01
4.235273599624633789e-01
4.877228140830993652e-01
2.399950623512268066e-01
3.331522643566131592e-01
3.752143383026123047e-01
3.111814856529235840e-01
4.515104889869689941e-01
3.279016613960266113e-01
3.592864871025085449e-01
2.906629443168640137e-01
2.637421190738677979e-01
3.104416728019714355e-01
2.216066718101501465e-01
3.051644563674926758e-01
3.070655167102813721e-01
4.051141738891601562e-01
4.011792242527008057e-01
4.248641729354858398e-01
5.696082711219787598e-01
4.478172063827514648e-01
4.732640385627746582e-01
3.795675039291381836e-01
3.694985508918762207e-01
3.678496181964874268e-01
