9.961766004562377930e-01
2.928562760353088379e-01
4.109065532684326172e-01
8.505931496620178223e-01
9.950274825096130371e-01
9.988708496093750000e-01
5.628299415111541748e-01
6.676135957241058350e-01
9.964333772659301758e-01
9.957265853881835938e-01
9.970041513442993164e-01
9.995087981224060059e-01
9.998688101768493652e-01
9.998847842216491699e-01
9.987072944641113281e-01
9.981560707092285156e-01
9.994923472404479980e-01
9.998260140419006348e-01
9.998813867568969727e-01
9.631966352462768555e-01
9.979286193847656250e-01
9.996344447135925293e-01
9.998296499252319336e-01
9.998421072959899902e-01
9.999101161956787109e-01
9.999140501022338867e-01
9.999448657035827637e-01
9.999305605888366699e-01
9.998207688331604004e-01
9.998749494552612305e-01
9.999300837516784668e-01
9.998927712440490723e-01
9.998977780342102051e-01
9.999200105667114258e-01
9.999199509620666504e-01
9.999278783798217773e-01
9.999235868453979492e-01
9.997517466545104980e-01
8.551200628280639648e-01
9.892553091049194336e-01
9.989120960235595703e-01
9.967241883277893066e-01
9.925864338874816895e-01
9.992673993110656738e-01
9.996027350425720215e-01
9.903056025505065918e-01
9.816127419471740723e-01
4.167653322219848633e-01
6.807062625885009766e-01
9.988754391670227051e-01
9.990758299827575684e-01
9.567863345146179199e-01
9.461691379547119141e-01
9.946624636650085449e-01
9.656301140785217285e-01
9.809819459915161133e-01
9.991636872291564941e-01
9.989010095596313477e-01
9.997787475585937500e-01
9.996424913406372070e-01
9.998457431793212891e-01
9.994178414344787598e-01
9.984691739082336426e-01
9.996470808982849121e-01
9.995693564414978027e-01
9.989842772483825684e-01
9.997234940528869629e-01
9.996472597122192383e-01
9.994940757751464844e-01
9.994685053825378418e-01
9.988346099853515625e-01
9.985962510108947754e-01
9.997725486755371094e-01
9.989868998527526855e-01
9.970567822456359863e-01
9.997573494911193848e-01
9.995746016502380371e-01
9.996515512466430664e-01
9.996713995933532715e-01
9.995502829551696777e-01
9.997622370719909668e-01
9.982069134712219238e-01
9.996601343154907227e-01
9.995354413986206055e-01
9.994249939918518066e-01
9.995456933975219727e-01
9.997568726539611816e-01
9.996336102485656738e-01
8.203259110450744629e-01
9.962523579597473145e-01
9.995833635330200195e-01
9.997118115425109863e-01
9.998034834861755371e-01
9.994402527809143066e-01
9.989908337593078613e-01
9.997735619544982910e-01
9.984868168830871582e-01
9.995162487030029297e-01
9.964448809623718262e-01
9.984126687049865723e-01
9.031149744987487793e-01
9.942066669464111328e-01
9.976634979248046875e-01
9.991618394851684570e-01
9.991713762283325195e-01
9.994429349899291992e-01
9.994794726371765137e-01
9.996879696846008301e-01
9.988059997558593750e-01
9.994468688964843750e-01
9.995839595794677734e-01
9.923542737960815430e-01
9.969421029090881348e-01
9.995889663696289062e-01
9.911193251609802246e-01
9.984118938446044922e-01
9.989637732505798340e-01
9.992225766181945801e-01
9.997521042823791504e-01
9.995455145835876465e-01
8.342896103858947754e-01
9.817929975688457489e-01
8.673647642135620117e-01
9.790951013565063477e-01
9.991044998168945312e-01
9.930270910263061523e-01
8.437272310256958008e-01
9.962042570114135742e-01
9.980461001396179199e-01
9.681571125984191895e-01
9.142036437988281250e-01
8.785536959767341614e-01
9.897871017456054688e-01
9.928380250930786133e-01
9.980039000511169434e-01
9.371182322502136230e-01
9.935790300369262695e-01
9.765409231185913086e-01
8.998261690139770508e-01
8.764097690582275391e-01
9.938358664512634277e-01
9.799193739891052246e-01
9.960658550262451172e-01
9.944286942481994629e-01
9.706382751464843750e-01
8.569344282150268555e-01
8.924305438995361328e-01
7.607747912406921387e-01
8.161788582801818848e-01
4.371572732925415039e-01
8.823135495185852051e-01
7.317014336585998535e-01
5.657485723495483398e-01
5.254244506359100342e-01
5.399981737136840820e-01
3.664777278900146484e-01
8.697903752326965332e-01
6.017985045909881592e-01
7.540608644485473633e-01
8.406125903129577637e-01
7.581324577331542969e-01
7.347223758697509766e-01
7.183697521686553955e-01
8.343773633241653442e-01
6.813594102859497070e-01
7.529541850090026855e-01
6.370944380760192871e-01
5.949791669845581055e-01
4.882761538028717041e-01
3.773503303527832031e-01
3.145266175270080566e-01
3.696003556251525879e-01
3.945826888084411621e-01
3.480218052864074707e-01
3.667725920677185059e-01
4.512496888637542725e-01
4.567690491676330566e-01
3.437466323375701904e-01
3.296939730644226074e-01
4.764719009399414062e-01
4.356658160686492920e-01
3.911480307579040527e-01
3.497878909111022949e-01
4.113149046897888184e-01
3.627265095710754395e-01
2.674897611141204834e-01
2.896681427955627441e-01
3.405398726463317871e-01
3.823846876621246338e-01
3.396578431129455566e-01
3.512192368507385254e-01
2.216013073921203613e-01
3.322181701660156250e-01
3.384742140769958496e-01
3.806956410408020020e-01
3.716505765914916992e-01
4.740538895130157471e-01
4.559983313083648682e-01
4.297122955322265625e-01
3.805249333381652832e-01
3.677752017974853516e-01
4.703062772750854492e-01
3.771681189537048340e-01
5.066982805728912354e-01
4.286555647850036621e-01
4.603682160377502441e-01
4.582386016845703125e-01
3.593672811985015869e-01
3.483141064643859863e-01
3.995455801486968994e-01
4.037422537803649902e-01
