9.961766004562377930e-01
9.970693588256835938e-01
9.985863566398620605e-01
6.561009287834167480e-01
9.846214652061462402e-01
9.987663626670837402e-01
4.852566719055175781e-01
7.445484995841979980e-01
9.955805540084838867e-01
9.956941008567810059e-01
9.976858496665954590e-01
9.995087981224060059e-01
9.998688101768493652e-01
9.998847842216491699e-01
9.987072944641113281e-01
9.982871413230895996e-01
9.994984865188598633e-01
9.998257160186767578e-01
9.998814463615417480e-01
9.585264921188354492e-01
9.979286193847656250e-01
9.996428489685058594e-01
9.998295903205871582e-01
9.998399615287780762e-01
9.999109506607055664e-01
9.999142289161682129e-01
9.999448657035827637e-01
9.999305605888366699e-01
9.998197555541992188e-01
9.998757839202880859e-01
9.999055266380310059e-01
9.999178051948547363e-01
9.999440312385559082e-01
9.999418854713439941e-01
9.999035596847534180e-01
9.998966455459594727e-01
9.999222755432128906e-01
9.997323155403137207e-01
8.683731555938720703e-01
9.904291629791259766e-01
9.989987015724182129e-01
9.996576309204101562e-01
9.932143092155456543e-01
9.327992796897888184e-01
9.825701117515563965e-01
9.992966055870056152e-01
7.164712548255920410e-01
9.923343062400817871e-01
7.274622321128845215e-01
9.974650740623474121e-01
9.988579750061035156e-01
9.993672966957092285e-01
9.995752573013305664e-01
9.993991851806640625e-01
9.996432065963745117e-01
9.998575448989868164e-01
9.993760585784912109e-01
9.991700649261474609e-01
9.996614456176757812e-01
9.996401667594909668e-01
9.997032284736633301e-01
9.996708631515502930e-01
9.997944831848144531e-01
9.991906285285949707e-01
9.987820386886596680e-01
9.994686841964721680e-01
9.993785023689270020e-01
9.995040893554687500e-01
9.992375969886779785e-01
9.981886744499206543e-01
9.996619224548339844e-01
9.995226860046386719e-01
9.977387189865112305e-01
9.987777471542358398e-01
9.947218298912048340e-01
9.989991784095764160e-01
9.958274960517883301e-01
9.998270273208618164e-01
9.988828301429748535e-01
9.987440705299377441e-01
9.996417760848999023e-01
9.989069104194641113e-01
9.992482662200927734e-01
9.990915060043334961e-01
9.993004798889160156e-01
9.997622370719909668e-01
9.993268251419067383e-01
9.997248053550720215e-01
9.995666742324829102e-01
9.997165203094482422e-01
9.995694756507873535e-01
9.994310736656188965e-01
9.995994567871093750e-01
9.990855455398559570e-01
9.986507296562194824e-01
9.993826150894165039e-01
9.995893836021423340e-01
9.993509054183959961e-01
9.983788728713989258e-01
9.979839920997619629e-01
9.996322393417358398e-01
9.994228482246398926e-01
9.993816018104553223e-01
9.997108578681945801e-01
9.854027032852172852e-01
9.966363906860351562e-01
9.967050552368164062e-01
9.990240335464477539e-01
9.993121623992919922e-01
9.890901446342468262e-01
9.984869360923767090e-01
9.983407258987426758e-01
9.988909959793090820e-01
9.983174800872802734e-01
9.984465837478637695e-01
9.994986057281494141e-01
9.986404180526733398e-01
9.989256262779235840e-01
9.996076822280883789e-01
9.992151856422424316e-01
9.072455763816833496e-01
9.567806124687194824e-01
9.886813759803771973e-01
9.989717602729797363e-01
9.911066293716430664e-01
9.728284478187561035e-01
9.983682036399841309e-01
9.899570941925048828e-01
9.987719655036926270e-01
9.945167899131774902e-01
9.979076981544494629e-01
9.903994202613830566e-01
9.295627474784851074e-01
9.579759836196899414e-01
9.367883801460266113e-01
9.821510910987854004e-01
6.999641954898834229e-01
9.826735258102416992e-01
9.962307214736938477e-01
9.941284060478210449e-01
9.827905893325805664e-01
9.126023650169372559e-01
7.677152752876281738e-01
9.853427410125732422e-01
7.908881902694702148e-01
7.345630526542663574e-01
8.842616081237792969e-01
9.525781273841857910e-01
8.055496811866760254e-01
5.627914667129516602e-01
8.571038246154785156e-01
7.453579306602478027e-01
3.857583403587341309e-01
8.776819705963134766e-01
9.414901137351989746e-01
5.809819102287292480e-01
8.033028542995452881e-01
7.227095365524291992e-01
7.649130523204803467e-01
4.105064570903778076e-01
5.844023823738098145e-01
6.057326793670654297e-01
3.939236104488372803e-01
4.554253816604614258e-01
3.735418915748596191e-01
3.365037441253662109e-01
4.195007085800170898e-01
2.234953641891479492e-01
3.336436152458190918e-01
3.797951936721801758e-01
2.521591186523437500e-01
3.489163517951965332e-01
3.476976454257965088e-01
2.650512456893920898e-01
3.139776587486267090e-01
4.199510812759399414e-01
3.055601716041564941e-01
3.900736570358276367e-01
3.182274103164672852e-01
3.480815589427947998e-01
3.656769692897796631e-01
2.839556932449340820e-01
4.414803087711334229e-01
4.079003334045410156e-01
4.307357370853424072e-01
3.573579490184783936e-01
3.277121782302856445e-01
3.838251829147338867e-01
3.022512197494506836e-01
3.595185577869415283e-01
3.711118102073669434e-01
5.160164833068847656e-01
5.037510395050048828e-01
3.910694122314453125e-01
3.338459730148315430e-01
4.133905768394470215e-01
4.291460514068603516e-01
3.250233530998229980e-01
5.033835768699645996e-01
5.404565632343292236e-01
4.379007220268249512e-01
4.754044413566589355e-01
4.538905024528503418e-01
4.105599820613861084e-01
