9.961766004562377930e-01
9.970693588256835938e-01
9.985863566398620605e-01
6.561008989810943604e-01
9.846214652061462402e-01
9.987663626670837402e-01
4.852566421031951904e-01
7.445484995841979980e-01
9.955805540084838867e-01
9.956941008567810059e-01
9.976858496665954590e-01
9.995087981224060059e-01
9.998688101768493652e-01
9.998847842216491699e-01
9.987072944641113281e-01
9.982871413230895996e-01
9.994984865188598633e-01
9.998257160186767578e-01
9.998814463615417480e-01
9.585264921188354492e-01
9.979286193847656250e-01
9.996428489685058594e-01
9.998295903205871582e-01
9.998399615287780762e-01
9.999109506607055664e-01
9.999142289161682129e-01
9.999448657035827637e-01
9.999305605888366699e-01
9.998197555541992188e-01
9.998757839202880859e-01
9.999055266380310059e-01
9.999178051948547363e-01
9.999440312385559082e-01
9.998990893363952637e-01
9.998912811279296875e-01
9.999257326126098633e-01
9.999186992645263672e-01
9.997813701629638672e-01
8.393104076385498047e-01
9.895275831222534180e-01
9.991501569747924805e-01
9.996076822280883789e-01
9.928292632102966309e-01
5.615967512130737305e-01
9.852452874183654785e-01
9.993699789047241211e-01
7.478623986244201660e-01
9.923343062400817871e-01
7.487179040908813477e-01
9.975833892822265625e-01
9.989139437675476074e-01
9.994060993194580078e-01
9.995585083961486816e-01
9.994351267814636230e-01
9.996439814567565918e-01
9.998575448989868164e-01
9.993855357170104980e-01
9.991856813430786133e-01
9.996575117111206055e-01
9.996383786201477051e-01
9.997032284736633301e-01
9.996774196624755859e-01
9.997926354408264160e-01
9.991965889930725098e-01
9.987251758575439453e-01
9.995456933975219727e-01
9.993590712547302246e-01
9.992894530296325684e-01
9.988665580749511719e-01
9.990438222885131836e-01
9.995936751365661621e-01
9.979020357131958008e-01
9.989977478981018066e-01
9.986531138420104980e-01
9.971418380737304688e-01
9.982769489288330078e-01
9.996219873428344727e-01
9.996336698532104492e-01
9.995532035827636719e-01
9.991354346275329590e-01
9.995971918106079102e-01
9.985784888267517090e-01
9.982749819755554199e-01
9.995029568672180176e-01
9.988945722579956055e-01
9.997791647911071777e-01
9.997631311416625977e-01
9.997110366821289062e-01
9.998010396957397461e-01
9.997901916503906250e-01
9.997395277023315430e-01
9.998008608818054199e-01
9.997597932815551758e-01
9.992669224739074707e-01
9.998139739036560059e-01
9.992672801017761230e-01
9.997009634971618652e-01
9.984751343727111816e-01
9.983539581298828125e-01
9.990329146385192871e-01
9.994893074035644531e-01
9.998000264167785645e-01
9.995222687721252441e-01
9.996382594108581543e-01
9.993082880973815918e-01
9.993873238563537598e-01
9.972645640373229980e-01
9.996083378791809082e-01
9.987059831619262695e-01
9.992049932479858398e-01
9.869152307510375977e-01
9.764375090599060059e-01
9.961943030357360840e-01
9.983773827552795410e-01
9.992473721504211426e-01
9.997926354408264160e-01
9.996896386146545410e-01
9.991939067840576172e-01
9.981718063354492188e-01
9.997170567512512207e-01
9.992204904556274414e-01
9.930103421211242676e-01
9.960181117057800293e-01
9.977682232856750488e-01
9.941263198852539062e-01
9.833891987800598145e-01
9.938157200813293457e-01
9.129148125648498535e-01
9.283878207206726074e-01
9.981513619422912598e-01
9.093685150146484375e-01
9.507347345352172852e-01
7.495604157447814941e-01
9.473271965980529785e-01
5.471458435058593750e-01
9.075350761413574219e-01
9.682264328002929688e-01
9.631012082099914551e-01
9.936834573745727539e-01
9.818658232688903809e-01
9.755747914314270020e-01
9.939084053039550781e-01
9.725691080093383789e-01
8.672332167625427246e-01
6.125802397727966309e-01
5.599006414413452148e-01
4.378519356250762939e-01
4.620200395584106445e-01
4.967969655990600586e-01
5.994546711444854736e-01
5.856419503688812256e-01
6.365094184875488281e-01
6.368007659912109375e-01
6.769692301750183105e-01
8.244853019714355469e-01
5.021796822547912598e-01
4.763523340225219727e-01
5.398369729518890381e-01
4.510554671287536621e-01
5.630311369895935059e-01
5.929099917411804199e-01
7.115622162818908691e-01
5.835586786270141602e-01
6.614646911621093750e-01
7.101194858551025391e-01
3.835239708423614502e-01
4.005991816520690918e-01
3.320510983467102051e-01
4.572401642799377441e-01
4.638701379299163818e-01
5.216940641403198242e-01
4.765199124813079834e-01
3.505908846855163574e-01
3.426289558410644531e-01
3.145993351936340332e-01
3.597263097763061523e-01
4.554197788238525391e-01
4.330845475196838379e-01
4.261842370033264160e-01
4.054892659187316895e-01
3.092964291572570801e-01
2.511277794837951660e-01
2.317859530448913574e-01
2.225058674812316895e-01
3.190721273422241211e-01
2.327351123094558716e-01
3.567788600921630859e-01
3.336025178432464600e-01
4.917535781860351562e-01
5.010651648044586182e-01
5.405109822750091553e-01
4.582455754280090332e-01
4.769602417945861816e-01
3.971908092498779297e-01
3.812310099601745605e-01
4.256122708320617676e-01
4.757439494132995605e-01
3.874983787536621094e-01
3.984397649765014648e-01
3.795281946659088135e-01
3.627980351448059082e-01
3.633091151714324951e-01
3.639576137065887451e-01
