9.961766004562377930e-01
2.928562760353088379e-01
4.109065532684326172e-01
8.505931496620178223e-01
9.950274825096130371e-01
9.988708496093750000e-01
9.985769391059875488e-01
9.988923072814941406e-01
9.909592270851135254e-01
9.864619374275207520e-01
9.960792660713195801e-01
9.994250535964965820e-01
9.998773932456970215e-01
9.986487627029418945e-01
9.978906512260437012e-01
9.995633959770202637e-01
9.993893504142761230e-01
9.998386502265930176e-01
9.998543262481689453e-01
9.998669028282165527e-01
9.991062879562377930e-01
9.982229471206665039e-01
9.995137453079223633e-01
9.998281598091125488e-01
9.999223351478576660e-01
9.999373555183410645e-01
9.999122619628906250e-01
9.993687868118286133e-01
9.998704195022583008e-01
9.999043941497802734e-01
9.999305009841918945e-01
9.998890757560729980e-01
9.998853802680969238e-01
9.999234080314636230e-01
9.999205470085144043e-01
9.999247193336486816e-01
9.999231696128845215e-01
9.997866153717041016e-01
9.998871088027954102e-01
9.998812675476074219e-01
9.961012601852416992e-01
6.795963644981384277e-01
9.908046126365661621e-01
9.292495250701904297e-01
9.834749698638916016e-01
6.477422714233398438e-01
8.105643987655639648e-01
5.454433858394622803e-01
7.406895756721496582e-01
9.915726184844970703e-01
9.991138577461242676e-01
9.995724558830261230e-01
9.994903206825256348e-01
9.998434782028198242e-01
9.993743300437927246e-01
9.991192817687988281e-01
9.996376037597656250e-01
9.996114373207092285e-01
9.996815323829650879e-01
9.996718764305114746e-01
9.998512864112854004e-01
9.994736313819885254e-01
9.986678957939147949e-01
9.995150566101074219e-01
9.994390010833740234e-01
9.995522499084472656e-01
9.995280504226684570e-01
9.994032979011535645e-01
9.997360706329345703e-01
9.975290894508361816e-01
9.983319640159606934e-01
9.993112087249755859e-01
9.984455704689025879e-01
9.982434511184692383e-01
9.984559416770935059e-01
9.997248053550720215e-01
9.962571859359741211e-01
3.145501613616943359e-01
8.393648862838745117e-01
9.993161559104919434e-01
9.975720643997192383e-01
9.996122121810913086e-01
9.969677329063415527e-01
9.997144341468811035e-01
9.528979063034057617e-01
9.895516037940979004e-01
9.993319511413574219e-01
9.990768432617187500e-01
9.990141391754150391e-01
9.987480640411376953e-01
9.996668100357055664e-01
9.997708201408386230e-01
9.996721744537353516e-01
9.996344447135925293e-01
9.983254075050354004e-01
9.995277523994445801e-01
9.995697140693664551e-01
9.996546506881713867e-01
9.995214343070983887e-01
9.996533393859863281e-01
9.997527003288269043e-01
9.991618394851684570e-01
9.984693527221679688e-01
9.988678097724914551e-01
9.997363090515136719e-01
9.996070265769958496e-01
9.993806481361389160e-01
9.822518229484558105e-01
9.863347411155700684e-01
9.961095452308654785e-01
9.967418909072875977e-01
9.990102648735046387e-01
9.989424347877502441e-01
9.997093081474304199e-01
9.988219141960144043e-01
9.924738407135009766e-01
9.990633130073547363e-01
9.982491731643676758e-01
9.992647767066955566e-01
9.948813319206237793e-01
9.991812705993652344e-01
9.996119737625122070e-01
9.992209672927856445e-01
9.983262419700622559e-01
9.006245732307434082e-01
9.362360835075378418e-01
9.904726147651672363e-01
9.925743341445922852e-01
9.984855055809020996e-01
9.987065792083740234e-01
9.960845708847045898e-01
9.968906641006469727e-01
9.836169481277465820e-01
9.981332421302795410e-01
9.779332876205444336e-01
9.974264502525329590e-01
9.945324659347534180e-01
9.885739684104919434e-01
9.850059747695922852e-01
9.869266152381896973e-01
9.760422110557556152e-01
9.293032884597778320e-01
9.592428803443908691e-01
9.740427732467651367e-01
9.917737245559692383e-01
9.831920862197875977e-01
9.766115546226501465e-01
9.608950018882751465e-01
8.053444027900695801e-01
5.767413973808288574e-01
4.198051691055297852e-01
3.579012155532836914e-01
5.491124987602233887e-01
8.415789008140563965e-01
3.540059328079223633e-01
8.101812601089477539e-01
7.233328223228454590e-01
7.518875598907470703e-01
3.911931812763214111e-01
4.529815912246704102e-01
5.187640488147735596e-01
5.703750550746917725e-01
5.065937042236328125e-01
4.487434625625610352e-01
5.484990179538726807e-01
3.397141695022583008e-01
4.799135923385620117e-01
3.185740709304809570e-01
3.426093459129333496e-01
2.749085426330566406e-01
2.782577872276306152e-01
2.925398945808410645e-01
3.023242354393005371e-01
1.766508817672729492e-01
3.995355367660522461e-01
3.789198398590087891e-01
4.604846835136413574e-01
4.368247389793395996e-01
3.444907367229461670e-01
3.888257443904876709e-01
4.365957677364349365e-01
3.631092309951782227e-01
4.260447621345520020e-01
4.539545774459838867e-01
2.672016918659210205e-01
4.117931723594665527e-01
3.286673426628112793e-01
5.031675696372985840e-01
2.433655858039855957e-01
4.056540429592132568e-01
3.623230457305908203e-01
5.008112192153930664e-01
2.974449396133422852e-01
3.670950531959533691e-01
2.563609480857849121e-01
3.647472262382507324e-01
3.806146979331970215e-01
3.431997299194335938e-01
3.546475470066070557e-01
5.066361427307128906e-01
4.591625332832336426e-01
4.597833156585693359e-01
4.373577833175659180e-01
4.338317513465881348e-01
3.872318863868713379e-01
4.257881641387939453e-01
3.715090751647949219e-01
4.030082225799560547e-01
4.273742437362670898e-01
4.332578480243682861e-01
4.245887398719787598e-01
