9.961766004562377930e-01
9.970693588256835938e-01
4.997427463531494141e-01
5.682863593101501465e-01
9.958591461181640625e-01
9.985280632972717285e-01
6.148990988731384277e-01
6.979869604110717773e-01
9.952147006988525391e-01
9.967195391654968262e-01
9.970041513442993164e-01
9.995087981224060059e-01
9.998688101768493652e-01
9.998848438262939453e-01
9.987072944641113281e-01
9.982758164405822754e-01
9.994968175888061523e-01
9.998260140419006348e-01
9.998820424079895020e-01
9.633339047431945801e-01
9.978017807006835938e-01
9.996408820152282715e-01
9.998307824134826660e-01
9.998425841331481934e-01
9.999104738235473633e-01
9.999142885208129883e-01
9.999451041221618652e-01
9.999305605888366699e-01
9.998201131820678711e-01
9.998764395713806152e-01
9.999051690101623535e-01
9.999387264251708984e-01
9.999043941497802734e-01
9.998878240585327148e-01
9.999240040779113770e-01
9.999216794967651367e-01
9.999253153800964355e-01
9.997556805610656738e-01
8.157056123018264771e-01
9.915469884872436523e-01
9.749636054039001465e-01
9.814680218696594238e-01
9.975859522819519043e-01
7.925641536712646484e-01
4.075444042682647705e-01
5.875911712646484375e-01
9.641527533531188965e-01
6.456598639488220215e-01
8.643187880516052246e-01
9.995267391204833984e-01
9.994046092033386230e-01
9.997108578681945801e-01
9.996617436408996582e-01
9.996502399444580078e-01
9.998570680618286133e-01
9.993287920951843262e-01
9.991845488548278809e-01
9.996659159660339355e-01
9.994072318077087402e-01
9.998031854629516602e-01
9.988252520561218262e-01
9.998909831047058105e-01
9.996756315231323242e-01
9.975429773330688477e-01
9.986042976379394531e-01
9.991927742958068848e-01
9.994331598281860352e-01
9.994575381278991699e-01
9.993690848350524902e-01
9.996932148933410645e-01
9.995602965354919434e-01
9.970271587371826172e-01
9.991888999938964844e-01
9.984521865844726562e-01
9.925919175148010254e-01
9.938243031501770020e-01
9.996423721313476562e-01
9.996926188468933105e-01
9.987702965736389160e-01
9.991398453712463379e-01
9.990803003311157227e-01
9.990919828414916992e-01
9.981206059455871582e-01
9.991055130958557129e-01
9.996322989463806152e-01
9.996745586395263672e-01
9.995358586311340332e-01
9.947885274887084961e-01
9.986741542816162109e-01
9.986546635627746582e-01
9.993771910667419434e-01
9.997252821922302246e-01
9.994292855262756348e-01
9.995393753051757812e-01
9.988375306129455566e-01
9.995359778404235840e-01
9.995406866073608398e-01
9.994052648544311523e-01
9.987702965736389160e-01
9.982363581657409668e-01
9.993429183959960938e-01
9.995939731597900391e-01
9.991388916969299316e-01
9.995064139366149902e-01
9.898015856742858887e-01
9.944623708724975586e-01
9.991906285285949707e-01
9.986844062805175781e-01
9.966665506362915039e-01
9.985523223876953125e-01
9.971601366996765137e-01
9.989509582519531250e-01
9.992058277130126953e-01
9.992743730545043945e-01
9.995596408843994141e-01
9.989078044891357422e-01
9.988174438476562500e-01
9.975020289421081543e-01
9.989756345748901367e-01
9.980529546737670898e-01
9.968683719635009766e-01
9.853830933570861816e-01
9.950870871543884277e-01
9.873096346855163574e-01
9.188266992568969727e-01
8.927772045135498047e-01
9.161167964339256287e-01
9.363153576850891113e-01
9.939817786216735840e-01
8.291829228401184082e-01
9.048452377319335938e-01
8.973053693771362305e-01
9.057183861732482910e-01
9.093520045280456543e-01
8.960047960281372070e-01
8.836076259613037109e-01
8.806254267692565918e-01
9.955839514732360840e-01
9.247945547103881836e-01
9.755658507347106934e-01
8.453585952520370483e-01
9.793209433555603027e-01
7.103655338287353516e-01
9.349922463297843933e-01
8.835824728012084961e-01
9.268534183502197266e-01
6.648892164230346680e-01
8.404790759086608887e-01
5.124528706073760986e-01
5.906992554664611816e-01
4.977018237113952637e-01
6.209700703620910645e-01
5.730226635932922363e-01
5.738675594329833984e-01
3.787147998809814453e-01
4.795934855937957764e-01
4.439909458160400391e-01
5.612242221832275391e-01
4.439740180969238281e-01
4.113413691520690918e-01
3.786963522434234619e-01
5.013617873191833496e-01
5.111084580421447754e-01
5.170765221118927002e-01
3.763776421546936035e-01
3.612913489341735840e-01
3.084704279899597168e-01
3.242663145065307617e-01
4.180592298507690430e-01
3.398024439811706543e-01
3.851408362388610840e-01
4.063647985458374023e-01
4.013030529022216797e-01
3.556656241416931152e-01
3.360830247402191162e-01
3.319879174232482910e-01
2.879638075828552246e-01
3.555677533149719238e-01
2.498315125703811646e-01
4.139139950275421143e-01
2.482774257659912109e-01
3.147152662277221680e-01
2.327964454889297485e-01
3.198527097702026367e-01
3.205528855323791504e-01
3.893489241600036621e-01
3.917986154556274414e-01
4.440314471721649170e-01
4.302201271057128906e-01
4.173577427864074707e-01
3.965219855308532715e-01
3.811587691307067871e-01
3.428466916084289551e-01
4.001246690750122070e-01
4.066881239414215088e-01
3.841969370841979980e-01
3.022512197494506836e-01
3.364206850528717041e-01
4.014869332313537598e-01
5.972233414649963379e-01
5.731159150600433350e-01
6.305899620056152344e-01
5.225701630115509033e-01
4.608188271522521973e-01
5.028160810470581055e-01
4.114527106285095215e-01
