9.961766004562377930e-01
9.970693588256835938e-01
9.985863566398620605e-01
6.561008989810943604e-01
9.846214652061462402e-01
9.987663626670837402e-01
4.852566719055175781e-01
7.445484995841979980e-01
9.955805540084838867e-01
9.956941008567810059e-01
9.976858496665954590e-01
9.995087981224060059e-01
9.998688101768493652e-01
9.998847842216491699e-01
9.987072944641113281e-01
9.982871413230895996e-01
9.994984865188598633e-01
9.998257160186767578e-01
9.998814463615417480e-01
9.585264921188354492e-01
9.979286193847656250e-01
9.996428489685058594e-01
9.998295903205871582e-01
9.998399615287780762e-01
9.999109506607055664e-01
9.999142289161682129e-01
9.999448657035827637e-01
9.999305605888366699e-01
9.998197555541992188e-01
9.998757839202880859e-01
9.999055266380310059e-01
9.999178051948547363e-01
9.999440312385559082e-01
9.999418854713439941e-01
9.999035596847534180e-01
9.998966455459594727e-01
9.999222755432128906e-01
9.997323155403137207e-01
8.683731555938720703e-01
9.904291629791259766e-01
9.989987015724182129e-01
9.996576309204101562e-01
9.932143092155456543e-01
5.615967214107513428e-01
9.825701117515563965e-01
9.992966055870056152e-01
7.164712548255920410e-01
9.923343062400817871e-01
7.274622321128845215e-01
9.975942969322204590e-01
9.989109635353088379e-01
9.993686079978942871e-01
9.995681643486022949e-01
9.984337687492370605e-01
9.476832151412963867e-01
9.567307233810424805e-01
9.915388822555541992e-01
9.686017632484436035e-01
9.461449980735778809e-01
9.581615328788757324e-01
9.937439560890197754e-01
9.985520243644714355e-01
9.989259839057922363e-01
9.967802762985229492e-01
9.968276619911193848e-01
9.734303951263427734e-01
9.984105229377746582e-01
9.935621023178100586e-01
9.815760850906372070e-01
9.875476956367492676e-01
9.983556270599365234e-01
9.996870160102844238e-01
9.966974854469299316e-01
9.927560687065124512e-01
8.758844733238220215e-01
9.541499651968479156e-01
9.816936254501342773e-01
9.989229440689086914e-01
9.989477992057800293e-01
9.980582594871520996e-01
9.921989440917968750e-01
9.653066992759704590e-01
9.921965599060058594e-01
9.012972116470336914e-01
6.591565012931823730e-01
9.835041761398315430e-01
9.952039122581481934e-01
9.922161698341369629e-01
9.940360784530639648e-01
9.741668105125427246e-01
9.992296099662780762e-01
8.970518708229064941e-01
9.942589998245239258e-01
9.923929572105407715e-01
9.885522723197937012e-01
9.984717965126037598e-01
9.972697496414184570e-01
9.934208989143371582e-01
9.989764690399169922e-01
9.980750679969787598e-01
9.989733695983886719e-01
9.992442727088928223e-01
9.988636374473571777e-01
9.994355440139770508e-01
9.990572929382324219e-01
9.899344444274902344e-01
9.654051065444946289e-01
9.993378520011901855e-01
9.986689686775207520e-01
9.958849549293518066e-01
9.881803393363952637e-01
9.967250823974609375e-01
9.856128096580505371e-01
9.949145317077636719e-01
9.971573948860168457e-01
9.991546273231506348e-01
9.995283484458923340e-01
9.963043928146362305e-01
9.896350502967834473e-01
9.974482059478759766e-01
9.862754344940185547e-01
9.962725639343261719e-01
9.989807009696960449e-01
9.915453791618347168e-01
9.950526952743530273e-01
9.925031065940856934e-01
9.924209713935852051e-01
9.822928905487060547e-01
9.971427321434020996e-01
9.564641118049621582e-01
9.489862322807312012e-01
6.795897483825683594e-01
9.694594144821166992e-01
9.396322369575500488e-01
8.714735507965087891e-01
9.112488031387329102e-01
8.725808262825012207e-01
7.657319307327270508e-01
9.170255661010742188e-01
9.590342044830322266e-01
8.610709905624389648e-01
7.986248135566711426e-01
8.607618212699890137e-01
8.013869524002075195e-01
7.652171254158020020e-01
5.616996884346008301e-01
6.988976597785949707e-01
8.718461990356445312e-01
5.825403630733489990e-01
5.585130453109741211e-01
4.109562039375305176e-01
5.933281779289245605e-01
5.110822319984436035e-01
4.130405783653259277e-01
5.600982308387756348e-01
2.308815121650695801e-01
4.148645997047424316e-01
2.506444454193115234e-01
4.219357371330261230e-01
2.762842774391174316e-01
3.426489233970642090e-01
3.824686110019683838e-01
3.360115885734558105e-01
3.881705105304718018e-01
4.180505573749542236e-01
3.025540709495544434e-01
3.757328987121582031e-01
3.143508434295654297e-01
4.020544886589050293e-01
2.397633939981460571e-01
3.181445896625518799e-01
4.067917764186859131e-01
3.602510094642639160e-01
3.359742760658264160e-01
4.296678304672241211e-01
3.607921004295349121e-01
4.750375449657440186e-01
3.533657193183898926e-01
4.151971340179443359e-01
4.414375722408294678e-01
3.457055091857910156e-01
3.620623946189880371e-01
4.747554659843444824e-01
4.054091572761535645e-01
3.797885775566101074e-01
4.360559880733489990e-01
4.522939920425415039e-01
5.420886576175689697e-01
4.631167054176330566e-01
4.307010173797607422e-01
4.194101691246032715e-01
3.712224960327148438e-01
4.004847109317779541e-01
3.714776039123535156e-01
3.741160035133361816e-01
3.882770538330078125e-01
4.491114020347595215e-01
3.396866321563720703e-01
3.989857733249664307e-01
3.886002302169799805e-01
