9.961766004562377930e-01
9.970693588256835938e-01
9.985863566398620605e-01
6.561009287834167480e-01
9.846214652061462402e-01
9.987663626670837402e-01
4.852566719055175781e-01
7.445484995841979980e-01
9.955805540084838867e-01
9.956941008567810059e-01
9.976858496665954590e-01
9.995087981224060059e-01
9.998688101768493652e-01
9.998847842216491699e-01
9.987072944641113281e-01
9.982871413230895996e-01
9.994984865188598633e-01
9.998257160186767578e-01
9.998814463615417480e-01
9.585264921188354492e-01
9.979286193847656250e-01
9.996428489685058594e-01
9.998295903205871582e-01
9.998399615287780762e-01
9.999109506607055664e-01
9.999142289161682129e-01
9.999448657035827637e-01
9.999305605888366699e-01
9.999287724494934082e-01
9.998864531517028809e-01
9.998669624328613281e-01
9.999229907989501953e-01
9.999395012855529785e-01
9.999026060104370117e-01
9.998983144760131836e-01
9.999214410781860352e-01
9.999217987060546875e-01
9.997813701629638672e-01
8.393104076385498047e-01
9.892195463180541992e-01
8.081845641136169434e-01
9.814081788063049316e-01
7.043484449386596680e-01
9.738391637802124023e-01
5.078916251659393311e-01
6.586482524871826172e-01
9.294765144586563110e-01
9.972181320190429688e-01
9.992257356643676758e-01
9.909167289733886719e-01
9.989374876022338867e-01
9.995244741439819336e-01
9.996715188026428223e-01
9.996948838233947754e-01
9.996895790100097656e-01
9.998488426208496094e-01
9.994736313819885254e-01
9.992269873619079590e-01
9.996659159660339355e-01
9.996275305747985840e-01
9.996958374977111816e-01
9.996723532676696777e-01
9.997897148132324219e-01
9.991674423217773438e-01
9.987090229988098145e-01
9.995284080505371094e-01
9.993215799331665039e-01
9.992547035217285156e-01
9.987733960151672363e-01
9.993156194686889648e-01
9.997413754463195801e-01
9.981136918067932129e-01
9.989200830459594727e-01
9.978581666946411133e-01
8.865194320678710938e-01
9.967216849327087402e-01
9.987386465072631836e-01
9.995983839035034180e-01
9.996684193611145020e-01
9.534938335418701172e-01
9.692696928977966309e-01
9.992517232894897461e-01
9.996245503425598145e-01
9.994407296180725098e-01
9.988012313842773438e-01
9.997189044952392578e-01
9.997438788414001465e-01
9.994775652885437012e-01
9.998357295989990234e-01
9.997645616531372070e-01
9.998412728309631348e-01
9.992995262145996094e-01
9.998188018798828125e-01
9.996198415756225586e-01
9.998092651367187500e-01
9.997000098228454590e-01
9.993017911911010742e-01
9.995499253273010254e-01
9.980920553207397461e-01
9.992989897727966309e-01
9.997403621673583984e-01
9.996522068977355957e-01
9.995923042297363281e-01
9.995853304862976074e-01
9.990910291671752930e-01
9.994028210639953613e-01
9.972346425056457520e-01
9.969555139541625977e-01
9.862997531890869141e-01
9.991012215614318848e-01
9.977692961692810059e-01
9.996696114540100098e-01
9.987961649894714355e-01
9.894207715988159180e-01
9.979318976402282715e-01
9.968336224555969238e-01
9.929812550544738770e-01
9.989272356033325195e-01
9.976336956024169922e-01
9.997147917747497559e-01
9.990167021751403809e-01
9.482664465904235840e-01
6.040089428424835205e-01
6.888623833656311035e-01
9.870447516441345215e-01
9.935058355331420898e-01
9.975214600563049316e-01
9.988549351692199707e-01
9.970941543579101562e-01
9.932000041007995605e-01
9.933726191520690918e-01
9.911899566650390625e-01
9.634034037590026855e-01
9.826659560203552246e-01
9.879652857780456543e-01
6.692565083503723145e-01
6.773642301559448242e-01
8.517097234725952148e-01
9.573407769203186035e-01
9.859232306480407715e-01
9.023771882057189941e-01
9.753413200378417969e-01
9.077593684196472168e-01
7.653683423995971680e-01
8.597394227981567383e-01
8.688204884529113770e-01
5.589042901992797852e-01
6.967998743057250977e-01
7.595290541648864746e-01
3.713806867599487305e-01
7.453265786170959473e-01
4.127292335033416748e-01
3.981149792671203613e-01
6.349471807479858398e-01
4.758374989032745361e-01
5.104197263717651367e-01
4.992323517799377441e-01
6.732277870178222656e-01
5.494657158851623535e-01
5.558417439460754395e-01
4.831163287162780762e-01
4.696187973022460938e-01
4.426268041133880615e-01
3.518363833427429199e-01
4.539380669593811035e-01
3.041296005249023438e-01
4.517579674720764160e-01
4.629662930965423584e-01
3.624410033226013184e-01
4.000421166419982910e-01
4.157259166240692139e-01
2.949202656745910645e-01
3.156483173370361328e-01
2.260034680366516113e-01
2.827371358871459961e-01
2.869474291801452637e-01
2.903972268104553223e-01
4.060961604118347168e-01
2.977451682090759277e-01
3.410225510597229004e-01
2.913066148757934570e-01
3.668277263641357422e-01
2.861968576908111572e-01
3.469138741493225098e-01
3.332807123661041260e-01
2.547356486320495605e-01
2.993506789207458496e-01
3.831785917282104492e-01
3.961423635482788086e-01
3.035682141780853271e-01
3.939264118671417236e-01
4.442490339279174805e-01
4.235259294509887695e-01
4.117305874824523926e-01
4.436631798744201660e-01
4.270339012145996094e-01
3.539208471775054932e-01
4.400676786899566650e-01
3.202633261680603027e-01
4.538255333900451660e-01
4.379089772701263428e-01
4.271522760391235352e-01
4.414548873901367188e-01
