9.961766004562377930e-01
9.970693588256835938e-01
9.985863566398620605e-01
9.985475540161132812e-01
9.996557831764221191e-01
9.997925162315368652e-01
9.997665286064147949e-01
9.998143911361694336e-01
9.995024800300598145e-01
9.996802210807800293e-01
9.898691177368164062e-01
9.986970424652099609e-01
9.998733401298522949e-01
9.985077381134033203e-01
9.983109831809997559e-01
9.995744228363037109e-01
9.993776082992553711e-01
9.998534917831420898e-01
9.998551011085510254e-01
9.998674392700195312e-01
9.998931884765625000e-01
9.998809099197387695e-01
9.988454580307006836e-01
9.996901154518127441e-01
9.999222755432128906e-01
9.999417066574096680e-01
9.999083280563354492e-01
9.998808503150939941e-01
9.999186396598815918e-01
9.999284148216247559e-01
9.999425411224365234e-01
9.998896718025207520e-01
9.998708367347717285e-01
9.999178051948547363e-01
9.999176859855651855e-01
9.999192357063293457e-01
9.999169111251831055e-01
9.998790621757507324e-01
9.996389150619506836e-01
9.638763070106506348e-01
9.908574223518371582e-01
7.423493266105651855e-01
9.660378098487854004e-01
9.993883371353149414e-01
9.993759989738464355e-01
9.779692888259887695e-01
5.357028543949127197e-01
9.800963997840881348e-01
9.919557571411132812e-01
9.994137883186340332e-01
9.995515942573547363e-01
9.995584487915039062e-01
9.997856020927429199e-01
9.993942379951477051e-01
9.990957975387573242e-01
9.996336102485656738e-01
9.996058940887451172e-01
9.996805787086486816e-01
9.996598958969116211e-01
9.996688365936279297e-01
9.998629689216613770e-01
9.993712902069091797e-01
9.985355734825134277e-01
9.996615648269653320e-01
9.996190071105957031e-01
9.996936917304992676e-01
9.984951615333557129e-01
9.998457431793212891e-01
9.994502663612365723e-01
9.975713491439819336e-01
9.984398484230041504e-01
9.890812635421752930e-01
9.983028173446655273e-01
9.987315535545349121e-01
9.973790049552917480e-01
9.996543526649475098e-01
9.958723783493041992e-01
9.965903759002685547e-01
9.995406866073608398e-01
9.993150234222412109e-01
9.969285726547241211e-01
9.989690184593200684e-01
9.996500611305236816e-01
9.996684193611145020e-01
9.995718002319335938e-01
9.993130564689636230e-01
9.995172023773193359e-01
9.996718764305114746e-01
9.982122182846069336e-01
9.979987740516662598e-01
9.997363090515136719e-01
9.997052550315856934e-01
9.998731613159179688e-01
9.995540380477905273e-01
9.991179704666137695e-01
9.998431801795959473e-01
9.995019435882568359e-01
9.996618628501892090e-01
9.994846582412719727e-01
9.995346665382385254e-01
9.991995692253112793e-01
9.992994666099548340e-01
9.985962510108947754e-01
9.986596703529357910e-01
9.996222257614135742e-01
9.993382096290588379e-01
9.971852302551269531e-01
9.969774484634399414e-01
9.950361251831054688e-01
9.935902953147888184e-01
9.983973503112792969e-01
9.989700913429260254e-01
9.996610283851623535e-01
9.994003176689147949e-01
9.960505962371826172e-01
9.984817504882812500e-01
9.897369146347045898e-01
9.974920153617858887e-01
9.984607100486755371e-01
9.926712512969970703e-01
9.996206164360046387e-01
9.987562894821166992e-01
9.985024333000183105e-01
9.210103973746299744e-01
9.934683442115783691e-01
9.156073927879333496e-01
9.462258815765380859e-01
9.785543680191040039e-01
9.927009940147399902e-01
9.974136352539062500e-01
9.854078888893127441e-01
9.468172192573547363e-01
9.670833349227905273e-01
9.978102445602416992e-01
9.577780365943908691e-01
9.954477548599243164e-01
9.944376945495605469e-01
9.800950288772583008e-01
9.889236688613891602e-01
9.612249732017517090e-01
9.806282520294189453e-01
9.599382877349853516e-01
9.800610337406396866e-01
9.906660318374633789e-01
9.885891079902648926e-01
9.839261174201965332e-01
9.702729582786560059e-01
9.714882969856262207e-01
8.086665868759155273e-01
7.728388905525207520e-01
6.244443655014038086e-01
8.664535880088806152e-01
7.309960722923278809e-01
5.776354670524597168e-01
6.081750094890594482e-01
7.651977539062500000e-01
8.087463378906250000e-01
5.789363384246826172e-01
8.622408509254455566e-01
8.950832486152648926e-01
5.793468952178955078e-01
5.530159473419189453e-01
5.463261902332305908e-01
4.333755970001220703e-01
6.483449339866638184e-01
6.188510358333587646e-01
5.271599292755126953e-01
3.579096794128417969e-01
4.189544022083282471e-01
2.550811767578125000e-01
3.578935265541076660e-01
3.033333122730255127e-01
4.704391062259674072e-01
4.080557823181152344e-01
6.137067675590515137e-01
4.090830385684967041e-01
4.499948620796203613e-01
3.334395885467529297e-01
4.368426203727722168e-01
3.084503114223480225e-01
4.108404517173767090e-01
4.123229682445526123e-01
5.432874262332916260e-01
4.407793879508972168e-01
4.598284363746643066e-01
4.796394705772399902e-01
4.681500196456909180e-01
4.400781989097595215e-01
4.852187633514404297e-01
4.707518219947814941e-01
3.153350949287414551e-01
4.857819676399230957e-01
3.104903697967529297e-01
4.062502384185791016e-01
5.200580358505249023e-01
4.088234603404998779e-01
3.452712893486022949e-01
3.769474029541015625e-01
3.951576948165893555e-01
3.807449340820312500e-01
4.694785475730895996e-01
3.381881117820739746e-01
3.557516932487487793e-01
3.657486140727996826e-01
3.573109507560729980e-01
4.198571443557739258e-01
4.300307631492614746e-01
5.200883746147155762e-01
4.423441290855407715e-01
4.507128000259399414e-01
3.818147182464599609e-01
3.619179725646972656e-01
