9.961766004562377930e-01
9.970693588256835938e-01
9.985863566398620605e-01
6.561008989810943604e-01
9.846214652061462402e-01
9.987663626670837402e-01
4.852566421031951904e-01
7.445484995841979980e-01
9.955805540084838867e-01
9.956941008567810059e-01
9.976858496665954590e-01
9.995087981224060059e-01
9.998688101768493652e-01
9.998847842216491699e-01
9.987072944641113281e-01
9.982871413230895996e-01
9.994984865188598633e-01
9.998257160186767578e-01
9.998814463615417480e-01
9.585264921188354492e-01
9.979286193847656250e-01
9.996428489685058594e-01
9.998295903205871582e-01
9.998399615287780762e-01
9.999109506607055664e-01
9.999142289161682129e-01
9.999448657035827637e-01
9.999305605888366699e-01
9.999287724494934082e-01
9.998864531517028809e-01
9.998669624328613281e-01
9.999229907989501953e-01
9.999395012855529785e-01
9.999026060104370117e-01
9.998983144760131836e-01
9.999214410781860352e-01
9.999217987060546875e-01
9.997813701629638672e-01
9.997540116310119629e-01
9.997566938400268555e-01
9.971616864204406738e-01
9.779788851737976074e-01
4.431213140487670898e-01
9.537293314933776855e-01
9.935970902442932129e-01
6.727567315101623535e-01
6.004195213317871094e-01
9.948756694793701172e-01
8.113982081413269043e-01
9.965955018997192383e-01
9.994632601737976074e-01
9.994785785675048828e-01
9.994872808456420898e-01
9.996488690376281738e-01
9.996511936187744141e-01
9.998583793640136719e-01
9.993712306022644043e-01
9.991934299468994141e-01
9.996622204780578613e-01
9.996365904808044434e-01
9.997022747993469238e-01
9.996743798255920410e-01
9.997922182083129883e-01
9.991843700408935547e-01
9.987251758575439453e-01
9.995428323745727539e-01
9.993603825569152832e-01
9.994976520538330078e-01
9.994304180145263672e-01
9.991875886917114258e-01
9.995849132537841797e-01
9.973009228706359863e-01
9.974341988563537598e-01
9.987466931343078613e-01
9.981139898300170898e-01
9.985958337783813477e-01
9.835060238838195801e-01
9.987803101539611816e-01
9.990366697311401367e-01
9.974308013916015625e-01
9.972159862518310547e-01
9.994325637817382812e-01
9.984049201011657715e-01
9.985554218292236328e-01
9.991458654403686523e-01
9.997252225875854492e-01
9.997910261154174805e-01
9.989634752273559570e-01
9.974424242973327637e-01
9.994606375694274902e-01
9.985773563385009766e-01
9.993334412574768066e-01
9.994271397590637207e-01
9.994857907295227051e-01
9.996563196182250977e-01
9.991725683212280273e-01
9.994083046913146973e-01
9.990859627723693848e-01
9.993824362754821777e-01
9.996536374092102051e-01
9.995350241661071777e-01
9.985579252243041992e-01
9.980569481849670410e-01
9.992453455924987793e-01
9.995942115783691406e-01
9.992860555648803711e-01
9.986978173255920410e-01
9.995931982994079590e-01
9.937144517898559570e-01
9.978844523429870605e-01
9.906668663024902344e-01
9.980370402336120605e-01
9.982404112815856934e-01
9.991155266761779785e-01
9.957615733146667480e-01
9.997074007987976074e-01
9.920027256011962891e-01
9.959784746170043945e-01
9.923123717308044434e-01
9.972216486930847168e-01
9.960826039314270020e-01
9.993543624877929688e-01
9.997205734252929688e-01
9.982700347900390625e-01
9.991302490234375000e-01
9.558425545692443848e-01
8.393220901489257812e-01
9.993667602539062500e-01
9.205197691917419434e-01
9.653059840202331543e-01
9.307035207748413086e-01
9.873121380805969238e-01
9.275100827217102051e-01
8.675630092620849609e-01
8.304967284202575684e-01
9.959580302238464355e-01
9.601043462753295898e-01
9.979407191276550293e-01
9.969638586044311523e-01
9.932089447975158691e-01
9.848091602325439453e-01
9.858466386795043945e-01
9.864007830619812012e-01
9.774745702743530273e-01
9.860299229621887207e-01
9.971725940704345703e-01
9.946683645248413086e-01
9.945877194404602051e-01
9.650394655764102936e-01
8.229253590106964111e-01
7.097858786582946777e-01
7.767344713211059570e-01
6.811567544937133789e-01
7.455631494522094727e-01
9.275540113449096680e-01
9.511460065841674805e-01
9.170956611633300781e-01
9.414563775062561035e-01
7.011907100677490234e-01
8.605867177248001099e-01
9.418510198593139648e-01
8.543892502784729004e-01
9.727888703346252441e-01
9.110390543937683105e-01
8.830277323722839355e-01
9.848677515983581543e-01
9.438267350196838379e-01
7.044966816902160645e-01
5.793638229370117188e-01
5.006586313247680664e-01
1.255760341882705688e-01
8.834577202796936035e-01
2.505562305450439453e-01
5.364661812782287598e-01
6.707747578620910645e-01
9.033582806587219238e-01
7.748466730117797852e-01
9.660968780517578125e-01
9.967330098152160645e-01
9.237896800041198730e-01
9.856685996055603027e-01
9.346774220466613770e-01
9.925333261489868164e-01
8.356071710586547852e-01
9.829459786415100098e-01
7.992776632308959961e-01
8.707119822502136230e-01
9.607236385345458984e-01
9.376543164253234863e-01
5.696148276329040527e-01
5.318245589733123779e-01
5.216415226459503174e-01
2.962389290332794189e-01
4.592191278934478760e-01
5.448899865150451660e-01
8.737978041172027588e-01
4.751998782157897949e-01
6.116057932376861572e-01
7.142059803009033203e-01
6.348738670349121094e-01
7.545439004898071289e-01
6.221404671669006348e-01
4.549008607864379883e-01
5.656176209449768066e-01
6.211575567722320557e-01
6.475370824337005615e-01
8.917366266250610352e-01
7.476444244384765625e-01
6.037051677703857422e-01
5.488510727882385254e-01
6.191819012165069580e-01
6.569712758064270020e-01
5.608528256416320801e-01
6.158150434494018555e-01
5.339829921722412109e-01
5.518594980239868164e-01
5.643874406814575195e-01
3.334766626358032227e-01
4.857642650604248047e-01
3.591038584709167480e-01
4.251233339309692383e-01
5.386768281459808350e-01
4.622507691383361816e-01
3.705366849899291992e-01
3.623188734054565430e-01
4.845515787601470947e-01
3.307061195373535156e-01
4.852175116539001465e-01
3.825193047523498535e-01
3.751405775547027588e-01
3.771084845066070557e-01
4.807439148426055908e-01
4.253049492835998535e-01
3.635106086730957031e-01
4.652867317199707031e-01
4.559252262115478516e-01
5.396899580955505371e-01
3.646332025527954102e-01
5.122954845428466797e-01
4.543491601943969727e-01
4.386858046054840088e-01
2.997604906558990479e-01
4.245783686637878418e-01
3.405858874320983887e-01
3.468353152275085449e-01
3.861852288246154785e-01
4.127234220504760742e-01
