9.961766004562377930e-01
9.970693588256835938e-01
9.985863566398620605e-01
6.561009287834167480e-01
9.846214652061462402e-01
9.987663626670837402e-01
4.852566421031951904e-01
7.445484995841979980e-01
9.955805540084838867e-01
9.956941008567810059e-01
9.976858496665954590e-01
9.995087981224060059e-01
9.998688101768493652e-01
9.998847842216491699e-01
9.987072944641113281e-01
9.982871413230895996e-01
9.994984865188598633e-01
9.998257160186767578e-01
9.998814463615417480e-01
9.585264921188354492e-01
9.979286193847656250e-01
9.996428489685058594e-01
9.998295903205871582e-01
9.998399615287780762e-01
9.999109506607055664e-01
9.999142289161682129e-01
9.999448657035827637e-01
9.999305605888366699e-01
9.999287724494934082e-01
9.998864531517028809e-01
9.998669624328613281e-01
9.999229907989501953e-01
9.999395012855529785e-01
9.999026060104370117e-01
9.998983144760131836e-01
9.999214410781860352e-01
9.999217987060546875e-01
9.997813701629638672e-01
8.393104076385498047e-01
9.897111058235168457e-01
9.991248846054077148e-01
9.996002316474914551e-01
9.925641417503356934e-01
9.915255308151245117e-01
9.996209740638732910e-01
9.982239007949829102e-01
5.933114588260650635e-01
9.929692149162292480e-01
9.980581402778625488e-01
9.974212646484375000e-01
8.217932432889938354e-01
9.541209340095520020e-01
9.540085792541503906e-01
9.906020760536193848e-01
9.994944930076599121e-01
9.997249841690063477e-01
9.981220364570617676e-01
9.994846582412719727e-01
9.996280074119567871e-01
9.996187686920166016e-01
9.996790885925292969e-01
9.996501803398132324e-01
9.997835159301757812e-01
9.990602135658264160e-01
9.986323118209838867e-01
9.996693134307861328e-01
9.996028542518615723e-01
9.993445873260498047e-01
9.993596076965332031e-01
9.996666312217712402e-01
9.996792674064636230e-01
9.991362094879150391e-01
9.992800951004028320e-01
9.987003803253173828e-01
9.979627132415771484e-01
9.787083268165588379e-01
9.482538104057312012e-01
9.876071214675903320e-01
9.953623414039611816e-01
9.992368817329406738e-01
9.995381236076354980e-01
9.998216032981872559e-01
9.996471405029296875e-01
9.996397495269775391e-01
9.997388124465942383e-01
9.995849132537841797e-01
9.997568726539611816e-01
9.996452927589416504e-01
9.996538162231445312e-01
9.997144937515258789e-01
9.995481371879577637e-01
9.987750053405761719e-01
9.994273781776428223e-01
9.994501471519470215e-01
9.995836019515991211e-01
9.997022151947021484e-01
9.994323253631591797e-01
9.993972778320312500e-01
9.995913505554199219e-01
9.986655712127685547e-01
9.995310902595520020e-01
9.997401237487792969e-01
9.990468621253967285e-01
9.996666908264160156e-01
9.995214939117431641e-01
9.992844462394714355e-01
9.970092177391052246e-01
9.747638106346130371e-01
9.979233145713806152e-01
9.990159273147583008e-01
9.991636872291564941e-01
9.996716976165771484e-01
9.995927214622497559e-01
9.994108676910400391e-01
9.990814328193664551e-01
9.966862797737121582e-01
9.991222620010375977e-01
9.982897639274597168e-01
9.995124340057373047e-01
9.997801780700683594e-01
9.988019466400146484e-01
9.844088554382324219e-01
8.505905270576477051e-01
4.881101250648498535e-01
9.275960326194763184e-01
9.464877843856811523e-01
9.707588553428649902e-01
8.036967664957046509e-01
8.737198710441589355e-01
6.447814702987670898e-01
8.272020816802978516e-01
7.555627226829528809e-01
7.943440377712249756e-01
8.235518932342529297e-01
9.356958866119384766e-01
8.954000473022460938e-01
9.409102797508239746e-01
9.283964633941650391e-01
9.462148994207382202e-01
9.112855195999145508e-01
9.028210043907165527e-01
9.392997026443481445e-01
9.537823796272277832e-01
8.330966830253601074e-01
8.509428501129150391e-01
8.022529482841491699e-01
7.771761119365692139e-01
7.188550233840942383e-01
7.973976731300354004e-01
6.270710229873657227e-01
8.420745134353637695e-01
7.924541831016540527e-01
5.921618342399597168e-01
7.111659646034240723e-01
5.301408171653747559e-01
5.206584334373474121e-01
5.424936413764953613e-01
6.323425769805908203e-01
7.853233814239501953e-01
7.911530584096908569e-01
5.628895759582519531e-01
8.663395643234252930e-01
8.656769394874572754e-01
7.367137670516967773e-01
5.664698183536529541e-01
4.644198417663574219e-01
3.207116723060607910e-01
4.243547916412353516e-01
3.121990561485290527e-01
2.292016148567199707e-01
8.771224990487098694e-01
8.348788022994995117e-01
8.413838744163513184e-01
9.618561267852783203e-01
3.284059166908264160e-01
8.073825240135192871e-01
1.566076874732971191e-01
1.668980717658996582e-01
5.711650252342224121e-01
5.624685585498809814e-01
5.905611515045166016e-01
9.241513609886169434e-01
9.040220975875854492e-01
6.931393146514892578e-01
2.724537849426269531e-01
3.820801377296447754e-01
6.407082080841064453e-02
3.229815959930419922e-01
4.041539728641510010e-01
3.581993579864501953e-01
9.577826857566833496e-01
5.603124797344207764e-01
5.831786394119262695e-01
3.856865763664245605e-01
9.233518838882446289e-01
7.399661540985107422e-01
9.705464057624340057e-01
9.415458440780639648e-01
9.379106760025024414e-01
7.665668725967407227e-01
8.807566761970520020e-01
8.838863372802734375e-01
7.319284081459045410e-01
8.853272795677185059e-01
6.623275876045227051e-01
6.706571578979492188e-01
3.140648603439331055e-01
8.555983901023864746e-01
8.045280873775482178e-01
8.652649521827697754e-01
9.232297539710998535e-01
7.599680423736572266e-01
9.105830192565917969e-01
8.156628459692001343e-01
7.349163889884948730e-01
7.781147360801696777e-01
5.139641165733337402e-01
7.246515154838562012e-01
2.989935278892517090e-01
8.169834017753601074e-01
5.522999763488769531e-01
7.335192561149597168e-01
7.078169584274291992e-01
6.117095947265625000e-01
6.223793625831604004e-01
5.557429790496826172e-01
4.850354194641113281e-01
5.788389444351196289e-01
4.539514482021331787e-01
5.989043712615966797e-01
5.360804200172424316e-01
6.381469368934631348e-01
6.907488703727722168e-01
5.310063362121582031e-01
6.275675892829895020e-01
6.654790043830871582e-01
5.319178104400634766e-01
5.020915567874908447e-01
6.515345573425292969e-01
6.123805344104766846e-01
5.531439781188964844e-01
3.996070623397827148e-01
5.577461421489715576e-01
4.072793722152709961e-01
4.390362501144409180e-01
4.158660173416137695e-01
3.562375903129577637e-01
2.833786606788635254e-01
3.266714513301849365e-01
4.458120465278625488e-01
3.294644951820373535e-01
4.166674017906188965e-01
4.235475659370422363e-01
2.758255004882812500e-01
4.100413918495178223e-01
3.786073625087738037e-01
3.483739495277404785e-01
4.428537487983703613e-01
3.738011717796325684e-01
3.416002392768859863e-01
4.768182635307312012e-01
4.339815080165863037e-01
3.714755177497863770e-01
3.089410662651062012e-01
3.213176727294921875e-01
3.481855988502502441e-01
2.380099892616271973e-01
1.742735058069229126e-01
2.476843595504760742e-01
2.993494272232055664e-01
3.197211623191833496e-01
3.360390663146972656e-01
3.379701972007751465e-01
3.027961254119873047e-01
2.720662951469421387e-01
3.881212174892425537e-01
3.232991099357604980e-01
