9.961766004562377930e-01
9.970693588256835938e-01
4.997427463531494141e-01
5.682862997055053711e-01
9.958591461181640625e-01
9.985280632972717285e-01
6.148992180824279785e-01
6.979869604110717773e-01
9.952147006988525391e-01
9.967195391654968262e-01
9.970041513442993164e-01
9.995087981224060059e-01
9.998688101768493652e-01
9.988847970962524414e-01
9.980537891387939453e-01
9.995005726814270020e-01
9.993952512741088867e-01
9.998386502265930176e-01
9.998552799224853516e-01
9.998674392700195312e-01
9.990972876548767090e-01
9.982586503028869629e-01
9.998455643653869629e-01
9.998319149017333984e-01
9.999226927757263184e-01
9.999374747276306152e-01
9.999264478683471680e-01
9.994032979011535645e-01
9.998719096183776855e-01
9.999051690101623535e-01
9.999077916145324707e-01
9.999374151229858398e-01
9.998977780342102051e-01
9.998908638954162598e-01
9.999251365661621094e-01
9.999186396598815918e-01
9.999253153800964355e-01
9.997545480728149414e-01
9.997531175613403320e-01
9.917011857032775879e-01
9.963628053665161133e-01
9.930533170700073242e-01
2.941125631332397461e-01
9.830486178398132324e-01
5.246009230613708496e-01
6.438134908676147461e-01
9.132751226425170898e-01
9.963416457176208496e-01
8.125723600387573242e-01
9.966579675674438477e-01
9.733073115348815918e-01
9.629550576210021973e-01
9.911072850227355957e-01
9.940910935401916504e-01
9.996919631958007812e-01
9.788161516189575195e-01
9.535880088806152344e-01
9.997507929801940918e-01
9.996007084846496582e-01
9.996709227561950684e-01
9.996505379676818848e-01
9.998444914817810059e-01
9.990263581275939941e-01
9.984765648841857910e-01
9.994623064994812012e-01
9.994516372680664062e-01
9.995402693748474121e-01
9.995254874229431152e-01
9.994846582412719727e-01
9.998249411582946777e-01
9.994338750839233398e-01
9.993242025375366211e-01
9.997228384017944336e-01
9.993512034416198730e-01
9.986943602561950684e-01
9.992115497589111328e-01
9.325250983238220215e-01
9.566969871520996094e-01
8.922789096832275391e-01
9.003189206123352051e-01
9.718126654624938965e-01
9.961083531379699707e-01
9.995142817497253418e-01
9.993702173233032227e-01
9.995806813240051270e-01
9.934867024421691895e-01
9.894714355468750000e-01
9.996098279953002930e-01
9.989333152770996094e-01
9.989175200462341309e-01
9.990903139114379883e-01
9.997556805610656738e-01
9.994547367095947266e-01
9.996943473815917969e-01
9.996825456619262695e-01
9.995620846748352051e-01
9.992365241050720215e-01
9.996463060379028320e-01
9.966591596603393555e-01
9.983127117156982422e-01
9.995723366737365723e-01
9.996322393417358398e-01
9.995620846748352051e-01
9.996518492698669434e-01
9.992851614952087402e-01
9.991673231124877930e-01
9.993439912796020508e-01
9.992777705192565918e-01
9.879899024963378906e-01
9.735983014106750488e-01
9.893693327903747559e-01
9.984386563301086426e-01
9.984222650527954102e-01
9.985315799713134766e-01
9.997818470001220703e-01
9.990310668945312500e-01
9.992101192474365234e-01
9.991918206214904785e-01
9.994376897811889648e-01
9.994424581527709961e-01
9.043993949890136719e-01
9.936165809631347656e-01
9.931495785713195801e-01
6.578014492988586426e-01
9.107987880706787109e-01
9.586381316184997559e-01
9.473158121109008789e-01
9.983258843421936035e-01
9.164245724678039551e-01
9.148350358009338379e-01
8.470667600631713867e-01
5.594387054443359375e-01
6.037504076957702637e-01
3.905943036079406738e-01
9.107494354248046875e-01
5.053839981555938721e-01
7.096198201179504395e-01
9.787898659706115723e-01
7.682830095291137695e-01
8.944076299667358398e-01
8.781776279211044312e-01
9.859775304794311523e-01
8.471548557281494141e-01
9.026182889938354492e-01
6.743249595165252686e-01
7.976157665252685547e-01
5.906184315681457520e-01
6.800400614738464355e-01
8.218793869018554688e-01
3.798658847808837891e-01
4.748034477233886719e-01
2.476052343845367432e-01
4.353731274604797363e-01
3.385706245899200439e-01
4.812905788421630859e-01
4.721155762672424316e-01
3.777542412281036377e-01
3.567413687705993652e-01
3.901095390319824219e-01
2.775498032569885254e-01
3.940539360046386719e-01
4.058831334114074707e-01
3.042361140251159668e-01
4.390396773815155029e-01
4.408492743968963623e-01
2.746534645557403564e-01
4.042700529098510742e-01
3.044010996818542480e-01
3.337392807006835938e-01
4.596871733665466309e-01
3.112199306488037109e-01
3.530485033988952637e-01
3.616015613079071045e-01
2.813431322574615479e-01
4.129160046577453613e-01
2.680363357067108154e-01
3.206736445426940918e-01
2.363275885581970215e-01
3.339223861694335938e-01
3.652270436286926270e-01
2.877777814865112305e-01
2.570101022720336914e-01
2.982871532440185547e-01
4.015383422374725342e-01
2.645069360733032227e-01
2.371867895126342773e-01
3.018404245376586914e-01
3.370330035686492920e-01
5.035346746444702148e-01
4.594224691390991211e-01
5.556409358978271484e-01
4.759893417358398438e-01
4.215576052665710449e-01
3.921846747398376465e-01
3.663355112075805664e-01
3.247360289096832275e-01
3.325915932655334473e-01
2.745939493179321289e-01
3.652592897415161133e-01
3.835619091987609863e-01
4.437870979309082031e-01
4.363099336624145508e-01
4.491803646087646484e-01
