9.961766004562377930e-01
9.970693588256835938e-01
9.985863566398620605e-01
6.561009287834167480e-01
9.846214652061462402e-01
9.987663626670837402e-01
4.852566719055175781e-01
7.445484995841979980e-01
9.955805540084838867e-01
9.956941008567810059e-01
9.976858496665954590e-01
9.995087981224060059e-01
9.998688101768493652e-01
9.998847842216491699e-01
9.987072944641113281e-01
9.982871413230895996e-01
9.994984865188598633e-01
9.998257160186767578e-01
9.998814463615417480e-01
9.585264921188354492e-01
9.979286193847656250e-01
9.996428489685058594e-01
9.998295903205871582e-01
9.998399615287780762e-01
9.999109506607055664e-01
9.999142289161682129e-01
9.999448657035827637e-01
9.999305605888366699e-01
9.999287724494934082e-01
9.998864531517028809e-01
9.998669624328613281e-01
9.999229907989501953e-01
9.999395012855529785e-01
9.999026060104370117e-01
9.998983144760131836e-01
9.999214410781860352e-01
9.999217987060546875e-01
9.997813701629638672e-01
9.997540116310119629e-01
9.997566938400268555e-01
9.972084760665893555e-01
9.755924940109252930e-01
4.538034498691558838e-01
9.543679952621459961e-01
9.921289682388305664e-01
9.994171261787414551e-01
5.266562998294830322e-01
9.858703017234802246e-01
9.990127682685852051e-01
9.996614456176757812e-01
9.997768998146057129e-01
9.988830685615539551e-01
9.987568259239196777e-01
9.994271993637084961e-01
9.996110796928405762e-01
9.998544454574584961e-01
9.993881583213806152e-01
9.991467595100402832e-01
9.996999502182006836e-01
9.996361136436462402e-01
9.996982812881469727e-01
9.996792078018188477e-01
9.997915029525756836e-01
9.991783499717712402e-01
9.987691044807434082e-01
9.995456933975219727e-01
9.993532896041870117e-01
9.994937181472778320e-01
9.991949796676635742e-01
9.988350868225097656e-01
9.997953176498413086e-01
9.985687136650085449e-01
9.944011569023132324e-01
9.995449781417846680e-01
9.993409514427185059e-01
9.995021224021911621e-01
9.983049035072326660e-01
9.993577003479003906e-01
9.998362064361572266e-01
9.997227787971496582e-01
9.994507431983947754e-01
9.992318153381347656e-01
9.990248084068298340e-01
9.997187256813049316e-01
9.998030066490173340e-01
9.994992613792419434e-01
9.997954368591308594e-01
9.997084140777587891e-01
9.997749328613281250e-01
9.997197389602661133e-01
9.997612833976745605e-01
9.997175931930541992e-01
9.994346499443054199e-01
9.998092651367187500e-01
9.990140795707702637e-01
9.998020529747009277e-01
9.987178444862365723e-01
9.994557499885559082e-01
9.996620416641235352e-01
9.993781447410583496e-01
9.995578527450561523e-01
9.920789599418640137e-01
9.982920885086059570e-01
9.995285868644714355e-01
9.998008608818054199e-01
9.996779561042785645e-01
9.994480013847351074e-01
9.992715716361999512e-01
9.982647299766540527e-01
9.996662139892578125e-01
9.995675086975097656e-01
9.995476603507995605e-01
9.974954724311828613e-01
9.953042864799499512e-01
9.972414970397949219e-01
9.991875886917114258e-01
9.976360201835632324e-01
9.997799396514892578e-01
9.949478507041931152e-01
9.984222650527954102e-01
9.954887032508850098e-01
9.994260668754577637e-01
9.993361830711364746e-01
9.993733763694763184e-01
9.903112053871154785e-01
9.974005818367004395e-01
9.869908094406127930e-01
9.597944356501102448e-01
9.934471249580383301e-01
9.953067898750305176e-01
9.973195791244506836e-01
9.962946176528930664e-01
9.975265860557556152e-01
9.994497895240783691e-01
9.982647299766540527e-01
9.910063147544860840e-01
9.905351400375366211e-01
9.924338459968566895e-01
9.952116608619689941e-01
9.981428384780883789e-01
9.972916245460510254e-01
9.912975430488586426e-01
9.828349947929382324e-01
9.788936674594879150e-01
9.949318766593933105e-01
9.861115217208862305e-01
9.882185459136962891e-01
9.705177545547485352e-01
9.777018427848815918e-01
7.816285490989685059e-01
8.616887331008911133e-01
5.832489430904388428e-01
4.801074862480163574e-01
6.315339803695678711e-01
7.542672157287597656e-01
7.431271970272064209e-01
8.046414852142333984e-01
3.002880215644836426e-01
6.925889849662780762e-01
1.955163478851318359e-01
7.525715976953506470e-01
5.368117690086364746e-01
8.366993218660354614e-01
6.925694942474365234e-01
5.517355203628540039e-01
6.756396293640136719e-01
4.614726305007934570e-01
6.612024009227752686e-01
3.334680795669555664e-01
6.116721034049987793e-01
5.858827233314514160e-01
3.398144245147705078e-01
5.215239524841308594e-01
7.476606369018554688e-01
3.021703958511352539e-01
5.449112057685852051e-01
4.241771697998046875e-01
4.259777665138244629e-01
2.775003314018249512e-01
5.434757471084594727e-01
4.503534734249114990e-01
6.072703599929809570e-01
5.647435784339904785e-01
5.393436551094055176e-01
6.034803986549377441e-01
5.806679129600524902e-01
3.288929164409637451e-01
4.369615316390991211e-01
5.554656982421875000e-01
4.916565418243408203e-01
4.766466021537780762e-01
5.815321803092956543e-01
6.334382891654968262e-01
4.696149826049804688e-01
4.980259239673614502e-01
4.394749402999877930e-01
3.677800893783569336e-01
4.577445387840270996e-01
3.402687311172485352e-01
4.241490066051483154e-01
3.368543982505798340e-01
4.431023001670837402e-01
4.466002285480499268e-01
4.054861664772033691e-01
3.453219234943389893e-01
4.305238723754882812e-01
6.337812542915344238e-01
5.283246338367462158e-01
5.832404494285583496e-01
5.862568020820617676e-01
5.592815279960632324e-01
5.767542719841003418e-01
3.976640701293945312e-01
4.384999871253967285e-01
3.963112831115722656e-01
3.862067461013793945e-01
3.584575653076171875e-01
4.268495440483093262e-01
3.494919538497924805e-01
