9.961766004562377930e-01
9.970693588256835938e-01
9.985863566398620605e-01
9.985475540161132812e-01
9.996557831764221191e-01
9.997925162315368652e-01
9.964882135391235352e-01
4.419230222702026367e-01
9.826245903968811035e-01
9.955924749374389648e-01
9.964840412139892578e-01
9.995678663253784180e-01
9.998683929443359375e-01
9.998779892921447754e-01
9.989799261093139648e-01
9.982277750968933105e-01
9.994984865188598633e-01
9.998282790184020996e-01
9.998820424079895020e-01
9.998578429222106934e-01
9.998675584793090820e-01
9.998953342437744141e-01
9.988691806793212891e-01
9.996901154518127441e-01
9.999221563339233398e-01
9.999203681945800781e-01
9.999443292617797852e-01
9.998905658721923828e-01
9.999234080314636230e-01
9.998983144760131836e-01
9.998666644096374512e-01
9.999151825904846191e-01
9.999091625213623047e-01
9.999148845672607422e-01
9.999263882637023926e-01
9.999395012855529785e-01
9.999066591262817383e-01
9.994614720344543457e-01
9.997401237487792969e-01
9.882854223251342773e-01
5.686546564102172852e-01
9.859352707862854004e-01
2.729533314704895020e-01
8.260082602500915527e-01
5.774333477020263672e-01
5.100786089897155762e-01
8.157331347465515137e-01
9.909846782684326172e-01
9.975035190582275391e-01
9.993508458137512207e-01
9.998391270637512207e-01
9.993821382522583008e-01
9.991314411163330078e-01
9.996109008789062500e-01
9.996055364608764648e-01
9.996853470802307129e-01
9.996497035026550293e-01
9.996589422225952148e-01
9.998608827590942383e-01
9.993782043457031250e-01
9.992079734802246094e-01
9.997695088386535645e-01
9.995836615562438965e-01
9.989877343177795410e-01
9.997305870056152344e-01
9.998230934143066406e-01
9.994394183158874512e-01
9.984912276268005371e-01
9.979831576347351074e-01
9.987421035766601562e-01
9.980522394180297852e-01
9.942212104797363281e-01
9.976137280464172363e-01
9.995349645614624023e-01
9.985836148262023926e-01
9.981038570404052734e-01
9.989120960235595703e-01
9.992051720619201660e-01
9.986191987991333008e-01
9.983049035072326660e-01
9.988236427307128906e-01
9.996575117111206055e-01
9.996938705444335938e-01
9.997379779815673828e-01
9.998256564140319824e-01
9.995742440223693848e-01
9.997603893280029297e-01
9.997049570083618164e-01
9.992040395736694336e-01
9.994273781776428223e-01
9.997549057006835938e-01
9.996531605720520020e-01
9.998034834861755371e-01
9.995867609977722168e-01
9.986477494239807129e-01
9.996775984764099121e-01
9.992456436157226562e-01
9.994789361953735352e-01
9.996945261955261230e-01
9.976553916931152344e-01
9.990481734275817871e-01
9.995354413986206055e-01
9.997196793556213379e-01
9.994555711746215820e-01
9.995589852333068848e-01
9.991301298141479492e-01
9.996327757835388184e-01
9.992548823356628418e-01
9.997149109840393066e-01
9.996101260185241699e-01
9.985429048538208008e-01
9.952350258827209473e-01
9.928066730499267578e-01
9.934437870979309082e-01
9.994481801986694336e-01
9.990046024322509766e-01
9.997862577438354492e-01
9.989283084869384766e-01
9.950749874114990234e-01
9.993077516555786133e-01
9.996736645698547363e-01
9.994013309478759766e-01
9.979312419891357422e-01
9.908144474029541016e-01
9.987803697586059570e-01
9.982531070709228516e-01
6.806409955024719238e-01
9.597347974777221680e-01
8.561946004629135132e-01
9.942693114280700684e-01
9.977812170982360840e-01
9.952600598335266113e-01
9.980144500732421875e-01
9.954105615615844727e-01
9.928477406501770020e-01
9.853941202163696289e-01
9.939712882041931152e-01
9.781362414360046387e-01
9.890643954277038574e-01
9.955526590347290039e-01
9.665729403495788574e-01
9.633104801177978516e-01
9.811307191848754883e-01
9.908007383346557617e-01
9.452176094055175781e-01
8.976618051528930664e-01
8.676493763923645020e-01
9.282277822494506836e-01
7.674387097358703613e-01
3.162690401077270508e-01
7.858926653861999512e-01
8.362113237380981445e-01
5.727817416191101074e-01
5.262549817562103271e-01
6.396375298500061035e-01
7.085590064525604248e-01
4.206899702548980713e-01
5.693089962005615234e-01
4.142863750457763672e-01
5.167770981788635254e-01
2.824078202247619629e-01
4.400547146797180176e-01
5.764636695384979248e-01
3.089743256568908691e-01
3.936333656311035156e-01
2.495169639587402344e-01
3.529265522956848145e-01
2.520394027233123779e-01
2.372655868530273438e-01
2.485637068748474121e-01
4.094267189502716064e-01
2.626159191131591797e-01
3.245697021484375000e-01
3.525559008121490479e-01
3.109775781631469727e-01
2.111714482307434082e-01
3.001497983932495117e-01
2.864720821380615234e-01
3.222824335098266602e-01
3.182710707187652588e-01
2.733556032180786133e-01
1.825797557830810547e-01
3.038987517356872559e-01
3.047457933425903320e-01
3.237675428390502930e-01
3.275216817855834961e-01
3.119780719280242920e-01
3.889342546463012695e-01
3.526742756366729736e-01
3.425386548042297363e-01
4.394642114639282227e-01
3.799726665019989014e-01
3.641337156295776367e-01
3.884495496749877930e-01
4.039814174175262451e-01
3.583116233348846436e-01
2.855472862720489502e-01
4.482412636280059814e-01
4.228531420230865479e-01
4.237699508666992188e-01
4.239724278450012207e-01
4.407145380973815918e-01
4.054386317729949951e-01
3.878777623176574707e-01
3.291086554527282715e-01
3.848356604576110840e-01
