9.961766004562377930e-01
9.970693588256835938e-01
9.985863566398620605e-01
6.561009287834167480e-01
9.846214652061462402e-01
9.987663626670837402e-01
4.852566719055175781e-01
7.445484995841979980e-01
9.955805540084838867e-01
9.956941008567810059e-01
9.976858496665954590e-01
9.995087981224060059e-01
9.998688101768493652e-01
9.998847842216491699e-01
9.987072944641113281e-01
9.982871413230895996e-01
9.994984865188598633e-01
9.998257160186767578e-01
9.998814463615417480e-01
9.585264921188354492e-01
9.979286193847656250e-01
9.996428489685058594e-01
9.998295903205871582e-01
9.998399615287780762e-01
9.999109506607055664e-01
9.999142289161682129e-01
9.999448657035827637e-01
9.999305605888366699e-01
9.998197555541992188e-01
9.998757839202880859e-01
9.999055266380310059e-01
9.999178051948547363e-01
9.999440312385559082e-01
9.999418854713439941e-01
9.999035596847534180e-01
9.998966455459594727e-01
9.999222755432128906e-01
9.997323155403137207e-01
8.683731555938720703e-01
9.904291629791259766e-01
9.989987015724182129e-01
9.996576309204101562e-01
9.932143092155456543e-01
9.912635087966918945e-01
9.996309280395507812e-01
9.982485771179199219e-01
9.379335045814514160e-01
9.969569444656372070e-01
9.981453418731689453e-01
9.975273609161376953e-01
8.476253747940063477e-01
9.602108001708984375e-01
9.580457806587219238e-01
9.991648793220520020e-01
9.995037913322448730e-01
9.997264742851257324e-01
9.981620311737060547e-01
9.994944930076599121e-01
9.996327757835388184e-01
9.996229410171508789e-01
9.996774792671203613e-01
9.996623992919921875e-01
9.997848272323608398e-01
9.990738630294799805e-01
9.986088275909423828e-01
9.995067119598388672e-01
9.994123578071594238e-01
9.995537400245666504e-01
9.996804594993591309e-01
9.996395707130432129e-01
9.997556209564208984e-01
9.982624650001525879e-01
9.997165799140930176e-01
9.986951947212219238e-01
9.965463280677795410e-01
8.573675751686096191e-01
9.611673951148986816e-01
9.982706904411315918e-01
9.998260140419006348e-01
9.994514584541320801e-01
9.996054768562316895e-01
9.847016930580139160e-01
9.601793885231018066e-01
9.951497316360473633e-01
9.994580745697021484e-01
9.992136955261230469e-01
9.997586607933044434e-01
9.993393421173095703e-01
9.990689754486083984e-01
9.890378713607788086e-01
9.992681145668029785e-01
9.978035688400268555e-01
9.988427162170410156e-01
9.996880292892456055e-01
9.994786381721496582e-01
9.997990727424621582e-01
9.997509717941284180e-01
9.997777342796325684e-01
9.930195808410644531e-01
9.991439580917358398e-01
9.986255764961242676e-01
9.998340606689453125e-01
9.994862675666809082e-01
9.996869564056396484e-01
9.996838569641113281e-01
9.996988177299499512e-01
9.836105704307556152e-01
9.990719556808471680e-01
5.998421311378479004e-01
7.779247164726257324e-01
7.894936203956604004e-01
9.981713294982910156e-01
9.985566139221191406e-01
9.990971088409423828e-01
9.993385076522827148e-01
9.997416734695434570e-01
9.972708821296691895e-01
9.688670039176940918e-01
9.993364214897155762e-01
9.930417537689208984e-01
9.607650637626647949e-01
9.996197819709777832e-01
8.733458518981933594e-01
9.836431741714477539e-01
9.826794862747192383e-01
8.464030623435974121e-01
7.973869293928146362e-01
9.459933638572692871e-01
9.477844834327697754e-01
9.087725281715393066e-01
9.583374857902526855e-01
9.866055250167846680e-01
8.422073572874069214e-01
9.334059953689575195e-01
9.066596999764442444e-01
9.784615039825439453e-01
9.159157276153564453e-01
9.618374705314636230e-01
8.929845094680786133e-01
9.576988816261291504e-01
9.564613103866577148e-01
8.532121777534484863e-01
9.107912778854370117e-01
9.844511151313781738e-01
9.272456169128417969e-01
9.387972950935363770e-01
9.426223039627075195e-01
9.609199166297912598e-01
7.540013194084167480e-01
6.285253167152404785e-01
5.256627500057220459e-01
6.222034394741058350e-01
3.973665833473205566e-01
7.853456139564514160e-01
7.939333915710449219e-01
5.692912936210632324e-01
6.618226170539855957e-01
6.549622416496276855e-01
6.548118591308593750e-01
6.414658725261688232e-01
6.770489811897277832e-01
7.434548139572143555e-01
6.662898659706115723e-01
7.491120696067810059e-01
6.049832403659820557e-01
8.208823800086975098e-01
4.491586685180664062e-01
5.300924777984619141e-01
4.771010279655456543e-01
5.364115834236145020e-01
4.232959449291229248e-01
5.348140001296997070e-01
3.929713964462280273e-01
4.014475345611572266e-01
2.486475110054016113e-01
4.866575002670288086e-01
5.525886714458465576e-01
5.946094393730163574e-01
5.125511884689331055e-01
3.909363150596618652e-01
3.586002588272094727e-01
3.888952732086181641e-01
3.213960528373718262e-01
3.564096689224243164e-01
4.456108212471008301e-01
4.837942123413085938e-01
4.093060195446014404e-01
4.401541948318481445e-01
4.596579670906066895e-01
3.920285105705261230e-01
3.591930270195007324e-01
3.949190378189086914e-01
3.570631742477416992e-01
4.714716672897338867e-01
4.205498695373535156e-01
4.455899000167846680e-01
4.276024103164672852e-01
4.244470596313476562e-01
3.660945892333984375e-01
3.659467995166778564e-01
