9.961766004562377930e-01
9.970693588256835938e-01
9.985863566398620605e-01
6.561009287834167480e-01
9.846214652061462402e-01
9.987663626670837402e-01
4.852566421031951904e-01
7.445484995841979980e-01
9.955805540084838867e-01
9.956941008567810059e-01
9.976858496665954590e-01
9.995087981224060059e-01
9.998688101768493652e-01
9.998847842216491699e-01
9.987072944641113281e-01
9.982871413230895996e-01
9.994984865188598633e-01
9.998257160186767578e-01
9.998814463615417480e-01
9.585264921188354492e-01
9.979286193847656250e-01
9.996428489685058594e-01
9.998295903205871582e-01
9.998399615287780762e-01
9.999109506607055664e-01
9.999142289161682129e-01
9.999448657035827637e-01
9.999305605888366699e-01
9.998197555541992188e-01
9.998757839202880859e-01
9.999055266380310059e-01
9.999178051948547363e-01
9.999440312385559082e-01
9.998990893363952637e-01
9.998912811279296875e-01
9.999257326126098633e-01
9.999186992645263672e-01
9.997813701629638672e-01
9.997540116310119629e-01
9.891883730888366699e-01
9.972794651985168457e-01
9.047845005989074707e-01
9.986050128936767578e-01
9.826924204826354980e-01
9.735807776451110840e-01
4.959408044815063477e-01
6.430477499961853027e-01
9.979687929153442383e-01
9.984560012817382812e-01
9.997661709785461426e-01
9.990442395210266113e-01
9.985984563827514648e-01
9.994194507598876953e-01
9.995936155319213867e-01
9.996756315231323242e-01
9.998511672019958496e-01
9.993672966957092285e-01
9.992912411689758301e-01
9.996684193611145020e-01
9.996353983879089355e-01
9.997004270553588867e-01
9.996764659881591797e-01
9.997956156730651855e-01
9.991649985313415527e-01
9.987764358520507812e-01
9.995456933975219727e-01
9.993506669998168945e-01
9.992665052413940430e-01
9.988662600517272949e-01
9.990646839141845703e-01
9.995896816253662109e-01
9.995142817497253418e-01
9.997339844703674316e-01
9.993047714233398438e-01
9.991024732589721680e-01
9.926890730857849121e-01
9.978548884391784668e-01
9.996986985206604004e-01
9.996092319488525391e-01
9.997366666793823242e-01
9.996731281280517578e-01
9.995942115783691406e-01
9.995272755622863770e-01
9.948765635490417480e-01
9.994466900825500488e-01
9.995965957641601562e-01
9.997134804725646973e-01
9.996698498725891113e-01
9.996883273124694824e-01
9.997736215591430664e-01
9.994693994522094727e-01
9.998035430908203125e-01
9.997127652168273926e-01
9.997456073760986328e-01
9.988024234771728516e-01
9.996176362037658691e-01
9.996483922004699707e-01
9.997752308845520020e-01
9.990797638893127441e-01
9.990514516830444336e-01
9.986889362335205078e-01
9.998003840446472168e-01
9.994351863861083984e-01
9.997405409812927246e-01
9.992800951004028320e-01
9.994015097618103027e-01
9.949941635131835938e-01
9.951489567756652832e-01
9.946184158325195312e-01
9.994085431098937988e-01
9.989795088768005371e-01
9.998075962066650391e-01
9.997799992561340332e-01
9.978583455085754395e-01
9.954336881637573242e-01
9.981871247291564941e-01
9.971102476119995117e-01
9.985169172286987305e-01
9.996002912521362305e-01
9.996089935302734375e-01
9.995312094688415527e-01
9.990503787994384766e-01
9.911602139472961426e-01
9.920802712440490723e-01
9.927654266357421875e-01
9.977820515632629395e-01
9.848776459693908691e-01
9.989681243896484375e-01
9.946563243865966797e-01
9.925948977470397949e-01
9.290518164634704590e-01
9.831983447074890137e-01
2.159789800643920898e-01
9.626089930534362793e-01
9.693353176116943359e-01
8.341828584671020508e-01
9.312477111816406250e-01
8.965950161218643188e-01
9.776641130447387695e-01
9.897415637969970703e-01
9.743842482566833496e-01
9.896140098571777344e-01
9.875866174697875977e-01
9.367965459823608398e-01
9.493721127510070801e-01
7.020041048526763916e-01
4.764664471149444580e-01
6.260319948196411133e-01
9.133173823356628418e-01
5.241894125938415527e-01
9.502806067466735840e-01
7.819707393646240234e-01
8.687989115715026855e-01
8.039410114288330078e-01
8.653085231781005859e-01
5.791476368904113770e-01
8.581247329711914062e-01
9.511754512786865234e-01
9.591647982597351074e-01
9.000024795532226562e-01
8.978503346443176270e-01
9.639802575111389160e-01
9.957024455070495605e-01
9.717462062835693359e-01
8.706849217414855957e-01
7.798232436180114746e-01
9.841525554656982422e-01
9.370123744010925293e-01
7.190368771553039551e-01
9.094319939613342285e-01
8.156765699386596680e-01
9.766883254051208496e-01
8.660432100296020508e-01
9.931392669677734375e-01
2.565719485282897949e-01
8.275086879730224609e-01
5.863350629806518555e-01
8.298373222351074219e-01
6.834825873374938965e-01
8.492442369461059570e-01
8.423344492912292480e-01
4.905978441238403320e-01
5.911077260971069336e-01
8.462569713592529297e-01
7.376531362533569336e-01
7.119758129119873047e-01
3.143977522850036621e-01
6.553571224212646484e-01
5.383874177932739258e-01
9.525797963142395020e-01
8.942503333091735840e-01
9.107613563537597656e-01
9.268139600753784180e-01
7.896774709224700928e-01
7.899507284164428711e-01
3.480521440505981445e-01
6.155437827110290527e-01
6.158674955368041992e-01
6.307963132858276367e-01
8.354492783546447754e-01
9.266573190689086914e-01
9.205640181899070740e-01
8.778266310691833496e-01
7.997871041297912598e-01
6.702673435211181641e-01
4.232105612754821777e-01
4.392633438110351562e-01
5.473606586456298828e-01
6.925435662269592285e-01
6.867932081222534180e-01
6.842342019081115723e-01
5.980715155601501465e-01
7.197281420230865479e-01
6.293573379516601562e-01
7.236052751541137695e-01
7.444088459014892578e-01
8.445335030555725098e-01
8.104544878005981445e-01
8.127343654632568359e-01
7.224140167236328125e-01
7.487401068210601807e-01
6.195061802864074707e-01
7.800675630569458008e-01
8.373598456382751465e-01
8.055372834205627441e-01
7.656921744346618652e-01
6.617303490638732910e-01
6.049938797950744629e-01
6.613733768463134766e-01
7.743765711784362793e-01
6.261032223701477051e-01
7.560945749282836914e-01
8.107553124427795410e-01
5.023391246795654297e-01
6.095291376113891602e-01
4.064148664474487305e-01
6.291810274124145508e-01
4.728410243988037109e-01
4.883843362331390381e-01
5.207673013210296631e-01
5.386880040168762207e-01
6.210148930549621582e-01
3.848332762718200684e-01
4.889274835586547852e-01
3.278959393501281738e-01
4.640128612518310547e-01
2.949478030204772949e-01
4.647786319255828857e-01
4.462698698043823242e-01
5.093841850757598877e-01
4.998546838760375977e-01
3.879640102386474609e-01
4.504596889019012451e-01
6.270420551300048828e-01
4.684792459011077881e-01
4.741151928901672363e-01
5.027559399604797363e-01
5.184172391891479492e-01
5.413236021995544434e-01
5.764531493186950684e-01
5.544739961624145508e-01
5.587432980537414551e-01
3.931652903556823730e-01
3.790656924247741699e-01
3.342148959636688232e-01
2.306695580482482910e-01
3.431748747825622559e-01
3.526014685630798340e-01
3.333822488784790039e-01
2.535774707794189453e-01
3.700557947158813477e-01
3.907295465469360352e-01
2.983791828155517578e-01
3.635674118995666504e-01
4.050814807415008545e-01
3.908942341804504395e-01
3.443468809127807617e-01
