9.961766004562377930e-01
9.970693588256835938e-01
4.997427463531494141e-01
5.682862997055053711e-01
9.958591461181640625e-01
9.985280632972717285e-01
9.986448287963867188e-01
9.990281462669372559e-01
9.996793270111083984e-01
9.928966164588928223e-01
9.857288599014282227e-01
9.994789361953735352e-01
9.998585581779479980e-01
9.988344311714172363e-01
9.980738162994384766e-01
9.994714856147766113e-01
9.994907379150390625e-01
9.998394846916198730e-01
9.998552203178405762e-01
9.998669028282165527e-01
9.990972876548767090e-01
9.983353018760681152e-01
9.998444914817810059e-01
9.998320937156677246e-01
9.999223351478576660e-01
9.999374747276306152e-01
9.999264478683471680e-01
9.999331235885620117e-01
9.998830556869506836e-01
9.998666048049926758e-01
9.999160170555114746e-01
9.999318718910217285e-01
9.999014735221862793e-01
9.998977780342102051e-01
9.999209642410278320e-01
9.999217987060546875e-01
9.999256134033203125e-01
9.997534155845642090e-01
9.997522830963134766e-01
9.970477819442749023e-01
6.714156270027160645e-01
9.913133978843688965e-01
9.270475506782531738e-01
9.832139611244201660e-01
6.318361461162567139e-01
6.060696244239807129e-01
9.931291341781616211e-01
7.786404490470886230e-01
6.883639693260192871e-01
9.990434050559997559e-01
9.994567036628723145e-01
9.994710087776184082e-01
9.996578097343444824e-01
9.996370673179626465e-01
9.998570680618286133e-01
9.993326067924499512e-01
9.991735816001892090e-01
9.996594190597534180e-01
9.996289014816284180e-01
9.997014999389648438e-01
9.996892809867858887e-01
9.998518824577331543e-01
9.991835951805114746e-01
9.987286329269409180e-01
9.995431303977966309e-01
9.993655085563659668e-01
9.992751479148864746e-01
9.988790750503540039e-01
9.990358352661132812e-01
9.995831251144409180e-01
9.987116456031799316e-01
9.964809417724609375e-01
9.989713430404663086e-01
9.994659423828125000e-01
9.970369935035705566e-01
9.927140474319458008e-01
9.996575117111206055e-01
9.997276067733764648e-01
9.993187785148620605e-01
9.988411068916320801e-01
9.995066523551940918e-01
9.997900128364562988e-01
9.998157024383544922e-01
9.996806383132934570e-01
9.998156428337097168e-01
9.996013641357421875e-01
9.997701644897460938e-01
9.994586706161499023e-01
9.995961189270019531e-01
9.997768998146057129e-01
9.997560381889343262e-01
9.994855523109436035e-01
9.995326995849609375e-01
9.987980723381042480e-01
9.994631409645080566e-01
9.990206956863403320e-01
9.994892477989196777e-01
9.993421435356140137e-01
9.991393685340881348e-01
9.991158246994018555e-01
9.987727403640747070e-01
9.996275305747985840e-01
9.996351003646850586e-01
9.991470575332641602e-01
9.995133280754089355e-01
9.985674023628234863e-01
9.993494749069213867e-01
9.997236728668212891e-01
9.994333386421203613e-01
9.993674755096435547e-01
9.977582693099975586e-01
9.946256875991821289e-01
9.990630149841308594e-01
9.994642734527587891e-01
9.995701313018798828e-01
9.998406171798706055e-01
9.993694424629211426e-01
9.956454038619995117e-01
9.953101277351379395e-01
9.992525577545166016e-01
9.994729757308959961e-01
9.995231628417968750e-01
9.821661114692687988e-01
9.989595413208007812e-01
9.959047436714172363e-01
9.893434047698974609e-01
9.781884513795375824e-01
9.927682280540466309e-01
9.948424696922302246e-01
9.987340569496154785e-01
9.975545406341552734e-01
9.910780191421508789e-01
6.381871998310089111e-01
7.837288230657577515e-01
8.812344595789909363e-01
9.585761427879333496e-01
9.783429503440856934e-01
9.830914139747619629e-01
9.987037777900695801e-01
9.822723865509033203e-01
9.918369650840759277e-01
9.686185121536254883e-01
9.969673156738281250e-01
9.762403964996337891e-01
9.827670454978942871e-01
6.301537156105041504e-01
8.003603219985961914e-01
4.648191928863525391e-01
5.165492892265319824e-01
2.434311509132385254e-01
7.468500137329101562e-01
4.391743838787078857e-01
5.471766293048858643e-01
6.252328753471374512e-01
7.443566322326660156e-01
6.807079315185546875e-01
3.927609026432037354e-01
7.184314131736755371e-01
7.654269337654113770e-01
6.677241325378417969e-01
9.273055493831634521e-01
9.205530881881713867e-01
6.391525864601135254e-01
5.316527783870697021e-01
4.548983275890350342e-01
3.300903439521789551e-01
2.786802649497985840e-01
3.423772156238555908e-01
6.044832766056060791e-01
4.440554380416870117e-01
5.145146250724792480e-01
4.634026885032653809e-01
2.898985147476196289e-01
5.095875859260559082e-01
3.560505509376525879e-01
4.756607413291931152e-01
5.376548767089843750e-01
5.450022220611572266e-01
4.441491961479187012e-01
5.175504386425018311e-01
6.195835471153259277e-01
4.311726689338684082e-01
3.403551578521728516e-01
3.922652006149291992e-01
4.524584412574768066e-01
4.346501827239990234e-01
4.299421012401580811e-01
3.806682229042053223e-01
3.991216421127319336e-01
5.944731235504150391e-01
4.222921431064605713e-01
4.659712910652160645e-01
6.059390306472778320e-01
5.712100267410278320e-01
5.797851085662841797e-01
4.645636081695556641e-01
4.121600985527038574e-01
3.928039669990539551e-01
3.944525122642517090e-01
3.449088335037231445e-01
3.100053966045379639e-01
4.904271960258483887e-01
4.530047774314880371e-01
4.430334568023681641e-01
6.211550831794738770e-01
3.906834125518798828e-01
4.746252298355102539e-01
4.002974033355712891e-01
4.163269102573394775e-01
4.690207242965698242e-01
3.886585235595703125e-01
3.476477861404418945e-01
4.450411498546600342e-01
4.451993107795715332e-01
3.864431977272033691e-01
