9.961766004562377930e-01
2.928562760353088379e-01
4.109065830707550049e-01
8.505931496620178223e-01
9.950274825096130371e-01
9.988708496093750000e-01
9.985769391059875488e-01
9.988923072814941406e-01
9.909592270851135254e-01
9.864619374275207520e-01
9.960792660713195801e-01
9.994250535964965820e-01
9.998773932456970215e-01
9.986487627029418945e-01
9.978906512260437012e-01
9.995633959770202637e-01
9.993893504142761230e-01
9.998386502265930176e-01
9.998543262481689453e-01
9.998669028282165527e-01
9.998931884765625000e-01
9.998803734779357910e-01
9.988817572593688965e-01
9.996866583824157715e-01
9.999222755432128906e-01
9.999416470527648926e-01
9.999222755432128906e-01
9.988009333610534668e-01
9.998557567596435547e-01
9.999142289161682129e-01
9.999305009841918945e-01
9.998890757560729980e-01
9.998688101768493652e-01
9.999122619628906250e-01
9.999205470085144043e-01
9.999247193336486816e-01
9.999231696128845215e-01
9.997866153717041016e-01
9.998871088027954102e-01
9.998812675476074219e-01
9.998825788497924805e-01
9.963735938072204590e-01
9.778335690498352051e-01
9.925088286399841309e-01
9.341635704040527344e-01
9.941971302032470703e-01
9.884471893310546875e-01
3.077871203422546387e-01
6.075059175491333008e-01
9.919075965881347656e-01
9.993118643760681152e-01
9.990076422691345215e-01
9.994947314262390137e-01
9.998266696929931641e-01
9.988945722579956055e-01
9.636690020561218262e-01
9.990992546081542969e-01
9.990650415420532227e-01
9.995859265327453613e-01
9.995688199996948242e-01
9.997556805610656738e-01
9.985182285308837891e-01
9.992905259132385254e-01
9.995502829551696777e-01
9.994786381721496582e-01
9.993143677711486816e-01
9.997652769088745117e-01
9.991948008537292480e-01
9.997823238372802734e-01
9.990437626838684082e-01
9.986630678176879883e-01
9.987103939056396484e-01
9.978742599487304688e-01
9.995833039283752441e-01
9.971895217895507812e-01
9.998471140861511230e-01
9.994754791259765625e-01
9.991483688354492188e-01
9.184645414352416992e-01
9.829731583595275879e-01
9.346271753311157227e-01
9.908328652381896973e-01
9.995878934860229492e-01
9.990642070770263672e-01
9.787676930427551270e-01
9.512136578559875488e-01
9.991426467895507812e-01
9.996464252471923828e-01
9.995190501213073730e-01
9.996572732925415039e-01
9.996999502182006836e-01
9.997890591621398926e-01
9.997375011444091797e-01
9.995807409286499023e-01
9.995898604393005371e-01
9.994297027587890625e-01
9.997860789299011230e-01
9.996427893638610840e-01
9.996079206466674805e-01
9.996851682662963867e-01
9.997922182083129883e-01
9.965516328811645508e-01
9.989768266677856445e-01
9.979184865951538086e-01
9.996001124382019043e-01
9.995362758636474609e-01
9.993643164634704590e-01
9.992581605911254883e-01
9.995161890983581543e-01
9.981455206871032715e-01
9.995425343513488770e-01
9.989457130432128906e-01
9.997479319572448730e-01
9.992305040359497070e-01
9.997594952583312988e-01
9.994659423828125000e-01
9.991298317909240723e-01
9.995522499084472656e-01
9.983245134353637695e-01
9.994963407516479492e-01
9.985272884368896484e-01
9.993964433670043945e-01
9.992248415946960449e-01
9.994745850563049316e-01
9.970335364341735840e-01
9.706736207008361816e-01
8.850982785224914551e-01
9.143170714378356934e-01
9.356647133827209473e-01
9.557399153709411621e-01
9.665674306452274323e-01
8.017969727516174316e-01
9.728541374206542969e-01
9.150732755661010742e-01
9.621056318283081055e-01
7.139608860015869141e-01
9.666963219642639160e-01
7.475087046623229980e-01
9.218300580978393555e-01
6.634619534015655518e-01
9.336873292922973633e-01
9.545395970344543457e-01
9.289835691452026367e-01
9.470199942588806152e-01
9.839099645614624023e-01
9.749261736869812012e-01
9.734875559806823730e-01
9.462978839874267578e-01
7.891241610050201416e-01
2.799687981605529785e-01
5.360103845596313477e-01
6.358130574226379395e-01
6.088818013668060303e-01
8.424509167671203613e-01
7.395113706588745117e-01
6.095370054244995117e-01
5.503039956092834473e-01
6.904081702232360840e-01
6.934648752212524414e-01
7.289234995841979980e-01
8.164988756179809570e-01
6.091769039630889893e-01
7.317581772804260254e-01
7.752190232276916504e-01
8.776274323463439941e-01
7.691745758056640625e-01
6.463437676429748535e-01
7.397336363792419434e-01
4.575637280941009521e-01
5.138517618179321289e-01
6.396337151527404785e-01
4.528477191925048828e-01
4.568639695644378662e-01
4.488106071949005127e-01
5.012767314910888672e-01
3.286324441432952881e-01
4.688036441802978516e-01
4.707198143005371094e-01
4.784902036190032959e-01
3.577979803085327148e-01
5.549000501632690430e-01
4.568343162536621094e-01
3.845555186271667480e-01
4.695156812667846680e-01
3.269081115722656250e-01
3.575418591499328613e-01
3.109319210052490234e-01
3.523802757263183594e-01
4.249761700630187988e-01
4.298108816146850586e-01
4.516636133193969727e-01
3.450019955635070801e-01
3.733513951301574707e-01
4.239698648452758789e-01
3.785944581031799316e-01
4.691970348358154297e-01
5.177466869354248047e-01
5.738716423511505127e-01
5.970475971698760986e-01
5.585573911666870117e-01
5.439921021461486816e-01
5.800682008266448975e-01
6.937339901924133301e-01
6.647685766220092773e-01
6.975104212760925293e-01
5.179579257965087891e-01
