9.961766004562377930e-01
9.970693588256835938e-01
9.985863566398620605e-01
6.561008989810943604e-01
9.846214652061462402e-01
9.987663626670837402e-01
4.852566421031951904e-01
7.445484995841979980e-01
9.955805540084838867e-01
9.956941008567810059e-01
9.976858496665954590e-01
9.995087981224060059e-01
9.998688101768493652e-01
9.998847842216491699e-01
9.987072944641113281e-01
9.982871413230895996e-01
9.994984865188598633e-01
9.998257160186767578e-01
9.998814463615417480e-01
9.585264921188354492e-01
9.979286193847656250e-01
9.996428489685058594e-01
9.998295903205871582e-01
9.998399615287780762e-01
9.999109506607055664e-01
9.999142289161682129e-01
9.999448657035827637e-01
9.999305605888366699e-01
9.998197555541992188e-01
9.998757839202880859e-01
9.999055266380310059e-01
9.999178051948547363e-01
9.999440312385559082e-01
9.998990893363952637e-01
9.998912811279296875e-01
9.999257326126098633e-01
9.999186992645263672e-01
9.997813701629638672e-01
8.489871621131896973e-01
9.895275831222534180e-01
9.991501569747924805e-01
9.996076822280883789e-01
9.928292632102966309e-01
9.913960695266723633e-01
9.996252655982971191e-01
9.982556700706481934e-01
5.933114886283874512e-01
9.928652048110961914e-01
9.981324076652526855e-01
9.975063204765319824e-01
9.967595934867858887e-01
9.992100596427917480e-01
9.990823864936828613e-01
9.994564056396484375e-01
9.996466040611267090e-01
9.998443722724914551e-01
9.994576573371887207e-01
9.991962909698486328e-01
9.996604323387145996e-01
9.996410608291625977e-01
9.997043609619140625e-01
9.996770024299621582e-01
9.997912049293518066e-01
9.991831183433532715e-01
9.987898468971252441e-01
9.995424151420593262e-01
9.993451237678527832e-01
9.992812275886535645e-01
9.988836646080017090e-01
9.990397691726684570e-01
9.995963573455810547e-01
9.997809529304504395e-01
9.997348189353942871e-01
9.997556209564208984e-01
9.972954988479614258e-01
9.646793007850646973e-01
9.982291460037231445e-01
9.995719194412231445e-01
9.998348951339721680e-01
9.950988888740539551e-01
9.984039068222045898e-01
9.980190992355346680e-01
9.987043142318725586e-01
9.989277720451354980e-01
9.982625842094421387e-01
9.997813105583190918e-01
9.995040297508239746e-01
9.996193051338195801e-01
9.993916153907775879e-01
9.974883794784545898e-01
9.967073798179626465e-01
9.992587566375732422e-01
9.997117519378662109e-01
9.994832277297973633e-01
9.995887279510498047e-01
9.995098710060119629e-01
9.996801018714904785e-01
9.996079802513122559e-01
9.994764328002929688e-01
9.994384646415710449e-01
9.993773698806762695e-01
9.995458126068115234e-01
9.995328187942504883e-01
9.995811581611633301e-01
9.995576739311218262e-01
9.985422492027282715e-01
9.696042537689208984e-01
9.990803003311157227e-01
9.969697594642639160e-01
9.974131584167480469e-01
9.993993639945983887e-01
9.990668296813964844e-01
9.982515573501586914e-01
9.994745850563049316e-01
9.981631040573120117e-01
9.997673630714416504e-01
9.997012615203857422e-01
9.989322423934936523e-01
9.898296594619750977e-01
9.984951615333557129e-01
9.987089037895202637e-01
9.994868636131286621e-01
9.990220069885253906e-01
9.768531918525695801e-01
9.820494651794433594e-01
9.973281025886535645e-01
8.965221047401428223e-01
9.373607039451599121e-01
9.809011816978454590e-01
9.953215122222900391e-01
9.980083703994750977e-01
9.993363618850708008e-01
9.886485934257507324e-01
9.543512463569641113e-01
9.272589087486267090e-01
9.847682118415832520e-01
9.860857725143432617e-01
9.975353479385375977e-01
9.976105690002441406e-01
9.895353913307189941e-01
9.856158494949340820e-01
9.804374575614929199e-01
9.860384464263916016e-01
9.902865886688232422e-01
9.870170354843139648e-01
9.800206422805786133e-01
9.692921042442321777e-01
9.725256562232971191e-01
7.843642234802246094e-01
6.265654563903808594e-01
7.833414226770401001e-01
4.167841076850891113e-01
5.564443469047546387e-01
8.240956664085388184e-01
4.437957406044006348e-01
7.889984250068664551e-01
4.913871288299560547e-01
3.931898474693298340e-01
3.761129379272460938e-01
6.069817841053009033e-01
6.748173236846923828e-01
5.525796115398406982e-01
6.112863421440124512e-01
4.020292758941650391e-01
5.641822218894958496e-01
2.832632064819335938e-01
4.478661417961120605e-01
2.447004318237304688e-01
3.730251193046569824e-01
2.441580891609191895e-01
2.892467975616455078e-01
3.259216547012329102e-01
2.373695969581604004e-01
3.022521436214447021e-01
2.814540266990661621e-01
2.069511413574218750e-01
2.432307004928588867e-01
3.548435568809509277e-01
3.161171078681945801e-01
2.543272376060485840e-01
3.004428148269653320e-01
2.618367969989776611e-01
2.387791126966476440e-01
2.800285816192626953e-01
2.241274714469909668e-01
2.317262887954711914e-01
2.956668734550476074e-01
3.750509023666381836e-01
3.541231155395507812e-01
3.732841610908508301e-01
4.194552898406982422e-01
3.577436208724975586e-01
3.341831564903259277e-01
2.631136178970336914e-01
2.685899734497070312e-01
3.247151374816894531e-01
3.618285059928894043e-01
3.830261826515197754e-01
3.988783955574035645e-01
5.544366240501403809e-01
4.939666390419006348e-01
4.594323337078094482e-01
