9.961766004562377930e-01
9.970693588256835938e-01
9.985863566398620605e-01
9.985475540161132812e-01
9.996557831764221191e-01
9.997925162315368652e-01
9.997665286064147949e-01
9.977559447288513184e-01
9.994528889656066895e-01
9.998061656951904297e-01
9.997804760932922363e-01
9.991544485092163086e-01
9.998142123222351074e-01
9.985582828521728516e-01
9.981738924980163574e-01
9.995446801185607910e-01
9.994136691093444824e-01
9.998365640640258789e-01
9.998649358749389648e-01
9.998674392700195312e-01
9.998931884765625000e-01
9.998803734779357910e-01
9.988584518432617188e-01
9.996910691261291504e-01
9.999221563339233398e-01
9.999417066574096680e-01
9.999079704284667969e-01
9.998803734779357910e-01
9.999184012413024902e-01
9.999430179595947266e-01
9.998901486396789551e-01
9.997887611389160156e-01
9.998829960823059082e-01
9.999043941497802734e-01
9.999023079872131348e-01
9.988088607788085938e-01
9.996585845947265625e-01
9.989560246467590332e-01
9.814071059226989746e-01
6.526919603347778320e-01
8.518067002296447754e-01
9.883891940116882324e-01
9.955319762229919434e-01
9.977068305015563965e-01
9.989294409751892090e-01
9.893378615379333496e-01
9.976826906204223633e-01
9.985145926475524902e-01
9.985162615776062012e-01
9.994706511497497559e-01
9.998008608818054199e-01
9.176630973815917969e-01
9.962994456291198730e-01
9.042053222656250000e-01
9.955555200576782227e-01
8.959689736366271973e-01
9.817169904708862305e-01
9.560103416442871094e-01
9.994750022888183594e-01
9.995629191398620605e-01
9.997317194938659668e-01
9.998292922973632812e-01
9.996848702430725098e-01
9.987393021583557129e-01
9.982331395149230957e-01
9.993745684623718262e-01
9.998065829277038574e-01
9.998391866683959961e-01
9.982884526252746582e-01
9.988595843315124512e-01
9.991523623466491699e-01
9.992332458496093750e-01
9.976037740707397461e-01
9.993957281112670898e-01
9.995349645614624023e-01
9.994549155235290527e-01
9.995549917221069336e-01
9.990572929382324219e-01
9.991559386253356934e-01
9.987872838973999023e-01
9.989637732505798340e-01
9.982147216796875000e-01
9.987211227416992188e-01
9.964545369148254395e-01
9.993581175804138184e-01
9.995313882827758789e-01
9.997540712356567383e-01
9.931325912475585938e-01
9.996504187583923340e-01
9.997936487197875977e-01
9.997540116310119629e-01
8.464280366897583008e-01
8.887590318918228149e-01
9.907940626144409180e-01
9.777594208717346191e-01
9.967282414436340332e-01
9.992356896400451660e-01
9.996089339256286621e-01
9.996895790100097656e-01
9.997594952583312988e-01
9.994488358497619629e-01
9.996984601020812988e-01
9.997806549072265625e-01
9.995958209037780762e-01
9.997844696044921875e-01
9.997295737266540527e-01
9.996906518936157227e-01
9.996978640556335449e-01
9.989985823631286621e-01
9.997334480285644531e-01
9.995509386062622070e-01
9.995568394660949707e-01
9.994884133338928223e-01
9.993546009063720703e-01
9.997463226318359375e-01
9.997723102569580078e-01
9.993893504142761230e-01
9.997062683105468750e-01
9.994918704032897949e-01
9.993358850479125977e-01
9.992079138755798340e-01
8.247615098953247070e-01
8.938049077987670898e-01
9.154517054557800293e-01
9.977307915687561035e-01
9.316274523735046387e-01
9.220684766769409180e-01
9.649006128311157227e-01
9.602651596069335938e-01
9.964177608489990234e-01
9.481509923934936523e-01
9.697341918945312500e-01
9.960190653800964355e-01
9.881507158279418945e-01
9.886249303817749023e-01
9.926654696464538574e-01
9.965630173683166504e-01
9.971947669982910156e-01
9.628947377204895020e-01
8.879172801971435547e-01
8.777739405632019043e-01
9.120945334434509277e-01
9.665504097938537598e-01
7.730603069067001343e-01
9.537881612777709961e-01
9.391863346099853516e-01
9.623233675956726074e-01
9.752712249755859375e-01
9.406530857086181641e-01
7.602151632308959961e-01
7.765659093856811523e-01
6.939946413040161133e-01
6.500212550163269043e-01
7.699849158525466919e-01
8.534730672836303711e-01
7.467641234397888184e-01
8.614210486412048340e-01
8.996760249137878418e-01
5.654052495956420898e-01
8.366465568542480469e-01
8.351629376411437988e-01
7.164932489395141602e-01
7.768402695655822754e-01
8.603832721710205078e-01
5.303763449192047119e-01
8.676388263702392578e-01
5.489391684532165527e-01
5.872917771339416504e-01
8.661893010139465332e-01
5.078653097152709961e-01
9.157978892326354980e-01
9.166656732559204102e-01
6.755503416061401367e-01
8.415365219116210938e-01
5.422413647174835205e-01
8.018866181373596191e-01
5.500552058219909668e-01
6.084324717521667480e-01
7.792450189590454102e-01
4.537554383277893066e-01
8.202517032623291016e-01
3.287285566329956055e-01
4.972382187843322754e-01
5.300530493259429932e-01
2.206212878227233887e-01
6.564143300056457520e-01
7.356726229190826416e-01
9.594368338584899902e-01
4.463187456130981445e-01
7.687136530876159668e-01
5.897993743419647217e-01
9.095236361026763916e-01
5.230324268341064453e-01
9.780974388122558594e-01
9.730052351951599121e-01
9.763161540031433105e-01
8.871309757232666016e-01
7.563715428113937378e-01
2.119121402502059937e-01
5.803644061088562012e-01
9.892164468765258789e-01
6.353475451469421387e-01
8.118551373481750488e-01
8.085203170776367188e-01
8.387679457664489746e-01
9.801698327064514160e-01
9.860292077064514160e-01
9.848403930664062500e-01
9.917418360710144043e-01
8.661183118820190430e-01
9.539983868598937988e-01
9.779086709022521973e-01
9.138277769088745117e-01
8.993246555328369141e-01
9.352903366088867188e-01
9.636034965515136719e-01
4.127508997917175293e-01
8.223620057106018066e-01
5.581615865230560303e-01
6.197174787521362305e-01
3.341838717460632324e-01
7.300297021865844727e-01
2.788407206535339355e-01
9.029531478881835938e-01
4.493278861045837402e-01
6.355698704719543457e-01
5.283753573894500732e-01
6.880953311920166016e-01
7.274184226989746094e-01
7.122093439102172852e-01
7.466665506362915039e-01
6.181728839874267578e-01
7.061819732189178467e-01
7.037759125232696533e-01
8.567132949829101562e-01
8.232899308204650879e-01
8.161643743515014648e-01
5.936782062053680420e-01
7.577192634344100952e-01
8.108378052711486816e-01
4.086437821388244629e-01
6.891610622406005859e-01
4.602172374725341797e-01
8.692818880081176758e-01
7.154956459999084473e-01
7.293057441711425781e-01
6.596636772155761719e-01
5.594227910041809082e-01
6.462329030036926270e-01
5.869069695472717285e-01
8.839995265007019043e-01
9.193205237388610840e-01
8.250823616981506348e-01
8.745254874229431152e-01
8.804530501365661621e-01
8.240661621093750000e-01
7.984769344329833984e-01
7.149090766906738281e-01
7.555652260780334473e-01
7.224766016006469727e-01
5.119835138320922852e-01
6.313379406929016113e-01
3.628239333629608154e-01
1.615429520606994629e-01
3.225825428962707520e-01
3.878138959407806396e-01
1.563100814819335938e-01
3.016662001609802246e-01
3.735485672950744629e-01
1.942141652107238770e-01
4.230035245418548584e-01
3.613693118095397949e-01
2.776470780372619629e-01
3.845745921134948730e-01
5.194318592548370361e-01
4.190307259559631348e-01
5.402596592903137207e-01
5.293237864971160889e-01
4.026578962802886963e-01
2.813385725021362305e-01
1.253444552421569824e-01
3.225077390670776367e-01
3.258494138717651367e-01
4.220889210700988770e-01
3.458645343780517578e-01
3.289588689804077148e-01
4.628564715385437012e-01
2.293990850448608398e-01
1.174569055438041687e-01
2.187184095382690430e-01
2.947140336036682129e-01
1.687538027763366699e-01
2.176743149757385254e-01
1.996814608573913574e-01
1.956745684146881104e-01
3.813318610191345215e-01
2.139137387275695801e-01
3.585521578788757324e-01
3.638204932212829590e-01
4.529540538787841797e-01
4.303757548332214355e-01
3.829140067100524902e-01
4.128252267837524414e-01
4.462155103683471680e-01
3.777691721916198730e-01
3.953720927238464355e-01
3.257460892200469971e-01
4.631778597831726074e-01
4.617649614810943604e-01
3.301975131034851074e-01
4.576846957206726074e-01
3.602981567382812500e-01
4.326096177101135254e-01
4.562871456146240234e-01
4.627783894538879395e-01
3.229267299175262451e-01
4.253453612327575684e-01
4.198243618011474609e-01
4.405137896537780762e-01
2.466513514518737793e-01
3.712117671966552734e-01
4.234095811843872070e-01
2.964164614677429199e-01
4.377455711364746094e-01
