9.961766004562377930e-01
9.970693588256835938e-01
9.985863566398620605e-01
6.561009287834167480e-01
9.846214652061462402e-01
9.987663626670837402e-01
4.852566421031951904e-01
7.445484995841979980e-01
9.955805540084838867e-01
9.956941008567810059e-01
9.976858496665954590e-01
9.995087981224060059e-01
9.998688101768493652e-01
9.998847842216491699e-01
9.987072944641113281e-01
9.982871413230895996e-01
9.994984865188598633e-01
9.998257160186767578e-01
9.998814463615417480e-01
9.585265293717384338e-01
9.979286193847656250e-01
9.996428489685058594e-01
9.998295903205871582e-01
9.998399615287780762e-01
9.999109506607055664e-01
9.999142289161682129e-01
9.999448657035827637e-01
9.999418854713439941e-01
9.999310374259948730e-01
9.998266696929931641e-01
9.998769760131835938e-01
9.999142885208129883e-01
9.999395012855529785e-01
9.999055862426757812e-01
9.998883008956909180e-01
9.999247193336486816e-01
9.999217987060546875e-01
9.997813701629638672e-01
8.393104076385498047e-01
9.892195463180541992e-01
9.991501569747924805e-01
9.733334779739379883e-01
6.107131540775299072e-01
9.773063659667968750e-01
4.784139990806579590e-01
5.755491256713867188e-01
9.109342694282531738e-01
9.973723888397216797e-01
6.850774884223937988e-01
9.822685122489929199e-01
9.994950890541076660e-01
9.993164539337158203e-01
9.996630549430847168e-01
9.996314644813537598e-01
9.996438026428222656e-01
9.998569488525390625e-01
9.993286728858947754e-01
9.991908669471740723e-01
9.996787905693054199e-01
9.994241595268249512e-01
9.998061060905456543e-01
9.988356232643127441e-01
9.998655915260314941e-01
9.996817708015441895e-01
9.976528882980346680e-01
9.987109303474426270e-01
9.991865754127502441e-01
9.993204474449157715e-01
9.992373585700988770e-01
9.988271594047546387e-01
9.997419118881225586e-01
9.986260533332824707e-01
9.970251917839050293e-01
9.995706677436828613e-01
9.924831390380859375e-01
9.976156353950500488e-01
9.991869926452636719e-01
9.984309077262878418e-01
9.988458752632141113e-01
3.287937641143798828e-01
4.949359595775604248e-01
9.992462992668151855e-01
9.987067580223083496e-01
9.989252686500549316e-01
9.994463920593261719e-01
9.997888803482055664e-01
9.998348951339721680e-01
9.997642636299133301e-01
9.944007396697998047e-01
9.988283514976501465e-01
9.983127117156982422e-01
9.994788765907287598e-01
9.998605847358703613e-01
9.995720386505126953e-01
9.997053742408752441e-01
9.993013739585876465e-01
9.996685385704040527e-01
9.996340870857238770e-01
9.997535347938537598e-01
9.983513951301574707e-01
9.993187785148620605e-01
9.995162487030029297e-01
9.998092651367187500e-01
9.996066689491271973e-01
9.995193481445312500e-01
9.996719360351562500e-01
9.997466802597045898e-01
9.997952580451965332e-01
9.984131455421447754e-01
6.183375120162963867e-01
6.600984334945678711e-01
7.075383663177490234e-01
9.018376469612121582e-01
9.985891580581665039e-01
9.989506602287292480e-01
9.998320937156677246e-01
9.697929024696350098e-01
7.866395711898803711e-01
8.076924085617065430e-01
9.989751577377319336e-01
9.991860985755920410e-01
9.767090082168579102e-01
7.575569152832031250e-01
9.831014275550842285e-01
9.988189339637756348e-01
9.747426509857177734e-01
5.968924760818481445e-01
9.666999578475952148e-01
9.057281613349914551e-01
8.607824444770812988e-01
9.694398641586303711e-01
9.128881096839904785e-01
3.717669844627380371e-01
9.403895139694213867e-01
9.912022948265075684e-01
4.412606358528137207e-01
9.926360249519348145e-01
9.882326126098632812e-01
9.896899461746215820e-01
9.917301535606384277e-01
9.752150177955627441e-01
9.808714985847473145e-01
9.950721263885498047e-01
9.920045137405395508e-01
9.731644988059997559e-01
9.106296077370643616e-01
8.944727852940559387e-01
8.813424110412597656e-01
9.606572389602661133e-01
7.970287799835205078e-01
9.157488346099853516e-01
8.592282533645629883e-01
9.328559041023254395e-01
8.503486514091491699e-01
9.181452393531799316e-01
9.604580998420715332e-01
8.737463355064392090e-01
8.935729265213012695e-01
8.621309995651245117e-01
8.895789980888366699e-01
8.139374852180480957e-01
9.189064502716064453e-01
9.554041624069213867e-01
9.670169353485107422e-01
9.620144367218017578e-01
8.777066469192504883e-01
5.850828289985656738e-01
5.556227862834930420e-01
4.615114927291870117e-01
5.435667037963867188e-01
5.869073867797851562e-01
9.036307334899902344e-01
8.646006584167480469e-01
8.845666050910949707e-01
7.965479493141174316e-01
8.762493208050727844e-01
6.020985841751098633e-01
7.647876739501953125e-01
9.532799124717712402e-01
7.057357430458068848e-01
8.659855127334594727e-01
7.266467809677124023e-01
9.380659461021423340e-01
7.089811563491821289e-01
5.369790792465209961e-01
7.701144218444824219e-01
6.146806478500366211e-01
6.517235636711120605e-01
5.459039807319641113e-01
7.794725000858306885e-01
7.506241202354431152e-01
7.726811170578002930e-01
8.288246393203735352e-01
7.812591195106506348e-01
5.705500245094299316e-01
5.656555294990539551e-01
5.984680056571960449e-01
7.274471521377563477e-01
7.187368869781494141e-01
8.547618389129638672e-01
5.725496411323547363e-01
6.144319772720336914e-01
6.100360155105590820e-01
7.802454233169555664e-01
5.268202424049377441e-01
6.970603168010711670e-01
7.673870921134948730e-01
7.765106558799743652e-01
7.707132101058959961e-01
8.021196722984313965e-01
7.967213988304138184e-01
6.786065995693206787e-01
8.762918710708618164e-01
5.721691250801086426e-01
6.992290019989013672e-01
6.157497763633728027e-01
6.591133177280426025e-01
7.783668041229248047e-01
7.381221652030944824e-01
7.669849544763565063e-01
5.290635526180267334e-01
4.349916279315948486e-01
5.629142522811889648e-01
4.908257126808166504e-01
5.888318419456481934e-01
5.001202225685119629e-01
4.726998507976531982e-01
6.084222197532653809e-01
4.518141746520996094e-01
5.043878853321075439e-01
5.974715650081634521e-01
4.260162115097045898e-01
4.091661572456359863e-01
4.632374644279479980e-01
4.509313702583312988e-01
4.104549288749694824e-01
5.671411156654357910e-01
