9.961766004562377930e-01
9.970693588256835938e-01
4.997427463531494141e-01
5.682863593101501465e-01
9.958591461181640625e-01
9.985280632972717285e-01
9.986448287963867188e-01
9.990281462669372559e-01
9.871220588684082031e-01
9.900075793266296387e-01
9.960792660713195801e-01
9.994250535964965820e-01
9.998773932456970215e-01
9.986352920532226562e-01
9.978906512260437012e-01
9.995775818824768066e-01
9.993993639945983887e-01
9.998386502265930176e-01
9.998552799224853516e-01
9.998674392700195312e-01
9.990602731704711914e-01
9.982728362083435059e-01
9.998443722724914551e-01
9.998319149017333984e-01
9.999225735664367676e-01
9.999374151229858398e-01
9.999262094497680664e-01
9.993876814842224121e-01
9.998711943626403809e-01
9.999046921730041504e-01
9.999073147773742676e-01
9.999373555183410645e-01
9.999416470527648926e-01
9.999026060104370117e-01
9.998951554298400879e-01
9.999216794967651367e-01
9.999186992645263672e-01
9.998072981834411621e-01
9.997540712356567383e-01
9.998805522918701172e-01
9.969306588172912598e-01
7.005590200424194336e-01
9.907473921775817871e-01
9.144235253334045410e-01
9.804731011390686035e-01
6.258881390094757080e-01
7.750478833913803101e-01
5.001035332679748535e-01
6.797968149185180664e-01
9.881889820098876953e-01
9.987920522689819336e-01
9.995244741439819336e-01
9.994239211082458496e-01
9.996280670166015625e-01
9.998564124107360840e-01
9.993029236793518066e-01
9.991830587387084961e-01
9.996501803398132324e-01
9.996174573898315430e-01
9.996996521949768066e-01
9.996852874755859375e-01
9.997581839561462402e-01
9.997052550315856934e-01
9.977225065231323242e-01
9.991281032562255859e-01
9.994658827781677246e-01
9.988762736320495605e-01
9.995054006576538086e-01
9.993468523025512695e-01
9.996917247772216797e-01
9.997051954269409180e-01
9.994993209838867188e-01
9.970198869705200195e-01
9.991806149482727051e-01
9.962857365608215332e-01
9.927476644515991211e-01
9.987503886222839355e-01
9.633883833885192871e-01
9.082989320158958435e-01
9.996241331100463867e-01
9.990571141242980957e-01
9.992653131484985352e-01
9.994642734527587891e-01
9.993433952331542969e-01
9.997117519378662109e-01
9.988778829574584961e-01
9.976823329925537109e-01
9.993228912353515625e-01
9.981710314750671387e-01
9.993085265159606934e-01
9.989209771156311035e-01
9.996132254600524902e-01
9.961267113685607910e-01
9.920117259025573730e-01
9.980230331420898438e-01
9.987008571624755859e-01
9.988932609558105469e-01
9.919934868812561035e-01
9.989577531814575195e-01
9.994557499885559082e-01
9.969866871833801270e-01
9.995281100273132324e-01
9.995563626289367676e-01
9.992882013320922852e-01
9.996423125267028809e-01
9.980825185775756836e-01
9.994536042213439941e-01
9.990355372428894043e-01
9.900576472282409668e-01
9.992239475250244141e-01
9.986721277236938477e-01
9.981357455253601074e-01
9.992491006851196289e-01
9.991018176078796387e-01
9.997828006744384766e-01
9.985536932945251465e-01
9.945868849754333496e-01
9.977269768714904785e-01
9.976599812507629395e-01
9.991465210914611816e-01
9.996032714843750000e-01
9.991840720176696777e-01
9.981468319892883301e-01
7.421695590019226074e-01
9.810452461242675781e-01
9.415414594113826752e-01
9.180524945259094238e-01
9.788770079612731934e-01
9.946562051773071289e-01
9.986292719841003418e-01
9.974455833435058594e-01
9.860712885856628418e-01
9.965450167655944824e-01
9.801036715507507324e-01
9.978011846542358398e-01
9.890747070312500000e-01
9.963021278381347656e-01
9.989274740219116211e-01
9.966372251510620117e-01
9.937483668327331543e-01
9.882377982139587402e-01
9.950782060623168945e-01
9.920518994331359863e-01
9.927803277969360352e-01
9.791777729988098145e-01
9.779697060585021973e-01
9.260703325271606445e-01
9.266142249107360840e-01
9.409009814262390137e-01
7.034877538681030273e-01
7.344403266906738281e-01
9.081392884254455566e-01
8.061898946762084961e-01
9.797078371047973633e-01
9.111044406890869141e-01
8.140592575073242188e-01
7.012210786342620850e-01
7.694676518440246582e-01
5.385256409645080566e-01
7.141198515892028809e-01
8.629311919212341309e-01
1.881703734397888184e-01
9.102054238319396973e-01
1.038848161697387695e-01
9.013243913650512695e-01
7.007294893264770508e-02
6.527043879032135010e-01
2.672813534736633301e-01
5.731361508369445801e-01
2.432218790054321289e-01
5.198187232017517090e-01
5.480038821697235107e-01
1.326797008514404297e-01
4.722859561443328857e-01
5.573881864547729492e-01
2.946335971355438232e-01
9.758250117301940918e-01
8.930386304855346680e-01
8.222767114639282227e-01
7.255049943923950195e-01
8.899518251419067383e-01
7.649375796318054199e-01
9.910845756530761719e-01
9.779610633850097656e-01
8.171657919883728027e-01
8.246657848358154297e-01
5.838635563850402832e-01
6.615130007266998291e-01
8.692150712013244629e-01
9.060359001159667969e-01
8.940191268920898438e-01
9.146819710731506348e-01
9.846058487892150879e-01
9.559985399246215820e-01
9.534350037574768066e-01
4.681950807571411133e-01
9.486081600189208984e-01
6.400250196456909180e-01
9.456623196601867676e-01
9.926915764808654785e-01
9.921118021011352539e-01
9.883037209510803223e-01
8.299617767333984375e-01
9.432978034019470215e-01
9.819718599319458008e-01
9.065749049186706543e-01
9.496704339981079102e-01
7.420830130577087402e-01
8.456361591815948486e-01
2.203781455755233765e-01
8.595133423805236816e-01
5.447117984294891357e-01
7.490088343620300293e-01
6.672117114067077637e-01
8.591512143611907959e-01
4.078062176704406738e-01
8.684279918670654297e-01
6.015341877937316895e-01
7.444874048233032227e-01
2.520581483840942383e-01
8.796532154083251953e-01
6.971418261528015137e-01
8.328703641891479492e-01
9.445503950119018555e-01
9.197387099266052246e-01
8.270956575870513916e-01
7.827737331390380859e-01
5.693061351776123047e-01
8.297668695449829102e-01
6.141840219497680664e-01
8.026419878005981445e-01
8.461948037147521973e-01
8.404814600944519043e-01
8.251900970935821533e-01
6.114734411239624023e-01
7.463315129280090332e-01
7.950224131345748901e-01
7.942578196525573730e-01
5.319285392761230469e-01
6.733242273330688477e-01
7.289903759956359863e-01
7.172681093215942383e-01
4.501817226409912109e-01
7.280248999595642090e-01
7.421406507492065430e-01
5.562097132205963135e-01
4.158636033535003662e-01
5.221472084522247314e-01
7.329299747943878174e-01
4.184194803237915039e-01
6.233165264129638672e-01
5.916551351547241211e-01
6.775456666946411133e-01
5.294407904148101807e-01
5.170707702636718750e-01
5.288468599319458008e-01
3.304979801177978516e-01
5.984066128730773926e-01
4.902857542037963867e-01
5.913111567497253418e-01
6.120248436927795410e-01
5.536778569221496582e-01
2.761795520782470703e-01
3.546567857265472412e-01
3.160272836685180664e-01
3.568015098571777344e-01
4.057021141052246094e-01
3.260083198547363281e-01
2.214294672012329102e-01
3.558091521263122559e-01
3.578134179115295410e-01
3.055332601070404053e-01
3.477353453636169434e-01
3.778331875801086426e-01
3.666530549526214600e-01
2.683951258659362793e-01
2.653205990791320801e-01
2.652362585067749023e-01
4.231267571449279785e-01
2.414242625236511230e-01
3.571943044662475586e-01
2.701970934867858887e-01
2.331866770982742310e-01
2.714179158210754395e-01
2.759627699851989746e-01
3.287515044212341309e-01
2.277483940124511719e-01
2.499132156372070312e-01
2.119771242141723633e-01
2.905685305595397949e-01
2.125220298767089844e-01
2.498041391372680664e-01
2.957707643508911133e-01
2.919023633003234863e-01
2.165174484252929688e-01
2.853256464004516602e-01
2.536137998104095459e-01
2.186614871025085449e-01
2.041790485382080078e-01
2.899246811866760254e-01
2.827172279357910156e-01
2.400988936424255371e-01
2.342773675918579102e-01
2.858867049217224121e-01
