9.961766004562377930e-01
9.970693588256835938e-01
4.997427463531494141e-01
5.682862997055053711e-01
9.958591461181640625e-01
9.985280632972717285e-01
9.986448287963867188e-01
9.990281462669372559e-01
9.996793270111083984e-01
9.928966164588928223e-01
9.857288599014282227e-01
9.994789361953735352e-01
9.998585581779479980e-01
9.988344311714172363e-01
9.980738162994384766e-01
9.994714856147766113e-01
9.994907379150390625e-01
9.998394846916198730e-01
9.998552203178405762e-01
9.998669028282165527e-01
9.990972876548767090e-01
9.983353018760681152e-01
9.998444914817810059e-01
9.998320937156677246e-01
9.999223351478576660e-01
9.999374747276306152e-01
9.999264478683471680e-01
9.993850588798522949e-01
9.998721480369567871e-01
9.999051690101623535e-01
9.999091625213623047e-01
9.999374151229858398e-01
9.999417066574096680e-01
9.999030232429504395e-01
9.998956918716430664e-01
9.999222755432128906e-01
9.999190568923950195e-01
9.997760653495788574e-01
9.883664250373840332e-01
9.893167614936828613e-01
9.991129040718078613e-01
9.771909117698669434e-01
9.902498126029968262e-01
9.790536761283874512e-01
9.786550402641296387e-01
9.994766116142272949e-01
8.331376314163208008e-01
9.964419007301330566e-01
8.035908937454223633e-01
9.970513582229614258e-01
9.989117980003356934e-01
9.993815422058105469e-01
9.995655417442321777e-01
9.994204044342041016e-01
9.998408555984497070e-01
9.994392991065979004e-01
9.991801977157592773e-01
9.996572732925415039e-01
9.996224045753479004e-01
9.996988773345947266e-01
9.996874928474426270e-01
9.998531341552734375e-01
9.991457462310791016e-01
9.987062811851501465e-01
9.995400905609130859e-01
9.994764328002929688e-01
9.994934201240539551e-01
9.992226362228393555e-01
9.988139867782592773e-01
9.997397065162658691e-01
9.966596961021423340e-01
9.985477328300476074e-01
9.993498325347900391e-01
9.994776248931884766e-01
9.845595359802246094e-01
9.807237703353166580e-01
9.997157454490661621e-01
9.998170137405395508e-01
9.992301464080810547e-01
9.990656375885009766e-01
9.965742826461791992e-01
9.990393519401550293e-01
9.980049133300781250e-01
9.963530302047729492e-01
9.996032714843750000e-01
9.989851713180541992e-01
9.997323751449584961e-01
9.989507794380187988e-01
9.997323751449584961e-01
9.996405839920043945e-01
9.959368109703063965e-01
9.993386268615722656e-01
9.995464682579040527e-01
9.990401268005371094e-01
9.995341300964355469e-01
9.988844990730285645e-01
9.992682337760925293e-01
9.995303750038146973e-01
9.995379447937011719e-01
9.987139105796813965e-01
9.983947277069091797e-01
9.995279312133789062e-01
9.997634291648864746e-01
9.995313882827758789e-01
9.989461898803710938e-01
9.985674023628234863e-01
9.982568621635437012e-01
9.959839582443237305e-01
9.966246485710144043e-01
9.963868856430053711e-01
9.978600740432739258e-01
9.987579584121704102e-01
9.988030791282653809e-01
9.991431236267089844e-01
9.996747970581054688e-01
9.985420107841491699e-01
9.982625842094421387e-01
9.974487423896789551e-01
9.971980452537536621e-01
9.996187686920166016e-01
9.993724226951599121e-01
9.988593459129333496e-01
9.975854754447937012e-01
9.912914037704467773e-01
9.990611672401428223e-01
9.978702664375305176e-01
9.979363679885864258e-01
9.586117863655090332e-01
9.693990349769592285e-01
9.409672617912292480e-01
9.967377781867980957e-01
9.737108349800109863e-01
6.715421080589294434e-01
8.006711155176162720e-01
9.711517691612243652e-01
9.882742166519165039e-01
9.900757670402526855e-01
9.287194013595581055e-01
9.658049941062927246e-01
7.398313283920288086e-01
9.280229806900024414e-01
7.872738838195800781e-01
9.394955039024353027e-01
7.469785213470458984e-01
9.752727746963500977e-01
8.240081667900085449e-01
9.002961516380310059e-01
8.431174755096435547e-01
7.902730107307434082e-01
4.104583263397216797e-01
6.377103328704833984e-01
5.773371458053588867e-01
2.784327268600463867e-01
7.100232839584350586e-01
6.291663050651550293e-01
4.272791743278503418e-01
7.256752848625183105e-01
4.770537018775939941e-01
2.876055836677551270e-01
5.989958643913269043e-01
4.077920019626617432e-01
6.002778410911560059e-01
5.060316920280456543e-01
5.088268518447875977e-01
4.915994405746459961e-01
3.031272292137145996e-01
4.178937077522277832e-01
3.424797058105468750e-01
3.142018318176269531e-01
3.903883099555969238e-01
3.796012997627258301e-01
2.788221836090087891e-01
3.346662521362304688e-01
3.494253158569335938e-01
2.421456575393676758e-01
2.736867666244506836e-01
3.408435285091400146e-01
2.760223746299743652e-01
2.894458472728729248e-01
3.187723159790039062e-01
3.434574902057647705e-01
2.675465345382690430e-01
3.984866738319396973e-01
3.519898653030395508e-01
3.628808856010437012e-01
3.008089065551757812e-01
2.892792820930480957e-01
3.207424283027648926e-01
3.227925300598144531e-01
3.727857470512390137e-01
2.964131832122802734e-01
3.797517120838165283e-01
3.711414933204650879e-01
3.812892735004425049e-01
3.498357534408569336e-01
3.436695933341979980e-01
4.515701532363891602e-01
3.546088933944702148e-01
4.158758223056793213e-01
4.217361211776733398e-01
4.186989665031433105e-01
3.947422504425048828e-01
4.662519693374633789e-01
4.157385528087615967e-01
4.791505932807922363e-01
3.667787313461303711e-01
