9.961766004562377930e-01
9.970693588256835938e-01
9.985863566398620605e-01
6.561009287834167480e-01
9.846214652061462402e-01
9.987663626670837402e-01
4.852566719055175781e-01
7.445484995841979980e-01
9.955805540084838867e-01
9.956941008567810059e-01
9.976858496665954590e-01
9.995087981224060059e-01
9.998688101768493652e-01
9.998847842216491699e-01
9.987072944641113281e-01
9.982871413230895996e-01
9.994984865188598633e-01
9.998257160186767578e-01
9.998814463615417480e-01
9.585264921188354492e-01
9.979286193847656250e-01
9.996428489685058594e-01
9.998295903205871582e-01
9.998399615287780762e-01
9.999109506607055664e-01
9.999142289161682129e-01
9.999448657035827637e-01
9.999305605888366699e-01
9.998197555541992188e-01
9.998757839202880859e-01
9.999055266380310059e-01
9.999178051948547363e-01
9.999440312385559082e-01
9.999418854713439941e-01
9.999035596847534180e-01
9.998966455459594727e-01
9.999222755432128906e-01
9.997323155403137207e-01
8.683732002973556519e-01
9.904291629791259766e-01
9.989987015724182129e-01
9.996576309204101562e-01
9.932143092155456543e-01
5.615967512130737305e-01
9.825701117515563965e-01
9.992966055870056152e-01
7.164712548255920410e-01
9.923343062400817871e-01
7.274622321128845215e-01
9.974992871284484863e-01
9.988579750061035156e-01
9.993686079978942871e-01
9.995714426040649414e-01
9.994108676910400391e-01
9.895750284194946289e-01
9.983202219009399414e-01
9.981925487518310547e-01
9.986574928043410182e-01
9.995389580726623535e-01
9.991818070411682129e-01
9.992294907569885254e-01
9.997699856758117676e-01
9.997841119766235352e-01
9.984764456748962402e-01
9.993434548377990723e-01
9.979450702667236328e-01
9.997039437294006348e-01
9.990819692611694336e-01
9.989052414894104004e-01
9.994494915008544922e-01
9.995020627975463867e-01
9.997017383575439453e-01
9.996209740638732910e-01
9.993381500244140625e-01
9.967250823974609375e-01
9.538539052009582520e-01
8.839253783226013184e-01
9.861669540405273438e-01
9.821911454200744629e-01
9.160941243171691895e-01
9.704952239990234375e-01
9.766545295715332031e-01
9.949293136596679688e-01
9.975366592407226562e-01
9.991905093193054199e-01
9.995037913322448730e-01
9.997161030769348145e-01
9.995711445808410645e-01
9.996528625488281250e-01
9.987041354179382324e-01
9.974758028984069824e-01
9.992639422416687012e-01
9.996685385704040527e-01
9.995296597480773926e-01
9.994042515754699707e-01
9.994902610778808594e-01
9.996908903121948242e-01
9.997162222862243652e-01
9.991036057472229004e-01
9.993166327476501465e-01
9.991295933723449707e-01
9.996500611305236816e-01
9.984350800514221191e-01
9.995144605636596680e-01
9.993108510971069336e-01
9.929589629173278809e-01
9.940335750579833984e-01
9.995228648185729980e-01
9.778886437416076660e-01
9.978900551795959473e-01
9.980390071868896484e-01
9.961119890213012695e-01
9.993693828582763672e-01
9.987536668777465820e-01
9.994555711746215820e-01
9.997299909591674805e-01
9.990932941436767578e-01
9.968299865722656250e-01
9.985721707344055176e-01
9.991701245307922363e-01
9.979780912399291992e-01
9.947301149368286133e-01
9.863855838775634766e-01
9.494694806635379791e-01
8.852157592773437500e-01
9.000074863433837891e-01
9.840328097343444824e-01
9.912233352661132812e-01
9.985050559043884277e-01
9.545251131057739258e-01
7.575355172157287598e-01
9.614427089691162109e-01
8.310032486915588379e-01
9.541211724281311035e-01
9.660636782646179199e-01
9.404412508010864258e-01
6.071940064430236816e-01
8.962377905845642090e-01
9.848042130470275879e-01
6.614039540290832520e-01
9.581085443496704102e-01
8.511539697647094727e-01
9.739260673522949219e-01
7.233237028121948242e-01
7.876415848731994629e-01
8.985983133316040039e-01
6.994824409484863281e-01
5.501424670219421387e-01
7.493870258331298828e-01
5.855405330657958984e-01
4.415389895439147949e-01
3.503578305244445801e-01
3.446453213691711426e-01
1.957275271415710449e-01
5.036252140998840332e-01
3.347706198692321777e-01
6.105667352676391602e-01
7.142028212547302246e-01
4.173146486282348633e-01
4.346421360969543457e-01
5.959417819976806641e-01
5.943153500556945801e-01
6.369460225105285645e-01
4.337612390518188477e-01
4.038617908954620361e-01
4.385806620121002197e-01
3.589300811290740967e-01
3.660711646080017090e-01
4.271629452705383301e-01
4.473964869976043701e-01
5.104407370090484619e-01
4.254568815231323242e-01
5.132992863655090332e-01
4.520357251167297363e-01
3.628166615962982178e-01
4.104036986827850342e-01
5.945649147033691406e-01
3.408775031566619873e-01
2.734810113906860352e-01
4.006930589675903320e-01
2.684048414230346680e-01
3.893929719924926758e-01
3.500264286994934082e-01
2.922562956809997559e-01
2.558268904685974121e-01
3.076347112655639648e-01
2.712087631225585938e-01
3.071639537811279297e-01
4.385959506034851074e-01
3.774771690368652344e-01
4.018306732177734375e-01
3.064924180507659912e-01
4.123725593090057373e-01
3.840440213680267334e-01
3.653959631919860840e-01
3.505077362060546875e-01
3.776547908782958984e-01
3.982791900634765625e-01
4.781280457973480225e-01
5.024157464504241943e-01
6.535751819610595703e-01
4.495732486248016357e-01
4.721978306770324707e-01
3.980147838592529297e-01
4.082382321357727051e-01
4.023160934448242188e-01
