9.961766004562377930e-01
2.928562760353088379e-01
4.109065830707550049e-01
8.505931496620178223e-01
9.950274825096130371e-01
9.988708496093750000e-01
9.985769391059875488e-01
9.988923072814941406e-01
9.909592270851135254e-01
9.864619374275207520e-01
9.960792660713195801e-01
9.994250535964965820e-01
9.998773932456970215e-01
9.986487627029418945e-01
9.978906512260437012e-01
9.995633959770202637e-01
9.993893504142761230e-01
9.998386502265930176e-01
9.998543262481689453e-01
9.998669028282165527e-01
9.998931884765625000e-01
9.998803734779357910e-01
9.988817572593688965e-01
9.996866583824157715e-01
9.999222755432128906e-01
9.999416470527648926e-01
9.999222755432128906e-01
9.988009333610534668e-01
9.998557567596435547e-01
9.999142289161682129e-01
9.999305009841918945e-01
9.998890757560729980e-01
9.998688101768493652e-01
9.999122619628906250e-01
9.999205470085144043e-01
9.999247193336486816e-01
9.999231696128845215e-01
9.997866153717041016e-01
9.998871088027954102e-01
9.996774196624755859e-01
9.728503227233886719e-01
9.994124770164489746e-01
9.786736369132995605e-01
9.811831712722778320e-01
4.909895360469818115e-01
4.707309305667877197e-01
9.535288810729980469e-01
9.825207591056823730e-01
7.952131032943725586e-01
9.592089653015136719e-01
9.993691444396972656e-01
9.993743300437927246e-01
9.996766448020935059e-01
9.998434782028198242e-01
9.992825984954833984e-01
9.992700815200805664e-01
9.996535181999206543e-01
9.996092319488525391e-01
9.996904134750366211e-01
9.996770024299621582e-01
9.998526573181152344e-01
9.994742870330810547e-01
9.986878037452697754e-01
9.995346069335937500e-01
9.994580149650573730e-01
9.995679855346679688e-01
9.994465112686157227e-01
9.991983771324157715e-01
9.996877908706665039e-01
9.987586140632629395e-01
9.977425932884216309e-01
9.991583824157714844e-01
9.987215399742126465e-01
9.976003170013427734e-01
9.971114993095397949e-01
9.994964003562927246e-01
9.988304972648620605e-01
9.948523640632629395e-01
9.991644620895385742e-01
9.993029832839965820e-01
9.952794313430786133e-01
9.450615644454956055e-01
9.914932250976562500e-01
9.996407032012939453e-01
9.991033077239990234e-01
9.997809529304504395e-01
9.986815452575683594e-01
9.987396597862243652e-01
9.926149249076843262e-01
9.990642070770263672e-01
9.997071027755737305e-01
9.996074438095092773e-01
9.995096921920776367e-01
9.983453750610351562e-01
9.946931004524230957e-01
9.993038177490234375e-01
9.979823827743530273e-01
9.921532869338989258e-01
9.996280670166015625e-01
9.997867345809936523e-01
9.997898936271667480e-01
9.997621178627014160e-01
9.997447133064270020e-01
9.995431303977966309e-01
9.996505975723266602e-01
9.966281652450561523e-01
9.990636110305786133e-01
9.995542168617248535e-01
9.998444318771362305e-01
9.997873902320861816e-01
9.952777028083801270e-01
9.930834174156188965e-01
9.985724091529846191e-01
9.992973804473876953e-01
9.996403455734252930e-01
9.966970086097717285e-01
9.989938139915466309e-01
9.992074370384216309e-01
9.988076686859130859e-01
9.989998340606689453e-01
9.997000098228454590e-01
9.997995495796203613e-01
9.996607303619384766e-01
9.979137778282165527e-01
9.883244633674621582e-01
9.994874596595764160e-01
9.986383318901062012e-01
9.994276165962219238e-01
9.993572831153869629e-01
9.989437460899353027e-01
9.945152034051716328e-01
9.931878447532653809e-01
9.369137287139892578e-01
9.417011141777038574e-01
9.587686657905578613e-01
9.965065121650695801e-01
9.989285469055175781e-01
9.482201933860778809e-01
7.635049819946289062e-01
9.604817628860473633e-01
9.405472278594970703e-01
9.931362271308898926e-01
9.983524680137634277e-01
9.907228946685791016e-01
9.973343014717102051e-01
9.838468432426452637e-01
9.872512817382812500e-01
9.508982896804809570e-01
9.929572343826293945e-01
8.841814398765563965e-01
9.413547515869140625e-01
9.086269140243530273e-01
9.550812840461730957e-01
7.161420583724975586e-01
8.941463232040405273e-01
7.165500521659851074e-01
7.882170677185058594e-01
7.428055405616760254e-01
7.925198078155517578e-01
9.294642806053161621e-01
7.473856806755065918e-01
7.367075085639953613e-01
5.486710667610168457e-01
6.824129223823547363e-01
3.400166332721710205e-01
7.072800397872924805e-01
6.404995918273925781e-01
5.946781635284423828e-01
6.850642561912536621e-01
6.345222592353820801e-01
6.696578860282897949e-01
4.553430676460266113e-01
4.589069485664367676e-01
4.264680147171020508e-01
3.661922812461853027e-01
5.800099372863769531e-01
5.043732523918151855e-01
4.245185852050781250e-01
5.027319788932800293e-01
2.543444633483886719e-01
4.785267710685729980e-01
2.309844493865966797e-01
3.956528306007385254e-01
4.147008359432220459e-01
2.891484200954437256e-01
3.083102703094482422e-01
4.273019433021545410e-01
4.672210216522216797e-01
5.944545865058898926e-01
4.560279846191406250e-01
5.474772751331329346e-01
5.446990132331848145e-01
5.071419477462768555e-01
3.520891964435577393e-01
4.444950819015502930e-01
3.491911292076110840e-01
3.126615285873413086e-01
3.906018733978271484e-01
4.545561075210571289e-01
4.250804483890533447e-01
4.304868280887603760e-01
4.018921554088592529e-01
3.951525092124938965e-01
4.136544466018676758e-01
3.335716724395751953e-01
3.458137512207031250e-01
4.205986559391021729e-01
3.659636974334716797e-01
4.281084239482879639e-01
4.442201256752014160e-01
4.465076923370361328e-01
4.019135236740112305e-01
4.407590329647064209e-01
4.729826450347900391e-01
4.306313991546630859e-01
5.176949203014373779e-01
