9.961766004562377930e-01
2.928562760353088379e-01
4.109065830707550049e-01
8.505931496620178223e-01
9.950274825096130371e-01
9.988708496093750000e-01
9.985769391059875488e-01
9.988923072814941406e-01
9.909592270851135254e-01
9.864619374275207520e-01
9.960792660713195801e-01
9.994250535964965820e-01
9.998773932456970215e-01
9.986487627029418945e-01
9.978906512260437012e-01
9.995633959770202637e-01
9.993893504142761230e-01
9.998386502265930176e-01
9.998543262481689453e-01
9.998669028282165527e-01
9.991062879562377930e-01
9.982229471206665039e-01
9.995137453079223633e-01
9.998281598091125488e-01
9.999223351478576660e-01
9.999373555183410645e-01
9.999392032623291016e-01
9.999344944953918457e-01
9.998174905776977539e-01
9.998742938041687012e-01
9.999299645423889160e-01
9.998766183853149414e-01
9.986742734909057617e-01
9.998687505722045898e-01
9.998986721038818359e-01
9.999073147773742676e-01
9.999001622200012207e-01
9.996739625930786133e-01
9.998738169670104980e-01
9.998499751091003418e-01
9.998779296875000000e-01
9.996309876441955566e-01
9.995405673980712891e-01
9.997382760047912598e-01
9.874289631843566895e-01
4.982445836067199707e-01
8.099173903465270996e-01
8.597087860107421875e-01
9.971923232078552246e-01
9.994506239891052246e-01
9.846035242080688477e-01
9.842814803123474121e-01
9.995527267456054688e-01
9.996740221977233887e-01
9.969244003295898438e-01
9.603059291839599609e-01
9.969853758811950684e-01
9.863463640213012695e-01
9.995867609977722168e-01
9.994351863861083984e-01
9.997788667678833008e-01
9.978283643722534180e-01
9.979169368743896484e-01
9.990194439888000488e-01
9.991483092308044434e-01
9.994125366210937500e-01
9.991145730018615723e-01
9.994576573371887207e-01
9.998031854629516602e-01
9.989580512046813965e-01
9.985832571983337402e-01
9.995169043540954590e-01
9.991971254348754883e-01
9.997660517692565918e-01
9.986575245857238770e-01
9.997004270553588867e-01
9.994823336601257324e-01
9.930536746978759766e-01
9.993860721588134766e-01
9.969317317008972168e-01
9.970612525939941406e-01
7.987080812454223633e-01
9.961856007575988770e-01
9.939740300178527832e-01
9.997890591621398926e-01
7.541157007217407227e-01
7.878271937370300293e-01
9.982568025588989258e-01
9.989939332008361816e-01
9.989339709281921387e-01
9.995207190513610840e-01
9.996320009231567383e-01
9.997540712356567383e-01
9.994736313819885254e-01
9.990524649620056152e-01
9.997118115425109863e-01
9.991150498390197754e-01
9.997218847274780273e-01
9.997082948684692383e-01
9.995820522308349609e-01
9.997166991233825684e-01
9.995341897010803223e-01
9.996669888496398926e-01
9.992929100990295410e-01
9.986208677291870117e-01
9.977441430091857910e-01
9.990944266319274902e-01
9.996228218078613281e-01
9.935009479522705078e-01
9.994243383407592773e-01
9.990250468254089355e-01
9.994772672653198242e-01
9.996777772903442383e-01
9.973502159118652344e-01
9.859812259674072266e-01
9.942083954811096191e-01
9.985464215278625488e-01
9.982935786247253418e-01
9.995214343070983887e-01
9.985076785087585449e-01
9.921429157257080078e-01
9.966354370117187500e-01
9.964626431465148926e-01
9.736461639404296875e-01
9.995594620704650879e-01
9.995111227035522461e-01
9.888923764228820801e-01
9.986528754234313965e-01
9.976852536201477051e-01
9.951851963996887207e-01
9.890635609626770020e-01
8.797228932380676270e-01
9.470430165529251099e-01
7.759035229682922363e-01
9.864032268524169922e-01
4.504523277282714844e-01
7.343707084655761719e-01
9.611622691154479980e-01
9.753261804580688477e-01
8.380727767944335938e-01
9.842430949211120605e-01
9.640085697174072266e-01
8.947551846504211426e-01
9.054347276687622070e-01
8.818399310111999512e-01
8.886078000068664551e-01
7.333789467811584473e-01
9.008247852325439453e-01
8.867308571934700012e-01
4.024602472782135010e-01
5.575603842735290527e-01
5.875777006149291992e-01
4.119616746902465820e-01
3.735778927803039551e-01
4.281815588474273682e-01
4.479598402976989746e-01
3.148496747016906738e-01
5.392553210258483887e-01
4.215147495269775391e-01
4.866380393505096436e-01
5.715231895446777344e-01
5.271104276180267334e-01
3.740491271018981934e-01
5.000028014183044434e-01
5.845058560371398926e-01
4.103632569313049316e-01
4.383417367935180664e-01
4.203144311904907227e-01
4.214128851890563965e-01
2.563613653182983398e-01
3.152780532836914062e-01
4.421206712722778320e-01
3.994273543357849121e-01
2.877987623214721680e-01
3.476942181587219238e-01
2.221916913986206055e-01
2.227711081504821777e-01
2.967104911804199219e-01
2.434161901473999023e-01
2.906311154365539551e-01
2.980030179023742676e-01
3.172947764396667480e-01
2.892975211143493652e-01
4.160228967666625977e-01
3.446196913719177246e-01
3.873155713081359863e-01
4.104818403720855713e-01
3.874822258949279785e-01
3.981785178184509277e-01
4.361474812030792236e-01
4.065893292427062988e-01
3.830946385860443115e-01
3.910675048828125000e-01
4.407918751239776611e-01
4.896800518035888672e-01
3.832177519798278809e-01
4.087926149368286133e-01
4.594547748565673828e-01
4.083518087863922119e-01
4.020673036575317383e-01
