9.961766004562377930e-01
9.970693588256835938e-01
9.985863566398620605e-01
6.561009287834167480e-01
9.846214652061462402e-01
9.987663626670837402e-01
4.852566421031951904e-01
7.445484995841979980e-01
9.955805540084838867e-01
9.956941008567810059e-01
9.976858496665954590e-01
9.995087981224060059e-01
9.998688101768493652e-01
9.998847842216491699e-01
9.987072944641113281e-01
9.982871413230895996e-01
9.994984865188598633e-01
9.998257160186767578e-01
9.998814463615417480e-01
9.585264921188354492e-01
9.979286193847656250e-01
9.996428489685058594e-01
9.998295903205871582e-01
9.998399615287780762e-01
9.999109506607055664e-01
9.999142289161682129e-01
9.999448657035827637e-01
9.999305605888366699e-01
9.998197555541992188e-01
9.998757839202880859e-01
9.999055266380310059e-01
9.999178051948547363e-01
9.999440312385559082e-01
9.998990893363952637e-01
9.998912811279296875e-01
9.999257326126098633e-01
9.999186992645263672e-01
9.997813701629638672e-01
9.997540116310119629e-01
9.997556209564208984e-01
9.972718358039855957e-01
9.781440496444702148e-01
9.211513400077819824e-01
9.530858397483825684e-01
9.936773777008056641e-01
6.785562634468078613e-01
6.105017662048339844e-01
9.947216510772705078e-01
8.109648078680038452e-01
9.967576265335083008e-01
9.994514584541320801e-01
9.994562268257141113e-01
9.994984865188598633e-01
9.996510148048400879e-01
9.996384382247924805e-01
9.998575448989868164e-01
9.993819594383239746e-01
9.991828203201293945e-01
9.996672272682189941e-01
9.996326565742492676e-01
9.997036457061767578e-01
9.997703433036804199e-01
9.998348951339721680e-01
9.987584352493286133e-01
9.990845918655395508e-01
9.991891980171203613e-01
9.993858933448791504e-01
9.991852045059204102e-01
9.991801381111145020e-01
9.993199110031127930e-01
9.996675252914428711e-01
9.996748566627502441e-01
9.971470236778259277e-01
9.980611205101013184e-01
9.980366230010986328e-01
9.906140565872192383e-01
9.960576295852661133e-01
9.988027215003967285e-01
9.990564584732055664e-01
9.813156723976135254e-01
9.829837679862976074e-01
9.988090395927429199e-01
9.991765022277832031e-01
9.989964365959167480e-01
9.995532631874084473e-01
9.996835589408874512e-01
9.994993209838867188e-01
9.913443326950073242e-01
9.984431266784667969e-01
9.992768168449401855e-01
9.992794990539550781e-01
9.992095828056335449e-01
9.997196793556213379e-01
9.997884035110473633e-01
9.993426203727722168e-01
9.995655417442321777e-01
9.976385831832885742e-01
9.995527863502502441e-01
9.995563030242919922e-01
9.995949864387512207e-01
9.986132383346557617e-01
9.955769777297973633e-01
9.994347095489501953e-01
9.996471405029296875e-01
9.989808201789855957e-01
9.992301464080810547e-01
9.992986917495727539e-01
9.994615316390991211e-01
9.994767904281616211e-01
9.975577592849731445e-01
9.741017818450927734e-01
9.824230670928955078e-01
9.991044402122497559e-01
9.981660246849060059e-01
9.982236027717590332e-01
9.995645284652709961e-01
9.982877373695373535e-01
9.866711497306823730e-01
9.975968599319458008e-01
9.959140419960021973e-01
9.995681643486022949e-01
9.998071193695068359e-01
9.990466833114624023e-01
9.994738101959228516e-01
8.694688379764556885e-01
9.029706120491027832e-01
9.981848001480102539e-01
7.862560003995895386e-01
9.705220460891723633e-01
9.606928229331970215e-01
9.807077646255493164e-01
9.988430142402648926e-01
9.972276091575622559e-01
9.971094131469726562e-01
9.939455986022949219e-01
9.849206209182739258e-01
9.479969739913940430e-01
9.971365928649902344e-01
9.807400703430175781e-01
9.543298482894897461e-01
9.924429655075073242e-01
8.849908113479614258e-01
9.861862063407897949e-01
9.101209640502929688e-01
9.236959218978881836e-01
9.705804586410522461e-01
7.026485800743103027e-01
9.630420207977294922e-01
6.660158336162567139e-01
6.910746693611145020e-01
5.815235376358032227e-01
4.784122705459594727e-01
6.392551660537719727e-01
1.740785241127014160e-01
8.599396944046020508e-01
4.163113832473754883e-01
8.442091345787048340e-01
8.418496251106262207e-01
7.924495041370391846e-01
7.657949924468994141e-01
8.473513722419738770e-01
8.183187246322631836e-01
7.854121923446655273e-01
7.328872680664062500e-01
5.790046453475952148e-01
4.318662285804748535e-01
3.658422827720642090e-01
4.355278015136718750e-01
5.798575878143310547e-01
3.381665349006652832e-01
4.449536204338073730e-01
3.471766710281372070e-01
3.743627071380615234e-01
3.047212660312652588e-01
5.236085653305053711e-01
4.422085583209991455e-01
4.327089190483093262e-01
4.521985054016113281e-01
3.580037951469421387e-01
4.217929244041442871e-01
3.909944295883178711e-01
4.242960810661315918e-01
2.963894605636596680e-01
3.957778811454772949e-01
2.810006141662597656e-01
3.630282878875732422e-01
2.949043512344360352e-01
4.407881498336791992e-01
4.582553207874298096e-01
4.180934429168701172e-01
5.062385797500610352e-01
4.510664939880371094e-01
5.431401133537292480e-01
4.135829210281372070e-01
5.411109924316406250e-01
4.312543272972106934e-01
5.781680345535278320e-01
3.923406004905700684e-01
4.307248592376708984e-01
2.083449363708496094e-01
4.554149508476257324e-01
5.366500616073608398e-01
4.417157769203186035e-01
4.151794612407684326e-01
5.678623318672180176e-01
4.693828821182250977e-01
4.871891736984252930e-01
4.461414217948913574e-01
5.491890907287597656e-01
5.139637589454650879e-01
4.635026454925537109e-01
4.640378952026367188e-01
4.317362904548645020e-01
5.121658444404602051e-01
3.772696852684020996e-01
4.977236092090606689e-01
