9.961766004562377930e-01
2.928562760353088379e-01
4.109065830707550049e-01
8.505931496620178223e-01
9.950274825096130371e-01
9.988708496093750000e-01
9.985769391059875488e-01
9.988923072814941406e-01
9.909592270851135254e-01
9.864619374275207520e-01
9.960792660713195801e-01
9.994250535964965820e-01
9.998773932456970215e-01
9.986487627029418945e-01
9.978906512260437012e-01
9.995633959770202637e-01
9.993893504142761230e-01
9.998386502265930176e-01
9.998543262481689453e-01
9.998669028282165527e-01
9.991062879562377930e-01
9.982229471206665039e-01
9.995137453079223633e-01
9.998281598091125488e-01
9.999223351478576660e-01
9.999373555183410645e-01
9.999122619628906250e-01
9.993687868118286133e-01
9.998704195022583008e-01
9.999043941497802734e-01
9.999305009841918945e-01
9.998890757560729980e-01
9.998853802680969238e-01
9.999234080314636230e-01
9.999205470085144043e-01
9.999247193336486816e-01
9.999231696128845215e-01
9.997866153717041016e-01
9.998871088027954102e-01
9.996774196624755859e-01
9.995259642601013184e-01
8.406790345907211304e-01
9.901135563850402832e-01
9.852051138877868652e-01
9.578899145126342773e-01
5.147125124931335449e-01
8.749606609344482422e-01
5.438513159751892090e-01
5.537835657596588135e-01
9.918048381805419922e-01
9.989924430847167969e-01
9.995671510696411133e-01
9.994291663169860840e-01
9.998400211334228516e-01
9.994025230407714844e-01
9.991075992584228516e-01
9.996405243873596191e-01
9.996180534362792969e-01
9.996810555458068848e-01
9.996719360351562500e-01
9.998505115509033203e-01
9.994879961013793945e-01
9.986647367477416992e-01
9.995089769363403320e-01
9.994534254074096680e-01
9.995481371879577637e-01
9.995340108871459961e-01
9.994117617607116699e-01
9.997456669807434082e-01
9.975938796997070312e-01
9.983732700347900391e-01
9.993100166320800781e-01
9.977819323539733887e-01
9.986976385116577148e-01
9.910941123962402344e-01
9.996780157089233398e-01
9.983683824539184570e-01
9.976740479469299316e-01
5.735151171684265137e-01
9.965212345123291016e-01
9.976700544357299805e-01
9.994405508041381836e-01
9.988385438919067383e-01
9.993860125541687012e-01
9.998120665550231934e-01
9.993587732315063477e-01
9.998268485069274902e-01
9.993637800216674805e-01
9.994333982467651367e-01
9.997496604919433594e-01
9.995297193527221680e-01
9.996403455734252930e-01
9.993668198585510254e-01
9.997051954269409180e-01
9.992924928665161133e-01
9.995185136795043945e-01
9.992434978485107422e-01
9.993233680725097656e-01
9.995251297950744629e-01
9.993771910667419434e-01
9.988817572593688965e-01
9.983692169189453125e-01
9.986451864242553711e-01
9.974477887153625488e-01
9.969456195831298828e-01
9.993977546691894531e-01
9.970018863677978516e-01
9.993503689765930176e-01
9.990475773811340332e-01
9.963674545288085938e-01
9.914689660072326660e-01
9.874676465988159180e-01
9.995716214179992676e-01
9.996582865715026855e-01
9.991296529769897461e-01
9.942611455917358398e-01
9.986752867698669434e-01
9.979679584503173828e-01
9.986316561698913574e-01
9.994212985038757324e-01
9.997387528419494629e-01
9.997483491897583008e-01
9.991005659103393555e-01
9.992915987968444824e-01
6.103491783142089844e-01
7.500836849212646484e-01
8.894947767257690430e-01
9.242817759513854980e-01
9.950140714645385742e-01
9.977179169654846191e-01
9.373623132705688477e-01
9.949851036071777344e-01
9.866381287574768066e-01
9.841525554656982422e-01
9.956828951835632324e-01
9.942458868026733398e-01
9.830592274665832520e-01
9.951553940773010254e-01
5.325849056243896484e-01
9.849767088890075684e-01
9.483530521392822266e-01
9.451447725296020508e-01
9.069976806640625000e-01
9.801202416419982910e-01
9.897618293762207031e-01
9.855346679687500000e-01
9.865641593933105469e-01
9.725369811058044434e-01
9.676834940910339355e-01
5.079977214336395264e-01
3.714756369590759277e-01
4.258024096488952637e-01
8.385528922080993652e-01
8.338220715522766113e-01
8.882107138633728027e-01
9.257445931434631348e-01
8.805686831474304199e-01
8.955484032630920410e-01
5.746639370918273926e-01
8.185836076736450195e-01
7.482873797416687012e-01
8.211752772331237793e-01
8.809128403663635254e-01
6.159088313579559326e-01
8.096499443054199219e-01
6.892966628074645996e-01
4.839538335800170898e-01
6.292793750762939453e-01
4.410230815410614014e-01
6.596148014068603516e-01
7.092450857162475586e-01
6.757199168205261230e-01
6.082694530487060547e-01
4.307212233543395996e-01
4.902892708778381348e-01
2.790541648864746094e-01
3.566425442695617676e-01
3.269693255424499512e-01
4.359748363494873047e-01
7.104865312576293945e-01
7.340523004531860352e-01
6.010015606880187988e-01
3.392674326896667480e-01
5.514850914478302002e-01
5.062828063964843750e-01
4.153771996498107910e-01
4.028741121292114258e-01
6.166329383850097656e-01
5.227481722831726074e-01
3.488537073135375977e-01
5.462917685508728027e-01
5.349945127964019775e-01
4.637681245803833008e-01
5.748451948165893555e-01
3.901841342449188232e-01
4.171438217163085938e-01
3.483270108699798584e-01
4.892187416553497314e-01
4.732108712196350098e-01
5.882734060287475586e-01
3.876611590385437012e-01
4.266725182533264160e-01
4.314844608306884766e-01
5.000945925712585449e-01
3.069723844528198242e-01
3.169931769371032715e-01
4.056518971920013428e-01
4.200512766838073730e-01
4.641337990760803223e-01
3.901145458221435547e-01
5.325158536434173584e-01
4.610386192798614502e-01
4.447872638702392578e-01
4.451870918273925781e-01
5.204226374626159668e-01
3.747957944869995117e-01
4.549798965454101562e-01
5.049273073673248291e-01
4.203748106956481934e-01
