9.961766004562377930e-01
9.970693588256835938e-01
9.985863566398620605e-01
6.561009287834167480e-01
9.846214652061462402e-01
9.987663626670837402e-01
4.852566719055175781e-01
7.445484995841979980e-01
9.955805540084838867e-01
9.956941008567810059e-01
9.976858496665954590e-01
9.995087981224060059e-01
9.998688101768493652e-01
9.998847842216491699e-01
9.987072944641113281e-01
9.982871413230895996e-01
9.994984865188598633e-01
9.998257160186767578e-01
9.998814463615417480e-01
9.585264921188354492e-01
9.979286193847656250e-01
9.996428489685058594e-01
9.998295903205871582e-01
9.998399615287780762e-01
9.999109506607055664e-01
9.999142289161682129e-01
9.999448657035827637e-01
9.999305605888366699e-01
9.998197555541992188e-01
9.998757839202880859e-01
9.999055266380310059e-01
9.999178051948547363e-01
9.999440312385559082e-01
9.998990893363952637e-01
9.998912811279296875e-01
9.999257326126098633e-01
9.999186992645263672e-01
9.997813701629638672e-01
8.393104076385498047e-01
9.895275831222534180e-01
9.991501569747924805e-01
9.996076822280883789e-01
9.928292632102966309e-01
9.913960695266723633e-01
9.996597766876220703e-01
9.984889626502990723e-01
6.315483450889587402e-01
9.928652048110961914e-01
9.982717037200927734e-01
9.977581501007080078e-01
8.239020109176635742e-01
9.571085572242736816e-01
9.557631611824035645e-01
9.912610054016113281e-01
9.994947314262390137e-01
9.997228384017944336e-01
9.981753230094909668e-01
9.994907975196838379e-01
9.996255636215209961e-01
9.996131062507629395e-01
9.996848702430725098e-01
9.996525049209594727e-01
9.997828006744384766e-01
9.998092651367187500e-01
9.997974038124084473e-01
9.997971057891845703e-01
9.989583492279052734e-01
9.987673163414001465e-01
9.996778964996337891e-01
9.996137619018554688e-01
9.997134208679199219e-01
9.998810291290283203e-01
9.998496770858764648e-01
9.544213414192199707e-01
8.025580942630767822e-01
9.937270283699035645e-01
9.906138777732849121e-01
9.993342161178588867e-01
9.996840953826904297e-01
9.996439814567565918e-01
9.990937709808349609e-01
9.997379183769226074e-01
9.990779757499694824e-01
9.997353553771972656e-01
9.993396401405334473e-01
9.996635913848876953e-01
9.996778964996337891e-01
9.994631409645080566e-01
9.996200799942016602e-01
9.991343617439270020e-01
9.998007416725158691e-01
9.997287392616271973e-01
9.998191595077514648e-01
9.983011484146118164e-01
9.995985031127929688e-01
9.996324777603149414e-01
9.995961189270019531e-01
9.996834993362426758e-01
9.940935969352722168e-01
9.992899298667907715e-01
9.971625804901123047e-01
9.997524023056030273e-01
9.994964003562927246e-01
9.995784163475036621e-01
9.987409710884094238e-01
8.491013646125793457e-01
9.622473716735839844e-01
9.852275848388671875e-01
9.963009357452392578e-01
9.934169650077819824e-01
9.997457861900329590e-01
9.995229840278625488e-01
9.969523549079895020e-01
9.953987598419189453e-01
9.985299110412597656e-01
9.980412125587463379e-01
9.992770552635192871e-01
9.996333122253417969e-01
9.994304180145263672e-01
9.989917874336242676e-01
9.756744503974914551e-01
9.742840528488159180e-01
8.334587216377258301e-01
9.344606399536132812e-01
9.114243388175964355e-01
8.672978878021240234e-01
6.122586131095886230e-01
9.022547006607055664e-01
7.775114178657531738e-01
6.693268418312072754e-01
3.550157248973846436e-01
8.673191070556640625e-01
8.925084471702575684e-01
9.310689568519592285e-01
9.779204130172729492e-01
9.266178607940673828e-01
8.814542293548583984e-01
8.906015753746032715e-01
8.953489065170288086e-01
5.612331032752990723e-01
9.205688834190368652e-01
8.810434937477111816e-01
8.731634020805358887e-01
8.353794217109680176e-01
9.099481552839279175e-01
7.252820134162902832e-01
9.529169201850891113e-01
8.275744765996932983e-01
8.049178123474121094e-01
6.585716605186462402e-01
8.667050600051879883e-01
9.181770682334899902e-01
8.793154954910278320e-01
9.268730878829956055e-01
8.452147245407104492e-01
7.822682857513427734e-01
6.710279583930969238e-01
6.580090522766113281e-01
7.420626878738403320e-01
7.335892021656036377e-01
6.034331917762756348e-01
7.015422582626342773e-01
5.627354085445404053e-01
5.482671856880187988e-01
5.399023592472076416e-01
3.619895577430725098e-01
5.844013690948486328e-01
4.740438461303710938e-01
4.816641807556152344e-01
5.625931024551391602e-01
3.792052268981933594e-01
5.262818336486816406e-01
5.863493084907531738e-01
4.928597807884216309e-01
7.623335719108581543e-01
6.530972719192504883e-01
6.410229206085205078e-01
5.222001671791076660e-01
4.475153982639312744e-01
3.114135861396789551e-01
5.203506350517272949e-01
4.106657207012176514e-01
5.447809994220733643e-01
4.263417720794677734e-01
5.134941935539245605e-01
4.504471421241760254e-01
2.376767396926879883e-01
4.755065143108367920e-01
4.480385780334472656e-01
3.104841709136962891e-01
3.772746324539184570e-01
4.296084940433502197e-01
3.227512836456298828e-01
3.524179458618164062e-01
3.876349925994873047e-01
3.218897581100463867e-01
3.560298681259155273e-01
3.595331311225891113e-01
3.304950594902038574e-01
4.151861667633056641e-01
3.439909815788269043e-01
4.250751733779907227e-01
3.953411579132080078e-01
3.995857238769531250e-01
3.858657479286193848e-01
4.785014986991882324e-01
3.496468067169189453e-01
4.814523458480834961e-01
4.530970156192779541e-01
4.214912056922912598e-01
5.344010889530181885e-01
3.650145530700683594e-01
