9.961766004562377930e-01
9.970693588256835938e-01
9.985863566398620605e-01
6.561009287834167480e-01
9.846214652061462402e-01
9.987663626670837402e-01
4.852566421031951904e-01
7.445484995841979980e-01
9.955805540084838867e-01
9.956941008567810059e-01
9.976858496665954590e-01
9.995087981224060059e-01
9.998688101768493652e-01
9.998847842216491699e-01
9.987072944641113281e-01
9.982871413230895996e-01
9.994984865188598633e-01
9.998257160186767578e-01
9.998814463615417480e-01
9.585264921188354492e-01
9.979286193847656250e-01
9.996428489685058594e-01
9.998295903205871582e-01
9.998399615287780762e-01
9.999109506607055664e-01
9.999142289161682129e-01
9.999448657035827637e-01
9.999305605888366699e-01
9.998197555541992188e-01
9.998757839202880859e-01
9.999054728468763642e-01
9.999178051948547363e-01
9.999440312385559082e-01
9.999418854713439941e-01
9.999405741691589355e-01
9.999066591262817383e-01
9.998912215232849121e-01
9.997435212135314941e-01
8.042969703674316406e-01
9.927864670753479004e-01
9.990277886390686035e-01
9.996106028556823730e-01
9.947482347488403320e-01
9.913960695266723633e-01
9.996613860130310059e-01
9.984577894210815430e-01
9.994345307350158691e-01
9.894294738769531250e-01
9.962875843048095703e-01
9.980920553207397461e-01
8.409503102302551270e-01
9.449047446250915527e-01
9.508883953094482422e-01
9.993389844894409180e-01
9.991510510444641113e-01
9.997282624244689941e-01
9.997344613075256348e-01
9.995880722999572754e-01
9.991098046302795410e-01
9.996550083160400391e-01
9.996135830879211426e-01
9.996764659881591797e-01
9.998035430908203125e-01
9.979355335235595703e-01
9.994519948959350586e-01
9.995479583740234375e-01
9.996666908264160156e-01
9.984196424484252930e-01
9.995614886283874512e-01
9.996901154518127441e-01
9.998053908348083496e-01
9.992466568946838379e-01
9.995920062065124512e-01
9.982984662055969238e-01
9.954607486724853516e-01
9.996002912521362305e-01
8.046790510416030884e-01
9.761160612106323242e-01
9.303428530693054199e-01
9.642866849899291992e-01
7.356289625167846680e-01
9.982773661613464355e-01
9.917770028114318848e-01
9.988591074943542480e-01
9.984066486358642578e-01
9.997034668922424316e-01
9.996932744979858398e-01
9.995105862617492676e-01
9.997644424438476562e-01
9.984838962554931641e-01
9.990711212158203125e-01
9.993648529052734375e-01
9.988813400268554688e-01
9.997404217720031738e-01
9.983835220336914062e-01
9.991813302040100098e-01
9.997448325157165527e-01
9.989985227584838867e-01
9.996510148048400879e-01
9.992715716361999512e-01
9.995049238204956055e-01
9.996884465217590332e-01
9.982996582984924316e-01
9.983462691307067871e-01
9.991351962089538574e-01
9.994193911552429199e-01
9.973046779632568359e-01
9.990233778953552246e-01
9.974335432052612305e-01
9.969664812088012695e-01
9.943320155143737793e-01
9.981094002723693848e-01
9.982685446739196777e-01
9.979960918426513672e-01
9.991804361343383789e-01
9.994336962699890137e-01
9.983531832695007324e-01
9.962431192398071289e-01
9.952065348625183105e-01
9.986804127693176270e-01
9.984525442123413086e-01
9.996874928474426270e-01
9.990730285644531250e-01
9.962520003318786621e-01
9.919442534446716309e-01
9.696096777915954590e-01
9.757912158966064453e-01
7.275753617286682129e-01
8.174865841865539551e-01
7.701289057731628418e-01
9.430461525917053223e-01
9.858993887901306152e-01
8.529321551322937012e-01
8.575004339218139648e-01
9.568344354629516602e-01
9.054204821586608887e-01
5.646826624870300293e-01
8.998459577560424805e-01
9.275253117084503174e-01
8.882816433906555176e-01
9.132283329963684082e-01
8.360431939363479614e-01
8.578591346740722656e-01
8.882766366004943848e-01
9.476019144058227539e-01
8.332682251930236816e-01
9.094231203198432922e-01
9.078753590583801270e-01
8.075113296508789062e-01
5.243918895721435547e-01
5.517484545707702637e-01
7.170945405960083008e-01
5.220831930637359619e-01
6.150602102279663086e-01
6.066755056381225586e-01
2.849948406219482422e-01
5.909109711647033691e-01
3.348465561866760254e-01
3.012415766716003418e-01
5.571231842041015625e-01
4.013184309005737305e-01
8.269559442996978760e-01
9.207264408469200134e-01
8.077892065048217773e-01
8.818682432174682617e-01
8.663762211799621582e-01
7.323777079582214355e-01
4.673117995262145996e-01
3.565363883972167969e-01
4.985834360122680664e-01
3.185854554176330566e-01
9.093080163002014160e-01
4.741168022155761719e-01
7.417601644992828369e-01
8.127168416976928711e-01
9.227769970893859863e-01
3.773181438446044922e-01
9.525279402732849121e-01
8.562289476394653320e-01
7.264655232429504395e-01
4.879459142684936523e-01
8.105470985174179077e-01
8.921883106231689453e-01
6.839592456817626953e-01
9.690062403678894043e-01
9.715835452079772949e-01
9.505033493041992188e-01
9.415225386619567871e-01
8.346438407897949219e-01
9.408513903617858887e-01
8.242005705833435059e-01
8.080039024353027344e-01
6.549661159515380859e-01
7.809460163116455078e-01
7.056979238986968994e-01
8.261580169200897217e-01
7.416111826896667480e-01
6.465650796890258789e-01
5.909600257873535156e-01
7.617125511169433594e-01
5.955762863159179688e-01
7.078167200088500977e-01
8.302253484725952148e-01
6.712887287139892578e-01
6.813727021217346191e-01
5.383376479148864746e-01
5.882699191570281982e-01
3.871906399726867676e-01
4.384831786155700684e-01
4.816940426826477051e-01
3.025649785995483398e-01
4.873218536376953125e-01
3.592705130577087402e-01
4.482119679450988770e-01
4.679665565490722656e-01
3.351553678512573242e-01
4.401182532310485840e-01
3.990575075149536133e-01
2.881140112876892090e-01
4.966774284839630127e-01
4.183919727802276611e-01
4.199413955211639404e-01
3.610095381736755371e-01
3.846042752265930176e-01
2.599104642868041992e-01
4.095708429813385010e-01
4.236016273498535156e-01
4.408948421478271484e-01
5.222285389900207520e-01
5.175627768039703369e-01
3.209423422813415527e-01
3.506747484207153320e-01
5.691866278648376465e-01
3.421050310134887695e-01
4.363314509391784668e-01
3.873583674430847168e-01
4.484746456146240234e-01
4.156408905982971191e-01
3.688036799430847168e-01
3.746058940887451172e-01
4.139382243156433105e-01
4.468483924865722656e-01
5.693284869194030762e-01
3.523068428039550781e-01
4.193118214607238770e-01
4.105712175369262695e-01
4.425548315048217773e-01
4.941419959068298340e-01
4.807714819908142090e-01
4.919153451919555664e-01
5.614784657955169678e-01
5.324144959449768066e-01
4.240919947624206543e-01
4.199804663658142090e-01
5.022234916687011719e-01
4.663228988647460938e-01
5.264018774032592773e-01
4.762421846389770508e-01
4.348400831222534180e-01
4.522568583488464355e-01
3.850206732749938965e-01
4.415178298950195312e-01
3.409520983695983887e-01
3.094655275344848633e-01
3.139315247535705566e-01
