9.961766004562377930e-01
9.970693588256835938e-01
4.997427463531494141e-01
5.682862997055053711e-01
9.958591461181640625e-01
9.985280632972717285e-01
6.148992180824279785e-01
6.979869604110717773e-01
9.952147006988525391e-01
9.967195391654968262e-01
9.970041513442993164e-01
9.995087981224060059e-01
9.998688101768493652e-01
9.998848438262939453e-01
9.987072944641113281e-01
9.982758164405822754e-01
9.994968175888061523e-01
9.998260140419006348e-01
9.998820424079895020e-01
9.633339047431945801e-01
9.978017807006835938e-01
9.996408820152282715e-01
9.998307824134826660e-01
9.998425841331481934e-01
9.999104738235473633e-01
9.999142885208129883e-01
9.999451041221618652e-01
9.999305605888366699e-01
9.998201131820678711e-01
9.998764395713806152e-01
9.999051690101623535e-01
9.999387264251708984e-01
9.999043941497802734e-01
9.998878240585327148e-01
9.999240040779113770e-01
9.999216794967651367e-01
9.999253153800964355e-01
9.997556805610656738e-01
9.997519254684448242e-01
9.917011857032775879e-01
9.963644146919250488e-01
9.034386873245239258e-01
9.820621609687805176e-01
9.819990992546081543e-01
9.768184423446655273e-01
5.363263189792633057e-01
8.309113979339599609e-01
9.979800581932067871e-01
7.559552192687988281e-01
9.980455040931701660e-01
9.995275735855102539e-01
9.994539022445678711e-01
9.994680881500244141e-01
9.996393918991088867e-01
9.998425841331481934e-01
9.994250535964965820e-01
9.991874098777770996e-01
9.996550679206848145e-01
9.996290206909179688e-01
9.996964931488037109e-01
9.996838569641113281e-01
9.998518228530883789e-01
9.991475343704223633e-01
9.987592697143554688e-01
9.995167255401611328e-01
9.994797706604003906e-01
9.994779229164123535e-01
9.992321133613586426e-01
9.988073110580444336e-01
9.997425675392150879e-01
9.962775111198425293e-01
9.967131018638610840e-01
9.988573789596557617e-01
9.983031153678894043e-01
9.994868636131286621e-01
9.822813272476196289e-01
9.992639422416687012e-01
9.976465702056884766e-01
9.968316555023193359e-01
9.990320205688476562e-01
9.992899894714355469e-01
9.993635416030883789e-01
9.990456104278564453e-01
9.994660615921020508e-01
9.994695186614990234e-01
9.997651576995849609e-01
9.996922016143798828e-01
9.997001290321350098e-01
9.997491240501403809e-01
9.994243383407592773e-01
9.993770122528076172e-01
9.992300271987915039e-01
9.991832375526428223e-01
9.992283582687377930e-01
9.990993738174438477e-01
9.993222355842590332e-01
9.951378107070922852e-01
9.993485808372497559e-01
9.994398951530456543e-01
9.995801448822021484e-01
9.996423721313476562e-01
9.975312352180480957e-01
9.975166320800781250e-01
9.993786215782165527e-01
9.995698928833007812e-01
9.988489151000976562e-01
9.991944432258605957e-01
9.645433425903320312e-01
9.904546141624450684e-01
9.973659515380859375e-01
9.982985258102416992e-01
9.989900588989257812e-01
9.993053078651428223e-01
9.988917708396911621e-01
9.997101426124572754e-01
9.980756640434265137e-01
9.944663047790527344e-01
9.947163462638854980e-01
9.978547692298889160e-01
9.953440427780151367e-01
9.995487928390502930e-01
9.989401102066040039e-01
9.986743330955505371e-01
9.982730746269226074e-01
9.993524551391601562e-01
9.995228648185729980e-01
9.996270537376403809e-01
9.990194439888000488e-01
9.979467391967773438e-01
9.973968863487243652e-01
9.728170037269592285e-01
9.962583780288696289e-01
9.759471416473388672e-01
9.712132811546325684e-01
9.735105037689208984e-01
9.551303386688232422e-01
7.410175800323486328e-01
8.879349827766418457e-01
9.719865322113037109e-01
9.605326652526855469e-01
9.994862675666809082e-01
9.540447592735290527e-01
9.869118332862854004e-01
9.920207262039184570e-01
9.874513149261474609e-01
5.170124471187591553e-01
9.551671743392944336e-01
7.071251869201660156e-01
4.637542366981506348e-01
8.082160055637359619e-01
5.280334353446960449e-01
1.730312108993530273e-01
6.611384749412536621e-01
6.538036465644836426e-01
4.204580783843994141e-01
7.412435710430145264e-01
5.453322529792785645e-01
3.120887875556945801e-01
4.943245649337768555e-01
3.905190527439117432e-01
5.335718691349029541e-01
3.173071444034576416e-01
5.803010463714599609e-01
7.493577599525451660e-01
4.113725423812866211e-01
6.630231142044067383e-01
3.504576683044433594e-01
3.086198568344116211e-01
3.366031646728515625e-01
4.483139514923095703e-01
4.045699834823608398e-01
4.217280149459838867e-01
3.879634141921997070e-01
5.367605686187744141e-01
5.051242411136627197e-01
3.339911997318267822e-01
3.692939877510070801e-01
5.459108650684356689e-01
3.426353931427001953e-01
5.243395566940307617e-01
3.971154391765594482e-01
4.570705294609069824e-01
5.185203552246093750e-01
3.778484165668487549e-01
4.323505759239196777e-01
3.127600550651550293e-01
3.669291734695434570e-01
2.710888385772705078e-01
2.103691101074218750e-01
2.538016736507415771e-01
4.028759002685546875e-01
5.260119438171386719e-01
4.802054166793823242e-01
5.565238595008850098e-01
5.721284747123718262e-01
5.692264735698699951e-01
4.764420986175537109e-01
4.099271297454833984e-01
4.606526494026184082e-01
3.855483531951904297e-01
4.578620493412017822e-01
4.156377911567687988e-01
4.570171833038330078e-01
3.728930354118347168e-01
4.509561657905578613e-01
4.060330986976623535e-01
4.632680714130401611e-01
4.123950004577636719e-01
4.936279356479644775e-01
4.282694458961486816e-01
