9.961766004562377930e-01
2.928562760353088379e-01
4.109065532684326172e-01
8.505931496620178223e-01
9.950274825096130371e-01
9.988708496093750000e-01
9.985769391059875488e-01
9.988923072814941406e-01
9.909592270851135254e-01
9.864619374275207520e-01
9.960792660713195801e-01
9.994250535964965820e-01
9.998773932456970215e-01
9.986487627029418945e-01
9.978906512260437012e-01
9.995633959770202637e-01
9.993893504142761230e-01
9.998386502265930176e-01
9.998543262481689453e-01
9.998669028282165527e-01
9.991062879562377930e-01
9.982229471206665039e-01
9.995137453079223633e-01
9.998281598091125488e-01
9.999223351478576660e-01
9.999373555183410645e-01
9.999122619628906250e-01
9.999330043792724609e-01
9.998816847801208496e-01
9.987955093383789062e-01
9.999116659164428711e-01
9.999266266822814941e-01
9.998557567596435547e-01
9.606244564056396484e-01
9.990637302398681641e-01
9.995959401130676270e-01
9.995055198669433594e-01
9.970067739486694336e-01
9.993625283241271973e-01
9.995172023773193359e-01
9.993378520011901855e-01
9.995298981666564941e-01
6.328325271606445312e-01
7.832488417625427246e-01
9.796642065048217773e-01
6.418477892875671387e-01
7.896267771720886230e-01
9.793887734413146973e-01
8.649962544441223145e-01
9.791537523269653320e-01
9.896531701087951660e-01
9.976627826690673828e-01
9.969784617424011230e-01
9.997627735137939453e-01
9.317134618759155273e-01
9.946473240852355957e-01
9.901739358901977539e-01
9.990601539611816406e-01
9.996441602706909180e-01
9.994043707847595215e-01
9.998326301574707031e-01
9.998462200164794922e-01
9.987279772758483887e-01
9.985072016716003418e-01
9.994384050369262695e-01
9.993857145309448242e-01
9.995137453079223633e-01
9.994915723800659180e-01
9.997786879539489746e-01
9.991643428802490234e-01
9.987421035766601562e-01
9.995120167732238770e-01
9.993192553520202637e-01
9.994815587997436523e-01
9.979114532470703125e-01
9.992700815200805664e-01
9.998156428337097168e-01
9.997913837432861328e-01
9.998100399971008301e-01
9.985498189926147461e-01
9.974056482315063477e-01
9.994583725929260254e-01
9.971881508827209473e-01
9.997995495796203613e-01
9.997674822807312012e-01
9.993590116500854492e-01
9.997408986091613770e-01
9.987038373947143555e-01
9.949552416801452637e-01
9.973726868629455566e-01
9.996374249458312988e-01
9.997082948684692383e-01
9.997809529304504395e-01
9.993822574615478516e-01
9.996563196182250977e-01
9.995095133781433105e-01
9.988983273506164551e-01
9.996623992919921875e-01
9.995063543319702148e-01
9.993293285369873047e-01
9.996588230133056641e-01
9.995948672294616699e-01
9.995423555374145508e-01
9.996613860130310059e-01
9.994178414344787598e-01
9.991812705993652344e-01
9.992825984954833984e-01
9.972820878028869629e-01
9.994618296623229980e-01
9.956569671630859375e-01
9.437839984893798828e-01
9.970872402191162109e-01
9.977506399154663086e-01
9.993016123771667480e-01
9.998003840446472168e-01
9.992861747741699219e-01
9.964618086814880371e-01
9.976290464401245117e-01
9.893328547477722168e-01
9.986234903335571289e-01
9.983847737312316895e-01
9.992705583572387695e-01
9.993865489959716797e-01
9.924811124801635742e-01
9.957530498504638672e-01
9.987629055976867676e-01
9.983454942703247070e-01
9.994163513183593750e-01
9.990447163581848145e-01
9.879747033119201660e-01
9.784891009330749512e-01
6.653890013694763184e-01
9.828578233718872070e-01
7.836219668388366699e-01
9.136173054575920105e-01
9.875007160007953644e-01
8.452896475791931152e-01
8.884333372116088867e-01
9.175608754158020020e-01
8.482549786567687988e-01
9.430664777755737305e-01
6.418210566043853760e-01
9.108167886734008789e-01
7.917070388793945312e-01
9.326494336128234863e-01
7.668440937995910645e-01
8.687787204980850220e-01
8.497932553291320801e-01
5.804219245910644531e-01
6.313521862030029297e-01
6.250353455543518066e-01
4.996739625930786133e-01
6.930428147315979004e-01
4.804877936840057373e-01
4.710620939731597900e-01
5.768955349922180176e-01
3.519962430000305176e-01
4.889076948165893555e-01
6.082932949066162109e-01
7.160757780075073242e-01
5.908921658992767334e-01
6.488305330276489258e-01
6.837950944900512695e-01
7.151719331741333008e-01
6.446245908737182617e-01
3.130511641502380371e-01
4.528123736381530762e-01
3.688316941261291504e-01
3.464731872081756592e-01
3.009523749351501465e-01
4.073564410209655762e-01
3.397802114486694336e-01
3.574345707893371582e-01
2.409028410911560059e-01
3.097142577171325684e-01
2.347546219825744629e-01
3.740828931331634521e-01
2.819334268569946289e-01
3.113362789154052734e-01
1.257227659225463867e-01
2.498654574155807495e-01
3.284046649932861328e-01
2.581565082073211670e-01
3.216665387153625488e-01
3.716495037078857422e-01
3.011472821235656738e-01
2.916059494018554688e-01
4.245060086250305176e-01
5.037166476249694824e-01
4.441716074943542480e-01
4.263204932212829590e-01
4.136837720870971680e-01
3.805429935455322266e-01
3.430319428443908691e-01
3.112884163856506348e-01
4.467194080352783203e-01
3.528035283088684082e-01
4.480025172233581543e-01
4.259975552558898926e-01
4.371573925018310547e-01
