9.961766004562377930e-01
9.970693588256835938e-01
4.997427463531494141e-01
5.682863593101501465e-01
9.958591461181640625e-01
9.985280632972717285e-01
6.148992180824279785e-01
6.979869604110717773e-01
9.952147006988525391e-01
9.967195391654968262e-01
9.970041513442993164e-01
9.995087981224060059e-01
9.998688101768493652e-01
9.998848438262939453e-01
9.987072944641113281e-01
9.982758164405822754e-01
9.994968175888061523e-01
9.998260140419006348e-01
9.998820424079895020e-01
9.633339866995811462e-01
9.978017807006835938e-01
9.996408820152282715e-01
9.998307824134826660e-01
9.998425841331481934e-01
9.999104738235473633e-01
9.999142885208129883e-01
9.999451041221618652e-01
9.999305605888366699e-01
9.998201131820678711e-01
9.998764395713806152e-01
9.999051690101623535e-01
9.999387264251708984e-01
9.999440312385559082e-01
9.998986721038818359e-01
9.998909235000610352e-01
9.999257922172546387e-01
9.999186992645263672e-01
9.997787475585937500e-01
9.997560381889343262e-01
9.998814463615417480e-01
9.996718764305114746e-01
9.995366334915161133e-01
9.912371635437011719e-01
9.913961887359619141e-01
9.997128248214721680e-01
9.953584671020507812e-01
9.996362328529357910e-01
9.998146891593933105e-01
9.983412027359008789e-01
9.781754612922668457e-01
9.006561636924743652e-01
9.459390640258789062e-01
9.594618082046508789e-01
9.989899992942810059e-01
9.997509717941284180e-01
9.996848702430725098e-01
9.957608580589294434e-01
9.812178611755371094e-01
9.865872263908386230e-01
9.862104058265686035e-01
9.959298968315124512e-01
9.981635808944702148e-01
9.426277838647365570e-01
9.362339973449707031e-01
9.973390698432922363e-01
9.791544079780578613e-01
9.991783499717712402e-01
9.960497021675109863e-01
9.940352439880371094e-01
9.967592954635620117e-01
9.934489727020263672e-01
9.569121599197387695e-01
9.957375526428222656e-01
9.577572941780090332e-01
9.978071451187133789e-01
9.823847413063049316e-01
9.990218877792358398e-01
9.868248105049133301e-01
8.535699248313903809e-01
9.542008042335510254e-01
8.973414897918701172e-01
9.917398691177368164e-01
9.800905585289001465e-01
9.977862238883972168e-01
9.990535974502563477e-01
9.992783665657043457e-01
8.454614877700805664e-01
5.368146300315856934e-01
9.882419705390930176e-01
9.972999691963195801e-01
9.737640619277954102e-01
9.992620944976806641e-01
5.140279233455657959e-01
9.343924522399902344e-01
9.722618460655212402e-01
9.245733618736267090e-01
9.986725449562072754e-01
9.979615807533264160e-01
9.991809129714965820e-01
9.962869286537170410e-01
9.987880587577819824e-01
9.908930063247680664e-01
9.989604949951171875e-01
9.987226128578186035e-01
9.991896748542785645e-01
9.988647699356079102e-01
9.971504211425781250e-01
8.741340041160583496e-01
5.801656842231750488e-01
9.346723556518554688e-01
9.620934128761291504e-01
9.867687821388244629e-01
9.982036352157592773e-01
9.954019784927368164e-01
9.996825456619262695e-01
9.586014747619628906e-01
9.266323447227478027e-01
9.324147701263427734e-01
9.652442336082458496e-01
9.941548705101013184e-01
9.978210926055908203e-01
9.991914629936218262e-01
9.993630051612854004e-01
9.766149520874023438e-01
9.904692173004150391e-01
9.749245047569274902e-01
9.844915270805358887e-01
9.214754700660705566e-01
9.871809482574462891e-01
9.827216267585754395e-01
9.415498375892639160e-01
6.965394914150238037e-01
9.493315815925598145e-01
6.490432620048522949e-01
9.864949584007263184e-01
9.887065291404724121e-01
9.801993370056152344e-01
9.928147792816162109e-01
9.164488315582275391e-01
8.510085344314575195e-01
9.232671260833740234e-01
6.878595352172851562e-01
8.733856678009033203e-01
7.727304697036743164e-01
8.575338721275329590e-01
8.430735468864440918e-01
7.078247964382171631e-01
8.290482163429260254e-01
7.399023771286010742e-01
3.945936560630798340e-01
6.810279488563537598e-01
7.642070651054382324e-01
5.436499714851379395e-01
4.534875750541687012e-01
5.500778853893280029e-01
6.170795559883117676e-01
4.908683300018310547e-01
6.077743172645568848e-01
5.299026668071746826e-01
5.092024505138397217e-01
6.431133151054382324e-01
6.845438480377197266e-01
6.711869835853576660e-01
4.999295473098754883e-01
3.759494423866271973e-01
4.393418729305267334e-01
3.392188549041748047e-01
4.525027871131896973e-01
4.586439728736877441e-01
4.189345240592956543e-01
5.256044268608093262e-01
4.655630886554718018e-01
3.239544630050659180e-01
4.897183477878570557e-01
2.563446760177612305e-01
3.482391834259033203e-01
2.722681164741516113e-01
4.487300515174865723e-01
2.703884243965148926e-01
3.392000794410705566e-01
2.977409362792968750e-01
3.190269768238067627e-01
2.549916505813598633e-01
2.233847975730895996e-01
2.233110666275024414e-01
3.492423295974731445e-01
2.879436016082763672e-01
4.350584149360656738e-01
3.865100741386413574e-01
3.710761666297912598e-01
3.857081532478332520e-01
4.649567008018493652e-01
4.727324843406677246e-01
4.715246558189392090e-01
4.656805098056793213e-01
