9.961766004562377930e-01
9.970693588256835938e-01
9.985863566398620605e-01
9.985475540161132812e-01
9.996557831764221191e-01
9.971083402633666992e-01
9.954213500022888184e-01
9.989977478981018066e-01
9.996641874313354492e-01
9.998110532760620117e-01
9.998123645782470703e-01
9.997943043708801270e-01
9.998352527618408203e-01
9.957538843154907227e-01
9.980084300041198730e-01
9.993924498558044434e-01
9.994723200798034668e-01
9.998383522033691406e-01
9.998486638069152832e-01
9.998777508735656738e-01
9.990698099136352539e-01
9.982339143753051758e-01
9.995166659355163574e-01
9.998294711112976074e-01
9.999221563339233398e-01
9.999373555183410645e-01
9.998965263366699219e-01
9.999326467514038086e-01
9.998816847801208496e-01
9.998645186424255371e-01
9.999144077301025391e-01
9.999070167541503906e-01
9.999236464500427246e-01
9.999257922172546387e-01
9.999412298202514648e-01
9.999060630798339844e-01
9.998912215232849121e-01
9.997758865356445312e-01
9.905873537063598633e-01
9.993611574172973633e-01
7.089478373527526855e-01
9.686915874481201172e-01
5.206311345100402832e-01
6.084710657596588135e-01
9.138191342353820801e-01
6.170167028903961182e-01
6.093028187751770020e-01
9.000470638275146484e-01
9.959772825241088867e-01
9.997810125350952148e-01
9.998379945755004883e-01
9.992209076881408691e-01
9.992261528968811035e-01
9.996058344841003418e-01
9.995810389518737793e-01
9.996706843376159668e-01
9.996483922004699707e-01
9.998450875282287598e-01
9.994305968284606934e-01
9.992133975028991699e-01
9.996623396873474121e-01
9.996204972267150879e-01
9.995101690292358398e-01
9.994749426841735840e-01
9.997961521148681641e-01
9.992210865020751953e-01
9.988513588905334473e-01
9.995549917221069336e-01
9.993442296981811523e-01
9.992783069610595703e-01
9.989122748374938965e-01
9.993554353713989258e-01
9.997490644454956055e-01
9.980686306953430176e-01
9.982011914253234863e-01
9.993956089019775391e-01
9.988508820533752441e-01
9.988029003143310547e-01
9.985787868499755859e-01
9.998207688331604004e-01
9.997734427452087402e-01
9.996635317802429199e-01
9.995801448822021484e-01
9.994780421257019043e-01
9.985811114311218262e-01
9.989463686943054199e-01
9.994185566902160645e-01
9.995609521865844727e-01
9.995911717414855957e-01
9.997870326042175293e-01
9.997622370719909668e-01
9.998384118080139160e-01
9.997870922088623047e-01
9.996732473373413086e-01
9.993003010749816895e-01
9.987255334854125977e-01
9.995902180671691895e-01
9.995494484901428223e-01
9.996229410171508789e-01
9.994838237762451172e-01
9.993221163749694824e-01
9.992859959602355957e-01
9.987648725509643555e-01
9.995704889297485352e-01
9.997808337211608887e-01
9.994662404060363770e-01
9.995088577270507812e-01
9.992979168891906738e-01
9.993074536323547363e-01
9.991546273231506348e-01
9.995002746582031250e-01
9.986829161643981934e-01
9.994993209838867188e-01
9.958642721176147461e-01
9.917373657226562500e-01
7.902468442916870117e-01
8.376156687736511230e-01
9.980134367942810059e-01
9.988451600074768066e-01
9.997751116752624512e-01
9.978455305099487305e-01
9.991433024406433105e-01
9.984008669853210449e-01
6.575576066970825195e-01
5.526450872421264648e-01
9.945076107978820801e-01
9.533310532569885254e-01
9.992523789405822754e-01
9.887198805809020996e-01
9.453865885734558105e-01
9.841441512107849121e-01
9.926962256431579590e-01
9.245781302452087402e-01
8.121812939643859863e-01
9.396213293075561523e-01
9.683119654655456543e-01
8.742256760597229004e-01
8.386260271072387695e-01
9.845390915870666504e-01
9.951338768005371094e-01
9.680137634277343750e-01
9.923574924468994141e-01
9.975430965423583984e-01
9.886446595191955566e-01
9.952319264411926270e-01
9.896939992904663086e-01
9.912338256835937500e-01
6.688135862350463867e-01
7.795097231864929199e-01
4.306958913803100586e-01
8.952012658119201660e-01
6.441797614097595215e-01
7.983356118202209473e-01
6.575284004211425781e-01
6.756711006164550781e-01
5.822719931602478027e-01
8.096290230751037598e-01
6.833711266517639160e-01
8.640872836112976074e-01
7.171873450279235840e-01
8.805075883865356445e-01
5.807685554027557373e-01
6.822714805603027344e-01
5.949308872222900391e-01
6.858291625976562500e-01
6.013533473014831543e-01
3.690299391746520996e-01
5.573970079421997070e-01
5.374212861061096191e-01
4.199726581573486328e-01
4.025521278381347656e-01
4.352326393127441406e-01
4.623792171478271484e-01
3.286933898925781250e-01
4.358165562152862549e-01
3.985384702682495117e-01
2.898592650890350342e-01
3.639717102050781250e-01
4.933238029479980469e-01
3.205486536026000977e-01
4.549006819725036621e-01
4.290464520454406738e-01
3.342514038085937500e-01
3.589532673358917236e-01
2.738701999187469482e-01
3.466399312019348145e-01
2.092729955911636353e-01
3.449727296829223633e-01
3.305811882019042969e-01
2.526661753654479980e-01
2.816277146339416504e-01
3.806238770484924316e-01
2.858722507953643799e-01
3.051863908767700195e-01
3.425290882587432861e-01
3.887179493904113770e-01
3.400834202766418457e-01
3.271338939666748047e-01
4.023894071578979492e-01
3.514627218246459961e-01
3.806554377079010010e-01
4.240935444831848145e-01
4.437460303306579590e-01
4.111379384994506836e-01
3.739798665046691895e-01
3.535158038139343262e-01
3.398598730564117432e-01
3.429659008979797363e-01
4.314647912979125977e-01
3.641590774059295654e-01
4.014096260070800781e-01
3.646407425403594971e-01
4.155358076095581055e-01
4.119128882884979248e-01
