9.961766004562377930e-01
2.928562760353088379e-01
4.109065532684326172e-01
8.505931496620178223e-01
9.950274825096130371e-01
9.988708496093750000e-01
9.985769391059875488e-01
9.988923072814941406e-01
9.909592270851135254e-01
9.864619374275207520e-01
9.960792660713195801e-01
9.994250535964965820e-01
9.998773932456970215e-01
9.986487627029418945e-01
9.978906512260437012e-01
9.995633959770202637e-01
9.993893504142761230e-01
9.998386502265930176e-01
9.998543262481689453e-01
9.998669028282165527e-01
9.991062879562377930e-01
9.982229471206665039e-01
9.995137453079223633e-01
9.998281598091125488e-01
9.999223351478576660e-01
9.999373555183410645e-01
9.999122619628906250e-01
9.993687868118286133e-01
9.998704195022583008e-01
9.999043941497802734e-01
9.999305009841918945e-01
9.998890757560729980e-01
9.998853802680969238e-01
9.999234080314636230e-01
9.999205470085144043e-01
9.999247193336486816e-01
9.999231696128845215e-01
9.997866153717041016e-01
9.998871088027954102e-01
9.866810441017150879e-01
9.963533282279968262e-01
9.989398717880249023e-01
9.768862724304199219e-01
9.910463690757751465e-01
9.996718168258666992e-01
9.906588196754455566e-01
9.746054410934448242e-01
3.926464915275573730e-01
6.871940493583679199e-01
9.874826669692993164e-01
9.990779757499694824e-01
9.991201162338256836e-01
9.532551765441894531e-01
9.937814474105834961e-01
9.909327030181884766e-01
9.996761679649353027e-01
9.881027340888977051e-01
9.976095557212829590e-01
9.989603161811828613e-01
9.997529983520507812e-01
9.998543262481689453e-01
9.993044734001159668e-01
9.982612729072570801e-01
9.995027780532836914e-01
9.994023442268371582e-01
9.988914728164672852e-01
9.997295141220092773e-01
9.983565211296081543e-01
9.999082088470458984e-01
9.997465014457702637e-01
9.982832670211791992e-01
9.984065890312194824e-01
9.982446432113647461e-01
9.996838569641113281e-01
9.978241324424743652e-01
9.994832277297973633e-01
9.997175931930541992e-01
8.112465739250183105e-01
9.518328905105590820e-01
9.706432223320007324e-01
9.997982978820800781e-01
9.993965625762939453e-01
9.994940757751464844e-01
9.993520379066467285e-01
9.994571805000305176e-01
9.997226595878601074e-01
9.997283816337585449e-01
9.996592402458190918e-01
9.994618296623229980e-01
9.992479085922241211e-01
9.997152090072631836e-01
9.997184276580810547e-01
9.997895956039428711e-01
9.995746016502380371e-01
9.989977478981018066e-01
9.997857809066772461e-01
9.990707635879516602e-01
9.995231628417968750e-01
9.992014169692993164e-01
9.994840025901794434e-01
9.992817640304565430e-01
9.996866583824157715e-01
9.992036819458007812e-01
9.984157085418701172e-01
9.997236728668212891e-01
9.997926354408264160e-01
9.990558028221130371e-01
6.336511969566345215e-01
4.472203850746154785e-01
7.665980160236358643e-01
9.383425712585449219e-01
9.927825927734375000e-01
9.979879856109619141e-01
9.997025728225708008e-01
9.997830986976623535e-01
9.998429417610168457e-01
9.977841973304748535e-01
9.897183179855346680e-01
9.962847828865051270e-01
9.973756670951843262e-01
9.979941248893737793e-01
9.996632337570190430e-01
9.996206164360046387e-01
9.451239109039306641e-01
9.732136130332946777e-01
9.966996312141418457e-01
9.938616156578063965e-01
9.914107918739318848e-01
9.196027517318725586e-01
9.881476163864135742e-01
9.767600297927856445e-01
9.345074892044067383e-01
8.496385812759399414e-01
9.849894046783447266e-01
8.371864557266235352e-01
7.570862174034118652e-01
9.508162140846252441e-01
9.977627396583557129e-01
7.566801458597183228e-01
9.935294985771179199e-01
9.798593521118164062e-01
9.901286959648132324e-01
9.801952838897705078e-01
9.933297038078308105e-01
9.950051307678222656e-01
9.904927611351013184e-01
9.833822846412658691e-01
9.735218286514282227e-01
8.283930569887161255e-01
7.450500726699829102e-01
7.379233837127685547e-01
7.017949819564819336e-01
8.999401926994323730e-01
8.527040928602218628e-01
9.003446102142333984e-01
9.298602938652038574e-01
9.347229003906250000e-01
7.680403292179107666e-01
8.964048027992248535e-01
9.401198886334896088e-01
9.167153835296630859e-01
8.665990084409713745e-01
8.738214373588562012e-01
8.365574479103088379e-01
8.273060917854309082e-01
8.849500417709350586e-01
9.032329916954040527e-01
8.280967473983764648e-01
7.482955455780029297e-01
3.607601821422576904e-01
4.847434759140014648e-01
3.604320287704467773e-01
5.340816378593444824e-01
5.233998298645019531e-01
6.211087703704833984e-01
7.500422000885009766e-01
3.452525138854980469e-01
5.925293564796447754e-01
4.737942218780517578e-01
5.159202218055725098e-01
2.747936844825744629e-01
4.605448544025421143e-01
4.236366152763366699e-01
5.319448113441467285e-01
4.209045171737670898e-01
4.199990630149841309e-01
3.827869296073913574e-01
4.148346185684204102e-01
4.299047589302062988e-01
5.565649867057800293e-01
6.589467525482177734e-01
5.020621418952941895e-01
6.118716895580291748e-01
5.619304776191711426e-01
6.088447570800781250e-01
5.361254215240478516e-01
5.150312781333923340e-01
4.135241508483886719e-01
5.071689486503601074e-01
4.544010758399963379e-01
4.799044430255889893e-01
4.762477278709411621e-01
4.357569217681884766e-01
4.186208248138427734e-01
3.575162589550018311e-01
3.680847287178039551e-01
4.793110787868499756e-01
5.449498295783996582e-01
3.072777986526489258e-01
4.102257490158081055e-01
4.324076771736145020e-01
4.320985078811645508e-01
4.147112369537353516e-01
4.023447632789611816e-01
4.079966545104980469e-01
3.710554242134094238e-01
3.790936470031738281e-01
3.847724795341491699e-01
4.437314271926879883e-01
3.475562632083892822e-01
