9.961766004562377930e-01
2.928562760353088379e-01
4.109065830707550049e-01
8.505931496620178223e-01
9.950274825096130371e-01
9.988708496093750000e-01
9.985769391059875488e-01
9.988923072814941406e-01
9.909592270851135254e-01
9.864619374275207520e-01
9.960792660713195801e-01
9.994250535964965820e-01
9.998773932456970215e-01
9.986487627029418945e-01
9.978906512260437012e-01
9.995633959770202637e-01
9.993893504142761230e-01
9.998386502265930176e-01
9.998543262481689453e-01
9.998669028282165527e-01
9.998931884765625000e-01
9.988116025924682617e-01
9.983333349227905273e-01
9.998440742492675781e-01
9.999190568923950195e-01
9.999438524246215820e-01
9.999094605445861816e-01
9.990693926811218262e-01
9.998861551284790039e-01
9.999043941497802734e-01
9.999305009841918945e-01
9.998890757560729980e-01
9.998688101768493652e-01
9.999234080314636230e-01
9.999205470085144043e-01
9.999247193336486816e-01
9.999231696128845215e-01
9.997866153717041016e-01
9.998871088027954102e-01
9.998816847801208496e-01
9.996353983879089355e-01
6.238212585449218750e-01
9.905580878257751465e-01
9.969000220298767090e-01
9.993685483932495117e-01
9.997775554656982422e-01
9.933935403823852539e-01
9.992451667785644531e-01
9.996578097343444824e-01
9.998938441276550293e-01
9.997788667678833008e-01
9.997987747192382812e-01
9.971209764480590820e-01
9.994442462921142578e-01
9.974341988563537598e-01
8.589962124824523926e-01
9.971507191658020020e-01
9.969653487205505371e-01
9.994125962257385254e-01
9.992863535881042480e-01
9.997549057006835938e-01
9.983412027359008789e-01
9.992148280143737793e-01
9.994471669197082520e-01
9.994346499443054199e-01
9.995297193527221680e-01
9.995202422142028809e-01
9.995124936103820801e-01
9.998201727867126465e-01
9.991143941879272461e-01
9.988256692886352539e-01
9.997004866600036621e-01
9.996413588523864746e-01
9.992417097091674805e-01
9.975757598876953125e-01
9.998347163200378418e-01
9.997308850288391113e-01
9.998553991317749023e-01
9.996606111526489258e-01
9.994146227836608887e-01
9.996777772903442383e-01
9.998307824134826660e-01
9.997073411941528320e-01
9.996140599250793457e-01
9.995293617248535156e-01
9.991620182991027832e-01
9.992260336875915527e-01
9.995154142379760742e-01
9.993532896041870117e-01
9.996867179870605469e-01
9.995900392532348633e-01
9.996754527091979980e-01
9.997721314430236816e-01
9.989855289459228516e-01
9.997814893722534180e-01
9.987038373947143555e-01
9.996693134307861328e-01
9.992174506187438965e-01
9.989064335823059082e-01
9.998005032539367676e-01
9.994286894798278809e-01
9.995183944702148438e-01
9.996970295906066895e-01
9.996480941772460938e-01
9.996579289436340332e-01
9.994879364967346191e-01
9.997044205665588379e-01
9.990858435630798340e-01
9.965755939483642578e-01
9.975630044937133789e-01
8.192614316940307617e-01
6.169560551643371582e-01
9.991059303283691406e-01
9.958304762840270996e-01
9.997629523277282715e-01
9.840700030326843262e-01
7.897797822952270508e-01
9.979302883148193359e-01
9.914355278015136719e-01
9.979431033134460449e-01
9.988988637924194336e-01
9.991878271102905273e-01
9.989305734634399414e-01
9.898634552955627441e-01
9.995744228363037109e-01
9.060996770858764648e-01
5.780753493309020996e-01
9.646754264831542969e-01
9.605593085289001465e-01
9.329991936683654785e-01
8.818081617355346680e-01
7.122337222099304199e-01
9.328680038452148438e-01
1.947780847549438477e-01
9.943993091583251953e-01
9.736046791076660156e-01
9.803988337516784668e-01
9.972159862518310547e-01
9.930859804153442383e-01
9.861167669296264648e-01
9.917774200439453125e-01
9.851692914962768555e-01
9.619264006614685059e-01
9.739333987236022949e-01
9.766429066658020020e-01
9.870379567146301270e-01
9.758979678153991699e-01
9.918678402900695801e-01
9.814000129699707031e-01
9.595882296562194824e-01
7.315331101417541504e-01
8.839001059532165527e-01
7.437869310379028320e-01
8.764275908470153809e-01
7.064300179481506348e-01
8.122839778661727905e-01
9.285609126091003418e-01
9.041655063629150391e-01
8.698272109031677246e-01
9.356368780136108398e-01
9.603377580642700195e-01
8.479480743408203125e-01
9.234755635261535645e-01
7.521706819534301758e-01
8.620643615722656250e-01
6.709429025650024414e-01
9.438739418983459473e-01
9.179505109786987305e-01
8.146824836730957031e-01
8.113994002342224121e-01
4.553998112678527832e-01
4.981750547885894775e-01
2.029039114713668823e-01
3.702782392501831055e-01
4.830592870712280273e-01
3.843275010585784912e-01
6.073164939880371094e-01
6.469514369964599609e-01
6.968079209327697754e-01
5.642454326152801514e-01
4.932330250740051270e-01
5.197234749794006348e-01
6.455020904541015625e-01
6.406974196434020996e-01
4.831801652908325195e-01
5.044190585613250732e-01
3.738965392112731934e-01
6.634266972541809082e-01
4.000275135040283203e-01
4.917149245738983154e-01
6.269217729568481445e-01
5.627059638500213623e-01
3.739179372787475586e-01
3.851239383220672607e-01
3.593106567859649658e-01
3.511345982551574707e-01
4.470823705196380615e-01
4.039032757282257080e-01
4.501764774322509766e-01
5.612881779670715332e-01
5.459417700767517090e-01
4.888992309570312500e-01
6.164807677268981934e-01
4.284292459487915039e-01
4.196541309356689453e-01
5.715175271034240723e-01
4.688381552696228027e-01
3.673462271690368652e-01
4.776580333709716797e-01
3.999125361442565918e-01
4.459837079048156738e-01
4.149862527847290039e-01
3.939760923385620117e-01
3.715426921844482422e-01
3.403140008449554443e-01
4.356015920639038086e-01
3.005434870719909668e-01
3.348351716995239258e-01
3.368701934814453125e-01
