9.961766004562377930e-01
2.928562760353088379e-01
4.109065532684326172e-01
8.505931496620178223e-01
9.950274825096130371e-01
9.988708496093750000e-01
5.628299713134765625e-01
6.676136255264282227e-01
9.964333772659301758e-01
9.957265853881835938e-01
9.970041513442993164e-01
9.995087981224060059e-01
9.998688101768493652e-01
9.998847842216491699e-01
9.987072944641113281e-01
9.981560707092285156e-01
9.994923472404479980e-01
9.998260140419006348e-01
9.998813867568969727e-01
9.631966352462768555e-01
9.979286193847656250e-01
9.996344447135925293e-01
9.998296499252319336e-01
9.998421072959899902e-01
9.999101161956787109e-01
9.999140501022338867e-01
9.999448657035827637e-01
9.999305605888366699e-01
9.999287724494934082e-01
9.998857975006103516e-01
9.999116063117980957e-01
9.998994469642639160e-01
9.998830556869506836e-01
9.999235868453979492e-01
9.999216794967651367e-01
9.999247789382934570e-01
9.999270439147949219e-01
9.997517466545104980e-01
8.551200628280639648e-01
9.889407157897949219e-01
9.988999366760253906e-01
9.966717362403869629e-01
9.925864338874816895e-01
5.559209585189819336e-01
9.830107092857360840e-01
9.996365904808044434e-01
8.870354294776916504e-01
9.932194352149963379e-01
7.389252781867980957e-01
9.664579033851623535e-01
9.989163875579833984e-01
9.993556737899780273e-01
9.995753765106201172e-01
9.997847080230712891e-01
9.998404979705810547e-01
9.994311928749084473e-01
9.991841316223144531e-01
9.996402263641357422e-01
9.996371269226074219e-01
9.996983408927917480e-01
9.998596906661987305e-01
9.993980526924133301e-01
9.989057779312133789e-01
9.995089769363403320e-01
9.994397759437561035e-01
9.995735883712768555e-01
9.994412064552307129e-01
9.991848468780517578e-01
9.995706081390380859e-01
9.971167445182800293e-01
9.973297715187072754e-01
9.991641640663146973e-01
9.995415210723876953e-01
9.980512261390686035e-01
9.968835115432739258e-01
9.992838501930236816e-01
9.997596144676208496e-01
9.997748732566833496e-01
9.995259046554565430e-01
9.993380308151245117e-01
9.997268915176391602e-01
9.997461438179016113e-01
9.991592168807983398e-01
9.996127486228942871e-01
9.997379183769226074e-01
9.995805025100708008e-01
9.998527765274047852e-01
9.993152022361755371e-01
9.995115995407104492e-01
9.998160004615783691e-01
9.994010329246520996e-01
9.997662305831909180e-01
9.994220733642578125e-01
9.994707107543945312e-01
9.992517232894897461e-01
9.993721246719360352e-01
9.987899065017700195e-01
9.995527863502502441e-01
9.993107318878173828e-01
9.983174800872802734e-01
9.982829093933105469e-01
9.995778799057006836e-01
9.994255304336547852e-01
9.994155168533325195e-01
9.996456503868103027e-01
9.988545775413513184e-01
9.965416193008422852e-01
9.827696084976196289e-01
9.882438182830810547e-01
9.990319013595581055e-01
9.970054626464843750e-01
9.988761544227600098e-01
9.984304904937744141e-01
9.995941519737243652e-01
9.981213808059692383e-01
9.902863502502441406e-01
9.983580112457275391e-01
9.952625632286071777e-01
9.994075894355773926e-01
9.996666908264160156e-01
9.989231228828430176e-01
9.976316690444946289e-01
7.543685436248779297e-01
8.415814638137817383e-01
9.894062280654907227e-01
9.910513758659362793e-01
9.862208962440490723e-01
9.676327705383300781e-01
9.745470881462097168e-01
9.947608113288879395e-01
9.985636472702026367e-01
7.892491817474365234e-01
6.726701259613037109e-01
9.954817295074462891e-01
9.925597906112670898e-01
9.814913272857666016e-01
9.909877181053161621e-01
9.835039973258972168e-01
9.768059253692626953e-01
9.753953814506530762e-01
9.711694717407226562e-01
9.837217926979064941e-01
9.177361130714416504e-01
9.282848834991455078e-01
9.264052212238311768e-01
9.550985097885131836e-01
8.538745641708374023e-01
8.379031419754028320e-01
8.021199256181716919e-01
6.861629784107208252e-01
6.763536632061004639e-01
5.924059748649597168e-01
6.598185300827026367e-01
7.294136881828308105e-01
5.892742276191711426e-01
6.307786107063293457e-01
7.461210489273071289e-01
5.201365947723388672e-01
6.476456522941589355e-01
6.639178097248077393e-01
5.536803603172302246e-01
6.484917998313903809e-01
4.980493485927581787e-01
4.668608605861663818e-01
4.025195240974426270e-01
3.747176527976989746e-01
3.327392339706420898e-01
4.078322649002075195e-01
5.200126469135284424e-01
3.454839885234832764e-01
3.471670150756835938e-01
4.003020226955413818e-01
2.076036781072616577e-01
3.885852098464965820e-01
3.720782697200775146e-01
5.032056868076324463e-01
4.445616006851196289e-01
4.105572104454040527e-01
2.932028174400329590e-01
3.089279532432556152e-01
1.728259325027465820e-01
3.719739913940429688e-01
3.278263509273529053e-01
2.172783613204956055e-01
3.111295104026794434e-01
3.176990151405334473e-01
3.626767694950103760e-01
4.495005607604980469e-01
4.281751513481140137e-01
4.115009009838104248e-01
4.151414632797241211e-01
4.158735871315002441e-01
3.164643049240112305e-01
3.446431756019592285e-01
3.498500585556030273e-01
4.350951313972473145e-01
4.102457463741302490e-01
3.498409390449523926e-01
3.679165244102478027e-01
4.703606367111206055e-01
3.960828185081481934e-01
3.568461239337921143e-01
3.256563544273376465e-01
3.426260352134704590e-01
4.062386751174926758e-01
3.913221359252929688e-01
3.808143138885498047e-01
4.539886116981506348e-01
3.342701196670532227e-01
4.105726480484008789e-01
3.969105184078216553e-01
