9.961766004562377930e-01
9.970693588256835938e-01
9.985863566398620605e-01
6.561008989810943604e-01
9.846214652061462402e-01
9.987663626670837402e-01
4.852566719055175781e-01
7.445484995841979980e-01
9.955805540084838867e-01
9.956941008567810059e-01
9.976858496665954590e-01
9.995087981224060059e-01
9.998688101768493652e-01
9.988949298858642578e-01
9.980537891387939453e-01
9.995019435882568359e-01
9.994032979011535645e-01
9.998383522033691406e-01
9.998545050621032715e-01
9.998666644096374512e-01
9.998934268951416016e-01
9.998809099197387695e-01
9.997652173042297363e-01
9.996891021728515625e-01
9.999229311943054199e-01
9.999417066574096680e-01
9.999338388442993164e-01
9.988988041877746582e-01
9.998575448989868164e-01
9.999147057533264160e-01
9.999081492424011230e-01
9.999170303344726562e-01
9.999347329139709473e-01
9.998882412910461426e-01
9.998953342437744141e-01
9.999220967292785645e-01
9.999186992645263672e-01
9.997808337211608887e-01
9.997564554214477539e-01
9.997584819793701172e-01
9.998900890350341797e-01
9.998843669891357422e-01
9.997596740722656250e-01
9.986010193824768066e-01
9.430733919143676758e-01
9.971525669097900391e-01
9.993143677711486816e-01
9.940982460975646973e-01
4.667093753814697266e-01
9.958434700965881348e-01
9.761004447937011719e-01
9.514731764793395996e-01
9.868033528327941895e-01
9.993568062782287598e-01
9.992946982383728027e-01
9.997761845588684082e-01
9.980986714363098145e-01
9.995807409286499023e-01
9.996702671051025391e-01
9.996413588523864746e-01
9.997174143791198730e-01
9.997096657752990723e-01
9.996614456176757812e-01
9.997143745422363281e-01
9.977014064788818359e-01
9.990506172180175781e-01
9.994291663169860840e-01
9.987545013427734375e-01
9.996384382247924805e-01
9.996181726455688477e-01
9.995315670967102051e-01
9.998304843902587891e-01
9.987363219261169434e-01
9.993137717247009277e-01
9.929049611091613770e-01
9.965640306472778320e-01
9.994683861732482910e-01
9.987577795982360840e-01
9.833798408508300781e-01
9.979129433631896973e-01
9.997073411941528320e-01
9.994590282440185547e-01
9.996020793914794922e-01
8.835646510124206543e-01
9.351134300231933594e-01
9.976919293403625488e-01
9.996239542961120605e-01
9.972225427627563477e-01
9.997236132621765137e-01
9.994706511497497559e-01
9.997614026069641113e-01
9.996430873870849609e-01
9.990074634552001953e-01
9.935755729675292969e-01
9.994741678237915039e-01
9.993526339530944824e-01
9.997430443763732910e-01
9.995892047882080078e-01
9.996252655982971191e-01
9.996426701545715332e-01
9.995424151420593262e-01
9.996683001518249512e-01
9.944307804107666016e-01
9.982358813285827637e-01
9.580544233322143555e-01
9.156984463334083557e-01
9.764475822448730469e-01
9.982234835624694824e-01
5.492084622383117676e-01
2.792992591857910156e-01
9.151856303215026855e-01
9.565635323524475098e-01
9.994067549705505371e-01
9.854880571365356445e-01
8.483452200889587402e-01
9.608561396598815918e-01
9.672831296920776367e-01
9.989394545555114746e-01
9.988883137702941895e-01
9.997138977050781250e-01
9.997442960739135742e-01
9.998186230659484863e-01
9.997308850288391113e-01
9.996901154518127441e-01
9.991523027420043945e-01
9.852696657180786133e-01
9.564018249511718750e-01
9.984259605407714844e-01
9.608021378517150879e-01
9.711145758628845215e-01
7.076479792594909668e-01
9.272834062576293945e-01
8.737105131149291992e-01
9.078949689865112305e-01
4.535239934921264648e-01
9.795778989791870117e-01
9.950191974639892578e-01
9.990190267562866211e-01
9.989069700241088867e-01
9.990625381469726562e-01
9.927066564559936523e-01
9.726662635803222656e-01
8.375590443611145020e-01
4.359728693962097168e-01
9.909701943397521973e-01
9.895275831222534180e-01
9.350012540817260742e-01
9.656383991241455078e-01
8.712912052869796753e-01
7.959117591381072998e-01
9.666493535041809082e-01
7.222039103507995605e-01
7.358563542366027832e-01
4.908433556556701660e-01
7.424277365207672119e-01
3.783910870552062988e-01
4.880744814872741699e-01
6.440671086311340332e-01
8.715934157371520996e-01
5.432482659816741943e-01
8.089692592620849609e-01
6.665714979171752930e-01
9.183250665664672852e-01
9.250371456146240234e-01
7.297199368476867676e-01
8.863076567649841309e-01
8.035370707511901855e-01
7.160664796829223633e-01
6.227125525474548340e-01
5.140720009803771973e-01
5.956448018550872803e-01
5.321146249771118164e-01
5.607769489288330078e-01
5.086432695388793945e-01
5.845255255699157715e-01
5.370512008666992188e-01
4.480003118515014648e-01
5.995092391967773438e-01
6.246140897274017334e-01
4.109423458576202393e-01
3.561649918556213379e-01
4.259307384490966797e-01
4.648010134696960449e-01
5.145130157470703125e-01
5.862116813659667969e-01
8.298017382621765137e-01
7.333347201347351074e-01
6.268743574619293213e-01
6.626502871513366699e-01
5.646162331104278564e-01
7.196243107318878174e-01
5.289170742034912109e-01
5.400762557983398438e-01
5.218250751495361328e-01
6.087111234664916992e-01
5.757159888744354248e-01
5.767568051815032959e-01
4.768915772438049316e-01
4.845376610755920410e-01
6.366865932941436768e-01
5.961292684078216553e-01
4.353933334350585938e-01
5.418426394462585449e-01
6.110876202583312988e-01
6.391976475715637207e-01
5.638117790222167969e-01
4.988014101982116699e-01
4.943868517875671387e-01
5.503944158554077148e-01
4.243460297584533691e-01
4.257399439811706543e-01
4.202978610992431641e-01
5.098436176776885986e-01
5.785777568817138672e-01
5.156014263629913330e-01
4.697082638740539551e-01
5.170381069183349609e-01
5.805819630622863770e-01
