9.961766004562377930e-01
9.970693588256835938e-01
9.985863566398620605e-01
6.561009287834167480e-01
9.846214652061462402e-01
9.987663626670837402e-01
4.852566719055175781e-01
7.445484995841979980e-01
9.955805540084838867e-01
9.956941008567810059e-01
9.976858496665954590e-01
9.995087981224060059e-01
9.998688101768493652e-01
9.998847842216491699e-01
9.987072944641113281e-01
9.982871413230895996e-01
9.994984865188598633e-01
9.998257160186767578e-01
9.998814463615417480e-01
9.585264921188354492e-01
9.979286193847656250e-01
9.996428489685058594e-01
9.998295903205871582e-01
9.998399615287780762e-01
9.999109506607055664e-01
9.999142289161682129e-01
9.999448657035827637e-01
9.999305605888366699e-01
9.998197555541992188e-01
9.998757839202880859e-01
9.999055266380310059e-01
9.999178051948547363e-01
9.999440312385559082e-01
9.998990893363952637e-01
9.998912811279296875e-01
9.999257326126098633e-01
9.999186992645263672e-01
9.997813701629638672e-01
9.997540116310119629e-01
9.997556209564208984e-01
9.972718358039855957e-01
9.785726070404052734e-01
9.272753149271011353e-01
9.524375200271606445e-01
9.925390481948852539e-01
6.438431143760681152e-01
9.511685557663440704e-01
9.945893883705139160e-01
8.042295575141906738e-01
9.964844584465026855e-01
9.994410872459411621e-01
9.994360208511352539e-01
9.994876384735107422e-01
9.996322989463806152e-01
9.996439814567565918e-01
9.998575448989868164e-01
9.993895292282104492e-01
9.991740584373474121e-01
9.996744990348815918e-01
9.996320009231567383e-01
9.996978044509887695e-01
9.996808767318725586e-01
9.997154474258422852e-01
9.996148347854614258e-01
9.981364011764526367e-01
9.997149109840393066e-01
9.991884231567382812e-01
9.982263445854187012e-01
9.987655282020568848e-01
9.992002248764038086e-01
9.995307326316833496e-01
9.994453787803649902e-01
9.957312345504760742e-01
9.884894490242004395e-01
9.989634752273559570e-01
9.846364259719848633e-01
9.982374310493469238e-01
9.981709718704223633e-01
9.990060925483703613e-01
9.985395073890686035e-01
9.978821873664855957e-01
9.987564682960510254e-01
9.983757138252258301e-01
9.994766116142272949e-01
9.986366033554077148e-01
9.996028542518615723e-01
9.982776641845703125e-01
9.892631769180297852e-01
9.991671442985534668e-01
9.992673993110656738e-01
9.993798136711120605e-01
9.979454278945922852e-01
9.996554851531982422e-01
9.996498823165893555e-01
9.991602301597595215e-01
9.992434382438659668e-01
9.991600513458251953e-01
9.994478225708007812e-01
9.996297359466552734e-01
9.997273683547973633e-01
9.990777373313903809e-01
9.977608323097229004e-01
9.992896318435668945e-01
9.996475577354431152e-01
9.995338320732116699e-01
9.997326731681823730e-01
9.946521520614624023e-01
9.992964267730712891e-01
9.885162115097045898e-01
9.935768842697143555e-01
9.986739754676818848e-01
9.983650445938110352e-01
9.991348385810852051e-01
9.989808201789855957e-01
9.988080263137817383e-01
9.995688796043395996e-01
9.984425902366638184e-01
9.958523511886596680e-01
9.925581216812133789e-01
9.946056008338928223e-01
9.993647933006286621e-01
9.996932148933410645e-01
9.991230964660644531e-01
9.991696476936340332e-01
9.884317517280578613e-01
9.960099458694458008e-01
9.937323331832885742e-01
9.980238676071166992e-01
9.625977873802185059e-01
9.984790682792663574e-01
9.943897128105163574e-01
9.992964267730712891e-01
9.793671369552612305e-01
9.340304732322692871e-01
9.927015900611877441e-01
9.947922229766845703e-01
9.945881962776184082e-01
9.971766471862792969e-01
9.980326294898986816e-01
9.857252240180969238e-01
9.910381436347961426e-01
8.705240488052368164e-01
9.650483131408691406e-01
9.720265269279479980e-01
9.905400276184082031e-01
9.920690059661865234e-01
7.998258471488952637e-01
6.959197521209716797e-01
5.043368935585021973e-01
3.046464920043945312e-01
7.700235843658447266e-01
6.170042157173156738e-01
7.934584617614746094e-01
7.995492219924926758e-01
8.822965621948242188e-01
8.220050632953643799e-01
7.356989383697509766e-01
8.865463137626647949e-01
8.351079821586608887e-01
6.595794558525085449e-01
7.257549762725830078e-01
8.208038806915283203e-01
7.221660017967224121e-01
8.173194527626037598e-01
7.234624624252319336e-01
5.924302935600280762e-01
6.331864893436431885e-01
6.660424470901489258e-01
4.603676795959472656e-01
5.090375542640686035e-01
6.144765019416809082e-01
5.366880297660827637e-01
5.366221666336059570e-01
5.788428783416748047e-01
3.180010318756103516e-01
4.844318628311157227e-01
5.513597130775451660e-01
7.278857231140136719e-01
4.821766912937164307e-01
5.781096518039703369e-01
3.993203639984130859e-01
5.854453146457672119e-01
2.342832088470458984e-01
4.052630662918090820e-01
3.697383403778076172e-01
4.210945665836334229e-01
2.205080091953277588e-01
3.290050625801086426e-01
4.339279532432556152e-01
4.461164474487304688e-01
5.434021055698394775e-01
5.181108713150024414e-01
4.993998408317565918e-01
4.322901070117950439e-01
4.231377243995666504e-01
3.645956516265869141e-01
3.063646852970123291e-01
3.308469653129577637e-01
4.345645606517791748e-01
4.298477172851562500e-01
4.090732336044311523e-01
5.044822096824645996e-01
4.839724898338317871e-01
5.267816185951232910e-01
5.017927885055541992e-01
5.607385039329528809e-01
4.940619170665740967e-01
5.073140263557434082e-01
4.224816560745239258e-01
4.085547924041748047e-01
4.341730475425720215e-01
5.428555011749267578e-01
4.081736803054809570e-01
4.988456666469573975e-01
4.136035740375518799e-01
5.329769253730773926e-01
4.399059414863586426e-01
