9.961766004562377930e-01
9.970693588256835938e-01
9.985863566398620605e-01
6.561009287834167480e-01
9.846214652061462402e-01
9.987663626670837402e-01
4.852566719055175781e-01
7.445484995841979980e-01
9.955805540084838867e-01
9.956941008567810059e-01
9.976858496665954590e-01
9.995087981224060059e-01
9.998688101768493652e-01
9.998847842216491699e-01
9.987072944641113281e-01
9.888485074043273926e-01
9.985628724098205566e-01
9.994955658912658691e-01
9.967814087867736816e-01
3.615505695343017578e-01
9.260897636413574219e-01
9.937003850936889648e-01
9.905760884284973145e-01
9.303143694996833801e-01
9.874259829521179199e-01
9.980329275131225586e-01
9.997825026512145996e-01
9.998631477355957031e-01
9.985389709472656250e-01
9.996407032012939453e-01
9.998260140419006348e-01
9.997901916503906250e-01
9.998930692672729492e-01
9.998951554298400879e-01
9.998885989189147949e-01
9.996371269226074219e-01
9.995070695877075195e-01
9.982662796974182129e-01
9.979514479637145996e-01
9.982347488403320312e-01
9.994975328445434570e-01
9.920439720153808594e-01
9.978387355804443359e-01
9.933935403823852539e-01
9.993980526924133301e-01
9.953910112380981445e-01
4.975845813751220703e-01
8.697454333305358887e-01
9.884201288223266602e-01
9.220712780952453613e-01
9.684275165200233459e-01
9.917150735855102539e-01
9.990572929382324219e-01
9.991253614425659180e-01
9.997599720954895020e-01
9.995784163475036621e-01
9.998948574066162109e-01
9.997315406799316406e-01
9.984378814697265625e-01
9.990954399108886719e-01
9.994345307350158691e-01
9.995809793472290039e-01
9.997967481613159180e-01
9.997888803482055664e-01
9.997758865356445312e-01
9.991276860237121582e-01
9.986982345581054688e-01
9.994993209838867188e-01
9.992805123329162598e-01
9.994567036628723145e-01
9.997093081474304199e-01
9.994563460350036621e-01
9.975404739379882812e-01
9.972336292266845703e-01
9.929092526435852051e-01
9.851971268653869629e-01
9.947259426116943359e-01
9.990054965019226074e-01
9.925072193145751953e-01
9.934775829315185547e-01
9.993982911109924316e-01
9.996122717857360840e-01
9.979215264320373535e-01
9.979602694511413574e-01
9.996176362037658691e-01
9.998570680618286133e-01
9.993146061897277832e-01
9.988121986389160156e-01
9.870158433914184570e-01
9.992294907569885254e-01
9.992148876190185547e-01
9.987650513648986816e-01
9.996880292892456055e-01
9.996960163116455078e-01
9.995527863502502441e-01
9.986148476600646973e-01
9.993230104446411133e-01
9.992939829826354980e-01
9.993903636932373047e-01
9.997949600219726562e-01
9.995537996292114258e-01
9.996666312217712402e-01
9.991025328636169434e-01
9.997501373291015625e-01
9.996040463447570801e-01
9.997752308845520020e-01
9.987099170684814453e-01
9.983569979667663574e-01
9.985067248344421387e-01
9.991526603698730469e-01
9.997231364250183105e-01
9.993594288825988770e-01
9.994575381278991699e-01
9.846950769424438477e-01
9.945147633552551270e-01
9.869728088378906250e-01
9.962505698204040527e-01
9.979506731033325195e-01
9.994514584541320801e-01
9.976447224617004395e-01
9.855542778968811035e-01
9.957712888717651367e-01
9.959321022033691406e-01
9.976067543029785156e-01
9.989385604858398438e-01
9.988621473312377930e-01
9.993926286697387695e-01
9.966159462928771973e-01
9.977842569351196289e-01
9.930090308189392090e-01
9.959307909011840820e-01
9.810096025466918945e-01
9.858753085136413574e-01
8.404216915369033813e-01
9.346380233764648438e-01
8.631728887557983398e-01
9.822160601615905762e-01
9.944502115249633789e-01
9.922198653221130371e-01
9.322094321250915527e-01
9.849761724472045898e-01
9.716886281967163086e-01
9.811482429504394531e-01
7.876459956169128418e-01
9.623300433158874512e-01
9.208738207817077637e-01
8.144896626472473145e-01
8.524091839790344238e-01
9.440515041351318359e-01
7.062999010086059570e-01
9.195175766944885254e-01
8.277136683464050293e-01
9.238975048065185547e-01
8.913512155413627625e-01
8.958812877535820007e-01
7.420402169227600098e-01
5.581112504005432129e-01
3.619905412197113037e-01
4.427934885025024414e-01
5.407739281654357910e-01
5.972588956356048584e-01
4.747274518013000488e-01
4.731886684894561768e-01
5.758300423622131348e-01
5.869343280792236328e-01
5.075170993804931641e-01
5.587565302848815918e-01
6.648374199867248535e-01
5.701132416725158691e-01
5.472542047500610352e-01
4.618569612503051758e-01
5.263094902038574219e-01
5.330022275447845459e-01
5.887774825096130371e-01
6.539229154586791992e-01
5.753337740898132324e-01
6.163344979286193848e-01
5.936129093170166016e-01
4.613965749740600586e-01
4.943148791790008545e-01
4.961237311363220215e-01
4.607312083244323730e-01
4.457232952117919922e-01
3.891255259513854980e-01
3.343324065208435059e-01
4.048288464546203613e-01
4.621656537055969238e-01
5.007636845111846924e-01
4.984310269355773926e-01
4.319142699241638184e-01
6.183350682258605957e-01
5.510000586509704590e-01
5.910320878028869629e-01
6.800913810729980469e-01
4.982616305351257324e-01
4.359257221221923828e-01
3.539152145385742188e-01
4.300117492675781250e-01
3.410606980323791504e-01
3.104597330093383789e-01
3.986022472381591797e-01
4.104748368263244629e-01
4.600135982036590576e-01
4.414004683494567871e-01
4.147334694862365723e-01
4.181404113769531250e-01
4.164961278438568115e-01
4.266992807388305664e-01
3.627743721008300781e-01
3.865352869033813477e-01
3.849077820777893066e-01
