9.961766004562377930e-01
2.928562760353088379e-01
4.109065532684326172e-01
8.505931496620178223e-01
9.950274825096130371e-01
9.988708496093750000e-01
9.985769391059875488e-01
9.988923072814941406e-01
9.997332096099853516e-01
9.903985857963562012e-01
9.857288599014282227e-01
9.994789361953735352e-01
9.998586773872375488e-01
9.988344311714172363e-01
9.980555176734924316e-01
9.994714856147766113e-01
9.994829893112182617e-01
9.998386502265930176e-01
9.998543262481689453e-01
9.998669028282165527e-01
9.998931884765625000e-01
9.988150596618652344e-01
9.983148574829101562e-01
9.998452663421630859e-01
9.999188184738159180e-01
9.999438524246215820e-01
9.999094605445861816e-01
9.990985393524169922e-01
9.998861551284790039e-01
9.999046921730041504e-01
9.999077916145324707e-01
9.999371170997619629e-01
9.999344348907470703e-01
9.999027252197265625e-01
9.998943805694580078e-01
9.999218583106994629e-01
9.999188184738159180e-01
9.998072981834411621e-01
9.998831748962402344e-01
9.996780157089233398e-01
9.995790123939514160e-01
8.523173332214355469e-01
9.903129339218139648e-01
9.864876866340637207e-01
9.578039050102233887e-01
5.525994002819061279e-01
8.740014433860778809e-01
5.706964135169982910e-01
5.740176737308502197e-01
9.917989969253540039e-01
9.989938139915466309e-01
9.995802044868469238e-01
9.994146823883056641e-01
9.998408555984497070e-01
9.994238615036010742e-01
9.991491436958312988e-01
9.996498823165893555e-01
9.996203184127807617e-01
9.996866583824157715e-01
9.996800422668457031e-01
9.996751546859741211e-01
9.998621940612792969e-01
9.989899396896362305e-01
9.987083077430725098e-01
9.996813535690307617e-01
9.996163845062255859e-01
9.991934895515441895e-01
9.997022747993469238e-01
9.997890591621398926e-01
9.987580776214599609e-01
9.986000061035156250e-01
9.988050460815429688e-01
9.992219209671020508e-01
9.990427494049072266e-01
9.766415972262620926e-01
9.995380640029907227e-01
9.993112087249755859e-01
9.992161393165588379e-01
7.679516077041625977e-01
9.180005788803100586e-01
9.822322726249694824e-01
9.988540410995483398e-01
9.992284774780273438e-01
9.995670318603515625e-01
9.995946884155273438e-01
9.998468756675720215e-01
9.997606277465820312e-01
9.996871352195739746e-01
9.997906684875488281e-01
9.997253417968750000e-01
9.996964931488037109e-01
9.998051524162292480e-01
9.997583031654357910e-01
9.997149705886840820e-01
9.996510744094848633e-01
9.997134208679199219e-01
9.994282126426696777e-01
9.994560480117797852e-01
9.994654059410095215e-01
9.996266961097717285e-01
9.993873834609985352e-01
9.985475540161132812e-01
9.983128309249877930e-01
9.994859695434570312e-01
9.996144175529479980e-01
9.993199706077575684e-01
9.994041323661804199e-01
9.990754723548889160e-01
9.986262917518615723e-01
9.954736828804016113e-01
9.866225123405456543e-01
9.903583526611328125e-01
9.993776082992553711e-01
9.988875389099121094e-01
9.997903704643249512e-01
9.966503381729125977e-01
9.973670244216918945e-01
9.957833886146545410e-01
9.974166154861450195e-01
9.953709840774536133e-01
9.983431696891784668e-01
9.992375373840332031e-01
9.996740221977233887e-01
9.990485310554504395e-01
9.993159174919128418e-01
8.917414024472236633e-01
9.322896599769592285e-01
9.980458021163940430e-01
9.936594367027282715e-01
9.982256293296813965e-01
9.972396492958068848e-01
9.899246692657470703e-01
9.140849113464355469e-01
5.324934422969818115e-01
9.817309975624084473e-01
9.105095863342285156e-01
9.745283126831054688e-01
9.335108399391174316e-01
9.933297038078308105e-01
9.682304263114929199e-01
9.812157750129699707e-01
9.641733169555664062e-01
9.496954083442687988e-01
9.391402602195739746e-01
9.967126250267028809e-01
8.785929083824157715e-01
9.418023824691772461e-01
8.717088699340820312e-01
8.574615865945816040e-01
5.533454418182373047e-01
5.125665664672851562e-01
5.785623192787170410e-01
5.997554063796997070e-01
2.981747388839721680e-01
4.836651086807250977e-01
4.670312702655792236e-01
2.431695461273193359e-01
6.351675987243652344e-01
5.524880588054656982e-01
3.857892453670501709e-01
5.211346149444580078e-01
6.190493702888488770e-01
3.868064880371093750e-01
4.087612032890319824e-01
2.972391247749328613e-01
4.093526601791381836e-01
2.734670042991638184e-01
3.573272228240966797e-01
3.558689355850219727e-01
2.556551694869995117e-01
3.385762572288513184e-01
2.629208564758300781e-01
2.886310219764709473e-01
2.980662584304809570e-01
1.813480854034423828e-01
2.333206534385681152e-01
3.048026561737060547e-01
2.773778438568115234e-01
2.709366083145141602e-01
3.379662334918975830e-01
2.908137142658233643e-01
2.853238284587860107e-01
2.915141582489013672e-01
2.697480320930480957e-01
3.183536529541015625e-01
2.398478388786315918e-01
2.724582552909851074e-01
3.242579698562622070e-01
3.297840058803558350e-01
3.406287133693695068e-01
3.939846754074096680e-01
3.303596675395965576e-01
3.113504946231842041e-01
3.797275424003601074e-01
5.325636863708496094e-01
5.444927215576171875e-01
5.435467362403869629e-01
6.919862926006317139e-01
6.127156317234039307e-01
6.297842562198638916e-01
5.132292211055755615e-01
5.401312112808227539e-01
