9.961766004562377930e-01
9.970693588256835938e-01
9.985863566398620605e-01
9.985475540161132812e-01
9.888774156570434570e-01
9.962951540946960449e-01
9.985373020172119141e-01
9.988109469413757324e-01
9.997157454490661621e-01
9.998130202293395996e-01
9.997883439064025879e-01
9.991971254348754883e-01
9.998117685317993164e-01
9.985778331756591797e-01
9.977017641067504883e-01
9.995446801185607910e-01
9.994136691093444824e-01
9.998365640640258789e-01
9.998639225959777832e-01
9.998661279678344727e-01
9.998927116394042969e-01
9.998800754547119141e-01
9.988584518432617188e-01
9.996910691261291504e-01
9.999220967292785645e-01
9.999417066574096680e-01
9.999220967292785645e-01
9.987911581993103027e-01
9.998558163642883301e-01
9.999139308929443359e-01
9.999075531959533691e-01
9.999164938926696777e-01
9.999125599861145020e-01
9.999347925186157227e-01
9.999055266380310059e-01
9.998914003372192383e-01
9.999220967292785645e-01
9.997644424438476562e-01
9.997762441635131836e-01
9.897595643997192383e-01
9.900522828102111816e-01
9.998157024383544922e-01
9.996116161346435547e-01
9.940690398216247559e-01
9.992651343345642090e-01
9.996678233146667480e-01
9.996553063392639160e-01
9.992154836654663086e-01
9.997570514678955078e-01
9.992783069610595703e-01
9.994836449623107910e-01
9.975383281707763672e-01
9.968852996826171875e-01
9.991171360015869141e-01
9.989498257637023926e-01
9.995831847190856934e-01
9.997956752777099609e-01
9.998495578765869141e-01
9.994739890098571777e-01
9.992139935493469238e-01
9.996705651283264160e-01
9.996464252471923828e-01
9.995203614234924316e-01
9.997766017913818359e-01
9.997688531875610352e-01
9.997374415397644043e-01
9.973702430725097656e-01
9.982232451438903809e-01
9.992500543594360352e-01
9.983916878700256348e-01
9.981476068496704102e-01
9.993939399719238281e-01
9.997082948684692383e-01
9.989672303199768066e-01
9.980360865592956543e-01
9.979124665260314941e-01
9.957737922668457031e-01
9.962810277938842773e-01
9.989730715751647949e-01
9.996052980422973633e-01
9.996870160102844238e-01
9.997422695159912109e-01
9.996935129165649414e-01
9.997199773788452148e-01
9.997204542160034180e-01
9.997283816337585449e-01
9.997182488441467285e-01
9.995718002319335938e-01
9.995381236076354980e-01
9.995093345642089844e-01
9.997487664222717285e-01
9.997143745422363281e-01
9.997777342796325684e-01
9.996000528335571289e-01
9.991717338562011719e-01
9.997985959053039551e-01
9.992297291755676270e-01
9.997719526290893555e-01
9.993503093719482422e-01
9.988326430320739746e-01
9.998084306716918945e-01
9.995593428611755371e-01
9.992309212684631348e-01
9.992204308509826660e-01
9.992874860763549805e-01
9.991050362586975098e-01
9.991826415061950684e-01
9.988383650779724121e-01
9.863134026527404785e-01
9.995443820953369141e-01
9.989346265792846680e-01
9.998232126235961914e-01
9.991579055786132812e-01
9.943287968635559082e-01
9.981106519699096680e-01
9.982039928436279297e-01
9.984876513481140137e-01
9.978356957435607910e-01
9.994652867317199707e-01
9.996602535247802734e-01
9.993156194686889648e-01
9.987081885337829590e-01
9.967250823974609375e-01
9.992021322250366211e-01
9.995589852333068848e-01
9.995918273925781250e-01
9.966099858283996582e-01
9.993546009063720703e-01
9.967514872550964355e-01
6.527717113494873047e-01
9.046834111213684082e-01
8.565521836280822754e-01
9.889814853668212891e-01
9.881079196929931641e-01
9.943376183509826660e-01
9.851812124252319336e-01
9.955808520317077637e-01
9.807710051536560059e-01
9.926511645317077637e-01
9.781813025474548340e-01
9.957845211029052734e-01
9.966489672660827637e-01
9.961546659469604492e-01
9.928424358367919922e-01
9.827378988265991211e-01
9.507629275321960449e-01
8.059016466140747070e-01
5.453968048095703125e-01
6.651722788810729980e-01
7.763369083404541016e-01
7.663522362709045410e-01
7.374145388603210449e-01
7.393049597740173340e-01
6.959379911422729492e-01
6.251284480094909668e-01
2.682833373546600342e-01
6.461659073829650879e-01
5.935369133949279785e-01
6.883763074874877930e-01
4.532923102378845215e-01
6.498522758483886719e-01
5.932629108428955078e-01
6.074504256248474121e-01
3.959829807281494141e-01
4.420734643936157227e-01
3.891753554344177246e-01
3.320813775062561035e-01
2.713487148284912109e-01
3.621457219123840332e-01
2.352042794227600098e-01
3.521070480346679688e-01
3.700213432312011719e-01
3.802990317344665527e-01
4.524258971214294434e-01
3.482477068901062012e-01
2.985948920249938965e-01
2.988703250885009766e-01
1.837849617004394531e-01
3.100571036338806152e-01
2.309531569480895996e-01
2.847223877906799316e-01
2.744150161743164062e-01
2.948927283287048340e-01
2.326086163520812988e-01
3.694249987602233887e-01
3.248921632766723633e-01
3.563803434371948242e-01
4.137519001960754395e-01
3.571157753467559814e-01
3.860571384429931641e-01
3.934003412723541260e-01
3.101997375488281250e-01
3.284139037132263184e-01
3.752492368221282959e-01
3.393397927284240723e-01
3.206377029418945312e-01
3.675634264945983887e-01
4.487546980381011963e-01
3.787980079650878906e-01
4.255777001380920410e-01
3.467975854873657227e-01
3.804773092269897461e-01
3.629640936851501465e-01
3.114125132560729980e-01
4.361227452754974365e-01
3.324630856513977051e-01
3.820152878761291504e-01
