9.961766004562377930e-01
9.970693588256835938e-01
9.985863566398620605e-01
9.985475540161132812e-01
9.996557831764221191e-01
9.997925162315368652e-01
9.997665286064147949e-01
9.977559447288513184e-01
9.994528889656066895e-01
9.998061656951904297e-01
9.997804760932922363e-01
9.991544485092163086e-01
9.998142123222351074e-01
9.985582828521728516e-01
9.981738924980163574e-01
9.995446801185607910e-01
9.994136691093444824e-01
9.998365640640258789e-01
9.998649358749389648e-01
9.998674392700195312e-01
9.998931884765625000e-01
9.988278746604919434e-01
9.982968568801879883e-01
9.998443722724914551e-01
9.999192357063293457e-01
9.999438524246215820e-01
9.998890757560729980e-01
9.998877644538879395e-01
9.999292492866516113e-01
9.999395012855529785e-01
9.998901486396789551e-01
9.998774528503417969e-01
9.999105334281921387e-01
9.999203681945800781e-01
9.999244213104248047e-01
9.999162554740905762e-01
9.999395012855529785e-01
9.996914267539978027e-01
9.674238562583923340e-01
9.992381930351257324e-01
6.314011812210083008e-01
9.807481169700622559e-01
4.839402437210083008e-01
3.847707509994506836e-01
9.450916647911071777e-01
6.664821505546569824e-01
6.572844386100769043e-01
9.037960767745971680e-01
9.963374733924865723e-01
9.994489550590515137e-01
9.996336102485656738e-01
9.998355507850646973e-01
9.993755221366882324e-01
9.990732669830322266e-01
9.996231198310852051e-01
9.995905160903930664e-01
9.996748566627502441e-01
9.996585845947265625e-01
9.996525049209594727e-01
9.998601675033569336e-01
9.993811249732971191e-01
9.992115497589111328e-01
9.994862675666809082e-01
9.990572333335876465e-01
9.997504353523254395e-01
9.993161559104919434e-01
9.998381733894348145e-01
9.995762109756469727e-01
9.946743845939636230e-01
9.987346529960632324e-01
9.985145330429077148e-01
9.980009794235229492e-01
9.984877705574035645e-01
9.988882541656494141e-01
9.996984601020812988e-01
9.970112442970275879e-01
3.055387735366821289e-01
9.978661537170410156e-01
9.989243149757385254e-01
9.971213340759277344e-01
9.994676113128662109e-01
9.991523027420043945e-01
9.995648860931396484e-01
9.990046620368957520e-01
9.953849911689758301e-01
9.994671940803527832e-01
9.994940757751464844e-01
9.985666275024414062e-01
9.996063113212585449e-01
9.997822642326354980e-01
9.998431205749511719e-01
9.997088909149169922e-01
9.997482299804687500e-01
9.987463951110839844e-01
9.997443556785583496e-01
9.996076226234436035e-01
9.997091889381408691e-01
9.996479749679565430e-01
9.995233416557312012e-01
9.993315935134887695e-01
9.992482066154479980e-01
9.989521503448486328e-01
9.996960163116455078e-01
9.998358488082885742e-01
9.994964003562927246e-01
9.987212419509887695e-01
9.995331764221191406e-01
9.881675839424133301e-01
9.955894351005554199e-01
9.953545928001403809e-01
9.979696869850158691e-01
9.996973276138305664e-01
9.981048107147216797e-01
9.967619180679321289e-01
9.979659914970397949e-01
9.961601495742797852e-01
9.983405470848083496e-01
9.984825849533081055e-01
9.987698197364807129e-01
9.991173148155212402e-01
9.996191859245300293e-01
9.992590546607971191e-01
8.647642880678176880e-01
9.601358175277709961e-01
9.955237507820129395e-01
9.635925292968750000e-01
9.365273714065551758e-01
9.932754635810852051e-01
9.981545805931091309e-01
9.788078665733337402e-01
8.504045009613037109e-01
8.862751126289367676e-01
9.964576363563537598e-01
9.901329874992370605e-01
9.970472455024719238e-01
9.704312086105346680e-01
8.853336572647094727e-01
9.802119135856628418e-01
9.634663462638854980e-01
9.934858679771423340e-01
9.414375424385070801e-01
9.881804585456848145e-01
9.986499547958374023e-01
9.972479343414306641e-01
9.912732839584350586e-01
9.868127703666687012e-01
7.866559028625488281e-01
8.687015175819396973e-01
8.826358318328857422e-01
2.859674692153930664e-01
6.587775647640228271e-01
5.674069523811340332e-01
3.158574104309082031e-01
7.474922239780426025e-01
6.722332239151000977e-01
5.775905251502990723e-01
7.602617144584655762e-01
8.026952147483825684e-01
8.433660864830017090e-01
7.245432734489440918e-01
7.462876737117767334e-01
5.823563933372497559e-01
5.742608308792114258e-01
5.938442349433898926e-01
5.462291836738586426e-01
4.888619780540466309e-01
4.955328702926635742e-01
4.416373670101165771e-01
3.987832665443420410e-01
3.466327190399169922e-01
4.186944365501403809e-01
3.141152262687683105e-01
3.178412318229675293e-01
3.942912220954895020e-01
2.754695415496826172e-01
3.664829730987548828e-01
3.322432041168212891e-01
2.673384547233581543e-01
2.213319540023803711e-01
2.608159184455871582e-01
2.462986707687377930e-01
3.225822448730468750e-01
3.174331784248352051e-01
3.127712011337280273e-01
2.635486125946044922e-01
3.106352090835571289e-01
2.502399086952209473e-01
2.990710437297821045e-01
3.382348418235778809e-01
3.664747774600982666e-01
4.313901066780090332e-01
4.660195112228393555e-01
5.067961215972900391e-01
4.077661633491516113e-01
4.322378933429718018e-01
4.116519093513488770e-01
4.061869680881500244e-01
3.119205832481384277e-01
4.016389250755310059e-01
3.388743400573730469e-01
3.615707159042358398e-01
3.495594859123229980e-01
4.702048897743225098e-01
