9.961766004562377930e-01
9.970693588256835938e-01
9.985863566398620605e-01
6.561008989810943604e-01
9.846214652061462402e-01
9.987663626670837402e-01
4.852566719055175781e-01
7.445484995841979980e-01
9.955805540084838867e-01
9.956941008567810059e-01
9.976858496665954590e-01
9.995087981224060059e-01
9.998688101768493652e-01
9.998847842216491699e-01
9.987072944641113281e-01
9.982871413230895996e-01
9.994984865188598633e-01
9.998257160186767578e-01
9.998814463615417480e-01
9.585264921188354492e-01
9.979286193847656250e-01
9.996428489685058594e-01
9.998295903205871582e-01
9.998399615287780762e-01
9.999109506607055664e-01
9.999142289161682129e-01
9.999448657035827637e-01
9.999305605888366699e-01
9.998197555541992188e-01
9.998757839202880859e-01
9.999055266380310059e-01
9.999178051948547363e-01
9.999440312385559082e-01
9.998990893363952637e-01
9.998912811279296875e-01
9.999257326126098633e-01
9.999186992645263672e-01
9.997813701629638672e-01
8.393104076385498047e-01
9.895275831222534180e-01
9.991501569747924805e-01
9.771909117698669434e-01
9.900488257408142090e-01
9.973536729812622070e-01
6.999652385711669922e-01
9.990034699440002441e-01
6.948842406272888184e-01
9.904086589813232422e-01
7.749019861221313477e-01
9.962445497512817383e-01
9.990403056144714355e-01
9.988835453987121582e-01
9.995620846748352051e-01
9.994229078292846680e-01
9.996439814567565918e-01
9.998574256896972656e-01
9.993855357170104980e-01
9.991979002952575684e-01
9.996575117111206055e-01
9.996441006660461426e-01
9.997049570083618164e-01
9.996716976165771484e-01
9.998356699943542480e-01
9.994838237762451172e-01
9.993234276771545410e-01
9.988675117492675781e-01
9.993314146995544434e-01
9.980556964874267578e-01
9.992505908012390137e-01
9.981964230537414551e-01
9.995349645614624023e-01
9.981815218925476074e-01
9.984938502311706543e-01
9.886273145675659180e-01
9.551566243171691895e-01
9.993970394134521484e-01
9.993448257446289062e-01
9.996623396873474121e-01
9.983549714088439941e-01
9.985674619674682617e-01
9.987142086029052734e-01
9.993641376495361328e-01
9.963499903678894043e-01
9.993314146995544434e-01
9.992748498916625977e-01
9.996904134750366211e-01
9.998313188552856445e-01
9.996557831764221191e-01
9.990794658660888672e-01
9.976176023483276367e-01
9.991136789321899414e-01
9.990854263305664062e-01
9.995127916336059570e-01
9.994615316390991211e-01
9.993916153907775879e-01
9.996947050094604492e-01
9.997437000274658203e-01
9.989965558052062988e-01
9.867435693740844727e-01
9.910543560981750488e-01
9.994846582412719727e-01
9.996019005775451660e-01
9.979953765869140625e-01
9.876428842544555664e-01
9.864987134933471680e-01
9.969169497489929199e-01
9.929352402687072754e-01
9.997153878211975098e-01
9.982433319091796875e-01
9.969859123229980469e-01
9.967741370201110840e-01
9.993556141853332520e-01
9.987037777900695801e-01
9.994568824768066406e-01
9.990231990814208984e-01
9.998100996017456055e-01
9.981766343116760254e-01
9.972098469734191895e-01
9.987997412681579590e-01
9.993082284927368164e-01
9.994047880172729492e-01
9.953914880752563477e-01
9.878338426351547241e-01
9.993076920509338379e-01
9.746078252792358398e-01
9.906200170516967773e-01
9.973048567771911621e-01
9.688038825988769531e-01
8.946846723556518555e-01
9.972760081291198730e-01
9.972313642501831055e-01
9.991918206214904785e-01
9.637923836708068848e-01
9.052702188491821289e-01
9.800986647605895996e-01
8.752193450927734375e-01
9.481236338615417480e-01
9.975386857986450195e-01
9.913544654846191406e-01
9.161521792411804199e-01
9.777931571006774902e-01
9.949681758880615234e-01
9.864743947982788086e-01
9.529212117195129395e-01
9.854649901390075684e-01
9.670917391777038574e-01
9.699277877807617188e-01
8.799096345901489258e-01
9.048243165016174316e-01
7.259498834609985352e-01
8.133711218833923340e-01
7.793890833854675293e-01
2.218695878982543945e-01
8.119518160820007324e-01
8.246337175369262695e-01
6.474321484565734863e-01
5.975682139396667480e-01
7.886450886726379395e-01
8.295585513114929199e-01
7.294167578220367432e-01
8.115206956863403320e-01
9.140329957008361816e-01
9.227309226989746094e-01
9.113099575042724609e-01
7.753419280052185059e-01
6.895136237144470215e-01
5.346128344535827637e-01
5.377565324306488037e-01
5.599668622016906738e-01
7.926675677299499512e-01
7.144801020622253418e-01
6.835471987724304199e-01
6.038010716438293457e-01
6.300081014633178711e-01
4.784126877784729004e-01
5.517739355564117432e-01
6.698974967002868652e-01
5.789917409420013428e-01
6.002858281135559082e-01
5.197974741458892822e-01
4.426142871379852295e-01
4.357707500457763672e-01
5.663101077079772949e-01
6.709807515144348145e-01
5.325485467910766602e-01
5.105765461921691895e-01
4.866445660591125488e-01
4.502333402633666992e-01
4.769403636455535889e-01
5.075383782386779785e-01
6.092344820499420166e-01
5.771355628967285156e-01
5.421615242958068848e-01
5.828145146369934082e-01
4.162659645080566406e-01
4.464761614799499512e-01
3.623428940773010254e-01
3.713974356651306152e-01
3.155701756477355957e-01
4.489050507545471191e-01
5.123571753501892090e-01
4.688169956207275391e-01
5.244870185852050781e-01
4.781222641468048096e-01
5.158666372299194336e-01
4.523119330406188965e-01
2.987748384475708008e-01
2.431786060333251953e-01
4.475550651550292969e-01
4.998852908611297607e-01
4.105410575866699219e-01
5.034561157226562500e-01
4.730614721775054932e-01
4.521472156047821045e-01
3.208097219467163086e-01
4.191798567771911621e-01
3.347470462322235107e-01
