9.961766004562377930e-01
9.970693588256835938e-01
4.997427463531494141e-01
5.682862997055053711e-01
9.958591461181640625e-01
9.985280632972717285e-01
6.148992180824279785e-01
6.979869604110717773e-01
9.952147006988525391e-01
9.967195391654968262e-01
9.970041513442993164e-01
9.995087981224060059e-01
9.998688101768493652e-01
9.988847970962524414e-01
9.980537891387939453e-01
9.995005726814270020e-01
9.993952512741088867e-01
9.998386502265930176e-01
9.998552799224853516e-01
9.998674392700195312e-01
9.990972876548767090e-01
9.982586503028869629e-01
9.998455643653869629e-01
9.998319149017333984e-01
9.999226927757263184e-01
9.999374747276306152e-01
9.999264478683471680e-01
9.994032979011535645e-01
9.998719096183776855e-01
9.999051690101623535e-01
9.999077916145324707e-01
9.999374151229858398e-01
9.998977780342102051e-01
9.998908638954162598e-01
9.999251365661621094e-01
9.999186396598815918e-01
9.999253153800964355e-01
9.997545480728149414e-01
9.997531175613403320e-01
9.917011857032775879e-01
9.963628053665161133e-01
9.924684762954711914e-01
9.827758669853210449e-01
9.819990992546081543e-01
3.402455449104309082e-01
5.809983313083648682e-01
9.046695232391357422e-01
7.742959260940551758e-01
6.744805872440338135e-01
9.934875369071960449e-01
9.994881153106689453e-01
9.994533061981201172e-01
9.996504187583923340e-01
9.996203184127807617e-01
9.998561143875122070e-01
9.993357062339782715e-01
9.991952180862426758e-01
9.996410608291625977e-01
9.996270537376403809e-01
9.996951818466186523e-01
9.996749758720397949e-01
9.998500347137451172e-01
9.991436600685119629e-01
9.986690282821655273e-01
9.995256066322326660e-01
9.994912147521972656e-01
9.995744228363037109e-01
9.994458556175231934e-01
9.991661906242370605e-01
9.995862245559692383e-01
9.970560073852539062e-01
9.973844289779663086e-01
9.987025260925292969e-01
9.991825819015502930e-01
9.985875487327575684e-01
9.888429641723632812e-01
9.982407093048095703e-01
9.701751470565795898e-01
9.976801276206970215e-01
9.986665844917297363e-01
9.992691278457641602e-01
9.992434978485107422e-01
9.979351162910461426e-01
9.995254278182983398e-01
9.997553825378417969e-01
9.998148083686828613e-01
9.995714426040649414e-01
9.997019171714782715e-01
9.929208755493164062e-01
9.966691136360168457e-01
9.986652731895446777e-01
9.997674822807312012e-01
9.997114539146423340e-01
9.993439316749572754e-01
9.994919300079345703e-01
9.997255802154541016e-01
9.990282654762268066e-01
9.984728097915649414e-01
9.994152188301086426e-01
9.995390772819519043e-01
9.995762109756469727e-01
9.985623955726623535e-01
9.943123459815979004e-01
9.995357990264892578e-01
9.997612833976745605e-01
9.949087500572204590e-01
9.994707107543945312e-01
9.942615628242492676e-01
9.952358603477478027e-01
9.987950325012207031e-01
9.980533719062805176e-01
9.988548159599304199e-01
9.985767006874084473e-01
9.971054196357727051e-01
9.997314214706420898e-01
9.940723776817321777e-01
9.925709962844848633e-01
9.913424253463745117e-01
9.973708987236022949e-01
9.965103864669799805e-01
9.989381432533264160e-01
9.994612932205200195e-01
9.988906383514404297e-01
9.984457492828369141e-01
9.743349552154541016e-01
8.747230768203735352e-01
9.924812316894531250e-01
9.970906972885131836e-01
9.960515499114990234e-01
9.977714419364929199e-01
9.984576702117919922e-01
9.922435283660888672e-01
9.924200177192687988e-01
9.845799803733825684e-01
9.909439682960510254e-01
9.851343631744384766e-01
9.771599173545837402e-01
9.790153503417968750e-01
9.345901012420654297e-01
9.150938391685485840e-01
9.104999899864196777e-01
9.331605434417724609e-01
7.890126705169677734e-01
9.604578614234924316e-01
9.381459355354309082e-01
8.662588596343994141e-01
8.278681039810180664e-01
8.984432741999626160e-01
7.778791189193725586e-01
3.481986522674560547e-01
6.018902659416198730e-01
4.859687089920043945e-01
4.295637607574462891e-01
3.849260807037353516e-01
3.460902571678161621e-01
4.204938113689422607e-01
2.421289086341857910e-01
4.004188776016235352e-01
3.226378858089447021e-01
5.084099769592285156e-01
4.479257464408874512e-01
3.321330547332763672e-01
3.731552362442016602e-01
3.154073953628540039e-01
3.858151435852050781e-01
3.831332921981811523e-01
3.518833518028259277e-01
3.140577673912048340e-01
3.630199432373046875e-01
2.904214262962341309e-01
3.424028754234313965e-01
2.268397808074951172e-01
3.453828692436218262e-01
2.704172730445861816e-01
3.680092394351959229e-01
3.452938199043273926e-01
3.651818037033081055e-01
2.927243113517761230e-01
3.224299550056457520e-01
4.492342472076416016e-01
2.395906448364257812e-01
3.789467811584472656e-01
3.394597470760345459e-01
4.549814462661743164e-01
2.946617007255554199e-01
3.244491219520568848e-01
3.624004423618316650e-01
5.347403287887573242e-01
3.992606401443481445e-01
4.519566297531127930e-01
3.375881314277648926e-01
4.434590637683868408e-01
3.548675775527954102e-01
3.389962911605834961e-01
3.910008072853088379e-01
4.585942625999450684e-01
4.050714671611785889e-01
4.742366671562194824e-01
3.810760974884033203e-01
4.603316783905029297e-01
