9.961766004562377930e-01
2.928562760353088379e-01
4.109065830707550049e-01
8.505931496620178223e-01
9.950274825096130371e-01
9.988708496093750000e-01
9.985769391059875488e-01
9.988923072814941406e-01
9.909592270851135254e-01
9.864619374275207520e-01
9.960792660713195801e-01
9.994250535964965820e-01
9.998773932456970215e-01
9.986487627029418945e-01
9.978906512260437012e-01
9.995633959770202637e-01
9.993893504142761230e-01
9.998386502265930176e-01
9.998543262481689453e-01
9.712257385253906250e-01
9.987111687660217285e-01
9.994915127754211426e-01
9.994297027587890625e-01
9.998396635055541992e-01
9.999099373817443848e-01
9.999387860298156738e-01
9.999240040779113770e-01
9.991251230239868164e-01
9.998704195022583008e-01
9.999043941497802734e-01
9.999305009841918945e-01
9.999430179595947266e-01
9.999414086341857910e-01
9.999026060104370117e-01
9.998947381973266602e-01
9.999216198921203613e-01
9.999184012413024902e-01
9.998074769973754883e-01
9.985806345939636230e-01
9.997522830963134766e-01
9.994832277297973633e-01
9.101581573486328125e-01
6.166170239448547363e-01
9.777467846870422363e-01
9.873078465461730957e-01
8.403306007385253906e-01
9.663891196250915527e-01
9.374447464942932129e-01
5.229852199554443359e-01
9.940145015716552734e-01
9.915860295295715332e-01
9.871407151222229004e-01
9.988453388214111328e-01
9.993734359741210938e-01
9.927447438240051270e-01
9.923366308212280273e-01
9.972723722457885742e-01
9.969044923782348633e-01
9.970350861549377441e-01
9.970920085906982422e-01
9.995693564414978027e-01
9.978509545326232910e-01
9.883630871772766113e-01
9.885818958282470703e-01
9.799181222915649414e-01
9.925049543380737305e-01
8.924965858459472656e-01
9.898701310157775879e-01
9.827542304992675781e-01
9.966609477996826172e-01
9.802861213684082031e-01
9.934880733489990234e-01
8.362079262733459473e-01
7.875084280967712402e-01
5.853196978569030762e-01
8.241016268730163574e-01
9.808076024055480957e-01
6.235193610191345215e-01
9.643025398254394531e-01
8.750245571136474609e-01
9.844945073127746582e-01
9.717163369059562683e-01
9.673946499824523926e-01
9.978704452514648438e-01
8.909129500389099121e-01
9.854034185409545898e-01
9.249189496040344238e-01
9.904802441596984863e-01
9.257978796958923340e-01
9.465213641524314880e-01
9.937270283699035645e-01
9.841747283935546875e-01
9.953016042709350586e-01
6.709384322166442871e-01
6.754882931709289551e-01
6.311721205711364746e-01
9.338589310646057129e-01
8.714887201786041260e-01
9.886989593505859375e-01
9.909968376159667969e-01
9.856968522071838379e-01
9.970196485519409180e-01
9.697930812835693359e-01
9.904458522796630859e-01
9.905515909194946289e-01
9.364677667617797852e-01
9.576377868652343750e-01
9.967944025993347168e-01
9.858224987983703613e-01
9.929217100143432617e-01
9.972332119941711426e-01
9.991319775581359863e-01
9.975427389144897461e-01
9.988128542900085449e-01
9.928631782531738281e-01
9.798983931541442871e-01
9.951701164245605469e-01
9.972745180130004883e-01
9.976559281349182129e-01
9.992092847824096680e-01
9.982350468635559082e-01
9.975421428680419922e-01
9.976323246955871582e-01
9.990690946578979492e-01
9.988417029380798340e-01
9.993804097175598145e-01
9.984076023101806641e-01
9.993682503700256348e-01
9.981329441070556641e-01
9.983079433441162109e-01
9.979009032249450684e-01
9.986815452575683594e-01
9.983027577400207520e-01
9.985992312431335449e-01
9.958098530769348145e-01
9.976211190223693848e-01
9.958923459053039551e-01
9.995676875114440918e-01
9.985708594322204590e-01
9.991580843925476074e-01
9.768376350402832031e-01
9.971287846565246582e-01
9.987793564796447754e-01
9.979722499847412109e-01
9.993260502815246582e-01
9.985079765319824219e-01
9.928118586540222168e-01
9.850898981094360352e-01
9.976557493209838867e-01
9.946585297584533691e-01
9.989690780639648438e-01
9.942344427108764648e-01
9.653462767601013184e-01
9.989198446273803711e-01
9.943053126335144043e-01
9.117900729179382324e-01
9.747545123100280762e-01
9.945573210716247559e-01
9.956163167953491211e-01
9.906492233276367188e-01
9.607356190681457520e-01
9.979405999183654785e-01
9.883504509925842285e-01
8.846777081489562988e-01
9.748181700706481934e-01
9.492127895355224609e-01
9.960774779319763184e-01
4.707750678062438965e-01
8.643133640289306641e-01
7.466958761215209961e-01
8.379326462745666504e-01
7.954364418983459473e-01
9.346509575843811035e-01
7.940865755081176758e-01
8.592578768730163574e-01
9.298846721649169922e-01
9.229945465922355652e-01
9.455170035362243652e-01
9.179759025573730469e-01
7.815759181976318359e-01
5.794823169708251953e-01
9.350830316543579102e-01
6.827759146690368652e-01
9.553063511848449707e-01
8.428694009780883789e-01
9.421589374542236328e-01
9.526156187057495117e-01
9.287697076797485352e-01
6.965049207210540771e-01
9.692360162734985352e-01
9.962130188941955566e-01
9.651471376419067383e-01
9.533919095993041992e-01
9.549623131752014160e-01
9.798495769500732422e-01
9.943153858184814453e-01
9.885779023170471191e-01
9.797096252441406250e-01
9.455882310867309570e-01
9.872032403945922852e-01
9.927489161491394043e-01
9.215490818023681641e-01
9.836860299110412598e-01
7.761535048484802246e-01
6.619755625724792480e-01
9.103980660438537598e-01
9.443010687828063965e-01
9.021142721176147461e-01
9.646355509757995605e-01
9.769720435142517090e-01
8.460862487554550171e-01
9.770463109016418457e-01
8.984398841857910156e-01
6.740413606166839600e-01
8.211230635643005371e-01
9.249280095100402832e-01
9.912533164024353027e-01
8.821023702621459961e-01
8.352687954902648926e-01
8.548423647880554199e-01
9.330412745475769043e-01
9.183834791183471680e-01
9.503908157348632812e-01
6.110504865646362305e-01
6.775647401809692383e-01
6.773043274879455566e-01
9.381461739540100098e-01
8.701448440551757812e-01
9.282384514808654785e-01
9.440764784812927246e-01
9.039596915245056152e-01
9.368096590042114258e-01
9.539535045623779297e-01
8.894554376602172852e-01
7.910963892936706543e-01
8.042853474617004395e-01
7.483032345771789551e-01
9.383428692817687988e-01
9.016072154045104980e-01
8.735777139663696289e-01
9.165365099906921387e-01
6.999304592609405518e-01
8.014885187149047852e-01
5.976057946681976318e-01
8.469720482826232910e-01
4.825009703636169434e-01
7.790318131446838379e-01
7.488504052162170410e-01
4.224615395069122314e-01
8.304907679557800293e-01
8.852230906486511230e-01
7.984973192214965820e-01
7.878867983818054199e-01
8.172166347503662109e-01
5.627463459968566895e-01
8.654111325740814209e-01
4.963604807853698730e-01
8.357106447219848633e-01
8.565587997436523438e-01
5.780642628669738770e-01
7.806270718574523926e-01
5.694203376770019531e-01
3.990018367767333984e-01
2.315418571233749390e-01
4.896783828735351562e-01
1.956279277801513672e-01
2.386948764324188232e-01
1.167348027229309082e-01
7.293561697006225586e-01
2.191315293312072754e-01
5.134678184986114502e-01
3.538505434989929199e-01
3.327645063400268555e-01
2.720938920974731445e-01
4.869710206985473633e-01
5.974147021770477295e-01
4.412586688995361328e-01
6.330354511737823486e-01
5.180749893188476562e-01
7.025115191936492920e-01
2.567836642265319824e-01
2.368353009223937988e-01
1.983223557472229004e-01
1.469683051109313965e-01
2.962872385978698730e-01
2.107909321784973145e-01
2.187830805778503418e-01
2.071248292922973633e-01
2.818362116813659668e-01
2.745081782341003418e-01
3.967804908752441406e-01
6.034078896045684814e-01
2.646682262420654297e-01
1.824331730604171753e-01
2.378604412078857422e-01
2.365530729293823242e-01
2.174343466758728027e-01
3.487498760223388672e-01
2.943287491798400879e-01
5.206117630004882812e-01
4.100505709648132324e-01
3.901163339614868164e-01
3.413364291191101074e-01
3.240126967430114746e-01
2.219339013099670410e-01
3.777858316898345947e-01
2.412482500076293945e-01
4.346289336681365967e-01
3.624623417854309082e-01
4.489847719669342041e-01
4.738970398902893066e-01
4.800198078155517578e-01
2.633582949638366699e-01
3.489243388175964355e-01
3.273999691009521484e-01
3.686250448226928711e-01
4.978309571743011475e-01
4.288044571876525879e-01
4.558033943176269531e-01
3.960301280021667480e-01
4.696653485298156738e-01
3.792406916618347168e-01
3.762577772140502930e-01
4.266220331192016602e-01
4.886845350265502930e-01
3.946663141250610352e-01
4.236022233963012695e-01
3.679851889610290527e-01
4.163367152214050293e-01
3.073370456695556641e-01
2.946784496307373047e-01
4.014025926589965820e-01
3.833086192607879639e-01
4.643114209175109863e-01
