9.961766004562377930e-01
9.970693588256835938e-01
9.985863566398620605e-01
9.985475540161132812e-01
9.996557831764221191e-01
9.997925162315368652e-01
9.964882135391235352e-01
9.971145987510681152e-01
9.997074007987976074e-01
9.997804760932922363e-01
9.998107552528381348e-01
9.998169541358947754e-01
9.998995065689086914e-01
9.999091625213623047e-01
9.998437762260437012e-01
9.956215620040893555e-01
9.987928271293640137e-01
9.998191595077514648e-01
9.998669028282165527e-01
9.644152522087097168e-01
9.978162050247192383e-01
9.996261596679687500e-01
9.995124936103820801e-01
9.998401403427124023e-01
9.999096393585205078e-01
9.999140501022338867e-01
9.999448060989379883e-01
9.999025464057922363e-01
9.999286532402038574e-01
9.998846650123596191e-01
9.998661279678344727e-01
9.999220967292785645e-01
9.999170899391174316e-01
9.999243021011352539e-01
9.999260306358337402e-01
9.999160170555114746e-01
9.999421238899230957e-01
9.998792409896850586e-01
9.959990978240966797e-01
9.754654169082641602e-01
9.907770752906799316e-01
9.269391894340515137e-01
3.871170878410339355e-01
8.589157462120056152e-01
5.242197513580322266e-01
4.614761471748352051e-01
9.143562912940979004e-01
9.942964911460876465e-01
9.959423542022705078e-01
9.995115995407104492e-01
9.996943473815917969e-01
9.998695254325866699e-01
9.994679093360900879e-01
9.993064403533935547e-01
9.996654987335205078e-01
9.996511936187744141e-01
9.997051954269409180e-01
9.996796250343322754e-01
9.998521804809570312e-01
9.994993209838867188e-01
9.992140531539916992e-01
9.996740221977233887e-01
9.994198083877563477e-01
9.995214343070983887e-01
9.994854331016540527e-01
9.993458986282348633e-01
9.997269511222839355e-01
9.979268312454223633e-01
9.981218576431274414e-01
9.987992644309997559e-01
9.970196485519409180e-01
9.986423254013061523e-01
9.989963769912719727e-01
9.994562268257141113e-01
9.921672940254211426e-01
9.958208203315734863e-01
9.995588064193725586e-01
9.974190592765808105e-01
9.995862245559692383e-01
9.967754483222961426e-01
9.995609521865844727e-01
9.998108744621276855e-01
9.998105764389038086e-01
9.995535612106323242e-01
9.997522234916687012e-01
9.996291995048522949e-01
9.997847676277160645e-01
9.995652437210083008e-01
9.992309808731079102e-01
9.993761777877807617e-01
9.996779561042785645e-01
9.996711015701293945e-01
9.996852874755859375e-01
9.994493126869201660e-01
9.993129968643188477e-01
9.995449781417846680e-01
9.995368123054504395e-01
9.995154142379760742e-01
9.988456368446350098e-01
9.987054467201232910e-01
9.995177388191223145e-01
9.995950460433959961e-01
9.987494945526123047e-01
9.993676543235778809e-01
9.990119338035583496e-01
9.983035922050476074e-01
9.991262555122375488e-01
9.994080662727355957e-01
9.994984269142150879e-01
9.993498921394348145e-01
9.965217709541320801e-01
9.934687614440917969e-01
9.950249791145324707e-01
9.993761777877807617e-01
9.987646937370300293e-01
9.996523261070251465e-01
9.993264675140380859e-01
9.941596984863281250e-01
9.992479085922241211e-01
9.996188879013061523e-01
9.990263581275939941e-01
9.996910691261291504e-01
9.990602731704711914e-01
9.986357688903808594e-01
8.422347903251647949e-01
4.143280386924743652e-01
8.266194462776184082e-01
9.423516392707824707e-01
3.229023814201354980e-01
6.516418457031250000e-01
4.066852331161499023e-01
5.569050908088684082e-01
3.794326782226562500e-01
8.750129938125610352e-01
5.635907053947448730e-01
7.815523743629455566e-01
8.226703852415084839e-01
8.923414945602416992e-01
8.625113368034362793e-01
8.907431364059448242e-01
9.560460448265075684e-01
6.868708133697509766e-01
9.115500003099441528e-01
8.141569495201110840e-01
8.528510928153991699e-01
4.468465149402618408e-01
7.945179343223571777e-01
6.108177900314331055e-01
5.026453137397766113e-01
3.110093474388122559e-01
5.772188901901245117e-01
4.285613298416137695e-01
4.698384404182434082e-01
4.197949171066284180e-01
4.545152485370635986e-01
3.148282170295715332e-01
3.018801212310791016e-01
4.849388003349304199e-01
3.424110412597656250e-01
3.904774188995361328e-01
4.061290025711059570e-01
4.797410964965820312e-01
4.119866490364074707e-01
4.809822440147399902e-01
3.921005129814147949e-01
3.863282203674316406e-01
3.675361871719360352e-01
5.253900587558746338e-01
3.471711277961730957e-01
3.367344737052917480e-01
4.512379169464111328e-01
4.850816130638122559e-01
3.805055916309356689e-01
4.248976409435272217e-01
4.115708470344543457e-01
3.738890886306762695e-01
4.862367510795593262e-01
2.837871313095092773e-01
3.382674157619476318e-01
2.612842321395874023e-01
3.029984533786773682e-01
3.086115121841430664e-01
3.832878470420837402e-01
3.628550469875335693e-01
3.435655534267425537e-01
3.852520287036895752e-01
3.240137398242950439e-01
4.347544908523559570e-01
6.035213470458984375e-01
4.791620671749114990e-01
5.096742510795593262e-01
4.453164339065551758e-01
4.570963978767395020e-01
3.799591660499572754e-01
4.084321260452270508e-01
4.576765298843383789e-01
5.204966068267822266e-01
4.823076725006103516e-01
7.084147334098815918e-01
3.848200440406799316e-01
5.133151412010192871e-01
5.127425789833068848e-01
