9.961766004562377930e-01
9.970693588256835938e-01
9.985863566398620605e-01
6.561008989810943604e-01
9.846214652061462402e-01
9.987663626670837402e-01
4.852566421031951904e-01
7.445484995841979980e-01
9.955805540084838867e-01
9.956941008567810059e-01
9.976858496665954590e-01
9.995087981224060059e-01
9.998688101768493652e-01
9.988949298858642578e-01
9.980537891387939453e-01
9.995019435882568359e-01
9.994032979011535645e-01
9.998383522033691406e-01
9.998545050621032715e-01
9.711165428161621094e-01
9.987674951553344727e-01
9.995027184486389160e-01
9.998295903205871582e-01
9.998399615287780762e-01
9.999109506607055664e-01
9.999390244483947754e-01
9.999343156814575195e-01
9.991904497146606445e-01
9.998719096183776855e-01
9.999049305915832520e-01
9.999081492424011230e-01
9.999242424964904785e-01
9.999417066574096680e-01
9.999031424522399902e-01
9.998953342437744141e-01
9.999220967292785645e-01
9.999186992645263672e-01
9.997808337211608887e-01
9.881086349487304688e-01
9.897111058235168457e-01
9.991150498390197754e-01
9.996076822280883789e-01
9.932143092155456543e-01
5.632083415985107422e-01
9.846247434616088867e-01
9.993667602539062500e-01
9.768506288528442383e-01
9.937543869018554688e-01
7.374814748764038086e-01
9.978474974632263184e-01
9.428189396858215332e-01
9.675760865211486816e-01
9.863097071647644043e-01
9.991033077239990234e-01
9.995006322860717773e-01
9.997488260269165039e-01
9.977144598960876465e-01
9.995211362838745117e-01
9.996318221092224121e-01
9.996126890182495117e-01
9.996843934059143066e-01
9.996620416641235352e-01
9.997852444648742676e-01
9.990898966789245605e-01
9.985737204551696777e-01
9.996644854545593262e-01
9.995950460433959961e-01
9.991118907928466797e-01
9.997318983078002930e-01
9.996884465217590332e-01
9.997888803482055664e-01
9.992501139640808105e-01
9.996727108955383301e-01
9.979752302169799805e-01
9.985350966453552246e-01
9.995399117469787598e-01
9.994705319404602051e-01
8.160306811332702637e-01
9.634133577346801758e-01
9.971522092819213867e-01
9.996237158775329590e-01
9.997256398200988770e-01
9.995037913322448730e-01
9.997714757919311523e-01
9.997208714485168457e-01
9.995852708816528320e-01
9.994611740112304688e-01
9.995641112327575684e-01
9.996515512466430664e-01
9.997261166572570801e-01
9.996161460876464844e-01
9.996137619018554688e-01
9.996045231819152832e-01
9.988322854042053223e-01
9.995573163032531738e-01
9.995132684707641602e-01
9.996088147163391113e-01
9.996262788772583008e-01
9.977377653121948242e-01
9.987896680831909180e-01
9.994958043098449707e-01
9.996861815452575684e-01
9.993406534194946289e-01
9.995601773262023926e-01
9.994785785675048828e-01
9.998565316200256348e-01
9.998044967651367188e-01
9.997131824493408203e-01
9.997118115425109863e-01
9.867331385612487793e-01
9.918835489079356194e-01
9.935476183891296387e-01
9.995607733726501465e-01
9.991753697395324707e-01
9.996604323387145996e-01
9.998097419738769531e-01
9.994427561759948730e-01
9.919530153274536133e-01
9.997470974922180176e-01
9.989590048789978027e-01
7.834475636482238770e-01
9.137210845947265625e-01
9.620108604431152344e-01
9.948257207870483398e-01
9.990469217300415039e-01
9.818990826606750488e-01
9.570573568344116211e-01
9.914743900299072266e-01
9.985212087631225586e-01
9.665927886962890625e-01
9.180588722229003906e-01
9.757533669471740723e-01
9.023928642272949219e-01
8.119072020053863525e-01
9.561117291450500488e-01
6.978172063827514648e-01
8.791669011116027832e-01
9.337605834007263184e-01
9.972144961357116699e-01
8.556782007217407227e-01
9.618780612945556641e-01
9.895476102828979492e-01
9.422860741615295410e-01
8.220174908638000488e-01
7.883976101875305176e-01
9.640306308865547180e-01
5.611404776573181152e-01
7.631181776523590088e-01
5.976984500885009766e-01
4.699310958385467529e-01
2.558870911598205566e-01
6.650305986404418945e-01
4.248907566070556641e-01
5.579385161399841309e-01
3.985701501369476318e-01
3.049396276473999023e-01
4.374625384807586670e-01
3.417825698852539062e-01
5.148873925209045410e-01
3.600369095802307129e-01
5.322469472885131836e-01
7.690052390098571777e-01
6.840279698371887207e-01
7.511721253395080566e-01
3.642257750034332275e-01
4.642449021339416504e-01
3.485568463802337646e-01
4.156879186630249023e-01
4.961825609207153320e-01
5.584009289741516113e-01
5.325099825859069824e-01
5.656014680862426758e-01
5.448332428932189941e-01
5.644369125366210938e-01
4.103733897209167480e-01
4.987360537052154541e-01
5.070534646511077881e-01
5.113213658332824707e-01
5.432761907577514648e-01
3.950040638446807861e-01
4.582254290580749512e-01
4.005600810050964355e-01
4.091877341270446777e-01
5.252720415592193604e-01
4.453793466091156006e-01
4.611864686012268066e-01
4.311601817607879639e-01
4.408859610557556152e-01
4.011616110801696777e-01
3.980330824851989746e-01
4.497417509555816650e-01
5.065278410911560059e-01
4.848199486732482910e-01
5.477234721183776855e-01
4.472383260726928711e-01
4.326902627944946289e-01
3.915051519870758057e-01
3.972778618335723877e-01
4.124707579612731934e-01
3.450887799263000488e-01
3.678503036499023438e-01
4.000725746154785156e-01
3.592907190322875977e-01
4.792042374610900879e-01
