9.961766004562377930e-01
9.970693588256835938e-01
9.985863566398620605e-01
6.561009287834167480e-01
9.846214652061462402e-01
9.987663626670837402e-01
4.852566719055175781e-01
7.445484995841979980e-01
9.955805540084838867e-01
9.956941008567810059e-01
9.976858496665954590e-01
9.995087981224060059e-01
9.998688101768493652e-01
9.988949298858642578e-01
9.980537891387939453e-01
9.995019435882568359e-01
9.994032979011535645e-01
9.998383522033691406e-01
9.998545050621032715e-01
9.711165428161621094e-01
9.987674951553344727e-01
9.995027184486389160e-01
9.998295903205871582e-01
9.998399615287780762e-01
9.999109506607055664e-01
9.999390244483947754e-01
9.999343156814575195e-01
9.991904497146606445e-01
9.998719096183776855e-01
9.999049305915832520e-01
9.999081492424011230e-01
9.999242424964904785e-01
9.999417066574096680e-01
9.999031424522399902e-01
9.998953342437744141e-01
9.999220967292785645e-01
9.999186992645263672e-01
9.997808337211608887e-01
9.886622428894042969e-01
9.897111058235168457e-01
9.991150498390197754e-01
9.771909117698669434e-01
9.905800819396972656e-01
9.742321968078613281e-01
9.796679019927978516e-01
6.162116527557373047e-01
7.493581175804138184e-01
9.962410926818847656e-01
7.791305780410766602e-01
9.971632957458496094e-01
9.989914894104003906e-01
9.994176626205444336e-01
9.994727969169616699e-01
9.996492266654968262e-01
9.996423125267028809e-01
9.998573660850524902e-01
9.998490214347839355e-01
9.993789792060852051e-01
9.991999864578247070e-01
9.996745586395263672e-01
9.996383786201477051e-01
9.996938705444335938e-01
9.998096227645874023e-01
9.990048408508300781e-01
9.989430308341979980e-01
9.995506405830383301e-01
9.994838237762451172e-01
9.994963407516479492e-01
9.992095232009887695e-01
9.988350868225097656e-01
9.997426867485046387e-01
9.990903139114379883e-01
9.990854263305664062e-01
9.996965527534484863e-01
9.958658814430236816e-01
9.979063272476196289e-01
9.988296627998352051e-01
9.997135996818542480e-01
9.995555281639099121e-01
9.997191429138183594e-01
9.994776248931884766e-01
9.996002912521362305e-01
9.989903569221496582e-01
9.970461130142211914e-01
9.990590214729309082e-01
9.996367692947387695e-01
9.997773766517639160e-01
9.994545578956604004e-01
9.995779395103454590e-01
9.985271692276000977e-01
9.891242980957031250e-01
9.992073178291320801e-01
9.996756315231323242e-01
9.991883635520935059e-01
9.992828965187072754e-01
9.994633197784423828e-01
9.995788335800170898e-01
9.995296597480773926e-01
9.988284111022949219e-01
9.989839196205139160e-01
9.956383109092712402e-01
9.995718002319335938e-01
9.995344281196594238e-01
9.993598461151123047e-01
9.995728135108947754e-01
9.990263581275939941e-01
9.995283484458923340e-01
9.994086027145385742e-01
9.997432231903076172e-01
9.998238682746887207e-01
9.996265769004821777e-01
9.991948008537292480e-01
9.998366832733154297e-01
9.827985167503356934e-01
9.935709834098815918e-01
9.992095828056335449e-01
9.915969967842102051e-01
9.998734593391418457e-01
9.980947375297546387e-01
9.992760419845581055e-01
9.699815511703491211e-01
8.886353969573974609e-01
9.875193238258361816e-01
9.968944787979125977e-01
9.722486734390258789e-01
9.332611560821533203e-01
9.762316346168518066e-01
9.912560582160949707e-01
9.979884028434753418e-01
9.756791591644287109e-01
9.392116665840148926e-01
9.435038566589355469e-01
8.700173497200012207e-01
7.232502996921539307e-01
9.671482443809509277e-01
3.877762556076049805e-01
8.332957625389099121e-01
9.814289212226867676e-01
9.672485589981079102e-01
9.762015938758850098e-01
9.880447387695312500e-01
9.510585665702819824e-01
9.548588395118713379e-01
9.201876521110534668e-01
9.908922910690307617e-01
8.580507636070251465e-01
9.196581840515136719e-01
7.755069136619567871e-01
8.507827520370483398e-01
4.706158638000488281e-01
6.953126192092895508e-01
5.469169616699218750e-01
3.496282100677490234e-01
3.801826834678649902e-01
6.333256661891937256e-01
6.342277526855468750e-01
8.660823106765747070e-01
5.486850142478942871e-01
5.862768888473510742e-01
5.278495550155639648e-01
5.973892211914062500e-01
6.685664057731628418e-01
6.912433505058288574e-01
7.504143714904785156e-01
4.711697697639465332e-01
5.782406330108642578e-01
5.016000270843505859e-01
5.333149433135986328e-01
3.473613858222961426e-01
4.310349524021148682e-01
4.758254289627075195e-01
2.991584539413452148e-01
4.229937791824340820e-01
3.426365256309509277e-01
3.210718035697937012e-01
3.580561578273773193e-01
2.164894491434097290e-01
3.795513212680816650e-01
2.671591639518737793e-01
3.467526435852050781e-01
3.992383480072021484e-01
3.399164676666259766e-01
4.973749816417694092e-01
5.526828169822692871e-01
3.132083415985107422e-01
4.833079874515533447e-01
3.979951143264770508e-01
6.106899380683898926e-01
6.400261521339416504e-01
5.846667289733886719e-01
5.994312763214111328e-01
5.083024501800537109e-01
4.246726632118225098e-01
3.600215315818786621e-01
3.605075478553771973e-01
4.742981195449829102e-01
3.540230989456176758e-01
3.531862497329711914e-01
3.609156608581542969e-01
4.819949269294738770e-01
