9.961766004562377930e-01
9.970693588256835938e-01
4.997427463531494141e-01
5.682863593101501465e-01
9.958591461181640625e-01
9.985280632972717285e-01
6.148990988731384277e-01
6.979869604110717773e-01
9.952147006988525391e-01
9.967195391654968262e-01
9.970041513442993164e-01
9.995087981224060059e-01
9.998688101768493652e-01
9.998848438262939453e-01
9.987072944641113281e-01
9.982758164405822754e-01
9.994968175888061523e-01
9.998260140419006348e-01
9.998820424079895020e-01
9.633339047431945801e-01
9.978017807006835938e-01
9.996408820152282715e-01
9.998307824134826660e-01
9.998425841331481934e-01
9.999104738235473633e-01
9.999142885208129883e-01
9.999451041221618652e-01
9.999305605888366699e-01
9.998201131820678711e-01
9.998764395713806152e-01
9.999051690101623535e-01
9.999387264251708984e-01
9.999043941497802734e-01
9.998878240585327148e-01
9.999240040779113770e-01
9.999216794967651367e-01
9.999253153800964355e-01
9.997556805610656738e-01
9.997519254684448242e-01
9.917011857032775879e-01
9.965087175369262695e-01
9.997951388359069824e-01
7.472490072250366211e-01
9.629331231117248535e-01
3.711381554603576660e-01
6.213135719299316406e-01
9.030477404594421387e-01
8.026635050773620605e-01
7.481470704078674316e-01
9.992178082466125488e-01
9.996050000190734863e-01
9.995672106742858887e-01
9.997096657752990723e-01
9.996743798255920410e-01
9.998662471771240234e-01
9.994291067123413086e-01
9.992735385894775391e-01
9.996713399887084961e-01
9.996326565742492676e-01
9.996961951255798340e-01
9.996814131736755371e-01
9.998521208763122559e-01
9.991480708122253418e-01
9.987477660179138184e-01
9.995207190513610840e-01
9.994485378265380859e-01
9.994627833366394043e-01
9.991793632507324219e-01
9.987596869468688965e-01
9.997366070747375488e-01
9.958206415176391602e-01
9.964683651924133301e-01
9.995272159576416016e-01
9.956344366073608398e-01
9.985973834991455078e-01
9.945924878120422363e-01
9.997803568840026855e-01
9.997597932815551758e-01
9.976618885993957520e-01
9.966588020324707031e-01
9.995568394660949707e-01
9.993370175361633301e-01
9.994016289710998535e-01
9.990598559379577637e-01
9.996949434280395508e-01
9.998143911361694336e-01
9.997903704643249512e-01
9.997856020927429199e-01
9.997161030769348145e-01
9.996482729911804199e-01
9.996538162231445312e-01
9.995715022087097168e-01
9.994849562644958496e-01
9.989619851112365723e-01
9.993659257888793945e-01
9.993346929550170898e-01
9.989320635795593262e-01
9.987462162971496582e-01
9.960991144180297852e-01
9.985406398773193359e-01
9.992086291313171387e-01
9.992334246635437012e-01
9.985036849975585938e-01
9.994310140609741211e-01
9.989653229713439941e-01
9.972708225250244141e-01
9.994849562644958496e-01
9.988334774971008301e-01
9.803113937377929688e-01
9.988912940025329590e-01
9.935549497604370117e-01
9.985857009887695312e-01
9.992527365684509277e-01
9.985730648040771484e-01
9.997226595878601074e-01
9.984018802642822266e-01
9.968950152397155762e-01
9.956003427505493164e-01
9.964669346809387207e-01
9.389541149139404297e-01
7.769443392753601074e-01
9.056960940361022949e-01
9.828061461448669434e-01
9.956470131874084473e-01
9.951057434082031250e-01
9.926993846893310547e-01
7.465654015541076660e-01
9.174504876136779785e-01
6.627103388309478760e-01
9.487783312797546387e-01
9.854633212089538574e-01
8.849406242370605469e-01
9.878075122833251953e-01
8.717349767684936523e-01
9.584952592849731445e-01
5.875176787376403809e-01
9.630746245384216309e-01
9.835742712020874023e-01
9.380778335034847260e-01
9.760527610778808594e-01
8.446169495582580566e-01
9.730046987533569336e-01
9.306871294975280762e-01
9.594800472259521484e-01
8.521689474582672119e-01
8.845421150326728821e-01
6.710368096828460693e-01
8.152307271957397461e-01
7.316109538078308105e-01
5.600351095199584961e-01
4.429562985897064209e-01
6.625619530677795410e-01
7.398931980133056641e-01
5.755591392517089844e-01
6.161951720714569092e-01
4.238832592964172363e-01
5.453116893768310547e-01
5.072230696678161621e-01
4.521238207817077637e-01
5.775586664676666260e-01
5.156972110271453857e-01
4.802264571189880371e-01
3.874000906944274902e-01
3.583442568778991699e-01
5.227508842945098877e-01
3.301096260547637939e-01
4.617580175399780273e-01
4.375632405281066895e-01
3.091412186622619629e-01
2.962166666984558105e-01
3.489497303962707520e-01
4.230812489986419678e-01
2.770169973373413086e-01
3.669089078903198242e-01
4.104655385017395020e-01
3.764145970344543457e-01
2.186875939369201660e-01
2.763544619083404541e-01
2.587853670120239258e-01
4.121533334255218506e-01
3.285759091377258301e-01
2.655173540115356445e-01
3.840089142322540283e-01
3.482191562652587891e-01
3.319006562232971191e-01
3.674274682998657227e-01
3.024371862411499023e-01
4.088400602340698242e-01
4.643166661262512207e-01
3.749305009841918945e-01
4.250683486461639404e-01
4.068359136581420898e-01
3.960994184017181396e-01
3.714436292648315430e-01
4.087021946907043457e-01
