9.961766004562377930e-01
9.970693588256835938e-01
9.985863566398620605e-01
6.561009287834167480e-01
9.846214652061462402e-01
9.987663626670837402e-01
4.852566421031951904e-01
7.445484995841979980e-01
9.955805540084838867e-01
9.956941008567810059e-01
9.976858496665954590e-01
9.995087981224060059e-01
9.998688101768493652e-01
9.998847842216491699e-01
9.987072944641113281e-01
9.982871413230895996e-01
9.994984865188598633e-01
9.998257160186767578e-01
9.998814463615417480e-01
9.585264921188354492e-01
9.979286193847656250e-01
9.996428489685058594e-01
9.998295903205871582e-01
9.998399615287780762e-01
9.999109506607055664e-01
9.999142289161682129e-01
9.999448657035827637e-01
9.999305605888366699e-01
9.998197555541992188e-01
9.998757839202880859e-01
9.999055266380310059e-01
9.999178051948547363e-01
9.999440312385559082e-01
9.998990893363952637e-01
9.998912811279296875e-01
9.999257326126098633e-01
9.999186992645263672e-01
9.997813701629638672e-01
8.393104076385498047e-01
9.897111058235168457e-01
9.828311800956726074e-01
9.814081788063049316e-01
7.293892502784729004e-01
9.735150132328271866e-01
4.863943457603454590e-01
6.289495825767517090e-01
9.189464449882507324e-01
9.965474605560302734e-01
8.144879341125488281e-01
9.986546635627746582e-01
9.994918704032897949e-01
9.993109107017517090e-01
9.996748566627502441e-01
9.996393918991088867e-01
9.996423721313476562e-01
9.998565316200256348e-01
9.993678331375122070e-01
9.991732835769653320e-01
9.996822476387023926e-01
9.994349479675292969e-01
9.998040199279785156e-01
9.988239407539367676e-01
9.998674392700195312e-01
9.996843934059143066e-01
9.977321028709411621e-01
9.986885786056518555e-01
9.993850588798522949e-01
9.995464682579040527e-01
9.988903999328613281e-01
9.991388320922851562e-01
9.995941519737243652e-01
9.998199343681335449e-01
9.998020529747009277e-01
9.980271458625793457e-01
9.858812689781188965e-01
9.955078363418579102e-01
9.991534948348999023e-01
9.995322823524475098e-01
9.973785281181335449e-01
9.906389713287353516e-01
9.979403018951416016e-01
9.990069270133972168e-01
9.988806247711181641e-01
9.989152550697326660e-01
9.990761876106262207e-01
9.997549057006835938e-01
9.997445344924926758e-01
9.997336864471435547e-01
9.997382760047912598e-01
9.993863701820373535e-01
9.992179274559020996e-01
9.929705262184143066e-01
9.996797442436218262e-01
9.993847608566284180e-01
9.995223283767700195e-01
9.994750022888183594e-01
9.985110759735107422e-01
9.997565150260925293e-01
9.994651079177856445e-01
9.987571239471435547e-01
9.991198182106018066e-01
9.996287226676940918e-01
9.994829893112182617e-01
9.987736940383911133e-01
9.924234747886657715e-01
9.984121322631835938e-01
9.977403879165649414e-01
9.997696280479431152e-01
9.990363717079162598e-01
9.899259805679321289e-01
9.989309310913085938e-01
9.945231080055236816e-01
9.991461038589477539e-01
9.991341233253479004e-01
9.990012049674987793e-01
9.998178482055664062e-01
9.986609220504760742e-01
9.958524703979492188e-01
9.980729222297668457e-01
9.990372061729431152e-01
9.995719790458679199e-01
9.987394809722900391e-01
9.987661838531494141e-01
9.994019865989685059e-01
9.989871978759765625e-01
9.958000183105468750e-01
9.966649413108825684e-01
9.934001564979553223e-01
9.941146969795227051e-01
9.885628223419189453e-01
9.887034893035888672e-01
9.977303147315979004e-01
9.743766188621520996e-01
9.877920150756835938e-01
9.625313878059387207e-01
9.279382824897766113e-01
9.233063459396362305e-01
8.605668544769287109e-01
9.839033484458923340e-01
8.414521813392639160e-01
8.997002840042114258e-01
5.946362018585205078e-01
8.953754305839538574e-01
7.229169011116027832e-01
8.193309903144836426e-01
6.341590881347656250e-01
7.088311910629272461e-01
7.100490927696228027e-01
5.801863372325897217e-01
4.758872389793395996e-01
5.195576548576354980e-01
3.917597234249114990e-01
6.361222267150878906e-01
4.398965239524841309e-01
2.924260497093200684e-01
4.548158347606658936e-01
3.653150796890258789e-01
4.788492321968078613e-01
4.562044143676757812e-01
4.628025591373443604e-01
3.547022938728332520e-01
3.779218196868896484e-01
5.399265289306640625e-01
6.021509170532226562e-01
5.596368312835693359e-01
4.736632108688354492e-01
5.563780069351196289e-01
3.446007966995239258e-01
3.924307525157928467e-01
4.634049534797668457e-01
4.537963271141052246e-01
3.246123194694519043e-01
2.700993120670318604e-01
3.714178204536437988e-01
4.016995131969451904e-01
4.378654956817626953e-01
3.596758246421813965e-01
4.800559282302856445e-01
3.573776483535766602e-01
4.088569879531860352e-01
3.709936738014221191e-01
3.455667495727539062e-01
4.036433994770050049e-01
3.143967986106872559e-01
2.914657592773437500e-01
4.124770760536193848e-01
3.838453292846679688e-01
3.773295879364013672e-01
3.439341187477111816e-01
4.595671892166137695e-01
4.453219175338745117e-01
4.462322294712066650e-01
5.366915464401245117e-01
4.775643944740295410e-01
4.589131474494934082e-01
3.933887481689453125e-01
