9.961766004562377930e-01
9.970693588256835938e-01
9.985863566398620605e-01
6.561009287834167480e-01
9.846214652061462402e-01
9.987663626670837402e-01
4.852566719055175781e-01
7.445484995841979980e-01
9.955805540084838867e-01
9.956941008567810059e-01
9.976858496665954590e-01
9.995087981224060059e-01
9.998688101768493652e-01
9.988949298858642578e-01
9.980537891387939453e-01
9.995019435882568359e-01
9.994032979011535645e-01
9.998383522033691406e-01
9.998545050621032715e-01
9.998666644096374512e-01
9.998934268951416016e-01
9.998809099197387695e-01
9.997652173042297363e-01
9.996891021728515625e-01
9.999229311943054199e-01
9.999417066574096680e-01
9.999338388442993164e-01
9.988988041877746582e-01
9.998575448989868164e-01
9.999147057533264160e-01
9.999081492424011230e-01
9.999170303344726562e-01
9.999347329139709473e-01
9.998882412910461426e-01
9.998953342437744141e-01
9.999220967292785645e-01
9.999186992645263672e-01
9.997808337211608887e-01
9.997564554214477539e-01
9.997584819793701172e-01
9.971131086349487305e-01
9.789246320724487305e-01
9.265183806419372559e-01
9.530858397483825684e-01
9.925390481948852539e-01
9.994412064552307129e-01
9.366348385810852051e-01
9.853088259696960449e-01
8.344648778438568115e-01
9.964548349380493164e-01
9.993751645088195801e-01
9.993951320648193359e-01
9.995844960212707520e-01
9.994612932205200195e-01
9.996423721313476562e-01
9.998595714569091797e-01
9.993683099746704102e-01
9.992095232009887695e-01
9.996563792228698730e-01
9.997514486312866211e-01
9.997723102569580078e-01
9.995124936103820801e-01
9.996463060379028320e-01
9.997651576995849609e-01
9.986724853515625000e-01
9.980086684226989746e-01
9.990758299827575684e-01
9.988263845443725586e-01
9.986135363578796387e-01
9.982322454452514648e-01
9.993712306022644043e-01
9.961238503456115723e-01
9.893354773521423340e-01
9.896076917648315430e-01
9.522843956947326660e-01
9.978631734848022461e-01
9.864103794097900391e-01
9.982000589370727539e-01
9.871240258216857910e-01
9.961385130882263184e-01
9.992828965187072754e-01
9.993730187416076660e-01
9.993256330490112305e-01
9.981224536895751953e-01
9.996589422225952148e-01
9.997590780258178711e-01
9.998212456703186035e-01
9.994278550148010254e-01
9.985577464103698730e-01
9.965818524360656738e-01
9.990962743759155273e-01
9.990320801734924316e-01
9.997457861900329590e-01
9.991292357444763184e-01
9.994332194328308105e-01
9.994998574256896973e-01
9.986833930015563965e-01
9.994317293167114258e-01
9.992804527282714844e-01
9.995863437652587891e-01
9.997636079788208008e-01
9.986127614974975586e-01
9.987654685974121094e-01
9.994927048683166504e-01
9.992899298667907715e-01
9.995201826095581055e-01
9.988957047462463379e-01
9.995558857917785645e-01
9.993881583213806152e-01
9.991852045059204102e-01
9.991219043731689453e-01
9.884898662567138672e-01
9.995123147964477539e-01
9.987193942070007324e-01
9.992734789848327637e-01
9.997258186340332031e-01
9.984589219093322754e-01
9.966701269149780273e-01
9.940050244331359863e-01
9.989078044891357422e-01
9.980686902999877930e-01
9.997169375419616699e-01
9.996649026870727539e-01
9.992746710777282715e-01
9.981006383895874023e-01
9.409239292144775391e-01
9.911192655563354492e-01
8.938529118895530701e-01
9.405910372734069824e-01
8.199907541275024414e-01
9.927075505256652832e-01
9.982537031173706055e-01
9.523124098777770996e-01
7.372711896896362305e-01
9.704228043556213379e-01
9.851223230361938477e-01
9.822345972061157227e-01
9.955167770385742188e-01
9.389179944992065430e-01
9.857803583145141602e-01
9.926072955131530762e-01
9.822663068771362305e-01
9.945527315139770508e-01
9.904230833053588867e-01
9.964918494224548340e-01
9.855338335037231445e-01
9.271756410598754883e-01
9.311860203742980957e-01
6.834588050842285156e-01
2.439128160476684570e-01
7.167841792106628418e-01
5.463976263999938965e-01
4.619503617286682129e-01
3.808260560035705566e-01
8.333252072334289551e-01
6.794811785221099854e-01
6.887901425361633301e-01
5.153427422046661377e-01
3.693999052047729492e-01
3.359859585762023926e-01
4.345788359642028809e-01
5.019897222518920898e-01
5.247934460639953613e-01
4.274675846099853516e-01
5.102687478065490723e-01
4.002519845962524414e-01
2.718442678451538086e-01
4.293910562992095947e-01
2.794243693351745605e-01
3.480579853057861328e-01
3.088492751121520996e-01
3.458257317543029785e-01
4.767022132873535156e-01
3.405994176864624023e-01
2.762485146522521973e-01
3.635208606719970703e-01
4.274873137474060059e-01
4.009300470352172852e-01
4.425860345363616943e-01
4.565771222114562988e-01
4.622762799263000488e-01
4.097977876663208008e-01
3.818954229354858398e-01
2.977099418640136719e-01
2.621623873710632324e-01
3.270480036735534668e-01
2.290977239608764648e-01
2.759115993976593018e-01
3.890813589096069336e-01
5.080220103263854980e-01
5.325368046760559082e-01
4.518288373947143555e-01
4.442039728164672852e-01
4.245334267616271973e-01
4.499113559722900391e-01
5.816459059715270996e-01
5.084131956100463867e-01
5.967147946357727051e-01
5.644419789314270020e-01
5.150784254074096680e-01
4.149799942970275879e-01
3.851011693477630615e-01
3.825635612010955811e-01
4.547806382179260254e-01
4.748754501342773438e-01
4.023631215095520020e-01
3.872765898704528809e-01
3.900094330310821533e-01
