9.961766004562377930e-01
9.970693588256835938e-01
4.997427463531494141e-01
5.682863593101501465e-01
9.958591461181640625e-01
9.985280632972717285e-01
6.148990988731384277e-01
6.979869604110717773e-01
9.952147006988525391e-01
9.967195391654968262e-01
9.970041513442993164e-01
9.995087981224060059e-01
9.998688101768493652e-01
9.998848438262939453e-01
9.987072944641113281e-01
9.982758164405822754e-01
9.994968175888061523e-01
9.998260140419006348e-01
9.998820424079895020e-01
9.633339047431945801e-01
9.978017807006835938e-01
9.996408820152282715e-01
9.998307824134826660e-01
9.998425841331481934e-01
9.999104738235473633e-01
9.999142885208129883e-01
9.999451041221618652e-01
9.999305605888366699e-01
9.998201131820678711e-01
9.998764395713806152e-01
9.999051690101623535e-01
9.999387264251708984e-01
9.999043941497802734e-01
9.998878240585327148e-01
9.999240040779113770e-01
9.999216794967651367e-01
9.999253153800964355e-01
9.997556805610656738e-01
9.997519254684448242e-01
9.917011857032775879e-01
9.965087175369262695e-01
9.930533170700073242e-01
2.807170152664184570e-01
9.830486178398132324e-01
5.258383154869079590e-01
6.373270750045776367e-01
9.132751226425170898e-01
9.963976740837097168e-01
8.083608150482177734e-01
9.968564510345458984e-01
9.994929432868957520e-01
9.993064403533935547e-01
9.996748566627502441e-01
9.996343851089477539e-01
9.998434782028198242e-01
9.998582601547241211e-01
9.993655085563659668e-01
9.992139935493469238e-01
9.996661543846130371e-01
9.996274113655090332e-01
9.997014403343200684e-01
9.998586773872375488e-01
9.989534616470336914e-01
9.988861680030822754e-01
9.995357394218444824e-01
9.994828701019287109e-01
9.994829893112182617e-01
9.994629621505737305e-01
9.991572499275207520e-01
9.995859265327453613e-01
9.971911907196044922e-01
9.974376559257507324e-01
9.987202286720275879e-01
9.991760253906250000e-01
9.985607266426086426e-01
9.879466295242309570e-01
9.987323880195617676e-01
9.663431048393249512e-01
9.963282346725463867e-01
9.986034631729125977e-01
9.993476867675781250e-01
9.991984367370605469e-01
9.992427229881286621e-01
9.992639422416687012e-01
9.998322129249572754e-01
9.996818900108337402e-01
9.996315240859985352e-01
9.996397495269775391e-01
9.986604452133178711e-01
9.986672401428222656e-01
9.990003705024719238e-01
9.996100664138793945e-01
9.997223615646362305e-01
9.995694756507873535e-01
9.996459484100341797e-01
9.997127652168273926e-01
9.996361136436462402e-01
9.987910389900207520e-01
9.997873902320861816e-01
9.995833039283752441e-01
9.996415376663208008e-01
9.992772936820983887e-01
9.997517466545104980e-01
9.997486472129821777e-01
9.996379017829895020e-01
9.973176121711730957e-01
9.994567632675170898e-01
9.929348230361938477e-01
9.956665635108947754e-01
9.964748620986938477e-01
9.984000325202941895e-01
9.993854165077209473e-01
9.994639754295349121e-01
9.993593692779541016e-01
9.997601509094238281e-01
9.982026815414428711e-01
9.805914163589477539e-01
9.982737898826599121e-01
9.932155609130859375e-01
9.952517151832580566e-01
9.995712041854858398e-01
9.974923133850097656e-01
9.995535612106323242e-01
9.991675019264221191e-01
9.994577169418334961e-01
9.997300505638122559e-01
9.982303380966186523e-01
9.993847608566284180e-01
9.978889226913452148e-01
9.973264932632446289e-01
9.125036597251892090e-01
4.966461658477783203e-01
9.600917100906372070e-01
9.647368788719177246e-01
9.930236935615539551e-01
9.930782318115234375e-01
9.889883399009704590e-01
9.961328506469726562e-01
9.896299242973327637e-01
9.802013635635375977e-01
9.947080612182617188e-01
9.901780486106872559e-01
9.906059503555297852e-01
9.759702086448669434e-01
9.692381620407104492e-01
9.695290327072143555e-01
8.928572535514831543e-01
8.649524748325347900e-01
7.179784178733825684e-01
6.119157671928405762e-01
7.326115369796752930e-01
9.160991311073303223e-01
8.685636520385742188e-01
4.752511382102966309e-01
8.294793367385864258e-01
6.674097478389739990e-01
9.278995990753173828e-01
8.892173767089843750e-01
7.907286286354064941e-01
7.289996445178985596e-01
8.037710785865783691e-01
8.465520143508911133e-01
7.510617971420288086e-01
8.887941837310791016e-01
9.380142688751220703e-01
9.237232804298400879e-01
9.201963543891906738e-01
9.404336027801036835e-01
6.876713633537292480e-01
6.731151342391967773e-01
6.490440964698791504e-01
8.247741460800170898e-01
7.888433933258056641e-01
8.891561627388000488e-01
8.825066685676574707e-01
8.052841424942016602e-01
8.447651267051696777e-01
8.430560827255249023e-01
6.667842864990234375e-01
7.705972790718078613e-01
8.561097383499145508e-01
7.892253398895263672e-01
7.264415025711059570e-01
7.938039898872375488e-01
7.579954862594604492e-01
7.331548035144805908e-01
6.267288327217102051e-01
5.932994782924652100e-01
6.791484355926513672e-01
6.048291623592376709e-01
6.648930609226226807e-01
6.124236583709716797e-01
6.061794161796569824e-01
5.004868507385253906e-01
5.250430107116699219e-01
4.302028417587280273e-01
6.534209847450256348e-01
7.210534214973449707e-01
6.417890787124633789e-01
7.644571065902709961e-01
6.285575628280639648e-01
6.368548274040222168e-01
6.151069104671478271e-01
6.645275354385375977e-01
5.146256089210510254e-01
5.382860302925109863e-01
5.828787386417388916e-01
4.665365219116210938e-01
3.875186741352081299e-01
4.364423751831054688e-01
3.332927227020263672e-01
4.472194612026214600e-01
3.508988022804260254e-01
3.968547284603118896e-01
4.695543646812438965e-01
5.165851712226867676e-01
5.567117333412170410e-01
3.538931608200073242e-01
4.089784920215606689e-01
4.682608842849731445e-01
5.797706544399261475e-01
3.898825645446777344e-01
3.733462095260620117e-01
