9.961766004562377930e-01
9.970693588256835938e-01
4.997427463531494141e-01
5.682863593101501465e-01
9.958591461181640625e-01
9.985280632972717285e-01
9.986448287963867188e-01
9.990281462669372559e-01
9.996793270111083984e-01
9.998212456703186035e-01
9.899336099624633789e-01
9.988597035408020020e-01
9.998691082000732422e-01
9.983907938003540039e-01
9.983653426170349121e-01
9.994916319847106934e-01
9.993877410888671875e-01
9.998526573181152344e-01
9.998552203178405762e-01
9.712257385253906250e-01
9.986985325813293457e-01
9.995027184486389160e-01
9.998295903205871582e-01
9.998425841331481934e-01
9.999101161956787109e-01
9.999390244483947754e-01
9.999344944953918457e-01
9.999281764030456543e-01
9.998830556869506836e-01
9.998666048049926758e-01
9.999151825904846191e-01
9.999161958694458008e-01
9.999422430992126465e-01
9.999065399169921875e-01
9.998872876167297363e-01
9.999257922172546387e-01
9.999190568923950195e-01
9.997770786285400391e-01
9.890367388725280762e-01
9.964323043823242188e-01
8.692070245742797852e-01
9.664325714111328125e-01
9.971733093261718750e-01
9.996372461318969727e-01
9.824374914169311523e-01
9.990091323852539062e-01
6.958292126655578613e-01
9.973661303520202637e-01
6.923523545265197754e-01
9.966099262237548828e-01
9.990021586418151855e-01
9.988975524902343750e-01
9.995675086975097656e-01
9.994133114814758301e-01
9.998404979705810547e-01
9.994353652000427246e-01
9.991536140441894531e-01
9.996566772460937500e-01
9.996274113655090332e-01
9.996960163116455078e-01
9.996803998947143555e-01
9.996719360351562500e-01
9.998168349266052246e-01
9.998018741607666016e-01
9.990658164024353027e-01
9.988326430320739746e-01
9.994490146636962891e-01
9.993799328804016113e-01
9.994798898696899414e-01
9.997388124465942383e-01
9.994975328445434570e-01
9.978218078613281250e-01
9.992786645889282227e-01
9.990169405937194824e-01
9.958549737930297852e-01
9.964821934700012207e-01
9.991554617881774902e-01
9.996361136436462402e-01
9.991488456726074219e-01
9.875653386116027832e-01
9.995537400245666504e-01
9.993451237678527832e-01
9.957686662673950195e-01
9.993256330490112305e-01
9.996191859245300293e-01
9.997670650482177734e-01
9.991084933280944824e-01
9.954857230186462402e-01
9.982734918594360352e-01
9.994712471961975098e-01
9.996245503425598145e-01
9.973782896995544434e-01
9.997658729553222656e-01
9.996479749679565430e-01
9.994336962699890137e-01
9.996756911277770996e-01
9.995722770690917969e-01
9.997000098228454590e-01
9.997022151947021484e-01
9.995941519737243652e-01
9.986963272094726562e-01
9.992712736129760742e-01
9.998174309730529785e-01
9.982140064239501953e-01
9.994511008262634277e-01
9.479480385780334473e-01
9.664948582649230957e-01
9.994921088218688965e-01
9.962237477302551270e-01
9.985949993133544922e-01
9.982291460037231445e-01
9.990423917770385742e-01
9.969445466995239258e-01
9.994841814041137695e-01
9.996237158775329590e-01
9.987832307815551758e-01
9.928708672523498535e-01
9.989198446273803711e-01
9.982073903083801270e-01
9.997269511222839355e-01
9.741459488868713379e-01
9.846840500831604004e-01
9.972847700119018555e-01
9.246572852134704590e-01
8.953408896923065186e-01
9.941642880439758301e-01
9.957297444343566895e-01
8.756949007511138916e-01
9.240283966064453125e-01
9.380915164947509766e-01
9.882116317749023438e-01
8.682695627212524414e-01
9.771794080734252930e-01
9.817552566528320312e-01
9.953067302703857422e-01
9.558005332946777344e-01
9.742503166198730469e-01
9.957074522972106934e-01
9.972857832908630371e-01
9.898355603218078613e-01
9.835491180419921875e-01
9.942404031753540039e-01
9.823866486549377441e-01
9.544273018836975098e-01
8.825425505638122559e-01
9.162974953651428223e-01
9.168392419815063477e-01
8.398224264383316040e-01
8.767951130867004395e-01
7.582373023033142090e-01
8.089393973350524902e-01
6.837193369865417480e-01
8.229483366012573242e-01
8.742608428001403809e-01
8.187167644500732422e-01
8.591306656599044800e-01
8.521788120269775391e-01
9.129232764244079590e-01
6.964980363845825195e-01
7.895607650279998779e-01
8.659524768590927124e-01
8.650329411029815674e-01
9.202300906181335449e-01
9.144354462623596191e-01
7.712042331695556641e-01
6.629709601402282715e-01
4.630415439605712891e-01
5.803062319755554199e-01
4.778455495834350586e-01
4.594973623752593994e-01
7.455741167068481445e-01
5.127903223037719727e-01
6.013619899749755859e-01
5.213795304298400879e-01
6.251949965953826904e-01
4.399463832378387451e-01
4.872340559959411621e-01
6.069577336311340332e-01
5.326833426952362061e-01
5.181372463703155518e-01
4.533413350582122803e-01
6.108667254447937012e-01
4.492238163948059082e-01
5.101534426212310791e-01
4.101820588111877441e-01
4.444621503353118896e-01
2.832697033882141113e-01
3.143951594829559326e-01
4.158574640750885010e-01
4.085237979888916016e-01
3.284695148468017578e-01
4.871000051498413086e-01
4.655313491821289062e-01
4.829714000225067139e-01
4.006948471069335938e-01
3.502548336982727051e-01
3.492833375930786133e-01
3.293710350990295410e-01
3.548542857170104980e-01
4.085871279239654541e-01
4.930537343025207520e-01
4.545966088771820068e-01
3.703179061412811279e-01
3.382234275341033936e-01
3.601114153861999512e-01
4.312250316143035889e-01
3.468477725982666016e-01
