9.961766004562377930e-01
9.970693588256835938e-01
9.985863566398620605e-01
6.561009287834167480e-01
9.846214652061462402e-01
9.987663626670837402e-01
4.852566421031951904e-01
7.445484995841979980e-01
9.955805540084838867e-01
9.956941008567810059e-01
9.976858496665954590e-01
9.995087981224060059e-01
9.998688101768493652e-01
9.988949298858642578e-01
9.980537891387939453e-01
9.995019435882568359e-01
9.994032979011535645e-01
9.998383522033691406e-01
9.998545050621032715e-01
9.998666644096374512e-01
9.998934268951416016e-01
9.988467693328857422e-01
9.996949434280395508e-01
9.998439550399780273e-01
9.999200105667114258e-01
9.999439716339111328e-01
9.999244213104248047e-01
9.999229311943054199e-01
9.998961687088012695e-01
9.998660683631896973e-01
9.999152421951293945e-01
9.999079704284667969e-01
9.999350905418395996e-01
9.999068379402160645e-01
9.998866915702819824e-01
9.999257326126098633e-01
9.999186992645263672e-01
9.997808337211608887e-01
9.881086349487304688e-01
9.895275831222534180e-01
9.991501569747924805e-01
9.996044635772705078e-01
9.934279918670654297e-01
9.327992796897888184e-01
9.849996566772460938e-01
9.993786811828613281e-01
7.514373660087585449e-01
9.933126568794250488e-01
7.220081090927124023e-01
9.975833892822265625e-01
9.988958835601806641e-01
9.993472695350646973e-01
9.995688796043395996e-01
9.994123578071594238e-01
9.996439814567565918e-01
9.998579025268554688e-01
9.993724226951599121e-01
9.992034435272216797e-01
9.996582865715026855e-01
9.996403455734252930e-01
9.996996521949768066e-01
9.996758103370666504e-01
9.997931718826293945e-01
9.991813302040100098e-01
9.987927079200744629e-01
9.995454549789428711e-01
9.993519783020019531e-01
9.992920756340026855e-01
9.988665580749511719e-01
9.990707039833068848e-01
9.994143247604370117e-01
9.939548969268798828e-01
9.989538788795471191e-01
9.978302121162414551e-01
9.949429035186767578e-01
9.965910315513610840e-01
9.992087483406066895e-01
9.997718334197998047e-01
9.995379447937011719e-01
9.977211952209472656e-01
9.980083703994750977e-01
9.993925094604492188e-01
9.975907206535339355e-01
9.994366765022277832e-01
9.989585280418395996e-01
9.996533393859863281e-01
9.997788667678833008e-01
9.995884299278259277e-01
9.996923804283142090e-01
9.978776574134826660e-01
9.983229041099548340e-01
9.992418289184570312e-01
9.995344877243041992e-01
9.995123147964477539e-01
9.978972673416137695e-01
9.994087219238281250e-01
9.992966055870056152e-01
9.995887279510498047e-01
9.982984662055969238e-01
9.975149035453796387e-01
9.995573163032531738e-01
9.997551441192626953e-01
9.995680451393127441e-01
9.996474385261535645e-01
9.995201826095581055e-01
9.964539408683776855e-01
9.938483238220214844e-01
9.997165203094482422e-01
9.979791641235351562e-01
9.964272379875183105e-01
9.984738230705261230e-01
9.924984574317932129e-01
9.977003931999206543e-01
9.991744160652160645e-01
9.973636269569396973e-01
9.997829794883728027e-01
9.990979433059692383e-01
9.966758489608764648e-01
9.997335076332092285e-01
9.996598958969116211e-01
9.989032745361328125e-01
9.648023247718811035e-01
8.358599543571472168e-01
9.980756640434265137e-01
9.783132672309875488e-01
9.368101358413696289e-01
9.900882840156555176e-01
9.970210194587707520e-01
9.971145391464233398e-01
9.902691245079040527e-01
9.961432218551635742e-01
9.982749819755554199e-01
9.951545596122741699e-01
9.914028644561767578e-01
9.773907065391540527e-01
9.239288568496704102e-01
8.983427882194519043e-01
9.770262837409973145e-01
9.969893693923950195e-01
9.892978072166442871e-01
9.846793413162231445e-01
9.945095777511596680e-01
9.965873956680297852e-01
9.798480868339538574e-01
9.189502596855163574e-01
9.625008702278137207e-01
9.769669175148010254e-01
8.633974790573120117e-01
8.451567888259887695e-01
7.725191712379455566e-01
6.330658197402954102e-01
8.154474496841430664e-01
8.294879794120788574e-01
8.635892868041992188e-01
9.025677442550659180e-01
7.601163387298583984e-01
6.230548620223999023e-01
8.112780451774597168e-01
7.662302255630493164e-01
6.673003435134887695e-01
7.072379589080810547e-01
8.306894898414611816e-01
7.400809526443481445e-01
7.392590641975402832e-01
5.612987279891967773e-01
6.858485043048858643e-01
3.914277851581573486e-01
3.856045603752136230e-01
4.396658539772033691e-01
4.030893445014953613e-01
3.652265965938568115e-01
3.969389796257019043e-01
3.149076700210571289e-01
4.771451950073242188e-01
3.003037273883819580e-01
4.467067122459411621e-01
4.851444959640502930e-01
3.632112145423889160e-01
2.957725524902343750e-01
2.191102504730224609e-01
4.348144531250000000e-01
3.275020718574523926e-01
3.364066481590270996e-01
2.568569183349609375e-01
2.130963504314422607e-01
3.338100910186767578e-01
1.904476284980773926e-01
3.818659186363220215e-01
3.804897665977478027e-01
3.735055327415466309e-01
4.038539230823516846e-01
4.764218628406524658e-01
4.652842879295349121e-01
4.156305193901062012e-01
5.381981730461120605e-01
4.455906152725219727e-01
3.960484266281127930e-01
3.328672647476196289e-01
4.156627058982849121e-01
4.957820177078247070e-01
4.246194362640380859e-01
3.746731877326965332e-01
4.504931867122650146e-01
3.932834863662719727e-01
4.568372368812561035e-01
4.031155705451965332e-01
5.881170034408569336e-01
3.816223144531250000e-01
4.973220825195312500e-01
4.567160010337829590e-01
