9.961766004562377930e-01
9.970693588256835938e-01
9.985863566398620605e-01
6.561008989810943604e-01
9.846214652061462402e-01
9.987663626670837402e-01
4.852566421031951904e-01
7.445484995841979980e-01
9.955805540084838867e-01
9.956941008567810059e-01
9.976858496665954590e-01
9.995087981224060059e-01
9.998688101768493652e-01
9.998847842216491699e-01
9.987072944641113281e-01
9.982871413230895996e-01
9.994984865188598633e-01
9.998257160186767578e-01
9.998814463615417480e-01
9.585264921188354492e-01
9.979286193847656250e-01
9.996428489685058594e-01
9.998295903205871582e-01
9.998399615287780762e-01
9.999109506607055664e-01
9.999142289161682129e-01
9.999448657035827637e-01
9.999305605888366699e-01
9.998197555541992188e-01
9.998757839202880859e-01
9.999055266380310059e-01
9.999178051948547363e-01
9.999440312385559082e-01
9.998990893363952637e-01
9.998912811279296875e-01
9.999257326126098633e-01
9.999186992645263672e-01
9.997813701629638672e-01
8.393104076385498047e-01
9.897111058235168457e-01
9.991409778594970703e-01
9.771909117698669434e-01
9.900799989700317383e-01
9.776630401611328125e-01
9.798653125762939453e-01
9.994766116142272949e-01
6.791894435882568359e-01
9.912040233612060547e-01
8.089800029993057251e-01
9.970180392265319824e-01
9.989139437675476074e-01
9.993686079978942871e-01
9.995655417442321777e-01
9.994263052940368652e-01
9.996432065963745117e-01
9.998568892478942871e-01
9.993746876716613770e-01
9.992184638977050781e-01
9.996648430824279785e-01
9.996300339698791504e-01
9.997065067291259766e-01
9.996828436851501465e-01
9.997149109840393066e-01
9.996174573898315430e-01
9.981715083122253418e-01
9.997410774230957031e-01
9.994229078292846680e-01
9.984538555145263672e-01
9.984283447265625000e-01
9.993152022361755371e-01
9.996684193611145020e-01
9.985967278480529785e-01
9.975607395172119141e-01
9.991936087608337402e-01
9.688513278961181641e-01
9.933739304542541504e-01
9.992815852165222168e-01
9.997566938400268555e-01
9.994733333587646484e-01
9.874200820922851562e-01
9.968897700309753418e-01
9.988975524902343750e-01
9.992148876190185547e-01
9.994064569473266602e-01
9.983275532722473145e-01
9.995331764221191406e-01
9.998382925987243652e-01
9.996787309646606445e-01
9.998160004615783691e-01
9.997094869613647461e-01
9.970243573188781738e-01
9.983102679252624512e-01
9.996050000190734863e-01
9.991912841796875000e-01
9.997062683105468750e-01
9.991036653518676758e-01
9.996067881584167480e-01
9.995122551918029785e-01
9.987046122550964355e-01
9.992102384567260742e-01
9.979514479637145996e-01
9.992225766181945801e-01
9.994434118270874023e-01
9.992226362228393555e-01
9.980301260948181152e-01
9.992408752441406250e-01
9.976533055305480957e-01
9.994950890541076660e-01
9.983019828796386719e-01
9.913071990013122559e-01
9.989413022994995117e-01
9.982892870903015137e-01
9.991875290870666504e-01
9.992440342903137207e-01
9.986117482185363770e-01
9.996302127838134766e-01
9.984021186828613281e-01
9.901879429817199707e-01
9.951876997947692871e-01
9.990546703338623047e-01
9.991018176078796387e-01
9.994654655456542969e-01
9.824239015579223633e-01
9.755367040634155273e-01
9.973357915878295898e-01
9.833920001983642578e-01
9.499964714050292969e-01
9.866526722908020020e-01
8.692386150360107422e-01
9.217436909675598145e-01
9.954109787940979004e-01
7.140484452247619629e-01
8.584433197975158691e-01
9.758490920066833496e-01
8.756142854690551758e-01
7.128204405307769775e-01
3.663879036903381348e-01
8.808630034327507019e-01
9.960721731185913086e-01
9.838770627975463867e-01
9.808152318000793457e-01
9.725903272628784180e-01
9.882913231849670410e-01
9.047240018844604492e-01
9.545883536338806152e-01
8.951991200447082520e-01
8.859181404113769531e-01
6.665031611919403076e-01
6.946371793746948242e-01
4.645239114761352539e-01
5.081219077110290527e-01
1.812199354171752930e-01
4.880665540695190430e-01
4.533814787864685059e-01
6.445431709289550781e-01
5.456472933292388916e-01
5.410774946212768555e-01
4.237883687019348145e-01
4.315156340599060059e-01
2.754275798797607422e-01
4.172443151473999023e-01
4.019196927547454834e-01
3.246357440948486328e-01
3.606384396553039551e-01
4.271293282508850098e-01
3.597000241279602051e-01
4.057279527187347412e-01
3.447069823741912842e-01
4.661703109741210938e-01
3.531192243099212646e-01
3.108269572257995605e-01
3.163275420665740967e-01
2.788435816764831543e-01
3.028794527053833008e-01
2.360660433769226074e-01
2.258442044258117676e-01
3.930019438266754150e-01
4.784741401672363281e-01
3.917372226715087891e-01
4.860961437225341797e-01
4.042403697967529297e-01
3.983390331268310547e-01
4.140911996364593506e-01
3.762394189834594727e-01
3.906623721122741699e-01
3.718098402023315430e-01
3.737586438655853271e-01
4.472884535789489746e-01
4.567855894565582275e-01
4.534451961517333984e-01
4.454017281532287598e-01
