9.961766004562377930e-01
9.970693588256835938e-01
4.997427463531494141e-01
5.682863593101501465e-01
9.958591461181640625e-01
9.985280632972717285e-01
6.148992180824279785e-01
6.979869604110717773e-01
9.952147006988525391e-01
9.967195391654968262e-01
9.970041513442993164e-01
9.995087981224060059e-01
9.998688101768493652e-01
9.998848438262939453e-01
9.987072944641113281e-01
9.982758164405822754e-01
9.994968175888061523e-01
9.998260140419006348e-01
9.998820424079895020e-01
9.998583793640136719e-01
9.998688101768493652e-01
9.992156624794006348e-01
9.996978044509887695e-01
9.998462200164794922e-01
9.999194741249084473e-01
9.999234080314636230e-01
9.999378919601440430e-01
9.999269247055053711e-01
9.998452067375183105e-01
9.998764395713806152e-01
9.999051690101623535e-01
9.999313950538635254e-01
9.998938441276550293e-01
9.998878240585327148e-01
9.999240040779113770e-01
9.999216794967651367e-01
9.999253153800964355e-01
9.997556805610656738e-01
9.997519254684448242e-01
9.915487766265869141e-01
9.965258836746215820e-01
9.924684762954711914e-01
9.820621609687805176e-01
9.996550083160400391e-01
9.997670650482177734e-01
9.984334111213684082e-01
5.283120870590209961e-01
9.943293333053588867e-01
6.926432847976684570e-01
9.982879757881164551e-01
9.993299245834350586e-01
9.993838667869567871e-01
9.996150135993957520e-01
9.994159340858459473e-01
9.998397231101989746e-01
9.994376897811889648e-01
9.991654753684997559e-01
9.996589422225952148e-01
9.996153712272644043e-01
9.996995925903320312e-01
9.996777772903442383e-01
9.998504519462585449e-01
9.991263747215270996e-01
9.987381100654602051e-01
9.995277523994445801e-01
9.994789361953735352e-01
9.995752573013305664e-01
9.994552135467529297e-01
9.994189739227294922e-01
9.997507929801940918e-01
9.976019859313964844e-01
9.983957409858703613e-01
9.993276596069335938e-01
9.994563460350036621e-01
9.992737174034118652e-01
9.850158095359802246e-01
9.982858896255493164e-01
9.683295488357543945e-01
9.977205395698547363e-01
9.984316229820251465e-01
9.982533454895019531e-01
9.991345405578613281e-01
9.942655563354492188e-01
9.994006752967834473e-01
9.997780323028564453e-01
9.996978640556335449e-01
9.998179674148559570e-01
9.995946288108825684e-01
9.991077780723571777e-01
9.932686090469360352e-01
9.991440773010253906e-01
9.996029138565063477e-01
9.995055794715881348e-01
9.994459748268127441e-01
9.992349147796630859e-01
9.995627999305725098e-01
9.993659853935241699e-01
9.992395639419555664e-01
9.995231628417968750e-01
9.996960163116455078e-01
9.974923133850097656e-01
9.993087649345397949e-01
9.992391467094421387e-01
9.998007416725158691e-01
9.996514916419982910e-01
9.985331892967224121e-01
9.996372461318969727e-01
9.719080924987792969e-01
9.919208288192749023e-01
9.980205893516540527e-01
9.971068501472473145e-01
9.993664622306823730e-01
9.992597699165344238e-01
9.988604784011840820e-01
9.997870326042175293e-01
9.995431900024414062e-01
9.986636042594909668e-01
9.966259598731994629e-01
9.971395134925842285e-01
9.964383840560913086e-01
9.992600679397583008e-01
9.996718764305114746e-01
9.981463551521301270e-01
9.985533356666564941e-01
9.956893920898437500e-01
9.984264373779296875e-01
9.994385838508605957e-01
9.983064532279968262e-01
9.713165760040283203e-01
9.786707162857055664e-01
9.887362122535705566e-01
8.378821015357971191e-01
8.438973426818847656e-01
8.559327721595764160e-01
8.746784925460815430e-01
9.816091656684875488e-01
9.880791902542114258e-01
9.963903427124023438e-01
9.829719066619873047e-01
9.898931980133056641e-01
9.768671393394470215e-01
9.804341197013854980e-01
9.654970169067382812e-01
9.928398728370666504e-01
9.935984015464782715e-01
9.816415309906005859e-01
9.842163324356079102e-01
9.707069396972656250e-01
9.011123180389404297e-01
7.682372778654098511e-01
7.506362199783325195e-01
7.808618992567062378e-01
5.530886650085449219e-01
7.097937166690826416e-01
4.402287006378173828e-01
4.029291868209838867e-01
4.284631311893463135e-01
4.705086946487426758e-01
3.901699781417846680e-01
3.299267888069152832e-01
7.949586510658264160e-01
6.796910166740417480e-01
6.189300417900085449e-01
7.344580292701721191e-01
5.636939406394958496e-01
5.176669955253601074e-01
5.730782151222229004e-01
5.863174796104431152e-01
4.220640659332275391e-01
4.655630588531494141e-01
5.048997104167938232e-01
4.357547760009765625e-01
4.956984519958496094e-01
3.425540328025817871e-01
4.345695376396179199e-01
4.874190688133239746e-01
3.818077147006988525e-01
4.110741615295410156e-01
3.813616633415222168e-01
2.729132771492004395e-01
3.239398002624511719e-01
2.455720901489257812e-01
4.752038419246673584e-01
3.577048182487487793e-01
3.018562793731689453e-01
3.451167941093444824e-01
2.643964290618896484e-01
4.242908358573913574e-01
3.668800592422485352e-01
3.014043569564819336e-01
3.919905424118041992e-01
3.585613369941711426e-01
3.195964992046356201e-01
3.636825084686279297e-01
3.984100222587585449e-01
3.704451322555541992e-01
3.725604712963104248e-01
3.672466874122619629e-01
4.672633409500122070e-01
4.013721644878387451e-01
4.798556566238403320e-01
4.560905396938323975e-01
5.062032938003540039e-01
3.813831806182861328e-01
4.121988713741302490e-01
4.203475117683410645e-01
3.867898881435394287e-01
3.493627905845642090e-01
3.411856889724731445e-01
3.691806197166442871e-01
4.151690602302551270e-01
3.969281911849975586e-01
3.940434157848358154e-01
3.727081418037414551e-01
3.850508928298950195e-01
3.400633037090301514e-01
