9.961766004562377930e-01
9.970693588256835938e-01
9.985863566398620605e-01
6.561009287834167480e-01
9.846214652061462402e-01
9.987663626670837402e-01
4.852566719055175781e-01
7.445484995841979980e-01
9.955805540084838867e-01
9.956941008567810059e-01
9.976858496665954590e-01
9.995087981224060059e-01
9.998688101768493652e-01
9.998847842216491699e-01
9.987072944641113281e-01
9.982871413230895996e-01
9.994984865188598633e-01
9.998257160186767578e-01
9.998814463615417480e-01
9.585264921188354492e-01
9.979286193847656250e-01
9.996428489685058594e-01
9.998295903205871582e-01
9.998399615287780762e-01
9.999109506607055664e-01
9.999142289161682129e-01
9.999448657035827637e-01
9.999305605888366699e-01
9.998197555541992188e-01
9.998757839202880859e-01
9.999055266380310059e-01
9.999178051948547363e-01
9.999440312385559082e-01
9.999418854713439941e-01
9.999035596847534180e-01
9.998966455459594727e-01
9.999222755432128906e-01
9.997323155403137207e-01
9.993311166763305664e-01
9.992676377296447754e-01
9.734728932380676270e-01
3.187723755836486816e-01
5.827459692955017090e-01
7.692382931709289551e-01
9.939218759536743164e-01
6.547142863273620605e-01
6.871641278266906738e-01
9.978174567222595215e-01
8.404586911201477051e-01
9.992629289627075195e-01
9.996343851089477539e-01
9.996193051338195801e-01
9.997161030769348145e-01
9.996466636657714844e-01
9.996387362480163574e-01
9.998571276664733887e-01
9.993464350700378418e-01
9.991694092750549316e-01
9.997652769088745117e-01
9.997156262397766113e-01
9.995558261871337891e-01
9.993417859077453613e-01
9.997013211250305176e-01
9.997709393501281738e-01
9.982998967170715332e-01
9.973815083503723145e-01
9.991661906242370605e-01
9.988114237785339355e-01
9.992100596427917480e-01
9.987948536872863770e-01
9.996466636657714844e-01
9.968224167823791504e-01
9.962899684906005859e-01
9.980499744415283203e-01
9.961268901824951172e-01
9.992574453353881836e-01
9.964130520820617676e-01
9.989995360374450684e-01
9.978956580162048340e-01
9.977689981460571289e-01
9.995161890983581543e-01
9.990983605384826660e-01
9.991735219955444336e-01
9.978535771369934082e-01
9.989916086196899414e-01
9.998209476470947266e-01
9.995865821838378906e-01
9.996544718742370605e-01
9.995059370994567871e-01
9.979723095893859863e-01
9.962761998176574707e-01
9.991530776023864746e-01
9.996932744979858398e-01
9.996784925460815430e-01
9.995259642601013184e-01
9.986265301704406738e-01
9.996947050094604492e-01
9.988497495651245117e-01
9.993858933448791504e-01
9.995946288108825684e-01
9.994698762893676758e-01
9.986605048179626465e-01
9.968619942665100098e-01
9.991063475608825684e-01
9.992751479148864746e-01
9.991536140441894531e-01
9.992073178291320801e-01
9.988418817520141602e-01
9.725753068923950195e-01
9.753243327140808105e-01
9.916900992393493652e-01
9.844794869422912598e-01
9.991341233253479004e-01
9.990003705024719238e-01
9.988660812377929688e-01
9.996801018714904785e-01
9.989100098609924316e-01
9.902966022491455078e-01
9.982847571372985840e-01
9.981444478034973145e-01
9.954088926315307617e-01
9.996688365936279297e-01
9.994416236877441406e-01
9.995438456535339355e-01
9.982224702835083008e-01
9.862801432609558105e-01
9.919532537460327148e-01
9.956464767456054688e-01
9.797027111053466797e-01
9.921104311943054199e-01
9.968416690826416016e-01
9.987931251525878906e-01
9.844816923141479492e-01
9.637861847877502441e-01
9.556173086166381836e-01
9.966398477554321289e-01
9.828525185585021973e-01
9.966775774955749512e-01
9.955769777297973633e-01
9.838455319404602051e-01
9.799392819404602051e-01
9.781885743141174316e-01
9.818390011787414551e-01
9.647831320762634277e-01
9.919745922088623047e-01
9.898830056190490723e-01
9.857677221298217773e-01
9.703691005706787109e-01
9.840877652168273926e-01
4.116209745407104492e-01
6.385715007781982422e-01
5.866404771804809570e-01
4.286419153213500977e-01
3.240630626678466797e-01
9.319434165954589844e-01
6.910080313682556152e-01
8.123701214790344238e-01
7.387611269950866699e-01
7.898302078247070312e-01
3.626072108745574951e-01
6.643354892730712891e-01
7.855226993560791016e-01
5.288086533546447754e-01
6.648737192153930664e-01
6.807301640510559082e-01
7.012422680854797363e-01
3.441714942455291748e-01
4.327173829078674316e-01
4.058330059051513672e-01
3.464985489845275879e-01
2.783644199371337891e-01
3.985518217086791992e-01
2.734935283660888672e-01
5.478937327861785889e-01
3.258537650108337402e-01
3.476001620292663574e-01
3.431499600410461426e-01
3.888622522354125977e-01
2.836070656776428223e-01
2.767607569694519043e-01
2.104759812355041504e-01
3.217164278030395508e-01
2.784691154956817627e-01
2.535909712314605713e-01
3.130590915679931641e-01
3.849585056304931641e-01
2.200988084077835083e-01
5.007450282573699951e-01
3.592787384986877441e-01
3.577890396118164062e-01
3.341826200485229492e-01
3.230342268943786621e-01
3.121974468231201172e-01
3.529688715934753418e-01
4.353774785995483398e-01
3.165656924247741699e-01
3.794401884078979492e-01
3.824207782745361328e-01
3.884282708168029785e-01
3.364778161048889160e-01
5.629347264766693115e-01
4.942124485969543457e-01
3.710165023803710938e-01
4.047002196311950684e-01
4.021034836769104004e-01
4.009390473365783691e-01
3.992536664009094238e-01
