9.961766004562377930e-01
9.970693588256835938e-01
9.985863566398620605e-01
6.561009287834167480e-01
9.846214652061462402e-01
9.987663626670837402e-01
4.852566719055175781e-01
7.445484995841979980e-01
9.955805540084838867e-01
9.956941008567810059e-01
9.976858496665954590e-01
9.995087981224060059e-01
9.998688101768493652e-01
9.998847842216491699e-01
9.987072944641113281e-01
9.982871413230895996e-01
9.994984865188598633e-01
9.998257160186767578e-01
9.998814463615417480e-01
9.585264921188354492e-01
9.979286193847656250e-01
9.996428489685058594e-01
9.998295903205871582e-01
9.998399615287780762e-01
9.999109506607055664e-01
9.999142289161682129e-01
9.999448657035827637e-01
9.999305605888366699e-01
9.998197555541992188e-01
9.998757839202880859e-01
9.999055266380310059e-01
9.999178051948547363e-01
9.999440312385559082e-01
9.999418854713439941e-01
9.999035596847534180e-01
9.998966455459594727e-01
9.999222755432128906e-01
9.997323155403137207e-01
8.683731555938720703e-01
9.904291629791259766e-01
9.989987015724182129e-01
9.825883507728576660e-01
9.905800819396972656e-01
9.973142743110656738e-01
9.996053576469421387e-01
9.996979832649230957e-01
9.990172386169433594e-01
9.997535943984985352e-01
9.993377327919006348e-01
9.856435656547546387e-01
9.975343346595764160e-01
9.988993406295776367e-01
9.992375969886779785e-01
9.584004282951354980e-01
9.754232168197631836e-01
9.996722340583801270e-01
9.982621073722839355e-01
9.988239681115373969e-01
9.992357492446899414e-01
9.990543127059936523e-01
9.997918605804443359e-01
9.996630549430847168e-01
9.997849464416503906e-01
9.990674853324890137e-01
9.986423254013061523e-01
9.996826648712158203e-01
9.994910359382629395e-01
9.991240501403808594e-01
9.997202157974243164e-01
9.996732473373413086e-01
9.995563030242919922e-01
9.995232820510864258e-01
9.995001554489135742e-01
9.992275834083557129e-01
9.977958202362060547e-01
9.967572689056396484e-01
9.996098279953002930e-01
9.998140335083007812e-01
8.016629219055175781e-01
9.059218764305114746e-01
9.886221289634704590e-01
9.968391060829162598e-01
9.989643096923828125e-01
9.995915889739990234e-01
9.995554089546203613e-01
9.996263980865478516e-01
9.998322725296020508e-01
9.998061656951904297e-01
9.996578097343444824e-01
9.998230338096618652e-01
9.997162818908691406e-01
9.996232986450195312e-01
9.993728399276733398e-01
9.994542002677917480e-01
9.992352724075317383e-01
9.997709989547729492e-01
9.996939301490783691e-01
9.993900060653686523e-01
9.995055794715881348e-01
9.993228912353515625e-01
9.996116161346435547e-01
9.995320439338684082e-01
9.998409748077392578e-01
9.996388554573059082e-01
9.982129931449890137e-01
9.998138546943664551e-01
9.983678460121154785e-01
9.984278678894042969e-01
9.990325570106506348e-01
9.996761083602905273e-01
9.823111891746520996e-01
9.315212368965148926e-01
9.810014963150024414e-01
9.966388940811157227e-01
9.873361587524414062e-01
5.660775303840637207e-01
9.671158790588378906e-01
9.928056597709655762e-01
9.920068979263305664e-01
9.991610050201416016e-01
8.825208544731140137e-01
8.454414606094360352e-01
9.229192137718200684e-01
9.948451519012451172e-01
9.867378473281860352e-01
9.993347525596618652e-01
9.977334141731262207e-01
9.956539273262023926e-01
7.739782929420471191e-01
9.889477491378784180e-01
9.892867803573608398e-01
9.976310133934020996e-01
9.905179738998413086e-01
9.344580769538879395e-01
8.347941040992736816e-01
7.148576974868774414e-01
5.397539734840393066e-01
8.871623277664184570e-01
6.426871418952941895e-01
7.925617098808288574e-01
9.735243916511535645e-01
6.899729371070861816e-01
9.021741151809692383e-01
7.960450053215026855e-01
8.572696447372436523e-01
6.581333875656127930e-01
9.494625926017761230e-01
8.813169002532958984e-01
7.094121575355529785e-01
6.456627249717712402e-01
5.220090448856353760e-01
7.167595028877258301e-01
2.901503443717956543e-01
5.504536032676696777e-01
3.419226408004760742e-01
6.373808383941650391e-01
5.078235864639282227e-01
3.890711665153503418e-01
5.132532119750976562e-01
3.771290481090545654e-01
5.227329730987548828e-01
5.994123220443725586e-01
4.514648914337158203e-01
6.328524649143218994e-01
4.579741358757019043e-01
3.787932991981506348e-01
3.841258287429809570e-01
5.401433110237121582e-01
5.175029635429382324e-01
6.150055527687072754e-01
4.307620227336883545e-01
6.453545689582824707e-01
5.742933750152587891e-01
5.004155933856964111e-01
4.916840195655822754e-01
4.762634634971618652e-01
5.053433179855346680e-01
5.418446063995361328e-01
3.473296761512756348e-01
3.903192877769470215e-01
4.797733724117279053e-01
4.251629710197448730e-01
3.170011639595031738e-01
3.679668903350830078e-01
4.429067969322204590e-01
3.782648444175720215e-01
3.791041970252990723e-01
3.395767509937286377e-01
4.682444930076599121e-01
6.133600473403930664e-01
4.533515572547912598e-01
4.698187708854675293e-01
6.194210648536682129e-01
6.568272709846496582e-01
