9.961766004562377930e-01
2.928562760353088379e-01
4.109065532684326172e-01
8.505931496620178223e-01
9.950274825096130371e-01
9.988708496093750000e-01
9.985769391059875488e-01
9.988923072814941406e-01
9.909592270851135254e-01
9.864619374275207520e-01
9.960792660713195801e-01
9.994250535964965820e-01
9.998773932456970215e-01
9.986487627029418945e-01
9.978906512260437012e-01
9.995633959770202637e-01
9.993893504142761230e-01
9.998386502265930176e-01
9.998543262481689453e-01
9.998669028282165527e-01
9.998931884765625000e-01
9.998803734779357910e-01
9.988817572593688965e-01
9.996866583824157715e-01
9.999222755432128906e-01
9.999416470527648926e-01
9.999222755432128906e-01
9.988009333610534668e-01
9.998557567596435547e-01
9.999142289161682129e-01
9.999305009841918945e-01
9.998890757560729980e-01
9.998688101768493652e-01
9.999122619628906250e-01
9.999205470085144043e-01
9.999247193336486816e-01
9.999231696128845215e-01
9.997866153717041016e-01
9.998871088027954102e-01
9.998812675476074219e-01
9.961012601852416992e-01
6.795963943004608154e-01
9.908046126365661621e-01
9.301176741719245911e-01
9.829539060592651367e-01
9.982751607894897461e-01
7.508631050586700439e-01
3.797684311866760254e-01
7.688831388950347900e-01
9.907581806182861328e-01
9.990233182907104492e-01
9.995451569557189941e-01
9.995719194412231445e-01
9.997946619987487793e-01
9.994847178459167480e-01
9.992405176162719727e-01
9.996835589408874512e-01
9.996592402458190918e-01
9.997127652168273926e-01
9.997091889381408691e-01
9.998614788055419922e-01
9.995551109313964844e-01
9.988256692886352539e-01
9.995250701904296875e-01
9.994492530822753906e-01
9.995504617691040039e-01
9.994168281555175781e-01
9.993750452995300293e-01
9.997369647026062012e-01
9.974515438079833984e-01
9.983150362968444824e-01
9.992913007736206055e-01
9.984217286109924316e-01
9.982434511184692383e-01
9.984376430511474609e-01
9.997493028640747070e-01
9.962076544761657715e-01
3.263144493103027344e-01
9.913423657417297363e-01
9.992908239364624023e-01
9.981120228767395020e-01
9.995807409286499023e-01
9.964812994003295898e-01
9.996142387390136719e-01
9.998114705085754395e-01
9.996037483215332031e-01
9.998426437377929688e-01
9.997231364250183105e-01
9.889088273048400879e-01
9.985206723213195801e-01
9.995000958442687988e-01
9.996514916419982910e-01
9.996771216392517090e-01
9.990845322608947754e-01
9.994685053825378418e-01
9.994072318077087402e-01
9.994106888771057129e-01
9.993985295295715332e-01
9.992023110389709473e-01
9.993960857391357422e-01
9.994108676910400391e-01
9.986435174942016602e-01
9.975531697273254395e-01
9.995074868202209473e-01
9.996630549430847168e-01
9.983189702033996582e-01
9.995698928833007812e-01
9.990538358688354492e-01
9.923831224441528320e-01
9.926259517669677734e-01
9.977750182151794434e-01
9.967412948608398438e-01
9.989333152770996094e-01
9.996174573898315430e-01
9.993829131126403809e-01
9.994353652000427246e-01
9.994902610778808594e-01
9.967558979988098145e-01
9.989625215530395508e-01
9.997814893722534180e-01
9.994988441467285156e-01
9.997080564498901367e-01
9.995423555374145508e-01
9.985359907150268555e-01
9.984097480773925781e-01
9.961929917335510254e-01
9.970644116401672363e-01
9.953607320785522461e-01
9.968138337135314941e-01
9.961373209953308105e-01
9.971072673797607422e-01
9.979180693626403809e-01
9.944105744361877441e-01
9.974992275238037109e-01
9.948709607124328613e-01
9.854131340980529785e-01
9.914575815200805664e-01
9.163677692413330078e-01
9.874826669692993164e-01
9.708908200263977051e-01
9.361216425895690918e-01
9.736245274543762207e-01
9.705279171466827393e-01
9.799135327339172363e-01
9.818986058235168457e-01
9.863283634185791016e-01
9.792721271514892578e-01
9.033141136169433594e-01
9.559667706489562988e-01
7.957364320755004883e-01
6.186932921409606934e-01
7.661520838737487793e-01
8.590614795684814453e-01
7.650604248046875000e-01
6.832395792007446289e-01
7.087088227272033691e-01
8.492369651794433594e-01
8.118336200714111328e-01
8.366479873657226562e-01
7.291840314865112305e-01
7.915689945220947266e-01
6.345520615577697754e-01
7.247946262359619141e-01
8.397380113601684570e-01
8.898894786834716797e-01
7.840811610221862793e-01
8.199240565299987793e-01
6.773205995559692383e-01
5.371781289577484131e-01
4.054903388023376465e-01
3.981611728668212891e-01
5.873603224754333496e-01
5.390273034572601318e-01
7.402999997138977051e-01
6.698252558708190918e-01
6.673460602760314941e-01
6.007176041603088379e-01
5.757720470428466797e-01
4.576514363288879395e-01
5.664533972740173340e-01
6.580772995948791504e-01
6.393712759017944336e-01
5.980747640132904053e-01
6.019469499588012695e-01
5.323165059089660645e-01
6.465802788734436035e-01
5.208081603050231934e-01
7.739779949188232422e-01
8.072087764739990234e-01
7.312077879905700684e-01
6.227995157241821289e-01
7.278839349746704102e-01
6.485440433025360107e-01
5.722986161708831787e-01
4.716106057167053223e-01
4.918825626373291016e-01
4.928191304206848145e-01
4.742639660835266113e-01
5.647886395454406738e-01
6.605860590934753418e-01
5.120418965816497803e-01
6.596339941024780273e-01
6.889023184776306152e-01
7.902997285127639771e-01
5.901744663715362549e-01
4.426648616790771484e-01
4.848662912845611572e-01
5.137041509151458740e-01
5.155678987503051758e-01
5.442119240760803223e-01
5.919880270957946777e-01
5.958533585071563721e-01
5.958696305751800537e-01
5.198222398757934570e-01
4.140846729278564453e-01
5.050758719444274902e-01
4.808585047721862793e-01
4.793992638587951660e-01
6.022552549839019775e-01
4.148813486099243164e-01
