9.961766004562377930e-01
9.970693588256835938e-01
9.985863566398620605e-01
6.561009287834167480e-01
9.846214652061462402e-01
9.987663626670837402e-01
4.852566719055175781e-01
7.445484995841979980e-01
9.955805540084838867e-01
9.956941008567810059e-01
9.976858496665954590e-01
9.995087981224060059e-01
9.998688101768493652e-01
9.998847842216491699e-01
9.987072944641113281e-01
9.982871413230895996e-01
9.994984865188598633e-01
9.998257160186767578e-01
9.998814463615417480e-01
9.585264921188354492e-01
9.979286193847656250e-01
9.996428489685058594e-01
9.998295903205871582e-01
9.998399615287780762e-01
9.999109506607055664e-01
9.999142289161682129e-01
9.999448657035827637e-01
9.999305605888366699e-01
9.998197555541992188e-01
9.998757839202880859e-01
9.999055266380310059e-01
9.999178051948547363e-01
9.999440312385559082e-01
9.999418854713439941e-01
9.999035596847534180e-01
9.998966455459594727e-01
9.999222755432128906e-01
9.997323155403137207e-01
9.997758865356445312e-01
9.901246428489685059e-01
9.966226220130920410e-01
9.948576688766479492e-01
2.910800278186798096e-01
9.847886562347412109e-01
9.936051368713378906e-01
5.984860658645629883e-01
6.811127960681915283e-01
9.970920085906982422e-01
8.130511641502380371e-01
9.966064691543579102e-01
9.994557499885559082e-01
9.994562268257141113e-01
9.994963407516479492e-01
9.996379017829895020e-01
9.996462464332580566e-01
9.998562335968017578e-01
9.993669390678405762e-01
9.991765022277832031e-01
9.996645450592041016e-01
9.996390342712402344e-01
9.997009634971618652e-01
9.996718764305114746e-01
9.997915029525756836e-01
9.991891980171203613e-01
9.987176060676574707e-01
9.995476603507995605e-01
9.993477463722229004e-01
9.992846846580505371e-01
9.988283514976501465e-01
9.990516304969787598e-01
9.995953440666198730e-01
9.995206594467163086e-01
9.993271827697753906e-01
9.996982812881469727e-01
9.983595609664916992e-01
9.985908269882202148e-01
9.989604949951171875e-01
9.995703101158142090e-01
9.988708496093750000e-01
9.993690848350524902e-01
9.996410012245178223e-01
9.996498823165893555e-01
9.997522234916687012e-01
9.994063973426818848e-01
9.998070001602172852e-01
9.996148943901062012e-01
9.996777772903442383e-01
9.996536374092102051e-01
9.994910955429077148e-01
9.996096491813659668e-01
9.997334480285644531e-01
9.997195601463317871e-01
9.997202157974243164e-01
9.994503259658813477e-01
9.985966086387634277e-01
9.997417330741882324e-01
9.992462396621704102e-01
9.994494915008544922e-01
9.996009469032287598e-01
9.984359145164489746e-01
9.994100332260131836e-01
9.997448921203613281e-01
9.997565150260925293e-01
9.996817708015441895e-01
9.996068477630615234e-01
9.992156624794006348e-01
9.993529915809631348e-01
9.938126802444458008e-01
9.935757517814636230e-01
9.922701120376586914e-01
9.993029832839965820e-01
9.987409710884094238e-01
9.998255372047424316e-01
9.988539218902587891e-01
9.958803057670593262e-01
9.980139732360839844e-01
9.942797422409057617e-01
9.990133643150329590e-01
9.985986948013305664e-01
9.995011091232299805e-01
9.988611340522766113e-01
9.988011121749877930e-01
9.738424420356750488e-01
9.466431736946105957e-01
9.276601672172546387e-01
8.526003211736679077e-01
9.808347225189208984e-01
9.672103524208068848e-01
6.085215806961059570e-01
9.798234701156616211e-01
6.315775215625762939e-01
5.217530429363250732e-01
5.493168234825134277e-01
9.901030063629150391e-01
9.918003082275390625e-01
9.960702061653137207e-01
9.750418066978454590e-01
9.814050793647766113e-01
9.851953387260437012e-01
9.933695793151855469e-01
9.666003584861755371e-01
9.770644307136535645e-01
9.933738112449645996e-01
9.930812716484069824e-01
9.903959631919860840e-01
9.834855794906616211e-01
9.526733756065368652e-01
8.705238103866577148e-01
9.278339743614196777e-01
7.774216532707214355e-01
7.098309993743896484e-01
9.563928246498107910e-01
7.956293225288391113e-01
8.444249033927917480e-01
7.140774130821228027e-01
9.112494587898254395e-01
6.952252388000488281e-01
7.051865160465240479e-01
8.232107758522033691e-01
7.791530489921569824e-01
7.872800230979919434e-01
7.082656621932983398e-01
8.782414197921752930e-01
8.482027649879455566e-01
6.747357249259948730e-01
5.365652143955230713e-01
4.776088595390319824e-01
4.897397756576538086e-01
3.551499247550964355e-01
4.004771709442138672e-01
4.291595816612243652e-01
4.839614927768707275e-01
3.901981115341186523e-01
4.439134001731872559e-01
5.589490532875061035e-01
5.306244790554046631e-01
4.536724686622619629e-01
5.097686946392059326e-01
4.604671001434326172e-01
4.908811748027801514e-01
2.173846215009689331e-01
3.238727450370788574e-01
4.123294055461883545e-01
3.338071405887603760e-01
2.611941099166870117e-01
2.930897176265716553e-01
2.476989924907684326e-01
2.880595922470092773e-01
3.939798474311828613e-01
4.735121130943298340e-01
4.916872978210449219e-01
4.484516382217407227e-01
3.043596744537353516e-01
3.435755968093872070e-01
4.812174439430236816e-01
3.391506671905517578e-01
5.029014348983764648e-01
4.167283177375793457e-01
4.974966347217559814e-01
4.599768817424774170e-01
5.647408962249755859e-01
4.484590590000152588e-01
5.535307228565216064e-01
5.253772437572479248e-01
6.259278953075408936e-01
4.539305567741394043e-01
