9.961766004562377930e-01
9.970693588256835938e-01
4.997427463531494141e-01
5.682863593101501465e-01
9.958591461181640625e-01
9.985280632972717285e-01
9.986448287963867188e-01
9.990281462669372559e-01
9.996793270111083984e-01
9.998212456703186035e-01
9.899336099624633789e-01
9.988597035408020020e-01
9.998691082000732422e-01
9.983907938003540039e-01
9.983653426170349121e-01
9.994916319847106934e-01
9.993877410888671875e-01
9.998526573181152344e-01
9.998552203178405762e-01
9.998669028282165527e-01
9.990972876548767090e-01
9.982780814170837402e-01
9.998444914817810059e-01
9.998320937156677246e-01
9.999223351478576660e-01
9.999374151229858398e-01
9.999392628669738770e-01
9.999347329139709473e-01
9.998204112052917480e-01
9.998764395713806152e-01
9.999052286148071289e-01
9.999083280563354492e-01
9.999440312385559082e-01
9.999418854713439941e-01
9.999038577079772949e-01
9.998973011970520020e-01
9.999226331710815430e-01
9.997279047966003418e-01
9.907323122024536133e-01
9.902859330177307129e-01
9.989439249038696289e-01
9.996541738510131836e-01
9.930874705314636230e-01
9.916516542434692383e-01
9.996129274368286133e-01
9.996188879013061523e-01
9.912308454513549805e-01
9.997651576995849609e-01
9.946810603141784668e-01
9.994602799415588379e-01
9.972257614135742188e-01
8.491206169128417969e-01
9.537653923034667969e-01
9.962853193283081055e-01
9.702569320797920227e-01
9.480389952659606934e-01
9.424060583114624023e-01
9.923012852668762207e-01
9.929702281951904297e-01
9.603399038314819336e-01
9.866870641708374023e-01
9.981023669242858887e-01
9.989739060401916504e-01
9.843920469284057617e-01
9.748125672340393066e-01
9.952720999717712402e-01
9.939630627632141113e-01
9.959794282913208008e-01
9.948186874389648438e-01
9.989591836929321289e-01
9.910238385200500488e-01
9.829177260398864746e-01
9.990686178207397461e-01
9.990029931068420410e-01
9.964194297790527344e-01
9.818624854087829590e-01
9.740951657295227051e-01
9.994815587997436523e-01
9.994647502899169922e-01
9.983125329017639160e-01
9.598819017410278320e-01
8.730173408985137939e-01
9.793194532394409180e-01
9.933842420578002930e-01
9.953146576881408691e-01
9.935369491577148438e-01
9.976232647895812988e-01
9.973372817039489746e-01
9.595020413398742676e-01
9.781531095504760742e-01
9.977253079414367676e-01
9.983115196228027344e-01
9.985921382904052734e-01
9.972953200340270996e-01
9.962052702903747559e-01
9.806575179100036621e-01
9.962701797485351562e-01
9.952079453505575657e-01
9.979579448699951172e-01
9.978728890419006348e-01
9.978626966476440430e-01
9.973242282867431641e-01
9.985314011573791504e-01
9.973038434982299805e-01
9.995645284652709961e-01
9.764961004257202148e-01
9.781819581985473633e-01
9.991452693939208984e-01
9.993609189987182617e-01
9.976779818534851074e-01
9.855996370315551758e-01
9.399127364158630371e-01
7.393215298652648926e-01
8.098107576370239258e-01
9.989282488822937012e-01
9.925075769424438477e-01
9.734939932823181152e-01
8.593961596488952637e-01
9.073613882064819336e-01
9.800747036933898926e-01
9.534041881561279297e-01
9.939730167388916016e-01
9.959021210670471191e-01
9.777132868766784668e-01
9.540383219718933105e-01
9.835374411195516586e-01
9.776793718338012695e-01
9.199410453438758850e-01
6.366916298866271973e-01
7.109757661819458008e-01
8.176378011703491211e-01
7.379482388496398926e-01
7.393108010292053223e-01
6.243256032466888428e-01
9.256965517997741699e-01
7.310715317726135254e-01
8.137718439102172852e-01
8.853127956390380859e-01
9.723657369613647461e-01
7.360864877700805664e-01
9.452877044677734375e-01
9.381495118141174316e-01
9.635638594627380371e-01
9.491088986396789551e-01
9.037386178970336914e-01
9.901535054668784142e-01
8.081995993852615356e-01
8.999426960945129395e-01
8.857902288436889648e-01
7.432237565517425537e-01
5.758707225322723389e-01
6.104096770286560059e-01
4.857538938522338867e-01
2.384610176086425781e-01
2.750543653964996338e-01
2.725234627723693848e-01
3.585329055786132812e-01
6.487332582473754883e-01
4.738081097602844238e-01
7.455224394798278809e-01
7.173029780387878418e-01
6.034652590751647949e-01
6.963891983032226562e-01
5.416668951511383057e-01
5.133042633533477783e-01
4.562155008316040039e-01
4.927143454551696777e-01
4.908401072025299072e-01
5.747485756874084473e-01
5.686129331588745117e-01
4.657548069953918457e-01
4.911774992942810059e-01
5.536648035049438477e-01
5.789222121238708496e-01
3.215786814689636230e-01
4.852619767189025879e-01
3.946210145950317383e-01
4.018575251102447510e-01
2.721015810966491699e-01
4.223183393478393555e-01
3.269000649452209473e-01
4.038589298725128174e-01
4.388715624809265137e-01
3.598684668540954590e-01
4.907855391502380371e-01
3.415238261222839355e-01
4.393752813339233398e-01
3.813792467117309570e-01
5.107352733612060547e-01
4.007096290588378906e-01
5.837277770042419434e-01
6.150978207588195801e-01
5.178028345108032227e-01
4.821372032165527344e-01
4.746105074882507324e-01
6.686886548995971680e-01
6.333991885185241699e-01
5.445632934570312500e-01
6.550184488296508789e-01
5.914506912231445312e-01
5.082978904247283936e-01
6.686008274555206299e-01
4.530766010284423828e-01
6.023103296756744385e-01
5.037648081779479980e-01
4.825723469257354736e-01
5.856347382068634033e-01
4.645817875862121582e-01
4.303900003433227539e-01
4.722399413585662842e-01
