9.961766004562377930e-01
9.970693588256835938e-01
9.985863566398620605e-01
6.561008989810943604e-01
9.846214652061462402e-01
9.987663626670837402e-01
4.852566719055175781e-01
7.445484995841979980e-01
9.955805540084838867e-01
9.956941008567810059e-01
9.976858496665954590e-01
9.995087981224060059e-01
9.998688101768493652e-01
9.988949298858642578e-01
9.980537891387939453e-01
9.995019435882568359e-01
9.994032979011535645e-01
9.998383522033691406e-01
9.998545050621032715e-01
9.998666644096374512e-01
9.991444349288940430e-01
9.982780814170837402e-01
9.998444914817810059e-01
9.998291730880737305e-01
9.999231100082397461e-01
9.999374747276306152e-01
9.999262094497680664e-01
9.994128346443176270e-01
9.998719096183776855e-01
9.999049305915832520e-01
9.999081492424011230e-01
9.999170303344726562e-01
9.999417066574096680e-01
9.999031424522399902e-01
9.998953342437744141e-01
9.999220967292785645e-01
9.999186992645263672e-01
9.997808337211608887e-01
9.997560381889343262e-01
9.997566938400268555e-01
9.971131086349487305e-01
9.781440496444702148e-01
9.920223355293273926e-01
4.989010095596313477e-01
9.818003773689270020e-01
6.617988646030426025e-01
9.472340941429138184e-01
4.304287433624267578e-01
6.154012680053710938e-01
9.804166555404663086e-01
9.331920742988586426e-01
9.667103886604309082e-01
9.759476184844970703e-01
9.988017678260803223e-01
9.997675418853759766e-01
9.998422861099243164e-01
9.992436170578002930e-01
9.992375969886779785e-01
9.996408820152282715e-01
9.996071457862854004e-01
9.996810555458068848e-01
9.996623992919921875e-01
9.997875690460205078e-01
9.990811347961425781e-01
9.985806345939636230e-01
9.996752738952636719e-01
9.995994567871093750e-01
9.991596937179565430e-01
9.997364878654479980e-01
9.996909499168395996e-01
9.997678995132446289e-01
9.972943067550659180e-01
9.993789196014404297e-01
9.989976882934570312e-01
9.984673857688903809e-01
9.978576898574829102e-01
9.989932775497436523e-01
9.997852444648742676e-01
9.988209009170532227e-01
9.992529749870300293e-01
9.992018342018127441e-01
9.997608065605163574e-01
9.997305870056152344e-01
9.997486472129821777e-01
9.997936487197875977e-01
9.995300769805908203e-01
9.997560381889343262e-01
9.981734752655029297e-01
9.995344877243041992e-01
9.997310638427734375e-01
9.996949434280395508e-01
9.997261166572570801e-01
9.996756911277770996e-01
9.995110034942626953e-01
9.995988011360168457e-01
9.988856911659240723e-01
9.968147873878479004e-01
9.970034956932067871e-01
9.936305284500122070e-01
9.896639585494995117e-01
9.977099299430847168e-01
9.985414743423461914e-01
9.996830224990844727e-01
9.993982315063476562e-01
9.997292757034301758e-01
9.994221329689025879e-01
9.994230866432189941e-01
9.990999102592468262e-01
9.994403123855590820e-01
9.947441220283508301e-01
9.959766268730163574e-01
9.953594803810119629e-01
9.984264969825744629e-01
9.991112351417541504e-01
9.993574619293212891e-01
9.995997548103332520e-01
9.992651939392089844e-01
9.951745271682739258e-01
9.991298317909240723e-01
9.992154836654663086e-01
9.995833635330200195e-01
9.978954195976257324e-01
9.630172848701477051e-01
9.955316781997680664e-01
8.349894583225250244e-01
9.311785697937011719e-01
9.877306818962097168e-01
9.466765522956848145e-01
9.201570749282836914e-01
9.083306789398193359e-01
9.632652997970581055e-01
9.120438694953918457e-01
5.084356069564819336e-01
5.936485528945922852e-01
7.586790919303894043e-01
9.155718684196472168e-01
6.131263375282287598e-01
9.508606791496276855e-01
9.852595925331115723e-01
9.371501207351684570e-01
9.345569014549255371e-01
8.857201337814331055e-01
9.823444485664367676e-01
9.677975177764892578e-01
9.317007660865783691e-01
8.262443542480468750e-01
8.795118331909179688e-01
5.677928328514099121e-01
7.627192735671997070e-01
3.707855939865112305e-01
7.397190332412719727e-01
4.870942234992980957e-01
5.298370122909545898e-01
4.639676213264465332e-01
8.070950508117675781e-01
5.226662158966064453e-01
5.329889953136444092e-01
4.195284843444824219e-01
5.749843120574951172e-01
3.496441245079040527e-01
6.312763690948486328e-01
3.782393336296081543e-01
4.136793017387390137e-01
4.497217535972595215e-01
4.857065081596374512e-01
3.195520639419555664e-01
3.865240812301635742e-01
2.280878424644470215e-01
3.177244663238525391e-01
4.286347627639770508e-01
3.328076303005218506e-01
3.687868714332580566e-01
4.062664508819580078e-01
2.676976025104522705e-01
3.549334406852722168e-01
2.460786104202270508e-01
2.205283045768737793e-01
2.696311473846435547e-01
2.413845062255859375e-01
4.691233038902282715e-01
3.632620573043823242e-01
3.438774347305297852e-01
3.330704569816589355e-01
2.709199190139770508e-01
3.673378825187683105e-01
2.437056899070739746e-01
2.934026122093200684e-01
3.915300369262695312e-01
4.068078994750976562e-01
3.886629939079284668e-01
3.632236719131469727e-01
3.346477150917053223e-01
3.598046898841857910e-01
3.865704536437988281e-01
5.002227723598480225e-01
4.686254560947418213e-01
3.832156658172607422e-01
4.347819685935974121e-01
4.622769951820373535e-01
4.856886863708496094e-01
5.733695626258850098e-01
5.041717886924743652e-01
5.436315536499023438e-01
6.500438451766967773e-01
4.580606818199157715e-01
5.944944620132446289e-01
4.469991028308868408e-01
3.402432203292846680e-01
5.158165097236633301e-01
5.653875172138214111e-01
5.702897906303405762e-01
5.860158801078796387e-01
6.103275716304779053e-01
6.538893580436706543e-01
5.198025107383728027e-01
5.434966683387756348e-01
4.999887645244598389e-01
5.219244360923767090e-01
5.442392230033874512e-01
5.177506506443023682e-01
