9.961766004562377930e-01
9.970693588256835938e-01
9.985863566398620605e-01
6.561009287834167480e-01
9.846214652061462402e-01
9.987663626670837402e-01
4.852566719055175781e-01
7.445484995841979980e-01
9.955805540084838867e-01
9.956941008567810059e-01
9.976858496665954590e-01
9.995087981224060059e-01
9.998688101768493652e-01
9.998847842216491699e-01
9.987072944641113281e-01
9.982871413230895996e-01
9.994984865188598633e-01
9.998257160186767578e-01
9.998814463615417480e-01
9.585264921188354492e-01
9.979286193847656250e-01
9.996428489685058594e-01
9.998295903205871582e-01
9.998399615287780762e-01
9.999109506607055664e-01
9.999142289161682129e-01
9.999448657035827637e-01
9.999305605888366699e-01
9.998197555541992188e-01
9.998757839202880859e-01
9.999055266380310059e-01
9.999178051948547363e-01
9.999440312385559082e-01
9.998990893363952637e-01
9.998912811279296875e-01
9.999257326126098633e-01
9.999186992645263672e-01
9.997813701629638672e-01
9.997540116310119629e-01
9.997556209564208984e-01
9.973155856132507324e-01
9.767766594886779785e-01
9.916027784347534180e-01
5.381897985935211182e-01
9.823601245880126953e-01
9.994746446609497070e-01
9.300065636634826660e-01
9.833512902259826660e-01
8.249390125274658203e-01
9.969975948333740234e-01
9.989378452301025391e-01
9.994060993194580078e-01
9.995846152305603027e-01
9.994171261787414551e-01
9.996483922004699707e-01
9.998570680618286133e-01
9.993746876716613770e-01
9.991960525512695312e-01
9.996635913848876953e-01
9.996358156204223633e-01
9.997019171714782715e-01
9.996812343597412109e-01
9.997941255569458008e-01
9.991921186447143555e-01
9.987779855728149414e-01
9.995445609092712402e-01
9.993652105331420898e-01
9.992863535881042480e-01
9.988431334495544434e-01
9.993444085121154785e-01
9.997404217720031738e-01
9.989730119705200195e-01
9.977002739906311035e-01
9.992153048515319824e-01
9.993751645088195801e-01
9.978807568550109863e-01
9.871506690979003906e-01
9.995616078376770020e-01
9.991738796234130859e-01
9.930956363677978516e-01
9.982463121414184570e-01
9.956874251365661621e-01
9.979425072669982910e-01
9.984790086746215820e-01
9.993321299552917480e-01
9.993585944175720215e-01
9.993455410003662109e-01
9.995111823081970215e-01
9.995726346969604492e-01
9.996332526206970215e-01
9.992318153381347656e-01
9.960455298423767090e-01
9.997580051422119141e-01
9.990957975387573242e-01
9.995775222778320312e-01
9.992336034774780273e-01
9.986802339553833008e-01
9.995497465133666992e-01
9.992626905441284180e-01
9.996257424354553223e-01
9.996048212051391602e-01
9.992713928222656250e-01
9.997088909149169922e-01
9.986258149147033691e-01
9.964450597763061523e-01
9.994260668754577637e-01
9.996258616447448730e-01
9.988840818405151367e-01
9.992015361785888672e-01
9.967208504676818848e-01
9.799358844757080078e-01
9.989495277404785156e-01
9.985871911048889160e-01
9.981639981269836426e-01
9.991584420204162598e-01
9.992957711219787598e-01
9.988375306129455566e-01
9.935023188591003418e-01
9.980701804161071777e-01
9.946627160534262657e-01
9.992817640304565430e-01
9.994522929191589355e-01
9.986502528190612793e-01
9.976271986961364746e-01
8.918024078011512756e-01
9.322207570075988770e-01
9.900698065757751465e-01
9.897213578224182129e-01
9.315056204795837402e-01
9.660499095916748047e-01
9.884482622146606445e-01
9.982624650001525879e-01
9.355039596557617188e-01
4.882151186466217041e-01
9.739640355110168457e-01
9.668706655502319336e-01
9.191466569900512695e-01
9.505563974380493164e-01
9.945958256721496582e-01
8.809596896171569824e-01
9.526236653327941895e-01
9.436258673667907715e-01
9.842926263809204102e-01
9.810236692428588867e-01
9.686592221260070801e-01
9.779597520828247070e-01
6.503843665122985840e-01
8.603266477584838867e-01
4.136584699153900146e-01
2.737234830856323242e-01
2.010630816221237183e-01
7.563558071851730347e-01
6.075049638748168945e-01
7.338968515396118164e-01
9.166598320007324219e-01
7.129749059677124023e-01
7.816298007965087891e-01
7.525246739387512207e-01
7.882373929023742676e-01
5.635527968406677246e-01
4.247347712516784668e-01
7.567562609910964966e-01
5.154947638511657715e-01
5.842427611351013184e-01
4.335897564888000488e-01
4.579556584358215332e-01
3.159834742546081543e-01
4.939647316932678223e-01
4.354919791221618652e-01
3.549677729606628418e-01
4.073556959629058838e-01
4.422740638256072998e-01
4.898775517940521240e-01
3.062135577201843262e-01
3.540668487548828125e-01
2.929958701133728027e-01
3.014910221099853516e-01
2.973958253860473633e-01
1.987383365631103516e-01
2.969636917114257812e-01
2.973069548606872559e-01
4.022983312606811523e-01
3.393623530864715576e-01
4.125259518623352051e-01
3.638412356376647949e-01
2.740751504898071289e-01
3.103537559509277344e-01
3.594187796115875244e-01
4.156085252761840820e-01
3.972393870353698730e-01
4.866397380828857422e-01
5.210292339324951172e-01
3.809641599655151367e-01
3.741191327571868896e-01
4.125181138515472412e-01
4.795125424861907959e-01
2.740925848484039307e-01
4.399807751178741455e-01
3.983010351657867432e-01
4.986382126808166504e-01
4.069347977638244629e-01
3.848206996917724609e-01
3.983657360076904297e-01
4.316766858100891113e-01
4.926724433898925781e-01
4.271722733974456787e-01
3.767175078392028809e-01
4.220489859580993652e-01
3.723664879798889160e-01
3.963219523429870605e-01
4.527096152305603027e-01
4.033479094505310059e-01
4.063912034034729004e-01
