9.961766004562377930e-01
9.970693588256835938e-01
9.985863566398620605e-01
6.561009287834167480e-01
9.846214652061462402e-01
9.987663626670837402e-01
4.852566421031951904e-01
7.445484995841979980e-01
9.955805540084838867e-01
9.956941008567810059e-01
9.976858496665954590e-01
9.995087981224060059e-01
9.998688101768493652e-01
9.998847842216491699e-01
9.987072944641113281e-01
9.982871413230895996e-01
9.994984865188598633e-01
9.998257160186767578e-01
9.998814463615417480e-01
9.585264921188354492e-01
9.979286193847656250e-01
9.996428489685058594e-01
9.998295903205871582e-01
9.998399615287780762e-01
9.999109506607055664e-01
9.999142289161682129e-01
9.999448657035827637e-01
9.999305605888366699e-01
9.998197555541992188e-01
9.998757839202880859e-01
9.999055266380310059e-01
9.999178051948547363e-01
9.999440312385559082e-01
9.998990893363952637e-01
9.998912811279296875e-01
9.999257326126098633e-01
9.999186992645263672e-01
9.997813701629638672e-01
8.393104225397109985e-01
9.890288114547729492e-01
8.143429756164550781e-01
9.819319248199462891e-01
9.975158572196960449e-01
9.817714691162109375e-01
2.559532523155212402e-01
6.694835424423217773e-01
8.766629099845886230e-01
9.970613121986389160e-01
9.992248415946960449e-01
9.998041391372680664e-01
9.991780519485473633e-01
9.983969926834106445e-01
9.996408820152282715e-01
9.995966553688049316e-01
9.996735453605651855e-01
9.998491406440734863e-01
9.993481636047363281e-01
9.993063807487487793e-01
9.996758103370666504e-01
9.992687702178955078e-01
9.998360872268676758e-01
9.995875358581542969e-01
9.998358488082885742e-01
9.984446167945861816e-01
9.972552657127380371e-01
9.995563030242919922e-01
9.994685649871826172e-01
9.994920492172241211e-01
9.994258880615234375e-01
9.991788864135742188e-01
9.995828866958618164e-01
9.972301125526428223e-01
9.992712736129760742e-01
9.990035295486450195e-01
9.957374334335327148e-01
9.972969889640808105e-01
9.992238879203796387e-01
9.997744560241699219e-01
8.543650507926940918e-01
9.953444600105285645e-01
9.994247555732727051e-01
9.992848634719848633e-01
9.994566440582275391e-01
9.974750876426696777e-01
9.983955621719360352e-01
9.998125433921813965e-01
9.994792342185974121e-01
9.997387528419494629e-01
9.996845722198486328e-01
9.995905756950378418e-01
9.996505975723266602e-01
9.993224143981933594e-01
9.996372461318969727e-01
9.994282126426696777e-01
9.994492530822753906e-01
9.996349215507507324e-01
9.995658397674560547e-01
9.979828596115112305e-01
9.981111884117126465e-01
9.945960044860839844e-01
9.994897246360778809e-01
9.995499253273010254e-01
9.970925450325012207e-01
9.994239211082458496e-01
9.990124702453613281e-01
9.927558898925781250e-01
9.964457154273986816e-01
9.996497631072998047e-01
9.986013174057006836e-01
9.979249835014343262e-01
9.992401599884033203e-01
9.985108375549316406e-01
9.987258315086364746e-01
9.995046257972717285e-01
9.985157847404479980e-01
9.998352527618408203e-01
9.979902505874633789e-01
9.957736134529113770e-01
9.991830587387084961e-01
9.991862177848815918e-01
9.993873238563537598e-01
9.487681984901428223e-01
7.416520118713378906e-01
9.979507327079772949e-01
9.754788279533386230e-01
8.858183026313781738e-01
9.926522970199584961e-01
9.951760172843933105e-01
9.969729781150817871e-01
9.983223676681518555e-01
9.974327087402343750e-01
9.994714856147766113e-01
9.557905793190002441e-01
9.429190158843994141e-01
9.352019429206848145e-01
9.670578241348266602e-01
9.923918247222900391e-01
9.934377074241638184e-01
9.974911212921142578e-01
9.938350915908813477e-01
9.784960150718688965e-01
9.911525845527648926e-01
9.834734201431274414e-01
9.496362805366516113e-01
7.071755528450012207e-01
6.663199663162231445e-01
8.069029450416564941e-01
6.474474072456359863e-01
5.224280357360839844e-01
6.279281377792358398e-01
4.854246377944946289e-01
2.678784132003784180e-01
5.035095214843750000e-01
6.946127414703369141e-01
5.323897898197174072e-01
5.536268055438995361e-01
3.874962627887725830e-01
4.883542060852050781e-01
5.550891160964965820e-01
2.947155237197875977e-01
4.829550385475158691e-01
4.925645589828491211e-01
4.827935695648193359e-01
3.359776139259338379e-01
3.513772487640380859e-01
2.795768976211547852e-01
2.817544341087341309e-01
3.008765578269958496e-01
3.526233434677124023e-01
5.433978438377380371e-01
3.730128407478332520e-01
4.102776646614074707e-01
3.454861342906951904e-01
3.984747827053070068e-01
3.414173722267150879e-01
3.622118830680847168e-01
2.759008109569549561e-01
3.209320902824401855e-01
3.551316261291503906e-01
3.492249846458435059e-01
2.190209627151489258e-01
3.046890497207641602e-01
3.285347223281860352e-01
3.161226511001586914e-01
4.164080023765563965e-01
3.222812712192535400e-01
3.091272115707397461e-01
3.616335391998291016e-01
2.936090826988220215e-01
4.844792485237121582e-01
2.996714711189270020e-01
4.405416250228881836e-01
4.419336915016174316e-01
4.322554469108581543e-01
3.546764850616455078e-01
3.909451365470886230e-01
3.345015347003936768e-01
