9.961766004562377930e-01
9.970693588256835938e-01
9.985863566398620605e-01
9.985475540161132812e-01
9.996557831764221191e-01
9.997925162315368652e-01
9.997665286064147949e-01
9.977559447288513184e-01
9.526036977767944336e-01
9.865272045135498047e-01
9.954460263252258301e-01
9.994695186614990234e-01
9.998782873153686523e-01
9.986348748207092285e-01
9.983296990394592285e-01
9.995701909065246582e-01
9.994032979011535645e-01
9.998399615287780762e-01
9.998552799224853516e-01
9.998674392700195312e-01
9.990633130073547363e-01
9.981633424758911133e-01
9.995137453079223633e-01
9.998294711112976074e-01
9.999225735664367676e-01
9.999373555183410645e-01
9.998974800109863281e-01
9.999075531959533691e-01
9.999225735664367676e-01
9.999395608901977539e-01
9.998909831047058105e-01
9.998785853385925293e-01
9.999203681945800781e-01
9.999205470085144043e-01
9.999247193336486816e-01
9.999168515205383301e-01
9.999395012855529785e-01
9.996351003646850586e-01
6.241776943206787109e-01
9.896347522735595703e-01
9.971109628677368164e-01
5.999823510646820068e-01
9.860696196556091309e-01
5.565393567085266113e-01
9.795613884925842285e-01
5.897113680839538574e-01
6.806219816207885742e-01
9.932167530059814453e-01
9.914047122001647949e-01
9.995573163032531738e-01
9.994277954101562500e-01
9.998382925987243652e-01
9.994029998779296875e-01
9.990851283073425293e-01
9.996334910392761230e-01
9.995984435081481934e-01
9.996854066848754883e-01
9.996666312217712402e-01
9.996617436408996582e-01
9.998608827590942383e-01
9.993916749954223633e-01
9.992079734802246094e-01
9.996584057807922363e-01
9.995859861373901367e-01
9.990877509117126465e-01
9.996982812881469727e-01
9.998275041580200195e-01
9.997471570968627930e-01
9.975585341453552246e-01
9.985036849975585938e-01
9.937409758567810059e-01
9.977442622184753418e-01
9.987959861755371094e-01
9.964392185211181641e-01
9.971198439598083496e-01
9.987601041793823242e-01
8.407846689224243164e-01
9.825199246406555176e-01
9.989637732505798340e-01
9.967826008796691895e-01
9.989563822746276855e-01
9.995318651199340820e-01
9.770174026489257812e-01
9.953361749649047852e-01
9.988421797752380371e-01
9.991317391395568848e-01
9.992831349372863770e-01
9.993842840194702148e-01
9.993419647216796875e-01
9.998430609703063965e-01
9.993855357170104980e-01
9.997692108154296875e-01
9.997204542160034180e-01
9.996854066848754883e-01
9.995080232620239258e-01
9.981598258018493652e-01
9.996941089630126953e-01
9.997249245643615723e-01
9.995554089546203613e-01
9.994584918022155762e-01
9.991582632064819336e-01
9.997895359992980957e-01
9.993186593055725098e-01
9.997379779815673828e-01
9.990627169609069824e-01
9.974933266639709473e-01
9.906652569770812988e-01
9.989706873893737793e-01
9.939883351325988770e-01
9.989828467369079590e-01
9.987254738807678223e-01
9.996678233146667480e-01
9.993017911911010742e-01
9.953101277351379395e-01
9.990435838699340820e-01
9.984146952629089355e-01
9.979223608970642090e-01
9.900140166282653809e-01
9.992713928222656250e-01
9.995801448822021484e-01
9.992161393165588379e-01
9.703263044357299805e-01
9.338612556457519531e-01
9.984744191169738770e-01
9.806494116783142090e-01
9.497172832489013672e-01
9.914975166320800781e-01
9.952457547187805176e-01
9.931672215461730957e-01
9.590502977371215820e-01
9.853873848915100098e-01
9.974027276039123535e-01
9.945707917213439941e-01
9.935377240180969238e-01
9.859946966171264648e-01
9.975373148918151855e-01
9.528487324714660645e-01
9.959099292755126953e-01
9.506306648254394531e-01
9.891536235809326172e-01
9.453374147415161133e-01
9.912114739418029785e-01
9.889753460884094238e-01
9.907618761062622070e-01
9.691958427429199219e-01
9.784419536590576172e-01
8.882225751876831055e-01
8.186280727386474609e-01
6.148292422294616699e-01
6.140867471694946289e-01
5.876559615135192871e-01
6.810617446899414062e-01
7.624791264533996582e-01
7.683842778205871582e-01
4.697663784027099609e-01
6.146942973136901855e-01
6.084558367729187012e-01
5.169706344604492188e-01
6.815398633480072021e-01
3.625148534774780273e-01
6.062974333763122559e-01
3.482298851013183594e-01
6.922858357429504395e-01
3.378518223762512207e-01
6.330401897430419922e-01
4.481054544448852539e-01
4.787085652351379395e-01
4.316148161888122559e-01
4.860152602195739746e-01
2.686439156532287598e-01
4.161815047264099121e-01
4.134207665920257568e-01
2.758648991584777832e-01
3.951429724693298340e-01
4.668342769145965576e-01
3.524844944477081299e-01
3.806643784046173096e-01
4.976852536201477051e-01
3.670312762260437012e-01
3.112275004386901855e-01
2.098667025566101074e-01
3.180790245532989502e-01
2.976472377777099609e-01
3.123003840446472168e-01
3.385007679462432861e-01
2.768844962120056152e-01
2.773722112178802490e-01
2.103250026702880859e-01
3.255744278430938721e-01
2.726032137870788574e-01
4.496619701385498047e-01
3.948770165443420410e-01
3.589354157447814941e-01
3.583551645278930664e-01
3.592287898063659668e-01
4.208064675331115723e-01
3.612381219863891602e-01
4.664565920829772949e-01
3.137462139129638672e-01
4.010541439056396484e-01
3.582522273063659668e-01
3.089091181755065918e-01
3.874252438545227051e-01
3.474221527576446533e-01
3.239265680313110352e-01
3.561588525772094727e-01
3.473002016544342041e-01
