9.961766004562377930e-01
2.928562760353088379e-01
4.109065532684326172e-01
8.505931496620178223e-01
9.950274825096130371e-01
9.988708496093750000e-01
5.628299415111541748e-01
6.676136255264282227e-01
9.964333772659301758e-01
9.957265853881835938e-01
9.970041573978960514e-01
9.995087981224060059e-01
9.998688101768493652e-01
9.998847842216491699e-01
9.987072944641113281e-01
9.981560707092285156e-01
9.994923472404479980e-01
9.998260140419006348e-01
9.998813867568969727e-01
9.631966352462768555e-01
9.979286193847656250e-01
9.996344447135925293e-01
9.998296499252319336e-01
9.998421072959899902e-01
9.999101161956787109e-01
9.999140501022338867e-01
9.999448657035827637e-01
9.999305605888366699e-01
9.998207688331604004e-01
9.998749494552612305e-01
9.999300837516784668e-01
9.998927712440490723e-01
9.998977780342102051e-01
9.999200105667114258e-01
9.999199509620666504e-01
9.999278783798217773e-01
9.999235868453979492e-01
9.997517466545104980e-01
8.551200628280639648e-01
9.887400269508361816e-01
9.989250898361206055e-01
9.282317161560058594e-01
9.941038489341735840e-01
9.837737679481506348e-01
2.540723085403442383e-01
5.920784473419189453e-01
9.466837644577026367e-01
7.951713949441909790e-01
6.757181286811828613e-01
9.940427541732788086e-01
9.995129704475402832e-01
9.994790554046630859e-01
9.996372461318969727e-01
9.998365044593811035e-01
9.994056224822998047e-01
9.991435408592224121e-01
9.996436834335327148e-01
9.996157288551330566e-01
9.996876120567321777e-01
9.996797442436218262e-01
9.998524785041809082e-01
9.994844794273376465e-01
9.986399412155151367e-01
9.995246529579162598e-01
9.994450807571411133e-01
9.995605945587158203e-01
9.995458722114562988e-01
9.994207024574279785e-01
9.997418522834777832e-01
9.976355433464050293e-01
9.983861446380615234e-01
9.993217587471008301e-01
9.994471669197082520e-01
9.987890720367431641e-01
9.938933849334716797e-01
9.989950656890869141e-01
9.378859400749206543e-01
8.415341228246688843e-01
9.527154564857482910e-01
9.986733198165893555e-01
9.993177652359008789e-01
9.992861747741699219e-01
9.992534518241882324e-01
9.997621178627014160e-01
9.997075200080871582e-01
9.996193051338195801e-01
9.998087286949157715e-01
9.996703863143920898e-01
9.997870922088623047e-01
9.996318221092224121e-01
9.984118938446044922e-01
9.996122717857360840e-01
9.994900822639465332e-01
9.995714426040649414e-01
9.997108578681945801e-01
9.970114827156066895e-01
9.996765851974487305e-01
9.985782504081726074e-01
9.997565150260925293e-01
9.990271329879760742e-01
9.991063475608825684e-01
9.991462230682373047e-01
9.995303750038146973e-01
9.994619488716125488e-01
9.947915077209472656e-01
9.991233944892883301e-01
9.903973340988159180e-01
9.802038669586181641e-01
9.989044666290283203e-01
9.975048303604125977e-01
9.981280565261840820e-01
9.993608593940734863e-01
9.990554451942443848e-01
9.997806549072265625e-01
9.992938041687011719e-01
9.942014217376708984e-01
9.941624999046325684e-01
9.988077282905578613e-01
9.993153214454650879e-01
9.997712373733520508e-01
9.984092116355895996e-01
9.077008962631225586e-01
9.839227199554443359e-01
9.420616626739501953e-01
9.982330799102783203e-01
9.853030443191528320e-01
9.579153060913085938e-01
9.795955419540405273e-01
9.904643893241882324e-01
9.976137280464172363e-01
9.965765476226806641e-01
8.248953223228454590e-01
9.428287744522094727e-01
7.797169089317321777e-01
9.558422565460205078e-01
9.977294206619262695e-01
9.892140030860900879e-01
9.878299236297607422e-01
9.973827600479125977e-01
9.868689775466918945e-01
9.950963854789733887e-01
9.904478788375854492e-01
9.780649542808532715e-01
9.880724549293518066e-01
9.683164060115814209e-01
9.765173792839050293e-01
7.866310924291610718e-01
8.869647979736328125e-01
7.493750452995300293e-01
7.360460162162780762e-01
7.861154079437255859e-01
7.731536030769348145e-01
9.477256536483764648e-01
9.156354665756225586e-01
9.134012386202812195e-01
8.251593410968780518e-01
6.924812793731689453e-01
6.891745030879974365e-01
6.334648132324218750e-01
7.743309289216995239e-01
8.267273902893066406e-01
8.291407823562622070e-01
8.773752450942993164e-01
6.925984621047973633e-01
4.026321172714233398e-01
4.164839386940002441e-01
2.483923286199569702e-01
3.964460492134094238e-01
6.409149169921875000e-01
4.180853962898254395e-01
4.433785080909729004e-01
4.236171841621398926e-01
4.073342382907867432e-01
3.836412429809570312e-01
3.240258693695068359e-01
4.404194951057434082e-01
3.107088208198547363e-01
2.666118144989013672e-01
3.288384974002838135e-01
3.322255611419677734e-01
2.934624552726745605e-01
4.077978134155273438e-01
3.404644727706909180e-01
3.145288825035095215e-01
2.969877719879150391e-01
2.707673907279968262e-01
2.764989137649536133e-01
3.183023929595947266e-01
4.569374620914459229e-01
3.073349893093109131e-01
4.385800957679748535e-01
4.575067162513732910e-01
3.689969182014465332e-01
4.717866182327270508e-01
3.857344388961791992e-01
3.882346153259277344e-01
3.941229879856109619e-01
4.070379137992858887e-01
4.003672599792480469e-01
4.874016642570495605e-01
4.310123920440673828e-01
3.589991927146911621e-01
4.224522113800048828e-01
4.235582351684570312e-01
4.224893748760223389e-01
3.608260154724121094e-01
3.525258898735046387e-01
3.620617985725402832e-01
3.298625946044921875e-01
4.230842590332031250e-01
4.127820730209350586e-01
