9.961766004562377930e-01
9.970693588256835938e-01
4.997427463531494141e-01
5.682863593101501465e-01
9.958591461181640625e-01
9.985280632972717285e-01
6.148992180824279785e-01
6.979869604110717773e-01
9.952147006988525391e-01
9.967195391654968262e-01
9.970041513442993164e-01
9.995087981224060059e-01
9.998688101768493652e-01
9.998848438262939453e-01
9.987072944641113281e-01
9.982758164405822754e-01
9.994968175888061523e-01
9.998260140419006348e-01
9.998820424079895020e-01
9.633339047431945801e-01
9.978017807006835938e-01
9.996408820152282715e-01
9.998307824134826660e-01
9.998425841331481934e-01
9.999104738235473633e-01
9.999142885208129883e-01
9.999451041221618652e-01
9.999305605888366699e-01
9.999287724494934082e-01
9.998869299888610840e-01
9.998664259910583496e-01
9.999426603317260742e-01
9.998940825462341309e-01
9.998931884765625000e-01
9.999257922172546387e-01
9.999182224273681641e-01
9.999281764030456543e-01
9.997556805610656738e-01
9.997519254684448242e-01
9.917011857032775879e-01
9.965087175369262695e-01
9.997944235801696777e-01
9.786630272865295410e-01
9.910734295845031738e-01
9.996817708015441895e-01
9.982941746711730957e-01
9.997196793556213379e-01
9.895005822181701660e-01
9.959719777107238770e-01
9.979261159896850586e-01
8.363736867904663086e-01
9.516856074333190918e-01
9.493520855903625488e-01
9.934815764427185059e-01
9.997326731681823730e-01
9.438739418983459473e-01
9.541444182395935059e-01
9.986271262168884277e-01
9.967107176780700684e-01
9.996291995048522949e-01
9.994539022445678711e-01
9.998256564140319824e-01
9.990175366401672363e-01
9.981511235237121582e-01
9.993793368339538574e-01
9.993694424629211426e-01
9.994738101959228516e-01
9.990954995155334473e-01
9.991009831428527832e-01
9.997425675392150879e-01
9.990363121032714844e-01
9.988126754760742188e-01
9.998439550399780273e-01
9.993464350700378418e-01
9.991309046745300293e-01
9.996224641799926758e-01
9.998575448989868164e-01
9.996390342712402344e-01
9.704981166869401932e-01
8.241413235664367676e-01
8.678953647613525391e-01
9.960706830024719238e-01
9.993959069252014160e-01
9.996697902679443359e-01
9.997803568840026855e-01
9.995270371437072754e-01
9.997716546058654785e-01
9.997360706329345703e-01
9.996719360351562500e-01
9.997811913490295410e-01
9.997115135192871094e-01
9.996104836463928223e-01
9.997152090072631836e-01
9.989651441574096680e-01
9.997823238372802734e-01
9.997056722640991211e-01
9.998439550399780273e-01
9.995486140251159668e-01
9.969289898872375488e-01
9.909335970878601074e-01
9.971312880516052246e-01
9.996792674064636230e-01
9.985371232032775879e-01
9.996106624603271484e-01
9.149572849273681641e-01
9.977922439575195312e-01
9.970226883888244629e-01
9.995711445808410645e-01
9.995096921920776367e-01
9.751846790313720703e-01
7.329672574996948242e-01
9.981069564819335938e-01
9.994667768478393555e-01
5.963755846023559570e-01
9.626610279083251953e-01
9.987957477569580078e-01
9.526785016059875488e-01
8.862797617912292480e-01
9.769357442855834961e-01
9.298157691955566406e-01
9.972645640373229980e-01
9.994502663612365723e-01
9.215151667594909668e-01
7.362850308418273926e-01
9.880384802818298340e-01
8.441908359527587891e-01
9.922029972076416016e-01
9.995389580726623535e-01
9.566996097564697266e-01
7.333167493343353271e-01
9.852946400642395020e-01
9.979411959648132324e-01
9.881775975227355957e-01
7.450342178344726562e-01
9.886396527290344238e-01
9.976665973663330078e-01
6.372569203376770020e-01
9.698191285133361816e-01
9.892700910568237305e-01
8.646047711372375488e-01
9.230366945266723633e-01
9.346259832382202148e-01
9.184479117393493652e-01
9.754218459129333496e-01
8.618212938308715820e-01
9.514713883399963379e-01
8.970364928245544434e-01
9.420318603515625000e-01
9.301613569259643555e-01
7.400254011154174805e-01
8.725774884223937988e-01
5.298555493354797363e-01
7.516372799873352051e-01
4.095004796981811523e-01
7.300062179565429688e-01
8.625844717025756836e-01
8.187662512063980103e-01
9.511556029319763184e-01
9.699279665946960449e-01
9.102042317390441895e-01
9.528855085372924805e-01
9.745690822601318359e-01
9.899457097053527832e-01
8.748162388801574707e-01
8.014793395996093750e-01
8.145107030868530273e-01
6.426725387573242188e-01
8.502039909362792969e-01
4.962142705917358398e-01
6.943089962005615234e-01
8.863938450813293457e-01
8.179951310157775879e-01
7.936848849058151245e-01
8.525594919919967651e-01
9.678500890731811523e-01
8.692423105239868164e-01
8.932935595512390137e-01
8.676818013191223145e-01
9.091220498085021973e-01
7.989754676818847656e-01
8.832404538989067078e-01
9.563791155815124512e-01
9.310704469680786133e-01
9.378198832273483276e-01
9.050698280334472656e-01
8.164045214653015137e-01
6.957404017448425293e-01
7.842853069305419922e-01
7.198611497879028320e-01
6.047045588493347168e-01
9.177395105361938477e-01
7.331722378730773926e-01
8.458833098411560059e-01
7.572224587202072144e-01
7.866299152374267578e-01
6.644012331962585449e-01
6.601573228836059570e-01
7.638048529624938965e-01
7.472195625305175781e-01
7.051826119422912598e-01
6.894786357879638672e-01
6.752440929412841797e-01
6.280303001403808594e-01
5.558386445045471191e-01
5.458723008632659912e-01
4.616082906723022461e-01
5.162217319011688232e-01
5.312629938125610352e-01
3.458413481712341309e-01
3.572776913642883301e-01
3.918119668960571289e-01
2.897388339042663574e-01
4.228763282299041748e-01
3.164530396461486816e-01
4.152153134346008301e-01
3.156413733959197998e-01
3.587751388549804688e-01
3.980305194854736328e-01
2.918953895568847656e-01
3.982667326927185059e-01
3.226516246795654297e-01
3.385847806930541992e-01
3.127882480621337891e-01
2.835789322853088379e-01
3.279246687889099121e-01
4.559758901596069336e-01
3.005123734474182129e-01
3.814146518707275391e-01
3.972907662391662598e-01
3.576070368289947510e-01
3.143605589866638184e-01
3.989316821098327637e-01
4.146774411201477051e-01
3.677353262901306152e-01
3.230211734771728516e-01
3.096488118171691895e-01
3.210645914077758789e-01
