9.961766004562377930e-01
9.970693588256835938e-01
9.985863566398620605e-01
9.985475540161132812e-01
9.996557831764221191e-01
9.997925162315368652e-01
9.997665286064147949e-01
9.977559447288513184e-01
9.994528889656066895e-01
9.998061656951904297e-01
9.997804760932922363e-01
9.998162984848022461e-01
9.999057650566101074e-01
9.998326301574707031e-01
9.963160157203674316e-01
9.987812042236328125e-01
9.993768334388732910e-01
9.998184442520141602e-01
9.998601675033569336e-01
9.710538387298583984e-01
9.985268115997314453e-01
9.995718002319335938e-01
9.994202852249145508e-01
9.998387098312377930e-01
9.999096989631652832e-01
9.999387264251708984e-01
9.999118447303771973e-01
9.998955130577087402e-01
9.999218583106994629e-01
9.999395012855529785e-01
9.998896718025207520e-01
9.998860359191894531e-01
9.999197125434875488e-01
9.999201297760009766e-01
9.999240040779113770e-01
9.999225735664367676e-01
9.999392628669738770e-01
9.996856451034545898e-01
9.995445609092712402e-01
9.997399449348449707e-01
9.877383708953857422e-01
9.372234940528869629e-01
4.206763505935668945e-01
3.187262415885925293e-01
8.900706171989440918e-01
5.241585373878479004e-01
4.775765240192413330e-01
8.319274783134460449e-01
8.785635828971862793e-01
9.994165301322937012e-01
9.996280670166015625e-01
9.998334050178527832e-01
9.993880391120910645e-01
9.990085363388061523e-01
9.996213316917419434e-01
9.995946884155273438e-01
9.996671080589294434e-01
9.996556639671325684e-01
9.996538162231445312e-01
9.998599886894226074e-01
9.993752241134643555e-01
9.992000460624694824e-01
9.994557499885559082e-01
9.993873238563537598e-01
9.995383024215698242e-01
9.995055794715881348e-01
9.997675418853759766e-01
9.992474913597106934e-01
9.985141158103942871e-01
9.991997480392456055e-01
9.987399578094482422e-01
9.991714358329772949e-01
9.983949065208435059e-01
9.981177449226379395e-01
9.995797276496887207e-01
9.995688199996948242e-01
9.997030496597290039e-01
9.990124702453613281e-01
9.995435476303100586e-01
9.994207620620727539e-01
9.997426867485046387e-01
9.997189044952392578e-01
9.988940954208374023e-01
9.994015097618103027e-01
9.997067451477050781e-01
9.994384646415710449e-01
9.985758066177368164e-01
9.954534173011779785e-01
9.973496794700622559e-01
9.996926188468933105e-01
9.956644177436828613e-01
9.987176656723022461e-01
9.989555478096008301e-01
9.991178512573242188e-01
9.927057027816772461e-01
9.977139830589294434e-01
9.992319345474243164e-01
9.995558857917785645e-01
9.995715022087097168e-01
9.994968771934509277e-01
9.997017383575439453e-01
9.997310042381286621e-01
9.998418092727661133e-01
9.995250701904296875e-01
9.993148446083068848e-01
9.998009204864501953e-01
9.996476173400878906e-01
9.996848106384277344e-01
9.979876279830932617e-01
9.847545027732849121e-01
9.865521192550659180e-01
9.989851713180541992e-01
9.991727471351623535e-01
9.953612089157104492e-01
9.993224143981933594e-01
9.992154836654663086e-01
9.994628429412841797e-01
9.996248483657836914e-01
9.990876913070678711e-01
9.997122883796691895e-01
9.980387687683105469e-01
9.934769868850708008e-01
9.989491701126098633e-01
9.992305040359497070e-01
9.973431825637817383e-01
9.561475515365600586e-01
8.687021732330322266e-01
9.386528730392456055e-01
9.280778765678405762e-01
9.130646586418151855e-01
9.722138047218322754e-01
9.915153980255126953e-01
9.962301850318908691e-01
9.963807463645935059e-01
9.958716034889221191e-01
9.981058239936828613e-01
9.840806722640991211e-01
9.967576265335083008e-01
9.757819175720214844e-01
9.978442788124084473e-01
9.804869294166564941e-01
9.931155443191528320e-01
9.961847066879272461e-01
9.882406592369079590e-01
9.909753203392028809e-01
9.827135801315307617e-01
9.921612143516540527e-01
9.655732512474060059e-01
9.795889854431152344e-01
8.500371575355529785e-01
7.855590581893920898e-01
8.870583772659301758e-01
4.182487130165100098e-01
7.259493470191955566e-01
8.729327321052551270e-01
8.770545721054077148e-01
8.172526955604553223e-01
9.772739410400390625e-01
9.842879176139831543e-01
8.933194875717163086e-01
8.305469155311584473e-01
6.738049983978271484e-01
9.218686223030090332e-01
7.102721333503723145e-01
8.576293885707855225e-01
8.828178644180297852e-01
9.021445512771606445e-01
8.918207287788391113e-01
8.470479846000671387e-01
7.848372459411621094e-01
5.915372371673583984e-01
4.645342826843261719e-01
3.685252070426940918e-01
5.522838532924652100e-01
4.620540738105773926e-01
6.623779535293579102e-01
5.569076538085937500e-01
5.348864793777465820e-01
4.900783002376556396e-01
4.793855547904968262e-01
3.678582310676574707e-01
4.575026035308837891e-01
5.247262120246887207e-01
4.587754905223846436e-01
4.630378484725952148e-01
4.675590693950653076e-01
4.797079563140869141e-01
5.724456906318664551e-01
5.027976036071777344e-01
5.431832969188690186e-01
5.406189560890197754e-01
4.655026197433471680e-01
5.000810027122497559e-01
5.191220939159393311e-01
5.259785652160644531e-01
5.521011948585510254e-01
4.709696173667907715e-01
4.372687339782714844e-01
4.659074246883392334e-01
6.150699853897094727e-01
4.771340489387512207e-01
6.199054718017578125e-01
6.283078789710998535e-01
6.013782620429992676e-01
5.558065176010131836e-01
4.850566387176513672e-01
6.034167408943176270e-01
3.736119866371154785e-01
4.472749829292297363e-01
3.578429818153381348e-01
4.704723358154296875e-01
4.012830555438995361e-01
3.275568485260009766e-01
3.350991606712341309e-01
3.337984681129455566e-01
4.367425739765167236e-01
