9.961766004562377930e-01
9.970693588256835938e-01
9.985863566398620605e-01
6.561009287834167480e-01
9.846214652061462402e-01
9.987663626670837402e-01
4.852566421031951904e-01
7.445484995841979980e-01
9.955805540084838867e-01
9.956941008567810059e-01
9.976858496665954590e-01
9.995087981224060059e-01
9.998688101768493652e-01
9.998847842216491699e-01
9.987072944641113281e-01
9.982871413230895996e-01
9.994984865188598633e-01
9.998257160186767578e-01
9.998814463615417480e-01
9.585264921188354492e-01
9.979286193847656250e-01
9.996428489685058594e-01
9.998295903205871582e-01
9.998399615287780762e-01
9.999109506607055664e-01
9.999142289161682129e-01
9.999448657035827637e-01
9.999305605888366699e-01
9.998197555541992188e-01
9.998757839202880859e-01
9.999055266380310059e-01
9.999178051948547363e-01
9.999440312385559082e-01
9.999418854713439941e-01
9.999035596847534180e-01
9.998966455459594727e-01
9.999222755432128906e-01
9.997323155403137207e-01
8.764570951461791992e-01
9.902617931365966797e-01
9.990102052688598633e-01
9.996576309204101562e-01
9.930981993675231934e-01
5.615967512130737305e-01
9.828512072563171387e-01
9.992821216583251953e-01
7.242997288703918457e-01
9.923343062400817871e-01
7.298776507377624512e-01
9.974495768547058105e-01
9.989378452301025391e-01
9.993776679039001465e-01
9.995655417442321777e-01
9.994072914123535156e-01
9.996448159217834473e-01
9.998587369918823242e-01
9.993698000907897949e-01
9.991860985755920410e-01
9.996649026870727539e-01
9.996414780616760254e-01
9.997013211250305176e-01
9.996713399887084961e-01
9.997960925102233887e-01
9.992079734802246094e-01
9.987472295761108398e-01
9.994560480117797852e-01
9.993617534637451172e-01
9.992909431457519531e-01
9.982860088348388672e-01
9.986363053321838379e-01
9.996519088745117188e-01
9.984049797058105469e-01
9.986587166786193848e-01
9.797219634056091309e-01
9.798696637153625488e-01
9.994858503341674805e-01
9.991118907928466797e-01
9.996209740638732910e-01
9.985788464546203613e-01
9.988613128662109375e-01
9.992066025733947754e-01
9.992779493331909180e-01
9.991292357444763184e-01
9.982936978340148926e-01
9.992206096649169922e-01
9.997301101684570312e-01
9.996845126152038574e-01
9.996611475944519043e-01
9.994345307350158691e-01
9.997800588607788086e-01
9.995294213294982910e-01
9.996567964553833008e-01
9.989013075828552246e-01
9.989717006683349609e-01
9.982271790504455566e-01
9.995749592781066895e-01
9.995537400245666504e-01
9.993035197257995605e-01
9.995697140693664551e-01
9.990709424018859863e-01
9.989075064659118652e-01
9.997739195823669434e-01
9.964857697486877441e-01
9.902785420417785645e-01
9.982677102088928223e-01
9.980665445327758789e-01
9.991748332977294922e-01
9.997749328613281250e-01
9.991301298141479492e-01
9.921246767044067383e-01
9.983808398246765137e-01
9.976887106895446777e-01
9.986717104911804199e-01
9.991506338119506836e-01
9.979354143142700195e-01
9.996032714843750000e-01
9.974626302719116211e-01
9.968639612197875977e-01
9.986639022827148438e-01
9.996423125267028809e-01
9.988036751747131348e-01
9.948195219039916992e-01
9.891914129257202148e-01
9.990388154983520508e-01
9.934471845626831055e-01
9.963710904121398926e-01
9.594723582267761230e-01
9.793072938919067383e-01
9.382243752479553223e-01
9.687162637710571289e-01
9.960384368896484375e-01
9.906223416328430176e-01
8.973122835159301758e-01
9.288427233695983887e-01
9.929578900337219238e-01
9.805499911308288574e-01
9.806885719299316406e-01
9.865936040878295898e-01
9.974097013473510742e-01
9.813483953475952148e-01
9.917739033699035645e-01
9.913430809974670410e-01
9.960081577301025391e-01
9.675251841545104980e-01
9.493625760078430176e-01
8.784590065479278564e-01
6.457195878028869629e-01
5.888899564743041992e-01
6.384580731391906738e-01
2.199518084526062012e-01
8.224394321441650391e-01
6.375601291656494141e-01
8.187261670827865601e-01
7.780320048332214355e-01
7.384933233261108398e-01
5.587030053138732910e-01
5.229722261428833008e-01
5.552631020545959473e-01
5.751535296440124512e-01
5.000791549682617188e-01
5.291795134544372559e-01
5.955190062522888184e-01
6.224777996540069580e-01
5.033643245697021484e-01
4.767206311225891113e-01
4.041378796100616455e-01
3.751059174537658691e-01
3.593987524509429932e-01
4.459373354911804199e-01
4.840338230133056641e-01
3.664226531982421875e-01
4.481813311576843262e-01
3.427597284317016602e-01
4.576187133789062500e-01
2.011660933494567871e-01
3.989315032958984375e-01
3.597245812416076660e-01
2.763289809226989746e-01
3.222548365592956543e-01
2.590541839599609375e-01
3.100654482841491699e-01
2.407295107841491699e-01
2.908505797386169434e-01
2.845262289047241211e-01
2.554718255996704102e-01
2.112874984741210938e-01
3.298183083534240723e-01
3.629387021064758301e-01
2.986813485622406006e-01
3.793068528175354004e-01
4.400743246078491211e-01
3.017094135284423828e-01
4.718137979507446289e-01
4.361393451690673828e-01
4.035653769969940186e-01
3.314522504806518555e-01
3.547325730323791504e-01
3.723828792572021484e-01
3.209977746009826660e-01
3.194929361343383789e-01
2.793627381324768066e-01
3.670671880245208740e-01
4.059380888938903809e-01
4.720792174339294434e-01
5.084451436996459961e-01
5.315881967544555664e-01
4.343383908271789551e-01
4.491218328475952148e-01
