9.961766004562377930e-01
2.928562760353088379e-01
4.109065830707550049e-01
8.505931496620178223e-01
9.950274825096130371e-01
9.988708496093750000e-01
9.985769391059875488e-01
9.988923072814941406e-01
9.909592270851135254e-01
9.864619374275207520e-01
9.960792660713195801e-01
9.994250535964965820e-01
9.998773932456970215e-01
9.986487627029418945e-01
9.978906512260437012e-01
9.995633959770202637e-01
9.993893504142761230e-01
9.998386502265930176e-01
9.998543262481689453e-01
9.998669028282165527e-01
9.991062879562377930e-01
9.982229471206665039e-01
9.995137453079223633e-01
9.998281598091125488e-01
9.999223351478576660e-01
9.999373555183410645e-01
9.999122619628906250e-01
9.993687868118286133e-01
9.998704195022583008e-01
9.999043941497802734e-01
9.999305009841918945e-01
9.998890757560729980e-01
9.998853802680969238e-01
9.999234080314636230e-01
9.999205470085144043e-01
9.999247193336486816e-01
9.999231696128845215e-01
9.997866153717041016e-01
9.998871088027954102e-01
9.998812675476074219e-01
9.996309876441955566e-01
6.258458495140075684e-01
9.909654855728149414e-01
9.974339008331298828e-01
9.994416236877441406e-01
9.997954368591308594e-01
9.993567466735839844e-01
9.690118432044982910e-01
9.985471963882446289e-01
9.968977570533752441e-01
9.979667067527770996e-01
9.992791414260864258e-01
9.991505146026611328e-01
9.815262556076049805e-01
9.993400573730468750e-01
9.995992183685302734e-01
9.980318546295166016e-01
9.987393021583557129e-01
9.991949200630187988e-01
9.989817738533020020e-01
9.998909235000610352e-01
9.998525977134704590e-01
9.987706542015075684e-01
9.987363219261169434e-01
9.994980096817016602e-01
9.990603923797607422e-01
9.997574687004089355e-01
9.995514750480651855e-01
9.998564124107360840e-01
9.976040720939636230e-01
9.983133077621459961e-01
9.991962313652038574e-01
9.992905259132385254e-01
9.981085062026977539e-01
9.988882541656494141e-01
9.997500777244567871e-01
9.992500543594360352e-01
9.696466326713562012e-01
9.516406655311584473e-01
9.840414524078369141e-01
9.717285037040710449e-01
9.730964899063110352e-01
9.948273897171020508e-01
9.995555281639099121e-01
6.700834631919860840e-01
8.776863589882850647e-01
9.823374748229980469e-01
9.936265349388122559e-01
9.995772242546081543e-01
9.958443045616149902e-01
9.995259046554565430e-01
9.997228384017944336e-01
9.071714878082275391e-01
9.971491098403930664e-01
9.983779788017272949e-01
9.919267892837524414e-01
9.995601773262023926e-01
9.963732361793518066e-01
9.991631507873535156e-01
9.996764659881591797e-01
9.997026324272155762e-01
8.393715620040893555e-01
9.940550923347473145e-01
9.990579485893249512e-01
9.997882246971130371e-01
9.997006058692932129e-01
9.838458299636840820e-01
9.923029541969299316e-01
9.804760813713073730e-01
5.127546489238739014e-01
9.661086201667785645e-01
9.754957556724548340e-01
9.983968734741210938e-01
9.997040629386901855e-01
9.078540802001953125e-01
9.493368864059448242e-01
9.971092939376831055e-01
9.982603192329406738e-01
9.993659853935241699e-01
9.790770411491394043e-01
8.861915469169616699e-01
9.645851850509643555e-01
9.873927235603332520e-01
9.854137897491455078e-01
9.991601109504699707e-01
6.563612222671508789e-01
5.596310496330261230e-01
6.420090794563293457e-01
9.860875606536865234e-01
3.666632175445556641e-01
5.643490552902221680e-01
7.705317139625549316e-01
9.944947361946105957e-01
6.334855258464813232e-01
9.786260724067687988e-01
9.892675280570983887e-01
9.117016196250915527e-01
8.808768987655639648e-01
9.723528027534484863e-01
9.648740291595458984e-01
9.667401909828186035e-01
9.707974195480346680e-01
9.453278779983520508e-01
9.584705829620361328e-01
9.749400019645690918e-01
9.533576369285583496e-01
9.612937569618225098e-01
8.281419873237609863e-01
9.276700019836425781e-01
5.929507017135620117e-01
6.717875003814697266e-01
5.712702274322509766e-01
7.469601631164550781e-01
4.809445738792419434e-01
7.038899064064025879e-01
9.154590368270874023e-01
8.656834959983825684e-01
8.813676238059997559e-01
8.244936466217041016e-01
7.559666037559509277e-01
6.535506248474121094e-01
3.350201845169067383e-01
9.167880415916442871e-01
8.990924358367919922e-01
8.424092531204223633e-01
9.816756248474121094e-01
8.707994222640991211e-01
7.227522134780883789e-01
4.348592758178710938e-01
7.334158420562744141e-01
5.081070065498352051e-01
3.843825459480285645e-01
5.690639615058898926e-01
7.229880094528198242e-01
4.920042455196380615e-01
4.985498487949371338e-01
4.746770560741424561e-01
5.973375439643859863e-01
3.443149924278259277e-01
6.289492845535278320e-01
6.329905688762664795e-01
5.172120332717895508e-01
4.747807383537292480e-01
4.878743886947631836e-01
3.476550579071044922e-01
4.672960340976715088e-01
5.722649097442626953e-01
6.304622888565063477e-01
5.290801823139190674e-01
4.893924891948699951e-01
4.301940202713012695e-01
3.185459375381469727e-01
4.815933704376220703e-01
6.235605478286743164e-01
6.338876485824584961e-01
6.123667955398559570e-01
6.697797179222106934e-01
6.006803810596466064e-01
5.405493378639221191e-01
4.248945116996765137e-01
5.340430438518524170e-01
3.805663883686065674e-01
5.828955173492431641e-01
4.944131374359130859e-01
5.104711651802062988e-01
5.862100124359130859e-01
4.719859957695007324e-01
4.752351045608520508e-01
4.708643257617950439e-01
4.049007892608642578e-01
4.898602962493896484e-01
4.410097002983093262e-01
4.055164456367492676e-01
4.612109661102294922e-01
3.940085768699645996e-01
4.041075706481933594e-01
5.113483071327209473e-01
5.291821360588073730e-01
5.216042995452880859e-01
5.249630212783813477e-01
4.435392022132873535e-01
4.880357384681701660e-01
4.939288496971130371e-01
5.061837732791900635e-01
5.644704997539520264e-01
