9.961766004562377930e-01
9.970693588256835938e-01
9.985863566398620605e-01
6.561009287834167480e-01
9.846214652061462402e-01
9.987663626670837402e-01
4.852566421031951904e-01
7.445484995841979980e-01
9.955805540084838867e-01
9.956941008567810059e-01
9.976858496665954590e-01
9.995087981224060059e-01
9.998688101768493652e-01
9.998847842216491699e-01
9.987072944641113281e-01
9.982871413230895996e-01
9.994984865188598633e-01
9.998257160186767578e-01
9.998814463615417480e-01
9.585264921188354492e-01
9.979286193847656250e-01
9.996428489685058594e-01
9.998295903205871582e-01
9.998399615287780762e-01
9.999109506607055664e-01
9.999142289161682129e-01
9.999448657035827637e-01
9.999305605888366699e-01
9.998197555541992188e-01
9.998757839202880859e-01
9.999055266380310059e-01
9.999178051948547363e-01
9.999440312385559082e-01
9.999418854713439941e-01
9.999035596847534180e-01
9.998966455459594727e-01
9.999222755432128906e-01
9.997323155403137207e-01
8.683731555938720703e-01
9.902617931365966797e-01
9.990102052688598633e-01
9.825883507728576660e-01
9.904158711433410645e-01
9.973536729812622070e-01
9.722819328308105469e-01
4.859820008277893066e-01
7.581780552864074707e-01
9.960556030273437500e-01
7.465065717697143555e-01
9.967811107635498047e-01
9.992325901985168457e-01
9.990888833999633789e-01
9.994860291481018066e-01
9.996463060379028320e-01
9.996462464332580566e-01
9.998583793640136719e-01
9.993709325790405273e-01
9.991831183433532715e-01
9.996635913848876953e-01
9.996349811553955078e-01
9.997075200080871582e-01
9.996774196624755859e-01
9.997941255569458008e-01
9.991849064826965332e-01
9.987911581993103027e-01
9.995456933975219727e-01
9.993625283241271973e-01
9.992783069610595703e-01
9.988548159599304199e-01
9.990419149398803711e-01
9.995771050453186035e-01
9.987297654151916504e-01
9.992244243621826172e-01
9.971632957458496094e-01
8.913757205009460449e-01
9.979817867279052734e-01
9.989298582077026367e-01
9.996464252471923828e-01
9.943577051162719727e-01
9.977330565452575684e-01
9.987409710884094238e-01
9.993559718132019043e-01
9.993368983268737793e-01
9.989460706710815430e-01
9.989760518074035645e-01
9.997001886367797852e-01
9.997374415397644043e-01
9.996057152748107910e-01
9.996458292007446289e-01
9.985693097114562988e-01
9.980136156082153320e-01
9.992275238037109375e-01
9.997574687004089355e-01
9.993717074394226074e-01
9.993211030960083008e-01
9.995412230491638184e-01
9.995636343955993652e-01
9.995722770690917969e-01
9.985837340354919434e-01
9.989569187164306641e-01
9.996743798255920410e-01
9.997967481613159180e-01
9.996433258056640625e-01
9.997726082801818848e-01
9.997144937515258789e-01
9.897648692131042480e-01
9.798848032951354980e-01
9.995736479759216309e-01
9.977419376373291016e-01
9.973101615905761719e-01
9.990121722221374512e-01
9.981766343116760254e-01
9.972631335258483887e-01
9.996063113212585449e-01
9.987372159957885742e-01
9.998304247856140137e-01
9.997270703315734863e-01
9.992909431457519531e-01
9.992564916610717773e-01
9.992748498916625977e-01
9.980507493019104004e-01
8.800143003463745117e-01
9.363738074898719788e-01
9.802353978157043457e-01
9.956719875335693359e-01
9.599679112434387207e-01
9.175186753273010254e-01
9.654948115348815918e-01
9.822362661361694336e-01
9.966628551483154297e-01
9.904496669769287109e-01
9.991382956504821777e-01
9.959737658500671387e-01
9.831573963165283203e-01
9.670954346656799316e-01
9.835512042045593262e-01
9.370372295379638672e-01
9.961085319519042969e-01
9.965714216232299805e-01
9.820587038993835449e-01
9.910323619842529297e-01
9.939791560173034668e-01
9.936185479164123535e-01
9.791566729545593262e-01
7.859786897897720337e-01
9.195451140403747559e-01
9.540801644325256348e-01
6.280213594436645508e-01
8.722859621047973633e-01
6.070554554462432861e-01
7.196939587593078613e-01
5.000426173210144043e-01
8.928894996643066406e-01
7.474330663681030273e-01
6.920142173767089844e-01
6.920966506004333496e-01
4.117068052291870117e-01
5.303118228912353516e-01
4.214773774147033691e-01
4.963038563728332520e-01
4.530417919158935547e-01
4.034982919692993164e-01
5.942576527595520020e-01
3.539228737354278564e-01
5.194455385208129883e-01
3.799154758453369141e-01
3.896957039833068848e-01
2.537404298782348633e-01
3.614300191402435303e-01
3.310677409172058105e-01
2.624711394309997559e-01
2.759243845939636230e-01
3.270709812641143799e-01
2.551217079162597656e-01
2.646886110305786133e-01
2.773090004920959473e-01
2.336981743574142456e-01
3.340145349502563477e-01
2.924001216888427734e-01
3.427228331565856934e-01
3.134559988975524902e-01
2.817507982254028320e-01
3.011083006858825684e-01
3.349025845527648926e-01
3.335104584693908691e-01
3.444146811962127686e-01
4.116402864456176758e-01
3.708525896072387695e-01
4.570729136466979980e-01
3.500447571277618408e-01
3.120964169502258301e-01
4.490368962287902832e-01
4.470965862274169922e-01
4.743780791759490967e-01
4.941256642341613770e-01
3.650416135787963867e-01
4.053406715393066406e-01
4.061493873596191406e-01
3.050078749656677246e-01
4.046871066093444824e-01
3.288348913192749023e-01
3.843209743499755859e-01
3.770956397056579590e-01
3.889735341072082520e-01
3.959377408027648926e-01
3.286724686622619629e-01
3.858329653739929199e-01
