9.961766004562377930e-01
9.970693588256835938e-01
9.985863566398620605e-01
9.985475540161132812e-01
9.996557831764221191e-01
9.997925162315368652e-01
9.964882135391235352e-01
9.971145987510681152e-01
9.997074007987976074e-01
9.997804760932922363e-01
9.998107552528381348e-01
9.998169541358947754e-01
9.998995065689086914e-01
9.999091625213623047e-01
9.998437762260437012e-01
9.956215620040893555e-01
9.987928271293640137e-01
9.998191595077514648e-01
9.998669028282165527e-01
9.644152522087097168e-01
9.978162050247192383e-01
9.996261596679687500e-01
9.995124936103820801e-01
9.998401403427124023e-01
9.999096393585205078e-01
9.999140501022338867e-01
9.999448060989379883e-01
9.999025464057922363e-01
9.999286532402038574e-01
9.998846650123596191e-01
9.998661279678344727e-01
9.999220967292785645e-01
9.999170899391174316e-01
9.999243021011352539e-01
9.999260306358337402e-01
9.999160170555114746e-01
9.992756843566894531e-01
9.891018867492675781e-01
9.988077282905578613e-01
9.663673639297485352e-01
6.030687093734741211e-01
9.742946028709411621e-01
9.911881089210510254e-01
9.996145963668823242e-01
8.759537339210510254e-01
9.938656687736511230e-01
7.439074516296386719e-01
8.553732037544250488e-01
9.962353110313415527e-01
9.994698762893676758e-01
9.996309876441955566e-01
9.998149871826171875e-01
9.998605847358703613e-01
9.994772672653198242e-01
9.992087483406066895e-01
9.996725320816040039e-01
9.996420145034790039e-01
9.997036457061767578e-01
9.998587369918823242e-01
9.993695616722106934e-01
9.993235468864440918e-01
9.996802210807800293e-01
9.994142055511474609e-01
9.995106458663940430e-01
9.994663596153259277e-01
9.993457198143005371e-01
9.997874498367309570e-01
9.990389943122863770e-01
9.984160065650939941e-01
9.996895790100097656e-01
9.983561635017395020e-01
9.982573390007019043e-01
9.984734654426574707e-01
9.997758865356445312e-01
9.972257614135742188e-01
9.962224960327148438e-01
9.965752363204956055e-01
9.988408684730529785e-01
9.988988041877746582e-01
9.992620944976806641e-01
9.985909461975097656e-01
9.997553825378417969e-01
9.997909069061279297e-01
9.998034834861755371e-01
9.998107552528381348e-01
9.997413754463195801e-01
9.997956752777099609e-01
9.995336532592773438e-01
9.995836019515991211e-01
9.994498491287231445e-01
9.997553825378417969e-01
9.996562600135803223e-01
9.989903569221496582e-01
9.945278763771057129e-01
9.988688230514526367e-01
9.993802309036254883e-01
9.997443556785583496e-01
9.995828270912170410e-01
9.971435666084289551e-01
9.993432760238647461e-01
9.992051720619201660e-01
9.992933869361877441e-01
9.871785044670104980e-01
9.992894530296325684e-01
9.960700273513793945e-01
9.966163635253906250e-01
9.995384216308593750e-01
9.983189105987548828e-01
9.990464448928833008e-01
9.993378520011901855e-01
9.977660179138183594e-01
9.998053908348083496e-01
9.977766275405883789e-01
9.973853826522827148e-01
9.984025955200195312e-01
9.996359348297119141e-01
9.992847442626953125e-01
9.995476603507995605e-01
9.987427592277526855e-01
9.993773698806762695e-01
9.997811913490295410e-01
9.992758035659790039e-01
9.991671442985534668e-01
9.990919828414916992e-01
9.972742795944213867e-01
9.990977644920349121e-01
9.988054037094116211e-01
9.993334412574768066e-01
9.980373382568359375e-01
9.974337220191955566e-01
9.979702830314636230e-01
9.990233182907104492e-01
9.910987615585327148e-01
9.973552513401955366e-01
9.888809323310852051e-01
9.957358837127685547e-01
9.977412223815917969e-01
9.984871745109558105e-01
9.991915225982666016e-01
9.973191022872924805e-01
9.984508752822875977e-01
9.981678724288940430e-01
9.967979788780212402e-01
9.959034919738769531e-01
9.902267456054687500e-01
9.902192354202270508e-01
9.979765415191650391e-01
8.924561738967895508e-01
9.328943490982055664e-01
6.318673491477966309e-01
8.812672793865203857e-01
9.881962537765502930e-01
8.718907833099365234e-01
9.561273455619812012e-01
8.550375849008560181e-01
6.397993564605712891e-01
6.282191574573516846e-01
7.737651467323303223e-01
6.354932785034179688e-01
5.861823856830596924e-01
8.658161163330078125e-01
5.225385427474975586e-01
7.716464996337890625e-01
7.900335192680358887e-01
6.256145834922790527e-01
2.740924358367919922e-01
6.672717332839965820e-01
7.330043315887451172e-01
2.373971939086914062e-01
7.585923075675964355e-01
6.142309308052062988e-01
3.938136696815490723e-01
4.925500750541687012e-01
5.049277245998382568e-01
4.616707563400268555e-02
5.910065770149230957e-01
7.716845870018005371e-01
8.118948340415954590e-01
8.486038446426391602e-01
9.393488764762878418e-01
9.478815197944641113e-01
9.707610607147216797e-01
2.555825710296630859e-01
2.328665852546691895e-01
7.579300850629806519e-01
7.945716977119445801e-01
3.995678424835205078e-01
4.955348372459411621e-01
5.304161906242370605e-01
4.181184172630310059e-01
6.038496792316436768e-01
2.602590918540954590e-01
9.001427888870239258e-01
4.950678348541259766e-01
8.653611540794372559e-01
9.772362709045410156e-01
9.982755184173583984e-01
9.988484978675842285e-01
8.999522924423217773e-01
7.115318775177001953e-01
9.694705605506896973e-01
9.578001499176025391e-01
9.859358668327331543e-01
9.935109019279479980e-01
9.816862940788269043e-01
8.993692398071289062e-01
9.617741107940673828e-01
9.732331037521362305e-01
9.894671440124511719e-01
9.939700365066528320e-01
9.532155990600585938e-01
9.924244880676269531e-01
9.334952831268310547e-01
9.525418877601623535e-01
2.966637313365936279e-01
9.699583649635314941e-01
9.433459639549255371e-01
6.855850219726562500e-01
8.418588638305664062e-01
9.633763432502746582e-01
9.921116828918457031e-01
6.608517169952392578e-01
7.148383855819702148e-01
7.688580602407455444e-01
6.027295589447021484e-01
5.187251865863800049e-01
7.224923670291900635e-01
6.065577268600463867e-01
7.471291422843933105e-01
7.349614202976226807e-01
4.878799319267272949e-01
6.144932508468627930e-01
7.189896702766418457e-01
2.889872193336486816e-01
5.723096728324890137e-01
4.371021389961242676e-01
7.493821382522583008e-01
8.492102026939392090e-01
8.447459340095520020e-01
8.081389069557189941e-01
7.346939444541931152e-01
6.556769013404846191e-01
6.196439266204833984e-01
5.745163559913635254e-01
5.590610504150390625e-01
5.983166694641113281e-01
7.275635004043579102e-01
7.780332565307617188e-01
6.956165432929992676e-01
6.779920458793640137e-01
6.777735352516174316e-01
6.118120551109313965e-01
5.541762709617614746e-01
4.504969418048858643e-01
4.907540678977966309e-01
6.581053733825683594e-01
6.405381560325622559e-01
5.225920081138610840e-01
4.639988243579864502e-01
6.158092617988586426e-01
6.088918447494506836e-01
5.527687966823577881e-01
3.802074790000915527e-01
4.301866292953491211e-01
3.714649379253387451e-01
4.268401861190795898e-01
3.565617799758911133e-01
4.086058735847473145e-01
2.729349136352539062e-01
3.228683471679687500e-01
3.707767724990844727e-01
3.472952842712402344e-01
3.207431435585021973e-01
3.715805411338806152e-01
3.589831590652465820e-01
2.634000778198242188e-01
5.616497397422790527e-01
5.661002993583679199e-01
4.631795287132263184e-01
4.687556028366088867e-01
4.160353541374206543e-01
3.771500587463378906e-01
3.803302645683288574e-01
2.786811590194702148e-01
2.899063825607299805e-01
2.623684406280517578e-01
2.190303206443786621e-01
2.924519479274749756e-01
2.715783715248107910e-01
