9.961766004562377930e-01
9.970693588256835938e-01
4.997427463531494141e-01
5.682863593101501465e-01
9.958591461181640625e-01
9.985280632972717285e-01
9.986448287963867188e-01
9.990281462669372559e-01
9.996793270111083984e-01
9.928966164588928223e-01
9.857288599014282227e-01
9.994789361953735352e-01
9.998585581779479980e-01
9.988344311714172363e-01
9.980738162994384766e-01
9.994714856147766113e-01
9.994907379150390625e-01
9.998394846916198730e-01
9.998552203178405762e-01
9.712257385253906250e-01
9.986985325813293457e-01
9.995135664939880371e-01
9.998295903205871582e-01
9.998425841331481934e-01
9.999101161956787109e-01
9.999390840530395508e-01
9.999344944953918457e-01
9.991489052772521973e-01
9.998721480369567871e-01
9.999051690101623535e-01
9.999091625213623047e-01
9.999434351921081543e-01
9.998978376388549805e-01
9.998908638954162598e-01
9.999253153800964355e-01
9.999186992645263672e-01
9.999256134033203125e-01
9.997534155845642090e-01
9.997522830963134766e-01
9.970316290855407715e-01
6.778520345687866211e-01
9.907762408256530762e-01
4.984566569328308105e-01
9.826305508613586426e-01
9.948683381080627441e-01
5.223765075206756592e-01
7.854596376419067383e-01
7.886289358139038086e-01
6.702336668968200684e-01
9.988331198692321777e-01
9.993686676025390625e-01
9.995467066764831543e-01
9.994258880615234375e-01
9.996249079704284668e-01
9.998565912246704102e-01
9.993424415588378906e-01
9.991518855094909668e-01
9.996523857116699219e-01
9.996306896209716797e-01
9.997014999389648438e-01
9.996777772903442383e-01
9.998521804809570312e-01
9.991705417633056641e-01
9.987043142318725586e-01
9.995414018630981445e-01
9.994751214981079102e-01
9.994899034500122070e-01
9.994608163833618164e-01
9.991592168807983398e-01
9.995841383934020996e-01
9.971911907196044922e-01
9.974376559257507324e-01
9.987078905105590820e-01
9.990811347961425781e-01
9.994736313819885254e-01
9.881208539009094238e-01
9.993533492088317871e-01
9.667266607284545898e-01
9.984272718429565430e-01
9.983706474304199219e-01
9.981970191001892090e-01
9.992539882659912109e-01
9.987225532531738281e-01
9.992750287055969238e-01
9.998099207878112793e-01
9.996438026428222656e-01
9.997557401657104492e-01
9.997165203094482422e-01
9.997122883796691895e-01
9.995633959770202637e-01
9.995498061180114746e-01
9.988522529602050781e-01
9.993390440940856934e-01
9.978201389312744141e-01
9.988349676132202148e-01
9.993929266929626465e-01
9.987255334854125977e-01
9.995087981224060059e-01
9.990636110305786133e-01
9.982148408889770508e-01
9.997167587280273438e-01
9.987390041351318359e-01
9.990898370742797852e-01
9.992692470550537109e-01
9.993087649345397949e-01
9.988341331481933594e-01
9.979166984558105469e-01
9.950892329216003418e-01
9.363752007484436035e-01
9.971175193786621094e-01
9.982517957687377930e-01
9.973830580711364746e-01
9.993348717689514160e-01
9.990983605384826660e-01
9.997199773788452148e-01
9.986058473587036133e-01
9.922505021095275879e-01
9.983934164047241211e-01
9.924154281616210938e-01
9.970119595527648926e-01
9.989482164382934570e-01
9.994016289710998535e-01
9.981339573860168457e-01
9.725903272628784180e-01
9.957562088966369629e-01
9.614933729171752930e-01
9.497343897819519043e-01
9.413447976112365723e-01
9.937275648117065430e-01
9.849005937576293945e-01
9.795828461647033691e-01
9.938691854476928711e-01
9.364649653434753418e-01
4.110831022262573242e-01
9.830923676490783691e-01
9.739131927490234375e-01
9.618607163429260254e-01
9.975972771644592285e-01
9.867456555366516113e-01
9.851333498954772949e-01
9.803873300552368164e-01
9.869848489761352539e-01
9.684885144233703613e-01
9.844903349876403809e-01
9.866703152656555176e-01
9.761853218078613281e-01
9.552391767501831055e-01
8.898659348487854004e-01
6.739774942398071289e-01
2.136761546134948730e-01
6.518929004669189453e-01
7.584506273269653320e-01
5.796614289283752441e-01
9.052468538284301758e-01
5.835631489753723145e-01
6.350975632667541504e-01
7.618829011917114258e-01
6.497488021850585938e-01
6.079036593437194824e-01
6.723047494888305664e-01
6.554771661758422852e-01
6.353194117546081543e-01
6.437438726425170898e-01
7.924108058214187622e-01
6.268631815910339355e-01
4.119120240211486816e-01
4.689796864986419678e-01
3.308107852935791016e-01
4.561951756477355957e-01
3.963107168674468994e-01
3.806714415550231934e-01
3.566367030143737793e-01
3.852126598358154297e-01
3.421686291694641113e-01
3.108682632446289062e-01
3.971678018569946289e-01
4.553554952144622803e-01
2.358677983283996582e-01
2.905561327934265137e-01
2.951522469520568848e-01
4.208786487579345703e-01
2.269155085086822510e-01
4.022379517555236816e-01
2.987771630287170410e-01
3.245998322963714600e-01
3.341894745826721191e-01
3.302225470542907715e-01
4.854117333889007568e-01
3.444156050682067871e-01
3.586085438728332520e-01
4.024438858032226562e-01
3.853867053985595703e-01
5.129732787609100342e-01
4.562261700630187988e-01
5.300417542457580566e-01
5.819569826126098633e-01
3.584810495376586914e-01
3.887157142162322998e-01
4.222694635391235352e-01
3.650851249694824219e-01
