9.961766004562377930e-01
9.970693588256835938e-01
9.985863566398620605e-01
6.561008989810943604e-01
9.846214652061462402e-01
9.987663626670837402e-01
4.852566719055175781e-01
7.445484995841979980e-01
9.955805540084838867e-01
9.956941008567810059e-01
9.976858496665954590e-01
9.995087981224060059e-01
9.998688101768493652e-01
9.998847842216491699e-01
9.987072944641113281e-01
9.982871413230895996e-01
9.994984865188598633e-01
9.998257160186767578e-01
9.998814463615417480e-01
9.585264921188354492e-01
9.979286193847656250e-01
9.996428489685058594e-01
9.998295903205871582e-01
9.998399615287780762e-01
9.999109506607055664e-01
9.999142289161682129e-01
9.999448657035827637e-01
9.999305605888366699e-01
9.998197555541992188e-01
9.998757839202880859e-01
9.999055266380310059e-01
9.999178051948547363e-01
9.999440312385559082e-01
9.998990893363952637e-01
9.998912811279296875e-01
9.999257326126098633e-01
9.999186992645263672e-01
9.997813701629638672e-01
9.997540116310119629e-01
9.997556209564208984e-01
9.972718358039855957e-01
9.781440496444702148e-01
9.916027784347534180e-01
9.339711070060729980e-01
9.820830225944519043e-01
9.994849562644958496e-01
5.420172214508056641e-01
9.827008247375488281e-01
8.105255961418151855e-01
9.968733787536621094e-01
9.988557100296020508e-01
9.993487000465393066e-01
9.995653629302978516e-01
9.994123578071594238e-01
9.996408820152282715e-01
9.998566508293151855e-01
9.993694424629211426e-01
9.991979002952575684e-01
9.996615648269653320e-01
9.996318221092224121e-01
9.997030496597290039e-01
9.996857047080993652e-01
9.997113347053527832e-01
9.996126890182495117e-01
9.981715083122253418e-01
9.997161030769348145e-01
9.989959597587585449e-01
9.989399313926696777e-01
9.995338320732116699e-01
9.993128776550292969e-01
9.997184276580810547e-01
9.971466660499572754e-01
9.980479478836059570e-01
9.996215105056762695e-01
9.922856092453002930e-01
9.961692094802856445e-01
9.948888421058654785e-01
9.994979500770568848e-01
9.951963424682617188e-01
9.978600740432739258e-01
9.963916540145874023e-01
9.989668130874633789e-01
9.991265535354614258e-01
9.988986849784851074e-01
9.989207983016967773e-01
9.997000098228454590e-01
9.996252655982971191e-01
9.992722272872924805e-01
9.965552687644958496e-01
9.996001124382019043e-01
9.989868402481079102e-01
9.993643760681152344e-01
9.991661310195922852e-01
9.995583295822143555e-01
9.989963769912719727e-01
9.995123147964477539e-01
9.995131492614746094e-01
9.992766380310058594e-01
9.996553659439086914e-01
9.983775615692138672e-01
9.986647963523864746e-01
9.992293119430541992e-01
9.994212985038757324e-01
9.991348385810852051e-01
9.937854409217834473e-01
9.412614107131958008e-01
9.973856806755065918e-01
9.931680560111999512e-01
9.987572431564331055e-01
9.915521740913391113e-01
9.942835569381713867e-01
9.991166591644287109e-01
9.982300400733947754e-01
9.986423254013061523e-01
9.990588426589965820e-01
9.987406730651855469e-01
9.988588690757751465e-01
9.946840405464172363e-01
9.938005805015563965e-01
9.991750121116638184e-01
9.990150928497314453e-01
9.988890886306762695e-01
9.972938299179077148e-01
9.973784685134887695e-01
9.572452306747436523e-01
8.539843857288360596e-01
9.683768749237060547e-01
9.792131185531616211e-01
9.921168088912963867e-01
9.492142200469970703e-01
9.113622903823852539e-01
9.949501156806945801e-01
9.810740947723388672e-01
9.269641041755676270e-01
8.701024055480957031e-01
8.472592234611511230e-01
9.856072664260864258e-01
8.357895612716674805e-01
9.914968609809875488e-01
8.031387478113174438e-01
7.960790693759918213e-01
9.208645224571228027e-01
8.000306487083435059e-01
8.119723796844482422e-01
8.533245921134948730e-01
8.501549959182739258e-01
5.541388988494873047e-01
3.699628710746765137e-01
3.727400898933410645e-01
4.123159050941467285e-01
5.513905882835388184e-01
4.833808541297912598e-01
4.713873863220214844e-01
4.828178882598876953e-01
6.700398325920104980e-01
5.404994189739227295e-01
7.235565185546875000e-01
5.899241268634796143e-01
5.653283596038818359e-01
5.177384912967681885e-01
3.927063941955566406e-01
6.616668403148651123e-01
5.739060044288635254e-01
5.880700349807739258e-01
3.493332862854003906e-01
4.569009542465209961e-01
3.321224451065063477e-01
4.521232247352600098e-01
2.865285873413085938e-01
3.944283127784729004e-01
3.678077459335327148e-01
3.329619765281677246e-01
3.332336843013763428e-01
2.986890673637390137e-01
2.609542012214660645e-01
3.450495004653930664e-01
3.689316511154174805e-01
3.493676781654357910e-01
3.301877379417419434e-01
4.318265318870544434e-01
1.910728663206100464e-01
2.974834442138671875e-01
3.105021417140960693e-01
2.843370139598846436e-01
3.988426923751831055e-01
3.350634574890136719e-01
3.496224582195281982e-01
3.998220264911651611e-01
5.110958814620971680e-01
4.474270045757293701e-01
3.740810155868530273e-01
3.723095655441284180e-01
3.648229837417602539e-01
3.963583707809448242e-01
4.841813445091247559e-01
3.967197239398956299e-01
4.589872360229492188e-01
4.746112823486328125e-01
4.211888909339904785e-01
4.049847126007080078e-01
3.297295272350311279e-01
3.637664318084716797e-01
4.627895951271057129e-01
4.004121124744415283e-01
4.337660074234008789e-01
4.211156964302062988e-01
5.235210061073303223e-01
