9.961766004562377930e-01
9.970693588256835938e-01
9.985863566398620605e-01
6.561008989810943604e-01
9.846214652061462402e-01
9.987663626670837402e-01
4.852566421031951904e-01
7.445484995841979980e-01
9.955805540084838867e-01
9.956941008567810059e-01
9.976858496665954590e-01
9.995087981224060059e-01
9.998688101768493652e-01
9.998847842216491699e-01
9.987072944641113281e-01
9.982871413230895996e-01
9.994984865188598633e-01
9.998257160186767578e-01
9.998814463615417480e-01
9.585264921188354492e-01
9.979286193847656250e-01
9.996428489685058594e-01
9.998295903205871582e-01
9.998399615287780762e-01
9.999109506607055664e-01
9.999142289161682129e-01
9.999448657035827637e-01
9.999305605888366699e-01
9.998197555541992188e-01
9.998757839202880859e-01
9.999055266380310059e-01
9.999178051948547363e-01
9.999440312385559082e-01
9.998990893363952637e-01
9.998912811279296875e-01
9.999257326126098633e-01
9.999186992645263672e-01
9.997813701629638672e-01
8.393104076385498047e-01
9.897111058235168457e-01
9.991409778594970703e-01
9.771909117698669434e-01
9.900799989700317383e-01
7.784621715545654297e-01
9.798652622848749161e-01
9.994766116142272949e-01
6.791893839836120605e-01
9.912040233612060547e-01
8.089799880981445312e-01
9.968897700309753418e-01
9.988610148429870605e-01
9.993686079978942871e-01
9.995646476745605469e-01
9.994263052940368652e-01
9.996432065963745117e-01
9.998557567596435547e-01
9.993746876716613770e-01
9.992118477821350098e-01
9.996592998504638672e-01
9.996336698532104492e-01
9.997019171714782715e-01
9.996861219406127930e-01
9.997941255569458008e-01
9.991843700408935547e-01
9.988010525703430176e-01
9.995560050010681152e-01
9.993816018104553223e-01
9.993007779121398926e-01
9.988779425621032715e-01
9.993603825569152832e-01
9.997382760047912598e-01
9.989807605743408203e-01
9.995093345642089844e-01
9.994021654129028320e-01
9.981453418731689453e-01
9.995754957199096680e-01
9.974411725997924805e-01
9.994588494300842285e-01
9.997349977493286133e-01
9.994637966156005859e-01
9.995340108871459961e-01
9.986022114753723145e-01
9.979255199432373047e-01
9.993587732315063477e-01
9.994186162948608398e-01
9.997345209121704102e-01
9.998000264167785645e-01
9.997739195823669434e-01
9.997435212135314941e-01
9.998349547386169434e-01
9.997315406799316406e-01
9.996606111526489258e-01
9.994394183158874512e-01
9.996705055236816406e-01
9.996758103370666504e-01
9.997548460960388184e-01
9.997106194496154785e-01
9.994431734085083008e-01
9.989954233169555664e-01
9.983543753623962402e-01
9.996400475502014160e-01
9.997331500053405762e-01
9.993938207626342773e-01
9.995461702346801758e-01
9.992743134498596191e-01
9.994833469390869141e-01
9.993771910667419434e-01
9.967234730720520020e-01
9.908612966537475586e-01
9.920120835304260254e-01
9.990227818489074707e-01
9.976575374603271484e-01
9.997431635856628418e-01
9.982350468635559082e-01
9.892907738685607910e-01
9.977079033851623535e-01
9.966861009597778320e-01
9.906751513481140137e-01
9.996153116226196289e-01
9.983319640159606934e-01
9.994581937789916992e-01
9.761430621147155762e-01
6.525395512580871582e-01
7.945191264152526855e-01
9.381482601165771484e-01
9.911482334136962891e-01
9.960138797760009766e-01
9.927348494529724121e-01
9.991189837455749512e-01
9.841940999031066895e-01
9.957812428474426270e-01
9.698996543884277344e-01
9.879180192947387695e-01
9.154124259948730469e-01
9.570573568344116211e-01
9.751098752021789551e-01
9.066904783248901367e-01
9.579625725746154785e-01
9.330083131790161133e-01
9.836262464523315430e-01
8.789639472961425781e-01
9.727954268455505371e-01
8.987666368484497070e-01
8.752517253160476685e-01
8.624980449676513672e-01
8.498228192329406738e-01
8.135270476341247559e-01
8.145035505294799805e-01
7.354419231414794922e-01
2.932601571083068848e-01
4.486454129219055176e-01
8.096505999565124512e-01
3.388722538948059082e-01
6.104171276092529297e-01
5.063368380069732666e-01
5.281108021736145020e-01
3.384140729904174805e-01
4.996612071990966797e-01
6.303514242172241211e-01
2.704765796661376953e-01
4.689200520515441895e-01
3.811731934547424316e-01
5.506271123886108398e-01
3.003298640251159668e-01
3.561494946479797363e-01
3.008028268814086914e-01
2.380846142768859863e-01
2.787014245986938477e-01
4.460632503032684326e-01
2.560949325561523438e-01
3.116096258163452148e-01
4.639926850795745850e-01
2.983074188232421875e-01
4.463447630405426025e-01
3.417990207672119141e-01
4.036016464233398438e-01
4.002472162246704102e-01
3.354161977767944336e-01
4.192158579826354980e-01
2.877193689346313477e-01
3.186852633953094482e-01
3.258945345878601074e-01
3.108081221580505371e-01
4.374330043792724609e-01
4.960167407989501953e-01
3.152956962585449219e-01
3.068009018898010254e-01
3.328704237937927246e-01
5.154102742671966553e-01
4.835386872291564941e-01
4.145752191543579102e-01
3.926697373390197754e-01
4.281877279281616211e-01
3.695987761020660400e-01
4.151865243911743164e-01
3.701497316360473633e-01
4.625222086906433105e-01
4.356623888015747070e-01
4.617861509323120117e-01
4.399628043174743652e-01
4.349406361579895020e-01
3.758513927459716797e-01
4.363567531108856201e-01
3.739251494407653809e-01
3.954120874404907227e-01
