9.961766004562377930e-01
9.970693220384418964e-01
9.985863566398620605e-01
6.561009287834167480e-01
9.846214652061462402e-01
9.987663626670837402e-01
4.852566719055175781e-01
7.445484995841979980e-01
9.955805540084838867e-01
9.956941008567810059e-01
9.976858496665954590e-01
9.995087981224060059e-01
9.998688101768493652e-01
9.998847842216491699e-01
9.987072944641113281e-01
9.982871413230895996e-01
9.994984865188598633e-01
9.998257160186767578e-01
9.998814463615417480e-01
9.585264921188354492e-01
9.979286193847656250e-01
9.996428489685058594e-01
9.998295903205871582e-01
9.998399615287780762e-01
9.999109506607055664e-01
9.999142289161682129e-01
9.999448657035827637e-01
9.999305605888366699e-01
9.998197555541992188e-01
9.998757839202880859e-01
9.999055266380310059e-01
9.999178051948547363e-01
9.999440312385559082e-01
9.999418854713439941e-01
9.999035596847534180e-01
9.998966455459594727e-01
9.999222755432128906e-01
9.997323155403137207e-01
8.683731555938720703e-01
9.898205399513244629e-01
9.771508574485778809e-01
9.858723282814025879e-01
7.469108998775482178e-01
9.735149741172790527e-01
4.883490800857543945e-01
6.266186833381652832e-01
9.179620742797851562e-01
9.965474605560302734e-01
9.990959763526916504e-01
9.872126579284667969e-01
9.985921382904052734e-01
9.993699789047241211e-01
9.996020197868347168e-01
9.996659159660339355e-01
9.996458292007446289e-01
9.998416304588317871e-01
9.994421005249023438e-01
9.991812705993652344e-01
9.996790885925292969e-01
9.994468688964843750e-01
9.998051524162292480e-01
9.988107681274414062e-01
9.998666048049926758e-01
9.996909499168395996e-01
9.976198077201843262e-01
9.987484812736511230e-01
9.992179870605468750e-01
9.993373155593872070e-01
9.992191195487976074e-01
9.988192915916442871e-01
9.996584653854370117e-01
9.995785951614379883e-01
9.993255138397216797e-01
9.989640116691589355e-01
9.966575503349304199e-01
9.957707524299621582e-01
9.975360035896301270e-01
9.995223283767700195e-01
9.807981848716735840e-01
8.121964931488037109e-01
9.779489040374755859e-01
9.989995956420898438e-01
9.992247223854064941e-01
9.991498589515686035e-01
9.993365406990051270e-01
9.996261596679687500e-01
9.998174905776977539e-01
9.997609853744506836e-01
9.998275041580200195e-01
9.998360872268676758e-01
9.997956156730651855e-01
9.995312094688415527e-01
9.997768998146057129e-01
9.996653199195861816e-01
9.994698166847229004e-01
9.997348189353942871e-01
9.995900392532348633e-01
9.994946718215942383e-01
9.993416666984558105e-01
9.991605877876281738e-01
9.979238510131835938e-01
9.996271729469299316e-01
9.995788335800170898e-01
9.996175169944763184e-01
9.995961189270019531e-01
9.993461370468139648e-01
9.980509281158447266e-01
9.978895187377929688e-01
9.991527795791625977e-01
9.785246849060058594e-01
9.956506490707397461e-01
9.985835552215576172e-01
9.996395707130432129e-01
9.994902610778808594e-01
9.934920072555541992e-01
9.985098242759704590e-01
9.966834783554077148e-01
9.956048130989074707e-01
9.988336563110351562e-01
9.984701871871948242e-01
9.995042085647583008e-01
9.976134896278381348e-01
8.990542888641357422e-01
7.978602647781372070e-01
9.377601146697998047e-01
9.989863634109497070e-01
9.646817445755004883e-01
9.612292237579822540e-01
9.673829078674316406e-01
9.981650114059448242e-01
9.731446504592895508e-01
9.262114763259887695e-01
9.712260365486145020e-01
8.244158625602722168e-01
9.942001104354858398e-01
9.929946660995483398e-01
8.999909162521362305e-01
9.797821044921875000e-01
9.819709062576293945e-01
9.793934226036071777e-01
9.762066006660461426e-01
9.804446697235107422e-01
9.945622086524963379e-01
9.783487915992736816e-01
9.774579405784606934e-01
9.656825065612792969e-01
9.239278808236122131e-01
7.631487250328063965e-01
5.398301184177398682e-01
3.319560885429382324e-01
6.530534625053405762e-01
8.067748546600341797e-01
7.963882088661193848e-01
7.675281763076782227e-01
7.065406441688537598e-01
6.683996617794036865e-01
6.009373664855957031e-01
6.299917101860046387e-01
3.541616797447204590e-01
5.006676912307739258e-01
4.059653878211975098e-01
4.057951569557189941e-01
4.679669737815856934e-01
3.765854537487030029e-01
4.113522768020629883e-01
3.511685132980346680e-01
4.000862240791320801e-01
3.116200566291809082e-01
3.788949847221374512e-01
2.590180635452270508e-01
3.282851576805114746e-01
3.410521745681762695e-01
2.242222428321838379e-01
2.817556262016296387e-01
4.210724234580993652e-01
2.180996537208557129e-01
2.885074019432067871e-01
3.285258412361145020e-01
3.418273329734802246e-01
2.917115092277526855e-01
3.409586548805236816e-01
3.786888122558593750e-01
3.809286952018737793e-01
3.879392147064208984e-01
4.037708640098571777e-01
3.641167879104614258e-01
2.613758742809295654e-01
3.997425436973571777e-01
3.714922666549682617e-01
4.281126260757446289e-01
3.932756781578063965e-01
3.527129292488098145e-01
4.067282676696777344e-01
3.585853874683380127e-01
2.892230153083801270e-01
3.933048248291015625e-01
3.724538683891296387e-01
2.913676500320434570e-01
3.497659564018249512e-01
3.798247873783111572e-01
4.346424937248229980e-01
4.424436688423156738e-01
4.105692207813262939e-01
3.989658355712890625e-01
3.695376515388488770e-01
