9.961766004562377930e-01
9.970693588256835938e-01
9.985863566398620605e-01
6.561008989810943604e-01
9.846214652061462402e-01
9.987663626670837402e-01
4.852566719055175781e-01
7.445484995841979980e-01
9.955805540084838867e-01
9.956941008567810059e-01
9.976858496665954590e-01
9.995087981224060059e-01
9.998688101768493652e-01
9.998847842216491699e-01
9.987072944641113281e-01
9.982871413230895996e-01
9.994984865188598633e-01
9.998257160186767578e-01
9.998814463615417480e-01
9.585264921188354492e-01
9.979286193847656250e-01
9.996428489685058594e-01
9.998295903205871582e-01
9.998399615287780762e-01
9.999109506607055664e-01
9.999142289161682129e-01
9.999448657035827637e-01
9.999305605888366699e-01
9.998197555541992188e-01
9.998757839202880859e-01
9.999055266380310059e-01
9.999178051948547363e-01
9.999440312385559082e-01
9.999418854713439941e-01
9.999035596847534180e-01
9.998966455459594727e-01
9.999222755432128906e-01
9.997323155403137207e-01
8.683731555938720703e-01
9.904291629791259766e-01
9.989987015724182129e-01
9.996576309204101562e-01
9.932143092155456543e-01
9.327992796897888184e-01
9.825701117515563965e-01
5.150876045227050781e-01
7.858385443687438965e-01
9.968463182449340820e-01
7.040547132492065430e-01
9.977597594261169434e-01
9.990393519401550293e-01
9.994336962699890137e-01
9.994859695434570312e-01
9.996322989463806152e-01
9.996432065963745117e-01
9.998582601547241211e-01
9.993760585784912109e-01
9.991875290870666504e-01
9.996637105941772461e-01
9.996362328529357910e-01
9.997017979621887207e-01
9.996749758720397949e-01
9.997918605804443359e-01
9.991730451583862305e-01
9.987779855728149414e-01
9.995468258857727051e-01
9.993613362312316895e-01
9.992963671684265137e-01
9.988285303115844727e-01
9.990440607070922852e-01
9.995923042297363281e-01
9.987429380416870117e-01
9.989381432533264160e-01
9.991109371185302734e-01
9.987972974777221680e-01
9.970370531082153320e-01
9.961632490158081055e-01
9.996578097343444824e-01
9.958505034446716309e-01
9.982203245162963867e-01
9.988582730293273926e-01
9.974820613861083984e-01
9.996379017829895020e-01
9.972983598709106445e-01
9.992395639419555664e-01
9.996397495269775391e-01
9.995129108428955078e-01
9.996232986450195312e-01
9.991154074668884277e-01
9.997412562370300293e-01
9.996244311332702637e-01
9.997783899307250977e-01
9.996054768562316895e-01
9.960121512413024902e-01
9.996242523193359375e-01
9.995354413986206055e-01
9.997154474258422852e-01
9.997245073318481445e-01
9.983744025230407715e-01
9.995064139366149902e-01
9.981150031089782715e-01
9.996543526649475098e-01
9.996821880340576172e-01
9.990693926811218262e-01
9.992347359657287598e-01
9.995372891426086426e-01
9.997031092643737793e-01
9.995630979537963867e-01
9.963510632514953613e-01
9.893431663513183594e-01
9.923448562622070312e-01
9.993572831153869629e-01
9.992456436157226562e-01
9.996010661125183105e-01
9.992563128471374512e-01
9.997940063476562500e-01
9.995850920677185059e-01
9.985182285308837891e-01
9.941549301147460938e-01
9.993819594383239746e-01
9.993433952331542969e-01
9.978408813476562500e-01
9.541617035865783691e-01
7.137488424777984619e-01
9.842212796211242676e-01
9.982695579528808594e-01
9.900464415550231934e-01
9.728038907051086426e-01
9.712302088737487793e-01
9.987186789512634277e-01
9.983932375907897949e-01
9.991009831428527832e-01
9.929002523422241211e-01
9.920368194580078125e-01
9.898057579994201660e-01
9.841693639755249023e-01
9.935109019279479980e-01
9.924523234367370605e-01
9.982342123985290527e-01
9.900976419448852539e-01
9.945660233497619629e-01
9.868681430816650391e-01
9.965206384658813477e-01
9.661416411399841309e-01
9.745420813560485840e-01
9.296364188194274902e-01
9.727486968040466309e-01
8.970501422882080078e-01
6.932913661003112793e-01
7.223270535469055176e-01
5.583165287971496582e-01
7.548022866249084473e-01
4.871904253959655762e-01
6.787807345390319824e-01
9.335096925497055054e-01
8.000504374504089355e-01
8.186354637145996094e-01
8.422554731369018555e-01
8.941621184349060059e-01
5.706542432308197021e-01
5.912353992462158203e-01
8.657446503639221191e-01
8.707749247550964355e-01
2.418990135192871094e-01
5.819762349128723145e-01
5.067756772041320801e-01
4.945656061172485352e-01
6.253926455974578857e-01
5.378609597682952881e-01
5.773379504680633545e-01
3.337661027908325195e-01
7.275613546371459961e-01
1.543274670839309692e-01
2.432786226272583008e-01
9.379174113273620605e-01
8.069179058074951172e-01
8.212504982948303223e-01
9.752470254898071289e-01
7.555429339408874512e-01
9.098477363586425781e-01
8.416590690612792969e-01
7.314924597740173340e-01
7.068180441856384277e-01
9.291509389877319336e-01
8.699822425842285156e-01
6.363837718963623047e-01
5.687522888183593750e-01
8.579966425895690918e-01
9.294102787971496582e-01
9.683542847633361816e-01
9.433714747428894043e-01
9.205061793327331543e-01
6.982073783874511719e-01
8.344468474388122559e-01
9.254159331321716309e-01
7.778709530830383301e-01
8.087447285652160645e-01
8.607285618782043457e-01
5.055789053440093994e-01
9.152298569679260254e-01
1.837747693061828613e-01
5.788060426712036133e-01
2.953218221664428711e-01
8.469352722167968750e-01
9.381342530250549316e-01
9.842507839202880859e-01
8.795298933982849121e-01
7.600287646055221558e-01
5.025187730789184570e-01
9.159068465232849121e-01
6.672698855400085449e-01
3.964874148368835449e-01
7.618220448493957520e-01
5.169492363929748535e-01
6.100950241088867188e-01
2.687876522541046143e-01
7.496492862701416016e-01
7.232985198497772217e-01
5.853389501571655273e-01
6.412620544433593750e-01
7.681688070297241211e-01
7.786976695060729980e-01
6.674714088439941406e-01
7.817797660827636719e-01
7.837660610675811768e-01
7.800319194793701172e-01
5.290350317955017090e-01
6.464952826499938965e-01
5.763767361640930176e-01
4.954806864261627197e-01
6.015350222587585449e-01
6.205078065395355225e-01
6.304429173469543457e-01
6.880518198013305664e-01
5.801237821578979492e-01
6.567710638046264648e-01
4.118045866489410400e-01
4.851755797863006592e-01
5.179870724678039551e-01
6.543833613395690918e-01
5.765746235847473145e-01
7.158547341823577881e-01
5.611233115196228027e-01
6.612457633018493652e-01
5.276349186897277832e-01
4.807128906250000000e-01
5.276144742965698242e-01
4.242789149284362793e-01
4.082661271095275879e-01
2.971434295177459717e-01
4.429180026054382324e-01
3.821884095668792725e-01
3.391320705413818359e-01
3.256033658981323242e-01
4.783453941345214844e-01
4.415340721607208252e-01
5.730039775371551514e-01
3.724668323993682861e-01
5.189484655857086182e-01
5.140804648399353027e-01
3.473774194717407227e-01
4.353948235511779785e-01
2.181833982467651367e-01
3.472014665603637695e-01
2.624853849411010742e-01
2.583040297031402588e-01
3.201994895935058594e-01
3.292284011840820312e-01
3.474093079566955566e-01
4.073182344436645508e-01
2.897224426269531250e-01
3.415274024009704590e-01
3.245133161544799805e-01
3.021159172058105469e-01
3.888977766036987305e-01
3.299064338207244873e-01
2.980687022209167480e-01
3.709986209869384766e-01
3.548555970191955566e-01
3.283935189247131348e-01
