9.961766004562377930e-01
9.970693588256835938e-01
4.997427463531494141e-01
5.682862997055053711e-01
9.958591461181640625e-01
9.985280632972717285e-01
9.986448287963867188e-01
9.990281462669372559e-01
9.996793270111083984e-01
9.928966164588928223e-01
9.857288599014282227e-01
9.994789361953735352e-01
9.998585581779479980e-01
9.988344311714172363e-01
9.980738162994384766e-01
9.994714856147766113e-01
9.994907379150390625e-01
9.998394846916198730e-01
9.998552203178405762e-01
9.998669028282165527e-01
9.998931884765625000e-01
9.998812675476074219e-01
9.997652173042297363e-01
9.996973872184753418e-01
9.999223351478576660e-01
9.999418258666992188e-01
9.999339580535888672e-01
9.988370537757873535e-01
9.998577237129211426e-01
9.999147057533264160e-01
9.999091625213623047e-01
9.999374151229858398e-01
9.999347329139709473e-01
9.998881220817565918e-01
9.998956918716430664e-01
9.999222755432128906e-01
9.999190568923950195e-01
9.997770786285400391e-01
9.883664250373840332e-01
9.889091849327087402e-01
9.806652069091796875e-01
9.814081788063049316e-01
9.975517392158508301e-01
9.996604323387145996e-01
9.786328673362731934e-01
3.467704355716705322e-01
9.076341390609741211e-01
6.909353137016296387e-01
8.141893744468688965e-01
9.993284940719604492e-01
9.993872046470642090e-01
9.996141195297241211e-01
9.994159936904907227e-01
9.996319413185119629e-01
9.998561143875122070e-01
9.993141889572143555e-01
9.991627335548400879e-01
9.996569752693176270e-01
9.996193051338195801e-01
9.996948838233947754e-01
9.996830224990844727e-01
9.998518824577331543e-01
9.991513490676879883e-01
9.986990690231323242e-01
9.995455145835876465e-01
9.994738101959228516e-01
9.994840025901794434e-01
9.994639754295349121e-01
9.991553425788879395e-01
9.995840191841125488e-01
9.972146749496459961e-01
9.973360896110534668e-01
9.994887709617614746e-01
9.976689219474792480e-01
9.965212941169738770e-01
9.985280632972717285e-01
9.997557401657104492e-01
9.746745824813842773e-01
9.939028620719909668e-01
9.987519979476928711e-01
9.994654655456542969e-01
9.989135861396789551e-01
9.994838237762451172e-01
9.984507560729980469e-01
9.997928142547607422e-01
9.997187256813049316e-01
9.996370673179626465e-01
9.996923804283142090e-01
9.995741248130798340e-01
9.995963573455810547e-01
9.995316863059997559e-01
9.995996356010437012e-01
9.993845820426940918e-01
9.985637068748474121e-01
9.994202852249145508e-01
9.994771480560302734e-01
9.996029138565063477e-01
9.989542365074157715e-01
9.983487725257873535e-01
9.992339611053466797e-01
9.985210299491882324e-01
9.996700882911682129e-01
9.989072680473327637e-01
9.986032247543334961e-01
9.984583258628845215e-01
9.992722868919372559e-01
9.995223283767700195e-01
9.995836019515991211e-01
9.930377006530761719e-01
9.422668218612670898e-01
9.946721792221069336e-01
9.823252558708190918e-01
9.952681064605712891e-01
9.988283514976501465e-01
9.993554353713989258e-01
9.990408420562744141e-01
9.892892837524414062e-01
9.974468946456909180e-01
9.993808269500732422e-01
9.995831847190856934e-01
9.994115233421325684e-01
9.591633081436157227e-01
9.943673014640808105e-01
8.626883625984191895e-01
9.545269608497619629e-01
9.837847352027893066e-01
9.973891973495483398e-01
7.455250620841979980e-01
9.663847684860229492e-01
9.859172701835632324e-01
9.987334012985229492e-01
9.983175992965698242e-01
9.852647185325622559e-01
9.834133386611938477e-01
9.906123876571655273e-01
9.953271746635437012e-01
9.293901324272155762e-01
9.969857931137084961e-01
9.857541322708129883e-01
9.686177968978881836e-01
9.660670161247253418e-01
9.940483570098876953e-01
9.861357808113098145e-01
9.602509140968322754e-01
7.608280926942825317e-01
9.279105663299560547e-01
5.034305155277252197e-01
5.766598880290985107e-01
7.598193883895874023e-01
7.521956562995910645e-01
2.182688117027282715e-01
6.149106323719024658e-01
6.501150727272033691e-01
3.626291751861572266e-01
6.543367505073547363e-01
3.533625900745391846e-01
4.862817227840423584e-01
5.490613579750061035e-01
5.397460162639617920e-01
5.247255265712738037e-01
4.570942521095275879e-01
4.315209388732910156e-01
5.486695766448974609e-01
3.998472094535827637e-01
5.713686347007751465e-01
4.283573925495147705e-01
3.873797655105590820e-01
4.145438969135284424e-01
4.288788735866546631e-01
3.530571758747100830e-01
3.836300671100616455e-01
3.826409578323364258e-01
2.980022430419921875e-01
2.775012552738189697e-01
2.710973620414733887e-01
1.731900572776794434e-01
3.598163723945617676e-01
2.920094728469848633e-01
3.522074222564697266e-01
4.660910665988922119e-01
4.235161542892456055e-01
3.972066044807434082e-01
3.217877149581909180e-01
3.134917318820953369e-01
2.539173960685729980e-01
2.337547540664672852e-01
2.042851448059082031e-01
3.216191530227661133e-01
3.506639003753662109e-01
4.325466156005859375e-01
3.679554462432861328e-01
4.003318548202514648e-01
4.481026530265808105e-01
3.456684350967407227e-01
3.509716391563415527e-01
3.485892415046691895e-01
4.434636235237121582e-01
3.737210631370544434e-01
5.141457915306091309e-01
4.254052340984344482e-01
4.276265501976013184e-01
4.731979966163635254e-01
4.699459671974182129e-01
4.941380023956298828e-01
3.968079090118408203e-01
4.454694390296936035e-01
5.512518286705017090e-01
4.218145608901977539e-01
4.867682456970214844e-01
4.286698102951049805e-01
