9.961766004562377930e-01
9.970693588256835938e-01
9.985863566398620605e-01
6.561008989810943604e-01
9.846214652061462402e-01
9.987663626670837402e-01
4.852566421031951904e-01
7.445484995841979980e-01
9.955805540084838867e-01
9.956941008567810059e-01
9.976858496665954590e-01
9.995087981224060059e-01
9.998688101768493652e-01
9.998847842216491699e-01
9.987072944641113281e-01
9.982871413230895996e-01
9.994984865188598633e-01
9.998257160186767578e-01
9.998814463615417480e-01
9.585264921188354492e-01
9.979286193847656250e-01
9.996428489685058594e-01
9.998295903205871582e-01
9.998399615287780762e-01
9.999109506607055664e-01
9.999142289161682129e-01
9.999448657035827637e-01
9.999305605888366699e-01
9.998197555541992188e-01
9.998757839202880859e-01
9.999055266380310059e-01
9.999178051948547363e-01
9.999440312385559082e-01
9.999418854713439941e-01
9.999035596847534180e-01
9.998966455459594727e-01
9.999222755432128906e-01
9.997323155403137207e-01
8.698069453239440918e-01
9.900598526000976562e-01
9.989786744117736816e-01
9.996536374092102051e-01
9.928505420684814453e-01
9.913960695266723633e-01
9.996613860130310059e-01
9.996581077575683594e-01
9.992516636848449707e-01
9.997619390487670898e-01
9.992138743400573730e-01
9.997727870941162109e-01
9.966540336608886719e-01
9.976280927658081055e-01
9.992915987968444824e-01
9.989145994186401367e-01
9.766092766076326370e-01
9.972124695777893066e-01
9.996298551559448242e-01
9.981723427772521973e-01
9.988396763801574707e-01
9.992692470550537109e-01
9.990484714508056641e-01
9.997834563255310059e-01
9.997979402542114258e-01
9.997912049293518066e-01
9.990754723548889160e-01
9.986296892166137695e-01
9.996643662452697754e-01
9.996179938316345215e-01
9.991328716278076172e-01
9.997406005859375000e-01
9.998503327369689941e-01
9.997147321701049805e-01
9.994323253631591797e-01
9.993394613265991211e-01
9.967211484909057617e-01
9.036286473274230957e-01
8.980129361152648926e-01
9.958537817001342773e-01
9.473404884338378906e-01
9.504511356353759766e-01
5.165398120880126953e-01
9.984335303306579590e-01
9.930049777030944824e-01
9.985024333000183105e-01
9.985576272010803223e-01
9.995578527450561523e-01
9.997115135192871094e-01
9.996449947357177734e-01
9.996569752693176270e-01
9.996948838233947754e-01
9.997297525405883789e-01
9.997305274009704590e-01
9.991986751556396484e-01
9.992982149124145508e-01
9.989795088768005371e-01
9.996050596237182617e-01
9.997314214706420898e-01
9.993265271186828613e-01
9.994047880172729492e-01
9.997677803039550781e-01
9.992597699165344238e-01
9.985014200210571289e-01
9.825378060340881348e-01
9.866965413093566895e-01
9.941219687461853027e-01
9.962983131408691406e-01
9.933199286460876465e-01
9.980174303054809570e-01
9.984118342399597168e-01
9.890313744544982910e-01
9.991814494132995605e-01
9.953849911689758301e-01
9.986004233360290527e-01
9.970812201499938965e-01
9.984030127525329590e-01
9.995229840278625488e-01
9.981210827827453613e-01
9.968610405921936035e-01
9.938747286796569824e-01
9.983617663383483887e-01
9.992043375968933105e-01
9.996050596237182617e-01
9.966026544570922852e-01
9.901604056358337402e-01
8.874745368957519531e-01
7.653547525405883789e-01
9.241941571235656738e-01
9.458454921841621399e-01
9.629650712013244629e-01
8.289943337440490723e-01
7.997615337371826172e-01
9.794666767120361328e-01
5.698494911193847656e-01
9.629572629928588867e-01
8.234013915061950684e-01
9.097588062286376953e-01
7.916364073753356934e-01
9.486520886421203613e-01
9.895621538162231445e-01
9.241130352020263672e-01
9.801496267318725586e-01
9.204699993133544922e-01
8.997453451156616211e-01
9.682057499885559082e-01
8.706642389297485352e-01
9.319012686610221863e-01
6.939272284507751465e-01
6.660000681877136230e-01
4.391795396804809570e-01
3.404818773269653320e-01
5.891361832618713379e-01
4.487720429897308350e-01
6.449999213218688965e-01
5.939241349697113037e-01
6.440734863281250000e-01
6.571937203407287598e-01
4.984328448772430420e-01
4.830039143562316895e-01
4.300565719604492188e-01
4.302950501441955566e-01
2.893748283386230469e-01
3.198577165603637695e-01
4.507985711097717285e-01
2.731785774230957031e-01
4.870189130306243896e-01
4.526759982109069824e-01
3.550401329994201660e-01
4.829680323600769043e-01
3.714467883110046387e-01
3.364644646644592285e-01
4.120793342590332031e-01
3.173866868019104004e-01
3.518903851509094238e-01
2.390163391828536987e-01
2.597531676292419434e-01
2.834495306015014648e-01
3.817560672760009766e-01
3.680729269981384277e-01
2.930678725242614746e-01
2.548553943634033203e-01
2.792852520942687988e-01
3.550670742988586426e-01
3.124369382858276367e-01
4.220970869064331055e-01
3.756274580955505371e-01
3.347424268722534180e-01
5.041169524192810059e-01
4.877769947052001953e-01
5.325403809547424316e-01
3.290705680847167969e-01
3.644930720329284668e-01
4.545659422874450684e-01
5.060695409774780273e-01
4.886119663715362549e-01
5.069780945777893066e-01
4.401383996009826660e-01
4.790770709514617920e-01
4.500243067741394043e-01
3.776722550392150879e-01
3.916757106781005859e-01
5.115461945533752441e-01
4.206621646881103516e-01
6.809184551239013672e-01
5.154237449169158936e-01
5.857175588607788086e-01
