9.961766004562377930e-01
9.970693588256835938e-01
9.985863566398620605e-01
6.561008989810943604e-01
9.846214652061462402e-01
9.987663626670837402e-01
4.852566719055175781e-01
7.445484995841979980e-01
9.955805540084838867e-01
9.956941008567810059e-01
9.976858496665954590e-01
9.995087981224060059e-01
9.998688101768493652e-01
9.998847842216491699e-01
9.987072944641113281e-01
9.982871413230895996e-01
9.994984865188598633e-01
9.998257160186767578e-01
9.998814463615417480e-01
9.585264921188354492e-01
9.979286193847656250e-01
9.996428489685058594e-01
9.998295903205871582e-01
9.998399615287780762e-01
9.999109506607055664e-01
9.999142289161682129e-01
9.999448657035827637e-01
9.999305605888366699e-01
9.998197555541992188e-01
9.998757839202880859e-01
9.999055266380310059e-01
9.999178051948547363e-01
9.999440312385559082e-01
9.998990893363952637e-01
9.998912811279296875e-01
9.999257326126098633e-01
9.999186992645263672e-01
9.997813701629638672e-01
8.393104076385498047e-01
9.897111058235168457e-01
9.991409778594970703e-01
9.771909117698669434e-01
9.900799989700317383e-01
7.784621715545654297e-01
9.798653125762939453e-01
6.300370693206787109e-01
7.413945198059082031e-01
9.963222742080688477e-01
7.867436408996582031e-01
9.971183538436889648e-01
9.990181326866149902e-01
9.994394779205322266e-01
9.994680881500244141e-01
9.996413588523864746e-01
9.996384382247924805e-01
9.998578429222106934e-01
9.993754625320434570e-01
9.991984367370605469e-01
9.996623992919921875e-01
9.996358156204223633e-01
9.997009634971618652e-01
9.996801018714904785e-01
9.997934699058532715e-01
9.991831183433532715e-01
9.987736940383911133e-01
9.995445609092712402e-01
9.993637800216674805e-01
9.992716908454895020e-01
9.988638758659362793e-01
9.993541240692138672e-01
9.996758103370666504e-01
9.989261031150817871e-01
9.991886615753173828e-01
9.996227622032165527e-01
9.978939294815063477e-01
9.978075623512268066e-01
9.948041439056396484e-01
9.996288418769836426e-01
9.994950890541076660e-01
9.997483491897583008e-01
9.996020197868347168e-01
9.988819360733032227e-01
9.986507296562194824e-01
9.930416345596313477e-01
9.990993738174438477e-01
9.992232322692871094e-01
9.994466900825500488e-01
9.994816780090332031e-01
9.963250160217285156e-01
9.972585439682006836e-01
9.991590976715087891e-01
9.986245036125183105e-01
9.996991157531738281e-01
9.990690946578979492e-01
9.994016289710998535e-01
9.996414780616760254e-01
9.992358088493347168e-01
9.993472099304199219e-01
9.992994666099548340e-01
9.989683032035827637e-01
9.985327720642089844e-01
9.995563030242919922e-01
9.997086524963378906e-01
9.991830587387084961e-01
9.994459748268127441e-01
9.995000958442687988e-01
9.966069459915161133e-01
9.994902014732360840e-01
9.990279674530029297e-01
9.854999780654907227e-01
9.988960623741149902e-01
9.978111982345581055e-01
9.986833930015563965e-01
9.985819458961486816e-01
9.987149834632873535e-01
9.994347095489501953e-01
9.990081191062927246e-01
9.971410632133483887e-01
9.976247549057006836e-01
9.994618296623229980e-01
9.992855191230773926e-01
9.988195896148681641e-01
9.401069283485412598e-01
9.613971114158630371e-01
9.977831840515136719e-01
9.495707750320434570e-01
9.674835801124572754e-01
9.973441362380981445e-01
9.946553707122802734e-01
9.968709349632263184e-01
9.972370862960815430e-01
9.984256029129028320e-01
9.909467697143554688e-01
9.883028268814086914e-01
9.928292632102966309e-01
9.913655519485473633e-01
9.486357569694519043e-01
9.428210854530334473e-01
9.940252900123596191e-01
9.697616100311279297e-01
9.851058721542358398e-01
9.614015221595764160e-01
9.896322488784790039e-01
8.665761351585388184e-01
8.647536039352416992e-01
9.787999391555786133e-01
8.974349498748779297e-01
8.377256691455841064e-01
9.405931234359741211e-01
8.046111464500427246e-01
6.188802719116210938e-01
6.626650691032409668e-01
6.421648561954498291e-01
1.427693367004394531e-01
8.061826825141906738e-01
3.723444938659667969e-01
7.079820632934570312e-01
6.298748254776000977e-01
6.880353093147277832e-01
5.041171610355377197e-01
6.039961874485015869e-01
7.061076462268829346e-01
6.484251022338867188e-01
6.698499917984008789e-01
5.643162727355957031e-01
3.990744650363922119e-01
3.520063459873199463e-01
3.067944645881652832e-01
2.872188091278076172e-01
3.028084635734558105e-01
4.124905467033386230e-01
2.626110911369323730e-01
3.373233675956726074e-01
3.906686305999755859e-01
3.122361898422241211e-01
3.461159467697143555e-01
2.326846718788146973e-01
4.181205630302429199e-01
3.172195553779602051e-01
4.022161066532135010e-01
3.863084018230438232e-01
4.165422022342681885e-01
4.290400743484497070e-01
3.914621174335479736e-01
3.411225080490112305e-01
2.605775594711303711e-01
2.913989424705505371e-01
2.606329917907714844e-01
3.671579062938690186e-01
2.470390051603317261e-01
4.295914471149444580e-01
3.119881153106689453e-01
4.274432361125946045e-01
3.653768301010131836e-01
4.323106408119201660e-01
4.490869343280792236e-01
4.475135803222656250e-01
4.595081508159637451e-01
3.436363339424133301e-01
3.660405874252319336e-01
3.397218883037567139e-01
3.431181609630584717e-01
3.434124588966369629e-01
4.213263392448425293e-01
3.825286626815795898e-01
3.617351651191711426e-01
3.157204985618591309e-01
3.697903156280517578e-01
4.241584241390228271e-01
