9.961766004562377930e-01
9.970693588256835938e-01
9.985863566398620605e-01
6.561008989810943604e-01
9.846214652061462402e-01
9.987663626670837402e-01
4.852566421031951904e-01
7.445484995841979980e-01
9.955805540084838867e-01
9.956941008567810059e-01
9.976858496665954590e-01
9.995087981224060059e-01
9.998688101768493652e-01
9.998847842216491699e-01
9.987072944641113281e-01
9.982871413230895996e-01
9.994984865188598633e-01
9.998257160186767578e-01
9.998814463615417480e-01
9.585264921188354492e-01
9.979286193847656250e-01
9.996428489685058594e-01
9.998295903205871582e-01
9.998399615287780762e-01
9.999109506607055664e-01
9.999142289161682129e-01
9.999448657035827637e-01
9.999305605888366699e-01
9.998197555541992188e-01
9.998757839202880859e-01
9.999055266380310059e-01
9.999178051948547363e-01
9.999440312385559082e-01
9.999418854713439941e-01
9.999035596847534180e-01
9.998966455459594727e-01
9.999222755432128906e-01
9.997323155403137207e-01
8.698069453239440918e-01
9.900598526000976562e-01
9.989786744117736816e-01
9.816625714302062988e-01
9.900799989700317383e-01
7.784621715545654297e-01
9.835201501846313477e-01
9.995197057723999023e-01
7.091919779777526855e-01
9.927867650985717773e-01
8.512068390846252441e-01
9.976698160171508789e-01
9.991398453712463379e-01
9.995081424713134766e-01
9.996519088745117188e-01
9.994927644729614258e-01
9.996849894523620605e-01
9.998626112937927246e-01
9.994323253631591797e-01
9.992347955703735352e-01
9.996754527091979980e-01
9.996402263641357422e-01
9.997004270553588867e-01
9.996764659881591797e-01
9.997918605804443359e-01
9.991780519485473633e-01
9.986820816993713379e-01
9.994301795959472656e-01
9.993406534194946289e-01
9.992499351501464844e-01
9.988210797309875488e-01
9.993176460266113281e-01
9.997450113296508789e-01
9.995659589767456055e-01
9.997946619987487793e-01
9.998275637626647949e-01
9.995215535163879395e-01
9.995371699333190918e-01
9.995918273925781250e-01
9.996566772460937500e-01
9.997413754463195801e-01
9.995584487915039062e-01
9.991926550865173340e-01
9.995862841606140137e-01
9.995170831680297852e-01
9.997117519378662109e-01
9.997157454490661621e-01
9.996659159660339355e-01
9.998007416725158691e-01
9.996458292007446289e-01
9.996124505996704102e-01
9.993007779121398926e-01
9.997660517692565918e-01
9.997690320014953613e-01
9.997062683105468750e-01
9.994508028030395508e-01
9.995778799057006836e-01
9.997161030769348145e-01
9.996375441551208496e-01
9.992086291313171387e-01
9.997204542160034180e-01
9.995476603507995605e-01
9.993227124214172363e-01
9.988201856613159180e-01
9.995474815368652344e-01
9.997496604919433594e-01
9.993039965629577637e-01
9.994910359382629395e-01
9.957840442657470703e-01
9.973104596138000488e-01
9.992069602012634277e-01
9.953264594078063965e-01
9.997852444648742676e-01
9.985567927360534668e-01
9.967632889747619629e-01
9.993500113487243652e-01
9.982330799102783203e-01
9.985576272010803223e-01
9.965510368347167969e-01
9.994897246360778809e-01
9.977881908416748047e-01
9.976931810379028320e-01
9.993315935134887695e-01
9.987238049507141113e-01
9.990633726119995117e-01
9.993521571159362793e-01
9.901346564292907715e-01
9.594841599464416504e-01
9.721809625625610352e-01
7.822057604789733887e-01
9.198677539825439453e-01
8.916242122650146484e-01
9.562775492668151855e-01
9.809346795082092285e-01
9.962808489799499512e-01
9.979774355888366699e-01
9.786437749862670898e-01
9.963045716285705566e-01
9.548458456993103027e-01
9.972500801086425781e-01
9.698813557624816895e-01
9.866793751716613770e-01
9.739723205566406250e-01
9.870187044143676758e-01
9.703389406204223633e-01
9.857981204986572266e-01
9.792918562889099121e-01
8.561995029449462891e-01
8.103929758071899414e-01
7.312395870685577393e-01
6.695801019668579102e-01
3.743557333946228027e-01
6.298856437206268311e-01
5.000487565994262695e-01
6.411122083663940430e-01
8.285558819770812988e-01
7.155149579048156738e-01
8.199372291564941406e-01
7.939075827598571777e-01
7.383180856704711914e-01
5.823078155517578125e-01
5.425292551517486572e-01
5.399972200393676758e-01
3.450755178928375244e-01
5.008703470230102539e-01
7.139523029327392578e-01
4.435723423957824707e-01
5.227276086807250977e-01
5.365478992462158203e-01
5.600685477256774902e-01
4.146965742111206055e-01
4.394376873970031738e-01
5.455816686153411865e-01
3.516613245010375977e-01
3.647295832633972168e-01
5.122104287147521973e-01
4.998413920402526855e-01
5.245470404624938965e-01
4.624370336532592773e-01
5.235017240047454834e-01
4.229079186916351318e-01
4.089260101318359375e-01
3.473609685897827148e-01
5.036040246486663818e-01
2.603909373283386230e-01
4.323783516883850098e-01
4.262522757053375244e-01
4.676124453544616699e-01
2.331574410200119019e-01
3.343544006347656250e-01
4.488541185855865479e-01
4.113849401473999023e-01
3.535407781600952148e-01
4.270697832107543945e-01
3.901568055152893066e-01
3.871419429779052734e-01
4.336557984352111816e-01
3.228471875190734863e-01
3.402909636497497559e-01
4.064468145370483398e-01
3.565762042999267578e-01
5.681166052818298340e-01
3.601551651954650879e-01
3.981773853302001953e-01
3.736996948719024658e-01
3.627390265464782715e-01
5.235707163810729980e-01
5.197915732860565186e-01
4.787326455116271973e-01
4.373073577880859375e-01
4.142214655876159668e-01
4.234835505485534668e-01
3.621824383735656738e-01
4.858444631099700928e-01
