9.961766004562377930e-01
9.970693588256835938e-01
4.997427463531494141e-01
5.682862997055053711e-01
9.958591461181640625e-01
9.985280632972717285e-01
6.148992180824279785e-01
6.979869604110717773e-01
9.952147006988525391e-01
9.967195391654968262e-01
9.970041513442993164e-01
9.995087981224060059e-01
9.998688101768493652e-01
9.998848438262939453e-01
9.987072944641113281e-01
9.982757938560098410e-01
9.994968175888061523e-01
9.998260140419006348e-01
9.998820424079895020e-01
9.633339047431945801e-01
9.978017807006835938e-01
9.996408820152282715e-01
9.998307824134826660e-01
9.998425841331481934e-01
9.999104738235473633e-01
9.999142885208129883e-01
9.999451041221618652e-01
9.999305605888366699e-01
9.998201131820678711e-01
9.998764395713806152e-01
9.999051690101623535e-01
9.999387264251708984e-01
9.999043941497802734e-01
9.998878240585327148e-01
9.999240040779113770e-01
9.999216794967651367e-01
9.999253153800964355e-01
9.997556805610656738e-01
8.157055974006652832e-01
9.919380545616149902e-01
9.988777637481689453e-01
9.741123709827661514e-01
9.898684620857238770e-01
9.973450899124145508e-01
9.996213316917419434e-01
9.997200369834899902e-01
9.995554089546203613e-01
9.997543096542358398e-01
9.993651509284973145e-01
9.997379779815673828e-01
9.967551827430725098e-01
9.977264404296875000e-01
9.992833733558654785e-01
9.989022612571716309e-01
9.962366819381713867e-01
9.968073964118957520e-01
9.961138963699340820e-01
9.991570711135864258e-01
9.994805455207824707e-01
9.993756413459777832e-01
9.991705417633056641e-01
9.998831748962402344e-01
9.998114109039306641e-01
9.997951388359069824e-01
9.988802075386047363e-01
9.986995458602905273e-01
9.996758103370666504e-01
9.994885921478271484e-01
9.990223646163940430e-01
9.998613595962524414e-01
9.998456835746765137e-01
9.992230534553527832e-01
9.996040463447570801e-01
9.981555342674255371e-01
9.962782859802246094e-01
9.993395209312438965e-01
9.997880458831787109e-01
9.989477992057800293e-01
9.996569752693176270e-01
9.992543458938598633e-01
9.994642734527587891e-01
9.995609521865844727e-01
9.994480013847351074e-01
9.997336268424987793e-01
9.994964003562927246e-01
9.979201555252075195e-01
9.997925162315368652e-01
9.997091293334960938e-01
9.995159506797790527e-01
9.996797442436218262e-01
9.994515776634216309e-01
9.997012615203857422e-01
9.996101260185241699e-01
9.993756413459777832e-01
9.995198845863342285e-01
9.992171525955200195e-01
9.994720220565795898e-01
9.995863437652587891e-01
9.985913634300231934e-01
9.984241724014282227e-01
9.995464682579040527e-01
9.997410774230957031e-01
9.995719194412231445e-01
9.996372461318969727e-01
9.992170333862304688e-01
9.987946748733520508e-01
9.980642795562744141e-01
9.990106821060180664e-01
9.996572732925415039e-01
9.995522499084472656e-01
9.996000528335571289e-01
9.995496273040771484e-01
9.997738599777221680e-01
9.991847276687622070e-01
9.991356730461120605e-01
9.992994666099548340e-01
9.903931021690368652e-01
9.994753003120422363e-01
9.994099140167236328e-01
9.997791647911071777e-01
9.996040463447570801e-01
9.988887310028076172e-01
9.998104572296142578e-01
9.987520575523376465e-01
9.367103576660156250e-01
9.813975691795349121e-01
9.848262667655944824e-01
9.976496100425720215e-01
8.475819826126098633e-01
9.757987260818481445e-01
9.910100698471069336e-01
7.731449007987976074e-01
9.169130325317382812e-01
9.262480139732360840e-01
9.750714302062988281e-01
8.835519552230834961e-01
9.617800712585449219e-01
9.423719644546508789e-01
8.715392351150512695e-01
9.364386200904846191e-01
9.567520022392272949e-01
8.130886554718017578e-01
9.574043154716491699e-01
9.212754368782043457e-01
8.506703972816467285e-01
7.771243453025817871e-01
8.986603617668151855e-01
5.566897094249725342e-01
8.369136154651641846e-01
5.254586338996887207e-01
4.705046713352203369e-01
3.797111511230468750e-01
5.527867674827575684e-01
6.854916810989379883e-01
6.102642416954040527e-01
6.318562626838684082e-01
6.169936060905456543e-01
5.206742882728576660e-01
5.793942213058471680e-01
5.035811960697174072e-01
6.460407972335815430e-01
6.469023227691650391e-01
6.065371632575988770e-01
5.183810889720916748e-01
3.112518787384033203e-01
4.276737570762634277e-01
3.451318740844726562e-01
3.264337480068206787e-01
4.189903140068054199e-01
4.192622900009155273e-01
4.776305556297302246e-01
4.194037914276123047e-01
3.990797400474548340e-01
4.003334045410156250e-01
3.042355477809906006e-01
2.596917748451232910e-01
3.918154239654541016e-01
3.270687460899353027e-01
3.165842294692993164e-01
3.387242853641510010e-01
3.123465180397033691e-01
3.942069411277770996e-01
3.870185911655426025e-01
4.672139286994934082e-01
4.722999334335327148e-01
5.052538216114044189e-01
4.697738885879516602e-01
5.051227509975433350e-01
5.517501831054687500e-01
4.659979939460754395e-01
5.460463762283325195e-01
4.744103550910949707e-01
4.531168043613433838e-01
4.081165790557861328e-01
5.234763920307159424e-01
4.558557868003845215e-01
4.200699925422668457e-01
4.590694606304168701e-01
3.490969240665435791e-01
4.011018872261047363e-01
4.037975072860717773e-01
3.909251689910888672e-01
4.543758630752563477e-01
3.748977184295654297e-01
5.243699848651885986e-01
5.459640324115753174e-01
