9.961766004562377930e-01
9.970693588256835938e-01
9.985863566398620605e-01
6.561009287834167480e-01
9.846214652061462402e-01
9.987663626670837402e-01
4.852566719055175781e-01
7.445484995841979980e-01
9.955805540084838867e-01
9.956941008567810059e-01
9.976858496665954590e-01
9.995087981224060059e-01
9.998688101768493652e-01
9.998847842216491699e-01
9.987072944641113281e-01
9.982871413230895996e-01
9.994984865188598633e-01
9.998257160186767578e-01
9.998814463615417480e-01
9.585265293717384338e-01
9.979286193847656250e-01
9.996428489685058594e-01
9.998295903205871582e-01
9.998399615287780762e-01
9.999109506607055664e-01
9.999142289161682129e-01
9.999448657035827637e-01
9.999305605888366699e-01
9.998197555541992188e-01
9.998757839202880859e-01
9.999055266380310059e-01
9.999178051948547363e-01
9.999440312385559082e-01
9.999418854713439941e-01
9.999035596847534180e-01
9.998966455459594727e-01
9.999222755432128906e-01
9.997323155403137207e-01
8.683731555938720703e-01
9.902617931365966797e-01
9.990102052688598633e-01
9.996576309204101562e-01
9.930981993675231934e-01
9.913960695266723633e-01
9.996269941329956055e-01
9.996204972267150879e-01
9.991515278816223145e-01
9.997617006301879883e-01
9.954196810722351074e-01
9.945158958435058594e-01
9.966185688972473145e-01
9.989207983016967773e-01
9.990030527114868164e-01
9.991533160209655762e-01
9.995244741439819336e-01
9.997864365577697754e-01
9.994419217109680176e-01
9.990345239639282227e-01
9.997038841247558594e-01
9.996838569641113281e-01
9.996809363365173340e-01
9.995089769363403320e-01
9.997783303260803223e-01
9.991987347602844238e-01
9.985875487327575684e-01
9.994805455207824707e-01
9.994141459465026855e-01
9.995301961898803711e-01
9.994220733642578125e-01
9.991822242736816406e-01
9.996961355209350586e-01
9.987536668777465820e-01
9.994089007377624512e-01
9.989768266677856445e-01
9.962589740753173828e-01
9.975795149803161621e-01
9.996269941329956055e-01
9.996492862701416016e-01
9.996179938316345215e-01
9.960688948631286621e-01
9.986193180084228516e-01
9.980225563049316406e-01
9.985294938087463379e-01
9.993771910667419434e-01
9.991849064826965332e-01
9.997239708900451660e-01
9.996600747108459473e-01
9.994178414344787598e-01
9.996830224990844727e-01
9.996839761734008789e-01
9.995823502540588379e-01
9.991012215614318848e-01
9.996623396873474121e-01
9.988574981689453125e-01
9.996806383132934570e-01
9.994091391563415527e-01
9.996041655540466309e-01
9.993391633033752441e-01
9.984638690948486328e-01
9.988593459129333496e-01
9.995846152305603027e-01
9.992651343345642090e-01
9.967914819717407227e-01
9.993320703506469727e-01
9.974567890167236328e-01
9.991791248321533203e-01
9.996079206466674805e-01
9.993845820426940918e-01
9.996803998947143555e-01
9.946886301040649414e-01
9.899145960807800293e-01
9.979743957519531250e-01
9.918020963668823242e-01
9.989694356918334961e-01
9.983272552490234375e-01
9.995020627975463867e-01
9.988517165184020996e-01
9.847124218940734863e-01
9.990408420562744141e-01
9.995422363281250000e-01
9.990894794464111328e-01
9.994292855262756348e-01
9.948994517326354980e-01
9.976163506507873535e-01
9.934320449829101562e-01
9.507433176040649414e-01
9.756277799606323242e-01
9.988193511962890625e-01
9.972923398017883301e-01
9.968046545982360840e-01
9.986616373062133789e-01
9.974593520164489746e-01
9.964367151260375977e-01
9.864417314529418945e-01
9.892043471336364746e-01
9.895967245101928711e-01
9.501394629478454590e-01
9.634268879890441895e-01
9.943729043006896973e-01
9.793841838836669922e-01
9.892623424530029297e-01
9.931123256683349609e-01
9.826283454895019531e-01
7.415341138839721680e-01
7.828702926635742188e-01
7.406717538833618164e-01
6.092335879802703857e-01
5.560393631458282471e-01
6.174886226654052734e-01
6.510786414146423340e-01
7.254536747932434082e-01
5.604934096336364746e-01
7.045261263847351074e-01
7.882679849863052368e-01
7.081491649150848389e-01
4.948016405105590820e-01
4.410094022750854492e-01
3.333217203617095947e-01
4.077510237693786621e-01
2.699258327484130859e-01
3.231917023658752441e-01
6.849501132965087891e-01
5.278280377388000488e-01
5.934609770774841309e-01
4.604464769363403320e-01
4.331065416336059570e-01
2.977009415626525879e-01
3.291395902633666992e-01
3.745672106742858887e-01
5.930344462394714355e-01
4.205619692802429199e-01
4.163932800292968750e-01
3.720924854278564453e-01
5.238286554813385010e-01
5.434714555740356445e-01
4.148514866828918457e-01
5.238590836524963379e-01
4.790163040161132812e-01
3.602283596992492676e-01
4.201186299324035645e-01
3.443225324153900146e-01
3.569612503051757812e-01
4.146197438240051270e-01
3.426246643066406250e-01
3.176734447479248047e-01
2.896495461463928223e-01
3.554490506649017334e-01
4.025592803955078125e-01
3.599641919136047363e-01
4.207791984081268311e-01
4.179310798645019531e-01
4.063634574413299561e-01
4.253600239753723145e-01
3.784521818161010742e-01
4.147474169731140137e-01
3.999578952789306641e-01
4.347507953643798828e-01
3.631044030189514160e-01
3.748844861984252930e-01
4.072276949882507324e-01
4.630123972892761230e-01
4.498975872993469238e-01
4.203875660896301270e-01
4.319837093353271484e-01
3.991442918777465820e-01
3.792459368705749512e-01
4.444513916969299316e-01
4.359804391860961914e-01
