9.961766004562377930e-01
9.970693588256835938e-01
9.985863566398620605e-01
6.561009287834167480e-01
9.846214652061462402e-01
9.987663626670837402e-01
4.852566719055175781e-01
7.445484995841979980e-01
9.955805540084838867e-01
9.956941008567810059e-01
9.976858496665954590e-01
9.995087981224060059e-01
9.998688101768493652e-01
9.998847842216491699e-01
9.987072944641113281e-01
9.982871413230895996e-01
9.994984865188598633e-01
9.998257160186767578e-01
9.998814463615417480e-01
9.585264921188354492e-01
9.979286193847656250e-01
9.996428489685058594e-01
9.998295903205871582e-01
9.998399615287780762e-01
9.999109506607055664e-01
9.999142289161682129e-01
9.999448657035827637e-01
9.999305605888366699e-01
9.998197555541992188e-01
9.998757839202880859e-01
9.999055266380310059e-01
9.999178051948547363e-01
9.999440312385559082e-01
9.998990893363952637e-01
9.998912811279296875e-01
9.999257326126098633e-01
9.999186992645263672e-01
9.997813701629638672e-01
8.393104225397109985e-01
9.890288114547729492e-01
9.828311800956726074e-01
9.819319248199462891e-01
9.975655078887939453e-01
9.996530413627624512e-01
9.827944636344909668e-01
3.852101564407348633e-01
8.215351700782775879e-01
9.968516230583190918e-01
9.993243217468261719e-01
9.989678263664245605e-01
9.987936019897460938e-01
9.996430873870849609e-01
9.994770884513854980e-01
9.997012615203857422e-01
9.996843934059143066e-01
9.998527765274047852e-01
9.995114207267761230e-01
9.992505908012390137e-01
9.996658563613891602e-01
9.996397495269775391e-01
9.996971487998962402e-01
9.996792674064636230e-01
9.997923374176025391e-01
9.991625547409057617e-01
9.986830353736877441e-01
9.995259046554565430e-01
9.994468688964843750e-01
9.994692206382751465e-01
9.991745352745056152e-01
9.987541437149047852e-01
9.997869133949279785e-01
9.984404444694519043e-01
9.987393617630004883e-01
9.983258247375488281e-01
9.942752718925476074e-01
9.992513656616210938e-01
9.992855787277221680e-01
9.988566637039184570e-01
9.975769519805908203e-01
9.977347850799560547e-01
9.991387724876403809e-01
9.981749057769775391e-01
9.987077713012695312e-01
9.977849125862121582e-01
9.991074800491333008e-01
9.996119141578674316e-01
9.996045231819152832e-01
9.997208118438720703e-01
9.995981454849243164e-01
9.996441006660461426e-01
9.997414350509643555e-01
9.995305538177490234e-01
9.996957182884216309e-01
9.993702769279479980e-01
9.991719722747802734e-01
9.990742206573486328e-01
9.989751577377319336e-01
9.994997978210449219e-01
9.947829246520996094e-01
9.965323209762573242e-01
9.972687363624572754e-01
9.989921450614929199e-01
9.974997639656066895e-01
9.974935650825500488e-01
9.976428747177124023e-01
9.984320998191833496e-01
9.986986517906188965e-01
9.993513822555541992e-01
9.894046187400817871e-01
9.868559837341308594e-01
9.966174364089965820e-01
9.805653691291809082e-01
9.986861348152160645e-01
9.995048642158508301e-01
9.992604255676269531e-01
9.973784685134887695e-01
9.984570145606994629e-01
9.897178411483764648e-01
9.994958639144897461e-01
9.995929002761840820e-01
9.976762533187866211e-01
9.975167512893676758e-01
9.973470568656921387e-01
8.869206309318542480e-01
9.879568815231323242e-01
8.247402906417846680e-01
8.986054658889770508e-01
9.445934891700744629e-01
9.884046316146850586e-01
9.948512315750122070e-01
9.952349066734313965e-01
9.917280077934265137e-01
9.841083884239196777e-01
9.341219663619995117e-01
6.481410562992095947e-01
9.741777181625366211e-01
9.661751389503479004e-01
8.604437112808227539e-01
9.793670177459716797e-01
8.405634164810180664e-01
9.741938710212707520e-01
8.616552352905273438e-01
8.682972788810729980e-01
9.063988327980041504e-01
6.705762743949890137e-01
8.982850164175033569e-01
5.724863111972808838e-01
6.811095774173736572e-01
8.931077718734741211e-01
6.020833253860473633e-01
5.763777494430541992e-01
7.001754641532897949e-01
3.076425790786743164e-01
3.783906996250152588e-01
3.934024870395660400e-01
7.609241604804992676e-01
3.942573666572570801e-01
6.548664867877960205e-01
3.987030088901519775e-01
4.515951871871948242e-01
5.599243938922882080e-01
1.970053315162658691e-01
3.463585078716278076e-01
4.431190788745880127e-01
4.146233797073364258e-01
2.511420249938964844e-01
2.832313776016235352e-01
2.922723889350891113e-01
2.716604471206665039e-01
3.470968604087829590e-01
4.487417042255401611e-01
4.527460932731628418e-01
3.572822213172912598e-01
4.144801497459411621e-01
3.444796204566955566e-01
2.806239724159240723e-01
2.534165382385253906e-01
3.215659856796264648e-01
2.084443867206573486e-01
2.772292494773864746e-01
3.537702560424804688e-01
3.664336800575256348e-01
2.830756902694702148e-01
3.525993824005126953e-01
2.407338917255401611e-01
2.500359416007995605e-01
2.354111075401306152e-01
4.041397273540496826e-01
5.216726660728454590e-01
4.507307410240173340e-01
3.833584189414978027e-01
3.757499456405639648e-01
4.150391221046447754e-01
4.477959275245666504e-01
3.361801505088806152e-01
3.508322238922119141e-01
3.695766925811767578e-01
4.409963488578796387e-01
3.951793909072875977e-01
4.237173795700073242e-01
3.659667372703552246e-01
4.013926386833190918e-01
3.942046761512756348e-01
4.870350956916809082e-01
4.678758382797241211e-01
3.997936546802520752e-01
4.372016787528991699e-01
4.280561506748199463e-01
4.472193121910095215e-01
3.996029496192932129e-01
