9.961766004562377930e-01
9.970693588256835938e-01
9.985863566398620605e-01
6.561008989810943604e-01
9.846214652061462402e-01
9.987663626670837402e-01
4.852566719055175781e-01
7.445484995841979980e-01
9.955805540084838867e-01
9.956941008567810059e-01
9.976858496665954590e-01
9.995087981224060059e-01
9.998688101768493652e-01
9.988949298858642578e-01
9.980537891387939453e-01
9.995019435882568359e-01
9.994032979011535645e-01
9.998383522033691406e-01
9.998545050621032715e-01
9.998666644096374512e-01
9.998934268951416016e-01
9.998809099197387695e-01
9.997652173042297363e-01
9.996891021728515625e-01
9.999229311943054199e-01
9.999417066574096680e-01
9.999338388442993164e-01
9.988988041877746582e-01
9.998575448989868164e-01
9.999147057533264160e-01
9.999081492424011230e-01
9.999170303344726562e-01
9.999347329139709473e-01
9.998882412910461426e-01
9.998953342437744141e-01
9.999220967292785645e-01
9.999186992645263672e-01
9.997808337211608887e-01
9.886971116065979004e-01
9.902018308639526367e-01
9.991150498390197754e-01
9.996076822280883789e-01
9.932143092155456543e-01
9.335448145866394043e-01
9.821324348449707031e-01
9.992904663085937500e-01
7.182425260543823242e-01
9.918636679649353027e-01
7.201836109161376953e-01
9.976263642311096191e-01
9.989117980003356934e-01
9.993603825569152832e-01
9.995655417442321777e-01
9.994229078292846680e-01
9.996392130851745605e-01
9.998577237129211426e-01
9.993746876716613770e-01
9.992136955261230469e-01
9.996674656867980957e-01
9.996362328529357910e-01
9.997019171714782715e-01
9.996823668479919434e-01
9.997959733009338379e-01
9.991860985755920410e-01
9.987646341323852539e-01
9.995445609092712402e-01
9.993547797203063965e-01
9.992817640304565430e-01
9.988988637924194336e-01
9.990536570549011230e-01
9.995988011360168457e-01
9.993668198585510254e-01
9.990124702453613281e-01
9.986609220504760742e-01
9.975678920745849609e-01
9.993901848793029785e-01
9.994702339172363281e-01
9.995072484016418457e-01
9.998096227645874023e-01
9.991276860237121582e-01
9.994963407516479492e-01
9.996502399444580078e-01
9.973670244216918945e-01
9.991715550422668457e-01
9.972276091575622559e-01
9.997662305831909180e-01
9.991205930709838867e-01
9.995079636573791504e-01
9.995471835136413574e-01
9.995563030242919922e-01
9.996255636215209961e-01
9.997179508209228516e-01
9.994062781333923340e-01
9.992468953132629395e-01
9.988083243370056152e-01
9.994905591011047363e-01
9.993957281112670898e-01
9.996710419654846191e-01
9.982095956802368164e-01
9.958668947219848633e-01
9.992235898971557617e-01
9.996483922004699707e-01
9.995479583740234375e-01
9.994100332260131836e-01
9.991766214370727539e-01
9.997590780258178711e-01
9.996814131736755371e-01
9.997830986976623535e-01
9.995872378349304199e-01
9.992462992668151855e-01
9.992356896400451660e-01
9.970639348030090332e-01
9.995161890983581543e-01
9.995997548103332520e-01
9.990242123603820801e-01
9.996309876441955566e-01
9.997358322143554688e-01
9.996566176414489746e-01
9.997893571853637695e-01
9.916044473648071289e-01
9.980645775794982910e-01
8.753148317337036133e-01
6.627277731895446777e-01
9.390539526939392090e-01
9.964855909347534180e-01
9.972108006477355957e-01
9.994095563888549805e-01
9.988799095153808594e-01
9.959200024604797363e-01
5.208637416362762451e-01
8.486251831054687500e-01
9.566712975502014160e-01
9.267587065696716309e-01
8.739021420478820801e-01
8.909674137830734253e-01
9.450117945671081543e-01
9.832841157913208008e-01
9.850378036499023438e-01
9.480302333831787109e-01
8.710979223251342773e-01
9.856210947036743164e-01
9.839066267013549805e-01
9.818075895309448242e-01
9.248322844505310059e-01
9.217140674591064453e-01
8.651392906904220581e-01
8.653371334075927734e-01
7.952191233634948730e-01
9.408543705940246582e-01
6.706124842166900635e-01
4.958848655223846436e-01
6.786156594753265381e-01
7.496212124824523926e-01
4.521501064300537109e-01
7.359311282634735107e-01
8.375238776206970215e-01
7.155565619468688965e-01
7.075309157371520996e-01
8.690410852432250977e-01
7.665525674819946289e-01
5.814703106880187988e-01
5.691051483154296875e-01
8.364372849464416504e-01
6.605463325977325439e-01
6.600120663642883301e-01
6.324622035026550293e-01
5.841067135334014893e-01
5.053980052471160889e-01
5.341343879699707031e-01
8.037520051002502441e-01
7.524896264076232910e-01
7.616869807243347168e-01
6.188779473304748535e-01
7.695494294166564941e-01
4.112285673618316650e-01
7.834883332252502441e-01
3.889479041099548340e-01
6.069785952568054199e-01
7.358652055263519287e-01
7.863852977752685547e-01
6.712214946746826172e-01
6.908087134361267090e-01
7.915676832199096680e-01
7.963444590568542480e-01
8.375593423843383789e-01
8.324655890464782715e-01
6.334021091461181641e-01
7.667072415351867676e-01
6.840260028839111328e-01
8.091379851102828979e-01
3.601675033569335938e-01
5.719462335109710693e-01
5.147156119346618652e-01
7.943569272756576538e-01
7.463055849075317383e-01
8.942223787307739258e-01
8.065939545631408691e-01
7.625369131565093994e-01
6.189975738525390625e-01
7.244163751602172852e-01
7.190206646919250488e-01
6.281004548072814941e-01
7.876131534576416016e-01
7.492524385452270508e-01
7.531885504722595215e-01
7.275068163871765137e-01
7.941743135452270508e-01
7.831196188926696777e-01
7.647905349731445312e-01
7.537893801927566528e-01
7.828462719917297363e-01
6.890432238578796387e-01
6.245019137859344482e-01
5.360932350158691406e-01
6.149159669876098633e-01
5.663217008113861084e-01
6.640015244483947754e-01
6.450764536857604980e-01
6.979828476905822754e-01
6.944729089736938477e-01
6.932033300399780273e-01
6.001569032669067383e-01
6.028533577919006348e-01
4.804173707962036133e-01
5.494920015335083008e-01
5.966838598251342773e-01
6.242738366127014160e-01
