9.961766004562377930e-01
9.970693588256835938e-01
9.985863566398620605e-01
6.561009287834167480e-01
9.846214652061462402e-01
9.987663626670837402e-01
4.852566421031951904e-01
7.445484995841979980e-01
9.955805540084838867e-01
9.956941008567810059e-01
9.976858496665954590e-01
9.995087981224060059e-01
9.998688101768493652e-01
9.998847842216491699e-01
9.987072944641113281e-01
9.982871413230895996e-01
9.994984865188598633e-01
9.998257160186767578e-01
9.998814463615417480e-01
9.585264921188354492e-01
9.979286193847656250e-01
9.996428489685058594e-01
9.998295903205871582e-01
9.998399615287780762e-01
9.999109506607055664e-01
9.999142289161682129e-01
9.999448657035827637e-01
9.999305605888366699e-01
9.998197555541992188e-01
9.998757839202880859e-01
9.999055266380310059e-01
9.999178051948547363e-01
9.999440312385559082e-01
9.998990893363952637e-01
9.998912811279296875e-01
9.999257326126098633e-01
9.999186992645263672e-01
9.997813701629638672e-01
8.393104076385498047e-01
9.890288114547729492e-01
8.143429756164550781e-01
9.819319248199462891e-01
9.975158572196960449e-01
9.817714691162109375e-01
2.559532523155212402e-01
6.694836020469665527e-01
8.761282563209533691e-01
9.970613121986389160e-01
9.992248415946960449e-01
9.988123774528503418e-01
9.988974928855895996e-01
9.994110465049743652e-01
9.995976686477661133e-01
9.996697902679443359e-01
9.996487498283386230e-01
9.998431205749511719e-01
9.994359612464904785e-01
9.991695880889892578e-01
9.996588230133056641e-01
9.996293187141418457e-01
9.997062087059020996e-01
9.996764659881591797e-01
9.997944235801696777e-01
9.991559386253356934e-01
9.987381100654602051e-01
9.995433688163757324e-01
9.993506669998168945e-01
9.994966387748718262e-01
9.994432330131530762e-01
9.991753697395324707e-01
9.995889663696289062e-01
9.972593784332275391e-01
9.992822408676147461e-01
9.990332126617431641e-01
9.957456588745117188e-01
9.965653419494628906e-01
9.992392659187316895e-01
9.997985959053039551e-01
9.997308850288391113e-01
9.993314146995544434e-01
9.998074173927307129e-01
9.993615746498107910e-01
9.975683689117431641e-01
9.990281462669372559e-01
9.981660246849060059e-01
9.997767210006713867e-01
9.995900988578796387e-01
9.986042976379394531e-01
9.982637763023376465e-01
9.986655712127685547e-01
9.993447661399841309e-01
9.994734525680541992e-01
9.994958639144897461e-01
9.994323849678039551e-01
9.982613325119018555e-01
9.996148347854614258e-01
9.991452097892761230e-01
9.986394643783569336e-01
9.990659356117248535e-01
9.975564479827880859e-01
9.952497482299804688e-01
9.993320703506469727e-01
9.992445111274719238e-01
9.990454316139221191e-01
9.995176792144775391e-01
9.937494993209838867e-01
9.924406409263610840e-01
9.987100362777709961e-01
9.990912079811096191e-01
9.890916347503662109e-01
9.983627200126647949e-01
9.957306385040283203e-01
9.972514510154724121e-01
9.988088607788085938e-01
9.977440834045410156e-01
9.996241331100463867e-01
9.994670748710632324e-01
9.989727139472961426e-01
9.969075918197631836e-01
9.990476965904235840e-01
9.970161914825439453e-01
9.303148984909057617e-01
9.410488605499267578e-01
9.488039612770080566e-01
9.978477358818054199e-01
9.473993182182312012e-01
9.307082295417785645e-01
8.303804993629455566e-01
9.595787450671195984e-01
9.805122613906860352e-01
9.905847907066345215e-01
9.258663058280944824e-01
9.835956096649169922e-01
7.278410196304321289e-01
8.765473142266273499e-01
9.553702473640441895e-01
8.932455182075500488e-01
9.577220082283020020e-01
9.944924712181091309e-01
9.770383834838867188e-01
9.329525232315063477e-01
9.651322960853576660e-01
9.400930404663085938e-01
8.309309482574462891e-01
9.213728308677673340e-01
8.093914985656738281e-01
8.887545466423034668e-01
7.920866012573242188e-01
9.638126492500305176e-01
4.282908439636230469e-01
8.026579320430755615e-01
5.192344188690185547e-01
5.130792558193206787e-01
2.532988786697387695e-01
7.015572190284729004e-01
3.951265513896942139e-01
5.376854538917541504e-01
4.885762333869934082e-01
4.180985391139984131e-01
2.842330932617187500e-01
3.269099891185760498e-01
4.282701611518859863e-01
4.711941480636596680e-01
6.126086115837097168e-01
4.553709626197814941e-01
4.401871562004089355e-01
4.566420614719390869e-01
4.833879470825195312e-01
3.125284314155578613e-01
3.191426396369934082e-01
3.287813663482666016e-01
5.291399359703063965e-01
3.727874159812927246e-01
3.741281032562255859e-01
3.630808293819427490e-01
3.006121516227722168e-01
2.036273479461669922e-01
3.507375419139862061e-01
1.799675077199935913e-01
3.291072845458984375e-01
4.242210388183593750e-01
4.182820320129394531e-01
3.248960375785827637e-01
2.547178268432617188e-01
2.570328116416931152e-01
2.998546361923217773e-01
2.363206744194030762e-01
3.536233007907867432e-01
3.684392571449279785e-01
4.677886962890625000e-01
4.579500257968902588e-01
4.568718075752258301e-01
6.537492275238037109e-01
5.129106640815734863e-01
4.993658363819122314e-01
5.893232226371765137e-01
5.768619775772094727e-01
5.104908347129821777e-01
4.422398209571838379e-01
4.471395015716552734e-01
5.876757502555847168e-01
