9.961766004562377930e-01
9.970693588256835938e-01
9.985863566398620605e-01
6.561008989810943604e-01
9.846214652061462402e-01
9.987663626670837402e-01
4.852566421031951904e-01
7.445484995841979980e-01
9.955805540084838867e-01
9.956941008567810059e-01
9.976858496665954590e-01
9.995087981224060059e-01
9.998688101768493652e-01
9.988949298858642578e-01
9.980537891387939453e-01
9.995019435882568359e-01
9.994032979011535645e-01
9.998383522033691406e-01
9.998545050621032715e-01
9.998666644096374512e-01
9.998934268951416016e-01
9.988467693328857422e-01
9.996949434280395508e-01
9.998439550399780273e-01
9.999200105667114258e-01
9.999439716339111328e-01
9.999244213104248047e-01
9.991375207901000977e-01
9.998873472213745117e-01
9.999049305915832520e-01
9.999081492424011230e-01
9.999170303344726562e-01
9.999347329139709473e-01
9.999031424522399902e-01
9.998953342437744141e-01
9.999220967292785645e-01
9.999186992645263672e-01
9.997808337211608887e-01
9.881086349487304688e-01
9.902339577674865723e-01
8.044335842132568359e-01
9.826820492744445801e-01
7.120646834373474121e-01
9.833930134773254395e-01
5.384615063667297363e-01
5.369151532649993896e-01
9.928714632987976074e-01
6.432886123657226562e-01
8.034680038690567017e-01
9.896880388259887695e-01
9.996175169944763184e-01
9.886237978935241699e-01
9.616824984550476074e-01
9.862518906593322754e-01
9.997240304946899414e-01
9.998462200164794922e-01
9.992600679397583008e-01
9.990336894989013672e-01
9.996725320816040039e-01
9.996094703674316406e-01
9.996810555458068848e-01
9.996588230133056641e-01
9.997796416282653809e-01
9.990705847740173340e-01
9.985979199409484863e-01
9.996637105941772461e-01
9.995931386947631836e-01
9.993179440498352051e-01
9.990412592887878418e-01
9.996727108955383301e-01
9.996777772903442383e-01
9.991309046745300293e-01
9.992712736129760742e-01
9.987077116966247559e-01
9.979255199432373047e-01
9.732193350791931152e-01
9.514109492301940918e-01
9.877085089683532715e-01
9.954014420509338379e-01
9.992334842681884766e-01
9.995400905609130859e-01
9.998216032981872559e-01
9.996418952941894531e-01
9.163269251585006714e-01
9.960208535194396973e-01
9.993085861206054688e-01
9.997400641441345215e-01
9.997006058692932129e-01
9.995633959770202637e-01
9.996475577354431152e-01
9.997122883796691895e-01
9.986546635627746582e-01
9.993886947631835938e-01
9.993196129798889160e-01
9.996719360351562500e-01
9.996458292007446289e-01
9.996622204780578613e-01
9.997004866600036621e-01
9.991508722305297852e-01
9.984062910079956055e-01
9.993916153907775879e-01
9.998015165328979492e-01
9.992131590843200684e-01
9.997134208679199219e-01
9.997118711471557617e-01
9.994441866874694824e-01
7.904372811317443848e-01
9.986430406570434570e-01
7.291995882987976074e-01
8.126444816589355469e-01
9.311475753784179688e-01
9.870243072509765625e-01
9.990025162696838379e-01
9.993656873703002930e-01
9.994042515754699707e-01
9.998496770858764648e-01
9.315656423568725586e-01
9.843981862068176270e-01
9.990323781967163086e-01
8.083717226982116699e-01
9.758846163749694824e-01
9.993987083435058594e-01
8.347217440605163574e-01
9.715847373008728027e-01
9.848105907440185547e-01
9.885443449020385742e-01
9.992825984954833984e-01
9.995241761207580566e-01
9.459655880928039551e-01
9.836632609367370605e-01
8.613414764404296875e-01
9.666533470153808594e-01
8.023336529731750488e-01
9.591891765594482422e-01
5.127531290054321289e-01
9.964943528175354004e-01
9.807876944541931152e-01
9.809431117027997971e-01
9.951934218406677246e-01
9.692848920822143555e-01
9.699814319610595703e-01
9.895136356353759766e-01
9.834656119346618652e-01
9.469898939132690430e-01
8.754157423973083496e-01
9.636049866676330566e-01
8.817260861396789551e-01
8.613535165786743164e-01
7.694475650787353516e-01
3.881116509437561035e-01
6.626000404357910156e-01
8.358766436576843262e-01
7.059704661369323730e-01
9.084225893020629883e-01
9.219171404838562012e-01
7.339993715286254883e-01
7.687765955924987793e-01
6.952574551105499268e-01
8.266212344169616699e-01
3.564105629920959473e-01
7.769756913185119629e-01
7.889482975006103516e-01
8.560811877250671387e-01
7.432348728179931641e-01
6.455953121185302734e-01
5.475015044212341309e-01
4.543661475181579590e-01
6.008327007293701172e-01
5.154532194137573242e-01
3.808034658432006836e-01
5.661180317401885986e-01
3.909717202186584473e-01
4.249349832534790039e-01
6.126112341880798340e-01
4.593527913093566895e-01
6.111301183700561523e-01
7.624679207801818848e-01
6.733409464359283447e-01
6.638069152832031250e-01
5.777659714221954346e-01
6.790846586227416992e-01
6.473283469676971436e-01
7.210505902767181396e-01
7.809256911277770996e-01
5.637415349483489990e-01
5.152474045753479004e-01
2.313598394393920898e-01
3.517341613769531250e-01
3.679112792015075684e-01
3.547629117965698242e-01
4.501780867576599121e-01
5.175837874412536621e-01
5.659672617912292480e-01
4.713893830776214600e-01
5.390046238899230957e-01
4.536693096160888672e-01
5.033715665340423584e-01
4.134621024131774902e-01
5.186333060264587402e-01
5.341471135616302490e-01
5.400947928428649902e-01
5.519395768642425537e-01
5.680496692657470703e-01
5.755704641342163086e-01
6.339537203311920166e-01
5.988616347312927246e-01
6.169875264167785645e-01
3.800500035285949707e-01
3.985390067100524902e-01
5.677337646484375000e-01
4.671495854854583740e-01
3.873890936374664307e-01
4.965928196907043457e-01
4.334054589271545410e-01
3.759270310401916504e-01
4.688910245895385742e-01
3.708059787750244141e-01
